<?xml version="1.0" encoding="UTF-8"?>
<robot generator="Robot 6.1.1 (Python 3.8.18 on linux)" generated="20231003 00:10:10.211" rpa="false" schemaversion="4">
<suite id="s1" name="Tests" source="/home/runner/work/gen-ai-robot-test/gen-ai-robot-test/tests">
<suite id="s1-s1" name="Api" source="/home/runner/work/gen-ai-robot-test/gen-ai-robot-test/tests/api">
<suite id="s1-s1-s1" name="Test Api Users" source="/home/runner/work/gen-ai-robot-test/gen-ai-robot-test/tests/api/test_api_users.robot">
<test id="s1-s1-s1-t1" name="Scenario: Get all registered users" line="9">
<kw name="Before Tests" library="test_keywords_common" type="SETUP">
<kw name="Create Session" library="RequestsLibrary">
<arg>serverest</arg>
<arg>${SERVER_BASE_URL}</arg>
<arg>disable_warnings=True</arg>
<doc>Create Session: create a HTTP session to a server</doc>
<msg timestamp="20231003 00:10:10.972" level="INFO">Creating Session using : alias=serverest, url=https://serverest.dev, headers={},                     cookies={}, auth=None, timeout=None, proxies=None, verify=False,                     debug=0 </msg>
<status status="PASS" starttime="20231003 00:10:10.971" endtime="20231003 00:10:10.972"/>
</kw>
<status status="PASS" starttime="20231003 00:10:10.971" endtime="20231003 00:10:10.972"/>
</kw>
<kw name="When I request the list of all registered users" library="test_keywords_users">
<kw name="GET On Session" library="RequestsLibrary">
<var>${response}</var>
<arg>serverest</arg>
<arg>${USERS_API_ENDPOINT}</arg>
<doc>Sends a GET request on a previously created HTTP Session.</doc>
<msg timestamp="20231003 00:10:11.939" level="FAIL">ConnectionError: HTTPSConnectionPool(host='serverest.dev', port=443): Max retries exceeded with url: /usuarios (Caused by NameResolutionError("&lt;urllib3.connection.HTTPSConnection object at 0x7f6b24d56130&gt;: Failed to resolve 'serverest.dev' ([Errno -5] No address associated with hostname)"))</msg>
<status status="FAIL" starttime="20231003 00:10:10.972" endtime="20231003 00:10:11.947"/>
</kw>
<kw name="Set Test Variable" library="BuiltIn">
<arg>${response}</arg>
<doc>Makes a variable available everywhere within the scope of the current test.</doc>
<status status="NOT RUN" starttime="20231003 00:10:11.947" endtime="20231003 00:10:11.947"/>
</kw>
<status status="FAIL" starttime="20231003 00:10:10.972" endtime="20231003 00:10:11.947"/>
</kw>
<kw name="Then the response status code should be 200" library="test_keywords_users" sourcename="Then the response status code should be ${status_code}">
<status status="NOT RUN" starttime="20231003 00:10:11.948" endtime="20231003 00:10:11.948"/>
</kw>
<kw name="And the response body should not be empty" library="test_keywords_users">
<status status="NOT RUN" starttime="20231003 00:10:11.948" endtime="20231003 00:10:11.948"/>
</kw>
<tag>api</tag>
<status status="FAIL" starttime="20231003 00:10:10.970" endtime="20231003 00:10:11.948">ConnectionError: HTTPSConnectionPool(host='serverest.dev', port=443): Max retries exceeded with url: /usuarios (Caused by NameResolutionError("&lt;urllib3.connection.HTTPSConnection object at 0x7f6b24d56130&gt;: Failed to resolve 'serverest.dev' ([Errno -5] No address associated with hostname)"))</status>
</test>
<test id="s1-s1-s1-t2" name="Scenario: Create a new user" line="15">
<kw name="Before Tests" library="test_keywords_common" type="SETUP">
<kw name="Create Session" library="RequestsLibrary">
<arg>serverest</arg>
<arg>${SERVER_BASE_URL}</arg>
<arg>disable_warnings=True</arg>
<doc>Create Session: create a HTTP session to a server</doc>
<msg timestamp="20231003 00:10:11.950" level="INFO">Creating Session using : alias=serverest, url=https://serverest.dev, headers={},                     cookies={}, auth=None, timeout=None, proxies=None, verify=False,                     debug=0 </msg>
<status status="PASS" starttime="20231003 00:10:11.950" endtime="20231003 00:10:11.950"/>
</kw>
<status status="PASS" starttime="20231003 00:10:11.949" endtime="20231003 00:10:11.950"/>
</kw>
<kw name="Given I have a valid user data" library="test_keywords_users">
<kw name="Name" library="FakerLibrary">
<var>${name}</var>
<doc>:example: 'John Doe'</doc>
<msg timestamp="20231003 00:10:11.951" level="INFO">${name} = Kelly Horton</msg>
<status status="PASS" starttime="20231003 00:10:11.951" endtime="20231003 00:10:11.951"/>
</kw>
<kw name="Email" library="FakerLibrary">
<var>${email}</var>
<msg timestamp="20231003 00:10:11.952" level="INFO">${email} = nicole98@example.org</msg>
<status status="PASS" starttime="20231003 00:10:11.951" endtime="20231003 00:10:11.952"/>
</kw>
<kw name="Password" library="FakerLibrary">
<var>${password}</var>
<arg>length=12</arg>
<arg>special_chars=False</arg>
<doc>Generate a random password of the specified ``length``.</doc>
<msg timestamp="20231003 00:10:11.952" level="INFO">${password} = vrgOF4pt9M6z</msg>
<status status="PASS" starttime="20231003 00:10:11.952" endtime="20231003 00:10:11.952"/>
</kw>
<kw name="Set Suite Variable" library="BuiltIn">
<arg>${name}</arg>
<doc>Makes a variable available everywhere within the scope of the current suite.</doc>
<msg timestamp="20231003 00:10:11.953" level="INFO">${name} = Kelly Horton</msg>
<status status="PASS" starttime="20231003 00:10:11.952" endtime="20231003 00:10:11.953"/>
</kw>
<kw name="Set Suite Variable" library="BuiltIn">
<arg>${email}</arg>
<doc>Makes a variable available everywhere within the scope of the current suite.</doc>
<msg timestamp="20231003 00:10:11.953" level="INFO">${email} = nicole98@example.org</msg>
<status status="PASS" starttime="20231003 00:10:11.953" endtime="20231003 00:10:11.953"/>
</kw>
<kw name="Set Suite Variable" library="BuiltIn">
<arg>${password}</arg>
<doc>Makes a variable available everywhere within the scope of the current suite.</doc>
<msg timestamp="20231003 00:10:11.953" level="INFO">${password} = vrgOF4pt9M6z</msg>
<status status="PASS" starttime="20231003 00:10:11.953" endtime="20231003 00:10:11.954"/>
</kw>
<status status="PASS" starttime="20231003 00:10:11.950" endtime="20231003 00:10:11.954"/>
</kw>
<kw name="When I create the user" library="test_keywords_users">
<kw name="Create Dictionary" library="BuiltIn">
<var>${payload}</var>
<arg>nome=${name}</arg>
<arg>email=${email}</arg>
<arg>password=${password}</arg>
<arg>administrador=false</arg>
<doc>Creates and returns a dictionary based on the given ``items``.</doc>
<msg timestamp="20231003 00:10:11.954" level="INFO">${payload} = {'nome': 'Kelly Horton', 'email': 'nicole98@example.org', 'password': 'vrgOF4pt9M6z', 'administrador': 'false'}</msg>
<status status="PASS" starttime="20231003 00:10:11.954" endtime="20231003 00:10:11.954"/>
</kw>
<kw name="Create Dictionary" library="BuiltIn">
<var>${headers}</var>
<arg>Content-Type=application/json</arg>
<doc>Creates and returns a dictionary based on the given ``items``.</doc>
<msg timestamp="20231003 00:10:11.955" level="INFO">${headers} = {'Content-Type': 'application/json'}</msg>
<status status="PASS" starttime="20231003 00:10:11.955" endtime="20231003 00:10:11.955"/>
</kw>
<kw name="POST On Session" library="RequestsLibrary">
<var>${response}</var>
<arg>serverest</arg>
<arg>${USERS_API_ENDPOINT}</arg>
<arg>json=${payload}</arg>
<arg>headers=${headers}</arg>
<doc>Sends a POST request on a previously created HTTP Session.</doc>
<msg timestamp="20231003 00:10:12.783" level="FAIL">ConnectionError: HTTPSConnectionPool(host='serverest.dev', port=443): Max retries exceeded with url: /usuarios (Caused by NameResolutionError("&lt;urllib3.connection.HTTPSConnection object at 0x7f6b24c7e400&gt;: Failed to resolve 'serverest.dev' ([Errno -5] No address associated with hostname)"))</msg>
<status status="FAIL" starttime="20231003 00:10:11.955" endtime="20231003 00:10:12.784"/>
</kw>
<kw name="Set Variable" library="BuiltIn">
<var>${user_id}</var>
<arg>${response.json()['_id']}</arg>
<doc>Returns the given values which can then be assigned to a variables.</doc>
<status status="NOT RUN" starttime="20231003 00:10:12.784" endtime="20231003 00:10:12.784"/>
</kw>
<kw name="Set Global Variable" library="BuiltIn">
<arg>${USER_ID}</arg>
<arg>${user_id}</arg>
<doc>Makes a variable available globally in all tests and suites.</doc>
<status status="NOT RUN" starttime="20231003 00:10:12.784" endtime="20231003 00:10:12.784"/>
</kw>
<kw name="Set Test Variable" library="BuiltIn">
<arg>${response}</arg>
<doc>Makes a variable available everywhere within the scope of the current test.</doc>
<status status="NOT RUN" starttime="20231003 00:10:12.784" endtime="20231003 00:10:12.784"/>
</kw>
<status status="FAIL" starttime="20231003 00:10:11.954" endtime="20231003 00:10:12.784"/>
</kw>
<kw name="Then the response status code should be 201" library="test_keywords_users" sourcename="Then the response status code should be ${status_code}">
<status status="NOT RUN" starttime="20231003 00:10:12.785" endtime="20231003 00:10:12.785"/>
</kw>
<kw name="And the response body should not be empty" library="test_keywords_users">
<status status="NOT RUN" starttime="20231003 00:10:12.785" endtime="20231003 00:10:12.785"/>
</kw>
<tag>api</tag>
<status status="FAIL" starttime="20231003 00:10:11.949" endtime="20231003 00:10:12.785">ConnectionError: HTTPSConnectionPool(host='serverest.dev', port=443): Max retries exceeded with url: /usuarios (Caused by NameResolutionError("&lt;urllib3.connection.HTTPSConnection object at 0x7f6b24c7e400&gt;: Failed to resolve 'serverest.dev' ([Errno -5] No address associated with hostname)"))</status>
</test>
<test id="s1-s1-s1-t3" name="Scenario: Get a specific user informations" line="22">
<kw name="Before Tests" library="test_keywords_common" type="SETUP">
<kw name="Create Session" library="RequestsLibrary">
<arg>serverest</arg>
<arg>${SERVER_BASE_URL}</arg>
<arg>disable_warnings=True</arg>
<doc>Create Session: create a HTTP session to a server</doc>
<msg timestamp="20231003 00:10:12.787" level="INFO">Creating Session using : alias=serverest, url=https://serverest.dev, headers={},                     cookies={}, auth=None, timeout=None, proxies=None, verify=False,                     debug=0 </msg>
<status status="PASS" starttime="20231003 00:10:12.787" endtime="20231003 00:10:12.787"/>
</kw>
<status status="PASS" starttime="20231003 00:10:12.786" endtime="20231003 00:10:12.787"/>
</kw>
<kw name="When I request the created user" library="test_keywords_users">
<kw name="GET On Session" library="RequestsLibrary">
<var>${response}</var>
<arg>serverest</arg>
<arg>${USERS_API_ENDPOINT}/${USER_ID}</arg>
<doc>Sends a GET request on a previously created HTTP Session.</doc>
<msg timestamp="20231003 00:10:13.521" level="FAIL">ConnectionError: HTTPSConnectionPool(host='serverest.dev', port=443): Max retries exceeded with url: /usuarios/ (Caused by NameResolutionError("&lt;urllib3.connection.HTTPSConnection object at 0x7f6b24c7e610&gt;: Failed to resolve 'serverest.dev' ([Errno -5] No address associated with hostname)"))</msg>
<status status="FAIL" starttime="20231003 00:10:12.787" endtime="20231003 00:10:13.521"/>
</kw>
<kw name="Set Test Variable" library="BuiltIn">
<arg>${response}</arg>
<doc>Makes a variable available everywhere within the scope of the current test.</doc>
<status status="NOT RUN" starttime="20231003 00:10:13.521" endtime="20231003 00:10:13.521"/>
</kw>
<status status="FAIL" starttime="20231003 00:10:12.787" endtime="20231003 00:10:13.522"/>
</kw>
<kw name="Then the response status code should be 200" library="test_keywords_users" sourcename="Then the response status code should be ${status_code}">
<status status="NOT RUN" starttime="20231003 00:10:13.522" endtime="20231003 00:10:13.522"/>
</kw>
<kw name="And the response body should not be empty" library="test_keywords_users">
<status status="NOT RUN" starttime="20231003 00:10:13.522" endtime="20231003 00:10:13.522"/>
</kw>
<tag>api</tag>
<status status="FAIL" starttime="20231003 00:10:12.786" endtime="20231003 00:10:13.522">ConnectionError: HTTPSConnectionPool(host='serverest.dev', port=443): Max retries exceeded with url: /usuarios/ (Caused by NameResolutionError("&lt;urllib3.connection.HTTPSConnection object at 0x7f6b24c7e610&gt;: Failed to resolve 'serverest.dev' ([Errno -5] No address associated with hostname)"))</status>
</test>
<test id="s1-s1-s1-t4" name="Scenario: Update the created user" line="28">
<kw name="Before Tests" library="test_keywords_common" type="SETUP">
<kw name="Create Session" library="RequestsLibrary">
<arg>serverest</arg>
<arg>${SERVER_BASE_URL}</arg>
<arg>disable_warnings=True</arg>
<doc>Create Session: create a HTTP session to a server</doc>
<msg timestamp="20231003 00:10:13.524" level="INFO">Creating Session using : alias=serverest, url=https://serverest.dev, headers={},                     cookies={}, auth=None, timeout=None, proxies=None, verify=False,                     debug=0 </msg>
<status status="PASS" starttime="20231003 00:10:13.524" endtime="20231003 00:10:13.524"/>
</kw>
<status status="PASS" starttime="20231003 00:10:13.523" endtime="20231003 00:10:13.524"/>
</kw>
<kw name="When I update the created user" library="test_keywords_users">
<kw name="Create Dictionary" library="BuiltIn">
<var>${payload}</var>
<arg>nome=John Smith</arg>
<arg>email=john.smith@example.com</arg>
<arg>password=P@ssw0rd123</arg>
<arg>administrador=false</arg>
<doc>Creates and returns a dictionary based on the given ``items``.</doc>
<msg timestamp="20231003 00:10:13.525" level="INFO">${payload} = {'nome': 'John Smith', 'email': 'john.smith@example.com', 'password': 'P@ssw0rd123', 'administrador': 'false'}</msg>
<status status="PASS" starttime="20231003 00:10:13.525" endtime="20231003 00:10:13.525"/>
</kw>
<kw name="Create Dictionary" library="BuiltIn">
<var>${headers}</var>
<arg>Content-Type=application/json</arg>
<doc>Creates and returns a dictionary based on the given ``items``.</doc>
<msg timestamp="20231003 00:10:13.525" level="INFO">${headers} = {'Content-Type': 'application/json'}</msg>
<status status="PASS" starttime="20231003 00:10:13.525" endtime="20231003 00:10:13.525"/>
</kw>
<kw name="PUT On Session" library="RequestsLibrary">
<var>${response}</var>
<arg>serverest</arg>
<arg>${USERS_API_ENDPOINT}/${USER_ID}</arg>
<arg>json=${payload}</arg>
<arg>headers=${headers}</arg>
<doc>Sends a PUT request on a previously created HTTP Session.</doc>
<msg timestamp="20231003 00:10:14.239" level="FAIL">ConnectionError: HTTPSConnectionPool(host='serverest.dev', port=443): Max retries exceeded with url: /usuarios/ (Caused by NameResolutionError("&lt;urllib3.connection.HTTPSConnection object at 0x7f6b24c21040&gt;: Failed to resolve 'serverest.dev' ([Errno -5] No address associated with hostname)"))</msg>
<status status="FAIL" starttime="20231003 00:10:13.526" endtime="20231003 00:10:14.239"/>
</kw>
<kw name="Set Test Variable" library="BuiltIn">
<arg>${response}</arg>
<doc>Makes a variable available everywhere within the scope of the current test.</doc>
<status status="NOT RUN" starttime="20231003 00:10:14.240" endtime="20231003 00:10:14.240"/>
</kw>
<status status="FAIL" starttime="20231003 00:10:13.524" endtime="20231003 00:10:14.240"/>
</kw>
<kw name="Then the response status code should be 200" library="test_keywords_users" sourcename="Then the response status code should be ${status_code}">
<status status="NOT RUN" starttime="20231003 00:10:14.240" endtime="20231003 00:10:14.240"/>
</kw>
<kw name="And the response body should not be empty" library="test_keywords_users">
<status status="NOT RUN" starttime="20231003 00:10:14.240" endtime="20231003 00:10:14.240"/>
</kw>
<tag>api</tag>
<status status="FAIL" starttime="20231003 00:10:13.523" endtime="20231003 00:10:14.240">ConnectionError: HTTPSConnectionPool(host='serverest.dev', port=443): Max retries exceeded with url: /usuarios/ (Caused by NameResolutionError("&lt;urllib3.connection.HTTPSConnection object at 0x7f6b24c21040&gt;: Failed to resolve 'serverest.dev' ([Errno -5] No address associated with hostname)"))</status>
</test>
<test id="s1-s1-s1-t5" name="Scenario: Delete the created user" line="34">
<kw name="Before Tests" library="test_keywords_common" type="SETUP">
<kw name="Create Session" library="RequestsLibrary">
<arg>serverest</arg>
<arg>${SERVER_BASE_URL}</arg>
<arg>disable_warnings=True</arg>
<doc>Create Session: create a HTTP session to a server</doc>
<msg timestamp="20231003 00:10:14.242" level="INFO">Creating Session using : alias=serverest, url=https://serverest.dev, headers={},                     cookies={}, auth=None, timeout=None, proxies=None, verify=False,                     debug=0 </msg>
<status status="PASS" starttime="20231003 00:10:14.242" endtime="20231003 00:10:14.242"/>
</kw>
<status status="PASS" starttime="20231003 00:10:14.241" endtime="20231003 00:10:14.242"/>
</kw>
<kw name="When I delete the created user" library="test_keywords_users">
<kw name="DELETE On Session" library="RequestsLibrary">
<var>${response}</var>
<arg>serverest</arg>
<arg>${USERS_API_ENDPOINT}/${USER_ID}</arg>
<doc>Sends a DELETE request on a previously created HTTP Session.</doc>
<msg timestamp="20231003 00:10:14.957" level="FAIL">ConnectionError: HTTPSConnectionPool(host='serverest.dev', port=443): Max retries exceeded with url: /usuarios/ (Caused by NameResolutionError("&lt;urllib3.connection.HTTPSConnection object at 0x7f6b24c21040&gt;: Failed to resolve 'serverest.dev' ([Errno -5] No address associated with hostname)"))</msg>
<status status="FAIL" starttime="20231003 00:10:14.243" endtime="20231003 00:10:14.957"/>
</kw>
<kw name="Set Test Variable" library="BuiltIn">
<arg>${response}</arg>
<doc>Makes a variable available everywhere within the scope of the current test.</doc>
<status status="NOT RUN" starttime="20231003 00:10:14.957" endtime="20231003 00:10:14.957"/>
</kw>
<status status="FAIL" starttime="20231003 00:10:14.242" endtime="20231003 00:10:14.957"/>
</kw>
<kw name="Then the response status code should be 200" library="test_keywords_users" sourcename="Then the response status code should be ${status_code}">
<status status="NOT RUN" starttime="20231003 00:10:14.958" endtime="20231003 00:10:14.958"/>
</kw>
<kw name="And the response body should not be empty" library="test_keywords_users">
<status status="NOT RUN" starttime="20231003 00:10:14.958" endtime="20231003 00:10:14.958"/>
</kw>
<tag>api</tag>
<status status="FAIL" starttime="20231003 00:10:14.241" endtime="20231003 00:10:14.958">ConnectionError: HTTPSConnectionPool(host='serverest.dev', port=443): Max retries exceeded with url: /usuarios/ (Caused by NameResolutionError("&lt;urllib3.connection.HTTPSConnection object at 0x7f6b24c21040&gt;: Failed to resolve 'serverest.dev' ([Errno -5] No address associated with hostname)"))</status>
</test>
<status status="FAIL" starttime="20231003 00:10:10.233" endtime="20231003 00:10:14.959"/>
</suite>
<status status="FAIL" starttime="20231003 00:10:10.231" endtime="20231003 00:10:14.961"/>
</suite>
<suite id="s1-s2" name="E2E" source="/home/runner/work/gen-ai-robot-test/gen-ai-robot-test/tests/e2e">
<suite id="s1-s2-s1" name="Test Ui Signup" source="/home/runner/work/gen-ai-robot-test/gen-ai-robot-test/tests/e2e/test_ui_signup.robot">
<test id="s1-s2-s1-t1" name="Scenario: Signup with empty fields" line="10">
<kw name="Before Tests" library="test_keywords_common" type="SETUP">
<kw name="Open Browser" library="SeleniumLibrary">
<arg>${SERVER_BASE_URL}</arg>
<arg>${HEADLESS} ${BROWSER}</arg>
<doc>Opens a new browser instance to the optional ``url``.</doc>
<msg timestamp="20231003 00:10:14.973" level="INFO">Opening browser 'headless Chrome' to base url 'https://front.serverest.dev/'.</msg>
<msg timestamp="20231003 00:10:23.098" level="INFO" html="true">&lt;/td&gt;&lt;/tr&gt;&lt;tr&gt;&lt;td colspan="3"&gt;&lt;a href="selenium-screenshot-1.png"&gt;&lt;img src="selenium-screenshot-1.png" width="800px"&gt;&lt;/a&gt;</msg>
<msg timestamp="20231003 00:10:23.099" level="FAIL">WebDriverException: Message: unknown error: net::ERR_NAME_NOT_RESOLVED
  (Session info: headless chrome=117.0.5938.92)
Stacktrace:
#0 0x55aa5e70a6b3 &lt;unknown&gt;
#1 0x55aa5e3e01e7 &lt;unknown&gt;
#2 0x55aa5e3d82f3 &lt;unknown&gt;
#3 0x55aa5e3c8d17 &lt;unknown&gt;
#4 0x55aa5e3ca191 &lt;unknown&gt;
#5 0x55aa5e3c9053 &lt;unknown&gt;
#6 0x55aa5e3c806c &lt;unknown&gt;
#7 0x55aa5e3c7fde &lt;unknown&gt;
#8 0x55aa5e3c6be4 &lt;unknown&gt;
#9 0x55aa5e3c706a &lt;unknown&gt;
#10 0x55aa5e3e28ce &lt;unknown&gt;
#11 0x55aa5e462ad5 &lt;unknown&gt;
#12 0x55aa5e4490c2 &lt;unknown&gt;
#13 0x55aa5e462322 &lt;unknown&gt;
#14 0x55aa5e448e93 &lt;unknown&gt;
#15 0x55aa5e41b934 &lt;unknown&gt;
#16 0x55aa5e41c71e &lt;unknown&gt;
#17 0x55aa5e6cfcb8 &lt;unknown&gt;
#18 0x55aa5e6d3bf0 &lt;unknown&gt;
#19 0x55aa5e6de19c &lt;unknown&gt;
#20 0x55aa5e6d4808 &lt;unknown&gt;
#21 0x55aa5e6a127f &lt;unknown&gt;
#22 0x55aa5e6f8e88 &lt;unknown&gt;
#23 0x55aa5e6f9059 &lt;unknown&gt;
#24 0x55aa5e709843 &lt;unknown&gt;
#25 0x7f289a494b43 &lt;unknown&gt;
</msg>
<status status="FAIL" starttime="20231003 00:10:14.972" endtime="20231003 00:10:23.100"/>
</kw>
<kw name="Maximize Browser Window" library="SeleniumLibrary">
<doc>Maximizes current browser window.</doc>
<status status="NOT RUN" starttime="20231003 00:10:23.100" endtime="20231003 00:10:23.100"/>
</kw>
<status status="FAIL" starttime="20231003 00:10:14.972" endtime="20231003 00:10:23.100"/>
</kw>
<kw name="After Tests" library="test_keywords_common" type="TEARDOWN">
<kw name="Close Browser" library="SeleniumLibrary">
<doc>Closes the current browser.</doc>
<status status="PASS" starttime="20231003 00:10:23.101" endtime="20231003 00:10:23.157"/>
</kw>
<status status="PASS" starttime="20231003 00:10:23.101" endtime="20231003 00:10:23.157"/>
</kw>
<tag>e2e</tag>
<status status="FAIL" starttime="20231003 00:10:14.971" endtime="20231003 00:10:23.157">Setup failed:
WebDriverException: Message: unknown error: net::ERR_NAME_NOT_RESOLVED
  (Session info: headless chrome=117.0.5938.92)
Stacktrace:
#0 0x55aa5e70a6b3 &lt;unknown&gt;
#1 0x55aa5e3e01e7 &lt;unknown&gt;
#2 0x55aa5e3d82f3 &lt;unknown&gt;
#3 0x55aa5e3c8d17 &lt;unknown&gt;
#4 0x55aa5e3ca191 &lt;unknown&gt;
#5 0x55aa5e3c9053 &lt;unknown&gt;
#6 0x55aa5e3c806c &lt;unknown&gt;
#7 0x55aa5e3c7fde &lt;unknown&gt;
#8 0x55aa5e3c6be4 &lt;unknown&gt;
#9 0x55aa5e3c706a &lt;unknown&gt;
#10 0x55aa5e3e28ce &lt;unknown&gt;
#11 0x55aa5e462ad5 &lt;unknown&gt;
#12 0x55aa5e4490c2 &lt;unknown&gt;
#13 0x55aa5e462322 &lt;unknown&gt;
#14 0x55aa5e448e93 &lt;unknown&gt;
#15 0x55aa5e41b934 &lt;unknown&gt;
#16 0x55aa5e41c71e &lt;unknown&gt;
#17 0x55aa5e6cfcb8 &lt;unknown&gt;
#18 0x55aa5e6d3bf0 &lt;unknown&gt;
#19 0x55aa5e6de19c &lt;unknown&gt;
#20 0x55aa5e6d4808 &lt;unknown&gt;
#21 0x55aa5e6a127f &lt;unknown&gt;
#22 0x55aa5e6f8e88 &lt;unknown&gt;
#23 0x55aa5e6f9059 &lt;unknown&gt;
#24 0x55aa5e709843 &lt;unknown&gt;
#25 0x7f289a494b43 &lt;unknown&gt;
</status>
</test>
<test id="s1-s2-s1-t2" name="Scenario: Signup done successfully" line="16">
<kw name="Before Tests" library="test_keywords_common" type="SETUP">
<kw name="Open Browser" library="SeleniumLibrary">
<arg>${SERVER_BASE_URL}</arg>
<arg>${HEADLESS} ${BROWSER}</arg>
<doc>Opens a new browser instance to the optional ``url``.</doc>
<msg timestamp="20231003 00:10:23.161" level="INFO">Opening browser 'headless Chrome' to base url 'https://front.serverest.dev/'.</msg>
<msg timestamp="20231003 00:10:24.018" level="INFO" html="true">&lt;/td&gt;&lt;/tr&gt;&lt;tr&gt;&lt;td colspan="3"&gt;&lt;a href="selenium-screenshot-2.png"&gt;&lt;img src="selenium-screenshot-2.png" width="800px"&gt;&lt;/a&gt;</msg>
<msg timestamp="20231003 00:10:24.018" level="FAIL">WebDriverException: Message: unknown error: net::ERR_NAME_NOT_RESOLVED
  (Session info: headless chrome=117.0.5938.92)
Stacktrace:
#0 0x5564f92666b3 &lt;unknown&gt;
#1 0x5564f8f3c1e7 &lt;unknown&gt;
#2 0x5564f8f342f3 &lt;unknown&gt;
#3 0x5564f8f24d17 &lt;unknown&gt;
#4 0x5564f8f26191 &lt;unknown&gt;
#5 0x5564f8f25053 &lt;unknown&gt;
#6 0x5564f8f2406c &lt;unknown&gt;
#7 0x5564f8f23fde &lt;unknown&gt;
#8 0x5564f8f22be4 &lt;unknown&gt;
#9 0x5564f8f2306a &lt;unknown&gt;
#10 0x5564f8f3e8ce &lt;unknown&gt;
#11 0x5564f8fbead5 &lt;unknown&gt;
#12 0x5564f8fa50c2 &lt;unknown&gt;
#13 0x5564f8fbe322 &lt;unknown&gt;
#14 0x5564f8fa4e93 &lt;unknown&gt;
#15 0x5564f8f77934 &lt;unknown&gt;
#16 0x5564f8f7871e &lt;unknown&gt;
#17 0x5564f922bcb8 &lt;unknown&gt;
#18 0x5564f922fbf0 &lt;unknown&gt;
#19 0x5564f923a19c &lt;unknown&gt;
#20 0x5564f9230808 &lt;unknown&gt;
#21 0x5564f91fd27f &lt;unknown&gt;
#22 0x5564f9254e88 &lt;unknown&gt;
#23 0x5564f9255059 &lt;unknown&gt;
#24 0x5564f9265843 &lt;unknown&gt;
#25 0x7ff4a3c94b43 &lt;unknown&gt;
</msg>
<status status="FAIL" starttime="20231003 00:10:23.160" endtime="20231003 00:10:24.018"/>
</kw>
<kw name="Maximize Browser Window" library="SeleniumLibrary">
<doc>Maximizes current browser window.</doc>
<status status="NOT RUN" starttime="20231003 00:10:24.019" endtime="20231003 00:10:24.019"/>
</kw>
<status status="FAIL" starttime="20231003 00:10:23.159" endtime="20231003 00:10:24.019"/>
</kw>
<kw name="After Tests" library="test_keywords_common" type="TEARDOWN">
<kw name="Close Browser" library="SeleniumLibrary">
<doc>Closes the current browser.</doc>
<status status="PASS" starttime="20231003 00:10:24.020" endtime="20231003 00:10:24.074"/>
</kw>
<status status="PASS" starttime="20231003 00:10:24.019" endtime="20231003 00:10:24.074"/>
</kw>
<tag>e2e</tag>
<status status="FAIL" starttime="20231003 00:10:23.159" endtime="20231003 00:10:24.074">Setup failed:
WebDriverException: Message: unknown error: net::ERR_NAME_NOT_RESOLVED
  (Session info: headless chrome=117.0.5938.92)
Stacktrace:
#0 0x5564f92666b3 &lt;unknown&gt;
#1 0x5564f8f3c1e7 &lt;unknown&gt;
#2 0x5564f8f342f3 &lt;unknown&gt;
#3 0x5564f8f24d17 &lt;unknown&gt;
#4 0x5564f8f26191 &lt;unknown&gt;
#5 0x5564f8f25053 &lt;unknown&gt;
#6 0x5564f8f2406c &lt;unknown&gt;
#7 0x5564f8f23fde &lt;unknown&gt;
#8 0x5564f8f22be4 &lt;unknown&gt;
#9 0x5564f8f2306a &lt;unknown&gt;
#10 0x5564f8f3e8ce &lt;unknown&gt;
#11 0x5564f8fbead5 &lt;unknown&gt;
#12 0x5564f8fa50c2 &lt;unknown&gt;
#13 0x5564f8fbe322 &lt;unknown&gt;
#14 0x5564f8fa4e93 &lt;unknown&gt;
#15 0x5564f8f77934 &lt;unknown&gt;
#16 0x5564f8f7871e &lt;unknown&gt;
#17 0x5564f922bcb8 &lt;unknown&gt;
#18 0x5564f922fbf0 &lt;unknown&gt;
#19 0x5564f923a19c &lt;unknown&gt;
#20 0x5564f9230808 &lt;unknown&gt;
#21 0x5564f91fd27f &lt;unknown&gt;
#22 0x5564f9254e88 &lt;unknown&gt;
#23 0x5564f9255059 &lt;unknown&gt;
#24 0x5564f9265843 &lt;unknown&gt;
#25 0x7ff4a3c94b43 &lt;unknown&gt;
</status>
</test>
<test id="s1-s2-s1-t3" name="Scenario: Signup with already used email" line="23">
<kw name="Before Tests" library="test_keywords_common" type="SETUP">
<kw name="Open Browser" library="SeleniumLibrary">
<arg>${SERVER_BASE_URL}</arg>
<arg>${HEADLESS} ${BROWSER}</arg>
<doc>Opens a new browser instance to the optional ``url``.</doc>
<msg timestamp="20231003 00:10:24.077" level="INFO">Opening browser 'headless Chrome' to base url 'https://front.serverest.dev/'.</msg>
<msg timestamp="20231003 00:10:24.834" level="INFO" html="true">&lt;/td&gt;&lt;/tr&gt;&lt;tr&gt;&lt;td colspan="3"&gt;&lt;a href="selenium-screenshot-3.png"&gt;&lt;img src="selenium-screenshot-3.png" width="800px"&gt;&lt;/a&gt;</msg>
<msg timestamp="20231003 00:10:24.835" level="FAIL">WebDriverException: Message: unknown error: net::ERR_NAME_NOT_RESOLVED
  (Session info: headless chrome=117.0.5938.92)
Stacktrace:
#0 0x5645aa4f86b3 &lt;unknown&gt;
#1 0x5645aa1ce1e7 &lt;unknown&gt;
#2 0x5645aa1c62f3 &lt;unknown&gt;
#3 0x5645aa1b6d17 &lt;unknown&gt;
#4 0x5645aa1b8191 &lt;unknown&gt;
#5 0x5645aa1b7053 &lt;unknown&gt;
#6 0x5645aa1b606c &lt;unknown&gt;
#7 0x5645aa1b5fde &lt;unknown&gt;
#8 0x5645aa1b4be4 &lt;unknown&gt;
#9 0x5645aa1b506a &lt;unknown&gt;
#10 0x5645aa1d08ce &lt;unknown&gt;
#11 0x5645aa250ad5 &lt;unknown&gt;
#12 0x5645aa2370c2 &lt;unknown&gt;
#13 0x5645aa250322 &lt;unknown&gt;
#14 0x5645aa236e93 &lt;unknown&gt;
#15 0x5645aa209934 &lt;unknown&gt;
#16 0x5645aa20a71e &lt;unknown&gt;
#17 0x5645aa4bdcb8 &lt;unknown&gt;
#18 0x5645aa4c1bf0 &lt;unknown&gt;
#19 0x5645aa4cc19c &lt;unknown&gt;
#20 0x5645aa4c2808 &lt;unknown&gt;
#21 0x5645aa48f27f &lt;unknown&gt;
#22 0x5645aa4e6e88 &lt;unknown&gt;
#23 0x5645aa4e7059 &lt;unknown&gt;
#24 0x5645aa4f7843 &lt;unknown&gt;
#25 0x7f5a72494b43 &lt;unknown&gt;
</msg>
<status status="FAIL" starttime="20231003 00:10:24.076" endtime="20231003 00:10:24.835"/>
</kw>
<kw name="Maximize Browser Window" library="SeleniumLibrary">
<doc>Maximizes current browser window.</doc>
<status status="NOT RUN" starttime="20231003 00:10:24.835" endtime="20231003 00:10:24.835"/>
</kw>
<status status="FAIL" starttime="20231003 00:10:24.076" endtime="20231003 00:10:24.835"/>
</kw>
<kw name="After Tests" library="test_keywords_common" type="TEARDOWN">
<kw name="Close Browser" library="SeleniumLibrary">
<doc>Closes the current browser.</doc>
<status status="PASS" starttime="20231003 00:10:24.836" endtime="20231003 00:10:24.890"/>
</kw>
<status status="PASS" starttime="20231003 00:10:24.836" endtime="20231003 00:10:24.890"/>
</kw>
<tag>e2e</tag>
<status status="FAIL" starttime="20231003 00:10:24.075" endtime="20231003 00:10:24.890">Setup failed:
WebDriverException: Message: unknown error: net::ERR_NAME_NOT_RESOLVED
  (Session info: headless chrome=117.0.5938.92)
Stacktrace:
#0 0x5645aa4f86b3 &lt;unknown&gt;
#1 0x5645aa1ce1e7 &lt;unknown&gt;
#2 0x5645aa1c62f3 &lt;unknown&gt;
#3 0x5645aa1b6d17 &lt;unknown&gt;
#4 0x5645aa1b8191 &lt;unknown&gt;
#5 0x5645aa1b7053 &lt;unknown&gt;
#6 0x5645aa1b606c &lt;unknown&gt;
#7 0x5645aa1b5fde &lt;unknown&gt;
#8 0x5645aa1b4be4 &lt;unknown&gt;
#9 0x5645aa1b506a &lt;unknown&gt;
#10 0x5645aa1d08ce &lt;unknown&gt;
#11 0x5645aa250ad5 &lt;unknown&gt;
#12 0x5645aa2370c2 &lt;unknown&gt;
#13 0x5645aa250322 &lt;unknown&gt;
#14 0x5645aa236e93 &lt;unknown&gt;
#15 0x5645aa209934 &lt;unknown&gt;
#16 0x5645aa20a71e &lt;unknown&gt;
#17 0x5645aa4bdcb8 &lt;unknown&gt;
#18 0x5645aa4c1bf0 &lt;unknown&gt;
#19 0x5645aa4cc19c &lt;unknown&gt;
#20 0x5645aa4c2808 &lt;unknown&gt;
#21 0x5645aa48f27f &lt;unknown&gt;
#22 0x5645aa4e6e88 &lt;unknown&gt;
#23 0x5645aa4e7059 &lt;unknown&gt;
#24 0x5645aa4f7843 &lt;unknown&gt;
#25 0x7f5a72494b43 &lt;unknown&gt;
</status>
</test>
<status status="FAIL" starttime="20231003 00:10:14.964" endtime="20231003 00:10:24.891"/>
</suite>
<status status="FAIL" starttime="20231003 00:10:14.962" endtime="20231003 00:10:24.892"/>
</suite>
<status status="FAIL" starttime="20231003 00:10:10.212" endtime="20231003 00:10:24.893"/>
</suite>
<statistics>
<total>
<stat pass="0" fail="8" skip="0">All Tests</stat>
</total>
<tag>
<stat pass="0" fail="5" skip="0">api</stat>
<stat pass="0" fail="3" skip="0">e2e</stat>
</tag>
<suite>
<stat pass="0" fail="8" skip="0" id="s1" name="Tests">Tests</stat>
<stat pass="0" fail="5" skip="0" id="s1-s1" name="Api">Tests.Api</stat>
<stat pass="0" fail="5" skip="0" id="s1-s1-s1" name="Test Api Users">Tests.Api.Test Api Users</stat>
<stat pass="0" fail="3" skip="0" id="s1-s2" name="E2E">Tests.E2E</stat>
<stat pass="0" fail="3" skip="0" id="s1-s2-s1" name="Test Ui Signup">Tests.E2E.Test Ui Signup</stat>
</suite>
</statistics>
<errors>
</errors>
</robot>
