<?xml version="1.0" encoding="UTF-8"?>
<robot generator="Robot 7.0 (Python 3.8.18 on linux)" generated="2024-02-29T14:43:38.092818" rpa="false" schemaversion="5">
<suite id="s1" name="Tests" source="/home/runner/work/gen-ai-robot-test/gen-ai-robot-test/tests">
<suite id="s1-s1" name="Api" source="/home/runner/work/gen-ai-robot-test/gen-ai-robot-test/tests/api">
<suite id="s1-s1-s1" name="Test Api Users" source="/home/runner/work/gen-ai-robot-test/gen-ai-robot-test/tests/api/test_api_users.robot">
<test id="s1-s1-s1-t1" name="Scenario: Get all registered users" line="9">
<kw name="Before Tests" owner="test_keywords_common" type="SETUP">
<kw name="Create Session" owner="RequestsLibrary">
<msg time="2024-02-29T14:43:38.695837" level="INFO">Creating Session using : alias=serverest, url=https://serverest.dev, headers={},                     cookies={}, auth=None, timeout=None, proxies=None, verify=False,                     debug=0 </msg>
<arg>serverest</arg>
<arg>${SERVER_BASE_URL}</arg>
<arg>disable_warnings=True</arg>
<doc>Create Session: create a HTTP session to a server</doc>
<status status="PASS" start="2024-02-29T14:43:38.695503" elapsed="0.000657"/>
</kw>
<status status="PASS" start="2024-02-29T14:43:38.694224" elapsed="0.002057"/>
</kw>
<kw name="When I request the list of all registered users" owner="test_keywords_users">
<kw name="GET On Session" owner="RequestsLibrary">
<msg time="2024-02-29T14:43:38.876712" level="INFO">GET Request : url=https://serverest.dev/usuarios 
 path_url=/usuarios 
 headers={'User-Agent': 'python-requests/2.31.0', 'Accept-Encoding': 'gzip, deflate', 'Accept': '*/*', 'Connection': 'keep-alive'} 
 body=None 
 </msg>
<msg time="2024-02-29T14:43:38.876861" level="INFO">GET Response : url=https://serverest.dev/usuarios 
 status=200, reason=OK 
 headers={'access-control-allow-origin': '*', 'x-dns-prefetch-control': 'off', 'x-frame-options': 'SAMEORIGIN', 'strict-transport-security': 'max-age=15552000; includeSubDomains', 'x-download-options': 'noopen', 'x-content-type-options': 'nosniff', 'x-xss-protection': '1; mode=block', 'content-type': 'application/json; charset=utf-8', 'X-Cloud-Trace-Context': '6c3e671586f98da8a38cf71f118d4174;o=1', 'Date': 'Thu, 29 Feb 2024 14:43:38 GMT', 'Server': 'Google Frontend', 'Content-Length': '14441'} 
 body={
    "quantidade": 67,
    "usuarios": [
        {
            "nome": "Fulano da Silva",
            "email": "beltrano4@qa.com.br",
            "password": "teste",
            "administrador": "true",
            "_id": "0hPtMTSaUYaZdLPp"
        },
        {
            "nome": "Luis",
            "email": "luis.bryant_1709213517228749@qautomation.com.br",
            "password": "Teste123",
            "administrador": "true",
            "_id": "16clD9aznYVnk37H"
        },
        {
            "nome": "Catherine",
            "email": "catherine.lee_17092138700214877@qautomation.com.br",
            "password": "Teste123",
            "administrador": "true",
            "_id": "4cTXT8Z8zI8jYgGL"
        },
        {
            "nome": "Hugo",
            "email": "teresa64@example.org",
            "password": "123456",
            "administrador": "true",
            "_id": "57nXGer0zVXHBOgY"
        },
        {
            "nome": "Eduardo Veiga",
            "email": "edu1223@qa.com.br",
            "password": "teste",
            "administrador": "true",
            "_id": "5CgWkY74RrGSXSVa"
        },
        {
            "nome": "Fulano da Silva",
            "email": "qviw@emailteste.com",
            "password": "1234",
            "administrador": "true",
            "_id": "5V6n3V3Lnvwnyr2P"
        },
        {
            "nome": "Tammy Johnston III",
            "email": "TammyJohnstonIII.Stoltenberg7@hotmail.com",
            "password": "kLv8hDm7pm_7I7g",
            "administrador": "true",
            "_id": "6lAD2cTCkOZDZG3H"
        },
        {
            "nome": "batata",
            "email": "batata2@qa.com",
            "password": "teste",
            "administrador": "true",
            "_id": "6rNJU5D3KDii4zXf"
        },
        {
            "nome": "Eduardo Veiga",
            "email": "edu1236@qa.com.br",
            "password": "teste",
            "administrador": "true",
            "_id": "85Me4dMSm7LClnqM"
        },
        {
            "nome": "Fulano da Silva",
            "email": "beltranos@qa.com.br",
            "password": "teste",
            "administrador": "true",
            "_id": "9LpFASZbKvNwGviH"
        },
        {
            "nome": "Luisa Wilderman",
            "email": "June73@hotmail.com",
            "password": "kJU9MYB6Jzvd0LK",
            "administrador": "true",
            "_id": "CCb54wWSwoI4RfOG"
        },
        {
            "nome": "Patrick",
            "email": "patrick.lowery_17092136086367536@qautomation.com.br",
            "password": "Teste123",
            "administrador": "true",
            "_id": "DVfPWzKtAxpNUeZN"
        },
        {
            "nome": "Anna",
            "email": "anna.gray_17092140594612617@qautomation.com.br",
            "password": "Teste123",
            "administrador": "true",
            "_id": "DvVsLjUQyoEvmcSK"
        },
        {
            "nome": "teste",
            "email": "admin@qa.com",
            "password": "123456",
            "administrador": "true",
            "_id": "G9k5WQ8UQQ24e2LR"
        },
        {
            "nome": "Emily",
            "email": "emily.berger_17092130034560456@qautomation.com.br",
            "password": "Teste123",
            "administrador": "true",
            "_id": "GJk4CBFXjiv0CYrD"
        },
        {
            "nome": "Roy Kerluke",
            "email": "Marquis62@gmail.com",
            "password": "GzIsVcuE2EVDYNF",
            "administrador": "false",
            "_id": "He1ubJaFLB6PusNp"
        },
        {
            "nome": "Noah Haley",
            "email": "noahhaley@test.com",
            "password": "Test;123",
            "administrador": "true",
            "_id": "LnuZYn33MiKBp6ju"
        },
        {
            "nome": "Andrea",
            "email": "andrea.christian_1709213075007804@qautomation.com.br",
            "password": "Teste123",
            "administrador": "true",
            "_id": "PQbZ2exBWMmn5yis"
        },
        {
            "nome": "Fulano QA",
            "email": "cliente@qa.com",
            "password": "123456",
            "administrador": "false",
            "_id": "PacofEOddJExczZE"
        },
        {
            "nome": "Hugo",
            "email": "rachel89@example.org",
            "password": "123456",
            "administrador": "true",
            "_id": "Pg5C2PB03k8EB7rF"
        },
        {
            "nome": "Megan Anthony",
            "email": "igilbert@example.org",
            "password": "teste",
            "administrador": "true",
            "_id": "QcWEOdWETJ8thJ03"
        },
        {
            "nome": "Hugo",
            "email": "stevenpeters@example.com",
            "password": "123456",
            "administrador": "true",
            "_id": "SYmto3yFmJckR0xs"
        },
        {
            "nome": "Batatinha chips",
            "email": "batata21@qa.com",
            "password": "teste",
            "administrador": "false",
            "_id": "T2CR2ANynYTmc16s"
        },
        {
            "nome": "Eduardo Veiga 2",
            "email": "edu1233@qa.com.br",
            "password": "teste",
            "administrador": "true",
            "_id": "UYgcjKBwRSnpYC9z"
        },
        {
            "nome": "Eduardo Veiga 2",
            "email": "eduexiste@qa.com.br",
            "password": "teste",
            "administrador": "true",
            "_id": "UclrxFufvOp8XRjk"
        },
        {
            "nome": "Eduardo Veiga",
            "email": "edu1237@qa.com.br",
            "password": "teste",
            "administrador": "true",
            "_id": "Un50OoEhMkjuAXvp"
        },
        {
            "nome": "Hugo",
            "email": "zavalarandall@example.net",
            "password": "123456",
            "administrador": "true",
            "_id": "VJvEfa8IzuqLHSmu"
        },
        {
            "nome": "Fulano QA",
            "email": "batata22@qa.com",
            "password": "teste",
            "administrador": "false",
            "_id": "W3k7mjddDkux3czB"
        },
        {
            "nome": "Laura",
            "email": "laura.tucker_17092125973629189@qautomation.com.br",
            "password": "Teste123",
            "administrador": "true",
            "_id": "WGBvQE55aFZLnsGL"
        },
        {
            "nome": "kvkjeuyc",
            "email": "vkskpfvo@outlook.com",
            "password": "5qX7YvOe",
            "administrador": "true",
            "_id": "WQL2oDY6FBNybyTg"
        },
        {
            "nome": "ysptdafr",
            "email": "dtkiwmnm@yahoo.com",
            "password": "6ROdqwdi",
            "administrador": "true",
            "_id": "WhrHmxdlHqVcJkRr"
        },
        {
            "nome": "Gleyciana",
            "email": "gleyciana@gmail.com",
            "password": "1234567",
            "administrador": "true",
            "_id": "X4kxMmXUbyzlSh2v"
        },
        {
            "nome": "Emanuel Wyman",
            "email": "emanuelwyman@test.com",
            "password": "Test;123",
            "administrador": "true",
            "_id": "Y9kaLXqK4cdtnzhk"
        },
        {
            "nome": "Mary Santiago",
            "email": "christianjoseph@example.org",
            "password": "teste",
            "administrador": "true",
            "_id": "agtE9gpA95xnBkBK"
        },
        {
            "nome": "Hugo",
            "email": "stephanie50@example.net",
            "password": "123456",
            "administrador": "true",
            "_id": "at6JoNFsmcoRvRhN"
        },
        {
            "nome": "Eduardo Veiga",
            "email": "edu1239@qa.com.br",
            "password": "teste",
            "administrador": "true",
            "_id": "c2Bu9DNbnw4V5zAT"
        },
        {
            "nome": "Ken Luettgen",
            "email": "kenluettgen@test.com",
            "password": "Test;123",
            "administrador": "true",
            "_id": "c8oDZiPoKmS5XbQk"
        },
        {
            "nome": "Melissa Osborn",
            "email": "jeremy37@example.org",
            "password": "teste",
            "administrador": "true",
            "_id": "cGkVodJM0v3DYois"
        },
        {
            "nome": "Fulano da Silva",
            "email": "beltranoss@qa.com.br",
            "password": "teste",
            "administrador": "true",
            "_id": "cVJynNua7SHOWLpS"
        },
        {
            "nome": "AILRTON",
            "email": "ailtooares@gmail.com",
            "password": "12345678",
            "administrador": "false",
            "_id": "dK4JHsLXr6S6Gsnc"
        },
        {
            "nome": "Jeffrey",
            "email": "jeffrey.maxwell_17092133880885737@qautomation.com.br",
            "password": "Teste123",
            "administrador": "true",
            "_id": "duVUxHWja9f1MtVc"
        },
        {
            "nome": "Leila",
            "email": "testeupdate@qa.com",
            "password": "teste",
            "administrador": "true",
            "_id": "gqcqrTPES55QKHvT"
        },
        {
            "nome": "yiluvgnq",
            "email": "ocetanjh@outlook.com",
            "password": "zDjT9yUM",
            "administrador": "true",
            "_id": "hZ4L36faCMaRb12L"
        },
        {
            "nome": "Karana",
            "email": "karana@qa.com",
            "password": "teste",
            "administrador": "true",
            "_id": "iC05foVPlkq2wxcT"
        },
        {
            "nome": "Hugo",
            "email": "tmarquez@example.org",
            "password": "123456",
            "administrador": "true",
            "_id": "idx0JTQOYptxaIHl"
        },
        {
            "nome": "Eduardo Veiga",
            "email": "edu1224@qa.com.br",
            "password": "teste",
            "administrador": "true",
            "_id": "jG6OTEJpk0OLH3SX"
        },
        {
            "nome": "Olga Wiza",
            "email": "olgawiza@test.com",
            "password": "Tes... (set the log level to DEBUG or TRACE to see the full content) 
 </msg>
<msg time="2024-02-29T14:43:38.877188" level="INFO">${response} = &lt;Response [200]&gt;</msg>
<var>${response}</var>
<arg>serverest</arg>
<arg>${USERS_API_ENDPOINT}</arg>
<doc>Sends a GET request on a previously created HTTP Session.</doc>
<status status="PASS" start="2024-02-29T14:43:38.696741" elapsed="0.180489"/>
</kw>
<kw name="Set Test Variable" owner="BuiltIn">
<msg time="2024-02-29T14:43:38.877766" level="INFO">${response} = &lt;Response [200]&gt;</msg>
<arg>${response}</arg>
<doc>Makes a variable available everywhere within the scope of the current test.</doc>
<status status="PASS" start="2024-02-29T14:43:38.877475" elapsed="0.000346"/>
</kw>
<status status="PASS" start="2024-02-29T14:43:38.696469" elapsed="0.181432"/>
</kw>
<kw name="Then the response status code should be 200" owner="test_keywords_users" source_name="Then the response status code should be ${status_code}">
<kw name="Should Be Equal As Numbers" owner="BuiltIn">
<msg time="2024-02-29T14:43:38.878943" level="INFO">Argument types are:
&lt;class 'int'&gt;
&lt;class 'str'&gt;</msg>
<arg>${response.status_code}</arg>
<arg>${status_code}</arg>
<doc>Fails if objects are unequal after converting them to real numbers.</doc>
<status status="PASS" start="2024-02-29T14:43:38.878422" elapsed="0.000599"/>
</kw>
<kw name="Should Be True" owner="BuiltIn">
<arg>${response.json()}</arg>
<doc>Fails if the given condition is not true.</doc>
<status status="PASS" start="2024-02-29T14:43:38.879171" elapsed="0.000620"/>
</kw>
<status status="PASS" start="2024-02-29T14:43:38.878097" elapsed="0.001777"/>
</kw>
<kw name="And the response body should not be empty" owner="test_keywords_users">
<kw name="Should Not Be Empty" owner="BuiltIn">
<msg time="2024-02-29T14:43:38.880846" level="INFO">Length is 2.</msg>
<arg>${response.json()}</arg>
<doc>Verifies that the given item is not empty.</doc>
<status status="PASS" start="2024-02-29T14:43:38.880353" elapsed="0.000551"/>
</kw>
<status status="PASS" start="2024-02-29T14:43:38.880047" elapsed="0.000934"/>
</kw>
<tag>api</tag>
<status status="PASS" start="2024-02-29T14:43:38.693488" elapsed="0.187619"/>
</test>
<test id="s1-s1-s1-t2" name="Scenario: Create a new user" line="15">
<kw name="Before Tests" owner="test_keywords_common" type="SETUP">
<kw name="Create Session" owner="RequestsLibrary">
<msg time="2024-02-29T14:43:38.882353" level="INFO">Creating Session using : alias=serverest, url=https://serverest.dev, headers={},                     cookies={}, auth=None, timeout=None, proxies=None, verify=False,                     debug=0 </msg>
<arg>serverest</arg>
<arg>${SERVER_BASE_URL}</arg>
<arg>disable_warnings=True</arg>
<doc>Create Session: create a HTTP session to a server</doc>
<status status="PASS" start="2024-02-29T14:43:38.882104" elapsed="0.000433"/>
</kw>
<status status="PASS" start="2024-02-29T14:43:38.881840" elapsed="0.000782"/>
</kw>
<kw name="Given I have a valid user data" owner="test_keywords_users">
<kw name="Name" owner="FakerLibrary">
<msg time="2024-02-29T14:43:38.883460" level="INFO">${name} = Robert Vargas</msg>
<var>${name}</var>
<doc>:example: 'John Doe'</doc>
<status status="PASS" start="2024-02-29T14:43:38.883087" elapsed="0.000403"/>
</kw>
<kw name="Email" owner="FakerLibrary">
<msg time="2024-02-29T14:43:38.883969" level="INFO">${email} = stewartsean@example.org</msg>
<var>${email}</var>
<status status="PASS" start="2024-02-29T14:43:38.883627" elapsed="0.000372"/>
</kw>
<kw name="Password" owner="FakerLibrary">
<msg time="2024-02-29T14:43:38.884464" level="INFO">${password} = g3MTxCLANLgU</msg>
<var>${password}</var>
<arg>length=12</arg>
<arg>special_chars=False</arg>
<doc>Generate a random password of the specified ``length``.</doc>
<status status="PASS" start="2024-02-29T14:43:38.884159" elapsed="0.000337"/>
</kw>
<kw name="Set Suite Variable" owner="BuiltIn">
<msg time="2024-02-29T14:43:38.884871" level="INFO">${name} = Robert Vargas</msg>
<arg>${name}</arg>
<doc>Makes a variable available everywhere within the scope of the current suite.</doc>
<status status="PASS" start="2024-02-29T14:43:38.884665" elapsed="0.000250"/>
</kw>
<kw name="Set Suite Variable" owner="BuiltIn">
<msg time="2024-02-29T14:43:38.885255" level="INFO">${email} = stewartsean@example.org</msg>
<arg>${email}</arg>
<doc>Makes a variable available everywhere within the scope of the current suite.</doc>
<status status="PASS" start="2024-02-29T14:43:38.885055" elapsed="0.000244"/>
</kw>
<kw name="Set Suite Variable" owner="BuiltIn">
<msg time="2024-02-29T14:43:38.885627" level="INFO">${password} = g3MTxCLANLgU</msg>
<arg>${password}</arg>
<doc>Makes a variable available everywhere within the scope of the current suite.</doc>
<status status="PASS" start="2024-02-29T14:43:38.885434" elapsed="0.000235"/>
</kw>
<status status="PASS" start="2024-02-29T14:43:38.882820" elapsed="0.002920"/>
</kw>
<kw name="When I create the user" owner="test_keywords_users">
<kw name="Create Dictionary" owner="BuiltIn">
<msg time="2024-02-29T14:43:38.886590" level="INFO">${payload} = {'nome': 'Robert Vargas', 'email': 'stewartsean@example.org', 'password': 'g3MTxCLANLgU', 'administrador': 'false'}</msg>
<var>${payload}</var>
<arg>nome=${name}</arg>
<arg>email=${email}</arg>
<arg>password=${password}</arg>
<arg>administrador=false</arg>
<doc>Creates and returns a dictionary based on the given ``items``.</doc>
<status status="PASS" start="2024-02-29T14:43:38.886179" elapsed="0.000441"/>
</kw>
<kw name="Create Dictionary" owner="BuiltIn">
<msg time="2024-02-29T14:43:38.886955" level="INFO">${headers} = {'Content-Type': 'application/json'}</msg>
<var>${headers}</var>
<arg>Content-Type=application/json</arg>
<doc>Creates and returns a dictionary based on the given ``items``.</doc>
<status status="PASS" start="2024-02-29T14:43:38.886773" elapsed="0.000210"/>
</kw>
<kw name="POST On Session" owner="RequestsLibrary">
<msg time="2024-02-29T14:43:38.977296" level="INFO">POST Request : url=https://serverest.dev/usuarios 
 path_url=/usuarios 
 headers={'User-Agent': 'python-requests/2.31.0', 'Accept-Encoding': 'gzip, deflate', 'Accept': '*/*', 'Connection': 'keep-alive', 'Content-Type': 'application/json', 'Content-Length': '115'} 
 body=b'{"nome": "Robert Vargas", "email": "stewartsean@example.org", "password": "g3MTxCLANLgU", "administrador": "false"}' 
 </msg>
<msg time="2024-02-29T14:43:38.977383" level="INFO">POST Response : url=https://serverest.dev/usuarios 
 status=201, reason=Created 
 headers={'access-control-allow-origin': '*', 'x-dns-prefetch-control': 'off', 'x-frame-options': 'SAMEORIGIN', 'strict-transport-security': 'max-age=15552000; includeSubDomains', 'x-download-options': 'noopen', 'x-content-type-options': 'nosniff', 'x-xss-protection': '1; mode=block', 'content-type': 'application/json; charset=utf-8', 'X-Cloud-Trace-Context': '762866303473e06b7eb755a99d194322', 'Date': 'Thu, 29 Feb 2024 14:43:38 GMT', 'Server': 'Google Frontend', 'Content-Length': '82'} 
 body={
    "message": "Cadastro realizado com sucesso",
    "_id": "cm2dOo4fcKLMmNvY"
} 
 </msg>
<msg time="2024-02-29T14:43:38.977510" level="INFO">${response} = &lt;Response [201]&gt;</msg>
<var>${response}</var>
<arg>serverest</arg>
<arg>${USERS_API_ENDPOINT}</arg>
<arg>json=${payload}</arg>
<arg>headers=${headers}</arg>
<doc>Sends a POST request on a previously created HTTP Session.</doc>
<status status="PASS" start="2024-02-29T14:43:38.887123" elapsed="0.090419"/>
</kw>
<kw name="Set Variable" owner="BuiltIn">
<msg time="2024-02-29T14:43:38.978284" level="INFO">${user_id} = cm2dOo4fcKLMmNvY</msg>
<var>${user_id}</var>
<arg>${response.json()['_id']}</arg>
<doc>Returns the given values which can then be assigned to a variables.</doc>
<status status="PASS" start="2024-02-29T14:43:38.977741" elapsed="0.000574"/>
</kw>
<kw name="Set Global Variable" owner="BuiltIn">
<msg time="2024-02-29T14:43:38.978779" level="INFO">${USER_ID} = cm2dOo4fcKLMmNvY</msg>
<arg>${USER_ID}</arg>
<arg>${user_id}</arg>
<doc>Makes a variable available globally in all tests and suites.</doc>
<status status="PASS" start="2024-02-29T14:43:38.978474" elapsed="0.000356"/>
</kw>
<kw name="Set Test Variable" owner="BuiltIn">
<msg time="2024-02-29T14:43:38.979179" level="INFO">${response} = &lt;Response [201]&gt;</msg>
<arg>${response}</arg>
<doc>Makes a variable available everywhere within the scope of the current test.</doc>
<status status="PASS" start="2024-02-29T14:43:38.978979" elapsed="0.000286"/>
</kw>
<status status="PASS" start="2024-02-29T14:43:38.885920" elapsed="0.093424"/>
</kw>
<kw name="Then the response status code should be 201" owner="test_keywords_users" source_name="Then the response status code should be ${status_code}">
<kw name="Should Be Equal As Numbers" owner="BuiltIn">
<msg time="2024-02-29T14:43:38.980315" level="INFO">Argument types are:
&lt;class 'int'&gt;
&lt;class 'str'&gt;</msg>
<arg>${response.status_code}</arg>
<arg>${status_code}</arg>
<doc>Fails if objects are unequal after converting them to real numbers.</doc>
<status status="PASS" start="2024-02-29T14:43:38.979826" elapsed="0.000555"/>
</kw>
<kw name="Should Be True" owner="BuiltIn">
<arg>${response.json()}</arg>
<doc>Fails if the given condition is not true.</doc>
<status status="PASS" start="2024-02-29T14:43:38.980525" elapsed="0.000447"/>
</kw>
<status status="PASS" start="2024-02-29T14:43:38.979527" elapsed="0.001524"/>
</kw>
<kw name="And the response body should not be empty" owner="test_keywords_users">
<kw name="Should Not Be Empty" owner="BuiltIn">
<msg time="2024-02-29T14:43:38.981901" level="INFO">Length is 2.</msg>
<arg>${response.json()}</arg>
<doc>Verifies that the given item is not empty.</doc>
<status status="PASS" start="2024-02-29T14:43:38.981471" elapsed="0.000483"/>
</kw>
<status status="PASS" start="2024-02-29T14:43:38.981211" elapsed="0.000816"/>
</kw>
<tag>api</tag>
<status status="PASS" start="2024-02-29T14:43:38.881418" elapsed="0.100732"/>
</test>
<test id="s1-s1-s1-t3" name="Scenario: Get a specific user informations" line="22">
<kw name="Before Tests" owner="test_keywords_common" type="SETUP">
<kw name="Create Session" owner="RequestsLibrary">
<msg time="2024-02-29T14:43:38.983389" level="INFO">Creating Session using : alias=serverest, url=https://serverest.dev, headers={},                     cookies={}, auth=None, timeout=None, proxies=None, verify=False,                     debug=0 </msg>
<arg>serverest</arg>
<arg>${SERVER_BASE_URL}</arg>
<arg>disable_warnings=True</arg>
<doc>Create Session: create a HTTP session to a server</doc>
<status status="PASS" start="2024-02-29T14:43:38.983135" elapsed="0.000450"/>
</kw>
<status status="PASS" start="2024-02-29T14:43:38.982880" elapsed="0.000791"/>
</kw>
<kw name="When I request the created user" owner="test_keywords_users">
<kw name="GET On Session" owner="RequestsLibrary">
<msg time="2024-02-29T14:43:39.079762" level="INFO">GET Request : url=https://serverest.dev/usuarios/cm2dOo4fcKLMmNvY 
 path_url=/usuarios/cm2dOo4fcKLMmNvY 
 headers={'User-Agent': 'python-requests/2.31.0', 'Accept-Encoding': 'gzip, deflate', 'Accept': '*/*', 'Connection': 'keep-alive'} 
 body=None 
 </msg>
<msg time="2024-02-29T14:43:39.079891" level="INFO">GET Response : url=https://serverest.dev/usuarios/cm2dOo4fcKLMmNvY 
 status=200, reason=OK 
 headers={'access-control-allow-origin': '*', 'x-dns-prefetch-control': 'off', 'x-frame-options': 'SAMEORIGIN', 'strict-transport-security': 'max-age=15552000; includeSubDomains', 'x-download-options': 'noopen', 'x-content-type-options': 'nosniff', 'x-xss-protection': '1; mode=block', 'content-type': 'application/json; charset=utf-8', 'X-Cloud-Trace-Context': '8a90cbde32f057730f806d70c1609196', 'Date': 'Thu, 29 Feb 2024 14:43:39 GMT', 'Server': 'Google Frontend', 'Content-Length': '164'} 
 body={
    "nome": "Robert Vargas",
    "email": "stewartsean@example.org",
    "password": "g3MTxCLANLgU",
    "administrador": "false",
    "_id": "cm2dOo4fcKLMmNvY"
} 
 </msg>
<msg time="2024-02-29T14:43:39.080065" level="INFO">${response} = &lt;Response [200]&gt;</msg>
<var>${response}</var>
<arg>serverest</arg>
<arg>${USERS_API_ENDPOINT}/${USER_ID}</arg>
<doc>Sends a GET request on a previously created HTTP Session.</doc>
<status status="PASS" start="2024-02-29T14:43:38.984127" elapsed="0.096010"/>
</kw>
<kw name="Set Test Variable" owner="BuiltIn">
<msg time="2024-02-29T14:43:39.080687" level="INFO">${response} = &lt;Response [200]&gt;</msg>
<arg>${response}</arg>
<doc>Makes a variable available everywhere within the scope of the current test.</doc>
<status status="PASS" start="2024-02-29T14:43:39.080420" elapsed="0.000315"/>
</kw>
<status status="PASS" start="2024-02-29T14:43:38.983845" elapsed="0.096973"/>
</kw>
<kw name="Then the response status code should be 200" owner="test_keywords_users" source_name="Then the response status code should be ${status_code}">
<kw name="Should Be Equal As Numbers" owner="BuiltIn">
<msg time="2024-02-29T14:43:39.081869" level="INFO">Argument types are:
&lt;class 'int'&gt;
&lt;class 'str'&gt;</msg>
<arg>${response.status_code}</arg>
<arg>${status_code}</arg>
<doc>Fails if objects are unequal after converting them to real numbers.</doc>
<status status="PASS" start="2024-02-29T14:43:39.081346" elapsed="0.000590"/>
</kw>
<kw name="Should Be True" owner="BuiltIn">
<arg>${response.json()}</arg>
<doc>Fails if the given condition is not true.</doc>
<status status="PASS" start="2024-02-29T14:43:39.082078" elapsed="0.000459"/>
</kw>
<status status="PASS" start="2024-02-29T14:43:39.081025" elapsed="0.001591"/>
</kw>
<kw name="And the response body should not be empty" owner="test_keywords_users">
<kw name="Should Not Be Empty" owner="BuiltIn">
<msg time="2024-02-29T14:43:39.083471" level="INFO">Length is 5.</msg>
<arg>${response.json()}</arg>
<doc>Verifies that the given item is not empty.</doc>
<status status="PASS" start="2024-02-29T14:43:39.083038" elapsed="0.000483"/>
</kw>
<status status="PASS" start="2024-02-29T14:43:39.082776" elapsed="0.000819"/>
</kw>
<tag>api</tag>
<status status="PASS" start="2024-02-29T14:43:38.982444" elapsed="0.101277"/>
</test>
<test id="s1-s1-s1-t4" name="Scenario: Update the created user" line="28">
<kw name="Before Tests" owner="test_keywords_common" type="SETUP">
<kw name="Create Session" owner="RequestsLibrary">
<msg time="2024-02-29T14:43:39.084989" level="INFO">Creating Session using : alias=serverest, url=https://serverest.dev, headers={},                     cookies={}, auth=None, timeout=None, proxies=None, verify=False,                     debug=0 </msg>
<arg>serverest</arg>
<arg>${SERVER_BASE_URL}</arg>
<arg>disable_warnings=True</arg>
<doc>Create Session: create a HTTP session to a server</doc>
<status status="PASS" start="2024-02-29T14:43:39.084731" elapsed="0.000475"/>
</kw>
<status status="PASS" start="2024-02-29T14:43:39.084477" elapsed="0.000816"/>
</kw>
<kw name="When I update the created user" owner="test_keywords_users">
<kw name="Create Dictionary" owner="BuiltIn">
<msg time="2024-02-29T14:43:39.086141" level="INFO">${payload} = {'nome': 'John Smith', 'email': 'john.smith@example.com', 'password': 'P@ssw0rd123', 'administrador': 'false'}</msg>
<var>${payload}</var>
<arg>nome=John Smith</arg>
<arg>email=john.smith@example.com</arg>
<arg>password=P@ssw0rd123</arg>
<arg>administrador=false</arg>
<doc>Creates and returns a dictionary based on the given ``items``.</doc>
<status status="PASS" start="2024-02-29T14:43:39.085741" elapsed="0.000429"/>
</kw>
<kw name="Create Dictionary" owner="BuiltIn">
<msg time="2024-02-29T14:43:39.086507" level="INFO">${headers} = {'Content-Type': 'application/json'}</msg>
<var>${headers}</var>
<arg>Content-Type=application/json</arg>
<doc>Creates and returns a dictionary based on the given ``items``.</doc>
<status status="PASS" start="2024-02-29T14:43:39.086324" elapsed="0.000211"/>
</kw>
<kw name="PUT On Session" owner="RequestsLibrary">
<msg time="2024-02-29T14:43:39.174149" level="INFO">PUT Request : url=https://serverest.dev/usuarios/cm2dOo4fcKLMmNvY 
 path_url=/usuarios/cm2dOo4fcKLMmNvY 
 headers={'User-Agent': 'python-requests/2.31.0', 'Accept-Encoding': 'gzip, deflate', 'Accept': '*/*', 'Connection': 'keep-alive', 'Content-Type': 'application/json', 'Content-Length': '110'} 
 body=b'{"nome": "John Smith", "email": "john.smith@example.com", "password": "P@ssw0rd123", "administrador": "false"}' 
 </msg>
<msg time="2024-02-29T14:43:39.174289" level="INFO">PUT Response : url=https://serverest.dev/usuarios/cm2dOo4fcKLMmNvY 
 status=200, reason=OK 
 headers={'access-control-allow-origin': '*', 'x-dns-prefetch-control': 'off', 'x-frame-options': 'SAMEORIGIN', 'strict-transport-security': 'max-age=15552000; includeSubDomains', 'x-download-options': 'noopen', 'x-content-type-options': 'nosniff', 'x-xss-protection': '1; mode=block', 'content-type': 'application/json; charset=utf-8', 'X-Cloud-Trace-Context': 'c01247ad47e9aa19aed75ab7e0d61944', 'Date': 'Thu, 29 Feb 2024 14:43:39 GMT', 'Server': 'Google Frontend', 'Content-Length': '50'} 
 body={
    "message": "Registro alterado com sucesso"
} 
 </msg>
<msg time="2024-02-29T14:43:39.174420" level="INFO">${response} = &lt;Response [200]&gt;</msg>
<var>${response}</var>
<arg>serverest</arg>
<arg>${USERS_API_ENDPOINT}/${USER_ID}</arg>
<arg>json=${payload}</arg>
<arg>headers=${headers}</arg>
<doc>Sends a PUT request on a previously created HTTP Session.</doc>
<status status="PASS" start="2024-02-29T14:43:39.086669" elapsed="0.087783"/>
</kw>
<kw name="Set Test Variable" owner="BuiltIn">
<msg time="2024-02-29T14:43:39.174848" level="INFO">${response} = &lt;Response [200]&gt;</msg>
<arg>${response}</arg>
<doc>Makes a variable available everywhere within the scope of the current test.</doc>
<status status="PASS" start="2024-02-29T14:43:39.174635" elapsed="0.000260"/>
</kw>
<status status="PASS" start="2024-02-29T14:43:39.085478" elapsed="0.089493"/>
</kw>
<kw name="Then the response status code should be 200" owner="test_keywords_users" source_name="Then the response status code should be ${status_code}">
<kw name="Should Be Equal As Numbers" owner="BuiltIn">
<msg time="2024-02-29T14:43:39.175940" level="INFO">Argument types are:
&lt;class 'int'&gt;
&lt;class 'str'&gt;</msg>
<arg>${response.status_code}</arg>
<arg>${status_code}</arg>
<doc>Fails if objects are unequal after converting them to real numbers.</doc>
<status status="PASS" start="2024-02-29T14:43:39.175444" elapsed="0.000561"/>
</kw>
<kw name="Should Be True" owner="BuiltIn">
<arg>${response.json()}</arg>
<doc>Fails if the given condition is not true.</doc>
<status status="PASS" start="2024-02-29T14:43:39.176177" elapsed="0.000461"/>
</kw>
<status status="PASS" start="2024-02-29T14:43:39.175148" elapsed="0.001569"/>
</kw>
<kw name="And the response body should not be empty" owner="test_keywords_users">
<kw name="Should Not Be Empty" owner="BuiltIn">
<msg time="2024-02-29T14:43:39.177567" level="INFO">Length is 1.</msg>
<arg>${response.json()}</arg>
<doc>Verifies that the given item is not empty.</doc>
<status status="PASS" start="2024-02-29T14:43:39.177139" elapsed="0.000479"/>
</kw>
<status status="PASS" start="2024-02-29T14:43:39.176875" elapsed="0.000817"/>
</kw>
<tag>api</tag>
<status status="PASS" start="2024-02-29T14:43:39.084027" elapsed="0.093781"/>
</test>
<test id="s1-s1-s1-t5" name="Scenario: Delete the created user" line="34">
<kw name="Before Tests" owner="test_keywords_common" type="SETUP">
<kw name="Create Session" owner="RequestsLibrary">
<msg time="2024-02-29T14:43:39.179001" level="INFO">Creating Session using : alias=serverest, url=https://serverest.dev, headers={},                     cookies={}, auth=None, timeout=None, proxies=None, verify=False,                     debug=0 </msg>
<arg>serverest</arg>
<arg>${SERVER_BASE_URL}</arg>
<arg>disable_warnings=True</arg>
<doc>Create Session: create a HTTP session to a server</doc>
<status status="PASS" start="2024-02-29T14:43:39.178752" elapsed="0.000433"/>
</kw>
<status status="PASS" start="2024-02-29T14:43:39.178499" elapsed="0.000772"/>
</kw>
<kw name="When I delete the created user" owner="test_keywords_users">
<kw name="DELETE On Session" owner="RequestsLibrary">
<msg time="2024-02-29T14:43:39.265358" level="INFO">DELETE Request : url=https://serverest.dev/usuarios/cm2dOo4fcKLMmNvY 
 path_url=/usuarios/cm2dOo4fcKLMmNvY 
 headers={'User-Agent': 'python-requests/2.31.0', 'Accept-Encoding': 'gzip, deflate', 'Accept': '*/*', 'Connection': 'keep-alive', 'Content-Length': '0'} 
 body=None 
 </msg>
<msg time="2024-02-29T14:43:39.265429" level="INFO">DELETE Response : url=https://serverest.dev/usuarios/cm2dOo4fcKLMmNvY 
 status=200, reason=OK 
 headers={'access-control-allow-origin': '*', 'x-dns-prefetch-control': 'off', 'x-frame-options': 'SAMEORIGIN', 'strict-transport-security': 'max-age=15552000; includeSubDomains', 'x-download-options': 'noopen', 'x-content-type-options': 'nosniff', 'x-xss-protection': '1; mode=block', 'content-type': 'application/json; charset=utf-8', 'X-Cloud-Trace-Context': 'a9731521d7dec47e7d1544c9ca3632c2', 'Date': 'Thu, 29 Feb 2024 14:43:39 GMT', 'Server': 'Google Frontend', 'Content-Length': '51'} 
 body={
    "message": "Registro excluído com sucesso"
} 
 </msg>
<msg time="2024-02-29T14:43:39.265534" level="INFO">${response} = &lt;Response [200]&gt;</msg>
<var>${response}</var>
<arg>serverest</arg>
<arg>${USERS_API_ENDPOINT}/${USER_ID}</arg>
<doc>Sends a DELETE request on a previously created HTTP Session.</doc>
<status status="PASS" start="2024-02-29T14:43:39.179701" elapsed="0.085862"/>
</kw>
<kw name="Set Test Variable" owner="BuiltIn">
<msg time="2024-02-29T14:43:39.265930" level="INFO">${response} = &lt;Response [200]&gt;</msg>
<arg>${response}</arg>
<doc>Makes a variable available everywhere within the scope of the current test.</doc>
<status status="PASS" start="2024-02-29T14:43:39.265727" elapsed="0.000250"/>
</kw>
<status status="PASS" start="2024-02-29T14:43:39.179444" elapsed="0.086606"/>
</kw>
<kw name="Then the response status code should be 200" owner="test_keywords_users" source_name="Then the response status code should be ${status_code}">
<kw name="Should Be Equal As Numbers" owner="BuiltIn">
<msg time="2024-02-29T14:43:39.267009" level="INFO">Argument types are:
&lt;class 'int'&gt;
&lt;class 'str'&gt;</msg>
<arg>${response.status_code}</arg>
<arg>${status_code}</arg>
<doc>Fails if objects are unequal after converting them to real numbers.</doc>
<status status="PASS" start="2024-02-29T14:43:39.266532" elapsed="0.000540"/>
</kw>
<kw name="Should Be True" owner="BuiltIn">
<arg>${response.json()}</arg>
<doc>Fails if the given condition is not true.</doc>
<status status="PASS" start="2024-02-29T14:43:39.267215" elapsed="0.000455"/>
</kw>
<status status="PASS" start="2024-02-29T14:43:39.266226" elapsed="0.001522"/>
</kw>
<kw name="And the response body should not be empty" owner="test_keywords_users">
<kw name="Should Not Be Empty" owner="BuiltIn">
<msg time="2024-02-29T14:43:39.268635" level="INFO">Length is 1.</msg>
<arg>${response.json()}</arg>
<doc>Verifies that the given item is not empty.</doc>
<status status="PASS" start="2024-02-29T14:43:39.268199" elapsed="0.000487"/>
</kw>
<status status="PASS" start="2024-02-29T14:43:39.267905" elapsed="0.000856"/>
</kw>
<tag>api</tag>
<status status="PASS" start="2024-02-29T14:43:39.178083" elapsed="0.090791"/>
</test>
<status status="PASS" start="2024-02-29T14:43:38.114298" elapsed="1.155057"/>
</suite>
<status status="PASS" start="2024-02-29T14:43:38.113297" elapsed="1.156762"/>
</suite>
<suite id="s1-s2" name="E2E" source="/home/runner/work/gen-ai-robot-test/gen-ai-robot-test/tests/e2e">
<suite id="s1-s2-s1" name="Test Ui Signup" source="/home/runner/work/gen-ai-robot-test/gen-ai-robot-test/tests/e2e/test_ui_signup.robot">
<test id="s1-s2-s1-t1" name="Scenario: Signup with empty fields" line="10">
<kw name="Before Tests" owner="test_keywords_common" type="SETUP">
<kw name="Open Browser" owner="SeleniumLibrary">
<msg time="2024-02-29T14:43:39.278747" level="INFO">Opening browser 'headless Chrome' to base url 'https://front.serverest.dev/'.</msg>
<arg>${SERVER_BASE_URL}</arg>
<arg>${HEADLESS} ${BROWSER}</arg>
<doc>Opens a new browser instance to the optional ``url``.</doc>
<status status="PASS" start="2024-02-29T14:43:39.278486" elapsed="10.963304"/>
</kw>
<kw name="Maximize Browser Window" owner="SeleniumLibrary">
<doc>Maximizes current browser window.</doc>
<status status="PASS" start="2024-02-29T14:43:50.242374" elapsed="0.104056"/>
</kw>
<status status="PASS" start="2024-02-29T14:43:39.278191" elapsed="11.068429"/>
</kw>
<kw name="Given Im on the signup page" owner="test_keywords_signup">
<kw name="Location Should Be" owner="SeleniumLibrary">
<msg time="2024-02-29T14:43:50.357401" level="INFO">Current location is 'https://front.serverest.dev/login'.</msg>
<arg>https://front.serverest.dev/login</arg>
<doc>Verifies that the current URL is exactly ``url``.</doc>
<status status="PASS" start="2024-02-29T14:43:50.347434" elapsed="0.010050"/>
</kw>
<kw name="Click Element" owner="SeleniumLibrary">
<msg time="2024-02-29T14:43:50.358170" level="INFO">Clicking element 'css=a.btn.btn-link'.</msg>
<arg>css=a.btn.btn-link</arg>
<doc>Click the element identified by ``locator``.</doc>
<status status="PASS" start="2024-02-29T14:43:50.357666" elapsed="0.126876"/>
</kw>
<status status="PASS" start="2024-02-29T14:43:50.346996" elapsed="0.137756"/>
</kw>
<kw name="When I click in signup" owner="test_keywords_signup">
<kw name="Click Button" owner="SeleniumLibrary">
<msg time="2024-02-29T14:43:50.486040" level="INFO">Clicking button 'css=.btn.btn-primary'.</msg>
<arg>css=.btn.btn-primary</arg>
<doc>Clicks the button identified by ``locator``.</doc>
<status status="PASS" start="2024-02-29T14:43:50.485737" elapsed="0.468589"/>
</kw>
<status status="PASS" start="2024-02-29T14:43:50.485132" elapsed="0.469359"/>
</kw>
<kw name="Then required field messages should be displayed" owner="test_keywords_signup">
<kw name="Wait Until Element Is Visible" owner="SeleniumLibrary">
<arg>css=.alert-dismissible</arg>
<arg>timeout=10s</arg>
<doc>Waits until the element ``locator`` is visible.</doc>
<status status="PASS" start="2024-02-29T14:43:50.955149" elapsed="0.317517"/>
</kw>
<kw name="Element Should Be Visible" owner="SeleniumLibrary">
<msg time="2024-02-29T14:43:51.287948" level="INFO">Element 'css=.alert-dismissible' is displayed.</msg>
<arg>css=.alert-dismissible</arg>
<doc>Verifies that the element identified by ``locator`` is visible.</doc>
<status status="PASS" start="2024-02-29T14:43:51.272974" elapsed="0.015086"/>
</kw>
<kw name="Page Should Contain" owner="SeleniumLibrary">
<msg time="2024-02-29T14:43:51.322998" level="INFO">Current page contains text 'Nome é obrigatório'.</msg>
<arg>Nome é obrigatório</arg>
<doc>Verifies that current page contains ``text``.</doc>
<status status="PASS" start="2024-02-29T14:43:51.288349" elapsed="0.034761"/>
</kw>
<kw name="Page Should Contain" owner="SeleniumLibrary">
<msg time="2024-02-29T14:43:51.334248" level="INFO">Current page contains text 'Email é obrigatório'.</msg>
<arg>Email é obrigatório</arg>
<doc>Verifies that current page contains ``text``.</doc>
<status status="PASS" start="2024-02-29T14:43:51.323359" elapsed="0.010984"/>
</kw>
<kw name="Page Should Contain" owner="SeleniumLibrary">
<msg time="2024-02-29T14:43:51.344034" level="INFO">Current page contains text 'Password é obrigatório'.</msg>
<arg>Password é obrigatório</arg>
<doc>Verifies that current page contains ``text``.</doc>
<status status="PASS" start="2024-02-29T14:43:51.334566" elapsed="0.009582"/>
</kw>
<status status="PASS" start="2024-02-29T14:43:50.954780" elapsed="0.389480"/>
</kw>
<kw name="After Tests" owner="test_keywords_common" type="TEARDOWN">
<kw name="Close Browser" owner="SeleniumLibrary">
<doc>Closes the current browser.</doc>
<status status="PASS" start="2024-02-29T14:43:51.344983" elapsed="0.062722"/>
</kw>
<status status="PASS" start="2024-02-29T14:43:51.344616" elapsed="0.063244"/>
</kw>
<tag>e2e</tag>
<status status="PASS" start="2024-02-29T14:43:39.277706" elapsed="12.130238"/>
</test>
<test id="s1-s2-s1-t2" name="Scenario: Signup done successfully" line="16">
<kw name="Before Tests" owner="test_keywords_common" type="SETUP">
<kw name="Open Browser" owner="SeleniumLibrary">
<msg time="2024-02-29T14:43:51.409626" level="INFO">Opening browser 'headless Chrome' to base url 'https://front.serverest.dev/'.</msg>
<arg>${SERVER_BASE_URL}</arg>
<arg>${HEADLESS} ${BROWSER}</arg>
<doc>Opens a new browser instance to the optional ``url``.</doc>
<status status="PASS" start="2024-02-29T14:43:51.409306" elapsed="0.902220"/>
</kw>
<kw name="Maximize Browser Window" owner="SeleniumLibrary">
<doc>Maximizes current browser window.</doc>
<status status="PASS" start="2024-02-29T14:43:52.312199" elapsed="0.104054"/>
</kw>
<status status="PASS" start="2024-02-29T14:43:51.408947" elapsed="1.007546"/>
</kw>
<kw name="Given Im on the signup page" owner="test_keywords_signup">
<kw name="Location Should Be" owner="SeleniumLibrary">
<msg time="2024-02-29T14:43:52.421393" level="INFO">Current location is 'https://front.serverest.dev/login'.</msg>
<arg>https://front.serverest.dev/login</arg>
<doc>Verifies that the current URL is exactly ``url``.</doc>
<status status="PASS" start="2024-02-29T14:43:52.417425" elapsed="0.004056"/>
</kw>
<kw name="Click Element" owner="SeleniumLibrary">
<msg time="2024-02-29T14:43:52.421970" level="INFO">Clicking element 'css=a.btn.btn-link'.</msg>
<arg>css=a.btn.btn-link</arg>
<doc>Click the element identified by ``locator``.</doc>
<status status="PASS" start="2024-02-29T14:43:52.421685" elapsed="0.089802"/>
</kw>
<status status="PASS" start="2024-02-29T14:43:52.416937" elapsed="0.094768"/>
</kw>
<kw name="And I fill in the signup fields with valid data" owner="test_keywords_signup">
<kw name="Name" owner="FakerLibrary">
<msg time="2024-02-29T14:43:52.513397" level="INFO">${name} = Jennifer Flowers</msg>
<var>${name}</var>
<doc>:example: 'John Doe'</doc>
<status status="PASS" start="2024-02-29T14:43:52.512730" elapsed="0.000708"/>
</kw>
<kw name="Email" owner="FakerLibrary">
<msg time="2024-02-29T14:43:52.514194" level="INFO">${email} = ahiggins@example.org</msg>
<var>${email}</var>
<status status="PASS" start="2024-02-29T14:43:52.513691" elapsed="0.000562"/>
</kw>
<kw name="Password" owner="FakerLibrary">
<msg time="2024-02-29T14:43:52.514966" level="INFO">${password} = 8dAnZVbaMTQs</msg>
<var>${password}</var>
<arg>length=12</arg>
<arg>special_chars=False</arg>
<doc>Generate a random password of the specified ``length``.</doc>
<status status="PASS" start="2024-02-29T14:43:52.514462" elapsed="0.000560"/>
</kw>
<kw name="Input Text" owner="SeleniumLibrary">
<msg time="2024-02-29T14:43:52.515683" level="INFO">Typing text 'Jennifer Flowers' into text field 'id:nome'.</msg>
<arg>id:nome</arg>
<arg>${name}</arg>
<doc>Types the given ``text`` into the text field identified by ``locator``.</doc>
<status status="PASS" start="2024-02-29T14:43:52.515311" elapsed="0.191672"/>
</kw>
<kw name="Input Text" owner="SeleniumLibrary">
<msg time="2024-02-29T14:43:52.707704" level="INFO">Typing text 'ahiggins@example.org' into text field 'id:email'.</msg>
<arg>id:email</arg>
<arg>${email}</arg>
<doc>Types the given ``text`` into the text field identified by ``locator``.</doc>
<status status="PASS" start="2024-02-29T14:43:52.707293" elapsed="0.096114"/>
</kw>
<kw name="Input Text" owner="SeleniumLibrary">
<msg time="2024-02-29T14:43:52.804025" level="INFO">Typing text '8dAnZVbaMTQs' into text field 'id:password'.</msg>
<arg>id:password</arg>
<arg>${password}</arg>
<doc>Types the given ``text`` into the text field identified by ``locator``.</doc>
<status status="PASS" start="2024-02-29T14:43:52.803711" elapsed="0.069122"/>
</kw>
<kw name="Select Checkbox" owner="SeleniumLibrary">
<msg time="2024-02-29T14:43:52.873421" level="INFO">Selecting checkbox 'id=administrador'.</msg>
<arg>id=administrador</arg>
<doc>Selects the checkbox identified by ``locator``.</doc>
<status status="PASS" start="2024-02-29T14:43:52.873150" elapsed="0.057956"/>
</kw>
<kw name="Set Suite Variable" owner="BuiltIn">
<msg time="2024-02-29T14:43:52.931915" level="INFO">${name} = Jennifer Flowers</msg>
<arg>${name}</arg>
<doc>Makes a variable available everywhere within the scope of the current suite.</doc>
<status status="PASS" start="2024-02-29T14:43:52.931523" elapsed="0.000447"/>
</kw>
<kw name="Set Suite Variable" owner="BuiltIn">
<msg time="2024-02-29T14:43:52.932441" level="INFO">${email} = ahiggins@example.org</msg>
<arg>${email}</arg>
<doc>Makes a variable available everywhere within the scope of the current suite.</doc>
<status status="PASS" start="2024-02-29T14:43:52.932227" elapsed="0.000259"/>
</kw>
<kw name="Set Suite Variable" owner="BuiltIn">
<msg time="2024-02-29T14:43:52.932835" level="INFO">${password} = 8dAnZVbaMTQs</msg>
<arg>${password}</arg>
<doc>Makes a variable available everywhere within the scope of the current suite.</doc>
<status status="PASS" start="2024-02-29T14:43:52.932634" elapsed="0.000243"/>
</kw>
<status status="PASS" start="2024-02-29T14:43:52.512188" elapsed="0.420771"/>
</kw>
<kw name="When I click in signup" owner="test_keywords_signup">
<kw name="Click Button" owner="SeleniumLibrary">
<msg time="2024-02-29T14:43:52.933662" level="INFO">Clicking button 'css=.btn.btn-primary'.</msg>
<arg>css=.btn.btn-primary</arg>
<doc>Clicks the button identified by ``locator``.</doc>
<status status="PASS" start="2024-02-29T14:43:52.933453" elapsed="0.054333"/>
</kw>
<status status="PASS" start="2024-02-29T14:43:52.933151" elapsed="0.054802"/>
</kw>
<kw name="Then the page should contain the text &quot;Cadastro realizado com sucesso&quot;" owner="test_keywords_signup" source_name="Then the page should contain the text &quot;${expected_text}&quot;">
<kw name="Wait Until Element Is Visible" owner="SeleniumLibrary">
<arg>css=.alert-dismissible</arg>
<arg>timeout=10s</arg>
<doc>Waits until the element ``locator`` is visible.</doc>
<status status="PASS" start="2024-02-29T14:43:52.988711" elapsed="0.226506"/>
</kw>
<kw name="Element Should Be Visible" owner="SeleniumLibrary">
<msg time="2024-02-29T14:43:53.229873" level="INFO">Element 'css=.alert-dismissible' is displayed.</msg>
<arg>css=.alert-dismissible</arg>
<doc>Verifies that the element identified by ``locator`` is visible.</doc>
<status status="PASS" start="2024-02-29T14:43:53.215592" elapsed="0.014402"/>
</kw>
<kw name="Page Should Contain" owner="SeleniumLibrary">
<msg time="2024-02-29T14:43:53.240267" level="INFO">Current page contains text 'Cadastro realizado com sucesso'.</msg>
<arg>${expected_text}</arg>
<doc>Verifies that current page contains ``text``.</doc>
<status status="PASS" start="2024-02-29T14:43:53.230295" elapsed="0.010060"/>
</kw>
<status status="PASS" start="2024-02-29T14:43:52.988296" elapsed="0.252170"/>
</kw>
<kw name="After Tests" owner="test_keywords_common" type="TEARDOWN">
<kw name="Close Browser" owner="SeleniumLibrary">
<doc>Closes the current browser.</doc>
<status status="PASS" start="2024-02-29T14:43:53.241194" elapsed="0.061901"/>
</kw>
<status status="PASS" start="2024-02-29T14:43:53.240830" elapsed="0.062419"/>
</kw>
<tag>e2e</tag>
<status status="PASS" start="2024-02-29T14:43:51.408393" elapsed="1.894939"/>
</test>
<test id="s1-s2-s1-t3" name="Scenario: Signup with already used email" line="23">
<kw name="Before Tests" owner="test_keywords_common" type="SETUP">
<kw name="Open Browser" owner="SeleniumLibrary">
<msg time="2024-02-29T14:43:53.305048" level="INFO">Opening browser 'headless Chrome' to base url 'https://front.serverest.dev/'.</msg>
<arg>${SERVER_BASE_URL}</arg>
<arg>${HEADLESS} ${BROWSER}</arg>
<doc>Opens a new browser instance to the optional ``url``.</doc>
<status status="PASS" start="2024-02-29T14:43:53.304731" elapsed="0.923166"/>
</kw>
<kw name="Maximize Browser Window" owner="SeleniumLibrary">
<doc>Maximizes current browser window.</doc>
<status status="PASS" start="2024-02-29T14:43:54.228792" elapsed="0.104221"/>
</kw>
<status status="PASS" start="2024-02-29T14:43:53.304377" elapsed="1.028887"/>
</kw>
<kw name="Given Im on the signup page" owner="test_keywords_signup">
<kw name="Location Should Be" owner="SeleniumLibrary">
<msg time="2024-02-29T14:43:54.338652" level="INFO">Current location is 'https://front.serverest.dev/login'.</msg>
<arg>https://front.serverest.dev/login</arg>
<doc>Verifies that the current URL is exactly ``url``.</doc>
<status status="PASS" start="2024-02-29T14:43:54.334389" elapsed="0.004381"/>
</kw>
<kw name="Click Element" owner="SeleniumLibrary">
<msg time="2024-02-29T14:43:54.339411" level="INFO">Clicking element 'css=a.btn.btn-link'.</msg>
<arg>css=a.btn.btn-link</arg>
<doc>Click the element identified by ``locator``.</doc>
<status status="PASS" start="2024-02-29T14:43:54.339032" elapsed="0.089379"/>
</kw>
<status status="PASS" start="2024-02-29T14:43:54.333770" elapsed="0.094843"/>
</kw>
<kw name="And I fill in the signup fields with an email already registered" owner="test_keywords_signup">
<kw name="Input Text" owner="SeleniumLibrary">
<msg time="2024-02-29T14:43:54.430256" level="INFO">Typing text 'Jennifer Flowers' into text field 'id:nome'.</msg>
<arg>id:nome</arg>
<arg>${name}</arg>
<doc>Types the given ``text`` into the text field identified by ``locator``.</doc>
<status status="PASS" start="2024-02-29T14:43:54.429552" elapsed="0.155773"/>
</kw>
<kw name="Input Text" owner="SeleniumLibrary">
<msg time="2024-02-29T14:43:54.586084" level="INFO">Typing text 'ahiggins@example.org' into text field 'id:email'.</msg>
<arg>id:email</arg>
<arg>${email}</arg>
<doc>Types the given ``text`` into the text field identified by ``locator``.</doc>
<status status="PASS" start="2024-02-29T14:43:54.585697" elapsed="0.077021"/>
</kw>
<kw name="Input Text" owner="SeleniumLibrary">
<msg time="2024-02-29T14:43:54.663402" level="INFO">Typing text '8dAnZVbaMTQs' into text field 'id:password'.</msg>
<arg>id:password</arg>
<arg>${password}</arg>
<doc>Types the given ``text`` into the text field identified by ``locator``.</doc>
<status status="PASS" start="2024-02-29T14:43:54.663031" elapsed="0.068658"/>
</kw>
<kw name="Select Checkbox" owner="SeleniumLibrary">
<msg time="2024-02-29T14:43:54.732327" level="INFO">Selecting checkbox 'id=administrador'.</msg>
<arg>id=administrador</arg>
<doc>Selects the checkbox identified by ``locator``.</doc>
<status status="PASS" start="2024-02-29T14:43:54.732005" elapsed="0.053691"/>
</kw>
<status status="PASS" start="2024-02-29T14:43:54.429031" elapsed="0.356840"/>
</kw>
<kw name="When I click in signup" owner="test_keywords_signup">
<kw name="Click Button" owner="SeleniumLibrary">
<msg time="2024-02-29T14:43:54.786781" level="INFO">Clicking button 'css=.btn.btn-primary'.</msg>
<arg>css=.btn.btn-primary</arg>
<doc>Clicks the button identified by ``locator``.</doc>
<status status="PASS" start="2024-02-29T14:43:54.786549" elapsed="0.048119"/>
</kw>
<status status="PASS" start="2024-02-29T14:43:54.786158" elapsed="0.048711"/>
</kw>
<kw name="Then the page should contain the text &quot;Este email já está sendo usado&quot;" owner="test_keywords_signup" source_name="Then the page should contain the text &quot;${expected_text}&quot;">
<kw name="Wait Until Element Is Visible" owner="SeleniumLibrary">
<arg>css=.alert-dismissible</arg>
<arg>timeout=10s</arg>
<doc>Waits until the element ``locator`` is visible.</doc>
<status status="PASS" start="2024-02-29T14:43:54.835607" elapsed="0.224630"/>
</kw>
<kw name="Element Should Be Visible" owner="SeleniumLibrary">
<msg time="2024-02-29T14:43:55.075134" level="INFO">Element 'css=.alert-dismissible' is displayed.</msg>
<arg>css=.alert-dismissible</arg>
<doc>Verifies that the element identified by ``locator`` is visible.</doc>
<status status="PASS" start="2024-02-29T14:43:55.060539" elapsed="0.014704"/>
</kw>
<kw name="Page Should Contain" owner="SeleniumLibrary">
<msg time="2024-02-29T14:43:55.086646" level="INFO">Current page contains text 'Este email já está sendo usado'.</msg>
<arg>${expected_text}</arg>
<doc>Verifies that current page contains ``text``.</doc>
<status status="PASS" start="2024-02-29T14:43:55.075487" elapsed="0.011256"/>
</kw>
<status status="PASS" start="2024-02-29T14:43:54.835198" elapsed="0.251662"/>
</kw>
<kw name="After Tests" owner="test_keywords_common" type="TEARDOWN">
<kw name="Close Browser" owner="SeleniumLibrary">
<doc>Closes the current browser.</doc>
<status status="PASS" start="2024-02-29T14:43:55.087592" elapsed="0.061423"/>
</kw>
<status status="PASS" start="2024-02-29T14:43:55.087233" elapsed="0.061997"/>
</kw>
<tag>e2e</tag>
<status status="PASS" start="2024-02-29T14:43:53.303791" elapsed="1.845524"/>
</test>
<status status="PASS" start="2024-02-29T14:43:39.271649" elapsed="15.878243"/>
</suite>
<status status="PASS" start="2024-02-29T14:43:39.270483" elapsed="15.880199"/>
</suite>
<status status="PASS" start="2024-02-29T14:43:38.093696" elapsed="17.057545"/>
</suite>
<statistics>
<total>
<stat pass="8" fail="0" skip="0">All Tests</stat>
</total>
<tag>
<stat pass="5" fail="0" skip="0">api</stat>
<stat pass="3" fail="0" skip="0">e2e</stat>
</tag>
<suite>
<stat pass="8" fail="0" skip="0" id="s1" name="Tests">Tests</stat>
<stat pass="5" fail="0" skip="0" id="s1-s1" name="Api">Tests.Api</stat>
<stat pass="5" fail="0" skip="0" id="s1-s1-s1" name="Test Api Users">Tests.Api.Test Api Users</stat>
<stat pass="3" fail="0" skip="0" id="s1-s2" name="E2E">Tests.E2E</stat>
<stat pass="3" fail="0" skip="0" id="s1-s2-s1" name="Test Ui Signup">Tests.E2E.Test Ui Signup</stat>
</suite>
</statistics>
<errors>
</errors>
</robot>
