<?xml version="1.0" encoding="UTF-8"?>
<robot generator="Robot 6.0.2 (Python 3.8.16 on linux)" generated="20230526 19:27:19.832" rpa="false" schemaversion="3">
<suite id="s1" name="Tests" source="/home/runner/work/gen-ai-robot-test/gen-ai-robot-test/tests">
<suite id="s1-s1" name="Api" source="/home/runner/work/gen-ai-robot-test/gen-ai-robot-test/tests/api">
<suite id="s1-s1-s1" name="Test Api Users" source="/home/runner/work/gen-ai-robot-test/gen-ai-robot-test/tests/api/test_api_users.robot">
<test id="s1-s1-s1-t1" name="Scenario: Get all registered users" line="9">
<kw name="Before Tests" library="test_keywords_common" type="SETUP">
<kw name="Create Session" library="RequestsLibrary">
<arg>serverest</arg>
<arg>${SERVER_BASE_URL}</arg>
<arg>disable_warnings=True</arg>
<doc>Create Session: create a HTTP session to a server</doc>
<msg timestamp="20230526 19:27:20.642" level="INFO">Creating Session using : alias=serverest, url=https://serverest.dev, headers={},                     cookies={}, auth=None, timeout=None, proxies=None, verify=False,                     debug=0 </msg>
<status status="PASS" starttime="20230526 19:27:20.642" endtime="20230526 19:27:20.643"/>
</kw>
<status status="PASS" starttime="20230526 19:27:20.641" endtime="20230526 19:27:20.643"/>
</kw>
<kw name="When I request the list of all registered users" library="test_keywords_users">
<kw name="GET On Session" library="RequestsLibrary">
<var>${response}</var>
<arg>serverest</arg>
<arg>${USERS_API_ENDPOINT}</arg>
<doc>Sends a GET request on a previously created HTTP Session.</doc>
<msg timestamp="20230526 19:27:20.893" level="INFO">GET Request : url=https://serverest.dev/usuarios 
 path_url=/usuarios 
 headers={'User-Agent': 'python-requests/2.31.0', 'Accept-Encoding': 'gzip, deflate', 'Accept': '*/*', 'Connection': 'keep-alive'} 
 body=None 
 </msg>
<msg timestamp="20230526 19:27:20.893" level="INFO">GET Response : url=https://serverest.dev/usuarios 
 status=200, reason=OK 
 headers={'access-control-allow-origin': '*', 'x-dns-prefetch-control': 'off', 'x-frame-options': 'SAMEORIGIN', 'strict-transport-security': 'max-age=15552000; includeSubDomains', 'x-download-options': 'noopen', 'x-content-type-options': 'nosniff', 'x-xss-protection': '1; mode=block', 'x-moesif-transaction-id': '6fb648d7-24aa-4451-9c77-af65f34bc869', 'content-type': 'application/json; charset=utf-8', 'X-Cloud-Trace-Context': '5049b4502c79f4c4e1c45c9347f9a0ff;o=1', 'Date': 'Fri, 26 May 2023 19:27:20 GMT', 'Server': 'Google Frontend', 'Content-Length': '253'} 
 body={
    "quantidade": 1,
    "usuarios": [
        {
            "nome": "Fulano da Silva",
            "email": "fulano@qa.com",
            "password": "teste",
            "administrador": "true",
            "_id": "0uxuPY0cbmQhpEz1"
        }
    ]
} 
 </msg>
<msg timestamp="20230526 19:27:20.893" level="INFO">${response} = &lt;Response [200]&gt;</msg>
<status status="PASS" starttime="20230526 19:27:20.644" endtime="20230526 19:27:20.893"/>
</kw>
<kw name="Set Test Variable" library="BuiltIn">
<arg>${response}</arg>
<doc>Makes a variable available everywhere within the scope of the current test.</doc>
<msg timestamp="20230526 19:27:20.894" level="INFO">${response} = &lt;Response [200]&gt;</msg>
<status status="PASS" starttime="20230526 19:27:20.893" endtime="20230526 19:27:20.894"/>
</kw>
<status status="PASS" starttime="20230526 19:27:20.643" endtime="20230526 19:27:20.894"/>
</kw>
<kw name="Then the response status code should be 200" library="test_keywords_users" sourcename="Then the response status code should be ${status_code}">
<kw name="Should Be Equal As Numbers" library="BuiltIn">
<arg>${response.status_code}</arg>
<arg>${status_code}</arg>
<doc>Fails if objects are unequal after converting them to real numbers.</doc>
<msg timestamp="20230526 19:27:20.896" level="INFO">Argument types are:
&lt;class 'int'&gt;
&lt;class 'str'&gt;</msg>
<status status="PASS" starttime="20230526 19:27:20.895" endtime="20230526 19:27:20.896"/>
</kw>
<kw name="Should Be True" library="BuiltIn">
<arg>${response.json()}</arg>
<doc>Fails if the given condition is not true.</doc>
<status status="PASS" starttime="20230526 19:27:20.896" endtime="20230526 19:27:20.897"/>
</kw>
<status status="PASS" starttime="20230526 19:27:20.894" endtime="20230526 19:27:20.897"/>
</kw>
<kw name="And the response body should not be empty" library="test_keywords_users">
<kw name="Should Not Be Empty" library="BuiltIn">
<arg>${response.json()}</arg>
<doc>Verifies that the given item is not empty.</doc>
<msg timestamp="20230526 19:27:20.899" level="INFO">Length is 2</msg>
<status status="PASS" starttime="20230526 19:27:20.898" endtime="20230526 19:27:20.899"/>
</kw>
<status status="PASS" starttime="20230526 19:27:20.898" endtime="20230526 19:27:20.899"/>
</kw>
<tag>api</tag>
<status status="PASS" starttime="20230526 19:27:20.640" endtime="20230526 19:27:20.900"/>
</test>
<test id="s1-s1-s1-t2" name="Scenario: Create a new user" line="15">
<kw name="Before Tests" library="test_keywords_common" type="SETUP">
<kw name="Create Session" library="RequestsLibrary">
<arg>serverest</arg>
<arg>${SERVER_BASE_URL}</arg>
<arg>disable_warnings=True</arg>
<doc>Create Session: create a HTTP session to a server</doc>
<msg timestamp="20230526 19:27:20.903" level="INFO">Creating Session using : alias=serverest, url=https://serverest.dev, headers={},                     cookies={}, auth=None, timeout=None, proxies=None, verify=False,                     debug=0 </msg>
<status status="PASS" starttime="20230526 19:27:20.903" endtime="20230526 19:27:20.903"/>
</kw>
<status status="PASS" starttime="20230526 19:27:20.902" endtime="20230526 19:27:20.904"/>
</kw>
<kw name="Given I have a valid user data" library="test_keywords_users">
<kw name="Name" library="FakerLibrary">
<var>${name}</var>
<doc>:example 'John Doe'</doc>
<msg timestamp="20230526 19:27:20.905" level="INFO">${name} = Perry Love</msg>
<status status="PASS" starttime="20230526 19:27:20.904" endtime="20230526 19:27:20.905"/>
</kw>
<kw name="Email" library="FakerLibrary">
<var>${email}</var>
<msg timestamp="20230526 19:27:20.906" level="INFO">${email} = imiller@example.org</msg>
<status status="PASS" starttime="20230526 19:27:20.905" endtime="20230526 19:27:20.906"/>
</kw>
<kw name="Password" library="FakerLibrary">
<var>${password}</var>
<arg>length=12</arg>
<arg>special_chars=False</arg>
<doc>Generate a random password of the specified ``length``.</doc>
<msg timestamp="20230526 19:27:20.907" level="INFO">${password} = sBMnnUxiv9Yu</msg>
<status status="PASS" starttime="20230526 19:27:20.906" endtime="20230526 19:27:20.907"/>
</kw>
<kw name="Set Suite Variable" library="BuiltIn">
<arg>${name}</arg>
<doc>Makes a variable available everywhere within the scope of the current suite.</doc>
<msg timestamp="20230526 19:27:20.908" level="INFO">${name} = Perry Love</msg>
<status status="PASS" starttime="20230526 19:27:20.908" endtime="20230526 19:27:20.908"/>
</kw>
<kw name="Set Suite Variable" library="BuiltIn">
<arg>${email}</arg>
<doc>Makes a variable available everywhere within the scope of the current suite.</doc>
<msg timestamp="20230526 19:27:20.909" level="INFO">${email} = imiller@example.org</msg>
<status status="PASS" starttime="20230526 19:27:20.908" endtime="20230526 19:27:20.909"/>
</kw>
<kw name="Set Suite Variable" library="BuiltIn">
<arg>${password}</arg>
<doc>Makes a variable available everywhere within the scope of the current suite.</doc>
<msg timestamp="20230526 19:27:20.910" level="INFO">${password} = sBMnnUxiv9Yu</msg>
<status status="PASS" starttime="20230526 19:27:20.909" endtime="20230526 19:27:20.910"/>
</kw>
<status status="PASS" starttime="20230526 19:27:20.904" endtime="20230526 19:27:20.910"/>
</kw>
<kw name="When I create the user" library="test_keywords_users">
<kw name="Create Dictionary" library="BuiltIn">
<var>${payload}</var>
<arg>nome=${name}</arg>
<arg>email=${email}</arg>
<arg>password=${password}</arg>
<arg>administrador=false</arg>
<doc>Creates and returns a dictionary based on the given ``items``.</doc>
<msg timestamp="20230526 19:27:20.913" level="INFO">${payload} = {'nome': 'Perry Love', 'email': 'imiller@example.org', 'password': 'sBMnnUxiv9Yu', 'administrador': 'false'}</msg>
<status status="PASS" starttime="20230526 19:27:20.911" endtime="20230526 19:27:20.913"/>
</kw>
<kw name="Create Dictionary" library="BuiltIn">
<var>${headers}</var>
<arg>Content-Type=application/json</arg>
<doc>Creates and returns a dictionary based on the given ``items``.</doc>
<msg timestamp="20230526 19:27:20.915" level="INFO">${headers} = {'Content-Type': 'application/json'}</msg>
<status status="PASS" starttime="20230526 19:27:20.915" endtime="20230526 19:27:20.916"/>
</kw>
<kw name="POST On Session" library="RequestsLibrary">
<var>${response}</var>
<arg>serverest</arg>
<arg>${USERS_API_ENDPOINT}</arg>
<arg>json=${payload}</arg>
<arg>headers=${headers}</arg>
<doc>Sends a POST request on a previously created HTTP Session.</doc>
<msg timestamp="20230526 19:27:21.021" level="INFO">POST Request : url=https://serverest.dev/usuarios 
 path_url=/usuarios 
 headers={'User-Agent': 'python-requests/2.31.0', 'Accept-Encoding': 'gzip, deflate', 'Accept': '*/*', 'Connection': 'keep-alive', 'Content-Type': 'application/json', 'Content-Length': '108'} 
 body=b'{"nome": "Perry Love", "email": "imiller@example.org", "password": "sBMnnUxiv9Yu", "administrador": "false"}' 
 </msg>
<msg timestamp="20230526 19:27:21.021" level="INFO">POST Response : url=https://serverest.dev/usuarios 
 status=201, reason=Created 
 headers={'access-control-allow-origin': '*', 'x-dns-prefetch-control': 'off', 'x-frame-options': 'SAMEORIGIN', 'strict-transport-security': 'max-age=15552000; includeSubDomains', 'x-download-options': 'noopen', 'x-content-type-options': 'nosniff', 'x-xss-protection': '1; mode=block', 'x-moesif-transaction-id': '0c419515-12af-40cb-a980-b61faa85d4d7', 'content-type': 'application/json; charset=utf-8', 'X-Cloud-Trace-Context': 'f38721c597067602c8682c99a0df5e3b', 'Date': 'Fri, 26 May 2023 19:27:20 GMT', 'Server': 'Google Frontend', 'Content-Length': '82'} 
 body={
    "message": "Cadastro realizado com sucesso",
    "_id": "eQNwPlWT2ArFDdsB"
} 
 </msg>
<msg timestamp="20230526 19:27:21.021" level="INFO">${response} = &lt;Response [201]&gt;</msg>
<status status="PASS" starttime="20230526 19:27:20.916" endtime="20230526 19:27:21.021"/>
</kw>
<kw name="Set Variable" library="BuiltIn">
<var>${user_id}</var>
<arg>${response.json()['_id']}</arg>
<doc>Returns the given values which can then be assigned to a variables.</doc>
<msg timestamp="20230526 19:27:21.023" level="INFO">${user_id} = eQNwPlWT2ArFDdsB</msg>
<status status="PASS" starttime="20230526 19:27:21.022" endtime="20230526 19:27:21.023"/>
</kw>
<kw name="Set Global Variable" library="BuiltIn">
<arg>${USER_ID}</arg>
<arg>${user_id}</arg>
<doc>Makes a variable available globally in all tests and suites.</doc>
<msg timestamp="20230526 19:27:21.024" level="INFO">${USER_ID} = eQNwPlWT2ArFDdsB</msg>
<status status="PASS" starttime="20230526 19:27:21.023" endtime="20230526 19:27:21.024"/>
</kw>
<kw name="Set Test Variable" library="BuiltIn">
<arg>${response}</arg>
<doc>Makes a variable available everywhere within the scope of the current test.</doc>
<msg timestamp="20230526 19:27:21.024" level="INFO">${response} = &lt;Response [201]&gt;</msg>
<status status="PASS" starttime="20230526 19:27:21.024" endtime="20230526 19:27:21.025"/>
</kw>
<status status="PASS" starttime="20230526 19:27:20.910" endtime="20230526 19:27:21.025"/>
</kw>
<kw name="Then the response status code should be 201" library="test_keywords_users" sourcename="Then the response status code should be ${status_code}">
<kw name="Should Be Equal As Numbers" library="BuiltIn">
<arg>${response.status_code}</arg>
<arg>${status_code}</arg>
<doc>Fails if objects are unequal after converting them to real numbers.</doc>
<msg timestamp="20230526 19:27:21.026" level="INFO">Argument types are:
&lt;class 'int'&gt;
&lt;class 'str'&gt;</msg>
<status status="PASS" starttime="20230526 19:27:21.025" endtime="20230526 19:27:21.026"/>
</kw>
<kw name="Should Be True" library="BuiltIn">
<arg>${response.json()}</arg>
<doc>Fails if the given condition is not true.</doc>
<status status="PASS" starttime="20230526 19:27:21.027" endtime="20230526 19:27:21.027"/>
</kw>
<status status="PASS" starttime="20230526 19:27:21.025" endtime="20230526 19:27:21.028"/>
</kw>
<kw name="And the response body should not be empty" library="test_keywords_users">
<kw name="Should Not Be Empty" library="BuiltIn">
<arg>${response.json()}</arg>
<doc>Verifies that the given item is not empty.</doc>
<msg timestamp="20230526 19:27:21.029" level="INFO">Length is 2</msg>
<status status="PASS" starttime="20230526 19:27:21.028" endtime="20230526 19:27:21.029"/>
</kw>
<status status="PASS" starttime="20230526 19:27:21.028" endtime="20230526 19:27:21.029"/>
</kw>
<tag>api</tag>
<status status="PASS" starttime="20230526 19:27:20.901" endtime="20230526 19:27:21.030"/>
</test>
<test id="s1-s1-s1-t3" name="Scenario: Get a specific user informations" line="22">
<kw name="Before Tests" library="test_keywords_common" type="SETUP">
<kw name="Create Session" library="RequestsLibrary">
<arg>serverest</arg>
<arg>${SERVER_BASE_URL}</arg>
<arg>disable_warnings=True</arg>
<doc>Create Session: create a HTTP session to a server</doc>
<msg timestamp="20230526 19:27:21.033" level="INFO">Creating Session using : alias=serverest, url=https://serverest.dev, headers={},                     cookies={}, auth=None, timeout=None, proxies=None, verify=False,                     debug=0 </msg>
<status status="PASS" starttime="20230526 19:27:21.032" endtime="20230526 19:27:21.033"/>
</kw>
<status status="PASS" starttime="20230526 19:27:21.031" endtime="20230526 19:27:21.033"/>
</kw>
<kw name="When I request the created user" library="test_keywords_users">
<kw name="GET On Session" library="RequestsLibrary">
<var>${response}</var>
<arg>serverest</arg>
<arg>${USERS_API_ENDPOINT}/${USER_ID}</arg>
<doc>Sends a GET request on a previously created HTTP Session.</doc>
<msg timestamp="20230526 19:27:21.139" level="INFO">GET Request : url=https://serverest.dev/usuarios/eQNwPlWT2ArFDdsB 
 path_url=/usuarios/eQNwPlWT2ArFDdsB 
 headers={'User-Agent': 'python-requests/2.31.0', 'Accept-Encoding': 'gzip, deflate', 'Accept': '*/*', 'Connection': 'keep-alive'} 
 body=None 
 </msg>
<msg timestamp="20230526 19:27:21.139" level="INFO">GET Response : url=https://serverest.dev/usuarios/eQNwPlWT2ArFDdsB 
 status=200, reason=OK 
 headers={'access-control-allow-origin': '*', 'x-dns-prefetch-control': 'off', 'x-frame-options': 'SAMEORIGIN', 'strict-transport-security': 'max-age=15552000; includeSubDomains', 'x-download-options': 'noopen', 'x-content-type-options': 'nosniff', 'x-xss-protection': '1; mode=block', 'x-moesif-transaction-id': 'c4c8a9a4-452a-43bd-b3af-0c9640d1a596', 'content-type': 'application/json; charset=utf-8', 'X-Cloud-Trace-Context': '2c1a68f6f0a1bb565256bce12421579f', 'Date': 'Fri, 26 May 2023 19:27:21 GMT', 'Server': 'Google Frontend', 'Content-Length': '157'} 
 body={
    "nome": "Perry Love",
    "email": "imiller@example.org",
    "password": "sBMnnUxiv9Yu",
    "administrador": "false",
    "_id": "eQNwPlWT2ArFDdsB"
} 
 </msg>
<msg timestamp="20230526 19:27:21.139" level="INFO">${response} = &lt;Response [200]&gt;</msg>
<status status="PASS" starttime="20230526 19:27:21.034" endtime="20230526 19:27:21.139"/>
</kw>
<kw name="Set Test Variable" library="BuiltIn">
<arg>${response}</arg>
<doc>Makes a variable available everywhere within the scope of the current test.</doc>
<msg timestamp="20230526 19:27:21.140" level="INFO">${response} = &lt;Response [200]&gt;</msg>
<status status="PASS" starttime="20230526 19:27:21.140" endtime="20230526 19:27:21.140"/>
</kw>
<status status="PASS" starttime="20230526 19:27:21.034" endtime="20230526 19:27:21.140"/>
</kw>
<kw name="Then the response status code should be 200" library="test_keywords_users" sourcename="Then the response status code should be ${status_code}">
<kw name="Should Be Equal As Numbers" library="BuiltIn">
<arg>${response.status_code}</arg>
<arg>${status_code}</arg>
<doc>Fails if objects are unequal after converting them to real numbers.</doc>
<msg timestamp="20230526 19:27:21.142" level="INFO">Argument types are:
&lt;class 'int'&gt;
&lt;class 'str'&gt;</msg>
<status status="PASS" starttime="20230526 19:27:21.141" endtime="20230526 19:27:21.142"/>
</kw>
<kw name="Should Be True" library="BuiltIn">
<arg>${response.json()}</arg>
<doc>Fails if the given condition is not true.</doc>
<status status="PASS" starttime="20230526 19:27:21.143" endtime="20230526 19:27:21.144"/>
</kw>
<status status="PASS" starttime="20230526 19:27:21.141" endtime="20230526 19:27:21.144"/>
</kw>
<kw name="And the response body should not be empty" library="test_keywords_users">
<kw name="Should Not Be Empty" library="BuiltIn">
<arg>${response.json()}</arg>
<doc>Verifies that the given item is not empty.</doc>
<msg timestamp="20230526 19:27:21.146" level="INFO">Length is 5</msg>
<status status="PASS" starttime="20230526 19:27:21.144" endtime="20230526 19:27:21.146"/>
</kw>
<status status="PASS" starttime="20230526 19:27:21.144" endtime="20230526 19:27:21.146"/>
</kw>
<tag>api</tag>
<status status="PASS" starttime="20230526 19:27:21.031" endtime="20230526 19:27:21.146"/>
</test>
<test id="s1-s1-s1-t4" name="Scenario: Update the created user" line="28">
<kw name="Before Tests" library="test_keywords_common" type="SETUP">
<kw name="Create Session" library="RequestsLibrary">
<arg>serverest</arg>
<arg>${SERVER_BASE_URL}</arg>
<arg>disable_warnings=True</arg>
<doc>Create Session: create a HTTP session to a server</doc>
<msg timestamp="20230526 19:27:21.149" level="INFO">Creating Session using : alias=serverest, url=https://serverest.dev, headers={},                     cookies={}, auth=None, timeout=None, proxies=None, verify=False,                     debug=0 </msg>
<status status="PASS" starttime="20230526 19:27:21.148" endtime="20230526 19:27:21.149"/>
</kw>
<status status="PASS" starttime="20230526 19:27:21.148" endtime="20230526 19:27:21.150"/>
</kw>
<kw name="When I update the created user" library="test_keywords_users">
<kw name="Create Dictionary" library="BuiltIn">
<var>${payload}</var>
<arg>nome=John Smith</arg>
<arg>email=john.smith@example.com</arg>
<arg>password=P@ssw0rd123</arg>
<arg>administrador=false</arg>
<doc>Creates and returns a dictionary based on the given ``items``.</doc>
<msg timestamp="20230526 19:27:21.151" level="INFO">${payload} = {'nome': 'John Smith', 'email': 'john.smith@example.com', 'password': 'P@ssw0rd123', 'administrador': 'false'}</msg>
<status status="PASS" starttime="20230526 19:27:21.150" endtime="20230526 19:27:21.151"/>
</kw>
<kw name="Create Dictionary" library="BuiltIn">
<var>${headers}</var>
<arg>Content-Type=application/json</arg>
<doc>Creates and returns a dictionary based on the given ``items``.</doc>
<msg timestamp="20230526 19:27:21.151" level="INFO">${headers} = {'Content-Type': 'application/json'}</msg>
<status status="PASS" starttime="20230526 19:27:21.151" endtime="20230526 19:27:21.151"/>
</kw>
<kw name="PUT On Session" library="RequestsLibrary">
<var>${response}</var>
<arg>serverest</arg>
<arg>${USERS_API_ENDPOINT}/${USER_ID}</arg>
<arg>json=${payload}</arg>
<arg>headers=${headers}</arg>
<doc>Sends a PUT request on a previously created HTTP Session.</doc>
<msg timestamp="20230526 19:27:21.255" level="INFO">PUT Request : url=https://serverest.dev/usuarios/eQNwPlWT2ArFDdsB 
 path_url=/usuarios/eQNwPlWT2ArFDdsB 
 headers={'User-Agent': 'python-requests/2.31.0', 'Accept-Encoding': 'gzip, deflate', 'Accept': '*/*', 'Connection': 'keep-alive', 'Content-Type': 'application/json', 'Content-Length': '110'} 
 body=b'{"nome": "John Smith", "email": "john.smith@example.com", "password": "P@ssw0rd123", "administrador": "false"}' 
 </msg>
<msg timestamp="20230526 19:27:21.255" level="INFO">PUT Response : url=https://serverest.dev/usuarios/eQNwPlWT2ArFDdsB 
 status=200, reason=OK 
 headers={'access-control-allow-origin': '*', 'x-dns-prefetch-control': 'off', 'x-frame-options': 'SAMEORIGIN', 'strict-transport-security': 'max-age=15552000; includeSubDomains', 'x-download-options': 'noopen', 'x-content-type-options': 'nosniff', 'x-xss-protection': '1; mode=block', 'x-moesif-transaction-id': '6f5504d5-9c66-4d3e-8cbd-cd119e951cf8', 'content-type': 'application/json; charset=utf-8', 'X-Cloud-Trace-Context': 'c979ab422018082c9205b95734188235', 'Date': 'Fri, 26 May 2023 19:27:21 GMT', 'Server': 'Google Frontend', 'Content-Length': '50'} 
 body={
    "message": "Registro alterado com sucesso"
} 
 </msg>
<msg timestamp="20230526 19:27:21.256" level="INFO">${response} = &lt;Response [200]&gt;</msg>
<status status="PASS" starttime="20230526 19:27:21.152" endtime="20230526 19:27:21.256"/>
</kw>
<kw name="Set Test Variable" library="BuiltIn">
<arg>${response}</arg>
<doc>Makes a variable available everywhere within the scope of the current test.</doc>
<msg timestamp="20230526 19:27:21.257" level="INFO">${response} = &lt;Response [200]&gt;</msg>
<status status="PASS" starttime="20230526 19:27:21.256" endtime="20230526 19:27:21.257"/>
</kw>
<status status="PASS" starttime="20230526 19:27:21.150" endtime="20230526 19:27:21.257"/>
</kw>
<kw name="Then the response status code should be 200" library="test_keywords_users" sourcename="Then the response status code should be ${status_code}">
<kw name="Should Be Equal As Numbers" library="BuiltIn">
<arg>${response.status_code}</arg>
<arg>${status_code}</arg>
<doc>Fails if objects are unequal after converting them to real numbers.</doc>
<msg timestamp="20230526 19:27:21.259" level="INFO">Argument types are:
&lt;class 'int'&gt;
&lt;class 'str'&gt;</msg>
<status status="PASS" starttime="20230526 19:27:21.258" endtime="20230526 19:27:21.259"/>
</kw>
<kw name="Should Be True" library="BuiltIn">
<arg>${response.json()}</arg>
<doc>Fails if the given condition is not true.</doc>
<status status="PASS" starttime="20230526 19:27:21.259" endtime="20230526 19:27:21.260"/>
</kw>
<status status="PASS" starttime="20230526 19:27:21.257" endtime="20230526 19:27:21.260"/>
</kw>
<kw name="And the response body should not be empty" library="test_keywords_users">
<kw name="Should Not Be Empty" library="BuiltIn">
<arg>${response.json()}</arg>
<doc>Verifies that the given item is not empty.</doc>
<msg timestamp="20230526 19:27:21.262" level="INFO">Length is 1</msg>
<status status="PASS" starttime="20230526 19:27:21.261" endtime="20230526 19:27:21.262"/>
</kw>
<status status="PASS" starttime="20230526 19:27:21.261" endtime="20230526 19:27:21.262"/>
</kw>
<tag>api</tag>
<status status="PASS" starttime="20230526 19:27:21.147" endtime="20230526 19:27:21.263"/>
</test>
<test id="s1-s1-s1-t5" name="Scenario: Delete the created user" line="34">
<kw name="Before Tests" library="test_keywords_common" type="SETUP">
<kw name="Create Session" library="RequestsLibrary">
<arg>serverest</arg>
<arg>${SERVER_BASE_URL}</arg>
<arg>disable_warnings=True</arg>
<doc>Create Session: create a HTTP session to a server</doc>
<msg timestamp="20230526 19:27:21.266" level="INFO">Creating Session using : alias=serverest, url=https://serverest.dev, headers={},                     cookies={}, auth=None, timeout=None, proxies=None, verify=False,                     debug=0 </msg>
<status status="PASS" starttime="20230526 19:27:21.265" endtime="20230526 19:27:21.266"/>
</kw>
<status status="PASS" starttime="20230526 19:27:21.265" endtime="20230526 19:27:21.267"/>
</kw>
<kw name="When I delete the created user" library="test_keywords_users">
<kw name="DELETE On Session" library="RequestsLibrary">
<var>${response}</var>
<arg>serverest</arg>
<arg>${USERS_API_ENDPOINT}/${USER_ID}</arg>
<doc>Sends a DELETE request on a previously created HTTP Session.</doc>
<msg timestamp="20230526 19:27:21.367" level="INFO">DELETE Request : url=https://serverest.dev/usuarios/eQNwPlWT2ArFDdsB 
 path_url=/usuarios/eQNwPlWT2ArFDdsB 
 headers={'User-Agent': 'python-requests/2.31.0', 'Accept-Encoding': 'gzip, deflate', 'Accept': '*/*', 'Connection': 'keep-alive', 'Content-Length': '0'} 
 body=None 
 </msg>
<msg timestamp="20230526 19:27:21.367" level="INFO">DELETE Response : url=https://serverest.dev/usuarios/eQNwPlWT2ArFDdsB 
 status=200, reason=OK 
 headers={'access-control-allow-origin': '*', 'x-dns-prefetch-control': 'off', 'x-frame-options': 'SAMEORIGIN', 'strict-transport-security': 'max-age=15552000; includeSubDomains', 'x-download-options': 'noopen', 'x-content-type-options': 'nosniff', 'x-xss-protection': '1; mode=block', 'x-moesif-transaction-id': 'c2a4782f-2c66-43b6-8e40-a4368bb8394a', 'content-type': 'application/json; charset=utf-8', 'X-Cloud-Trace-Context': '7f185aea12812923fae87b1ab4e299de', 'Date': 'Fri, 26 May 2023 19:27:21 GMT', 'Server': 'Google Frontend', 'Content-Length': '51'} 
 body={
    "message": "Registro excluído com sucesso"
} 
 </msg>
<msg timestamp="20230526 19:27:21.368" level="INFO">${response} = &lt;Response [200]&gt;</msg>
<status status="PASS" starttime="20230526 19:27:21.267" endtime="20230526 19:27:21.368"/>
</kw>
<kw name="Set Test Variable" library="BuiltIn">
<arg>${response}</arg>
<doc>Makes a variable available everywhere within the scope of the current test.</doc>
<msg timestamp="20230526 19:27:21.369" level="INFO">${response} = &lt;Response [200]&gt;</msg>
<status status="PASS" starttime="20230526 19:27:21.368" endtime="20230526 19:27:21.369"/>
</kw>
<status status="PASS" starttime="20230526 19:27:21.267" endtime="20230526 19:27:21.369"/>
</kw>
<kw name="Then the response status code should be 200" library="test_keywords_users" sourcename="Then the response status code should be ${status_code}">
<kw name="Should Be Equal As Numbers" library="BuiltIn">
<arg>${response.status_code}</arg>
<arg>${status_code}</arg>
<doc>Fails if objects are unequal after converting them to real numbers.</doc>
<msg timestamp="20230526 19:27:21.371" level="INFO">Argument types are:
&lt;class 'int'&gt;
&lt;class 'str'&gt;</msg>
<status status="PASS" starttime="20230526 19:27:21.369" endtime="20230526 19:27:21.371"/>
</kw>
<kw name="Should Be True" library="BuiltIn">
<arg>${response.json()}</arg>
<doc>Fails if the given condition is not true.</doc>
<status status="PASS" starttime="20230526 19:27:21.371" endtime="20230526 19:27:21.372"/>
</kw>
<status status="PASS" starttime="20230526 19:27:21.369" endtime="20230526 19:27:21.372"/>
</kw>
<kw name="And the response body should not be empty" library="test_keywords_users">
<kw name="Should Not Be Empty" library="BuiltIn">
<arg>${response.json()}</arg>
<doc>Verifies that the given item is not empty.</doc>
<msg timestamp="20230526 19:27:21.374" level="INFO">Length is 1</msg>
<status status="PASS" starttime="20230526 19:27:21.373" endtime="20230526 19:27:21.374"/>
</kw>
<status status="PASS" starttime="20230526 19:27:21.373" endtime="20230526 19:27:21.374"/>
</kw>
<tag>api</tag>
<status status="PASS" starttime="20230526 19:27:21.264" endtime="20230526 19:27:21.374"/>
</test>
<status status="PASS" starttime="20230526 19:27:19.869" endtime="20230526 19:27:21.376"/>
</suite>
<status status="PASS" starttime="20230526 19:27:19.866" endtime="20230526 19:27:21.378"/>
</suite>
<suite id="s1-s2" name="Ui" source="/home/runner/work/gen-ai-robot-test/gen-ai-robot-test/tests/ui">
<suite id="s1-s2-s1" name="Test Ui Signup" source="/home/runner/work/gen-ai-robot-test/gen-ai-robot-test/tests/ui/test_ui_signup.robot">
<test id="s1-s2-s1-t1" name="Scenario: Signup with empty fields" line="10">
<kw name="Before Tests" library="test_keywords_common" type="SETUP">
<kw name="Open Browser" library="SeleniumLibrary">
<arg>${SERVER_BASE_URL}</arg>
<arg>${HEADLESS} ${BROWSER}</arg>
<doc>Opens a new browser instance to the optional ``url``.</doc>
<msg timestamp="20230526 19:27:21.395" level="INFO">Opening browser 'headless Chrome' to base url 'https://front.serverest.dev/'.</msg>
<status status="PASS" starttime="20230526 19:27:21.394" endtime="20230526 19:27:24.315"/>
</kw>
<kw name="Maximize Browser Window" library="SeleniumLibrary">
<doc>Maximizes current browser window.</doc>
<status status="PASS" starttime="20230526 19:27:24.316" endtime="20230526 19:27:24.426"/>
</kw>
<status status="PASS" starttime="20230526 19:27:21.393" endtime="20230526 19:27:24.426"/>
</kw>
<kw name="Given Im on the signup page" library="test_keywords_signup">
<kw name="Location Should Be" library="SeleniumLibrary">
<arg>https://front.serverest.dev/login</arg>
<doc>Verifies that the current URL is exactly ``url``.</doc>
<msg timestamp="20230526 19:27:24.437" level="INFO">Current location is 'https://front.serverest.dev/login'.</msg>
<status status="PASS" starttime="20230526 19:27:24.427" endtime="20230526 19:27:24.437"/>
</kw>
<kw name="Click Element" library="SeleniumLibrary">
<arg>css=a.btn.btn-link</arg>
<doc>Click the element identified by ``locator``.</doc>
<msg timestamp="20230526 19:27:24.439" level="INFO">Clicking element 'css=a.btn.btn-link'.</msg>
<status status="PASS" starttime="20230526 19:27:24.437" endtime="20230526 19:27:24.596"/>
</kw>
<status status="PASS" starttime="20230526 19:27:24.427" endtime="20230526 19:27:24.596"/>
</kw>
<kw name="When I click in signup" library="test_keywords_signup">
<kw name="Click Button" library="SeleniumLibrary">
<arg>css=.btn.btn-primary</arg>
<doc>Clicks the button identified by ``locator``.</doc>
<msg timestamp="20230526 19:27:24.598" level="INFO">Clicking button 'css=.btn.btn-primary'.</msg>
<status status="PASS" starttime="20230526 19:27:24.597" endtime="20230526 19:27:24.723"/>
</kw>
<status status="PASS" starttime="20230526 19:27:24.596" endtime="20230526 19:27:24.724"/>
</kw>
<kw name="Then required field messages should be displayed" library="test_keywords_signup">
<kw name="Wait Until Element Is Visible" library="SeleniumLibrary">
<arg>css=.alert-dismissible</arg>
<arg>timeout=10s</arg>
<doc>Waits until the element ``locator`` is visible.</doc>
<status status="PASS" starttime="20230526 19:27:24.724" endtime="20230526 19:27:24.980"/>
</kw>
<kw name="Element Should Be Visible" library="SeleniumLibrary">
<arg>css=.alert-dismissible</arg>
<doc>Verifies that the element identified by ``locator`` is visible.</doc>
<msg timestamp="20230526 19:27:25.012" level="INFO">Element 'css=.alert-dismissible' is displayed.</msg>
<status status="PASS" starttime="20230526 19:27:24.981" endtime="20230526 19:27:25.012"/>
</kw>
<kw name="Page Should Contain" library="SeleniumLibrary">
<arg>Nome é obrigatório</arg>
<doc>Verifies that current page contains ``text``.</doc>
<msg timestamp="20230526 19:27:25.038" level="INFO">Current page contains text 'Nome é obrigatório'.</msg>
<status status="PASS" starttime="20230526 19:27:25.012" endtime="20230526 19:27:25.038"/>
</kw>
<kw name="Page Should Contain" library="SeleniumLibrary">
<arg>Email é obrigatório</arg>
<doc>Verifies that current page contains ``text``.</doc>
<msg timestamp="20230526 19:27:25.060" level="INFO">Current page contains text 'Email é obrigatório'.</msg>
<status status="PASS" starttime="20230526 19:27:25.039" endtime="20230526 19:27:25.060"/>
</kw>
<kw name="Page Should Contain" library="SeleniumLibrary">
<arg>Password é obrigatório</arg>
<doc>Verifies that current page contains ``text``.</doc>
<msg timestamp="20230526 19:27:25.087" level="INFO">Current page contains text 'Password é obrigatório'.</msg>
<status status="PASS" starttime="20230526 19:27:25.061" endtime="20230526 19:27:25.087"/>
</kw>
<status status="PASS" starttime="20230526 19:27:24.724" endtime="20230526 19:27:25.087"/>
</kw>
<kw name="After Tests" library="test_keywords_common" type="TEARDOWN">
<kw name="Close Browser" library="SeleniumLibrary">
<doc>Closes the current browser.</doc>
<status status="PASS" starttime="20230526 19:27:25.088" endtime="20230526 19:27:25.147"/>
</kw>
<status status="PASS" starttime="20230526 19:27:25.088" endtime="20230526 19:27:25.147"/>
</kw>
<tag>ui</tag>
<status status="PASS" starttime="20230526 19:27:21.393" endtime="20230526 19:27:25.147"/>
</test>
<test id="s1-s2-s1-t2" name="Scenario: Signup done successfully" line="16">
<kw name="Before Tests" library="test_keywords_common" type="SETUP">
<kw name="Open Browser" library="SeleniumLibrary">
<arg>${SERVER_BASE_URL}</arg>
<arg>${HEADLESS} ${BROWSER}</arg>
<doc>Opens a new browser instance to the optional ``url``.</doc>
<msg timestamp="20230526 19:27:25.152" level="INFO">Opening browser 'headless Chrome' to base url 'https://front.serverest.dev/'.</msg>
<status status="PASS" starttime="20230526 19:27:25.150" endtime="20230526 19:27:26.247"/>
</kw>
<kw name="Maximize Browser Window" library="SeleniumLibrary">
<doc>Maximizes current browser window.</doc>
<status status="PASS" starttime="20230526 19:27:26.247" endtime="20230526 19:27:26.357"/>
</kw>
<status status="PASS" starttime="20230526 19:27:25.150" endtime="20230526 19:27:26.357"/>
</kw>
<kw name="Given Im on the signup page" library="test_keywords_signup">
<kw name="Location Should Be" library="SeleniumLibrary">
<arg>https://front.serverest.dev/login</arg>
<doc>Verifies that the current URL is exactly ``url``.</doc>
<msg timestamp="20230526 19:27:26.370" level="INFO">Current location is 'https://front.serverest.dev/login'.</msg>
<status status="PASS" starttime="20230526 19:27:26.358" endtime="20230526 19:27:26.370"/>
</kw>
<kw name="Click Element" library="SeleniumLibrary">
<arg>css=a.btn.btn-link</arg>
<doc>Click the element identified by ``locator``.</doc>
<msg timestamp="20230526 19:27:26.372" level="INFO">Clicking element 'css=a.btn.btn-link'.</msg>
<status status="PASS" starttime="20230526 19:27:26.370" endtime="20230526 19:27:26.524"/>
</kw>
<status status="PASS" starttime="20230526 19:27:26.358" endtime="20230526 19:27:26.524"/>
</kw>
<kw name="And I fill in the signup fields with valid data" library="test_keywords_signup">
<kw name="Name" library="FakerLibrary">
<var>${name}</var>
<doc>:example 'John Doe'</doc>
<msg timestamp="20230526 19:27:26.526" level="INFO">${name} = Angela Murphy</msg>
<status status="PASS" starttime="20230526 19:27:26.525" endtime="20230526 19:27:26.526"/>
</kw>
<kw name="Email" library="FakerLibrary">
<var>${email}</var>
<msg timestamp="20230526 19:27:26.527" level="INFO">${email} = wesley29@example.org</msg>
<status status="PASS" starttime="20230526 19:27:26.526" endtime="20230526 19:27:26.527"/>
</kw>
<kw name="Password" library="FakerLibrary">
<var>${password}</var>
<arg>length=12</arg>
<arg>special_chars=False</arg>
<doc>Generate a random password of the specified ``length``.</doc>
<msg timestamp="20230526 19:27:26.528" level="INFO">${password} = CxJ2i1Zw3YWa</msg>
<status status="PASS" starttime="20230526 19:27:26.527" endtime="20230526 19:27:26.528"/>
</kw>
<kw name="Input Text" library="SeleniumLibrary">
<arg>id:nome</arg>
<arg>${name}</arg>
<doc>Types the given ``text`` into the text field identified by ``locator``.</doc>
<msg timestamp="20230526 19:27:26.529" level="INFO">Typing text 'Angela Murphy' into text field 'id:nome'.</msg>
<status status="PASS" starttime="20230526 19:27:26.528" endtime="20230526 19:27:26.752"/>
</kw>
<kw name="Input Text" library="SeleniumLibrary">
<arg>id:email</arg>
<arg>${email}</arg>
<doc>Types the given ``text`` into the text field identified by ``locator``.</doc>
<msg timestamp="20230526 19:27:26.753" level="INFO">Typing text 'wesley29@example.org' into text field 'id:email'.</msg>
<status status="PASS" starttime="20230526 19:27:26.752" endtime="20230526 19:27:26.956"/>
</kw>
<kw name="Input Text" library="SeleniumLibrary">
<arg>id:password</arg>
<arg>${password}</arg>
<doc>Types the given ``text`` into the text field identified by ``locator``.</doc>
<msg timestamp="20230526 19:27:26.957" level="INFO">Typing text 'CxJ2i1Zw3YWa' into text field 'id:password'.</msg>
<status status="PASS" starttime="20230526 19:27:26.956" endtime="20230526 19:27:27.129"/>
</kw>
<kw name="Select Checkbox" library="SeleniumLibrary">
<arg>id=administrador</arg>
<doc>Selects the checkbox identified by ``locator``.</doc>
<msg timestamp="20230526 19:27:27.130" level="INFO">Selecting checkbox 'id=administrador'.</msg>
<status status="PASS" starttime="20230526 19:27:27.129" endtime="20230526 19:27:27.253"/>
</kw>
<kw name="Set Suite Variable" library="BuiltIn">
<arg>${name}</arg>
<doc>Makes a variable available everywhere within the scope of the current suite.</doc>
<msg timestamp="20230526 19:27:27.254" level="INFO">${name} = Angela Murphy</msg>
<status status="PASS" starttime="20230526 19:27:27.254" endtime="20230526 19:27:27.254"/>
</kw>
<kw name="Set Suite Variable" library="BuiltIn">
<arg>${email}</arg>
<doc>Makes a variable available everywhere within the scope of the current suite.</doc>
<msg timestamp="20230526 19:27:27.255" level="INFO">${email} = wesley29@example.org</msg>
<status status="PASS" starttime="20230526 19:27:27.255" endtime="20230526 19:27:27.255"/>
</kw>
<kw name="Set Suite Variable" library="BuiltIn">
<arg>${password}</arg>
<doc>Makes a variable available everywhere within the scope of the current suite.</doc>
<msg timestamp="20230526 19:27:27.255" level="INFO">${password} = CxJ2i1Zw3YWa</msg>
<status status="PASS" starttime="20230526 19:27:27.255" endtime="20230526 19:27:27.255"/>
</kw>
<status status="PASS" starttime="20230526 19:27:26.524" endtime="20230526 19:27:27.256"/>
</kw>
<kw name="When I click in signup" library="test_keywords_signup">
<kw name="Click Button" library="SeleniumLibrary">
<arg>css=.btn.btn-primary</arg>
<doc>Clicks the button identified by ``locator``.</doc>
<msg timestamp="20230526 19:27:27.257" level="INFO">Clicking button 'css=.btn.btn-primary'.</msg>
<status status="PASS" starttime="20230526 19:27:27.256" endtime="20230526 19:27:27.385"/>
</kw>
<status status="PASS" starttime="20230526 19:27:27.256" endtime="20230526 19:27:27.386"/>
</kw>
<kw name="Then the page should contain the text &quot;Cadastro realizado com sucesso&quot;" library="test_keywords_signup" sourcename="Then the page should contain the text &quot;${expected_text}&quot;">
<kw name="Wait Until Element Is Visible" library="SeleniumLibrary">
<arg>css=.alert-dismissible</arg>
<arg>timeout=10s</arg>
<doc>Waits until the element ``locator`` is visible.</doc>
<status status="PASS" starttime="20230526 19:27:27.387" endtime="20230526 19:27:27.646"/>
</kw>
<kw name="Element Should Be Visible" library="SeleniumLibrary">
<arg>css=.alert-dismissible</arg>
<doc>Verifies that the element identified by ``locator`` is visible.</doc>
<msg timestamp="20230526 19:27:27.676" level="INFO">Element 'css=.alert-dismissible' is displayed.</msg>
<status status="PASS" starttime="20230526 19:27:27.646" endtime="20230526 19:27:27.677"/>
</kw>
<kw name="Page Should Contain" library="SeleniumLibrary">
<arg>${expected_text}</arg>
<doc>Verifies that current page contains ``text``.</doc>
<msg timestamp="20230526 19:27:27.700" level="INFO">Current page contains text 'Cadastro realizado com sucesso'.</msg>
<status status="PASS" starttime="20230526 19:27:27.677" endtime="20230526 19:27:27.700"/>
</kw>
<status status="PASS" starttime="20230526 19:27:27.386" endtime="20230526 19:27:27.700"/>
</kw>
<kw name="After Tests" library="test_keywords_common" type="TEARDOWN">
<kw name="Close Browser" library="SeleniumLibrary">
<doc>Closes the current browser.</doc>
<status status="PASS" starttime="20230526 19:27:27.701" endtime="20230526 19:27:27.761"/>
</kw>
<status status="PASS" starttime="20230526 19:27:27.701" endtime="20230526 19:27:27.761"/>
</kw>
<tag>ui</tag>
<status status="PASS" starttime="20230526 19:27:25.149" endtime="20230526 19:27:27.761"/>
</test>
<test id="s1-s2-s1-t3" name="Scenario: Signup with already used email" line="23">
<kw name="Before Tests" library="test_keywords_common" type="SETUP">
<kw name="Open Browser" library="SeleniumLibrary">
<arg>${SERVER_BASE_URL}</arg>
<arg>${HEADLESS} ${BROWSER}</arg>
<doc>Opens a new browser instance to the optional ``url``.</doc>
<msg timestamp="20230526 19:27:27.765" level="INFO">Opening browser 'headless Chrome' to base url 'https://front.serverest.dev/'.</msg>
<status status="PASS" starttime="20230526 19:27:27.764" endtime="20230526 19:27:28.839"/>
</kw>
<kw name="Maximize Browser Window" library="SeleniumLibrary">
<doc>Maximizes current browser window.</doc>
<status status="PASS" starttime="20230526 19:27:28.840" endtime="20230526 19:27:28.946"/>
</kw>
<status status="PASS" starttime="20230526 19:27:27.763" endtime="20230526 19:27:28.947"/>
</kw>
<kw name="Given Im on the signup page" library="test_keywords_signup">
<kw name="Location Should Be" library="SeleniumLibrary">
<arg>https://front.serverest.dev/login</arg>
<doc>Verifies that the current URL is exactly ``url``.</doc>
<msg timestamp="20230526 19:27:28.955" level="INFO">Current location is 'https://front.serverest.dev/login'.</msg>
<status status="PASS" starttime="20230526 19:27:28.948" endtime="20230526 19:27:28.956"/>
</kw>
<kw name="Click Element" library="SeleniumLibrary">
<arg>css=a.btn.btn-link</arg>
<doc>Click the element identified by ``locator``.</doc>
<msg timestamp="20230526 19:27:28.957" level="INFO">Clicking element 'css=a.btn.btn-link'.</msg>
<status status="PASS" starttime="20230526 19:27:28.956" endtime="20230526 19:27:29.099"/>
</kw>
<status status="PASS" starttime="20230526 19:27:28.947" endtime="20230526 19:27:29.099"/>
</kw>
<kw name="And I fill in the signup fields with an email already registered" library="test_keywords_signup">
<kw name="Input Text" library="SeleniumLibrary">
<arg>id:nome</arg>
<arg>${name}</arg>
<doc>Types the given ``text`` into the text field identified by ``locator``.</doc>
<msg timestamp="20230526 19:27:29.101" level="INFO">Typing text 'Angela Murphy' into text field 'id:nome'.</msg>
<status status="PASS" starttime="20230526 19:27:29.100" endtime="20230526 19:27:29.288"/>
</kw>
<kw name="Input Text" library="SeleniumLibrary">
<arg>id:email</arg>
<arg>${email}</arg>
<doc>Types the given ``text`` into the text field identified by ``locator``.</doc>
<msg timestamp="20230526 19:27:29.289" level="INFO">Typing text 'wesley29@example.org' into text field 'id:email'.</msg>
<status status="PASS" starttime="20230526 19:27:29.288" endtime="20230526 19:27:29.460"/>
</kw>
<kw name="Input Text" library="SeleniumLibrary">
<arg>id:password</arg>
<arg>${password}</arg>
<doc>Types the given ``text`` into the text field identified by ``locator``.</doc>
<msg timestamp="20230526 19:27:29.461" level="INFO">Typing text 'CxJ2i1Zw3YWa' into text field 'id:password'.</msg>
<status status="PASS" starttime="20230526 19:27:29.460" endtime="20230526 19:27:29.626"/>
</kw>
<kw name="Select Checkbox" library="SeleniumLibrary">
<arg>id=administrador</arg>
<doc>Selects the checkbox identified by ``locator``.</doc>
<msg timestamp="20230526 19:27:29.628" level="INFO">Selecting checkbox 'id=administrador'.</msg>
<status status="PASS" starttime="20230526 19:27:29.627" endtime="20230526 19:27:29.742"/>
</kw>
<status status="PASS" starttime="20230526 19:27:29.100" endtime="20230526 19:27:29.743"/>
</kw>
<kw name="When I click in signup" library="test_keywords_signup">
<kw name="Click Button" library="SeleniumLibrary">
<arg>css=.btn.btn-primary</arg>
<doc>Clicks the button identified by ``locator``.</doc>
<msg timestamp="20230526 19:27:29.744" level="INFO">Clicking button 'css=.btn.btn-primary'.</msg>
<status status="PASS" starttime="20230526 19:27:29.743" endtime="20230526 19:27:29.835"/>
</kw>
<status status="PASS" starttime="20230526 19:27:29.743" endtime="20230526 19:27:29.835"/>
</kw>
<kw name="Then the page should contain the text &quot;Este email já está sendo usado&quot;" library="test_keywords_signup" sourcename="Then the page should contain the text &quot;${expected_text}&quot;">
<kw name="Wait Until Element Is Visible" library="SeleniumLibrary">
<arg>css=.alert-dismissible</arg>
<arg>timeout=10s</arg>
<doc>Waits until the element ``locator`` is visible.</doc>
<status status="PASS" starttime="20230526 19:27:29.836" endtime="20230526 19:27:30.086"/>
</kw>
<kw name="Element Should Be Visible" library="SeleniumLibrary">
<arg>css=.alert-dismissible</arg>
<doc>Verifies that the element identified by ``locator`` is visible.</doc>
<msg timestamp="20230526 19:27:30.117" level="INFO">Element 'css=.alert-dismissible' is displayed.</msg>
<status status="PASS" starttime="20230526 19:27:30.087" endtime="20230526 19:27:30.117"/>
</kw>
<kw name="Page Should Contain" library="SeleniumLibrary">
<arg>${expected_text}</arg>
<doc>Verifies that current page contains ``text``.</doc>
<msg timestamp="20230526 19:27:30.138" level="INFO">Current page contains text 'Este email já está sendo usado'.</msg>
<status status="PASS" starttime="20230526 19:27:30.117" endtime="20230526 19:27:30.138"/>
</kw>
<status status="PASS" starttime="20230526 19:27:29.835" endtime="20230526 19:27:30.139"/>
</kw>
<kw name="After Tests" library="test_keywords_common" type="TEARDOWN">
<kw name="Close Browser" library="SeleniumLibrary">
<doc>Closes the current browser.</doc>
<status status="PASS" starttime="20230526 19:27:30.140" endtime="20230526 19:27:30.196"/>
</kw>
<status status="PASS" starttime="20230526 19:27:30.139" endtime="20230526 19:27:30.196"/>
</kw>
<tag>ui</tag>
<status status="PASS" starttime="20230526 19:27:27.762" endtime="20230526 19:27:30.197"/>
</test>
<status status="PASS" starttime="20230526 19:27:21.381" endtime="20230526 19:27:30.199"/>
</suite>
<status status="PASS" starttime="20230526 19:27:21.379" endtime="20230526 19:27:30.202"/>
</suite>
<status status="PASS" starttime="20230526 19:27:19.834" endtime="20230526 19:27:30.205"/>
</suite>
<statistics>
<total>
<stat pass="8" fail="0" skip="0">All Tests</stat>
</total>
<tag>
<stat pass="5" fail="0" skip="0">api</stat>
<stat pass="3" fail="0" skip="0">ui</stat>
</tag>
<suite>
<stat pass="8" fail="0" skip="0" id="s1" name="Tests">Tests</stat>
<stat pass="5" fail="0" skip="0" id="s1-s1" name="Api">Tests.Api</stat>
<stat pass="5" fail="0" skip="0" id="s1-s1-s1" name="Test Api Users">Tests.Api.Test Api Users</stat>
<stat pass="3" fail="0" skip="0" id="s1-s2" name="Ui">Tests.Ui</stat>
<stat pass="3" fail="0" skip="0" id="s1-s2-s1" name="Test Ui Signup">Tests.Ui.Test Ui Signup</stat>
</suite>
</statistics>
<errors>
</errors>
</robot>
