<?xml version="1.0" encoding="UTF-8"?>
<robot generator="Robot 6.0.2 (Python 3.8.16 on linux)" generated="20230428 01:03:42.555" rpa="false" schemaversion="3">
<suite id="s1" name="Tests" source="/home/runner/work/gen-ai-robot-test/gen-ai-robot-test/tests">
<suite id="s1-s1" name="Api" source="/home/runner/work/gen-ai-robot-test/gen-ai-robot-test/tests/api">
<suite id="s1-s1-s1" name="Users" source="/home/runner/work/gen-ai-robot-test/gen-ai-robot-test/tests/api/users">
<suite id="s1-s1-s1-s1" name="Test Api Users" source="/home/runner/work/gen-ai-robot-test/gen-ai-robot-test/tests/api/users/test_api_users.robot">
<test id="s1-s1-s1-s1-t1" name="Scenario: Get all registered users" line="9">
<kw name="Before Tests" library="test_keywords_common" type="SETUP">
<kw name="Create Session" library="RequestsLibrary">
<arg>serverest</arg>
<arg>${SERVER_BASE_URL}</arg>
<arg>disable_warnings=True</arg>
<doc>Create Session: create a HTTP session to a server</doc>
<msg timestamp="20230428 01:03:43.114" level="INFO">Creating Session using : alias=serverest, url=https://serverest.dev, headers={},                     cookies={}, auth=None, timeout=None, proxies=None, verify=False,                     debug=0 </msg>
<status status="PASS" starttime="20230428 01:03:43.113" endtime="20230428 01:03:43.114"/>
</kw>
<status status="PASS" starttime="20230428 01:03:43.113" endtime="20230428 01:03:43.114"/>
</kw>
<kw name="When I request the list of all registered users" library="test_keywords_users">
<kw name="GET On Session" library="RequestsLibrary">
<var>${response}</var>
<arg>serverest</arg>
<arg>${USERS_API_ENDPOINT}</arg>
<doc>Sends a GET request on a previously created HTTP Session.</doc>
<msg timestamp="20230428 01:03:43.284" level="INFO">GET Request : url=https://serverest.dev/usuarios 
 path_url=/usuarios 
 headers={'User-Agent': 'python-requests/2.29.0', 'Accept-Encoding': 'gzip, deflate', 'Accept': '*/*', 'Connection': 'keep-alive'} 
 body=None 
 </msg>
<msg timestamp="20230428 01:03:43.284" level="INFO">GET Response : url=https://serverest.dev/usuarios 
 status=200, reason=OK 
 headers={'access-control-allow-origin': '*', 'x-dns-prefetch-control': 'off', 'x-frame-options': 'SAMEORIGIN', 'strict-transport-security': 'max-age=15552000; includeSubDomains', 'x-download-options': 'noopen', 'x-content-type-options': 'nosniff', 'x-xss-protection': '1; mode=block', 'x-moesif-transaction-id': '39728089-08a0-4145-86cb-bf7acc3b15b9', 'content-type': 'application/json; charset=utf-8', 'X-Cloud-Trace-Context': '0174edb79c13f5e83458b3d838f87d67;o=1', 'Date': 'Fri, 28 Apr 2023 01:03:43 GMT', 'Server': 'Google Frontend', 'Content-Length': '253'} 
 body={
    "quantidade": 1,
    "usuarios": [
        {
            "nome": "Fulano da Silva",
            "email": "fulano@qa.com",
            "password": "teste",
            "administrador": "true",
            "_id": "0uxuPY0cbmQhpEz1"
        }
    ]
} 
 </msg>
<msg timestamp="20230428 01:03:43.284" level="INFO">${response} = &lt;Response [200]&gt;</msg>
<status status="PASS" starttime="20230428 01:03:43.114" endtime="20230428 01:03:43.284"/>
</kw>
<kw name="Set Test Variable" library="BuiltIn">
<arg>${response}</arg>
<doc>Makes a variable available everywhere within the scope of the current test.</doc>
<msg timestamp="20230428 01:03:43.285" level="INFO">${response} = &lt;Response [200]&gt;</msg>
<status status="PASS" starttime="20230428 01:03:43.285" endtime="20230428 01:03:43.285"/>
</kw>
<status status="PASS" starttime="20230428 01:03:43.114" endtime="20230428 01:03:43.285"/>
</kw>
<kw name="Then the response status code should be 200" library="test_keywords_users" sourcename="Then the response status code should be ${status_code}">
<kw name="Should Be Equal As Numbers" library="BuiltIn">
<arg>${response.status_code}</arg>
<arg>${status_code}</arg>
<doc>Fails if objects are unequal after converting them to real numbers.</doc>
<msg timestamp="20230428 01:03:43.286" level="INFO">Argument types are:
&lt;class 'int'&gt;
&lt;class 'str'&gt;</msg>
<status status="PASS" starttime="20230428 01:03:43.286" endtime="20230428 01:03:43.287"/>
</kw>
<kw name="Should Be True" library="BuiltIn">
<arg>${response.json()}</arg>
<doc>Fails if the given condition is not true.</doc>
<status status="PASS" starttime="20230428 01:03:43.287" endtime="20230428 01:03:43.287"/>
</kw>
<status status="PASS" starttime="20230428 01:03:43.285" endtime="20230428 01:03:43.287"/>
</kw>
<kw name="And the response body should not be empty" library="test_keywords_users">
<kw name="Should Not Be Empty" library="BuiltIn">
<arg>${response.json()}</arg>
<doc>Verifies that the given item is not empty.</doc>
<msg timestamp="20230428 01:03:43.288" level="INFO">Length is 2</msg>
<status status="PASS" starttime="20230428 01:03:43.288" endtime="20230428 01:03:43.288"/>
</kw>
<status status="PASS" starttime="20230428 01:03:43.288" endtime="20230428 01:03:43.289"/>
</kw>
<tag>api</tag>
<status status="PASS" starttime="20230428 01:03:43.112" endtime="20230428 01:03:43.289"/>
</test>
<test id="s1-s1-s1-s1-t2" name="Scenario: Create a new user" line="15">
<kw name="Before Tests" library="test_keywords_common" type="SETUP">
<kw name="Create Session" library="RequestsLibrary">
<arg>serverest</arg>
<arg>${SERVER_BASE_URL}</arg>
<arg>disable_warnings=True</arg>
<doc>Create Session: create a HTTP session to a server</doc>
<msg timestamp="20230428 01:03:43.290" level="INFO">Creating Session using : alias=serverest, url=https://serverest.dev, headers={},                     cookies={}, auth=None, timeout=None, proxies=None, verify=False,                     debug=0 </msg>
<status status="PASS" starttime="20230428 01:03:43.290" endtime="20230428 01:03:43.290"/>
</kw>
<status status="PASS" starttime="20230428 01:03:43.290" endtime="20230428 01:03:43.291"/>
</kw>
<kw name="Given I have a valid user data" library="test_keywords_users">
<kw name="Name" library="FakerLibrary">
<var>${name}</var>
<doc>:example 'John Doe'</doc>
<msg timestamp="20230428 01:03:43.292" level="INFO">${name} = Whitney Stafford</msg>
<status status="PASS" starttime="20230428 01:03:43.291" endtime="20230428 01:03:43.292"/>
</kw>
<kw name="Email" library="FakerLibrary">
<var>${email}</var>
<msg timestamp="20230428 01:03:43.292" level="INFO">${email} = michael25@example.com</msg>
<status status="PASS" starttime="20230428 01:03:43.292" endtime="20230428 01:03:43.292"/>
</kw>
<kw name="Password" library="FakerLibrary">
<var>${password}</var>
<doc>Generate a random password of the specified ``length``.</doc>
<msg timestamp="20230428 01:03:43.292" level="INFO">${password} = @IPM5lWO36</msg>
<status status="PASS" starttime="20230428 01:03:43.292" endtime="20230428 01:03:43.292"/>
</kw>
<kw name="Set Suite Variable" library="BuiltIn">
<arg>${name}</arg>
<doc>Makes a variable available everywhere within the scope of the current suite.</doc>
<msg timestamp="20230428 01:03:43.293" level="INFO">${name} = Whitney Stafford</msg>
<status status="PASS" starttime="20230428 01:03:43.293" endtime="20230428 01:03:43.293"/>
</kw>
<kw name="Set Suite Variable" library="BuiltIn">
<arg>${email}</arg>
<doc>Makes a variable available everywhere within the scope of the current suite.</doc>
<msg timestamp="20230428 01:03:43.293" level="INFO">${email} = michael25@example.com</msg>
<status status="PASS" starttime="20230428 01:03:43.293" endtime="20230428 01:03:43.293"/>
</kw>
<kw name="Set Suite Variable" library="BuiltIn">
<arg>${password}</arg>
<doc>Makes a variable available everywhere within the scope of the current suite.</doc>
<msg timestamp="20230428 01:03:43.294" level="FAIL">Variable '${IPM5lWO36}' not found.</msg>
<status status="FAIL" starttime="20230428 01:03:43.293" endtime="20230428 01:03:43.294"/>
</kw>
<status status="FAIL" starttime="20230428 01:03:43.291" endtime="20230428 01:03:43.294"/>
</kw>
<kw name="When I create the user" library="test_keywords_users">
<status status="NOT RUN" starttime="20230428 01:03:43.294" endtime="20230428 01:03:43.294"/>
</kw>
<kw name="Then the response status code should be 201" library="test_keywords_users" sourcename="Then the response status code should be ${status_code}">
<status status="NOT RUN" starttime="20230428 01:03:43.294" endtime="20230428 01:03:43.295"/>
</kw>
<kw name="And the response body should not be empty" library="test_keywords_users">
<status status="NOT RUN" starttime="20230428 01:03:43.295" endtime="20230428 01:03:43.295"/>
</kw>
<tag>api</tag>
<status status="FAIL" starttime="20230428 01:03:43.289" endtime="20230428 01:03:43.295">Variable '${IPM5lWO36}' not found.</status>
</test>
<test id="s1-s1-s1-s1-t3" name="Scenario: Get a specific user informations" line="22">
<kw name="Before Tests" library="test_keywords_common" type="SETUP">
<kw name="Create Session" library="RequestsLibrary">
<arg>serverest</arg>
<arg>${SERVER_BASE_URL}</arg>
<arg>disable_warnings=True</arg>
<doc>Create Session: create a HTTP session to a server</doc>
<msg timestamp="20230428 01:03:43.296" level="INFO">Creating Session using : alias=serverest, url=https://serverest.dev, headers={},                     cookies={}, auth=None, timeout=None, proxies=None, verify=False,                     debug=0 </msg>
<status status="PASS" starttime="20230428 01:03:43.296" endtime="20230428 01:03:43.296"/>
</kw>
<status status="PASS" starttime="20230428 01:03:43.296" endtime="20230428 01:03:43.296"/>
</kw>
<kw name="When I request the created user" library="test_keywords_users">
<kw name="GET On Session" library="RequestsLibrary">
<var>${response}</var>
<arg>serverest</arg>
<arg>${USERS_API_ENDPOINT}/${USER_ID}</arg>
<doc>Sends a GET request on a previously created HTTP Session.</doc>
<msg timestamp="20230428 01:03:43.377" level="INFO">GET Request : url=https://serverest.dev/usuarios/ 
 path_url=/usuarios/ 
 headers={'User-Agent': 'python-requests/2.29.0', 'Accept-Encoding': 'gzip, deflate', 'Accept': '*/*', 'Connection': 'keep-alive'} 
 body=None 
 </msg>
<msg timestamp="20230428 01:03:43.377" level="INFO">GET Response : url=https://serverest.dev/usuarios/ 
 status=200, reason=OK 
 headers={'access-control-allow-origin': '*', 'x-dns-prefetch-control': 'off', 'x-frame-options': 'SAMEORIGIN', 'strict-transport-security': 'max-age=15552000; includeSubDomains', 'x-download-options': 'noopen', 'x-content-type-options': 'nosniff', 'x-xss-protection': '1; mode=block', 'x-moesif-transaction-id': '20ecc590-4a80-4ac5-9511-9ba6ad31dc4c', 'content-type': 'application/json; charset=utf-8', 'X-Cloud-Trace-Context': '38e3660cbcda63bf163f96520cc43c7e', 'Date': 'Fri, 28 Apr 2023 01:03:43 GMT', 'Server': 'Google Frontend', 'Content-Length': '253'} 
 body={
    "quantidade": 1,
    "usuarios": [
        {
            "nome": "Fulano da Silva",
            "email": "fulano@qa.com",
            "password": "teste",
            "administrador": "true",
            "_id": "0uxuPY0cbmQhpEz1"
        }
    ]
} 
 </msg>
<msg timestamp="20230428 01:03:43.377" level="INFO">${response} = &lt;Response [200]&gt;</msg>
<status status="PASS" starttime="20230428 01:03:43.297" endtime="20230428 01:03:43.377"/>
</kw>
<kw name="Set Test Variable" library="BuiltIn">
<arg>${response}</arg>
<doc>Makes a variable available everywhere within the scope of the current test.</doc>
<msg timestamp="20230428 01:03:43.378" level="INFO">${response} = &lt;Response [200]&gt;</msg>
<status status="PASS" starttime="20230428 01:03:43.377" endtime="20230428 01:03:43.378"/>
</kw>
<status status="PASS" starttime="20230428 01:03:43.297" endtime="20230428 01:03:43.378"/>
</kw>
<kw name="Then the response status code should be 200" library="test_keywords_users" sourcename="Then the response status code should be ${status_code}">
<kw name="Should Be Equal As Numbers" library="BuiltIn">
<arg>${response.status_code}</arg>
<arg>${status_code}</arg>
<doc>Fails if objects are unequal after converting them to real numbers.</doc>
<msg timestamp="20230428 01:03:43.379" level="INFO">Argument types are:
&lt;class 'int'&gt;
&lt;class 'str'&gt;</msg>
<status status="PASS" starttime="20230428 01:03:43.378" endtime="20230428 01:03:43.379"/>
</kw>
<kw name="Should Be True" library="BuiltIn">
<arg>${response.json()}</arg>
<doc>Fails if the given condition is not true.</doc>
<status status="PASS" starttime="20230428 01:03:43.379" endtime="20230428 01:03:43.380"/>
</kw>
<status status="PASS" starttime="20230428 01:03:43.378" endtime="20230428 01:03:43.380"/>
</kw>
<kw name="And the response body should not be empty" library="test_keywords_users">
<kw name="Should Not Be Empty" library="BuiltIn">
<arg>${response.json()}</arg>
<doc>Verifies that the given item is not empty.</doc>
<msg timestamp="20230428 01:03:43.381" level="INFO">Length is 2</msg>
<status status="PASS" starttime="20230428 01:03:43.381" endtime="20230428 01:03:43.381"/>
</kw>
<status status="PASS" starttime="20230428 01:03:43.380" endtime="20230428 01:03:43.381"/>
</kw>
<tag>api</tag>
<status status="PASS" starttime="20230428 01:03:43.295" endtime="20230428 01:03:43.382"/>
</test>
<test id="s1-s1-s1-s1-t4" name="Scenario: Update the created user" line="28">
<kw name="Before Tests" library="test_keywords_common" type="SETUP">
<kw name="Create Session" library="RequestsLibrary">
<arg>serverest</arg>
<arg>${SERVER_BASE_URL}</arg>
<arg>disable_warnings=True</arg>
<doc>Create Session: create a HTTP session to a server</doc>
<msg timestamp="20230428 01:03:43.383" level="INFO">Creating Session using : alias=serverest, url=https://serverest.dev, headers={},                     cookies={}, auth=None, timeout=None, proxies=None, verify=False,                     debug=0 </msg>
<status status="PASS" starttime="20230428 01:03:43.383" endtime="20230428 01:03:43.383"/>
</kw>
<status status="PASS" starttime="20230428 01:03:43.382" endtime="20230428 01:03:43.384"/>
</kw>
<kw name="When I update the created user" library="test_keywords_users">
<kw name="Create Dictionary" library="BuiltIn">
<var>${payload}</var>
<arg>nome=John Smith</arg>
<arg>email=john.smith@example.com</arg>
<arg>password=P@ssw0rd123</arg>
<arg>administrador=false</arg>
<doc>Creates and returns a dictionary based on the given ``items``.</doc>
<msg timestamp="20230428 01:03:43.384" level="INFO">${payload} = {'nome': 'John Smith', 'email': 'john.smith@example.com', 'password': 'P@ssw0rd123', 'administrador': 'false'}</msg>
<status status="PASS" starttime="20230428 01:03:43.384" endtime="20230428 01:03:43.384"/>
</kw>
<kw name="Create Dictionary" library="BuiltIn">
<var>${headers}</var>
<arg>Content-Type=application/json</arg>
<doc>Creates and returns a dictionary based on the given ``items``.</doc>
<msg timestamp="20230428 01:03:43.385" level="INFO">${headers} = {'Content-Type': 'application/json'}</msg>
<status status="PASS" starttime="20230428 01:03:43.385" endtime="20230428 01:03:43.385"/>
</kw>
<kw name="PUT On Session" library="RequestsLibrary">
<var>${response}</var>
<arg>serverest</arg>
<arg>${USERS_API_ENDPOINT}/${USER_ID}</arg>
<arg>json=${payload}</arg>
<arg>headers=${headers}</arg>
<doc>Sends a PUT request on a previously created HTTP Session.</doc>
<msg timestamp="20230428 01:03:43.483" level="INFO">PUT Request : url=https://serverest.dev/usuarios/ 
 path_url=/usuarios/ 
 headers={'User-Agent': 'python-requests/2.29.0', 'Accept-Encoding': 'gzip, deflate', 'Accept': '*/*', 'Connection': 'keep-alive', 'Content-Type': 'application/json', 'Content-Length': '110'} 
 body=b'{"nome": "John Smith", "email": "john.smith@example.com", "password": "P@ssw0rd123", "administrador": "false"}' 
 </msg>
<msg timestamp="20230428 01:03:43.484" level="INFO">PUT Response : url=https://serverest.dev/usuarios/ 
 status=405, reason=Method Not Allowed 
 headers={'access-control-allow-origin': '*', 'x-dns-prefetch-control': 'off', 'x-frame-options': 'SAMEORIGIN', 'strict-transport-security': 'max-age=15552000; includeSubDomains', 'x-download-options': 'noopen', 'x-content-type-options': 'nosniff', 'x-xss-protection': '1; mode=block', 'x-moesif-transaction-id': '977d02a0-a4e3-4f5f-a4ef-6f71bef3ca26', 'content-type': 'application/json; charset=utf-8', 'X-Cloud-Trace-Context': '259e2a20d63522e3d1f1d7910fb81478', 'Date': 'Fri, 28 Apr 2023 01:03:43 GMT', 'Server': 'Google Frontend', 'Content-Length': '147'} 
 body={
    "message": "Não é possível realizar PUT em /usuarios/. Acesse https://serverest.dev para ver as rotas disponíveis e como utilizá-las."
} 
 </msg>
<msg timestamp="20230428 01:03:43.484" level="FAIL">HTTPError: 405 Client Error: Method Not Allowed for url: https://serverest.dev/usuarios/</msg>
<status status="FAIL" starttime="20230428 01:03:43.385" endtime="20230428 01:03:43.485"/>
</kw>
<kw name="Set Test Variable" library="BuiltIn">
<arg>${response}</arg>
<doc>Makes a variable available everywhere within the scope of the current test.</doc>
<status status="NOT RUN" starttime="20230428 01:03:43.485" endtime="20230428 01:03:43.485"/>
</kw>
<status status="FAIL" starttime="20230428 01:03:43.384" endtime="20230428 01:03:43.485"/>
</kw>
<kw name="Then the response status code should be 200" library="test_keywords_users" sourcename="Then the response status code should be ${status_code}">
<status status="NOT RUN" starttime="20230428 01:03:43.485" endtime="20230428 01:03:43.485"/>
</kw>
<kw name="And the response body should not be empty" library="test_keywords_users">
<status status="NOT RUN" starttime="20230428 01:03:43.485" endtime="20230428 01:03:43.485"/>
</kw>
<tag>api</tag>
<status status="FAIL" starttime="20230428 01:03:43.382" endtime="20230428 01:03:43.486">HTTPError: 405 Client Error: Method Not Allowed for url: https://serverest.dev/usuarios/</status>
</test>
<test id="s1-s1-s1-s1-t5" name="Scenario: Delete the created user" line="34">
<kw name="Before Tests" library="test_keywords_common" type="SETUP">
<kw name="Create Session" library="RequestsLibrary">
<arg>serverest</arg>
<arg>${SERVER_BASE_URL}</arg>
<arg>disable_warnings=True</arg>
<doc>Create Session: create a HTTP session to a server</doc>
<msg timestamp="20230428 01:03:43.488" level="INFO">Creating Session using : alias=serverest, url=https://serverest.dev, headers={},                     cookies={}, auth=None, timeout=None, proxies=None, verify=False,                     debug=0 </msg>
<status status="PASS" starttime="20230428 01:03:43.487" endtime="20230428 01:03:43.488"/>
</kw>
<status status="PASS" starttime="20230428 01:03:43.487" endtime="20230428 01:03:43.488"/>
</kw>
<kw name="When I delete the created user" library="test_keywords_users">
<kw name="DELETE On Session" library="RequestsLibrary">
<var>${response}</var>
<arg>serverest</arg>
<arg>${USERS_API_ENDPOINT}/${USER_ID}</arg>
<doc>Sends a DELETE request on a previously created HTTP Session.</doc>
<msg timestamp="20230428 01:03:43.565" level="INFO">DELETE Request : url=https://serverest.dev/usuarios/ 
 path_url=/usuarios/ 
 headers={'User-Agent': 'python-requests/2.29.0', 'Accept-Encoding': 'gzip, deflate', 'Accept': '*/*', 'Connection': 'keep-alive', 'Content-Length': '0'} 
 body=None 
 </msg>
<msg timestamp="20230428 01:03:43.565" level="INFO">DELETE Response : url=https://serverest.dev/usuarios/ 
 status=405, reason=Method Not Allowed 
 headers={'access-control-allow-origin': '*', 'x-dns-prefetch-control': 'off', 'x-frame-options': 'SAMEORIGIN', 'strict-transport-security': 'max-age=15552000; includeSubDomains', 'x-download-options': 'noopen', 'x-content-type-options': 'nosniff', 'x-xss-protection': '1; mode=block', 'x-moesif-transaction-id': 'a2fdc18c-5232-43d8-9243-f2381cf8add1', 'content-type': 'application/json; charset=utf-8', 'X-Cloud-Trace-Context': '0baa352ec213a4e9d87f8aac9636b66a', 'Date': 'Fri, 28 Apr 2023 01:03:43 GMT', 'Server': 'Google Frontend', 'Content-Length': '150'} 
 body={
    "message": "Não é possível realizar DELETE em /usuarios/. Acesse https://serverest.dev para ver as rotas disponíveis e como utilizá-las."
} 
 </msg>
<msg timestamp="20230428 01:03:43.565" level="FAIL">HTTPError: 405 Client Error: Method Not Allowed for url: https://serverest.dev/usuarios/</msg>
<status status="FAIL" starttime="20230428 01:03:43.489" endtime="20230428 01:03:43.565"/>
</kw>
<kw name="Set Test Variable" library="BuiltIn">
<arg>${response}</arg>
<doc>Makes a variable available everywhere within the scope of the current test.</doc>
<status status="NOT RUN" starttime="20230428 01:03:43.565" endtime="20230428 01:03:43.565"/>
</kw>
<status status="FAIL" starttime="20230428 01:03:43.488" endtime="20230428 01:03:43.566"/>
</kw>
<kw name="Then the response status code should be 200" library="test_keywords_users" sourcename="Then the response status code should be ${status_code}">
<status status="NOT RUN" starttime="20230428 01:03:43.566" endtime="20230428 01:03:43.566"/>
</kw>
<kw name="And the response body should not be empty" library="test_keywords_users">
<status status="NOT RUN" starttime="20230428 01:03:43.566" endtime="20230428 01:03:43.566"/>
</kw>
<tag>api</tag>
<status status="FAIL" starttime="20230428 01:03:43.486" endtime="20230428 01:03:43.566">HTTPError: 405 Client Error: Method Not Allowed for url: https://serverest.dev/usuarios/</status>
</test>
<status status="FAIL" starttime="20230428 01:03:42.577" endtime="20230428 01:03:43.567"/>
</suite>
<status status="FAIL" starttime="20230428 01:03:42.575" endtime="20230428 01:03:43.569"/>
</suite>
<status status="FAIL" starttime="20230428 01:03:42.574" endtime="20230428 01:03:43.570"/>
</suite>
<suite id="s1-s2" name="Ui" source="/home/runner/work/gen-ai-robot-test/gen-ai-robot-test/tests/ui">
<suite id="s1-s2-s1" name="Login" source="/home/runner/work/gen-ai-robot-test/gen-ai-robot-test/tests/ui/login">
<suite id="s1-s2-s1-s1" name="Test Ui Login" source="/home/runner/work/gen-ai-robot-test/gen-ai-robot-test/tests/ui/login/test_ui_login.robot">
<test id="s1-s2-s1-s1-t1" name="Scenario: Log in to Sauce Demo with Standard User" line="10">
<kw name="Before Tests" library="test_keywords_common" type="SETUP">
<kw name="Open Browser" library="SeleniumLibrary">
<arg>${SERVER_BASE_URL}</arg>
<arg>${HEADLESS} ${BROWSER}</arg>
<doc>Opens a new browser instance to the optional ``url``.</doc>
<msg timestamp="20230428 01:03:43.581" level="INFO">Opening browser 'headless Chrome' to base url 'https://www.saucedemo.com/'.</msg>
<status status="PASS" starttime="20230428 01:03:43.581" endtime="20230428 01:03:46.169"/>
</kw>
<kw name="Maximize Browser Window" library="SeleniumLibrary">
<doc>Maximizes current browser window.</doc>
<status status="PASS" starttime="20230428 01:03:46.169" endtime="20230428 01:03:46.290"/>
</kw>
<status status="PASS" starttime="20230428 01:03:43.580" endtime="20230428 01:03:46.290"/>
</kw>
<kw name="Given Im on the main application page" library="test_keywords_login">
<kw name="Go To" library="SeleniumLibrary">
<arg>${SERVER_BASE_URL}</arg>
<doc>Navigates the current browser window to the provided ``url``.</doc>
<msg timestamp="20230428 01:03:46.291" level="INFO">Opening url 'https://www.saucedemo.com/'</msg>
<status status="PASS" starttime="20230428 01:03:46.291" endtime="20230428 01:03:46.363"/>
</kw>
<kw name="Location Should Be" library="SeleniumLibrary">
<arg>${SERVER_BASE_URL}</arg>
<doc>Verifies that the current URL is exactly ``url``.</doc>
<msg timestamp="20230428 01:03:46.367" level="INFO">Current location is 'https://www.saucedemo.com/'.</msg>
<status status="PASS" starttime="20230428 01:03:46.363" endtime="20230428 01:03:46.367"/>
</kw>
<status status="PASS" starttime="20230428 01:03:46.290" endtime="20230428 01:03:46.368"/>
</kw>
<kw name="When I log in with credentials" library="test_keywords_login">
<arg>standard_user</arg>
<arg>secret_sauce</arg>
<kw name="Input Text" library="SeleniumLibrary">
<arg>id:user-name</arg>
<arg>${username}</arg>
<doc>Types the given ``text`` into the text field identified by ``locator``.</doc>
<msg timestamp="20230428 01:03:46.369" level="INFO">Typing text 'standard_user' into text field 'id:user-name'.</msg>
<status status="PASS" starttime="20230428 01:03:46.368" endtime="20230428 01:03:46.501"/>
</kw>
<kw name="Input Text" library="SeleniumLibrary">
<arg>id:password</arg>
<arg>${password}</arg>
<doc>Types the given ``text`` into the text field identified by ``locator``.</doc>
<msg timestamp="20230428 01:03:46.502" level="INFO">Typing text 'secret_sauce' into text field 'id:password'.</msg>
<status status="PASS" starttime="20230428 01:03:46.501" endtime="20230428 01:03:46.603"/>
</kw>
<kw name="Click Button" library="SeleniumLibrary">
<arg>id:login-button</arg>
<doc>Clicks the button identified by ``locator``.</doc>
<msg timestamp="20230428 01:03:46.604" level="INFO">Clicking button 'id:login-button'.</msg>
<status status="PASS" starttime="20230428 01:03:46.604" endtime="20230428 01:03:46.787"/>
</kw>
<status status="PASS" starttime="20230428 01:03:46.368" endtime="20230428 01:03:46.787"/>
</kw>
<kw name="And the Inventory page loads" library="test_keywords_login">
<kw name="Location Should Be" library="SeleniumLibrary">
<arg>https://www.saucedemo.com/inventory.html</arg>
<doc>Verifies that the current URL is exactly ``url``.</doc>
<msg timestamp="20230428 01:03:46.800" level="INFO">Current location is 'https://www.saucedemo.com/inventory.html'.</msg>
<status status="PASS" starttime="20230428 01:03:46.788" endtime="20230428 01:03:46.801"/>
</kw>
<status status="PASS" starttime="20230428 01:03:46.788" endtime="20230428 01:03:46.801"/>
</kw>
<kw name="Then the page should contain the text &quot;Products&quot;" library="test_keywords_login" sourcename="Then the page should contain the text &quot;${expected_text}&quot;">
<kw name="Page Should Contain" library="SeleniumLibrary">
<arg>${expected_text}</arg>
<doc>Verifies that current page contains ``text``.</doc>
<msg timestamp="20230428 01:03:46.829" level="INFO">Current page contains text 'Products'.</msg>
<status status="PASS" starttime="20230428 01:03:46.801" endtime="20230428 01:03:46.829"/>
</kw>
<status status="PASS" starttime="20230428 01:03:46.801" endtime="20230428 01:03:46.830"/>
</kw>
<kw name="After Tests" library="test_keywords_common" type="TEARDOWN">
<kw name="Close Browser" library="SeleniumLibrary">
<doc>Closes the current browser.</doc>
<status status="PASS" starttime="20230428 01:03:46.830" endtime="20230428 01:03:46.892"/>
</kw>
<status status="PASS" starttime="20230428 01:03:46.830" endtime="20230428 01:03:46.892"/>
</kw>
<tag>ui</tag>
<status status="PASS" starttime="20230428 01:03:43.580" endtime="20230428 01:03:46.892"/>
</test>
<test id="s1-s2-s1-s1-t2" name="Scenario: Log in to Sauce Demo with Locked Out User" line="17">
<kw name="Before Tests" library="test_keywords_common" type="SETUP">
<kw name="Open Browser" library="SeleniumLibrary">
<arg>${SERVER_BASE_URL}</arg>
<arg>${HEADLESS} ${BROWSER}</arg>
<doc>Opens a new browser instance to the optional ``url``.</doc>
<msg timestamp="20230428 01:03:46.894" level="INFO">Opening browser 'headless Chrome' to base url 'https://www.saucedemo.com/'.</msg>
<status status="PASS" starttime="20230428 01:03:46.894" endtime="20230428 01:03:47.722"/>
</kw>
<kw name="Maximize Browser Window" library="SeleniumLibrary">
<doc>Maximizes current browser window.</doc>
<status status="PASS" starttime="20230428 01:03:47.722" endtime="20230428 01:03:47.826"/>
</kw>
<status status="PASS" starttime="20230428 01:03:46.893" endtime="20230428 01:03:47.826"/>
</kw>
<kw name="Given Im on the main application page" library="test_keywords_login">
<kw name="Go To" library="SeleniumLibrary">
<arg>${SERVER_BASE_URL}</arg>
<doc>Navigates the current browser window to the provided ``url``.</doc>
<msg timestamp="20230428 01:03:47.827" level="INFO">Opening url 'https://www.saucedemo.com/'</msg>
<status status="PASS" starttime="20230428 01:03:47.827" endtime="20230428 01:03:47.881"/>
</kw>
<kw name="Location Should Be" library="SeleniumLibrary">
<arg>${SERVER_BASE_URL}</arg>
<doc>Verifies that the current URL is exactly ``url``.</doc>
<msg timestamp="20230428 01:03:47.886" level="INFO">Current location is 'https://www.saucedemo.com/'.</msg>
<status status="PASS" starttime="20230428 01:03:47.882" endtime="20230428 01:03:47.886"/>
</kw>
<status status="PASS" starttime="20230428 01:03:47.827" endtime="20230428 01:03:47.886"/>
</kw>
<kw name="When I log in with credentials" library="test_keywords_login">
<arg>locked_out_user</arg>
<arg>secret_sauce</arg>
<kw name="Input Text" library="SeleniumLibrary">
<arg>id:user-name</arg>
<arg>${username}</arg>
<doc>Types the given ``text`` into the text field identified by ``locator``.</doc>
<msg timestamp="20230428 01:03:47.888" level="INFO">Typing text 'locked_out_user' into text field 'id:user-name'.</msg>
<status status="PASS" starttime="20230428 01:03:47.887" endtime="20230428 01:03:47.981"/>
</kw>
<kw name="Input Text" library="SeleniumLibrary">
<arg>id:password</arg>
<arg>${password}</arg>
<doc>Types the given ``text`` into the text field identified by ``locator``.</doc>
<msg timestamp="20230428 01:03:47.982" level="INFO">Typing text 'secret_sauce' into text field 'id:password'.</msg>
<status status="PASS" starttime="20230428 01:03:47.981" endtime="20230428 01:03:48.063"/>
</kw>
<kw name="Click Button" library="SeleniumLibrary">
<arg>id:login-button</arg>
<doc>Clicks the button identified by ``locator``.</doc>
<msg timestamp="20230428 01:03:48.064" level="INFO">Clicking button 'id:login-button'.</msg>
<status status="PASS" starttime="20230428 01:03:48.063" endtime="20230428 01:03:48.119"/>
</kw>
<status status="PASS" starttime="20230428 01:03:47.887" endtime="20230428 01:03:48.120"/>
</kw>
<kw name="Then the locked out message should be displayed" library="test_keywords_login">
<kw name="Element Should Be Visible" library="SeleniumLibrary">
<arg>class:error-message-container</arg>
<doc>Verifies that the element identified by ``locator`` is visible.</doc>
<msg timestamp="20230428 01:03:48.142" level="INFO">Element 'class:error-message-container' is displayed.</msg>
<status status="PASS" starttime="20230428 01:03:48.120" endtime="20230428 01:03:48.142"/>
</kw>
<status status="PASS" starttime="20230428 01:03:48.120" endtime="20230428 01:03:48.142"/>
</kw>
<kw name="After Tests" library="test_keywords_common" type="TEARDOWN">
<kw name="Close Browser" library="SeleniumLibrary">
<doc>Closes the current browser.</doc>
<status status="PASS" starttime="20230428 01:03:48.143" endtime="20230428 01:03:48.200"/>
</kw>
<status status="PASS" starttime="20230428 01:03:48.142" endtime="20230428 01:03:48.201"/>
</kw>
<tag>ui</tag>
<status status="PASS" starttime="20230428 01:03:46.893" endtime="20230428 01:03:48.201"/>
</test>
<test id="s1-s2-s1-s1-t3" name="Scenario: Log in to Sauce Demo with Problem User" line="23">
<kw name="Before Tests" library="test_keywords_common" type="SETUP">
<kw name="Open Browser" library="SeleniumLibrary">
<arg>${SERVER_BASE_URL}</arg>
<arg>${HEADLESS} ${BROWSER}</arg>
<doc>Opens a new browser instance to the optional ``url``.</doc>
<msg timestamp="20230428 01:03:48.203" level="INFO">Opening browser 'headless Chrome' to base url 'https://www.saucedemo.com/'.</msg>
<status status="PASS" starttime="20230428 01:03:48.203" endtime="20230428 01:03:49.049"/>
</kw>
<kw name="Maximize Browser Window" library="SeleniumLibrary">
<doc>Maximizes current browser window.</doc>
<status status="PASS" starttime="20230428 01:03:49.049" endtime="20230428 01:03:49.154"/>
</kw>
<status status="PASS" starttime="20230428 01:03:48.202" endtime="20230428 01:03:49.154"/>
</kw>
<kw name="Given Im on the main application page" library="test_keywords_login">
<kw name="Go To" library="SeleniumLibrary">
<arg>${SERVER_BASE_URL}</arg>
<doc>Navigates the current browser window to the provided ``url``.</doc>
<msg timestamp="20230428 01:03:49.156" level="INFO">Opening url 'https://www.saucedemo.com/'</msg>
<status status="PASS" starttime="20230428 01:03:49.155" endtime="20230428 01:03:49.213"/>
</kw>
<kw name="Location Should Be" library="SeleniumLibrary">
<arg>${SERVER_BASE_URL}</arg>
<doc>Verifies that the current URL is exactly ``url``.</doc>
<msg timestamp="20230428 01:03:49.217" level="INFO">Current location is 'https://www.saucedemo.com/'.</msg>
<status status="PASS" starttime="20230428 01:03:49.213" endtime="20230428 01:03:49.217"/>
</kw>
<status status="PASS" starttime="20230428 01:03:49.155" endtime="20230428 01:03:49.217"/>
</kw>
<kw name="When I log in with credentials" library="test_keywords_login">
<arg>problem_user</arg>
<arg>secret_sauce</arg>
<kw name="Input Text" library="SeleniumLibrary">
<arg>id:user-name</arg>
<arg>${username}</arg>
<doc>Types the given ``text`` into the text field identified by ``locator``.</doc>
<msg timestamp="20230428 01:03:49.219" level="INFO">Typing text 'problem_user' into text field 'id:user-name'.</msg>
<status status="PASS" starttime="20230428 01:03:49.218" endtime="20230428 01:03:49.309"/>
</kw>
<kw name="Input Text" library="SeleniumLibrary">
<arg>id:password</arg>
<arg>${password}</arg>
<doc>Types the given ``text`` into the text field identified by ``locator``.</doc>
<msg timestamp="20230428 01:03:49.310" level="INFO">Typing text 'secret_sauce' into text field 'id:password'.</msg>
<status status="PASS" starttime="20230428 01:03:49.309" endtime="20230428 01:03:49.389"/>
</kw>
<kw name="Click Button" library="SeleniumLibrary">
<arg>id:login-button</arg>
<doc>Clicks the button identified by ``locator``.</doc>
<msg timestamp="20230428 01:03:49.390" level="INFO">Clicking button 'id:login-button'.</msg>
<status status="PASS" starttime="20230428 01:03:49.390" endtime="20230428 01:03:49.469"/>
</kw>
<status status="PASS" starttime="20230428 01:03:49.218" endtime="20230428 01:03:49.470"/>
</kw>
<kw name="And the Inventory page loads" library="test_keywords_login">
<kw name="Location Should Be" library="SeleniumLibrary">
<arg>https://www.saucedemo.com/inventory.html</arg>
<doc>Verifies that the current URL is exactly ``url``.</doc>
<msg timestamp="20230428 01:03:49.480" level="INFO">Current location is 'https://www.saucedemo.com/inventory.html'.</msg>
<status status="PASS" starttime="20230428 01:03:49.470" endtime="20230428 01:03:49.481"/>
</kw>
<status status="PASS" starttime="20230428 01:03:49.470" endtime="20230428 01:03:49.481"/>
</kw>
<kw name="Then the page should contain the text &quot;Products&quot;" library="test_keywords_login" sourcename="Then the page should contain the text &quot;${expected_text}&quot;">
<kw name="Page Should Contain" library="SeleniumLibrary">
<arg>${expected_text}</arg>
<doc>Verifies that current page contains ``text``.</doc>
<msg timestamp="20230428 01:03:49.494" level="INFO">Current page contains text 'Products'.</msg>
<status status="PASS" starttime="20230428 01:03:49.481" endtime="20230428 01:03:49.494"/>
</kw>
<status status="PASS" starttime="20230428 01:03:49.481" endtime="20230428 01:03:49.494"/>
</kw>
<kw name="After Tests" library="test_keywords_common" type="TEARDOWN">
<kw name="Close Browser" library="SeleniumLibrary">
<doc>Closes the current browser.</doc>
<status status="PASS" starttime="20230428 01:03:49.495" endtime="20230428 01:03:49.553"/>
</kw>
<status status="PASS" starttime="20230428 01:03:49.495" endtime="20230428 01:03:49.553"/>
</kw>
<tag>ui</tag>
<status status="PASS" starttime="20230428 01:03:48.202" endtime="20230428 01:03:49.553"/>
</test>
<test id="s1-s2-s1-s1-t4" name="Scenario: Log in to Sauce Demo with Performance Glitch User" line="30">
<kw name="Before Tests" library="test_keywords_common" type="SETUP">
<kw name="Open Browser" library="SeleniumLibrary">
<arg>${SERVER_BASE_URL}</arg>
<arg>${HEADLESS} ${BROWSER}</arg>
<doc>Opens a new browser instance to the optional ``url``.</doc>
<msg timestamp="20230428 01:03:49.556" level="INFO">Opening browser 'headless Chrome' to base url 'https://www.saucedemo.com/'.</msg>
<status status="PASS" starttime="20230428 01:03:49.555" endtime="20230428 01:03:50.387"/>
</kw>
<kw name="Maximize Browser Window" library="SeleniumLibrary">
<doc>Maximizes current browser window.</doc>
<status status="PASS" starttime="20230428 01:03:50.387" endtime="20230428 01:03:50.493"/>
</kw>
<status status="PASS" starttime="20230428 01:03:49.555" endtime="20230428 01:03:50.493"/>
</kw>
<kw name="Given Im on the main application page" library="test_keywords_login">
<kw name="Go To" library="SeleniumLibrary">
<arg>${SERVER_BASE_URL}</arg>
<doc>Navigates the current browser window to the provided ``url``.</doc>
<msg timestamp="20230428 01:03:50.494" level="INFO">Opening url 'https://www.saucedemo.com/'</msg>
<status status="PASS" starttime="20230428 01:03:50.494" endtime="20230428 01:03:50.551"/>
</kw>
<kw name="Location Should Be" library="SeleniumLibrary">
<arg>${SERVER_BASE_URL}</arg>
<doc>Verifies that the current URL is exactly ``url``.</doc>
<msg timestamp="20230428 01:03:50.555" level="INFO">Current location is 'https://www.saucedemo.com/'.</msg>
<status status="PASS" starttime="20230428 01:03:50.551" endtime="20230428 01:03:50.555"/>
</kw>
<status status="PASS" starttime="20230428 01:03:50.494" endtime="20230428 01:03:50.556"/>
</kw>
<kw name="When I log in with credentials" library="test_keywords_login">
<arg>performance_glitch_user</arg>
<arg>secret_sauce</arg>
<kw name="Input Text" library="SeleniumLibrary">
<arg>id:user-name</arg>
<arg>${username}</arg>
<doc>Types the given ``text`` into the text field identified by ``locator``.</doc>
<msg timestamp="20230428 01:03:50.557" level="INFO">Typing text 'performance_glitch_user' into text field 'id:user-name'.</msg>
<status status="PASS" starttime="20230428 01:03:50.556" endtime="20230428 01:03:50.677"/>
</kw>
<kw name="Input Text" library="SeleniumLibrary">
<arg>id:password</arg>
<arg>${password}</arg>
<doc>Types the given ``text`` into the text field identified by ``locator``.</doc>
<msg timestamp="20230428 01:03:50.678" level="INFO">Typing text 'secret_sauce' into text field 'id:password'.</msg>
<status status="PASS" starttime="20230428 01:03:50.677" endtime="20230428 01:03:50.761"/>
</kw>
<kw name="Click Button" library="SeleniumLibrary">
<arg>id:login-button</arg>
<doc>Clicks the button identified by ``locator``.</doc>
<msg timestamp="20230428 01:03:50.762" level="INFO">Clicking button 'id:login-button'.</msg>
<status status="PASS" starttime="20230428 01:03:50.762" endtime="20230428 01:03:55.852"/>
</kw>
<status status="PASS" starttime="20230428 01:03:50.556" endtime="20230428 01:03:55.852"/>
</kw>
<kw name="And the Inventory page loads" library="test_keywords_login">
<kw name="Location Should Be" library="SeleniumLibrary">
<arg>https://www.saucedemo.com/inventory.html</arg>
<doc>Verifies that the current URL is exactly ``url``.</doc>
<msg timestamp="20230428 01:03:55.868" level="INFO">Current location is 'https://www.saucedemo.com/inventory.html'.</msg>
<status status="PASS" starttime="20230428 01:03:55.852" endtime="20230428 01:03:55.869"/>
</kw>
<status status="PASS" starttime="20230428 01:03:55.852" endtime="20230428 01:03:55.869"/>
</kw>
<kw name="Then the page should contain the text &quot;Products&quot;" library="test_keywords_login" sourcename="Then the page should contain the text &quot;${expected_text}&quot;">
<kw name="Page Should Contain" library="SeleniumLibrary">
<arg>${expected_text}</arg>
<doc>Verifies that current page contains ``text``.</doc>
<msg timestamp="20230428 01:03:55.884" level="INFO">Current page contains text 'Products'.</msg>
<status status="PASS" starttime="20230428 01:03:55.869" endtime="20230428 01:03:55.885"/>
</kw>
<status status="PASS" starttime="20230428 01:03:55.869" endtime="20230428 01:03:55.885"/>
</kw>
<kw name="After Tests" library="test_keywords_common" type="TEARDOWN">
<kw name="Close Browser" library="SeleniumLibrary">
<doc>Closes the current browser.</doc>
<status status="PASS" starttime="20230428 01:03:55.885" endtime="20230428 01:03:55.943"/>
</kw>
<status status="PASS" starttime="20230428 01:03:55.885" endtime="20230428 01:03:55.944"/>
</kw>
<tag>ui</tag>
<status status="PASS" starttime="20230428 01:03:49.554" endtime="20230428 01:03:55.944"/>
</test>
<status status="PASS" starttime="20230428 01:03:43.574" endtime="20230428 01:03:55.945"/>
</suite>
<status status="PASS" starttime="20230428 01:03:43.572" endtime="20230428 01:03:55.947"/>
</suite>
<status status="PASS" starttime="20230428 01:03:43.570" endtime="20230428 01:03:55.951"/>
</suite>
<status status="FAIL" starttime="20230428 01:03:42.555" endtime="20230428 01:03:55.953"/>
</suite>
<statistics>
<total>
<stat pass="6" fail="3" skip="0">All Tests</stat>
</total>
<tag>
<stat pass="2" fail="3" skip="0">api</stat>
<stat pass="4" fail="0" skip="0">ui</stat>
</tag>
<suite>
<stat pass="6" fail="3" skip="0" id="s1" name="Tests">Tests</stat>
<stat pass="2" fail="3" skip="0" id="s1-s1" name="Api">Tests.Api</stat>
<stat pass="2" fail="3" skip="0" id="s1-s1-s1" name="Users">Tests.Api.Users</stat>
<stat pass="2" fail="3" skip="0" id="s1-s1-s1-s1" name="Test Api Users">Tests.Api.Users.Test Api Users</stat>
<stat pass="4" fail="0" skip="0" id="s1-s2" name="Ui">Tests.Ui</stat>
<stat pass="4" fail="0" skip="0" id="s1-s2-s1" name="Login">Tests.Ui.Login</stat>
<stat pass="4" fail="0" skip="0" id="s1-s2-s1-s1" name="Test Ui Login">Tests.Ui.Login.Test Ui Login</stat>
</suite>
</statistics>
<errors>
</errors>
</robot>
