<?xml version="1.0" encoding="UTF-8"?>
<robot generator="Robot 6.0.2 (Python 3.8.16 on linux)" generated="20230413 17:06:55.841" rpa="false" schemaversion="3">
<suite id="s1" name="Tests" source="/home/runner/work/gen-ai-robot-test/gen-ai-robot-test/tests">
<suite id="s1-s1" name="Api" source="/home/runner/work/gen-ai-robot-test/gen-ai-robot-test/tests/api">
<suite id="s1-s1-s1" name="Users" source="/home/runner/work/gen-ai-robot-test/gen-ai-robot-test/tests/api/users">
<suite id="s1-s1-s1-s1" name="Test Api Users" source="/home/runner/work/gen-ai-robot-test/gen-ai-robot-test/tests/api/users/test_api_users.robot">
<test id="s1-s1-s1-s1-t1" name="Scenario: Get all registered users" line="9">
<kw name="Before Tests" library="test_keywords_common" type="SETUP">
<kw name="Create Session" library="RequestsLibrary">
<arg>serverest</arg>
<arg>${SERVER_BASE_URL}</arg>
<arg>disable_warnings=True</arg>
<doc>Create Session: create a HTTP session to a server</doc>
<msg timestamp="20230413 17:06:56.380" level="INFO">Creating Session using : alias=serverest, url=https://serverest.dev, headers={},                     cookies={}, auth=None, timeout=None, proxies=None, verify=False,                     debug=0 </msg>
<status status="PASS" starttime="20230413 17:06:56.379" endtime="20230413 17:06:56.380"/>
</kw>
<status status="PASS" starttime="20230413 17:06:56.379" endtime="20230413 17:06:56.381"/>
</kw>
<kw name="When I request the list of all registered users" library="test_keywords_users">
<kw name="GET On Session" library="RequestsLibrary">
<var>${response}</var>
<arg>serverest</arg>
<arg>${USERS_API_ENDPOINT}</arg>
<doc>Sends a GET request on a previously created HTTP Session.</doc>
<msg timestamp="20230413 17:06:56.594" level="INFO">GET Request : url=https://serverest.dev/usuarios 
 path_url=/usuarios 
 headers={'User-Agent': 'python-requests/2.28.2', 'Accept-Encoding': 'gzip, deflate', 'Accept': '*/*', 'Connection': 'keep-alive'} 
 body=None 
 </msg>
<msg timestamp="20230413 17:06:56.595" level="INFO">GET Response : url=https://serverest.dev/usuarios 
 status=200, reason=OK 
 headers={'access-control-allow-origin': '*', 'x-dns-prefetch-control': 'off', 'x-frame-options': 'SAMEORIGIN', 'strict-transport-security': 'max-age=15552000; includeSubDomains', 'x-download-options': 'noopen', 'x-content-type-options': 'nosniff', 'x-xss-protection': '1; mode=block', 'x-moesif-transaction-id': '3b91201e-7cdc-427f-b633-d44ff444c514', 'content-type': 'application/json; charset=utf-8', 'X-Cloud-Trace-Context': '4e9bc15d225172de1a7e9f589c9d14ea;o=1', 'Date': 'Thu, 13 Apr 2023 17:06:56 GMT', 'Server': 'Google Frontend', 'Content-Length': '6880'} 
 body={
    "quantidade": 32,
    "usuarios": [
        {
            "nome": "Fulano da Silva",
            "email": "fulano@qa.com",
            "password": "teste",
            "administrador": "true",
            "_id": "0uxuPY0cbmQhpEz1"
        },
        {
            "nome": "Fulano da Silva",
            "email": "beltrano@qa.com.br",
            "password": "teste",
            "administrador": "true",
            "_id": "1I5MtFIUIIOY5fV8"
        },
        {
            "nome": "Windows da Silva",
            "email": "ipqxei@emailteste.com",
            "password": "15674",
            "administrador": "true",
            "_id": "2JhTk8dSFIFe8lH6"
        },
        {
            "nome": "Beth Ratke",
            "email": "stacy@osinski-osinski.info",
            "password": "teste",
            "administrador": "true",
            "_id": "71wWcZo3ezwrC3Cr"
        },
        {
            "nome": "Fulano da Silva",
            "email": "ppfv@emailteste.com",
            "password": "1234",
            "administrador": "true",
            "_id": "9mIJVW1Ol7xedZFs"
        },
        {
            "nome": "Fulano da Silva",
            "email": "pxwc@emailteste.com",
            "password": "1234",
            "administrador": "true",
            "_id": "APyHOugT42PmdOBJ"
        },
        {
            "nome": "Fulano da Silva",
            "email": "mvsc@qa.com.br",
            "password": "teste",
            "administrador": "true",
            "_id": "FxBMCLty8jySZP22"
        },
        {
            "nome": "Fulano da Silva",
            "email": "vasm@emailteste.com",
            "password": "1234",
            "administrador": "true",
            "_id": "GCpN2ihUBADVFECo"
        },
        {
            "nome": "Fulano da Silva",
            "email": "juvo@emailteste.com",
            "password": "1234",
            "administrador": "true",
            "_id": "H7CG5GTrfZj2tn96"
        },
        {
            "nome": "Delma Welch",
            "email": "jermaine@rodriguez.com",
            "password": "teste",
            "administrador": "true",
            "_id": "IJG76Lf2CDJbbMsw"
        },
        {
            "nome": "Fulano da Silva",
            "email": "jlnp@emailteste.com",
            "password": "1234",
            "administrador": "true",
            "_id": "J3UFFE8BkXHPl98Q"
        },
        {
            "nome": "Erasmo Greenfelder",
            "email": "gary@green.biz",
            "password": "teste",
            "administrador": "true",
            "_id": "L9YvsBccf96rb0IJ"
        },
        {
            "nome": "Fulano da Silva",
            "email": "dvrb@emailteste.com",
            "password": "1234",
            "administrador": "true",
            "_id": "LbqHhFaMoMXgzH6e"
        },
        {
            "nome": "batata",
            "email": "hayden_steuber@cartwright.info",
            "password": "teste",
            "administrador": "true",
            "_id": "MFX1zgBTAv3RdyAw"
        },
        {
            "nome": "Fulano da Silva",
            "email": "gzmi@emailteste.com",
            "password": "1234",
            "administrador": "true",
            "_id": "MVIuW7YbJau8fYqf"
        },
        {
            "nome": "Twila Hessel",
            "email": "derek@frami-huel.info",
            "password": "teste",
            "administrador": "true",
            "_id": "VkpCmTunrhycBbfW"
        },
        {
            "nome": "Fulano da Silva",
            "email": "crhp@emailteste.com",
            "password": "1234",
            "administrador": "true",
            "_id": "WaqzREFowvCuPHI4"
        },
        {
            "nome": "Windows da Silva",
            "email": "fslffc@emailteste.com",
            "password": "15674",
            "administrador": "true",
            "_id": "XTwLaV0XfRxVQhUW"
        },
        {
            "nome": "Fulano da Silva",
            "email": "slqa@emailteste.com",
            "password": "1234",
            "administrador": "true",
            "_id": "ZDWAI2kyN4JNLHdV"
        },
        {
            "nome": "Keshia Sanford",
            "email": "antonio_gleason@abbott.biz",
            "password": "teste",
            "administrador": "true",
            "_id": "ZsGL8uPkee6KhzCc"
        },
        {
            "nome": "Windows da Silva",
            "email": "guiwtc@emailteste.com",
            "password": "15674",
            "administrador": "true",
            "_id": "dYbAWCLodZs9INI4"
        },
        {
            "nome": "Keisha Witting",
            "email": "alexandra.jakubowski@hirthe-wisoky.org",
            "password": "teste",
            "administrador": "true",
            "_id": "gUKn5J99Pi2FaKPZ"
        },
        {
            "nome": "Windows da Silva",
            "email": "lliebv@emailteste.com",
            "password": "15674",
            "administrador": "true",
            "_id": "iv23MKIg4gCOCuqE"
        },
        {
            "nome": "{{generatedName}}",
            "email": "Abbigail.Purdy@example.org",
            "password": "teste",
            "administrador": "true",
            "_id": "jTe7D7OVhdK0Ggsf"
        },
        {
            "nome": "Basil Renner",
            "email": "valentin_heathcote@parisian.com",
            "password": "teste",
            "administrador": "true",
            "_id": "kiqxPiLVa1rvPRw7"
        },
        {
            "nome": "Fulano da Silva",
            "email": "ywal@emailteste.com",
            "password": "1234",
            "administrador": "true",
            "_id": "lFKFtZbCGJwdqrRd"
        },
        {
            "nome": "Windows da Silva",
            "email": "mdjicj@emailteste.com",
            "password": "15674",
            "administrador": "true",
            "_id": "lMuS9y6b6CMlz4WM"
        },
        {
            "nome": "Windows da Silva",
            "email": "mwgrlo@emailteste.com",
            "password": "15674",
            "administrador": "true",
            "_id": "oiVWYW5KdkaZHGsH"
        },
        {
            "nome": "Fulano da Silva",
            "email": "ryhm@emailteste.com",
            "password": "1234",
            "administrador": "true",
            "_id": "qjFxff4MfEXkeiSE"
        },
        {
            "nome": "{{generatedName}}",
            "email": "Carlee_Shields@example.com",
            "password": "teste",
            "administrador": "true",
            "_id": "vB7VATGIp6u1ay9w"
        },
        {
            "nome": "Fulano da Silva",
            "email": "orpn@emailteste.com",
            "password": "1234",
            "administrador": "true",
            "_id": "wQFiz8g2ElHHEhEp"
        },
        {
            "nome": "Jamey Wilkinson I",
            "email": "gary@okon-ratke.biz",
            "password": "teste",
            "administrador": "false",
            "_id": "yonFUppR1mA1rN3E"
        }
    ]
} 
 </msg>
<msg timestamp="20230413 17:06:56.595" level="INFO">${response} = &lt;Response [200]&gt;</msg>
<status status="PASS" starttime="20230413 17:06:56.381" endtime="20230413 17:06:56.596"/>
</kw>
<kw name="Set Test Variable" library="BuiltIn">
<arg>${response}</arg>
<doc>Makes a variable available everywhere within the scope of the current test.</doc>
<msg timestamp="20230413 17:06:56.596" level="INFO">${response} = &lt;Response [200]&gt;</msg>
<status status="PASS" starttime="20230413 17:06:56.596" endtime="20230413 17:06:56.596"/>
</kw>
<status status="PASS" starttime="20230413 17:06:56.381" endtime="20230413 17:06:56.597"/>
</kw>
<kw name="Then the response status code should be 200" library="test_keywords_users" sourcename="Then the response status code should be ${status_code}">
<kw name="Should Be Equal As Numbers" library="BuiltIn">
<arg>${response.status_code}</arg>
<arg>${status_code}</arg>
<doc>Fails if objects are unequal after converting them to real numbers.</doc>
<msg timestamp="20230413 17:06:56.598" level="INFO">Argument types are:
&lt;class 'int'&gt;
&lt;class 'str'&gt;</msg>
<status status="PASS" starttime="20230413 17:06:56.597" endtime="20230413 17:06:56.598"/>
</kw>
<kw name="Should Be True" library="BuiltIn">
<arg>${response.json()}</arg>
<doc>Fails if the given condition is not true.</doc>
<status status="PASS" starttime="20230413 17:06:56.598" endtime="20230413 17:06:56.599"/>
</kw>
<status status="PASS" starttime="20230413 17:06:56.597" endtime="20230413 17:06:56.599"/>
</kw>
<kw name="And the response body should not be empty" library="test_keywords_users">
<kw name="Should Not Be Empty" library="BuiltIn">
<arg>${response.json()}</arg>
<doc>Verifies that the given item is not empty.</doc>
<msg timestamp="20230413 17:06:56.601" level="INFO">Length is 2</msg>
<status status="PASS" starttime="20230413 17:06:56.600" endtime="20230413 17:06:56.601"/>
</kw>
<status status="PASS" starttime="20230413 17:06:56.600" endtime="20230413 17:06:56.601"/>
</kw>
<status status="PASS" starttime="20230413 17:06:56.378" endtime="20230413 17:06:56.601"/>
</test>
<test id="s1-s1-s1-s1-t2" name="Scenario: Create a new user" line="15">
<kw name="Before Tests" library="test_keywords_common" type="SETUP">
<kw name="Create Session" library="RequestsLibrary">
<arg>serverest</arg>
<arg>${SERVER_BASE_URL}</arg>
<arg>disable_warnings=True</arg>
<doc>Create Session: create a HTTP session to a server</doc>
<msg timestamp="20230413 17:06:56.604" level="INFO">Creating Session using : alias=serverest, url=https://serverest.dev, headers={},                     cookies={}, auth=None, timeout=None, proxies=None, verify=False,                     debug=0 </msg>
<status status="PASS" starttime="20230413 17:06:56.603" endtime="20230413 17:06:56.604"/>
</kw>
<status status="PASS" starttime="20230413 17:06:56.603" endtime="20230413 17:06:56.604"/>
</kw>
<kw name="Given I have a valid user data" library="test_keywords_users">
<kw name="Name" library="FakerLibrary">
<var>${name}</var>
<doc>:example 'John Doe'</doc>
<msg timestamp="20230413 17:06:56.606" level="INFO">${name} = Laura Taylor</msg>
<status status="PASS" starttime="20230413 17:06:56.605" endtime="20230413 17:06:56.606"/>
</kw>
<kw name="Email" library="FakerLibrary">
<var>${email}</var>
<msg timestamp="20230413 17:06:56.607" level="INFO">${email} = johnsonmichael@example.net</msg>
<status status="PASS" starttime="20230413 17:06:56.606" endtime="20230413 17:06:56.607"/>
</kw>
<kw name="Password" library="FakerLibrary">
<var>${password}</var>
<doc>Generate a random password of the specified ``length``.</doc>
<msg timestamp="20230413 17:06:56.607" level="INFO">${password} = E^f8VffbBy</msg>
<status status="PASS" starttime="20230413 17:06:56.607" endtime="20230413 17:06:56.607"/>
</kw>
<kw name="Set Suite Variable" library="BuiltIn">
<arg>${name}</arg>
<doc>Makes a variable available everywhere within the scope of the current suite.</doc>
<msg timestamp="20230413 17:06:56.608" level="INFO">${name} = Laura Taylor</msg>
<status status="PASS" starttime="20230413 17:06:56.607" endtime="20230413 17:06:56.608"/>
</kw>
<kw name="Set Suite Variable" library="BuiltIn">
<arg>${email}</arg>
<doc>Makes a variable available everywhere within the scope of the current suite.</doc>
<msg timestamp="20230413 17:06:56.608" level="INFO">${email} = johnsonmichael@example.net</msg>
<status status="PASS" starttime="20230413 17:06:56.608" endtime="20230413 17:06:56.608"/>
</kw>
<kw name="Set Suite Variable" library="BuiltIn">
<arg>${password}</arg>
<doc>Makes a variable available everywhere within the scope of the current suite.</doc>
<msg timestamp="20230413 17:06:56.609" level="INFO">${password} = E^f8VffbBy</msg>
<status status="PASS" starttime="20230413 17:06:56.608" endtime="20230413 17:06:56.609"/>
</kw>
<status status="PASS" starttime="20230413 17:06:56.604" endtime="20230413 17:06:56.609"/>
</kw>
<kw name="When I create the user" library="test_keywords_users">
<kw name="Create Dictionary" library="BuiltIn">
<var>${payload}</var>
<arg>nome=${name}</arg>
<arg>email=${email}</arg>
<arg>password=${password}</arg>
<arg>administrador=false</arg>
<doc>Creates and returns a dictionary based on the given ``items``.</doc>
<msg timestamp="20230413 17:06:56.610" level="INFO">${payload} = {'nome': 'Laura Taylor', 'email': 'johnsonmichael@example.net', 'password': 'E^f8VffbBy', 'administrador': 'false'}</msg>
<status status="PASS" starttime="20230413 17:06:56.610" endtime="20230413 17:06:56.611"/>
</kw>
<kw name="Create Dictionary" library="BuiltIn">
<var>${headers}</var>
<arg>Content-Type=application/json</arg>
<doc>Creates and returns a dictionary based on the given ``items``.</doc>
<msg timestamp="20230413 17:06:56.611" level="INFO">${headers} = {'Content-Type': 'application/json'}</msg>
<status status="PASS" starttime="20230413 17:06:56.611" endtime="20230413 17:06:56.611"/>
</kw>
<kw name="POST On Session" library="RequestsLibrary">
<var>${response}</var>
<arg>serverest</arg>
<arg>${USERS_API_ENDPOINT}</arg>
<arg>json=${payload}</arg>
<arg>headers=${headers}</arg>
<doc>Sends a POST request on a previously created HTTP Session.</doc>
<msg timestamp="20230413 17:06:56.708" level="INFO">POST Request : url=https://serverest.dev/usuarios 
 path_url=/usuarios 
 headers={'User-Agent': 'python-requests/2.28.2', 'Accept-Encoding': 'gzip, deflate', 'Accept': '*/*', 'Connection': 'keep-alive', 'Content-Type': 'application/json', 'Content-Length': '115'} 
 body=b'{"nome": "Laura Taylor", "email": "johnsonmichael@example.net", "password": "E^f8VffbBy", "administrador": "false"}' 
 </msg>
<msg timestamp="20230413 17:06:56.708" level="INFO">POST Response : url=https://serverest.dev/usuarios 
 status=201, reason=Created 
 headers={'access-control-allow-origin': '*', 'x-dns-prefetch-control': 'off', 'x-frame-options': 'SAMEORIGIN', 'strict-transport-security': 'max-age=15552000; includeSubDomains', 'x-download-options': 'noopen', 'x-content-type-options': 'nosniff', 'x-xss-protection': '1; mode=block', 'x-moesif-transaction-id': '6ea182c6-5adf-4d13-9821-69e48ff8f392', 'content-type': 'application/json; charset=utf-8', 'X-Cloud-Trace-Context': '4149f27c47cdfa3a41b0ddd6360cefe3', 'Date': 'Thu, 13 Apr 2023 17:06:56 GMT', 'Server': 'Google Frontend', 'Content-Length': '82'} 
 body={
    "message": "Cadastro realizado com sucesso",
    "_id": "h8UzpywfSVBUR7iR"
} 
 </msg>
<msg timestamp="20230413 17:06:56.709" level="INFO">${response} = &lt;Response [201]&gt;</msg>
<status status="PASS" starttime="20230413 17:06:56.612" endtime="20230413 17:06:56.709"/>
</kw>
<kw name="Set Variable" library="BuiltIn">
<var>${user_id}</var>
<arg>${response.json()['_id']}</arg>
<doc>Returns the given values which can then be assigned to a variables.</doc>
<msg timestamp="20230413 17:06:56.710" level="INFO">${user_id} = h8UzpywfSVBUR7iR</msg>
<status status="PASS" starttime="20230413 17:06:56.709" endtime="20230413 17:06:56.710"/>
</kw>
<kw name="Set Global Variable" library="BuiltIn">
<arg>${USER_ID}</arg>
<arg>${user_id}</arg>
<doc>Makes a variable available globally in all tests and suites.</doc>
<msg timestamp="20230413 17:06:56.711" level="INFO">${USER_ID} = h8UzpywfSVBUR7iR</msg>
<status status="PASS" starttime="20230413 17:06:56.710" endtime="20230413 17:06:56.711"/>
</kw>
<kw name="Set Test Variable" library="BuiltIn">
<arg>${response}</arg>
<doc>Makes a variable available everywhere within the scope of the current test.</doc>
<msg timestamp="20230413 17:06:56.711" level="INFO">${response} = &lt;Response [201]&gt;</msg>
<status status="PASS" starttime="20230413 17:06:56.711" endtime="20230413 17:06:56.711"/>
</kw>
<status status="PASS" starttime="20230413 17:06:56.609" endtime="20230413 17:06:56.711"/>
</kw>
<kw name="Then the response status code should be 201" library="test_keywords_users" sourcename="Then the response status code should be ${status_code}">
<kw name="Should Be Equal As Numbers" library="BuiltIn">
<arg>${response.status_code}</arg>
<arg>${status_code}</arg>
<doc>Fails if objects are unequal after converting them to real numbers.</doc>
<msg timestamp="20230413 17:06:56.713" level="INFO">Argument types are:
&lt;class 'int'&gt;
&lt;class 'str'&gt;</msg>
<status status="PASS" starttime="20230413 17:06:56.712" endtime="20230413 17:06:56.713"/>
</kw>
<kw name="Should Be True" library="BuiltIn">
<arg>${response.json()}</arg>
<doc>Fails if the given condition is not true.</doc>
<status status="PASS" starttime="20230413 17:06:56.713" endtime="20230413 17:06:56.714"/>
</kw>
<status status="PASS" starttime="20230413 17:06:56.712" endtime="20230413 17:06:56.714"/>
</kw>
<kw name="And the response body should not be empty" library="test_keywords_users">
<kw name="Should Not Be Empty" library="BuiltIn">
<arg>${response.json()}</arg>
<doc>Verifies that the given item is not empty.</doc>
<msg timestamp="20230413 17:06:56.715" level="INFO">Length is 2</msg>
<status status="PASS" starttime="20230413 17:06:56.715" endtime="20230413 17:06:56.716"/>
</kw>
<status status="PASS" starttime="20230413 17:06:56.714" endtime="20230413 17:06:56.716"/>
</kw>
<status status="PASS" starttime="20230413 17:06:56.602" endtime="20230413 17:06:56.716"/>
</test>
<test id="s1-s1-s1-s1-t3" name="Scenario: Get a specific user informations" line="21">
<kw name="Before Tests" library="test_keywords_common" type="SETUP">
<kw name="Create Session" library="RequestsLibrary">
<arg>serverest</arg>
<arg>${SERVER_BASE_URL}</arg>
<arg>disable_warnings=True</arg>
<doc>Create Session: create a HTTP session to a server</doc>
<msg timestamp="20230413 17:06:56.718" level="INFO">Creating Session using : alias=serverest, url=https://serverest.dev, headers={},                     cookies={}, auth=None, timeout=None, proxies=None, verify=False,                     debug=0 </msg>
<status status="PASS" starttime="20230413 17:06:56.717" endtime="20230413 17:06:56.718"/>
</kw>
<status status="PASS" starttime="20230413 17:06:56.717" endtime="20230413 17:06:56.718"/>
</kw>
<kw name="When I request the created user" library="test_keywords_users">
<kw name="GET On Session" library="RequestsLibrary">
<var>${response}</var>
<arg>serverest</arg>
<arg>${USERS_API_ENDPOINT}/${USER_ID}</arg>
<doc>Sends a GET request on a previously created HTTP Session.</doc>
<msg timestamp="20230413 17:06:56.816" level="INFO">GET Request : url=https://serverest.dev/usuarios/h8UzpywfSVBUR7iR 
 path_url=/usuarios/h8UzpywfSVBUR7iR 
 headers={'User-Agent': 'python-requests/2.28.2', 'Accept-Encoding': 'gzip, deflate', 'Accept': '*/*', 'Connection': 'keep-alive'} 
 body=None 
 </msg>
<msg timestamp="20230413 17:06:56.816" level="INFO">GET Response : url=https://serverest.dev/usuarios/h8UzpywfSVBUR7iR 
 status=200, reason=OK 
 headers={'access-control-allow-origin': '*', 'x-dns-prefetch-control': 'off', 'x-frame-options': 'SAMEORIGIN', 'strict-transport-security': 'max-age=15552000; includeSubDomains', 'x-download-options': 'noopen', 'x-content-type-options': 'nosniff', 'x-xss-protection': '1; mode=block', 'x-moesif-transaction-id': '681c3085-5be9-44e9-aeac-b6a6c428765f', 'content-type': 'application/json; charset=utf-8', 'X-Cloud-Trace-Context': 'fc805ae2d43a8fcd9fea9d592d3d8d6a', 'Date': 'Thu, 13 Apr 2023 17:06:56 GMT', 'Server': 'Google Frontend', 'Content-Length': '164'} 
 body={
    "nome": "Laura Taylor",
    "email": "johnsonmichael@example.net",
    "password": "E^f8VffbBy",
    "administrador": "false",
    "_id": "h8UzpywfSVBUR7iR"
} 
 </msg>
<msg timestamp="20230413 17:06:56.816" level="INFO">${response} = &lt;Response [200]&gt;</msg>
<status status="PASS" starttime="20230413 17:06:56.719" endtime="20230413 17:06:56.816"/>
</kw>
<kw name="Set Test Variable" library="BuiltIn">
<arg>${response}</arg>
<doc>Makes a variable available everywhere within the scope of the current test.</doc>
<msg timestamp="20230413 17:06:56.817" level="INFO">${response} = &lt;Response [200]&gt;</msg>
<status status="PASS" starttime="20230413 17:06:56.816" endtime="20230413 17:06:56.817"/>
</kw>
<status status="PASS" starttime="20230413 17:06:56.718" endtime="20230413 17:06:56.817"/>
</kw>
<kw name="Then the response status code should be 200" library="test_keywords_users" sourcename="Then the response status code should be ${status_code}">
<kw name="Should Be Equal As Numbers" library="BuiltIn">
<arg>${response.status_code}</arg>
<arg>${status_code}</arg>
<doc>Fails if objects are unequal after converting them to real numbers.</doc>
<msg timestamp="20230413 17:06:56.819" level="INFO">Argument types are:
&lt;class 'int'&gt;
&lt;class 'str'&gt;</msg>
<status status="PASS" starttime="20230413 17:06:56.818" endtime="20230413 17:06:56.819"/>
</kw>
<kw name="Should Be True" library="BuiltIn">
<arg>${response.json()}</arg>
<doc>Fails if the given condition is not true.</doc>
<status status="PASS" starttime="20230413 17:06:56.819" endtime="20230413 17:06:56.820"/>
</kw>
<status status="PASS" starttime="20230413 17:06:56.817" endtime="20230413 17:06:56.820"/>
</kw>
<kw name="And the response body should not be empty" library="test_keywords_users">
<kw name="Should Not Be Empty" library="BuiltIn">
<arg>${response.json()}</arg>
<doc>Verifies that the given item is not empty.</doc>
<msg timestamp="20230413 17:06:56.821" level="INFO">Length is 5</msg>
<status status="PASS" starttime="20230413 17:06:56.821" endtime="20230413 17:06:56.821"/>
</kw>
<status status="PASS" starttime="20230413 17:06:56.820" endtime="20230413 17:06:56.821"/>
</kw>
<status status="PASS" starttime="20230413 17:06:56.716" endtime="20230413 17:06:56.822"/>
</test>
<test id="s1-s1-s1-s1-t4" name="Scenario: Update the created user" line="26">
<kw name="Before Tests" library="test_keywords_common" type="SETUP">
<kw name="Create Session" library="RequestsLibrary">
<arg>serverest</arg>
<arg>${SERVER_BASE_URL}</arg>
<arg>disable_warnings=True</arg>
<doc>Create Session: create a HTTP session to a server</doc>
<msg timestamp="20230413 17:06:56.823" level="INFO">Creating Session using : alias=serverest, url=https://serverest.dev, headers={},                     cookies={}, auth=None, timeout=None, proxies=None, verify=False,                     debug=0 </msg>
<status status="PASS" starttime="20230413 17:06:56.823" endtime="20230413 17:06:56.824"/>
</kw>
<status status="PASS" starttime="20230413 17:06:56.822" endtime="20230413 17:06:56.824"/>
</kw>
<kw name="When I update the created user" library="test_keywords_users">
<kw name="Create Dictionary" library="BuiltIn">
<var>${payload}</var>
<arg>nome=John Smith</arg>
<arg>email=john.smith@example.com</arg>
<arg>password=P@ssw0rd123</arg>
<arg>administrador=false</arg>
<doc>Creates and returns a dictionary based on the given ``items``.</doc>
<msg timestamp="20230413 17:06:56.825" level="INFO">${payload} = {'nome': 'John Smith', 'email': 'john.smith@example.com', 'password': 'P@ssw0rd123', 'administrador': 'false'}</msg>
<status status="PASS" starttime="20230413 17:06:56.824" endtime="20230413 17:06:56.825"/>
</kw>
<kw name="Create Dictionary" library="BuiltIn">
<var>${headers}</var>
<arg>Content-Type=application/json</arg>
<doc>Creates and returns a dictionary based on the given ``items``.</doc>
<msg timestamp="20230413 17:06:56.825" level="INFO">${headers} = {'Content-Type': 'application/json'}</msg>
<status status="PASS" starttime="20230413 17:06:56.825" endtime="20230413 17:06:56.825"/>
</kw>
<kw name="PUT On Session" library="RequestsLibrary">
<var>${response}</var>
<arg>serverest</arg>
<arg>${USERS_API_ENDPOINT}/${USER_ID}</arg>
<arg>json=${payload}</arg>
<arg>headers=${headers}</arg>
<doc>Sends a PUT request on a previously created HTTP Session.</doc>
<msg timestamp="20230413 17:06:56.927" level="INFO">PUT Request : url=https://serverest.dev/usuarios/h8UzpywfSVBUR7iR 
 path_url=/usuarios/h8UzpywfSVBUR7iR 
 headers={'User-Agent': 'python-requests/2.28.2', 'Accept-Encoding': 'gzip, deflate', 'Accept': '*/*', 'Connection': 'keep-alive', 'Content-Type': 'application/json', 'Content-Length': '110'} 
 body=b'{"nome": "John Smith", "email": "john.smith@example.com", "password": "P@ssw0rd123", "administrador": "false"}' 
 </msg>
<msg timestamp="20230413 17:06:56.927" level="INFO">PUT Response : url=https://serverest.dev/usuarios/h8UzpywfSVBUR7iR 
 status=200, reason=OK 
 headers={'access-control-allow-origin': '*', 'x-dns-prefetch-control': 'off', 'x-frame-options': 'SAMEORIGIN', 'strict-transport-security': 'max-age=15552000; includeSubDomains', 'x-download-options': 'noopen', 'x-content-type-options': 'nosniff', 'x-xss-protection': '1; mode=block', 'x-moesif-transaction-id': '07778dc6-86ed-4769-97f0-72988bd327bd', 'content-type': 'application/json; charset=utf-8', 'X-Cloud-Trace-Context': '7a75166555872e65eee8f9d38b13abed', 'Date': 'Thu, 13 Apr 2023 17:06:56 GMT', 'Server': 'Google Frontend', 'Content-Length': '50'} 
 body={
    "message": "Registro alterado com sucesso"
} 
 </msg>
<msg timestamp="20230413 17:06:56.927" level="INFO">${response} = &lt;Response [200]&gt;</msg>
<status status="PASS" starttime="20230413 17:06:56.825" endtime="20230413 17:06:56.927"/>
</kw>
<kw name="Set Test Variable" library="BuiltIn">
<arg>${response}</arg>
<doc>Makes a variable available everywhere within the scope of the current test.</doc>
<msg timestamp="20230413 17:06:56.928" level="INFO">${response} = &lt;Response [200]&gt;</msg>
<status status="PASS" starttime="20230413 17:06:56.927" endtime="20230413 17:06:56.928"/>
</kw>
<status status="PASS" starttime="20230413 17:06:56.824" endtime="20230413 17:06:56.928"/>
</kw>
<kw name="Then the response status code should be 200" library="test_keywords_users" sourcename="Then the response status code should be ${status_code}">
<kw name="Should Be Equal As Numbers" library="BuiltIn">
<arg>${response.status_code}</arg>
<arg>${status_code}</arg>
<doc>Fails if objects are unequal after converting them to real numbers.</doc>
<msg timestamp="20230413 17:06:56.930" level="INFO">Argument types are:
&lt;class 'int'&gt;
&lt;class 'str'&gt;</msg>
<status status="PASS" starttime="20230413 17:06:56.929" endtime="20230413 17:06:56.930"/>
</kw>
<kw name="Should Be True" library="BuiltIn">
<arg>${response.json()}</arg>
<doc>Fails if the given condition is not true.</doc>
<status status="PASS" starttime="20230413 17:06:56.930" endtime="20230413 17:06:56.931"/>
</kw>
<status status="PASS" starttime="20230413 17:06:56.928" endtime="20230413 17:06:56.931"/>
</kw>
<kw name="And the response body should not be empty" library="test_keywords_users">
<kw name="Should Not Be Empty" library="BuiltIn">
<arg>${response.json()}</arg>
<doc>Verifies that the given item is not empty.</doc>
<msg timestamp="20230413 17:06:56.932" level="INFO">Length is 1</msg>
<status status="PASS" starttime="20230413 17:06:56.931" endtime="20230413 17:06:56.932"/>
</kw>
<status status="PASS" starttime="20230413 17:06:56.931" endtime="20230413 17:06:56.932"/>
</kw>
<status status="PASS" starttime="20230413 17:06:56.822" endtime="20230413 17:06:56.933"/>
</test>
<test id="s1-s1-s1-s1-t5" name="Scenario: Delete the created user" line="31">
<kw name="Before Tests" library="test_keywords_common" type="SETUP">
<kw name="Create Session" library="RequestsLibrary">
<arg>serverest</arg>
<arg>${SERVER_BASE_URL}</arg>
<arg>disable_warnings=True</arg>
<doc>Create Session: create a HTTP session to a server</doc>
<msg timestamp="20230413 17:06:56.934" level="INFO">Creating Session using : alias=serverest, url=https://serverest.dev, headers={},                     cookies={}, auth=None, timeout=None, proxies=None, verify=False,                     debug=0 </msg>
<status status="PASS" starttime="20230413 17:06:56.934" endtime="20230413 17:06:56.935"/>
</kw>
<status status="PASS" starttime="20230413 17:06:56.933" endtime="20230413 17:06:56.935"/>
</kw>
<kw name="When I delete the created user" library="test_keywords_users">
<kw name="DELETE On Session" library="RequestsLibrary">
<var>${response}</var>
<arg>serverest</arg>
<arg>${USERS_API_ENDPOINT}/${USER_ID}</arg>
<doc>Sends a DELETE request on a previously created HTTP Session.</doc>
<msg timestamp="20230413 17:06:57.037" level="INFO">DELETE Request : url=https://serverest.dev/usuarios/h8UzpywfSVBUR7iR 
 path_url=/usuarios/h8UzpywfSVBUR7iR 
 headers={'User-Agent': 'python-requests/2.28.2', 'Accept-Encoding': 'gzip, deflate', 'Accept': '*/*', 'Connection': 'keep-alive', 'Content-Length': '0'} 
 body=None 
 </msg>
<msg timestamp="20230413 17:06:57.037" level="INFO">DELETE Response : url=https://serverest.dev/usuarios/h8UzpywfSVBUR7iR 
 status=200, reason=OK 
 headers={'access-control-allow-origin': '*', 'x-dns-prefetch-control': 'off', 'x-frame-options': 'SAMEORIGIN', 'strict-transport-security': 'max-age=15552000; includeSubDomains', 'x-download-options': 'noopen', 'x-content-type-options': 'nosniff', 'x-xss-protection': '1; mode=block', 'x-moesif-transaction-id': 'f3ed3910-c52a-4fee-9d79-63c0809a6e4d', 'content-type': 'application/json; charset=utf-8', 'X-Cloud-Trace-Context': 'fe366aca44ca9dcd128e4b9d12257395', 'Date': 'Thu, 13 Apr 2023 17:06:57 GMT', 'Server': 'Google Frontend', 'Content-Length': '51'} 
 body={
    "message": "Registro excluído com sucesso"
} 
 </msg>
<msg timestamp="20230413 17:06:57.037" level="INFO">${response} = &lt;Response [200]&gt;</msg>
<status status="PASS" starttime="20230413 17:06:56.935" endtime="20230413 17:06:57.037"/>
</kw>
<kw name="Set Test Variable" library="BuiltIn">
<arg>${response}</arg>
<doc>Makes a variable available everywhere within the scope of the current test.</doc>
<msg timestamp="20230413 17:06:57.038" level="INFO">${response} = &lt;Response [200]&gt;</msg>
<status status="PASS" starttime="20230413 17:06:57.037" endtime="20230413 17:06:57.038"/>
</kw>
<status status="PASS" starttime="20230413 17:06:56.935" endtime="20230413 17:06:57.038"/>
</kw>
<kw name="Then the response status code should be 200" library="test_keywords_users" sourcename="Then the response status code should be ${status_code}">
<kw name="Should Be Equal As Numbers" library="BuiltIn">
<arg>${response.status_code}</arg>
<arg>${status_code}</arg>
<doc>Fails if objects are unequal after converting them to real numbers.</doc>
<msg timestamp="20230413 17:06:57.039" level="INFO">Argument types are:
&lt;class 'int'&gt;
&lt;class 'str'&gt;</msg>
<status status="PASS" starttime="20230413 17:06:57.039" endtime="20230413 17:06:57.039"/>
</kw>
<kw name="Should Be True" library="BuiltIn">
<arg>${response.json()}</arg>
<doc>Fails if the given condition is not true.</doc>
<status status="PASS" starttime="20230413 17:06:57.039" endtime="20230413 17:06:57.040"/>
</kw>
<status status="PASS" starttime="20230413 17:06:57.038" endtime="20230413 17:06:57.041"/>
</kw>
<kw name="And the response body should not be empty" library="test_keywords_users">
<kw name="Should Not Be Empty" library="BuiltIn">
<arg>${response.json()}</arg>
<doc>Verifies that the given item is not empty.</doc>
<msg timestamp="20230413 17:06:57.042" level="INFO">Length is 1</msg>
<status status="PASS" starttime="20230413 17:06:57.041" endtime="20230413 17:06:57.042"/>
</kw>
<status status="PASS" starttime="20230413 17:06:57.041" endtime="20230413 17:06:57.042"/>
</kw>
<status status="PASS" starttime="20230413 17:06:56.933" endtime="20230413 17:06:57.043"/>
</test>
<status status="PASS" starttime="20230413 17:06:55.875" endtime="20230413 17:06:57.043"/>
</suite>
<status status="PASS" starttime="20230413 17:06:55.873" endtime="20230413 17:06:57.045"/>
</suite>
<status status="PASS" starttime="20230413 17:06:55.871" endtime="20230413 17:06:57.046"/>
</suite>
<status status="PASS" starttime="20230413 17:06:55.842" endtime="20230413 17:06:57.047"/>
</suite>
<statistics>
<total>
<stat pass="5" fail="0" skip="0">All Tests</stat>
</total>
<tag>
</tag>
<suite>
<stat pass="5" fail="0" skip="0" id="s1" name="Tests">Tests</stat>
<stat pass="5" fail="0" skip="0" id="s1-s1" name="Api">Tests.Api</stat>
<stat pass="5" fail="0" skip="0" id="s1-s1-s1" name="Users">Tests.Api.Users</stat>
<stat pass="5" fail="0" skip="0" id="s1-s1-s1-s1" name="Test Api Users">Tests.Api.Users.Test Api Users</stat>
</suite>
</statistics>
<errors>
</errors>
</robot>
