<?xml version="1.0" encoding="UTF-8"?>
<robot generator="Robot 6.0.2 (Python 3.8.16 on linux)" generated="20230520 01:00:17.705" rpa="false" schemaversion="3">
<suite id="s1" name="Tests" source="/home/runner/work/gen-ai-robot-test/gen-ai-robot-test/tests">
<suite id="s1-s1" name="Api" source="/home/runner/work/gen-ai-robot-test/gen-ai-robot-test/tests/api">
<suite id="s1-s1-s1" name="Users" source="/home/runner/work/gen-ai-robot-test/gen-ai-robot-test/tests/api/users">
<suite id="s1-s1-s1-s1" name="Test Api Users" source="/home/runner/work/gen-ai-robot-test/gen-ai-robot-test/tests/api/users/test_api_users.robot">
<test id="s1-s1-s1-s1-t1" name="Scenario: Get all registered users" line="9">
<kw name="Before Tests" library="test_keywords_common" type="SETUP">
<kw name="Create Session" library="RequestsLibrary">
<arg>serverest</arg>
<arg>${SERVER_BASE_URL}</arg>
<arg>disable_warnings=True</arg>
<doc>Create Session: create a HTTP session to a server</doc>
<msg timestamp="20230520 01:00:18.191" level="INFO">Creating Session using : alias=serverest, url=https://serverest.dev, headers={},                     cookies={}, auth=None, timeout=None, proxies=None, verify=False,                     debug=0 </msg>
<status status="PASS" starttime="20230520 01:00:18.190" endtime="20230520 01:00:18.191"/>
</kw>
<status status="PASS" starttime="20230520 01:00:18.190" endtime="20230520 01:00:18.191"/>
</kw>
<kw name="When I request the list of all registered users" library="test_keywords_users">
<kw name="GET On Session" library="RequestsLibrary">
<var>${response}</var>
<arg>serverest</arg>
<arg>${USERS_API_ENDPOINT}</arg>
<doc>Sends a GET request on a previously created HTTP Session.</doc>
<msg timestamp="20230520 01:00:18.355" level="INFO">GET Request : url=https://serverest.dev/usuarios 
 path_url=/usuarios 
 headers={'User-Agent': 'python-requests/2.30.0', 'Accept-Encoding': 'gzip, deflate', 'Accept': '*/*', 'Connection': 'keep-alive'} 
 body=None 
 </msg>
<msg timestamp="20230520 01:00:18.355" level="INFO">GET Response : url=https://serverest.dev/usuarios 
 status=200, reason=OK 
 headers={'access-control-allow-origin': '*', 'x-dns-prefetch-control': 'off', 'x-frame-options': 'SAMEORIGIN', 'strict-transport-security': 'max-age=15552000; includeSubDomains', 'x-download-options': 'noopen', 'x-content-type-options': 'nosniff', 'x-xss-protection': '1; mode=block', 'x-moesif-transaction-id': 'c04946d6-97cb-44ce-9656-b6f000a4dedd', 'content-type': 'application/json; charset=utf-8', 'X-Cloud-Trace-Context': '5a7d83f6541498d5d0e3042f51aef8b1;o=1', 'Date': 'Sat, 20 May 2023 01:00:18 GMT', 'Server': 'Google Frontend', 'Content-Length': '3477'} 
 body={
    "quantidade": 16,
    "usuarios": [
        {
            "nome": "Fulano da Silva",
            "email": "egdt@mailteste.com",
            "password": "1234",
            "administrador": "true",
            "_id": "0XReCnPGpICmqAzR"
        },
        {
            "nome": "Fulano da Silva",
            "email": "fulano@qa.com",
            "password": "teste",
            "administrador": "true",
            "_id": "0uxuPY0cbmQhpEz1"
        },
        {
            "nome": "Fulano da Silva",
            "email": "email=npyd@mailteste.com",
            "password": "1234",
            "administrador": "true",
            "_id": "1umoal8TFE9bD7bO"
        },
        {
            "nome": "Fulano da Silva",
            "email": "email=tvdo@mailteste.com",
            "password": "1234",
            "administrador": "true",
            "_id": "3tKxV9ATBHQg7uKd"
        },
        {
            "nome": "Fulano da Silva",
            "email": "email=vqwb@mailteste.com",
            "password": "1234",
            "administrador": "true",
            "_id": "AxwOHfiGPouL0Mym"
        },
        {
            "nome": "Fulano da Silva",
            "email": "email=vxgx@mailteste.com",
            "password": "1234",
            "administrador": "true",
            "_id": "Bz2dcIlaskUWUaPN"
        },
        {
            "nome": "Fulano da Silva",
            "email": "email=vimw@mailteste.com",
            "password": "1234",
            "administrador": "true",
            "_id": "CfOpCQXlcfwxqrYe"
        },
        {
            "nome": "Fulano da Silva",
            "email": "email=dcba@mailteste.com",
            "password": "1234",
            "administrador": "true",
            "_id": "PE11DJQE8xOi7FTW"
        },
        {
            "nome": "{{nome}}",
            "email": "Rubye@qa.com.br",
            "password": "Y7XckFynV0oojfJ",
            "administrador": "true",
            "_id": "UMVhUspP8JEofNX2"
        },
        {
            "nome": "Fulano da Silva",
            "email": "email=gcto@mailteste.com",
            "password": "1234",
            "administrador": "true",
            "_id": "eogZ5Ac6KlWPRmoA"
        },
        {
            "nome": "Fulano da Silva",
            "email": "email=yhyb@mailteste.com",
            "password": "1234",
            "administrador": "true",
            "_id": "etu2qZmemyKUuD6E"
        },
        {
            "nome": "Fulano da Silva",
            "email": "email=dfoy@mailteste.com",
            "password": "1234",
            "administrador": "true",
            "_id": "jfskouBn5z5EO949"
        },
        {
            "nome": "Fulano da Silva",
            "email": "email=mhrr@mailteste.com",
            "password": "1234",
            "administrador": "true",
            "_id": "kkX8MY5BHOmSSxmM"
        },
        {
            "nome": "Fulano da Silva",
            "email": "email=vokc@mailteste.com",
            "password": "1234",
            "administrador": "true",
            "_id": "olqwaWGAWsRL6l9R"
        },
        {
            "nome": "Fulano da Silva",
            "email": "email=poan@mailteste.com",
            "password": "1234",
            "administrador": "true",
            "_id": "s1UO2ON4jtC3eKE5"
        },
        {
            "nome": "Fulano da Silva",
            "email": "hlid@mailteste.com",
            "password": "1234",
            "administrador": "true",
            "_id": "xUryc1ZHeVW3lRYE"
        }
    ]
} 
 </msg>
<msg timestamp="20230520 01:00:18.356" level="INFO">${response} = &lt;Response [200]&gt;</msg>
<status status="PASS" starttime="20230520 01:00:18.192" endtime="20230520 01:00:18.356"/>
</kw>
<kw name="Set Test Variable" library="BuiltIn">
<arg>${response}</arg>
<doc>Makes a variable available everywhere within the scope of the current test.</doc>
<msg timestamp="20230520 01:00:18.356" level="INFO">${response} = &lt;Response [200]&gt;</msg>
<status status="PASS" starttime="20230520 01:00:18.356" endtime="20230520 01:00:18.356"/>
</kw>
<status status="PASS" starttime="20230520 01:00:18.191" endtime="20230520 01:00:18.356"/>
</kw>
<kw name="Then the response status code should be 200" library="test_keywords_users" sourcename="Then the response status code should be ${status_code}">
<kw name="Should Be Equal As Numbers" library="BuiltIn">
<arg>${response.status_code}</arg>
<arg>${status_code}</arg>
<doc>Fails if objects are unequal after converting them to real numbers.</doc>
<msg timestamp="20230520 01:00:18.358" level="INFO">Argument types are:
&lt;class 'int'&gt;
&lt;class 'str'&gt;</msg>
<status status="PASS" starttime="20230520 01:00:18.357" endtime="20230520 01:00:18.358"/>
</kw>
<kw name="Should Be True" library="BuiltIn">
<arg>${response.json()}</arg>
<doc>Fails if the given condition is not true.</doc>
<status status="PASS" starttime="20230520 01:00:18.358" endtime="20230520 01:00:18.358"/>
</kw>
<status status="PASS" starttime="20230520 01:00:18.357" endtime="20230520 01:00:18.359"/>
</kw>
<kw name="And the response body should not be empty" library="test_keywords_users">
<kw name="Should Not Be Empty" library="BuiltIn">
<arg>${response.json()}</arg>
<doc>Verifies that the given item is not empty.</doc>
<msg timestamp="20230520 01:00:18.359" level="INFO">Length is 2</msg>
<status status="PASS" starttime="20230520 01:00:18.359" endtime="20230520 01:00:18.360"/>
</kw>
<status status="PASS" starttime="20230520 01:00:18.359" endtime="20230520 01:00:18.360"/>
</kw>
<tag>api</tag>
<status status="PASS" starttime="20230520 01:00:18.189" endtime="20230520 01:00:18.360"/>
</test>
<test id="s1-s1-s1-s1-t2" name="Scenario: Create a new user" line="15">
<kw name="Before Tests" library="test_keywords_common" type="SETUP">
<kw name="Create Session" library="RequestsLibrary">
<arg>serverest</arg>
<arg>${SERVER_BASE_URL}</arg>
<arg>disable_warnings=True</arg>
<doc>Create Session: create a HTTP session to a server</doc>
<msg timestamp="20230520 01:00:18.362" level="INFO">Creating Session using : alias=serverest, url=https://serverest.dev, headers={},                     cookies={}, auth=None, timeout=None, proxies=None, verify=False,                     debug=0 </msg>
<status status="PASS" starttime="20230520 01:00:18.361" endtime="20230520 01:00:18.362"/>
</kw>
<status status="PASS" starttime="20230520 01:00:18.361" endtime="20230520 01:00:18.362"/>
</kw>
<kw name="Given I have a valid user data" library="test_keywords_users">
<kw name="Name" library="FakerLibrary">
<var>${name}</var>
<doc>:example 'John Doe'</doc>
<msg timestamp="20230520 01:00:18.363" level="INFO">${name} = Randall Gonzalez</msg>
<status status="PASS" starttime="20230520 01:00:18.362" endtime="20230520 01:00:18.363"/>
</kw>
<kw name="Email" library="FakerLibrary">
<var>${email}</var>
<msg timestamp="20230520 01:00:18.363" level="INFO">${email} = gibsonsarah@example.com</msg>
<status status="PASS" starttime="20230520 01:00:18.363" endtime="20230520 01:00:18.363"/>
</kw>
<kw name="Password" library="FakerLibrary">
<var>${password}</var>
<doc>Generate a random password of the specified ``length``.</doc>
<msg timestamp="20230520 01:00:18.364" level="INFO">${password} = &amp;39aIJtGoS</msg>
<status status="PASS" starttime="20230520 01:00:18.364" endtime="20230520 01:00:18.364"/>
</kw>
<kw name="Set Suite Variable" library="BuiltIn">
<arg>${name}</arg>
<doc>Makes a variable available everywhere within the scope of the current suite.</doc>
<msg timestamp="20230520 01:00:18.364" level="INFO">${name} = Randall Gonzalez</msg>
<status status="PASS" starttime="20230520 01:00:18.364" endtime="20230520 01:00:18.364"/>
</kw>
<kw name="Set Suite Variable" library="BuiltIn">
<arg>${email}</arg>
<doc>Makes a variable available everywhere within the scope of the current suite.</doc>
<msg timestamp="20230520 01:00:18.365" level="INFO">${email} = gibsonsarah@example.com</msg>
<status status="PASS" starttime="20230520 01:00:18.364" endtime="20230520 01:00:18.365"/>
</kw>
<kw name="Set Suite Variable" library="BuiltIn">
<arg>${password}</arg>
<doc>Makes a variable available everywhere within the scope of the current suite.</doc>
<msg timestamp="20230520 01:00:18.365" level="FAIL">Variable '${39aIJtGoS}' not found.</msg>
<status status="FAIL" starttime="20230520 01:00:18.365" endtime="20230520 01:00:18.365"/>
</kw>
<status status="FAIL" starttime="20230520 01:00:18.362" endtime="20230520 01:00:18.366"/>
</kw>
<kw name="When I create the user" library="test_keywords_users">
<status status="NOT RUN" starttime="20230520 01:00:18.366" endtime="20230520 01:00:18.366"/>
</kw>
<kw name="Then the response status code should be 201" library="test_keywords_users" sourcename="Then the response status code should be ${status_code}">
<status status="NOT RUN" starttime="20230520 01:00:18.366" endtime="20230520 01:00:18.366"/>
</kw>
<kw name="And the response body should not be empty" library="test_keywords_users">
<status status="NOT RUN" starttime="20230520 01:00:18.366" endtime="20230520 01:00:18.366"/>
</kw>
<tag>api</tag>
<status status="FAIL" starttime="20230520 01:00:18.361" endtime="20230520 01:00:18.366">Variable '${39aIJtGoS}' not found.</status>
</test>
<test id="s1-s1-s1-s1-t3" name="Scenario: Get a specific user informations" line="22">
<kw name="Before Tests" library="test_keywords_common" type="SETUP">
<kw name="Create Session" library="RequestsLibrary">
<arg>serverest</arg>
<arg>${SERVER_BASE_URL}</arg>
<arg>disable_warnings=True</arg>
<doc>Create Session: create a HTTP session to a server</doc>
<msg timestamp="20230520 01:00:18.367" level="INFO">Creating Session using : alias=serverest, url=https://serverest.dev, headers={},                     cookies={}, auth=None, timeout=None, proxies=None, verify=False,                     debug=0 </msg>
<status status="PASS" starttime="20230520 01:00:18.367" endtime="20230520 01:00:18.368"/>
</kw>
<status status="PASS" starttime="20230520 01:00:18.367" endtime="20230520 01:00:18.368"/>
</kw>
<kw name="When I request the created user" library="test_keywords_users">
<kw name="GET On Session" library="RequestsLibrary">
<var>${response}</var>
<arg>serverest</arg>
<arg>${USERS_API_ENDPOINT}/${USER_ID}</arg>
<doc>Sends a GET request on a previously created HTTP Session.</doc>
<msg timestamp="20230520 01:00:18.451" level="INFO">GET Request : url=https://serverest.dev/usuarios/ 
 path_url=/usuarios/ 
 headers={'User-Agent': 'python-requests/2.30.0', 'Accept-Encoding': 'gzip, deflate', 'Accept': '*/*', 'Connection': 'keep-alive'} 
 body=None 
 </msg>
<msg timestamp="20230520 01:00:18.451" level="INFO">GET Response : url=https://serverest.dev/usuarios/ 
 status=200, reason=OK 
 headers={'access-control-allow-origin': '*', 'x-dns-prefetch-control': 'off', 'x-frame-options': 'SAMEORIGIN', 'strict-transport-security': 'max-age=15552000; includeSubDomains', 'x-download-options': 'noopen', 'x-content-type-options': 'nosniff', 'x-xss-protection': '1; mode=block', 'x-moesif-transaction-id': '368b00f8-57e8-4458-b866-dadd7f8cf6e6', 'content-type': 'application/json; charset=utf-8', 'X-Cloud-Trace-Context': '8cec2f88b13871b06837be76fe13aced', 'Date': 'Sat, 20 May 2023 01:00:18 GMT', 'Server': 'Google Frontend', 'Content-Length': '3477'} 
 body={
    "quantidade": 16,
    "usuarios": [
        {
            "nome": "Fulano da Silva",
            "email": "egdt@mailteste.com",
            "password": "1234",
            "administrador": "true",
            "_id": "0XReCnPGpICmqAzR"
        },
        {
            "nome": "Fulano da Silva",
            "email": "fulano@qa.com",
            "password": "teste",
            "administrador": "true",
            "_id": "0uxuPY0cbmQhpEz1"
        },
        {
            "nome": "Fulano da Silva",
            "email": "email=npyd@mailteste.com",
            "password": "1234",
            "administrador": "true",
            "_id": "1umoal8TFE9bD7bO"
        },
        {
            "nome": "Fulano da Silva",
            "email": "email=tvdo@mailteste.com",
            "password": "1234",
            "administrador": "true",
            "_id": "3tKxV9ATBHQg7uKd"
        },
        {
            "nome": "Fulano da Silva",
            "email": "email=vqwb@mailteste.com",
            "password": "1234",
            "administrador": "true",
            "_id": "AxwOHfiGPouL0Mym"
        },
        {
            "nome": "Fulano da Silva",
            "email": "email=vxgx@mailteste.com",
            "password": "1234",
            "administrador": "true",
            "_id": "Bz2dcIlaskUWUaPN"
        },
        {
            "nome": "Fulano da Silva",
            "email": "email=vimw@mailteste.com",
            "password": "1234",
            "administrador": "true",
            "_id": "CfOpCQXlcfwxqrYe"
        },
        {
            "nome": "Fulano da Silva",
            "email": "email=dcba@mailteste.com",
            "password": "1234",
            "administrador": "true",
            "_id": "PE11DJQE8xOi7FTW"
        },
        {
            "nome": "{{nome}}",
            "email": "Rubye@qa.com.br",
            "password": "Y7XckFynV0oojfJ",
            "administrador": "true",
            "_id": "UMVhUspP8JEofNX2"
        },
        {
            "nome": "Fulano da Silva",
            "email": "email=gcto@mailteste.com",
            "password": "1234",
            "administrador": "true",
            "_id": "eogZ5Ac6KlWPRmoA"
        },
        {
            "nome": "Fulano da Silva",
            "email": "email=yhyb@mailteste.com",
            "password": "1234",
            "administrador": "true",
            "_id": "etu2qZmemyKUuD6E"
        },
        {
            "nome": "Fulano da Silva",
            "email": "email=dfoy@mailteste.com",
            "password": "1234",
            "administrador": "true",
            "_id": "jfskouBn5z5EO949"
        },
        {
            "nome": "Fulano da Silva",
            "email": "email=mhrr@mailteste.com",
            "password": "1234",
            "administrador": "true",
            "_id": "kkX8MY5BHOmSSxmM"
        },
        {
            "nome": "Fulano da Silva",
            "email": "email=vokc@mailteste.com",
            "password": "1234",
            "administrador": "true",
            "_id": "olqwaWGAWsRL6l9R"
        },
        {
            "nome": "Fulano da Silva",
            "email": "email=poan@mailteste.com",
            "password": "1234",
            "administrador": "true",
            "_id": "s1UO2ON4jtC3eKE5"
        },
        {
            "nome": "Fulano da Silva",
            "email": "hlid@mailteste.com",
            "password": "1234",
            "administrador": "true",
            "_id": "xUryc1ZHeVW3lRYE"
        }
    ]
} 
 </msg>
<msg timestamp="20230520 01:00:18.451" level="INFO">${response} = &lt;Response [200]&gt;</msg>
<status status="PASS" starttime="20230520 01:00:18.368" endtime="20230520 01:00:18.451"/>
</kw>
<kw name="Set Test Variable" library="BuiltIn">
<arg>${response}</arg>
<doc>Makes a variable available everywhere within the scope of the current test.</doc>
<msg timestamp="20230520 01:00:18.452" level="INFO">${response} = &lt;Response [200]&gt;</msg>
<status status="PASS" starttime="20230520 01:00:18.451" endtime="20230520 01:00:18.452"/>
</kw>
<status status="PASS" starttime="20230520 01:00:18.368" endtime="20230520 01:00:18.452"/>
</kw>
<kw name="Then the response status code should be 200" library="test_keywords_users" sourcename="Then the response status code should be ${status_code}">
<kw name="Should Be Equal As Numbers" library="BuiltIn">
<arg>${response.status_code}</arg>
<arg>${status_code}</arg>
<doc>Fails if objects are unequal after converting them to real numbers.</doc>
<msg timestamp="20230520 01:00:18.453" level="INFO">Argument types are:
&lt;class 'int'&gt;
&lt;class 'str'&gt;</msg>
<status status="PASS" starttime="20230520 01:00:18.452" endtime="20230520 01:00:18.453"/>
</kw>
<kw name="Should Be True" library="BuiltIn">
<arg>${response.json()}</arg>
<doc>Fails if the given condition is not true.</doc>
<status status="PASS" starttime="20230520 01:00:18.453" endtime="20230520 01:00:18.454"/>
</kw>
<status status="PASS" starttime="20230520 01:00:18.452" endtime="20230520 01:00:18.454"/>
</kw>
<kw name="And the response body should not be empty" library="test_keywords_users">
<kw name="Should Not Be Empty" library="BuiltIn">
<arg>${response.json()}</arg>
<doc>Verifies that the given item is not empty.</doc>
<msg timestamp="20230520 01:00:18.455" level="INFO">Length is 2</msg>
<status status="PASS" starttime="20230520 01:00:18.455" endtime="20230520 01:00:18.455"/>
</kw>
<status status="PASS" starttime="20230520 01:00:18.454" endtime="20230520 01:00:18.455"/>
</kw>
<tag>api</tag>
<status status="PASS" starttime="20230520 01:00:18.366" endtime="20230520 01:00:18.455"/>
</test>
<test id="s1-s1-s1-s1-t4" name="Scenario: Update the created user" line="28">
<kw name="Before Tests" library="test_keywords_common" type="SETUP">
<kw name="Create Session" library="RequestsLibrary">
<arg>serverest</arg>
<arg>${SERVER_BASE_URL}</arg>
<arg>disable_warnings=True</arg>
<doc>Create Session: create a HTTP session to a server</doc>
<msg timestamp="20230520 01:00:18.457" level="INFO">Creating Session using : alias=serverest, url=https://serverest.dev, headers={},                     cookies={}, auth=None, timeout=None, proxies=None, verify=False,                     debug=0 </msg>
<status status="PASS" starttime="20230520 01:00:18.457" endtime="20230520 01:00:18.457"/>
</kw>
<status status="PASS" starttime="20230520 01:00:18.456" endtime="20230520 01:00:18.457"/>
</kw>
<kw name="When I update the created user" library="test_keywords_users">
<kw name="Create Dictionary" library="BuiltIn">
<var>${payload}</var>
<arg>nome=John Smith</arg>
<arg>email=john.smith@example.com</arg>
<arg>password=P@ssw0rd123</arg>
<arg>administrador=false</arg>
<doc>Creates and returns a dictionary based on the given ``items``.</doc>
<msg timestamp="20230520 01:00:18.458" level="INFO">${payload} = {'nome': 'John Smith', 'email': 'john.smith@example.com', 'password': 'P@ssw0rd123', 'administrador': 'false'}</msg>
<status status="PASS" starttime="20230520 01:00:18.457" endtime="20230520 01:00:18.458"/>
</kw>
<kw name="Create Dictionary" library="BuiltIn">
<var>${headers}</var>
<arg>Content-Type=application/json</arg>
<doc>Creates and returns a dictionary based on the given ``items``.</doc>
<msg timestamp="20230520 01:00:18.458" level="INFO">${headers} = {'Content-Type': 'application/json'}</msg>
<status status="PASS" starttime="20230520 01:00:18.458" endtime="20230520 01:00:18.458"/>
</kw>
<kw name="PUT On Session" library="RequestsLibrary">
<var>${response}</var>
<arg>serverest</arg>
<arg>${USERS_API_ENDPOINT}/${USER_ID}</arg>
<arg>json=${payload}</arg>
<arg>headers=${headers}</arg>
<doc>Sends a PUT request on a previously created HTTP Session.</doc>
<msg timestamp="20230520 01:00:18.545" level="INFO">PUT Request : url=https://serverest.dev/usuarios/ 
 path_url=/usuarios/ 
 headers={'User-Agent': 'python-requests/2.30.0', 'Accept-Encoding': 'gzip, deflate', 'Accept': '*/*', 'Connection': 'keep-alive', 'Content-Type': 'application/json', 'Content-Length': '110'} 
 body=b'{"nome": "John Smith", "email": "john.smith@example.com", "password": "P@ssw0rd123", "administrador": "false"}' 
 </msg>
<msg timestamp="20230520 01:00:18.545" level="INFO">PUT Response : url=https://serverest.dev/usuarios/ 
 status=405, reason=Method Not Allowed 
 headers={'access-control-allow-origin': '*', 'x-dns-prefetch-control': 'off', 'x-frame-options': 'SAMEORIGIN', 'strict-transport-security': 'max-age=15552000; includeSubDomains', 'x-download-options': 'noopen', 'x-content-type-options': 'nosniff', 'x-xss-protection': '1; mode=block', 'x-moesif-transaction-id': '1d5c1a1f-1829-44b2-9128-e9ebb3d6787c', 'content-type': 'application/json; charset=utf-8', 'X-Cloud-Trace-Context': '05d839a98fb0cc897053e7791d513b24', 'Date': 'Sat, 20 May 2023 01:00:18 GMT', 'Server': 'Google Frontend', 'Content-Length': '147'} 
 body={
    "message": "Não é possível realizar PUT em /usuarios/. Acesse https://serverest.dev para ver as rotas disponíveis e como utilizá-las."
} 
 </msg>
<msg timestamp="20230520 01:00:18.545" level="FAIL">HTTPError: 405 Client Error: Method Not Allowed for url: https://serverest.dev/usuarios/</msg>
<status status="FAIL" starttime="20230520 01:00:18.458" endtime="20230520 01:00:18.546"/>
</kw>
<kw name="Set Test Variable" library="BuiltIn">
<arg>${response}</arg>
<doc>Makes a variable available everywhere within the scope of the current test.</doc>
<status status="NOT RUN" starttime="20230520 01:00:18.546" endtime="20230520 01:00:18.547"/>
</kw>
<status status="FAIL" starttime="20230520 01:00:18.457" endtime="20230520 01:00:18.547"/>
</kw>
<kw name="Then the response status code should be 200" library="test_keywords_users" sourcename="Then the response status code should be ${status_code}">
<status status="NOT RUN" starttime="20230520 01:00:18.547" endtime="20230520 01:00:18.547"/>
</kw>
<kw name="And the response body should not be empty" library="test_keywords_users">
<status status="NOT RUN" starttime="20230520 01:00:18.547" endtime="20230520 01:00:18.547"/>
</kw>
<tag>api</tag>
<status status="FAIL" starttime="20230520 01:00:18.456" endtime="20230520 01:00:18.547">HTTPError: 405 Client Error: Method Not Allowed for url: https://serverest.dev/usuarios/</status>
</test>
<test id="s1-s1-s1-s1-t5" name="Scenario: Delete the created user" line="34">
<kw name="Before Tests" library="test_keywords_common" type="SETUP">
<kw name="Create Session" library="RequestsLibrary">
<arg>serverest</arg>
<arg>${SERVER_BASE_URL}</arg>
<arg>disable_warnings=True</arg>
<doc>Create Session: create a HTTP session to a server</doc>
<msg timestamp="20230520 01:00:18.549" level="INFO">Creating Session using : alias=serverest, url=https://serverest.dev, headers={},                     cookies={}, auth=None, timeout=None, proxies=None, verify=False,                     debug=0 </msg>
<status status="PASS" starttime="20230520 01:00:18.549" endtime="20230520 01:00:18.549"/>
</kw>
<status status="PASS" starttime="20230520 01:00:18.548" endtime="20230520 01:00:18.550"/>
</kw>
<kw name="When I delete the created user" library="test_keywords_users">
<kw name="DELETE On Session" library="RequestsLibrary">
<var>${response}</var>
<arg>serverest</arg>
<arg>${USERS_API_ENDPOINT}/${USER_ID}</arg>
<doc>Sends a DELETE request on a previously created HTTP Session.</doc>
<msg timestamp="20230520 01:00:18.635" level="INFO">DELETE Request : url=https://serverest.dev/usuarios/ 
 path_url=/usuarios/ 
 headers={'User-Agent': 'python-requests/2.30.0', 'Accept-Encoding': 'gzip, deflate', 'Accept': '*/*', 'Connection': 'keep-alive', 'Content-Length': '0'} 
 body=None 
 </msg>
<msg timestamp="20230520 01:00:18.635" level="INFO">DELETE Response : url=https://serverest.dev/usuarios/ 
 status=405, reason=Method Not Allowed 
 headers={'access-control-allow-origin': '*', 'x-dns-prefetch-control': 'off', 'x-frame-options': 'SAMEORIGIN', 'strict-transport-security': 'max-age=15552000; includeSubDomains', 'x-download-options': 'noopen', 'x-content-type-options': 'nosniff', 'x-xss-protection': '1; mode=block', 'x-moesif-transaction-id': 'd42e8d41-b616-408a-afa8-b109440c7767', 'content-type': 'application/json; charset=utf-8', 'X-Cloud-Trace-Context': '0354c052264d2099f80c9376b3b82b6f', 'Date': 'Sat, 20 May 2023 01:00:18 GMT', 'Server': 'Google Frontend', 'Content-Length': '150'} 
 body={
    "message": "Não é possível realizar DELETE em /usuarios/. Acesse https://serverest.dev para ver as rotas disponíveis e como utilizá-las."
} 
 </msg>
<msg timestamp="20230520 01:00:18.635" level="FAIL">HTTPError: 405 Client Error: Method Not Allowed for url: https://serverest.dev/usuarios/</msg>
<status status="FAIL" starttime="20230520 01:00:18.550" endtime="20230520 01:00:18.635"/>
</kw>
<kw name="Set Test Variable" library="BuiltIn">
<arg>${response}</arg>
<doc>Makes a variable available everywhere within the scope of the current test.</doc>
<status status="NOT RUN" starttime="20230520 01:00:18.636" endtime="20230520 01:00:18.636"/>
</kw>
<status status="FAIL" starttime="20230520 01:00:18.550" endtime="20230520 01:00:18.636"/>
</kw>
<kw name="Then the response status code should be 200" library="test_keywords_users" sourcename="Then the response status code should be ${status_code}">
<status status="NOT RUN" starttime="20230520 01:00:18.636" endtime="20230520 01:00:18.636"/>
</kw>
<kw name="And the response body should not be empty" library="test_keywords_users">
<status status="NOT RUN" starttime="20230520 01:00:18.636" endtime="20230520 01:00:18.636"/>
</kw>
<tag>api</tag>
<status status="FAIL" starttime="20230520 01:00:18.548" endtime="20230520 01:00:18.636">HTTPError: 405 Client Error: Method Not Allowed for url: https://serverest.dev/usuarios/</status>
</test>
<status status="FAIL" starttime="20230520 01:00:17.727" endtime="20230520 01:00:18.637"/>
</suite>
<status status="FAIL" starttime="20230520 01:00:17.726" endtime="20230520 01:00:18.638"/>
</suite>
<status status="FAIL" starttime="20230520 01:00:17.724" endtime="20230520 01:00:18.639"/>
</suite>
<suite id="s1-s2" name="Ui" source="/home/runner/work/gen-ai-robot-test/gen-ai-robot-test/tests/ui">
<suite id="s1-s2-s1" name="Login" source="/home/runner/work/gen-ai-robot-test/gen-ai-robot-test/tests/ui/login">
<suite id="s1-s2-s1-s1" name="Test Ui Login" source="/home/runner/work/gen-ai-robot-test/gen-ai-robot-test/tests/ui/login/test_ui_login.robot">
<test id="s1-s2-s1-s1-t1" name="Scenario: Log in to Sauce Demo with Standard User" line="10">
<kw name="Before Tests" library="test_keywords_common" type="SETUP">
<kw name="Open Browser" library="SeleniumLibrary">
<arg>${SERVER_BASE_URL}</arg>
<arg>${HEADLESS} ${BROWSER}</arg>
<doc>Opens a new browser instance to the optional ``url``.</doc>
<msg timestamp="20230520 01:00:18.651" level="INFO">Opening browser 'headless Chrome' to base url 'https://www.saucedemo.com/'.</msg>
<status status="PASS" starttime="20230520 01:00:18.650" endtime="20230520 01:00:20.308"/>
</kw>
<kw name="Maximize Browser Window" library="SeleniumLibrary">
<doc>Maximizes current browser window.</doc>
<status status="PASS" starttime="20230520 01:00:20.309" endtime="20230520 01:00:20.415"/>
</kw>
<status status="PASS" starttime="20230520 01:00:18.650" endtime="20230520 01:00:20.415"/>
</kw>
<kw name="Given Im on the main application page" library="test_keywords_login">
<kw name="Go To" library="SeleniumLibrary">
<arg>${SERVER_BASE_URL}</arg>
<doc>Navigates the current browser window to the provided ``url``.</doc>
<msg timestamp="20230520 01:00:20.416" level="INFO">Opening url 'https://www.saucedemo.com/'</msg>
<status status="PASS" starttime="20230520 01:00:20.416" endtime="20230520 01:00:20.491"/>
</kw>
<kw name="Location Should Be" library="SeleniumLibrary">
<arg>${SERVER_BASE_URL}</arg>
<doc>Verifies that the current URL is exactly ``url``.</doc>
<msg timestamp="20230520 01:00:20.496" level="INFO">Current location is 'https://www.saucedemo.com/'.</msg>
<status status="PASS" starttime="20230520 01:00:20.491" endtime="20230520 01:00:20.496"/>
</kw>
<status status="PASS" starttime="20230520 01:00:20.416" endtime="20230520 01:00:20.497"/>
</kw>
<kw name="When I log in with credentials" library="test_keywords_login">
<arg>standard_user</arg>
<arg>secret_sauce</arg>
<kw name="Input Text" library="SeleniumLibrary">
<arg>id:user-name</arg>
<arg>${username}</arg>
<doc>Types the given ``text`` into the text field identified by ``locator``.</doc>
<msg timestamp="20230520 01:00:20.499" level="INFO">Typing text 'standard_user' into text field 'id:user-name'.</msg>
<status status="PASS" starttime="20230520 01:00:20.497" endtime="20230520 01:00:20.629"/>
</kw>
<kw name="Input Text" library="SeleniumLibrary">
<arg>id:password</arg>
<arg>${password}</arg>
<doc>Types the given ``text`` into the text field identified by ``locator``.</doc>
<msg timestamp="20230520 01:00:20.630" level="INFO">Typing text 'secret_sauce' into text field 'id:password'.</msg>
<status status="PASS" starttime="20230520 01:00:20.629" endtime="20230520 01:00:20.732"/>
</kw>
<kw name="Click Button" library="SeleniumLibrary">
<arg>id:login-button</arg>
<doc>Clicks the button identified by ``locator``.</doc>
<msg timestamp="20230520 01:00:20.733" level="INFO">Clicking button 'id:login-button'.</msg>
<status status="PASS" starttime="20230520 01:00:20.732" endtime="20230520 01:00:20.838"/>
</kw>
<status status="PASS" starttime="20230520 01:00:20.497" endtime="20230520 01:00:20.838"/>
</kw>
<kw name="And the Inventory page loads" library="test_keywords_login">
<kw name="Location Should Be" library="SeleniumLibrary">
<arg>https://www.saucedemo.com/inventory.html</arg>
<doc>Verifies that the current URL is exactly ``url``.</doc>
<msg timestamp="20230520 01:00:20.847" level="INFO">Current location is 'https://www.saucedemo.com/inventory.html'.</msg>
<status status="PASS" starttime="20230520 01:00:20.839" endtime="20230520 01:00:20.847"/>
</kw>
<status status="PASS" starttime="20230520 01:00:20.838" endtime="20230520 01:00:20.847"/>
</kw>
<kw name="Then the page should contain the text &quot;Products&quot;" library="test_keywords_login" sourcename="Then the page should contain the text &quot;${expected_text}&quot;">
<kw name="Page Should Contain" library="SeleniumLibrary">
<arg>${expected_text}</arg>
<doc>Verifies that current page contains ``text``.</doc>
<msg timestamp="20230520 01:00:20.867" level="INFO">Current page contains text 'Products'.</msg>
<status status="PASS" starttime="20230520 01:00:20.847" endtime="20230520 01:00:20.867"/>
</kw>
<status status="PASS" starttime="20230520 01:00:20.847" endtime="20230520 01:00:20.867"/>
</kw>
<kw name="After Tests" library="test_keywords_common" type="TEARDOWN">
<kw name="Close Browser" library="SeleniumLibrary">
<doc>Closes the current browser.</doc>
<status status="PASS" starttime="20230520 01:00:20.868" endtime="20230520 01:00:20.925"/>
</kw>
<status status="PASS" starttime="20230520 01:00:20.867" endtime="20230520 01:00:20.926"/>
</kw>
<tag>ui</tag>
<status status="PASS" starttime="20230520 01:00:18.650" endtime="20230520 01:00:20.926"/>
</test>
<test id="s1-s2-s1-s1-t2" name="Scenario: Log in to Sauce Demo with Locked Out User" line="17">
<kw name="Before Tests" library="test_keywords_common" type="SETUP">
<kw name="Open Browser" library="SeleniumLibrary">
<arg>${SERVER_BASE_URL}</arg>
<arg>${HEADLESS} ${BROWSER}</arg>
<doc>Opens a new browser instance to the optional ``url``.</doc>
<msg timestamp="20230520 01:00:20.928" level="INFO">Opening browser 'headless Chrome' to base url 'https://www.saucedemo.com/'.</msg>
<status status="PASS" starttime="20230520 01:00:20.927" endtime="20230520 01:00:21.918"/>
</kw>
<kw name="Maximize Browser Window" library="SeleniumLibrary">
<doc>Maximizes current browser window.</doc>
<status status="PASS" starttime="20230520 01:00:21.918" endtime="20230520 01:00:22.027"/>
</kw>
<status status="PASS" starttime="20230520 01:00:20.927" endtime="20230520 01:00:22.027"/>
</kw>
<kw name="Given Im on the main application page" library="test_keywords_login">
<kw name="Go To" library="SeleniumLibrary">
<arg>${SERVER_BASE_URL}</arg>
<doc>Navigates the current browser window to the provided ``url``.</doc>
<msg timestamp="20230520 01:00:22.028" level="INFO">Opening url 'https://www.saucedemo.com/'</msg>
<status status="PASS" starttime="20230520 01:00:22.028" endtime="20230520 01:00:22.093"/>
</kw>
<kw name="Location Should Be" library="SeleniumLibrary">
<arg>${SERVER_BASE_URL}</arg>
<doc>Verifies that the current URL is exactly ``url``.</doc>
<msg timestamp="20230520 01:00:22.102" level="INFO">Current location is 'https://www.saucedemo.com/'.</msg>
<status status="PASS" starttime="20230520 01:00:22.093" endtime="20230520 01:00:22.102"/>
</kw>
<status status="PASS" starttime="20230520 01:00:22.027" endtime="20230520 01:00:22.102"/>
</kw>
<kw name="When I log in with credentials" library="test_keywords_login">
<arg>locked_out_user</arg>
<arg>secret_sauce</arg>
<kw name="Input Text" library="SeleniumLibrary">
<arg>id:user-name</arg>
<arg>${username}</arg>
<doc>Types the given ``text`` into the text field identified by ``locator``.</doc>
<msg timestamp="20230520 01:00:22.103" level="INFO">Typing text 'locked_out_user' into text field 'id:user-name'.</msg>
<status status="PASS" starttime="20230520 01:00:22.103" endtime="20230520 01:00:22.229"/>
</kw>
<kw name="Input Text" library="SeleniumLibrary">
<arg>id:password</arg>
<arg>${password}</arg>
<doc>Types the given ``text`` into the text field identified by ``locator``.</doc>
<msg timestamp="20230520 01:00:22.230" level="INFO">Typing text 'secret_sauce' into text field 'id:password'.</msg>
<status status="PASS" starttime="20230520 01:00:22.229" endtime="20230520 01:00:22.315"/>
</kw>
<kw name="Click Button" library="SeleniumLibrary">
<arg>id:login-button</arg>
<doc>Clicks the button identified by ``locator``.</doc>
<msg timestamp="20230520 01:00:22.316" level="INFO">Clicking button 'id:login-button'.</msg>
<status status="PASS" starttime="20230520 01:00:22.316" endtime="20230520 01:00:22.380"/>
</kw>
<status status="PASS" starttime="20230520 01:00:22.102" endtime="20230520 01:00:22.381"/>
</kw>
<kw name="Then the locked out message should be displayed" library="test_keywords_login">
<kw name="Element Should Be Visible" library="SeleniumLibrary">
<arg>class:error-message-container</arg>
<doc>Verifies that the element identified by ``locator`` is visible.</doc>
<msg timestamp="20230520 01:00:22.406" level="INFO">Element 'class:error-message-container' is displayed.</msg>
<status status="PASS" starttime="20230520 01:00:22.381" endtime="20230520 01:00:22.406"/>
</kw>
<status status="PASS" starttime="20230520 01:00:22.381" endtime="20230520 01:00:22.406"/>
</kw>
<kw name="After Tests" library="test_keywords_common" type="TEARDOWN">
<kw name="Close Browser" library="SeleniumLibrary">
<doc>Closes the current browser.</doc>
<status status="PASS" starttime="20230520 01:00:22.407" endtime="20230520 01:00:22.464"/>
</kw>
<status status="PASS" starttime="20230520 01:00:22.406" endtime="20230520 01:00:22.464"/>
</kw>
<tag>ui</tag>
<status status="PASS" starttime="20230520 01:00:20.926" endtime="20230520 01:00:22.464"/>
</test>
<test id="s1-s2-s1-s1-t3" name="Scenario: Log in to Sauce Demo with Problem User" line="23">
<kw name="Before Tests" library="test_keywords_common" type="SETUP">
<kw name="Open Browser" library="SeleniumLibrary">
<arg>${SERVER_BASE_URL}</arg>
<arg>${HEADLESS} ${BROWSER}</arg>
<doc>Opens a new browser instance to the optional ``url``.</doc>
<msg timestamp="20230520 01:00:22.467" level="INFO">Opening browser 'headless Chrome' to base url 'https://www.saucedemo.com/'.</msg>
<status status="PASS" starttime="20230520 01:00:22.466" endtime="20230520 01:00:23.466"/>
</kw>
<kw name="Maximize Browser Window" library="SeleniumLibrary">
<doc>Maximizes current browser window.</doc>
<status status="PASS" starttime="20230520 01:00:23.466" endtime="20230520 01:00:23.570"/>
</kw>
<status status="PASS" starttime="20230520 01:00:22.466" endtime="20230520 01:00:23.571"/>
</kw>
<kw name="Given Im on the main application page" library="test_keywords_login">
<kw name="Go To" library="SeleniumLibrary">
<arg>${SERVER_BASE_URL}</arg>
<doc>Navigates the current browser window to the provided ``url``.</doc>
<msg timestamp="20230520 01:00:23.572" level="INFO">Opening url 'https://www.saucedemo.com/'</msg>
<status status="PASS" starttime="20230520 01:00:23.572" endtime="20230520 01:00:23.635"/>
</kw>
<kw name="Location Should Be" library="SeleniumLibrary">
<arg>${SERVER_BASE_URL}</arg>
<doc>Verifies that the current URL is exactly ``url``.</doc>
<msg timestamp="20230520 01:00:23.640" level="INFO">Current location is 'https://www.saucedemo.com/'.</msg>
<status status="PASS" starttime="20230520 01:00:23.635" endtime="20230520 01:00:23.640"/>
</kw>
<status status="PASS" starttime="20230520 01:00:23.571" endtime="20230520 01:00:23.640"/>
</kw>
<kw name="When I log in with credentials" library="test_keywords_login">
<arg>problem_user</arg>
<arg>secret_sauce</arg>
<kw name="Input Text" library="SeleniumLibrary">
<arg>id:user-name</arg>
<arg>${username}</arg>
<doc>Types the given ``text`` into the text field identified by ``locator``.</doc>
<msg timestamp="20230520 01:00:23.642" level="INFO">Typing text 'problem_user' into text field 'id:user-name'.</msg>
<status status="PASS" starttime="20230520 01:00:23.641" endtime="20230520 01:00:23.764"/>
</kw>
<kw name="Input Text" library="SeleniumLibrary">
<arg>id:password</arg>
<arg>${password}</arg>
<doc>Types the given ``text`` into the text field identified by ``locator``.</doc>
<msg timestamp="20230520 01:00:23.765" level="INFO">Typing text 'secret_sauce' into text field 'id:password'.</msg>
<status status="PASS" starttime="20230520 01:00:23.764" endtime="20230520 01:00:23.848"/>
</kw>
<kw name="Click Button" library="SeleniumLibrary">
<arg>id:login-button</arg>
<doc>Clicks the button identified by ``locator``.</doc>
<msg timestamp="20230520 01:00:23.849" level="INFO">Clicking button 'id:login-button'.</msg>
<status status="PASS" starttime="20230520 01:00:23.848" endtime="20230520 01:00:23.938"/>
</kw>
<status status="PASS" starttime="20230520 01:00:23.640" endtime="20230520 01:00:23.939"/>
</kw>
<kw name="And the Inventory page loads" library="test_keywords_login">
<kw name="Location Should Be" library="SeleniumLibrary">
<arg>https://www.saucedemo.com/inventory.html</arg>
<doc>Verifies that the current URL is exactly ``url``.</doc>
<msg timestamp="20230520 01:00:23.949" level="INFO">Current location is 'https://www.saucedemo.com/inventory.html'.</msg>
<status status="PASS" starttime="20230520 01:00:23.939" endtime="20230520 01:00:23.949"/>
</kw>
<status status="PASS" starttime="20230520 01:00:23.939" endtime="20230520 01:00:23.949"/>
</kw>
<kw name="Then the page should contain the text &quot;Products&quot;" library="test_keywords_login" sourcename="Then the page should contain the text &quot;${expected_text}&quot;">
<kw name="Page Should Contain" library="SeleniumLibrary">
<arg>${expected_text}</arg>
<doc>Verifies that current page contains ``text``.</doc>
<msg timestamp="20230520 01:00:23.969" level="INFO">Current page contains text 'Products'.</msg>
<status status="PASS" starttime="20230520 01:00:23.950" endtime="20230520 01:00:23.969"/>
</kw>
<status status="PASS" starttime="20230520 01:00:23.949" endtime="20230520 01:00:23.969"/>
</kw>
<kw name="After Tests" library="test_keywords_common" type="TEARDOWN">
<kw name="Close Browser" library="SeleniumLibrary">
<doc>Closes the current browser.</doc>
<status status="PASS" starttime="20230520 01:00:23.970" endtime="20230520 01:00:24.027"/>
</kw>
<status status="PASS" starttime="20230520 01:00:23.969" endtime="20230520 01:00:24.027"/>
</kw>
<tag>ui</tag>
<status status="PASS" starttime="20230520 01:00:22.465" endtime="20230520 01:00:24.027"/>
</test>
<test id="s1-s2-s1-s1-t4" name="Scenario: Log in to Sauce Demo with Performance Glitch User" line="30">
<kw name="Before Tests" library="test_keywords_common" type="SETUP">
<kw name="Open Browser" library="SeleniumLibrary">
<arg>${SERVER_BASE_URL}</arg>
<arg>${HEADLESS} ${BROWSER}</arg>
<doc>Opens a new browser instance to the optional ``url``.</doc>
<msg timestamp="20230520 01:00:24.030" level="INFO">Opening browser 'headless Chrome' to base url 'https://www.saucedemo.com/'.</msg>
<status status="PASS" starttime="20230520 01:00:24.029" endtime="20230520 01:00:25.026"/>
</kw>
<kw name="Maximize Browser Window" library="SeleniumLibrary">
<doc>Maximizes current browser window.</doc>
<status status="PASS" starttime="20230520 01:00:25.026" endtime="20230520 01:00:25.132"/>
</kw>
<status status="PASS" starttime="20230520 01:00:24.029" endtime="20230520 01:00:25.132"/>
</kw>
<kw name="Given Im on the main application page" library="test_keywords_login">
<kw name="Go To" library="SeleniumLibrary">
<arg>${SERVER_BASE_URL}</arg>
<doc>Navigates the current browser window to the provided ``url``.</doc>
<msg timestamp="20230520 01:00:25.133" level="INFO">Opening url 'https://www.saucedemo.com/'</msg>
<status status="PASS" starttime="20230520 01:00:25.133" endtime="20230520 01:00:25.202"/>
</kw>
<kw name="Location Should Be" library="SeleniumLibrary">
<arg>${SERVER_BASE_URL}</arg>
<doc>Verifies that the current URL is exactly ``url``.</doc>
<msg timestamp="20230520 01:00:25.207" level="INFO">Current location is 'https://www.saucedemo.com/'.</msg>
<status status="PASS" starttime="20230520 01:00:25.202" endtime="20230520 01:00:25.207"/>
</kw>
<status status="PASS" starttime="20230520 01:00:25.132" endtime="20230520 01:00:25.208"/>
</kw>
<kw name="When I log in with credentials" library="test_keywords_login">
<arg>performance_glitch_user</arg>
<arg>secret_sauce</arg>
<kw name="Input Text" library="SeleniumLibrary">
<arg>id:user-name</arg>
<arg>${username}</arg>
<doc>Types the given ``text`` into the text field identified by ``locator``.</doc>
<msg timestamp="20230520 01:00:25.209" level="INFO">Typing text 'performance_glitch_user' into text field 'id:user-name'.</msg>
<status status="PASS" starttime="20230520 01:00:25.208" endtime="20230520 01:00:25.349"/>
</kw>
<kw name="Input Text" library="SeleniumLibrary">
<arg>id:password</arg>
<arg>${password}</arg>
<doc>Types the given ``text`` into the text field identified by ``locator``.</doc>
<msg timestamp="20230520 01:00:25.350" level="INFO">Typing text 'secret_sauce' into text field 'id:password'.</msg>
<status status="PASS" starttime="20230520 01:00:25.349" endtime="20230520 01:00:25.436"/>
</kw>
<kw name="Click Button" library="SeleniumLibrary">
<arg>id:login-button</arg>
<doc>Clicks the button identified by ``locator``.</doc>
<msg timestamp="20230520 01:00:25.437" level="INFO">Clicking button 'id:login-button'.</msg>
<status status="PASS" starttime="20230520 01:00:25.436" endtime="20230520 01:00:30.543"/>
</kw>
<status status="PASS" starttime="20230520 01:00:25.208" endtime="20230520 01:00:30.543"/>
</kw>
<kw name="And the Inventory page loads" library="test_keywords_login">
<kw name="Location Should Be" library="SeleniumLibrary">
<arg>https://www.saucedemo.com/inventory.html</arg>
<doc>Verifies that the current URL is exactly ``url``.</doc>
<msg timestamp="20230520 01:00:30.570" level="INFO">Current location is 'https://www.saucedemo.com/inventory.html'.</msg>
<status status="PASS" starttime="20230520 01:00:30.544" endtime="20230520 01:00:30.570"/>
</kw>
<status status="PASS" starttime="20230520 01:00:30.543" endtime="20230520 01:00:30.570"/>
</kw>
<kw name="Then the page should contain the text &quot;Products&quot;" library="test_keywords_login" sourcename="Then the page should contain the text &quot;${expected_text}&quot;">
<kw name="Page Should Contain" library="SeleniumLibrary">
<arg>${expected_text}</arg>
<doc>Verifies that current page contains ``text``.</doc>
<msg timestamp="20230520 01:00:30.585" level="INFO">Current page contains text 'Products'.</msg>
<status status="PASS" starttime="20230520 01:00:30.570" endtime="20230520 01:00:30.585"/>
</kw>
<status status="PASS" starttime="20230520 01:00:30.570" endtime="20230520 01:00:30.585"/>
</kw>
<kw name="After Tests" library="test_keywords_common" type="TEARDOWN">
<kw name="Close Browser" library="SeleniumLibrary">
<doc>Closes the current browser.</doc>
<status status="PASS" starttime="20230520 01:00:30.586" endtime="20230520 01:00:30.643"/>
</kw>
<status status="PASS" starttime="20230520 01:00:30.586" endtime="20230520 01:00:30.643"/>
</kw>
<tag>ui</tag>
<status status="PASS" starttime="20230520 01:00:24.028" endtime="20230520 01:00:30.644"/>
</test>
<status status="PASS" starttime="20230520 01:00:18.643" endtime="20230520 01:00:30.645"/>
</suite>
<status status="PASS" starttime="20230520 01:00:18.642" endtime="20230520 01:00:30.648"/>
</suite>
<status status="PASS" starttime="20230520 01:00:18.640" endtime="20230520 01:00:30.650"/>
</suite>
<status status="FAIL" starttime="20230520 01:00:17.706" endtime="20230520 01:00:30.652"/>
</suite>
<statistics>
<total>
<stat pass="6" fail="3" skip="0">All Tests</stat>
</total>
<tag>
<stat pass="2" fail="3" skip="0">api</stat>
<stat pass="4" fail="0" skip="0">ui</stat>
</tag>
<suite>
<stat pass="6" fail="3" skip="0" id="s1" name="Tests">Tests</stat>
<stat pass="2" fail="3" skip="0" id="s1-s1" name="Api">Tests.Api</stat>
<stat pass="2" fail="3" skip="0" id="s1-s1-s1" name="Users">Tests.Api.Users</stat>
<stat pass="2" fail="3" skip="0" id="s1-s1-s1-s1" name="Test Api Users">Tests.Api.Users.Test Api Users</stat>
<stat pass="4" fail="0" skip="0" id="s1-s2" name="Ui">Tests.Ui</stat>
<stat pass="4" fail="0" skip="0" id="s1-s2-s1" name="Login">Tests.Ui.Login</stat>
<stat pass="4" fail="0" skip="0" id="s1-s2-s1-s1" name="Test Ui Login">Tests.Ui.Login.Test Ui Login</stat>
</suite>
</statistics>
<errors>
</errors>
</robot>
