<?xml version="1.0" encoding="UTF-8"?>
<robot generator="Robot 6.0.2 (Python 3.8.16 on linux)" generated="20230522 13:49:21.845" rpa="false" schemaversion="3">
<suite id="s1" name="Tests" source="/home/runner/work/gen-ai-robot-test/gen-ai-robot-test/tests">
<suite id="s1-s1" name="Api" source="/home/runner/work/gen-ai-robot-test/gen-ai-robot-test/tests/api">
<suite id="s1-s1-s1" name="Test Api Users" source="/home/runner/work/gen-ai-robot-test/gen-ai-robot-test/tests/api/test_api_users.robot">
<test id="s1-s1-s1-t1" name="Scenario: Get all registered users" line="9">
<kw name="Before Tests" library="test_keywords_common" type="SETUP">
<kw name="Create Session" library="RequestsLibrary">
<arg>serverest</arg>
<arg>${SERVER_BASE_URL}</arg>
<arg>disable_warnings=True</arg>
<doc>Create Session: create a HTTP session to a server</doc>
<msg timestamp="20230522 13:49:22.535" level="INFO">Creating Session using : alias=serverest, url=https://serverest.dev, headers={},                     cookies={}, auth=None, timeout=None, proxies=None, verify=False,                     debug=0 </msg>
<status status="PASS" starttime="20230522 13:49:22.535" endtime="20230522 13:49:22.536"/>
</kw>
<status status="PASS" starttime="20230522 13:49:22.535" endtime="20230522 13:49:22.536"/>
</kw>
<kw name="When I request the list of all registered users" library="test_keywords_users">
<kw name="GET On Session" library="RequestsLibrary">
<var>${response}</var>
<arg>serverest</arg>
<arg>${USERS_API_ENDPOINT}</arg>
<doc>Sends a GET request on a previously created HTTP Session.</doc>
<msg timestamp="20230522 13:49:22.694" level="INFO">GET Request : url=https://serverest.dev/usuarios 
 path_url=/usuarios 
 headers={'User-Agent': 'python-requests/2.30.0', 'Accept-Encoding': 'gzip, deflate', 'Accept': '*/*', 'Connection': 'keep-alive'} 
 body=None 
 </msg>
<msg timestamp="20230522 13:49:22.694" level="INFO">GET Response : url=https://serverest.dev/usuarios 
 status=200, reason=OK 
 headers={'access-control-allow-origin': '*', 'x-dns-prefetch-control': 'off', 'x-frame-options': 'SAMEORIGIN', 'strict-transport-security': 'max-age=15552000; includeSubDomains', 'x-download-options': 'noopen', 'x-content-type-options': 'nosniff', 'x-xss-protection': '1; mode=block', 'x-moesif-transaction-id': '3df2af20-3f1f-43d7-afbe-160d9e3f7765', 'content-type': 'application/json; charset=utf-8', 'X-Cloud-Trace-Context': '99b687f1f39766e897d90dbe9a37dd1e;o=1', 'Date': 'Mon, 22 May 2023 13:49:22 GMT', 'Server': 'Google Frontend', 'Content-Length': '695'} 
 body={
    "quantidade": 3,
    "usuarios": [
        {
            "nome": "Fulano da Silva",
            "email": "fulano@qa.com",
            "password": "teste",
            "administrador": "true",
            "_id": "0uxuPY0cbmQhpEz1"
        },
        {
            "nome": "April Stephens",
            "email": "ortizlatoya@example.net",
            "password": "42aUyqQMJpjB",
            "administrador": "true",
            "_id": "owd1dbjVDYAhGF2t"
        },
        {
            "nome": "Christina Green",
            "email": "robert93@example.net",
            "password": "t9F2raIITdfe",
            "administrador": "true",
            "_id": "zXZU5ChutMyKtXPN"
        }
    ]
} 
 </msg>
<msg timestamp="20230522 13:49:22.694" level="INFO">${response} = &lt;Response [200]&gt;</msg>
<status status="PASS" starttime="20230522 13:49:22.536" endtime="20230522 13:49:22.694"/>
</kw>
<kw name="Set Test Variable" library="BuiltIn">
<arg>${response}</arg>
<doc>Makes a variable available everywhere within the scope of the current test.</doc>
<msg timestamp="20230522 13:49:22.694" level="INFO">${response} = &lt;Response [200]&gt;</msg>
<status status="PASS" starttime="20230522 13:49:22.694" endtime="20230522 13:49:22.694"/>
</kw>
<status status="PASS" starttime="20230522 13:49:22.536" endtime="20230522 13:49:22.695"/>
</kw>
<kw name="Then the response status code should be 200" library="test_keywords_users" sourcename="Then the response status code should be ${status_code}">
<kw name="Should Be Equal As Numbers" library="BuiltIn">
<arg>${response.status_code}</arg>
<arg>${status_code}</arg>
<doc>Fails if objects are unequal after converting them to real numbers.</doc>
<msg timestamp="20230522 13:49:22.696" level="INFO">Argument types are:
&lt;class 'int'&gt;
&lt;class 'str'&gt;</msg>
<status status="PASS" starttime="20230522 13:49:22.695" endtime="20230522 13:49:22.696"/>
</kw>
<kw name="Should Be True" library="BuiltIn">
<arg>${response.json()}</arg>
<doc>Fails if the given condition is not true.</doc>
<status status="PASS" starttime="20230522 13:49:22.696" endtime="20230522 13:49:22.696"/>
</kw>
<status status="PASS" starttime="20230522 13:49:22.695" endtime="20230522 13:49:22.697"/>
</kw>
<kw name="And the response body should not be empty" library="test_keywords_users">
<kw name="Should Not Be Empty" library="BuiltIn">
<arg>${response.json()}</arg>
<doc>Verifies that the given item is not empty.</doc>
<msg timestamp="20230522 13:49:22.697" level="INFO">Length is 2</msg>
<status status="PASS" starttime="20230522 13:49:22.697" endtime="20230522 13:49:22.697"/>
</kw>
<status status="PASS" starttime="20230522 13:49:22.697" endtime="20230522 13:49:22.698"/>
</kw>
<tag>api</tag>
<status status="PASS" starttime="20230522 13:49:22.534" endtime="20230522 13:49:22.698"/>
</test>
<test id="s1-s1-s1-t2" name="Scenario: Create a new user" line="15">
<kw name="Before Tests" library="test_keywords_common" type="SETUP">
<kw name="Create Session" library="RequestsLibrary">
<arg>serverest</arg>
<arg>${SERVER_BASE_URL}</arg>
<arg>disable_warnings=True</arg>
<doc>Create Session: create a HTTP session to a server</doc>
<msg timestamp="20230522 13:49:22.699" level="INFO">Creating Session using : alias=serverest, url=https://serverest.dev, headers={},                     cookies={}, auth=None, timeout=None, proxies=None, verify=False,                     debug=0 </msg>
<status status="PASS" starttime="20230522 13:49:22.699" endtime="20230522 13:49:22.699"/>
</kw>
<status status="PASS" starttime="20230522 13:49:22.698" endtime="20230522 13:49:22.699"/>
</kw>
<kw name="Given I have a valid user data" library="test_keywords_users">
<kw name="Name" library="FakerLibrary">
<var>${name}</var>
<doc>:example 'John Doe'</doc>
<msg timestamp="20230522 13:49:22.700" level="INFO">${name} = David Preston</msg>
<status status="PASS" starttime="20230522 13:49:22.700" endtime="20230522 13:49:22.700"/>
</kw>
<kw name="Email" library="FakerLibrary">
<var>${email}</var>
<msg timestamp="20230522 13:49:22.701" level="INFO">${email} = mphillips@example.net</msg>
<status status="PASS" starttime="20230522 13:49:22.700" endtime="20230522 13:49:22.701"/>
</kw>
<kw name="Password" library="FakerLibrary">
<var>${password}</var>
<arg>length=12</arg>
<arg>special_chars=False</arg>
<doc>Generate a random password of the specified ``length``.</doc>
<msg timestamp="20230522 13:49:22.701" level="INFO">${password} = iC9CUTq30hlf</msg>
<status status="PASS" starttime="20230522 13:49:22.701" endtime="20230522 13:49:22.701"/>
</kw>
<kw name="Set Suite Variable" library="BuiltIn">
<arg>${name}</arg>
<doc>Makes a variable available everywhere within the scope of the current suite.</doc>
<msg timestamp="20230522 13:49:22.701" level="INFO">${name} = David Preston</msg>
<status status="PASS" starttime="20230522 13:49:22.701" endtime="20230522 13:49:22.701"/>
</kw>
<kw name="Set Suite Variable" library="BuiltIn">
<arg>${email}</arg>
<doc>Makes a variable available everywhere within the scope of the current suite.</doc>
<msg timestamp="20230522 13:49:22.702" level="INFO">${email} = mphillips@example.net</msg>
<status status="PASS" starttime="20230522 13:49:22.702" endtime="20230522 13:49:22.702"/>
</kw>
<kw name="Set Suite Variable" library="BuiltIn">
<arg>${password}</arg>
<doc>Makes a variable available everywhere within the scope of the current suite.</doc>
<msg timestamp="20230522 13:49:22.702" level="INFO">${password} = iC9CUTq30hlf</msg>
<status status="PASS" starttime="20230522 13:49:22.702" endtime="20230522 13:49:22.702"/>
</kw>
<status status="PASS" starttime="20230522 13:49:22.700" endtime="20230522 13:49:22.702"/>
</kw>
<kw name="When I create the user" library="test_keywords_users">
<kw name="Create Dictionary" library="BuiltIn">
<var>${payload}</var>
<arg>nome=${name}</arg>
<arg>email=${email}</arg>
<arg>password=${password}</arg>
<arg>administrador=false</arg>
<doc>Creates and returns a dictionary based on the given ``items``.</doc>
<msg timestamp="20230522 13:49:22.703" level="INFO">${payload} = {'nome': 'David Preston', 'email': 'mphillips@example.net', 'password': 'iC9CUTq30hlf', 'administrador': 'false'}</msg>
<status status="PASS" starttime="20230522 13:49:22.703" endtime="20230522 13:49:22.703"/>
</kw>
<kw name="Create Dictionary" library="BuiltIn">
<var>${headers}</var>
<arg>Content-Type=application/json</arg>
<doc>Creates and returns a dictionary based on the given ``items``.</doc>
<msg timestamp="20230522 13:49:22.703" level="INFO">${headers} = {'Content-Type': 'application/json'}</msg>
<status status="PASS" starttime="20230522 13:49:22.703" endtime="20230522 13:49:22.703"/>
</kw>
<kw name="POST On Session" library="RequestsLibrary">
<var>${response}</var>
<arg>serverest</arg>
<arg>${USERS_API_ENDPOINT}</arg>
<arg>json=${payload}</arg>
<arg>headers=${headers}</arg>
<doc>Sends a POST request on a previously created HTTP Session.</doc>
<msg timestamp="20230522 13:49:22.783" level="INFO">POST Request : url=https://serverest.dev/usuarios 
 path_url=/usuarios 
 headers={'User-Agent': 'python-requests/2.30.0', 'Accept-Encoding': 'gzip, deflate', 'Accept': '*/*', 'Connection': 'keep-alive', 'Content-Type': 'application/json', 'Content-Length': '113'} 
 body=b'{"nome": "David Preston", "email": "mphillips@example.net", "password": "iC9CUTq30hlf", "administrador": "false"}' 
 </msg>
<msg timestamp="20230522 13:49:22.783" level="INFO">POST Response : url=https://serverest.dev/usuarios 
 status=201, reason=Created 
 headers={'access-control-allow-origin': '*', 'x-dns-prefetch-control': 'off', 'x-frame-options': 'SAMEORIGIN', 'strict-transport-security': 'max-age=15552000; includeSubDomains', 'x-download-options': 'noopen', 'x-content-type-options': 'nosniff', 'x-xss-protection': '1; mode=block', 'x-moesif-transaction-id': 'f5469179-a174-4ae3-bfa6-675f3bb8609d', 'content-type': 'application/json; charset=utf-8', 'X-Cloud-Trace-Context': '1e65fe020be58188f840a3cba393a0ea', 'Date': 'Mon, 22 May 2023 13:49:22 GMT', 'Server': 'Google Frontend', 'Content-Length': '82'} 
 body={
    "message": "Cadastro realizado com sucesso",
    "_id": "wn6VMUHPPZrOY4TA"
} 
 </msg>
<msg timestamp="20230522 13:49:22.783" level="INFO">${response} = &lt;Response [201]&gt;</msg>
<status status="PASS" starttime="20230522 13:49:22.704" endtime="20230522 13:49:22.783"/>
</kw>
<kw name="Set Variable" library="BuiltIn">
<var>${user_id}</var>
<arg>${response.json()['_id']}</arg>
<doc>Returns the given values which can then be assigned to a variables.</doc>
<msg timestamp="20230522 13:49:22.784" level="INFO">${user_id} = wn6VMUHPPZrOY4TA</msg>
<status status="PASS" starttime="20230522 13:49:22.783" endtime="20230522 13:49:22.784"/>
</kw>
<kw name="Set Global Variable" library="BuiltIn">
<arg>${USER_ID}</arg>
<arg>${user_id}</arg>
<doc>Makes a variable available globally in all tests and suites.</doc>
<msg timestamp="20230522 13:49:22.784" level="INFO">${USER_ID} = wn6VMUHPPZrOY4TA</msg>
<status status="PASS" starttime="20230522 13:49:22.784" endtime="20230522 13:49:22.784"/>
</kw>
<kw name="Set Test Variable" library="BuiltIn">
<arg>${response}</arg>
<doc>Makes a variable available everywhere within the scope of the current test.</doc>
<msg timestamp="20230522 13:49:22.785" level="INFO">${response} = &lt;Response [201]&gt;</msg>
<status status="PASS" starttime="20230522 13:49:22.784" endtime="20230522 13:49:22.785"/>
</kw>
<status status="PASS" starttime="20230522 13:49:22.702" endtime="20230522 13:49:22.785"/>
</kw>
<kw name="Then the response status code should be 201" library="test_keywords_users" sourcename="Then the response status code should be ${status_code}">
<kw name="Should Be Equal As Numbers" library="BuiltIn">
<arg>${response.status_code}</arg>
<arg>${status_code}</arg>
<doc>Fails if objects are unequal after converting them to real numbers.</doc>
<msg timestamp="20230522 13:49:22.786" level="INFO">Argument types are:
&lt;class 'int'&gt;
&lt;class 'str'&gt;</msg>
<status status="PASS" starttime="20230522 13:49:22.785" endtime="20230522 13:49:22.786"/>
</kw>
<kw name="Should Be True" library="BuiltIn">
<arg>${response.json()}</arg>
<doc>Fails if the given condition is not true.</doc>
<status status="PASS" starttime="20230522 13:49:22.786" endtime="20230522 13:49:22.786"/>
</kw>
<status status="PASS" starttime="20230522 13:49:22.785" endtime="20230522 13:49:22.787"/>
</kw>
<kw name="And the response body should not be empty" library="test_keywords_users">
<kw name="Should Not Be Empty" library="BuiltIn">
<arg>${response.json()}</arg>
<doc>Verifies that the given item is not empty.</doc>
<msg timestamp="20230522 13:49:22.787" level="INFO">Length is 2</msg>
<status status="PASS" starttime="20230522 13:49:22.787" endtime="20230522 13:49:22.788"/>
</kw>
<status status="PASS" starttime="20230522 13:49:22.787" endtime="20230522 13:49:22.788"/>
</kw>
<tag>api</tag>
<status status="PASS" starttime="20230522 13:49:22.698" endtime="20230522 13:49:22.788"/>
</test>
<test id="s1-s1-s1-t3" name="Scenario: Get a specific user informations" line="22">
<kw name="Before Tests" library="test_keywords_common" type="SETUP">
<kw name="Create Session" library="RequestsLibrary">
<arg>serverest</arg>
<arg>${SERVER_BASE_URL}</arg>
<arg>disable_warnings=True</arg>
<doc>Create Session: create a HTTP session to a server</doc>
<msg timestamp="20230522 13:49:22.789" level="INFO">Creating Session using : alias=serverest, url=https://serverest.dev, headers={},                     cookies={}, auth=None, timeout=None, proxies=None, verify=False,                     debug=0 </msg>
<status status="PASS" starttime="20230522 13:49:22.789" endtime="20230522 13:49:22.789"/>
</kw>
<status status="PASS" starttime="20230522 13:49:22.788" endtime="20230522 13:49:22.790"/>
</kw>
<kw name="When I request the created user" library="test_keywords_users">
<kw name="GET On Session" library="RequestsLibrary">
<var>${response}</var>
<arg>serverest</arg>
<arg>${USERS_API_ENDPOINT}/${USER_ID}</arg>
<doc>Sends a GET request on a previously created HTTP Session.</doc>
<msg timestamp="20230522 13:49:22.866" level="INFO">GET Request : url=https://serverest.dev/usuarios/wn6VMUHPPZrOY4TA 
 path_url=/usuarios/wn6VMUHPPZrOY4TA 
 headers={'User-Agent': 'python-requests/2.30.0', 'Accept-Encoding': 'gzip, deflate', 'Accept': '*/*', 'Connection': 'keep-alive'} 
 body=None 
 </msg>
<msg timestamp="20230522 13:49:22.866" level="INFO">GET Response : url=https://serverest.dev/usuarios/wn6VMUHPPZrOY4TA 
 status=200, reason=OK 
 headers={'access-control-allow-origin': '*', 'x-dns-prefetch-control': 'off', 'x-frame-options': 'SAMEORIGIN', 'strict-transport-security': 'max-age=15552000; includeSubDomains', 'x-download-options': 'noopen', 'x-content-type-options': 'nosniff', 'x-xss-protection': '1; mode=block', 'x-moesif-transaction-id': 'a0ab18cf-79e1-4b75-96d0-ac097fda9451', 'content-type': 'application/json; charset=utf-8', 'X-Cloud-Trace-Context': 'aa40ffd3f6977e3cd73b50c9ffe73ad8', 'Date': 'Mon, 22 May 2023 13:49:22 GMT', 'Server': 'Google Frontend', 'Content-Length': '162'} 
 body={
    "nome": "David Preston",
    "email": "mphillips@example.net",
    "password": "iC9CUTq30hlf",
    "administrador": "false",
    "_id": "wn6VMUHPPZrOY4TA"
} 
 </msg>
<msg timestamp="20230522 13:49:22.866" level="INFO">${response} = &lt;Response [200]&gt;</msg>
<status status="PASS" starttime="20230522 13:49:22.790" endtime="20230522 13:49:22.866"/>
</kw>
<kw name="Set Test Variable" library="BuiltIn">
<arg>${response}</arg>
<doc>Makes a variable available everywhere within the scope of the current test.</doc>
<msg timestamp="20230522 13:49:22.867" level="INFO">${response} = &lt;Response [200]&gt;</msg>
<status status="PASS" starttime="20230522 13:49:22.866" endtime="20230522 13:49:22.867"/>
</kw>
<status status="PASS" starttime="20230522 13:49:22.790" endtime="20230522 13:49:22.867"/>
</kw>
<kw name="Then the response status code should be 200" library="test_keywords_users" sourcename="Then the response status code should be ${status_code}">
<kw name="Should Be Equal As Numbers" library="BuiltIn">
<arg>${response.status_code}</arg>
<arg>${status_code}</arg>
<doc>Fails if objects are unequal after converting them to real numbers.</doc>
<msg timestamp="20230522 13:49:22.868" level="INFO">Argument types are:
&lt;class 'int'&gt;
&lt;class 'str'&gt;</msg>
<status status="PASS" starttime="20230522 13:49:22.867" endtime="20230522 13:49:22.868"/>
</kw>
<kw name="Should Be True" library="BuiltIn">
<arg>${response.json()}</arg>
<doc>Fails if the given condition is not true.</doc>
<status status="PASS" starttime="20230522 13:49:22.868" endtime="20230522 13:49:22.869"/>
</kw>
<status status="PASS" starttime="20230522 13:49:22.867" endtime="20230522 13:49:22.869"/>
</kw>
<kw name="And the response body should not be empty" library="test_keywords_users">
<kw name="Should Not Be Empty" library="BuiltIn">
<arg>${response.json()}</arg>
<doc>Verifies that the given item is not empty.</doc>
<msg timestamp="20230522 13:49:22.870" level="INFO">Length is 5</msg>
<status status="PASS" starttime="20230522 13:49:22.869" endtime="20230522 13:49:22.870"/>
</kw>
<status status="PASS" starttime="20230522 13:49:22.869" endtime="20230522 13:49:22.870"/>
</kw>
<tag>api</tag>
<status status="PASS" starttime="20230522 13:49:22.788" endtime="20230522 13:49:22.870"/>
</test>
<test id="s1-s1-s1-t4" name="Scenario: Update the created user" line="28">
<kw name="Before Tests" library="test_keywords_common" type="SETUP">
<kw name="Create Session" library="RequestsLibrary">
<arg>serverest</arg>
<arg>${SERVER_BASE_URL}</arg>
<arg>disable_warnings=True</arg>
<doc>Create Session: create a HTTP session to a server</doc>
<msg timestamp="20230522 13:49:22.871" level="INFO">Creating Session using : alias=serverest, url=https://serverest.dev, headers={},                     cookies={}, auth=None, timeout=None, proxies=None, verify=False,                     debug=0 </msg>
<status status="PASS" starttime="20230522 13:49:22.871" endtime="20230522 13:49:22.871"/>
</kw>
<status status="PASS" starttime="20230522 13:49:22.871" endtime="20230522 13:49:22.871"/>
</kw>
<kw name="When I update the created user" library="test_keywords_users">
<kw name="Create Dictionary" library="BuiltIn">
<var>${payload}</var>
<arg>nome=John Smith</arg>
<arg>email=john.smith@example.com</arg>
<arg>password=P@ssw0rd123</arg>
<arg>administrador=false</arg>
<doc>Creates and returns a dictionary based on the given ``items``.</doc>
<msg timestamp="20230522 13:49:22.872" level="INFO">${payload} = {'nome': 'John Smith', 'email': 'john.smith@example.com', 'password': 'P@ssw0rd123', 'administrador': 'false'}</msg>
<status status="PASS" starttime="20230522 13:49:22.872" endtime="20230522 13:49:22.872"/>
</kw>
<kw name="Create Dictionary" library="BuiltIn">
<var>${headers}</var>
<arg>Content-Type=application/json</arg>
<doc>Creates and returns a dictionary based on the given ``items``.</doc>
<msg timestamp="20230522 13:49:22.872" level="INFO">${headers} = {'Content-Type': 'application/json'}</msg>
<status status="PASS" starttime="20230522 13:49:22.872" endtime="20230522 13:49:22.872"/>
</kw>
<kw name="PUT On Session" library="RequestsLibrary">
<var>${response}</var>
<arg>serverest</arg>
<arg>${USERS_API_ENDPOINT}/${USER_ID}</arg>
<arg>json=${payload}</arg>
<arg>headers=${headers}</arg>
<doc>Sends a PUT request on a previously created HTTP Session.</doc>
<msg timestamp="20230522 13:49:22.950" level="INFO">PUT Request : url=https://serverest.dev/usuarios/wn6VMUHPPZrOY4TA 
 path_url=/usuarios/wn6VMUHPPZrOY4TA 
 headers={'User-Agent': 'python-requests/2.30.0', 'Accept-Encoding': 'gzip, deflate', 'Accept': '*/*', 'Connection': 'keep-alive', 'Content-Type': 'application/json', 'Content-Length': '110'} 
 body=b'{"nome": "John Smith", "email": "john.smith@example.com", "password": "P@ssw0rd123", "administrador": "false"}' 
 </msg>
<msg timestamp="20230522 13:49:22.951" level="INFO">PUT Response : url=https://serverest.dev/usuarios/wn6VMUHPPZrOY4TA 
 status=200, reason=OK 
 headers={'access-control-allow-origin': '*', 'x-dns-prefetch-control': 'off', 'x-frame-options': 'SAMEORIGIN', 'strict-transport-security': 'max-age=15552000; includeSubDomains', 'x-download-options': 'noopen', 'x-content-type-options': 'nosniff', 'x-xss-protection': '1; mode=block', 'x-moesif-transaction-id': '58b967d7-15b9-4bbc-9e20-df1c2457614b', 'content-type': 'application/json; charset=utf-8', 'X-Cloud-Trace-Context': 'e6bdd07191fa2589e27f9f446eb6c8f2', 'Date': 'Mon, 22 May 2023 13:49:22 GMT', 'Server': 'Google Frontend', 'Content-Length': '50'} 
 body={
    "message": "Registro alterado com sucesso"
} 
 </msg>
<msg timestamp="20230522 13:49:22.951" level="INFO">${response} = &lt;Response [200]&gt;</msg>
<status status="PASS" starttime="20230522 13:49:22.873" endtime="20230522 13:49:22.951"/>
</kw>
<kw name="Set Test Variable" library="BuiltIn">
<arg>${response}</arg>
<doc>Makes a variable available everywhere within the scope of the current test.</doc>
<msg timestamp="20230522 13:49:22.951" level="INFO">${response} = &lt;Response [200]&gt;</msg>
<status status="PASS" starttime="20230522 13:49:22.951" endtime="20230522 13:49:22.951"/>
</kw>
<status status="PASS" starttime="20230522 13:49:22.872" endtime="20230522 13:49:22.951"/>
</kw>
<kw name="Then the response status code should be 200" library="test_keywords_users" sourcename="Then the response status code should be ${status_code}">
<kw name="Should Be Equal As Numbers" library="BuiltIn">
<arg>${response.status_code}</arg>
<arg>${status_code}</arg>
<doc>Fails if objects are unequal after converting them to real numbers.</doc>
<msg timestamp="20230522 13:49:22.952" level="INFO">Argument types are:
&lt;class 'int'&gt;
&lt;class 'str'&gt;</msg>
<status status="PASS" starttime="20230522 13:49:22.952" endtime="20230522 13:49:22.953"/>
</kw>
<kw name="Should Be True" library="BuiltIn">
<arg>${response.json()}</arg>
<doc>Fails if the given condition is not true.</doc>
<status status="PASS" starttime="20230522 13:49:22.953" endtime="20230522 13:49:22.953"/>
</kw>
<status status="PASS" starttime="20230522 13:49:22.952" endtime="20230522 13:49:22.953"/>
</kw>
<kw name="And the response body should not be empty" library="test_keywords_users">
<kw name="Should Not Be Empty" library="BuiltIn">
<arg>${response.json()}</arg>
<doc>Verifies that the given item is not empty.</doc>
<msg timestamp="20230522 13:49:22.954" level="INFO">Length is 1</msg>
<status status="PASS" starttime="20230522 13:49:22.954" endtime="20230522 13:49:22.954"/>
</kw>
<status status="PASS" starttime="20230522 13:49:22.953" endtime="20230522 13:49:22.954"/>
</kw>
<tag>api</tag>
<status status="PASS" starttime="20230522 13:49:22.870" endtime="20230522 13:49:22.955"/>
</test>
<test id="s1-s1-s1-t5" name="Scenario: Delete the created user" line="34">
<kw name="Before Tests" library="test_keywords_common" type="SETUP">
<kw name="Create Session" library="RequestsLibrary">
<arg>serverest</arg>
<arg>${SERVER_BASE_URL}</arg>
<arg>disable_warnings=True</arg>
<doc>Create Session: create a HTTP session to a server</doc>
<msg timestamp="20230522 13:49:22.956" level="INFO">Creating Session using : alias=serverest, url=https://serverest.dev, headers={},                     cookies={}, auth=None, timeout=None, proxies=None, verify=False,                     debug=0 </msg>
<status status="PASS" starttime="20230522 13:49:22.956" endtime="20230522 13:49:22.957"/>
</kw>
<status status="PASS" starttime="20230522 13:49:22.956" endtime="20230522 13:49:22.957"/>
</kw>
<kw name="When I delete the created user" library="test_keywords_users">
<kw name="DELETE On Session" library="RequestsLibrary">
<var>${response}</var>
<arg>serverest</arg>
<arg>${USERS_API_ENDPOINT}/${USER_ID}</arg>
<doc>Sends a DELETE request on a previously created HTTP Session.</doc>
<msg timestamp="20230522 13:49:23.036" level="INFO">DELETE Request : url=https://serverest.dev/usuarios/wn6VMUHPPZrOY4TA 
 path_url=/usuarios/wn6VMUHPPZrOY4TA 
 headers={'User-Agent': 'python-requests/2.30.0', 'Accept-Encoding': 'gzip, deflate', 'Accept': '*/*', 'Connection': 'keep-alive', 'Content-Length': '0'} 
 body=None 
 </msg>
<msg timestamp="20230522 13:49:23.036" level="INFO">DELETE Response : url=https://serverest.dev/usuarios/wn6VMUHPPZrOY4TA 
 status=200, reason=OK 
 headers={'access-control-allow-origin': '*', 'x-dns-prefetch-control': 'off', 'x-frame-options': 'SAMEORIGIN', 'strict-transport-security': 'max-age=15552000; includeSubDomains', 'x-download-options': 'noopen', 'x-content-type-options': 'nosniff', 'x-xss-protection': '1; mode=block', 'x-moesif-transaction-id': '54a50ebb-67e4-4813-a3d3-a82b2f9c495f', 'content-type': 'application/json; charset=utf-8', 'X-Cloud-Trace-Context': '1bc7ad9a63668f44ef4212a598338f61', 'Date': 'Mon, 22 May 2023 13:49:23 GMT', 'Server': 'Google Frontend', 'Content-Length': '51'} 
 body={
    "message": "Registro excluído com sucesso"
} 
 </msg>
<msg timestamp="20230522 13:49:23.036" level="INFO">${response} = &lt;Response [200]&gt;</msg>
<status status="PASS" starttime="20230522 13:49:22.957" endtime="20230522 13:49:23.036"/>
</kw>
<kw name="Set Test Variable" library="BuiltIn">
<arg>${response}</arg>
<doc>Makes a variable available everywhere within the scope of the current test.</doc>
<msg timestamp="20230522 13:49:23.037" level="INFO">${response} = &lt;Response [200]&gt;</msg>
<status status="PASS" starttime="20230522 13:49:23.037" endtime="20230522 13:49:23.037"/>
</kw>
<status status="PASS" starttime="20230522 13:49:22.957" endtime="20230522 13:49:23.037"/>
</kw>
<kw name="Then the response status code should be 200" library="test_keywords_users" sourcename="Then the response status code should be ${status_code}">
<kw name="Should Be Equal As Numbers" library="BuiltIn">
<arg>${response.status_code}</arg>
<arg>${status_code}</arg>
<doc>Fails if objects are unequal after converting them to real numbers.</doc>
<msg timestamp="20230522 13:49:23.038" level="INFO">Argument types are:
&lt;class 'int'&gt;
&lt;class 'str'&gt;</msg>
<status status="PASS" starttime="20230522 13:49:23.037" endtime="20230522 13:49:23.038"/>
</kw>
<kw name="Should Be True" library="BuiltIn">
<arg>${response.json()}</arg>
<doc>Fails if the given condition is not true.</doc>
<status status="PASS" starttime="20230522 13:49:23.038" endtime="20230522 13:49:23.039"/>
</kw>
<status status="PASS" starttime="20230522 13:49:23.037" endtime="20230522 13:49:23.039"/>
</kw>
<kw name="And the response body should not be empty" library="test_keywords_users">
<kw name="Should Not Be Empty" library="BuiltIn">
<arg>${response.json()}</arg>
<doc>Verifies that the given item is not empty.</doc>
<msg timestamp="20230522 13:49:23.040" level="INFO">Length is 1</msg>
<status status="PASS" starttime="20230522 13:49:23.039" endtime="20230522 13:49:23.040"/>
</kw>
<status status="PASS" starttime="20230522 13:49:23.039" endtime="20230522 13:49:23.040"/>
</kw>
<tag>api</tag>
<status status="PASS" starttime="20230522 13:49:22.955" endtime="20230522 13:49:23.040"/>
</test>
<status status="PASS" starttime="20230522 13:49:21.870" endtime="20230522 13:49:23.041"/>
</suite>
<status status="PASS" starttime="20230522 13:49:21.868" endtime="20230522 13:49:23.042"/>
</suite>
<suite id="s1-s2" name="Ui" source="/home/runner/work/gen-ai-robot-test/gen-ai-robot-test/tests/ui">
<suite id="s1-s2-s1" name="Test Ui Signup" source="/home/runner/work/gen-ai-robot-test/gen-ai-robot-test/tests/ui/test_ui_signup.robot">
<test id="s1-s2-s1-t1" name="Scenario: Signup with empty fields" line="10">
<kw name="Before Tests" library="test_keywords_common" type="SETUP">
<kw name="Open Browser" library="SeleniumLibrary">
<arg>${SERVER_BASE_URL}</arg>
<arg>${HEADLESS} ${BROWSER}</arg>
<doc>Opens a new browser instance to the optional ``url``.</doc>
<msg timestamp="20230522 13:49:23.052" level="INFO">Opening browser 'headless Chrome' to base url 'https://front.serverest.dev/'.</msg>
<status status="PASS" starttime="20230522 13:49:23.051" endtime="20230522 13:49:30.681"/>
</kw>
<kw name="Maximize Browser Window" library="SeleniumLibrary">
<doc>Maximizes current browser window.</doc>
<status status="PASS" starttime="20230522 13:49:30.681" endtime="20230522 13:49:30.804"/>
</kw>
<status status="PASS" starttime="20230522 13:49:23.051" endtime="20230522 13:49:30.804"/>
</kw>
<kw name="Given Im on the signup page" library="test_keywords_signup">
<kw name="Location Should Be" library="SeleniumLibrary">
<arg>https://front.serverest.dev/login</arg>
<doc>Verifies that the current URL is exactly ``url``.</doc>
<msg timestamp="20230522 13:49:30.809" level="INFO">Current location is 'https://front.serverest.dev/login'.</msg>
<status status="PASS" starttime="20230522 13:49:30.805" endtime="20230522 13:49:30.809"/>
</kw>
<kw name="Click Element" library="SeleniumLibrary">
<arg>css=a.btn.btn-link</arg>
<doc>Click the element identified by ``locator``.</doc>
<msg timestamp="20230522 13:49:30.810" level="INFO">Clicking element 'css=a.btn.btn-link'.</msg>
<status status="PASS" starttime="20230522 13:49:30.809" endtime="20230522 13:49:30.995"/>
</kw>
<status status="PASS" starttime="20230522 13:49:30.804" endtime="20230522 13:49:30.996"/>
</kw>
<kw name="When I click in signup" library="test_keywords_signup">
<kw name="Click Button" library="SeleniumLibrary">
<arg>css=.btn.btn-primary</arg>
<doc>Clicks the button identified by ``locator``.</doc>
<msg timestamp="20230522 13:49:30.997" level="INFO">Clicking button 'css=.btn.btn-primary'.</msg>
<status status="PASS" starttime="20230522 13:49:30.996" endtime="20230522 13:49:31.116"/>
</kw>
<status status="PASS" starttime="20230522 13:49:30.996" endtime="20230522 13:49:31.116"/>
</kw>
<kw name="Then required field messages should be displayed" library="test_keywords_signup">
<kw name="Wait Until Element Is Visible" library="SeleniumLibrary">
<arg>css=.alert-dismissible</arg>
<arg>timeout=10s</arg>
<doc>Waits until the element ``locator`` is visible.</doc>
<status status="PASS" starttime="20230522 13:49:31.116" endtime="20230522 13:49:31.356"/>
</kw>
<kw name="Element Should Be Visible" library="SeleniumLibrary">
<arg>css=.alert-dismissible</arg>
<doc>Verifies that the element identified by ``locator`` is visible.</doc>
<msg timestamp="20230522 13:49:31.374" level="INFO">Element 'css=.alert-dismissible' is displayed.</msg>
<status status="PASS" starttime="20230522 13:49:31.357" endtime="20230522 13:49:31.374"/>
</kw>
<kw name="Page Should Contain" library="SeleniumLibrary">
<arg>Nome é obrigatório</arg>
<doc>Verifies that current page contains ``text``.</doc>
<msg timestamp="20230522 13:49:31.417" level="INFO">Current page contains text 'Nome é obrigatório'.</msg>
<status status="PASS" starttime="20230522 13:49:31.374" endtime="20230522 13:49:31.417"/>
</kw>
<kw name="Page Should Contain" library="SeleniumLibrary">
<arg>Email é obrigatório</arg>
<doc>Verifies that current page contains ``text``.</doc>
<msg timestamp="20230522 13:49:31.430" level="INFO">Current page contains text 'Email é obrigatório'.</msg>
<status status="PASS" starttime="20230522 13:49:31.417" endtime="20230522 13:49:31.430"/>
</kw>
<kw name="Page Should Contain" library="SeleniumLibrary">
<arg>Password é obrigatório</arg>
<doc>Verifies that current page contains ``text``.</doc>
<msg timestamp="20230522 13:49:31.443" level="INFO">Current page contains text 'Password é obrigatório'.</msg>
<status status="PASS" starttime="20230522 13:49:31.430" endtime="20230522 13:49:31.443"/>
</kw>
<status status="PASS" starttime="20230522 13:49:31.116" endtime="20230522 13:49:31.443"/>
</kw>
<kw name="After Tests" library="test_keywords_common" type="TEARDOWN">
<kw name="Close Browser" library="SeleniumLibrary">
<doc>Closes the current browser.</doc>
<status status="PASS" starttime="20230522 13:49:31.444" endtime="20230522 13:49:31.499"/>
</kw>
<status status="PASS" starttime="20230522 13:49:31.444" endtime="20230522 13:49:31.499"/>
</kw>
<tag>ui</tag>
<status status="PASS" starttime="20230522 13:49:23.051" endtime="20230522 13:49:31.499"/>
</test>
<test id="s1-s2-s1-t2" name="Scenario: Signup done successfully" line="16">
<kw name="Before Tests" library="test_keywords_common" type="SETUP">
<kw name="Open Browser" library="SeleniumLibrary">
<arg>${SERVER_BASE_URL}</arg>
<arg>${HEADLESS} ${BROWSER}</arg>
<doc>Opens a new browser instance to the optional ``url``.</doc>
<msg timestamp="20230522 13:49:31.502" level="INFO">Opening browser 'headless Chrome' to base url 'https://front.serverest.dev/'.</msg>
<status status="PASS" starttime="20230522 13:49:31.501" endtime="20230522 13:49:32.834"/>
</kw>
<kw name="Maximize Browser Window" library="SeleniumLibrary">
<doc>Maximizes current browser window.</doc>
<status status="PASS" starttime="20230522 13:49:32.835" endtime="20230522 13:49:32.938"/>
</kw>
<status status="PASS" starttime="20230522 13:49:31.501" endtime="20230522 13:49:32.938"/>
</kw>
<kw name="Given Im on the signup page" library="test_keywords_signup">
<kw name="Location Should Be" library="SeleniumLibrary">
<arg>https://front.serverest.dev/login</arg>
<doc>Verifies that the current URL is exactly ``url``.</doc>
<msg timestamp="20230522 13:49:32.943" level="INFO">Current location is 'https://front.serverest.dev/login'.</msg>
<status status="PASS" starttime="20230522 13:49:32.939" endtime="20230522 13:49:32.943"/>
</kw>
<kw name="Click Element" library="SeleniumLibrary">
<arg>css=a.btn.btn-link</arg>
<doc>Click the element identified by ``locator``.</doc>
<msg timestamp="20230522 13:49:32.944" level="INFO">Clicking element 'css=a.btn.btn-link'.</msg>
<status status="PASS" starttime="20230522 13:49:32.943" endtime="20230522 13:49:32.996"/>
</kw>
<status status="PASS" starttime="20230522 13:49:32.938" endtime="20230522 13:49:32.996"/>
</kw>
<kw name="And I fill in the signup fields with valid data" library="test_keywords_signup">
<kw name="Name" library="FakerLibrary">
<var>${name}</var>
<doc>:example 'John Doe'</doc>
<msg timestamp="20230522 13:49:32.997" level="INFO">${name} = Sara Cooper</msg>
<status status="PASS" starttime="20230522 13:49:32.997" endtime="20230522 13:49:32.997"/>
</kw>
<kw name="Email" library="FakerLibrary">
<var>${email}</var>
<msg timestamp="20230522 13:49:32.998" level="INFO">${email} = owilliams@example.com</msg>
<status status="PASS" starttime="20230522 13:49:32.997" endtime="20230522 13:49:32.998"/>
</kw>
<kw name="Password" library="FakerLibrary">
<var>${password}</var>
<arg>length=12</arg>
<arg>special_chars=False</arg>
<doc>Generate a random password of the specified ``length``.</doc>
<msg timestamp="20230522 13:49:32.998" level="INFO">${password} = 309OSrbg1T6S</msg>
<status status="PASS" starttime="20230522 13:49:32.998" endtime="20230522 13:49:32.998"/>
</kw>
<kw name="Input Text" library="SeleniumLibrary">
<arg>id:nome</arg>
<arg>${name}</arg>
<doc>Types the given ``text`` into the text field identified by ``locator``.</doc>
<msg timestamp="20230522 13:49:32.999" level="INFO">Typing text 'Sara Cooper' into text field 'id:nome'.</msg>
<status status="PASS" starttime="20230522 13:49:32.998" endtime="20230522 13:49:33.156"/>
</kw>
<kw name="Input Text" library="SeleniumLibrary">
<arg>id:email</arg>
<arg>${email}</arg>
<doc>Types the given ``text`` into the text field identified by ``locator``.</doc>
<msg timestamp="20230522 13:49:33.156" level="INFO">Typing text 'owilliams@example.com' into text field 'id:email'.</msg>
<status status="PASS" starttime="20230522 13:49:33.156" endtime="20230522 13:49:33.293"/>
</kw>
<kw name="Input Text" library="SeleniumLibrary">
<arg>id:password</arg>
<arg>${password}</arg>
<doc>Types the given ``text`` into the text field identified by ``locator``.</doc>
<msg timestamp="20230522 13:49:33.293" level="INFO">Typing text '309OSrbg1T6S' into text field 'id:password'.</msg>
<status status="PASS" starttime="20230522 13:49:33.293" endtime="20230522 13:49:33.398"/>
</kw>
<kw name="Select Checkbox" library="SeleniumLibrary">
<arg>id=administrador</arg>
<doc>Selects the checkbox identified by ``locator``.</doc>
<msg timestamp="20230522 13:49:33.399" level="INFO">Selecting checkbox 'id=administrador'.</msg>
<status status="PASS" starttime="20230522 13:49:33.398" endtime="20230522 13:49:33.479"/>
</kw>
<kw name="Set Suite Variable" library="BuiltIn">
<arg>${name}</arg>
<doc>Makes a variable available everywhere within the scope of the current suite.</doc>
<msg timestamp="20230522 13:49:33.479" level="INFO">${name} = Sara Cooper</msg>
<status status="PASS" starttime="20230522 13:49:33.479" endtime="20230522 13:49:33.479"/>
</kw>
<kw name="Set Suite Variable" library="BuiltIn">
<arg>${email}</arg>
<doc>Makes a variable available everywhere within the scope of the current suite.</doc>
<msg timestamp="20230522 13:49:33.480" level="INFO">${email} = owilliams@example.com</msg>
<status status="PASS" starttime="20230522 13:49:33.479" endtime="20230522 13:49:33.480"/>
</kw>
<kw name="Set Suite Variable" library="BuiltIn">
<arg>${password}</arg>
<doc>Makes a variable available everywhere within the scope of the current suite.</doc>
<msg timestamp="20230522 13:49:33.480" level="INFO">${password} = 309OSrbg1T6S</msg>
<status status="PASS" starttime="20230522 13:49:33.480" endtime="20230522 13:49:33.480"/>
</kw>
<status status="PASS" starttime="20230522 13:49:32.996" endtime="20230522 13:49:33.480"/>
</kw>
<kw name="When I click in signup" library="test_keywords_signup">
<kw name="Click Button" library="SeleniumLibrary">
<arg>css=.btn.btn-primary</arg>
<doc>Clicks the button identified by ``locator``.</doc>
<msg timestamp="20230522 13:49:33.481" level="INFO">Clicking button 'css=.btn.btn-primary'.</msg>
<status status="PASS" starttime="20230522 13:49:33.480" endtime="20230522 13:49:33.538"/>
</kw>
<status status="PASS" starttime="20230522 13:49:33.480" endtime="20230522 13:49:33.538"/>
</kw>
<kw name="Then the page should contain the text &quot;Cadastro realizado com sucesso&quot;" library="test_keywords_signup" sourcename="Then the page should contain the text &quot;${expected_text}&quot;">
<kw name="Wait Until Element Is Visible" library="SeleniumLibrary">
<arg>css=.alert-dismissible</arg>
<arg>timeout=10s</arg>
<doc>Waits until the element ``locator`` is visible.</doc>
<status status="PASS" starttime="20230522 13:49:33.539" endtime="20230522 13:49:33.770"/>
</kw>
<kw name="Element Should Be Visible" library="SeleniumLibrary">
<arg>css=.alert-dismissible</arg>
<doc>Verifies that the element identified by ``locator`` is visible.</doc>
<msg timestamp="20230522 13:49:33.788" level="INFO">Element 'css=.alert-dismissible' is displayed.</msg>
<status status="PASS" starttime="20230522 13:49:33.771" endtime="20230522 13:49:33.788"/>
</kw>
<kw name="Page Should Contain" library="SeleniumLibrary">
<arg>${expected_text}</arg>
<doc>Verifies that current page contains ``text``.</doc>
<msg timestamp="20230522 13:49:33.801" level="INFO">Current page contains text 'Cadastro realizado com sucesso'.</msg>
<status status="PASS" starttime="20230522 13:49:33.789" endtime="20230522 13:49:33.801"/>
</kw>
<status status="PASS" starttime="20230522 13:49:33.539" endtime="20230522 13:49:33.801"/>
</kw>
<kw name="After Tests" library="test_keywords_common" type="TEARDOWN">
<kw name="Close Browser" library="SeleniumLibrary">
<doc>Closes the current browser.</doc>
<status status="PASS" starttime="20230522 13:49:33.802" endtime="20230522 13:49:33.857"/>
</kw>
<status status="PASS" starttime="20230522 13:49:33.801" endtime="20230522 13:49:33.857"/>
</kw>
<tag>ui</tag>
<status status="PASS" starttime="20230522 13:49:31.500" endtime="20230522 13:49:33.857"/>
</test>
<test id="s1-s2-s1-t3" name="Scenario: Signup with already used email" line="23">
<kw name="Before Tests" library="test_keywords_common" type="SETUP">
<kw name="Open Browser" library="SeleniumLibrary">
<arg>${SERVER_BASE_URL}</arg>
<arg>${HEADLESS} ${BROWSER}</arg>
<doc>Opens a new browser instance to the optional ``url``.</doc>
<msg timestamp="20230522 13:49:33.859" level="INFO">Opening browser 'headless Chrome' to base url 'https://front.serverest.dev/'.</msg>
<status status="PASS" starttime="20230522 13:49:33.859" endtime="20230522 13:49:35.183"/>
</kw>
<kw name="Maximize Browser Window" library="SeleniumLibrary">
<doc>Maximizes current browser window.</doc>
<status status="PASS" starttime="20230522 13:49:35.184" endtime="20230522 13:49:35.287"/>
</kw>
<status status="PASS" starttime="20230522 13:49:33.858" endtime="20230522 13:49:35.287"/>
</kw>
<kw name="Given Im on the signup page" library="test_keywords_signup">
<kw name="Location Should Be" library="SeleniumLibrary">
<arg>https://front.serverest.dev/login</arg>
<doc>Verifies that the current URL is exactly ``url``.</doc>
<msg timestamp="20230522 13:49:35.292" level="INFO">Current location is 'https://front.serverest.dev/login'.</msg>
<status status="PASS" starttime="20230522 13:49:35.288" endtime="20230522 13:49:35.292"/>
</kw>
<kw name="Click Element" library="SeleniumLibrary">
<arg>css=a.btn.btn-link</arg>
<doc>Click the element identified by ``locator``.</doc>
<msg timestamp="20230522 13:49:35.293" level="INFO">Clicking element 'css=a.btn.btn-link'.</msg>
<status status="PASS" starttime="20230522 13:49:35.292" endtime="20230522 13:49:35.347"/>
</kw>
<status status="PASS" starttime="20230522 13:49:35.287" endtime="20230522 13:49:35.347"/>
</kw>
<kw name="And I fill in the signup fields with an email already registered" library="test_keywords_signup">
<kw name="Input Text" library="SeleniumLibrary">
<arg>id:nome</arg>
<arg>${name}</arg>
<doc>Types the given ``text`` into the text field identified by ``locator``.</doc>
<msg timestamp="20230522 13:49:35.348" level="INFO">Typing text 'Sara Cooper' into text field 'id:nome'.</msg>
<status status="PASS" starttime="20230522 13:49:35.347" endtime="20230522 13:49:35.450"/>
</kw>
<kw name="Input Text" library="SeleniumLibrary">
<arg>id:email</arg>
<arg>${email}</arg>
<doc>Types the given ``text`` into the text field identified by ``locator``.</doc>
<msg timestamp="20230522 13:49:35.451" level="INFO">Typing text 'owilliams@example.com' into text field 'id:email'.</msg>
<status status="PASS" starttime="20230522 13:49:35.450" endtime="20230522 13:49:35.544"/>
</kw>
<kw name="Input Text" library="SeleniumLibrary">
<arg>id:password</arg>
<arg>${password}</arg>
<doc>Types the given ``text`` into the text field identified by ``locator``.</doc>
<msg timestamp="20230522 13:49:35.545" level="INFO">Typing text '309OSrbg1T6S' into text field 'id:password'.</msg>
<status status="PASS" starttime="20230522 13:49:35.544" endtime="20230522 13:49:35.629"/>
</kw>
<kw name="Select Checkbox" library="SeleniumLibrary">
<arg>id=administrador</arg>
<doc>Selects the checkbox identified by ``locator``.</doc>
<msg timestamp="20230522 13:49:35.630" level="INFO">Selecting checkbox 'id=administrador'.</msg>
<status status="PASS" starttime="20230522 13:49:35.629" endtime="20230522 13:49:35.700"/>
</kw>
<status status="PASS" starttime="20230522 13:49:35.347" endtime="20230522 13:49:35.700"/>
</kw>
<kw name="When I click in signup" library="test_keywords_signup">
<kw name="Click Button" library="SeleniumLibrary">
<arg>css=.btn.btn-primary</arg>
<doc>Clicks the button identified by ``locator``.</doc>
<msg timestamp="20230522 13:49:35.701" level="INFO">Clicking button 'css=.btn.btn-primary'.</msg>
<status status="PASS" starttime="20230522 13:49:35.701" endtime="20230522 13:49:35.758"/>
</kw>
<status status="PASS" starttime="20230522 13:49:35.701" endtime="20230522 13:49:35.758"/>
</kw>
<kw name="Then the page should contain the text &quot;Este email já está sendo usado&quot;" library="test_keywords_signup" sourcename="Then the page should contain the text &quot;${expected_text}&quot;">
<kw name="Wait Until Element Is Visible" library="SeleniumLibrary">
<arg>css=.alert-dismissible</arg>
<arg>timeout=10s</arg>
<doc>Waits until the element ``locator`` is visible.</doc>
<status status="PASS" starttime="20230522 13:49:35.759" endtime="20230522 13:49:35.989"/>
</kw>
<kw name="Element Should Be Visible" library="SeleniumLibrary">
<arg>css=.alert-dismissible</arg>
<doc>Verifies that the element identified by ``locator`` is visible.</doc>
<msg timestamp="20230522 13:49:36.006" level="INFO">Element 'css=.alert-dismissible' is displayed.</msg>
<status status="PASS" starttime="20230522 13:49:35.989" endtime="20230522 13:49:36.006"/>
</kw>
<kw name="Page Should Contain" library="SeleniumLibrary">
<arg>${expected_text}</arg>
<doc>Verifies that current page contains ``text``.</doc>
<msg timestamp="20230522 13:49:36.019" level="INFO">Current page contains text 'Este email já está sendo usado'.</msg>
<status status="PASS" starttime="20230522 13:49:36.006" endtime="20230522 13:49:36.019"/>
</kw>
<status status="PASS" starttime="20230522 13:49:35.758" endtime="20230522 13:49:36.019"/>
</kw>
<kw name="After Tests" library="test_keywords_common" type="TEARDOWN">
<kw name="Close Browser" library="SeleniumLibrary">
<doc>Closes the current browser.</doc>
<status status="PASS" starttime="20230522 13:49:36.020" endtime="20230522 13:49:36.075"/>
</kw>
<status status="PASS" starttime="20230522 13:49:36.019" endtime="20230522 13:49:36.075"/>
</kw>
<tag>ui</tag>
<status status="PASS" starttime="20230522 13:49:33.858" endtime="20230522 13:49:36.075"/>
</test>
<status status="PASS" starttime="20230522 13:49:23.044" endtime="20230522 13:49:36.076"/>
</suite>
<status status="PASS" starttime="20230522 13:49:23.043" endtime="20230522 13:49:36.077"/>
</suite>
<status status="PASS" starttime="20230522 13:49:21.846" endtime="20230522 13:49:36.078"/>
</suite>
<statistics>
<total>
<stat pass="8" fail="0" skip="0">All Tests</stat>
</total>
<tag>
<stat pass="5" fail="0" skip="0">api</stat>
<stat pass="3" fail="0" skip="0">ui</stat>
</tag>
<suite>
<stat pass="8" fail="0" skip="0" id="s1" name="Tests">Tests</stat>
<stat pass="5" fail="0" skip="0" id="s1-s1" name="Api">Tests.Api</stat>
<stat pass="5" fail="0" skip="0" id="s1-s1-s1" name="Test Api Users">Tests.Api.Test Api Users</stat>
<stat pass="3" fail="0" skip="0" id="s1-s2" name="Ui">Tests.Ui</stat>
<stat pass="3" fail="0" skip="0" id="s1-s2-s1" name="Test Ui Signup">Tests.Ui.Test Ui Signup</stat>
</suite>
</statistics>
<errors>
</errors>
</robot>
