<?xml version="1.0" encoding="UTF-8"?>
<robot generator="Robot 6.0.2 (Python 3.8.16 on linux)" generated="20230418 21:22:56.573" rpa="false" schemaversion="3">
<suite id="s1" name="Tests" source="/home/runner/work/gen-ai-robot-test/gen-ai-robot-test/tests">
<suite id="s1-s1" name="Api" source="/home/runner/work/gen-ai-robot-test/gen-ai-robot-test/tests/api">
<suite id="s1-s1-s1" name="Users" source="/home/runner/work/gen-ai-robot-test/gen-ai-robot-test/tests/api/users">
<suite id="s1-s1-s1-s1" name="Test Api Users" source="/home/runner/work/gen-ai-robot-test/gen-ai-robot-test/tests/api/users/test_api_users.robot">
<test id="s1-s1-s1-s1-t1" name="Scenario: Get all registered users" line="9">
<kw name="Before Tests" library="test_keywords_common" type="SETUP">
<kw name="Create Session" library="RequestsLibrary">
<arg>serverest</arg>
<arg>${SERVER_BASE_URL}</arg>
<arg>disable_warnings=True</arg>
<doc>Create Session: create a HTTP session to a server</doc>
<msg timestamp="20230418 21:22:57.158" level="INFO">Creating Session using : alias=serverest, url=https://serverest.dev, headers={},                     cookies={}, auth=None, timeout=None, proxies=None, verify=False,                     debug=0 </msg>
<status status="PASS" starttime="20230418 21:22:57.158" endtime="20230418 21:22:57.158"/>
</kw>
<status status="PASS" starttime="20230418 21:22:57.157" endtime="20230418 21:22:57.159"/>
</kw>
<kw name="When I request the list of all registered users" library="test_keywords_users">
<kw name="GET On Session" library="RequestsLibrary">
<var>${response}</var>
<arg>serverest</arg>
<arg>${USERS_API_ENDPOINT}</arg>
<doc>Sends a GET request on a previously created HTTP Session.</doc>
<msg timestamp="20230418 21:22:57.289" level="INFO">GET Request : url=https://serverest.dev/usuarios 
 path_url=/usuarios 
 headers={'User-Agent': 'python-requests/2.28.2', 'Accept-Encoding': 'gzip, deflate', 'Accept': '*/*', 'Connection': 'keep-alive'} 
 body=None 
 </msg>
<msg timestamp="20230418 21:22:57.289" level="INFO">GET Response : url=https://serverest.dev/usuarios 
 status=200, reason=OK 
 headers={'access-control-allow-origin': '*', 'x-dns-prefetch-control': 'off', 'x-frame-options': 'SAMEORIGIN', 'strict-transport-security': 'max-age=15552000; includeSubDomains', 'x-download-options': 'noopen', 'x-content-type-options': 'nosniff', 'x-xss-protection': '1; mode=block', 'x-moesif-transaction-id': '7d1f7c6c-ccf9-4de5-8c80-8d87442ff506', 'content-type': 'application/json; charset=utf-8', 'X-Cloud-Trace-Context': '14e73a71ef3976d36677dc416f6e450f;o=1', 'Date': 'Tue, 18 Apr 2023 21:22:57 GMT', 'Server': 'Google Frontend', 'Content-Length': '472'} 
 body={
    "quantidade": 2,
    "usuarios": [
        {
            "nome": "Fulano da Silva",
            "email": "fulano@qa.com",
            "password": "teste",
            "administrador": "true",
            "_id": "0uxuPY0cbmQhpEz1"
        },
        {
            "nome": "{{generatedName}}",
            "email": "Randi_Will12@example.org",
            "password": "teste",
            "administrador": "true",
            "_id": "ZYCHT30TZfjHLhbu"
        }
    ]
} 
 </msg>
<msg timestamp="20230418 21:22:57.289" level="INFO">${response} = &lt;Response [200]&gt;</msg>
<status status="PASS" starttime="20230418 21:22:57.159" endtime="20230418 21:22:57.289"/>
</kw>
<kw name="Set Test Variable" library="BuiltIn">
<arg>${response}</arg>
<doc>Makes a variable available everywhere within the scope of the current test.</doc>
<msg timestamp="20230418 21:22:57.290" level="INFO">${response} = &lt;Response [200]&gt;</msg>
<status status="PASS" starttime="20230418 21:22:57.289" endtime="20230418 21:22:57.290"/>
</kw>
<status status="PASS" starttime="20230418 21:22:57.159" endtime="20230418 21:22:57.290"/>
</kw>
<kw name="Then the response status code should be 200" library="test_keywords_users" sourcename="Then the response status code should be ${status_code}">
<kw name="Should Be Equal As Numbers" library="BuiltIn">
<arg>${response.status_code}</arg>
<arg>${status_code}</arg>
<doc>Fails if objects are unequal after converting them to real numbers.</doc>
<msg timestamp="20230418 21:22:57.291" level="INFO">Argument types are:
&lt;class 'int'&gt;
&lt;class 'str'&gt;</msg>
<status status="PASS" starttime="20230418 21:22:57.290" endtime="20230418 21:22:57.291"/>
</kw>
<kw name="Should Be True" library="BuiltIn">
<arg>${response.json()}</arg>
<doc>Fails if the given condition is not true.</doc>
<status status="PASS" starttime="20230418 21:22:57.291" endtime="20230418 21:22:57.292"/>
</kw>
<status status="PASS" starttime="20230418 21:22:57.290" endtime="20230418 21:22:57.292"/>
</kw>
<kw name="And the response body should not be empty" library="test_keywords_users">
<kw name="Should Not Be Empty" library="BuiltIn">
<arg>${response.json()}</arg>
<doc>Verifies that the given item is not empty.</doc>
<msg timestamp="20230418 21:22:57.293" level="INFO">Length is 2</msg>
<status status="PASS" starttime="20230418 21:22:57.293" endtime="20230418 21:22:57.293"/>
</kw>
<status status="PASS" starttime="20230418 21:22:57.292" endtime="20230418 21:22:57.293"/>
</kw>
<status status="PASS" starttime="20230418 21:22:57.157" endtime="20230418 21:22:57.294"/>
</test>
<test id="s1-s1-s1-s1-t2" name="Scenario: Create a new user" line="14">
<kw name="Before Tests" library="test_keywords_common" type="SETUP">
<kw name="Create Session" library="RequestsLibrary">
<arg>serverest</arg>
<arg>${SERVER_BASE_URL}</arg>
<arg>disable_warnings=True</arg>
<doc>Create Session: create a HTTP session to a server</doc>
<msg timestamp="20230418 21:22:57.295" level="INFO">Creating Session using : alias=serverest, url=https://serverest.dev, headers={},                     cookies={}, auth=None, timeout=None, proxies=None, verify=False,                     debug=0 </msg>
<status status="PASS" starttime="20230418 21:22:57.295" endtime="20230418 21:22:57.295"/>
</kw>
<status status="PASS" starttime="20230418 21:22:57.295" endtime="20230418 21:22:57.296"/>
</kw>
<kw name="Given I have a valid user data" library="test_keywords_users">
<kw name="Name" library="FakerLibrary">
<var>${name}</var>
<doc>:example 'John Doe'</doc>
<msg timestamp="20230418 21:22:57.296" level="INFO">${name} = Katrina Clarke</msg>
<status status="PASS" starttime="20230418 21:22:57.296" endtime="20230418 21:22:57.296"/>
</kw>
<kw name="Email" library="FakerLibrary">
<var>${email}</var>
<msg timestamp="20230418 21:22:57.297" level="INFO">${email} = davischristine@example.org</msg>
<status status="PASS" starttime="20230418 21:22:57.297" endtime="20230418 21:22:57.297"/>
</kw>
<kw name="Password" library="FakerLibrary">
<var>${password}</var>
<doc>Generate a random password of the specified ``length``.</doc>
<msg timestamp="20230418 21:22:57.297" level="INFO">${password} = (7Ul8QKrlF</msg>
<status status="PASS" starttime="20230418 21:22:57.297" endtime="20230418 21:22:57.297"/>
</kw>
<kw name="Set Suite Variable" library="BuiltIn">
<arg>${name}</arg>
<doc>Makes a variable available everywhere within the scope of the current suite.</doc>
<msg timestamp="20230418 21:22:57.298" level="INFO">${name} = Katrina Clarke</msg>
<status status="PASS" starttime="20230418 21:22:57.298" endtime="20230418 21:22:57.298"/>
</kw>
<kw name="Set Suite Variable" library="BuiltIn">
<arg>${email}</arg>
<doc>Makes a variable available everywhere within the scope of the current suite.</doc>
<msg timestamp="20230418 21:22:57.298" level="INFO">${email} = davischristine@example.org</msg>
<status status="PASS" starttime="20230418 21:22:57.298" endtime="20230418 21:22:57.298"/>
</kw>
<kw name="Set Suite Variable" library="BuiltIn">
<arg>${password}</arg>
<doc>Makes a variable available everywhere within the scope of the current suite.</doc>
<msg timestamp="20230418 21:22:57.298" level="INFO">${password} = (7Ul8QKrlF</msg>
<status status="PASS" starttime="20230418 21:22:57.298" endtime="20230418 21:22:57.299"/>
</kw>
<status status="PASS" starttime="20230418 21:22:57.296" endtime="20230418 21:22:57.299"/>
</kw>
<kw name="When I create the user" library="test_keywords_users">
<kw name="Create Dictionary" library="BuiltIn">
<var>${payload}</var>
<arg>nome=${name}</arg>
<arg>email=${email}</arg>
<arg>password=${password}</arg>
<arg>administrador=false</arg>
<doc>Creates and returns a dictionary based on the given ``items``.</doc>
<msg timestamp="20230418 21:22:57.300" level="INFO">${payload} = {'nome': 'Katrina Clarke', 'email': 'davischristine@example.org', 'password': '(7Ul8QKrlF', 'administrador': 'false'}</msg>
<status status="PASS" starttime="20230418 21:22:57.299" endtime="20230418 21:22:57.300"/>
</kw>
<kw name="Create Dictionary" library="BuiltIn">
<var>${headers}</var>
<arg>Content-Type=application/json</arg>
<doc>Creates and returns a dictionary based on the given ``items``.</doc>
<msg timestamp="20230418 21:22:57.300" level="INFO">${headers} = {'Content-Type': 'application/json'}</msg>
<status status="PASS" starttime="20230418 21:22:57.300" endtime="20230418 21:22:57.300"/>
</kw>
<kw name="POST On Session" library="RequestsLibrary">
<var>${response}</var>
<arg>serverest</arg>
<arg>${USERS_API_ENDPOINT}</arg>
<arg>json=${payload}</arg>
<arg>headers=${headers}</arg>
<doc>Sends a POST request on a previously created HTTP Session.</doc>
<msg timestamp="20230418 21:22:57.363" level="INFO">POST Request : url=https://serverest.dev/usuarios 
 path_url=/usuarios 
 headers={'User-Agent': 'python-requests/2.28.2', 'Accept-Encoding': 'gzip, deflate', 'Accept': '*/*', 'Connection': 'keep-alive', 'Content-Type': 'application/json', 'Content-Length': '117'} 
 body=b'{"nome": "Katrina Clarke", "email": "davischristine@example.org", "password": "(7Ul8QKrlF", "administrador": "false"}' 
 </msg>
<msg timestamp="20230418 21:22:57.363" level="INFO">POST Response : url=https://serverest.dev/usuarios 
 status=201, reason=Created 
 headers={'access-control-allow-origin': '*', 'x-dns-prefetch-control': 'off', 'x-frame-options': 'SAMEORIGIN', 'strict-transport-security': 'max-age=15552000; includeSubDomains', 'x-download-options': 'noopen', 'x-content-type-options': 'nosniff', 'x-xss-protection': '1; mode=block', 'x-moesif-transaction-id': '24a0145d-35a0-4d0b-80b1-0f69de2bade1', 'content-type': 'application/json; charset=utf-8', 'X-Cloud-Trace-Context': '28a6f1f591e1d287f36a17ec10c5785e', 'Date': 'Tue, 18 Apr 2023 21:22:57 GMT', 'Server': 'Google Frontend', 'Content-Length': '82'} 
 body={
    "message": "Cadastro realizado com sucesso",
    "_id": "qn8aYm6ebWpSFCQH"
} 
 </msg>
<msg timestamp="20230418 21:22:57.363" level="INFO">${response} = &lt;Response [201]&gt;</msg>
<status status="PASS" starttime="20230418 21:22:57.300" endtime="20230418 21:22:57.363"/>
</kw>
<kw name="Set Variable" library="BuiltIn">
<var>${user_id}</var>
<arg>${response.json()['_id']}</arg>
<doc>Returns the given values which can then be assigned to a variables.</doc>
<msg timestamp="20230418 21:22:57.364" level="INFO">${user_id} = qn8aYm6ebWpSFCQH</msg>
<status status="PASS" starttime="20230418 21:22:57.364" endtime="20230418 21:22:57.364"/>
</kw>
<kw name="Set Global Variable" library="BuiltIn">
<arg>${USER_ID}</arg>
<arg>${user_id}</arg>
<doc>Makes a variable available globally in all tests and suites.</doc>
<msg timestamp="20230418 21:22:57.365" level="INFO">${USER_ID} = qn8aYm6ebWpSFCQH</msg>
<status status="PASS" starttime="20230418 21:22:57.365" endtime="20230418 21:22:57.365"/>
</kw>
<kw name="Set Test Variable" library="BuiltIn">
<arg>${response}</arg>
<doc>Makes a variable available everywhere within the scope of the current test.</doc>
<msg timestamp="20230418 21:22:57.365" level="INFO">${response} = &lt;Response [201]&gt;</msg>
<status status="PASS" starttime="20230418 21:22:57.365" endtime="20230418 21:22:57.365"/>
</kw>
<status status="PASS" starttime="20230418 21:22:57.299" endtime="20230418 21:22:57.366"/>
</kw>
<kw name="Then the response status code should be 201" library="test_keywords_users" sourcename="Then the response status code should be ${status_code}">
<kw name="Should Be Equal As Numbers" library="BuiltIn">
<arg>${response.status_code}</arg>
<arg>${status_code}</arg>
<doc>Fails if objects are unequal after converting them to real numbers.</doc>
<msg timestamp="20230418 21:22:57.367" level="INFO">Argument types are:
&lt;class 'int'&gt;
&lt;class 'str'&gt;</msg>
<status status="PASS" starttime="20230418 21:22:57.366" endtime="20230418 21:22:57.367"/>
</kw>
<kw name="Should Be True" library="BuiltIn">
<arg>${response.json()}</arg>
<doc>Fails if the given condition is not true.</doc>
<status status="PASS" starttime="20230418 21:22:57.367" endtime="20230418 21:22:57.368"/>
</kw>
<status status="PASS" starttime="20230418 21:22:57.366" endtime="20230418 21:22:57.368"/>
</kw>
<kw name="And the response body should not be empty" library="test_keywords_users">
<kw name="Should Not Be Empty" library="BuiltIn">
<arg>${response.json()}</arg>
<doc>Verifies that the given item is not empty.</doc>
<msg timestamp="20230418 21:22:57.369" level="INFO">Length is 2</msg>
<status status="PASS" starttime="20230418 21:22:57.368" endtime="20230418 21:22:57.369"/>
</kw>
<status status="PASS" starttime="20230418 21:22:57.368" endtime="20230418 21:22:57.369"/>
</kw>
<status status="PASS" starttime="20230418 21:22:57.294" endtime="20230418 21:22:57.369"/>
</test>
<test id="s1-s1-s1-s1-t3" name="Scenario: Get a specific user informations" line="20">
<kw name="Before Tests" library="test_keywords_common" type="SETUP">
<kw name="Create Session" library="RequestsLibrary">
<arg>serverest</arg>
<arg>${SERVER_BASE_URL}</arg>
<arg>disable_warnings=True</arg>
<doc>Create Session: create a HTTP session to a server</doc>
<msg timestamp="20230418 21:22:57.370" level="INFO">Creating Session using : alias=serverest, url=https://serverest.dev, headers={},                     cookies={}, auth=None, timeout=None, proxies=None, verify=False,                     debug=0 </msg>
<status status="PASS" starttime="20230418 21:22:57.370" endtime="20230418 21:22:57.370"/>
</kw>
<status status="PASS" starttime="20230418 21:22:57.370" endtime="20230418 21:22:57.370"/>
</kw>
<kw name="When I request the created user" library="test_keywords_users">
<kw name="GET On Session" library="RequestsLibrary">
<var>${response}</var>
<arg>serverest</arg>
<arg>${USERS_API_ENDPOINT}/${USER_ID}</arg>
<doc>Sends a GET request on a previously created HTTP Session.</doc>
<msg timestamp="20230418 21:22:57.438" level="INFO">GET Request : url=https://serverest.dev/usuarios/qn8aYm6ebWpSFCQH 
 path_url=/usuarios/qn8aYm6ebWpSFCQH 
 headers={'User-Agent': 'python-requests/2.28.2', 'Accept-Encoding': 'gzip, deflate', 'Accept': '*/*', 'Connection': 'keep-alive'} 
 body=None 
 </msg>
<msg timestamp="20230418 21:22:57.438" level="INFO">GET Response : url=https://serverest.dev/usuarios/qn8aYm6ebWpSFCQH 
 status=200, reason=OK 
 headers={'access-control-allow-origin': '*', 'x-dns-prefetch-control': 'off', 'x-frame-options': 'SAMEORIGIN', 'strict-transport-security': 'max-age=15552000; includeSubDomains', 'x-download-options': 'noopen', 'x-content-type-options': 'nosniff', 'x-xss-protection': '1; mode=block', 'x-moesif-transaction-id': '7b30ce61-2781-4c51-a992-499e5219d22a', 'content-type': 'application/json; charset=utf-8', 'X-Cloud-Trace-Context': '49db1d3234e46d9b20914f2bd027ccb3', 'Date': 'Tue, 18 Apr 2023 21:22:57 GMT', 'Server': 'Google Frontend', 'Content-Length': '166'} 
 body={
    "nome": "Katrina Clarke",
    "email": "davischristine@example.org",
    "password": "(7Ul8QKrlF",
    "administrador": "false",
    "_id": "qn8aYm6ebWpSFCQH"
} 
 </msg>
<msg timestamp="20230418 21:22:57.438" level="INFO">${response} = &lt;Response [200]&gt;</msg>
<status status="PASS" starttime="20230418 21:22:57.371" endtime="20230418 21:22:57.438"/>
</kw>
<kw name="Set Test Variable" library="BuiltIn">
<arg>${response}</arg>
<doc>Makes a variable available everywhere within the scope of the current test.</doc>
<msg timestamp="20230418 21:22:57.439" level="INFO">${response} = &lt;Response [200]&gt;</msg>
<status status="PASS" starttime="20230418 21:22:57.439" endtime="20230418 21:22:57.439"/>
</kw>
<status status="PASS" starttime="20230418 21:22:57.371" endtime="20230418 21:22:57.439"/>
</kw>
<kw name="Then the response status code should be 200" library="test_keywords_users" sourcename="Then the response status code should be ${status_code}">
<kw name="Should Be Equal As Numbers" library="BuiltIn">
<arg>${response.status_code}</arg>
<arg>${status_code}</arg>
<doc>Fails if objects are unequal after converting them to real numbers.</doc>
<msg timestamp="20230418 21:22:57.441" level="INFO">Argument types are:
&lt;class 'int'&gt;
&lt;class 'str'&gt;</msg>
<status status="PASS" starttime="20230418 21:22:57.440" endtime="20230418 21:22:57.441"/>
</kw>
<kw name="Should Be True" library="BuiltIn">
<arg>${response.json()}</arg>
<doc>Fails if the given condition is not true.</doc>
<status status="PASS" starttime="20230418 21:22:57.441" endtime="20230418 21:22:57.442"/>
</kw>
<status status="PASS" starttime="20230418 21:22:57.439" endtime="20230418 21:22:57.442"/>
</kw>
<kw name="And the response body should not be empty" library="test_keywords_users">
<kw name="Should Not Be Empty" library="BuiltIn">
<arg>${response.json()}</arg>
<doc>Verifies that the given item is not empty.</doc>
<msg timestamp="20230418 21:22:57.443" level="INFO">Length is 5</msg>
<status status="PASS" starttime="20230418 21:22:57.442" endtime="20230418 21:22:57.443"/>
</kw>
<status status="PASS" starttime="20230418 21:22:57.442" endtime="20230418 21:22:57.443"/>
</kw>
<status status="PASS" starttime="20230418 21:22:57.369" endtime="20230418 21:22:57.443"/>
</test>
<test id="s1-s1-s1-s1-t4" name="Scenario: Update the created user" line="25">
<kw name="Before Tests" library="test_keywords_common" type="SETUP">
<kw name="Create Session" library="RequestsLibrary">
<arg>serverest</arg>
<arg>${SERVER_BASE_URL}</arg>
<arg>disable_warnings=True</arg>
<doc>Create Session: create a HTTP session to a server</doc>
<msg timestamp="20230418 21:22:57.444" level="INFO">Creating Session using : alias=serverest, url=https://serverest.dev, headers={},                     cookies={}, auth=None, timeout=None, proxies=None, verify=False,                     debug=0 </msg>
<status status="PASS" starttime="20230418 21:22:57.444" endtime="20230418 21:22:57.445"/>
</kw>
<status status="PASS" starttime="20230418 21:22:57.444" endtime="20230418 21:22:57.445"/>
</kw>
<kw name="When I update the created user" library="test_keywords_users">
<kw name="Create Dictionary" library="BuiltIn">
<var>${payload}</var>
<arg>nome=John Smith</arg>
<arg>email=john.smith@example.com</arg>
<arg>password=P@ssw0rd123</arg>
<arg>administrador=false</arg>
<doc>Creates and returns a dictionary based on the given ``items``.</doc>
<msg timestamp="20230418 21:22:57.446" level="INFO">${payload} = {'nome': 'John Smith', 'email': 'john.smith@example.com', 'password': 'P@ssw0rd123', 'administrador': 'false'}</msg>
<status status="PASS" starttime="20230418 21:22:57.445" endtime="20230418 21:22:57.446"/>
</kw>
<kw name="Create Dictionary" library="BuiltIn">
<var>${headers}</var>
<arg>Content-Type=application/json</arg>
<doc>Creates and returns a dictionary based on the given ``items``.</doc>
<msg timestamp="20230418 21:22:57.446" level="INFO">${headers} = {'Content-Type': 'application/json'}</msg>
<status status="PASS" starttime="20230418 21:22:57.446" endtime="20230418 21:22:57.446"/>
</kw>
<kw name="PUT On Session" library="RequestsLibrary">
<var>${response}</var>
<arg>serverest</arg>
<arg>${USERS_API_ENDPOINT}/${USER_ID}</arg>
<arg>json=${payload}</arg>
<arg>headers=${headers}</arg>
<doc>Sends a PUT request on a previously created HTTP Session.</doc>
<msg timestamp="20230418 21:22:57.512" level="INFO">PUT Request : url=https://serverest.dev/usuarios/qn8aYm6ebWpSFCQH 
 path_url=/usuarios/qn8aYm6ebWpSFCQH 
 headers={'User-Agent': 'python-requests/2.28.2', 'Accept-Encoding': 'gzip, deflate', 'Accept': '*/*', 'Connection': 'keep-alive', 'Content-Type': 'application/json', 'Content-Length': '110'} 
 body=b'{"nome": "John Smith", "email": "john.smith@example.com", "password": "P@ssw0rd123", "administrador": "false"}' 
 </msg>
<msg timestamp="20230418 21:22:57.512" level="INFO">PUT Response : url=https://serverest.dev/usuarios/qn8aYm6ebWpSFCQH 
 status=200, reason=OK 
 headers={'access-control-allow-origin': '*', 'x-dns-prefetch-control': 'off', 'x-frame-options': 'SAMEORIGIN', 'strict-transport-security': 'max-age=15552000; includeSubDomains', 'x-download-options': 'noopen', 'x-content-type-options': 'nosniff', 'x-xss-protection': '1; mode=block', 'x-moesif-transaction-id': 'cb4b030a-7e98-45fe-ad0c-d231ed477ab9', 'content-type': 'application/json; charset=utf-8', 'X-Cloud-Trace-Context': 'd36a05171803533e651349e4b69789ca', 'Date': 'Tue, 18 Apr 2023 21:22:57 GMT', 'Server': 'Google Frontend', 'Content-Length': '50'} 
 body={
    "message": "Registro alterado com sucesso"
} 
 </msg>
<msg timestamp="20230418 21:22:57.512" level="INFO">${response} = &lt;Response [200]&gt;</msg>
<status status="PASS" starttime="20230418 21:22:57.446" endtime="20230418 21:22:57.512"/>
</kw>
<kw name="Set Test Variable" library="BuiltIn">
<arg>${response}</arg>
<doc>Makes a variable available everywhere within the scope of the current test.</doc>
<msg timestamp="20230418 21:22:57.513" level="INFO">${response} = &lt;Response [200]&gt;</msg>
<status status="PASS" starttime="20230418 21:22:57.513" endtime="20230418 21:22:57.513"/>
</kw>
<status status="PASS" starttime="20230418 21:22:57.445" endtime="20230418 21:22:57.513"/>
</kw>
<kw name="Then the response status code should be 200" library="test_keywords_users" sourcename="Then the response status code should be ${status_code}">
<kw name="Should Be Equal As Numbers" library="BuiltIn">
<arg>${response.status_code}</arg>
<arg>${status_code}</arg>
<doc>Fails if objects are unequal after converting them to real numbers.</doc>
<msg timestamp="20230418 21:22:57.514" level="INFO">Argument types are:
&lt;class 'int'&gt;
&lt;class 'str'&gt;</msg>
<status status="PASS" starttime="20230418 21:22:57.514" endtime="20230418 21:22:57.514"/>
</kw>
<kw name="Should Be True" library="BuiltIn">
<arg>${response.json()}</arg>
<doc>Fails if the given condition is not true.</doc>
<status status="PASS" starttime="20230418 21:22:57.515" endtime="20230418 21:22:57.515"/>
</kw>
<status status="PASS" starttime="20230418 21:22:57.513" endtime="20230418 21:22:57.515"/>
</kw>
<kw name="And the response body should not be empty" library="test_keywords_users">
<kw name="Should Not Be Empty" library="BuiltIn">
<arg>${response.json()}</arg>
<doc>Verifies that the given item is not empty.</doc>
<msg timestamp="20230418 21:22:57.517" level="INFO">Length is 1</msg>
<status status="PASS" starttime="20230418 21:22:57.516" endtime="20230418 21:22:57.517"/>
</kw>
<status status="PASS" starttime="20230418 21:22:57.516" endtime="20230418 21:22:57.517"/>
</kw>
<status status="PASS" starttime="20230418 21:22:57.443" endtime="20230418 21:22:57.517"/>
</test>
<test id="s1-s1-s1-s1-t5" name="Scenario: Delete the created user" line="30">
<kw name="Before Tests" library="test_keywords_common" type="SETUP">
<kw name="Create Session" library="RequestsLibrary">
<arg>serverest</arg>
<arg>${SERVER_BASE_URL}</arg>
<arg>disable_warnings=True</arg>
<doc>Create Session: create a HTTP session to a server</doc>
<msg timestamp="20230418 21:22:57.519" level="INFO">Creating Session using : alias=serverest, url=https://serverest.dev, headers={},                     cookies={}, auth=None, timeout=None, proxies=None, verify=False,                     debug=0 </msg>
<status status="PASS" starttime="20230418 21:22:57.518" endtime="20230418 21:22:57.519"/>
</kw>
<status status="PASS" starttime="20230418 21:22:57.518" endtime="20230418 21:22:57.519"/>
</kw>
<kw name="When I delete the created user" library="test_keywords_users">
<kw name="DELETE On Session" library="RequestsLibrary">
<var>${response}</var>
<arg>serverest</arg>
<arg>${USERS_API_ENDPOINT}/${USER_ID}</arg>
<doc>Sends a DELETE request on a previously created HTTP Session.</doc>
<msg timestamp="20230418 21:22:57.585" level="INFO">DELETE Request : url=https://serverest.dev/usuarios/qn8aYm6ebWpSFCQH 
 path_url=/usuarios/qn8aYm6ebWpSFCQH 
 headers={'User-Agent': 'python-requests/2.28.2', 'Accept-Encoding': 'gzip, deflate', 'Accept': '*/*', 'Connection': 'keep-alive', 'Content-Length': '0'} 
 body=None 
 </msg>
<msg timestamp="20230418 21:22:57.585" level="INFO">DELETE Response : url=https://serverest.dev/usuarios/qn8aYm6ebWpSFCQH 
 status=200, reason=OK 
 headers={'access-control-allow-origin': '*', 'x-dns-prefetch-control': 'off', 'x-frame-options': 'SAMEORIGIN', 'strict-transport-security': 'max-age=15552000; includeSubDomains', 'x-download-options': 'noopen', 'x-content-type-options': 'nosniff', 'x-xss-protection': '1; mode=block', 'x-moesif-transaction-id': 'aa1faa23-20ad-451b-b25b-03357eedfdc0', 'content-type': 'application/json; charset=utf-8', 'X-Cloud-Trace-Context': 'f1f0fc5f69ac0dea73adf13fbe0764ff', 'Date': 'Tue, 18 Apr 2023 21:22:57 GMT', 'Server': 'Google Frontend', 'Content-Length': '51'} 
 body={
    "message": "Registro excluído com sucesso"
} 
 </msg>
<msg timestamp="20230418 21:22:57.586" level="INFO">${response} = &lt;Response [200]&gt;</msg>
<status status="PASS" starttime="20230418 21:22:57.520" endtime="20230418 21:22:57.586"/>
</kw>
<kw name="Set Test Variable" library="BuiltIn">
<arg>${response}</arg>
<doc>Makes a variable available everywhere within the scope of the current test.</doc>
<msg timestamp="20230418 21:22:57.586" level="INFO">${response} = &lt;Response [200]&gt;</msg>
<status status="PASS" starttime="20230418 21:22:57.586" endtime="20230418 21:22:57.586"/>
</kw>
<status status="PASS" starttime="20230418 21:22:57.519" endtime="20230418 21:22:57.586"/>
</kw>
<kw name="Then the response status code should be 200" library="test_keywords_users" sourcename="Then the response status code should be ${status_code}">
<kw name="Should Be Equal As Numbers" library="BuiltIn">
<arg>${response.status_code}</arg>
<arg>${status_code}</arg>
<doc>Fails if objects are unequal after converting them to real numbers.</doc>
<msg timestamp="20230418 21:22:57.588" level="INFO">Argument types are:
&lt;class 'int'&gt;
&lt;class 'str'&gt;</msg>
<status status="PASS" starttime="20230418 21:22:57.587" endtime="20230418 21:22:57.588"/>
</kw>
<kw name="Should Be True" library="BuiltIn">
<arg>${response.json()}</arg>
<doc>Fails if the given condition is not true.</doc>
<status status="PASS" starttime="20230418 21:22:57.588" endtime="20230418 21:22:57.589"/>
</kw>
<status status="PASS" starttime="20230418 21:22:57.586" endtime="20230418 21:22:57.589"/>
</kw>
<kw name="And the response body should not be empty" library="test_keywords_users">
<kw name="Should Not Be Empty" library="BuiltIn">
<arg>${response.json()}</arg>
<doc>Verifies that the given item is not empty.</doc>
<msg timestamp="20230418 21:22:57.590" level="INFO">Length is 1</msg>
<status status="PASS" starttime="20230418 21:22:57.589" endtime="20230418 21:22:57.590"/>
</kw>
<status status="PASS" starttime="20230418 21:22:57.589" endtime="20230418 21:22:57.590"/>
</kw>
<status status="PASS" starttime="20230418 21:22:57.518" endtime="20230418 21:22:57.590"/>
</test>
<status status="PASS" starttime="20230418 21:22:56.595" endtime="20230418 21:22:57.591"/>
</suite>
<status status="PASS" starttime="20230418 21:22:56.594" endtime="20230418 21:22:57.592"/>
</suite>
<status status="PASS" starttime="20230418 21:22:56.593" endtime="20230418 21:22:57.593"/>
</suite>
<suite id="s1-s2" name="Ui" source="/home/runner/work/gen-ai-robot-test/gen-ai-robot-test/tests/ui">
<suite id="s1-s2-s1" name="Login" source="/home/runner/work/gen-ai-robot-test/gen-ai-robot-test/tests/ui/login">
<suite id="s1-s2-s1-s1" name="Test Ui Login" source="/home/runner/work/gen-ai-robot-test/gen-ai-robot-test/tests/ui/login/test_ui_login.robot">
<test id="s1-s2-s1-s1-t1" name="Scenario: Log in to Sauce Demo with Standard User" line="10">
<kw name="Before Tests" library="test_keywords_common" type="SETUP">
<kw name="Open Browser" library="SeleniumLibrary">
<arg>${SERVER_BASE_URL}</arg>
<arg>${HEADLESS} ${BROWSER}</arg>
<doc>Opens a new browser instance to the optional ``url``.</doc>
<msg timestamp="20230418 21:22:57.604" level="INFO">Opening browser 'headless Chrome' to base url 'https://www.saucedemo.com/'.</msg>
<status status="PASS" starttime="20230418 21:22:57.604" endtime="20230418 21:23:00.061"/>
</kw>
<kw name="Maximize Browser Window" library="SeleniumLibrary">
<doc>Maximizes current browser window.</doc>
<status status="PASS" starttime="20230418 21:23:00.061" endtime="20230418 21:23:00.169"/>
</kw>
<status status="PASS" starttime="20230418 21:22:57.603" endtime="20230418 21:23:00.170"/>
</kw>
<kw name="Given Im on the main application page" library="test_keywords_login">
<kw name="Go To" library="SeleniumLibrary">
<arg>${SERVER_BASE_URL}</arg>
<doc>Navigates the current browser window to the provided ``url``.</doc>
<msg timestamp="20230418 21:23:00.170" level="INFO">Opening url 'https://www.saucedemo.com/'</msg>
<status status="PASS" starttime="20230418 21:23:00.170" endtime="20230418 21:23:00.234"/>
</kw>
<kw name="Location Should Be" library="SeleniumLibrary">
<arg>${SERVER_BASE_URL}</arg>
<doc>Verifies that the current URL is exactly ``url``.</doc>
<msg timestamp="20230418 21:23:00.241" level="INFO">Current location is 'https://www.saucedemo.com/'.</msg>
<status status="PASS" starttime="20230418 21:23:00.234" endtime="20230418 21:23:00.241"/>
</kw>
<status status="PASS" starttime="20230418 21:23:00.170" endtime="20230418 21:23:00.242"/>
</kw>
<kw name="When I log in with credentials" library="test_keywords_login">
<arg>standard_user</arg>
<arg>secret_sauce</arg>
<kw name="Input Text" library="SeleniumLibrary">
<arg>id:user-name</arg>
<arg>${username}</arg>
<doc>Types the given ``text`` into the text field identified by ``locator``.</doc>
<msg timestamp="20230418 21:23:00.244" level="INFO">Typing text 'standard_user' into text field 'id:user-name'.</msg>
<status status="PASS" starttime="20230418 21:23:00.242" endtime="20230418 21:23:00.352"/>
</kw>
<kw name="Input Text" library="SeleniumLibrary">
<arg>id:password</arg>
<arg>${password}</arg>
<doc>Types the given ``text`` into the text field identified by ``locator``.</doc>
<msg timestamp="20230418 21:23:00.353" level="INFO">Typing text 'secret_sauce' into text field 'id:password'.</msg>
<status status="PASS" starttime="20230418 21:23:00.352" endtime="20230418 21:23:00.437"/>
</kw>
<kw name="Click Button" library="SeleniumLibrary">
<arg>id:login-button</arg>
<doc>Clicks the button identified by ``locator``.</doc>
<msg timestamp="20230418 21:23:00.437" level="INFO">Clicking button 'id:login-button'.</msg>
<status status="PASS" starttime="20230418 21:23:00.437" endtime="20230418 21:23:00.531"/>
</kw>
<status status="PASS" starttime="20230418 21:23:00.242" endtime="20230418 21:23:00.531"/>
</kw>
<kw name="And the Inventory page loads" library="test_keywords_login">
<kw name="Location Should Be" library="SeleniumLibrary">
<arg>https://www.saucedemo.com/inventory.html</arg>
<doc>Verifies that the current URL is exactly ``url``.</doc>
<msg timestamp="20230418 21:23:00.546" level="INFO">Current location is 'https://www.saucedemo.com/inventory.html'.</msg>
<status status="PASS" starttime="20230418 21:23:00.531" endtime="20230418 21:23:00.546"/>
</kw>
<status status="PASS" starttime="20230418 21:23:00.531" endtime="20230418 21:23:00.546"/>
</kw>
<kw name="Then the page should contain the text &quot;Products&quot;" library="test_keywords_login" sourcename="Then the page should contain the text &quot;${expected_text}&quot;">
<kw name="Page Should Contain" library="SeleniumLibrary">
<arg>${expected_text}</arg>
<doc>Verifies that current page contains ``text``.</doc>
<msg timestamp="20230418 21:23:00.560" level="INFO">Current page contains text 'Products'.</msg>
<status status="PASS" starttime="20230418 21:23:00.547" endtime="20230418 21:23:00.560"/>
</kw>
<status status="PASS" starttime="20230418 21:23:00.546" endtime="20230418 21:23:00.560"/>
</kw>
<kw name="After Tests" library="test_keywords_common" type="TEARDOWN">
<kw name="Close Browser" library="SeleniumLibrary">
<doc>Closes the current browser.</doc>
<status status="PASS" starttime="20230418 21:23:00.561" endtime="20230418 21:23:00.618"/>
</kw>
<status status="PASS" starttime="20230418 21:23:00.560" endtime="20230418 21:23:00.618"/>
</kw>
<status status="PASS" starttime="20230418 21:22:57.603" endtime="20230418 21:23:00.618"/>
</test>
<test id="s1-s2-s1-s1-t2" name="Scenario: Log in to Sauce Demo with Locked Out User" line="16">
<kw name="Before Tests" library="test_keywords_common" type="SETUP">
<kw name="Open Browser" library="SeleniumLibrary">
<arg>${SERVER_BASE_URL}</arg>
<arg>${HEADLESS} ${BROWSER}</arg>
<doc>Opens a new browser instance to the optional ``url``.</doc>
<msg timestamp="20230418 21:23:00.620" level="INFO">Opening browser 'headless Chrome' to base url 'https://www.saucedemo.com/'.</msg>
<status status="PASS" starttime="20230418 21:23:00.620" endtime="20230418 21:23:01.424"/>
</kw>
<kw name="Maximize Browser Window" library="SeleniumLibrary">
<doc>Maximizes current browser window.</doc>
<status status="PASS" starttime="20230418 21:23:01.425" endtime="20230418 21:23:01.532"/>
</kw>
<status status="PASS" starttime="20230418 21:23:00.619" endtime="20230418 21:23:01.533"/>
</kw>
<kw name="Given Im on the main application page" library="test_keywords_login">
<kw name="Go To" library="SeleniumLibrary">
<arg>${SERVER_BASE_URL}</arg>
<doc>Navigates the current browser window to the provided ``url``.</doc>
<msg timestamp="20230418 21:23:01.534" level="INFO">Opening url 'https://www.saucedemo.com/'</msg>
<status status="PASS" starttime="20230418 21:23:01.533" endtime="20230418 21:23:01.592"/>
</kw>
<kw name="Location Should Be" library="SeleniumLibrary">
<arg>${SERVER_BASE_URL}</arg>
<doc>Verifies that the current URL is exactly ``url``.</doc>
<msg timestamp="20230418 21:23:01.596" level="INFO">Current location is 'https://www.saucedemo.com/'.</msg>
<status status="PASS" starttime="20230418 21:23:01.592" endtime="20230418 21:23:01.596"/>
</kw>
<status status="PASS" starttime="20230418 21:23:01.533" endtime="20230418 21:23:01.596"/>
</kw>
<kw name="When I log in with credentials" library="test_keywords_login">
<arg>locked_out_user</arg>
<arg>secret_sauce</arg>
<kw name="Input Text" library="SeleniumLibrary">
<arg>id:user-name</arg>
<arg>${username}</arg>
<doc>Types the given ``text`` into the text field identified by ``locator``.</doc>
<msg timestamp="20230418 21:23:01.597" level="INFO">Typing text 'locked_out_user' into text field 'id:user-name'.</msg>
<status status="PASS" starttime="20230418 21:23:01.597" endtime="20230418 21:23:01.686"/>
</kw>
<kw name="Input Text" library="SeleniumLibrary">
<arg>id:password</arg>
<arg>${password}</arg>
<doc>Types the given ``text`` into the text field identified by ``locator``.</doc>
<msg timestamp="20230418 21:23:01.687" level="INFO">Typing text 'secret_sauce' into text field 'id:password'.</msg>
<status status="PASS" starttime="20230418 21:23:01.686" endtime="20230418 21:23:01.770"/>
</kw>
<kw name="Click Button" library="SeleniumLibrary">
<arg>id:login-button</arg>
<doc>Clicks the button identified by ``locator``.</doc>
<msg timestamp="20230418 21:23:01.771" level="INFO">Clicking button 'id:login-button'.</msg>
<status status="PASS" starttime="20230418 21:23:01.770" endtime="20230418 21:23:01.827"/>
</kw>
<status status="PASS" starttime="20230418 21:23:01.596" endtime="20230418 21:23:01.827"/>
</kw>
<kw name="Then the locked out message should be displayed" library="test_keywords_login">
<kw name="Element Should Be Visible" library="SeleniumLibrary">
<arg>class:error-message-container</arg>
<doc>Verifies that the element identified by ``locator`` is visible.</doc>
<msg timestamp="20230418 21:23:01.850" level="INFO">Element 'class:error-message-container' is displayed.</msg>
<status status="PASS" starttime="20230418 21:23:01.828" endtime="20230418 21:23:01.851"/>
</kw>
<status status="PASS" starttime="20230418 21:23:01.827" endtime="20230418 21:23:01.851"/>
</kw>
<kw name="After Tests" library="test_keywords_common" type="TEARDOWN">
<kw name="Close Browser" library="SeleniumLibrary">
<doc>Closes the current browser.</doc>
<status status="PASS" starttime="20230418 21:23:01.851" endtime="20230418 21:23:01.909"/>
</kw>
<status status="PASS" starttime="20230418 21:23:01.851" endtime="20230418 21:23:01.910"/>
</kw>
<status status="PASS" starttime="20230418 21:23:00.619" endtime="20230418 21:23:01.910"/>
</test>
<test id="s1-s2-s1-s1-t3" name="Scenario: Log in to Sauce Demo with Problem User" line="21">
<kw name="Before Tests" library="test_keywords_common" type="SETUP">
<kw name="Open Browser" library="SeleniumLibrary">
<arg>${SERVER_BASE_URL}</arg>
<arg>${HEADLESS} ${BROWSER}</arg>
<doc>Opens a new browser instance to the optional ``url``.</doc>
<msg timestamp="20230418 21:23:01.912" level="INFO">Opening browser 'headless Chrome' to base url 'https://www.saucedemo.com/'.</msg>
<status status="PASS" starttime="20230418 21:23:01.912" endtime="20230418 21:23:02.717"/>
</kw>
<kw name="Maximize Browser Window" library="SeleniumLibrary">
<doc>Maximizes current browser window.</doc>
<status status="PASS" starttime="20230418 21:23:02.718" endtime="20230418 21:23:02.825"/>
</kw>
<status status="PASS" starttime="20230418 21:23:01.911" endtime="20230418 21:23:02.825"/>
</kw>
<kw name="Given Im on the main application page" library="test_keywords_login">
<kw name="Go To" library="SeleniumLibrary">
<arg>${SERVER_BASE_URL}</arg>
<doc>Navigates the current browser window to the provided ``url``.</doc>
<msg timestamp="20230418 21:23:02.826" level="INFO">Opening url 'https://www.saucedemo.com/'</msg>
<status status="PASS" starttime="20230418 21:23:02.826" endtime="20230418 21:23:02.886"/>
</kw>
<kw name="Location Should Be" library="SeleniumLibrary">
<arg>${SERVER_BASE_URL}</arg>
<doc>Verifies that the current URL is exactly ``url``.</doc>
<msg timestamp="20230418 21:23:02.890" level="INFO">Current location is 'https://www.saucedemo.com/'.</msg>
<status status="PASS" starttime="20230418 21:23:02.886" endtime="20230418 21:23:02.890"/>
</kw>
<status status="PASS" starttime="20230418 21:23:02.825" endtime="20230418 21:23:02.890"/>
</kw>
<kw name="When I log in with credentials" library="test_keywords_login">
<arg>problem_user</arg>
<arg>secret_sauce</arg>
<kw name="Input Text" library="SeleniumLibrary">
<arg>id:user-name</arg>
<arg>${username}</arg>
<doc>Types the given ``text`` into the text field identified by ``locator``.</doc>
<msg timestamp="20230418 21:23:02.892" level="INFO">Typing text 'problem_user' into text field 'id:user-name'.</msg>
<status status="PASS" starttime="20230418 21:23:02.891" endtime="20230418 21:23:02.980"/>
</kw>
<kw name="Input Text" library="SeleniumLibrary">
<arg>id:password</arg>
<arg>${password}</arg>
<doc>Types the given ``text`` into the text field identified by ``locator``.</doc>
<msg timestamp="20230418 21:23:02.980" level="INFO">Typing text 'secret_sauce' into text field 'id:password'.</msg>
<status status="PASS" starttime="20230418 21:23:02.980" endtime="20230418 21:23:03.066"/>
</kw>
<kw name="Click Button" library="SeleniumLibrary">
<arg>id:login-button</arg>
<doc>Clicks the button identified by ``locator``.</doc>
<msg timestamp="20230418 21:23:03.067" level="INFO">Clicking button 'id:login-button'.</msg>
<status status="PASS" starttime="20230418 21:23:03.066" endtime="20230418 21:23:03.158"/>
</kw>
<status status="PASS" starttime="20230418 21:23:02.891" endtime="20230418 21:23:03.158"/>
</kw>
<kw name="And the Inventory page loads" library="test_keywords_login">
<kw name="Location Should Be" library="SeleniumLibrary">
<arg>https://www.saucedemo.com/inventory.html</arg>
<doc>Verifies that the current URL is exactly ``url``.</doc>
<msg timestamp="20230418 21:23:03.169" level="INFO">Current location is 'https://www.saucedemo.com/inventory.html'.</msg>
<status status="PASS" starttime="20230418 21:23:03.158" endtime="20230418 21:23:03.169"/>
</kw>
<status status="PASS" starttime="20230418 21:23:03.158" endtime="20230418 21:23:03.169"/>
</kw>
<kw name="Then the page should contain the text &quot;Products&quot;" library="test_keywords_login" sourcename="Then the page should contain the text &quot;${expected_text}&quot;">
<kw name="Page Should Contain" library="SeleniumLibrary">
<arg>${expected_text}</arg>
<doc>Verifies that current page contains ``text``.</doc>
<msg timestamp="20230418 21:23:03.183" level="INFO">Current page contains text 'Products'.</msg>
<status status="PASS" starttime="20230418 21:23:03.170" endtime="20230418 21:23:03.184"/>
</kw>
<status status="PASS" starttime="20230418 21:23:03.169" endtime="20230418 21:23:03.184"/>
</kw>
<kw name="After Tests" library="test_keywords_common" type="TEARDOWN">
<kw name="Close Browser" library="SeleniumLibrary">
<doc>Closes the current browser.</doc>
<status status="PASS" starttime="20230418 21:23:03.184" endtime="20230418 21:23:03.242"/>
</kw>
<status status="PASS" starttime="20230418 21:23:03.184" endtime="20230418 21:23:03.242"/>
</kw>
<status status="PASS" starttime="20230418 21:23:01.911" endtime="20230418 21:23:03.242"/>
</test>
<test id="s1-s2-s1-s1-t4" name="Scenario: Log in to Sauce Demo with Performance Glitch User" line="27">
<kw name="Before Tests" library="test_keywords_common" type="SETUP">
<kw name="Open Browser" library="SeleniumLibrary">
<arg>${SERVER_BASE_URL}</arg>
<arg>${HEADLESS} ${BROWSER}</arg>
<doc>Opens a new browser instance to the optional ``url``.</doc>
<msg timestamp="20230418 21:23:03.245" level="INFO">Opening browser 'headless Chrome' to base url 'https://www.saucedemo.com/'.</msg>
<status status="PASS" starttime="20230418 21:23:03.244" endtime="20230418 21:23:04.066"/>
</kw>
<kw name="Maximize Browser Window" library="SeleniumLibrary">
<doc>Maximizes current browser window.</doc>
<status status="PASS" starttime="20230418 21:23:04.067" endtime="20230418 21:23:04.173"/>
</kw>
<status status="PASS" starttime="20230418 21:23:03.244" endtime="20230418 21:23:04.173"/>
</kw>
<kw name="Given Im on the main application page" library="test_keywords_login">
<kw name="Go To" library="SeleniumLibrary">
<arg>${SERVER_BASE_URL}</arg>
<doc>Navigates the current browser window to the provided ``url``.</doc>
<msg timestamp="20230418 21:23:04.174" level="INFO">Opening url 'https://www.saucedemo.com/'</msg>
<status status="PASS" starttime="20230418 21:23:04.174" endtime="20230418 21:23:04.229"/>
</kw>
<kw name="Location Should Be" library="SeleniumLibrary">
<arg>${SERVER_BASE_URL}</arg>
<doc>Verifies that the current URL is exactly ``url``.</doc>
<msg timestamp="20230418 21:23:04.236" level="INFO">Current location is 'https://www.saucedemo.com/'.</msg>
<status status="PASS" starttime="20230418 21:23:04.229" endtime="20230418 21:23:04.236"/>
</kw>
<status status="PASS" starttime="20230418 21:23:04.174" endtime="20230418 21:23:04.236"/>
</kw>
<kw name="When I log in with credentials" library="test_keywords_login">
<arg>performance_glitch_user</arg>
<arg>secret_sauce</arg>
<kw name="Input Text" library="SeleniumLibrary">
<arg>id:user-name</arg>
<arg>${username}</arg>
<doc>Types the given ``text`` into the text field identified by ``locator``.</doc>
<msg timestamp="20230418 21:23:04.238" level="INFO">Typing text 'performance_glitch_user' into text field 'id:user-name'.</msg>
<status status="PASS" starttime="20230418 21:23:04.237" endtime="20230418 21:23:04.351"/>
</kw>
<kw name="Input Text" library="SeleniumLibrary">
<arg>id:password</arg>
<arg>${password}</arg>
<doc>Types the given ``text`` into the text field identified by ``locator``.</doc>
<msg timestamp="20230418 21:23:04.351" level="INFO">Typing text 'secret_sauce' into text field 'id:password'.</msg>
<status status="PASS" starttime="20230418 21:23:04.351" endtime="20230418 21:23:04.444"/>
</kw>
<kw name="Click Button" library="SeleniumLibrary">
<arg>id:login-button</arg>
<doc>Clicks the button identified by ``locator``.</doc>
<msg timestamp="20230418 21:23:04.444" level="INFO">Clicking button 'id:login-button'.</msg>
<status status="PASS" starttime="20230418 21:23:04.444" endtime="20230418 21:23:09.537"/>
</kw>
<status status="PASS" starttime="20230418 21:23:04.237" endtime="20230418 21:23:09.537"/>
</kw>
<kw name="And the Inventory page loads" library="test_keywords_login">
<kw name="Location Should Be" library="SeleniumLibrary">
<arg>https://www.saucedemo.com/inventory.html</arg>
<doc>Verifies that the current URL is exactly ``url``.</doc>
<msg timestamp="20230418 21:23:09.541" level="INFO">Current location is 'https://www.saucedemo.com/inventory.html'.</msg>
<status status="PASS" starttime="20230418 21:23:09.537" endtime="20230418 21:23:09.541"/>
</kw>
<status status="PASS" starttime="20230418 21:23:09.537" endtime="20230418 21:23:09.541"/>
</kw>
<kw name="Then the page should contain the text &quot;Products&quot;" library="test_keywords_login" sourcename="Then the page should contain the text &quot;${expected_text}&quot;">
<kw name="Page Should Contain" library="SeleniumLibrary">
<arg>${expected_text}</arg>
<doc>Verifies that current page contains ``text``.</doc>
<msg timestamp="20230418 21:23:09.561" level="INFO">Current page contains text 'Products'.</msg>
<status status="PASS" starttime="20230418 21:23:09.542" endtime="20230418 21:23:09.561"/>
</kw>
<status status="PASS" starttime="20230418 21:23:09.542" endtime="20230418 21:23:09.561"/>
</kw>
<kw name="After Tests" library="test_keywords_common" type="TEARDOWN">
<kw name="Close Browser" library="SeleniumLibrary">
<doc>Closes the current browser.</doc>
<status status="PASS" starttime="20230418 21:23:09.562" endtime="20230418 21:23:09.619"/>
</kw>
<status status="PASS" starttime="20230418 21:23:09.561" endtime="20230418 21:23:09.620"/>
</kw>
<status status="PASS" starttime="20230418 21:23:03.243" endtime="20230418 21:23:09.620"/>
</test>
<status status="PASS" starttime="20230418 21:22:57.597" endtime="20230418 21:23:09.621"/>
</suite>
<status status="PASS" starttime="20230418 21:22:57.596" endtime="20230418 21:23:09.622"/>
</suite>
<status status="PASS" starttime="20230418 21:22:57.594" endtime="20230418 21:23:09.623"/>
</suite>
<suite id="s1-s3" name="Visual" source="/home/runner/work/gen-ai-robot-test/gen-ai-robot-test/tests/visual">
<suite id="s1-s3-s1" name="Test Visual Check" source="/home/runner/work/gen-ai-robot-test/gen-ai-robot-test/tests/visual/test_visual_check.robot">
<test id="s1-s3-s1-t1" name="Scenario: Visual check login page" line="11">
<kw name="Before Tests" library="test_keywords_common" type="SETUP">
<kw name="Open Browser" library="SeleniumLibrary">
<arg>${SERVER_BASE_URL}</arg>
<arg>${HEADLESS} ${BROWSER}</arg>
<doc>Opens a new browser instance to the optional ``url``.</doc>
<msg timestamp="20230418 21:23:10.686" level="INFO">Opening browser 'headless Chrome' to base url 'https://www.saucedemo.com/'.</msg>
<status status="PASS" starttime="20230418 21:23:10.685" endtime="20230418 21:23:11.482"/>
</kw>
<kw name="Maximize Browser Window" library="SeleniumLibrary">
<doc>Maximizes current browser window.</doc>
<status status="PASS" starttime="20230418 21:23:11.483" endtime="20230418 21:23:11.591"/>
</kw>
<kw name="Eyes Open" library="EyesLibrary">
<tag>Check flow</tag>
<doc>Shared parameters section from `applitools.yaml` could be overwritten during `Eyes Open` call, see `Preconditions`.</doc>
<status status="PASS" starttime="20230418 21:23:11.591" endtime="20230418 21:23:14.099"/>
</kw>
<status status="PASS" starttime="20230418 21:23:10.684" endtime="20230418 21:23:14.099"/>
</kw>
<kw name="Eyes Check Window" library="EyesLibrary">
<arg>Login Page</arg>
<arg>Fully</arg>
<tag>Allow to pass Check Settings keywords</tag>
<tag>Check flow</tag>
<doc>Check current browser window</doc>
<kw name="Fully" library="EyesLibrary">
<tag>Check Settings keyword</tag>
<doc>Returns a CheckSettings object specified fully.</doc>
<status status="PASS" starttime="20230418 21:23:14.100" endtime="20230418 21:23:14.100"/>
</kw>
<status status="PASS" starttime="20230418 21:23:14.099" endtime="20230418 21:23:16.574"/>
</kw>
<kw name="Given Im on the main application page" library="test_keywords_login">
<kw name="Go To" library="SeleniumLibrary">
<arg>${SERVER_BASE_URL}</arg>
<doc>Navigates the current browser window to the provided ``url``.</doc>
<msg timestamp="20230418 21:23:16.575" level="INFO">Opening url 'https://www.saucedemo.com/'</msg>
<status status="PASS" starttime="20230418 21:23:16.575" endtime="20230418 21:23:16.644"/>
</kw>
<kw name="Location Should Be" library="SeleniumLibrary">
<arg>${SERVER_BASE_URL}</arg>
<doc>Verifies that the current URL is exactly ``url``.</doc>
<msg timestamp="20230418 21:23:16.648" level="INFO">Current location is 'https://www.saucedemo.com/'.</msg>
<status status="PASS" starttime="20230418 21:23:16.645" endtime="20230418 21:23:16.648"/>
</kw>
<status status="PASS" starttime="20230418 21:23:16.575" endtime="20230418 21:23:16.649"/>
</kw>
<kw name="After Tests" library="test_keywords_common" type="TEARDOWN">
<kw name="Eyes Close Async" library="EyesLibrary">
<tag>Check flow</tag>
<doc>Closes a session and returns the results of the session.
If a test is running, aborts it. Otherwise, does nothing.</doc>
<status status="PASS" starttime="20230418 21:23:16.649" endtime="20230418 21:23:17.683"/>
</kw>
<kw name="Close All Browsers" library="SeleniumLibrary">
<doc>Closes all open browsers and resets the browser cache.</doc>
<status status="PASS" starttime="20230418 21:23:17.684" endtime="20230418 21:23:17.742"/>
</kw>
<status status="PASS" starttime="20230418 21:23:16.649" endtime="20230418 21:23:17.742"/>
</kw>
<status status="PASS" starttime="20230418 21:23:10.683" endtime="20230418 21:23:17.742"/>
</test>
<test id="s1-s3-s1-t2" name="Scenario: Visual check inventory page" line="15">
<kw name="Before Tests" library="test_keywords_common" type="SETUP">
<kw name="Open Browser" library="SeleniumLibrary">
<arg>${SERVER_BASE_URL}</arg>
<arg>${HEADLESS} ${BROWSER}</arg>
<doc>Opens a new browser instance to the optional ``url``.</doc>
<msg timestamp="20230418 21:23:17.744" level="INFO">Opening browser 'headless Chrome' to base url 'https://www.saucedemo.com/'.</msg>
<status status="PASS" starttime="20230418 21:23:17.743" endtime="20230418 21:23:18.544"/>
</kw>
<kw name="Maximize Browser Window" library="SeleniumLibrary">
<doc>Maximizes current browser window.</doc>
<status status="PASS" starttime="20230418 21:23:18.544" endtime="20230418 21:23:18.649"/>
</kw>
<kw name="Eyes Open" library="EyesLibrary">
<tag>Check flow</tag>
<doc>Shared parameters section from `applitools.yaml` could be overwritten during `Eyes Open` call, see `Preconditions`.</doc>
<status status="PASS" starttime="20230418 21:23:18.649" endtime="20230418 21:23:20.704"/>
</kw>
<status status="PASS" starttime="20230418 21:23:17.743" endtime="20230418 21:23:20.704"/>
</kw>
<kw name="When I log in with credentials" library="test_keywords_login">
<arg>standard_user</arg>
<arg>secret_sauce</arg>
<kw name="Input Text" library="SeleniumLibrary">
<arg>id:user-name</arg>
<arg>${username}</arg>
<doc>Types the given ``text`` into the text field identified by ``locator``.</doc>
<msg timestamp="20230418 21:23:20.706" level="INFO">Typing text 'standard_user' into text field 'id:user-name'.</msg>
<status status="PASS" starttime="20230418 21:23:20.705" endtime="20230418 21:23:20.797"/>
</kw>
<kw name="Input Text" library="SeleniumLibrary">
<arg>id:password</arg>
<arg>${password}</arg>
<doc>Types the given ``text`` into the text field identified by ``locator``.</doc>
<msg timestamp="20230418 21:23:20.798" level="INFO">Typing text 'secret_sauce' into text field 'id:password'.</msg>
<status status="PASS" starttime="20230418 21:23:20.797" endtime="20230418 21:23:20.881"/>
</kw>
<kw name="Click Button" library="SeleniumLibrary">
<arg>id:login-button</arg>
<doc>Clicks the button identified by ``locator``.</doc>
<msg timestamp="20230418 21:23:20.881" level="INFO">Clicking button 'id:login-button'.</msg>
<status status="PASS" starttime="20230418 21:23:20.881" endtime="20230418 21:23:20.972"/>
</kw>
<status status="PASS" starttime="20230418 21:23:20.704" endtime="20230418 21:23:20.972"/>
</kw>
<kw name="And the Inventory page loads" library="test_keywords_login">
<kw name="Location Should Be" library="SeleniumLibrary">
<arg>https://www.saucedemo.com/inventory.html</arg>
<doc>Verifies that the current URL is exactly ``url``.</doc>
<msg timestamp="20230418 21:23:20.985" level="INFO">Current location is 'https://www.saucedemo.com/inventory.html'.</msg>
<status status="PASS" starttime="20230418 21:23:20.972" endtime="20230418 21:23:20.986"/>
</kw>
<status status="PASS" starttime="20230418 21:23:20.972" endtime="20230418 21:23:20.986"/>
</kw>
<kw name="Then the page should contain the text &quot;Products&quot;" library="test_keywords_login" sourcename="Then the page should contain the text &quot;${expected_text}&quot;">
<kw name="Page Should Contain" library="SeleniumLibrary">
<arg>${expected_text}</arg>
<doc>Verifies that current page contains ``text``.</doc>
<msg timestamp="20230418 21:23:20.999" level="INFO">Current page contains text 'Products'.</msg>
<status status="PASS" starttime="20230418 21:23:20.986" endtime="20230418 21:23:20.999"/>
</kw>
<status status="PASS" starttime="20230418 21:23:20.986" endtime="20230418 21:23:20.999"/>
</kw>
<kw name="Eyes Check Window" library="EyesLibrary">
<arg>Inventory Page</arg>
<arg>Fully</arg>
<tag>Allow to pass Check Settings keywords</tag>
<tag>Check flow</tag>
<doc>Check current browser window</doc>
<kw name="Fully" library="EyesLibrary">
<tag>Check Settings keyword</tag>
<doc>Returns a CheckSettings object specified fully.</doc>
<status status="PASS" starttime="20230418 21:23:21.000" endtime="20230418 21:23:21.000"/>
</kw>
<status status="PASS" starttime="20230418 21:23:20.999" endtime="20230418 21:23:23.496"/>
</kw>
<kw name="After Tests" library="test_keywords_common" type="TEARDOWN">
<kw name="Eyes Close Async" library="EyesLibrary">
<tag>Check flow</tag>
<doc>Closes a session and returns the results of the session.
If a test is running, aborts it. Otherwise, does nothing.</doc>
<status status="PASS" starttime="20230418 21:23:23.497" endtime="20230418 21:23:24.518"/>
</kw>
<kw name="Close All Browsers" library="SeleniumLibrary">
<doc>Closes all open browsers and resets the browser cache.</doc>
<status status="PASS" starttime="20230418 21:23:24.518" endtime="20230418 21:23:24.576"/>
</kw>
<status status="PASS" starttime="20230418 21:23:23.496" endtime="20230418 21:23:24.576"/>
</kw>
<status status="PASS" starttime="20230418 21:23:17.742" endtime="20230418 21:23:24.576"/>
</test>
<meta name="Applitools TestResults Path">/tmp/tmpdb8570z2/EyesTestResults-e30f68f456fb4c8d87e9c7429ba8ba2f.json</meta>
<status status="PASS" starttime="20230418 21:23:09.626" endtime="20230418 21:23:24.577"/>
</suite>
<status status="PASS" starttime="20230418 21:23:09.624" endtime="20230418 21:23:24.578"/>
</suite>
<status status="PASS" starttime="20230418 21:22:56.574" endtime="20230418 21:23:24.579"/>
</suite>
<statistics>
<total>
<stat pass="11" fail="0" skip="0">All Tests</stat>
</total>
<tag>
</tag>
<suite>
<stat pass="11" fail="0" skip="0" id="s1" name="Tests">Tests</stat>
<stat pass="5" fail="0" skip="0" id="s1-s1" name="Api">Tests.Api</stat>
<stat pass="5" fail="0" skip="0" id="s1-s1-s1" name="Users">Tests.Api.Users</stat>
<stat pass="5" fail="0" skip="0" id="s1-s1-s1-s1" name="Test Api Users">Tests.Api.Users.Test Api Users</stat>
<stat pass="4" fail="0" skip="0" id="s1-s2" name="Ui">Tests.Ui</stat>
<stat pass="4" fail="0" skip="0" id="s1-s2-s1" name="Login">Tests.Ui.Login</stat>
<stat pass="4" fail="0" skip="0" id="s1-s2-s1-s1" name="Test Ui Login">Tests.Ui.Login.Test Ui Login</stat>
<stat pass="2" fail="0" skip="0" id="s1-s3" name="Visual">Tests.Visual</stat>
<stat pass="2" fail="0" skip="0" id="s1-s3-s1" name="Test Visual Check">Tests.Visual.Test Visual Check</stat>
</suite>
</statistics>
<errors>
</errors>
</robot>
