<?xml version="1.0" encoding="UTF-8"?>
<robot generator="Robot 6.0.2 (Python 3.8.16 on linux)" generated="20230601 17:04:31.907" rpa="false" schemaversion="3">
<suite id="s1" name="Tests" source="/home/runner/work/gen-ai-robot-test/gen-ai-robot-test/tests">
<suite id="s1-s1" name="Api" source="/home/runner/work/gen-ai-robot-test/gen-ai-robot-test/tests/api">
<suite id="s1-s1-s1" name="Test Api Users" source="/home/runner/work/gen-ai-robot-test/gen-ai-robot-test/tests/api/test_api_users.robot">
<test id="s1-s1-s1-t1" name="Scenario: Get all registered users" line="9">
<kw name="Before Tests" library="test_keywords_common" type="SETUP">
<kw name="Create Session" library="RequestsLibrary">
<arg>serverest</arg>
<arg>${SERVER_BASE_URL}</arg>
<arg>disable_warnings=True</arg>
<doc>Create Session: create a HTTP session to a server</doc>
<msg timestamp="20230601 17:04:32.534" level="INFO">Creating Session using : alias=serverest, url=https://serverest.dev, headers={},                     cookies={}, auth=None, timeout=None, proxies=None, verify=False,                     debug=0 </msg>
<status status="PASS" starttime="20230601 17:04:32.534" endtime="20230601 17:04:32.534"/>
</kw>
<status status="PASS" starttime="20230601 17:04:32.533" endtime="20230601 17:04:32.534"/>
</kw>
<kw name="When I request the list of all registered users" library="test_keywords_users">
<kw name="GET On Session" library="RequestsLibrary">
<var>${response}</var>
<arg>serverest</arg>
<arg>${USERS_API_ENDPOINT}</arg>
<doc>Sends a GET request on a previously created HTTP Session.</doc>
<msg timestamp="20230601 17:04:32.651" level="INFO">GET Request : url=https://serverest.dev/usuarios 
 path_url=/usuarios 
 headers={'User-Agent': 'python-requests/2.31.0', 'Accept-Encoding': 'gzip, deflate', 'Accept': '*/*', 'Connection': 'keep-alive'} 
 body=None 
 </msg>
<msg timestamp="20230601 17:04:32.651" level="INFO">GET Response : url=https://serverest.dev/usuarios 
 status=200, reason=OK 
 headers={'access-control-allow-origin': '*', 'x-dns-prefetch-control': 'off', 'x-frame-options': 'SAMEORIGIN', 'strict-transport-security': 'max-age=15552000; includeSubDomains', 'x-download-options': 'noopen', 'x-content-type-options': 'nosniff', 'x-xss-protection': '1; mode=block', 'x-moesif-transaction-id': 'd3e217df-f393-4b6e-9831-ce9a6204e05b', 'content-type': 'application/json; charset=utf-8', 'X-Cloud-Trace-Context': 'ab6a6dd4ba0c7a38e9093d4e9ee6f681;o=1', 'Date': 'Thu, 01 Jun 2023 17:04:32 GMT', 'Server': 'Google Frontend', 'Content-Length': '11444'} 
 body={
    "quantidade": 52,
    "usuarios": [
        {
            "nome": "Nicky Crist",
            "email": "nickycrist_dojo@teste.com",
            "password": "123123",
            "administrador": "true",
            "_id": "1vz4kFeZ6nI0oetX"
        },
        {
            "nome": "Keith White",
            "email": "keithwhite@test.com",
            "password": "Test;123",
            "administrador": "true",
            "_id": "3VkyFCZjaX55brOB"
        },
        {
            "nome": "Riley Meadows",
            "email": "wardlindsay@example.com",
            "password": "21nem33sV3Wv",
            "administrador": "true",
            "_id": "6ZrbiguZb3H8xbz7"
        },
        {
            "nome": "Teste de Exclusão",
            "email": "exlusao@qa123.com.br",
            "password": "teste123",
            "administrador": "true",
            "_id": "96IkPoiwTd6W8E6G"
        },
        {
            "nome": "Fulano da Silva",
            "email": "fulano@qa.com",
            "password": "teste",
            "administrador": "true",
            "_id": "9gstdMBMAIERTqbi"
        },
        {
            "nome": "Jose Souza da Silva",
            "email": "testetwt0113@google.com.br",
            "password": "12345",
            "administrador": "true",
            "_id": "ANUh6vcjepjot9m4"
        },
        {
            "nome": "Jose Souza da Silva",
            "email": "testetwt0104@google.com.br",
            "password": "12345",
            "administrador": "true",
            "_id": "CPotN3cJwU2ytcC0"
        },
        {
            "nome": "Jose Souza da Silva",
            "email": "testetwt0318@google.com.br",
            "password": "12345",
            "administrador": "true",
            "_id": "Cjii886shOMAPasE"
        },
        {
            "nome": "Teste no RobotFramework1234",
            "email": "juarez4543210@hotmail.com",
            "password": "testenovo1234",
            "administrador": "true",
            "_id": "DJQllXTesdJUv25t"
        },
        {
            "nome": "Jose Souza da Silva",
            "email": "testetwt010601@google.com.br",
            "password": "12345",
            "administrador": "true",
            "_id": "FmAZHqMdTUASVy5E"
        },
        {
            "nome": "Michael Torres",
            "email": "sharonmoore@example.org",
            "password": "t4wu3WWhnqn7",
            "administrador": "true",
            "_id": "GZNbsNpQeHv7ISFa"
        },
        {
            "nome": "Crystal Parks",
            "email": "oolson@example.com",
            "password": "1wdCfdPmvGs3",
            "administrador": "true",
            "_id": "HkeCIJyLaeKC4tfA"
        },
        {
            "nome": "Mohamed Hyatt",
            "email": "mohamedhyatt_dojo@teste.com",
            "password": "123123",
            "administrador": "true",
            "_id": "HwZXX3KaO6cdeyb1"
        },
        {
            "nome": "Stephen Reynolds",
            "email": "stephenreynolds_dojo@teste.com",
            "password": "123123",
            "administrador": "true",
            "_id": "JAwEFMxMJ1jzZxEs"
        },
        {
            "nome": "Jose Souza da Silva",
            "email": "testetwt0114@google.com.br",
            "password": "12345",
            "administrador": "true",
            "_id": "MZEGk2tTLklplZrU"
        },
        {
            "nome": "Jose Souza da Silva",
            "email": "testetwt0215@google.com.br",
            "password": "12345",
            "administrador": "true",
            "_id": "NfR9Vy9SIekHqpyG"
        },
        {
            "nome": "Abigail Pearson",
            "email": "leelori@example.com",
            "password": "4gZoJFVoISqd",
            "administrador": "true",
            "_id": "P11p6mS9e6j3lRWe"
        },
        {
            "nome": "Quinn Orn",
            "email": "quinnorn_dojo@teste.com",
            "password": "123123",
            "administrador": "true",
            "_id": "Q4uzpPanjVopwd6z"
        },
        {
            "nome": "{{nome}}",
            "email": "Cruz@qa.com.br",
            "password": "SCHV6xXB1_PATmh",
            "administrador": "true",
            "_id": "QEculbd1dJsuv18G"
        },
        {
            "nome": "Jose Souza da Silva",
            "email": "testetwt010603@google.com.br",
            "password": "12345",
            "administrador": "true",
            "_id": "QGQCKYrf91pHsUXF"
        },
        {
            "nome": "Teste de Exclusão",
            "email": "exlusao@qa.com.br",
            "password": "teste123",
            "administrador": "true",
            "_id": "RsFp1ZZGSqG68iGD"
        },
        {
            "nome": "Troy Moran",
            "email": "jonesdavid@example.org",
            "password": "fwHMTsFS3mgk",
            "administrador": "true",
            "_id": "U4gcbj9QPFePTMvA"
        },
        {
            "nome": "Donald Palmer",
            "email": "kshannon@example.net",
            "password": "MN61aKMyY2Zp",
            "administrador": "true",
            "_id": "WJLRKci7u4ThQVZi"
        },
        {
            "nome": "Bridget Satterfield",
            "email": "bridgetsatterfield@test.com",
            "password": "Test;123",
            "administrador": "true",
            "_id": "WaoQ0bq06WgCyzh1"
        },
        {
            "nome": "Fulano da Silva",
            "email": "ernx@emailteste.com",
            "password": "1234",
            "administrador": "true",
            "_id": "WtAPGAoNV80jZwAT"
        },
        {
            "nome": "Jose Souza da Silva",
            "email": "testetwt0106@google.com.br",
            "password": "12345",
            "administrador": "true",
            "_id": "anTapQ16J1tEfpW3"
        },
        {
            "nome": "Jose Souza da Silva",
            "email": "testetwt010602@google.com.br",
            "password": "12345",
            "administrador": "true",
            "_id": "bSaFEd9NE00EPTtu"
        },
        {
            "nome": "Jose Souza da Silva",
            "email": "testetwt010605@google.com.br",
            "password": "12345",
            "administrador": "true",
            "_id": "dMa0rPV71rwl2jNq"
        },
        {
            "nome": "Fulano da Silva",
            "email": "beltrano@qa.com.br",
            "password": "teste",
            "administrador": "true",
            "_id": "eQc31OFVrLb6TURi"
        },
        {
            "nome": "{{nome}}",
            "email": "Jodie@qa.com.br",
            "password": "3onkUz5ipDWE6lF",
            "administrador": "true",
            "_id": "eebiRBQzxAfjwBud"
        },
        {
            "nome": "{{nome}}",
            "email": "Wade@qa.com.br",
            "password": "75sp8gpG4_cwEJL",
            "administrador": "true",
            "_id": "eiYlTXHzMuezZ3JP"
        },
        {
            "nome": "{{nome}}",
            "email": "Laurianne@qa.com.br",
            "password": "BehI7ZauXa4BWJG",
            "administrador": "true",
            "_id": "fxPPNR85wYe2RWUx"
        },
        {
            "nome": "{{nome}}",
            "email": "Hadley@qa.com.br",
            "password": "cTFFNtgOYHKCveO",
            "administrador": "true",
            "_id": "gP4GN1H0ztPPVm4T"
        },
        {
            "nome": "Jason Rodriguez",
            "email": "tracivang@example.com",
            "password": "tFOdqK1b4bdb",
            "administrador": "true",
            "_id": "hOHsnxKpiWHMWThP"
        },
        {
            "nome": "Stephen Price",
            "email": "schaeferdylan@example.com",
            "password": "8O6ksSdDZp24",
            "administrador": "true",
            "_id": "hgBx9ALEJofc7VxJ"
        },
        {
            "nome": "Tommye Hahn",
            "email": "tommyehahn_dojo@teste.com",
            "password": "123123",
            "administrador": "true",
            "_id": "j1a7jpqQ5dVsTERw"
        },
        {
            "nome": "Ola Kilback",
            "email": "Bernadine_Feeney@hotmail.com",
            "password": "2RdPzziLESCIj3C",
            "administrador": "false",
            "_id": "jxTheZsEleTA4Xfv"
        },
        {
            "nome": "Mercedes Gardner",
            "email": "rkoch@example.com",
            "password": "OyTwLmx2r7d6",
            "administrador": "true",
            "_id": "kBYMC5WIZH4pm0RH"
        },
        {
            "nome": "Marshall Crooks",
            "email": "marshallcrooks_dojo@teste.com",
            "password": "123123",
            "administrador": "true",
            "_id": "lw3tGmCfEciJz3Ma"
        },
        {
            "nome": "Cheyenne Knox",
            "email": "connierodriguez@example.org",
            "password": "2XpL75uHis1Y",
            "administrador": "true",
            "_id": "nQr8zF2KskcB67UX"
        },
        {
            "nome": "Jose Souza da Silva",
            "email": "testetwt0317@google.com.br",
            "password": "12345",
            "administrador": "true",
            "_id": "o3SCLJT3keSsKa3V"
        },
        {
            "nome": "Jose Souza da Silva",
            "email": "testetwt0216@google.com.br",
            "password": "12345",
            "administrador": "true",
            "_id": "puDG3E57PsVhHW5z"
        },
        {
            "nome": "Sarah Sharp",
            "email": "burtonjulie@example.net",
            "password": "tSfzm20nQ8bp",
            "administrador": "true",
            "_id": "q9yO4tOXoWCK6v0Z"
        },
        {
            "nome": "Fulano da Silva",
            "email": "beltrano_teste@qa.com.br",
            "password": "teste",
            "administrador": "true",
            "_id": "r4MkfwAxanGM2wV0"
        },
        {
            "nome": "Marcelle_Grant92",
            "email": "Adrien_Rowe89@gmail.com",
            "password": "123456789",
            "administrador": "true",
            "_id": "sU9Mo6xgAmg5VBph"
        },
        {
            "nome": "Eric Adkins",
            "email": "qmcclure@example.or... (set the log level to DEBUG or TRACE to see the full content) 
 </msg>
<msg timestamp="20230601 17:04:32.651" level="INFO">${response} = &lt;Response [200]&gt;</msg>
<status status="PASS" starttime="20230601 17:04:32.535" endtime="20230601 17:04:32.651"/>
</kw>
<kw name="Set Test Variable" library="BuiltIn">
<arg>${response}</arg>
<doc>Makes a variable available everywhere within the scope of the current test.</doc>
<msg timestamp="20230601 17:04:32.652" level="INFO">${response} = &lt;Response [200]&gt;</msg>
<status status="PASS" starttime="20230601 17:04:32.651" endtime="20230601 17:04:32.652"/>
</kw>
<status status="PASS" starttime="20230601 17:04:32.534" endtime="20230601 17:04:32.652"/>
</kw>
<kw name="Then the response status code should be 201" library="test_keywords_users" sourcename="Then the response status code should be ${status_code}">
<kw name="Should Be Equal As Numbers" library="BuiltIn">
<arg>${response.status_code}</arg>
<arg>${status_code}</arg>
<doc>Fails if objects are unequal after converting them to real numbers.</doc>
<msg timestamp="20230601 17:04:32.653" level="INFO">Argument types are:
&lt;class 'int'&gt;
&lt;class 'str'&gt;</msg>
<msg timestamp="20230601 17:04:32.653" level="FAIL">200.0 != 201.0</msg>
<status status="FAIL" starttime="20230601 17:04:32.652" endtime="20230601 17:04:32.653"/>
</kw>
<kw name="Should Be True" library="BuiltIn">
<arg>${response.json()}</arg>
<doc>Fails if the given condition is not true.</doc>
<status status="NOT RUN" starttime="20230601 17:04:32.654" endtime="20230601 17:04:32.654"/>
</kw>
<status status="FAIL" starttime="20230601 17:04:32.652" endtime="20230601 17:04:32.654"/>
</kw>
<kw name="And the response body should not be empty" library="test_keywords_users">
<status status="NOT RUN" starttime="20230601 17:04:32.654" endtime="20230601 17:04:32.654"/>
</kw>
<tag>api</tag>
<status status="FAIL" starttime="20230601 17:04:32.532" endtime="20230601 17:04:32.654">200.0 != 201.0</status>
</test>
<test id="s1-s1-s1-t2" name="Scenario: Create a new user" line="15">
<kw name="Before Tests" library="test_keywords_common" type="SETUP">
<kw name="Create Session" library="RequestsLibrary">
<arg>serverest</arg>
<arg>${SERVER_BASE_URL}</arg>
<arg>disable_warnings=True</arg>
<doc>Create Session: create a HTTP session to a server</doc>
<msg timestamp="20230601 17:04:32.656" level="INFO">Creating Session using : alias=serverest, url=https://serverest.dev, headers={},                     cookies={}, auth=None, timeout=None, proxies=None, verify=False,                     debug=0 </msg>
<status status="PASS" starttime="20230601 17:04:32.656" endtime="20230601 17:04:32.657"/>
</kw>
<status status="PASS" starttime="20230601 17:04:32.656" endtime="20230601 17:04:32.657"/>
</kw>
<kw name="Given I have a valid user data" library="test_keywords_users">
<kw name="Name" library="FakerLibrary">
<var>${name}</var>
<doc>:example 'John Doe'</doc>
<msg timestamp="20230601 17:04:32.658" level="INFO">${name} = Sandra Abbott</msg>
<status status="PASS" starttime="20230601 17:04:32.657" endtime="20230601 17:04:32.658"/>
</kw>
<kw name="Email" library="FakerLibrary">
<var>${email}</var>
<msg timestamp="20230601 17:04:32.658" level="INFO">${email} = lozanoholly@example.com</msg>
<status status="PASS" starttime="20230601 17:04:32.658" endtime="20230601 17:04:32.658"/>
</kw>
<kw name="Password" library="FakerLibrary">
<var>${password}</var>
<arg>length=12</arg>
<arg>special_chars=False</arg>
<doc>Generate a random password of the specified ``length``.</doc>
<msg timestamp="20230601 17:04:32.659" level="INFO">${password} = 7tTqnBuKZiwH</msg>
<status status="PASS" starttime="20230601 17:04:32.658" endtime="20230601 17:04:32.659"/>
</kw>
<kw name="Set Suite Variable" library="BuiltIn">
<arg>${name}</arg>
<doc>Makes a variable available everywhere within the scope of the current suite.</doc>
<msg timestamp="20230601 17:04:32.659" level="INFO">${name} = Sandra Abbott</msg>
<status status="PASS" starttime="20230601 17:04:32.659" endtime="20230601 17:04:32.659"/>
</kw>
<kw name="Set Suite Variable" library="BuiltIn">
<arg>${email}</arg>
<doc>Makes a variable available everywhere within the scope of the current suite.</doc>
<msg timestamp="20230601 17:04:32.660" level="INFO">${email} = lozanoholly@example.com</msg>
<status status="PASS" starttime="20230601 17:04:32.659" endtime="20230601 17:04:32.660"/>
</kw>
<kw name="Set Suite Variable" library="BuiltIn">
<arg>${password}</arg>
<doc>Makes a variable available everywhere within the scope of the current suite.</doc>
<msg timestamp="20230601 17:04:32.660" level="INFO">${password} = 7tTqnBuKZiwH</msg>
<status status="PASS" starttime="20230601 17:04:32.660" endtime="20230601 17:04:32.660"/>
</kw>
<status status="PASS" starttime="20230601 17:04:32.657" endtime="20230601 17:04:32.660"/>
</kw>
<kw name="When I create the user" library="test_keywords_users">
<kw name="Create Dictionary" library="BuiltIn">
<var>${payload}</var>
<arg>nome=${name}</arg>
<arg>email=${email}</arg>
<arg>password=${password}</arg>
<arg>administrador=false</arg>
<doc>Creates and returns a dictionary based on the given ``items``.</doc>
<msg timestamp="20230601 17:04:32.661" level="INFO">${payload} = {'nome': 'Sandra Abbott', 'email': 'lozanoholly@example.com', 'password': '7tTqnBuKZiwH', 'administrador': 'false'}</msg>
<status status="PASS" starttime="20230601 17:04:32.660" endtime="20230601 17:04:32.661"/>
</kw>
<kw name="Create Dictionary" library="BuiltIn">
<var>${headers}</var>
<arg>Content-Type=application/json</arg>
<doc>Creates and returns a dictionary based on the given ``items``.</doc>
<msg timestamp="20230601 17:04:32.661" level="INFO">${headers} = {'Content-Type': 'application/json'}</msg>
<status status="PASS" starttime="20230601 17:04:32.661" endtime="20230601 17:04:32.661"/>
</kw>
<kw name="POST On Session" library="RequestsLibrary">
<var>${response}</var>
<arg>serverest</arg>
<arg>${USERS_API_ENDPOINT}</arg>
<arg>json=${payload}</arg>
<arg>headers=${headers}</arg>
<doc>Sends a POST request on a previously created HTTP Session.</doc>
<msg timestamp="20230601 17:04:32.726" level="INFO">POST Request : url=https://serverest.dev/usuarios 
 path_url=/usuarios 
 headers={'User-Agent': 'python-requests/2.31.0', 'Accept-Encoding': 'gzip, deflate', 'Accept': '*/*', 'Connection': 'keep-alive', 'Content-Type': 'application/json', 'Content-Length': '115'} 
 body=b'{"nome": "Sandra Abbott", "email": "lozanoholly@example.com", "password": "7tTqnBuKZiwH", "administrador": "false"}' 
 </msg>
<msg timestamp="20230601 17:04:32.726" level="INFO">POST Response : url=https://serverest.dev/usuarios 
 status=201, reason=Created 
 headers={'access-control-allow-origin': '*', 'x-dns-prefetch-control': 'off', 'x-frame-options': 'SAMEORIGIN', 'strict-transport-security': 'max-age=15552000; includeSubDomains', 'x-download-options': 'noopen', 'x-content-type-options': 'nosniff', 'x-xss-protection': '1; mode=block', 'x-moesif-transaction-id': 'a3904b16-584d-40fa-b8c1-c879925b0347', 'content-type': 'application/json; charset=utf-8', 'X-Cloud-Trace-Context': 'a39c7f30fa7d1ed13d79b24eeaaef735', 'Date': 'Thu, 01 Jun 2023 17:04:32 GMT', 'Server': 'Google Frontend', 'Content-Length': '82'} 
 body={
    "message": "Cadastro realizado com sucesso",
    "_id": "cJZtNwILVYFETcNL"
} 
 </msg>
<msg timestamp="20230601 17:04:32.726" level="INFO">${response} = &lt;Response [201]&gt;</msg>
<status status="PASS" starttime="20230601 17:04:32.661" endtime="20230601 17:04:32.726"/>
</kw>
<kw name="Set Variable" library="BuiltIn">
<var>${user_id}</var>
<arg>${response.json()['_id']}</arg>
<doc>Returns the given values which can then be assigned to a variables.</doc>
<msg timestamp="20230601 17:04:32.727" level="INFO">${user_id} = cJZtNwILVYFETcNL</msg>
<status status="PASS" starttime="20230601 17:04:32.726" endtime="20230601 17:04:32.727"/>
</kw>
<kw name="Set Global Variable" library="BuiltIn">
<arg>${USER_ID}</arg>
<arg>${user_id}</arg>
<doc>Makes a variable available globally in all tests and suites.</doc>
<msg timestamp="20230601 17:04:32.728" level="INFO">${USER_ID} = cJZtNwILVYFETcNL</msg>
<status status="PASS" starttime="20230601 17:04:32.728" endtime="20230601 17:04:32.728"/>
</kw>
<kw name="Set Test Variable" library="BuiltIn">
<arg>${response}</arg>
<doc>Makes a variable available everywhere within the scope of the current test.</doc>
<msg timestamp="20230601 17:04:32.728" level="INFO">${response} = &lt;Response [201]&gt;</msg>
<status status="PASS" starttime="20230601 17:04:32.728" endtime="20230601 17:04:32.728"/>
</kw>
<status status="PASS" starttime="20230601 17:04:32.660" endtime="20230601 17:04:32.728"/>
</kw>
<kw name="Then the response status code should be 201" library="test_keywords_users" sourcename="Then the response status code should be ${status_code}">
<kw name="Should Be Equal As Numbers" library="BuiltIn">
<arg>${response.status_code}</arg>
<arg>${status_code}</arg>
<doc>Fails if objects are unequal after converting them to real numbers.</doc>
<msg timestamp="20230601 17:04:32.729" level="INFO">Argument types are:
&lt;class 'int'&gt;
&lt;class 'str'&gt;</msg>
<status status="PASS" starttime="20230601 17:04:32.729" endtime="20230601 17:04:32.730"/>
</kw>
<kw name="Should Be True" library="BuiltIn">
<arg>${response.json()}</arg>
<doc>Fails if the given condition is not true.</doc>
<status status="PASS" starttime="20230601 17:04:32.730" endtime="20230601 17:04:32.730"/>
</kw>
<status status="PASS" starttime="20230601 17:04:32.729" endtime="20230601 17:04:32.730"/>
</kw>
<kw name="And the response body should not be empty" library="test_keywords_users">
<kw name="Should Not Be Empty" library="BuiltIn">
<arg>${response.json()}</arg>
<doc>Verifies that the given item is not empty.</doc>
<msg timestamp="20230601 17:04:32.731" level="INFO">Length is 2</msg>
<status status="PASS" starttime="20230601 17:04:32.731" endtime="20230601 17:04:32.732"/>
</kw>
<status status="PASS" starttime="20230601 17:04:32.730" endtime="20230601 17:04:32.732"/>
</kw>
<tag>api</tag>
<status status="PASS" starttime="20230601 17:04:32.655" endtime="20230601 17:04:32.732"/>
</test>
<test id="s1-s1-s1-t3" name="Scenario: Get a specific user informations" line="22">
<kw name="Before Tests" library="test_keywords_common" type="SETUP">
<kw name="Create Session" library="RequestsLibrary">
<arg>serverest</arg>
<arg>${SERVER_BASE_URL}</arg>
<arg>disable_warnings=True</arg>
<doc>Create Session: create a HTTP session to a server</doc>
<msg timestamp="20230601 17:04:32.733" level="INFO">Creating Session using : alias=serverest, url=https://serverest.dev, headers={},                     cookies={}, auth=None, timeout=None, proxies=None, verify=False,                     debug=0 </msg>
<status status="PASS" starttime="20230601 17:04:32.733" endtime="20230601 17:04:32.733"/>
</kw>
<status status="PASS" starttime="20230601 17:04:32.733" endtime="20230601 17:04:32.733"/>
</kw>
<kw name="When I request the created user" library="test_keywords_users">
<kw name="GET On Session" library="RequestsLibrary">
<var>${response}</var>
<arg>serverest</arg>
<arg>${USERS_API_ENDPOINT}/${USER_ID}</arg>
<doc>Sends a GET request on a previously created HTTP Session.</doc>
<msg timestamp="20230601 17:04:32.799" level="INFO">GET Request : url=https://serverest.dev/usuarios/cJZtNwILVYFETcNL 
 path_url=/usuarios/cJZtNwILVYFETcNL 
 headers={'User-Agent': 'python-requests/2.31.0', 'Accept-Encoding': 'gzip, deflate', 'Accept': '*/*', 'Connection': 'keep-alive'} 
 body=None 
 </msg>
<msg timestamp="20230601 17:04:32.799" level="INFO">GET Response : url=https://serverest.dev/usuarios/cJZtNwILVYFETcNL 
 status=200, reason=OK 
 headers={'access-control-allow-origin': '*', 'x-dns-prefetch-control': 'off', 'x-frame-options': 'SAMEORIGIN', 'strict-transport-security': 'max-age=15552000; includeSubDomains', 'x-download-options': 'noopen', 'x-content-type-options': 'nosniff', 'x-xss-protection': '1; mode=block', 'x-moesif-transaction-id': 'e835020f-5dfa-4b76-8247-bb81f0602823', 'content-type': 'application/json; charset=utf-8', 'X-Cloud-Trace-Context': 'c73ad33e50501b26567f46b0c2d0d966', 'Date': 'Thu, 01 Jun 2023 17:04:32 GMT', 'Server': 'Google Frontend', 'Content-Length': '164'} 
 body={
    "nome": "Sandra Abbott",
    "email": "lozanoholly@example.com",
    "password": "7tTqnBuKZiwH",
    "administrador": "false",
    "_id": "cJZtNwILVYFETcNL"
} 
 </msg>
<msg timestamp="20230601 17:04:32.800" level="INFO">${response} = &lt;Response [200]&gt;</msg>
<status status="PASS" starttime="20230601 17:04:32.734" endtime="20230601 17:04:32.800"/>
</kw>
<kw name="Set Test Variable" library="BuiltIn">
<arg>${response}</arg>
<doc>Makes a variable available everywhere within the scope of the current test.</doc>
<msg timestamp="20230601 17:04:32.800" level="INFO">${response} = &lt;Response [200]&gt;</msg>
<status status="PASS" starttime="20230601 17:04:32.800" endtime="20230601 17:04:32.800"/>
</kw>
<status status="PASS" starttime="20230601 17:04:32.734" endtime="20230601 17:04:32.800"/>
</kw>
<kw name="Then the response status code should be 200" library="test_keywords_users" sourcename="Then the response status code should be ${status_code}">
<kw name="Should Be Equal As Numbers" library="BuiltIn">
<arg>${response.status_code}</arg>
<arg>${status_code}</arg>
<doc>Fails if objects are unequal after converting them to real numbers.</doc>
<msg timestamp="20230601 17:04:32.802" level="INFO">Argument types are:
&lt;class 'int'&gt;
&lt;class 'str'&gt;</msg>
<status status="PASS" starttime="20230601 17:04:32.801" endtime="20230601 17:04:32.802"/>
</kw>
<kw name="Should Be True" library="BuiltIn">
<arg>${response.json()}</arg>
<doc>Fails if the given condition is not true.</doc>
<status status="PASS" starttime="20230601 17:04:32.802" endtime="20230601 17:04:32.802"/>
</kw>
<status status="PASS" starttime="20230601 17:04:32.800" endtime="20230601 17:04:32.803"/>
</kw>
<kw name="And the response body should not be empty" library="test_keywords_users">
<kw name="Should Not Be Empty" library="BuiltIn">
<arg>${response.json()}</arg>
<doc>Verifies that the given item is not empty.</doc>
<msg timestamp="20230601 17:04:32.804" level="INFO">Length is 5</msg>
<status status="PASS" starttime="20230601 17:04:32.803" endtime="20230601 17:04:32.804"/>
</kw>
<status status="PASS" starttime="20230601 17:04:32.803" endtime="20230601 17:04:32.804"/>
</kw>
<tag>api</tag>
<status status="PASS" starttime="20230601 17:04:32.732" endtime="20230601 17:04:32.804"/>
</test>
<test id="s1-s1-s1-t4" name="Scenario: Update the created user" line="28">
<kw name="Before Tests" library="test_keywords_common" type="SETUP">
<kw name="Create Session" library="RequestsLibrary">
<arg>serverest</arg>
<arg>${SERVER_BASE_URL}</arg>
<arg>disable_warnings=True</arg>
<doc>Create Session: create a HTTP session to a server</doc>
<msg timestamp="20230601 17:04:32.805" level="INFO">Creating Session using : alias=serverest, url=https://serverest.dev, headers={},                     cookies={}, auth=None, timeout=None, proxies=None, verify=False,                     debug=0 </msg>
<status status="PASS" starttime="20230601 17:04:32.805" endtime="20230601 17:04:32.806"/>
</kw>
<status status="PASS" starttime="20230601 17:04:32.805" endtime="20230601 17:04:32.806"/>
</kw>
<kw name="When I update the created user" library="test_keywords_users">
<kw name="Create Dictionary" library="BuiltIn">
<var>${payload}</var>
<arg>nome=John Smith</arg>
<arg>email=john.smith@example.com</arg>
<arg>password=P@ssw0rd123</arg>
<arg>administrador=false</arg>
<doc>Creates and returns a dictionary based on the given ``items``.</doc>
<msg timestamp="20230601 17:04:32.807" level="INFO">${payload} = {'nome': 'John Smith', 'email': 'john.smith@example.com', 'password': 'P@ssw0rd123', 'administrador': 'false'}</msg>
<status status="PASS" starttime="20230601 17:04:32.806" endtime="20230601 17:04:32.807"/>
</kw>
<kw name="Create Dictionary" library="BuiltIn">
<var>${headers}</var>
<arg>Content-Type=application/json</arg>
<doc>Creates and returns a dictionary based on the given ``items``.</doc>
<msg timestamp="20230601 17:04:32.807" level="INFO">${headers} = {'Content-Type': 'application/json'}</msg>
<status status="PASS" starttime="20230601 17:04:32.807" endtime="20230601 17:04:32.807"/>
</kw>
<kw name="PUT On Session" library="RequestsLibrary">
<var>${response}</var>
<arg>serverest</arg>
<arg>${USERS_API_ENDPOINT}/${USER_ID}</arg>
<arg>json=${payload}</arg>
<arg>headers=${headers}</arg>
<doc>Sends a PUT request on a previously created HTTP Session.</doc>
<msg timestamp="20230601 17:04:32.874" level="INFO">PUT Request : url=https://serverest.dev/usuarios/cJZtNwILVYFETcNL 
 path_url=/usuarios/cJZtNwILVYFETcNL 
 headers={'User-Agent': 'python-requests/2.31.0', 'Accept-Encoding': 'gzip, deflate', 'Accept': '*/*', 'Connection': 'keep-alive', 'Content-Type': 'application/json', 'Content-Length': '110'} 
 body=b'{"nome": "John Smith", "email": "john.smith@example.com", "password": "P@ssw0rd123", "administrador": "false"}' 
 </msg>
<msg timestamp="20230601 17:04:32.874" level="INFO">PUT Response : url=https://serverest.dev/usuarios/cJZtNwILVYFETcNL 
 status=200, reason=OK 
 headers={'access-control-allow-origin': '*', 'x-dns-prefetch-control': 'off', 'x-frame-options': 'SAMEORIGIN', 'strict-transport-security': 'max-age=15552000; includeSubDomains', 'x-download-options': 'noopen', 'x-content-type-options': 'nosniff', 'x-xss-protection': '1; mode=block', 'x-moesif-transaction-id': 'deb55e0a-b36e-423c-ba5c-b29c09876368', 'content-type': 'application/json; charset=utf-8', 'X-Cloud-Trace-Context': '203250cb6e5730cdbaa67145f3bdba77', 'Date': 'Thu, 01 Jun 2023 17:04:32 GMT', 'Server': 'Google Frontend', 'Content-Length': '50'} 
 body={
    "message": "Registro alterado com sucesso"
} 
 </msg>
<msg timestamp="20230601 17:04:32.874" level="INFO">${response} = &lt;Response [200]&gt;</msg>
<status status="PASS" starttime="20230601 17:04:32.807" endtime="20230601 17:04:32.874"/>
</kw>
<kw name="Set Test Variable" library="BuiltIn">
<arg>${response}</arg>
<doc>Makes a variable available everywhere within the scope of the current test.</doc>
<msg timestamp="20230601 17:04:32.875" level="INFO">${response} = &lt;Response [200]&gt;</msg>
<status status="PASS" starttime="20230601 17:04:32.874" endtime="20230601 17:04:32.875"/>
</kw>
<status status="PASS" starttime="20230601 17:04:32.806" endtime="20230601 17:04:32.875"/>
</kw>
<kw name="Then the response status code should be 200" library="test_keywords_users" sourcename="Then the response status code should be ${status_code}">
<kw name="Should Be Equal As Numbers" library="BuiltIn">
<arg>${response.status_code}</arg>
<arg>${status_code}</arg>
<doc>Fails if objects are unequal after converting them to real numbers.</doc>
<msg timestamp="20230601 17:04:32.876" level="INFO">Argument types are:
&lt;class 'int'&gt;
&lt;class 'str'&gt;</msg>
<status status="PASS" starttime="20230601 17:04:32.875" endtime="20230601 17:04:32.876"/>
</kw>
<kw name="Should Be True" library="BuiltIn">
<arg>${response.json()}</arg>
<doc>Fails if the given condition is not true.</doc>
<status status="PASS" starttime="20230601 17:04:32.876" endtime="20230601 17:04:32.877"/>
</kw>
<status status="PASS" starttime="20230601 17:04:32.875" endtime="20230601 17:04:32.877"/>
</kw>
<kw name="And the response body should not be empty" library="test_keywords_users">
<kw name="Should Not Be Empty" library="BuiltIn">
<arg>${response.json()}</arg>
<doc>Verifies that the given item is not empty.</doc>
<msg timestamp="20230601 17:04:32.879" level="INFO">Length is 1</msg>
<status status="PASS" starttime="20230601 17:04:32.878" endtime="20230601 17:04:32.879"/>
</kw>
<status status="PASS" starttime="20230601 17:04:32.877" endtime="20230601 17:04:32.879"/>
</kw>
<tag>api</tag>
<status status="PASS" starttime="20230601 17:04:32.804" endtime="20230601 17:04:32.879"/>
</test>
<test id="s1-s1-s1-t5" name="Scenario: Delete the created user" line="34">
<kw name="Before Tests" library="test_keywords_common" type="SETUP">
<kw name="Create Session" library="RequestsLibrary">
<arg>serverest</arg>
<arg>${SERVER_BASE_URL}</arg>
<arg>disable_warnings=True</arg>
<doc>Create Session: create a HTTP session to a server</doc>
<msg timestamp="20230601 17:04:32.880" level="INFO">Creating Session using : alias=serverest, url=https://serverest.dev, headers={},                     cookies={}, auth=None, timeout=None, proxies=None, verify=False,                     debug=0 </msg>
<status status="PASS" starttime="20230601 17:04:32.880" endtime="20230601 17:04:32.881"/>
</kw>
<status status="PASS" starttime="20230601 17:04:32.880" endtime="20230601 17:04:32.881"/>
</kw>
<kw name="When I delete the created user" library="test_keywords_users">
<kw name="DELETE On Session" library="RequestsLibrary">
<var>${response}</var>
<arg>serverest</arg>
<arg>${USERS_API_ENDPOINT}/${USER_ID}</arg>
<doc>Sends a DELETE request on a previously created HTTP Session.</doc>
<msg timestamp="20230601 17:04:32.945" level="INFO">DELETE Request : url=https://serverest.dev/usuarios/cJZtNwILVYFETcNL 
 path_url=/usuarios/cJZtNwILVYFETcNL 
 headers={'User-Agent': 'python-requests/2.31.0', 'Accept-Encoding': 'gzip, deflate', 'Accept': '*/*', 'Connection': 'keep-alive', 'Content-Length': '0'} 
 body=None 
 </msg>
<msg timestamp="20230601 17:04:32.946" level="INFO">DELETE Response : url=https://serverest.dev/usuarios/cJZtNwILVYFETcNL 
 status=200, reason=OK 
 headers={'access-control-allow-origin': '*', 'x-dns-prefetch-control': 'off', 'x-frame-options': 'SAMEORIGIN', 'strict-transport-security': 'max-age=15552000; includeSubDomains', 'x-download-options': 'noopen', 'x-content-type-options': 'nosniff', 'x-xss-protection': '1; mode=block', 'x-moesif-transaction-id': 'a8120ea6-9fe2-477a-8de8-feff3fa56ebf', 'content-type': 'application/json; charset=utf-8', 'X-Cloud-Trace-Context': '87329d56a59e944fbe3207ad1d498d60', 'Date': 'Thu, 01 Jun 2023 17:04:32 GMT', 'Server': 'Google Frontend', 'Content-Length': '51'} 
 body={
    "message": "Registro excluído com sucesso"
} 
 </msg>
<msg timestamp="20230601 17:04:32.946" level="INFO">${response} = &lt;Response [200]&gt;</msg>
<status status="PASS" starttime="20230601 17:04:32.881" endtime="20230601 17:04:32.946"/>
</kw>
<kw name="Set Test Variable" library="BuiltIn">
<arg>${response}</arg>
<doc>Makes a variable available everywhere within the scope of the current test.</doc>
<msg timestamp="20230601 17:04:32.946" level="INFO">${response} = &lt;Response [200]&gt;</msg>
<status status="PASS" starttime="20230601 17:04:32.946" endtime="20230601 17:04:32.947"/>
</kw>
<status status="PASS" starttime="20230601 17:04:32.881" endtime="20230601 17:04:32.947"/>
</kw>
<kw name="Then the response status code should be 200" library="test_keywords_users" sourcename="Then the response status code should be ${status_code}">
<kw name="Should Be Equal As Numbers" library="BuiltIn">
<arg>${response.status_code}</arg>
<arg>${status_code}</arg>
<doc>Fails if objects are unequal after converting them to real numbers.</doc>
<msg timestamp="20230601 17:04:32.948" level="INFO">Argument types are:
&lt;class 'int'&gt;
&lt;class 'str'&gt;</msg>
<status status="PASS" starttime="20230601 17:04:32.947" endtime="20230601 17:04:32.948"/>
</kw>
<kw name="Should Be True" library="BuiltIn">
<arg>${response.json()}</arg>
<doc>Fails if the given condition is not true.</doc>
<status status="PASS" starttime="20230601 17:04:32.948" endtime="20230601 17:04:32.949"/>
</kw>
<status status="PASS" starttime="20230601 17:04:32.947" endtime="20230601 17:04:32.949"/>
</kw>
<kw name="And the response body should not be empty" library="test_keywords_users">
<kw name="Should Not Be Empty" library="BuiltIn">
<arg>${response.json()}</arg>
<doc>Verifies that the given item is not empty.</doc>
<msg timestamp="20230601 17:04:32.950" level="INFO">Length is 1</msg>
<status status="PASS" starttime="20230601 17:04:32.949" endtime="20230601 17:04:32.950"/>
</kw>
<status status="PASS" starttime="20230601 17:04:32.949" endtime="20230601 17:04:32.950"/>
</kw>
<tag>api</tag>
<status status="PASS" starttime="20230601 17:04:32.879" endtime="20230601 17:04:32.950"/>
</test>
<status status="FAIL" starttime="20230601 17:04:31.928" endtime="20230601 17:04:32.951"/>
</suite>
<status status="FAIL" starttime="20230601 17:04:31.927" endtime="20230601 17:04:32.952"/>
</suite>
<suite id="s1-s2" name="E2E" source="/home/runner/work/gen-ai-robot-test/gen-ai-robot-test/tests/e2e">
<suite id="s1-s2-s1" name="Test Ui Signup" source="/home/runner/work/gen-ai-robot-test/gen-ai-robot-test/tests/e2e/test_ui_signup.robot">
<test id="s1-s2-s1-t1" name="Scenario: Signup with empty fields" line="10">
<kw name="Before Tests" library="test_keywords_common" type="SETUP">
<kw name="Open Browser" library="SeleniumLibrary">
<arg>${SERVER_BASE_URL}</arg>
<arg>${HEADLESS} ${BROWSER}</arg>
<doc>Opens a new browser instance to the optional ``url``.</doc>
<msg timestamp="20230601 17:04:32.963" level="INFO">Opening browser 'headless Chrome' to base url 'https://front.serverest.dev/'.</msg>
<status status="PASS" starttime="20230601 17:04:32.962" endtime="20230601 17:04:36.346"/>
</kw>
<kw name="Maximize Browser Window" library="SeleniumLibrary">
<doc>Maximizes current browser window.</doc>
<status status="PASS" starttime="20230601 17:04:36.347" endtime="20230601 17:04:36.452"/>
</kw>
<status status="PASS" starttime="20230601 17:04:32.962" endtime="20230601 17:04:36.452"/>
</kw>
<kw name="Given Im on the signup page" library="test_keywords_signup">
<kw name="Location Should Be" library="SeleniumLibrary">
<arg>https://front.serverest.dev/login</arg>
<doc>Verifies that the current URL is exactly ``url``.</doc>
<msg timestamp="20230601 17:04:36.458" level="INFO">Current location is 'https://front.serverest.dev/login'.</msg>
<status status="PASS" starttime="20230601 17:04:36.453" endtime="20230601 17:04:36.458"/>
</kw>
<kw name="Click Element" library="SeleniumLibrary">
<arg>css=a.btn.btn-link</arg>
<doc>Click the element identified by ``locator``.</doc>
<msg timestamp="20230601 17:04:36.460" level="INFO">Clicking element 'css=a.btn.btn-link'.</msg>
<status status="PASS" starttime="20230601 17:04:36.458" endtime="20230601 17:04:36.546"/>
</kw>
<status status="PASS" starttime="20230601 17:04:36.452" endtime="20230601 17:04:36.546"/>
</kw>
<kw name="When I click in signup" library="test_keywords_signup">
<kw name="Click Button" library="SeleniumLibrary">
<arg>css=.btn.btn-primary</arg>
<doc>Clicks the button identified by ``locator``.</doc>
<msg timestamp="20230601 17:04:36.547" level="INFO">Clicking button 'css=.btn.btn-primary'.</msg>
<status status="PASS" starttime="20230601 17:04:36.547" endtime="20230601 17:04:36.611"/>
</kw>
<status status="PASS" starttime="20230601 17:04:36.547" endtime="20230601 17:04:36.611"/>
</kw>
<kw name="Then required field messages should be displayed" library="test_keywords_signup">
<kw name="Wait Until Element Is Visible" library="SeleniumLibrary">
<arg>css=.alert-dismissible</arg>
<arg>timeout=10s</arg>
<doc>Waits until the element ``locator`` is visible.</doc>
<status status="PASS" starttime="20230601 17:04:36.611" endtime="20230601 17:04:36.845"/>
</kw>
<kw name="Element Should Be Visible" library="SeleniumLibrary">
<arg>css=.alert-dismissible</arg>
<doc>Verifies that the element identified by ``locator`` is visible.</doc>
<msg timestamp="20230601 17:04:36.864" level="INFO">Element 'css=.alert-dismissible' is displayed.</msg>
<status status="PASS" starttime="20230601 17:04:36.845" endtime="20230601 17:04:36.864"/>
</kw>
<kw name="Page Should Contain" library="SeleniumLibrary">
<arg>Nome é obrigatório</arg>
<doc>Verifies that current page contains ``text``.</doc>
<msg timestamp="20230601 17:04:36.878" level="INFO">Current page contains text 'Nome é obrigatório'.</msg>
<status status="PASS" starttime="20230601 17:04:36.864" endtime="20230601 17:04:36.878"/>
</kw>
<kw name="Page Should Contain" library="SeleniumLibrary">
<arg>Email é obrigatório</arg>
<doc>Verifies that current page contains ``text``.</doc>
<msg timestamp="20230601 17:04:36.891" level="INFO">Current page contains text 'Email é obrigatório'.</msg>
<status status="PASS" starttime="20230601 17:04:36.879" endtime="20230601 17:04:36.891"/>
</kw>
<kw name="Page Should Contain" library="SeleniumLibrary">
<arg>Password é obrigatório</arg>
<doc>Verifies that current page contains ``text``.</doc>
<msg timestamp="20230601 17:04:36.904" level="INFO">Current page contains text 'Password é obrigatório'.</msg>
<status status="PASS" starttime="20230601 17:04:36.892" endtime="20230601 17:04:36.904"/>
</kw>
<status status="PASS" starttime="20230601 17:04:36.611" endtime="20230601 17:04:36.904"/>
</kw>
<kw name="After Tests" library="test_keywords_common" type="TEARDOWN">
<kw name="Close Browser" library="SeleniumLibrary">
<doc>Closes the current browser.</doc>
<status status="PASS" starttime="20230601 17:04:36.905" endtime="20230601 17:04:36.960"/>
</kw>
<status status="PASS" starttime="20230601 17:04:36.904" endtime="20230601 17:04:36.960"/>
</kw>
<tag>e2e</tag>
<status status="PASS" starttime="20230601 17:04:32.961" endtime="20230601 17:04:36.960"/>
</test>
<test id="s1-s2-s1-t2" name="Scenario: Signup done successfully" line="16">
<kw name="Before Tests" library="test_keywords_common" type="SETUP">
<kw name="Open Browser" library="SeleniumLibrary">
<arg>${SERVER_BASE_URL}</arg>
<arg>${HEADLESS} ${BROWSER}</arg>
<doc>Opens a new browser instance to the optional ``url``.</doc>
<msg timestamp="20230601 17:04:36.963" level="INFO">Opening browser 'headless Chrome' to base url 'https://front.serverest.dev/'.</msg>
<status status="PASS" starttime="20230601 17:04:36.962" endtime="20230601 17:04:38.240"/>
</kw>
<kw name="Maximize Browser Window" library="SeleniumLibrary">
<doc>Maximizes current browser window.</doc>
<status status="PASS" starttime="20230601 17:04:38.241" endtime="20230601 17:04:38.364"/>
</kw>
<status status="PASS" starttime="20230601 17:04:36.961" endtime="20230601 17:04:38.364"/>
</kw>
<kw name="Given Im on the signup page" library="test_keywords_signup">
<kw name="Location Should Be" library="SeleniumLibrary">
<arg>https://front.serverest.dev/login</arg>
<doc>Verifies that the current URL is exactly ``url``.</doc>
<msg timestamp="20230601 17:04:38.370" level="INFO">Current location is 'https://front.serverest.dev/login'.</msg>
<status status="PASS" starttime="20230601 17:04:38.365" endtime="20230601 17:04:38.370"/>
</kw>
<kw name="Click Element" library="SeleniumLibrary">
<arg>css=a.btn.btn-link</arg>
<doc>Click the element identified by ``locator``.</doc>
<msg timestamp="20230601 17:04:38.371" level="INFO">Clicking element 'css=a.btn.btn-link'.</msg>
<status status="PASS" starttime="20230601 17:04:38.370" endtime="20230601 17:04:38.425"/>
</kw>
<status status="PASS" starttime="20230601 17:04:38.364" endtime="20230601 17:04:38.425"/>
</kw>
<kw name="And I fill in the signup fields with valid data" library="test_keywords_signup">
<kw name="Name" library="FakerLibrary">
<var>${name}</var>
<doc>:example 'John Doe'</doc>
<msg timestamp="20230601 17:04:38.426" level="INFO">${name} = Tonya Robinson MD</msg>
<status status="PASS" starttime="20230601 17:04:38.425" endtime="20230601 17:04:38.426"/>
</kw>
<kw name="Email" library="FakerLibrary">
<var>${email}</var>
<msg timestamp="20230601 17:04:38.427" level="INFO">${email} = waltertracy@example.org</msg>
<status status="PASS" starttime="20230601 17:04:38.426" endtime="20230601 17:04:38.427"/>
</kw>
<kw name="Password" library="FakerLibrary">
<var>${password}</var>
<arg>length=12</arg>
<arg>special_chars=False</arg>
<doc>Generate a random password of the specified ``length``.</doc>
<msg timestamp="20230601 17:04:38.427" level="INFO">${password} = BVU6Qads5Idg</msg>
<status status="PASS" starttime="20230601 17:04:38.427" endtime="20230601 17:04:38.427"/>
</kw>
<kw name="Input Text" library="SeleniumLibrary">
<arg>id:nome</arg>
<arg>${name}</arg>
<doc>Types the given ``text`` into the text field identified by ``locator``.</doc>
<msg timestamp="20230601 17:04:38.428" level="INFO">Typing text 'Tonya Robinson MD' into text field 'id:nome'.</msg>
<status status="PASS" starttime="20230601 17:04:38.427" endtime="20230601 17:04:38.546"/>
</kw>
<kw name="Input Text" library="SeleniumLibrary">
<arg>id:email</arg>
<arg>${email}</arg>
<doc>Types the given ``text`` into the text field identified by ``locator``.</doc>
<msg timestamp="20230601 17:04:38.547" level="INFO">Typing text 'waltertracy@example.org' into text field 'id:email'.</msg>
<status status="PASS" starttime="20230601 17:04:38.546" endtime="20230601 17:04:38.660"/>
</kw>
<kw name="Input Text" library="SeleniumLibrary">
<arg>id:password</arg>
<arg>${password}</arg>
<doc>Types the given ``text`` into the text field identified by ``locator``.</doc>
<msg timestamp="20230601 17:04:38.661" level="INFO">Typing text 'BVU6Qads5Idg' into text field 'id:password'.</msg>
<status status="PASS" starttime="20230601 17:04:38.660" endtime="20230601 17:04:38.760"/>
</kw>
<kw name="Select Checkbox" library="SeleniumLibrary">
<arg>id=administrador</arg>
<doc>Selects the checkbox identified by ``locator``.</doc>
<msg timestamp="20230601 17:04:38.761" level="INFO">Selecting checkbox 'id=administrador'.</msg>
<status status="PASS" starttime="20230601 17:04:38.760" endtime="20230601 17:04:38.835"/>
</kw>
<kw name="Set Suite Variable" library="BuiltIn">
<arg>${name}</arg>
<doc>Makes a variable available everywhere within the scope of the current suite.</doc>
<msg timestamp="20230601 17:04:38.836" level="INFO">${name} = Tonya Robinson MD</msg>
<status status="PASS" starttime="20230601 17:04:38.835" endtime="20230601 17:04:38.836"/>
</kw>
<kw name="Set Suite Variable" library="BuiltIn">
<arg>${email}</arg>
<doc>Makes a variable available everywhere within the scope of the current suite.</doc>
<msg timestamp="20230601 17:04:38.836" level="INFO">${email} = waltertracy@example.org</msg>
<status status="PASS" starttime="20230601 17:04:38.836" endtime="20230601 17:04:38.836"/>
</kw>
<kw name="Set Suite Variable" library="BuiltIn">
<arg>${password}</arg>
<doc>Makes a variable available everywhere within the scope of the current suite.</doc>
<msg timestamp="20230601 17:04:38.837" level="INFO">${password} = BVU6Qads5Idg</msg>
<status status="PASS" starttime="20230601 17:04:38.836" endtime="20230601 17:04:38.837"/>
</kw>
<status status="PASS" starttime="20230601 17:04:38.425" endtime="20230601 17:04:38.837"/>
</kw>
<kw name="When I click in signup" library="test_keywords_signup">
<kw name="Click Button" library="SeleniumLibrary">
<arg>css=.btn.btn-primary</arg>
<doc>Clicks the button identified by ``locator``.</doc>
<msg timestamp="20230601 17:04:38.838" level="INFO">Clicking button 'css=.btn.btn-primary'.</msg>
<status status="PASS" starttime="20230601 17:04:38.837" endtime="20230601 17:04:38.896"/>
</kw>
<status status="PASS" starttime="20230601 17:04:38.837" endtime="20230601 17:04:38.896"/>
</kw>
<kw name="Then the page should contain the text &quot;Cadastro realizado com sucesso&quot;" library="test_keywords_signup" sourcename="Then the page should contain the text &quot;${expected_text}&quot;">
<kw name="Wait Until Element Is Visible" library="SeleniumLibrary">
<arg>css=.alert-dismissible</arg>
<arg>timeout=10s</arg>
<doc>Waits until the element ``locator`` is visible.</doc>
<status status="PASS" starttime="20230601 17:04:38.897" endtime="20230601 17:04:39.130"/>
</kw>
<kw name="Element Should Be Visible" library="SeleniumLibrary">
<arg>css=.alert-dismissible</arg>
<doc>Verifies that the element identified by ``locator`` is visible.</doc>
<msg timestamp="20230601 17:04:39.148" level="INFO">Element 'css=.alert-dismissible' is displayed.</msg>
<status status="PASS" starttime="20230601 17:04:39.130" endtime="20230601 17:04:39.148"/>
</kw>
<kw name="Page Should Contain" library="SeleniumLibrary">
<arg>${expected_text}</arg>
<doc>Verifies that current page contains ``text``.</doc>
<msg timestamp="20230601 17:04:39.161" level="INFO">Current page contains text 'Cadastro realizado com sucesso'.</msg>
<status status="PASS" starttime="20230601 17:04:39.148" endtime="20230601 17:04:39.161"/>
</kw>
<status status="PASS" starttime="20230601 17:04:38.896" endtime="20230601 17:04:39.161"/>
</kw>
<kw name="After Tests" library="test_keywords_common" type="TEARDOWN">
<kw name="Close Browser" library="SeleniumLibrary">
<doc>Closes the current browser.</doc>
<status status="PASS" starttime="20230601 17:04:39.162" endtime="20230601 17:04:40.217"/>
</kw>
<status status="PASS" starttime="20230601 17:04:39.162" endtime="20230601 17:04:40.217"/>
</kw>
<tag>e2e</tag>
<status status="PASS" starttime="20230601 17:04:36.961" endtime="20230601 17:04:40.217"/>
</test>
<test id="s1-s2-s1-t3" name="Scenario: Signup with already used email" line="23">
<kw name="Before Tests" library="test_keywords_common" type="SETUP">
<kw name="Open Browser" library="SeleniumLibrary">
<arg>${SERVER_BASE_URL}</arg>
<arg>${HEADLESS} ${BROWSER}</arg>
<doc>Opens a new browser instance to the optional ``url``.</doc>
<msg timestamp="20230601 17:04:40.220" level="INFO">Opening browser 'headless Chrome' to base url 'https://front.serverest.dev/'.</msg>
<status status="PASS" starttime="20230601 17:04:40.219" endtime="20230601 17:04:41.525"/>
</kw>
<kw name="Maximize Browser Window" library="SeleniumLibrary">
<doc>Maximizes current browser window.</doc>
<status status="PASS" starttime="20230601 17:04:41.525" endtime="20230601 17:04:41.655"/>
</kw>
<status status="PASS" starttime="20230601 17:04:40.219" endtime="20230601 17:04:41.655"/>
</kw>
<kw name="Given Im on the signup page" library="test_keywords_signup">
<kw name="Location Should Be" library="SeleniumLibrary">
<arg>https://front.serverest.dev/login</arg>
<doc>Verifies that the current URL is exactly ``url``.</doc>
<msg timestamp="20230601 17:04:41.661" level="INFO">Current location is 'https://front.serverest.dev/login'.</msg>
<status status="PASS" starttime="20230601 17:04:41.656" endtime="20230601 17:04:41.661"/>
</kw>
<kw name="Click Element" library="SeleniumLibrary">
<arg>css=a.btn.btn-link</arg>
<doc>Click the element identified by ``locator``.</doc>
<msg timestamp="20230601 17:04:41.662" level="INFO">Clicking element 'css=a.btn.btn-link'.</msg>
<status status="PASS" starttime="20230601 17:04:41.661" endtime="20230601 17:04:41.716"/>
</kw>
<status status="PASS" starttime="20230601 17:04:41.656" endtime="20230601 17:04:41.716"/>
</kw>
<kw name="And I fill in the signup fields with an email already registered" library="test_keywords_signup">
<kw name="Input Text" library="SeleniumLibrary">
<arg>id:nome</arg>
<arg>${name}</arg>
<doc>Types the given ``text`` into the text field identified by ``locator``.</doc>
<msg timestamp="20230601 17:04:41.718" level="INFO">Typing text 'Tonya Robinson MD' into text field 'id:nome'.</msg>
<status status="PASS" starttime="20230601 17:04:41.717" endtime="20230601 17:04:41.849"/>
</kw>
<kw name="Input Text" library="SeleniumLibrary">
<arg>id:email</arg>
<arg>${email}</arg>
<doc>Types the given ``text`` into the text field identified by ``locator``.</doc>
<msg timestamp="20230601 17:04:41.850" level="INFO">Typing text 'waltertracy@example.org' into text field 'id:email'.</msg>
<status status="PASS" starttime="20230601 17:04:41.849" endtime="20230601 17:04:41.971"/>
</kw>
<kw name="Input Text" library="SeleniumLibrary">
<arg>id:password</arg>
<arg>${password}</arg>
<doc>Types the given ``text`` into the text field identified by ``locator``.</doc>
<msg timestamp="20230601 17:04:41.972" level="INFO">Typing text 'BVU6Qads5Idg' into text field 'id:password'.</msg>
<status status="PASS" starttime="20230601 17:04:41.971" endtime="20230601 17:04:42.074"/>
</kw>
<kw name="Select Checkbox" library="SeleniumLibrary">
<arg>id=administrador</arg>
<doc>Selects the checkbox identified by ``locator``.</doc>
<msg timestamp="20230601 17:04:42.075" level="INFO">Selecting checkbox 'id=administrador'.</msg>
<status status="PASS" starttime="20230601 17:04:42.074" endtime="20230601 17:04:42.149"/>
</kw>
<status status="PASS" starttime="20230601 17:04:41.717" endtime="20230601 17:04:42.150"/>
</kw>
<kw name="When I click in signup" library="test_keywords_signup">
<kw name="Click Button" library="SeleniumLibrary">
<arg>css=.btn.btn-primary</arg>
<doc>Clicks the button identified by ``locator``.</doc>
<msg timestamp="20230601 17:04:42.151" level="INFO">Clicking button 'css=.btn.btn-primary'.</msg>
<status status="PASS" starttime="20230601 17:04:42.150" endtime="20230601 17:04:42.212"/>
</kw>
<status status="PASS" starttime="20230601 17:04:42.150" endtime="20230601 17:04:42.212"/>
</kw>
<kw name="Then the page should contain the text &quot;Este email já está sendo usado&quot;" library="test_keywords_signup" sourcename="Then the page should contain the text &quot;${expected_text}&quot;">
<kw name="Wait Until Element Is Visible" library="SeleniumLibrary">
<arg>css=.alert-dismissible</arg>
<arg>timeout=10s</arg>
<doc>Waits until the element ``locator`` is visible.</doc>
<status status="PASS" starttime="20230601 17:04:42.213" endtime="20230601 17:04:42.447"/>
</kw>
<kw name="Element Should Be Visible" library="SeleniumLibrary">
<arg>css=.alert-dismissible</arg>
<doc>Verifies that the element identified by ``locator`` is visible.</doc>
<msg timestamp="20230601 17:04:42.465" level="INFO">Element 'css=.alert-dismissible' is displayed.</msg>
<status status="PASS" starttime="20230601 17:04:42.447" endtime="20230601 17:04:42.465"/>
</kw>
<kw name="Page Should Contain" library="SeleniumLibrary">
<arg>${expected_text}</arg>
<doc>Verifies that current page contains ``text``.</doc>
<msg timestamp="20230601 17:04:42.485" level="INFO">Current page contains text 'Este email já está sendo usado'.</msg>
<status status="PASS" starttime="20230601 17:04:42.466" endtime="20230601 17:04:42.485"/>
</kw>
<status status="PASS" starttime="20230601 17:04:42.212" endtime="20230601 17:04:42.485"/>
</kw>
<kw name="After Tests" library="test_keywords_common" type="TEARDOWN">
<kw name="Close Browser" library="SeleniumLibrary">
<doc>Closes the current browser.</doc>
<status status="PASS" starttime="20230601 17:04:42.486" endtime="20230601 17:04:42.542"/>
</kw>
<status status="PASS" starttime="20230601 17:04:42.486" endtime="20230601 17:04:42.542"/>
</kw>
<tag>e2e</tag>
<status status="PASS" starttime="20230601 17:04:40.218" endtime="20230601 17:04:42.542"/>
</test>
<status status="PASS" starttime="20230601 17:04:32.954" endtime="20230601 17:04:42.543"/>
</suite>
<status status="PASS" starttime="20230601 17:04:32.953" endtime="20230601 17:04:42.544"/>
</suite>
<status status="FAIL" starttime="20230601 17:04:31.908" endtime="20230601 17:04:42.545"/>
</suite>
<statistics>
<total>
<stat pass="7" fail="1" skip="0">All Tests</stat>
</total>
<tag>
<stat pass="4" fail="1" skip="0">api</stat>
<stat pass="3" fail="0" skip="0">e2e</stat>
</tag>
<suite>
<stat pass="7" fail="1" skip="0" id="s1" name="Tests">Tests</stat>
<stat pass="4" fail="1" skip="0" id="s1-s1" name="Api">Tests.Api</stat>
<stat pass="4" fail="1" skip="0" id="s1-s1-s1" name="Test Api Users">Tests.Api.Test Api Users</stat>
<stat pass="3" fail="0" skip="0" id="s1-s2" name="E2E">Tests.E2E</stat>
<stat pass="3" fail="0" skip="0" id="s1-s2-s1" name="Test Ui Signup">Tests.E2E.Test Ui Signup</stat>
</suite>
</statistics>
<errors>
</errors>
</robot>
