<?xml version="1.0" encoding="UTF-8"?>
<robot generator="Robot 6.1 (Python 3.8.16 on linux)" generated="20230614 14:46:09.768" rpa="false" schemaversion="4">
<suite id="s1" name="Tests" source="/home/runner/work/gen-ai-robot-test/gen-ai-robot-test/tests">
<suite id="s1-s1" name="Api" source="/home/runner/work/gen-ai-robot-test/gen-ai-robot-test/tests/api">
<suite id="s1-s1-s1" name="Test Api Users" source="/home/runner/work/gen-ai-robot-test/gen-ai-robot-test/tests/api/test_api_users.robot">
<test id="s1-s1-s1-t1" name="Scenario: Get all registered users" line="9">
<kw name="Before Tests" library="test_keywords_common" type="SETUP">
<kw name="Create Session" library="RequestsLibrary">
<arg>serverest</arg>
<arg>${SERVER_BASE_URL}</arg>
<arg>disable_warnings=True</arg>
<doc>Create Session: create a HTTP session to a server</doc>
<msg timestamp="20230614 14:46:10.301" level="INFO">Creating Session using : alias=serverest, url=https://serverest.dev, headers={},                     cookies={}, auth=None, timeout=None, proxies=None, verify=False,                     debug=0 </msg>
<status status="PASS" starttime="20230614 14:46:10.300" endtime="20230614 14:46:10.301"/>
</kw>
<status status="PASS" starttime="20230614 14:46:10.300" endtime="20230614 14:46:10.301"/>
</kw>
<kw name="When I request the list of all registered users" library="test_keywords_users">
<kw name="GET On Session" library="RequestsLibrary">
<var>${response}</var>
<arg>serverest</arg>
<arg>${USERS_API_ENDPOINT}</arg>
<doc>Sends a GET request on a previously created HTTP Session.</doc>
<msg timestamp="20230614 14:46:10.512" level="INFO">GET Request : url=https://serverest.dev/usuarios 
 path_url=/usuarios 
 headers={'User-Agent': 'python-requests/2.31.0', 'Accept-Encoding': 'gzip, deflate', 'Accept': '*/*', 'Connection': 'keep-alive'} 
 body=None 
 </msg>
<msg timestamp="20230614 14:46:10.513" level="INFO">GET Response : url=https://serverest.dev/usuarios 
 status=200, reason=OK 
 headers={'access-control-allow-origin': '*', 'x-dns-prefetch-control': 'off', 'x-frame-options': 'SAMEORIGIN', 'strict-transport-security': 'max-age=15552000; includeSubDomains', 'x-download-options': 'noopen', 'x-content-type-options': 'nosniff', 'x-xss-protection': '1; mode=block', 'x-moesif-transaction-id': '5b9e7ee6-2621-426b-a55d-4c857343e797', 'content-type': 'application/json; charset=utf-8', 'X-Cloud-Trace-Context': 'b7200ad734307415086735f6edbce9a0;o=1', 'Date': 'Wed, 14 Jun 2023 14:46:10 GMT', 'Server': 'Google Frontend', 'Content-Length': '688'} 
 body={
    "quantidade": 3,
    "usuarios": [
        {
            "nome": "Fulano da Silva",
            "email": "beltrano@qa.com.br",
            "password": "teste",
            "administrador": "true",
            "_id": "0uxuPY0cbmQhpEz1"
        },
        {
            "nome": "Cleisson Atrix",
            "email": "atrix@qa.com.br",
            "password": "teste",
            "administrador": "true",
            "_id": "U8yE3jAZEwClVz2R"
        },
        {
            "nome": "Matthew Henderson",
            "email": "emcdonald@example.net",
            "password": "P9nLVXys6QWD",
            "administrador": "true",
            "_id": "mTT73HwO7cmCOupH"
        }
    ]
} 
 </msg>
<msg timestamp="20230614 14:46:10.513" level="INFO">${response} = &lt;Response [200]&gt;</msg>
<status status="PASS" starttime="20230614 14:46:10.301" endtime="20230614 14:46:10.513"/>
</kw>
<kw name="Set Test Variable" library="BuiltIn">
<arg>${response}</arg>
<doc>Makes a variable available everywhere within the scope of the current test.</doc>
<msg timestamp="20230614 14:46:10.513" level="INFO">${response} = &lt;Response [200]&gt;</msg>
<status status="PASS" starttime="20230614 14:46:10.513" endtime="20230614 14:46:10.513"/>
</kw>
<status status="PASS" starttime="20230614 14:46:10.301" endtime="20230614 14:46:10.513"/>
</kw>
<kw name="Then the response status code should be 200" library="test_keywords_users" sourcename="Then the response status code should be ${status_code}">
<kw name="Should Be Equal As Numbers" library="BuiltIn">
<arg>${response.status_code}</arg>
<arg>${status_code}</arg>
<doc>Fails if objects are unequal after converting them to real numbers.</doc>
<msg timestamp="20230614 14:46:10.515" level="INFO">Argument types are:
&lt;class 'int'&gt;
&lt;class 'str'&gt;</msg>
<status status="PASS" starttime="20230614 14:46:10.514" endtime="20230614 14:46:10.515"/>
</kw>
<kw name="Should Be True" library="BuiltIn">
<arg>${response.json()}</arg>
<doc>Fails if the given condition is not true.</doc>
<status status="PASS" starttime="20230614 14:46:10.515" endtime="20230614 14:46:10.515"/>
</kw>
<status status="PASS" starttime="20230614 14:46:10.514" endtime="20230614 14:46:10.515"/>
</kw>
<kw name="And the response body should not be empty" library="test_keywords_users">
<kw name="Should Not Be Empty" library="BuiltIn">
<arg>${response.json()}</arg>
<doc>Verifies that the given item is not empty.</doc>
<msg timestamp="20230614 14:46:10.516" level="INFO">Length is 2</msg>
<status status="PASS" starttime="20230614 14:46:10.516" endtime="20230614 14:46:10.516"/>
</kw>
<status status="PASS" starttime="20230614 14:46:10.516" endtime="20230614 14:46:10.516"/>
</kw>
<tag>api</tag>
<status status="PASS" starttime="20230614 14:46:10.299" endtime="20230614 14:46:10.517"/>
</test>
<test id="s1-s1-s1-t2" name="Scenario: Create a new user" line="15">
<kw name="Before Tests" library="test_keywords_common" type="SETUP">
<kw name="Create Session" library="RequestsLibrary">
<arg>serverest</arg>
<arg>${SERVER_BASE_URL}</arg>
<arg>disable_warnings=True</arg>
<doc>Create Session: create a HTTP session to a server</doc>
<msg timestamp="20230614 14:46:10.518" level="INFO">Creating Session using : alias=serverest, url=https://serverest.dev, headers={},                     cookies={}, auth=None, timeout=None, proxies=None, verify=False,                     debug=0 </msg>
<status status="PASS" starttime="20230614 14:46:10.518" endtime="20230614 14:46:10.519"/>
</kw>
<status status="PASS" starttime="20230614 14:46:10.518" endtime="20230614 14:46:10.519"/>
</kw>
<kw name="Given I have a valid user data" library="test_keywords_users">
<kw name="Name" library="FakerLibrary">
<var>${name}</var>
<doc>:example 'John Doe'</doc>
<msg timestamp="20230614 14:46:10.520" level="INFO">${name} = Jessica Mason</msg>
<status status="PASS" starttime="20230614 14:46:10.519" endtime="20230614 14:46:10.520"/>
</kw>
<kw name="Email" library="FakerLibrary">
<var>${email}</var>
<msg timestamp="20230614 14:46:10.520" level="INFO">${email} = christina86@example.com</msg>
<status status="PASS" starttime="20230614 14:46:10.520" endtime="20230614 14:46:10.520"/>
</kw>
<kw name="Password" library="FakerLibrary">
<var>${password}</var>
<arg>length=12</arg>
<arg>special_chars=False</arg>
<doc>Generate a random password of the specified ``length``.</doc>
<msg timestamp="20230614 14:46:10.520" level="INFO">${password} = qhvRQ8ccvM3e</msg>
<status status="PASS" starttime="20230614 14:46:10.520" endtime="20230614 14:46:10.520"/>
</kw>
<kw name="Set Suite Variable" library="BuiltIn">
<arg>${name}</arg>
<doc>Makes a variable available everywhere within the scope of the current suite.</doc>
<msg timestamp="20230614 14:46:10.521" level="INFO">${name} = Jessica Mason</msg>
<status status="PASS" starttime="20230614 14:46:10.521" endtime="20230614 14:46:10.521"/>
</kw>
<kw name="Set Suite Variable" library="BuiltIn">
<arg>${email}</arg>
<doc>Makes a variable available everywhere within the scope of the current suite.</doc>
<msg timestamp="20230614 14:46:10.521" level="INFO">${email} = christina86@example.com</msg>
<status status="PASS" starttime="20230614 14:46:10.521" endtime="20230614 14:46:10.521"/>
</kw>
<kw name="Set Suite Variable" library="BuiltIn">
<arg>${password}</arg>
<doc>Makes a variable available everywhere within the scope of the current suite.</doc>
<msg timestamp="20230614 14:46:10.522" level="INFO">${password} = qhvRQ8ccvM3e</msg>
<status status="PASS" starttime="20230614 14:46:10.521" endtime="20230614 14:46:10.522"/>
</kw>
<status status="PASS" starttime="20230614 14:46:10.519" endtime="20230614 14:46:10.522"/>
</kw>
<kw name="When I create the user" library="test_keywords_users">
<kw name="Create Dictionary" library="BuiltIn">
<var>${payload}</var>
<arg>nome=${name}</arg>
<arg>email=${email}</arg>
<arg>password=${password}</arg>
<arg>administrador=false</arg>
<doc>Creates and returns a dictionary based on the given ``items``.</doc>
<msg timestamp="20230614 14:46:10.523" level="INFO">${payload} = {'nome': 'Jessica Mason', 'email': 'christina86@example.com', 'password': 'qhvRQ8ccvM3e', 'administrador': 'false'}</msg>
<status status="PASS" starttime="20230614 14:46:10.522" endtime="20230614 14:46:10.523"/>
</kw>
<kw name="Create Dictionary" library="BuiltIn">
<var>${headers}</var>
<arg>Content-Type=application/json</arg>
<doc>Creates and returns a dictionary based on the given ``items``.</doc>
<msg timestamp="20230614 14:46:10.523" level="INFO">${headers} = {'Content-Type': 'application/json'}</msg>
<status status="PASS" starttime="20230614 14:46:10.523" endtime="20230614 14:46:10.523"/>
</kw>
<kw name="POST On Session" library="RequestsLibrary">
<var>${response}</var>
<arg>serverest</arg>
<arg>${USERS_API_ENDPOINT}</arg>
<arg>json=${payload}</arg>
<arg>headers=${headers}</arg>
<doc>Sends a POST request on a previously created HTTP Session.</doc>
<msg timestamp="20230614 14:46:10.624" level="INFO">POST Request : url=https://serverest.dev/usuarios 
 path_url=/usuarios 
 headers={'User-Agent': 'python-requests/2.31.0', 'Accept-Encoding': 'gzip, deflate', 'Accept': '*/*', 'Connection': 'keep-alive', 'Content-Type': 'application/json', 'Content-Length': '115'} 
 body=b'{"nome": "Jessica Mason", "email": "christina86@example.com", "password": "qhvRQ8ccvM3e", "administrador": "false"}' 
 </msg>
<msg timestamp="20230614 14:46:10.624" level="INFO">POST Response : url=https://serverest.dev/usuarios 
 status=201, reason=Created 
 headers={'access-control-allow-origin': '*', 'x-dns-prefetch-control': 'off', 'x-frame-options': 'SAMEORIGIN', 'strict-transport-security': 'max-age=15552000; includeSubDomains', 'x-download-options': 'noopen', 'x-content-type-options': 'nosniff', 'x-xss-protection': '1; mode=block', 'x-moesif-transaction-id': 'cd9bbfe5-9819-4158-a254-09cc1ae17b39', 'content-type': 'application/json; charset=utf-8', 'X-Cloud-Trace-Context': 'b4b4c127adbaabc30ecee238e912fc88', 'Date': 'Wed, 14 Jun 2023 14:46:10 GMT', 'Server': 'Google Frontend', 'Content-Length': '82'} 
 body={
    "message": "Cadastro realizado com sucesso",
    "_id": "b51d6B1HZ3aYB1uK"
} 
 </msg>
<msg timestamp="20230614 14:46:10.624" level="INFO">${response} = &lt;Response [201]&gt;</msg>
<status status="PASS" starttime="20230614 14:46:10.523" endtime="20230614 14:46:10.624"/>
</kw>
<kw name="Set Variable" library="BuiltIn">
<var>${user_id}</var>
<arg>${response.json()['_id']}</arg>
<doc>Returns the given values which can then be assigned to a variables.</doc>
<msg timestamp="20230614 14:46:10.625" level="INFO">${user_id} = b51d6B1HZ3aYB1uK</msg>
<status status="PASS" starttime="20230614 14:46:10.624" endtime="20230614 14:46:10.625"/>
</kw>
<kw name="Set Global Variable" library="BuiltIn">
<arg>${USER_ID}</arg>
<arg>${user_id}</arg>
<doc>Makes a variable available globally in all tests and suites.</doc>
<msg timestamp="20230614 14:46:10.626" level="INFO">${USER_ID} = b51d6B1HZ3aYB1uK</msg>
<status status="PASS" starttime="20230614 14:46:10.625" endtime="20230614 14:46:10.626"/>
</kw>
<kw name="Set Test Variable" library="BuiltIn">
<arg>${response}</arg>
<doc>Makes a variable available everywhere within the scope of the current test.</doc>
<msg timestamp="20230614 14:46:10.626" level="INFO">${response} = &lt;Response [201]&gt;</msg>
<status status="PASS" starttime="20230614 14:46:10.626" endtime="20230614 14:46:10.626"/>
</kw>
<status status="PASS" starttime="20230614 14:46:10.522" endtime="20230614 14:46:10.626"/>
</kw>
<kw name="Then the response status code should be 201" library="test_keywords_users" sourcename="Then the response status code should be ${status_code}">
<kw name="Should Be Equal As Numbers" library="BuiltIn">
<arg>${response.status_code}</arg>
<arg>${status_code}</arg>
<doc>Fails if objects are unequal after converting them to real numbers.</doc>
<msg timestamp="20230614 14:46:10.627" level="INFO">Argument types are:
&lt;class 'int'&gt;
&lt;class 'str'&gt;</msg>
<status status="PASS" starttime="20230614 14:46:10.626" endtime="20230614 14:46:10.627"/>
</kw>
<kw name="Should Be True" library="BuiltIn">
<arg>${response.json()}</arg>
<doc>Fails if the given condition is not true.</doc>
<status status="PASS" starttime="20230614 14:46:10.627" endtime="20230614 14:46:10.628"/>
</kw>
<status status="PASS" starttime="20230614 14:46:10.626" endtime="20230614 14:46:10.628"/>
</kw>
<kw name="And the response body should not be empty" library="test_keywords_users">
<kw name="Should Not Be Empty" library="BuiltIn">
<arg>${response.json()}</arg>
<doc>Verifies that the given item is not empty.</doc>
<msg timestamp="20230614 14:46:10.629" level="INFO">Length is 2</msg>
<status status="PASS" starttime="20230614 14:46:10.628" endtime="20230614 14:46:10.629"/>
</kw>
<status status="PASS" starttime="20230614 14:46:10.628" endtime="20230614 14:46:10.629"/>
</kw>
<tag>api</tag>
<status status="PASS" starttime="20230614 14:46:10.517" endtime="20230614 14:46:10.629"/>
</test>
<test id="s1-s1-s1-t3" name="Scenario: Get a specific user informations" line="22">
<kw name="Before Tests" library="test_keywords_common" type="SETUP">
<kw name="Create Session" library="RequestsLibrary">
<arg>serverest</arg>
<arg>${SERVER_BASE_URL}</arg>
<arg>disable_warnings=True</arg>
<doc>Create Session: create a HTTP session to a server</doc>
<msg timestamp="20230614 14:46:10.630" level="INFO">Creating Session using : alias=serverest, url=https://serverest.dev, headers={},                     cookies={}, auth=None, timeout=None, proxies=None, verify=False,                     debug=0 </msg>
<status status="PASS" starttime="20230614 14:46:10.630" endtime="20230614 14:46:10.631"/>
</kw>
<status status="PASS" starttime="20230614 14:46:10.630" endtime="20230614 14:46:10.631"/>
</kw>
<kw name="When I request the created user" library="test_keywords_users">
<kw name="GET On Session" library="RequestsLibrary">
<var>${response}</var>
<arg>serverest</arg>
<arg>${USERS_API_ENDPOINT}/${USER_ID}</arg>
<doc>Sends a GET request on a previously created HTTP Session.</doc>
<msg timestamp="20230614 14:46:10.729" level="INFO">GET Request : url=https://serverest.dev/usuarios/b51d6B1HZ3aYB1uK 
 path_url=/usuarios/b51d6B1HZ3aYB1uK 
 headers={'User-Agent': 'python-requests/2.31.0', 'Accept-Encoding': 'gzip, deflate', 'Accept': '*/*', 'Connection': 'keep-alive'} 
 body=None 
 </msg>
<msg timestamp="20230614 14:46:10.729" level="INFO">GET Response : url=https://serverest.dev/usuarios/b51d6B1HZ3aYB1uK 
 status=200, reason=OK 
 headers={'access-control-allow-origin': '*', 'x-dns-prefetch-control': 'off', 'x-frame-options': 'SAMEORIGIN', 'strict-transport-security': 'max-age=15552000; includeSubDomains', 'x-download-options': 'noopen', 'x-content-type-options': 'nosniff', 'x-xss-protection': '1; mode=block', 'x-moesif-transaction-id': '65e247b7-7d36-40a0-818b-d559500a748d', 'content-type': 'application/json; charset=utf-8', 'X-Cloud-Trace-Context': '22f3d76b207311d4f7768bedd87da693', 'Date': 'Wed, 14 Jun 2023 14:46:10 GMT', 'Server': 'Google Frontend', 'Content-Length': '164'} 
 body={
    "nome": "Jessica Mason",
    "email": "christina86@example.com",
    "password": "qhvRQ8ccvM3e",
    "administrador": "false",
    "_id": "b51d6B1HZ3aYB1uK"
} 
 </msg>
<msg timestamp="20230614 14:46:10.729" level="INFO">${response} = &lt;Response [200]&gt;</msg>
<status status="PASS" starttime="20230614 14:46:10.631" endtime="20230614 14:46:10.729"/>
</kw>
<kw name="Set Test Variable" library="BuiltIn">
<arg>${response}</arg>
<doc>Makes a variable available everywhere within the scope of the current test.</doc>
<msg timestamp="20230614 14:46:10.730" level="INFO">${response} = &lt;Response [200]&gt;</msg>
<status status="PASS" starttime="20230614 14:46:10.729" endtime="20230614 14:46:10.730"/>
</kw>
<status status="PASS" starttime="20230614 14:46:10.631" endtime="20230614 14:46:10.730"/>
</kw>
<kw name="Then the response status code should be 200" library="test_keywords_users" sourcename="Then the response status code should be ${status_code}">
<kw name="Should Be Equal As Numbers" library="BuiltIn">
<arg>${response.status_code}</arg>
<arg>${status_code}</arg>
<doc>Fails if objects are unequal after converting them to real numbers.</doc>
<msg timestamp="20230614 14:46:10.731" level="INFO">Argument types are:
&lt;class 'int'&gt;
&lt;class 'str'&gt;</msg>
<status status="PASS" starttime="20230614 14:46:10.730" endtime="20230614 14:46:10.731"/>
</kw>
<kw name="Should Be True" library="BuiltIn">
<arg>${response.json()}</arg>
<doc>Fails if the given condition is not true.</doc>
<status status="PASS" starttime="20230614 14:46:10.731" endtime="20230614 14:46:10.732"/>
</kw>
<status status="PASS" starttime="20230614 14:46:10.730" endtime="20230614 14:46:10.732"/>
</kw>
<kw name="And the response body should not be empty" library="test_keywords_users">
<kw name="Should Not Be Empty" library="BuiltIn">
<arg>${response.json()}</arg>
<doc>Verifies that the given item is not empty.</doc>
<msg timestamp="20230614 14:46:10.733" level="INFO">Length is 5</msg>
<status status="PASS" starttime="20230614 14:46:10.732" endtime="20230614 14:46:10.733"/>
</kw>
<status status="PASS" starttime="20230614 14:46:10.732" endtime="20230614 14:46:10.733"/>
</kw>
<tag>api</tag>
<status status="PASS" starttime="20230614 14:46:10.629" endtime="20230614 14:46:10.733"/>
</test>
<test id="s1-s1-s1-t4" name="Scenario: Update the created user" line="28">
<kw name="Before Tests" library="test_keywords_common" type="SETUP">
<kw name="Create Session" library="RequestsLibrary">
<arg>serverest</arg>
<arg>${SERVER_BASE_URL}</arg>
<arg>disable_warnings=True</arg>
<doc>Create Session: create a HTTP session to a server</doc>
<msg timestamp="20230614 14:46:10.734" level="INFO">Creating Session using : alias=serverest, url=https://serverest.dev, headers={},                     cookies={}, auth=None, timeout=None, proxies=None, verify=False,                     debug=0 </msg>
<status status="PASS" starttime="20230614 14:46:10.734" endtime="20230614 14:46:10.735"/>
</kw>
<status status="PASS" starttime="20230614 14:46:10.734" endtime="20230614 14:46:10.735"/>
</kw>
<kw name="When I update the created user" library="test_keywords_users">
<kw name="Create Dictionary" library="BuiltIn">
<var>${payload}</var>
<arg>nome=John Smith</arg>
<arg>email=john.smith@example.com</arg>
<arg>password=P@ssw0rd123</arg>
<arg>administrador=false</arg>
<doc>Creates and returns a dictionary based on the given ``items``.</doc>
<msg timestamp="20230614 14:46:10.735" level="INFO">${payload} = {'nome': 'John Smith', 'email': 'john.smith@example.com', 'password': 'P@ssw0rd123', 'administrador': 'false'}</msg>
<status status="PASS" starttime="20230614 14:46:10.735" endtime="20230614 14:46:10.735"/>
</kw>
<kw name="Create Dictionary" library="BuiltIn">
<var>${headers}</var>
<arg>Content-Type=application/json</arg>
<doc>Creates and returns a dictionary based on the given ``items``.</doc>
<msg timestamp="20230614 14:46:10.736" level="INFO">${headers} = {'Content-Type': 'application/json'}</msg>
<status status="PASS" starttime="20230614 14:46:10.735" endtime="20230614 14:46:10.736"/>
</kw>
<kw name="PUT On Session" library="RequestsLibrary">
<var>${response}</var>
<arg>serverest</arg>
<arg>${USERS_API_ENDPOINT}/${USER_ID}</arg>
<arg>json=${payload}</arg>
<arg>headers=${headers}</arg>
<doc>Sends a PUT request on a previously created HTTP Session.</doc>
<msg timestamp="20230614 14:46:10.835" level="INFO">PUT Request : url=https://serverest.dev/usuarios/b51d6B1HZ3aYB1uK 
 path_url=/usuarios/b51d6B1HZ3aYB1uK 
 headers={'User-Agent': 'python-requests/2.31.0', 'Accept-Encoding': 'gzip, deflate', 'Accept': '*/*', 'Connection': 'keep-alive', 'Content-Type': 'application/json', 'Content-Length': '110'} 
 body=b'{"nome": "John Smith", "email": "john.smith@example.com", "password": "P@ssw0rd123", "administrador": "false"}' 
 </msg>
<msg timestamp="20230614 14:46:10.835" level="INFO">PUT Response : url=https://serverest.dev/usuarios/b51d6B1HZ3aYB1uK 
 status=200, reason=OK 
 headers={'access-control-allow-origin': '*', 'x-dns-prefetch-control': 'off', 'x-frame-options': 'SAMEORIGIN', 'strict-transport-security': 'max-age=15552000; includeSubDomains', 'x-download-options': 'noopen', 'x-content-type-options': 'nosniff', 'x-xss-protection': '1; mode=block', 'x-moesif-transaction-id': 'b8786c08-5cc7-4cc1-8cc5-0c96e8aadbf3', 'content-type': 'application/json; charset=utf-8', 'X-Cloud-Trace-Context': '8c752c295c76016810093fb6f724d390', 'Date': 'Wed, 14 Jun 2023 14:46:10 GMT', 'Server': 'Google Frontend', 'Content-Length': '50'} 
 body={
    "message": "Registro alterado com sucesso"
} 
 </msg>
<msg timestamp="20230614 14:46:10.835" level="INFO">${response} = &lt;Response [200]&gt;</msg>
<status status="PASS" starttime="20230614 14:46:10.736" endtime="20230614 14:46:10.835"/>
</kw>
<kw name="Set Test Variable" library="BuiltIn">
<arg>${response}</arg>
<doc>Makes a variable available everywhere within the scope of the current test.</doc>
<msg timestamp="20230614 14:46:10.835" level="INFO">${response} = &lt;Response [200]&gt;</msg>
<status status="PASS" starttime="20230614 14:46:10.835" endtime="20230614 14:46:10.835"/>
</kw>
<status status="PASS" starttime="20230614 14:46:10.735" endtime="20230614 14:46:10.836"/>
</kw>
<kw name="Then the response status code should be 200" library="test_keywords_users" sourcename="Then the response status code should be ${status_code}">
<kw name="Should Be Equal As Numbers" library="BuiltIn">
<arg>${response.status_code}</arg>
<arg>${status_code}</arg>
<doc>Fails if objects are unequal after converting them to real numbers.</doc>
<msg timestamp="20230614 14:46:10.837" level="INFO">Argument types are:
&lt;class 'int'&gt;
&lt;class 'str'&gt;</msg>
<status status="PASS" starttime="20230614 14:46:10.836" endtime="20230614 14:46:10.837"/>
</kw>
<kw name="Should Be True" library="BuiltIn">
<arg>${response.json()}</arg>
<doc>Fails if the given condition is not true.</doc>
<status status="PASS" starttime="20230614 14:46:10.837" endtime="20230614 14:46:10.837"/>
</kw>
<status status="PASS" starttime="20230614 14:46:10.836" endtime="20230614 14:46:10.837"/>
</kw>
<kw name="And the response body should not be empty" library="test_keywords_users">
<kw name="Should Not Be Empty" library="BuiltIn">
<arg>${response.json()}</arg>
<doc>Verifies that the given item is not empty.</doc>
<msg timestamp="20230614 14:46:10.838" level="INFO">Length is 1</msg>
<status status="PASS" starttime="20230614 14:46:10.838" endtime="20230614 14:46:10.838"/>
</kw>
<status status="PASS" starttime="20230614 14:46:10.838" endtime="20230614 14:46:10.838"/>
</kw>
<tag>api</tag>
<status status="PASS" starttime="20230614 14:46:10.733" endtime="20230614 14:46:10.839"/>
</test>
<test id="s1-s1-s1-t5" name="Scenario: Delete the created user" line="34">
<kw name="Before Tests" library="test_keywords_common" type="SETUP">
<kw name="Create Session" library="RequestsLibrary">
<arg>serverest</arg>
<arg>${SERVER_BASE_URL}</arg>
<arg>disable_warnings=True</arg>
<doc>Create Session: create a HTTP session to a server</doc>
<msg timestamp="20230614 14:46:10.840" level="INFO">Creating Session using : alias=serverest, url=https://serverest.dev, headers={},                     cookies={}, auth=None, timeout=None, proxies=None, verify=False,                     debug=0 </msg>
<status status="PASS" starttime="20230614 14:46:10.840" endtime="20230614 14:46:10.840"/>
</kw>
<status status="PASS" starttime="20230614 14:46:10.839" endtime="20230614 14:46:10.840"/>
</kw>
<kw name="When I delete the created user" library="test_keywords_users">
<kw name="DELETE On Session" library="RequestsLibrary">
<var>${response}</var>
<arg>serverest</arg>
<arg>${USERS_API_ENDPOINT}/${USER_ID}</arg>
<doc>Sends a DELETE request on a previously created HTTP Session.</doc>
<msg timestamp="20230614 14:46:10.939" level="INFO">DELETE Request : url=https://serverest.dev/usuarios/b51d6B1HZ3aYB1uK 
 path_url=/usuarios/b51d6B1HZ3aYB1uK 
 headers={'User-Agent': 'python-requests/2.31.0', 'Accept-Encoding': 'gzip, deflate', 'Accept': '*/*', 'Connection': 'keep-alive', 'Content-Length': '0'} 
 body=None 
 </msg>
<msg timestamp="20230614 14:46:10.940" level="INFO">DELETE Response : url=https://serverest.dev/usuarios/b51d6B1HZ3aYB1uK 
 status=200, reason=OK 
 headers={'access-control-allow-origin': '*', 'x-dns-prefetch-control': 'off', 'x-frame-options': 'SAMEORIGIN', 'strict-transport-security': 'max-age=15552000; includeSubDomains', 'x-download-options': 'noopen', 'x-content-type-options': 'nosniff', 'x-xss-protection': '1; mode=block', 'x-moesif-transaction-id': 'd933af7b-3323-4b60-bf22-b60fc3cb7464', 'content-type': 'application/json; charset=utf-8', 'X-Cloud-Trace-Context': '0bc0746e4d57eeeda7000413b9e1bfa4', 'Date': 'Wed, 14 Jun 2023 14:46:10 GMT', 'Server': 'Google Frontend', 'Content-Length': '51'} 
 body={
    "message": "Registro excluído com sucesso"
} 
 </msg>
<msg timestamp="20230614 14:46:10.940" level="INFO">${response} = &lt;Response [200]&gt;</msg>
<status status="PASS" starttime="20230614 14:46:10.841" endtime="20230614 14:46:10.940"/>
</kw>
<kw name="Set Test Variable" library="BuiltIn">
<arg>${response}</arg>
<doc>Makes a variable available everywhere within the scope of the current test.</doc>
<msg timestamp="20230614 14:46:10.940" level="INFO">${response} = &lt;Response [200]&gt;</msg>
<status status="PASS" starttime="20230614 14:46:10.940" endtime="20230614 14:46:10.940"/>
</kw>
<status status="PASS" starttime="20230614 14:46:10.840" endtime="20230614 14:46:10.940"/>
</kw>
<kw name="Then the response status code should be 200" library="test_keywords_users" sourcename="Then the response status code should be ${status_code}">
<kw name="Should Be Equal As Numbers" library="BuiltIn">
<arg>${response.status_code}</arg>
<arg>${status_code}</arg>
<doc>Fails if objects are unequal after converting them to real numbers.</doc>
<msg timestamp="20230614 14:46:10.941" level="INFO">Argument types are:
&lt;class 'int'&gt;
&lt;class 'str'&gt;</msg>
<status status="PASS" starttime="20230614 14:46:10.941" endtime="20230614 14:46:10.942"/>
</kw>
<kw name="Should Be True" library="BuiltIn">
<arg>${response.json()}</arg>
<doc>Fails if the given condition is not true.</doc>
<status status="PASS" starttime="20230614 14:46:10.942" endtime="20230614 14:46:10.942"/>
</kw>
<status status="PASS" starttime="20230614 14:46:10.940" endtime="20230614 14:46:10.942"/>
</kw>
<kw name="And the response body should not be empty" library="test_keywords_users">
<kw name="Should Not Be Empty" library="BuiltIn">
<arg>${response.json()}</arg>
<doc>Verifies that the given item is not empty.</doc>
<msg timestamp="20230614 14:46:10.943" level="INFO">Length is 1</msg>
<status status="PASS" starttime="20230614 14:46:10.943" endtime="20230614 14:46:10.943"/>
</kw>
<status status="PASS" starttime="20230614 14:46:10.942" endtime="20230614 14:46:10.943"/>
</kw>
<tag>api</tag>
<status status="PASS" starttime="20230614 14:46:10.839" endtime="20230614 14:46:10.943"/>
</test>
<status status="PASS" starttime="20230614 14:46:09.790" endtime="20230614 14:46:10.944"/>
</suite>
<status status="PASS" starttime="20230614 14:46:09.788" endtime="20230614 14:46:10.945"/>
</suite>
<suite id="s1-s2" name="E2E" source="/home/runner/work/gen-ai-robot-test/gen-ai-robot-test/tests/e2e">
<suite id="s1-s2-s1" name="Test Ui Signup" source="/home/runner/work/gen-ai-robot-test/gen-ai-robot-test/tests/e2e/test_ui_signup.robot">
<test id="s1-s2-s1-t1" name="Scenario: Signup with empty fields" line="10">
<kw name="Before Tests" library="test_keywords_common" type="SETUP">
<kw name="Open Browser" library="SeleniumLibrary">
<arg>${SERVER_BASE_URL}</arg>
<arg>${HEADLESS} ${BROWSER}</arg>
<doc>Opens a new browser instance to the optional ``url``.</doc>
<msg timestamp="20230614 14:46:10.956" level="INFO">Opening browser 'headless Chrome' to base url 'https://front.serverest.dev/'.</msg>
<status status="PASS" starttime="20230614 14:46:10.955" endtime="20230614 14:46:13.196"/>
</kw>
<kw name="Maximize Browser Window" library="SeleniumLibrary">
<doc>Maximizes current browser window.</doc>
<status status="PASS" starttime="20230614 14:46:13.197" endtime="20230614 14:46:13.301"/>
</kw>
<status status="PASS" starttime="20230614 14:46:10.955" endtime="20230614 14:46:13.301"/>
</kw>
<kw name="Given Im on the signup page" library="test_keywords_signup">
<kw name="Location Should Be" library="SeleniumLibrary">
<arg>https://front.serverest.dev/login</arg>
<doc>Verifies that the current URL is exactly ``url``.</doc>
<msg timestamp="20230614 14:46:13.306" level="INFO">Current location is 'https://front.serverest.dev/login'.</msg>
<status status="PASS" starttime="20230614 14:46:13.302" endtime="20230614 14:46:13.306"/>
</kw>
<kw name="Click Element" library="SeleniumLibrary">
<arg>css=a.btn.btn-link</arg>
<doc>Click the element identified by ``locator``.</doc>
<msg timestamp="20230614 14:46:13.307" level="INFO">Clicking element 'css=a.btn.btn-link'.</msg>
<status status="PASS" starttime="20230614 14:46:13.307" endtime="20230614 14:46:13.392"/>
</kw>
<status status="PASS" starttime="20230614 14:46:13.301" endtime="20230614 14:46:13.392"/>
</kw>
<kw name="When I click in signup" library="test_keywords_signup">
<kw name="Click Button" library="SeleniumLibrary">
<arg>css=.btn.btn-primary</arg>
<doc>Clicks the button identified by ``locator``.</doc>
<msg timestamp="20230614 14:46:13.393" level="INFO">Clicking button 'css=.btn.btn-primary'.</msg>
<status status="PASS" starttime="20230614 14:46:13.392" endtime="20230614 14:46:13.455"/>
</kw>
<status status="PASS" starttime="20230614 14:46:13.392" endtime="20230614 14:46:13.455"/>
</kw>
<kw name="Then required field messages should be displayed" library="test_keywords_signup">
<kw name="Wait Until Element Is Visible" library="SeleniumLibrary">
<arg>css=.alert-dismissible</arg>
<arg>timeout=10s</arg>
<doc>Waits until the element ``locator`` is visible.</doc>
<status status="PASS" starttime="20230614 14:46:13.455" endtime="20230614 14:46:13.688"/>
</kw>
<kw name="Element Should Be Visible" library="SeleniumLibrary">
<arg>css=.alert-dismissible</arg>
<doc>Verifies that the element identified by ``locator`` is visible.</doc>
<msg timestamp="20230614 14:46:13.707" level="INFO">Element 'css=.alert-dismissible' is displayed.</msg>
<status status="PASS" starttime="20230614 14:46:13.689" endtime="20230614 14:46:13.707"/>
</kw>
<kw name="Page Should Contain" library="SeleniumLibrary">
<arg>Nome é obrigatório</arg>
<doc>Verifies that current page contains ``text``.</doc>
<msg timestamp="20230614 14:46:13.723" level="INFO">Current page contains text 'Nome é obrigatório'.</msg>
<status status="PASS" starttime="20230614 14:46:13.707" endtime="20230614 14:46:13.723"/>
</kw>
<kw name="Page Should Contain" library="SeleniumLibrary">
<arg>Email é obrigatório</arg>
<doc>Verifies that current page contains ``text``.</doc>
<msg timestamp="20230614 14:46:13.736" level="INFO">Current page contains text 'Email é obrigatório'.</msg>
<status status="PASS" starttime="20230614 14:46:13.723" endtime="20230614 14:46:13.736"/>
</kw>
<kw name="Page Should Contain" library="SeleniumLibrary">
<arg>Password é obrigatório</arg>
<doc>Verifies that current page contains ``text``.</doc>
<msg timestamp="20230614 14:46:13.749" level="INFO">Current page contains text 'Password é obrigatório'.</msg>
<status status="PASS" starttime="20230614 14:46:13.736" endtime="20230614 14:46:13.749"/>
</kw>
<status status="PASS" starttime="20230614 14:46:13.455" endtime="20230614 14:46:13.749"/>
</kw>
<kw name="After Tests" library="test_keywords_common" type="TEARDOWN">
<kw name="Close Browser" library="SeleniumLibrary">
<doc>Closes the current browser.</doc>
<status status="PASS" starttime="20230614 14:46:13.750" endtime="20230614 14:46:13.805"/>
</kw>
<status status="PASS" starttime="20230614 14:46:13.749" endtime="20230614 14:46:13.805"/>
</kw>
<tag>e2e</tag>
<status status="PASS" starttime="20230614 14:46:10.955" endtime="20230614 14:46:13.805"/>
</test>
<test id="s1-s2-s1-t2" name="Scenario: Signup done successfully" line="16">
<kw name="Before Tests" library="test_keywords_common" type="SETUP">
<kw name="Open Browser" library="SeleniumLibrary">
<arg>${SERVER_BASE_URL}</arg>
<arg>${HEADLESS} ${BROWSER}</arg>
<doc>Opens a new browser instance to the optional ``url``.</doc>
<msg timestamp="20230614 14:46:13.807" level="INFO">Opening browser 'headless Chrome' to base url 'https://front.serverest.dev/'.</msg>
<status status="PASS" starttime="20230614 14:46:13.807" endtime="20230614 14:46:14.919"/>
</kw>
<kw name="Maximize Browser Window" library="SeleniumLibrary">
<doc>Maximizes current browser window.</doc>
<status status="PASS" starttime="20230614 14:46:14.919" endtime="20230614 14:46:15.023"/>
</kw>
<status status="PASS" starttime="20230614 14:46:13.806" endtime="20230614 14:46:15.023"/>
</kw>
<kw name="Given Im on the signup page" library="test_keywords_signup">
<kw name="Location Should Be" library="SeleniumLibrary">
<arg>https://front.serverest.dev/login</arg>
<doc>Verifies that the current URL is exactly ``url``.</doc>
<msg timestamp="20230614 14:46:15.028" level="INFO">Current location is 'https://front.serverest.dev/login'.</msg>
<status status="PASS" starttime="20230614 14:46:15.023" endtime="20230614 14:46:15.028"/>
</kw>
<kw name="Click Element" library="SeleniumLibrary">
<arg>css=a.btn.btn-link</arg>
<doc>Click the element identified by ``locator``.</doc>
<msg timestamp="20230614 14:46:15.029" level="INFO">Clicking element 'css=a.btn.btn-link'.</msg>
<status status="PASS" starttime="20230614 14:46:15.028" endtime="20230614 14:46:15.106"/>
</kw>
<status status="PASS" starttime="20230614 14:46:15.023" endtime="20230614 14:46:15.106"/>
</kw>
<kw name="And I fill in the signup fields with valid data" library="test_keywords_signup">
<kw name="Name" library="FakerLibrary">
<var>${name}</var>
<doc>:example 'John Doe'</doc>
<msg timestamp="20230614 14:46:15.107" level="INFO">${name} = Anthony Shaw</msg>
<status status="PASS" starttime="20230614 14:46:15.106" endtime="20230614 14:46:15.107"/>
</kw>
<kw name="Email" library="FakerLibrary">
<var>${email}</var>
<msg timestamp="20230614 14:46:15.107" level="INFO">${email} = glovermelissa@example.net</msg>
<status status="PASS" starttime="20230614 14:46:15.107" endtime="20230614 14:46:15.107"/>
</kw>
<kw name="Password" library="FakerLibrary">
<var>${password}</var>
<arg>length=12</arg>
<arg>special_chars=False</arg>
<doc>Generate a random password of the specified ``length``.</doc>
<msg timestamp="20230614 14:46:15.108" level="INFO">${password} = G4l2UyUnVBBH</msg>
<status status="PASS" starttime="20230614 14:46:15.108" endtime="20230614 14:46:15.108"/>
</kw>
<kw name="Input Text" library="SeleniumLibrary">
<arg>id:nome</arg>
<arg>${name}</arg>
<doc>Types the given ``text`` into the text field identified by ``locator``.</doc>
<msg timestamp="20230614 14:46:15.109" level="INFO">Typing text 'Anthony Shaw' into text field 'id:nome'.</msg>
<status status="PASS" starttime="20230614 14:46:15.108" endtime="20230614 14:46:15.231"/>
</kw>
<kw name="Input Text" library="SeleniumLibrary">
<arg>id:email</arg>
<arg>${email}</arg>
<doc>Types the given ``text`` into the text field identified by ``locator``.</doc>
<msg timestamp="20230614 14:46:15.232" level="INFO">Typing text 'glovermelissa@example.net' into text field 'id:email'.</msg>
<status status="PASS" starttime="20230614 14:46:15.231" endtime="20230614 14:46:15.360"/>
</kw>
<kw name="Input Text" library="SeleniumLibrary">
<arg>id:password</arg>
<arg>${password}</arg>
<doc>Types the given ``text`` into the text field identified by ``locator``.</doc>
<msg timestamp="20230614 14:46:15.360" level="INFO">Typing text 'G4l2UyUnVBBH' into text field 'id:password'.</msg>
<status status="PASS" starttime="20230614 14:46:15.360" endtime="20230614 14:46:15.451"/>
</kw>
<kw name="Select Checkbox" library="SeleniumLibrary">
<arg>id=administrador</arg>
<doc>Selects the checkbox identified by ``locator``.</doc>
<msg timestamp="20230614 14:46:15.452" level="INFO">Selecting checkbox 'id=administrador'.</msg>
<status status="PASS" starttime="20230614 14:46:15.452" endtime="20230614 14:46:15.526"/>
</kw>
<kw name="Set Suite Variable" library="BuiltIn">
<arg>${name}</arg>
<doc>Makes a variable available everywhere within the scope of the current suite.</doc>
<msg timestamp="20230614 14:46:15.527" level="INFO">${name} = Anthony Shaw</msg>
<status status="PASS" starttime="20230614 14:46:15.527" endtime="20230614 14:46:15.527"/>
</kw>
<kw name="Set Suite Variable" library="BuiltIn">
<arg>${email}</arg>
<doc>Makes a variable available everywhere within the scope of the current suite.</doc>
<msg timestamp="20230614 14:46:15.527" level="INFO">${email} = glovermelissa@example.net</msg>
<status status="PASS" starttime="20230614 14:46:15.527" endtime="20230614 14:46:15.527"/>
</kw>
<kw name="Set Suite Variable" library="BuiltIn">
<arg>${password}</arg>
<doc>Makes a variable available everywhere within the scope of the current suite.</doc>
<msg timestamp="20230614 14:46:15.528" level="INFO">${password} = G4l2UyUnVBBH</msg>
<status status="PASS" starttime="20230614 14:46:15.528" endtime="20230614 14:46:15.528"/>
</kw>
<status status="PASS" starttime="20230614 14:46:15.106" endtime="20230614 14:46:15.528"/>
</kw>
<kw name="When I click in signup" library="test_keywords_signup">
<kw name="Click Button" library="SeleniumLibrary">
<arg>css=.btn.btn-primary</arg>
<doc>Clicks the button identified by ``locator``.</doc>
<msg timestamp="20230614 14:46:15.529" level="INFO">Clicking button 'css=.btn.btn-primary'.</msg>
<status status="PASS" starttime="20230614 14:46:15.528" endtime="20230614 14:46:15.588"/>
</kw>
<status status="PASS" starttime="20230614 14:46:15.528" endtime="20230614 14:46:15.588"/>
</kw>
<kw name="Then the page should contain the text &quot;Cadastro realizado com sucesso&quot;" library="test_keywords_signup" sourcename="Then the page should contain the text &quot;${expected_text}&quot;">
<kw name="Wait Until Element Is Visible" library="SeleniumLibrary">
<arg>css=.alert-dismissible</arg>
<arg>timeout=10s</arg>
<doc>Waits until the element ``locator`` is visible.</doc>
<status status="PASS" starttime="20230614 14:46:15.589" endtime="20230614 14:46:15.824"/>
</kw>
<kw name="Element Should Be Visible" library="SeleniumLibrary">
<arg>css=.alert-dismissible</arg>
<doc>Verifies that the element identified by ``locator`` is visible.</doc>
<msg timestamp="20230614 14:46:15.842" level="INFO">Element 'css=.alert-dismissible' is displayed.</msg>
<status status="PASS" starttime="20230614 14:46:15.824" endtime="20230614 14:46:15.843"/>
</kw>
<kw name="Page Should Contain" library="SeleniumLibrary">
<arg>${expected_text}</arg>
<doc>Verifies that current page contains ``text``.</doc>
<msg timestamp="20230614 14:46:15.855" level="INFO">Current page contains text 'Cadastro realizado com sucesso'.</msg>
<status status="PASS" starttime="20230614 14:46:15.843" endtime="20230614 14:46:15.856"/>
</kw>
<status status="PASS" starttime="20230614 14:46:15.588" endtime="20230614 14:46:15.856"/>
</kw>
<kw name="After Tests" library="test_keywords_common" type="TEARDOWN">
<kw name="Close Browser" library="SeleniumLibrary">
<doc>Closes the current browser.</doc>
<status status="PASS" starttime="20230614 14:46:15.856" endtime="20230614 14:46:15.912"/>
</kw>
<status status="PASS" starttime="20230614 14:46:15.856" endtime="20230614 14:46:15.912"/>
</kw>
<tag>e2e</tag>
<status status="PASS" starttime="20230614 14:46:13.806" endtime="20230614 14:46:15.912"/>
</test>
<test id="s1-s2-s1-t3" name="Scenario: Signup with already used email" line="23">
<kw name="Before Tests" library="test_keywords_common" type="SETUP">
<kw name="Open Browser" library="SeleniumLibrary">
<arg>${SERVER_BASE_URL}</arg>
<arg>${HEADLESS} ${BROWSER}</arg>
<doc>Opens a new browser instance to the optional ``url``.</doc>
<msg timestamp="20230614 14:46:15.914" level="INFO">Opening browser 'headless Chrome' to base url 'https://front.serverest.dev/'.</msg>
<status status="PASS" starttime="20230614 14:46:15.913" endtime="20230614 14:46:16.976"/>
</kw>
<kw name="Maximize Browser Window" library="SeleniumLibrary">
<doc>Maximizes current browser window.</doc>
<status status="PASS" starttime="20230614 14:46:16.977" endtime="20230614 14:46:17.080"/>
</kw>
<status status="PASS" starttime="20230614 14:46:15.913" endtime="20230614 14:46:17.080"/>
</kw>
<kw name="Given Im on the signup page" library="test_keywords_signup">
<kw name="Location Should Be" library="SeleniumLibrary">
<arg>https://front.serverest.dev/login</arg>
<doc>Verifies that the current URL is exactly ``url``.</doc>
<msg timestamp="20230614 14:46:17.085" level="INFO">Current location is 'https://front.serverest.dev/login'.</msg>
<status status="PASS" starttime="20230614 14:46:17.081" endtime="20230614 14:46:17.085"/>
</kw>
<kw name="Click Element" library="SeleniumLibrary">
<arg>css=a.btn.btn-link</arg>
<doc>Click the element identified by ``locator``.</doc>
<msg timestamp="20230614 14:46:17.086" level="INFO">Clicking element 'css=a.btn.btn-link'.</msg>
<status status="PASS" starttime="20230614 14:46:17.086" endtime="20230614 14:46:17.165"/>
</kw>
<status status="PASS" starttime="20230614 14:46:17.080" endtime="20230614 14:46:17.165"/>
</kw>
<kw name="And I fill in the signup fields with an email already registered" library="test_keywords_signup">
<kw name="Input Text" library="SeleniumLibrary">
<arg>id:nome</arg>
<arg>${name}</arg>
<doc>Types the given ``text`` into the text field identified by ``locator``.</doc>
<msg timestamp="20230614 14:46:17.166" level="INFO">Typing text 'Anthony Shaw' into text field 'id:nome'.</msg>
<status status="PASS" starttime="20230614 14:46:17.165" endtime="20230614 14:46:17.285"/>
</kw>
<kw name="Input Text" library="SeleniumLibrary">
<arg>id:email</arg>
<arg>${email}</arg>
<doc>Types the given ``text`` into the text field identified by ``locator``.</doc>
<msg timestamp="20230614 14:46:17.286" level="INFO">Typing text 'glovermelissa@example.net' into text field 'id:email'.</msg>
<status status="PASS" starttime="20230614 14:46:17.286" endtime="20230614 14:46:17.388"/>
</kw>
<kw name="Input Text" library="SeleniumLibrary">
<arg>id:password</arg>
<arg>${password}</arg>
<doc>Types the given ``text`` into the text field identified by ``locator``.</doc>
<msg timestamp="20230614 14:46:17.389" level="INFO">Typing text 'G4l2UyUnVBBH' into text field 'id:password'.</msg>
<status status="PASS" starttime="20230614 14:46:17.389" endtime="20230614 14:46:17.490"/>
</kw>
<kw name="Select Checkbox" library="SeleniumLibrary">
<arg>id=administrador</arg>
<doc>Selects the checkbox identified by ``locator``.</doc>
<msg timestamp="20230614 14:46:17.491" level="INFO">Selecting checkbox 'id=administrador'.</msg>
<status status="PASS" starttime="20230614 14:46:17.490" endtime="20230614 14:46:17.565"/>
</kw>
<status status="PASS" starttime="20230614 14:46:17.165" endtime="20230614 14:46:17.565"/>
</kw>
<kw name="When I click in signup" library="test_keywords_signup">
<kw name="Click Button" library="SeleniumLibrary">
<arg>css=.btn.btn-primary</arg>
<doc>Clicks the button identified by ``locator``.</doc>
<msg timestamp="20230614 14:46:17.566" level="INFO">Clicking button 'css=.btn.btn-primary'.</msg>
<status status="PASS" starttime="20230614 14:46:17.566" endtime="20230614 14:46:17.626"/>
</kw>
<status status="PASS" starttime="20230614 14:46:17.565" endtime="20230614 14:46:17.626"/>
</kw>
<kw name="Then the page should contain the text &quot;Este email já está sendo usado&quot;" library="test_keywords_signup" sourcename="Then the page should contain the text &quot;${expected_text}&quot;">
<kw name="Wait Until Element Is Visible" library="SeleniumLibrary">
<arg>css=.alert-dismissible</arg>
<arg>timeout=10s</arg>
<doc>Waits until the element ``locator`` is visible.</doc>
<status status="PASS" starttime="20230614 14:46:17.627" endtime="20230614 14:46:17.861"/>
</kw>
<kw name="Element Should Be Visible" library="SeleniumLibrary">
<arg>css=.alert-dismissible</arg>
<doc>Verifies that the element identified by ``locator`` is visible.</doc>
<msg timestamp="20230614 14:46:17.879" level="INFO">Element 'css=.alert-dismissible' is displayed.</msg>
<status status="PASS" starttime="20230614 14:46:17.861" endtime="20230614 14:46:17.879"/>
</kw>
<kw name="Page Should Contain" library="SeleniumLibrary">
<arg>${expected_text}</arg>
<doc>Verifies that current page contains ``text``.</doc>
<msg timestamp="20230614 14:46:17.893" level="INFO">Current page contains text 'Este email já está sendo usado'.</msg>
<status status="PASS" starttime="20230614 14:46:17.879" endtime="20230614 14:46:17.893"/>
</kw>
<status status="PASS" starttime="20230614 14:46:17.626" endtime="20230614 14:46:17.893"/>
</kw>
<kw name="After Tests" library="test_keywords_common" type="TEARDOWN">
<kw name="Close Browser" library="SeleniumLibrary">
<doc>Closes the current browser.</doc>
<status status="PASS" starttime="20230614 14:46:17.893" endtime="20230614 14:46:17.948"/>
</kw>
<status status="PASS" starttime="20230614 14:46:17.893" endtime="20230614 14:46:17.948"/>
</kw>
<tag>e2e</tag>
<status status="PASS" starttime="20230614 14:46:15.912" endtime="20230614 14:46:17.948"/>
</test>
<status status="PASS" starttime="20230614 14:46:10.947" endtime="20230614 14:46:17.949"/>
</suite>
<status status="PASS" starttime="20230614 14:46:10.946" endtime="20230614 14:46:17.950"/>
</suite>
<status status="PASS" starttime="20230614 14:46:09.769" endtime="20230614 14:46:17.951"/>
</suite>
<statistics>
<total>
<stat pass="8" fail="0" skip="0">All Tests</stat>
</total>
<tag>
<stat pass="5" fail="0" skip="0">api</stat>
<stat pass="3" fail="0" skip="0">e2e</stat>
</tag>
<suite>
<stat pass="8" fail="0" skip="0" id="s1" name="Tests">Tests</stat>
<stat pass="5" fail="0" skip="0" id="s1-s1" name="Api">Tests.Api</stat>
<stat pass="5" fail="0" skip="0" id="s1-s1-s1" name="Test Api Users">Tests.Api.Test Api Users</stat>
<stat pass="3" fail="0" skip="0" id="s1-s2" name="E2E">Tests.E2E</stat>
<stat pass="3" fail="0" skip="0" id="s1-s2-s1" name="Test Ui Signup">Tests.E2E.Test Ui Signup</stat>
</suite>
</statistics>
<errors>
</errors>
</robot>
