<?xml version="1.0" encoding="UTF-8"?>
<robot generator="Robot 7.0 (Python 3.8.18 on linux)" generated="2024-04-09T00:10:53.559477" rpa="false" schemaversion="5">
<suite id="s1" name="Tests" source="/home/runner/work/gen-ai-robot-test/gen-ai-robot-test/tests">
<suite id="s1-s1" name="Api" source="/home/runner/work/gen-ai-robot-test/gen-ai-robot-test/tests/api">
<suite id="s1-s1-s1" name="Test Api Users" source="/home/runner/work/gen-ai-robot-test/gen-ai-robot-test/tests/api/test_api_users.robot">
<test id="s1-s1-s1-t1" name="Scenario: Get all registered users" line="9">
<kw name="Before Tests" owner="test_keywords_common" type="SETUP">
<kw name="Create Session" owner="RequestsLibrary">
<msg time="2024-04-09T00:10:54.248814" level="INFO">Creating Session using : alias=serverest, url=https://serverest.dev, headers={},                     cookies={}, auth=None, timeout=None, proxies=None, verify=False,                     debug=0 </msg>
<arg>serverest</arg>
<arg>${SERVER_BASE_URL}</arg>
<arg>disable_warnings=True</arg>
<doc>Create Session: create a HTTP session to a server</doc>
<status status="PASS" start="2024-04-09T00:10:54.248479" elapsed="0.000628"/>
</kw>
<status status="PASS" start="2024-04-09T00:10:54.247188" elapsed="0.002034"/>
</kw>
<kw name="When I request the list of all registered users" owner="test_keywords_users">
<kw name="GET On Session" owner="RequestsLibrary">
<msg time="2024-04-09T00:10:54.534129" level="INFO">GET Request : url=https://serverest.dev/usuarios 
 path_url=/usuarios 
 headers={'User-Agent': 'python-requests/2.31.0', 'Accept-Encoding': 'gzip, deflate', 'Accept': '*/*', 'Connection': 'keep-alive'} 
 body=None 
 </msg>
<msg time="2024-04-09T00:10:54.534371" level="INFO">GET Response : url=https://serverest.dev/usuarios 
 status=200, reason=OK 
 headers={'access-control-allow-origin': '*', 'x-dns-prefetch-control': 'off', 'x-frame-options': 'SAMEORIGIN', 'strict-transport-security': 'max-age=15552000; includeSubDomains', 'x-download-options': 'noopen', 'x-content-type-options': 'nosniff', 'x-xss-protection': '1; mode=block', 'content-type': 'application/json; charset=utf-8', 'X-Cloud-Trace-Context': 'b027c9b8e133c52d59852f6cce75e532;o=1', 'Date': 'Tue, 09 Apr 2024 00:10:54 GMT', 'Server': 'Google Frontend', 'Content-Length': '72300'} 
 body={
    "quantidade": 321,
    "usuarios": [
        {
            "nome": "yuriaaaa",
            "email": "beltrano33333@qa.com.br",
            "password": "teste",
            "administrador": "true",
            "_id": "0cZnfbkYcyrwKtC2"
        },
        {
            "nome": "Brendan MacGyver",
            "email": "Buddy26@qa.com.br",
            "password": "teste",
            "administrador": "true",
            "_id": "0dvTsKkq5SqBC7T9"
        },
        {
            "nome": "Breno Freitas",
            "email": "Judson_Marks@hotmail.com",
            "password": "teste",
            "administrador": "true",
            "_id": "0f2VgKRWf7BddUZQ"
        },
        {
            "nome": "Eliud Kipchoge",
            "email": "ek@gmail.com",
            "password": "teste",
            "administrador": "true",
            "_id": "0fQL3XvLydFo9f1u"
        },
        {
            "nome": "TC02 Blick-Dooley",
            "email": "TC0219@gmail.com",
            "password": "L1WTeM",
            "administrador": "true",
            "_id": "0oG3x0Gkh3bDHAr7"
        },
        {
            "nome": "Clara Bernhard-McClure",
            "email": "Alexys.Lind21@yahoo.com",
            "password": "8658TJULUd0t0Lp",
            "administrador": "false",
            "_id": "1EHK8DLrOw1ClsgO"
        },
        {
            "nome": "Fulano da Saaailva",
            "email": "beltrano@aaqa.com.br",
            "password": "teste",
            "administrador": "true",
            "_id": "1lvHKJBUF6qgGQwg"
        },
        {
            "nome": "Lucy Ledner",
            "email": "Andrew.Runte63@hotmail.com",
            "password": "71QoLeGmofRzlup",
            "administrador": "false",
            "_id": "1rwZVflQUle772V3"
        },
        {
            "nome": "Maria Julia Gomes",
            "email": "viniciuscampos@teste.com",
            "password": "Nags1234#",
            "administrador": "true",
            "_id": "2NlIXE1mLrytmha4"
        },
        {
            "nome": "Michelle Wiza Jr.",
            "email": "Janice13@qa.com.br",
            "password": "teste",
            "administrador": "true",
            "_id": "2NzBqvHC2YMW1wfV"
        },
        {
            "nome": "Breno Freitas",
            "email": "Flo.Dietrich@gmail.com",
            "password": "teste",
            "administrador": "true",
            "_id": "2R82KwcWVXSETfue"
        },
        {
            "nome": "Kim Cormier",
            "email": "Niko_Bartoletti@yahoo.com",
            "password": "_HlSFNAwLG27iQ0",
            "administrador": "false",
            "_id": "2YN1G79SFHX8RgSH"
        },
        {
            "nome": "Robert",
            "email": "robert.franklin_1712586785799555@qautomation.com.br",
            "password": "Teste123",
            "administrador": "true",
            "_id": "2bHFk2v03jQfzD9v"
        },
        {
            "nome": "Breno Freitas",
            "email": "Carli.Dooley@gmail.com",
            "password": "UdkHYy5pl87Faqo",
            "administrador": "true",
            "_id": "2gVRy2NPcp8obb6U"
        },
        {
            "nome": "Luiz Assis no PTQS",
            "email": "luizassisnoptqsallain102030@gmail.com",
            "password": "1234",
            "administrador": "true",
            "_id": "2hNVd3wSPWqstOxz"
        },
        {
            "nome": "teste",
            "email": "beltranoa2222a@qa.com.br",
            "password": "teste",
            "administrador": "true",
            "_id": "34fbBcILLuV537D3"
        },
        {
            "nome": "Will",
            "email": "will@qa.com.br",
            "password": "teste",
            "administrador": "true",
            "_id": "3OeGpNZVI8GDpFad"
        },
        {
            "nome": "Bart Allen",
            "email": "roma_armstrong@leuschke-douglas.test.com",
            "password": "gatinho",
            "administrador": "false",
            "_id": "3mayi1SutpPPHhb0"
        },
        {
            "nome": "Mrs. Arlene Wuckert",
            "email": "Sonya_Sauer66@qa.com.br",
            "password": "teste",
            "administrador": "true",
            "_id": "4MppPhp31ZdaC4vN"
        },
        {
            "nome": "Mariana da Mota",
            "email": "da-rosarafael@teste.com",
            "password": "Nags1234#",
            "administrador": "false",
            "_id": "4PNKTuQnfxezmnrH"
        },
        {
            "nome": "Breno Freitas",
            "email": "Nicolette.Hansen77@yahoo.com",
            "password": "teste",
            "administrador": "true",
            "_id": "4t3FgikPL7xOC3Yt"
        },
        {
            "nome": "Marcelle 79217019-724b-4dec-ad85-1e13c6ab9c25",
            "email": "automation-postUser8cbb2114-80ed-41da-954c-b1644b4e1eaa@moviautomation.com",
            "password": "1234",
            "administrador": "true",
            "_id": "5L347KiiVbglzlJ9"
        },
        {
            "nome": "Jared Abernathy",
            "email": "Princess_Johns39@qa.com.br",
            "password": "seKl6HDUucgWbTN",
            "administrador": "true",
            "_id": "5M1a6ypJ7wY1ywT3"
        },
        {
            "nome": "Breno Freitas",
            "email": "Marty_Gusikowski@yahoo.com",
            "password": "rYKcTQrabBiCC_A",
            "administrador": "true",
            "_id": "5PqUTrjpNksvXnwS"
        },
        {
            "nome": "Luiz Assis no PTQS",
            "email": "luizassisnoptqsallain1020@gmail.com",
            "password": "1234",
            "administrador": "true",
            "_id": "5iLRHSgwsxxLylMx"
        },
        {
            "nome": "Rogelio Nienow",
            "email": "Anita_Hackett@gmail.com",
            "password": "UmQVPo2FfcrER9P",
            "administrador": "false",
            "_id": "5kQn07oxTdcipd4F"
        },
        {
            "nome": "Luiz Assis no PTQS",
            "email": "luizassisnoptqsallain@gmail.com",
            "password": "1234",
            "administrador": "true",
            "_id": "61sdcsMEs1gjheDR"
        },
        {
            "nome": "Caio Caiu",
            "email": "caio@qa.com.br",
            "password": "caiu",
            "administrador": "true",
            "_id": "62qqUfi7uBNpOI1Z"
        },
        {
            "nome": "Sabrina Goldner",
            "email": "Oran53@yahoo.com",
            "password": "qhlmD1SZ8DhETtM",
            "administrador": "false",
            "_id": "6hfashJuluWooJiX"
        },
        {
            "nome": "TC02 Durgan",
            "email": "TC02.Larkin@gmail.com",
            "password": "CiA_ab",
            "administrador": "true",
            "_id": "76MOXijPxbKcHMGg"
        },
        {
            "nome": "TC02 Reichel",
            "email": "TC02.Koss@hotmail.com",
            "password": "qiCrpE",
            "administrador": "true",
            "_id": "7rEDP6WTigotlBgE"
        },
        {
            "nome": "Derek",
            "email": "derek.clark_1712587261761742@qautomation.com.br",
            "password": "Teste123",
            "administrador": "false",
            "_id": "87T8DlPTPozYvV73"
        },
        {
            "nome": "Natália Barros",
            "email": "mendeslevi@teste.com",
            "password": "Nags1234#",
            "administrador": "true",
            "_id": "8JWxg2efjXEp3nUZ"
        },
        {
            "nome": "Gene Langworth Sr.",
            "email": "Niko_Schuppe33@yahoo.com",
            "password": "ueB2Fy7VclVuelT",
            "administrador": "false",
            "_id": "8SfIFqpqSNkzBLBB"
        },
        {
            "nome": "JhowPhoenix",
            "email": "JhowPhoenix@qa.com.br",
            "password": "teste",
            "administrador": "true",
            "_id": "8nmzFEwyUu2kmB66"
        },
        {
            "nome": "Terry McGinnis",
            "email": "loraine.frami@dibbert-kassulke.example.com",
            "password": "gatinho",
            "administrador": "false",
            "_id": "9ZxegyGl63wMoEDG"
        },
        {
            "nome": "Sandra Mann II",
            "email": "Stella.Mosciski92@hotmail.com",
            "password": "PZKYK9sww3SM8If",
            "administrador": "false",
            "_id": "9rEFVRNM3kryDQ6Z"
        },
        {
            "nome": "Scott Grady",
            "email": "Lois61@yahoo.com",
            "password": "v0LLDjfaJtgJs9D",
            "administrador": "true",
            "_id": "A3ISXySfvJdt1SqK"
        },
        {
            "nome": "Breno Freitas",
            "email": "Kathryn_Rau@yahoo.com",
            "password": "teste",
            "administrador": "true",
            "_id": "A7FyYTL8724RFtH5"
        },
        {
            "nome": "Fernanda Felícia",
            "email": "nu.murphy@mann.com",
            "password": "gatinho",
            "administrador": "false",
            "_id": "AAwN90wsZ3IoInpK"
        },
        {
            "nome": "Kiana b26fa01c-609d-44b9-b897-3ec3474d1a79",
            "email": "automation-postUserb33bfec2-95f9-42ec-9f03-06121df5aea4@moviautomation.com",
            "password": "1234",
            "administrador": "true",
            "_id": "ANFxW6hWFLdYoqoV"
        },
        {
            "nome": "TC02 Daugherty",
            "email": "TC02.Schowalter@yahoo.com",
            "password": "wfQz_e",
            "administrador": "true",
            "_id": "ASCCftfZGXn0RUP1"
        },
        {
            "nome": "Johnnie O'Kon",
            "email": "Chasity95@qa.com.br",
            "password": "praticajuntos",
            "administrador": "true",
            "_id": "ATbRxZ1zxzN8ZANx"
        },
        {
            "nome": "Fulano da Silva",
            "email": "zxvo@emailteste.com",
            "password": "1234",
            "administrador": "true",
            "_id": "AVZjhu73djWXATDL"
        },
        {
            "nome": "Breno Freitas",
            "email": "Vergie41@yahoo.com",
            "password": "teste",
            "administrador"... (set the log level to DEBUG or TRACE to see the full content) 
 </msg>
<msg time="2024-04-09T00:10:54.534698" level="INFO">${response} = &lt;Response [200]&gt;</msg>
<var>${response}</var>
<arg>serverest</arg>
<arg>${USERS_API_ENDPOINT}</arg>
<doc>Sends a GET request on a previously created HTTP Session.</doc>
<status status="PASS" start="2024-04-09T00:10:54.249699" elapsed="0.285035"/>
</kw>
<kw name="Set Test Variable" owner="BuiltIn">
<msg time="2024-04-09T00:10:54.535285" level="INFO">${response} = &lt;Response [200]&gt;</msg>
<arg>${response}</arg>
<doc>Makes a variable available everywhere within the scope of the current test.</doc>
<status status="PASS" start="2024-04-09T00:10:54.535004" elapsed="0.000330"/>
</kw>
<status status="PASS" start="2024-04-09T00:10:54.249428" elapsed="0.285996"/>
</kw>
<kw name="Then the response status code should be 200" owner="test_keywords_users" source_name="Then the response status code should be ${status_code}">
<kw name="Should Be Equal As Numbers" owner="BuiltIn">
<msg time="2024-04-09T00:10:54.536541" level="INFO">Argument types are:
&lt;class 'int'&gt;
&lt;class 'str'&gt;</msg>
<arg>${response.status_code}</arg>
<arg>${status_code}</arg>
<doc>Fails if objects are unequal after converting them to real numbers.</doc>
<status status="PASS" start="2024-04-09T00:10:54.536022" elapsed="0.000597"/>
</kw>
<kw name="Should Be True" owner="BuiltIn">
<arg>${response.json()}</arg>
<doc>Fails if the given condition is not true.</doc>
<status status="PASS" start="2024-04-09T00:10:54.536763" elapsed="0.000956"/>
</kw>
<status status="PASS" start="2024-04-09T00:10:54.535693" elapsed="0.002111"/>
</kw>
<kw name="And the response body should not be empty" owner="test_keywords_users">
<kw name="Should Not Be Empty" owner="BuiltIn">
<msg time="2024-04-09T00:10:54.538976" level="INFO">Length is 2.</msg>
<arg>${response.json()}</arg>
<doc>Verifies that the given item is not empty.</doc>
<status status="PASS" start="2024-04-09T00:10:54.538230" elapsed="0.000818"/>
</kw>
<status status="PASS" start="2024-04-09T00:10:54.537966" elapsed="0.001159"/>
</kw>
<tag>api</tag>
<status status="PASS" start="2024-04-09T00:10:54.246448" elapsed="0.292807"/>
</test>
<test id="s1-s1-s1-t2" name="Scenario: Create a new user" line="15">
<kw name="Before Tests" owner="test_keywords_common" type="SETUP">
<kw name="Create Session" owner="RequestsLibrary">
<msg time="2024-04-09T00:10:54.540563" level="INFO">Creating Session using : alias=serverest, url=https://serverest.dev, headers={},                     cookies={}, auth=None, timeout=None, proxies=None, verify=False,                     debug=0 </msg>
<arg>serverest</arg>
<arg>${SERVER_BASE_URL}</arg>
<arg>disable_warnings=True</arg>
<doc>Create Session: create a HTTP session to a server</doc>
<status status="PASS" start="2024-04-09T00:10:54.540303" elapsed="0.000462"/>
</kw>
<status status="PASS" start="2024-04-09T00:10:54.540047" elapsed="0.000804"/>
</kw>
<kw name="Given I have a valid user data" owner="test_keywords_users">
<kw name="Name" owner="FakerLibrary">
<msg time="2024-04-09T00:10:54.541663" level="INFO">${name} = Jessica Cuevas</msg>
<var>${name}</var>
<doc>:example: 'John Doe'</doc>
<status status="PASS" start="2024-04-09T00:10:54.541306" elapsed="0.000387"/>
</kw>
<kw name="Email" owner="FakerLibrary">
<msg time="2024-04-09T00:10:54.542158" level="INFO">${email} = williammiller@example.net</msg>
<var>${email}</var>
<status status="PASS" start="2024-04-09T00:10:54.541826" elapsed="0.000362"/>
</kw>
<kw name="Password" owner="FakerLibrary">
<msg time="2024-04-09T00:10:54.542590" level="INFO">${password} = 0C4PJdBRH9aK</msg>
<var>${password}</var>
<arg>length=12</arg>
<arg>special_chars=False</arg>
<doc>Generate a random password of the specified ``length``.</doc>
<status status="PASS" start="2024-04-09T00:10:54.542321" elapsed="0.000299"/>
</kw>
<kw name="Set Suite Variable" owner="BuiltIn">
<msg time="2024-04-09T00:10:54.542976" level="INFO">${name} = Jessica Cuevas</msg>
<arg>${name}</arg>
<doc>Makes a variable available everywhere within the scope of the current suite.</doc>
<status status="PASS" start="2024-04-09T00:10:54.542772" elapsed="0.000248"/>
</kw>
<kw name="Set Suite Variable" owner="BuiltIn">
<msg time="2024-04-09T00:10:54.543341" level="INFO">${email} = williammiller@example.net</msg>
<arg>${email}</arg>
<doc>Makes a variable available everywhere within the scope of the current suite.</doc>
<status status="PASS" start="2024-04-09T00:10:54.543156" elapsed="0.000226"/>
</kw>
<kw name="Set Suite Variable" owner="BuiltIn">
<msg time="2024-04-09T00:10:54.543760" level="INFO">${password} = 0C4PJdBRH9aK</msg>
<arg>${password}</arg>
<doc>Makes a variable available everywhere within the scope of the current suite.</doc>
<status status="PASS" start="2024-04-09T00:10:54.543562" elapsed="0.000241"/>
</kw>
<status status="PASS" start="2024-04-09T00:10:54.541047" elapsed="0.002828"/>
</kw>
<kw name="When I create the user" owner="test_keywords_users">
<kw name="Create Dictionary" owner="BuiltIn">
<msg time="2024-04-09T00:10:54.544710" level="INFO">${payload} = {'nome': 'Jessica Cuevas', 'email': 'williammiller@example.net', 'password': '0C4PJdBRH9aK', 'administrador': 'false'}</msg>
<var>${payload}</var>
<arg>nome=${name}</arg>
<arg>email=${email}</arg>
<arg>password=${password}</arg>
<arg>administrador=false</arg>
<doc>Creates and returns a dictionary based on the given ``items``.</doc>
<status status="PASS" start="2024-04-09T00:10:54.544310" elapsed="0.000429"/>
</kw>
<kw name="Create Dictionary" owner="BuiltIn">
<msg time="2024-04-09T00:10:54.545067" level="INFO">${headers} = {'Content-Type': 'application/json'}</msg>
<var>${headers}</var>
<arg>Content-Type=application/json</arg>
<doc>Creates and returns a dictionary based on the given ``items``.</doc>
<status status="PASS" start="2024-04-09T00:10:54.544893" elapsed="0.000201"/>
</kw>
<kw name="POST On Session" owner="RequestsLibrary">
<msg time="2024-04-09T00:10:54.642604" level="INFO">POST Request : url=https://serverest.dev/usuarios 
 path_url=/usuarios 
 headers={'User-Agent': 'python-requests/2.31.0', 'Accept-Encoding': 'gzip, deflate', 'Accept': '*/*', 'Connection': 'keep-alive', 'Content-Type': 'application/json', 'Content-Length': '118'} 
 body=b'{"nome": "Jessica Cuevas", "email": "williammiller@example.net", "password": "0C4PJdBRH9aK", "administrador": "false"}' 
 </msg>
<msg time="2024-04-09T00:10:54.642680" level="INFO">POST Response : url=https://serverest.dev/usuarios 
 status=201, reason=Created 
 headers={'access-control-allow-origin': '*', 'x-dns-prefetch-control': 'off', 'x-frame-options': 'SAMEORIGIN', 'strict-transport-security': 'max-age=15552000; includeSubDomains', 'x-download-options': 'noopen', 'x-content-type-options': 'nosniff', 'x-xss-protection': '1; mode=block', 'content-type': 'application/json; charset=utf-8', 'X-Cloud-Trace-Context': '8d3e4153cfa35384dfa9c2587efcaf90', 'Date': 'Tue, 09 Apr 2024 00:10:54 GMT', 'Server': 'Google Frontend', 'Content-Length': '82'} 
 body={
    "message": "Cadastro realizado com sucesso",
    "_id": "BBlVB0Okdvz00ilf"
} 
 </msg>
<msg time="2024-04-09T00:10:54.642800" level="INFO">${response} = &lt;Response [201]&gt;</msg>
<var>${response}</var>
<arg>serverest</arg>
<arg>${USERS_API_ENDPOINT}</arg>
<arg>json=${payload}</arg>
<arg>headers=${headers}</arg>
<doc>Sends a POST request on a previously created HTTP Session.</doc>
<status status="PASS" start="2024-04-09T00:10:54.545233" elapsed="0.097597"/>
</kw>
<kw name="Set Variable" owner="BuiltIn">
<msg time="2024-04-09T00:10:54.643559" level="INFO">${user_id} = BBlVB0Okdvz00ilf</msg>
<var>${user_id}</var>
<arg>${response.json()['_id']}</arg>
<doc>Returns the given values which can then be assigned to a variables.</doc>
<status status="PASS" start="2024-04-09T00:10:54.643012" elapsed="0.000578"/>
</kw>
<kw name="Set Global Variable" owner="BuiltIn">
<msg time="2024-04-09T00:10:54.644015" level="INFO">${USER_ID} = BBlVB0Okdvz00ilf</msg>
<arg>${USER_ID}</arg>
<arg>${user_id}</arg>
<doc>Makes a variable available globally in all tests and suites.</doc>
<status status="PASS" start="2024-04-09T00:10:54.643746" elapsed="0.000317"/>
</kw>
<kw name="Set Test Variable" owner="BuiltIn">
<msg time="2024-04-09T00:10:54.644452" level="INFO">${response} = &lt;Response [201]&gt;</msg>
<arg>${response}</arg>
<doc>Makes a variable available everywhere within the scope of the current test.</doc>
<status status="PASS" start="2024-04-09T00:10:54.644209" elapsed="0.000291"/>
</kw>
<status status="PASS" start="2024-04-09T00:10:54.544053" elapsed="0.100525"/>
</kw>
<kw name="Then the response status code should be 201" owner="test_keywords_users" source_name="Then the response status code should be ${status_code}">
<kw name="Should Be Equal As Numbers" owner="BuiltIn">
<msg time="2024-04-09T00:10:54.645519" level="INFO">Argument types are:
&lt;class 'int'&gt;
&lt;class 'str'&gt;</msg>
<arg>${response.status_code}</arg>
<arg>${status_code}</arg>
<doc>Fails if objects are unequal after converting them to real numbers.</doc>
<status status="PASS" start="2024-04-09T00:10:54.645054" elapsed="0.000530"/>
</kw>
<kw name="Should Be True" owner="BuiltIn">
<arg>${response.json()}</arg>
<doc>Fails if the given condition is not true.</doc>
<status status="PASS" start="2024-04-09T00:10:54.645726" elapsed="0.000443"/>
</kw>
<status status="PASS" start="2024-04-09T00:10:54.644758" elapsed="0.001490"/>
</kw>
<kw name="And the response body should not be empty" owner="test_keywords_users">
<kw name="Should Not Be Empty" owner="BuiltIn">
<msg time="2024-04-09T00:10:54.647090" level="INFO">Length is 2.</msg>
<arg>${response.json()}</arg>
<doc>Verifies that the given item is not empty.</doc>
<status status="PASS" start="2024-04-09T00:10:54.646670" elapsed="0.000471"/>
</kw>
<status status="PASS" start="2024-04-09T00:10:54.646408" elapsed="0.000808"/>
</kw>
<tag>api</tag>
<status status="PASS" start="2024-04-09T00:10:54.539626" elapsed="0.107711"/>
</test>
<test id="s1-s1-s1-t3" name="Scenario: Get a specific user informations" line="22">
<kw name="Before Tests" owner="test_keywords_common" type="SETUP">
<kw name="Create Session" owner="RequestsLibrary">
<msg time="2024-04-09T00:10:54.648579" level="INFO">Creating Session using : alias=serverest, url=https://serverest.dev, headers={},                     cookies={}, auth=None, timeout=None, proxies=None, verify=False,                     debug=0 </msg>
<arg>serverest</arg>
<arg>${SERVER_BASE_URL}</arg>
<arg>disable_warnings=True</arg>
<doc>Create Session: create a HTTP session to a server</doc>
<status status="PASS" start="2024-04-09T00:10:54.648327" elapsed="0.000440"/>
</kw>
<status status="PASS" start="2024-04-09T00:10:54.648073" elapsed="0.000780"/>
</kw>
<kw name="When I request the created user" owner="test_keywords_users">
<kw name="GET On Session" owner="RequestsLibrary">
<msg time="2024-04-09T00:10:54.749478" level="INFO">GET Request : url=https://serverest.dev/usuarios/BBlVB0Okdvz00ilf 
 path_url=/usuarios/BBlVB0Okdvz00ilf 
 headers={'User-Agent': 'python-requests/2.31.0', 'Accept-Encoding': 'gzip, deflate', 'Accept': '*/*', 'Connection': 'keep-alive'} 
 body=None 
 </msg>
<msg time="2024-04-09T00:10:54.749564" level="INFO">GET Response : url=https://serverest.dev/usuarios/BBlVB0Okdvz00ilf 
 status=200, reason=OK 
 headers={'access-control-allow-origin': '*', 'x-dns-prefetch-control': 'off', 'x-frame-options': 'SAMEORIGIN', 'strict-transport-security': 'max-age=15552000; includeSubDomains', 'x-download-options': 'noopen', 'x-content-type-options': 'nosniff', 'x-xss-protection': '1; mode=block', 'content-type': 'application/json; charset=utf-8', 'X-Cloud-Trace-Context': '5af05849f950dade97135f9248fc7ee3', 'Date': 'Tue, 09 Apr 2024 00:10:54 GMT', 'Server': 'Google Frontend', 'Content-Length': '167'} 
 body={
    "nome": "Jessica Cuevas",
    "email": "williammiller@example.net",
    "password": "0C4PJdBRH9aK",
    "administrador": "false",
    "_id": "BBlVB0Okdvz00ilf"
} 
 </msg>
<msg time="2024-04-09T00:10:54.749693" level="INFO">${response} = &lt;Response [200]&gt;</msg>
<var>${response}</var>
<arg>serverest</arg>
<arg>${USERS_API_ENDPOINT}/${USER_ID}</arg>
<doc>Sends a GET request on a previously created HTTP Session.</doc>
<status status="PASS" start="2024-04-09T00:10:54.649286" elapsed="0.100442"/>
</kw>
<kw name="Set Test Variable" owner="BuiltIn">
<msg time="2024-04-09T00:10:54.750159" level="INFO">${response} = &lt;Response [200]&gt;</msg>
<arg>${response}</arg>
<doc>Makes a variable available everywhere within the scope of the current test.</doc>
<status status="PASS" start="2024-04-09T00:10:54.749933" elapsed="0.000274"/>
</kw>
<status status="PASS" start="2024-04-09T00:10:54.649029" elapsed="0.101256"/>
</kw>
<kw name="Then the response status code should be 200" owner="test_keywords_users" source_name="Then the response status code should be ${status_code}">
<kw name="Should Be Equal As Numbers" owner="BuiltIn">
<msg time="2024-04-09T00:10:54.751226" level="INFO">Argument types are:
&lt;class 'int'&gt;
&lt;class 'str'&gt;</msg>
<arg>${response.status_code}</arg>
<arg>${status_code}</arg>
<doc>Fails if objects are unequal after converting them to real numbers.</doc>
<status status="PASS" start="2024-04-09T00:10:54.750759" elapsed="0.000533"/>
</kw>
<kw name="Should Be True" owner="BuiltIn">
<arg>${response.json()}</arg>
<doc>Fails if the given condition is not true.</doc>
<status status="PASS" start="2024-04-09T00:10:54.751469" elapsed="0.000464"/>
</kw>
<status status="PASS" start="2024-04-09T00:10:54.750462" elapsed="0.001551"/>
</kw>
<kw name="And the response body should not be empty" owner="test_keywords_users">
<kw name="Should Not Be Empty" owner="BuiltIn">
<msg time="2024-04-09T00:10:54.752861" level="INFO">Length is 5.</msg>
<arg>${response.json()}</arg>
<doc>Verifies that the given item is not empty.</doc>
<status status="PASS" start="2024-04-09T00:10:54.752431" elapsed="0.000481"/>
</kw>
<status status="PASS" start="2024-04-09T00:10:54.752169" elapsed="0.000819"/>
</kw>
<tag>api</tag>
<status status="PASS" start="2024-04-09T00:10:54.647644" elapsed="0.105464"/>
</test>
<test id="s1-s1-s1-t4" name="Scenario: Update the created user" line="28">
<kw name="Before Tests" owner="test_keywords_common" type="SETUP">
<kw name="Create Session" owner="RequestsLibrary">
<msg time="2024-04-09T00:10:54.754309" level="INFO">Creating Session using : alias=serverest, url=https://serverest.dev, headers={},                     cookies={}, auth=None, timeout=None, proxies=None, verify=False,                     debug=0 </msg>
<arg>serverest</arg>
<arg>${SERVER_BASE_URL}</arg>
<arg>disable_warnings=True</arg>
<doc>Create Session: create a HTTP session to a server</doc>
<status status="PASS" start="2024-04-09T00:10:54.754057" elapsed="0.000441"/>
</kw>
<status status="PASS" start="2024-04-09T00:10:54.753803" elapsed="0.000780"/>
</kw>
<kw name="When I update the created user" owner="test_keywords_users">
<kw name="Create Dictionary" owner="BuiltIn">
<msg time="2024-04-09T00:10:54.755400" level="INFO">${payload} = {'nome': 'John Smith', 'email': 'john.smith@example.com', 'password': 'P@ssw0rd123', 'administrador': 'false'}</msg>
<var>${payload}</var>
<arg>nome=John Smith</arg>
<arg>email=john.smith@example.com</arg>
<arg>password=P@ssw0rd123</arg>
<arg>administrador=false</arg>
<doc>Creates and returns a dictionary based on the given ``items``.</doc>
<status status="PASS" start="2024-04-09T00:10:54.755025" elapsed="0.000406"/>
</kw>
<kw name="Create Dictionary" owner="BuiltIn">
<msg time="2024-04-09T00:10:54.755844" level="INFO">${headers} = {'Content-Type': 'application/json'}</msg>
<var>${headers}</var>
<arg>Content-Type=application/json</arg>
<doc>Creates and returns a dictionary based on the given ``items``.</doc>
<status status="PASS" start="2024-04-09T00:10:54.755660" elapsed="0.000213"/>
</kw>
<kw name="PUT On Session" owner="RequestsLibrary">
<msg time="2024-04-09T00:10:54.852667" level="INFO">PUT Request : url=https://serverest.dev/usuarios/BBlVB0Okdvz00ilf 
 path_url=/usuarios/BBlVB0Okdvz00ilf 
 headers={'User-Agent': 'python-requests/2.31.0', 'Accept-Encoding': 'gzip, deflate', 'Accept': '*/*', 'Connection': 'keep-alive', 'Content-Type': 'application/json', 'Content-Length': '110'} 
 body=b'{"nome": "John Smith", "email": "john.smith@example.com", "password": "P@ssw0rd123", "administrador": "false"}' 
 </msg>
<msg time="2024-04-09T00:10:54.852796" level="INFO">PUT Response : url=https://serverest.dev/usuarios/BBlVB0Okdvz00ilf 
 status=200, reason=OK 
 headers={'access-control-allow-origin': '*', 'x-dns-prefetch-control': 'off', 'x-frame-options': 'SAMEORIGIN', 'strict-transport-security': 'max-age=15552000; includeSubDomains', 'x-download-options': 'noopen', 'x-content-type-options': 'nosniff', 'x-xss-protection': '1; mode=block', 'content-type': 'application/json; charset=utf-8', 'X-Cloud-Trace-Context': 'd6a900cde6416d1f59e13413b86028d9', 'Date': 'Tue, 09 Apr 2024 00:10:54 GMT', 'Server': 'Google Frontend', 'Content-Length': '50'} 
 body={
    "message": "Registro alterado com sucesso"
} 
 </msg>
<msg time="2024-04-09T00:10:54.852938" level="INFO">${response} = &lt;Response [200]&gt;</msg>
<var>${response}</var>
<arg>serverest</arg>
<arg>${USERS_API_ENDPOINT}/${USER_ID}</arg>
<arg>json=${payload}</arg>
<arg>headers=${headers}</arg>
<doc>Sends a PUT request on a previously created HTTP Session.</doc>
<status status="PASS" start="2024-04-09T00:10:54.756011" elapsed="0.096964"/>
</kw>
<kw name="Set Test Variable" owner="BuiltIn">
<msg time="2024-04-09T00:10:54.853393" level="INFO">${response} = &lt;Response [200]&gt;</msg>
<arg>${response}</arg>
<doc>Makes a variable available everywhere within the scope of the current test.</doc>
<status status="PASS" start="2024-04-09T00:10:54.853186" elapsed="0.000254"/>
</kw>
<status status="PASS" start="2024-04-09T00:10:54.754765" elapsed="0.098751"/>
</kw>
<kw name="Then the response status code should be 200" owner="test_keywords_users" source_name="Then the response status code should be ${status_code}">
<kw name="Should Be Equal As Numbers" owner="BuiltIn">
<msg time="2024-04-09T00:10:54.854458" level="INFO">Argument types are:
&lt;class 'int'&gt;
&lt;class 'str'&gt;</msg>
<arg>${response.status_code}</arg>
<arg>${status_code}</arg>
<doc>Fails if objects are unequal after converting them to real numbers.</doc>
<status status="PASS" start="2024-04-09T00:10:54.853983" elapsed="0.000540"/>
</kw>
<kw name="Should Be True" owner="BuiltIn">
<arg>${response.json()}</arg>
<doc>Fails if the given condition is not true.</doc>
<status status="PASS" start="2024-04-09T00:10:54.854669" elapsed="0.000444"/>
</kw>
<status status="PASS" start="2024-04-09T00:10:54.853691" elapsed="0.001503"/>
</kw>
<kw name="And the response body should not be empty" owner="test_keywords_users">
<kw name="Should Not Be Empty" owner="BuiltIn">
<msg time="2024-04-09T00:10:54.856110" level="INFO">Length is 1.</msg>
<arg>${response.json()}</arg>
<doc>Verifies that the given item is not empty.</doc>
<status status="PASS" start="2024-04-09T00:10:54.855679" elapsed="0.000483"/>
</kw>
<status status="PASS" start="2024-04-09T00:10:54.855351" elapsed="0.000887"/>
</kw>
<tag>api</tag>
<status status="PASS" start="2024-04-09T00:10:54.753382" elapsed="0.102976"/>
</test>
<test id="s1-s1-s1-t5" name="Scenario: Delete the created user" line="34">
<kw name="Before Tests" owner="test_keywords_common" type="SETUP">
<kw name="Create Session" owner="RequestsLibrary">
<msg time="2024-04-09T00:10:54.857538" level="INFO">Creating Session using : alias=serverest, url=https://serverest.dev, headers={},                     cookies={}, auth=None, timeout=None, proxies=None, verify=False,                     debug=0 </msg>
<arg>serverest</arg>
<arg>${SERVER_BASE_URL}</arg>
<arg>disable_warnings=True</arg>
<doc>Create Session: create a HTTP session to a server</doc>
<status status="PASS" start="2024-04-09T00:10:54.857295" elapsed="0.000422"/>
</kw>
<status status="PASS" start="2024-04-09T00:10:54.857043" elapsed="0.000759"/>
</kw>
<kw name="When I delete the created user" owner="test_keywords_users">
<kw name="DELETE On Session" owner="RequestsLibrary">
<msg time="2024-04-09T00:10:54.956186" level="INFO">DELETE Request : url=https://serverest.dev/usuarios/BBlVB0Okdvz00ilf 
 path_url=/usuarios/BBlVB0Okdvz00ilf 
 headers={'User-Agent': 'python-requests/2.31.0', 'Accept-Encoding': 'gzip, deflate', 'Accept': '*/*', 'Connection': 'keep-alive', 'Content-Length': '0'} 
 body=None 
 </msg>
<msg time="2024-04-09T00:10:54.956273" level="INFO">DELETE Response : url=https://serverest.dev/usuarios/BBlVB0Okdvz00ilf 
 status=200, reason=OK 
 headers={'access-control-allow-origin': '*', 'x-dns-prefetch-control': 'off', 'x-frame-options': 'SAMEORIGIN', 'strict-transport-security': 'max-age=15552000; includeSubDomains', 'x-download-options': 'noopen', 'x-content-type-options': 'nosniff', 'x-xss-protection': '1; mode=block', 'content-type': 'application/json; charset=utf-8', 'X-Cloud-Trace-Context': '4168000838d8dce6d6f4ccb65575f200', 'Date': 'Tue, 09 Apr 2024 00:10:54 GMT', 'Server': 'Google Frontend', 'Content-Length': '51'} 
 body={
    "message": "Registro excluído com sucesso"
} 
 </msg>
<msg time="2024-04-09T00:10:54.956398" level="INFO">${response} = &lt;Response [200]&gt;</msg>
<var>${response}</var>
<arg>serverest</arg>
<arg>${USERS_API_ENDPOINT}/${USER_ID}</arg>
<doc>Sends a DELETE request on a previously created HTTP Session.</doc>
<status status="PASS" start="2024-04-09T00:10:54.858228" elapsed="0.098200"/>
</kw>
<kw name="Set Test Variable" owner="BuiltIn">
<msg time="2024-04-09T00:10:54.956812" level="INFO">${response} = &lt;Response [200]&gt;</msg>
<arg>${response}</arg>
<doc>Makes a variable available everywhere within the scope of the current test.</doc>
<status status="PASS" start="2024-04-09T00:10:54.956602" elapsed="0.000258"/>
</kw>
<status status="PASS" start="2024-04-09T00:10:54.857974" elapsed="0.098963"/>
</kw>
<kw name="Then the response status code should be 200" owner="test_keywords_users" source_name="Then the response status code should be ${status_code}">
<kw name="Should Be Equal As Numbers" owner="BuiltIn">
<msg time="2024-04-09T00:10:54.957906" level="INFO">Argument types are:
&lt;class 'int'&gt;
&lt;class 'str'&gt;</msg>
<arg>${response.status_code}</arg>
<arg>${status_code}</arg>
<doc>Fails if objects are unequal after converting them to real numbers.</doc>
<status status="PASS" start="2024-04-09T00:10:54.957408" elapsed="0.000563"/>
</kw>
<kw name="Should Be True" owner="BuiltIn">
<arg>${response.json()}</arg>
<doc>Fails if the given condition is not true.</doc>
<status status="PASS" start="2024-04-09T00:10:54.958117" elapsed="0.000454"/>
</kw>
<status status="PASS" start="2024-04-09T00:10:54.957114" elapsed="0.001536"/>
</kw>
<kw name="And the response body should not be empty" owner="test_keywords_users">
<kw name="Should Not Be Empty" owner="BuiltIn">
<msg time="2024-04-09T00:10:54.959539" level="INFO">Length is 1.</msg>
<arg>${response.json()}</arg>
<doc>Verifies that the given item is not empty.</doc>
<status status="PASS" start="2024-04-09T00:10:54.959076" elapsed="0.000515"/>
</kw>
<status status="PASS" start="2024-04-09T00:10:54.958810" elapsed="0.000859"/>
</kw>
<tag>api</tag>
<status status="PASS" start="2024-04-09T00:10:54.856636" elapsed="0.103153"/>
</test>
<status status="PASS" start="2024-04-09T00:10:53.580697" elapsed="1.379590"/>
</suite>
<status status="PASS" start="2024-04-09T00:10:53.579579" elapsed="1.381473"/>
</suite>
<suite id="s1-s2" name="E2E" source="/home/runner/work/gen-ai-robot-test/gen-ai-robot-test/tests/e2e">
<suite id="s1-s2-s1" name="Test Ui Signup" source="/home/runner/work/gen-ai-robot-test/gen-ai-robot-test/tests/e2e/test_ui_signup.robot">
<test id="s1-s2-s1-t1" name="Scenario: Signup with empty fields" line="10">
<kw name="Before Tests" owner="test_keywords_common" type="SETUP">
<kw name="Open Browser" owner="SeleniumLibrary">
<msg time="2024-04-09T00:10:54.969979" level="INFO">Opening browser 'headless Chrome' to base url 'https://front.serverest.dev/'.</msg>
<arg>${SERVER_BASE_URL}</arg>
<arg>${HEADLESS} ${BROWSER}</arg>
<doc>Opens a new browser instance to the optional ``url``.</doc>
<status status="PASS" start="2024-04-09T00:10:54.969718" elapsed="15.801879"/>
</kw>
<kw name="Maximize Browser Window" owner="SeleniumLibrary">
<doc>Maximizes current browser window.</doc>
<status status="PASS" start="2024-04-09T00:11:10.772194" elapsed="0.104287"/>
</kw>
<status status="PASS" start="2024-04-09T00:10:54.969419" elapsed="15.907255"/>
</kw>
<kw name="Given Im on the signup page" owner="test_keywords_signup">
<kw name="Location Should Be" owner="SeleniumLibrary">
<msg time="2024-04-09T00:11:10.960864" level="INFO">Current location is 'https://front.serverest.dev/login'.</msg>
<arg>https://front.serverest.dev/login</arg>
<doc>Verifies that the current URL is exactly ``url``.</doc>
<status status="PASS" start="2024-04-09T00:11:10.877525" elapsed="0.083478"/>
</kw>
<kw name="Click Element" owner="SeleniumLibrary">
<msg time="2024-04-09T00:11:10.961978" level="INFO">Clicking element 'css=a.btn.btn-link'.</msg>
<arg>css=a.btn.btn-link</arg>
<doc>Click the element identified by ``locator``.</doc>
<status status="PASS" start="2024-04-09T00:11:10.961301" elapsed="0.159299"/>
</kw>
<status status="PASS" start="2024-04-09T00:11:10.877069" elapsed="0.243734"/>
</kw>
<kw name="When I click in signup" owner="test_keywords_signup">
<kw name="Click Button" owner="SeleniumLibrary">
<msg time="2024-04-09T00:11:11.121943" level="INFO">Clicking button 'css=.btn.btn-primary'.</msg>
<arg>css=.btn.btn-primary</arg>
<doc>Clicks the button identified by ``locator``.</doc>
<status status="PASS" start="2024-04-09T00:11:11.121646" elapsed="0.107462"/>
</kw>
<status status="PASS" start="2024-04-09T00:11:11.121158" elapsed="0.108192"/>
</kw>
<kw name="Then required field messages should be displayed" owner="test_keywords_signup">
<kw name="Wait Until Element Is Visible" owner="SeleniumLibrary">
<arg>css=.alert-dismissible</arg>
<arg>timeout=10s</arg>
<doc>Waits until the element ``locator`` is visible.</doc>
<status status="PASS" start="2024-04-09T00:11:11.230135" elapsed="0.427222"/>
</kw>
<kw name="Element Should Be Visible" owner="SeleniumLibrary">
<msg time="2024-04-09T00:11:11.668555" level="INFO">Element 'css=.alert-dismissible' is displayed.</msg>
<arg>css=.alert-dismissible</arg>
<doc>Verifies that the element identified by ``locator`` is visible.</doc>
<status status="PASS" start="2024-04-09T00:11:11.657668" elapsed="0.010959"/>
</kw>
<kw name="Page Should Contain" owner="SeleniumLibrary">
<msg time="2024-04-09T00:11:11.767102" level="INFO">Current page contains text 'Nome é obrigatório'.</msg>
<arg>Nome é obrigatório</arg>
<doc>Verifies that current page contains ``text``.</doc>
<status status="PASS" start="2024-04-09T00:11:11.668802" elapsed="0.098370"/>
</kw>
<kw name="Page Should Contain" owner="SeleniumLibrary">
<msg time="2024-04-09T00:11:11.776510" level="INFO">Current page contains text 'Email é obrigatório'.</msg>
<arg>Email é obrigatório</arg>
<doc>Verifies that current page contains ``text``.</doc>
<status status="PASS" start="2024-04-09T00:11:11.767335" elapsed="0.009243"/>
</kw>
<kw name="Page Should Contain" owner="SeleniumLibrary">
<msg time="2024-04-09T00:11:11.785835" level="INFO">Current page contains text 'Password é obrigatório'.</msg>
<arg>Password é obrigatório</arg>
<doc>Verifies that current page contains ``text``.</doc>
<status status="PASS" start="2024-04-09T00:11:11.776737" elapsed="0.009178"/>
</kw>
<status status="PASS" start="2024-04-09T00:11:11.229664" elapsed="0.556364"/>
</kw>
<kw name="After Tests" owner="test_keywords_common" type="TEARDOWN">
<kw name="Close Browser" owner="SeleniumLibrary">
<doc>Closes the current browser.</doc>
<status status="PASS" start="2024-04-09T00:11:11.786771" elapsed="0.073485"/>
</kw>
<status status="PASS" start="2024-04-09T00:11:11.786412" elapsed="0.073999"/>
</kw>
<tag>e2e</tag>
<status status="PASS" start="2024-04-09T00:10:54.968859" elapsed="16.891636"/>
</test>
<test id="s1-s2-s1-t2" name="Scenario: Signup done successfully" line="16">
<kw name="Before Tests" owner="test_keywords_common" type="SETUP">
<kw name="Open Browser" owner="SeleniumLibrary">
<msg time="2024-04-09T00:11:11.862282" level="INFO">Opening browser 'headless Chrome' to base url 'https://front.serverest.dev/'.</msg>
<arg>${SERVER_BASE_URL}</arg>
<arg>${HEADLESS} ${BROWSER}</arg>
<doc>Opens a new browser instance to the optional ``url``.</doc>
<status status="PASS" start="2024-04-09T00:11:11.861968" elapsed="0.566119"/>
</kw>
<kw name="Maximize Browser Window" owner="SeleniumLibrary">
<doc>Maximizes current browser window.</doc>
<status status="PASS" start="2024-04-09T00:11:12.428942" elapsed="0.133809"/>
</kw>
<status status="PASS" start="2024-04-09T00:11:11.861602" elapsed="0.701404"/>
</kw>
<kw name="Given Im on the signup page" owner="test_keywords_signup">
<kw name="Location Should Be" owner="SeleniumLibrary">
<msg time="2024-04-09T00:11:12.568422" level="INFO">Current location is 'https://front.serverest.dev/login'.</msg>
<arg>https://front.serverest.dev/login</arg>
<doc>Verifies that the current URL is exactly ``url``.</doc>
<status status="PASS" start="2024-04-09T00:11:12.564204" elapsed="0.004331"/>
</kw>
<kw name="Click Element" owner="SeleniumLibrary">
<msg time="2024-04-09T00:11:12.569157" level="INFO">Clicking element 'css=a.btn.btn-link'.</msg>
<arg>css=a.btn.btn-link</arg>
<doc>Click the element identified by ``locator``.</doc>
<status status="PASS" start="2024-04-09T00:11:12.568801" elapsed="0.117021"/>
</kw>
<status status="PASS" start="2024-04-09T00:11:12.563578" elapsed="0.122451"/>
</kw>
<kw name="And I fill in the signup fields with valid data" owner="test_keywords_signup">
<kw name="Name" owner="FakerLibrary">
<msg time="2024-04-09T00:11:12.687718" level="INFO">${name} = Melanie Riggs</msg>
<var>${name}</var>
<doc>:example: 'John Doe'</doc>
<status status="PASS" start="2024-04-09T00:11:12.686980" elapsed="0.000788"/>
</kw>
<kw name="Email" owner="FakerLibrary">
<msg time="2024-04-09T00:11:12.688505" level="INFO">${email} = hartsandra@example.org</msg>
<var>${email}</var>
<status status="PASS" start="2024-04-09T00:11:12.687978" elapsed="0.000568"/>
</kw>
<kw name="Password" owner="FakerLibrary">
<msg time="2024-04-09T00:11:12.689188" level="INFO">${password} = I2DwaRbr7sAW</msg>
<var>${password}</var>
<arg>length=12</arg>
<arg>special_chars=False</arg>
<doc>Generate a random password of the specified ``length``.</doc>
<status status="PASS" start="2024-04-09T00:11:12.688748" elapsed="0.000485"/>
</kw>
<kw name="Input Text" owner="SeleniumLibrary">
<msg time="2024-04-09T00:11:12.689835" level="INFO">Typing text 'Melanie Riggs' into text field 'id:nome'.</msg>
<arg>id:nome</arg>
<arg>${name}</arg>
<doc>Types the given ``text`` into the text field identified by ``locator``.</doc>
<status status="PASS" start="2024-04-09T00:11:12.689474" elapsed="0.161102"/>
</kw>
<kw name="Input Text" owner="SeleniumLibrary">
<msg time="2024-04-09T00:11:12.851289" level="INFO">Typing text 'hartsandra@example.org' into text field 'id:email'.</msg>
<arg>id:email</arg>
<arg>${email}</arg>
<doc>Types the given ``text`` into the text field identified by ``locator``.</doc>
<status status="PASS" start="2024-04-09T00:11:12.850946" elapsed="0.177341"/>
</kw>
<kw name="Input Text" owner="SeleniumLibrary">
<msg time="2024-04-09T00:11:13.029177" level="INFO">Typing text 'I2DwaRbr7sAW' into text field 'id:password'.</msg>
<arg>id:password</arg>
<arg>${password}</arg>
<doc>Types the given ``text`` into the text field identified by ``locator``.</doc>
<status status="PASS" start="2024-04-09T00:11:13.028746" elapsed="0.063023"/>
</kw>
<kw name="Select Checkbox" owner="SeleniumLibrary">
<msg time="2024-04-09T00:11:13.092295" level="INFO">Selecting checkbox 'id=administrador'.</msg>
<arg>id=administrador</arg>
<doc>Selects the checkbox identified by ``locator``.</doc>
<status status="PASS" start="2024-04-09T00:11:13.092041" elapsed="0.049896"/>
</kw>
<kw name="Set Suite Variable" owner="BuiltIn">
<msg time="2024-04-09T00:11:13.142548" level="INFO">${name} = Melanie Riggs</msg>
<arg>${name}</arg>
<doc>Makes a variable available everywhere within the scope of the current suite.</doc>
<status status="PASS" start="2024-04-09T00:11:13.142205" elapsed="0.000395"/>
</kw>
<kw name="Set Suite Variable" owner="BuiltIn">
<msg time="2024-04-09T00:11:13.143029" level="INFO">${email} = hartsandra@example.org</msg>
<arg>${email}</arg>
<doc>Makes a variable available everywhere within the scope of the current suite.</doc>
<status status="PASS" start="2024-04-09T00:11:13.142819" elapsed="0.000256"/>
</kw>
<kw name="Set Suite Variable" owner="BuiltIn">
<msg time="2024-04-09T00:11:13.143422" level="INFO">${password} = I2DwaRbr7sAW</msg>
<arg>${password}</arg>
<doc>Makes a variable available everywhere within the scope of the current suite.</doc>
<status status="PASS" start="2024-04-09T00:11:13.143220" elapsed="0.000279"/>
</kw>
<status status="PASS" start="2024-04-09T00:11:12.686464" elapsed="0.457122"/>
</kw>
<kw name="When I click in signup" owner="test_keywords_signup">
<kw name="Click Button" owner="SeleniumLibrary">
<msg time="2024-04-09T00:11:13.144263" level="INFO">Clicking button 'css=.btn.btn-primary'.</msg>
<arg>css=.btn.btn-primary</arg>
<doc>Clicks the button identified by ``locator``.</doc>
<status status="PASS" start="2024-04-09T00:11:13.144074" elapsed="0.124121"/>
</kw>
<status status="PASS" start="2024-04-09T00:11:13.143781" elapsed="0.124625"/>
</kw>
<kw name="Then the page should contain the text &quot;Cadastro realizado com sucesso&quot;" owner="test_keywords_signup" source_name="Then the page should contain the text &quot;${expected_text}&quot;">
<kw name="Wait Until Element Is Visible" owner="SeleniumLibrary">
<arg>css=.alert-dismissible</arg>
<arg>timeout=10s</arg>
<doc>Waits until the element ``locator`` is visible.</doc>
<status status="PASS" start="2024-04-09T00:11:13.269283" elapsed="0.220391"/>
</kw>
<kw name="Element Should Be Visible" owner="SeleniumLibrary">
<msg time="2024-04-09T00:11:13.501247" level="INFO">Element 'css=.alert-dismissible' is displayed.</msg>
<arg>css=.alert-dismissible</arg>
<doc>Verifies that the element identified by ``locator`` is visible.</doc>
<status status="PASS" start="2024-04-09T00:11:13.489975" elapsed="0.011345"/>
</kw>
<kw name="Page Should Contain" owner="SeleniumLibrary">
<msg time="2024-04-09T00:11:13.510736" level="INFO">Current page contains text 'Cadastro realizado com sucesso'.</msg>
<arg>${expected_text}</arg>
<doc>Verifies that current page contains ``text``.</doc>
<status status="PASS" start="2024-04-09T00:11:13.501495" elapsed="0.009308"/>
</kw>
<status status="PASS" start="2024-04-09T00:11:13.268800" elapsed="0.242100"/>
</kw>
<kw name="After Tests" owner="test_keywords_common" type="TEARDOWN">
<kw name="Close Browser" owner="SeleniumLibrary">
<doc>Closes the current browser.</doc>
<status status="PASS" start="2024-04-09T00:11:13.511585" elapsed="0.061286"/>
</kw>
<status status="PASS" start="2024-04-09T00:11:13.511218" elapsed="0.061832"/>
</kw>
<tag>e2e</tag>
<status status="PASS" start="2024-04-09T00:11:11.860985" elapsed="1.712167"/>
</test>
<test id="s1-s2-s1-t3" name="Scenario: Signup with already used email" line="23">
<kw name="Before Tests" owner="test_keywords_common" type="SETUP">
<kw name="Open Browser" owner="SeleniumLibrary">
<msg time="2024-04-09T00:11:13.574899" level="INFO">Opening browser 'headless Chrome' to base url 'https://front.serverest.dev/'.</msg>
<arg>${SERVER_BASE_URL}</arg>
<arg>${HEADLESS} ${BROWSER}</arg>
<doc>Opens a new browser instance to the optional ``url``.</doc>
<status status="PASS" start="2024-04-09T00:11:13.574588" elapsed="0.532258"/>
</kw>
<kw name="Maximize Browser Window" owner="SeleniumLibrary">
<doc>Maximizes current browser window.</doc>
<status status="PASS" start="2024-04-09T00:11:14.107732" elapsed="0.134844"/>
</kw>
<status status="PASS" start="2024-04-09T00:11:13.574217" elapsed="0.668552"/>
</kw>
<kw name="Given Im on the signup page" owner="test_keywords_signup">
<kw name="Location Should Be" owner="SeleniumLibrary">
<msg time="2024-04-09T00:11:14.247693" level="INFO">Current location is 'https://front.serverest.dev/login'.</msg>
<arg>https://front.serverest.dev/login</arg>
<doc>Verifies that the current URL is exactly ``url``.</doc>
<status status="PASS" start="2024-04-09T00:11:14.243649" elapsed="0.004124"/>
</kw>
<kw name="Click Element" owner="SeleniumLibrary">
<msg time="2024-04-09T00:11:14.248205" level="INFO">Clicking element 'css=a.btn.btn-link'.</msg>
<arg>css=a.btn.btn-link</arg>
<doc>Click the element identified by ``locator``.</doc>
<status status="PASS" start="2024-04-09T00:11:14.247952" elapsed="0.116363"/>
</kw>
<status status="PASS" start="2024-04-09T00:11:14.243170" elapsed="0.121362"/>
</kw>
<kw name="And I fill in the signup fields with an email already registered" owner="test_keywords_signup">
<kw name="Input Text" owner="SeleniumLibrary">
<msg time="2024-04-09T00:11:14.366192" level="INFO">Typing text 'Melanie Riggs' into text field 'id:nome'.</msg>
<arg>id:nome</arg>
<arg>${name}</arg>
<doc>Types the given ``text`` into the text field identified by ``locator``.</doc>
<status status="PASS" start="2024-04-09T00:11:14.365489" elapsed="0.083536"/>
</kw>
<kw name="Input Text" owner="SeleniumLibrary">
<msg time="2024-04-09T00:11:14.449663" level="INFO">Typing text 'hartsandra@example.org' into text field 'id:email'.</msg>
<arg>id:email</arg>
<arg>${email}</arg>
<doc>Types the given ``text`` into the text field identified by ``locator``.</doc>
<status status="PASS" start="2024-04-09T00:11:14.449331" elapsed="0.072756"/>
</kw>
<kw name="Input Text" owner="SeleniumLibrary">
<msg time="2024-04-09T00:11:14.522713" level="INFO">Typing text 'I2DwaRbr7sAW' into text field 'id:password'.</msg>
<arg>id:password</arg>
<arg>${password}</arg>
<doc>Types the given ``text`` into the text field identified by ``locator``.</doc>
<status status="PASS" start="2024-04-09T00:11:14.522387" elapsed="0.065474"/>
</kw>
<kw name="Select Checkbox" owner="SeleniumLibrary">
<msg time="2024-04-09T00:11:14.588455" level="INFO">Selecting checkbox 'id=administrador'.</msg>
<arg>id=administrador</arg>
<doc>Selects the checkbox identified by ``locator``.</doc>
<status status="PASS" start="2024-04-09T00:11:14.588175" elapsed="0.050010"/>
</kw>
<status status="PASS" start="2024-04-09T00:11:14.364947" elapsed="0.273370"/>
</kw>
<kw name="When I click in signup" owner="test_keywords_signup">
<kw name="Click Button" owner="SeleniumLibrary">
<msg time="2024-04-09T00:11:14.639152" level="INFO">Clicking button 'css=.btn.btn-primary'.</msg>
<arg>css=.btn.btn-primary</arg>
<doc>Clicks the button identified by ``locator``.</doc>
<status status="PASS" start="2024-04-09T00:11:14.638944" elapsed="0.044238"/>
</kw>
<status status="PASS" start="2024-04-09T00:11:14.638580" elapsed="0.044739"/>
</kw>
<kw name="Then the page should contain the text &quot;Este email já está sendo usado&quot;" owner="test_keywords_signup" source_name="Then the page should contain the text &quot;${expected_text}&quot;">
<kw name="Wait Until Element Is Visible" owner="SeleniumLibrary">
<arg>css=.alert-dismissible</arg>
<arg>timeout=10s</arg>
<doc>Waits until the element ``locator`` is visible.</doc>
<status status="PASS" start="2024-04-09T00:11:14.684023" elapsed="0.221062"/>
</kw>
<kw name="Element Should Be Visible" owner="SeleniumLibrary">
<msg time="2024-04-09T00:11:14.916294" level="INFO">Element 'css=.alert-dismissible' is displayed.</msg>
<arg>css=.alert-dismissible</arg>
<doc>Verifies that the element identified by ``locator`` is visible.</doc>
<status status="PASS" start="2024-04-09T00:11:14.905388" elapsed="0.010979"/>
</kw>
<kw name="Page Should Contain" owner="SeleniumLibrary">
<msg time="2024-04-09T00:11:14.926970" level="INFO">Current page contains text 'Este email já está sendo usado'.</msg>
<arg>${expected_text}</arg>
<doc>Verifies that current page contains ``text``.</doc>
<status status="PASS" start="2024-04-09T00:11:14.916541" elapsed="0.010499"/>
</kw>
<status status="PASS" start="2024-04-09T00:11:14.683630" elapsed="0.243509"/>
</kw>
<kw name="After Tests" owner="test_keywords_common" type="TEARDOWN">
<kw name="Close Browser" owner="SeleniumLibrary">
<doc>Closes the current browser.</doc>
<status status="PASS" start="2024-04-09T00:11:14.927836" elapsed="0.061129"/>
</kw>
<status status="PASS" start="2024-04-09T00:11:14.927494" elapsed="0.061699"/>
</kw>
<tag>e2e</tag>
<status status="PASS" start="2024-04-09T00:11:13.573657" elapsed="1.415621"/>
</test>
<status status="PASS" start="2024-04-09T00:10:54.962829" elapsed="20.027097"/>
</suite>
<status status="PASS" start="2024-04-09T00:10:54.961558" elapsed="20.029135"/>
</suite>
<status status="PASS" start="2024-04-09T00:10:53.560350" elapsed="21.430917"/>
</suite>
<statistics>
<total>
<stat pass="8" fail="0" skip="0">All Tests</stat>
</total>
<tag>
<stat pass="5" fail="0" skip="0">api</stat>
<stat pass="3" fail="0" skip="0">e2e</stat>
</tag>
<suite>
<stat pass="8" fail="0" skip="0" id="s1" name="Tests">Tests</stat>
<stat pass="5" fail="0" skip="0" id="s1-s1" name="Api">Tests.Api</stat>
<stat pass="5" fail="0" skip="0" id="s1-s1-s1" name="Test Api Users">Tests.Api.Test Api Users</stat>
<stat pass="3" fail="0" skip="0" id="s1-s2" name="E2E">Tests.E2E</stat>
<stat pass="3" fail="0" skip="0" id="s1-s2-s1" name="Test Ui Signup">Tests.E2E.Test Ui Signup</stat>
</suite>
</statistics>
<errors>
</errors>
</robot>
