<?xml version="1.0" encoding="UTF-8"?>
<robot generator="Robot 6.0.2 (Python 3.8.16 on linux)" generated="20230602 01:12:29.562" rpa="false" schemaversion="3">
<suite id="s1" name="Tests" source="/home/runner/work/gen-ai-robot-test/gen-ai-robot-test/tests">
<suite id="s1-s1" name="Api" source="/home/runner/work/gen-ai-robot-test/gen-ai-robot-test/tests/api">
<suite id="s1-s1-s1" name="Test Api Users" source="/home/runner/work/gen-ai-robot-test/gen-ai-robot-test/tests/api/test_api_users.robot">
<test id="s1-s1-s1-t1" name="Scenario: Get all registered users" line="9">
<kw name="Before Tests" library="test_keywords_common" type="SETUP">
<kw name="Create Session" library="RequestsLibrary">
<arg>serverest</arg>
<arg>${SERVER_BASE_URL}</arg>
<arg>disable_warnings=True</arg>
<doc>Create Session: create a HTTP session to a server</doc>
<msg timestamp="20230602 01:12:30.173" level="INFO">Creating Session using : alias=serverest, url=https://serverest.dev, headers={},                     cookies={}, auth=None, timeout=None, proxies=None, verify=False,                     debug=0 </msg>
<status status="PASS" starttime="20230602 01:12:30.173" endtime="20230602 01:12:30.173"/>
</kw>
<status status="PASS" starttime="20230602 01:12:30.172" endtime="20230602 01:12:30.174"/>
</kw>
<kw name="When I request the list of all registered users" library="test_keywords_users">
<kw name="GET On Session" library="RequestsLibrary">
<var>${response}</var>
<arg>serverest</arg>
<arg>${USERS_API_ENDPOINT}</arg>
<doc>Sends a GET request on a previously created HTTP Session.</doc>
<msg timestamp="20230602 01:12:30.321" level="INFO">GET Request : url=https://serverest.dev/usuarios 
 path_url=/usuarios 
 headers={'User-Agent': 'python-requests/2.31.0', 'Accept-Encoding': 'gzip, deflate', 'Accept': '*/*', 'Connection': 'keep-alive'} 
 body=None 
 </msg>
<msg timestamp="20230602 01:12:30.321" level="INFO">GET Response : url=https://serverest.dev/usuarios 
 status=200, reason=OK 
 headers={'access-control-allow-origin': '*', 'x-dns-prefetch-control': 'off', 'x-frame-options': 'SAMEORIGIN', 'strict-transport-security': 'max-age=15552000; includeSubDomains', 'x-download-options': 'noopen', 'x-content-type-options': 'nosniff', 'x-xss-protection': '1; mode=block', 'x-moesif-transaction-id': '7ef7440b-0c5d-4d87-b65c-e82b9460aec7', 'content-type': 'application/json; charset=utf-8', 'X-Cloud-Trace-Context': '4a15a6ac4e638ac95cb050af0dee2a38;o=1', 'Date': 'Fri, 02 Jun 2023 01:12:30 GMT', 'Server': 'Google Frontend', 'Content-Length': '671'} 
 body={
    "quantidade": 3,
    "usuarios": [
        {
            "nome": "Fulano da Silva",
            "email": "fulano@qa.com",
            "password": "teste",
            "administrador": "true",
            "_id": "0uxuPY0cbmQhpEz1"
        },
        {
            "nome": "Fulano da Silva",
            "email": "swdt@teste.com.br",
            "password": "1234",
            "administrador": "true",
            "_id": "hXr3LVgoV2LDYNjV"
        },
        {
            "nome": "Fulano da Silva",
            "email": "jqxx@teste.com.br",
            "password": "1234",
            "administrador": "true",
            "_id": "jF9PQD7kiK00Xjho"
        }
    ]
} 
 </msg>
<msg timestamp="20230602 01:12:30.321" level="INFO">${response} = &lt;Response [200]&gt;</msg>
<status status="PASS" starttime="20230602 01:12:30.174" endtime="20230602 01:12:30.321"/>
</kw>
<kw name="Set Test Variable" library="BuiltIn">
<arg>${response}</arg>
<doc>Makes a variable available everywhere within the scope of the current test.</doc>
<msg timestamp="20230602 01:12:30.322" level="INFO">${response} = &lt;Response [200]&gt;</msg>
<status status="PASS" starttime="20230602 01:12:30.321" endtime="20230602 01:12:30.322"/>
</kw>
<status status="PASS" starttime="20230602 01:12:30.174" endtime="20230602 01:12:30.322"/>
</kw>
<kw name="Then the response status code should be 200" library="test_keywords_users" sourcename="Then the response status code should be ${status_code}">
<kw name="Should Be Equal As Numbers" library="BuiltIn">
<arg>${response.status_code}</arg>
<arg>${status_code}</arg>
<doc>Fails if objects are unequal after converting them to real numbers.</doc>
<msg timestamp="20230602 01:12:30.323" level="INFO">Argument types are:
&lt;class 'int'&gt;
&lt;class 'str'&gt;</msg>
<status status="PASS" starttime="20230602 01:12:30.322" endtime="20230602 01:12:30.323"/>
</kw>
<kw name="Should Be True" library="BuiltIn">
<arg>${response.json()}</arg>
<doc>Fails if the given condition is not true.</doc>
<status status="PASS" starttime="20230602 01:12:30.323" endtime="20230602 01:12:30.324"/>
</kw>
<status status="PASS" starttime="20230602 01:12:30.322" endtime="20230602 01:12:30.324"/>
</kw>
<kw name="And the response body should not be empty" library="test_keywords_users">
<kw name="Should Not Be Empty" library="BuiltIn">
<arg>${response.json()}</arg>
<doc>Verifies that the given item is not empty.</doc>
<msg timestamp="20230602 01:12:30.325" level="INFO">Length is 2</msg>
<status status="PASS" starttime="20230602 01:12:30.325" endtime="20230602 01:12:30.325"/>
</kw>
<status status="PASS" starttime="20230602 01:12:30.324" endtime="20230602 01:12:30.326"/>
</kw>
<tag>api</tag>
<status status="PASS" starttime="20230602 01:12:30.171" endtime="20230602 01:12:30.326"/>
</test>
<test id="s1-s1-s1-t2" name="Scenario: Create a new user" line="15">
<kw name="Before Tests" library="test_keywords_common" type="SETUP">
<kw name="Create Session" library="RequestsLibrary">
<arg>serverest</arg>
<arg>${SERVER_BASE_URL}</arg>
<arg>disable_warnings=True</arg>
<doc>Create Session: create a HTTP session to a server</doc>
<msg timestamp="20230602 01:12:30.327" level="INFO">Creating Session using : alias=serverest, url=https://serverest.dev, headers={},                     cookies={}, auth=None, timeout=None, proxies=None, verify=False,                     debug=0 </msg>
<status status="PASS" starttime="20230602 01:12:30.327" endtime="20230602 01:12:30.328"/>
</kw>
<status status="PASS" starttime="20230602 01:12:30.327" endtime="20230602 01:12:30.328"/>
</kw>
<kw name="Given I have a valid user data" library="test_keywords_users">
<kw name="Name" library="FakerLibrary">
<var>${name}</var>
<doc>:example 'John Doe'</doc>
<msg timestamp="20230602 01:12:30.329" level="INFO">${name} = Andrew Ferguson</msg>
<status status="PASS" starttime="20230602 01:12:30.328" endtime="20230602 01:12:30.329"/>
</kw>
<kw name="Email" library="FakerLibrary">
<var>${email}</var>
<msg timestamp="20230602 01:12:30.329" level="INFO">${email} = casey12@example.org</msg>
<status status="PASS" starttime="20230602 01:12:30.329" endtime="20230602 01:12:30.329"/>
</kw>
<kw name="Password" library="FakerLibrary">
<var>${password}</var>
<arg>length=12</arg>
<arg>special_chars=False</arg>
<doc>Generate a random password of the specified ``length``.</doc>
<msg timestamp="20230602 01:12:30.330" level="INFO">${password} = u4QkjDPhqUHP</msg>
<status status="PASS" starttime="20230602 01:12:30.329" endtime="20230602 01:12:30.330"/>
</kw>
<kw name="Set Suite Variable" library="BuiltIn">
<arg>${name}</arg>
<doc>Makes a variable available everywhere within the scope of the current suite.</doc>
<msg timestamp="20230602 01:12:30.330" level="INFO">${name} = Andrew Ferguson</msg>
<status status="PASS" starttime="20230602 01:12:30.330" endtime="20230602 01:12:30.330"/>
</kw>
<kw name="Set Suite Variable" library="BuiltIn">
<arg>${email}</arg>
<doc>Makes a variable available everywhere within the scope of the current suite.</doc>
<msg timestamp="20230602 01:12:30.331" level="INFO">${email} = casey12@example.org</msg>
<status status="PASS" starttime="20230602 01:12:30.330" endtime="20230602 01:12:30.331"/>
</kw>
<kw name="Set Suite Variable" library="BuiltIn">
<arg>${password}</arg>
<doc>Makes a variable available everywhere within the scope of the current suite.</doc>
<msg timestamp="20230602 01:12:30.331" level="INFO">${password} = u4QkjDPhqUHP</msg>
<status status="PASS" starttime="20230602 01:12:30.331" endtime="20230602 01:12:30.331"/>
</kw>
<status status="PASS" starttime="20230602 01:12:30.328" endtime="20230602 01:12:30.331"/>
</kw>
<kw name="When I create the user" library="test_keywords_users">
<kw name="Create Dictionary" library="BuiltIn">
<var>${payload}</var>
<arg>nome=${name}</arg>
<arg>email=${email}</arg>
<arg>password=${password}</arg>
<arg>administrador=false</arg>
<doc>Creates and returns a dictionary based on the given ``items``.</doc>
<msg timestamp="20230602 01:12:30.332" level="INFO">${payload} = {'nome': 'Andrew Ferguson', 'email': 'casey12@example.org', 'password': 'u4QkjDPhqUHP', 'administrador': 'false'}</msg>
<status status="PASS" starttime="20230602 01:12:30.332" endtime="20230602 01:12:30.332"/>
</kw>
<kw name="Create Dictionary" library="BuiltIn">
<var>${headers}</var>
<arg>Content-Type=application/json</arg>
<doc>Creates and returns a dictionary based on the given ``items``.</doc>
<msg timestamp="20230602 01:12:30.332" level="INFO">${headers} = {'Content-Type': 'application/json'}</msg>
<status status="PASS" starttime="20230602 01:12:30.332" endtime="20230602 01:12:30.333"/>
</kw>
<kw name="POST On Session" library="RequestsLibrary">
<var>${response}</var>
<arg>serverest</arg>
<arg>${USERS_API_ENDPOINT}</arg>
<arg>json=${payload}</arg>
<arg>headers=${headers}</arg>
<doc>Sends a POST request on a previously created HTTP Session.</doc>
<msg timestamp="20230602 01:12:30.417" level="INFO">POST Request : url=https://serverest.dev/usuarios 
 path_url=/usuarios 
 headers={'User-Agent': 'python-requests/2.31.0', 'Accept-Encoding': 'gzip, deflate', 'Accept': '*/*', 'Connection': 'keep-alive', 'Content-Type': 'application/json', 'Content-Length': '113'} 
 body=b'{"nome": "Andrew Ferguson", "email": "casey12@example.org", "password": "u4QkjDPhqUHP", "administrador": "false"}' 
 </msg>
<msg timestamp="20230602 01:12:30.417" level="INFO">POST Response : url=https://serverest.dev/usuarios 
 status=201, reason=Created 
 headers={'access-control-allow-origin': '*', 'x-dns-prefetch-control': 'off', 'x-frame-options': 'SAMEORIGIN', 'strict-transport-security': 'max-age=15552000; includeSubDomains', 'x-download-options': 'noopen', 'x-content-type-options': 'nosniff', 'x-xss-protection': '1; mode=block', 'x-moesif-transaction-id': 'eae8b146-f6f9-480e-a35e-594fc312584e', 'content-type': 'application/json; charset=utf-8', 'X-Cloud-Trace-Context': 'dfaaec0617be0ae65ac340dcc2e0f058', 'Date': 'Fri, 02 Jun 2023 01:12:30 GMT', 'Server': 'Google Frontend', 'Content-Length': '82'} 
 body={
    "message": "Cadastro realizado com sucesso",
    "_id": "gU9OtvreWwJnGrEd"
} 
 </msg>
<msg timestamp="20230602 01:12:30.417" level="INFO">${response} = &lt;Response [201]&gt;</msg>
<status status="PASS" starttime="20230602 01:12:30.333" endtime="20230602 01:12:30.417"/>
</kw>
<kw name="Set Variable" library="BuiltIn">
<var>${user_id}</var>
<arg>${response.json()['_id']}</arg>
<doc>Returns the given values which can then be assigned to a variables.</doc>
<msg timestamp="20230602 01:12:30.418" level="INFO">${user_id} = gU9OtvreWwJnGrEd</msg>
<status status="PASS" starttime="20230602 01:12:30.417" endtime="20230602 01:12:30.418"/>
</kw>
<kw name="Set Global Variable" library="BuiltIn">
<arg>${USER_ID}</arg>
<arg>${user_id}</arg>
<doc>Makes a variable available globally in all tests and suites.</doc>
<msg timestamp="20230602 01:12:30.419" level="INFO">${USER_ID} = gU9OtvreWwJnGrEd</msg>
<status status="PASS" starttime="20230602 01:12:30.418" endtime="20230602 01:12:30.419"/>
</kw>
<kw name="Set Test Variable" library="BuiltIn">
<arg>${response}</arg>
<doc>Makes a variable available everywhere within the scope of the current test.</doc>
<msg timestamp="20230602 01:12:30.419" level="INFO">${response} = &lt;Response [201]&gt;</msg>
<status status="PASS" starttime="20230602 01:12:30.419" endtime="20230602 01:12:30.419"/>
</kw>
<status status="PASS" starttime="20230602 01:12:30.331" endtime="20230602 01:12:30.419"/>
</kw>
<kw name="Then the response status code should be 201" library="test_keywords_users" sourcename="Then the response status code should be ${status_code}">
<kw name="Should Be Equal As Numbers" library="BuiltIn">
<arg>${response.status_code}</arg>
<arg>${status_code}</arg>
<doc>Fails if objects are unequal after converting them to real numbers.</doc>
<msg timestamp="20230602 01:12:30.420" level="INFO">Argument types are:
&lt;class 'int'&gt;
&lt;class 'str'&gt;</msg>
<status status="PASS" starttime="20230602 01:12:30.420" endtime="20230602 01:12:30.421"/>
</kw>
<kw name="Should Be True" library="BuiltIn">
<arg>${response.json()}</arg>
<doc>Fails if the given condition is not true.</doc>
<status status="PASS" starttime="20230602 01:12:30.421" endtime="20230602 01:12:30.421"/>
</kw>
<status status="PASS" starttime="20230602 01:12:30.420" endtime="20230602 01:12:30.421"/>
</kw>
<kw name="And the response body should not be empty" library="test_keywords_users">
<kw name="Should Not Be Empty" library="BuiltIn">
<arg>${response.json()}</arg>
<doc>Verifies that the given item is not empty.</doc>
<msg timestamp="20230602 01:12:30.422" level="INFO">Length is 2</msg>
<status status="PASS" starttime="20230602 01:12:30.422" endtime="20230602 01:12:30.422"/>
</kw>
<status status="PASS" starttime="20230602 01:12:30.421" endtime="20230602 01:12:30.422"/>
</kw>
<tag>api</tag>
<status status="PASS" starttime="20230602 01:12:30.326" endtime="20230602 01:12:30.423"/>
</test>
<test id="s1-s1-s1-t3" name="Scenario: Get a specific user informations" line="22">
<kw name="Before Tests" library="test_keywords_common" type="SETUP">
<kw name="Create Session" library="RequestsLibrary">
<arg>serverest</arg>
<arg>${SERVER_BASE_URL}</arg>
<arg>disable_warnings=True</arg>
<doc>Create Session: create a HTTP session to a server</doc>
<msg timestamp="20230602 01:12:30.424" level="INFO">Creating Session using : alias=serverest, url=https://serverest.dev, headers={},                     cookies={}, auth=None, timeout=None, proxies=None, verify=False,                     debug=0 </msg>
<status status="PASS" starttime="20230602 01:12:30.424" endtime="20230602 01:12:30.425"/>
</kw>
<status status="PASS" starttime="20230602 01:12:30.423" endtime="20230602 01:12:30.425"/>
</kw>
<kw name="When I request the created user" library="test_keywords_users">
<kw name="GET On Session" library="RequestsLibrary">
<var>${response}</var>
<arg>serverest</arg>
<arg>${USERS_API_ENDPOINT}/${USER_ID}</arg>
<doc>Sends a GET request on a previously created HTTP Session.</doc>
<msg timestamp="20230602 01:12:30.504" level="INFO">GET Request : url=https://serverest.dev/usuarios/gU9OtvreWwJnGrEd 
 path_url=/usuarios/gU9OtvreWwJnGrEd 
 headers={'User-Agent': 'python-requests/2.31.0', 'Accept-Encoding': 'gzip, deflate', 'Accept': '*/*', 'Connection': 'keep-alive'} 
 body=None 
 </msg>
<msg timestamp="20230602 01:12:30.504" level="INFO">GET Response : url=https://serverest.dev/usuarios/gU9OtvreWwJnGrEd 
 status=200, reason=OK 
 headers={'access-control-allow-origin': '*', 'x-dns-prefetch-control': 'off', 'x-frame-options': 'SAMEORIGIN', 'strict-transport-security': 'max-age=15552000; includeSubDomains', 'x-download-options': 'noopen', 'x-content-type-options': 'nosniff', 'x-xss-protection': '1; mode=block', 'x-moesif-transaction-id': 'e7cb8170-96ae-4cc1-b79d-46943aa6b06a', 'content-type': 'application/json; charset=utf-8', 'X-Cloud-Trace-Context': '7d20f6f13c8460985082c650448ae5e9', 'Date': 'Fri, 02 Jun 2023 01:12:30 GMT', 'Server': 'Google Frontend', 'Content-Length': '162'} 
 body={
    "nome": "Andrew Ferguson",
    "email": "casey12@example.org",
    "password": "u4QkjDPhqUHP",
    "administrador": "false",
    "_id": "gU9OtvreWwJnGrEd"
} 
 </msg>
<msg timestamp="20230602 01:12:30.504" level="INFO">${response} = &lt;Response [200]&gt;</msg>
<status status="PASS" starttime="20230602 01:12:30.425" endtime="20230602 01:12:30.504"/>
</kw>
<kw name="Set Test Variable" library="BuiltIn">
<arg>${response}</arg>
<doc>Makes a variable available everywhere within the scope of the current test.</doc>
<msg timestamp="20230602 01:12:30.505" level="INFO">${response} = &lt;Response [200]&gt;</msg>
<status status="PASS" starttime="20230602 01:12:30.504" endtime="20230602 01:12:30.505"/>
</kw>
<status status="PASS" starttime="20230602 01:12:30.425" endtime="20230602 01:12:30.505"/>
</kw>
<kw name="Then the response status code should be 200" library="test_keywords_users" sourcename="Then the response status code should be ${status_code}">
<kw name="Should Be Equal As Numbers" library="BuiltIn">
<arg>${response.status_code}</arg>
<arg>${status_code}</arg>
<doc>Fails if objects are unequal after converting them to real numbers.</doc>
<msg timestamp="20230602 01:12:30.506" level="INFO">Argument types are:
&lt;class 'int'&gt;
&lt;class 'str'&gt;</msg>
<status status="PASS" starttime="20230602 01:12:30.506" endtime="20230602 01:12:30.506"/>
</kw>
<kw name="Should Be True" library="BuiltIn">
<arg>${response.json()}</arg>
<doc>Fails if the given condition is not true.</doc>
<status status="PASS" starttime="20230602 01:12:30.507" endtime="20230602 01:12:30.507"/>
</kw>
<status status="PASS" starttime="20230602 01:12:30.505" endtime="20230602 01:12:30.507"/>
</kw>
<kw name="And the response body should not be empty" library="test_keywords_users">
<kw name="Should Not Be Empty" library="BuiltIn">
<arg>${response.json()}</arg>
<doc>Verifies that the given item is not empty.</doc>
<msg timestamp="20230602 01:12:30.509" level="INFO">Length is 5</msg>
<status status="PASS" starttime="20230602 01:12:30.508" endtime="20230602 01:12:30.509"/>
</kw>
<status status="PASS" starttime="20230602 01:12:30.508" endtime="20230602 01:12:30.509"/>
</kw>
<tag>api</tag>
<status status="PASS" starttime="20230602 01:12:30.423" endtime="20230602 01:12:30.509"/>
</test>
<test id="s1-s1-s1-t4" name="Scenario: Update the created user" line="28">
<kw name="Before Tests" library="test_keywords_common" type="SETUP">
<kw name="Create Session" library="RequestsLibrary">
<arg>serverest</arg>
<arg>${SERVER_BASE_URL}</arg>
<arg>disable_warnings=True</arg>
<doc>Create Session: create a HTTP session to a server</doc>
<msg timestamp="20230602 01:12:30.510" level="INFO">Creating Session using : alias=serverest, url=https://serverest.dev, headers={},                     cookies={}, auth=None, timeout=None, proxies=None, verify=False,                     debug=0 </msg>
<status status="PASS" starttime="20230602 01:12:30.510" endtime="20230602 01:12:30.511"/>
</kw>
<status status="PASS" starttime="20230602 01:12:30.510" endtime="20230602 01:12:30.511"/>
</kw>
<kw name="When I update the created user" library="test_keywords_users">
<kw name="Create Dictionary" library="BuiltIn">
<var>${payload}</var>
<arg>nome=John Smith</arg>
<arg>email=john.smith@example.com</arg>
<arg>password=P@ssw0rd123</arg>
<arg>administrador=false</arg>
<doc>Creates and returns a dictionary based on the given ``items``.</doc>
<msg timestamp="20230602 01:12:30.512" level="INFO">${payload} = {'nome': 'John Smith', 'email': 'john.smith@example.com', 'password': 'P@ssw0rd123', 'administrador': 'false'}</msg>
<status status="PASS" starttime="20230602 01:12:30.511" endtime="20230602 01:12:30.512"/>
</kw>
<kw name="Create Dictionary" library="BuiltIn">
<var>${headers}</var>
<arg>Content-Type=application/json</arg>
<doc>Creates and returns a dictionary based on the given ``items``.</doc>
<msg timestamp="20230602 01:12:30.512" level="INFO">${headers} = {'Content-Type': 'application/json'}</msg>
<status status="PASS" starttime="20230602 01:12:30.512" endtime="20230602 01:12:30.512"/>
</kw>
<kw name="PUT On Session" library="RequestsLibrary">
<var>${response}</var>
<arg>serverest</arg>
<arg>${USERS_API_ENDPOINT}/${USER_ID}</arg>
<arg>json=${payload}</arg>
<arg>headers=${headers}</arg>
<doc>Sends a PUT request on a previously created HTTP Session.</doc>
<msg timestamp="20230602 01:12:30.597" level="INFO">PUT Request : url=https://serverest.dev/usuarios/gU9OtvreWwJnGrEd 
 path_url=/usuarios/gU9OtvreWwJnGrEd 
 headers={'User-Agent': 'python-requests/2.31.0', 'Accept-Encoding': 'gzip, deflate', 'Accept': '*/*', 'Connection': 'keep-alive', 'Content-Type': 'application/json', 'Content-Length': '110'} 
 body=b'{"nome": "John Smith", "email": "john.smith@example.com", "password": "P@ssw0rd123", "administrador": "false"}' 
 </msg>
<msg timestamp="20230602 01:12:30.597" level="INFO">PUT Response : url=https://serverest.dev/usuarios/gU9OtvreWwJnGrEd 
 status=200, reason=OK 
 headers={'access-control-allow-origin': '*', 'x-dns-prefetch-control': 'off', 'x-frame-options': 'SAMEORIGIN', 'strict-transport-security': 'max-age=15552000; includeSubDomains', 'x-download-options': 'noopen', 'x-content-type-options': 'nosniff', 'x-xss-protection': '1; mode=block', 'x-moesif-transaction-id': '4a295d1d-814b-4f52-aa78-60fcfdc1396b', 'content-type': 'application/json; charset=utf-8', 'X-Cloud-Trace-Context': '4ba7905e66611af9c2a4f7af608ea419', 'Date': 'Fri, 02 Jun 2023 01:12:30 GMT', 'Server': 'Google Frontend', 'Content-Length': '50'} 
 body={
    "message": "Registro alterado com sucesso"
} 
 </msg>
<msg timestamp="20230602 01:12:30.597" level="INFO">${response} = &lt;Response [200]&gt;</msg>
<status status="PASS" starttime="20230602 01:12:30.512" endtime="20230602 01:12:30.597"/>
</kw>
<kw name="Set Test Variable" library="BuiltIn">
<arg>${response}</arg>
<doc>Makes a variable available everywhere within the scope of the current test.</doc>
<msg timestamp="20230602 01:12:30.598" level="INFO">${response} = &lt;Response [200]&gt;</msg>
<status status="PASS" starttime="20230602 01:12:30.598" endtime="20230602 01:12:30.598"/>
</kw>
<status status="PASS" starttime="20230602 01:12:30.511" endtime="20230602 01:12:30.598"/>
</kw>
<kw name="Then the response status code should be 200" library="test_keywords_users" sourcename="Then the response status code should be ${status_code}">
<kw name="Should Be Equal As Numbers" library="BuiltIn">
<arg>${response.status_code}</arg>
<arg>${status_code}</arg>
<doc>Fails if objects are unequal after converting them to real numbers.</doc>
<msg timestamp="20230602 01:12:30.599" level="INFO">Argument types are:
&lt;class 'int'&gt;
&lt;class 'str'&gt;</msg>
<status status="PASS" starttime="20230602 01:12:30.599" endtime="20230602 01:12:30.599"/>
</kw>
<kw name="Should Be True" library="BuiltIn">
<arg>${response.json()}</arg>
<doc>Fails if the given condition is not true.</doc>
<status status="PASS" starttime="20230602 01:12:30.600" endtime="20230602 01:12:30.600"/>
</kw>
<status status="PASS" starttime="20230602 01:12:30.598" endtime="20230602 01:12:30.600"/>
</kw>
<kw name="And the response body should not be empty" library="test_keywords_users">
<kw name="Should Not Be Empty" library="BuiltIn">
<arg>${response.json()}</arg>
<doc>Verifies that the given item is not empty.</doc>
<msg timestamp="20230602 01:12:30.601" level="INFO">Length is 1</msg>
<status status="PASS" starttime="20230602 01:12:30.601" endtime="20230602 01:12:30.601"/>
</kw>
<status status="PASS" starttime="20230602 01:12:30.600" endtime="20230602 01:12:30.601"/>
</kw>
<tag>api</tag>
<status status="PASS" starttime="20230602 01:12:30.509" endtime="20230602 01:12:30.601"/>
</test>
<test id="s1-s1-s1-t5" name="Scenario: Delete the created user" line="34">
<kw name="Before Tests" library="test_keywords_common" type="SETUP">
<kw name="Create Session" library="RequestsLibrary">
<arg>serverest</arg>
<arg>${SERVER_BASE_URL}</arg>
<arg>disable_warnings=True</arg>
<doc>Create Session: create a HTTP session to a server</doc>
<msg timestamp="20230602 01:12:30.603" level="INFO">Creating Session using : alias=serverest, url=https://serverest.dev, headers={},                     cookies={}, auth=None, timeout=None, proxies=None, verify=False,                     debug=0 </msg>
<status status="PASS" starttime="20230602 01:12:30.603" endtime="20230602 01:12:30.604"/>
</kw>
<status status="PASS" starttime="20230602 01:12:30.603" endtime="20230602 01:12:30.604"/>
</kw>
<kw name="When I delete the created user" library="test_keywords_users">
<kw name="DELETE On Session" library="RequestsLibrary">
<var>${response}</var>
<arg>serverest</arg>
<arg>${USERS_API_ENDPOINT}/${USER_ID}</arg>
<doc>Sends a DELETE request on a previously created HTTP Session.</doc>
<msg timestamp="20230602 01:12:30.688" level="INFO">DELETE Request : url=https://serverest.dev/usuarios/gU9OtvreWwJnGrEd 
 path_url=/usuarios/gU9OtvreWwJnGrEd 
 headers={'User-Agent': 'python-requests/2.31.0', 'Accept-Encoding': 'gzip, deflate', 'Accept': '*/*', 'Connection': 'keep-alive', 'Content-Length': '0'} 
 body=None 
 </msg>
<msg timestamp="20230602 01:12:30.688" level="INFO">DELETE Response : url=https://serverest.dev/usuarios/gU9OtvreWwJnGrEd 
 status=200, reason=OK 
 headers={'access-control-allow-origin': '*', 'x-dns-prefetch-control': 'off', 'x-frame-options': 'SAMEORIGIN', 'strict-transport-security': 'max-age=15552000; includeSubDomains', 'x-download-options': 'noopen', 'x-content-type-options': 'nosniff', 'x-xss-protection': '1; mode=block', 'x-moesif-transaction-id': '07170a15-da11-4494-a692-11771bd25b4d', 'content-type': 'application/json; charset=utf-8', 'X-Cloud-Trace-Context': 'e5688debefb646b37931e0972f46c0e9', 'Date': 'Fri, 02 Jun 2023 01:12:30 GMT', 'Server': 'Google Frontend', 'Content-Length': '51'} 
 body={
    "message": "Registro excluído com sucesso"
} 
 </msg>
<msg timestamp="20230602 01:12:30.688" level="INFO">${response} = &lt;Response [200]&gt;</msg>
<status status="PASS" starttime="20230602 01:12:30.604" endtime="20230602 01:12:30.688"/>
</kw>
<kw name="Set Test Variable" library="BuiltIn">
<arg>${response}</arg>
<doc>Makes a variable available everywhere within the scope of the current test.</doc>
<msg timestamp="20230602 01:12:30.689" level="INFO">${response} = &lt;Response [200]&gt;</msg>
<status status="PASS" starttime="20230602 01:12:30.688" endtime="20230602 01:12:30.689"/>
</kw>
<status status="PASS" starttime="20230602 01:12:30.604" endtime="20230602 01:12:30.689"/>
</kw>
<kw name="Then the response status code should be 200" library="test_keywords_users" sourcename="Then the response status code should be ${status_code}">
<kw name="Should Be Equal As Numbers" library="BuiltIn">
<arg>${response.status_code}</arg>
<arg>${status_code}</arg>
<doc>Fails if objects are unequal after converting them to real numbers.</doc>
<msg timestamp="20230602 01:12:30.690" level="INFO">Argument types are:
&lt;class 'int'&gt;
&lt;class 'str'&gt;</msg>
<status status="PASS" starttime="20230602 01:12:30.689" endtime="20230602 01:12:30.690"/>
</kw>
<kw name="Should Be True" library="BuiltIn">
<arg>${response.json()}</arg>
<doc>Fails if the given condition is not true.</doc>
<status status="PASS" starttime="20230602 01:12:30.690" endtime="20230602 01:12:30.691"/>
</kw>
<status status="PASS" starttime="20230602 01:12:30.689" endtime="20230602 01:12:30.691"/>
</kw>
<kw name="And the response body should not be empty" library="test_keywords_users">
<kw name="Should Not Be Empty" library="BuiltIn">
<arg>${response.json()}</arg>
<doc>Verifies that the given item is not empty.</doc>
<msg timestamp="20230602 01:12:30.692" level="INFO">Length is 1</msg>
<status status="PASS" starttime="20230602 01:12:30.692" endtime="20230602 01:12:30.692"/>
</kw>
<status status="PASS" starttime="20230602 01:12:30.691" endtime="20230602 01:12:30.693"/>
</kw>
<tag>api</tag>
<status status="PASS" starttime="20230602 01:12:30.602" endtime="20230602 01:12:30.693"/>
</test>
<status status="PASS" starttime="20230602 01:12:29.584" endtime="20230602 01:12:30.694"/>
</suite>
<status status="PASS" starttime="20230602 01:12:29.583" endtime="20230602 01:12:30.695"/>
</suite>
<suite id="s1-s2" name="E2E" source="/home/runner/work/gen-ai-robot-test/gen-ai-robot-test/tests/e2e">
<suite id="s1-s2-s1" name="Test Ui Signup" source="/home/runner/work/gen-ai-robot-test/gen-ai-robot-test/tests/e2e/test_ui_signup.robot">
<test id="s1-s2-s1-t1" name="Scenario: Signup with empty fields" line="10">
<kw name="Before Tests" library="test_keywords_common" type="SETUP">
<kw name="Open Browser" library="SeleniumLibrary">
<arg>${SERVER_BASE_URL}</arg>
<arg>${HEADLESS} ${BROWSER}</arg>
<doc>Opens a new browser instance to the optional ``url``.</doc>
<msg timestamp="20230602 01:12:30.707" level="INFO">Opening browser 'headless Chrome' to base url 'https://front.serverest.dev/'.</msg>
<status status="PASS" starttime="20230602 01:12:30.706" endtime="20230602 01:12:33.500"/>
</kw>
<kw name="Maximize Browser Window" library="SeleniumLibrary">
<doc>Maximizes current browser window.</doc>
<status status="PASS" starttime="20230602 01:12:33.501" endtime="20230602 01:12:33.606"/>
</kw>
<status status="PASS" starttime="20230602 01:12:30.706" endtime="20230602 01:12:33.607"/>
</kw>
<kw name="Given Im on the signup page" library="test_keywords_signup">
<kw name="Location Should Be" library="SeleniumLibrary">
<arg>https://front.serverest.dev/login</arg>
<doc>Verifies that the current URL is exactly ``url``.</doc>
<msg timestamp="20230602 01:12:33.614" level="INFO">Current location is 'https://front.serverest.dev/login'.</msg>
<status status="PASS" starttime="20230602 01:12:33.608" endtime="20230602 01:12:33.614"/>
</kw>
<kw name="Click Element" library="SeleniumLibrary">
<arg>css=a.btn.btn-link</arg>
<doc>Click the element identified by ``locator``.</doc>
<msg timestamp="20230602 01:12:33.615" level="INFO">Clicking element 'css=a.btn.btn-link'.</msg>
<status status="PASS" starttime="20230602 01:12:33.614" endtime="20230602 01:12:33.684"/>
</kw>
<status status="PASS" starttime="20230602 01:12:33.607" endtime="20230602 01:12:33.685"/>
</kw>
<kw name="When I click in signup" library="test_keywords_signup">
<kw name="Click Button" library="SeleniumLibrary">
<arg>css=.btn.btn-primary</arg>
<doc>Clicks the button identified by ``locator``.</doc>
<msg timestamp="20230602 01:12:33.686" level="INFO">Clicking button 'css=.btn.btn-primary'.</msg>
<status status="PASS" starttime="20230602 01:12:33.685" endtime="20230602 01:12:33.757"/>
</kw>
<status status="PASS" starttime="20230602 01:12:33.685" endtime="20230602 01:12:33.757"/>
</kw>
<kw name="Then required field messages should be displayed" library="test_keywords_signup">
<kw name="Wait Until Element Is Visible" library="SeleniumLibrary">
<arg>css=.alert-dismissible</arg>
<arg>timeout=10s</arg>
<doc>Waits until the element ``locator`` is visible.</doc>
<status status="PASS" starttime="20230602 01:12:33.758" endtime="20230602 01:12:33.997"/>
</kw>
<kw name="Element Should Be Visible" library="SeleniumLibrary">
<arg>css=.alert-dismissible</arg>
<doc>Verifies that the element identified by ``locator`` is visible.</doc>
<msg timestamp="20230602 01:12:34.016" level="INFO">Element 'css=.alert-dismissible' is displayed.</msg>
<status status="PASS" starttime="20230602 01:12:33.997" endtime="20230602 01:12:34.017"/>
</kw>
<kw name="Page Should Contain" library="SeleniumLibrary">
<arg>Nome é obrigatório</arg>
<doc>Verifies that current page contains ``text``.</doc>
<msg timestamp="20230602 01:12:34.033" level="INFO">Current page contains text 'Nome é obrigatório'.</msg>
<status status="PASS" starttime="20230602 01:12:34.017" endtime="20230602 01:12:34.034"/>
</kw>
<kw name="Page Should Contain" library="SeleniumLibrary">
<arg>Email é obrigatório</arg>
<doc>Verifies that current page contains ``text``.</doc>
<msg timestamp="20230602 01:12:34.048" level="INFO">Current page contains text 'Email é obrigatório'.</msg>
<status status="PASS" starttime="20230602 01:12:34.034" endtime="20230602 01:12:34.048"/>
</kw>
<kw name="Page Should Contain" library="SeleniumLibrary">
<arg>Password é obrigatório</arg>
<doc>Verifies that current page contains ``text``.</doc>
<msg timestamp="20230602 01:12:34.063" level="INFO">Current page contains text 'Password é obrigatório'.</msg>
<status status="PASS" starttime="20230602 01:12:34.048" endtime="20230602 01:12:34.063"/>
</kw>
<status status="PASS" starttime="20230602 01:12:33.757" endtime="20230602 01:12:34.063"/>
</kw>
<kw name="After Tests" library="test_keywords_common" type="TEARDOWN">
<kw name="Close Browser" library="SeleniumLibrary">
<doc>Closes the current browser.</doc>
<status status="PASS" starttime="20230602 01:12:34.064" endtime="20230602 01:12:34.120"/>
</kw>
<status status="PASS" starttime="20230602 01:12:34.063" endtime="20230602 01:12:34.120"/>
</kw>
<tag>e2e</tag>
<status status="PASS" starttime="20230602 01:12:30.705" endtime="20230602 01:12:34.120"/>
</test>
<test id="s1-s2-s1-t2" name="Scenario: Signup done successfully" line="16">
<kw name="Before Tests" library="test_keywords_common" type="SETUP">
<kw name="Open Browser" library="SeleniumLibrary">
<arg>${SERVER_BASE_URL}</arg>
<arg>${HEADLESS} ${BROWSER}</arg>
<doc>Opens a new browser instance to the optional ``url``.</doc>
<msg timestamp="20230602 01:12:34.122" level="INFO">Opening browser 'headless Chrome' to base url 'https://front.serverest.dev/'.</msg>
<status status="PASS" starttime="20230602 01:12:34.122" endtime="20230602 01:12:35.438"/>
</kw>
<kw name="Maximize Browser Window" library="SeleniumLibrary">
<doc>Maximizes current browser window.</doc>
<status status="PASS" starttime="20230602 01:12:35.439" endtime="20230602 01:12:35.543"/>
</kw>
<status status="PASS" starttime="20230602 01:12:34.121" endtime="20230602 01:12:35.544"/>
</kw>
<kw name="Given Im on the signup page" library="test_keywords_signup">
<kw name="Location Should Be" library="SeleniumLibrary">
<arg>https://front.serverest.dev/login</arg>
<doc>Verifies that the current URL is exactly ``url``.</doc>
<msg timestamp="20230602 01:12:35.577" level="INFO">Current location is 'https://front.serverest.dev/login'.</msg>
<status status="PASS" starttime="20230602 01:12:35.544" endtime="20230602 01:12:35.577"/>
</kw>
<kw name="Click Element" library="SeleniumLibrary">
<arg>css=a.btn.btn-link</arg>
<doc>Click the element identified by ``locator``.</doc>
<msg timestamp="20230602 01:12:35.578" level="INFO">Clicking element 'css=a.btn.btn-link'.</msg>
<status status="PASS" starttime="20230602 01:12:35.577" endtime="20230602 01:12:35.632"/>
</kw>
<status status="PASS" starttime="20230602 01:12:35.544" endtime="20230602 01:12:35.633"/>
</kw>
<kw name="And I fill in the signup fields with valid data" library="test_keywords_signup">
<kw name="Name" library="FakerLibrary">
<var>${name}</var>
<doc>:example 'John Doe'</doc>
<msg timestamp="20230602 01:12:35.634" level="INFO">${name} = Dylan Williams</msg>
<status status="PASS" starttime="20230602 01:12:35.633" endtime="20230602 01:12:35.634"/>
</kw>
<kw name="Email" library="FakerLibrary">
<var>${email}</var>
<msg timestamp="20230602 01:12:35.634" level="INFO">${email} = twong@example.com</msg>
<status status="PASS" starttime="20230602 01:12:35.634" endtime="20230602 01:12:35.634"/>
</kw>
<kw name="Password" library="FakerLibrary">
<var>${password}</var>
<arg>length=12</arg>
<arg>special_chars=False</arg>
<doc>Generate a random password of the specified ``length``.</doc>
<msg timestamp="20230602 01:12:35.635" level="INFO">${password} = VY03qCqZH9yT</msg>
<status status="PASS" starttime="20230602 01:12:35.635" endtime="20230602 01:12:35.635"/>
</kw>
<kw name="Input Text" library="SeleniumLibrary">
<arg>id:nome</arg>
<arg>${name}</arg>
<doc>Types the given ``text`` into the text field identified by ``locator``.</doc>
<msg timestamp="20230602 01:12:35.636" level="INFO">Typing text 'Dylan Williams' into text field 'id:nome'.</msg>
<status status="PASS" starttime="20230602 01:12:35.635" endtime="20230602 01:12:35.770"/>
</kw>
<kw name="Input Text" library="SeleniumLibrary">
<arg>id:email</arg>
<arg>${email}</arg>
<doc>Types the given ``text`` into the text field identified by ``locator``.</doc>
<msg timestamp="20230602 01:12:35.771" level="INFO">Typing text 'twong@example.com' into text field 'id:email'.</msg>
<status status="PASS" starttime="20230602 01:12:35.771" endtime="20230602 01:12:35.875"/>
</kw>
<kw name="Input Text" library="SeleniumLibrary">
<arg>id:password</arg>
<arg>${password}</arg>
<doc>Types the given ``text`` into the text field identified by ``locator``.</doc>
<msg timestamp="20230602 01:12:35.876" level="INFO">Typing text 'VY03qCqZH9yT' into text field 'id:password'.</msg>
<status status="PASS" starttime="20230602 01:12:35.875" endtime="20230602 01:12:35.973"/>
</kw>
<kw name="Select Checkbox" library="SeleniumLibrary">
<arg>id=administrador</arg>
<doc>Selects the checkbox identified by ``locator``.</doc>
<msg timestamp="20230602 01:12:35.974" level="INFO">Selecting checkbox 'id=administrador'.</msg>
<status status="PASS" starttime="20230602 01:12:35.974" endtime="20230602 01:12:36.054"/>
</kw>
<kw name="Set Suite Variable" library="BuiltIn">
<arg>${name}</arg>
<doc>Makes a variable available everywhere within the scope of the current suite.</doc>
<msg timestamp="20230602 01:12:36.055" level="INFO">${name} = Dylan Williams</msg>
<status status="PASS" starttime="20230602 01:12:36.055" endtime="20230602 01:12:36.055"/>
</kw>
<kw name="Set Suite Variable" library="BuiltIn">
<arg>${email}</arg>
<doc>Makes a variable available everywhere within the scope of the current suite.</doc>
<msg timestamp="20230602 01:12:36.056" level="INFO">${email} = twong@example.com</msg>
<status status="PASS" starttime="20230602 01:12:36.055" endtime="20230602 01:12:36.056"/>
</kw>
<kw name="Set Suite Variable" library="BuiltIn">
<arg>${password}</arg>
<doc>Makes a variable available everywhere within the scope of the current suite.</doc>
<msg timestamp="20230602 01:12:36.056" level="INFO">${password} = VY03qCqZH9yT</msg>
<status status="PASS" starttime="20230602 01:12:36.056" endtime="20230602 01:12:36.056"/>
</kw>
<status status="PASS" starttime="20230602 01:12:35.633" endtime="20230602 01:12:36.056"/>
</kw>
<kw name="When I click in signup" library="test_keywords_signup">
<kw name="Click Button" library="SeleniumLibrary">
<arg>css=.btn.btn-primary</arg>
<doc>Clicks the button identified by ``locator``.</doc>
<msg timestamp="20230602 01:12:36.057" level="INFO">Clicking button 'css=.btn.btn-primary'.</msg>
<status status="PASS" starttime="20230602 01:12:36.056" endtime="20230602 01:12:36.120"/>
</kw>
<status status="PASS" starttime="20230602 01:12:36.056" endtime="20230602 01:12:36.121"/>
</kw>
<kw name="Then the page should contain the text &quot;Cadastro realizado com sucesso&quot;" library="test_keywords_signup" sourcename="Then the page should contain the text &quot;${expected_text}&quot;">
<kw name="Wait Until Element Is Visible" library="SeleniumLibrary">
<arg>css=.alert-dismissible</arg>
<arg>timeout=10s</arg>
<doc>Waits until the element ``locator`` is visible.</doc>
<status status="PASS" starttime="20230602 01:12:36.121" endtime="20230602 01:12:36.356"/>
</kw>
<kw name="Element Should Be Visible" library="SeleniumLibrary">
<arg>css=.alert-dismissible</arg>
<doc>Verifies that the element identified by ``locator`` is visible.</doc>
<msg timestamp="20230602 01:12:36.376" level="INFO">Element 'css=.alert-dismissible' is displayed.</msg>
<status status="PASS" starttime="20230602 01:12:36.357" endtime="20230602 01:12:36.376"/>
</kw>
<kw name="Page Should Contain" library="SeleniumLibrary">
<arg>${expected_text}</arg>
<doc>Verifies that current page contains ``text``.</doc>
<msg timestamp="20230602 01:12:36.390" level="INFO">Current page contains text 'Cadastro realizado com sucesso'.</msg>
<status status="PASS" starttime="20230602 01:12:36.376" endtime="20230602 01:12:36.390"/>
</kw>
<status status="PASS" starttime="20230602 01:12:36.121" endtime="20230602 01:12:36.390"/>
</kw>
<kw name="After Tests" library="test_keywords_common" type="TEARDOWN">
<kw name="Close Browser" library="SeleniumLibrary">
<doc>Closes the current browser.</doc>
<status status="PASS" starttime="20230602 01:12:36.391" endtime="20230602 01:12:36.448"/>
</kw>
<status status="PASS" starttime="20230602 01:12:36.391" endtime="20230602 01:12:36.448"/>
</kw>
<tag>e2e</tag>
<status status="PASS" starttime="20230602 01:12:34.121" endtime="20230602 01:12:36.448"/>
</test>
<test id="s1-s2-s1-t3" name="Scenario: Signup with already used email" line="23">
<kw name="Before Tests" library="test_keywords_common" type="SETUP">
<kw name="Open Browser" library="SeleniumLibrary">
<arg>${SERVER_BASE_URL}</arg>
<arg>${HEADLESS} ${BROWSER}</arg>
<doc>Opens a new browser instance to the optional ``url``.</doc>
<msg timestamp="20230602 01:12:36.451" level="INFO">Opening browser 'headless Chrome' to base url 'https://front.serverest.dev/'.</msg>
<status status="PASS" starttime="20230602 01:12:36.450" endtime="20230602 01:12:37.777"/>
</kw>
<kw name="Maximize Browser Window" library="SeleniumLibrary">
<doc>Maximizes current browser window.</doc>
<status status="PASS" starttime="20230602 01:12:37.777" endtime="20230602 01:12:37.906"/>
</kw>
<status status="PASS" starttime="20230602 01:12:36.450" endtime="20230602 01:12:37.906"/>
</kw>
<kw name="Given Im on the signup page" library="test_keywords_signup">
<kw name="Location Should Be" library="SeleniumLibrary">
<arg>https://front.serverest.dev/login</arg>
<doc>Verifies that the current URL is exactly ``url``.</doc>
<msg timestamp="20230602 01:12:37.913" level="INFO">Current location is 'https://front.serverest.dev/login'.</msg>
<status status="PASS" starttime="20230602 01:12:37.907" endtime="20230602 01:12:37.913"/>
</kw>
<kw name="Click Element" library="SeleniumLibrary">
<arg>css=a.btn.btn-link</arg>
<doc>Click the element identified by ``locator``.</doc>
<msg timestamp="20230602 01:12:37.914" level="INFO">Clicking element 'css=a.btn.btn-link'.</msg>
<status status="PASS" starttime="20230602 01:12:37.913" endtime="20230602 01:12:37.974"/>
</kw>
<status status="PASS" starttime="20230602 01:12:37.907" endtime="20230602 01:12:37.974"/>
</kw>
<kw name="And I fill in the signup fields with an email already registered" library="test_keywords_signup">
<kw name="Input Text" library="SeleniumLibrary">
<arg>id:nome</arg>
<arg>${name}</arg>
<doc>Types the given ``text`` into the text field identified by ``locator``.</doc>
<msg timestamp="20230602 01:12:37.976" level="INFO">Typing text 'Dylan Williams' into text field 'id:nome'.</msg>
<status status="PASS" starttime="20230602 01:12:37.975" endtime="20230602 01:12:38.101"/>
</kw>
<kw name="Input Text" library="SeleniumLibrary">
<arg>id:email</arg>
<arg>${email}</arg>
<doc>Types the given ``text`` into the text field identified by ``locator``.</doc>
<msg timestamp="20230602 01:12:38.102" level="INFO">Typing text 'twong@example.com' into text field 'id:email'.</msg>
<status status="PASS" starttime="20230602 01:12:38.101" endtime="20230602 01:12:38.207"/>
</kw>
<kw name="Input Text" library="SeleniumLibrary">
<arg>id:password</arg>
<arg>${password}</arg>
<doc>Types the given ``text`` into the text field identified by ``locator``.</doc>
<msg timestamp="20230602 01:12:38.208" level="INFO">Typing text 'VY03qCqZH9yT' into text field 'id:password'.</msg>
<status status="PASS" starttime="20230602 01:12:38.208" endtime="20230602 01:12:38.310"/>
</kw>
<kw name="Select Checkbox" library="SeleniumLibrary">
<arg>id=administrador</arg>
<doc>Selects the checkbox identified by ``locator``.</doc>
<msg timestamp="20230602 01:12:38.311" level="INFO">Selecting checkbox 'id=administrador'.</msg>
<status status="PASS" starttime="20230602 01:12:38.310" endtime="20230602 01:12:38.395"/>
</kw>
<status status="PASS" starttime="20230602 01:12:37.975" endtime="20230602 01:12:38.396"/>
</kw>
<kw name="When I click in signup" library="test_keywords_signup">
<kw name="Click Button" library="SeleniumLibrary">
<arg>css=.btn.btn-primary</arg>
<doc>Clicks the button identified by ``locator``.</doc>
<msg timestamp="20230602 01:12:38.397" level="INFO">Clicking button 'css=.btn.btn-primary'.</msg>
<status status="PASS" starttime="20230602 01:12:38.396" endtime="20230602 01:12:38.464"/>
</kw>
<status status="PASS" starttime="20230602 01:12:38.396" endtime="20230602 01:12:38.464"/>
</kw>
<kw name="Then the page should contain the text &quot;Este email já está sendo usado&quot;" library="test_keywords_signup" sourcename="Then the page should contain the text &quot;${expected_text}&quot;">
<kw name="Wait Until Element Is Visible" library="SeleniumLibrary">
<arg>css=.alert-dismissible</arg>
<arg>timeout=10s</arg>
<doc>Waits until the element ``locator`` is visible.</doc>
<status status="PASS" starttime="20230602 01:12:38.465" endtime="20230602 01:12:38.702"/>
</kw>
<kw name="Element Should Be Visible" library="SeleniumLibrary">
<arg>css=.alert-dismissible</arg>
<doc>Verifies that the element identified by ``locator`` is visible.</doc>
<msg timestamp="20230602 01:12:38.723" level="INFO">Element 'css=.alert-dismissible' is displayed.</msg>
<status status="PASS" starttime="20230602 01:12:38.702" endtime="20230602 01:12:38.723"/>
</kw>
<kw name="Page Should Contain" library="SeleniumLibrary">
<arg>${expected_text}</arg>
<doc>Verifies that current page contains ``text``.</doc>
<msg timestamp="20230602 01:12:38.741" level="INFO">Current page contains text 'Este email já está sendo usado'.</msg>
<status status="PASS" starttime="20230602 01:12:38.723" endtime="20230602 01:12:38.741"/>
</kw>
<status status="PASS" starttime="20230602 01:12:38.464" endtime="20230602 01:12:38.742"/>
</kw>
<kw name="After Tests" library="test_keywords_common" type="TEARDOWN">
<kw name="Close Browser" library="SeleniumLibrary">
<doc>Closes the current browser.</doc>
<status status="PASS" starttime="20230602 01:12:38.742" endtime="20230602 01:12:38.799"/>
</kw>
<status status="PASS" starttime="20230602 01:12:38.742" endtime="20230602 01:12:38.799"/>
</kw>
<tag>e2e</tag>
<status status="PASS" starttime="20230602 01:12:36.449" endtime="20230602 01:12:38.799"/>
</test>
<status status="PASS" starttime="20230602 01:12:30.698" endtime="20230602 01:12:38.800"/>
</suite>
<status status="PASS" starttime="20230602 01:12:30.696" endtime="20230602 01:12:38.803"/>
</suite>
<status status="PASS" starttime="20230602 01:12:29.563" endtime="20230602 01:12:38.804"/>
</suite>
<statistics>
<total>
<stat pass="8" fail="0" skip="0">All Tests</stat>
</total>
<tag>
<stat pass="5" fail="0" skip="0">api</stat>
<stat pass="3" fail="0" skip="0">e2e</stat>
</tag>
<suite>
<stat pass="8" fail="0" skip="0" id="s1" name="Tests">Tests</stat>
<stat pass="5" fail="0" skip="0" id="s1-s1" name="Api">Tests.Api</stat>
<stat pass="5" fail="0" skip="0" id="s1-s1-s1" name="Test Api Users">Tests.Api.Test Api Users</stat>
<stat pass="3" fail="0" skip="0" id="s1-s2" name="E2E">Tests.E2E</stat>
<stat pass="3" fail="0" skip="0" id="s1-s2-s1" name="Test Ui Signup">Tests.E2E.Test Ui Signup</stat>
</suite>
</statistics>
<errors>
</errors>
</robot>
