<?xml version="1.0" encoding="UTF-8"?>
<robot generator="Robot 7.0 (Python 3.8.18 on linux)" generated="2024-01-30T00:09:50.342491" rpa="false" schemaversion="5">
<suite id="s1" name="Tests" source="/home/runner/work/gen-ai-robot-test/gen-ai-robot-test/tests">
<suite id="s1-s1" name="Api" source="/home/runner/work/gen-ai-robot-test/gen-ai-robot-test/tests/api">
<suite id="s1-s1-s1" name="Test Api Users" source="/home/runner/work/gen-ai-robot-test/gen-ai-robot-test/tests/api/test_api_users.robot">
<test id="s1-s1-s1-t1" name="Scenario: Get all registered users" line="9">
<kw name="Before Tests" owner="test_keywords_common" type="SETUP">
<kw name="Create Session" owner="RequestsLibrary">
<msg time="2024-01-30T00:09:50.904649" level="INFO">Creating Session using : alias=serverest, url=https://serverest.dev, headers={},                     cookies={}, auth=None, timeout=None, proxies=None, verify=False,                     debug=0 </msg>
<arg>serverest</arg>
<arg>${SERVER_BASE_URL}</arg>
<arg>disable_warnings=True</arg>
<doc>Create Session: create a HTTP session to a server</doc>
<status status="PASS" start="2024-01-30T00:09:50.904293" elapsed="0.000667"/>
</kw>
<status status="PASS" start="2024-01-30T00:09:50.902951" elapsed="0.002125"/>
</kw>
<kw name="When I request the list of all registered users" owner="test_keywords_users">
<kw name="GET On Session" owner="RequestsLibrary">
<msg time="2024-01-30T00:09:51.063575" level="INFO">GET Request : url=https://serverest.dev/usuarios 
 path_url=/usuarios 
 headers={'User-Agent': 'python-requests/2.31.0', 'Accept-Encoding': 'gzip, deflate', 'Accept': '*/*', 'Connection': 'keep-alive'} 
 body=None 
 </msg>
<msg time="2024-01-30T00:09:51.063756" level="INFO">GET Response : url=https://serverest.dev/usuarios 
 status=200, reason=OK 
 headers={'access-control-allow-origin': '*', 'x-dns-prefetch-control': 'off', 'x-frame-options': 'SAMEORIGIN', 'strict-transport-security': 'max-age=15552000; includeSubDomains', 'x-download-options': 'noopen', 'x-content-type-options': 'nosniff', 'x-xss-protection': '1; mode=block', 'content-type': 'application/json; charset=utf-8', 'X-Cloud-Trace-Context': '9721d4be1f6c5b881a29bc8be3991355;o=1', 'Date': 'Tue, 30 Jan 2024 00:09:51 GMT', 'Server': 'Google Frontend', 'Content-Length': '3819'} 
 body={
    "quantidade": 18,
    "usuarios": [
        {
            "nome": "EU QA Teste",
            "email": "qa@qa.com.br",
            "password": "teste",
            "administrador": "true",
            "_id": "2uWl28oKNvGIW1F6"
        },
        {
            "nome": "Fulano da Silva",
            "email": "beltrano@qa.com.br",
            "password": "teste",
            "administrador": "true",
            "_id": "7f1jL31qhE4unjLL"
        },
        {
            "nome": "Elrison Silva",
            "email": "hollandryan@example.net",
            "password": "123456",
            "administrador": "true",
            "_id": "8gz1ruZMZDZVom2S"
        },
        {
            "nome": "Teste Teste",
            "email": "tesste@qa.com.br",
            "password": "teste",
            "administrador": "true",
            "_id": "AGDeX9vKJQn0QMGG"
        },
        {
            "nome": "Joao silva",
            "email": "jaopopp@qa.com",
            "password": "teste",
            "administrador": "true",
            "_id": "CrHvtIjuMW1QslXW"
        },
        {
            "nome": "Elrison Silva",
            "email": "ychavez@example.com",
            "password": "123456",
            "administrador": "true",
            "_id": "EvzW3sk84w2rgJbt"
        },
        {
            "nome": "Enzo Teixeira",
            "email": "enzo@qa.com.br",
            "password": "teste",
            "administrador": "true",
            "_id": "GVHbL9GIx0gd5Iii"
        },
        {
            "nome": "Alan Machado",
            "email": "xpwb@email.teste.com",
            "password": "1234",
            "administrador": "true",
            "_id": "IBZVvfvh6PMeO0mB"
        },
        {
            "nome": "Lovie Ziemann",
            "email": "Dylan@desafio.com",
            "password": "SJADNM9572r3",
            "administrador": "false",
            "_id": "K8CHZ0kBSiywk4Tk"
        },
        {
            "nome": "Calvin",
            "email": "qa-01@qa-admin.com.br",
            "password": "teste",
            "administrador": "true",
            "_id": "LX5IkZL7tWUvU0Qo"
        },
        {
            "nome": "Elrison Silva",
            "email": "elrison.silva@sidia.com",
            "password": "123456",
            "administrador": "true",
            "_id": "OhLDpDnwaQdR7WQK"
        },
        {
            "nome": "Sammie Grant",
            "email": "Christi@desafio.com",
            "password": "OtLMDmFbq2PP2qV",
            "administrador": "true",
            "_id": "SnIxFzKncs3OUhbl"
        },
        {
            "nome": "Kelvi Zussa",
            "email": "kelvin_qa@ebac.com.br",
            "password": "teste",
            "administrador": "true",
            "_id": "hezH0qS75A3k1hiQ"
        },
        {
            "nome": "Teste Teoste",
            "email": "teosste@qa.com.br",
            "password": "teste",
            "administrador": "true",
            "_id": "lkuOOLkEDQ2pKhXk"
        },
        {
            "nome": "Fulano da Silva",
            "email": "fulano@qa.com",
            "password": "teste",
            "administrador": "true",
            "_id": "mr97xvHRaRwBXgp8"
        },
        {
            "nome": "Alan Machado",
            "email": "zucy@email.teste.com",
            "password": "1234",
            "administrador": "true",
            "_id": "mxGNFeGm1E33fPSG"
        },
        {
            "nome": "Alan Machado",
            "email": "tnbi@email.teste.com",
            "password": "1234",
            "administrador": "true",
            "_id": "rJwxtk4Qa9IKblp9"
        },
        {
            "nome": "Kelvin Zussa",
            "email": "kelvinzussa_qa@ebac.com.br",
            "password": "teste",
            "administrador": "true",
            "_id": "yz4YEkNFPQ2YeXD3"
        }
    ]
} 
 </msg>
<msg time="2024-01-30T00:09:51.063996" level="INFO">${response} = &lt;Response [200]&gt;</msg>
<var>${response}</var>
<arg>serverest</arg>
<arg>${USERS_API_ENDPOINT}</arg>
<doc>Sends a GET request on a previously created HTTP Session.</doc>
<status status="PASS" start="2024-01-30T00:09:50.905533" elapsed="0.158533"/>
</kw>
<kw name="Set Test Variable" owner="BuiltIn">
<msg time="2024-01-30T00:09:51.064644" level="INFO">${response} = &lt;Response [200]&gt;</msg>
<arg>${response}</arg>
<doc>Makes a variable available everywhere within the scope of the current test.</doc>
<status status="PASS" start="2024-01-30T00:09:51.064357" elapsed="0.000336"/>
</kw>
<status status="PASS" start="2024-01-30T00:09:50.905264" elapsed="0.159524"/>
</kw>
<kw name="Then the response status code should be 200" owner="test_keywords_users" source_name="Then the response status code should be ${status_code}">
<kw name="Should Be Equal As Numbers" owner="BuiltIn">
<msg time="2024-01-30T00:09:51.065899" level="INFO">Argument types are:
&lt;class 'int'&gt;
&lt;class 'str'&gt;</msg>
<arg>${response.status_code}</arg>
<arg>${status_code}</arg>
<doc>Fails if objects are unequal after converting them to real numbers.</doc>
<status status="PASS" start="2024-01-30T00:09:51.065356" elapsed="0.000615"/>
</kw>
<kw name="Should Be True" owner="BuiltIn">
<arg>${response.json()}</arg>
<doc>Fails if the given condition is not true.</doc>
<status status="PASS" start="2024-01-30T00:09:51.066122" elapsed="0.000489"/>
</kw>
<status status="PASS" start="2024-01-30T00:09:51.065013" elapsed="0.001679"/>
</kw>
<kw name="And the response body should not be empty" owner="test_keywords_users">
<kw name="Should Not Be Empty" owner="BuiltIn">
<msg time="2024-01-30T00:09:51.067636" level="INFO">Length is 2.</msg>
<arg>${response.json()}</arg>
<doc>Verifies that the given item is not empty.</doc>
<status status="PASS" start="2024-01-30T00:09:51.067127" elapsed="0.000563"/>
</kw>
<status status="PASS" start="2024-01-30T00:09:51.066853" elapsed="0.000911"/>
</kw>
<tag>api</tag>
<status status="PASS" start="2024-01-30T00:09:50.902213" elapsed="0.165683"/>
</test>
<test id="s1-s1-s1-t2" name="Scenario: Create a new user" line="15">
<kw name="Before Tests" owner="test_keywords_common" type="SETUP">
<kw name="Create Session" owner="RequestsLibrary">
<msg time="2024-01-30T00:09:51.069299" level="INFO">Creating Session using : alias=serverest, url=https://serverest.dev, headers={},                     cookies={}, auth=None, timeout=None, proxies=None, verify=False,                     debug=0 </msg>
<arg>serverest</arg>
<arg>${SERVER_BASE_URL}</arg>
<arg>disable_warnings=True</arg>
<doc>Create Session: create a HTTP session to a server</doc>
<status status="PASS" start="2024-01-30T00:09:51.069033" elapsed="0.000478"/>
</kw>
<status status="PASS" start="2024-01-30T00:09:51.068759" elapsed="0.000838"/>
</kw>
<kw name="Given I have a valid user data" owner="test_keywords_users">
<kw name="Name" owner="FakerLibrary">
<msg time="2024-01-30T00:09:51.070427" level="INFO">${name} = Robin Owens</msg>
<var>${name}</var>
<doc>:example: 'John Doe'</doc>
<status status="PASS" start="2024-01-30T00:09:51.070048" elapsed="0.000408"/>
</kw>
<kw name="Email" owner="FakerLibrary">
<msg time="2024-01-30T00:09:51.071058" level="INFO">${email} = michaelbrown@example.com</msg>
<var>${email}</var>
<status status="PASS" start="2024-01-30T00:09:51.070593" elapsed="0.000509"/>
</kw>
<kw name="Password" owner="FakerLibrary">
<msg time="2024-01-30T00:09:51.071705" level="INFO">${password} = 6w6b4ODqf5lA</msg>
<var>${password}</var>
<arg>length=12</arg>
<arg>special_chars=False</arg>
<doc>Generate a random password of the specified ``length``.</doc>
<status status="PASS" start="2024-01-30T00:09:51.071307" elapsed="0.000432"/>
</kw>
<kw name="Set Suite Variable" owner="BuiltIn">
<msg time="2024-01-30T00:09:51.072155" level="INFO">${name} = Robin Owens</msg>
<arg>${name}</arg>
<doc>Makes a variable available everywhere within the scope of the current suite.</doc>
<status status="PASS" start="2024-01-30T00:09:51.071906" elapsed="0.000297"/>
</kw>
<kw name="Set Suite Variable" owner="BuiltIn">
<msg time="2024-01-30T00:09:51.072545" level="INFO">${email} = michaelbrown@example.com</msg>
<arg>${email}</arg>
<doc>Makes a variable available everywhere within the scope of the current suite.</doc>
<status status="PASS" start="2024-01-30T00:09:51.072348" elapsed="0.000240"/>
</kw>
<kw name="Set Suite Variable" owner="BuiltIn">
<msg time="2024-01-30T00:09:51.072919" level="INFO">${password} = 6w6b4ODqf5lA</msg>
<arg>${password}</arg>
<doc>Makes a variable available everywhere within the scope of the current suite.</doc>
<status status="PASS" start="2024-01-30T00:09:51.072725" elapsed="0.000235"/>
</kw>
<status status="PASS" start="2024-01-30T00:09:51.069793" elapsed="0.003236"/>
</kw>
<kw name="When I create the user" owner="test_keywords_users">
<kw name="Create Dictionary" owner="BuiltIn">
<msg time="2024-01-30T00:09:51.073905" level="INFO">${payload} = {'nome': 'Robin Owens', 'email': 'michaelbrown@example.com', 'password': '6w6b4ODqf5lA', 'administrador': 'false'}</msg>
<var>${payload}</var>
<arg>nome=${name}</arg>
<arg>email=${email}</arg>
<arg>password=${password}</arg>
<arg>administrador=false</arg>
<doc>Creates and returns a dictionary based on the given ``items``.</doc>
<status status="PASS" start="2024-01-30T00:09:51.073478" elapsed="0.000457"/>
</kw>
<kw name="Create Dictionary" owner="BuiltIn">
<msg time="2024-01-30T00:09:51.074280" level="INFO">${headers} = {'Content-Type': 'application/json'}</msg>
<var>${headers}</var>
<arg>Content-Type=application/json</arg>
<doc>Creates and returns a dictionary based on the given ``items``.</doc>
<status status="PASS" start="2024-01-30T00:09:51.074095" elapsed="0.000213"/>
</kw>
<kw name="POST On Session" owner="RequestsLibrary">
<msg time="2024-01-30T00:09:51.147925" level="INFO">POST Request : url=https://serverest.dev/usuarios 
 path_url=/usuarios 
 headers={'User-Agent': 'python-requests/2.31.0', 'Accept-Encoding': 'gzip, deflate', 'Accept': '*/*', 'Connection': 'keep-alive', 'Content-Type': 'application/json', 'Content-Length': '114'} 
 body=b'{"nome": "Robin Owens", "email": "michaelbrown@example.com", "password": "6w6b4ODqf5lA", "administrador": "false"}' 
 </msg>
<msg time="2024-01-30T00:09:51.148043" level="INFO">POST Response : url=https://serverest.dev/usuarios 
 status=201, reason=Created 
 headers={'access-control-allow-origin': '*', 'x-dns-prefetch-control': 'off', 'x-frame-options': 'SAMEORIGIN', 'strict-transport-security': 'max-age=15552000; includeSubDomains', 'x-download-options': 'noopen', 'x-content-type-options': 'nosniff', 'x-xss-protection': '1; mode=block', 'content-type': 'application/json; charset=utf-8', 'X-Cloud-Trace-Context': 'b29046ff4a1a69df5c0c919608f771b4', 'Date': 'Tue, 30 Jan 2024 00:09:51 GMT', 'Server': 'Google Frontend', 'Content-Length': '82'} 
 body={
    "message": "Cadastro realizado com sucesso",
    "_id": "DXUym4BE7Dh7ruqZ"
} 
 </msg>
<msg time="2024-01-30T00:09:51.148190" level="INFO">${response} = &lt;Response [201]&gt;</msg>
<var>${response}</var>
<arg>serverest</arg>
<arg>${USERS_API_ENDPOINT}</arg>
<arg>json=${payload}</arg>
<arg>headers=${headers}</arg>
<doc>Sends a POST request on a previously created HTTP Session.</doc>
<status status="PASS" start="2024-01-30T00:09:51.074448" elapsed="0.073773"/>
</kw>
<kw name="Set Variable" owner="BuiltIn">
<msg time="2024-01-30T00:09:51.149000" level="INFO">${user_id} = DXUym4BE7Dh7ruqZ</msg>
<var>${user_id}</var>
<arg>${response.json()['_id']}</arg>
<doc>Returns the given values which can then be assigned to a variables.</doc>
<status status="PASS" start="2024-01-30T00:09:51.148439" elapsed="0.000592"/>
</kw>
<kw name="Set Global Variable" owner="BuiltIn">
<msg time="2024-01-30T00:09:51.149472" level="INFO">${USER_ID} = DXUym4BE7Dh7ruqZ</msg>
<arg>${USER_ID}</arg>
<arg>${user_id}</arg>
<doc>Makes a variable available globally in all tests and suites.</doc>
<status status="PASS" start="2024-01-30T00:09:51.149187" elapsed="0.000330"/>
</kw>
<kw name="Set Test Variable" owner="BuiltIn">
<msg time="2024-01-30T00:09:51.149854" level="INFO">${response} = &lt;Response [201]&gt;</msg>
<arg>${response}</arg>
<doc>Makes a variable available everywhere within the scope of the current test.</doc>
<status status="PASS" start="2024-01-30T00:09:51.149660" elapsed="0.000238"/>
</kw>
<status status="PASS" start="2024-01-30T00:09:51.073209" elapsed="0.076764"/>
</kw>
<kw name="Then the response status code should be 201" owner="test_keywords_users" source_name="Then the response status code should be ${status_code}">
<kw name="Should Be Equal As Numbers" owner="BuiltIn">
<msg time="2024-01-30T00:09:51.150977" level="INFO">Argument types are:
&lt;class 'int'&gt;
&lt;class 'str'&gt;</msg>
<arg>${response.status_code}</arg>
<arg>${status_code}</arg>
<doc>Fails if objects are unequal after converting them to real numbers.</doc>
<status status="PASS" start="2024-01-30T00:09:51.150502" elapsed="0.000541"/>
</kw>
<kw name="Should Be True" owner="BuiltIn">
<arg>${response.json()}</arg>
<doc>Fails if the given condition is not true.</doc>
<status status="PASS" start="2024-01-30T00:09:51.151184" elapsed="0.000454"/>
</kw>
<status status="PASS" start="2024-01-30T00:09:51.150183" elapsed="0.001532"/>
</kw>
<kw name="And the response body should not be empty" owner="test_keywords_users">
<kw name="Should Not Be Empty" owner="BuiltIn">
<msg time="2024-01-30T00:09:51.152573" level="INFO">Length is 2.</msg>
<arg>${response.json()}</arg>
<doc>Verifies that the given item is not empty.</doc>
<status status="PASS" start="2024-01-30T00:09:51.152150" elapsed="0.000473"/>
</kw>
<status status="PASS" start="2024-01-30T00:09:51.151869" elapsed="0.000826"/>
</kw>
<tag>api</tag>
<status status="PASS" start="2024-01-30T00:09:51.068318" elapsed="0.084500"/>
</test>
<test id="s1-s1-s1-t3" name="Scenario: Get a specific user informations" line="22">
<kw name="Before Tests" owner="test_keywords_common" type="SETUP">
<kw name="Create Session" owner="RequestsLibrary">
<msg time="2024-01-30T00:09:51.154089" level="INFO">Creating Session using : alias=serverest, url=https://serverest.dev, headers={},                     cookies={}, auth=None, timeout=None, proxies=None, verify=False,                     debug=0 </msg>
<arg>serverest</arg>
<arg>${SERVER_BASE_URL}</arg>
<arg>disable_warnings=True</arg>
<doc>Create Session: create a HTTP session to a server</doc>
<status status="PASS" start="2024-01-30T00:09:51.153835" elapsed="0.000493"/>
</kw>
<status status="PASS" start="2024-01-30T00:09:51.153569" elapsed="0.000844"/>
</kw>
<kw name="When I request the created user" owner="test_keywords_users">
<kw name="GET On Session" owner="RequestsLibrary">
<msg time="2024-01-30T00:09:51.225199" level="INFO">GET Request : url=https://serverest.dev/usuarios/DXUym4BE7Dh7ruqZ 
 path_url=/usuarios/DXUym4BE7Dh7ruqZ 
 headers={'User-Agent': 'python-requests/2.31.0', 'Accept-Encoding': 'gzip, deflate', 'Accept': '*/*', 'Connection': 'keep-alive'} 
 body=None 
 </msg>
<msg time="2024-01-30T00:09:51.225307" level="INFO">GET Response : url=https://serverest.dev/usuarios/DXUym4BE7Dh7ruqZ 
 status=200, reason=OK 
 headers={'access-control-allow-origin': '*', 'x-dns-prefetch-control': 'off', 'x-frame-options': 'SAMEORIGIN', 'strict-transport-security': 'max-age=15552000; includeSubDomains', 'x-download-options': 'noopen', 'x-content-type-options': 'nosniff', 'x-xss-protection': '1; mode=block', 'content-type': 'application/json; charset=utf-8', 'X-Cloud-Trace-Context': 'f2b44ba8f276ee5db8455b78f8b60690', 'Date': 'Tue, 30 Jan 2024 00:09:51 GMT', 'Server': 'Google Frontend', 'Content-Length': '163'} 
 body={
    "nome": "Robin Owens",
    "email": "michaelbrown@example.com",
    "password": "6w6b4ODqf5lA",
    "administrador": "false",
    "_id": "DXUym4BE7Dh7ruqZ"
} 
 </msg>
<msg time="2024-01-30T00:09:51.225451" level="INFO">${response} = &lt;Response [200]&gt;</msg>
<var>${response}</var>
<arg>serverest</arg>
<arg>${USERS_API_ENDPOINT}/${USER_ID}</arg>
<doc>Sends a GET request on a previously created HTTP Session.</doc>
<status status="PASS" start="2024-01-30T00:09:51.154857" elapsed="0.070626"/>
</kw>
<kw name="Set Test Variable" owner="BuiltIn">
<msg time="2024-01-30T00:09:51.225963" level="INFO">${response} = &lt;Response [200]&gt;</msg>
<arg>${response}</arg>
<doc>Makes a variable available everywhere within the scope of the current test.</doc>
<status status="PASS" start="2024-01-30T00:09:51.225711" elapsed="0.000300"/>
</kw>
<status status="PASS" start="2024-01-30T00:09:51.154591" elapsed="0.071501"/>
</kw>
<kw name="Then the response status code should be 200" owner="test_keywords_users" source_name="Then the response status code should be ${status_code}">
<kw name="Should Be Equal As Numbers" owner="BuiltIn">
<msg time="2024-01-30T00:09:51.227126" level="INFO">Argument types are:
&lt;class 'int'&gt;
&lt;class 'str'&gt;</msg>
<arg>${response.status_code}</arg>
<arg>${status_code}</arg>
<doc>Fails if objects are unequal after converting them to real numbers.</doc>
<status status="PASS" start="2024-01-30T00:09:51.226619" elapsed="0.000576"/>
</kw>
<kw name="Should Be True" owner="BuiltIn">
<arg>${response.json()}</arg>
<doc>Fails if the given condition is not true.</doc>
<status status="PASS" start="2024-01-30T00:09:51.227352" elapsed="0.000464"/>
</kw>
<status status="PASS" start="2024-01-30T00:09:51.226298" elapsed="0.001600"/>
</kw>
<kw name="And the response body should not be empty" owner="test_keywords_users">
<kw name="Should Not Be Empty" owner="BuiltIn">
<msg time="2024-01-30T00:09:51.228803" level="INFO">Length is 5.</msg>
<arg>${response.json()}</arg>
<doc>Verifies that the given item is not empty.</doc>
<status status="PASS" start="2024-01-30T00:09:51.228363" elapsed="0.000491"/>
</kw>
<status status="PASS" start="2024-01-30T00:09:51.228084" elapsed="0.000845"/>
</kw>
<tag>api</tag>
<status status="PASS" start="2024-01-30T00:09:51.153138" elapsed="0.075917"/>
</test>
<test id="s1-s1-s1-t4" name="Scenario: Update the created user" line="28">
<kw name="Before Tests" owner="test_keywords_common" type="SETUP">
<kw name="Create Session" owner="RequestsLibrary">
<msg time="2024-01-30T00:09:51.230318" level="INFO">Creating Session using : alias=serverest, url=https://serverest.dev, headers={},                     cookies={}, auth=None, timeout=None, proxies=None, verify=False,                     debug=0 </msg>
<arg>serverest</arg>
<arg>${SERVER_BASE_URL}</arg>
<arg>disable_warnings=True</arg>
<doc>Create Session: create a HTTP session to a server</doc>
<status status="PASS" start="2024-01-30T00:09:51.230064" elapsed="0.000459"/>
</kw>
<status status="PASS" start="2024-01-30T00:09:51.229806" elapsed="0.000810"/>
</kw>
<kw name="When I update the created user" owner="test_keywords_users">
<kw name="Create Dictionary" owner="BuiltIn">
<msg time="2024-01-30T00:09:51.231447" level="INFO">${payload} = {'nome': 'John Smith', 'email': 'john.smith@example.com', 'password': 'P@ssw0rd123', 'administrador': 'false'}</msg>
<var>${payload}</var>
<arg>nome=John Smith</arg>
<arg>email=john.smith@example.com</arg>
<arg>password=P@ssw0rd123</arg>
<arg>administrador=false</arg>
<doc>Creates and returns a dictionary based on the given ``items``.</doc>
<status status="PASS" start="2024-01-30T00:09:51.231218" elapsed="0.000259"/>
</kw>
<kw name="Create Dictionary" owner="BuiltIn">
<msg time="2024-01-30T00:09:51.231807" level="INFO">${headers} = {'Content-Type': 'application/json'}</msg>
<var>${headers}</var>
<arg>Content-Type=application/json</arg>
<doc>Creates and returns a dictionary based on the given ``items``.</doc>
<status status="PASS" start="2024-01-30T00:09:51.231632" elapsed="0.000202"/>
</kw>
<kw name="PUT On Session" owner="RequestsLibrary">
<msg time="2024-01-30T00:09:51.300751" level="INFO">PUT Request : url=https://serverest.dev/usuarios/DXUym4BE7Dh7ruqZ 
 path_url=/usuarios/DXUym4BE7Dh7ruqZ 
 headers={'User-Agent': 'python-requests/2.31.0', 'Accept-Encoding': 'gzip, deflate', 'Accept': '*/*', 'Connection': 'keep-alive', 'Content-Type': 'application/json', 'Content-Length': '110'} 
 body=b'{"nome": "John Smith", "email": "john.smith@example.com", "password": "P@ssw0rd123", "administrador": "false"}' 
 </msg>
<msg time="2024-01-30T00:09:51.300844" level="INFO">PUT Response : url=https://serverest.dev/usuarios/DXUym4BE7Dh7ruqZ 
 status=200, reason=OK 
 headers={'access-control-allow-origin': '*', 'x-dns-prefetch-control': 'off', 'x-frame-options': 'SAMEORIGIN', 'strict-transport-security': 'max-age=15552000; includeSubDomains', 'x-download-options': 'noopen', 'x-content-type-options': 'nosniff', 'x-xss-protection': '1; mode=block', 'content-type': 'application/json; charset=utf-8', 'X-Cloud-Trace-Context': 'ac6f93775e59d2712f9bd7c2a63a72d2', 'Date': 'Tue, 30 Jan 2024 00:09:51 GMT', 'Server': 'Google Frontend', 'Content-Length': '50'} 
 body={
    "message": "Registro alterado com sucesso"
} 
 </msg>
<msg time="2024-01-30T00:09:51.300990" level="INFO">${response} = &lt;Response [200]&gt;</msg>
<var>${response}</var>
<arg>serverest</arg>
<arg>${USERS_API_ENDPOINT}/${USER_ID}</arg>
<arg>json=${payload}</arg>
<arg>headers=${headers}</arg>
<doc>Sends a PUT request on a previously created HTTP Session.</doc>
<status status="PASS" start="2024-01-30T00:09:51.231971" elapsed="0.069056"/>
</kw>
<kw name="Set Test Variable" owner="BuiltIn">
<msg time="2024-01-30T00:09:51.301533" level="INFO">${response} = &lt;Response [200]&gt;</msg>
<arg>${response}</arg>
<doc>Makes a variable available everywhere within the scope of the current test.</doc>
<status status="PASS" start="2024-01-30T00:09:51.301261" elapsed="0.000319"/>
</kw>
<status status="PASS" start="2024-01-30T00:09:51.230800" elapsed="0.070858"/>
</kw>
<kw name="Then the response status code should be 200" owner="test_keywords_users" source_name="Then the response status code should be ${status_code}">
<kw name="Should Be Equal As Numbers" owner="BuiltIn">
<msg time="2024-01-30T00:09:51.302660" level="INFO">Argument types are:
&lt;class 'int'&gt;
&lt;class 'str'&gt;</msg>
<arg>${response.status_code}</arg>
<arg>${status_code}</arg>
<doc>Fails if objects are unequal after converting them to real numbers.</doc>
<status status="PASS" start="2024-01-30T00:09:51.302158" elapsed="0.000569"/>
</kw>
<kw name="Should Be True" owner="BuiltIn">
<arg>${response.json()}</arg>
<doc>Fails if the given condition is not true.</doc>
<status status="PASS" start="2024-01-30T00:09:51.302932" elapsed="0.000461"/>
</kw>
<status status="PASS" start="2024-01-30T00:09:51.301843" elapsed="0.001630"/>
</kw>
<kw name="And the response body should not be empty" owner="test_keywords_users">
<kw name="Should Not Be Empty" owner="BuiltIn">
<msg time="2024-01-30T00:09:51.304350" level="INFO">Length is 1.</msg>
<arg>${response.json()}</arg>
<doc>Verifies that the given item is not empty.</doc>
<status status="PASS" start="2024-01-30T00:09:51.303893" elapsed="0.000508"/>
</kw>
<status status="PASS" start="2024-01-30T00:09:51.303629" elapsed="0.000846"/>
</kw>
<tag>api</tag>
<status status="PASS" start="2024-01-30T00:09:51.229367" elapsed="0.075229"/>
</test>
<test id="s1-s1-s1-t5" name="Scenario: Delete the created user" line="34">
<kw name="Before Tests" owner="test_keywords_common" type="SETUP">
<kw name="Create Session" owner="RequestsLibrary">
<msg time="2024-01-30T00:09:51.305833" level="INFO">Creating Session using : alias=serverest, url=https://serverest.dev, headers={},                     cookies={}, auth=None, timeout=None, proxies=None, verify=False,                     debug=0 </msg>
<arg>serverest</arg>
<arg>${SERVER_BASE_URL}</arg>
<arg>disable_warnings=True</arg>
<doc>Create Session: create a HTTP session to a server</doc>
<status status="PASS" start="2024-01-30T00:09:51.305584" elapsed="0.000435"/>
</kw>
<status status="PASS" start="2024-01-30T00:09:51.305326" elapsed="0.000789"/>
</kw>
<kw name="When I delete the created user" owner="test_keywords_users">
<kw name="DELETE On Session" owner="RequestsLibrary">
<msg time="2024-01-30T00:09:51.377347" level="INFO">DELETE Request : url=https://serverest.dev/usuarios/DXUym4BE7Dh7ruqZ 
 path_url=/usuarios/DXUym4BE7Dh7ruqZ 
 headers={'User-Agent': 'python-requests/2.31.0', 'Accept-Encoding': 'gzip, deflate', 'Accept': '*/*', 'Connection': 'keep-alive', 'Content-Length': '0'} 
 body=None 
 </msg>
<msg time="2024-01-30T00:09:51.377449" level="INFO">DELETE Response : url=https://serverest.dev/usuarios/DXUym4BE7Dh7ruqZ 
 status=200, reason=OK 
 headers={'access-control-allow-origin': '*', 'x-dns-prefetch-control': 'off', 'x-frame-options': 'SAMEORIGIN', 'strict-transport-security': 'max-age=15552000; includeSubDomains', 'x-download-options': 'noopen', 'x-content-type-options': 'nosniff', 'x-xss-protection': '1; mode=block', 'content-type': 'application/json; charset=utf-8', 'X-Cloud-Trace-Context': 'df0d1f0df2ae2750e44a714bc33e135d', 'Date': 'Tue, 30 Jan 2024 00:09:51 GMT', 'Server': 'Google Frontend', 'Content-Length': '51'} 
 body={
    "message": "Registro excluído com sucesso"
} 
 </msg>
<msg time="2024-01-30T00:09:51.377595" level="INFO">${response} = &lt;Response [200]&gt;</msg>
<var>${response}</var>
<arg>serverest</arg>
<arg>${USERS_API_ENDPOINT}/${USER_ID}</arg>
<doc>Sends a DELETE request on a previously created HTTP Session.</doc>
<status status="PASS" start="2024-01-30T00:09:51.306540" elapsed="0.071093"/>
</kw>
<kw name="Set Test Variable" owner="BuiltIn">
<msg time="2024-01-30T00:09:51.378096" level="INFO">${response} = &lt;Response [200]&gt;</msg>
<arg>${response}</arg>
<doc>Makes a variable available everywhere within the scope of the current test.</doc>
<status status="PASS" start="2024-01-30T00:09:51.377851" elapsed="0.000294"/>
</kw>
<status status="PASS" start="2024-01-30T00:09:51.306286" elapsed="0.071939"/>
</kw>
<kw name="Then the response status code should be 200" owner="test_keywords_users" source_name="Then the response status code should be ${status_code}">
<kw name="Should Be Equal As Numbers" owner="BuiltIn">
<msg time="2024-01-30T00:09:51.379273" level="INFO">Argument types are:
&lt;class 'int'&gt;
&lt;class 'str'&gt;</msg>
<arg>${response.status_code}</arg>
<arg>${status_code}</arg>
<doc>Fails if objects are unequal after converting them to real numbers.</doc>
<status status="PASS" start="2024-01-30T00:09:51.378765" elapsed="0.000576"/>
</kw>
<kw name="Should Be True" owner="BuiltIn">
<arg>${response.json()}</arg>
<doc>Fails if the given condition is not true.</doc>
<status status="PASS" start="2024-01-30T00:09:51.379502" elapsed="0.000452"/>
</kw>
<status status="PASS" start="2024-01-30T00:09:51.378430" elapsed="0.001634"/>
</kw>
<kw name="And the response body should not be empty" owner="test_keywords_users">
<kw name="Should Not Be Empty" owner="BuiltIn">
<msg time="2024-01-30T00:09:51.381049" level="INFO">Length is 1.</msg>
<arg>${response.json()}</arg>
<doc>Verifies that the given item is not empty.</doc>
<status status="PASS" start="2024-01-30T00:09:51.380606" elapsed="0.000495"/>
</kw>
<status status="PASS" start="2024-01-30T00:09:51.380299" elapsed="0.000877"/>
</kw>
<tag>api</tag>
<status status="PASS" start="2024-01-30T00:09:51.304893" elapsed="0.076406"/>
</test>
<status status="PASS" start="2024-01-30T00:09:50.364054" elapsed="1.017778"/>
</suite>
<status status="PASS" start="2024-01-30T00:09:50.362963" elapsed="1.019642"/>
</suite>
<suite id="s1-s2" name="E2E" source="/home/runner/work/gen-ai-robot-test/gen-ai-robot-test/tests/e2e">
<suite id="s1-s2-s1" name="Test Ui Signup" source="/home/runner/work/gen-ai-robot-test/gen-ai-robot-test/tests/e2e/test_ui_signup.robot">
<test id="s1-s2-s1-t1" name="Scenario: Signup with empty fields" line="10">
<kw name="Before Tests" owner="test_keywords_common" type="SETUP">
<kw name="Open Browser" owner="SeleniumLibrary">
<msg time="2024-01-30T00:09:51.391441" level="INFO">Opening browser 'headless Chrome' to base url 'https://front.serverest.dev/'.</msg>
<arg>${SERVER_BASE_URL}</arg>
<arg>${HEADLESS} ${BROWSER}</arg>
<doc>Opens a new browser instance to the optional ``url``.</doc>
<status status="PASS" start="2024-01-30T00:09:51.391175" elapsed="3.449141"/>
</kw>
<kw name="Maximize Browser Window" owner="SeleniumLibrary">
<doc>Maximizes current browser window.</doc>
<status status="PASS" start="2024-01-30T00:09:54.840946" elapsed="0.107973"/>
</kw>
<status status="PASS" start="2024-01-30T00:09:51.390871" elapsed="3.558276"/>
</kw>
<kw name="Given Im on the signup page" owner="test_keywords_signup">
<kw name="Location Should Be" owner="SeleniumLibrary">
<msg time="2024-01-30T00:09:54.956623" level="INFO">Current location is 'https://front.serverest.dev/login'.</msg>
<arg>https://front.serverest.dev/login</arg>
<doc>Verifies that the current URL is exactly ``url``.</doc>
<status status="PASS" start="2024-01-30T00:09:54.950106" elapsed="0.006604"/>
</kw>
<kw name="Click Element" owner="SeleniumLibrary">
<msg time="2024-01-30T00:09:54.957666" level="INFO">Clicking element 'css=a.btn.btn-link'.</msg>
<arg>css=a.btn.btn-link</arg>
<doc>Click the element identified by ``locator``.</doc>
<status status="PASS" start="2024-01-30T00:09:54.956977" elapsed="0.046093"/>
</kw>
<status status="PASS" start="2024-01-30T00:09:54.949579" elapsed="0.053664"/>
</kw>
<kw name="When I click in signup" owner="test_keywords_signup">
<kw name="Click Button" owner="SeleniumLibrary">
<msg time="2024-01-30T00:09:55.004189" level="INFO">Clicking button 'css=.btn.btn-primary'.</msg>
<arg>css=.btn.btn-primary</arg>
<doc>Clicks the button identified by ``locator``.</doc>
<status status="PASS" start="2024-01-30T00:09:55.003918" elapsed="0.058649"/>
</kw>
<status status="PASS" start="2024-01-30T00:09:55.003523" elapsed="0.059258"/>
</kw>
<kw name="Then required field messages should be displayed" owner="test_keywords_signup">
<kw name="Wait Until Element Is Visible" owner="SeleniumLibrary">
<arg>css=.alert-dismissible</arg>
<arg>timeout=10s</arg>
<doc>Waits until the element ``locator`` is visible.</doc>
<status status="PASS" start="2024-01-30T00:09:55.063571" elapsed="0.224795"/>
</kw>
<kw name="Element Should Be Visible" owner="SeleniumLibrary">
<msg time="2024-01-30T00:09:55.301973" level="INFO">Element 'css=.alert-dismissible' is displayed.</msg>
<arg>css=.alert-dismissible</arg>
<doc>Verifies that the element identified by ``locator`` is visible.</doc>
<status status="PASS" start="2024-01-30T00:09:55.288680" elapsed="0.013369"/>
</kw>
<kw name="Page Should Contain" owner="SeleniumLibrary">
<msg time="2024-01-30T00:09:55.313570" level="INFO">Current page contains text 'Nome é obrigatório'.</msg>
<arg>Nome é obrigatório</arg>
<doc>Verifies that current page contains ``text``.</doc>
<status status="PASS" start="2024-01-30T00:09:55.302324" elapsed="0.011336"/>
</kw>
<kw name="Page Should Contain" owner="SeleniumLibrary">
<msg time="2024-01-30T00:09:55.323303" level="INFO">Current page contains text 'Email é obrigatório'.</msg>
<arg>Email é obrigatório</arg>
<doc>Verifies that current page contains ``text``.</doc>
<status status="PASS" start="2024-01-30T00:09:55.313877" elapsed="0.009495"/>
</kw>
<kw name="Page Should Contain" owner="SeleniumLibrary">
<msg time="2024-01-30T00:09:55.332642" level="INFO">Current page contains text 'Password é obrigatório'.</msg>
<arg>Password é obrigatório</arg>
<doc>Verifies that current page contains ``text``.</doc>
<status status="PASS" start="2024-01-30T00:09:55.323561" elapsed="0.009148"/>
</kw>
<status status="PASS" start="2024-01-30T00:09:55.063154" elapsed="0.269653"/>
</kw>
<kw name="After Tests" owner="test_keywords_common" type="TEARDOWN">
<kw name="Close Browser" owner="SeleniumLibrary">
<doc>Closes the current browser.</doc>
<status status="PASS" start="2024-01-30T00:09:55.333479" elapsed="0.063537"/>
</kw>
<status status="PASS" start="2024-01-30T00:09:55.333145" elapsed="0.064044"/>
</kw>
<tag>e2e</tag>
<status status="PASS" start="2024-01-30T00:09:51.390364" elapsed="4.006914"/>
</test>
<test id="s1-s2-s1-t2" name="Scenario: Signup done successfully" line="16">
<kw name="Before Tests" owner="test_keywords_common" type="SETUP">
<kw name="Open Browser" owner="SeleniumLibrary">
<msg time="2024-01-30T00:09:55.399400" level="INFO">Opening browser 'headless Chrome' to base url 'https://front.serverest.dev/'.</msg>
<arg>${SERVER_BASE_URL}</arg>
<arg>${HEADLESS} ${BROWSER}</arg>
<doc>Opens a new browser instance to the optional ``url``.</doc>
<status status="PASS" start="2024-01-30T00:09:55.399079" elapsed="0.957774"/>
</kw>
<kw name="Maximize Browser Window" owner="SeleniumLibrary">
<doc>Maximizes current browser window.</doc>
<status status="PASS" start="2024-01-30T00:09:56.357555" elapsed="0.109081"/>
</kw>
<status status="PASS" start="2024-01-30T00:09:55.398707" elapsed="1.068207"/>
</kw>
<kw name="Given Im on the signup page" owner="test_keywords_signup">
<kw name="Location Should Be" owner="SeleniumLibrary">
<msg time="2024-01-30T00:09:56.473351" level="INFO">Current location is 'https://front.serverest.dev/login'.</msg>
<arg>https://front.serverest.dev/login</arg>
<doc>Verifies that the current URL is exactly ``url``.</doc>
<status status="PASS" start="2024-01-30T00:09:56.468306" elapsed="0.005187"/>
</kw>
<kw name="Click Element" owner="SeleniumLibrary">
<msg time="2024-01-30T00:09:56.474186" level="INFO">Clicking element 'css=a.btn.btn-link'.</msg>
<arg>css=a.btn.btn-link</arg>
<doc>Click the element identified by ``locator``.</doc>
<status status="PASS" start="2024-01-30T00:09:56.473798" elapsed="0.044657"/>
</kw>
<status status="PASS" start="2024-01-30T00:09:56.467548" elapsed="0.051110"/>
</kw>
<kw name="And I fill in the signup fields with valid data" owner="test_keywords_signup">
<kw name="Name" owner="FakerLibrary">
<msg time="2024-01-30T00:09:56.520237" level="INFO">${name} = Patrick Singleton</msg>
<var>${name}</var>
<doc>:example: 'John Doe'</doc>
<status status="PASS" start="2024-01-30T00:09:56.519568" elapsed="0.000710"/>
</kw>
<kw name="Email" owner="FakerLibrary">
<msg time="2024-01-30T00:09:56.520996" level="INFO">${email} = williamgonzales@example.com</msg>
<var>${email}</var>
<status status="PASS" start="2024-01-30T00:09:56.520483" elapsed="0.000558"/>
</kw>
<kw name="Password" owner="FakerLibrary">
<msg time="2024-01-30T00:09:56.521631" level="INFO">${password} = 2zPxzlNbt9yZ</msg>
<var>${password}</var>
<arg>length=12</arg>
<arg>special_chars=False</arg>
<doc>Generate a random password of the specified ``length``.</doc>
<status status="PASS" start="2024-01-30T00:09:56.521244" elapsed="0.000427"/>
</kw>
<kw name="Input Text" owner="SeleniumLibrary">
<msg time="2024-01-30T00:09:56.522263" level="INFO">Typing text 'Patrick Singleton' into text field 'id:nome'.</msg>
<arg>id:nome</arg>
<arg>${name}</arg>
<doc>Types the given ``text`` into the text field identified by ``locator``.</doc>
<status status="PASS" start="2024-01-30T00:09:56.521972" elapsed="0.159405"/>
</kw>
<kw name="Input Text" owner="SeleniumLibrary">
<msg time="2024-01-30T00:09:56.682207" level="INFO">Typing text 'williamgonzales@example.com' into text field 'id:email'.</msg>
<arg>id:email</arg>
<arg>${email}</arg>
<doc>Types the given ``text`` into the text field identified by ``locator``.</doc>
<status status="PASS" start="2024-01-30T00:09:56.681792" elapsed="0.082181"/>
</kw>
<kw name="Input Text" owner="SeleniumLibrary">
<msg time="2024-01-30T00:09:56.764848" level="INFO">Typing text '2zPxzlNbt9yZ' into text field 'id:password'.</msg>
<arg>id:password</arg>
<arg>${password}</arg>
<doc>Types the given ``text`` into the text field identified by ``locator``.</doc>
<status status="PASS" start="2024-01-30T00:09:56.764451" elapsed="0.070231"/>
</kw>
<kw name="Select Checkbox" owner="SeleniumLibrary">
<msg time="2024-01-30T00:09:56.835297" level="INFO">Selecting checkbox 'id=administrador'.</msg>
<arg>id=administrador</arg>
<doc>Selects the checkbox identified by ``locator``.</doc>
<status status="PASS" start="2024-01-30T00:09:56.835016" elapsed="0.054830"/>
</kw>
<kw name="Set Suite Variable" owner="BuiltIn">
<msg time="2024-01-30T00:09:56.890782" level="INFO">${name} = Patrick Singleton</msg>
<arg>${name}</arg>
<doc>Makes a variable available everywhere within the scope of the current suite.</doc>
<status status="PASS" start="2024-01-30T00:09:56.890251" elapsed="0.000613"/>
</kw>
<kw name="Set Suite Variable" owner="BuiltIn">
<msg time="2024-01-30T00:09:56.891366" level="INFO">${email} = williamgonzales@example.com</msg>
<arg>${email}</arg>
<doc>Makes a variable available everywhere within the scope of the current suite.</doc>
<status status="PASS" start="2024-01-30T00:09:56.891107" elapsed="0.000313"/>
</kw>
<kw name="Set Suite Variable" owner="BuiltIn">
<msg time="2024-01-30T00:09:56.891959" level="INFO">${password} = 2zPxzlNbt9yZ</msg>
<arg>${password}</arg>
<doc>Makes a variable available everywhere within the scope of the current suite.</doc>
<status status="PASS" start="2024-01-30T00:09:56.891666" elapsed="0.000377"/>
</kw>
<status status="PASS" start="2024-01-30T00:09:56.519064" elapsed="0.373098"/>
</kw>
<kw name="When I click in signup" owner="test_keywords_signup">
<kw name="Click Button" owner="SeleniumLibrary">
<msg time="2024-01-30T00:09:56.893141" level="INFO">Clicking button 'css=.btn.btn-primary'.</msg>
<arg>css=.btn.btn-primary</arg>
<doc>Clicks the button identified by ``locator``.</doc>
<status status="PASS" start="2024-01-30T00:09:56.892861" elapsed="0.067563"/>
</kw>
<status status="PASS" start="2024-01-30T00:09:56.892425" elapsed="0.068195"/>
</kw>
<kw name="Then the page should contain the text &quot;Cadastro realizado com sucesso&quot;" owner="test_keywords_signup" source_name="Then the page should contain the text &quot;${expected_text}&quot;">
<kw name="Wait Until Element Is Visible" owner="SeleniumLibrary">
<arg>css=.alert-dismissible</arg>
<arg>timeout=10s</arg>
<doc>Waits until the element ``locator`` is visible.</doc>
<status status="PASS" start="2024-01-30T00:09:56.961641" elapsed="0.225426"/>
</kw>
<kw name="Element Should Be Visible" owner="SeleniumLibrary">
<msg time="2024-01-30T00:09:57.201970" level="INFO">Element 'css=.alert-dismissible' is displayed.</msg>
<arg>css=.alert-dismissible</arg>
<doc>Verifies that the element identified by ``locator`` is visible.</doc>
<status status="PASS" start="2024-01-30T00:09:57.187382" elapsed="0.014690"/>
</kw>
<kw name="Page Should Contain" owner="SeleniumLibrary">
<msg time="2024-01-30T00:09:57.212346" level="INFO">Current page contains text 'Cadastro realizado com sucesso'.</msg>
<arg>${expected_text}</arg>
<doc>Verifies that current page contains ``text``.</doc>
<status status="PASS" start="2024-01-30T00:09:57.202305" elapsed="0.010201"/>
</kw>
<status status="PASS" start="2024-01-30T00:09:56.961003" elapsed="0.251629"/>
</kw>
<kw name="After Tests" owner="test_keywords_common" type="TEARDOWN">
<kw name="Close Browser" owner="SeleniumLibrary">
<doc>Closes the current browser.</doc>
<status status="PASS" start="2024-01-30T00:09:57.213371" elapsed="0.064976"/>
</kw>
<status status="PASS" start="2024-01-30T00:09:57.213001" elapsed="0.065518"/>
</kw>
<tag>e2e</tag>
<status status="PASS" start="2024-01-30T00:09:55.398131" elapsed="1.880475"/>
</test>
<test id="s1-s2-s1-t3" name="Scenario: Signup with already used email" line="23">
<kw name="Before Tests" owner="test_keywords_common" type="SETUP">
<kw name="Open Browser" owner="SeleniumLibrary">
<msg time="2024-01-30T00:09:57.280359" level="INFO">Opening browser 'headless Chrome' to base url 'https://front.serverest.dev/'.</msg>
<arg>${SERVER_BASE_URL}</arg>
<arg>${HEADLESS} ${BROWSER}</arg>
<doc>Opens a new browser instance to the optional ``url``.</doc>
<status status="PASS" start="2024-01-30T00:09:57.280024" elapsed="0.926392"/>
</kw>
<kw name="Maximize Browser Window" owner="SeleniumLibrary">
<doc>Maximizes current browser window.</doc>
<status status="PASS" start="2024-01-30T00:09:58.207152" elapsed="0.109186"/>
</kw>
<status status="PASS" start="2024-01-30T00:09:57.279631" elapsed="1.036924"/>
</kw>
<kw name="Given Im on the signup page" owner="test_keywords_signup">
<kw name="Location Should Be" owner="SeleniumLibrary">
<msg time="2024-01-30T00:09:58.322326" level="INFO">Current location is 'https://front.serverest.dev/login'.</msg>
<arg>https://front.serverest.dev/login</arg>
<doc>Verifies that the current URL is exactly ``url``.</doc>
<status status="PASS" start="2024-01-30T00:09:58.317631" elapsed="0.004797"/>
</kw>
<kw name="Click Element" owner="SeleniumLibrary">
<msg time="2024-01-30T00:09:58.322991" level="INFO">Clicking element 'css=a.btn.btn-link'.</msg>
<arg>css=a.btn.btn-link</arg>
<doc>Click the element identified by ``locator``.</doc>
<status status="PASS" start="2024-01-30T00:09:58.322655" elapsed="0.042661"/>
</kw>
<status status="PASS" start="2024-01-30T00:09:58.317007" elapsed="0.048479"/>
</kw>
<kw name="And I fill in the signup fields with an email already registered" owner="test_keywords_signup">
<kw name="Input Text" owner="SeleniumLibrary">
<msg time="2024-01-30T00:09:58.366706" level="INFO">Typing text 'Patrick Singleton' into text field 'id:nome'.</msg>
<arg>id:nome</arg>
<arg>${name}</arg>
<doc>Types the given ``text`` into the text field identified by ``locator``.</doc>
<status status="PASS" start="2024-01-30T00:09:58.366170" elapsed="0.156955"/>
</kw>
<kw name="Input Text" owner="SeleniumLibrary">
<msg time="2024-01-30T00:09:58.523818" level="INFO">Typing text 'williamgonzales@example.com' into text field 'id:email'.</msg>
<arg>id:email</arg>
<arg>${email}</arg>
<doc>Types the given ``text`` into the text field identified by ``locator``.</doc>
<status status="PASS" start="2024-01-30T00:09:58.523479" elapsed="0.083433"/>
</kw>
<kw name="Input Text" owner="SeleniumLibrary">
<msg time="2024-01-30T00:09:58.607614" level="INFO">Typing text '2zPxzlNbt9yZ' into text field 'id:password'.</msg>
<arg>id:password</arg>
<arg>${password}</arg>
<doc>Types the given ``text`` into the text field identified by ``locator``.</doc>
<status status="PASS" start="2024-01-30T00:09:58.607239" elapsed="0.068421"/>
</kw>
<kw name="Select Checkbox" owner="SeleniumLibrary">
<msg time="2024-01-30T00:09:58.676456" level="INFO">Selecting checkbox 'id=administrador'.</msg>
<arg>id=administrador</arg>
<doc>Selects the checkbox identified by ``locator``.</doc>
<status status="PASS" start="2024-01-30T00:09:58.676095" elapsed="0.054060"/>
</kw>
<status status="PASS" start="2024-01-30T00:09:58.365784" elapsed="0.364543"/>
</kw>
<kw name="When I click in signup" owner="test_keywords_signup">
<kw name="Click Button" owner="SeleniumLibrary">
<msg time="2024-01-30T00:09:58.731230" level="INFO">Clicking button 'css=.btn.btn-primary'.</msg>
<arg>css=.btn.btn-primary</arg>
<doc>Clicks the button identified by ``locator``.</doc>
<status status="PASS" start="2024-01-30T00:09:58.730994" elapsed="0.050458"/>
</kw>
<status status="PASS" start="2024-01-30T00:09:58.730607" elapsed="0.051016"/>
</kw>
<kw name="Then the page should contain the text &quot;Este email já está sendo usado&quot;" owner="test_keywords_signup" source_name="Then the page should contain the text &quot;${expected_text}&quot;">
<kw name="Wait Until Element Is Visible" owner="SeleniumLibrary">
<arg>css=.alert-dismissible</arg>
<arg>timeout=10s</arg>
<doc>Waits until the element ``locator`` is visible.</doc>
<status status="PASS" start="2024-01-30T00:09:58.782445" elapsed="0.225993"/>
</kw>
<kw name="Element Should Be Visible" owner="SeleniumLibrary">
<msg time="2024-01-30T00:09:59.023425" level="INFO">Element 'css=.alert-dismissible' is displayed.</msg>
<arg>css=.alert-dismissible</arg>
<doc>Verifies that the element identified by ``locator`` is visible.</doc>
<status status="PASS" start="2024-01-30T00:09:59.008767" elapsed="0.014802"/>
</kw>
<kw name="Page Should Contain" owner="SeleniumLibrary">
<msg time="2024-01-30T00:09:59.034818" level="INFO">Current page contains text 'Este email já está sendo usado'.</msg>
<arg>${expected_text}</arg>
<doc>Verifies that current page contains ``text``.</doc>
<status status="PASS" start="2024-01-30T00:09:59.023927" elapsed="0.011016"/>
</kw>
<status status="PASS" start="2024-01-30T00:09:58.781945" elapsed="0.253140"/>
</kw>
<kw name="After Tests" owner="test_keywords_common" type="TEARDOWN">
<kw name="Close Browser" owner="SeleniumLibrary">
<doc>Closes the current browser.</doc>
<status status="PASS" start="2024-01-30T00:09:59.035862" elapsed="0.064800"/>
</kw>
<status status="PASS" start="2024-01-30T00:09:59.035478" elapsed="0.065342"/>
</kw>
<tag>e2e</tag>
<status status="PASS" start="2024-01-30T00:09:57.279057" elapsed="1.821850"/>
</test>
<status status="PASS" start="2024-01-30T00:09:51.384367" elapsed="7.717212"/>
</suite>
<status status="PASS" start="2024-01-30T00:09:51.383092" elapsed="7.719370"/>
</suite>
<status status="PASS" start="2024-01-30T00:09:50.343404" elapsed="8.759789"/>
</suite>
<statistics>
<total>
<stat pass="8" fail="0" skip="0">All Tests</stat>
</total>
<tag>
<stat pass="5" fail="0" skip="0">api</stat>
<stat pass="3" fail="0" skip="0">e2e</stat>
</tag>
<suite>
<stat pass="8" fail="0" skip="0" id="s1" name="Tests">Tests</stat>
<stat pass="5" fail="0" skip="0" id="s1-s1" name="Api">Tests.Api</stat>
<stat pass="5" fail="0" skip="0" id="s1-s1-s1" name="Test Api Users">Tests.Api.Test Api Users</stat>
<stat pass="3" fail="0" skip="0" id="s1-s2" name="E2E">Tests.E2E</stat>
<stat pass="3" fail="0" skip="0" id="s1-s2-s1" name="Test Ui Signup">Tests.E2E.Test Ui Signup</stat>
</suite>
</statistics>
<errors>
</errors>
</robot>
