<?xml version="1.0" encoding="UTF-8"?>
<robot generator="Robot 6.0.2 (Python 3.8.16 on linux)" generated="20230413 17:37:05.706" rpa="false" schemaversion="3">
<suite id="s1" name="Tests" source="/home/runner/work/gen-ai-robot-test/gen-ai-robot-test/tests">
<suite id="s1-s1" name="Api" source="/home/runner/work/gen-ai-robot-test/gen-ai-robot-test/tests/api">
<suite id="s1-s1-s1" name="Users" source="/home/runner/work/gen-ai-robot-test/gen-ai-robot-test/tests/api/users">
<suite id="s1-s1-s1-s1" name="Test Api Users" source="/home/runner/work/gen-ai-robot-test/gen-ai-robot-test/tests/api/users/test_api_users.robot">
<test id="s1-s1-s1-s1-t1" name="Scenario: Get all registered users" line="9">
<kw name="Before Tests" library="test_keywords_common" type="SETUP">
<kw name="Create Session" library="RequestsLibrary">
<arg>serverest</arg>
<arg>${SERVER_BASE_URL}</arg>
<arg>disable_warnings=True</arg>
<doc>Create Session: create a HTTP session to a server</doc>
<msg timestamp="20230413 17:37:06.164" level="INFO">Creating Session using : alias=serverest, url=https://serverest.dev, headers={},                     cookies={}, auth=None, timeout=None, proxies=None, verify=False,                     debug=0 </msg>
<status status="PASS" starttime="20230413 17:37:06.164" endtime="20230413 17:37:06.164"/>
</kw>
<status status="PASS" starttime="20230413 17:37:06.163" endtime="20230413 17:37:06.165"/>
</kw>
<kw name="When I request the list of all registered users" library="test_keywords_users">
<kw name="GET On Session" library="RequestsLibrary">
<var>${response}</var>
<arg>serverest</arg>
<arg>${USERS_API_ENDPOINT}</arg>
<doc>Sends a GET request on a previously created HTTP Session.</doc>
<msg timestamp="20230413 17:37:06.313" level="INFO">GET Request : url=https://serverest.dev/usuarios 
 path_url=/usuarios 
 headers={'User-Agent': 'python-requests/2.28.2', 'Accept-Encoding': 'gzip, deflate', 'Accept': '*/*', 'Connection': 'keep-alive'} 
 body=None 
 </msg>
<msg timestamp="20230413 17:37:06.314" level="INFO">GET Response : url=https://serverest.dev/usuarios 
 status=200, reason=OK 
 headers={'access-control-allow-origin': '*', 'x-dns-prefetch-control': 'off', 'x-frame-options': 'SAMEORIGIN', 'strict-transport-security': 'max-age=15552000; includeSubDomains', 'x-download-options': 'noopen', 'x-content-type-options': 'nosniff', 'x-xss-protection': '1; mode=block', 'x-moesif-transaction-id': '6471a401-d370-44e3-883e-1c32046cc3bb', 'content-type': 'application/json; charset=utf-8', 'X-Cloud-Trace-Context': 'b9ec1a2421f7ee6f937483e6b3f95670;o=1', 'Date': 'Thu, 13 Apr 2023 17:37:06 GMT', 'Server': 'Google Frontend', 'Content-Length': '8558'} 
 body={
    "quantidade": 40,
    "usuarios": [
        {
            "nome": "Fulano da Silva",
            "email": "fulano@qa.com",
            "password": "teste",
            "administrador": "true",
            "_id": "0uxuPY0cbmQhpEz1"
        },
        {
            "nome": "Fulano da Silva",
            "email": "beltrano@qa.com.br",
            "password": "teste",
            "administrador": "true",
            "_id": "1I5MtFIUIIOY5fV8"
        },
        {
            "nome": "Windows da Silva",
            "email": "ipqxei@emailteste.com",
            "password": "15674",
            "administrador": "true",
            "_id": "2JhTk8dSFIFe8lH6"
        },
        {
            "nome": "aaa",
            "email": "bbb@hotmail.com",
            "password": "teste",
            "administrador": "true",
            "_id": "2Lp5Uq7pDHUbBffY"
        },
        {
            "nome": "Beth Ratke",
            "email": "stacy@osinski-osinski.info",
            "password": "teste",
            "administrador": "true",
            "_id": "71wWcZo3ezwrC3Cr"
        },
        {
            "nome": "Fulano da Silva",
            "email": "ppfv@emailteste.com",
            "password": "1234",
            "administrador": "true",
            "_id": "9mIJVW1Ol7xedZFs"
        },
        {
            "nome": "Fulano da Silva",
            "email": "pxwc@emailteste.com",
            "password": "1234",
            "administrador": "true",
            "_id": "APyHOugT42PmdOBJ"
        },
        {
            "nome": "Fulano da Silva",
            "email": "mvsc@qa.com.br",
            "password": "teste",
            "administrador": "true",
            "_id": "FxBMCLty8jySZP22"
        },
        {
            "nome": "Fulano da Silva",
            "email": "vasm@emailteste.com",
            "password": "1234",
            "administrador": "true",
            "_id": "GCpN2ihUBADVFECo"
        },
        {
            "nome": "Fulano da Silva",
            "email": "juvo@emailteste.com",
            "password": "1234",
            "administrador": "true",
            "_id": "H7CG5GTrfZj2tn96"
        },
        {
            "nome": "Delma Welch",
            "email": "jermaine@rodriguez.com",
            "password": "teste",
            "administrador": "true",
            "_id": "IJG76Lf2CDJbbMsw"
        },
        {
            "nome": "Fulano da Silva",
            "email": "xisn@emailteste.com",
            "password": "1234",
            "administrador": "true",
            "_id": "IPaJtKGqg7LbtiU8"
        },
        {
            "nome": "Fulano da Silva",
            "email": "jlnp@emailteste.com",
            "password": "1234",
            "administrador": "true",
            "_id": "J3UFFE8BkXHPl98Q"
        },
        {
            "nome": "Erasmo Greenfelder",
            "email": "gary@green.biz",
            "password": "teste",
            "administrador": "true",
            "_id": "L9YvsBccf96rb0IJ"
        },
        {
            "nome": "Fulano da Silva",
            "email": "dvrb@emailteste.com",
            "password": "1234",
            "administrador": "true",
            "_id": "LbqHhFaMoMXgzH6e"
        },
        {
            "nome": "batata",
            "email": "hayden_steuber@cartwright.info",
            "password": "teste",
            "administrador": "true",
            "_id": "MFX1zgBTAv3RdyAw"
        },
        {
            "nome": "Fulano da Silva",
            "email": "gzmi@emailteste.com",
            "password": "1234",
            "administrador": "true",
            "_id": "MVIuW7YbJau8fYqf"
        },
        {
            "nome": "Twila Hessel",
            "email": "derek@frami-huel.info",
            "password": "teste",
            "administrador": "true",
            "_id": "VkpCmTunrhycBbfW"
        },
        {
            "nome": "Fulano da Silva",
            "email": "crhp@emailteste.com",
            "password": "1234",
            "administrador": "true",
            "_id": "WaqzREFowvCuPHI4"
        },
        {
            "nome": "Windows da Silva",
            "email": "fslffc@emailteste.com",
            "password": "15674",
            "administrador": "true",
            "_id": "XTwLaV0XfRxVQhUW"
        },
        {
            "nome": "Fulano da Silva",
            "email": "evlw@emailteste.com",
            "password": "1234",
            "administrador": "true",
            "_id": "XgZqO6TvbkxB0ZiZ"
        },
        {
            "nome": "Fulano da Silva",
            "email": "slqa@emailteste.com",
            "password": "1234",
            "administrador": "true",
            "_id": "ZDWAI2kyN4JNLHdV"
        },
        {
            "nome": "Keshia Sanford",
            "email": "antonio_gleason@abbott.biz",
            "password": "teste",
            "administrador": "true",
            "_id": "ZsGL8uPkee6KhzCc"
        },
        {
            "nome": "Fulano da Silva",
            "email": "qrzm@emailteste.com",
            "password": "1234",
            "administrador": "true",
            "_id": "dBt5B3uvz6v6XJ1Y"
        },
        {
            "nome": "Windows da Silva",
            "email": "guiwtc@emailteste.com",
            "password": "15674",
            "administrador": "true",
            "_id": "dYbAWCLodZs9INI4"
        },
        {
            "nome": "Keisha Witting",
            "email": "alexandra.jakubowski@hirthe-wisoky.org",
            "password": "teste",
            "administrador": "true",
            "_id": "gUKn5J99Pi2FaKPZ"
        },
        {
            "nome": "Fulano da Silva",
            "email": "yrim@emailteste.com",
            "password": "1234",
            "administrador": "true",
            "_id": "iHBbR39t0ubzjbPq"
        },
        {
            "nome": "Windows da Silva",
            "email": "lliebv@emailteste.com",
            "password": "15674",
            "administrador": "true",
            "_id": "iv23MKIg4gCOCuqE"
        },
        {
            "nome": "{{generatedName}}",
            "email": "Abbigail.Purdy@example.org",
            "password": "teste",
            "administrador": "true",
            "_id": "jTe7D7OVhdK0Ggsf"
        },
        {
            "nome": "Basil Renner",
            "email": "valentin_heathcote@parisian.com",
            "password": "teste",
            "administrador": "true",
            "_id": "kiqxPiLVa1rvPRw7"
        },
        {
            "nome": "Fulano da Silva",
            "email": "ywal@emailteste.com",
            "password": "1234",
            "administrador": "true",
            "_id": "lFKFtZbCGJwdqrRd"
        },
        {
            "nome": "Windows da Silva",
            "email": "mdjicj@emailteste.com",
            "password": "15674",
            "administrador": "true",
            "_id": "lMuS9y6b6CMlz4WM"
        },
        {
            "nome": "Windows da Silva",
            "email": "mwgrlo@emailteste.com",
            "password": "15674",
            "administrador": "true",
            "_id": "oiVWYW5KdkaZHGsH"
        },
        {
            "nome": "Fulano da Silva",
            "email": "gfdb@emailteste.com",
            "password": "1234",
            "administrador": "true",
            "_id": "qIVGM0GTgQJH34nw"
        },
        {
            "nome": "Fulano da Silva",
            "email": "ryhm@emailteste.com",
            "password": "1234",
            "administrador": "true",
            "_id": "qjFxff4MfEXkeiSE"
        },
        {
            "nome": "Fulano da Silva",
            "email": "frjr@emailteste.com",
            "password": "teste1234",
            "administrador": "true",
            "_id": "r6z0GKciHu02XnEd"
        },
        {
            "nome": "{{generatedName}}",
            "email": "Carlee_Shields@example.com",
            "password": "teste",
            "administrador": "true",
            "_id": "vB7VATGIp6u1ay9w"
        },
        {
            "nome": "Fulano da Silva",
            "email": "orpn@emailteste.com",
            "password": "1234",
            "administrador": "true",
            "_id": "wQFiz8g2ElHHEhEp"
        },
        {
            "nome": "Fulano da Silva",
            "email": "vzbu@emailteste.com",
            "password": "1234",
            "administrador": "true",
            "_id": "xZQopWhTnUVxXmYv"
        },
        {
            "nome": "Jamey Wilkinson I",
            "email": "gary@okon-ratke.biz",
            "password": "teste",
            "administrador": "false",
            "_id": "yonFUppR1mA1rN3E"
        }
    ]
} 
 </msg>
<msg timestamp="20230413 17:37:06.314" level="INFO">${response} = &lt;Response [200]&gt;</msg>
<status status="PASS" starttime="20230413 17:37:06.165" endtime="20230413 17:37:06.314"/>
</kw>
<kw name="Set Test Variable" library="BuiltIn">
<arg>${response}</arg>
<doc>Makes a variable available everywhere within the scope of the current test.</doc>
<msg timestamp="20230413 17:37:06.315" level="INFO">${response} = &lt;Response [200]&gt;</msg>
<status status="PASS" starttime="20230413 17:37:06.314" endtime="20230413 17:37:06.315"/>
</kw>
<status status="PASS" starttime="20230413 17:37:06.165" endtime="20230413 17:37:06.315"/>
</kw>
<kw name="Then the response status code should be 200" library="test_keywords_users" sourcename="Then the response status code should be ${status_code}">
<kw name="Should Be Equal As Numbers" library="BuiltIn">
<arg>${response.status_code}</arg>
<arg>${status_code}</arg>
<doc>Fails if objects are unequal after converting them to real numbers.</doc>
<msg timestamp="20230413 17:37:06.316" level="INFO">Argument types are:
&lt;class 'int'&gt;
&lt;class 'str'&gt;</msg>
<status status="PASS" starttime="20230413 17:37:06.315" endtime="20230413 17:37:06.316"/>
</kw>
<kw name="Should Be True" library="BuiltIn">
<arg>${response.json()}</arg>
<doc>Fails if the given condition is not true.</doc>
<status status="PASS" starttime="20230413 17:37:06.316" endtime="20230413 17:37:06.317"/>
</kw>
<status status="PASS" starttime="20230413 17:37:06.315" endtime="20230413 17:37:06.317"/>
</kw>
<kw name="And the response body should not be empty" library="test_keywords_users">
<kw name="Should Not Be Empty" library="BuiltIn">
<arg>${response.json()}</arg>
<doc>Verifies that the given item is not empty.</doc>
<msg timestamp="20230413 17:37:06.318" level="INFO">Length is 2</msg>
<status status="PASS" starttime="20230413 17:37:06.317" endtime="20230413 17:37:06.318"/>
</kw>
<status status="PASS" starttime="20230413 17:37:06.317" endtime="20230413 17:37:06.318"/>
</kw>
<status status="PASS" starttime="20230413 17:37:06.163" endtime="20230413 17:37:06.318"/>
</test>
<test id="s1-s1-s1-s1-t2" name="Scenario: Create a new user" line="15">
<kw name="Before Tests" library="test_keywords_common" type="SETUP">
<kw name="Create Session" library="RequestsLibrary">
<arg>serverest</arg>
<arg>${SERVER_BASE_URL}</arg>
<arg>disable_warnings=True</arg>
<doc>Create Session: create a HTTP session to a server</doc>
<msg timestamp="20230413 17:37:06.320" level="INFO">Creating Session using : alias=serverest, url=https://serverest.dev, headers={},                     cookies={}, auth=None, timeout=None, proxies=None, verify=False,                     debug=0 </msg>
<status status="PASS" starttime="20230413 17:37:06.319" endtime="20230413 17:37:06.320"/>
</kw>
<status status="PASS" starttime="20230413 17:37:06.319" endtime="20230413 17:37:06.320"/>
</kw>
<kw name="Given I have a valid user data" library="test_keywords_users">
<kw name="Name" library="FakerLibrary">
<var>${name}</var>
<doc>:example 'John Doe'</doc>
<msg timestamp="20230413 17:37:06.321" level="INFO">${name} = Alexander Brooks MD</msg>
<status status="PASS" starttime="20230413 17:37:06.320" endtime="20230413 17:37:06.321"/>
</kw>
<kw name="Email" library="FakerLibrary">
<var>${email}</var>
<msg timestamp="20230413 17:37:06.321" level="INFO">${email} = mcclaincynthia@example.net</msg>
<status status="PASS" starttime="20230413 17:37:06.321" endtime="20230413 17:37:06.321"/>
</kw>
<kw name="Password" library="FakerLibrary">
<var>${password}</var>
<doc>Generate a random password of the specified ``length``.</doc>
<msg timestamp="20230413 17:37:06.322" level="INFO">${password} = e0C6^FLp_7</msg>
<status status="PASS" starttime="20230413 17:37:06.321" endtime="20230413 17:37:06.322"/>
</kw>
<kw name="Set Suite Variable" library="BuiltIn">
<arg>${name}</arg>
<doc>Makes a variable available everywhere within the scope of the current suite.</doc>
<msg timestamp="20230413 17:37:06.322" level="INFO">${name} = Alexander Brooks MD</msg>
<status status="PASS" starttime="20230413 17:37:06.322" endtime="20230413 17:37:06.322"/>
</kw>
<kw name="Set Suite Variable" library="BuiltIn">
<arg>${email}</arg>
<doc>Makes a variable available everywhere within the scope of the current suite.</doc>
<msg timestamp="20230413 17:37:06.322" level="INFO">${email} = mcclaincynthia@example.net</msg>
<status status="PASS" starttime="20230413 17:37:06.322" endtime="20230413 17:37:06.322"/>
</kw>
<kw name="Set Suite Variable" library="BuiltIn">
<arg>${password}</arg>
<doc>Makes a variable available everywhere within the scope of the current suite.</doc>
<msg timestamp="20230413 17:37:06.323" level="INFO">${password} = e0C6^FLp_7</msg>
<status status="PASS" starttime="20230413 17:37:06.323" endtime="20230413 17:37:06.323"/>
</kw>
<status status="PASS" starttime="20230413 17:37:06.320" endtime="20230413 17:37:06.323"/>
</kw>
<kw name="When I create the user" library="test_keywords_users">
<kw name="Create Dictionary" library="BuiltIn">
<var>${payload}</var>
<arg>nome=${name}</arg>
<arg>email=${email}</arg>
<arg>password=${password}</arg>
<arg>administrador=false</arg>
<doc>Creates and returns a dictionary based on the given ``items``.</doc>
<msg timestamp="20230413 17:37:06.324" level="INFO">${payload} = {'nome': 'Alexander Brooks MD', 'email': 'mcclaincynthia@example.net', 'password': 'e0C6^FLp_7', 'administrador': 'false'}</msg>
<status status="PASS" starttime="20230413 17:37:06.323" endtime="20230413 17:37:06.324"/>
</kw>
<kw name="Create Dictionary" library="BuiltIn">
<var>${headers}</var>
<arg>Content-Type=application/json</arg>
<doc>Creates and returns a dictionary based on the given ``items``.</doc>
<msg timestamp="20230413 17:37:06.324" level="INFO">${headers} = {'Content-Type': 'application/json'}</msg>
<status status="PASS" starttime="20230413 17:37:06.324" endtime="20230413 17:37:06.324"/>
</kw>
<kw name="POST On Session" library="RequestsLibrary">
<var>${response}</var>
<arg>serverest</arg>
<arg>${USERS_API_ENDPOINT}</arg>
<arg>json=${payload}</arg>
<arg>headers=${headers}</arg>
<doc>Sends a POST request on a previously created HTTP Session.</doc>
<msg timestamp="20230413 17:37:06.390" level="INFO">POST Request : url=https://serverest.dev/usuarios 
 path_url=/usuarios 
 headers={'User-Agent': 'python-requests/2.28.2', 'Accept-Encoding': 'gzip, deflate', 'Accept': '*/*', 'Connection': 'keep-alive', 'Content-Type': 'application/json', 'Content-Length': '122'} 
 body=b'{"nome": "Alexander Brooks MD", "email": "mcclaincynthia@example.net", "password": "e0C6^FLp_7", "administrador": "false"}' 
 </msg>
<msg timestamp="20230413 17:37:06.390" level="INFO">POST Response : url=https://serverest.dev/usuarios 
 status=201, reason=Created 
 headers={'access-control-allow-origin': '*', 'x-dns-prefetch-control': 'off', 'x-frame-options': 'SAMEORIGIN', 'strict-transport-security': 'max-age=15552000; includeSubDomains', 'x-download-options': 'noopen', 'x-content-type-options': 'nosniff', 'x-xss-protection': '1; mode=block', 'x-moesif-transaction-id': 'cae7b68e-00c0-4aa2-bf56-498629711fba', 'content-type': 'application/json; charset=utf-8', 'X-Cloud-Trace-Context': 'eb5122ea6f8839766c0addc79429762a', 'Date': 'Thu, 13 Apr 2023 17:37:06 GMT', 'Server': 'Google Frontend', 'Content-Length': '82'} 
 body={
    "message": "Cadastro realizado com sucesso",
    "_id": "l0OiBSBvjyHApKtd"
} 
 </msg>
<msg timestamp="20230413 17:37:06.390" level="INFO">${response} = &lt;Response [201]&gt;</msg>
<status status="PASS" starttime="20230413 17:37:06.324" endtime="20230413 17:37:06.390"/>
</kw>
<kw name="Set Variable" library="BuiltIn">
<var>${user_id}</var>
<arg>${response.json()['_id']}</arg>
<doc>Returns the given values which can then be assigned to a variables.</doc>
<msg timestamp="20230413 17:37:06.391" level="INFO">${user_id} = l0OiBSBvjyHApKtd</msg>
<status status="PASS" starttime="20230413 17:37:06.391" endtime="20230413 17:37:06.391"/>
</kw>
<kw name="Set Global Variable" library="BuiltIn">
<arg>${USER_ID}</arg>
<arg>${user_id}</arg>
<doc>Makes a variable available globally in all tests and suites.</doc>
<msg timestamp="20230413 17:37:06.392" level="INFO">${USER_ID} = l0OiBSBvjyHApKtd</msg>
<status status="PASS" starttime="20230413 17:37:06.392" endtime="20230413 17:37:06.392"/>
</kw>
<kw name="Set Test Variable" library="BuiltIn">
<arg>${response}</arg>
<doc>Makes a variable available everywhere within the scope of the current test.</doc>
<msg timestamp="20230413 17:37:06.392" level="INFO">${response} = &lt;Response [201]&gt;</msg>
<status status="PASS" starttime="20230413 17:37:06.392" endtime="20230413 17:37:06.392"/>
</kw>
<status status="PASS" starttime="20230413 17:37:06.323" endtime="20230413 17:37:06.393"/>
</kw>
<kw name="Then the response status code should be 201" library="test_keywords_users" sourcename="Then the response status code should be ${status_code}">
<kw name="Should Be Equal As Numbers" library="BuiltIn">
<arg>${response.status_code}</arg>
<arg>${status_code}</arg>
<doc>Fails if objects are unequal after converting them to real numbers.</doc>
<msg timestamp="20230413 17:37:06.394" level="INFO">Argument types are:
&lt;class 'int'&gt;
&lt;class 'str'&gt;</msg>
<status status="PASS" starttime="20230413 17:37:06.393" endtime="20230413 17:37:06.394"/>
</kw>
<kw name="Should Be True" library="BuiltIn">
<arg>${response.json()}</arg>
<doc>Fails if the given condition is not true.</doc>
<status status="PASS" starttime="20230413 17:37:06.394" endtime="20230413 17:37:06.395"/>
</kw>
<status status="PASS" starttime="20230413 17:37:06.393" endtime="20230413 17:37:06.395"/>
</kw>
<kw name="And the response body should not be empty" library="test_keywords_users">
<kw name="Should Not Be Empty" library="BuiltIn">
<arg>${response.json()}</arg>
<doc>Verifies that the given item is not empty.</doc>
<msg timestamp="20230413 17:37:06.396" level="INFO">Length is 2</msg>
<status status="PASS" starttime="20230413 17:37:06.395" endtime="20230413 17:37:06.396"/>
</kw>
<status status="PASS" starttime="20230413 17:37:06.395" endtime="20230413 17:37:06.396"/>
</kw>
<status status="PASS" starttime="20230413 17:37:06.319" endtime="20230413 17:37:06.396"/>
</test>
<test id="s1-s1-s1-s1-t3" name="Scenario: Get a specific user informations" line="21">
<kw name="Before Tests" library="test_keywords_common" type="SETUP">
<kw name="Create Session" library="RequestsLibrary">
<arg>serverest</arg>
<arg>${SERVER_BASE_URL}</arg>
<arg>disable_warnings=True</arg>
<doc>Create Session: create a HTTP session to a server</doc>
<msg timestamp="20230413 17:37:06.397" level="INFO">Creating Session using : alias=serverest, url=https://serverest.dev, headers={},                     cookies={}, auth=None, timeout=None, proxies=None, verify=False,                     debug=0 </msg>
<status status="PASS" starttime="20230413 17:37:06.397" endtime="20230413 17:37:06.397"/>
</kw>
<status status="PASS" starttime="20230413 17:37:06.397" endtime="20230413 17:37:06.397"/>
</kw>
<kw name="When I request the created user" library="test_keywords_users">
<kw name="GET On Session" library="RequestsLibrary">
<var>${response}</var>
<arg>serverest</arg>
<arg>${USERS_API_ENDPOINT}/${USER_ID}</arg>
<doc>Sends a GET request on a previously created HTTP Session.</doc>
<msg timestamp="20230413 17:37:06.473" level="INFO">GET Request : url=https://serverest.dev/usuarios/l0OiBSBvjyHApKtd 
 path_url=/usuarios/l0OiBSBvjyHApKtd 
 headers={'User-Agent': 'python-requests/2.28.2', 'Accept-Encoding': 'gzip, deflate', 'Accept': '*/*', 'Connection': 'keep-alive'} 
 body=None 
 </msg>
<msg timestamp="20230413 17:37:06.473" level="INFO">GET Response : url=https://serverest.dev/usuarios/l0OiBSBvjyHApKtd 
 status=200, reason=OK 
 headers={'access-control-allow-origin': '*', 'x-dns-prefetch-control': 'off', 'x-frame-options': 'SAMEORIGIN', 'strict-transport-security': 'max-age=15552000; includeSubDomains', 'x-download-options': 'noopen', 'x-content-type-options': 'nosniff', 'x-xss-protection': '1; mode=block', 'x-moesif-transaction-id': '6ddf8204-7574-46b2-bed9-01741cd541e0', 'content-type': 'application/json; charset=utf-8', 'X-Cloud-Trace-Context': 'b7504eb21a040fa258844be86de47def', 'Date': 'Thu, 13 Apr 2023 17:37:06 GMT', 'Server': 'Google Frontend', 'Content-Length': '171'} 
 body={
    "nome": "Alexander Brooks MD",
    "email": "mcclaincynthia@example.net",
    "password": "e0C6^FLp_7",
    "administrador": "false",
    "_id": "l0OiBSBvjyHApKtd"
} 
 </msg>
<msg timestamp="20230413 17:37:06.473" level="INFO">${response} = &lt;Response [200]&gt;</msg>
<status status="PASS" starttime="20230413 17:37:06.398" endtime="20230413 17:37:06.473"/>
</kw>
<kw name="Set Test Variable" library="BuiltIn">
<arg>${response}</arg>
<doc>Makes a variable available everywhere within the scope of the current test.</doc>
<msg timestamp="20230413 17:37:06.474" level="INFO">${response} = &lt;Response [200]&gt;</msg>
<status status="PASS" starttime="20230413 17:37:06.474" endtime="20230413 17:37:06.474"/>
</kw>
<status status="PASS" starttime="20230413 17:37:06.397" endtime="20230413 17:37:06.474"/>
</kw>
<kw name="Then the response status code should be 200" library="test_keywords_users" sourcename="Then the response status code should be ${status_code}">
<kw name="Should Be Equal As Numbers" library="BuiltIn">
<arg>${response.status_code}</arg>
<arg>${status_code}</arg>
<doc>Fails if objects are unequal after converting them to real numbers.</doc>
<msg timestamp="20230413 17:37:06.475" level="INFO">Argument types are:
&lt;class 'int'&gt;
&lt;class 'str'&gt;</msg>
<status status="PASS" starttime="20230413 17:37:06.475" endtime="20230413 17:37:06.475"/>
</kw>
<kw name="Should Be True" library="BuiltIn">
<arg>${response.json()}</arg>
<doc>Fails if the given condition is not true.</doc>
<status status="PASS" starttime="20230413 17:37:06.476" endtime="20230413 17:37:06.476"/>
</kw>
<status status="PASS" starttime="20230413 17:37:06.474" endtime="20230413 17:37:06.476"/>
</kw>
<kw name="And the response body should not be empty" library="test_keywords_users">
<kw name="Should Not Be Empty" library="BuiltIn">
<arg>${response.json()}</arg>
<doc>Verifies that the given item is not empty.</doc>
<msg timestamp="20230413 17:37:06.477" level="INFO">Length is 5</msg>
<status status="PASS" starttime="20230413 17:37:06.477" endtime="20230413 17:37:06.477"/>
</kw>
<status status="PASS" starttime="20230413 17:37:06.477" endtime="20230413 17:37:06.477"/>
</kw>
<status status="PASS" starttime="20230413 17:37:06.396" endtime="20230413 17:37:06.478"/>
</test>
<test id="s1-s1-s1-s1-t4" name="Scenario: Update the created user" line="26">
<kw name="Before Tests" library="test_keywords_common" type="SETUP">
<kw name="Create Session" library="RequestsLibrary">
<arg>serverest</arg>
<arg>${SERVER_BASE_URL}</arg>
<arg>disable_warnings=True</arg>
<doc>Create Session: create a HTTP session to a server</doc>
<msg timestamp="20230413 17:37:06.479" level="INFO">Creating Session using : alias=serverest, url=https://serverest.dev, headers={},                     cookies={}, auth=None, timeout=None, proxies=None, verify=False,                     debug=0 </msg>
<status status="PASS" starttime="20230413 17:37:06.479" endtime="20230413 17:37:06.480"/>
</kw>
<status status="PASS" starttime="20230413 17:37:06.479" endtime="20230413 17:37:06.480"/>
</kw>
<kw name="When I update the created user" library="test_keywords_users">
<kw name="Create Dictionary" library="BuiltIn">
<var>${payload}</var>
<arg>nome=John Smith</arg>
<arg>email=john.smith@example.com</arg>
<arg>password=P@ssw0rd123</arg>
<arg>administrador=false</arg>
<doc>Creates and returns a dictionary based on the given ``items``.</doc>
<msg timestamp="20230413 17:37:06.480" level="INFO">${payload} = {'nome': 'John Smith', 'email': 'john.smith@example.com', 'password': 'P@ssw0rd123', 'administrador': 'false'}</msg>
<status status="PASS" starttime="20230413 17:37:06.480" endtime="20230413 17:37:06.480"/>
</kw>
<kw name="Create Dictionary" library="BuiltIn">
<var>${headers}</var>
<arg>Content-Type=application/json</arg>
<doc>Creates and returns a dictionary based on the given ``items``.</doc>
<msg timestamp="20230413 17:37:06.481" level="INFO">${headers} = {'Content-Type': 'application/json'}</msg>
<status status="PASS" starttime="20230413 17:37:06.480" endtime="20230413 17:37:06.481"/>
</kw>
<kw name="PUT On Session" library="RequestsLibrary">
<var>${response}</var>
<arg>serverest</arg>
<arg>${USERS_API_ENDPOINT}/${USER_ID}</arg>
<arg>json=${payload}</arg>
<arg>headers=${headers}</arg>
<doc>Sends a PUT request on a previously created HTTP Session.</doc>
<msg timestamp="20230413 17:37:06.545" level="INFO">PUT Request : url=https://serverest.dev/usuarios/l0OiBSBvjyHApKtd 
 path_url=/usuarios/l0OiBSBvjyHApKtd 
 headers={'User-Agent': 'python-requests/2.28.2', 'Accept-Encoding': 'gzip, deflate', 'Accept': '*/*', 'Connection': 'keep-alive', 'Content-Type': 'application/json', 'Content-Length': '110'} 
 body=b'{"nome": "John Smith", "email": "john.smith@example.com", "password": "P@ssw0rd123", "administrador": "false"}' 
 </msg>
<msg timestamp="20230413 17:37:06.546" level="INFO">PUT Response : url=https://serverest.dev/usuarios/l0OiBSBvjyHApKtd 
 status=200, reason=OK 
 headers={'access-control-allow-origin': '*', 'x-dns-prefetch-control': 'off', 'x-frame-options': 'SAMEORIGIN', 'strict-transport-security': 'max-age=15552000; includeSubDomains', 'x-download-options': 'noopen', 'x-content-type-options': 'nosniff', 'x-xss-protection': '1; mode=block', 'x-moesif-transaction-id': '75a77bee-3650-4f0f-aa77-e6bc56fe2d89', 'content-type': 'application/json; charset=utf-8', 'X-Cloud-Trace-Context': '6c590f4b1d1747faa676603481f600ec', 'Date': 'Thu, 13 Apr 2023 17:37:06 GMT', 'Server': 'Google Frontend', 'Content-Length': '50'} 
 body={
    "message": "Registro alterado com sucesso"
} 
 </msg>
<msg timestamp="20230413 17:37:06.546" level="INFO">${response} = &lt;Response [200]&gt;</msg>
<status status="PASS" starttime="20230413 17:37:06.481" endtime="20230413 17:37:06.546"/>
</kw>
<kw name="Set Test Variable" library="BuiltIn">
<arg>${response}</arg>
<doc>Makes a variable available everywhere within the scope of the current test.</doc>
<msg timestamp="20230413 17:37:06.546" level="INFO">${response} = &lt;Response [200]&gt;</msg>
<status status="PASS" starttime="20230413 17:37:06.546" endtime="20230413 17:37:06.546"/>
</kw>
<status status="PASS" starttime="20230413 17:37:06.480" endtime="20230413 17:37:06.547"/>
</kw>
<kw name="Then the response status code should be 200" library="test_keywords_users" sourcename="Then the response status code should be ${status_code}">
<kw name="Should Be Equal As Numbers" library="BuiltIn">
<arg>${response.status_code}</arg>
<arg>${status_code}</arg>
<doc>Fails if objects are unequal after converting them to real numbers.</doc>
<msg timestamp="20230413 17:37:06.548" level="INFO">Argument types are:
&lt;class 'int'&gt;
&lt;class 'str'&gt;</msg>
<status status="PASS" starttime="20230413 17:37:06.547" endtime="20230413 17:37:06.548"/>
</kw>
<kw name="Should Be True" library="BuiltIn">
<arg>${response.json()}</arg>
<doc>Fails if the given condition is not true.</doc>
<status status="PASS" starttime="20230413 17:37:06.548" endtime="20230413 17:37:06.548"/>
</kw>
<status status="PASS" starttime="20230413 17:37:06.547" endtime="20230413 17:37:06.549"/>
</kw>
<kw name="And the response body should not be empty" library="test_keywords_users">
<kw name="Should Not Be Empty" library="BuiltIn">
<arg>${response.json()}</arg>
<doc>Verifies that the given item is not empty.</doc>
<msg timestamp="20230413 17:37:06.549" level="INFO">Length is 1</msg>
<status status="PASS" starttime="20230413 17:37:06.549" endtime="20230413 17:37:06.550"/>
</kw>
<status status="PASS" starttime="20230413 17:37:06.549" endtime="20230413 17:37:06.550"/>
</kw>
<status status="PASS" starttime="20230413 17:37:06.478" endtime="20230413 17:37:06.550"/>
</test>
<test id="s1-s1-s1-s1-t5" name="Scenario: Delete the created user" line="31">
<kw name="Before Tests" library="test_keywords_common" type="SETUP">
<kw name="Create Session" library="RequestsLibrary">
<arg>serverest</arg>
<arg>${SERVER_BASE_URL}</arg>
<arg>disable_warnings=True</arg>
<doc>Create Session: create a HTTP session to a server</doc>
<msg timestamp="20230413 17:37:06.551" level="INFO">Creating Session using : alias=serverest, url=https://serverest.dev, headers={},                     cookies={}, auth=None, timeout=None, proxies=None, verify=False,                     debug=0 </msg>
<status status="PASS" starttime="20230413 17:37:06.551" endtime="20230413 17:37:06.551"/>
</kw>
<status status="PASS" starttime="20230413 17:37:06.550" endtime="20230413 17:37:06.551"/>
</kw>
<kw name="When I delete the created user" library="test_keywords_users">
<kw name="DELETE On Session" library="RequestsLibrary">
<var>${response}</var>
<arg>serverest</arg>
<arg>${USERS_API_ENDPOINT}/${USER_ID}</arg>
<doc>Sends a DELETE request on a previously created HTTP Session.</doc>
<msg timestamp="20230413 17:37:06.622" level="INFO">DELETE Request : url=https://serverest.dev/usuarios/l0OiBSBvjyHApKtd 
 path_url=/usuarios/l0OiBSBvjyHApKtd 
 headers={'User-Agent': 'python-requests/2.28.2', 'Accept-Encoding': 'gzip, deflate', 'Accept': '*/*', 'Connection': 'keep-alive', 'Content-Length': '0'} 
 body=None 
 </msg>
<msg timestamp="20230413 17:37:06.622" level="INFO">DELETE Response : url=https://serverest.dev/usuarios/l0OiBSBvjyHApKtd 
 status=200, reason=OK 
 headers={'access-control-allow-origin': '*', 'x-dns-prefetch-control': 'off', 'x-frame-options': 'SAMEORIGIN', 'strict-transport-security': 'max-age=15552000; includeSubDomains', 'x-download-options': 'noopen', 'x-content-type-options': 'nosniff', 'x-xss-protection': '1; mode=block', 'x-moesif-transaction-id': '9dd4ba12-6747-45a9-8ba6-cc2f197967dc', 'content-type': 'application/json; charset=utf-8', 'X-Cloud-Trace-Context': 'a02cd4cb9c33daafefc0c53c9a0bc124', 'Date': 'Thu, 13 Apr 2023 17:37:06 GMT', 'Server': 'Google Frontend', 'Content-Length': '51'} 
 body={
    "message": "Registro excluído com sucesso"
} 
 </msg>
<msg timestamp="20230413 17:37:06.623" level="INFO">${response} = &lt;Response [200]&gt;</msg>
<status status="PASS" starttime="20230413 17:37:06.552" endtime="20230413 17:37:06.623"/>
</kw>
<kw name="Set Test Variable" library="BuiltIn">
<arg>${response}</arg>
<doc>Makes a variable available everywhere within the scope of the current test.</doc>
<msg timestamp="20230413 17:37:06.623" level="INFO">${response} = &lt;Response [200]&gt;</msg>
<status status="PASS" starttime="20230413 17:37:06.623" endtime="20230413 17:37:06.623"/>
</kw>
<status status="PASS" starttime="20230413 17:37:06.551" endtime="20230413 17:37:06.623"/>
</kw>
<kw name="Then the response status code should be 200" library="test_keywords_users" sourcename="Then the response status code should be ${status_code}">
<kw name="Should Be Equal As Numbers" library="BuiltIn">
<arg>${response.status_code}</arg>
<arg>${status_code}</arg>
<doc>Fails if objects are unequal after converting them to real numbers.</doc>
<msg timestamp="20230413 17:37:06.625" level="INFO">Argument types are:
&lt;class 'int'&gt;
&lt;class 'str'&gt;</msg>
<status status="PASS" starttime="20230413 17:37:06.624" endtime="20230413 17:37:06.625"/>
</kw>
<kw name="Should Be True" library="BuiltIn">
<arg>${response.json()}</arg>
<doc>Fails if the given condition is not true.</doc>
<status status="PASS" starttime="20230413 17:37:06.625" endtime="20230413 17:37:06.625"/>
</kw>
<status status="PASS" starttime="20230413 17:37:06.623" endtime="20230413 17:37:06.626"/>
</kw>
<kw name="And the response body should not be empty" library="test_keywords_users">
<kw name="Should Not Be Empty" library="BuiltIn">
<arg>${response.json()}</arg>
<doc>Verifies that the given item is not empty.</doc>
<msg timestamp="20230413 17:37:06.627" level="INFO">Length is 1</msg>
<status status="PASS" starttime="20230413 17:37:06.626" endtime="20230413 17:37:06.627"/>
</kw>
<status status="PASS" starttime="20230413 17:37:06.626" endtime="20230413 17:37:06.627"/>
</kw>
<status status="PASS" starttime="20230413 17:37:06.550" endtime="20230413 17:37:06.627"/>
</test>
<status status="PASS" starttime="20230413 17:37:05.729" endtime="20230413 17:37:06.627"/>
</suite>
<status status="PASS" starttime="20230413 17:37:05.727" endtime="20230413 17:37:06.628"/>
</suite>
<status status="PASS" starttime="20230413 17:37:05.726" endtime="20230413 17:37:06.629"/>
</suite>
<status status="PASS" starttime="20230413 17:37:05.707" endtime="20230413 17:37:06.630"/>
</suite>
<statistics>
<total>
<stat pass="5" fail="0" skip="0">All Tests</stat>
</total>
<tag>
</tag>
<suite>
<stat pass="5" fail="0" skip="0" id="s1" name="Tests">Tests</stat>
<stat pass="5" fail="0" skip="0" id="s1-s1" name="Api">Tests.Api</stat>
<stat pass="5" fail="0" skip="0" id="s1-s1-s1" name="Users">Tests.Api.Users</stat>
<stat pass="5" fail="0" skip="0" id="s1-s1-s1-s1" name="Test Api Users">Tests.Api.Users.Test Api Users</stat>
</suite>
</statistics>
<errors>
</errors>
</robot>
