<?xml version="1.0" encoding="UTF-8"?>
<robot generator="Robot 6.0.2 (Python 3.8.16 on linux)" generated="20230526 20:38:46.053" rpa="false" schemaversion="3">
<suite id="s1" name="Tests" source="/home/runner/work/gen-ai-robot-test/gen-ai-robot-test/tests">
<suite id="s1-s1" name="Api" source="/home/runner/work/gen-ai-robot-test/gen-ai-robot-test/tests/api">
<suite id="s1-s1-s1" name="Test Api Users" source="/home/runner/work/gen-ai-robot-test/gen-ai-robot-test/tests/api/test_api_users.robot">
<test id="s1-s1-s1-t1" name="Scenario: Get all registered users" line="9">
<kw name="Before Tests" library="test_keywords_common" type="SETUP">
<kw name="Create Session" library="RequestsLibrary">
<arg>serverest</arg>
<arg>${SERVER_BASE_URL}</arg>
<arg>disable_warnings=True</arg>
<doc>Create Session: create a HTTP session to a server</doc>
<msg timestamp="20230526 20:38:46.519" level="INFO">Creating Session using : alias=serverest, url=https://serverest.dev, headers={},                     cookies={}, auth=None, timeout=None, proxies=None, verify=False,                     debug=0 </msg>
<status status="PASS" starttime="20230526 20:38:46.519" endtime="20230526 20:38:46.520"/>
</kw>
<status status="PASS" starttime="20230526 20:38:46.519" endtime="20230526 20:38:46.520"/>
</kw>
<kw name="When I request the list of all registered users" library="test_keywords_users">
<kw name="GET On Session" library="RequestsLibrary">
<var>${response}</var>
<arg>serverest</arg>
<arg>${USERS_API_ENDPOINT}</arg>
<doc>Sends a GET request on a previously created HTTP Session.</doc>
<msg timestamp="20230526 20:38:46.769" level="INFO">GET Request : url=https://serverest.dev/usuarios 
 path_url=/usuarios 
 headers={'User-Agent': 'python-requests/2.31.0', 'Accept-Encoding': 'gzip, deflate', 'Accept': '*/*', 'Connection': 'keep-alive'} 
 body=None 
 </msg>
<msg timestamp="20230526 20:38:46.770" level="INFO">GET Response : url=https://serverest.dev/usuarios 
 status=200, reason=OK 
 headers={'access-control-allow-origin': '*', 'x-dns-prefetch-control': 'off', 'x-frame-options': 'SAMEORIGIN', 'strict-transport-security': 'max-age=15552000; includeSubDomains', 'x-download-options': 'noopen', 'x-content-type-options': 'nosniff', 'x-xss-protection': '1; mode=block', 'x-moesif-transaction-id': 'c33bb657-9611-49ed-bbf6-19852d05dbc2', 'content-type': 'application/json; charset=utf-8', 'X-Cloud-Trace-Context': '98e09697dd8f018f65d460b2b7355a42;o=1', 'Date': 'Fri, 26 May 2023 20:38:46 GMT', 'Server': 'Google Frontend', 'Content-Length': '472'} 
 body={
    "quantidade": 2,
    "usuarios": [
        {
            "nome": "Fulano da Silva",
            "email": "fulano@qa.com",
            "password": "teste",
            "administrador": "true",
            "_id": "0uxuPY0cbmQhpEz1"
        },
        {
            "nome": "Brendan George",
            "email": "leslie86@example.com",
            "password": "1GiqcZl305aG",
            "administrador": "true",
            "_id": "TMKqdrqnRTNFOyht"
        }
    ]
} 
 </msg>
<msg timestamp="20230526 20:38:46.770" level="INFO">${response} = &lt;Response [200]&gt;</msg>
<status status="PASS" starttime="20230526 20:38:46.520" endtime="20230526 20:38:46.770"/>
</kw>
<kw name="Set Test Variable" library="BuiltIn">
<arg>${response}</arg>
<doc>Makes a variable available everywhere within the scope of the current test.</doc>
<msg timestamp="20230526 20:38:46.770" level="INFO">${response} = &lt;Response [200]&gt;</msg>
<status status="PASS" starttime="20230526 20:38:46.770" endtime="20230526 20:38:46.770"/>
</kw>
<status status="PASS" starttime="20230526 20:38:46.520" endtime="20230526 20:38:46.770"/>
</kw>
<kw name="Then the response status code should be 200" library="test_keywords_users" sourcename="Then the response status code should be ${status_code}">
<kw name="Should Be Equal As Numbers" library="BuiltIn">
<arg>${response.status_code}</arg>
<arg>${status_code}</arg>
<doc>Fails if objects are unequal after converting them to real numbers.</doc>
<msg timestamp="20230526 20:38:46.772" level="INFO">Argument types are:
&lt;class 'int'&gt;
&lt;class 'str'&gt;</msg>
<status status="PASS" starttime="20230526 20:38:46.771" endtime="20230526 20:38:46.772"/>
</kw>
<kw name="Should Be True" library="BuiltIn">
<arg>${response.json()}</arg>
<doc>Fails if the given condition is not true.</doc>
<status status="PASS" starttime="20230526 20:38:46.772" endtime="20230526 20:38:46.772"/>
</kw>
<status status="PASS" starttime="20230526 20:38:46.771" endtime="20230526 20:38:46.772"/>
</kw>
<kw name="And the response body should not be empty" library="test_keywords_users">
<kw name="Should Not Be Empty" library="BuiltIn">
<arg>${response.json()}</arg>
<doc>Verifies that the given item is not empty.</doc>
<msg timestamp="20230526 20:38:46.773" level="INFO">Length is 2</msg>
<status status="PASS" starttime="20230526 20:38:46.773" endtime="20230526 20:38:46.773"/>
</kw>
<status status="PASS" starttime="20230526 20:38:46.773" endtime="20230526 20:38:46.773"/>
</kw>
<tag>api</tag>
<status status="PASS" starttime="20230526 20:38:46.518" endtime="20230526 20:38:46.774"/>
</test>
<test id="s1-s1-s1-t2" name="Scenario: Create a new user" line="15">
<kw name="Before Tests" library="test_keywords_common" type="SETUP">
<kw name="Create Session" library="RequestsLibrary">
<arg>serverest</arg>
<arg>${SERVER_BASE_URL}</arg>
<arg>disable_warnings=True</arg>
<doc>Create Session: create a HTTP session to a server</doc>
<msg timestamp="20230526 20:38:46.775" level="INFO">Creating Session using : alias=serverest, url=https://serverest.dev, headers={},                     cookies={}, auth=None, timeout=None, proxies=None, verify=False,                     debug=0 </msg>
<status status="PASS" starttime="20230526 20:38:46.775" endtime="20230526 20:38:46.776"/>
</kw>
<status status="PASS" starttime="20230526 20:38:46.775" endtime="20230526 20:38:46.776"/>
</kw>
<kw name="Given I have a valid user data" library="test_keywords_users">
<kw name="Name" library="FakerLibrary">
<var>${name}</var>
<doc>:example 'John Doe'</doc>
<msg timestamp="20230526 20:38:46.776" level="INFO">${name} = Gregory Herrera</msg>
<status status="PASS" starttime="20230526 20:38:46.776" endtime="20230526 20:38:46.776"/>
</kw>
<kw name="Email" library="FakerLibrary">
<var>${email}</var>
<msg timestamp="20230526 20:38:46.777" level="INFO">${email} = dawnparsons@example.com</msg>
<status status="PASS" starttime="20230526 20:38:46.777" endtime="20230526 20:38:46.777"/>
</kw>
<kw name="Password" library="FakerLibrary">
<var>${password}</var>
<arg>length=12</arg>
<arg>special_chars=False</arg>
<doc>Generate a random password of the specified ``length``.</doc>
<msg timestamp="20230526 20:38:46.777" level="INFO">${password} = re3mDqlbt7Q2</msg>
<status status="PASS" starttime="20230526 20:38:46.777" endtime="20230526 20:38:46.777"/>
</kw>
<kw name="Set Suite Variable" library="BuiltIn">
<arg>${name}</arg>
<doc>Makes a variable available everywhere within the scope of the current suite.</doc>
<msg timestamp="20230526 20:38:46.778" level="INFO">${name} = Gregory Herrera</msg>
<status status="PASS" starttime="20230526 20:38:46.778" endtime="20230526 20:38:46.778"/>
</kw>
<kw name="Set Suite Variable" library="BuiltIn">
<arg>${email}</arg>
<doc>Makes a variable available everywhere within the scope of the current suite.</doc>
<msg timestamp="20230526 20:38:46.778" level="INFO">${email} = dawnparsons@example.com</msg>
<status status="PASS" starttime="20230526 20:38:46.778" endtime="20230526 20:38:46.778"/>
</kw>
<kw name="Set Suite Variable" library="BuiltIn">
<arg>${password}</arg>
<doc>Makes a variable available everywhere within the scope of the current suite.</doc>
<msg timestamp="20230526 20:38:46.778" level="INFO">${password} = re3mDqlbt7Q2</msg>
<status status="PASS" starttime="20230526 20:38:46.778" endtime="20230526 20:38:46.778"/>
</kw>
<status status="PASS" starttime="20230526 20:38:46.776" endtime="20230526 20:38:46.779"/>
</kw>
<kw name="When I create the user" library="test_keywords_users">
<kw name="Create Dictionary" library="BuiltIn">
<var>${payload}</var>
<arg>nome=${name}</arg>
<arg>email=${email}</arg>
<arg>password=${password}</arg>
<arg>administrador=false</arg>
<doc>Creates and returns a dictionary based on the given ``items``.</doc>
<msg timestamp="20230526 20:38:46.779" level="INFO">${payload} = {'nome': 'Gregory Herrera', 'email': 'dawnparsons@example.com', 'password': 're3mDqlbt7Q2', 'administrador': 'false'}</msg>
<status status="PASS" starttime="20230526 20:38:46.779" endtime="20230526 20:38:46.779"/>
</kw>
<kw name="Create Dictionary" library="BuiltIn">
<var>${headers}</var>
<arg>Content-Type=application/json</arg>
<doc>Creates and returns a dictionary based on the given ``items``.</doc>
<msg timestamp="20230526 20:38:46.780" level="INFO">${headers} = {'Content-Type': 'application/json'}</msg>
<status status="PASS" starttime="20230526 20:38:46.780" endtime="20230526 20:38:46.780"/>
</kw>
<kw name="POST On Session" library="RequestsLibrary">
<var>${response}</var>
<arg>serverest</arg>
<arg>${USERS_API_ENDPOINT}</arg>
<arg>json=${payload}</arg>
<arg>headers=${headers}</arg>
<doc>Sends a POST request on a previously created HTTP Session.</doc>
<msg timestamp="20230526 20:38:46.885" level="INFO">POST Request : url=https://serverest.dev/usuarios 
 path_url=/usuarios 
 headers={'User-Agent': 'python-requests/2.31.0', 'Accept-Encoding': 'gzip, deflate', 'Accept': '*/*', 'Connection': 'keep-alive', 'Content-Type': 'application/json', 'Content-Length': '117'} 
 body=b'{"nome": "Gregory Herrera", "email": "dawnparsons@example.com", "password": "re3mDqlbt7Q2", "administrador": "false"}' 
 </msg>
<msg timestamp="20230526 20:38:46.885" level="INFO">POST Response : url=https://serverest.dev/usuarios 
 status=201, reason=Created 
 headers={'access-control-allow-origin': '*', 'x-dns-prefetch-control': 'off', 'x-frame-options': 'SAMEORIGIN', 'strict-transport-security': 'max-age=15552000; includeSubDomains', 'x-download-options': 'noopen', 'x-content-type-options': 'nosniff', 'x-xss-protection': '1; mode=block', 'x-moesif-transaction-id': '0fbe3c3c-df3f-47d5-9eb8-06a2c30ff823', 'content-type': 'application/json; charset=utf-8', 'X-Cloud-Trace-Context': '074c7b5753e6c6f117e5b20059946c10', 'Date': 'Fri, 26 May 2023 20:38:46 GMT', 'Server': 'Google Frontend', 'Content-Length': '82'} 
 body={
    "message": "Cadastro realizado com sucesso",
    "_id": "qT9L44Pxrv4PpvsI"
} 
 </msg>
<msg timestamp="20230526 20:38:46.885" level="INFO">${response} = &lt;Response [201]&gt;</msg>
<status status="PASS" starttime="20230526 20:38:46.780" endtime="20230526 20:38:46.885"/>
</kw>
<kw name="Set Variable" library="BuiltIn">
<var>${user_id}</var>
<arg>${response.json()['_id']}</arg>
<doc>Returns the given values which can then be assigned to a variables.</doc>
<msg timestamp="20230526 20:38:46.886" level="INFO">${user_id} = qT9L44Pxrv4PpvsI</msg>
<status status="PASS" starttime="20230526 20:38:46.885" endtime="20230526 20:38:46.886"/>
</kw>
<kw name="Set Global Variable" library="BuiltIn">
<arg>${USER_ID}</arg>
<arg>${user_id}</arg>
<doc>Makes a variable available globally in all tests and suites.</doc>
<msg timestamp="20230526 20:38:46.886" level="INFO">${USER_ID} = qT9L44Pxrv4PpvsI</msg>
<status status="PASS" starttime="20230526 20:38:46.886" endtime="20230526 20:38:46.886"/>
</kw>
<kw name="Set Test Variable" library="BuiltIn">
<arg>${response}</arg>
<doc>Makes a variable available everywhere within the scope of the current test.</doc>
<msg timestamp="20230526 20:38:46.887" level="INFO">${response} = &lt;Response [201]&gt;</msg>
<status status="PASS" starttime="20230526 20:38:46.887" endtime="20230526 20:38:46.887"/>
</kw>
<status status="PASS" starttime="20230526 20:38:46.779" endtime="20230526 20:38:46.887"/>
</kw>
<kw name="Then the response status code should be 201" library="test_keywords_users" sourcename="Then the response status code should be ${status_code}">
<kw name="Should Be Equal As Numbers" library="BuiltIn">
<arg>${response.status_code}</arg>
<arg>${status_code}</arg>
<doc>Fails if objects are unequal after converting them to real numbers.</doc>
<msg timestamp="20230526 20:38:46.888" level="INFO">Argument types are:
&lt;class 'int'&gt;
&lt;class 'str'&gt;</msg>
<status status="PASS" starttime="20230526 20:38:46.887" endtime="20230526 20:38:46.888"/>
</kw>
<kw name="Should Be True" library="BuiltIn">
<arg>${response.json()}</arg>
<doc>Fails if the given condition is not true.</doc>
<status status="PASS" starttime="20230526 20:38:46.888" endtime="20230526 20:38:46.889"/>
</kw>
<status status="PASS" starttime="20230526 20:38:46.887" endtime="20230526 20:38:46.889"/>
</kw>
<kw name="And the response body should not be empty" library="test_keywords_users">
<kw name="Should Not Be Empty" library="BuiltIn">
<arg>${response.json()}</arg>
<doc>Verifies that the given item is not empty.</doc>
<msg timestamp="20230526 20:38:46.890" level="INFO">Length is 2</msg>
<status status="PASS" starttime="20230526 20:38:46.889" endtime="20230526 20:38:46.890"/>
</kw>
<status status="PASS" starttime="20230526 20:38:46.889" endtime="20230526 20:38:46.890"/>
</kw>
<tag>api</tag>
<status status="PASS" starttime="20230526 20:38:46.774" endtime="20230526 20:38:46.890"/>
</test>
<test id="s1-s1-s1-t3" name="Scenario: Get a specific user informations" line="22">
<kw name="Before Tests" library="test_keywords_common" type="SETUP">
<kw name="Create Session" library="RequestsLibrary">
<arg>serverest</arg>
<arg>${SERVER_BASE_URL}</arg>
<arg>disable_warnings=True</arg>
<doc>Create Session: create a HTTP session to a server</doc>
<msg timestamp="20230526 20:38:46.892" level="INFO">Creating Session using : alias=serverest, url=https://serverest.dev, headers={},                     cookies={}, auth=None, timeout=None, proxies=None, verify=False,                     debug=0 </msg>
<status status="PASS" starttime="20230526 20:38:46.891" endtime="20230526 20:38:46.892"/>
</kw>
<status status="PASS" starttime="20230526 20:38:46.891" endtime="20230526 20:38:46.892"/>
</kw>
<kw name="When I request the created user" library="test_keywords_users">
<kw name="GET On Session" library="RequestsLibrary">
<var>${response}</var>
<arg>serverest</arg>
<arg>${USERS_API_ENDPOINT}/${USER_ID}</arg>
<doc>Sends a GET request on a previously created HTTP Session.</doc>
<msg timestamp="20230526 20:38:46.999" level="INFO">GET Request : url=https://serverest.dev/usuarios/qT9L44Pxrv4PpvsI 
 path_url=/usuarios/qT9L44Pxrv4PpvsI 
 headers={'User-Agent': 'python-requests/2.31.0', 'Accept-Encoding': 'gzip, deflate', 'Accept': '*/*', 'Connection': 'keep-alive'} 
 body=None 
 </msg>
<msg timestamp="20230526 20:38:46.999" level="INFO">GET Response : url=https://serverest.dev/usuarios/qT9L44Pxrv4PpvsI 
 status=200, reason=OK 
 headers={'access-control-allow-origin': '*', 'x-dns-prefetch-control': 'off', 'x-frame-options': 'SAMEORIGIN', 'strict-transport-security': 'max-age=15552000; includeSubDomains', 'x-download-options': 'noopen', 'x-content-type-options': 'nosniff', 'x-xss-protection': '1; mode=block', 'x-moesif-transaction-id': '391b6279-b388-4bdd-b4a0-b5859d68d19a', 'content-type': 'application/json; charset=utf-8', 'X-Cloud-Trace-Context': 'de33fa4987df30f55f00c9c7e1eb23be', 'Date': 'Fri, 26 May 2023 20:38:46 GMT', 'Server': 'Google Frontend', 'Content-Length': '166'} 
 body={
    "nome": "Gregory Herrera",
    "email": "dawnparsons@example.com",
    "password": "re3mDqlbt7Q2",
    "administrador": "false",
    "_id": "qT9L44Pxrv4PpvsI"
} 
 </msg>
<msg timestamp="20230526 20:38:46.999" level="INFO">${response} = &lt;Response [200]&gt;</msg>
<status status="PASS" starttime="20230526 20:38:46.893" endtime="20230526 20:38:46.999"/>
</kw>
<kw name="Set Test Variable" library="BuiltIn">
<arg>${response}</arg>
<doc>Makes a variable available everywhere within the scope of the current test.</doc>
<msg timestamp="20230526 20:38:47.000" level="INFO">${response} = &lt;Response [200]&gt;</msg>
<status status="PASS" starttime="20230526 20:38:46.999" endtime="20230526 20:38:47.000"/>
</kw>
<status status="PASS" starttime="20230526 20:38:46.892" endtime="20230526 20:38:47.000"/>
</kw>
<kw name="Then the response status code should be 200" library="test_keywords_users" sourcename="Then the response status code should be ${status_code}">
<kw name="Should Be Equal As Numbers" library="BuiltIn">
<arg>${response.status_code}</arg>
<arg>${status_code}</arg>
<doc>Fails if objects are unequal after converting them to real numbers.</doc>
<msg timestamp="20230526 20:38:47.001" level="INFO">Argument types are:
&lt;class 'int'&gt;
&lt;class 'str'&gt;</msg>
<status status="PASS" starttime="20230526 20:38:47.000" endtime="20230526 20:38:47.001"/>
</kw>
<kw name="Should Be True" library="BuiltIn">
<arg>${response.json()}</arg>
<doc>Fails if the given condition is not true.</doc>
<status status="PASS" starttime="20230526 20:38:47.001" endtime="20230526 20:38:47.002"/>
</kw>
<status status="PASS" starttime="20230526 20:38:47.000" endtime="20230526 20:38:47.002"/>
</kw>
<kw name="And the response body should not be empty" library="test_keywords_users">
<kw name="Should Not Be Empty" library="BuiltIn">
<arg>${response.json()}</arg>
<doc>Verifies that the given item is not empty.</doc>
<msg timestamp="20230526 20:38:47.003" level="INFO">Length is 5</msg>
<status status="PASS" starttime="20230526 20:38:47.002" endtime="20230526 20:38:47.003"/>
</kw>
<status status="PASS" starttime="20230526 20:38:47.002" endtime="20230526 20:38:47.003"/>
</kw>
<tag>api</tag>
<status status="PASS" starttime="20230526 20:38:46.891" endtime="20230526 20:38:47.003"/>
</test>
<test id="s1-s1-s1-t4" name="Scenario: Update the created user" line="28">
<kw name="Before Tests" library="test_keywords_common" type="SETUP">
<kw name="Create Session" library="RequestsLibrary">
<arg>serverest</arg>
<arg>${SERVER_BASE_URL}</arg>
<arg>disable_warnings=True</arg>
<doc>Create Session: create a HTTP session to a server</doc>
<msg timestamp="20230526 20:38:47.005" level="INFO">Creating Session using : alias=serverest, url=https://serverest.dev, headers={},                     cookies={}, auth=None, timeout=None, proxies=None, verify=False,                     debug=0 </msg>
<status status="PASS" starttime="20230526 20:38:47.004" endtime="20230526 20:38:47.005"/>
</kw>
<status status="PASS" starttime="20230526 20:38:47.004" endtime="20230526 20:38:47.005"/>
</kw>
<kw name="When I update the created user" library="test_keywords_users">
<kw name="Create Dictionary" library="BuiltIn">
<var>${payload}</var>
<arg>nome=John Smith</arg>
<arg>email=john.smith@example.com</arg>
<arg>password=P@ssw0rd123</arg>
<arg>administrador=false</arg>
<doc>Creates and returns a dictionary based on the given ``items``.</doc>
<msg timestamp="20230526 20:38:47.006" level="INFO">${payload} = {'nome': 'John Smith', 'email': 'john.smith@example.com', 'password': 'P@ssw0rd123', 'administrador': 'false'}</msg>
<status status="PASS" starttime="20230526 20:38:47.005" endtime="20230526 20:38:47.006"/>
</kw>
<kw name="Create Dictionary" library="BuiltIn">
<var>${headers}</var>
<arg>Content-Type=application/json</arg>
<doc>Creates and returns a dictionary based on the given ``items``.</doc>
<msg timestamp="20230526 20:38:47.006" level="INFO">${headers} = {'Content-Type': 'application/json'}</msg>
<status status="PASS" starttime="20230526 20:38:47.006" endtime="20230526 20:38:47.006"/>
</kw>
<kw name="PUT On Session" library="RequestsLibrary">
<var>${response}</var>
<arg>serverest</arg>
<arg>${USERS_API_ENDPOINT}/${USER_ID}</arg>
<arg>json=${payload}</arg>
<arg>headers=${headers}</arg>
<doc>Sends a PUT request on a previously created HTTP Session.</doc>
<msg timestamp="20230526 20:38:47.115" level="INFO">PUT Request : url=https://serverest.dev/usuarios/qT9L44Pxrv4PpvsI 
 path_url=/usuarios/qT9L44Pxrv4PpvsI 
 headers={'User-Agent': 'python-requests/2.31.0', 'Accept-Encoding': 'gzip, deflate', 'Accept': '*/*', 'Connection': 'keep-alive', 'Content-Type': 'application/json', 'Content-Length': '110'} 
 body=b'{"nome": "John Smith", "email": "john.smith@example.com", "password": "P@ssw0rd123", "administrador": "false"}' 
 </msg>
<msg timestamp="20230526 20:38:47.115" level="INFO">PUT Response : url=https://serverest.dev/usuarios/qT9L44Pxrv4PpvsI 
 status=200, reason=OK 
 headers={'access-control-allow-origin': '*', 'x-dns-prefetch-control': 'off', 'x-frame-options': 'SAMEORIGIN', 'strict-transport-security': 'max-age=15552000; includeSubDomains', 'x-download-options': 'noopen', 'x-content-type-options': 'nosniff', 'x-xss-protection': '1; mode=block', 'x-moesif-transaction-id': 'c77311d6-5544-4334-b5bf-76094a133f12', 'content-type': 'application/json; charset=utf-8', 'X-Cloud-Trace-Context': 'ebd624200adeec211ae45cf168357c4a', 'Date': 'Fri, 26 May 2023 20:38:47 GMT', 'Server': 'Google Frontend', 'Content-Length': '50'} 
 body={
    "message": "Registro alterado com sucesso"
} 
 </msg>
<msg timestamp="20230526 20:38:47.115" level="INFO">${response} = &lt;Response [200]&gt;</msg>
<status status="PASS" starttime="20230526 20:38:47.006" endtime="20230526 20:38:47.115"/>
</kw>
<kw name="Set Test Variable" library="BuiltIn">
<arg>${response}</arg>
<doc>Makes a variable available everywhere within the scope of the current test.</doc>
<msg timestamp="20230526 20:38:47.115" level="INFO">${response} = &lt;Response [200]&gt;</msg>
<status status="PASS" starttime="20230526 20:38:47.115" endtime="20230526 20:38:47.115"/>
</kw>
<status status="PASS" starttime="20230526 20:38:47.005" endtime="20230526 20:38:47.115"/>
</kw>
<kw name="Then the response status code should be 200" library="test_keywords_users" sourcename="Then the response status code should be ${status_code}">
<kw name="Should Be Equal As Numbers" library="BuiltIn">
<arg>${response.status_code}</arg>
<arg>${status_code}</arg>
<doc>Fails if objects are unequal after converting them to real numbers.</doc>
<msg timestamp="20230526 20:38:47.117" level="INFO">Argument types are:
&lt;class 'int'&gt;
&lt;class 'str'&gt;</msg>
<status status="PASS" starttime="20230526 20:38:47.116" endtime="20230526 20:38:47.117"/>
</kw>
<kw name="Should Be True" library="BuiltIn">
<arg>${response.json()}</arg>
<doc>Fails if the given condition is not true.</doc>
<status status="PASS" starttime="20230526 20:38:47.117" endtime="20230526 20:38:47.117"/>
</kw>
<status status="PASS" starttime="20230526 20:38:47.116" endtime="20230526 20:38:47.117"/>
</kw>
<kw name="And the response body should not be empty" library="test_keywords_users">
<kw name="Should Not Be Empty" library="BuiltIn">
<arg>${response.json()}</arg>
<doc>Verifies that the given item is not empty.</doc>
<msg timestamp="20230526 20:38:47.118" level="INFO">Length is 1</msg>
<status status="PASS" starttime="20230526 20:38:47.118" endtime="20230526 20:38:47.118"/>
</kw>
<status status="PASS" starttime="20230526 20:38:47.117" endtime="20230526 20:38:47.118"/>
</kw>
<tag>api</tag>
<status status="PASS" starttime="20230526 20:38:47.004" endtime="20230526 20:38:47.119"/>
</test>
<test id="s1-s1-s1-t5" name="Scenario: Delete the created user" line="34">
<kw name="Before Tests" library="test_keywords_common" type="SETUP">
<kw name="Create Session" library="RequestsLibrary">
<arg>serverest</arg>
<arg>${SERVER_BASE_URL}</arg>
<arg>disable_warnings=True</arg>
<doc>Create Session: create a HTTP session to a server</doc>
<msg timestamp="20230526 20:38:47.120" level="INFO">Creating Session using : alias=serverest, url=https://serverest.dev, headers={},                     cookies={}, auth=None, timeout=None, proxies=None, verify=False,                     debug=0 </msg>
<status status="PASS" starttime="20230526 20:38:47.120" endtime="20230526 20:38:47.121"/>
</kw>
<status status="PASS" starttime="20230526 20:38:47.120" endtime="20230526 20:38:47.121"/>
</kw>
<kw name="When I delete the created user" library="test_keywords_users">
<kw name="DELETE On Session" library="RequestsLibrary">
<var>${response}</var>
<arg>serverest</arg>
<arg>${USERS_API_ENDPOINT}/${USER_ID}</arg>
<doc>Sends a DELETE request on a previously created HTTP Session.</doc>
<msg timestamp="20230526 20:38:47.224" level="INFO">DELETE Request : url=https://serverest.dev/usuarios/qT9L44Pxrv4PpvsI 
 path_url=/usuarios/qT9L44Pxrv4PpvsI 
 headers={'User-Agent': 'python-requests/2.31.0', 'Accept-Encoding': 'gzip, deflate', 'Accept': '*/*', 'Connection': 'keep-alive', 'Content-Length': '0'} 
 body=None 
 </msg>
<msg timestamp="20230526 20:38:47.224" level="INFO">DELETE Response : url=https://serverest.dev/usuarios/qT9L44Pxrv4PpvsI 
 status=200, reason=OK 
 headers={'access-control-allow-origin': '*', 'x-dns-prefetch-control': 'off', 'x-frame-options': 'SAMEORIGIN', 'strict-transport-security': 'max-age=15552000; includeSubDomains', 'x-download-options': 'noopen', 'x-content-type-options': 'nosniff', 'x-xss-protection': '1; mode=block', 'x-moesif-transaction-id': '77714f7c-e7bd-4228-8d0d-e9ba43627b2a', 'content-type': 'application/json; charset=utf-8', 'X-Cloud-Trace-Context': 'c71c7c8b0d99f6c6a668dad3d4907ba3', 'Date': 'Fri, 26 May 2023 20:38:47 GMT', 'Server': 'Google Frontend', 'Content-Length': '51'} 
 body={
    "message": "Registro excluído com sucesso"
} 
 </msg>
<msg timestamp="20230526 20:38:47.224" level="INFO">${response} = &lt;Response [200]&gt;</msg>
<status status="PASS" starttime="20230526 20:38:47.121" endtime="20230526 20:38:47.224"/>
</kw>
<kw name="Set Test Variable" library="BuiltIn">
<arg>${response}</arg>
<doc>Makes a variable available everywhere within the scope of the current test.</doc>
<msg timestamp="20230526 20:38:47.225" level="INFO">${response} = &lt;Response [200]&gt;</msg>
<status status="PASS" starttime="20230526 20:38:47.224" endtime="20230526 20:38:47.225"/>
</kw>
<status status="PASS" starttime="20230526 20:38:47.121" endtime="20230526 20:38:47.225"/>
</kw>
<kw name="Then the response status code should be 200" library="test_keywords_users" sourcename="Then the response status code should be ${status_code}">
<kw name="Should Be Equal As Numbers" library="BuiltIn">
<arg>${response.status_code}</arg>
<arg>${status_code}</arg>
<doc>Fails if objects are unequal after converting them to real numbers.</doc>
<msg timestamp="20230526 20:38:47.226" level="INFO">Argument types are:
&lt;class 'int'&gt;
&lt;class 'str'&gt;</msg>
<status status="PASS" starttime="20230526 20:38:47.225" endtime="20230526 20:38:47.226"/>
</kw>
<kw name="Should Be True" library="BuiltIn">
<arg>${response.json()}</arg>
<doc>Fails if the given condition is not true.</doc>
<status status="PASS" starttime="20230526 20:38:47.226" endtime="20230526 20:38:47.227"/>
</kw>
<status status="PASS" starttime="20230526 20:38:47.225" endtime="20230526 20:38:47.227"/>
</kw>
<kw name="And the response body should not be empty" library="test_keywords_users">
<kw name="Should Not Be Empty" library="BuiltIn">
<arg>${response.json()}</arg>
<doc>Verifies that the given item is not empty.</doc>
<msg timestamp="20230526 20:38:47.228" level="INFO">Length is 1</msg>
<status status="PASS" starttime="20230526 20:38:47.227" endtime="20230526 20:38:47.228"/>
</kw>
<status status="PASS" starttime="20230526 20:38:47.227" endtime="20230526 20:38:47.228"/>
</kw>
<tag>api</tag>
<status status="PASS" starttime="20230526 20:38:47.119" endtime="20230526 20:38:47.228"/>
</test>
<status status="PASS" starttime="20230526 20:38:46.074" endtime="20230526 20:38:47.228"/>
</suite>
<status status="PASS" starttime="20230526 20:38:46.073" endtime="20230526 20:38:47.230"/>
</suite>
<suite id="s1-s2" name="Ui" source="/home/runner/work/gen-ai-robot-test/gen-ai-robot-test/tests/ui">
<suite id="s1-s2-s1" name="Test Ui Signup" source="/home/runner/work/gen-ai-robot-test/gen-ai-robot-test/tests/ui/test_ui_signup.robot">
<test id="s1-s2-s1-t1" name="Scenario: Signup with empty fields" line="10">
<kw name="Before Tests" library="test_keywords_common" type="SETUP">
<kw name="Open Browser" library="SeleniumLibrary">
<arg>${SERVER_BASE_URL}</arg>
<arg>${HEADLESS} ${BROWSER}</arg>
<doc>Opens a new browser instance to the optional ``url``.</doc>
<msg timestamp="20230526 20:38:47.240" level="INFO">Opening browser 'headless Chrome' to base url 'https://front.serverest.dev/'.</msg>
<status status="PASS" starttime="20230526 20:38:47.239" endtime="20230526 20:38:48.860"/>
</kw>
<kw name="Maximize Browser Window" library="SeleniumLibrary">
<doc>Maximizes current browser window.</doc>
<status status="PASS" starttime="20230526 20:38:48.860" endtime="20230526 20:38:48.965"/>
</kw>
<status status="PASS" starttime="20230526 20:38:47.239" endtime="20230526 20:38:48.965"/>
</kw>
<kw name="Given Im on the signup page" library="test_keywords_signup">
<kw name="Location Should Be" library="SeleniumLibrary">
<arg>https://front.serverest.dev/login</arg>
<doc>Verifies that the current URL is exactly ``url``.</doc>
<msg timestamp="20230526 20:38:48.970" level="INFO">Current location is 'https://front.serverest.dev/login'.</msg>
<status status="PASS" starttime="20230526 20:38:48.966" endtime="20230526 20:38:48.970"/>
</kw>
<kw name="Click Element" library="SeleniumLibrary">
<arg>css=a.btn.btn-link</arg>
<doc>Click the element identified by ``locator``.</doc>
<msg timestamp="20230526 20:38:48.971" level="INFO">Clicking element 'css=a.btn.btn-link'.</msg>
<status status="PASS" starttime="20230526 20:38:48.970" endtime="20230526 20:38:49.053"/>
</kw>
<status status="PASS" starttime="20230526 20:38:48.965" endtime="20230526 20:38:49.054"/>
</kw>
<kw name="When I click in signup" library="test_keywords_signup">
<kw name="Click Button" library="SeleniumLibrary">
<arg>css=.btn.btn-primary</arg>
<doc>Clicks the button identified by ``locator``.</doc>
<msg timestamp="20230526 20:38:49.055" level="INFO">Clicking button 'css=.btn.btn-primary'.</msg>
<status status="PASS" starttime="20230526 20:38:49.054" endtime="20230526 20:38:49.118"/>
</kw>
<status status="PASS" starttime="20230526 20:38:49.054" endtime="20230526 20:38:49.118"/>
</kw>
<kw name="Then required field messages should be displayed" library="test_keywords_signup">
<kw name="Wait Until Element Is Visible" library="SeleniumLibrary">
<arg>css=.alert-dismissible</arg>
<arg>timeout=10s</arg>
<doc>Waits until the element ``locator`` is visible.</doc>
<status status="PASS" starttime="20230526 20:38:49.118" endtime="20230526 20:38:49.350"/>
</kw>
<kw name="Element Should Be Visible" library="SeleniumLibrary">
<arg>css=.alert-dismissible</arg>
<doc>Verifies that the element identified by ``locator`` is visible.</doc>
<msg timestamp="20230526 20:38:49.367" level="INFO">Element 'css=.alert-dismissible' is displayed.</msg>
<status status="PASS" starttime="20230526 20:38:49.350" endtime="20230526 20:38:49.367"/>
</kw>
<kw name="Page Should Contain" library="SeleniumLibrary">
<arg>Nome é obrigatório</arg>
<doc>Verifies that current page contains ``text``.</doc>
<msg timestamp="20230526 20:38:49.381" level="INFO">Current page contains text 'Nome é obrigatório'.</msg>
<status status="PASS" starttime="20230526 20:38:49.368" endtime="20230526 20:38:49.382"/>
</kw>
<kw name="Page Should Contain" library="SeleniumLibrary">
<arg>Email é obrigatório</arg>
<doc>Verifies that current page contains ``text``.</doc>
<msg timestamp="20230526 20:38:49.394" level="INFO">Current page contains text 'Email é obrigatório'.</msg>
<status status="PASS" starttime="20230526 20:38:49.382" endtime="20230526 20:38:49.394"/>
</kw>
<kw name="Page Should Contain" library="SeleniumLibrary">
<arg>Password é obrigatório</arg>
<doc>Verifies that current page contains ``text``.</doc>
<msg timestamp="20230526 20:38:49.406" level="INFO">Current page contains text 'Password é obrigatório'.</msg>
<status status="PASS" starttime="20230526 20:38:49.394" endtime="20230526 20:38:49.406"/>
</kw>
<status status="PASS" starttime="20230526 20:38:49.118" endtime="20230526 20:38:49.406"/>
</kw>
<kw name="After Tests" library="test_keywords_common" type="TEARDOWN">
<kw name="Close Browser" library="SeleniumLibrary">
<doc>Closes the current browser.</doc>
<status status="PASS" starttime="20230526 20:38:49.407" endtime="20230526 20:38:49.462"/>
</kw>
<status status="PASS" starttime="20230526 20:38:49.407" endtime="20230526 20:38:49.462"/>
</kw>
<tag>ui</tag>
<status status="PASS" starttime="20230526 20:38:47.239" endtime="20230526 20:38:49.462"/>
</test>
<test id="s1-s2-s1-t2" name="Scenario: Signup done successfully" line="16">
<kw name="Before Tests" library="test_keywords_common" type="SETUP">
<kw name="Open Browser" library="SeleniumLibrary">
<arg>${SERVER_BASE_URL}</arg>
<arg>${HEADLESS} ${BROWSER}</arg>
<doc>Opens a new browser instance to the optional ``url``.</doc>
<msg timestamp="20230526 20:38:49.465" level="INFO">Opening browser 'headless Chrome' to base url 'https://front.serverest.dev/'.</msg>
<status status="PASS" starttime="20230526 20:38:49.464" endtime="20230526 20:38:50.479"/>
</kw>
<kw name="Maximize Browser Window" library="SeleniumLibrary">
<doc>Maximizes current browser window.</doc>
<status status="PASS" starttime="20230526 20:38:50.479" endtime="20230526 20:38:50.582"/>
</kw>
<status status="PASS" starttime="20230526 20:38:49.464" endtime="20230526 20:38:50.583"/>
</kw>
<kw name="Given Im on the signup page" library="test_keywords_signup">
<kw name="Location Should Be" library="SeleniumLibrary">
<arg>https://front.serverest.dev/login</arg>
<doc>Verifies that the current URL is exactly ``url``.</doc>
<msg timestamp="20230526 20:38:50.588" level="INFO">Current location is 'https://front.serverest.dev/login'.</msg>
<status status="PASS" starttime="20230526 20:38:50.583" endtime="20230526 20:38:50.588"/>
</kw>
<kw name="Click Element" library="SeleniumLibrary">
<arg>css=a.btn.btn-link</arg>
<doc>Click the element identified by ``locator``.</doc>
<msg timestamp="20230526 20:38:50.589" level="INFO">Clicking element 'css=a.btn.btn-link'.</msg>
<status status="PASS" starttime="20230526 20:38:50.588" endtime="20230526 20:38:50.667"/>
</kw>
<status status="PASS" starttime="20230526 20:38:50.583" endtime="20230526 20:38:50.668"/>
</kw>
<kw name="And I fill in the signup fields with valid data" library="test_keywords_signup">
<kw name="Name" library="FakerLibrary">
<var>${name}</var>
<doc>:example 'John Doe'</doc>
<msg timestamp="20230526 20:38:50.669" level="INFO">${name} = Hayley Byrd</msg>
<status status="PASS" starttime="20230526 20:38:50.668" endtime="20230526 20:38:50.669"/>
</kw>
<kw name="Email" library="FakerLibrary">
<var>${email}</var>
<msg timestamp="20230526 20:38:50.669" level="INFO">${email} = kimberlymartin@example.com</msg>
<status status="PASS" starttime="20230526 20:38:50.669" endtime="20230526 20:38:50.669"/>
</kw>
<kw name="Password" library="FakerLibrary">
<var>${password}</var>
<arg>length=12</arg>
<arg>special_chars=False</arg>
<doc>Generate a random password of the specified ``length``.</doc>
<msg timestamp="20230526 20:38:50.670" level="INFO">${password} = q78F3X1rG3oF</msg>
<status status="PASS" starttime="20230526 20:38:50.670" endtime="20230526 20:38:50.670"/>
</kw>
<kw name="Input Text" library="SeleniumLibrary">
<arg>id:nome</arg>
<arg>${name}</arg>
<doc>Types the given ``text`` into the text field identified by ``locator``.</doc>
<msg timestamp="20230526 20:38:50.671" level="INFO">Typing text 'Hayley Byrd' into text field 'id:nome'.</msg>
<status status="PASS" starttime="20230526 20:38:50.670" endtime="20230526 20:38:50.785"/>
</kw>
<kw name="Input Text" library="SeleniumLibrary">
<arg>id:email</arg>
<arg>${email}</arg>
<doc>Types the given ``text`` into the text field identified by ``locator``.</doc>
<msg timestamp="20230526 20:38:50.786" level="INFO">Typing text 'kimberlymartin@example.com' into text field 'id:email'.</msg>
<status status="PASS" starttime="20230526 20:38:50.786" endtime="20230526 20:38:50.901"/>
</kw>
<kw name="Input Text" library="SeleniumLibrary">
<arg>id:password</arg>
<arg>${password}</arg>
<doc>Types the given ``text`` into the text field identified by ``locator``.</doc>
<msg timestamp="20230526 20:38:50.902" level="INFO">Typing text 'q78F3X1rG3oF' into text field 'id:password'.</msg>
<status status="PASS" starttime="20230526 20:38:50.901" endtime="20230526 20:38:50.989"/>
</kw>
<kw name="Select Checkbox" library="SeleniumLibrary">
<arg>id=administrador</arg>
<doc>Selects the checkbox identified by ``locator``.</doc>
<msg timestamp="20230526 20:38:50.989" level="INFO">Selecting checkbox 'id=administrador'.</msg>
<status status="PASS" starttime="20230526 20:38:50.989" endtime="20230526 20:38:51.062"/>
</kw>
<kw name="Set Suite Variable" library="BuiltIn">
<arg>${name}</arg>
<doc>Makes a variable available everywhere within the scope of the current suite.</doc>
<msg timestamp="20230526 20:38:51.063" level="INFO">${name} = Hayley Byrd</msg>
<status status="PASS" starttime="20230526 20:38:51.062" endtime="20230526 20:38:51.063"/>
</kw>
<kw name="Set Suite Variable" library="BuiltIn">
<arg>${email}</arg>
<doc>Makes a variable available everywhere within the scope of the current suite.</doc>
<msg timestamp="20230526 20:38:51.063" level="INFO">${email} = kimberlymartin@example.com</msg>
<status status="PASS" starttime="20230526 20:38:51.063" endtime="20230526 20:38:51.063"/>
</kw>
<kw name="Set Suite Variable" library="BuiltIn">
<arg>${password}</arg>
<doc>Makes a variable available everywhere within the scope of the current suite.</doc>
<msg timestamp="20230526 20:38:51.063" level="INFO">${password} = q78F3X1rG3oF</msg>
<status status="PASS" starttime="20230526 20:38:51.063" endtime="20230526 20:38:51.063"/>
</kw>
<status status="PASS" starttime="20230526 20:38:50.668" endtime="20230526 20:38:51.064"/>
</kw>
<kw name="When I click in signup" library="test_keywords_signup">
<kw name="Click Button" library="SeleniumLibrary">
<arg>css=.btn.btn-primary</arg>
<doc>Clicks the button identified by ``locator``.</doc>
<msg timestamp="20230526 20:38:51.065" level="INFO">Clicking button 'css=.btn.btn-primary'.</msg>
<status status="PASS" starttime="20230526 20:38:51.064" endtime="20230526 20:38:51.121"/>
</kw>
<status status="PASS" starttime="20230526 20:38:51.064" endtime="20230526 20:38:51.121"/>
</kw>
<kw name="Then the page should contain the text &quot;Cadastro realizado com sucesso&quot;" library="test_keywords_signup" sourcename="Then the page should contain the text &quot;${expected_text}&quot;">
<kw name="Wait Until Element Is Visible" library="SeleniumLibrary">
<arg>css=.alert-dismissible</arg>
<arg>timeout=10s</arg>
<doc>Waits until the element ``locator`` is visible.</doc>
<status status="PASS" starttime="20230526 20:38:51.122" endtime="20230526 20:38:51.354"/>
</kw>
<kw name="Element Should Be Visible" library="SeleniumLibrary">
<arg>css=.alert-dismissible</arg>
<doc>Verifies that the element identified by ``locator`` is visible.</doc>
<msg timestamp="20230526 20:38:51.372" level="INFO">Element 'css=.alert-dismissible' is displayed.</msg>
<status status="PASS" starttime="20230526 20:38:51.354" endtime="20230526 20:38:51.372"/>
</kw>
<kw name="Page Should Contain" library="SeleniumLibrary">
<arg>${expected_text}</arg>
<doc>Verifies that current page contains ``text``.</doc>
<msg timestamp="20230526 20:38:51.386" level="INFO">Current page contains text 'Cadastro realizado com sucesso'.</msg>
<status status="PASS" starttime="20230526 20:38:51.372" endtime="20230526 20:38:51.386"/>
</kw>
<status status="PASS" starttime="20230526 20:38:51.121" endtime="20230526 20:38:51.386"/>
</kw>
<kw name="After Tests" library="test_keywords_common" type="TEARDOWN">
<kw name="Close Browser" library="SeleniumLibrary">
<doc>Closes the current browser.</doc>
<status status="PASS" starttime="20230526 20:38:51.386" endtime="20230526 20:38:51.442"/>
</kw>
<status status="PASS" starttime="20230526 20:38:51.386" endtime="20230526 20:38:51.442"/>
</kw>
<tag>ui</tag>
<status status="PASS" starttime="20230526 20:38:49.463" endtime="20230526 20:38:51.442"/>
</test>
<test id="s1-s2-s1-t3" name="Scenario: Signup with already used email" line="23">
<kw name="Before Tests" library="test_keywords_common" type="SETUP">
<kw name="Open Browser" library="SeleniumLibrary">
<arg>${SERVER_BASE_URL}</arg>
<arg>${HEADLESS} ${BROWSER}</arg>
<doc>Opens a new browser instance to the optional ``url``.</doc>
<msg timestamp="20230526 20:38:51.444" level="INFO">Opening browser 'headless Chrome' to base url 'https://front.serverest.dev/'.</msg>
<status status="PASS" starttime="20230526 20:38:51.443" endtime="20230526 20:38:52.506"/>
</kw>
<kw name="Maximize Browser Window" library="SeleniumLibrary">
<doc>Maximizes current browser window.</doc>
<status status="PASS" starttime="20230526 20:38:52.506" endtime="20230526 20:38:52.611"/>
</kw>
<status status="PASS" starttime="20230526 20:38:51.443" endtime="20230526 20:38:52.611"/>
</kw>
<kw name="Given Im on the signup page" library="test_keywords_signup">
<kw name="Location Should Be" library="SeleniumLibrary">
<arg>https://front.serverest.dev/login</arg>
<doc>Verifies that the current URL is exactly ``url``.</doc>
<msg timestamp="20230526 20:38:52.616" level="INFO">Current location is 'https://front.serverest.dev/login'.</msg>
<status status="PASS" starttime="20230526 20:38:52.612" endtime="20230526 20:38:52.617"/>
</kw>
<kw name="Click Element" library="SeleniumLibrary">
<arg>css=a.btn.btn-link</arg>
<doc>Click the element identified by ``locator``.</doc>
<msg timestamp="20230526 20:38:52.617" level="INFO">Clicking element 'css=a.btn.btn-link'.</msg>
<status status="PASS" starttime="20230526 20:38:52.617" endtime="20230526 20:38:52.694"/>
</kw>
<status status="PASS" starttime="20230526 20:38:52.611" endtime="20230526 20:38:52.694"/>
</kw>
<kw name="And I fill in the signup fields with an email already registered" library="test_keywords_signup">
<kw name="Input Text" library="SeleniumLibrary">
<arg>id:nome</arg>
<arg>${name}</arg>
<doc>Types the given ``text`` into the text field identified by ``locator``.</doc>
<msg timestamp="20230526 20:38:52.695" level="INFO">Typing text 'Hayley Byrd' into text field 'id:nome'.</msg>
<status status="PASS" starttime="20230526 20:38:52.694" endtime="20230526 20:38:52.814"/>
</kw>
<kw name="Input Text" library="SeleniumLibrary">
<arg>id:email</arg>
<arg>${email}</arg>
<doc>Types the given ``text`` into the text field identified by ``locator``.</doc>
<msg timestamp="20230526 20:38:52.814" level="INFO">Typing text 'kimberlymartin@example.com' into text field 'id:email'.</msg>
<status status="PASS" starttime="20230526 20:38:52.814" endtime="20230526 20:38:52.919"/>
</kw>
<kw name="Input Text" library="SeleniumLibrary">
<arg>id:password</arg>
<arg>${password}</arg>
<doc>Types the given ``text`` into the text field identified by ``locator``.</doc>
<msg timestamp="20230526 20:38:52.920" level="INFO">Typing text 'q78F3X1rG3oF' into text field 'id:password'.</msg>
<status status="PASS" starttime="20230526 20:38:52.919" endtime="20230526 20:38:53.000"/>
</kw>
<kw name="Select Checkbox" library="SeleniumLibrary">
<arg>id=administrador</arg>
<doc>Selects the checkbox identified by ``locator``.</doc>
<msg timestamp="20230526 20:38:53.001" level="INFO">Selecting checkbox 'id=administrador'.</msg>
<status status="PASS" starttime="20230526 20:38:53.000" endtime="20230526 20:38:53.074"/>
</kw>
<status status="PASS" starttime="20230526 20:38:52.694" endtime="20230526 20:38:53.074"/>
</kw>
<kw name="When I click in signup" library="test_keywords_signup">
<kw name="Click Button" library="SeleniumLibrary">
<arg>css=.btn.btn-primary</arg>
<doc>Clicks the button identified by ``locator``.</doc>
<msg timestamp="20230526 20:38:53.075" level="INFO">Clicking button 'css=.btn.btn-primary'.</msg>
<status status="PASS" starttime="20230526 20:38:53.075" endtime="20230526 20:38:53.134"/>
</kw>
<status status="PASS" starttime="20230526 20:38:53.074" endtime="20230526 20:38:53.134"/>
</kw>
<kw name="Then the page should contain the text &quot;Este email já está sendo usado&quot;" library="test_keywords_signup" sourcename="Then the page should contain the text &quot;${expected_text}&quot;">
<kw name="Wait Until Element Is Visible" library="SeleniumLibrary">
<arg>css=.alert-dismissible</arg>
<arg>timeout=10s</arg>
<doc>Waits until the element ``locator`` is visible.</doc>
<status status="PASS" starttime="20230526 20:38:53.135" endtime="20230526 20:38:53.365"/>
</kw>
<kw name="Element Should Be Visible" library="SeleniumLibrary">
<arg>css=.alert-dismissible</arg>
<doc>Verifies that the element identified by ``locator`` is visible.</doc>
<msg timestamp="20230526 20:38:53.384" level="INFO">Element 'css=.alert-dismissible' is displayed.</msg>
<status status="PASS" starttime="20230526 20:38:53.365" endtime="20230526 20:38:53.384"/>
</kw>
<kw name="Page Should Contain" library="SeleniumLibrary">
<arg>${expected_text}</arg>
<doc>Verifies that current page contains ``text``.</doc>
<msg timestamp="20230526 20:38:53.397" level="INFO">Current page contains text 'Este email já está sendo usado'.</msg>
<status status="PASS" starttime="20230526 20:38:53.384" endtime="20230526 20:38:53.397"/>
</kw>
<status status="PASS" starttime="20230526 20:38:53.134" endtime="20230526 20:38:53.397"/>
</kw>
<kw name="After Tests" library="test_keywords_common" type="TEARDOWN">
<kw name="Close Browser" library="SeleniumLibrary">
<doc>Closes the current browser.</doc>
<status status="PASS" starttime="20230526 20:38:53.398" endtime="20230526 20:38:53.453"/>
</kw>
<status status="PASS" starttime="20230526 20:38:53.398" endtime="20230526 20:38:53.454"/>
</kw>
<tag>ui</tag>
<status status="PASS" starttime="20230526 20:38:51.443" endtime="20230526 20:38:53.454"/>
</test>
<status status="PASS" starttime="20230526 20:38:47.232" endtime="20230526 20:38:53.454"/>
</suite>
<status status="PASS" starttime="20230526 20:38:47.230" endtime="20230526 20:38:53.456"/>
</suite>
<status status="PASS" starttime="20230526 20:38:46.054" endtime="20230526 20:38:53.457"/>
</suite>
<statistics>
<total>
<stat pass="8" fail="0" skip="0">All Tests</stat>
</total>
<tag>
<stat pass="5" fail="0" skip="0">api</stat>
<stat pass="3" fail="0" skip="0">ui</stat>
</tag>
<suite>
<stat pass="8" fail="0" skip="0" id="s1" name="Tests">Tests</stat>
<stat pass="5" fail="0" skip="0" id="s1-s1" name="Api">Tests.Api</stat>
<stat pass="5" fail="0" skip="0" id="s1-s1-s1" name="Test Api Users">Tests.Api.Test Api Users</stat>
<stat pass="3" fail="0" skip="0" id="s1-s2" name="Ui">Tests.Ui</stat>
<stat pass="3" fail="0" skip="0" id="s1-s2-s1" name="Test Ui Signup">Tests.Ui.Test Ui Signup</stat>
</suite>
</statistics>
<errors>
</errors>
</robot>
