<?xml version="1.0" encoding="UTF-8"?>
<robot generator="Robot 6.0.2 (Python 3.8.16 on linux)" generated="20230525 20:45:15.910" rpa="false" schemaversion="3">
<suite id="s1" name="Tests" source="/home/runner/work/gen-ai-robot-test/gen-ai-robot-test/tests">
<suite id="s1-s1" name="Api" source="/home/runner/work/gen-ai-robot-test/gen-ai-robot-test/tests/api">
<suite id="s1-s1-s1" name="Test Api Users" source="/home/runner/work/gen-ai-robot-test/gen-ai-robot-test/tests/api/test_api_users.robot">
<test id="s1-s1-s1-t1" name="Scenario: Get all registered users" line="9">
<kw name="Before Tests" library="test_keywords_common" type="SETUP">
<kw name="Create Session" library="RequestsLibrary">
<arg>serverest</arg>
<arg>${SERVER_BASE_URL}</arg>
<arg>disable_warnings=True</arg>
<doc>Create Session: create a HTTP session to a server</doc>
<msg timestamp="20230525 20:45:16.377" level="INFO">Creating Session using : alias=serverest, url=https://serverest.dev, headers={},                     cookies={}, auth=None, timeout=None, proxies=None, verify=False,                     debug=0 </msg>
<status status="PASS" starttime="20230525 20:45:16.377" endtime="20230525 20:45:16.378"/>
</kw>
<status status="PASS" starttime="20230525 20:45:16.377" endtime="20230525 20:45:16.378"/>
</kw>
<kw name="When I request the list of all registered users" library="test_keywords_users">
<kw name="GET On Session" library="RequestsLibrary">
<var>${response}</var>
<arg>serverest</arg>
<arg>${USERS_API_ENDPOINT}</arg>
<doc>Sends a GET request on a previously created HTTP Session.</doc>
<msg timestamp="20230525 20:45:16.506" level="INFO">GET Request : url=https://serverest.dev/usuarios 
 path_url=/usuarios 
 headers={'User-Agent': 'python-requests/2.31.0', 'Accept-Encoding': 'gzip, deflate', 'Accept': '*/*', 'Connection': 'keep-alive'} 
 body=None 
 </msg>
<msg timestamp="20230525 20:45:16.506" level="INFO">GET Response : url=https://serverest.dev/usuarios 
 status=200, reason=OK 
 headers={'access-control-allow-origin': '*', 'x-dns-prefetch-control': 'off', 'x-frame-options': 'SAMEORIGIN', 'strict-transport-security': 'max-age=15552000; includeSubDomains', 'x-download-options': 'noopen', 'x-content-type-options': 'nosniff', 'x-xss-protection': '1; mode=block', 'x-moesif-transaction-id': 'f948821a-0d22-44a1-8606-294fa6d0be79', 'content-type': 'application/json; charset=utf-8', 'X-Cloud-Trace-Context': '91f5f3221332cf58127e05c0e55e5c7a;o=1', 'Date': 'Thu, 25 May 2023 20:45:16 GMT', 'Server': 'Google Frontend', 'Content-Length': '472'} 
 body={
    "quantidade": 2,
    "usuarios": [
        {
            "nome": "Fulano da Silva",
            "email": "fulano@qa.com",
            "password": "teste",
            "administrador": "true",
            "_id": "0uxuPY0cbmQhpEz1"
        },
        {
            "nome": "Nancy Brown",
            "email": "walterdavis@example.com",
            "password": "qKZjeZoSb6PD",
            "administrador": "true",
            "_id": "ORRSONnYKEYQe6c8"
        }
    ]
} 
 </msg>
<msg timestamp="20230525 20:45:16.506" level="INFO">${response} = &lt;Response [200]&gt;</msg>
<status status="PASS" starttime="20230525 20:45:16.378" endtime="20230525 20:45:16.506"/>
</kw>
<kw name="Set Test Variable" library="BuiltIn">
<arg>${response}</arg>
<doc>Makes a variable available everywhere within the scope of the current test.</doc>
<msg timestamp="20230525 20:45:16.507" level="INFO">${response} = &lt;Response [200]&gt;</msg>
<status status="PASS" starttime="20230525 20:45:16.506" endtime="20230525 20:45:16.507"/>
</kw>
<status status="PASS" starttime="20230525 20:45:16.378" endtime="20230525 20:45:16.507"/>
</kw>
<kw name="Then the response status code should be 200" library="test_keywords_users" sourcename="Then the response status code should be ${status_code}">
<kw name="Should Be Equal As Numbers" library="BuiltIn">
<arg>${response.status_code}</arg>
<arg>${status_code}</arg>
<doc>Fails if objects are unequal after converting them to real numbers.</doc>
<msg timestamp="20230525 20:45:16.508" level="INFO">Argument types are:
&lt;class 'int'&gt;
&lt;class 'str'&gt;</msg>
<status status="PASS" starttime="20230525 20:45:16.507" endtime="20230525 20:45:16.508"/>
</kw>
<kw name="Should Be True" library="BuiltIn">
<arg>${response.json()}</arg>
<doc>Fails if the given condition is not true.</doc>
<status status="PASS" starttime="20230525 20:45:16.508" endtime="20230525 20:45:16.509"/>
</kw>
<status status="PASS" starttime="20230525 20:45:16.507" endtime="20230525 20:45:16.509"/>
</kw>
<kw name="And the response body should not be empty" library="test_keywords_users">
<kw name="Should Not Be Empty" library="BuiltIn">
<arg>${response.json()}</arg>
<doc>Verifies that the given item is not empty.</doc>
<msg timestamp="20230525 20:45:16.510" level="INFO">Length is 2</msg>
<status status="PASS" starttime="20230525 20:45:16.509" endtime="20230525 20:45:16.510"/>
</kw>
<status status="PASS" starttime="20230525 20:45:16.509" endtime="20230525 20:45:16.510"/>
</kw>
<tag>api</tag>
<status status="PASS" starttime="20230525 20:45:16.376" endtime="20230525 20:45:16.510"/>
</test>
<test id="s1-s1-s1-t2" name="Scenario: Create a new user" line="15">
<kw name="Before Tests" library="test_keywords_common" type="SETUP">
<kw name="Create Session" library="RequestsLibrary">
<arg>serverest</arg>
<arg>${SERVER_BASE_URL}</arg>
<arg>disable_warnings=True</arg>
<doc>Create Session: create a HTTP session to a server</doc>
<msg timestamp="20230525 20:45:16.511" level="INFO">Creating Session using : alias=serverest, url=https://serverest.dev, headers={},                     cookies={}, auth=None, timeout=None, proxies=None, verify=False,                     debug=0 </msg>
<status status="PASS" starttime="20230525 20:45:16.511" endtime="20230525 20:45:16.512"/>
</kw>
<status status="PASS" starttime="20230525 20:45:16.511" endtime="20230525 20:45:16.512"/>
</kw>
<kw name="Given I have a valid user data" library="test_keywords_users">
<kw name="Name" library="FakerLibrary">
<var>${name}</var>
<doc>:example 'John Doe'</doc>
<msg timestamp="20230525 20:45:16.513" level="INFO">${name} = Christopher Coleman</msg>
<status status="PASS" starttime="20230525 20:45:16.512" endtime="20230525 20:45:16.513"/>
</kw>
<kw name="Email" library="FakerLibrary">
<var>${email}</var>
<msg timestamp="20230525 20:45:16.513" level="INFO">${email} = scooper@example.com</msg>
<status status="PASS" starttime="20230525 20:45:16.513" endtime="20230525 20:45:16.513"/>
</kw>
<kw name="Password" library="FakerLibrary">
<var>${password}</var>
<arg>length=12</arg>
<arg>special_chars=False</arg>
<doc>Generate a random password of the specified ``length``.</doc>
<msg timestamp="20230525 20:45:16.514" level="INFO">${password} = XEZtFX8c1PBq</msg>
<status status="PASS" starttime="20230525 20:45:16.513" endtime="20230525 20:45:16.514"/>
</kw>
<kw name="Set Suite Variable" library="BuiltIn">
<arg>${name}</arg>
<doc>Makes a variable available everywhere within the scope of the current suite.</doc>
<msg timestamp="20230525 20:45:16.514" level="INFO">${name} = Christopher Coleman</msg>
<status status="PASS" starttime="20230525 20:45:16.514" endtime="20230525 20:45:16.514"/>
</kw>
<kw name="Set Suite Variable" library="BuiltIn">
<arg>${email}</arg>
<doc>Makes a variable available everywhere within the scope of the current suite.</doc>
<msg timestamp="20230525 20:45:16.514" level="INFO">${email} = scooper@example.com</msg>
<status status="PASS" starttime="20230525 20:45:16.514" endtime="20230525 20:45:16.514"/>
</kw>
<kw name="Set Suite Variable" library="BuiltIn">
<arg>${password}</arg>
<doc>Makes a variable available everywhere within the scope of the current suite.</doc>
<msg timestamp="20230525 20:45:16.515" level="INFO">${password} = XEZtFX8c1PBq</msg>
<status status="PASS" starttime="20230525 20:45:16.515" endtime="20230525 20:45:16.515"/>
</kw>
<status status="PASS" starttime="20230525 20:45:16.512" endtime="20230525 20:45:16.515"/>
</kw>
<kw name="When I create the user" library="test_keywords_users">
<kw name="Create Dictionary" library="BuiltIn">
<var>${payload}</var>
<arg>nome=${name}</arg>
<arg>email=${email}</arg>
<arg>password=${password}</arg>
<arg>administrador=false</arg>
<doc>Creates and returns a dictionary based on the given ``items``.</doc>
<msg timestamp="20230525 20:45:16.516" level="INFO">${payload} = {'nome': 'Christopher Coleman', 'email': 'scooper@example.com', 'password': 'XEZtFX8c1PBq', 'administrador': 'false'}</msg>
<status status="PASS" starttime="20230525 20:45:16.515" endtime="20230525 20:45:16.516"/>
</kw>
<kw name="Create Dictionary" library="BuiltIn">
<var>${headers}</var>
<arg>Content-Type=application/json</arg>
<doc>Creates and returns a dictionary based on the given ``items``.</doc>
<msg timestamp="20230525 20:45:16.516" level="INFO">${headers} = {'Content-Type': 'application/json'}</msg>
<status status="PASS" starttime="20230525 20:45:16.516" endtime="20230525 20:45:16.516"/>
</kw>
<kw name="POST On Session" library="RequestsLibrary">
<var>${response}</var>
<arg>serverest</arg>
<arg>${USERS_API_ENDPOINT}</arg>
<arg>json=${payload}</arg>
<arg>headers=${headers}</arg>
<doc>Sends a POST request on a previously created HTTP Session.</doc>
<msg timestamp="20230525 20:45:16.584" level="INFO">POST Request : url=https://serverest.dev/usuarios 
 path_url=/usuarios 
 headers={'User-Agent': 'python-requests/2.31.0', 'Accept-Encoding': 'gzip, deflate', 'Accept': '*/*', 'Connection': 'keep-alive', 'Content-Type': 'application/json', 'Content-Length': '117'} 
 body=b'{"nome": "Christopher Coleman", "email": "scooper@example.com", "password": "XEZtFX8c1PBq", "administrador": "false"}' 
 </msg>
<msg timestamp="20230525 20:45:16.584" level="INFO">POST Response : url=https://serverest.dev/usuarios 
 status=201, reason=Created 
 headers={'access-control-allow-origin': '*', 'x-dns-prefetch-control': 'off', 'x-frame-options': 'SAMEORIGIN', 'strict-transport-security': 'max-age=15552000; includeSubDomains', 'x-download-options': 'noopen', 'x-content-type-options': 'nosniff', 'x-xss-protection': '1; mode=block', 'x-moesif-transaction-id': '33f71009-79d5-4934-babf-5f0420fece55', 'content-type': 'application/json; charset=utf-8', 'X-Cloud-Trace-Context': 'ad072f9c824b2f7bbed5018bf9dd3a23', 'Date': 'Thu, 25 May 2023 20:45:16 GMT', 'Server': 'Google Frontend', 'Content-Length': '82'} 
 body={
    "message": "Cadastro realizado com sucesso",
    "_id": "GICDgDLAa7sqfpw0"
} 
 </msg>
<msg timestamp="20230525 20:45:16.584" level="INFO">${response} = &lt;Response [201]&gt;</msg>
<status status="PASS" starttime="20230525 20:45:16.516" endtime="20230525 20:45:16.584"/>
</kw>
<kw name="Set Variable" library="BuiltIn">
<var>${user_id}</var>
<arg>${response.json()['_id']}</arg>
<doc>Returns the given values which can then be assigned to a variables.</doc>
<msg timestamp="20230525 20:45:16.585" level="INFO">${user_id} = GICDgDLAa7sqfpw0</msg>
<status status="PASS" starttime="20230525 20:45:16.584" endtime="20230525 20:45:16.585"/>
</kw>
<kw name="Set Global Variable" library="BuiltIn">
<arg>${USER_ID}</arg>
<arg>${user_id}</arg>
<doc>Makes a variable available globally in all tests and suites.</doc>
<msg timestamp="20230525 20:45:16.586" level="INFO">${USER_ID} = GICDgDLAa7sqfpw0</msg>
<status status="PASS" starttime="20230525 20:45:16.585" endtime="20230525 20:45:16.586"/>
</kw>
<kw name="Set Test Variable" library="BuiltIn">
<arg>${response}</arg>
<doc>Makes a variable available everywhere within the scope of the current test.</doc>
<msg timestamp="20230525 20:45:16.586" level="INFO">${response} = &lt;Response [201]&gt;</msg>
<status status="PASS" starttime="20230525 20:45:16.586" endtime="20230525 20:45:16.586"/>
</kw>
<status status="PASS" starttime="20230525 20:45:16.515" endtime="20230525 20:45:16.587"/>
</kw>
<kw name="Then the response status code should be 201" library="test_keywords_users" sourcename="Then the response status code should be ${status_code}">
<kw name="Should Be Equal As Numbers" library="BuiltIn">
<arg>${response.status_code}</arg>
<arg>${status_code}</arg>
<doc>Fails if objects are unequal after converting them to real numbers.</doc>
<msg timestamp="20230525 20:45:16.588" level="INFO">Argument types are:
&lt;class 'int'&gt;
&lt;class 'str'&gt;</msg>
<status status="PASS" starttime="20230525 20:45:16.587" endtime="20230525 20:45:16.588"/>
</kw>
<kw name="Should Be True" library="BuiltIn">
<arg>${response.json()}</arg>
<doc>Fails if the given condition is not true.</doc>
<status status="PASS" starttime="20230525 20:45:16.588" endtime="20230525 20:45:16.588"/>
</kw>
<status status="PASS" starttime="20230525 20:45:16.587" endtime="20230525 20:45:16.589"/>
</kw>
<kw name="And the response body should not be empty" library="test_keywords_users">
<kw name="Should Not Be Empty" library="BuiltIn">
<arg>${response.json()}</arg>
<doc>Verifies that the given item is not empty.</doc>
<msg timestamp="20230525 20:45:16.589" level="INFO">Length is 2</msg>
<status status="PASS" starttime="20230525 20:45:16.589" endtime="20230525 20:45:16.589"/>
</kw>
<status status="PASS" starttime="20230525 20:45:16.589" endtime="20230525 20:45:16.590"/>
</kw>
<tag>api</tag>
<status status="PASS" starttime="20230525 20:45:16.510" endtime="20230525 20:45:16.590"/>
</test>
<test id="s1-s1-s1-t3" name="Scenario: Get a specific user informations" line="22">
<kw name="Before Tests" library="test_keywords_common" type="SETUP">
<kw name="Create Session" library="RequestsLibrary">
<arg>serverest</arg>
<arg>${SERVER_BASE_URL}</arg>
<arg>disable_warnings=True</arg>
<doc>Create Session: create a HTTP session to a server</doc>
<msg timestamp="20230525 20:45:16.591" level="INFO">Creating Session using : alias=serverest, url=https://serverest.dev, headers={},                     cookies={}, auth=None, timeout=None, proxies=None, verify=False,                     debug=0 </msg>
<status status="PASS" starttime="20230525 20:45:16.591" endtime="20230525 20:45:16.591"/>
</kw>
<status status="PASS" starttime="20230525 20:45:16.591" endtime="20230525 20:45:16.592"/>
</kw>
<kw name="When I request the created user" library="test_keywords_users">
<kw name="GET On Session" library="RequestsLibrary">
<var>${response}</var>
<arg>serverest</arg>
<arg>${USERS_API_ENDPOINT}/${USER_ID}</arg>
<doc>Sends a GET request on a previously created HTTP Session.</doc>
<msg timestamp="20230525 20:45:16.659" level="INFO">GET Request : url=https://serverest.dev/usuarios/GICDgDLAa7sqfpw0 
 path_url=/usuarios/GICDgDLAa7sqfpw0 
 headers={'User-Agent': 'python-requests/2.31.0', 'Accept-Encoding': 'gzip, deflate', 'Accept': '*/*', 'Connection': 'keep-alive'} 
 body=None 
 </msg>
<msg timestamp="20230525 20:45:16.659" level="INFO">GET Response : url=https://serverest.dev/usuarios/GICDgDLAa7sqfpw0 
 status=200, reason=OK 
 headers={'access-control-allow-origin': '*', 'x-dns-prefetch-control': 'off', 'x-frame-options': 'SAMEORIGIN', 'strict-transport-security': 'max-age=15552000; includeSubDomains', 'x-download-options': 'noopen', 'x-content-type-options': 'nosniff', 'x-xss-protection': '1; mode=block', 'x-moesif-transaction-id': '4fbe7b66-35f4-4752-9750-7a1785c1cdad', 'content-type': 'application/json; charset=utf-8', 'X-Cloud-Trace-Context': '308a8a4fab281d38b61d5ba8e46de280', 'Date': 'Thu, 25 May 2023 20:45:16 GMT', 'Server': 'Google Frontend', 'Content-Length': '166'} 
 body={
    "nome": "Christopher Coleman",
    "email": "scooper@example.com",
    "password": "XEZtFX8c1PBq",
    "administrador": "false",
    "_id": "GICDgDLAa7sqfpw0"
} 
 </msg>
<msg timestamp="20230525 20:45:16.659" level="INFO">${response} = &lt;Response [200]&gt;</msg>
<status status="PASS" starttime="20230525 20:45:16.592" endtime="20230525 20:45:16.659"/>
</kw>
<kw name="Set Test Variable" library="BuiltIn">
<arg>${response}</arg>
<doc>Makes a variable available everywhere within the scope of the current test.</doc>
<msg timestamp="20230525 20:45:16.660" level="INFO">${response} = &lt;Response [200]&gt;</msg>
<status status="PASS" starttime="20230525 20:45:16.660" endtime="20230525 20:45:16.660"/>
</kw>
<status status="PASS" starttime="20230525 20:45:16.592" endtime="20230525 20:45:16.660"/>
</kw>
<kw name="Then the response status code should be 200" library="test_keywords_users" sourcename="Then the response status code should be ${status_code}">
<kw name="Should Be Equal As Numbers" library="BuiltIn">
<arg>${response.status_code}</arg>
<arg>${status_code}</arg>
<doc>Fails if objects are unequal after converting them to real numbers.</doc>
<msg timestamp="20230525 20:45:16.661" level="INFO">Argument types are:
&lt;class 'int'&gt;
&lt;class 'str'&gt;</msg>
<status status="PASS" starttime="20230525 20:45:16.661" endtime="20230525 20:45:16.662"/>
</kw>
<kw name="Should Be True" library="BuiltIn">
<arg>${response.json()}</arg>
<doc>Fails if the given condition is not true.</doc>
<status status="PASS" starttime="20230525 20:45:16.662" endtime="20230525 20:45:16.662"/>
</kw>
<status status="PASS" starttime="20230525 20:45:16.660" endtime="20230525 20:45:16.662"/>
</kw>
<kw name="And the response body should not be empty" library="test_keywords_users">
<kw name="Should Not Be Empty" library="BuiltIn">
<arg>${response.json()}</arg>
<doc>Verifies that the given item is not empty.</doc>
<msg timestamp="20230525 20:45:16.664" level="INFO">Length is 5</msg>
<status status="PASS" starttime="20230525 20:45:16.663" endtime="20230525 20:45:16.664"/>
</kw>
<status status="PASS" starttime="20230525 20:45:16.663" endtime="20230525 20:45:16.664"/>
</kw>
<tag>api</tag>
<status status="PASS" starttime="20230525 20:45:16.590" endtime="20230525 20:45:16.664"/>
</test>
<test id="s1-s1-s1-t4" name="Scenario: Update the created user" line="28">
<kw name="Before Tests" library="test_keywords_common" type="SETUP">
<kw name="Create Session" library="RequestsLibrary">
<arg>serverest</arg>
<arg>${SERVER_BASE_URL}</arg>
<arg>disable_warnings=True</arg>
<doc>Create Session: create a HTTP session to a server</doc>
<msg timestamp="20230525 20:45:16.665" level="INFO">Creating Session using : alias=serverest, url=https://serverest.dev, headers={},                     cookies={}, auth=None, timeout=None, proxies=None, verify=False,                     debug=0 </msg>
<status status="PASS" starttime="20230525 20:45:16.665" endtime="20230525 20:45:16.666"/>
</kw>
<status status="PASS" starttime="20230525 20:45:16.665" endtime="20230525 20:45:16.666"/>
</kw>
<kw name="When I update the created user" library="test_keywords_users">
<kw name="Create Dictionary" library="BuiltIn">
<var>${payload}</var>
<arg>nome=John Smith</arg>
<arg>email=john.smith@example.com</arg>
<arg>password=P@ssw0rd123</arg>
<arg>administrador=false</arg>
<doc>Creates and returns a dictionary based on the given ``items``.</doc>
<msg timestamp="20230525 20:45:16.667" level="INFO">${payload} = {'nome': 'John Smith', 'email': 'john.smith@example.com', 'password': 'P@ssw0rd123', 'administrador': 'false'}</msg>
<status status="PASS" starttime="20230525 20:45:16.666" endtime="20230525 20:45:16.667"/>
</kw>
<kw name="Create Dictionary" library="BuiltIn">
<var>${headers}</var>
<arg>Content-Type=application/json</arg>
<doc>Creates and returns a dictionary based on the given ``items``.</doc>
<msg timestamp="20230525 20:45:16.667" level="INFO">${headers} = {'Content-Type': 'application/json'}</msg>
<status status="PASS" starttime="20230525 20:45:16.667" endtime="20230525 20:45:16.667"/>
</kw>
<kw name="PUT On Session" library="RequestsLibrary">
<var>${response}</var>
<arg>serverest</arg>
<arg>${USERS_API_ENDPOINT}/${USER_ID}</arg>
<arg>json=${payload}</arg>
<arg>headers=${headers}</arg>
<doc>Sends a PUT request on a previously created HTTP Session.</doc>
<msg timestamp="20230525 20:45:16.735" level="INFO">PUT Request : url=https://serverest.dev/usuarios/GICDgDLAa7sqfpw0 
 path_url=/usuarios/GICDgDLAa7sqfpw0 
 headers={'User-Agent': 'python-requests/2.31.0', 'Accept-Encoding': 'gzip, deflate', 'Accept': '*/*', 'Connection': 'keep-alive', 'Content-Type': 'application/json', 'Content-Length': '110'} 
 body=b'{"nome": "John Smith", "email": "john.smith@example.com", "password": "P@ssw0rd123", "administrador": "false"}' 
 </msg>
<msg timestamp="20230525 20:45:16.735" level="INFO">PUT Response : url=https://serverest.dev/usuarios/GICDgDLAa7sqfpw0 
 status=200, reason=OK 
 headers={'access-control-allow-origin': '*', 'x-dns-prefetch-control': 'off', 'x-frame-options': 'SAMEORIGIN', 'strict-transport-security': 'max-age=15552000; includeSubDomains', 'x-download-options': 'noopen', 'x-content-type-options': 'nosniff', 'x-xss-protection': '1; mode=block', 'x-moesif-transaction-id': '691bf46a-803a-483b-a1ef-7d638b0ba009', 'content-type': 'application/json; charset=utf-8', 'X-Cloud-Trace-Context': '0c67f0361b22763be82e6b64ec8d8ae0', 'Date': 'Thu, 25 May 2023 20:45:16 GMT', 'Server': 'Google Frontend', 'Content-Length': '50'} 
 body={
    "message": "Registro alterado com sucesso"
} 
 </msg>
<msg timestamp="20230525 20:45:16.735" level="INFO">${response} = &lt;Response [200]&gt;</msg>
<status status="PASS" starttime="20230525 20:45:16.667" endtime="20230525 20:45:16.735"/>
</kw>
<kw name="Set Test Variable" library="BuiltIn">
<arg>${response}</arg>
<doc>Makes a variable available everywhere within the scope of the current test.</doc>
<msg timestamp="20230525 20:45:16.736" level="INFO">${response} = &lt;Response [200]&gt;</msg>
<status status="PASS" starttime="20230525 20:45:16.736" endtime="20230525 20:45:16.736"/>
</kw>
<status status="PASS" starttime="20230525 20:45:16.666" endtime="20230525 20:45:16.736"/>
</kw>
<kw name="Then the response status code should be 200" library="test_keywords_users" sourcename="Then the response status code should be ${status_code}">
<kw name="Should Be Equal As Numbers" library="BuiltIn">
<arg>${response.status_code}</arg>
<arg>${status_code}</arg>
<doc>Fails if objects are unequal after converting them to real numbers.</doc>
<msg timestamp="20230525 20:45:16.737" level="INFO">Argument types are:
&lt;class 'int'&gt;
&lt;class 'str'&gt;</msg>
<status status="PASS" starttime="20230525 20:45:16.737" endtime="20230525 20:45:16.737"/>
</kw>
<kw name="Should Be True" library="BuiltIn">
<arg>${response.json()}</arg>
<doc>Fails if the given condition is not true.</doc>
<status status="PASS" starttime="20230525 20:45:16.738" endtime="20230525 20:45:16.738"/>
</kw>
<status status="PASS" starttime="20230525 20:45:16.736" endtime="20230525 20:45:16.738"/>
</kw>
<kw name="And the response body should not be empty" library="test_keywords_users">
<kw name="Should Not Be Empty" library="BuiltIn">
<arg>${response.json()}</arg>
<doc>Verifies that the given item is not empty.</doc>
<msg timestamp="20230525 20:45:16.739" level="INFO">Length is 1</msg>
<status status="PASS" starttime="20230525 20:45:16.739" endtime="20230525 20:45:16.739"/>
</kw>
<status status="PASS" starttime="20230525 20:45:16.738" endtime="20230525 20:45:16.740"/>
</kw>
<tag>api</tag>
<status status="PASS" starttime="20230525 20:45:16.664" endtime="20230525 20:45:16.740"/>
</test>
<test id="s1-s1-s1-t5" name="Scenario: Delete the created user" line="34">
<kw name="Before Tests" library="test_keywords_common" type="SETUP">
<kw name="Create Session" library="RequestsLibrary">
<arg>serverest</arg>
<arg>${SERVER_BASE_URL}</arg>
<arg>disable_warnings=True</arg>
<doc>Create Session: create a HTTP session to a server</doc>
<msg timestamp="20230525 20:45:16.741" level="INFO">Creating Session using : alias=serverest, url=https://serverest.dev, headers={},                     cookies={}, auth=None, timeout=None, proxies=None, verify=False,                     debug=0 </msg>
<status status="PASS" starttime="20230525 20:45:16.741" endtime="20230525 20:45:16.742"/>
</kw>
<status status="PASS" starttime="20230525 20:45:16.741" endtime="20230525 20:45:16.742"/>
</kw>
<kw name="When I delete the created user" library="test_keywords_users">
<kw name="DELETE On Session" library="RequestsLibrary">
<var>${response}</var>
<arg>serverest</arg>
<arg>${USERS_API_ENDPOINT}/${USER_ID}</arg>
<doc>Sends a DELETE request on a previously created HTTP Session.</doc>
<msg timestamp="20230525 20:45:16.813" level="INFO">DELETE Request : url=https://serverest.dev/usuarios/GICDgDLAa7sqfpw0 
 path_url=/usuarios/GICDgDLAa7sqfpw0 
 headers={'User-Agent': 'python-requests/2.31.0', 'Accept-Encoding': 'gzip, deflate', 'Accept': '*/*', 'Connection': 'keep-alive', 'Content-Length': '0'} 
 body=None 
 </msg>
<msg timestamp="20230525 20:45:16.813" level="INFO">DELETE Response : url=https://serverest.dev/usuarios/GICDgDLAa7sqfpw0 
 status=200, reason=OK 
 headers={'access-control-allow-origin': '*', 'x-dns-prefetch-control': 'off', 'x-frame-options': 'SAMEORIGIN', 'strict-transport-security': 'max-age=15552000; includeSubDomains', 'x-download-options': 'noopen', 'x-content-type-options': 'nosniff', 'x-xss-protection': '1; mode=block', 'x-moesif-transaction-id': 'bef7bdc2-d52d-440a-a385-1470c2e1109c', 'content-type': 'application/json; charset=utf-8', 'X-Cloud-Trace-Context': '0fd8e36cd78f5c30680db4b6ab748a94', 'Date': 'Thu, 25 May 2023 20:45:16 GMT', 'Server': 'Google Frontend', 'Content-Length': '51'} 
 body={
    "message": "Registro excluído com sucesso"
} 
 </msg>
<msg timestamp="20230525 20:45:16.813" level="INFO">${response} = &lt;Response [200]&gt;</msg>
<status status="PASS" starttime="20230525 20:45:16.742" endtime="20230525 20:45:16.813"/>
</kw>
<kw name="Set Test Variable" library="BuiltIn">
<arg>${response}</arg>
<doc>Makes a variable available everywhere within the scope of the current test.</doc>
<msg timestamp="20230525 20:45:16.814" level="INFO">${response} = &lt;Response [200]&gt;</msg>
<status status="PASS" starttime="20230525 20:45:16.814" endtime="20230525 20:45:16.814"/>
</kw>
<status status="PASS" starttime="20230525 20:45:16.742" endtime="20230525 20:45:16.814"/>
</kw>
<kw name="Then the response status code should be 200" library="test_keywords_users" sourcename="Then the response status code should be ${status_code}">
<kw name="Should Be Equal As Numbers" library="BuiltIn">
<arg>${response.status_code}</arg>
<arg>${status_code}</arg>
<doc>Fails if objects are unequal after converting them to real numbers.</doc>
<msg timestamp="20230525 20:45:16.815" level="INFO">Argument types are:
&lt;class 'int'&gt;
&lt;class 'str'&gt;</msg>
<status status="PASS" starttime="20230525 20:45:16.815" endtime="20230525 20:45:16.816"/>
</kw>
<kw name="Should Be True" library="BuiltIn">
<arg>${response.json()}</arg>
<doc>Fails if the given condition is not true.</doc>
<status status="PASS" starttime="20230525 20:45:16.816" endtime="20230525 20:45:16.816"/>
</kw>
<status status="PASS" starttime="20230525 20:45:16.814" endtime="20230525 20:45:16.817"/>
</kw>
<kw name="And the response body should not be empty" library="test_keywords_users">
<kw name="Should Not Be Empty" library="BuiltIn">
<arg>${response.json()}</arg>
<doc>Verifies that the given item is not empty.</doc>
<msg timestamp="20230525 20:45:16.818" level="INFO">Length is 1</msg>
<status status="PASS" starttime="20230525 20:45:16.817" endtime="20230525 20:45:16.818"/>
</kw>
<status status="PASS" starttime="20230525 20:45:16.817" endtime="20230525 20:45:16.818"/>
</kw>
<tag>api</tag>
<status status="PASS" starttime="20230525 20:45:16.740" endtime="20230525 20:45:16.818"/>
</test>
<status status="PASS" starttime="20230525 20:45:15.930" endtime="20230525 20:45:16.819"/>
</suite>
<status status="PASS" starttime="20230525 20:45:15.929" endtime="20230525 20:45:16.820"/>
</suite>
<suite id="s1-s2" name="Ui" source="/home/runner/work/gen-ai-robot-test/gen-ai-robot-test/tests/ui">
<suite id="s1-s2-s1" name="Test Ui Signup" source="/home/runner/work/gen-ai-robot-test/gen-ai-robot-test/tests/ui/test_ui_signup.robot">
<test id="s1-s2-s1-t1" name="Scenario: Signup with empty fields" line="10">
<kw name="Before Tests" library="test_keywords_common" type="SETUP">
<kw name="Open Browser" library="SeleniumLibrary">
<arg>${SERVER_BASE_URL}</arg>
<arg>${HEADLESS} ${BROWSER}</arg>
<doc>Opens a new browser instance to the optional ``url``.</doc>
<msg timestamp="20230525 20:45:16.831" level="INFO">Opening browser 'headless Chrome' to base url 'https://front.serverest.dev/'.</msg>
<status status="PASS" starttime="20230525 20:45:16.830" endtime="20230525 20:45:18.654"/>
</kw>
<kw name="Maximize Browser Window" library="SeleniumLibrary">
<doc>Maximizes current browser window.</doc>
<status status="PASS" starttime="20230525 20:45:18.654" endtime="20230525 20:45:18.779"/>
</kw>
<status status="PASS" starttime="20230525 20:45:16.830" endtime="20230525 20:45:18.779"/>
</kw>
<kw name="Given Im on the signup page" library="test_keywords_signup">
<kw name="Location Should Be" library="SeleniumLibrary">
<arg>https://front.serverest.dev/login</arg>
<doc>Verifies that the current URL is exactly ``url``.</doc>
<msg timestamp="20230525 20:45:18.785" level="INFO">Current location is 'https://front.serverest.dev/login'.</msg>
<status status="PASS" starttime="20230525 20:45:18.780" endtime="20230525 20:45:18.785"/>
</kw>
<kw name="Click Element" library="SeleniumLibrary">
<arg>css=a.btn.btn-link</arg>
<doc>Click the element identified by ``locator``.</doc>
<msg timestamp="20230525 20:45:18.786" level="INFO">Clicking element 'css=a.btn.btn-link'.</msg>
<status status="PASS" starttime="20230525 20:45:18.785" endtime="20230525 20:45:18.845"/>
</kw>
<status status="PASS" starttime="20230525 20:45:18.779" endtime="20230525 20:45:18.845"/>
</kw>
<kw name="When I click in signup" library="test_keywords_signup">
<kw name="Click Button" library="SeleniumLibrary">
<arg>css=.btn.btn-primary</arg>
<doc>Clicks the button identified by ``locator``.</doc>
<msg timestamp="20230525 20:45:18.846" level="INFO">Clicking button 'css=.btn.btn-primary'.</msg>
<status status="PASS" starttime="20230525 20:45:18.846" endtime="20230525 20:45:18.910"/>
</kw>
<status status="PASS" starttime="20230525 20:45:18.845" endtime="20230525 20:45:18.910"/>
</kw>
<kw name="Then required field messages should be displayed" library="test_keywords_signup">
<kw name="Wait Until Element Is Visible" library="SeleniumLibrary">
<arg>css=.alert-dismissible</arg>
<arg>timeout=10s</arg>
<doc>Waits until the element ``locator`` is visible.</doc>
<status status="PASS" starttime="20230525 20:45:18.910" endtime="20230525 20:45:19.145"/>
</kw>
<kw name="Element Should Be Visible" library="SeleniumLibrary">
<arg>css=.alert-dismissible</arg>
<doc>Verifies that the element identified by ``locator`` is visible.</doc>
<msg timestamp="20230525 20:45:19.164" level="INFO">Element 'css=.alert-dismissible' is displayed.</msg>
<status status="PASS" starttime="20230525 20:45:19.146" endtime="20230525 20:45:19.164"/>
</kw>
<kw name="Page Should Contain" library="SeleniumLibrary">
<arg>Nome é obrigatório</arg>
<doc>Verifies that current page contains ``text``.</doc>
<msg timestamp="20230525 20:45:19.179" level="INFO">Current page contains text 'Nome é obrigatório'.</msg>
<status status="PASS" starttime="20230525 20:45:19.164" endtime="20230525 20:45:19.179"/>
</kw>
<kw name="Page Should Contain" library="SeleniumLibrary">
<arg>Email é obrigatório</arg>
<doc>Verifies that current page contains ``text``.</doc>
<msg timestamp="20230525 20:45:19.192" level="INFO">Current page contains text 'Email é obrigatório'.</msg>
<status status="PASS" starttime="20230525 20:45:19.179" endtime="20230525 20:45:19.192"/>
</kw>
<kw name="Page Should Contain" library="SeleniumLibrary">
<arg>Password é obrigatório</arg>
<doc>Verifies that current page contains ``text``.</doc>
<msg timestamp="20230525 20:45:19.205" level="INFO">Current page contains text 'Password é obrigatório'.</msg>
<status status="PASS" starttime="20230525 20:45:19.192" endtime="20230525 20:45:19.205"/>
</kw>
<status status="PASS" starttime="20230525 20:45:18.910" endtime="20230525 20:45:19.205"/>
</kw>
<kw name="After Tests" library="test_keywords_common" type="TEARDOWN">
<kw name="Close Browser" library="SeleniumLibrary">
<doc>Closes the current browser.</doc>
<status status="PASS" starttime="20230525 20:45:19.206" endtime="20230525 20:45:19.261"/>
</kw>
<status status="PASS" starttime="20230525 20:45:19.205" endtime="20230525 20:45:19.261"/>
</kw>
<tag>ui</tag>
<status status="PASS" starttime="20230525 20:45:16.829" endtime="20230525 20:45:19.261"/>
</test>
<test id="s1-s2-s1-t2" name="Scenario: Signup done successfully" line="16">
<kw name="Before Tests" library="test_keywords_common" type="SETUP">
<kw name="Open Browser" library="SeleniumLibrary">
<arg>${SERVER_BASE_URL}</arg>
<arg>${HEADLESS} ${BROWSER}</arg>
<doc>Opens a new browser instance to the optional ``url``.</doc>
<msg timestamp="20230525 20:45:19.264" level="INFO">Opening browser 'headless Chrome' to base url 'https://front.serverest.dev/'.</msg>
<status status="PASS" starttime="20230525 20:45:19.263" endtime="20230525 20:45:20.574"/>
</kw>
<kw name="Maximize Browser Window" library="SeleniumLibrary">
<doc>Maximizes current browser window.</doc>
<status status="PASS" starttime="20230525 20:45:20.575" endtime="20230525 20:45:20.695"/>
</kw>
<status status="PASS" starttime="20230525 20:45:19.263" endtime="20230525 20:45:20.696"/>
</kw>
<kw name="Given Im on the signup page" library="test_keywords_signup">
<kw name="Location Should Be" library="SeleniumLibrary">
<arg>https://front.serverest.dev/login</arg>
<doc>Verifies that the current URL is exactly ``url``.</doc>
<msg timestamp="20230525 20:45:20.702" level="INFO">Current location is 'https://front.serverest.dev/login'.</msg>
<status status="PASS" starttime="20230525 20:45:20.697" endtime="20230525 20:45:20.702"/>
</kw>
<kw name="Click Element" library="SeleniumLibrary">
<arg>css=a.btn.btn-link</arg>
<doc>Click the element identified by ``locator``.</doc>
<msg timestamp="20230525 20:45:20.703" level="INFO">Clicking element 'css=a.btn.btn-link'.</msg>
<status status="PASS" starttime="20230525 20:45:20.702" endtime="20230525 20:45:20.758"/>
</kw>
<status status="PASS" starttime="20230525 20:45:20.696" endtime="20230525 20:45:20.758"/>
</kw>
<kw name="And I fill in the signup fields with valid data" library="test_keywords_signup">
<kw name="Name" library="FakerLibrary">
<var>${name}</var>
<doc>:example 'John Doe'</doc>
<msg timestamp="20230525 20:45:20.759" level="INFO">${name} = Robin Gallagher DVM</msg>
<status status="PASS" starttime="20230525 20:45:20.758" endtime="20230525 20:45:20.759"/>
</kw>
<kw name="Email" library="FakerLibrary">
<var>${email}</var>
<msg timestamp="20230525 20:45:20.760" level="INFO">${email} = melissa56@example.com</msg>
<status status="PASS" starttime="20230525 20:45:20.759" endtime="20230525 20:45:20.760"/>
</kw>
<kw name="Password" library="FakerLibrary">
<var>${password}</var>
<arg>length=12</arg>
<arg>special_chars=False</arg>
<doc>Generate a random password of the specified ``length``.</doc>
<msg timestamp="20230525 20:45:20.760" level="INFO">${password} = 1bTScLAQ87Rk</msg>
<status status="PASS" starttime="20230525 20:45:20.760" endtime="20230525 20:45:20.760"/>
</kw>
<kw name="Input Text" library="SeleniumLibrary">
<arg>id:nome</arg>
<arg>${name}</arg>
<doc>Types the given ``text`` into the text field identified by ``locator``.</doc>
<msg timestamp="20230525 20:45:20.761" level="INFO">Typing text 'Robin Gallagher DVM' into text field 'id:nome'.</msg>
<status status="PASS" starttime="20230525 20:45:20.760" endtime="20230525 20:45:20.899"/>
</kw>
<kw name="Input Text" library="SeleniumLibrary">
<arg>id:email</arg>
<arg>${email}</arg>
<doc>Types the given ``text`` into the text field identified by ``locator``.</doc>
<msg timestamp="20230525 20:45:20.900" level="INFO">Typing text 'melissa56@example.com' into text field 'id:email'.</msg>
<status status="PASS" starttime="20230525 20:45:20.899" endtime="20230525 20:45:21.003"/>
</kw>
<kw name="Input Text" library="SeleniumLibrary">
<arg>id:password</arg>
<arg>${password}</arg>
<doc>Types the given ``text`` into the text field identified by ``locator``.</doc>
<msg timestamp="20230525 20:45:21.004" level="INFO">Typing text '1bTScLAQ87Rk' into text field 'id:password'.</msg>
<status status="PASS" starttime="20230525 20:45:21.003" endtime="20230525 20:45:21.099"/>
</kw>
<kw name="Select Checkbox" library="SeleniumLibrary">
<arg>id=administrador</arg>
<doc>Selects the checkbox identified by ``locator``.</doc>
<msg timestamp="20230525 20:45:21.100" level="INFO">Selecting checkbox 'id=administrador'.</msg>
<status status="PASS" starttime="20230525 20:45:21.099" endtime="20230525 20:45:21.173"/>
</kw>
<kw name="Set Suite Variable" library="BuiltIn">
<arg>${name}</arg>
<doc>Makes a variable available everywhere within the scope of the current suite.</doc>
<msg timestamp="20230525 20:45:21.174" level="INFO">${name} = Robin Gallagher DVM</msg>
<status status="PASS" starttime="20230525 20:45:21.173" endtime="20230525 20:45:21.174"/>
</kw>
<kw name="Set Suite Variable" library="BuiltIn">
<arg>${email}</arg>
<doc>Makes a variable available everywhere within the scope of the current suite.</doc>
<msg timestamp="20230525 20:45:21.174" level="INFO">${email} = melissa56@example.com</msg>
<status status="PASS" starttime="20230525 20:45:21.174" endtime="20230525 20:45:21.174"/>
</kw>
<kw name="Set Suite Variable" library="BuiltIn">
<arg>${password}</arg>
<doc>Makes a variable available everywhere within the scope of the current suite.</doc>
<msg timestamp="20230525 20:45:21.175" level="INFO">${password} = 1bTScLAQ87Rk</msg>
<status status="PASS" starttime="20230525 20:45:21.174" endtime="20230525 20:45:21.175"/>
</kw>
<status status="PASS" starttime="20230525 20:45:20.758" endtime="20230525 20:45:21.175"/>
</kw>
<kw name="When I click in signup" library="test_keywords_signup">
<kw name="Click Button" library="SeleniumLibrary">
<arg>css=.btn.btn-primary</arg>
<doc>Clicks the button identified by ``locator``.</doc>
<msg timestamp="20230525 20:45:21.176" level="INFO">Clicking button 'css=.btn.btn-primary'.</msg>
<status status="PASS" starttime="20230525 20:45:21.175" endtime="20230525 20:45:21.237"/>
</kw>
<status status="PASS" starttime="20230525 20:45:21.175" endtime="20230525 20:45:21.237"/>
</kw>
<kw name="Then the page should contain the text &quot;Cadastro realizado com sucesso&quot;" library="test_keywords_signup" sourcename="Then the page should contain the text &quot;${expected_text}&quot;">
<kw name="Wait Until Element Is Visible" library="SeleniumLibrary">
<arg>css=.alert-dismissible</arg>
<arg>timeout=10s</arg>
<doc>Waits until the element ``locator`` is visible.</doc>
<status status="PASS" starttime="20230525 20:45:21.238" endtime="20230525 20:45:21.474"/>
</kw>
<kw name="Element Should Be Visible" library="SeleniumLibrary">
<arg>css=.alert-dismissible</arg>
<doc>Verifies that the element identified by ``locator`` is visible.</doc>
<msg timestamp="20230525 20:45:21.492" level="INFO">Element 'css=.alert-dismissible' is displayed.</msg>
<status status="PASS" starttime="20230525 20:45:21.474" endtime="20230525 20:45:21.492"/>
</kw>
<kw name="Page Should Contain" library="SeleniumLibrary">
<arg>${expected_text}</arg>
<doc>Verifies that current page contains ``text``.</doc>
<msg timestamp="20230525 20:45:21.505" level="INFO">Current page contains text 'Cadastro realizado com sucesso'.</msg>
<status status="PASS" starttime="20230525 20:45:21.492" endtime="20230525 20:45:21.505"/>
</kw>
<status status="PASS" starttime="20230525 20:45:21.237" endtime="20230525 20:45:21.505"/>
</kw>
<kw name="After Tests" library="test_keywords_common" type="TEARDOWN">
<kw name="Close Browser" library="SeleniumLibrary">
<doc>Closes the current browser.</doc>
<status status="PASS" starttime="20230525 20:45:21.506" endtime="20230525 20:45:21.562"/>
</kw>
<status status="PASS" starttime="20230525 20:45:21.506" endtime="20230525 20:45:21.562"/>
</kw>
<tag>ui</tag>
<status status="PASS" starttime="20230525 20:45:19.262" endtime="20230525 20:45:21.562"/>
</test>
<test id="s1-s2-s1-t3" name="Scenario: Signup with already used email" line="23">
<kw name="Before Tests" library="test_keywords_common" type="SETUP">
<kw name="Open Browser" library="SeleniumLibrary">
<arg>${SERVER_BASE_URL}</arg>
<arg>${HEADLESS} ${BROWSER}</arg>
<doc>Opens a new browser instance to the optional ``url``.</doc>
<msg timestamp="20230525 20:45:21.564" level="INFO">Opening browser 'headless Chrome' to base url 'https://front.serverest.dev/'.</msg>
<status status="PASS" starttime="20230525 20:45:21.564" endtime="20230525 20:45:22.855"/>
</kw>
<kw name="Maximize Browser Window" library="SeleniumLibrary">
<doc>Maximizes current browser window.</doc>
<status status="PASS" starttime="20230525 20:45:22.856" endtime="20230525 20:45:22.967"/>
</kw>
<status status="PASS" starttime="20230525 20:45:21.563" endtime="20230525 20:45:22.967"/>
</kw>
<kw name="Given Im on the signup page" library="test_keywords_signup">
<kw name="Location Should Be" library="SeleniumLibrary">
<arg>https://front.serverest.dev/login</arg>
<doc>Verifies that the current URL is exactly ``url``.</doc>
<msg timestamp="20230525 20:45:22.990" level="INFO">Current location is 'https://front.serverest.dev/login'.</msg>
<status status="PASS" starttime="20230525 20:45:22.967" endtime="20230525 20:45:22.990"/>
</kw>
<kw name="Click Element" library="SeleniumLibrary">
<arg>css=a.btn.btn-link</arg>
<doc>Click the element identified by ``locator``.</doc>
<msg timestamp="20230525 20:45:22.991" level="INFO">Clicking element 'css=a.btn.btn-link'.</msg>
<status status="PASS" starttime="20230525 20:45:22.990" endtime="20230525 20:45:23.044"/>
</kw>
<status status="PASS" starttime="20230525 20:45:22.967" endtime="20230525 20:45:23.044"/>
</kw>
<kw name="And I fill in the signup fields with an email already registered" library="test_keywords_signup">
<kw name="Input Text" library="SeleniumLibrary">
<arg>id:nome</arg>
<arg>${name}</arg>
<doc>Types the given ``text`` into the text field identified by ``locator``.</doc>
<msg timestamp="20230525 20:45:23.045" level="INFO">Typing text 'Robin Gallagher DVM' into text field 'id:nome'.</msg>
<status status="PASS" starttime="20230525 20:45:23.044" endtime="20230525 20:45:23.184"/>
</kw>
<kw name="Input Text" library="SeleniumLibrary">
<arg>id:email</arg>
<arg>${email}</arg>
<doc>Types the given ``text`` into the text field identified by ``locator``.</doc>
<msg timestamp="20230525 20:45:23.185" level="INFO">Typing text 'melissa56@example.com' into text field 'id:email'.</msg>
<status status="PASS" starttime="20230525 20:45:23.184" endtime="20230525 20:45:23.293"/>
</kw>
<kw name="Input Text" library="SeleniumLibrary">
<arg>id:password</arg>
<arg>${password}</arg>
<doc>Types the given ``text`` into the text field identified by ``locator``.</doc>
<msg timestamp="20230525 20:45:23.293" level="INFO">Typing text '1bTScLAQ87Rk' into text field 'id:password'.</msg>
<status status="PASS" starttime="20230525 20:45:23.293" endtime="20230525 20:45:23.391"/>
</kw>
<kw name="Select Checkbox" library="SeleniumLibrary">
<arg>id=administrador</arg>
<doc>Selects the checkbox identified by ``locator``.</doc>
<msg timestamp="20230525 20:45:23.391" level="INFO">Selecting checkbox 'id=administrador'.</msg>
<status status="PASS" starttime="20230525 20:45:23.391" endtime="20230525 20:45:23.467"/>
</kw>
<status status="PASS" starttime="20230525 20:45:23.044" endtime="20230525 20:45:23.467"/>
</kw>
<kw name="When I click in signup" library="test_keywords_signup">
<kw name="Click Button" library="SeleniumLibrary">
<arg>css=.btn.btn-primary</arg>
<doc>Clicks the button identified by ``locator``.</doc>
<msg timestamp="20230525 20:45:23.468" level="INFO">Clicking button 'css=.btn.btn-primary'.</msg>
<status status="PASS" starttime="20230525 20:45:23.468" endtime="20230525 20:45:23.533"/>
</kw>
<status status="PASS" starttime="20230525 20:45:23.467" endtime="20230525 20:45:23.533"/>
</kw>
<kw name="Then the page should contain the text &quot;Este email já está sendo usado&quot;" library="test_keywords_signup" sourcename="Then the page should contain the text &quot;${expected_text}&quot;">
<kw name="Wait Until Element Is Visible" library="SeleniumLibrary">
<arg>css=.alert-dismissible</arg>
<arg>timeout=10s</arg>
<doc>Waits until the element ``locator`` is visible.</doc>
<status status="PASS" starttime="20230525 20:45:23.534" endtime="20230525 20:45:23.770"/>
</kw>
<kw name="Element Should Be Visible" library="SeleniumLibrary">
<arg>css=.alert-dismissible</arg>
<doc>Verifies that the element identified by ``locator`` is visible.</doc>
<msg timestamp="20230525 20:45:23.788" level="INFO">Element 'css=.alert-dismissible' is displayed.</msg>
<status status="PASS" starttime="20230525 20:45:23.770" endtime="20230525 20:45:23.788"/>
</kw>
<kw name="Page Should Contain" library="SeleniumLibrary">
<arg>${expected_text}</arg>
<doc>Verifies that current page contains ``text``.</doc>
<msg timestamp="20230525 20:45:23.802" level="INFO">Current page contains text 'Este email já está sendo usado'.</msg>
<status status="PASS" starttime="20230525 20:45:23.789" endtime="20230525 20:45:23.802"/>
</kw>
<status status="PASS" starttime="20230525 20:45:23.533" endtime="20230525 20:45:23.802"/>
</kw>
<kw name="After Tests" library="test_keywords_common" type="TEARDOWN">
<kw name="Close Browser" library="SeleniumLibrary">
<doc>Closes the current browser.</doc>
<status status="PASS" starttime="20230525 20:45:23.803" endtime="20230525 20:45:23.858"/>
</kw>
<status status="PASS" starttime="20230525 20:45:23.803" endtime="20230525 20:45:23.858"/>
</kw>
<tag>ui</tag>
<status status="PASS" starttime="20230525 20:45:21.563" endtime="20230525 20:45:23.858"/>
</test>
<status status="PASS" starttime="20230525 20:45:16.822" endtime="20230525 20:45:23.859"/>
</suite>
<status status="PASS" starttime="20230525 20:45:16.820" endtime="20230525 20:45:23.860"/>
</suite>
<status status="PASS" starttime="20230525 20:45:15.911" endtime="20230525 20:45:23.861"/>
</suite>
<statistics>
<total>
<stat pass="8" fail="0" skip="0">All Tests</stat>
</total>
<tag>
<stat pass="5" fail="0" skip="0">api</stat>
<stat pass="3" fail="0" skip="0">ui</stat>
</tag>
<suite>
<stat pass="8" fail="0" skip="0" id="s1" name="Tests">Tests</stat>
<stat pass="5" fail="0" skip="0" id="s1-s1" name="Api">Tests.Api</stat>
<stat pass="5" fail="0" skip="0" id="s1-s1-s1" name="Test Api Users">Tests.Api.Test Api Users</stat>
<stat pass="3" fail="0" skip="0" id="s1-s2" name="Ui">Tests.Ui</stat>
<stat pass="3" fail="0" skip="0" id="s1-s2-s1" name="Test Ui Signup">Tests.Ui.Test Ui Signup</stat>
</suite>
</statistics>
<errors>
</errors>
</robot>
