<?xml version="1.0" encoding="UTF-8"?>
<robot generator="Robot 6.0.2 (Python 3.8.16 on linux)" generated="20230528 01:48:29.634" rpa="false" schemaversion="3">
<suite id="s1" name="Tests" source="/home/runner/work/gen-ai-robot-test/gen-ai-robot-test/tests">
<suite id="s1-s1" name="Api" source="/home/runner/work/gen-ai-robot-test/gen-ai-robot-test/tests/api">
<suite id="s1-s1-s1" name="Test Api Users" source="/home/runner/work/gen-ai-robot-test/gen-ai-robot-test/tests/api/test_api_users.robot">
<test id="s1-s1-s1-t1" name="Scenario: Get all registered users" line="9">
<kw name="Before Tests" library="test_keywords_common" type="SETUP">
<kw name="Create Session" library="RequestsLibrary">
<arg>serverest</arg>
<arg>${SERVER_BASE_URL}</arg>
<arg>disable_warnings=True</arg>
<doc>Create Session: create a HTTP session to a server</doc>
<msg timestamp="20230528 01:48:30.278" level="INFO">Creating Session using : alias=serverest, url=https://serverest.dev, headers={},                     cookies={}, auth=None, timeout=None, proxies=None, verify=False,                     debug=0 </msg>
<status status="PASS" starttime="20230528 01:48:30.277" endtime="20230528 01:48:30.278"/>
</kw>
<status status="PASS" starttime="20230528 01:48:30.277" endtime="20230528 01:48:30.278"/>
</kw>
<kw name="When I request the list of all registered users" library="test_keywords_users">
<kw name="GET On Session" library="RequestsLibrary">
<var>${response}</var>
<arg>serverest</arg>
<arg>${USERS_API_ENDPOINT}</arg>
<doc>Sends a GET request on a previously created HTTP Session.</doc>
<msg timestamp="20230528 01:48:30.407" level="INFO">GET Request : url=https://serverest.dev/usuarios 
 path_url=/usuarios 
 headers={'User-Agent': 'python-requests/2.31.0', 'Accept-Encoding': 'gzip, deflate', 'Accept': '*/*', 'Connection': 'keep-alive'} 
 body=None 
 </msg>
<msg timestamp="20230528 01:48:30.407" level="INFO">GET Response : url=https://serverest.dev/usuarios 
 status=200, reason=OK 
 headers={'access-control-allow-origin': '*', 'x-dns-prefetch-control': 'off', 'x-frame-options': 'SAMEORIGIN', 'strict-transport-security': 'max-age=15552000; includeSubDomains', 'x-download-options': 'noopen', 'x-content-type-options': 'nosniff', 'x-xss-protection': '1; mode=block', 'x-moesif-transaction-id': '98b0cd40-0956-464e-b633-ccc72b0ba2d9', 'content-type': 'application/json; charset=utf-8', 'X-Cloud-Trace-Context': '50fd4487dd4746058f8cf0278f60311f;o=1', 'Date': 'Sun, 28 May 2023 01:48:30 GMT', 'Server': 'Google Frontend', 'Content-Length': '465'} 
 body={
    "quantidade": 2,
    "usuarios": [
        {
            "nome": "Fulano da Silva",
            "email": "fulano@qa.com",
            "password": "teste",
            "administrador": "true",
            "_id": "0uxuPY0cbmQhpEz1"
        },
        {
            "nome": "{{nome}}",
            "email": "Kaylin@qa.com.br",
            "password": "hZ9O7Gw2h70gkK0",
            "administrador": "true",
            "_id": "iey3Y0UaP04VjUAI"
        }
    ]
} 
 </msg>
<msg timestamp="20230528 01:48:30.407" level="INFO">${response} = &lt;Response [200]&gt;</msg>
<status status="PASS" starttime="20230528 01:48:30.279" endtime="20230528 01:48:30.407"/>
</kw>
<kw name="Set Test Variable" library="BuiltIn">
<arg>${response}</arg>
<doc>Makes a variable available everywhere within the scope of the current test.</doc>
<msg timestamp="20230528 01:48:30.408" level="INFO">${response} = &lt;Response [200]&gt;</msg>
<status status="PASS" starttime="20230528 01:48:30.407" endtime="20230528 01:48:30.408"/>
</kw>
<status status="PASS" starttime="20230528 01:48:30.278" endtime="20230528 01:48:30.408"/>
</kw>
<kw name="Then the response status code should be 200" library="test_keywords_users" sourcename="Then the response status code should be ${status_code}">
<kw name="Should Be Equal As Numbers" library="BuiltIn">
<arg>${response.status_code}</arg>
<arg>${status_code}</arg>
<doc>Fails if objects are unequal after converting them to real numbers.</doc>
<msg timestamp="20230528 01:48:30.409" level="INFO">Argument types are:
&lt;class 'int'&gt;
&lt;class 'str'&gt;</msg>
<status status="PASS" starttime="20230528 01:48:30.408" endtime="20230528 01:48:30.409"/>
</kw>
<kw name="Should Be True" library="BuiltIn">
<arg>${response.json()}</arg>
<doc>Fails if the given condition is not true.</doc>
<status status="PASS" starttime="20230528 01:48:30.409" endtime="20230528 01:48:30.410"/>
</kw>
<status status="PASS" starttime="20230528 01:48:30.408" endtime="20230528 01:48:30.410"/>
</kw>
<kw name="And the response body should not be empty" library="test_keywords_users">
<kw name="Should Not Be Empty" library="BuiltIn">
<arg>${response.json()}</arg>
<doc>Verifies that the given item is not empty.</doc>
<msg timestamp="20230528 01:48:30.412" level="INFO">Length is 2</msg>
<status status="PASS" starttime="20230528 01:48:30.411" endtime="20230528 01:48:30.412"/>
</kw>
<status status="PASS" starttime="20230528 01:48:30.410" endtime="20230528 01:48:30.412"/>
</kw>
<tag>api</tag>
<status status="PASS" starttime="20230528 01:48:30.276" endtime="20230528 01:48:30.412"/>
</test>
<test id="s1-s1-s1-t2" name="Scenario: Create a new user" line="15">
<kw name="Before Tests" library="test_keywords_common" type="SETUP">
<kw name="Create Session" library="RequestsLibrary">
<arg>serverest</arg>
<arg>${SERVER_BASE_URL}</arg>
<arg>disable_warnings=True</arg>
<doc>Create Session: create a HTTP session to a server</doc>
<msg timestamp="20230528 01:48:30.414" level="INFO">Creating Session using : alias=serverest, url=https://serverest.dev, headers={},                     cookies={}, auth=None, timeout=None, proxies=None, verify=False,                     debug=0 </msg>
<status status="PASS" starttime="20230528 01:48:30.413" endtime="20230528 01:48:30.414"/>
</kw>
<status status="PASS" starttime="20230528 01:48:30.413" endtime="20230528 01:48:30.414"/>
</kw>
<kw name="Given I have a valid user data" library="test_keywords_users">
<kw name="Name" library="FakerLibrary">
<var>${name}</var>
<doc>:example 'John Doe'</doc>
<msg timestamp="20230528 01:48:30.415" level="INFO">${name} = Ashley Koch</msg>
<status status="PASS" starttime="20230528 01:48:30.414" endtime="20230528 01:48:30.415"/>
</kw>
<kw name="Email" library="FakerLibrary">
<var>${email}</var>
<msg timestamp="20230528 01:48:30.415" level="INFO">${email} = xclarke@example.com</msg>
<status status="PASS" starttime="20230528 01:48:30.415" endtime="20230528 01:48:30.415"/>
</kw>
<kw name="Password" library="FakerLibrary">
<var>${password}</var>
<arg>length=12</arg>
<arg>special_chars=False</arg>
<doc>Generate a random password of the specified ``length``.</doc>
<msg timestamp="20230528 01:48:30.416" level="INFO">${password} = pgdcNt5cbw17</msg>
<status status="PASS" starttime="20230528 01:48:30.415" endtime="20230528 01:48:30.416"/>
</kw>
<kw name="Set Suite Variable" library="BuiltIn">
<arg>${name}</arg>
<doc>Makes a variable available everywhere within the scope of the current suite.</doc>
<msg timestamp="20230528 01:48:30.416" level="INFO">${name} = Ashley Koch</msg>
<status status="PASS" starttime="20230528 01:48:30.416" endtime="20230528 01:48:30.416"/>
</kw>
<kw name="Set Suite Variable" library="BuiltIn">
<arg>${email}</arg>
<doc>Makes a variable available everywhere within the scope of the current suite.</doc>
<msg timestamp="20230528 01:48:30.416" level="INFO">${email} = xclarke@example.com</msg>
<status status="PASS" starttime="20230528 01:48:30.416" endtime="20230528 01:48:30.416"/>
</kw>
<kw name="Set Suite Variable" library="BuiltIn">
<arg>${password}</arg>
<doc>Makes a variable available everywhere within the scope of the current suite.</doc>
<msg timestamp="20230528 01:48:30.417" level="INFO">${password} = pgdcNt5cbw17</msg>
<status status="PASS" starttime="20230528 01:48:30.417" endtime="20230528 01:48:30.417"/>
</kw>
<status status="PASS" starttime="20230528 01:48:30.414" endtime="20230528 01:48:30.417"/>
</kw>
<kw name="When I create the user" library="test_keywords_users">
<kw name="Create Dictionary" library="BuiltIn">
<var>${payload}</var>
<arg>nome=${name}</arg>
<arg>email=${email}</arg>
<arg>password=${password}</arg>
<arg>administrador=false</arg>
<doc>Creates and returns a dictionary based on the given ``items``.</doc>
<msg timestamp="20230528 01:48:30.418" level="INFO">${payload} = {'nome': 'Ashley Koch', 'email': 'xclarke@example.com', 'password': 'pgdcNt5cbw17', 'administrador': 'false'}</msg>
<status status="PASS" starttime="20230528 01:48:30.417" endtime="20230528 01:48:30.418"/>
</kw>
<kw name="Create Dictionary" library="BuiltIn">
<var>${headers}</var>
<arg>Content-Type=application/json</arg>
<doc>Creates and returns a dictionary based on the given ``items``.</doc>
<msg timestamp="20230528 01:48:30.418" level="INFO">${headers} = {'Content-Type': 'application/json'}</msg>
<status status="PASS" starttime="20230528 01:48:30.418" endtime="20230528 01:48:30.418"/>
</kw>
<kw name="POST On Session" library="RequestsLibrary">
<var>${response}</var>
<arg>serverest</arg>
<arg>${USERS_API_ENDPOINT}</arg>
<arg>json=${payload}</arg>
<arg>headers=${headers}</arg>
<doc>Sends a POST request on a previously created HTTP Session.</doc>
<msg timestamp="20230528 01:48:30.482" level="INFO">POST Request : url=https://serverest.dev/usuarios 
 path_url=/usuarios 
 headers={'User-Agent': 'python-requests/2.31.0', 'Accept-Encoding': 'gzip, deflate', 'Accept': '*/*', 'Connection': 'keep-alive', 'Content-Type': 'application/json', 'Content-Length': '109'} 
 body=b'{"nome": "Ashley Koch", "email": "xclarke@example.com", "password": "pgdcNt5cbw17", "administrador": "false"}' 
 </msg>
<msg timestamp="20230528 01:48:30.482" level="INFO">POST Response : url=https://serverest.dev/usuarios 
 status=201, reason=Created 
 headers={'access-control-allow-origin': '*', 'x-dns-prefetch-control': 'off', 'x-frame-options': 'SAMEORIGIN', 'strict-transport-security': 'max-age=15552000; includeSubDomains', 'x-download-options': 'noopen', 'x-content-type-options': 'nosniff', 'x-xss-protection': '1; mode=block', 'x-moesif-transaction-id': '15019bb4-f335-4773-8b66-95d38d2094e8', 'content-type': 'application/json; charset=utf-8', 'X-Cloud-Trace-Context': '343e17ef1a9b13f71bc3b6eafd31895f', 'Date': 'Sun, 28 May 2023 01:48:30 GMT', 'Server': 'Google Frontend', 'Content-Length': '82'} 
 body={
    "message": "Cadastro realizado com sucesso",
    "_id": "3yt1tgMazvK3lQen"
} 
 </msg>
<msg timestamp="20230528 01:48:30.482" level="INFO">${response} = &lt;Response [201]&gt;</msg>
<status status="PASS" starttime="20230528 01:48:30.418" endtime="20230528 01:48:30.482"/>
</kw>
<kw name="Set Variable" library="BuiltIn">
<var>${user_id}</var>
<arg>${response.json()['_id']}</arg>
<doc>Returns the given values which can then be assigned to a variables.</doc>
<msg timestamp="20230528 01:48:30.483" level="INFO">${user_id} = 3yt1tgMazvK3lQen</msg>
<status status="PASS" starttime="20230528 01:48:30.482" endtime="20230528 01:48:30.483"/>
</kw>
<kw name="Set Global Variable" library="BuiltIn">
<arg>${USER_ID}</arg>
<arg>${user_id}</arg>
<doc>Makes a variable available globally in all tests and suites.</doc>
<msg timestamp="20230528 01:48:30.484" level="INFO">${USER_ID} = 3yt1tgMazvK3lQen</msg>
<status status="PASS" starttime="20230528 01:48:30.483" endtime="20230528 01:48:30.484"/>
</kw>
<kw name="Set Test Variable" library="BuiltIn">
<arg>${response}</arg>
<doc>Makes a variable available everywhere within the scope of the current test.</doc>
<msg timestamp="20230528 01:48:30.484" level="INFO">${response} = &lt;Response [201]&gt;</msg>
<status status="PASS" starttime="20230528 01:48:30.484" endtime="20230528 01:48:30.484"/>
</kw>
<status status="PASS" starttime="20230528 01:48:30.417" endtime="20230528 01:48:30.484"/>
</kw>
<kw name="Then the response status code should be 201" library="test_keywords_users" sourcename="Then the response status code should be ${status_code}">
<kw name="Should Be Equal As Numbers" library="BuiltIn">
<arg>${response.status_code}</arg>
<arg>${status_code}</arg>
<doc>Fails if objects are unequal after converting them to real numbers.</doc>
<msg timestamp="20230528 01:48:30.485" level="INFO">Argument types are:
&lt;class 'int'&gt;
&lt;class 'str'&gt;</msg>
<status status="PASS" starttime="20230528 01:48:30.485" endtime="20230528 01:48:30.485"/>
</kw>
<kw name="Should Be True" library="BuiltIn">
<arg>${response.json()}</arg>
<doc>Fails if the given condition is not true.</doc>
<status status="PASS" starttime="20230528 01:48:30.485" endtime="20230528 01:48:30.486"/>
</kw>
<status status="PASS" starttime="20230528 01:48:30.484" endtime="20230528 01:48:30.486"/>
</kw>
<kw name="And the response body should not be empty" library="test_keywords_users">
<kw name="Should Not Be Empty" library="BuiltIn">
<arg>${response.json()}</arg>
<doc>Verifies that the given item is not empty.</doc>
<msg timestamp="20230528 01:48:30.487" level="INFO">Length is 2</msg>
<status status="PASS" starttime="20230528 01:48:30.486" endtime="20230528 01:48:30.487"/>
</kw>
<status status="PASS" starttime="20230528 01:48:30.486" endtime="20230528 01:48:30.487"/>
</kw>
<tag>api</tag>
<status status="PASS" starttime="20230528 01:48:30.412" endtime="20230528 01:48:30.487"/>
</test>
<test id="s1-s1-s1-t3" name="Scenario: Get a specific user informations" line="22">
<kw name="Before Tests" library="test_keywords_common" type="SETUP">
<kw name="Create Session" library="RequestsLibrary">
<arg>serverest</arg>
<arg>${SERVER_BASE_URL}</arg>
<arg>disable_warnings=True</arg>
<doc>Create Session: create a HTTP session to a server</doc>
<msg timestamp="20230528 01:48:30.489" level="INFO">Creating Session using : alias=serverest, url=https://serverest.dev, headers={},                     cookies={}, auth=None, timeout=None, proxies=None, verify=False,                     debug=0 </msg>
<status status="PASS" starttime="20230528 01:48:30.488" endtime="20230528 01:48:30.489"/>
</kw>
<status status="PASS" starttime="20230528 01:48:30.488" endtime="20230528 01:48:30.489"/>
</kw>
<kw name="When I request the created user" library="test_keywords_users">
<kw name="GET On Session" library="RequestsLibrary">
<var>${response}</var>
<arg>serverest</arg>
<arg>${USERS_API_ENDPOINT}/${USER_ID}</arg>
<doc>Sends a GET request on a previously created HTTP Session.</doc>
<msg timestamp="20230528 01:48:30.556" level="INFO">GET Request : url=https://serverest.dev/usuarios/3yt1tgMazvK3lQen 
 path_url=/usuarios/3yt1tgMazvK3lQen 
 headers={'User-Agent': 'python-requests/2.31.0', 'Accept-Encoding': 'gzip, deflate', 'Accept': '*/*', 'Connection': 'keep-alive'} 
 body=None 
 </msg>
<msg timestamp="20230528 01:48:30.556" level="INFO">GET Response : url=https://serverest.dev/usuarios/3yt1tgMazvK3lQen 
 status=200, reason=OK 
 headers={'access-control-allow-origin': '*', 'x-dns-prefetch-control': 'off', 'x-frame-options': 'SAMEORIGIN', 'strict-transport-security': 'max-age=15552000; includeSubDomains', 'x-download-options': 'noopen', 'x-content-type-options': 'nosniff', 'x-xss-protection': '1; mode=block', 'x-moesif-transaction-id': '744dce2c-b85c-401b-a5a7-f0e5553b6bd4', 'content-type': 'application/json; charset=utf-8', 'X-Cloud-Trace-Context': 'd706d54b8aed521efdd8225ee2bab9df', 'Date': 'Sun, 28 May 2023 01:48:30 GMT', 'Server': 'Google Frontend', 'Content-Length': '158'} 
 body={
    "nome": "Ashley Koch",
    "email": "xclarke@example.com",
    "password": "pgdcNt5cbw17",
    "administrador": "false",
    "_id": "3yt1tgMazvK3lQen"
} 
 </msg>
<msg timestamp="20230528 01:48:30.556" level="INFO">${response} = &lt;Response [200]&gt;</msg>
<status status="PASS" starttime="20230528 01:48:30.489" endtime="20230528 01:48:30.556"/>
</kw>
<kw name="Set Test Variable" library="BuiltIn">
<arg>${response}</arg>
<doc>Makes a variable available everywhere within the scope of the current test.</doc>
<msg timestamp="20230528 01:48:30.556" level="INFO">${response} = &lt;Response [200]&gt;</msg>
<status status="PASS" starttime="20230528 01:48:30.556" endtime="20230528 01:48:30.556"/>
</kw>
<status status="PASS" starttime="20230528 01:48:30.489" endtime="20230528 01:48:30.557"/>
</kw>
<kw name="Then the response status code should be 200" library="test_keywords_users" sourcename="Then the response status code should be ${status_code}">
<kw name="Should Be Equal As Numbers" library="BuiltIn">
<arg>${response.status_code}</arg>
<arg>${status_code}</arg>
<doc>Fails if objects are unequal after converting them to real numbers.</doc>
<msg timestamp="20230528 01:48:30.558" level="INFO">Argument types are:
&lt;class 'int'&gt;
&lt;class 'str'&gt;</msg>
<status status="PASS" starttime="20230528 01:48:30.557" endtime="20230528 01:48:30.558"/>
</kw>
<kw name="Should Be True" library="BuiltIn">
<arg>${response.json()}</arg>
<doc>Fails if the given condition is not true.</doc>
<status status="PASS" starttime="20230528 01:48:30.558" endtime="20230528 01:48:30.559"/>
</kw>
<status status="PASS" starttime="20230528 01:48:30.557" endtime="20230528 01:48:30.559"/>
</kw>
<kw name="And the response body should not be empty" library="test_keywords_users">
<kw name="Should Not Be Empty" library="BuiltIn">
<arg>${response.json()}</arg>
<doc>Verifies that the given item is not empty.</doc>
<msg timestamp="20230528 01:48:30.560" level="INFO">Length is 5</msg>
<status status="PASS" starttime="20230528 01:48:30.559" endtime="20230528 01:48:30.560"/>
</kw>
<status status="PASS" starttime="20230528 01:48:30.559" endtime="20230528 01:48:30.560"/>
</kw>
<tag>api</tag>
<status status="PASS" starttime="20230528 01:48:30.488" endtime="20230528 01:48:30.560"/>
</test>
<test id="s1-s1-s1-t4" name="Scenario: Update the created user" line="28">
<kw name="Before Tests" library="test_keywords_common" type="SETUP">
<kw name="Create Session" library="RequestsLibrary">
<arg>serverest</arg>
<arg>${SERVER_BASE_URL}</arg>
<arg>disable_warnings=True</arg>
<doc>Create Session: create a HTTP session to a server</doc>
<msg timestamp="20230528 01:48:30.562" level="INFO">Creating Session using : alias=serverest, url=https://serverest.dev, headers={},                     cookies={}, auth=None, timeout=None, proxies=None, verify=False,                     debug=0 </msg>
<status status="PASS" starttime="20230528 01:48:30.561" endtime="20230528 01:48:30.562"/>
</kw>
<status status="PASS" starttime="20230528 01:48:30.561" endtime="20230528 01:48:30.562"/>
</kw>
<kw name="When I update the created user" library="test_keywords_users">
<kw name="Create Dictionary" library="BuiltIn">
<var>${payload}</var>
<arg>nome=John Smith</arg>
<arg>email=john.smith@example.com</arg>
<arg>password=P@ssw0rd123</arg>
<arg>administrador=false</arg>
<doc>Creates and returns a dictionary based on the given ``items``.</doc>
<msg timestamp="20230528 01:48:30.563" level="INFO">${payload} = {'nome': 'John Smith', 'email': 'john.smith@example.com', 'password': 'P@ssw0rd123', 'administrador': 'false'}</msg>
<status status="PASS" starttime="20230528 01:48:30.563" endtime="20230528 01:48:30.563"/>
</kw>
<kw name="Create Dictionary" library="BuiltIn">
<var>${headers}</var>
<arg>Content-Type=application/json</arg>
<doc>Creates and returns a dictionary based on the given ``items``.</doc>
<msg timestamp="20230528 01:48:30.563" level="INFO">${headers} = {'Content-Type': 'application/json'}</msg>
<status status="PASS" starttime="20230528 01:48:30.563" endtime="20230528 01:48:30.563"/>
</kw>
<kw name="PUT On Session" library="RequestsLibrary">
<var>${response}</var>
<arg>serverest</arg>
<arg>${USERS_API_ENDPOINT}/${USER_ID}</arg>
<arg>json=${payload}</arg>
<arg>headers=${headers}</arg>
<doc>Sends a PUT request on a previously created HTTP Session.</doc>
<msg timestamp="20230528 01:48:30.631" level="INFO">PUT Request : url=https://serverest.dev/usuarios/3yt1tgMazvK3lQen 
 path_url=/usuarios/3yt1tgMazvK3lQen 
 headers={'User-Agent': 'python-requests/2.31.0', 'Accept-Encoding': 'gzip, deflate', 'Accept': '*/*', 'Connection': 'keep-alive', 'Content-Type': 'application/json', 'Content-Length': '110'} 
 body=b'{"nome": "John Smith", "email": "john.smith@example.com", "password": "P@ssw0rd123", "administrador": "false"}' 
 </msg>
<msg timestamp="20230528 01:48:30.631" level="INFO">PUT Response : url=https://serverest.dev/usuarios/3yt1tgMazvK3lQen 
 status=200, reason=OK 
 headers={'access-control-allow-origin': '*', 'x-dns-prefetch-control': 'off', 'x-frame-options': 'SAMEORIGIN', 'strict-transport-security': 'max-age=15552000; includeSubDomains', 'x-download-options': 'noopen', 'x-content-type-options': 'nosniff', 'x-xss-protection': '1; mode=block', 'x-moesif-transaction-id': 'd7af6c02-39f0-4e87-bb33-0ace419c8587', 'content-type': 'application/json; charset=utf-8', 'X-Cloud-Trace-Context': 'e93551b93c09888d40fa6fe56bbc5966', 'Date': 'Sun, 28 May 2023 01:48:30 GMT', 'Server': 'Google Frontend', 'Content-Length': '50'} 
 body={
    "message": "Registro alterado com sucesso"
} 
 </msg>
<msg timestamp="20230528 01:48:30.632" level="INFO">${response} = &lt;Response [200]&gt;</msg>
<status status="PASS" starttime="20230528 01:48:30.564" endtime="20230528 01:48:30.632"/>
</kw>
<kw name="Set Test Variable" library="BuiltIn">
<arg>${response}</arg>
<doc>Makes a variable available everywhere within the scope of the current test.</doc>
<msg timestamp="20230528 01:48:30.632" level="INFO">${response} = &lt;Response [200]&gt;</msg>
<status status="PASS" starttime="20230528 01:48:30.632" endtime="20230528 01:48:30.632"/>
</kw>
<status status="PASS" starttime="20230528 01:48:30.562" endtime="20230528 01:48:30.632"/>
</kw>
<kw name="Then the response status code should be 200" library="test_keywords_users" sourcename="Then the response status code should be ${status_code}">
<kw name="Should Be Equal As Numbers" library="BuiltIn">
<arg>${response.status_code}</arg>
<arg>${status_code}</arg>
<doc>Fails if objects are unequal after converting them to real numbers.</doc>
<msg timestamp="20230528 01:48:30.634" level="INFO">Argument types are:
&lt;class 'int'&gt;
&lt;class 'str'&gt;</msg>
<status status="PASS" starttime="20230528 01:48:30.633" endtime="20230528 01:48:30.634"/>
</kw>
<kw name="Should Be True" library="BuiltIn">
<arg>${response.json()}</arg>
<doc>Fails if the given condition is not true.</doc>
<status status="PASS" starttime="20230528 01:48:30.634" endtime="20230528 01:48:30.635"/>
</kw>
<status status="PASS" starttime="20230528 01:48:30.633" endtime="20230528 01:48:30.635"/>
</kw>
<kw name="And the response body should not be empty" library="test_keywords_users">
<kw name="Should Not Be Empty" library="BuiltIn">
<arg>${response.json()}</arg>
<doc>Verifies that the given item is not empty.</doc>
<msg timestamp="20230528 01:48:30.636" level="INFO">Length is 1</msg>
<status status="PASS" starttime="20230528 01:48:30.636" endtime="20230528 01:48:30.636"/>
</kw>
<status status="PASS" starttime="20230528 01:48:30.635" endtime="20230528 01:48:30.637"/>
</kw>
<tag>api</tag>
<status status="PASS" starttime="20230528 01:48:30.561" endtime="20230528 01:48:30.637"/>
</test>
<test id="s1-s1-s1-t5" name="Scenario: Delete the created user" line="34">
<kw name="Before Tests" library="test_keywords_common" type="SETUP">
<kw name="Create Session" library="RequestsLibrary">
<arg>serverest</arg>
<arg>${SERVER_BASE_URL}</arg>
<arg>disable_warnings=True</arg>
<doc>Create Session: create a HTTP session to a server</doc>
<msg timestamp="20230528 01:48:30.638" level="INFO">Creating Session using : alias=serverest, url=https://serverest.dev, headers={},                     cookies={}, auth=None, timeout=None, proxies=None, verify=False,                     debug=0 </msg>
<status status="PASS" starttime="20230528 01:48:30.638" endtime="20230528 01:48:30.639"/>
</kw>
<status status="PASS" starttime="20230528 01:48:30.638" endtime="20230528 01:48:30.639"/>
</kw>
<kw name="When I delete the created user" library="test_keywords_users">
<kw name="DELETE On Session" library="RequestsLibrary">
<var>${response}</var>
<arg>serverest</arg>
<arg>${USERS_API_ENDPOINT}/${USER_ID}</arg>
<doc>Sends a DELETE request on a previously created HTTP Session.</doc>
<msg timestamp="20230528 01:48:30.703" level="INFO">DELETE Request : url=https://serverest.dev/usuarios/3yt1tgMazvK3lQen 
 path_url=/usuarios/3yt1tgMazvK3lQen 
 headers={'User-Agent': 'python-requests/2.31.0', 'Accept-Encoding': 'gzip, deflate', 'Accept': '*/*', 'Connection': 'keep-alive', 'Content-Length': '0'} 
 body=None 
 </msg>
<msg timestamp="20230528 01:48:30.703" level="INFO">DELETE Response : url=https://serverest.dev/usuarios/3yt1tgMazvK3lQen 
 status=200, reason=OK 
 headers={'access-control-allow-origin': '*', 'x-dns-prefetch-control': 'off', 'x-frame-options': 'SAMEORIGIN', 'strict-transport-security': 'max-age=15552000; includeSubDomains', 'x-download-options': 'noopen', 'x-content-type-options': 'nosniff', 'x-xss-protection': '1; mode=block', 'x-moesif-transaction-id': 'ec7a80c7-430d-4bc7-9d34-feedcdd441ee', 'content-type': 'application/json; charset=utf-8', 'X-Cloud-Trace-Context': '9cf9308454013d8bb5d90647d359271b', 'Date': 'Sun, 28 May 2023 01:48:30 GMT', 'Server': 'Google Frontend', 'Content-Length': '51'} 
 body={
    "message": "Registro excluído com sucesso"
} 
 </msg>
<msg timestamp="20230528 01:48:30.704" level="INFO">${response} = &lt;Response [200]&gt;</msg>
<status status="PASS" starttime="20230528 01:48:30.639" endtime="20230528 01:48:30.704"/>
</kw>
<kw name="Set Test Variable" library="BuiltIn">
<arg>${response}</arg>
<doc>Makes a variable available everywhere within the scope of the current test.</doc>
<msg timestamp="20230528 01:48:30.704" level="INFO">${response} = &lt;Response [200]&gt;</msg>
<status status="PASS" starttime="20230528 01:48:30.704" endtime="20230528 01:48:30.704"/>
</kw>
<status status="PASS" starttime="20230528 01:48:30.639" endtime="20230528 01:48:30.704"/>
</kw>
<kw name="Then the response status code should be 200" library="test_keywords_users" sourcename="Then the response status code should be ${status_code}">
<kw name="Should Be Equal As Numbers" library="BuiltIn">
<arg>${response.status_code}</arg>
<arg>${status_code}</arg>
<doc>Fails if objects are unequal after converting them to real numbers.</doc>
<msg timestamp="20230528 01:48:30.706" level="INFO">Argument types are:
&lt;class 'int'&gt;
&lt;class 'str'&gt;</msg>
<status status="PASS" starttime="20230528 01:48:30.705" endtime="20230528 01:48:30.706"/>
</kw>
<kw name="Should Be True" library="BuiltIn">
<arg>${response.json()}</arg>
<doc>Fails if the given condition is not true.</doc>
<status status="PASS" starttime="20230528 01:48:30.706" endtime="20230528 01:48:30.707"/>
</kw>
<status status="PASS" starttime="20230528 01:48:30.705" endtime="20230528 01:48:30.707"/>
</kw>
<kw name="And the response body should not be empty" library="test_keywords_users">
<kw name="Should Not Be Empty" library="BuiltIn">
<arg>${response.json()}</arg>
<doc>Verifies that the given item is not empty.</doc>
<msg timestamp="20230528 01:48:30.708" level="INFO">Length is 1</msg>
<status status="PASS" starttime="20230528 01:48:30.708" endtime="20230528 01:48:30.708"/>
</kw>
<status status="PASS" starttime="20230528 01:48:30.707" endtime="20230528 01:48:30.708"/>
</kw>
<tag>api</tag>
<status status="PASS" starttime="20230528 01:48:30.637" endtime="20230528 01:48:30.708"/>
</test>
<status status="PASS" starttime="20230528 01:48:29.655" endtime="20230528 01:48:30.710"/>
</suite>
<status status="PASS" starttime="20230528 01:48:29.654" endtime="20230528 01:48:30.711"/>
</suite>
<suite id="s1-s2" name="Ui" source="/home/runner/work/gen-ai-robot-test/gen-ai-robot-test/tests/ui">
<suite id="s1-s2-s1" name="Test Ui Signup" source="/home/runner/work/gen-ai-robot-test/gen-ai-robot-test/tests/ui/test_ui_signup.robot">
<test id="s1-s2-s1-t1" name="Scenario: Signup with empty fields" line="10">
<kw name="Before Tests" library="test_keywords_common" type="SETUP">
<kw name="Open Browser" library="SeleniumLibrary">
<arg>${SERVER_BASE_URL}</arg>
<arg>${HEADLESS} ${BROWSER}</arg>
<doc>Opens a new browser instance to the optional ``url``.</doc>
<msg timestamp="20230528 01:48:30.722" level="INFO">Opening browser 'headless Chrome' to base url 'https://front.serverest.dev/'.</msg>
<status status="PASS" starttime="20230528 01:48:30.721" endtime="20230528 01:48:33.261"/>
</kw>
<kw name="Maximize Browser Window" library="SeleniumLibrary">
<doc>Maximizes current browser window.</doc>
<status status="PASS" starttime="20230528 01:48:33.262" endtime="20230528 01:48:33.400"/>
</kw>
<status status="PASS" starttime="20230528 01:48:30.721" endtime="20230528 01:48:33.400"/>
</kw>
<kw name="Given Im on the signup page" library="test_keywords_signup">
<kw name="Location Should Be" library="SeleniumLibrary">
<arg>https://front.serverest.dev/login</arg>
<doc>Verifies that the current URL is exactly ``url``.</doc>
<msg timestamp="20230528 01:48:33.433" level="INFO">Current location is 'https://front.serverest.dev/login'.</msg>
<status status="PASS" starttime="20230528 01:48:33.401" endtime="20230528 01:48:33.433"/>
</kw>
<kw name="Click Element" library="SeleniumLibrary">
<arg>css=a.btn.btn-link</arg>
<doc>Click the element identified by ``locator``.</doc>
<msg timestamp="20230528 01:48:33.434" level="INFO">Clicking element 'css=a.btn.btn-link'.</msg>
<status status="PASS" starttime="20230528 01:48:33.433" endtime="20230528 01:48:33.513"/>
</kw>
<status status="PASS" starttime="20230528 01:48:33.400" endtime="20230528 01:48:33.514"/>
</kw>
<kw name="When I click in signup" library="test_keywords_signup">
<kw name="Click Button" library="SeleniumLibrary">
<arg>css=.btn.btn-primary</arg>
<doc>Clicks the button identified by ``locator``.</doc>
<msg timestamp="20230528 01:48:33.515" level="INFO">Clicking button 'css=.btn.btn-primary'.</msg>
<status status="PASS" starttime="20230528 01:48:33.514" endtime="20230528 01:48:33.583"/>
</kw>
<status status="PASS" starttime="20230528 01:48:33.514" endtime="20230528 01:48:33.583"/>
</kw>
<kw name="Then required field messages should be displayed" library="test_keywords_signup">
<kw name="Wait Until Element Is Visible" library="SeleniumLibrary">
<arg>css=.alert-dismissible</arg>
<arg>timeout=10s</arg>
<doc>Waits until the element ``locator`` is visible.</doc>
<status status="PASS" starttime="20230528 01:48:33.584" endtime="20230528 01:48:33.819"/>
</kw>
<kw name="Element Should Be Visible" library="SeleniumLibrary">
<arg>css=.alert-dismissible</arg>
<doc>Verifies that the element identified by ``locator`` is visible.</doc>
<msg timestamp="20230528 01:48:33.837" level="INFO">Element 'css=.alert-dismissible' is displayed.</msg>
<status status="PASS" starttime="20230528 01:48:33.819" endtime="20230528 01:48:33.837"/>
</kw>
<kw name="Page Should Contain" library="SeleniumLibrary">
<arg>Nome é obrigatório</arg>
<doc>Verifies that current page contains ``text``.</doc>
<msg timestamp="20230528 01:48:33.857" level="INFO">Current page contains text 'Nome é obrigatório'.</msg>
<status status="PASS" starttime="20230528 01:48:33.837" endtime="20230528 01:48:33.857"/>
</kw>
<kw name="Page Should Contain" library="SeleniumLibrary">
<arg>Email é obrigatório</arg>
<doc>Verifies that current page contains ``text``.</doc>
<msg timestamp="20230528 01:48:33.871" level="INFO">Current page contains text 'Email é obrigatório'.</msg>
<status status="PASS" starttime="20230528 01:48:33.858" endtime="20230528 01:48:33.871"/>
</kw>
<kw name="Page Should Contain" library="SeleniumLibrary">
<arg>Password é obrigatório</arg>
<doc>Verifies that current page contains ``text``.</doc>
<msg timestamp="20230528 01:48:33.884" level="INFO">Current page contains text 'Password é obrigatório'.</msg>
<status status="PASS" starttime="20230528 01:48:33.871" endtime="20230528 01:48:33.884"/>
</kw>
<status status="PASS" starttime="20230528 01:48:33.583" endtime="20230528 01:48:33.884"/>
</kw>
<kw name="After Tests" library="test_keywords_common" type="TEARDOWN">
<kw name="Close Browser" library="SeleniumLibrary">
<doc>Closes the current browser.</doc>
<status status="PASS" starttime="20230528 01:48:33.885" endtime="20230528 01:48:33.941"/>
</kw>
<status status="PASS" starttime="20230528 01:48:33.885" endtime="20230528 01:48:33.941"/>
</kw>
<tag>ui</tag>
<status status="PASS" starttime="20230528 01:48:30.720" endtime="20230528 01:48:33.941"/>
</test>
<test id="s1-s2-s1-t2" name="Scenario: Signup done successfully" line="16">
<kw name="Before Tests" library="test_keywords_common" type="SETUP">
<kw name="Open Browser" library="SeleniumLibrary">
<arg>${SERVER_BASE_URL}</arg>
<arg>${HEADLESS} ${BROWSER}</arg>
<doc>Opens a new browser instance to the optional ``url``.</doc>
<msg timestamp="20230528 01:48:33.943" level="INFO">Opening browser 'headless Chrome' to base url 'https://front.serverest.dev/'.</msg>
<status status="PASS" starttime="20230528 01:48:33.942" endtime="20230528 01:48:35.233"/>
</kw>
<kw name="Maximize Browser Window" library="SeleniumLibrary">
<doc>Maximizes current browser window.</doc>
<status status="PASS" starttime="20230528 01:48:35.233" endtime="20230528 01:48:35.362"/>
</kw>
<status status="PASS" starttime="20230528 01:48:33.942" endtime="20230528 01:48:35.362"/>
</kw>
<kw name="Given Im on the signup page" library="test_keywords_signup">
<kw name="Location Should Be" library="SeleniumLibrary">
<arg>https://front.serverest.dev/login</arg>
<doc>Verifies that the current URL is exactly ``url``.</doc>
<msg timestamp="20230528 01:48:35.367" level="INFO">Current location is 'https://front.serverest.dev/login'.</msg>
<status status="PASS" starttime="20230528 01:48:35.363" endtime="20230528 01:48:35.367"/>
</kw>
<kw name="Click Element" library="SeleniumLibrary">
<arg>css=a.btn.btn-link</arg>
<doc>Click the element identified by ``locator``.</doc>
<msg timestamp="20230528 01:48:35.368" level="INFO">Clicking element 'css=a.btn.btn-link'.</msg>
<status status="PASS" starttime="20230528 01:48:35.368" endtime="20230528 01:48:35.421"/>
</kw>
<status status="PASS" starttime="20230528 01:48:35.362" endtime="20230528 01:48:35.421"/>
</kw>
<kw name="And I fill in the signup fields with valid data" library="test_keywords_signup">
<kw name="Name" library="FakerLibrary">
<var>${name}</var>
<doc>:example 'John Doe'</doc>
<msg timestamp="20230528 01:48:35.423" level="INFO">${name} = John Marshall</msg>
<status status="PASS" starttime="20230528 01:48:35.422" endtime="20230528 01:48:35.423"/>
</kw>
<kw name="Email" library="FakerLibrary">
<var>${email}</var>
<msg timestamp="20230528 01:48:35.423" level="INFO">${email} = michaeljones@example.org</msg>
<status status="PASS" starttime="20230528 01:48:35.423" endtime="20230528 01:48:35.423"/>
</kw>
<kw name="Password" library="FakerLibrary">
<var>${password}</var>
<arg>length=12</arg>
<arg>special_chars=False</arg>
<doc>Generate a random password of the specified ``length``.</doc>
<msg timestamp="20230528 01:48:35.424" level="INFO">${password} = zmH85NHP9WNy</msg>
<status status="PASS" starttime="20230528 01:48:35.423" endtime="20230528 01:48:35.424"/>
</kw>
<kw name="Input Text" library="SeleniumLibrary">
<arg>id:nome</arg>
<arg>${name}</arg>
<doc>Types the given ``text`` into the text field identified by ``locator``.</doc>
<msg timestamp="20230528 01:48:35.425" level="INFO">Typing text 'John Marshall' into text field 'id:nome'.</msg>
<status status="PASS" starttime="20230528 01:48:35.424" endtime="20230528 01:48:35.548"/>
</kw>
<kw name="Input Text" library="SeleniumLibrary">
<arg>id:email</arg>
<arg>${email}</arg>
<doc>Types the given ``text`` into the text field identified by ``locator``.</doc>
<msg timestamp="20230528 01:48:35.549" level="INFO">Typing text 'michaeljones@example.org' into text field 'id:email'.</msg>
<status status="PASS" starttime="20230528 01:48:35.549" endtime="20230528 01:48:35.667"/>
</kw>
<kw name="Input Text" library="SeleniumLibrary">
<arg>id:password</arg>
<arg>${password}</arg>
<doc>Types the given ``text`` into the text field identified by ``locator``.</doc>
<msg timestamp="20230528 01:48:35.668" level="INFO">Typing text 'zmH85NHP9WNy' into text field 'id:password'.</msg>
<status status="PASS" starttime="20230528 01:48:35.667" endtime="20230528 01:48:35.760"/>
</kw>
<kw name="Select Checkbox" library="SeleniumLibrary">
<arg>id=administrador</arg>
<doc>Selects the checkbox identified by ``locator``.</doc>
<msg timestamp="20230528 01:48:35.761" level="INFO">Selecting checkbox 'id=administrador'.</msg>
<status status="PASS" starttime="20230528 01:48:35.760" endtime="20230528 01:48:35.832"/>
</kw>
<kw name="Set Suite Variable" library="BuiltIn">
<arg>${name}</arg>
<doc>Makes a variable available everywhere within the scope of the current suite.</doc>
<msg timestamp="20230528 01:48:35.833" level="INFO">${name} = John Marshall</msg>
<status status="PASS" starttime="20230528 01:48:35.833" endtime="20230528 01:48:35.833"/>
</kw>
<kw name="Set Suite Variable" library="BuiltIn">
<arg>${email}</arg>
<doc>Makes a variable available everywhere within the scope of the current suite.</doc>
<msg timestamp="20230528 01:48:35.834" level="INFO">${email} = michaeljones@example.org</msg>
<status status="PASS" starttime="20230528 01:48:35.833" endtime="20230528 01:48:35.834"/>
</kw>
<kw name="Set Suite Variable" library="BuiltIn">
<arg>${password}</arg>
<doc>Makes a variable available everywhere within the scope of the current suite.</doc>
<msg timestamp="20230528 01:48:35.834" level="INFO">${password} = zmH85NHP9WNy</msg>
<status status="PASS" starttime="20230528 01:48:35.834" endtime="20230528 01:48:35.834"/>
</kw>
<status status="PASS" starttime="20230528 01:48:35.422" endtime="20230528 01:48:35.834"/>
</kw>
<kw name="When I click in signup" library="test_keywords_signup">
<kw name="Click Button" library="SeleniumLibrary">
<arg>css=.btn.btn-primary</arg>
<doc>Clicks the button identified by ``locator``.</doc>
<msg timestamp="20230528 01:48:35.835" level="INFO">Clicking button 'css=.btn.btn-primary'.</msg>
<status status="PASS" starttime="20230528 01:48:35.834" endtime="20230528 01:48:35.894"/>
</kw>
<status status="PASS" starttime="20230528 01:48:35.834" endtime="20230528 01:48:35.894"/>
</kw>
<kw name="Then the page should contain the text &quot;Cadastro realizado com sucesso&quot;" library="test_keywords_signup" sourcename="Then the page should contain the text &quot;${expected_text}&quot;">
<kw name="Wait Until Element Is Visible" library="SeleniumLibrary">
<arg>css=.alert-dismissible</arg>
<arg>timeout=10s</arg>
<doc>Waits until the element ``locator`` is visible.</doc>
<status status="PASS" starttime="20230528 01:48:35.894" endtime="20230528 01:48:36.130"/>
</kw>
<kw name="Element Should Be Visible" library="SeleniumLibrary">
<arg>css=.alert-dismissible</arg>
<doc>Verifies that the element identified by ``locator`` is visible.</doc>
<msg timestamp="20230528 01:48:36.149" level="INFO">Element 'css=.alert-dismissible' is displayed.</msg>
<status status="PASS" starttime="20230528 01:48:36.131" endtime="20230528 01:48:36.149"/>
</kw>
<kw name="Page Should Contain" library="SeleniumLibrary">
<arg>${expected_text}</arg>
<doc>Verifies that current page contains ``text``.</doc>
<msg timestamp="20230528 01:48:36.162" level="INFO">Current page contains text 'Cadastro realizado com sucesso'.</msg>
<status status="PASS" starttime="20230528 01:48:36.150" endtime="20230528 01:48:36.163"/>
</kw>
<status status="PASS" starttime="20230528 01:48:35.894" endtime="20230528 01:48:36.163"/>
</kw>
<kw name="After Tests" library="test_keywords_common" type="TEARDOWN">
<kw name="Close Browser" library="SeleniumLibrary">
<doc>Closes the current browser.</doc>
<status status="PASS" starttime="20230528 01:48:36.163" endtime="20230528 01:48:36.218"/>
</kw>
<status status="PASS" starttime="20230528 01:48:36.163" endtime="20230528 01:48:36.218"/>
</kw>
<tag>ui</tag>
<status status="PASS" starttime="20230528 01:48:33.941" endtime="20230528 01:48:36.218"/>
</test>
<test id="s1-s2-s1-t3" name="Scenario: Signup with already used email" line="23">
<kw name="Before Tests" library="test_keywords_common" type="SETUP">
<kw name="Open Browser" library="SeleniumLibrary">
<arg>${SERVER_BASE_URL}</arg>
<arg>${HEADLESS} ${BROWSER}</arg>
<doc>Opens a new browser instance to the optional ``url``.</doc>
<msg timestamp="20230528 01:48:36.220" level="INFO">Opening browser 'headless Chrome' to base url 'https://front.serverest.dev/'.</msg>
<status status="PASS" starttime="20230528 01:48:36.220" endtime="20230528 01:48:37.543"/>
</kw>
<kw name="Maximize Browser Window" library="SeleniumLibrary">
<doc>Maximizes current browser window.</doc>
<status status="PASS" starttime="20230528 01:48:37.543" endtime="20230528 01:48:37.663"/>
</kw>
<status status="PASS" starttime="20230528 01:48:36.219" endtime="20230528 01:48:37.663"/>
</kw>
<kw name="Given Im on the signup page" library="test_keywords_signup">
<kw name="Location Should Be" library="SeleniumLibrary">
<arg>https://front.serverest.dev/login</arg>
<doc>Verifies that the current URL is exactly ``url``.</doc>
<msg timestamp="20230528 01:48:37.669" level="INFO">Current location is 'https://front.serverest.dev/login'.</msg>
<status status="PASS" starttime="20230528 01:48:37.664" endtime="20230528 01:48:37.669"/>
</kw>
<kw name="Click Element" library="SeleniumLibrary">
<arg>css=a.btn.btn-link</arg>
<doc>Click the element identified by ``locator``.</doc>
<msg timestamp="20230528 01:48:37.670" level="INFO">Clicking element 'css=a.btn.btn-link'.</msg>
<status status="PASS" starttime="20230528 01:48:37.670" endtime="20230528 01:48:37.724"/>
</kw>
<status status="PASS" starttime="20230528 01:48:37.664" endtime="20230528 01:48:37.724"/>
</kw>
<kw name="And I fill in the signup fields with an email already registered" library="test_keywords_signup">
<kw name="Input Text" library="SeleniumLibrary">
<arg>id:nome</arg>
<arg>${name}</arg>
<doc>Types the given ``text`` into the text field identified by ``locator``.</doc>
<msg timestamp="20230528 01:48:37.725" level="INFO">Typing text 'John Marshall' into text field 'id:nome'.</msg>
<status status="PASS" starttime="20230528 01:48:37.725" endtime="20230528 01:48:37.848"/>
</kw>
<kw name="Input Text" library="SeleniumLibrary">
<arg>id:email</arg>
<arg>${email}</arg>
<doc>Types the given ``text`` into the text field identified by ``locator``.</doc>
<msg timestamp="20230528 01:48:37.849" level="INFO">Typing text 'michaeljones@example.org' into text field 'id:email'.</msg>
<status status="PASS" starttime="20230528 01:48:37.849" endtime="20230528 01:48:37.967"/>
</kw>
<kw name="Input Text" library="SeleniumLibrary">
<arg>id:password</arg>
<arg>${password}</arg>
<doc>Types the given ``text`` into the text field identified by ``locator``.</doc>
<msg timestamp="20230528 01:48:37.968" level="INFO">Typing text 'zmH85NHP9WNy' into text field 'id:password'.</msg>
<status status="PASS" starttime="20230528 01:48:37.967" endtime="20230528 01:48:38.062"/>
</kw>
<kw name="Select Checkbox" library="SeleniumLibrary">
<arg>id=administrador</arg>
<doc>Selects the checkbox identified by ``locator``.</doc>
<msg timestamp="20230528 01:48:38.063" level="INFO">Selecting checkbox 'id=administrador'.</msg>
<status status="PASS" starttime="20230528 01:48:38.062" endtime="20230528 01:48:38.144"/>
</kw>
<status status="PASS" starttime="20230528 01:48:37.724" endtime="20230528 01:48:38.145"/>
</kw>
<kw name="When I click in signup" library="test_keywords_signup">
<kw name="Click Button" library="SeleniumLibrary">
<arg>css=.btn.btn-primary</arg>
<doc>Clicks the button identified by ``locator``.</doc>
<msg timestamp="20230528 01:48:38.146" level="INFO">Clicking button 'css=.btn.btn-primary'.</msg>
<status status="PASS" starttime="20230528 01:48:38.145" endtime="20230528 01:48:38.207"/>
</kw>
<status status="PASS" starttime="20230528 01:48:38.145" endtime="20230528 01:48:38.207"/>
</kw>
<kw name="Then the page should contain the text &quot;Este email já está sendo usado&quot;" library="test_keywords_signup" sourcename="Then the page should contain the text &quot;${expected_text}&quot;">
<kw name="Wait Until Element Is Visible" library="SeleniumLibrary">
<arg>css=.alert-dismissible</arg>
<arg>timeout=10s</arg>
<doc>Waits until the element ``locator`` is visible.</doc>
<status status="PASS" starttime="20230528 01:48:38.208" endtime="20230528 01:48:38.440"/>
</kw>
<kw name="Element Should Be Visible" library="SeleniumLibrary">
<arg>css=.alert-dismissible</arg>
<doc>Verifies that the element identified by ``locator`` is visible.</doc>
<msg timestamp="20230528 01:48:38.460" level="INFO">Element 'css=.alert-dismissible' is displayed.</msg>
<status status="PASS" starttime="20230528 01:48:38.441" endtime="20230528 01:48:38.460"/>
</kw>
<kw name="Page Should Contain" library="SeleniumLibrary">
<arg>${expected_text}</arg>
<doc>Verifies that current page contains ``text``.</doc>
<msg timestamp="20230528 01:48:38.473" level="INFO">Current page contains text 'Este email já está sendo usado'.</msg>
<status status="PASS" starttime="20230528 01:48:38.460" endtime="20230528 01:48:38.473"/>
</kw>
<status status="PASS" starttime="20230528 01:48:38.208" endtime="20230528 01:48:38.473"/>
</kw>
<kw name="After Tests" library="test_keywords_common" type="TEARDOWN">
<kw name="Close Browser" library="SeleniumLibrary">
<doc>Closes the current browser.</doc>
<status status="PASS" starttime="20230528 01:48:38.474" endtime="20230528 01:48:38.528"/>
</kw>
<status status="PASS" starttime="20230528 01:48:38.474" endtime="20230528 01:48:38.528"/>
</kw>
<tag>ui</tag>
<status status="PASS" starttime="20230528 01:48:36.219" endtime="20230528 01:48:38.528"/>
</test>
<status status="PASS" starttime="20230528 01:48:30.713" endtime="20230528 01:48:38.529"/>
</suite>
<status status="PASS" starttime="20230528 01:48:30.711" endtime="20230528 01:48:38.531"/>
</suite>
<status status="PASS" starttime="20230528 01:48:29.635" endtime="20230528 01:48:38.531"/>
</suite>
<statistics>
<total>
<stat pass="8" fail="0" skip="0">All Tests</stat>
</total>
<tag>
<stat pass="5" fail="0" skip="0">api</stat>
<stat pass="3" fail="0" skip="0">ui</stat>
</tag>
<suite>
<stat pass="8" fail="0" skip="0" id="s1" name="Tests">Tests</stat>
<stat pass="5" fail="0" skip="0" id="s1-s1" name="Api">Tests.Api</stat>
<stat pass="5" fail="0" skip="0" id="s1-s1-s1" name="Test Api Users">Tests.Api.Test Api Users</stat>
<stat pass="3" fail="0" skip="0" id="s1-s2" name="Ui">Tests.Ui</stat>
<stat pass="3" fail="0" skip="0" id="s1-s2-s1" name="Test Ui Signup">Tests.Ui.Test Ui Signup</stat>
</suite>
</statistics>
<errors>
</errors>
</robot>
