<?xml version="1.0" encoding="UTF-8"?>
<robot generator="Robot 6.0.2 (Python 3.8.16 on linux)" generated="20230523 14:56:48.641" rpa="false" schemaversion="3">
<suite id="s1" name="Tests" source="/home/runner/work/gen-ai-robot-test/gen-ai-robot-test/tests">
<suite id="s1-s1" name="Api" source="/home/runner/work/gen-ai-robot-test/gen-ai-robot-test/tests/api">
<suite id="s1-s1-s1" name="Test Api Users" source="/home/runner/work/gen-ai-robot-test/gen-ai-robot-test/tests/api/test_api_users.robot">
<test id="s1-s1-s1-t1" name="Scenario: Get all registered users" line="9">
<kw name="Before Tests" library="test_keywords_common" type="SETUP">
<kw name="Create Session" library="RequestsLibrary">
<arg>serverest</arg>
<arg>${SERVER_BASE_URL}</arg>
<arg>disable_warnings=True</arg>
<doc>Create Session: create a HTTP session to a server</doc>
<msg timestamp="20230523 14:56:49.130" level="INFO">Creating Session using : alias=serverest, url=https://serverest.dev, headers={},                     cookies={}, auth=None, timeout=None, proxies=None, verify=False,                     debug=0 </msg>
<status status="PASS" starttime="20230523 14:56:49.130" endtime="20230523 14:56:49.130"/>
</kw>
<status status="PASS" starttime="20230523 14:56:49.129" endtime="20230523 14:56:49.130"/>
</kw>
<kw name="When I request the list of all registered users" library="test_keywords_users">
<kw name="GET On Session" library="RequestsLibrary">
<var>${response}</var>
<arg>serverest</arg>
<arg>${USERS_API_ENDPOINT}</arg>
<doc>Sends a GET request on a previously created HTTP Session.</doc>
<msg timestamp="20230523 14:56:53.467" level="INFO">GET Request : url=https://serverest.dev/usuarios 
 path_url=/usuarios 
 headers={'User-Agent': 'python-requests/2.31.0', 'Accept-Encoding': 'gzip, deflate', 'Accept': '*/*', 'Connection': 'keep-alive'} 
 body=None 
 </msg>
<msg timestamp="20230523 14:56:53.467" level="INFO">GET Response : url=https://serverest.dev/usuarios 
 status=200, reason=OK 
 headers={'access-control-allow-origin': '*', 'x-dns-prefetch-control': 'off', 'x-frame-options': 'SAMEORIGIN', 'strict-transport-security': 'max-age=15552000; includeSubDomains', 'x-download-options': 'noopen', 'x-content-type-options': 'nosniff', 'x-xss-protection': '1; mode=block', 'x-moesif-transaction-id': '1eb26a8c-cda8-45c2-8a8d-2737ef7300f4', 'content-type': 'application/json; charset=utf-8', 'X-Cloud-Trace-Context': '9886827e36f62393bc75ddf2a901fed5;o=1', 'Date': 'Tue, 23 May 2023 14:56:53 GMT', 'Server': 'Google Frontend', 'Content-Length': '253'} 
 body={
    "quantidade": 1,
    "usuarios": [
        {
            "nome": "Fulano da Silva",
            "email": "fulano@qa.com",
            "password": "teste",
            "administrador": "true",
            "_id": "0uxuPY0cbmQhpEz1"
        }
    ]
} 
 </msg>
<msg timestamp="20230523 14:56:53.467" level="INFO">${response} = &lt;Response [200]&gt;</msg>
<status status="PASS" starttime="20230523 14:56:49.131" endtime="20230523 14:56:53.468"/>
</kw>
<kw name="Set Test Variable" library="BuiltIn">
<arg>${response}</arg>
<doc>Makes a variable available everywhere within the scope of the current test.</doc>
<msg timestamp="20230523 14:56:53.468" level="INFO">${response} = &lt;Response [200]&gt;</msg>
<status status="PASS" starttime="20230523 14:56:53.468" endtime="20230523 14:56:53.468"/>
</kw>
<status status="PASS" starttime="20230523 14:56:49.130" endtime="20230523 14:56:53.468"/>
</kw>
<kw name="Then the response status code should be 200" library="test_keywords_users" sourcename="Then the response status code should be ${status_code}">
<kw name="Should Be Equal As Numbers" library="BuiltIn">
<arg>${response.status_code}</arg>
<arg>${status_code}</arg>
<doc>Fails if objects are unequal after converting them to real numbers.</doc>
<msg timestamp="20230523 14:56:53.470" level="INFO">Argument types are:
&lt;class 'int'&gt;
&lt;class 'str'&gt;</msg>
<status status="PASS" starttime="20230523 14:56:53.469" endtime="20230523 14:56:53.470"/>
</kw>
<kw name="Should Be True" library="BuiltIn">
<arg>${response.json()}</arg>
<doc>Fails if the given condition is not true.</doc>
<status status="PASS" starttime="20230523 14:56:53.470" endtime="20230523 14:56:53.470"/>
</kw>
<status status="PASS" starttime="20230523 14:56:53.469" endtime="20230523 14:56:53.471"/>
</kw>
<kw name="And the response body should not be empty" library="test_keywords_users">
<kw name="Should Not Be Empty" library="BuiltIn">
<arg>${response.json()}</arg>
<doc>Verifies that the given item is not empty.</doc>
<msg timestamp="20230523 14:56:53.471" level="INFO">Length is 2</msg>
<status status="PASS" starttime="20230523 14:56:53.471" endtime="20230523 14:56:53.472"/>
</kw>
<status status="PASS" starttime="20230523 14:56:53.471" endtime="20230523 14:56:53.472"/>
</kw>
<tag>api</tag>
<status status="PASS" starttime="20230523 14:56:49.128" endtime="20230523 14:56:53.472"/>
</test>
<test id="s1-s1-s1-t2" name="Scenario: Create a new user" line="15">
<kw name="Before Tests" library="test_keywords_common" type="SETUP">
<kw name="Create Session" library="RequestsLibrary">
<arg>serverest</arg>
<arg>${SERVER_BASE_URL}</arg>
<arg>disable_warnings=True</arg>
<doc>Create Session: create a HTTP session to a server</doc>
<msg timestamp="20230523 14:56:53.473" level="INFO">Creating Session using : alias=serverest, url=https://serverest.dev, headers={},                     cookies={}, auth=None, timeout=None, proxies=None, verify=False,                     debug=0 </msg>
<status status="PASS" starttime="20230523 14:56:53.473" endtime="20230523 14:56:53.474"/>
</kw>
<status status="PASS" starttime="20230523 14:56:53.473" endtime="20230523 14:56:53.474"/>
</kw>
<kw name="Given I have a valid user data" library="test_keywords_users">
<kw name="Name" library="FakerLibrary">
<var>${name}</var>
<doc>:example 'John Doe'</doc>
<msg timestamp="20230523 14:56:53.475" level="INFO">${name} = Debra Collins</msg>
<status status="PASS" starttime="20230523 14:56:53.474" endtime="20230523 14:56:53.475"/>
</kw>
<kw name="Email" library="FakerLibrary">
<var>${email}</var>
<msg timestamp="20230523 14:56:53.475" level="INFO">${email} = elong@example.net</msg>
<status status="PASS" starttime="20230523 14:56:53.475" endtime="20230523 14:56:53.475"/>
</kw>
<kw name="Password" library="FakerLibrary">
<var>${password}</var>
<arg>length=12</arg>
<arg>special_chars=False</arg>
<doc>Generate a random password of the specified ``length``.</doc>
<msg timestamp="20230523 14:56:53.475" level="INFO">${password} = 2KhyS8C9HUGG</msg>
<status status="PASS" starttime="20230523 14:56:53.475" endtime="20230523 14:56:53.476"/>
</kw>
<kw name="Set Suite Variable" library="BuiltIn">
<arg>${name}</arg>
<doc>Makes a variable available everywhere within the scope of the current suite.</doc>
<msg timestamp="20230523 14:56:53.476" level="INFO">${name} = Debra Collins</msg>
<status status="PASS" starttime="20230523 14:56:53.476" endtime="20230523 14:56:53.476"/>
</kw>
<kw name="Set Suite Variable" library="BuiltIn">
<arg>${email}</arg>
<doc>Makes a variable available everywhere within the scope of the current suite.</doc>
<msg timestamp="20230523 14:56:53.476" level="INFO">${email} = elong@example.net</msg>
<status status="PASS" starttime="20230523 14:56:53.476" endtime="20230523 14:56:53.476"/>
</kw>
<kw name="Set Suite Variable" library="BuiltIn">
<arg>${password}</arg>
<doc>Makes a variable available everywhere within the scope of the current suite.</doc>
<msg timestamp="20230523 14:56:53.477" level="INFO">${password} = 2KhyS8C9HUGG</msg>
<status status="PASS" starttime="20230523 14:56:53.476" endtime="20230523 14:56:53.477"/>
</kw>
<status status="PASS" starttime="20230523 14:56:53.474" endtime="20230523 14:56:53.477"/>
</kw>
<kw name="When I create the user" library="test_keywords_users">
<kw name="Create Dictionary" library="BuiltIn">
<var>${payload}</var>
<arg>nome=${name}</arg>
<arg>email=${email}</arg>
<arg>password=${password}</arg>
<arg>administrador=false</arg>
<doc>Creates and returns a dictionary based on the given ``items``.</doc>
<msg timestamp="20230523 14:56:53.478" level="INFO">${payload} = {'nome': 'Debra Collins', 'email': 'elong@example.net', 'password': '2KhyS8C9HUGG', 'administrador': 'false'}</msg>
<status status="PASS" starttime="20230523 14:56:53.477" endtime="20230523 14:56:53.478"/>
</kw>
<kw name="Create Dictionary" library="BuiltIn">
<var>${headers}</var>
<arg>Content-Type=application/json</arg>
<doc>Creates and returns a dictionary based on the given ``items``.</doc>
<msg timestamp="20230523 14:56:53.478" level="INFO">${headers} = {'Content-Type': 'application/json'}</msg>
<status status="PASS" starttime="20230523 14:56:53.478" endtime="20230523 14:56:53.478"/>
</kw>
<kw name="POST On Session" library="RequestsLibrary">
<var>${response}</var>
<arg>serverest</arg>
<arg>${USERS_API_ENDPOINT}</arg>
<arg>json=${payload}</arg>
<arg>headers=${headers}</arg>
<doc>Sends a POST request on a previously created HTTP Session.</doc>
<msg timestamp="20230523 14:56:53.572" level="INFO">POST Request : url=https://serverest.dev/usuarios 
 path_url=/usuarios 
 headers={'User-Agent': 'python-requests/2.31.0', 'Accept-Encoding': 'gzip, deflate', 'Accept': '*/*', 'Connection': 'keep-alive', 'Content-Type': 'application/json', 'Content-Length': '109'} 
 body=b'{"nome": "Debra Collins", "email": "elong@example.net", "password": "2KhyS8C9HUGG", "administrador": "false"}' 
 </msg>
<msg timestamp="20230523 14:56:53.572" level="INFO">POST Response : url=https://serverest.dev/usuarios 
 status=201, reason=Created 
 headers={'access-control-allow-origin': '*', 'x-dns-prefetch-control': 'off', 'x-frame-options': 'SAMEORIGIN', 'strict-transport-security': 'max-age=15552000; includeSubDomains', 'x-download-options': 'noopen', 'x-content-type-options': 'nosniff', 'x-xss-protection': '1; mode=block', 'x-moesif-transaction-id': '97577b56-4c4a-4d72-8cd7-8562fb69a3c7', 'content-type': 'application/json; charset=utf-8', 'X-Cloud-Trace-Context': '0be80bb260ed975688847f1f2d204da8', 'Date': 'Tue, 23 May 2023 14:56:53 GMT', 'Server': 'Google Frontend', 'Content-Length': '82'} 
 body={
    "message": "Cadastro realizado com sucesso",
    "_id": "0wqiJHtddCNgKhX1"
} 
 </msg>
<msg timestamp="20230523 14:56:53.572" level="INFO">${response} = &lt;Response [201]&gt;</msg>
<status status="PASS" starttime="20230523 14:56:53.478" endtime="20230523 14:56:53.572"/>
</kw>
<kw name="Set Variable" library="BuiltIn">
<var>${user_id}</var>
<arg>${response.json()['_id']}</arg>
<doc>Returns the given values which can then be assigned to a variables.</doc>
<msg timestamp="20230523 14:56:53.574" level="INFO">${user_id} = 0wqiJHtddCNgKhX1</msg>
<status status="PASS" starttime="20230523 14:56:53.573" endtime="20230523 14:56:53.574"/>
</kw>
<kw name="Set Global Variable" library="BuiltIn">
<arg>${USER_ID}</arg>
<arg>${user_id}</arg>
<doc>Makes a variable available globally in all tests and suites.</doc>
<msg timestamp="20230523 14:56:53.574" level="INFO">${USER_ID} = 0wqiJHtddCNgKhX1</msg>
<status status="PASS" starttime="20230523 14:56:53.574" endtime="20230523 14:56:53.574"/>
</kw>
<kw name="Set Test Variable" library="BuiltIn">
<arg>${response}</arg>
<doc>Makes a variable available everywhere within the scope of the current test.</doc>
<msg timestamp="20230523 14:56:53.575" level="INFO">${response} = &lt;Response [201]&gt;</msg>
<status status="PASS" starttime="20230523 14:56:53.574" endtime="20230523 14:56:53.575"/>
</kw>
<status status="PASS" starttime="20230523 14:56:53.477" endtime="20230523 14:56:53.575"/>
</kw>
<kw name="Then the response status code should be 201" library="test_keywords_users" sourcename="Then the response status code should be ${status_code}">
<kw name="Should Be Equal As Numbers" library="BuiltIn">
<arg>${response.status_code}</arg>
<arg>${status_code}</arg>
<doc>Fails if objects are unequal after converting them to real numbers.</doc>
<msg timestamp="20230523 14:56:53.576" level="INFO">Argument types are:
&lt;class 'int'&gt;
&lt;class 'str'&gt;</msg>
<status status="PASS" starttime="20230523 14:56:53.575" endtime="20230523 14:56:53.576"/>
</kw>
<kw name="Should Be True" library="BuiltIn">
<arg>${response.json()}</arg>
<doc>Fails if the given condition is not true.</doc>
<status status="PASS" starttime="20230523 14:56:53.576" endtime="20230523 14:56:53.577"/>
</kw>
<status status="PASS" starttime="20230523 14:56:53.575" endtime="20230523 14:56:53.577"/>
</kw>
<kw name="And the response body should not be empty" library="test_keywords_users">
<kw name="Should Not Be Empty" library="BuiltIn">
<arg>${response.json()}</arg>
<doc>Verifies that the given item is not empty.</doc>
<msg timestamp="20230523 14:56:53.578" level="INFO">Length is 2</msg>
<status status="PASS" starttime="20230523 14:56:53.577" endtime="20230523 14:56:53.578"/>
</kw>
<status status="PASS" starttime="20230523 14:56:53.577" endtime="20230523 14:56:53.578"/>
</kw>
<tag>api</tag>
<status status="PASS" starttime="20230523 14:56:53.472" endtime="20230523 14:56:53.578"/>
</test>
<test id="s1-s1-s1-t3" name="Scenario: Get a specific user informations" line="22">
<kw name="Before Tests" library="test_keywords_common" type="SETUP">
<kw name="Create Session" library="RequestsLibrary">
<arg>serverest</arg>
<arg>${SERVER_BASE_URL}</arg>
<arg>disable_warnings=True</arg>
<doc>Create Session: create a HTTP session to a server</doc>
<msg timestamp="20230523 14:56:53.580" level="INFO">Creating Session using : alias=serverest, url=https://serverest.dev, headers={},                     cookies={}, auth=None, timeout=None, proxies=None, verify=False,                     debug=0 </msg>
<status status="PASS" starttime="20230523 14:56:53.579" endtime="20230523 14:56:53.580"/>
</kw>
<status status="PASS" starttime="20230523 14:56:53.579" endtime="20230523 14:56:53.580"/>
</kw>
<kw name="When I request the created user" library="test_keywords_users">
<kw name="GET On Session" library="RequestsLibrary">
<var>${response}</var>
<arg>serverest</arg>
<arg>${USERS_API_ENDPOINT}/${USER_ID}</arg>
<doc>Sends a GET request on a previously created HTTP Session.</doc>
<msg timestamp="20230523 14:56:53.656" level="INFO">GET Request : url=https://serverest.dev/usuarios/0wqiJHtddCNgKhX1 
 path_url=/usuarios/0wqiJHtddCNgKhX1 
 headers={'User-Agent': 'python-requests/2.31.0', 'Accept-Encoding': 'gzip, deflate', 'Accept': '*/*', 'Connection': 'keep-alive'} 
 body=None 
 </msg>
<msg timestamp="20230523 14:56:53.656" level="INFO">GET Response : url=https://serverest.dev/usuarios/0wqiJHtddCNgKhX1 
 status=200, reason=OK 
 headers={'access-control-allow-origin': '*', 'x-dns-prefetch-control': 'off', 'x-frame-options': 'SAMEORIGIN', 'strict-transport-security': 'max-age=15552000; includeSubDomains', 'x-download-options': 'noopen', 'x-content-type-options': 'nosniff', 'x-xss-protection': '1; mode=block', 'x-moesif-transaction-id': '861e0832-94f6-4e09-8e15-1218e322cd9c', 'content-type': 'application/json; charset=utf-8', 'X-Cloud-Trace-Context': '531479863e2cb6ccdf13f83eaf8750bb', 'Date': 'Tue, 23 May 2023 14:56:53 GMT', 'Server': 'Google Frontend', 'Content-Length': '158'} 
 body={
    "nome": "Debra Collins",
    "email": "elong@example.net",
    "password": "2KhyS8C9HUGG",
    "administrador": "false",
    "_id": "0wqiJHtddCNgKhX1"
} 
 </msg>
<msg timestamp="20230523 14:56:53.656" level="INFO">${response} = &lt;Response [200]&gt;</msg>
<status status="PASS" starttime="20230523 14:56:53.581" endtime="20230523 14:56:53.656"/>
</kw>
<kw name="Set Test Variable" library="BuiltIn">
<arg>${response}</arg>
<doc>Makes a variable available everywhere within the scope of the current test.</doc>
<msg timestamp="20230523 14:56:53.656" level="INFO">${response} = &lt;Response [200]&gt;</msg>
<status status="PASS" starttime="20230523 14:56:53.656" endtime="20230523 14:56:53.657"/>
</kw>
<status status="PASS" starttime="20230523 14:56:53.581" endtime="20230523 14:56:53.657"/>
</kw>
<kw name="Then the response status code should be 200" library="test_keywords_users" sourcename="Then the response status code should be ${status_code}">
<kw name="Should Be Equal As Numbers" library="BuiltIn">
<arg>${response.status_code}</arg>
<arg>${status_code}</arg>
<doc>Fails if objects are unequal after converting them to real numbers.</doc>
<msg timestamp="20230523 14:56:53.658" level="INFO">Argument types are:
&lt;class 'int'&gt;
&lt;class 'str'&gt;</msg>
<status status="PASS" starttime="20230523 14:56:53.657" endtime="20230523 14:56:53.658"/>
</kw>
<kw name="Should Be True" library="BuiltIn">
<arg>${response.json()}</arg>
<doc>Fails if the given condition is not true.</doc>
<status status="PASS" starttime="20230523 14:56:53.658" endtime="20230523 14:56:53.659"/>
</kw>
<status status="PASS" starttime="20230523 14:56:53.657" endtime="20230523 14:56:53.659"/>
</kw>
<kw name="And the response body should not be empty" library="test_keywords_users">
<kw name="Should Not Be Empty" library="BuiltIn">
<arg>${response.json()}</arg>
<doc>Verifies that the given item is not empty.</doc>
<msg timestamp="20230523 14:56:53.660" level="INFO">Length is 5</msg>
<status status="PASS" starttime="20230523 14:56:53.659" endtime="20230523 14:56:53.660"/>
</kw>
<status status="PASS" starttime="20230523 14:56:53.659" endtime="20230523 14:56:53.660"/>
</kw>
<tag>api</tag>
<status status="PASS" starttime="20230523 14:56:53.579" endtime="20230523 14:56:53.660"/>
</test>
<test id="s1-s1-s1-t4" name="Scenario: Update the created user" line="28">
<kw name="Before Tests" library="test_keywords_common" type="SETUP">
<kw name="Create Session" library="RequestsLibrary">
<arg>serverest</arg>
<arg>${SERVER_BASE_URL}</arg>
<arg>disable_warnings=True</arg>
<doc>Create Session: create a HTTP session to a server</doc>
<msg timestamp="20230523 14:56:53.662" level="INFO">Creating Session using : alias=serverest, url=https://serverest.dev, headers={},                     cookies={}, auth=None, timeout=None, proxies=None, verify=False,                     debug=0 </msg>
<status status="PASS" starttime="20230523 14:56:53.662" endtime="20230523 14:56:53.662"/>
</kw>
<status status="PASS" starttime="20230523 14:56:53.662" endtime="20230523 14:56:53.663"/>
</kw>
<kw name="When I update the created user" library="test_keywords_users">
<kw name="Create Dictionary" library="BuiltIn">
<var>${payload}</var>
<arg>nome=John Smith</arg>
<arg>email=john.smith@example.com</arg>
<arg>password=P@ssw0rd123</arg>
<arg>administrador=false</arg>
<doc>Creates and returns a dictionary based on the given ``items``.</doc>
<msg timestamp="20230523 14:56:53.663" level="INFO">${payload} = {'nome': 'John Smith', 'email': 'john.smith@example.com', 'password': 'P@ssw0rd123', 'administrador': 'false'}</msg>
<status status="PASS" starttime="20230523 14:56:53.663" endtime="20230523 14:56:53.663"/>
</kw>
<kw name="Create Dictionary" library="BuiltIn">
<var>${headers}</var>
<arg>Content-Type=application/json</arg>
<doc>Creates and returns a dictionary based on the given ``items``.</doc>
<msg timestamp="20230523 14:56:53.664" level="INFO">${headers} = {'Content-Type': 'application/json'}</msg>
<status status="PASS" starttime="20230523 14:56:53.664" endtime="20230523 14:56:53.664"/>
</kw>
<kw name="PUT On Session" library="RequestsLibrary">
<var>${response}</var>
<arg>serverest</arg>
<arg>${USERS_API_ENDPOINT}/${USER_ID}</arg>
<arg>json=${payload}</arg>
<arg>headers=${headers}</arg>
<doc>Sends a PUT request on a previously created HTTP Session.</doc>
<msg timestamp="20230523 14:56:53.734" level="INFO">PUT Request : url=https://serverest.dev/usuarios/0wqiJHtddCNgKhX1 
 path_url=/usuarios/0wqiJHtddCNgKhX1 
 headers={'User-Agent': 'python-requests/2.31.0', 'Accept-Encoding': 'gzip, deflate', 'Accept': '*/*', 'Connection': 'keep-alive', 'Content-Type': 'application/json', 'Content-Length': '110'} 
 body=b'{"nome": "John Smith", "email": "john.smith@example.com", "password": "P@ssw0rd123", "administrador": "false"}' 
 </msg>
<msg timestamp="20230523 14:56:53.734" level="INFO">PUT Response : url=https://serverest.dev/usuarios/0wqiJHtddCNgKhX1 
 status=200, reason=OK 
 headers={'access-control-allow-origin': '*', 'x-dns-prefetch-control': 'off', 'x-frame-options': 'SAMEORIGIN', 'strict-transport-security': 'max-age=15552000; includeSubDomains', 'x-download-options': 'noopen', 'x-content-type-options': 'nosniff', 'x-xss-protection': '1; mode=block', 'x-moesif-transaction-id': '785e9e37-b4ac-484b-9df4-f04caf3f60a9', 'content-type': 'application/json; charset=utf-8', 'X-Cloud-Trace-Context': '395648888665aedc81cff5434c67e5d8', 'Date': 'Tue, 23 May 2023 14:56:53 GMT', 'Server': 'Google Frontend', 'Content-Length': '50'} 
 body={
    "message": "Registro alterado com sucesso"
} 
 </msg>
<msg timestamp="20230523 14:56:53.735" level="INFO">${response} = &lt;Response [200]&gt;</msg>
<status status="PASS" starttime="20230523 14:56:53.664" endtime="20230523 14:56:53.735"/>
</kw>
<kw name="Set Test Variable" library="BuiltIn">
<arg>${response}</arg>
<doc>Makes a variable available everywhere within the scope of the current test.</doc>
<msg timestamp="20230523 14:56:53.735" level="INFO">${response} = &lt;Response [200]&gt;</msg>
<status status="PASS" starttime="20230523 14:56:53.735" endtime="20230523 14:56:53.735"/>
</kw>
<status status="PASS" starttime="20230523 14:56:53.663" endtime="20230523 14:56:53.735"/>
</kw>
<kw name="Then the response status code should be 200" library="test_keywords_users" sourcename="Then the response status code should be ${status_code}">
<kw name="Should Be Equal As Numbers" library="BuiltIn">
<arg>${response.status_code}</arg>
<arg>${status_code}</arg>
<doc>Fails if objects are unequal after converting them to real numbers.</doc>
<msg timestamp="20230523 14:56:53.737" level="INFO">Argument types are:
&lt;class 'int'&gt;
&lt;class 'str'&gt;</msg>
<status status="PASS" starttime="20230523 14:56:53.736" endtime="20230523 14:56:53.737"/>
</kw>
<kw name="Should Be True" library="BuiltIn">
<arg>${response.json()}</arg>
<doc>Fails if the given condition is not true.</doc>
<status status="PASS" starttime="20230523 14:56:53.737" endtime="20230523 14:56:53.737"/>
</kw>
<status status="PASS" starttime="20230523 14:56:53.736" endtime="20230523 14:56:53.738"/>
</kw>
<kw name="And the response body should not be empty" library="test_keywords_users">
<kw name="Should Not Be Empty" library="BuiltIn">
<arg>${response.json()}</arg>
<doc>Verifies that the given item is not empty.</doc>
<msg timestamp="20230523 14:56:53.738" level="INFO">Length is 1</msg>
<status status="PASS" starttime="20230523 14:56:53.738" endtime="20230523 14:56:53.739"/>
</kw>
<status status="PASS" starttime="20230523 14:56:53.738" endtime="20230523 14:56:53.739"/>
</kw>
<tag>api</tag>
<status status="PASS" starttime="20230523 14:56:53.661" endtime="20230523 14:56:53.739"/>
</test>
<test id="s1-s1-s1-t5" name="Scenario: Delete the created user" line="34">
<kw name="Before Tests" library="test_keywords_common" type="SETUP">
<kw name="Create Session" library="RequestsLibrary">
<arg>serverest</arg>
<arg>${SERVER_BASE_URL}</arg>
<arg>disable_warnings=True</arg>
<doc>Create Session: create a HTTP session to a server</doc>
<msg timestamp="20230523 14:56:53.740" level="INFO">Creating Session using : alias=serverest, url=https://serverest.dev, headers={},                     cookies={}, auth=None, timeout=None, proxies=None, verify=False,                     debug=0 </msg>
<status status="PASS" starttime="20230523 14:56:53.740" endtime="20230523 14:56:53.741"/>
</kw>
<status status="PASS" starttime="20230523 14:56:53.740" endtime="20230523 14:56:53.741"/>
</kw>
<kw name="When I delete the created user" library="test_keywords_users">
<kw name="DELETE On Session" library="RequestsLibrary">
<var>${response}</var>
<arg>serverest</arg>
<arg>${USERS_API_ENDPOINT}/${USER_ID}</arg>
<doc>Sends a DELETE request on a previously created HTTP Session.</doc>
<msg timestamp="20230523 14:56:53.814" level="INFO">DELETE Request : url=https://serverest.dev/usuarios/0wqiJHtddCNgKhX1 
 path_url=/usuarios/0wqiJHtddCNgKhX1 
 headers={'User-Agent': 'python-requests/2.31.0', 'Accept-Encoding': 'gzip, deflate', 'Accept': '*/*', 'Connection': 'keep-alive', 'Content-Length': '0'} 
 body=None 
 </msg>
<msg timestamp="20230523 14:56:53.814" level="INFO">DELETE Response : url=https://serverest.dev/usuarios/0wqiJHtddCNgKhX1 
 status=200, reason=OK 
 headers={'access-control-allow-origin': '*', 'x-dns-prefetch-control': 'off', 'x-frame-options': 'SAMEORIGIN', 'strict-transport-security': 'max-age=15552000; includeSubDomains', 'x-download-options': 'noopen', 'x-content-type-options': 'nosniff', 'x-xss-protection': '1; mode=block', 'x-moesif-transaction-id': '68a20d89-1bec-4d18-8813-53fad2d8868b', 'content-type': 'application/json; charset=utf-8', 'X-Cloud-Trace-Context': 'c8750e3902a1ce752a29f2a2572ee47e', 'Date': 'Tue, 23 May 2023 14:56:53 GMT', 'Server': 'Google Frontend', 'Content-Length': '51'} 
 body={
    "message": "Registro excluído com sucesso"
} 
 </msg>
<msg timestamp="20230523 14:56:53.814" level="INFO">${response} = &lt;Response [200]&gt;</msg>
<status status="PASS" starttime="20230523 14:56:53.741" endtime="20230523 14:56:53.814"/>
</kw>
<kw name="Set Test Variable" library="BuiltIn">
<arg>${response}</arg>
<doc>Makes a variable available everywhere within the scope of the current test.</doc>
<msg timestamp="20230523 14:56:53.815" level="INFO">${response} = &lt;Response [200]&gt;</msg>
<status status="PASS" starttime="20230523 14:56:53.814" endtime="20230523 14:56:53.815"/>
</kw>
<status status="PASS" starttime="20230523 14:56:53.741" endtime="20230523 14:56:53.815"/>
</kw>
<kw name="Then the response status code should be 200" library="test_keywords_users" sourcename="Then the response status code should be ${status_code}">
<kw name="Should Be Equal As Numbers" library="BuiltIn">
<arg>${response.status_code}</arg>
<arg>${status_code}</arg>
<doc>Fails if objects are unequal after converting them to real numbers.</doc>
<msg timestamp="20230523 14:56:53.816" level="INFO">Argument types are:
&lt;class 'int'&gt;
&lt;class 'str'&gt;</msg>
<status status="PASS" starttime="20230523 14:56:53.815" endtime="20230523 14:56:53.816"/>
</kw>
<kw name="Should Be True" library="BuiltIn">
<arg>${response.json()}</arg>
<doc>Fails if the given condition is not true.</doc>
<status status="PASS" starttime="20230523 14:56:53.816" endtime="20230523 14:56:53.817"/>
</kw>
<status status="PASS" starttime="20230523 14:56:53.815" endtime="20230523 14:56:53.817"/>
</kw>
<kw name="And the response body should not be empty" library="test_keywords_users">
<kw name="Should Not Be Empty" library="BuiltIn">
<arg>${response.json()}</arg>
<doc>Verifies that the given item is not empty.</doc>
<msg timestamp="20230523 14:56:53.818" level="INFO">Length is 1</msg>
<status status="PASS" starttime="20230523 14:56:53.818" endtime="20230523 14:56:53.818"/>
</kw>
<status status="PASS" starttime="20230523 14:56:53.817" endtime="20230523 14:56:53.818"/>
</kw>
<tag>api</tag>
<status status="PASS" starttime="20230523 14:56:53.739" endtime="20230523 14:56:53.818"/>
</test>
<status status="PASS" starttime="20230523 14:56:48.662" endtime="20230523 14:56:53.819"/>
</suite>
<status status="PASS" starttime="20230523 14:56:48.661" endtime="20230523 14:56:53.821"/>
</suite>
<suite id="s1-s2" name="Ui" source="/home/runner/work/gen-ai-robot-test/gen-ai-robot-test/tests/ui">
<suite id="s1-s2-s1" name="Test Ui Signup" source="/home/runner/work/gen-ai-robot-test/gen-ai-robot-test/tests/ui/test_ui_signup.robot">
<test id="s1-s2-s1-t1" name="Scenario: Signup with empty fields" line="10">
<kw name="Before Tests" library="test_keywords_common" type="SETUP">
<kw name="Open Browser" library="SeleniumLibrary">
<arg>${SERVER_BASE_URL}</arg>
<arg>${HEADLESS} ${BROWSER}</arg>
<doc>Opens a new browser instance to the optional ``url``.</doc>
<msg timestamp="20230523 14:56:53.832" level="INFO">Opening browser 'headless Chrome' to base url 'https://front.serverest.dev/'.</msg>
<status status="PASS" starttime="20230523 14:56:53.832" endtime="20230523 14:56:56.862"/>
</kw>
<kw name="Maximize Browser Window" library="SeleniumLibrary">
<doc>Maximizes current browser window.</doc>
<status status="PASS" starttime="20230523 14:56:56.863" endtime="20230523 14:56:56.970"/>
</kw>
<status status="PASS" starttime="20230523 14:56:53.831" endtime="20230523 14:56:56.970"/>
</kw>
<kw name="Given Im on the signup page" library="test_keywords_signup">
<kw name="Location Should Be" library="SeleniumLibrary">
<arg>https://front.serverest.dev/login</arg>
<doc>Verifies that the current URL is exactly ``url``.</doc>
<msg timestamp="20230523 14:56:56.977" level="INFO">Current location is 'https://front.serverest.dev/login'.</msg>
<status status="PASS" starttime="20230523 14:56:56.971" endtime="20230523 14:56:56.977"/>
</kw>
<kw name="Click Element" library="SeleniumLibrary">
<arg>css=a.btn.btn-link</arg>
<doc>Click the element identified by ``locator``.</doc>
<msg timestamp="20230523 14:56:56.978" level="INFO">Clicking element 'css=a.btn.btn-link'.</msg>
<status status="PASS" starttime="20230523 14:56:56.977" endtime="20230523 14:56:57.068"/>
</kw>
<status status="PASS" starttime="20230523 14:56:56.971" endtime="20230523 14:56:57.068"/>
</kw>
<kw name="When I click in signup" library="test_keywords_signup">
<kw name="Click Button" library="SeleniumLibrary">
<arg>css=.btn.btn-primary</arg>
<doc>Clicks the button identified by ``locator``.</doc>
<msg timestamp="20230523 14:56:57.069" level="INFO">Clicking button 'css=.btn.btn-primary'.</msg>
<status status="PASS" starttime="20230523 14:56:57.068" endtime="20230523 14:56:57.136"/>
</kw>
<status status="PASS" starttime="20230523 14:56:57.068" endtime="20230523 14:56:57.136"/>
</kw>
<kw name="Then required field messages should be displayed" library="test_keywords_signup">
<kw name="Wait Until Element Is Visible" library="SeleniumLibrary">
<arg>css=.alert-dismissible</arg>
<arg>timeout=10s</arg>
<doc>Waits until the element ``locator`` is visible.</doc>
<status status="PASS" starttime="20230523 14:56:57.137" endtime="20230523 14:56:57.374"/>
</kw>
<kw name="Element Should Be Visible" library="SeleniumLibrary">
<arg>css=.alert-dismissible</arg>
<doc>Verifies that the element identified by ``locator`` is visible.</doc>
<msg timestamp="20230523 14:56:57.394" level="INFO">Element 'css=.alert-dismissible' is displayed.</msg>
<status status="PASS" starttime="20230523 14:56:57.374" endtime="20230523 14:56:57.394"/>
</kw>
<kw name="Page Should Contain" library="SeleniumLibrary">
<arg>Nome é obrigatório</arg>
<doc>Verifies that current page contains ``text``.</doc>
<msg timestamp="20230523 14:56:57.410" level="INFO">Current page contains text 'Nome é obrigatório'.</msg>
<status status="PASS" starttime="20230523 14:56:57.394" endtime="20230523 14:56:57.410"/>
</kw>
<kw name="Page Should Contain" library="SeleniumLibrary">
<arg>Email é obrigatório</arg>
<doc>Verifies that current page contains ``text``.</doc>
<msg timestamp="20230523 14:56:57.424" level="INFO">Current page contains text 'Email é obrigatório'.</msg>
<status status="PASS" starttime="20230523 14:56:57.410" endtime="20230523 14:56:57.424"/>
</kw>
<kw name="Page Should Contain" library="SeleniumLibrary">
<arg>Password é obrigatório</arg>
<doc>Verifies that current page contains ``text``.</doc>
<msg timestamp="20230523 14:56:57.438" level="INFO">Current page contains text 'Password é obrigatório'.</msg>
<status status="PASS" starttime="20230523 14:56:57.424" endtime="20230523 14:56:57.438"/>
</kw>
<status status="PASS" starttime="20230523 14:56:57.137" endtime="20230523 14:56:57.438"/>
</kw>
<kw name="After Tests" library="test_keywords_common" type="TEARDOWN">
<kw name="Close Browser" library="SeleniumLibrary">
<doc>Closes the current browser.</doc>
<status status="PASS" starttime="20230523 14:56:57.439" endtime="20230523 14:56:57.494"/>
</kw>
<status status="PASS" starttime="20230523 14:56:57.438" endtime="20230523 14:56:57.494"/>
</kw>
<tag>ui</tag>
<status status="PASS" starttime="20230523 14:56:53.831" endtime="20230523 14:56:57.494"/>
</test>
<test id="s1-s2-s1-t2" name="Scenario: Signup done successfully" line="16">
<kw name="Before Tests" library="test_keywords_common" type="SETUP">
<kw name="Open Browser" library="SeleniumLibrary">
<arg>${SERVER_BASE_URL}</arg>
<arg>${HEADLESS} ${BROWSER}</arg>
<doc>Opens a new browser instance to the optional ``url``.</doc>
<msg timestamp="20230523 14:56:57.497" level="INFO">Opening browser 'headless Chrome' to base url 'https://front.serverest.dev/'.</msg>
<status status="PASS" starttime="20230523 14:56:57.496" endtime="20230523 14:56:58.813"/>
</kw>
<kw name="Maximize Browser Window" library="SeleniumLibrary">
<doc>Maximizes current browser window.</doc>
<status status="PASS" starttime="20230523 14:56:58.813" endtime="20230523 14:56:58.943"/>
</kw>
<status status="PASS" starttime="20230523 14:56:57.496" endtime="20230523 14:56:58.943"/>
</kw>
<kw name="Given Im on the signup page" library="test_keywords_signup">
<kw name="Location Should Be" library="SeleniumLibrary">
<arg>https://front.serverest.dev/login</arg>
<doc>Verifies that the current URL is exactly ``url``.</doc>
<msg timestamp="20230523 14:56:58.949" level="INFO">Current location is 'https://front.serverest.dev/login'.</msg>
<status status="PASS" starttime="20230523 14:56:58.944" endtime="20230523 14:56:58.949"/>
</kw>
<kw name="Click Element" library="SeleniumLibrary">
<arg>css=a.btn.btn-link</arg>
<doc>Click the element identified by ``locator``.</doc>
<msg timestamp="20230523 14:56:58.950" level="INFO">Clicking element 'css=a.btn.btn-link'.</msg>
<status status="PASS" starttime="20230523 14:56:58.950" endtime="20230523 14:56:59.004"/>
</kw>
<status status="PASS" starttime="20230523 14:56:58.944" endtime="20230523 14:56:59.004"/>
</kw>
<kw name="And I fill in the signup fields with valid data" library="test_keywords_signup">
<kw name="Name" library="FakerLibrary">
<var>${name}</var>
<doc>:example 'John Doe'</doc>
<msg timestamp="20230523 14:56:59.005" level="INFO">${name} = Jennifer Williams</msg>
<status status="PASS" starttime="20230523 14:56:59.005" endtime="20230523 14:56:59.005"/>
</kw>
<kw name="Email" library="FakerLibrary">
<var>${email}</var>
<msg timestamp="20230523 14:56:59.006" level="INFO">${email} = bishoproger@example.com</msg>
<status status="PASS" starttime="20230523 14:56:59.006" endtime="20230523 14:56:59.006"/>
</kw>
<kw name="Password" library="FakerLibrary">
<var>${password}</var>
<arg>length=12</arg>
<arg>special_chars=False</arg>
<doc>Generate a random password of the specified ``length``.</doc>
<msg timestamp="20230523 14:56:59.007" level="INFO">${password} = o6IK5gMlIQDd</msg>
<status status="PASS" starttime="20230523 14:56:59.006" endtime="20230523 14:56:59.007"/>
</kw>
<kw name="Input Text" library="SeleniumLibrary">
<arg>id:nome</arg>
<arg>${name}</arg>
<doc>Types the given ``text`` into the text field identified by ``locator``.</doc>
<msg timestamp="20230523 14:56:59.007" level="INFO">Typing text 'Jennifer Williams' into text field 'id:nome'.</msg>
<status status="PASS" starttime="20230523 14:56:59.007" endtime="20230523 14:56:59.145"/>
</kw>
<kw name="Input Text" library="SeleniumLibrary">
<arg>id:email</arg>
<arg>${email}</arg>
<doc>Types the given ``text`` into the text field identified by ``locator``.</doc>
<msg timestamp="20230523 14:56:59.146" level="INFO">Typing text 'bishoproger@example.com' into text field 'id:email'.</msg>
<status status="PASS" starttime="20230523 14:56:59.145" endtime="20230523 14:56:59.275"/>
</kw>
<kw name="Input Text" library="SeleniumLibrary">
<arg>id:password</arg>
<arg>${password}</arg>
<doc>Types the given ``text`` into the text field identified by ``locator``.</doc>
<msg timestamp="20230523 14:56:59.276" level="INFO">Typing text 'o6IK5gMlIQDd' into text field 'id:password'.</msg>
<status status="PASS" starttime="20230523 14:56:59.275" endtime="20230523 14:56:59.380"/>
</kw>
<kw name="Select Checkbox" library="SeleniumLibrary">
<arg>id=administrador</arg>
<doc>Selects the checkbox identified by ``locator``.</doc>
<msg timestamp="20230523 14:56:59.380" level="INFO">Selecting checkbox 'id=administrador'.</msg>
<status status="PASS" starttime="20230523 14:56:59.380" endtime="20230523 14:56:59.463"/>
</kw>
<kw name="Set Suite Variable" library="BuiltIn">
<arg>${name}</arg>
<doc>Makes a variable available everywhere within the scope of the current suite.</doc>
<msg timestamp="20230523 14:56:59.464" level="INFO">${name} = Jennifer Williams</msg>
<status status="PASS" starttime="20230523 14:56:59.463" endtime="20230523 14:56:59.464"/>
</kw>
<kw name="Set Suite Variable" library="BuiltIn">
<arg>${email}</arg>
<doc>Makes a variable available everywhere within the scope of the current suite.</doc>
<msg timestamp="20230523 14:56:59.464" level="INFO">${email} = bishoproger@example.com</msg>
<status status="PASS" starttime="20230523 14:56:59.464" endtime="20230523 14:56:59.464"/>
</kw>
<kw name="Set Suite Variable" library="BuiltIn">
<arg>${password}</arg>
<doc>Makes a variable available everywhere within the scope of the current suite.</doc>
<msg timestamp="20230523 14:56:59.465" level="INFO">${password} = o6IK5gMlIQDd</msg>
<status status="PASS" starttime="20230523 14:56:59.464" endtime="20230523 14:56:59.465"/>
</kw>
<status status="PASS" starttime="20230523 14:56:59.004" endtime="20230523 14:56:59.465"/>
</kw>
<kw name="When I click in signup" library="test_keywords_signup">
<kw name="Click Button" library="SeleniumLibrary">
<arg>css=.btn.btn-primary</arg>
<doc>Clicks the button identified by ``locator``.</doc>
<msg timestamp="20230523 14:56:59.466" level="INFO">Clicking button 'css=.btn.btn-primary'.</msg>
<status status="PASS" starttime="20230523 14:56:59.465" endtime="20230523 14:56:59.530"/>
</kw>
<status status="PASS" starttime="20230523 14:56:59.465" endtime="20230523 14:56:59.531"/>
</kw>
<kw name="Then the page should contain the text &quot;Cadastro realizado com sucesso&quot;" library="test_keywords_signup" sourcename="Then the page should contain the text &quot;${expected_text}&quot;">
<kw name="Wait Until Element Is Visible" library="SeleniumLibrary">
<arg>css=.alert-dismissible</arg>
<arg>timeout=10s</arg>
<doc>Waits until the element ``locator`` is visible.</doc>
<status status="PASS" starttime="20230523 14:56:59.531" endtime="20230523 14:56:59.764"/>
</kw>
<kw name="Element Should Be Visible" library="SeleniumLibrary">
<arg>css=.alert-dismissible</arg>
<doc>Verifies that the element identified by ``locator`` is visible.</doc>
<msg timestamp="20230523 14:56:59.784" level="INFO">Element 'css=.alert-dismissible' is displayed.</msg>
<status status="PASS" starttime="20230523 14:56:59.765" endtime="20230523 14:56:59.784"/>
</kw>
<kw name="Page Should Contain" library="SeleniumLibrary">
<arg>${expected_text}</arg>
<doc>Verifies that current page contains ``text``.</doc>
<msg timestamp="20230523 14:56:59.798" level="INFO">Current page contains text 'Cadastro realizado com sucesso'.</msg>
<status status="PASS" starttime="20230523 14:56:59.784" endtime="20230523 14:56:59.798"/>
</kw>
<status status="PASS" starttime="20230523 14:56:59.531" endtime="20230523 14:56:59.798"/>
</kw>
<kw name="After Tests" library="test_keywords_common" type="TEARDOWN">
<kw name="Close Browser" library="SeleniumLibrary">
<doc>Closes the current browser.</doc>
<status status="PASS" starttime="20230523 14:56:59.799" endtime="20230523 14:56:59.854"/>
</kw>
<status status="PASS" starttime="20230523 14:56:59.799" endtime="20230523 14:56:59.855"/>
</kw>
<tag>ui</tag>
<status status="PASS" starttime="20230523 14:56:57.495" endtime="20230523 14:56:59.855"/>
</test>
<test id="s1-s2-s1-t3" name="Scenario: Signup with already used email" line="23">
<kw name="Before Tests" library="test_keywords_common" type="SETUP">
<kw name="Open Browser" library="SeleniumLibrary">
<arg>${SERVER_BASE_URL}</arg>
<arg>${HEADLESS} ${BROWSER}</arg>
<doc>Opens a new browser instance to the optional ``url``.</doc>
<msg timestamp="20230523 14:56:59.858" level="INFO">Opening browser 'headless Chrome' to base url 'https://front.serverest.dev/'.</msg>
<status status="PASS" starttime="20230523 14:56:59.857" endtime="20230523 14:57:01.139"/>
</kw>
<kw name="Maximize Browser Window" library="SeleniumLibrary">
<doc>Maximizes current browser window.</doc>
<status status="PASS" starttime="20230523 14:57:01.140" endtime="20230523 14:57:01.244"/>
</kw>
<status status="PASS" starttime="20230523 14:56:59.857" endtime="20230523 14:57:01.244"/>
</kw>
<kw name="Given Im on the signup page" library="test_keywords_signup">
<kw name="Location Should Be" library="SeleniumLibrary">
<arg>https://front.serverest.dev/login</arg>
<doc>Verifies that the current URL is exactly ``url``.</doc>
<msg timestamp="20230523 14:57:01.276" level="INFO">Current location is 'https://front.serverest.dev/login'.</msg>
<status status="PASS" starttime="20230523 14:57:01.245" endtime="20230523 14:57:01.276"/>
</kw>
<kw name="Click Element" library="SeleniumLibrary">
<arg>css=a.btn.btn-link</arg>
<doc>Click the element identified by ``locator``.</doc>
<msg timestamp="20230523 14:57:01.277" level="INFO">Clicking element 'css=a.btn.btn-link'.</msg>
<status status="PASS" starttime="20230523 14:57:01.277" endtime="20230523 14:57:01.332"/>
</kw>
<status status="PASS" starttime="20230523 14:57:01.245" endtime="20230523 14:57:01.332"/>
</kw>
<kw name="And I fill in the signup fields with an email already registered" library="test_keywords_signup">
<kw name="Input Text" library="SeleniumLibrary">
<arg>id:nome</arg>
<arg>${name}</arg>
<doc>Types the given ``text`` into the text field identified by ``locator``.</doc>
<msg timestamp="20230523 14:57:01.334" level="INFO">Typing text 'Jennifer Williams' into text field 'id:nome'.</msg>
<status status="PASS" starttime="20230523 14:57:01.333" endtime="20230523 14:57:01.465"/>
</kw>
<kw name="Input Text" library="SeleniumLibrary">
<arg>id:email</arg>
<arg>${email}</arg>
<doc>Types the given ``text`` into the text field identified by ``locator``.</doc>
<msg timestamp="20230523 14:57:01.466" level="INFO">Typing text 'bishoproger@example.com' into text field 'id:email'.</msg>
<status status="PASS" starttime="20230523 14:57:01.465" endtime="20230523 14:57:01.582"/>
</kw>
<kw name="Input Text" library="SeleniumLibrary">
<arg>id:password</arg>
<arg>${password}</arg>
<doc>Types the given ``text`` into the text field identified by ``locator``.</doc>
<msg timestamp="20230523 14:57:01.582" level="INFO">Typing text 'o6IK5gMlIQDd' into text field 'id:password'.</msg>
<status status="PASS" starttime="20230523 14:57:01.582" endtime="20230523 14:57:01.686"/>
</kw>
<kw name="Select Checkbox" library="SeleniumLibrary">
<arg>id=administrador</arg>
<doc>Selects the checkbox identified by ``locator``.</doc>
<msg timestamp="20230523 14:57:01.686" level="INFO">Selecting checkbox 'id=administrador'.</msg>
<status status="PASS" starttime="20230523 14:57:01.686" endtime="20230523 14:57:01.766"/>
</kw>
<status status="PASS" starttime="20230523 14:57:01.333" endtime="20230523 14:57:01.767"/>
</kw>
<kw name="When I click in signup" library="test_keywords_signup">
<kw name="Click Button" library="SeleniumLibrary">
<arg>css=.btn.btn-primary</arg>
<doc>Clicks the button identified by ``locator``.</doc>
<msg timestamp="20230523 14:57:01.768" level="INFO">Clicking button 'css=.btn.btn-primary'.</msg>
<status status="PASS" starttime="20230523 14:57:01.767" endtime="20230523 14:57:01.832"/>
</kw>
<status status="PASS" starttime="20230523 14:57:01.767" endtime="20230523 14:57:01.832"/>
</kw>
<kw name="Then the page should contain the text &quot;Este email já está sendo usado&quot;" library="test_keywords_signup" sourcename="Then the page should contain the text &quot;${expected_text}&quot;">
<kw name="Wait Until Element Is Visible" library="SeleniumLibrary">
<arg>css=.alert-dismissible</arg>
<arg>timeout=10s</arg>
<doc>Waits until the element ``locator`` is visible.</doc>
<status status="PASS" starttime="20230523 14:57:01.833" endtime="20230523 14:57:02.069"/>
</kw>
<kw name="Element Should Be Visible" library="SeleniumLibrary">
<arg>css=.alert-dismissible</arg>
<doc>Verifies that the element identified by ``locator`` is visible.</doc>
<msg timestamp="20230523 14:57:02.088" level="INFO">Element 'css=.alert-dismissible' is displayed.</msg>
<status status="PASS" starttime="20230523 14:57:02.069" endtime="20230523 14:57:02.088"/>
</kw>
<kw name="Page Should Contain" library="SeleniumLibrary">
<arg>${expected_text}</arg>
<doc>Verifies that current page contains ``text``.</doc>
<msg timestamp="20230523 14:57:02.103" level="INFO">Current page contains text 'Este email já está sendo usado'.</msg>
<status status="PASS" starttime="20230523 14:57:02.088" endtime="20230523 14:57:02.103"/>
</kw>
<status status="PASS" starttime="20230523 14:57:01.833" endtime="20230523 14:57:02.103"/>
</kw>
<kw name="After Tests" library="test_keywords_common" type="TEARDOWN">
<kw name="Close Browser" library="SeleniumLibrary">
<doc>Closes the current browser.</doc>
<status status="PASS" starttime="20230523 14:57:02.104" endtime="20230523 14:57:02.158"/>
</kw>
<status status="PASS" starttime="20230523 14:57:02.103" endtime="20230523 14:57:02.158"/>
</kw>
<tag>ui</tag>
<status status="PASS" starttime="20230523 14:56:59.856" endtime="20230523 14:57:02.159"/>
</test>
<status status="PASS" starttime="20230523 14:56:53.823" endtime="20230523 14:57:02.159"/>
</suite>
<status status="PASS" starttime="20230523 14:56:53.822" endtime="20230523 14:57:02.161"/>
</suite>
<status status="PASS" starttime="20230523 14:56:48.641" endtime="20230523 14:57:02.162"/>
</suite>
<statistics>
<total>
<stat pass="8" fail="0" skip="0">All Tests</stat>
</total>
<tag>
<stat pass="5" fail="0" skip="0">api</stat>
<stat pass="3" fail="0" skip="0">ui</stat>
</tag>
<suite>
<stat pass="8" fail="0" skip="0" id="s1" name="Tests">Tests</stat>
<stat pass="5" fail="0" skip="0" id="s1-s1" name="Api">Tests.Api</stat>
<stat pass="5" fail="0" skip="0" id="s1-s1-s1" name="Test Api Users">Tests.Api.Test Api Users</stat>
<stat pass="3" fail="0" skip="0" id="s1-s2" name="Ui">Tests.Ui</stat>
<stat pass="3" fail="0" skip="0" id="s1-s2-s1" name="Test Ui Signup">Tests.Ui.Test Ui Signup</stat>
</suite>
</statistics>
<errors>
</errors>
</robot>
