<?xml version="1.0" encoding="UTF-8"?>
<robot generator="Robot 6.1 (Python 3.8.17 on linux)" generated="20230622 01:07:07.431" rpa="false" schemaversion="4">
<suite id="s1" name="Tests" source="/home/runner/work/gen-ai-robot-test/gen-ai-robot-test/tests">
<suite id="s1-s1" name="Api" source="/home/runner/work/gen-ai-robot-test/gen-ai-robot-test/tests/api">
<suite id="s1-s1-s1" name="Test Api Users" source="/home/runner/work/gen-ai-robot-test/gen-ai-robot-test/tests/api/test_api_users.robot">
<test id="s1-s1-s1-t1" name="Scenario: Get all registered users" line="9">
<kw name="Before Tests" library="test_keywords_common" type="SETUP">
<kw name="Create Session" library="RequestsLibrary">
<arg>serverest</arg>
<arg>${SERVER_BASE_URL}</arg>
<arg>disable_warnings=True</arg>
<doc>Create Session: create a HTTP session to a server</doc>
<msg timestamp="20230622 01:07:07.999" level="INFO">Creating Session using : alias=serverest, url=https://serverest.dev, headers={},                     cookies={}, auth=None, timeout=None, proxies=None, verify=False,                     debug=0 </msg>
<status status="PASS" starttime="20230622 01:07:07.999" endtime="20230622 01:07:08.000"/>
</kw>
<status status="PASS" starttime="20230622 01:07:07.998" endtime="20230622 01:07:08.000"/>
</kw>
<kw name="When I request the list of all registered users" library="test_keywords_users">
<kw name="GET On Session" library="RequestsLibrary">
<var>${response}</var>
<arg>serverest</arg>
<arg>${USERS_API_ENDPOINT}</arg>
<doc>Sends a GET request on a previously created HTTP Session.</doc>
<msg timestamp="20230622 01:07:08.212" level="INFO">GET Request : url=https://serverest.dev/usuarios 
 path_url=/usuarios 
 headers={'User-Agent': 'python-requests/2.31.0', 'Accept-Encoding': 'gzip, deflate', 'Accept': '*/*', 'Connection': 'keep-alive'} 
 body=None 
 </msg>
<msg timestamp="20230622 01:07:08.213" level="INFO">GET Response : url=https://serverest.dev/usuarios 
 status=200, reason=OK 
 headers={'access-control-allow-origin': '*', 'x-dns-prefetch-control': 'off', 'x-frame-options': 'SAMEORIGIN', 'strict-transport-security': 'max-age=15552000; includeSubDomains', 'x-download-options': 'noopen', 'x-content-type-options': 'nosniff', 'x-xss-protection': '1; mode=block', 'x-moesif-transaction-id': '11e5a709-8c16-453d-8b6c-10960c7e6442', 'content-type': 'application/json; charset=utf-8', 'X-Cloud-Trace-Context': '103f8e3b4fdc2943779b7d580f71e590;o=1', 'Date': 'Thu, 22 Jun 2023 01:07:08 GMT', 'Server': 'Google Frontend', 'Content-Length': '477'} 
 body={
    "quantidade": 2,
    "usuarios": [
        {
            "nome": "Fulano da Silva",
            "email": "fulano@qa.com",
            "password": "teste",
            "administrador": "true",
            "_id": "0uxuPY0cbmQhpEz1"
        },
        {
            "nome": "Rodger",
            "email": "Ashleigh.Bahringer@hotmail.com",
            "password": "IoFGmqbZPDgAJRL",
            "administrador": "true",
            "_id": "oOurb3FFxSy41oc5"
        }
    ]
} 
 </msg>
<msg timestamp="20230622 01:07:08.213" level="INFO">${response} = &lt;Response [200]&gt;</msg>
<status status="PASS" starttime="20230622 01:07:08.000" endtime="20230622 01:07:08.213"/>
</kw>
<kw name="Set Test Variable" library="BuiltIn">
<arg>${response}</arg>
<doc>Makes a variable available everywhere within the scope of the current test.</doc>
<msg timestamp="20230622 01:07:08.214" level="INFO">${response} = &lt;Response [200]&gt;</msg>
<status status="PASS" starttime="20230622 01:07:08.213" endtime="20230622 01:07:08.214"/>
</kw>
<status status="PASS" starttime="20230622 01:07:08.000" endtime="20230622 01:07:08.214"/>
</kw>
<kw name="Then the response status code should be 200" library="test_keywords_users" sourcename="Then the response status code should be ${status_code}">
<kw name="Should Be Equal As Numbers" library="BuiltIn">
<arg>${response.status_code}</arg>
<arg>${status_code}</arg>
<doc>Fails if objects are unequal after converting them to real numbers.</doc>
<msg timestamp="20230622 01:07:08.215" level="INFO">Argument types are:
&lt;class 'int'&gt;
&lt;class 'str'&gt;</msg>
<status status="PASS" starttime="20230622 01:07:08.214" endtime="20230622 01:07:08.216"/>
</kw>
<kw name="Should Be True" library="BuiltIn">
<arg>${response.json()}</arg>
<doc>Fails if the given condition is not true.</doc>
<status status="PASS" starttime="20230622 01:07:08.216" endtime="20230622 01:07:08.217"/>
</kw>
<status status="PASS" starttime="20230622 01:07:08.214" endtime="20230622 01:07:08.217"/>
</kw>
<kw name="And the response body should not be empty" library="test_keywords_users">
<kw name="Should Not Be Empty" library="BuiltIn">
<arg>${response.json()}</arg>
<doc>Verifies that the given item is not empty.</doc>
<msg timestamp="20230622 01:07:08.218" level="INFO">Length is 2</msg>
<status status="PASS" starttime="20230622 01:07:08.217" endtime="20230622 01:07:08.218"/>
</kw>
<status status="PASS" starttime="20230622 01:07:08.217" endtime="20230622 01:07:08.218"/>
</kw>
<tag>api</tag>
<status status="PASS" starttime="20230622 01:07:07.997" endtime="20230622 01:07:08.218"/>
</test>
<test id="s1-s1-s1-t2" name="Scenario: Create a new user" line="15">
<kw name="Before Tests" library="test_keywords_common" type="SETUP">
<kw name="Create Session" library="RequestsLibrary">
<arg>serverest</arg>
<arg>${SERVER_BASE_URL}</arg>
<arg>disable_warnings=True</arg>
<doc>Create Session: create a HTTP session to a server</doc>
<msg timestamp="20230622 01:07:08.220" level="INFO">Creating Session using : alias=serverest, url=https://serverest.dev, headers={},                     cookies={}, auth=None, timeout=None, proxies=None, verify=False,                     debug=0 </msg>
<status status="PASS" starttime="20230622 01:07:08.220" endtime="20230622 01:07:08.220"/>
</kw>
<status status="PASS" starttime="20230622 01:07:08.219" endtime="20230622 01:07:08.220"/>
</kw>
<kw name="Given I have a valid user data" library="test_keywords_users">
<kw name="Name" library="FakerLibrary">
<var>${name}</var>
<doc>:example 'John Doe'</doc>
<msg timestamp="20230622 01:07:08.221" level="INFO">${name} = Tonya Hoover</msg>
<status status="PASS" starttime="20230622 01:07:08.221" endtime="20230622 01:07:08.222"/>
</kw>
<kw name="Email" library="FakerLibrary">
<var>${email}</var>
<msg timestamp="20230622 01:07:08.222" level="INFO">${email} = warrenblankenship@example.com</msg>
<status status="PASS" starttime="20230622 01:07:08.222" endtime="20230622 01:07:08.222"/>
</kw>
<kw name="Password" library="FakerLibrary">
<var>${password}</var>
<arg>length=12</arg>
<arg>special_chars=False</arg>
<doc>Generate a random password of the specified ``length``.</doc>
<msg timestamp="20230622 01:07:08.223" level="INFO">${password} = 5SSMVCKt369h</msg>
<status status="PASS" starttime="20230622 01:07:08.223" endtime="20230622 01:07:08.223"/>
</kw>
<kw name="Set Suite Variable" library="BuiltIn">
<arg>${name}</arg>
<doc>Makes a variable available everywhere within the scope of the current suite.</doc>
<msg timestamp="20230622 01:07:08.223" level="INFO">${name} = Tonya Hoover</msg>
<status status="PASS" starttime="20230622 01:07:08.223" endtime="20230622 01:07:08.223"/>
</kw>
<kw name="Set Suite Variable" library="BuiltIn">
<arg>${email}</arg>
<doc>Makes a variable available everywhere within the scope of the current suite.</doc>
<msg timestamp="20230622 01:07:08.224" level="INFO">${email} = warrenblankenship@example.com</msg>
<status status="PASS" starttime="20230622 01:07:08.224" endtime="20230622 01:07:08.224"/>
</kw>
<kw name="Set Suite Variable" library="BuiltIn">
<arg>${password}</arg>
<doc>Makes a variable available everywhere within the scope of the current suite.</doc>
<msg timestamp="20230622 01:07:08.224" level="INFO">${password} = 5SSMVCKt369h</msg>
<status status="PASS" starttime="20230622 01:07:08.224" endtime="20230622 01:07:08.224"/>
</kw>
<status status="PASS" starttime="20230622 01:07:08.221" endtime="20230622 01:07:08.224"/>
</kw>
<kw name="When I create the user" library="test_keywords_users">
<kw name="Create Dictionary" library="BuiltIn">
<var>${payload}</var>
<arg>nome=${name}</arg>
<arg>email=${email}</arg>
<arg>password=${password}</arg>
<arg>administrador=false</arg>
<doc>Creates and returns a dictionary based on the given ``items``.</doc>
<msg timestamp="20230622 01:07:08.226" level="INFO">${payload} = {'nome': 'Tonya Hoover', 'email': 'warrenblankenship@example.com', 'password': '5SSMVCKt369h', 'administrador': 'false'}</msg>
<status status="PASS" starttime="20230622 01:07:08.225" endtime="20230622 01:07:08.226"/>
</kw>
<kw name="Create Dictionary" library="BuiltIn">
<var>${headers}</var>
<arg>Content-Type=application/json</arg>
<doc>Creates and returns a dictionary based on the given ``items``.</doc>
<msg timestamp="20230622 01:07:08.226" level="INFO">${headers} = {'Content-Type': 'application/json'}</msg>
<status status="PASS" starttime="20230622 01:07:08.226" endtime="20230622 01:07:08.226"/>
</kw>
<kw name="POST On Session" library="RequestsLibrary">
<var>${response}</var>
<arg>serverest</arg>
<arg>${USERS_API_ENDPOINT}</arg>
<arg>json=${payload}</arg>
<arg>headers=${headers}</arg>
<doc>Sends a POST request on a previously created HTTP Session.</doc>
<msg timestamp="20230622 01:07:08.331" level="INFO">POST Request : url=https://serverest.dev/usuarios 
 path_url=/usuarios 
 headers={'User-Agent': 'python-requests/2.31.0', 'Accept-Encoding': 'gzip, deflate', 'Accept': '*/*', 'Connection': 'keep-alive', 'Content-Type': 'application/json', 'Content-Length': '120'} 
 body=b'{"nome": "Tonya Hoover", "email": "warrenblankenship@example.com", "password": "5SSMVCKt369h", "administrador": "false"}' 
 </msg>
<msg timestamp="20230622 01:07:08.331" level="INFO">POST Response : url=https://serverest.dev/usuarios 
 status=201, reason=Created 
 headers={'access-control-allow-origin': '*', 'x-dns-prefetch-control': 'off', 'x-frame-options': 'SAMEORIGIN', 'strict-transport-security': 'max-age=15552000; includeSubDomains', 'x-download-options': 'noopen', 'x-content-type-options': 'nosniff', 'x-xss-protection': '1; mode=block', 'x-moesif-transaction-id': '512cb542-7398-4afa-9c55-a3468030f1eb', 'content-type': 'application/json; charset=utf-8', 'X-Cloud-Trace-Context': '59ef8b725f79caf44d2e54f6aa3a3ac7', 'Date': 'Thu, 22 Jun 2023 01:07:08 GMT', 'Server': 'Google Frontend', 'Content-Length': '82'} 
 body={
    "message": "Cadastro realizado com sucesso",
    "_id": "YDgCqzZPpI2so5Lr"
} 
 </msg>
<msg timestamp="20230622 01:07:08.331" level="INFO">${response} = &lt;Response [201]&gt;</msg>
<status status="PASS" starttime="20230622 01:07:08.226" endtime="20230622 01:07:08.331"/>
</kw>
<kw name="Set Variable" library="BuiltIn">
<var>${user_id}</var>
<arg>${response.json()['_id']}</arg>
<doc>Returns the given values which can then be assigned to a variables.</doc>
<msg timestamp="20230622 01:07:08.332" level="INFO">${user_id} = YDgCqzZPpI2so5Lr</msg>
<status status="PASS" starttime="20230622 01:07:08.331" endtime="20230622 01:07:08.332"/>
</kw>
<kw name="Set Global Variable" library="BuiltIn">
<arg>${USER_ID}</arg>
<arg>${user_id}</arg>
<doc>Makes a variable available globally in all tests and suites.</doc>
<msg timestamp="20230622 01:07:08.333" level="INFO">${USER_ID} = YDgCqzZPpI2so5Lr</msg>
<status status="PASS" starttime="20230622 01:07:08.333" endtime="20230622 01:07:08.333"/>
</kw>
<kw name="Set Test Variable" library="BuiltIn">
<arg>${response}</arg>
<doc>Makes a variable available everywhere within the scope of the current test.</doc>
<msg timestamp="20230622 01:07:08.334" level="INFO">${response} = &lt;Response [201]&gt;</msg>
<status status="PASS" starttime="20230622 01:07:08.333" endtime="20230622 01:07:08.334"/>
</kw>
<status status="PASS" starttime="20230622 01:07:08.225" endtime="20230622 01:07:08.334"/>
</kw>
<kw name="Then the response status code should be 201" library="test_keywords_users" sourcename="Then the response status code should be ${status_code}">
<kw name="Should Be Equal As Numbers" library="BuiltIn">
<arg>${response.status_code}</arg>
<arg>${status_code}</arg>
<doc>Fails if objects are unequal after converting them to real numbers.</doc>
<msg timestamp="20230622 01:07:08.335" level="INFO">Argument types are:
&lt;class 'int'&gt;
&lt;class 'str'&gt;</msg>
<status status="PASS" starttime="20230622 01:07:08.334" endtime="20230622 01:07:08.335"/>
</kw>
<kw name="Should Be True" library="BuiltIn">
<arg>${response.json()}</arg>
<doc>Fails if the given condition is not true.</doc>
<status status="PASS" starttime="20230622 01:07:08.336" endtime="20230622 01:07:08.336"/>
</kw>
<status status="PASS" starttime="20230622 01:07:08.334" endtime="20230622 01:07:08.336"/>
</kw>
<kw name="And the response body should not be empty" library="test_keywords_users">
<kw name="Should Not Be Empty" library="BuiltIn">
<arg>${response.json()}</arg>
<doc>Verifies that the given item is not empty.</doc>
<msg timestamp="20230622 01:07:08.338" level="INFO">Length is 2</msg>
<status status="PASS" starttime="20230622 01:07:08.337" endtime="20230622 01:07:08.338"/>
</kw>
<status status="PASS" starttime="20230622 01:07:08.337" endtime="20230622 01:07:08.338"/>
</kw>
<tag>api</tag>
<status status="PASS" starttime="20230622 01:07:08.219" endtime="20230622 01:07:08.338"/>
</test>
<test id="s1-s1-s1-t3" name="Scenario: Get a specific user informations" line="22">
<kw name="Before Tests" library="test_keywords_common" type="SETUP">
<kw name="Create Session" library="RequestsLibrary">
<arg>serverest</arg>
<arg>${SERVER_BASE_URL}</arg>
<arg>disable_warnings=True</arg>
<doc>Create Session: create a HTTP session to a server</doc>
<msg timestamp="20230622 01:07:08.340" level="INFO">Creating Session using : alias=serverest, url=https://serverest.dev, headers={},                     cookies={}, auth=None, timeout=None, proxies=None, verify=False,                     debug=0 </msg>
<status status="PASS" starttime="20230622 01:07:08.340" endtime="20230622 01:07:08.341"/>
</kw>
<status status="PASS" starttime="20230622 01:07:08.339" endtime="20230622 01:07:08.341"/>
</kw>
<kw name="When I request the created user" library="test_keywords_users">
<kw name="GET On Session" library="RequestsLibrary">
<var>${response}</var>
<arg>serverest</arg>
<arg>${USERS_API_ENDPOINT}/${USER_ID}</arg>
<doc>Sends a GET request on a previously created HTTP Session.</doc>
<msg timestamp="20230622 01:07:08.442" level="INFO">GET Request : url=https://serverest.dev/usuarios/YDgCqzZPpI2so5Lr 
 path_url=/usuarios/YDgCqzZPpI2so5Lr 
 headers={'User-Agent': 'python-requests/2.31.0', 'Accept-Encoding': 'gzip, deflate', 'Accept': '*/*', 'Connection': 'keep-alive'} 
 body=None 
 </msg>
<msg timestamp="20230622 01:07:08.442" level="INFO">GET Response : url=https://serverest.dev/usuarios/YDgCqzZPpI2so5Lr 
 status=200, reason=OK 
 headers={'access-control-allow-origin': '*', 'x-dns-prefetch-control': 'off', 'x-frame-options': 'SAMEORIGIN', 'strict-transport-security': 'max-age=15552000; includeSubDomains', 'x-download-options': 'noopen', 'x-content-type-options': 'nosniff', 'x-xss-protection': '1; mode=block', 'x-moesif-transaction-id': 'd9156064-c554-40db-8422-554a7c4fd132', 'content-type': 'application/json; charset=utf-8', 'X-Cloud-Trace-Context': 'bc35c3745d677dbbe9c42e04b20165b8', 'Date': 'Thu, 22 Jun 2023 01:07:08 GMT', 'Server': 'Google Frontend', 'Content-Length': '169'} 
 body={
    "nome": "Tonya Hoover",
    "email": "warrenblankenship@example.com",
    "password": "5SSMVCKt369h",
    "administrador": "false",
    "_id": "YDgCqzZPpI2so5Lr"
} 
 </msg>
<msg timestamp="20230622 01:07:08.442" level="INFO">${response} = &lt;Response [200]&gt;</msg>
<status status="PASS" starttime="20230622 01:07:08.341" endtime="20230622 01:07:08.442"/>
</kw>
<kw name="Set Test Variable" library="BuiltIn">
<arg>${response}</arg>
<doc>Makes a variable available everywhere within the scope of the current test.</doc>
<msg timestamp="20230622 01:07:08.443" level="INFO">${response} = &lt;Response [200]&gt;</msg>
<status status="PASS" starttime="20230622 01:07:08.442" endtime="20230622 01:07:08.443"/>
</kw>
<status status="PASS" starttime="20230622 01:07:08.341" endtime="20230622 01:07:08.443"/>
</kw>
<kw name="Then the response status code should be 200" library="test_keywords_users" sourcename="Then the response status code should be ${status_code}">
<kw name="Should Be Equal As Numbers" library="BuiltIn">
<arg>${response.status_code}</arg>
<arg>${status_code}</arg>
<doc>Fails if objects are unequal after converting them to real numbers.</doc>
<msg timestamp="20230622 01:07:08.445" level="INFO">Argument types are:
&lt;class 'int'&gt;
&lt;class 'str'&gt;</msg>
<status status="PASS" starttime="20230622 01:07:08.444" endtime="20230622 01:07:08.445"/>
</kw>
<kw name="Should Be True" library="BuiltIn">
<arg>${response.json()}</arg>
<doc>Fails if the given condition is not true.</doc>
<status status="PASS" starttime="20230622 01:07:08.445" endtime="20230622 01:07:08.446"/>
</kw>
<status status="PASS" starttime="20230622 01:07:08.443" endtime="20230622 01:07:08.446"/>
</kw>
<kw name="And the response body should not be empty" library="test_keywords_users">
<kw name="Should Not Be Empty" library="BuiltIn">
<arg>${response.json()}</arg>
<doc>Verifies that the given item is not empty.</doc>
<msg timestamp="20230622 01:07:08.448" level="INFO">Length is 5</msg>
<status status="PASS" starttime="20230622 01:07:08.447" endtime="20230622 01:07:08.448"/>
</kw>
<status status="PASS" starttime="20230622 01:07:08.446" endtime="20230622 01:07:08.448"/>
</kw>
<tag>api</tag>
<status status="PASS" starttime="20230622 01:07:08.339" endtime="20230622 01:07:08.448"/>
</test>
<test id="s1-s1-s1-t4" name="Scenario: Update the created user" line="28">
<kw name="Before Tests" library="test_keywords_common" type="SETUP">
<kw name="Create Session" library="RequestsLibrary">
<arg>serverest</arg>
<arg>${SERVER_BASE_URL}</arg>
<arg>disable_warnings=True</arg>
<doc>Create Session: create a HTTP session to a server</doc>
<msg timestamp="20230622 01:07:08.450" level="INFO">Creating Session using : alias=serverest, url=https://serverest.dev, headers={},                     cookies={}, auth=None, timeout=None, proxies=None, verify=False,                     debug=0 </msg>
<status status="PASS" starttime="20230622 01:07:08.449" endtime="20230622 01:07:08.450"/>
</kw>
<status status="PASS" starttime="20230622 01:07:08.449" endtime="20230622 01:07:08.450"/>
</kw>
<kw name="When I update the created user" library="test_keywords_users">
<kw name="Create Dictionary" library="BuiltIn">
<var>${payload}</var>
<arg>nome=John Smith</arg>
<arg>email=john.smith@example.com</arg>
<arg>password=P@ssw0rd123</arg>
<arg>administrador=false</arg>
<doc>Creates and returns a dictionary based on the given ``items``.</doc>
<msg timestamp="20230622 01:07:08.451" level="INFO">${payload} = {'nome': 'John Smith', 'email': 'john.smith@example.com', 'password': 'P@ssw0rd123', 'administrador': 'false'}</msg>
<status status="PASS" starttime="20230622 01:07:08.451" endtime="20230622 01:07:08.451"/>
</kw>
<kw name="Create Dictionary" library="BuiltIn">
<var>${headers}</var>
<arg>Content-Type=application/json</arg>
<doc>Creates and returns a dictionary based on the given ``items``.</doc>
<msg timestamp="20230622 01:07:08.452" level="INFO">${headers} = {'Content-Type': 'application/json'}</msg>
<status status="PASS" starttime="20230622 01:07:08.451" endtime="20230622 01:07:08.452"/>
</kw>
<kw name="PUT On Session" library="RequestsLibrary">
<var>${response}</var>
<arg>serverest</arg>
<arg>${USERS_API_ENDPOINT}/${USER_ID}</arg>
<arg>json=${payload}</arg>
<arg>headers=${headers}</arg>
<doc>Sends a PUT request on a previously created HTTP Session.</doc>
<msg timestamp="20230622 01:07:08.547" level="INFO">PUT Request : url=https://serverest.dev/usuarios/YDgCqzZPpI2so5Lr 
 path_url=/usuarios/YDgCqzZPpI2so5Lr 
 headers={'User-Agent': 'python-requests/2.31.0', 'Accept-Encoding': 'gzip, deflate', 'Accept': '*/*', 'Connection': 'keep-alive', 'Content-Type': 'application/json', 'Content-Length': '110'} 
 body=b'{"nome": "John Smith", "email": "john.smith@example.com", "password": "P@ssw0rd123", "administrador": "false"}' 
 </msg>
<msg timestamp="20230622 01:07:08.547" level="INFO">PUT Response : url=https://serverest.dev/usuarios/YDgCqzZPpI2so5Lr 
 status=200, reason=OK 
 headers={'access-control-allow-origin': '*', 'x-dns-prefetch-control': 'off', 'x-frame-options': 'SAMEORIGIN', 'strict-transport-security': 'max-age=15552000; includeSubDomains', 'x-download-options': 'noopen', 'x-content-type-options': 'nosniff', 'x-xss-protection': '1; mode=block', 'x-moesif-transaction-id': 'e5495daa-48af-45be-a35d-280b9bac5c78', 'content-type': 'application/json; charset=utf-8', 'X-Cloud-Trace-Context': '7bb05e10d9346cf5762a244f208036c7', 'Date': 'Thu, 22 Jun 2023 01:07:08 GMT', 'Server': 'Google Frontend', 'Content-Length': '50'} 
 body={
    "message": "Registro alterado com sucesso"
} 
 </msg>
<msg timestamp="20230622 01:07:08.548" level="INFO">${response} = &lt;Response [200]&gt;</msg>
<status status="PASS" starttime="20230622 01:07:08.452" endtime="20230622 01:07:08.548"/>
</kw>
<kw name="Set Test Variable" library="BuiltIn">
<arg>${response}</arg>
<doc>Makes a variable available everywhere within the scope of the current test.</doc>
<msg timestamp="20230622 01:07:08.548" level="INFO">${response} = &lt;Response [200]&gt;</msg>
<status status="PASS" starttime="20230622 01:07:08.548" endtime="20230622 01:07:08.549"/>
</kw>
<status status="PASS" starttime="20230622 01:07:08.450" endtime="20230622 01:07:08.549"/>
</kw>
<kw name="Then the response status code should be 200" library="test_keywords_users" sourcename="Then the response status code should be ${status_code}">
<kw name="Should Be Equal As Numbers" library="BuiltIn">
<arg>${response.status_code}</arg>
<arg>${status_code}</arg>
<doc>Fails if objects are unequal after converting them to real numbers.</doc>
<msg timestamp="20230622 01:07:08.550" level="INFO">Argument types are:
&lt;class 'int'&gt;
&lt;class 'str'&gt;</msg>
<status status="PASS" starttime="20230622 01:07:08.549" endtime="20230622 01:07:08.550"/>
</kw>
<kw name="Should Be True" library="BuiltIn">
<arg>${response.json()}</arg>
<doc>Fails if the given condition is not true.</doc>
<status status="PASS" starttime="20230622 01:07:08.550" endtime="20230622 01:07:08.552"/>
</kw>
<status status="PASS" starttime="20230622 01:07:08.549" endtime="20230622 01:07:08.552"/>
</kw>
<kw name="And the response body should not be empty" library="test_keywords_users">
<kw name="Should Not Be Empty" library="BuiltIn">
<arg>${response.json()}</arg>
<doc>Verifies that the given item is not empty.</doc>
<msg timestamp="20230622 01:07:08.553" level="INFO">Length is 1</msg>
<status status="PASS" starttime="20230622 01:07:08.552" endtime="20230622 01:07:08.553"/>
</kw>
<status status="PASS" starttime="20230622 01:07:08.552" endtime="20230622 01:07:08.553"/>
</kw>
<tag>api</tag>
<status status="PASS" starttime="20230622 01:07:08.448" endtime="20230622 01:07:08.553"/>
</test>
<test id="s1-s1-s1-t5" name="Scenario: Delete the created user" line="34">
<kw name="Before Tests" library="test_keywords_common" type="SETUP">
<kw name="Create Session" library="RequestsLibrary">
<arg>serverest</arg>
<arg>${SERVER_BASE_URL}</arg>
<arg>disable_warnings=True</arg>
<doc>Create Session: create a HTTP session to a server</doc>
<msg timestamp="20230622 01:07:08.556" level="INFO">Creating Session using : alias=serverest, url=https://serverest.dev, headers={},                     cookies={}, auth=None, timeout=None, proxies=None, verify=False,                     debug=0 </msg>
<status status="PASS" starttime="20230622 01:07:08.555" endtime="20230622 01:07:08.556"/>
</kw>
<status status="PASS" starttime="20230622 01:07:08.555" endtime="20230622 01:07:08.556"/>
</kw>
<kw name="When I delete the created user" library="test_keywords_users">
<kw name="DELETE On Session" library="RequestsLibrary">
<var>${response}</var>
<arg>serverest</arg>
<arg>${USERS_API_ENDPOINT}/${USER_ID}</arg>
<doc>Sends a DELETE request on a previously created HTTP Session.</doc>
<msg timestamp="20230622 01:07:08.654" level="INFO">DELETE Request : url=https://serverest.dev/usuarios/YDgCqzZPpI2so5Lr 
 path_url=/usuarios/YDgCqzZPpI2so5Lr 
 headers={'User-Agent': 'python-requests/2.31.0', 'Accept-Encoding': 'gzip, deflate', 'Accept': '*/*', 'Connection': 'keep-alive', 'Content-Length': '0'} 
 body=None 
 </msg>
<msg timestamp="20230622 01:07:08.654" level="INFO">DELETE Response : url=https://serverest.dev/usuarios/YDgCqzZPpI2so5Lr 
 status=200, reason=OK 
 headers={'access-control-allow-origin': '*', 'x-dns-prefetch-control': 'off', 'x-frame-options': 'SAMEORIGIN', 'strict-transport-security': 'max-age=15552000; includeSubDomains', 'x-download-options': 'noopen', 'x-content-type-options': 'nosniff', 'x-xss-protection': '1; mode=block', 'x-moesif-transaction-id': '59cf7148-f4c7-4352-9149-9def3d293417', 'content-type': 'application/json; charset=utf-8', 'X-Cloud-Trace-Context': '97f9762166cb965e5ef33ad2d763feb3', 'Date': 'Thu, 22 Jun 2023 01:07:08 GMT', 'Server': 'Google Frontend', 'Content-Length': '51'} 
 body={
    "message": "Registro excluído com sucesso"
} 
 </msg>
<msg timestamp="20230622 01:07:08.655" level="INFO">${response} = &lt;Response [200]&gt;</msg>
<status status="PASS" starttime="20230622 01:07:08.556" endtime="20230622 01:07:08.655"/>
</kw>
<kw name="Set Test Variable" library="BuiltIn">
<arg>${response}</arg>
<doc>Makes a variable available everywhere within the scope of the current test.</doc>
<msg timestamp="20230622 01:07:08.655" level="INFO">${response} = &lt;Response [200]&gt;</msg>
<status status="PASS" starttime="20230622 01:07:08.655" endtime="20230622 01:07:08.656"/>
</kw>
<status status="PASS" starttime="20230622 01:07:08.556" endtime="20230622 01:07:08.656"/>
</kw>
<kw name="Then the response status code should be 200" library="test_keywords_users" sourcename="Then the response status code should be ${status_code}">
<kw name="Should Be Equal As Numbers" library="BuiltIn">
<arg>${response.status_code}</arg>
<arg>${status_code}</arg>
<doc>Fails if objects are unequal after converting them to real numbers.</doc>
<msg timestamp="20230622 01:07:08.657" level="INFO">Argument types are:
&lt;class 'int'&gt;
&lt;class 'str'&gt;</msg>
<status status="PASS" starttime="20230622 01:07:08.656" endtime="20230622 01:07:08.658"/>
</kw>
<kw name="Should Be True" library="BuiltIn">
<arg>${response.json()}</arg>
<doc>Fails if the given condition is not true.</doc>
<status status="PASS" starttime="20230622 01:07:08.658" endtime="20230622 01:07:08.659"/>
</kw>
<status status="PASS" starttime="20230622 01:07:08.656" endtime="20230622 01:07:08.659"/>
</kw>
<kw name="And the response body should not be empty" library="test_keywords_users">
<kw name="Should Not Be Empty" library="BuiltIn">
<arg>${response.json()}</arg>
<doc>Verifies that the given item is not empty.</doc>
<msg timestamp="20230622 01:07:08.660" level="INFO">Length is 1</msg>
<status status="PASS" starttime="20230622 01:07:08.659" endtime="20230622 01:07:08.660"/>
</kw>
<status status="PASS" starttime="20230622 01:07:08.659" endtime="20230622 01:07:08.660"/>
</kw>
<tag>api</tag>
<status status="PASS" starttime="20230622 01:07:08.554" endtime="20230622 01:07:08.660"/>
</test>
<status status="PASS" starttime="20230622 01:07:07.457" endtime="20230622 01:07:08.662"/>
</suite>
<status status="PASS" starttime="20230622 01:07:07.456" endtime="20230622 01:07:08.664"/>
</suite>
<suite id="s1-s2" name="E2E" source="/home/runner/work/gen-ai-robot-test/gen-ai-robot-test/tests/e2e">
<suite id="s1-s2-s1" name="Test Ui Signup" source="/home/runner/work/gen-ai-robot-test/gen-ai-robot-test/tests/e2e/test_ui_signup.robot">
<test id="s1-s2-s1-t1" name="Scenario: Signup with empty fields" line="10">
<kw name="Before Tests" library="test_keywords_common" type="SETUP">
<kw name="Open Browser" library="SeleniumLibrary">
<arg>${SERVER_BASE_URL}</arg>
<arg>${HEADLESS} ${BROWSER}</arg>
<doc>Opens a new browser instance to the optional ``url``.</doc>
<msg timestamp="20230622 01:07:08.678" level="INFO">Opening browser 'headless Chrome' to base url 'https://front.serverest.dev/'.</msg>
<status status="PASS" starttime="20230622 01:07:08.678" endtime="20230622 01:07:10.803"/>
</kw>
<kw name="Maximize Browser Window" library="SeleniumLibrary">
<doc>Maximizes current browser window.</doc>
<status status="PASS" starttime="20230622 01:07:10.804" endtime="20230622 01:07:10.910"/>
</kw>
<status status="PASS" starttime="20230622 01:07:08.677" endtime="20230622 01:07:10.910"/>
</kw>
<kw name="Given Im on the signup page" library="test_keywords_signup">
<kw name="Location Should Be" library="SeleniumLibrary">
<arg>https://front.serverest.dev/login</arg>
<doc>Verifies that the current URL is exactly ``url``.</doc>
<msg timestamp="20230622 01:07:10.917" level="INFO">Current location is 'https://front.serverest.dev/login'.</msg>
<status status="PASS" starttime="20230622 01:07:10.911" endtime="20230622 01:07:10.918"/>
</kw>
<kw name="Click Element" library="SeleniumLibrary">
<arg>css=a.btn.btn-link</arg>
<doc>Click the element identified by ``locator``.</doc>
<msg timestamp="20230622 01:07:10.919" level="INFO">Clicking element 'css=a.btn.btn-link'.</msg>
<status status="PASS" starttime="20230622 01:07:10.918" endtime="20230622 01:07:11.032"/>
</kw>
<status status="PASS" starttime="20230622 01:07:10.910" endtime="20230622 01:07:11.033"/>
</kw>
<kw name="When I click in signup" library="test_keywords_signup">
<kw name="Click Button" library="SeleniumLibrary">
<arg>css=.btn.btn-primary</arg>
<doc>Clicks the button identified by ``locator``.</doc>
<msg timestamp="20230622 01:07:11.034" level="INFO">Clicking button 'css=.btn.btn-primary'.</msg>
<status status="PASS" starttime="20230622 01:07:11.033" endtime="20230622 01:07:11.112"/>
</kw>
<status status="PASS" starttime="20230622 01:07:11.033" endtime="20230622 01:07:11.112"/>
</kw>
<kw name="Then required field messages should be displayed" library="test_keywords_signup">
<kw name="Wait Until Element Is Visible" library="SeleniumLibrary">
<arg>css=.alert-dismissible</arg>
<arg>timeout=10s</arg>
<doc>Waits until the element ``locator`` is visible.</doc>
<status status="PASS" starttime="20230622 01:07:11.112" endtime="20230622 01:07:11.353"/>
</kw>
<kw name="Element Should Be Visible" library="SeleniumLibrary">
<arg>css=.alert-dismissible</arg>
<doc>Verifies that the element identified by ``locator`` is visible.</doc>
<msg timestamp="20230622 01:07:11.375" level="INFO">Element 'css=.alert-dismissible' is displayed.</msg>
<status status="PASS" starttime="20230622 01:07:11.353" endtime="20230622 01:07:11.375"/>
</kw>
<kw name="Page Should Contain" library="SeleniumLibrary">
<arg>Nome é obrigatório</arg>
<doc>Verifies that current page contains ``text``.</doc>
<msg timestamp="20230622 01:07:11.401" level="INFO">Current page contains text 'Nome é obrigatório'.</msg>
<status status="PASS" starttime="20230622 01:07:11.375" endtime="20230622 01:07:11.401"/>
</kw>
<kw name="Page Should Contain" library="SeleniumLibrary">
<arg>Email é obrigatório</arg>
<doc>Verifies that current page contains ``text``.</doc>
<msg timestamp="20230622 01:07:11.417" level="INFO">Current page contains text 'Email é obrigatório'.</msg>
<status status="PASS" starttime="20230622 01:07:11.402" endtime="20230622 01:07:11.417"/>
</kw>
<kw name="Page Should Contain" library="SeleniumLibrary">
<arg>Password é obrigatório</arg>
<doc>Verifies that current page contains ``text``.</doc>
<msg timestamp="20230622 01:07:11.432" level="INFO">Current page contains text 'Password é obrigatório'.</msg>
<status status="PASS" starttime="20230622 01:07:11.417" endtime="20230622 01:07:11.432"/>
</kw>
<status status="PASS" starttime="20230622 01:07:11.112" endtime="20230622 01:07:11.432"/>
</kw>
<kw name="After Tests" library="test_keywords_common" type="TEARDOWN">
<kw name="Close Browser" library="SeleniumLibrary">
<doc>Closes the current browser.</doc>
<status status="PASS" starttime="20230622 01:07:11.433" endtime="20230622 01:07:11.490"/>
</kw>
<status status="PASS" starttime="20230622 01:07:11.432" endtime="20230622 01:07:11.490"/>
</kw>
<tag>e2e</tag>
<status status="PASS" starttime="20230622 01:07:08.677" endtime="20230622 01:07:11.490"/>
</test>
<test id="s1-s2-s1-t2" name="Scenario: Signup done successfully" line="16">
<kw name="Before Tests" library="test_keywords_common" type="SETUP">
<kw name="Open Browser" library="SeleniumLibrary">
<arg>${SERVER_BASE_URL}</arg>
<arg>${HEADLESS} ${BROWSER}</arg>
<doc>Opens a new browser instance to the optional ``url``.</doc>
<msg timestamp="20230622 01:07:11.493" level="INFO">Opening browser 'headless Chrome' to base url 'https://front.serverest.dev/'.</msg>
<status status="PASS" starttime="20230622 01:07:11.492" endtime="20230622 01:07:12.508"/>
</kw>
<kw name="Maximize Browser Window" library="SeleniumLibrary">
<doc>Maximizes current browser window.</doc>
<status status="PASS" starttime="20230622 01:07:12.508" endtime="20230622 01:07:12.613"/>
</kw>
<status status="PASS" starttime="20230622 01:07:11.492" endtime="20230622 01:07:12.613"/>
</kw>
<kw name="Given Im on the signup page" library="test_keywords_signup">
<kw name="Location Should Be" library="SeleniumLibrary">
<arg>https://front.serverest.dev/login</arg>
<doc>Verifies that the current URL is exactly ``url``.</doc>
<msg timestamp="20230622 01:07:12.619" level="INFO">Current location is 'https://front.serverest.dev/login'.</msg>
<status status="PASS" starttime="20230622 01:07:12.614" endtime="20230622 01:07:12.619"/>
</kw>
<kw name="Click Element" library="SeleniumLibrary">
<arg>css=a.btn.btn-link</arg>
<doc>Click the element identified by ``locator``.</doc>
<msg timestamp="20230622 01:07:12.620" level="INFO">Clicking element 'css=a.btn.btn-link'.</msg>
<status status="PASS" starttime="20230622 01:07:12.620" endtime="20230622 01:07:12.728"/>
</kw>
<status status="PASS" starttime="20230622 01:07:12.613" endtime="20230622 01:07:12.728"/>
</kw>
<kw name="And I fill in the signup fields with valid data" library="test_keywords_signup">
<kw name="Name" library="FakerLibrary">
<var>${name}</var>
<doc>:example 'John Doe'</doc>
<msg timestamp="20230622 01:07:12.729" level="INFO">${name} = Jennifer Wilson</msg>
<status status="PASS" starttime="20230622 01:07:12.728" endtime="20230622 01:07:12.729"/>
</kw>
<kw name="Email" library="FakerLibrary">
<var>${email}</var>
<msg timestamp="20230622 01:07:12.730" level="INFO">${email} = darrellklein@example.net</msg>
<status status="PASS" starttime="20230622 01:07:12.729" endtime="20230622 01:07:12.730"/>
</kw>
<kw name="Password" library="FakerLibrary">
<var>${password}</var>
<arg>length=12</arg>
<arg>special_chars=False</arg>
<doc>Generate a random password of the specified ``length``.</doc>
<msg timestamp="20230622 01:07:12.731" level="INFO">${password} = ig9AakqZQkxS</msg>
<status status="PASS" starttime="20230622 01:07:12.730" endtime="20230622 01:07:12.731"/>
</kw>
<kw name="Input Text" library="SeleniumLibrary">
<arg>id:nome</arg>
<arg>${name}</arg>
<doc>Types the given ``text`` into the text field identified by ``locator``.</doc>
<msg timestamp="20230622 01:07:12.731" level="INFO">Typing text 'Jennifer Wilson' into text field 'id:nome'.</msg>
<status status="PASS" starttime="20230622 01:07:12.731" endtime="20230622 01:07:12.877"/>
</kw>
<kw name="Input Text" library="SeleniumLibrary">
<arg>id:email</arg>
<arg>${email}</arg>
<doc>Types the given ``text`` into the text field identified by ``locator``.</doc>
<msg timestamp="20230622 01:07:12.878" level="INFO">Typing text 'darrellklein@example.net' into text field 'id:email'.</msg>
<status status="PASS" starttime="20230622 01:07:12.877" endtime="20230622 01:07:13.017"/>
</kw>
<kw name="Input Text" library="SeleniumLibrary">
<arg>id:password</arg>
<arg>${password}</arg>
<doc>Types the given ``text`` into the text field identified by ``locator``.</doc>
<msg timestamp="20230622 01:07:13.018" level="INFO">Typing text 'ig9AakqZQkxS' into text field 'id:password'.</msg>
<status status="PASS" starttime="20230622 01:07:13.017" endtime="20230622 01:07:13.129"/>
</kw>
<kw name="Select Checkbox" library="SeleniumLibrary">
<arg>id=administrador</arg>
<doc>Selects the checkbox identified by ``locator``.</doc>
<msg timestamp="20230622 01:07:13.130" level="INFO">Selecting checkbox 'id=administrador'.</msg>
<status status="PASS" starttime="20230622 01:07:13.130" endtime="20230622 01:07:13.214"/>
</kw>
<kw name="Set Suite Variable" library="BuiltIn">
<arg>${name}</arg>
<doc>Makes a variable available everywhere within the scope of the current suite.</doc>
<msg timestamp="20230622 01:07:13.215" level="INFO">${name} = Jennifer Wilson</msg>
<status status="PASS" starttime="20230622 01:07:13.214" endtime="20230622 01:07:13.215"/>
</kw>
<kw name="Set Suite Variable" library="BuiltIn">
<arg>${email}</arg>
<doc>Makes a variable available everywhere within the scope of the current suite.</doc>
<msg timestamp="20230622 01:07:13.215" level="INFO">${email} = darrellklein@example.net</msg>
<status status="PASS" starttime="20230622 01:07:13.215" endtime="20230622 01:07:13.215"/>
</kw>
<kw name="Set Suite Variable" library="BuiltIn">
<arg>${password}</arg>
<doc>Makes a variable available everywhere within the scope of the current suite.</doc>
<msg timestamp="20230622 01:07:13.216" level="INFO">${password} = ig9AakqZQkxS</msg>
<status status="PASS" starttime="20230622 01:07:13.215" endtime="20230622 01:07:13.216"/>
</kw>
<status status="PASS" starttime="20230622 01:07:12.728" endtime="20230622 01:07:13.216"/>
</kw>
<kw name="When I click in signup" library="test_keywords_signup">
<kw name="Click Button" library="SeleniumLibrary">
<arg>css=.btn.btn-primary</arg>
<doc>Clicks the button identified by ``locator``.</doc>
<msg timestamp="20230622 01:07:13.217" level="INFO">Clicking button 'css=.btn.btn-primary'.</msg>
<status status="PASS" starttime="20230622 01:07:13.216" endtime="20230622 01:07:13.286"/>
</kw>
<status status="PASS" starttime="20230622 01:07:13.216" endtime="20230622 01:07:13.286"/>
</kw>
<kw name="Then the page should contain the text &quot;Cadastro realizado com sucesso&quot;" library="test_keywords_signup" sourcename="Then the page should contain the text &quot;${expected_text}&quot;">
<kw name="Wait Until Element Is Visible" library="SeleniumLibrary">
<arg>css=.alert-dismissible</arg>
<arg>timeout=10s</arg>
<doc>Waits until the element ``locator`` is visible.</doc>
<status status="PASS" starttime="20230622 01:07:13.287" endtime="20230622 01:07:13.526"/>
</kw>
<kw name="Element Should Be Visible" library="SeleniumLibrary">
<arg>css=.alert-dismissible</arg>
<doc>Verifies that the element identified by ``locator`` is visible.</doc>
<msg timestamp="20230622 01:07:13.548" level="INFO">Element 'css=.alert-dismissible' is displayed.</msg>
<status status="PASS" starttime="20230622 01:07:13.526" endtime="20230622 01:07:13.548"/>
</kw>
<kw name="Page Should Contain" library="SeleniumLibrary">
<arg>${expected_text}</arg>
<doc>Verifies that current page contains ``text``.</doc>
<msg timestamp="20230622 01:07:13.563" level="INFO">Current page contains text 'Cadastro realizado com sucesso'.</msg>
<status status="PASS" starttime="20230622 01:07:13.548" endtime="20230622 01:07:13.563"/>
</kw>
<status status="PASS" starttime="20230622 01:07:13.286" endtime="20230622 01:07:13.563"/>
</kw>
<kw name="After Tests" library="test_keywords_common" type="TEARDOWN">
<kw name="Close Browser" library="SeleniumLibrary">
<doc>Closes the current browser.</doc>
<status status="PASS" starttime="20230622 01:07:13.564" endtime="20230622 01:07:13.623"/>
</kw>
<status status="PASS" starttime="20230622 01:07:13.564" endtime="20230622 01:07:13.623"/>
</kw>
<tag>e2e</tag>
<status status="PASS" starttime="20230622 01:07:11.491" endtime="20230622 01:07:13.623"/>
</test>
<test id="s1-s2-s1-t3" name="Scenario: Signup with already used email" line="23">
<kw name="Before Tests" library="test_keywords_common" type="SETUP">
<kw name="Open Browser" library="SeleniumLibrary">
<arg>${SERVER_BASE_URL}</arg>
<arg>${HEADLESS} ${BROWSER}</arg>
<doc>Opens a new browser instance to the optional ``url``.</doc>
<msg timestamp="20230622 01:07:13.626" level="INFO">Opening browser 'headless Chrome' to base url 'https://front.serverest.dev/'.</msg>
<status status="PASS" starttime="20230622 01:07:13.625" endtime="20230622 01:07:14.622"/>
</kw>
<kw name="Maximize Browser Window" library="SeleniumLibrary">
<doc>Maximizes current browser window.</doc>
<status status="PASS" starttime="20230622 01:07:14.622" endtime="20230622 01:07:14.727"/>
</kw>
<status status="PASS" starttime="20230622 01:07:13.625" endtime="20230622 01:07:14.727"/>
</kw>
<kw name="Given Im on the signup page" library="test_keywords_signup">
<kw name="Location Should Be" library="SeleniumLibrary">
<arg>https://front.serverest.dev/login</arg>
<doc>Verifies that the current URL is exactly ``url``.</doc>
<msg timestamp="20230622 01:07:14.734" level="INFO">Current location is 'https://front.serverest.dev/login'.</msg>
<status status="PASS" starttime="20230622 01:07:14.728" endtime="20230622 01:07:14.734"/>
</kw>
<kw name="Click Element" library="SeleniumLibrary">
<arg>css=a.btn.btn-link</arg>
<doc>Click the element identified by ``locator``.</doc>
<msg timestamp="20230622 01:07:14.735" level="INFO">Clicking element 'css=a.btn.btn-link'.</msg>
<status status="PASS" starttime="20230622 01:07:14.735" endtime="20230622 01:07:14.845"/>
</kw>
<status status="PASS" starttime="20230622 01:07:14.728" endtime="20230622 01:07:14.845"/>
</kw>
<kw name="And I fill in the signup fields with an email already registered" library="test_keywords_signup">
<kw name="Input Text" library="SeleniumLibrary">
<arg>id:nome</arg>
<arg>${name}</arg>
<doc>Types the given ``text`` into the text field identified by ``locator``.</doc>
<msg timestamp="20230622 01:07:14.847" level="INFO">Typing text 'Jennifer Wilson' into text field 'id:nome'.</msg>
<status status="PASS" starttime="20230622 01:07:14.846" endtime="20230622 01:07:14.987"/>
</kw>
<kw name="Input Text" library="SeleniumLibrary">
<arg>id:email</arg>
<arg>${email}</arg>
<doc>Types the given ``text`` into the text field identified by ``locator``.</doc>
<msg timestamp="20230622 01:07:14.988" level="INFO">Typing text 'darrellklein@example.net' into text field 'id:email'.</msg>
<status status="PASS" starttime="20230622 01:07:14.987" endtime="20230622 01:07:15.131"/>
</kw>
<kw name="Input Text" library="SeleniumLibrary">
<arg>id:password</arg>
<arg>${password}</arg>
<doc>Types the given ``text`` into the text field identified by ``locator``.</doc>
<msg timestamp="20230622 01:07:15.132" level="INFO">Typing text 'ig9AakqZQkxS' into text field 'id:password'.</msg>
<status status="PASS" starttime="20230622 01:07:15.131" endtime="20230622 01:07:15.245"/>
</kw>
<kw name="Select Checkbox" library="SeleniumLibrary">
<arg>id=administrador</arg>
<doc>Selects the checkbox identified by ``locator``.</doc>
<msg timestamp="20230622 01:07:15.246" level="INFO">Selecting checkbox 'id=administrador'.</msg>
<status status="PASS" starttime="20230622 01:07:15.245" endtime="20230622 01:07:15.334"/>
</kw>
<status status="PASS" starttime="20230622 01:07:14.846" endtime="20230622 01:07:15.334"/>
</kw>
<kw name="When I click in signup" library="test_keywords_signup">
<kw name="Click Button" library="SeleniumLibrary">
<arg>css=.btn.btn-primary</arg>
<doc>Clicks the button identified by ``locator``.</doc>
<msg timestamp="20230622 01:07:15.335" level="INFO">Clicking button 'css=.btn.btn-primary'.</msg>
<status status="PASS" starttime="20230622 01:07:15.335" endtime="20230622 01:07:15.407"/>
</kw>
<status status="PASS" starttime="20230622 01:07:15.334" endtime="20230622 01:07:15.407"/>
</kw>
<kw name="Then the page should contain the text &quot;Este email já está sendo usado&quot;" library="test_keywords_signup" sourcename="Then the page should contain the text &quot;${expected_text}&quot;">
<kw name="Wait Until Element Is Visible" library="SeleniumLibrary">
<arg>css=.alert-dismissible</arg>
<arg>timeout=10s</arg>
<doc>Waits until the element ``locator`` is visible.</doc>
<status status="PASS" starttime="20230622 01:07:15.408" endtime="20230622 01:07:15.647"/>
</kw>
<kw name="Element Should Be Visible" library="SeleniumLibrary">
<arg>css=.alert-dismissible</arg>
<doc>Verifies that the element identified by ``locator`` is visible.</doc>
<msg timestamp="20230622 01:07:15.668" level="INFO">Element 'css=.alert-dismissible' is displayed.</msg>
<status status="PASS" starttime="20230622 01:07:15.647" endtime="20230622 01:07:15.669"/>
</kw>
<kw name="Page Should Contain" library="SeleniumLibrary">
<arg>${expected_text}</arg>
<doc>Verifies that current page contains ``text``.</doc>
<msg timestamp="20230622 01:07:15.685" level="INFO">Current page contains text 'Este email já está sendo usado'.</msg>
<status status="PASS" starttime="20230622 01:07:15.669" endtime="20230622 01:07:15.685"/>
</kw>
<status status="PASS" starttime="20230622 01:07:15.407" endtime="20230622 01:07:15.685"/>
</kw>
<kw name="After Tests" library="test_keywords_common" type="TEARDOWN">
<kw name="Close Browser" library="SeleniumLibrary">
<doc>Closes the current browser.</doc>
<status status="PASS" starttime="20230622 01:07:15.686" endtime="20230622 01:07:15.741"/>
</kw>
<status status="PASS" starttime="20230622 01:07:15.685" endtime="20230622 01:07:15.741"/>
</kw>
<tag>e2e</tag>
<status status="PASS" starttime="20230622 01:07:13.624" endtime="20230622 01:07:15.742"/>
</test>
<status status="PASS" starttime="20230622 01:07:08.668" endtime="20230622 01:07:15.743"/>
</suite>
<status status="PASS" starttime="20230622 01:07:08.666" endtime="20230622 01:07:15.745"/>
</suite>
<status status="PASS" starttime="20230622 01:07:07.433" endtime="20230622 01:07:15.747"/>
</suite>
<statistics>
<total>
<stat pass="8" fail="0" skip="0">All Tests</stat>
</total>
<tag>
<stat pass="5" fail="0" skip="0">api</stat>
<stat pass="3" fail="0" skip="0">e2e</stat>
</tag>
<suite>
<stat pass="8" fail="0" skip="0" id="s1" name="Tests">Tests</stat>
<stat pass="5" fail="0" skip="0" id="s1-s1" name="Api">Tests.Api</stat>
<stat pass="5" fail="0" skip="0" id="s1-s1-s1" name="Test Api Users">Tests.Api.Test Api Users</stat>
<stat pass="3" fail="0" skip="0" id="s1-s2" name="E2E">Tests.E2E</stat>
<stat pass="3" fail="0" skip="0" id="s1-s2-s1" name="Test Ui Signup">Tests.E2E.Test Ui Signup</stat>
</suite>
</statistics>
<errors>
</errors>
</robot>
