<?xml version="1.0" encoding="UTF-8"?>
<robot generator="Robot 6.1.1 (Python 3.8.18 on linux)" generated="20231205 00:10:35.929" rpa="false" schemaversion="4">
<suite id="s1" name="Tests" source="/home/runner/work/gen-ai-robot-test/gen-ai-robot-test/tests">
<suite id="s1-s1" name="Api" source="/home/runner/work/gen-ai-robot-test/gen-ai-robot-test/tests/api">
<suite id="s1-s1-s1" name="Test Api Users" source="/home/runner/work/gen-ai-robot-test/gen-ai-robot-test/tests/api/test_api_users.robot">
<test id="s1-s1-s1-t1" name="Scenario: Get all registered users" line="9">
<kw name="Before Tests" library="test_keywords_common" type="SETUP">
<kw name="Create Session" library="RequestsLibrary">
<arg>serverest</arg>
<arg>${SERVER_BASE_URL}</arg>
<arg>disable_warnings=True</arg>
<doc>Create Session: create a HTTP session to a server</doc>
<msg timestamp="20231205 00:10:36.508" level="INFO">Creating Session using : alias=serverest, url=https://serverest.dev, headers={},                     cookies={}, auth=None, timeout=None, proxies=None, verify=False,                     debug=0 </msg>
<status status="PASS" starttime="20231205 00:10:36.507" endtime="20231205 00:10:36.508"/>
</kw>
<status status="PASS" starttime="20231205 00:10:36.507" endtime="20231205 00:10:36.508"/>
</kw>
<kw name="When I request the list of all registered users" library="test_keywords_users">
<kw name="GET On Session" library="RequestsLibrary">
<var>${response}</var>
<arg>serverest</arg>
<arg>${USERS_API_ENDPOINT}</arg>
<doc>Sends a GET request on a previously created HTTP Session.</doc>
<msg timestamp="20231205 00:10:36.663" level="INFO">GET Request : url=https://serverest.dev/usuarios 
 path_url=/usuarios 
 headers={'User-Agent': 'python-requests/2.31.0', 'Accept-Encoding': 'gzip, deflate', 'Accept': '*/*', 'Connection': 'keep-alive'} 
 body=None 
 </msg>
<msg timestamp="20231205 00:10:36.664" level="INFO">GET Response : url=https://serverest.dev/usuarios 
 status=200, reason=OK 
 headers={'access-control-allow-origin': '*', 'x-dns-prefetch-control': 'off', 'x-frame-options': 'SAMEORIGIN', 'strict-transport-security': 'max-age=15552000; includeSubDomains', 'x-download-options': 'noopen', 'x-content-type-options': 'nosniff', 'x-xss-protection': '1; mode=block', 'content-type': 'application/json; charset=utf-8', 'X-Cloud-Trace-Context': 'd20ed3af1513268b6043f226349bed09;o=1', 'Date': 'Tue, 05 Dec 2023 00:10:36 GMT', 'Server': 'Google Frontend', 'Content-Length': '1109'} 
 body={
    "quantidade": 5,
    "usuarios": [
        {
            "nome": "Fulano da Silva",
            "email": "fulano@qa.com",
            "password": "teste",
            "administrador": "true",
            "_id": "0uxuPY0cbmQhpEz1"
        },
        {
            "nome": "Fulano da Silva",
            "email": "beltrano@qa.com.br",
            "password": "teste",
            "administrador": "true",
            "_id": "QGz8dFzRGZd8YI80"
        },
        {
            "nome": "Danielle Hackett Jr.",
            "email": "Blanche88@gmail.com",
            "password": "ULQbrn1j_xCWAW_",
            "administrador": "true",
            "_id": "SWSCyYQJBmH9rXa2"
        },
        {
            "nome": "asdasdasd",
            "email": "asdasdasd@gmail.com",
            "password": "asdasdasd",
            "administrador": "false",
            "_id": "lmcd3mtwNdQAhdfD"
        },
        {
            "nome": "Teste da Silva",
            "email": "iMHVb@qa.com.br",
            "password": "1234t",
            "administrador": "true",
            "_id": "nhdzegvmhUhfKqpS"
        }
    ]
} 
 </msg>
<msg timestamp="20231205 00:10:36.664" level="INFO">${response} = &lt;Response [200]&gt;</msg>
<status status="PASS" starttime="20231205 00:10:36.508" endtime="20231205 00:10:36.664"/>
</kw>
<kw name="Set Test Variable" library="BuiltIn">
<arg>${response}</arg>
<doc>Makes a variable available everywhere within the scope of the current test.</doc>
<msg timestamp="20231205 00:10:36.664" level="INFO">${response} = &lt;Response [200]&gt;</msg>
<status status="PASS" starttime="20231205 00:10:36.664" endtime="20231205 00:10:36.664"/>
</kw>
<status status="PASS" starttime="20231205 00:10:36.508" endtime="20231205 00:10:36.664"/>
</kw>
<kw name="Then the response status code should be 200" library="test_keywords_users" sourcename="Then the response status code should be ${status_code}">
<kw name="Should Be Equal As Numbers" library="BuiltIn">
<arg>${response.status_code}</arg>
<arg>${status_code}</arg>
<doc>Fails if objects are unequal after converting them to real numbers.</doc>
<msg timestamp="20231205 00:10:36.665" level="INFO">Argument types are:
&lt;class 'int'&gt;
&lt;class 'str'&gt;</msg>
<status status="PASS" starttime="20231205 00:10:36.665" endtime="20231205 00:10:36.665"/>
</kw>
<kw name="Should Be True" library="BuiltIn">
<arg>${response.json()}</arg>
<doc>Fails if the given condition is not true.</doc>
<status status="PASS" starttime="20231205 00:10:36.666" endtime="20231205 00:10:36.666"/>
</kw>
<status status="PASS" starttime="20231205 00:10:36.665" endtime="20231205 00:10:36.666"/>
</kw>
<kw name="And the response body should not be empty" library="test_keywords_users">
<kw name="Should Not Be Empty" library="BuiltIn">
<arg>${response.json()}</arg>
<doc>Verifies that the given item is not empty.</doc>
<msg timestamp="20231205 00:10:36.667" level="INFO">Length is 2</msg>
<status status="PASS" starttime="20231205 00:10:36.666" endtime="20231205 00:10:36.667"/>
</kw>
<status status="PASS" starttime="20231205 00:10:36.666" endtime="20231205 00:10:36.667"/>
</kw>
<tag>api</tag>
<status status="PASS" starttime="20231205 00:10:36.506" endtime="20231205 00:10:36.667"/>
</test>
<test id="s1-s1-s1-t2" name="Scenario: Create a new user" line="15">
<kw name="Before Tests" library="test_keywords_common" type="SETUP">
<kw name="Create Session" library="RequestsLibrary">
<arg>serverest</arg>
<arg>${SERVER_BASE_URL}</arg>
<arg>disable_warnings=True</arg>
<doc>Create Session: create a HTTP session to a server</doc>
<msg timestamp="20231205 00:10:36.668" level="INFO">Creating Session using : alias=serverest, url=https://serverest.dev, headers={},                     cookies={}, auth=None, timeout=None, proxies=None, verify=False,                     debug=0 </msg>
<status status="PASS" starttime="20231205 00:10:36.668" endtime="20231205 00:10:36.669"/>
</kw>
<status status="PASS" starttime="20231205 00:10:36.668" endtime="20231205 00:10:36.669"/>
</kw>
<kw name="Given I have a valid user data" library="test_keywords_users">
<kw name="Name" library="FakerLibrary">
<var>${name}</var>
<doc>:example: 'John Doe'</doc>
<msg timestamp="20231205 00:10:36.669" level="INFO">${name} = Anita Barber</msg>
<status status="PASS" starttime="20231205 00:10:36.669" endtime="20231205 00:10:36.669"/>
</kw>
<kw name="Email" library="FakerLibrary">
<var>${email}</var>
<msg timestamp="20231205 00:10:36.670" level="INFO">${email} = sbrown@example.com</msg>
<status status="PASS" starttime="20231205 00:10:36.669" endtime="20231205 00:10:36.670"/>
</kw>
<kw name="Password" library="FakerLibrary">
<var>${password}</var>
<arg>length=12</arg>
<arg>special_chars=False</arg>
<doc>Generate a random password of the specified ``length``.</doc>
<msg timestamp="20231205 00:10:36.670" level="INFO">${password} = z0aB2cBb6XaP</msg>
<status status="PASS" starttime="20231205 00:10:36.670" endtime="20231205 00:10:36.670"/>
</kw>
<kw name="Set Suite Variable" library="BuiltIn">
<arg>${name}</arg>
<doc>Makes a variable available everywhere within the scope of the current suite.</doc>
<msg timestamp="20231205 00:10:36.670" level="INFO">${name} = Anita Barber</msg>
<status status="PASS" starttime="20231205 00:10:36.670" endtime="20231205 00:10:36.671"/>
</kw>
<kw name="Set Suite Variable" library="BuiltIn">
<arg>${email}</arg>
<doc>Makes a variable available everywhere within the scope of the current suite.</doc>
<msg timestamp="20231205 00:10:36.671" level="INFO">${email} = sbrown@example.com</msg>
<status status="PASS" starttime="20231205 00:10:36.671" endtime="20231205 00:10:36.671"/>
</kw>
<kw name="Set Suite Variable" library="BuiltIn">
<arg>${password}</arg>
<doc>Makes a variable available everywhere within the scope of the current suite.</doc>
<msg timestamp="20231205 00:10:36.671" level="INFO">${password} = z0aB2cBb6XaP</msg>
<status status="PASS" starttime="20231205 00:10:36.671" endtime="20231205 00:10:36.671"/>
</kw>
<status status="PASS" starttime="20231205 00:10:36.669" endtime="20231205 00:10:36.671"/>
</kw>
<kw name="When I create the user" library="test_keywords_users">
<kw name="Create Dictionary" library="BuiltIn">
<var>${payload}</var>
<arg>nome=${name}</arg>
<arg>email=${email}</arg>
<arg>password=${password}</arg>
<arg>administrador=false</arg>
<doc>Creates and returns a dictionary based on the given ``items``.</doc>
<msg timestamp="20231205 00:10:36.672" level="INFO">${payload} = {'nome': 'Anita Barber', 'email': 'sbrown@example.com', 'password': 'z0aB2cBb6XaP', 'administrador': 'false'}</msg>
<status status="PASS" starttime="20231205 00:10:36.671" endtime="20231205 00:10:36.672"/>
</kw>
<kw name="Create Dictionary" library="BuiltIn">
<var>${headers}</var>
<arg>Content-Type=application/json</arg>
<doc>Creates and returns a dictionary based on the given ``items``.</doc>
<msg timestamp="20231205 00:10:36.672" level="INFO">${headers} = {'Content-Type': 'application/json'}</msg>
<status status="PASS" starttime="20231205 00:10:36.672" endtime="20231205 00:10:36.672"/>
</kw>
<kw name="POST On Session" library="RequestsLibrary">
<var>${response}</var>
<arg>serverest</arg>
<arg>${USERS_API_ENDPOINT}</arg>
<arg>json=${payload}</arg>
<arg>headers=${headers}</arg>
<doc>Sends a POST request on a previously created HTTP Session.</doc>
<msg timestamp="20231205 00:10:36.757" level="INFO">POST Request : url=https://serverest.dev/usuarios 
 path_url=/usuarios 
 headers={'User-Agent': 'python-requests/2.31.0', 'Accept-Encoding': 'gzip, deflate', 'Accept': '*/*', 'Connection': 'keep-alive', 'Content-Type': 'application/json', 'Content-Length': '109'} 
 body=b'{"nome": "Anita Barber", "email": "sbrown@example.com", "password": "z0aB2cBb6XaP", "administrador": "false"}' 
 </msg>
<msg timestamp="20231205 00:10:36.758" level="INFO">POST Response : url=https://serverest.dev/usuarios 
 status=201, reason=Created 
 headers={'access-control-allow-origin': '*', 'x-dns-prefetch-control': 'off', 'x-frame-options': 'SAMEORIGIN', 'strict-transport-security': 'max-age=15552000; includeSubDomains', 'x-download-options': 'noopen', 'x-content-type-options': 'nosniff', 'x-xss-protection': '1; mode=block', 'content-type': 'application/json; charset=utf-8', 'X-Cloud-Trace-Context': '349692be7afe62bdbc73c0e4054a2dcf', 'Date': 'Tue, 05 Dec 2023 00:10:36 GMT', 'Server': 'Google Frontend', 'Content-Length': '82'} 
 body={
    "message": "Cadastro realizado com sucesso",
    "_id": "4j3B0D0rhuG7Nlm7"
} 
 </msg>
<msg timestamp="20231205 00:10:36.758" level="INFO">${response} = &lt;Response [201]&gt;</msg>
<status status="PASS" starttime="20231205 00:10:36.672" endtime="20231205 00:10:36.758"/>
</kw>
<kw name="Set Variable" library="BuiltIn">
<var>${user_id}</var>
<arg>${response.json()['_id']}</arg>
<doc>Returns the given values which can then be assigned to a variables.</doc>
<msg timestamp="20231205 00:10:36.759" level="INFO">${user_id} = 4j3B0D0rhuG7Nlm7</msg>
<status status="PASS" starttime="20231205 00:10:36.758" endtime="20231205 00:10:36.759"/>
</kw>
<kw name="Set Global Variable" library="BuiltIn">
<arg>${USER_ID}</arg>
<arg>${user_id}</arg>
<doc>Makes a variable available globally in all tests and suites.</doc>
<msg timestamp="20231205 00:10:36.759" level="INFO">${USER_ID} = 4j3B0D0rhuG7Nlm7</msg>
<status status="PASS" starttime="20231205 00:10:36.759" endtime="20231205 00:10:36.759"/>
</kw>
<kw name="Set Test Variable" library="BuiltIn">
<arg>${response}</arg>
<doc>Makes a variable available everywhere within the scope of the current test.</doc>
<msg timestamp="20231205 00:10:36.759" level="INFO">${response} = &lt;Response [201]&gt;</msg>
<status status="PASS" starttime="20231205 00:10:36.759" endtime="20231205 00:10:36.759"/>
</kw>
<status status="PASS" starttime="20231205 00:10:36.671" endtime="20231205 00:10:36.759"/>
</kw>
<kw name="Then the response status code should be 201" library="test_keywords_users" sourcename="Then the response status code should be ${status_code}">
<kw name="Should Be Equal As Numbers" library="BuiltIn">
<arg>${response.status_code}</arg>
<arg>${status_code}</arg>
<doc>Fails if objects are unequal after converting them to real numbers.</doc>
<msg timestamp="20231205 00:10:36.760" level="INFO">Argument types are:
&lt;class 'int'&gt;
&lt;class 'str'&gt;</msg>
<status status="PASS" starttime="20231205 00:10:36.760" endtime="20231205 00:10:36.760"/>
</kw>
<kw name="Should Be True" library="BuiltIn">
<arg>${response.json()}</arg>
<doc>Fails if the given condition is not true.</doc>
<status status="PASS" starttime="20231205 00:10:36.761" endtime="20231205 00:10:36.761"/>
</kw>
<status status="PASS" starttime="20231205 00:10:36.760" endtime="20231205 00:10:36.761"/>
</kw>
<kw name="And the response body should not be empty" library="test_keywords_users">
<kw name="Should Not Be Empty" library="BuiltIn">
<arg>${response.json()}</arg>
<doc>Verifies that the given item is not empty.</doc>
<msg timestamp="20231205 00:10:36.762" level="INFO">Length is 2</msg>
<status status="PASS" starttime="20231205 00:10:36.761" endtime="20231205 00:10:36.762"/>
</kw>
<status status="PASS" starttime="20231205 00:10:36.761" endtime="20231205 00:10:36.762"/>
</kw>
<tag>api</tag>
<status status="PASS" starttime="20231205 00:10:36.667" endtime="20231205 00:10:36.762"/>
</test>
<test id="s1-s1-s1-t3" name="Scenario: Get a specific user informations" line="22">
<kw name="Before Tests" library="test_keywords_common" type="SETUP">
<kw name="Create Session" library="RequestsLibrary">
<arg>serverest</arg>
<arg>${SERVER_BASE_URL}</arg>
<arg>disable_warnings=True</arg>
<doc>Create Session: create a HTTP session to a server</doc>
<msg timestamp="20231205 00:10:36.763" level="INFO">Creating Session using : alias=serverest, url=https://serverest.dev, headers={},                     cookies={}, auth=None, timeout=None, proxies=None, verify=False,                     debug=0 </msg>
<status status="PASS" starttime="20231205 00:10:36.763" endtime="20231205 00:10:36.763"/>
</kw>
<status status="PASS" starttime="20231205 00:10:36.763" endtime="20231205 00:10:36.763"/>
</kw>
<kw name="When I request the created user" library="test_keywords_users">
<kw name="GET On Session" library="RequestsLibrary">
<var>${response}</var>
<arg>serverest</arg>
<arg>${USERS_API_ENDPOINT}/${USER_ID}</arg>
<doc>Sends a GET request on a previously created HTTP Session.</doc>
<msg timestamp="20231205 00:10:36.843" level="INFO">GET Request : url=https://serverest.dev/usuarios/4j3B0D0rhuG7Nlm7 
 path_url=/usuarios/4j3B0D0rhuG7Nlm7 
 headers={'User-Agent': 'python-requests/2.31.0', 'Accept-Encoding': 'gzip, deflate', 'Accept': '*/*', 'Connection': 'keep-alive'} 
 body=None 
 </msg>
<msg timestamp="20231205 00:10:36.843" level="INFO">GET Response : url=https://serverest.dev/usuarios/4j3B0D0rhuG7Nlm7 
 status=200, reason=OK 
 headers={'access-control-allow-origin': '*', 'x-dns-prefetch-control': 'off', 'x-frame-options': 'SAMEORIGIN', 'strict-transport-security': 'max-age=15552000; includeSubDomains', 'x-download-options': 'noopen', 'x-content-type-options': 'nosniff', 'x-xss-protection': '1; mode=block', 'content-type': 'application/json; charset=utf-8', 'X-Cloud-Trace-Context': '78a1404ed3e1d89e097a290659ebd811', 'Date': 'Tue, 05 Dec 2023 00:10:36 GMT', 'Server': 'Google Frontend', 'Content-Length': '158'} 
 body={
    "nome": "Anita Barber",
    "email": "sbrown@example.com",
    "password": "z0aB2cBb6XaP",
    "administrador": "false",
    "_id": "4j3B0D0rhuG7Nlm7"
} 
 </msg>
<msg timestamp="20231205 00:10:36.843" level="INFO">${response} = &lt;Response [200]&gt;</msg>
<status status="PASS" starttime="20231205 00:10:36.764" endtime="20231205 00:10:36.843"/>
</kw>
<kw name="Set Test Variable" library="BuiltIn">
<arg>${response}</arg>
<doc>Makes a variable available everywhere within the scope of the current test.</doc>
<msg timestamp="20231205 00:10:36.844" level="INFO">${response} = &lt;Response [200]&gt;</msg>
<status status="PASS" starttime="20231205 00:10:36.844" endtime="20231205 00:10:36.844"/>
</kw>
<status status="PASS" starttime="20231205 00:10:36.764" endtime="20231205 00:10:36.844"/>
</kw>
<kw name="Then the response status code should be 200" library="test_keywords_users" sourcename="Then the response status code should be ${status_code}">
<kw name="Should Be Equal As Numbers" library="BuiltIn">
<arg>${response.status_code}</arg>
<arg>${status_code}</arg>
<doc>Fails if objects are unequal after converting them to real numbers.</doc>
<msg timestamp="20231205 00:10:36.845" level="INFO">Argument types are:
&lt;class 'int'&gt;
&lt;class 'str'&gt;</msg>
<status status="PASS" starttime="20231205 00:10:36.844" endtime="20231205 00:10:36.845"/>
</kw>
<kw name="Should Be True" library="BuiltIn">
<arg>${response.json()}</arg>
<doc>Fails if the given condition is not true.</doc>
<status status="PASS" starttime="20231205 00:10:36.845" endtime="20231205 00:10:36.846"/>
</kw>
<status status="PASS" starttime="20231205 00:10:36.844" endtime="20231205 00:10:36.846"/>
</kw>
<kw name="And the response body should not be empty" library="test_keywords_users">
<kw name="Should Not Be Empty" library="BuiltIn">
<arg>${response.json()}</arg>
<doc>Verifies that the given item is not empty.</doc>
<msg timestamp="20231205 00:10:36.846" level="INFO">Length is 5</msg>
<status status="PASS" starttime="20231205 00:10:36.846" endtime="20231205 00:10:36.846"/>
</kw>
<status status="PASS" starttime="20231205 00:10:36.846" endtime="20231205 00:10:36.847"/>
</kw>
<tag>api</tag>
<status status="PASS" starttime="20231205 00:10:36.762" endtime="20231205 00:10:36.847"/>
</test>
<test id="s1-s1-s1-t4" name="Scenario: Update the created user" line="28">
<kw name="Before Tests" library="test_keywords_common" type="SETUP">
<kw name="Create Session" library="RequestsLibrary">
<arg>serverest</arg>
<arg>${SERVER_BASE_URL}</arg>
<arg>disable_warnings=True</arg>
<doc>Create Session: create a HTTP session to a server</doc>
<msg timestamp="20231205 00:10:36.848" level="INFO">Creating Session using : alias=serverest, url=https://serverest.dev, headers={},                     cookies={}, auth=None, timeout=None, proxies=None, verify=False,                     debug=0 </msg>
<status status="PASS" starttime="20231205 00:10:36.848" endtime="20231205 00:10:36.848"/>
</kw>
<status status="PASS" starttime="20231205 00:10:36.847" endtime="20231205 00:10:36.848"/>
</kw>
<kw name="When I update the created user" library="test_keywords_users">
<kw name="Create Dictionary" library="BuiltIn">
<var>${payload}</var>
<arg>nome=John Smith</arg>
<arg>email=john.smith@example.com</arg>
<arg>password=P@ssw0rd123</arg>
<arg>administrador=false</arg>
<doc>Creates and returns a dictionary based on the given ``items``.</doc>
<msg timestamp="20231205 00:10:36.849" level="INFO">${payload} = {'nome': 'John Smith', 'email': 'john.smith@example.com', 'password': 'P@ssw0rd123', 'administrador': 'false'}</msg>
<status status="PASS" starttime="20231205 00:10:36.848" endtime="20231205 00:10:36.849"/>
</kw>
<kw name="Create Dictionary" library="BuiltIn">
<var>${headers}</var>
<arg>Content-Type=application/json</arg>
<doc>Creates and returns a dictionary based on the given ``items``.</doc>
<msg timestamp="20231205 00:10:36.849" level="INFO">${headers} = {'Content-Type': 'application/json'}</msg>
<status status="PASS" starttime="20231205 00:10:36.849" endtime="20231205 00:10:36.849"/>
</kw>
<kw name="PUT On Session" library="RequestsLibrary">
<var>${response}</var>
<arg>serverest</arg>
<arg>${USERS_API_ENDPOINT}/${USER_ID}</arg>
<arg>json=${payload}</arg>
<arg>headers=${headers}</arg>
<doc>Sends a PUT request on a previously created HTTP Session.</doc>
<msg timestamp="20231205 00:10:36.930" level="INFO">PUT Request : url=https://serverest.dev/usuarios/4j3B0D0rhuG7Nlm7 
 path_url=/usuarios/4j3B0D0rhuG7Nlm7 
 headers={'User-Agent': 'python-requests/2.31.0', 'Accept-Encoding': 'gzip, deflate', 'Accept': '*/*', 'Connection': 'keep-alive', 'Content-Type': 'application/json', 'Content-Length': '110'} 
 body=b'{"nome": "John Smith", "email": "john.smith@example.com", "password": "P@ssw0rd123", "administrador": "false"}' 
 </msg>
<msg timestamp="20231205 00:10:36.930" level="INFO">PUT Response : url=https://serverest.dev/usuarios/4j3B0D0rhuG7Nlm7 
 status=200, reason=OK 
 headers={'access-control-allow-origin': '*', 'x-dns-prefetch-control': 'off', 'x-frame-options': 'SAMEORIGIN', 'strict-transport-security': 'max-age=15552000; includeSubDomains', 'x-download-options': 'noopen', 'x-content-type-options': 'nosniff', 'x-xss-protection': '1; mode=block', 'content-type': 'application/json; charset=utf-8', 'X-Cloud-Trace-Context': '823f25b508b7beb6c5bb2f70cb0a1ccd', 'Date': 'Tue, 05 Dec 2023 00:10:36 GMT', 'Server': 'Google Frontend', 'Content-Length': '50'} 
 body={
    "message": "Registro alterado com sucesso"
} 
 </msg>
<msg timestamp="20231205 00:10:36.931" level="INFO">${response} = &lt;Response [200]&gt;</msg>
<status status="PASS" starttime="20231205 00:10:36.849" endtime="20231205 00:10:36.931"/>
</kw>
<kw name="Set Test Variable" library="BuiltIn">
<arg>${response}</arg>
<doc>Makes a variable available everywhere within the scope of the current test.</doc>
<msg timestamp="20231205 00:10:36.931" level="INFO">${response} = &lt;Response [200]&gt;</msg>
<status status="PASS" starttime="20231205 00:10:36.931" endtime="20231205 00:10:36.931"/>
</kw>
<status status="PASS" starttime="20231205 00:10:36.848" endtime="20231205 00:10:36.931"/>
</kw>
<kw name="Then the response status code should be 200" library="test_keywords_users" sourcename="Then the response status code should be ${status_code}">
<kw name="Should Be Equal As Numbers" library="BuiltIn">
<arg>${response.status_code}</arg>
<arg>${status_code}</arg>
<doc>Fails if objects are unequal after converting them to real numbers.</doc>
<msg timestamp="20231205 00:10:36.932" level="INFO">Argument types are:
&lt;class 'int'&gt;
&lt;class 'str'&gt;</msg>
<status status="PASS" starttime="20231205 00:10:36.932" endtime="20231205 00:10:36.932"/>
</kw>
<kw name="Should Be True" library="BuiltIn">
<arg>${response.json()}</arg>
<doc>Fails if the given condition is not true.</doc>
<status status="PASS" starttime="20231205 00:10:36.932" endtime="20231205 00:10:36.933"/>
</kw>
<status status="PASS" starttime="20231205 00:10:36.931" endtime="20231205 00:10:36.933"/>
</kw>
<kw name="And the response body should not be empty" library="test_keywords_users">
<kw name="Should Not Be Empty" library="BuiltIn">
<arg>${response.json()}</arg>
<doc>Verifies that the given item is not empty.</doc>
<msg timestamp="20231205 00:10:36.933" level="INFO">Length is 1</msg>
<status status="PASS" starttime="20231205 00:10:36.933" endtime="20231205 00:10:36.934"/>
</kw>
<status status="PASS" starttime="20231205 00:10:36.933" endtime="20231205 00:10:36.934"/>
</kw>
<tag>api</tag>
<status status="PASS" starttime="20231205 00:10:36.847" endtime="20231205 00:10:36.934"/>
</test>
<test id="s1-s1-s1-t5" name="Scenario: Delete the created user" line="34">
<kw name="Before Tests" library="test_keywords_common" type="SETUP">
<kw name="Create Session" library="RequestsLibrary">
<arg>serverest</arg>
<arg>${SERVER_BASE_URL}</arg>
<arg>disable_warnings=True</arg>
<doc>Create Session: create a HTTP session to a server</doc>
<msg timestamp="20231205 00:10:36.935" level="INFO">Creating Session using : alias=serverest, url=https://serverest.dev, headers={},                     cookies={}, auth=None, timeout=None, proxies=None, verify=False,                     debug=0 </msg>
<status status="PASS" starttime="20231205 00:10:36.935" endtime="20231205 00:10:36.935"/>
</kw>
<status status="PASS" starttime="20231205 00:10:36.934" endtime="20231205 00:10:36.935"/>
</kw>
<kw name="When I delete the created user" library="test_keywords_users">
<kw name="DELETE On Session" library="RequestsLibrary">
<var>${response}</var>
<arg>serverest</arg>
<arg>${USERS_API_ENDPOINT}/${USER_ID}</arg>
<doc>Sends a DELETE request on a previously created HTTP Session.</doc>
<msg timestamp="20231205 00:10:37.017" level="INFO">DELETE Request : url=https://serverest.dev/usuarios/4j3B0D0rhuG7Nlm7 
 path_url=/usuarios/4j3B0D0rhuG7Nlm7 
 headers={'User-Agent': 'python-requests/2.31.0', 'Accept-Encoding': 'gzip, deflate', 'Accept': '*/*', 'Connection': 'keep-alive', 'Content-Length': '0'} 
 body=None 
 </msg>
<msg timestamp="20231205 00:10:37.017" level="INFO">DELETE Response : url=https://serverest.dev/usuarios/4j3B0D0rhuG7Nlm7 
 status=200, reason=OK 
 headers={'access-control-allow-origin': '*', 'x-dns-prefetch-control': 'off', 'x-frame-options': 'SAMEORIGIN', 'strict-transport-security': 'max-age=15552000; includeSubDomains', 'x-download-options': 'noopen', 'x-content-type-options': 'nosniff', 'x-xss-protection': '1; mode=block', 'content-type': 'application/json; charset=utf-8', 'X-Cloud-Trace-Context': 'e942d3ffed44eaf8ceb1c0f624008fb7', 'Date': 'Tue, 05 Dec 2023 00:10:37 GMT', 'Server': 'Google Frontend', 'Content-Length': '51'} 
 body={
    "message": "Registro excluído com sucesso"
} 
 </msg>
<msg timestamp="20231205 00:10:37.017" level="INFO">${response} = &lt;Response [200]&gt;</msg>
<status status="PASS" starttime="20231205 00:10:36.935" endtime="20231205 00:10:37.017"/>
</kw>
<kw name="Set Test Variable" library="BuiltIn">
<arg>${response}</arg>
<doc>Makes a variable available everywhere within the scope of the current test.</doc>
<msg timestamp="20231205 00:10:37.018" level="INFO">${response} = &lt;Response [200]&gt;</msg>
<status status="PASS" starttime="20231205 00:10:37.018" endtime="20231205 00:10:37.018"/>
</kw>
<status status="PASS" starttime="20231205 00:10:36.935" endtime="20231205 00:10:37.018"/>
</kw>
<kw name="Then the response status code should be 200" library="test_keywords_users" sourcename="Then the response status code should be ${status_code}">
<kw name="Should Be Equal As Numbers" library="BuiltIn">
<arg>${response.status_code}</arg>
<arg>${status_code}</arg>
<doc>Fails if objects are unequal after converting them to real numbers.</doc>
<msg timestamp="20231205 00:10:37.019" level="INFO">Argument types are:
&lt;class 'int'&gt;
&lt;class 'str'&gt;</msg>
<status status="PASS" starttime="20231205 00:10:37.018" endtime="20231205 00:10:37.019"/>
</kw>
<kw name="Should Be True" library="BuiltIn">
<arg>${response.json()}</arg>
<doc>Fails if the given condition is not true.</doc>
<status status="PASS" starttime="20231205 00:10:37.019" endtime="20231205 00:10:37.019"/>
</kw>
<status status="PASS" starttime="20231205 00:10:37.018" endtime="20231205 00:10:37.019"/>
</kw>
<kw name="And the response body should not be empty" library="test_keywords_users">
<kw name="Should Not Be Empty" library="BuiltIn">
<arg>${response.json()}</arg>
<doc>Verifies that the given item is not empty.</doc>
<msg timestamp="20231205 00:10:37.020" level="INFO">Length is 1</msg>
<status status="PASS" starttime="20231205 00:10:37.020" endtime="20231205 00:10:37.020"/>
</kw>
<status status="PASS" starttime="20231205 00:10:37.020" endtime="20231205 00:10:37.020"/>
</kw>
<tag>api</tag>
<status status="PASS" starttime="20231205 00:10:36.934" endtime="20231205 00:10:37.020"/>
</test>
<status status="PASS" starttime="20231205 00:10:35.948" endtime="20231205 00:10:37.021"/>
</suite>
<status status="PASS" starttime="20231205 00:10:35.947" endtime="20231205 00:10:37.022"/>
</suite>
<suite id="s1-s2" name="E2E" source="/home/runner/work/gen-ai-robot-test/gen-ai-robot-test/tests/e2e">
<suite id="s1-s2-s1" name="Test Ui Signup" source="/home/runner/work/gen-ai-robot-test/gen-ai-robot-test/tests/e2e/test_ui_signup.robot">
<test id="s1-s2-s1-t1" name="Scenario: Signup with empty fields" line="10">
<kw name="Before Tests" library="test_keywords_common" type="SETUP">
<kw name="Open Browser" library="SeleniumLibrary">
<arg>${SERVER_BASE_URL}</arg>
<arg>${HEADLESS} ${BROWSER}</arg>
<doc>Opens a new browser instance to the optional ``url``.</doc>
<msg timestamp="20231205 00:10:37.032" level="INFO">Opening browser 'headless Chrome' to base url 'https://front.serverest.dev/'.</msg>
<status status="PASS" starttime="20231205 00:10:37.031" endtime="20231205 00:10:50.168"/>
</kw>
<kw name="Maximize Browser Window" library="SeleniumLibrary">
<doc>Maximizes current browser window.</doc>
<status status="PASS" starttime="20231205 00:10:50.169" endtime="20231205 00:10:50.273"/>
</kw>
<status status="PASS" starttime="20231205 00:10:37.031" endtime="20231205 00:10:50.273"/>
</kw>
<kw name="Given Im on the signup page" library="test_keywords_signup">
<kw name="Location Should Be" library="SeleniumLibrary">
<arg>https://front.serverest.dev/login</arg>
<doc>Verifies that the current URL is exactly ``url``.</doc>
<msg timestamp="20231205 00:10:50.295" level="INFO">Current location is 'https://front.serverest.dev/login'.</msg>
<status status="PASS" starttime="20231205 00:10:50.274" endtime="20231205 00:10:50.295"/>
</kw>
<kw name="Click Element" library="SeleniumLibrary">
<arg>css=a.btn.btn-link</arg>
<doc>Click the element identified by ``locator``.</doc>
<msg timestamp="20231205 00:10:50.296" level="INFO">Clicking element 'css=a.btn.btn-link'.</msg>
<status status="PASS" starttime="20231205 00:10:50.295" endtime="20231205 00:10:50.446"/>
</kw>
<status status="PASS" starttime="20231205 00:10:50.273" endtime="20231205 00:10:50.446"/>
</kw>
<kw name="When I click in signup" library="test_keywords_signup">
<kw name="Click Button" library="SeleniumLibrary">
<arg>css=.btn.btn-primary</arg>
<doc>Clicks the button identified by ``locator``.</doc>
<msg timestamp="20231205 00:10:50.447" level="INFO">Clicking button 'css=.btn.btn-primary'.</msg>
<status status="PASS" starttime="20231205 00:10:50.447" endtime="20231205 00:10:50.543"/>
</kw>
<status status="PASS" starttime="20231205 00:10:50.446" endtime="20231205 00:10:50.543"/>
</kw>
<kw name="Then required field messages should be displayed" library="test_keywords_signup">
<kw name="Wait Until Element Is Visible" library="SeleniumLibrary">
<arg>css=.alert-dismissible</arg>
<arg>timeout=10s</arg>
<doc>Waits until the element ``locator`` is visible.</doc>
<status status="PASS" starttime="20231205 00:10:50.543" endtime="20231205 00:10:51.016"/>
</kw>
<kw name="Element Should Be Visible" library="SeleniumLibrary">
<arg>css=.alert-dismissible</arg>
<doc>Verifies that the element identified by ``locator`` is visible.</doc>
<msg timestamp="20231205 00:10:51.033" level="INFO">Element 'css=.alert-dismissible' is displayed.</msg>
<status status="PASS" starttime="20231205 00:10:51.017" endtime="20231205 00:10:51.033"/>
</kw>
<kw name="Page Should Contain" library="SeleniumLibrary">
<arg>Nome é obrigatório</arg>
<doc>Verifies that current page contains ``text``.</doc>
<msg timestamp="20231205 00:10:51.068" level="INFO">Current page contains text 'Nome é obrigatório'.</msg>
<status status="PASS" starttime="20231205 00:10:51.033" endtime="20231205 00:10:51.068"/>
</kw>
<kw name="Page Should Contain" library="SeleniumLibrary">
<arg>Email é obrigatório</arg>
<doc>Verifies that current page contains ``text``.</doc>
<msg timestamp="20231205 00:10:51.080" level="INFO">Current page contains text 'Email é obrigatório'.</msg>
<status status="PASS" starttime="20231205 00:10:51.068" endtime="20231205 00:10:51.080"/>
</kw>
<kw name="Page Should Contain" library="SeleniumLibrary">
<arg>Password é obrigatório</arg>
<doc>Verifies that current page contains ``text``.</doc>
<msg timestamp="20231205 00:10:51.092" level="INFO">Current page contains text 'Password é obrigatório'.</msg>
<status status="PASS" starttime="20231205 00:10:51.080" endtime="20231205 00:10:51.092"/>
</kw>
<status status="PASS" starttime="20231205 00:10:50.543" endtime="20231205 00:10:51.092"/>
</kw>
<kw name="After Tests" library="test_keywords_common" type="TEARDOWN">
<kw name="Close Browser" library="SeleniumLibrary">
<doc>Closes the current browser.</doc>
<status status="PASS" starttime="20231205 00:10:51.093" endtime="20231205 00:10:51.166"/>
</kw>
<status status="PASS" starttime="20231205 00:10:51.093" endtime="20231205 00:10:51.166"/>
</kw>
<tag>e2e</tag>
<status status="PASS" starttime="20231205 00:10:37.031" endtime="20231205 00:10:51.166"/>
</test>
<test id="s1-s2-s1-t2" name="Scenario: Signup done successfully" line="16">
<kw name="Before Tests" library="test_keywords_common" type="SETUP">
<kw name="Open Browser" library="SeleniumLibrary">
<arg>${SERVER_BASE_URL}</arg>
<arg>${HEADLESS} ${BROWSER}</arg>
<doc>Opens a new browser instance to the optional ``url``.</doc>
<msg timestamp="20231205 00:10:51.168" level="INFO">Opening browser 'headless Chrome' to base url 'https://front.serverest.dev/'.</msg>
<status status="PASS" starttime="20231205 00:10:51.167" endtime="20231205 00:10:52.637"/>
</kw>
<kw name="Maximize Browser Window" library="SeleniumLibrary">
<doc>Maximizes current browser window.</doc>
<status status="PASS" starttime="20231205 00:10:52.637" endtime="20231205 00:10:52.748"/>
</kw>
<status status="PASS" starttime="20231205 00:10:51.167" endtime="20231205 00:10:52.748"/>
</kw>
<kw name="Given Im on the signup page" library="test_keywords_signup">
<kw name="Location Should Be" library="SeleniumLibrary">
<arg>https://front.serverest.dev/login</arg>
<doc>Verifies that the current URL is exactly ``url``.</doc>
<msg timestamp="20231205 00:10:52.753" level="INFO">Current location is 'https://front.serverest.dev/login'.</msg>
<status status="PASS" starttime="20231205 00:10:52.749" endtime="20231205 00:10:52.753"/>
</kw>
<kw name="Click Element" library="SeleniumLibrary">
<arg>css=a.btn.btn-link</arg>
<doc>Click the element identified by ``locator``.</doc>
<msg timestamp="20231205 00:10:52.754" level="INFO">Clicking element 'css=a.btn.btn-link'.</msg>
<status status="PASS" starttime="20231205 00:10:52.753" endtime="20231205 00:10:52.804"/>
</kw>
<status status="PASS" starttime="20231205 00:10:52.748" endtime="20231205 00:10:52.804"/>
</kw>
<kw name="And I fill in the signup fields with valid data" library="test_keywords_signup">
<kw name="Name" library="FakerLibrary">
<var>${name}</var>
<doc>:example: 'John Doe'</doc>
<msg timestamp="20231205 00:10:52.805" level="INFO">${name} = Christine Collins</msg>
<status status="PASS" starttime="20231205 00:10:52.805" endtime="20231205 00:10:52.806"/>
</kw>
<kw name="Email" library="FakerLibrary">
<var>${email}</var>
<msg timestamp="20231205 00:10:52.806" level="INFO">${email} = leemichael@example.net</msg>
<status status="PASS" starttime="20231205 00:10:52.806" endtime="20231205 00:10:52.806"/>
</kw>
<kw name="Password" library="FakerLibrary">
<var>${password}</var>
<arg>length=12</arg>
<arg>special_chars=False</arg>
<doc>Generate a random password of the specified ``length``.</doc>
<msg timestamp="20231205 00:10:52.807" level="INFO">${password} = uRdTxW8v0iih</msg>
<status status="PASS" starttime="20231205 00:10:52.806" endtime="20231205 00:10:52.807"/>
</kw>
<kw name="Input Text" library="SeleniumLibrary">
<arg>id:nome</arg>
<arg>${name}</arg>
<doc>Types the given ``text`` into the text field identified by ``locator``.</doc>
<msg timestamp="20231205 00:10:52.808" level="INFO">Typing text 'Christine Collins' into text field 'id:nome'.</msg>
<status status="PASS" starttime="20231205 00:10:52.807" endtime="20231205 00:10:53.080"/>
</kw>
<kw name="Input Text" library="SeleniumLibrary">
<arg>id:email</arg>
<arg>${email}</arg>
<doc>Types the given ``text`` into the text field identified by ``locator``.</doc>
<msg timestamp="20231205 00:10:53.081" level="INFO">Typing text 'leemichael@example.net' into text field 'id:email'.</msg>
<status status="PASS" starttime="20231205 00:10:53.080" endtime="20231205 00:10:53.174"/>
</kw>
<kw name="Input Text" library="SeleniumLibrary">
<arg>id:password</arg>
<arg>${password}</arg>
<doc>Types the given ``text`` into the text field identified by ``locator``.</doc>
<msg timestamp="20231205 00:10:53.175" level="INFO">Typing text 'uRdTxW8v0iih' into text field 'id:password'.</msg>
<status status="PASS" starttime="20231205 00:10:53.174" endtime="20231205 00:10:53.249"/>
</kw>
<kw name="Select Checkbox" library="SeleniumLibrary">
<arg>id=administrador</arg>
<doc>Selects the checkbox identified by ``locator``.</doc>
<msg timestamp="20231205 00:10:53.250" level="INFO">Selecting checkbox 'id=administrador'.</msg>
<status status="PASS" starttime="20231205 00:10:53.249" endtime="20231205 00:10:53.318"/>
</kw>
<kw name="Set Suite Variable" library="BuiltIn">
<arg>${name}</arg>
<doc>Makes a variable available everywhere within the scope of the current suite.</doc>
<msg timestamp="20231205 00:10:53.319" level="INFO">${name} = Christine Collins</msg>
<status status="PASS" starttime="20231205 00:10:53.318" endtime="20231205 00:10:53.319"/>
</kw>
<kw name="Set Suite Variable" library="BuiltIn">
<arg>${email}</arg>
<doc>Makes a variable available everywhere within the scope of the current suite.</doc>
<msg timestamp="20231205 00:10:53.319" level="INFO">${email} = leemichael@example.net</msg>
<status status="PASS" starttime="20231205 00:10:53.319" endtime="20231205 00:10:53.319"/>
</kw>
<kw name="Set Suite Variable" library="BuiltIn">
<arg>${password}</arg>
<doc>Makes a variable available everywhere within the scope of the current suite.</doc>
<msg timestamp="20231205 00:10:53.320" level="INFO">${password} = uRdTxW8v0iih</msg>
<status status="PASS" starttime="20231205 00:10:53.319" endtime="20231205 00:10:53.320"/>
</kw>
<status status="PASS" starttime="20231205 00:10:52.804" endtime="20231205 00:10:53.320"/>
</kw>
<kw name="When I click in signup" library="test_keywords_signup">
<kw name="Click Button" library="SeleniumLibrary">
<arg>css=.btn.btn-primary</arg>
<doc>Clicks the button identified by ``locator``.</doc>
<msg timestamp="20231205 00:10:53.321" level="INFO">Clicking button 'css=.btn.btn-primary'.</msg>
<status status="PASS" starttime="20231205 00:10:53.320" endtime="20231205 00:10:53.374"/>
</kw>
<status status="PASS" starttime="20231205 00:10:53.320" endtime="20231205 00:10:53.374"/>
</kw>
<kw name="Then the page should contain the text &quot;Cadastro realizado com sucesso&quot;" library="test_keywords_signup" sourcename="Then the page should contain the text &quot;${expected_text}&quot;">
<kw name="Wait Until Element Is Visible" library="SeleniumLibrary">
<arg>css=.alert-dismissible</arg>
<arg>timeout=10s</arg>
<doc>Waits until the element ``locator`` is visible.</doc>
<status status="PASS" starttime="20231205 00:10:53.375" endtime="20231205 00:10:53.601"/>
</kw>
<kw name="Element Should Be Visible" library="SeleniumLibrary">
<arg>css=.alert-dismissible</arg>
<doc>Verifies that the element identified by ``locator`` is visible.</doc>
<msg timestamp="20231205 00:10:53.616" level="INFO">Element 'css=.alert-dismissible' is displayed.</msg>
<status status="PASS" starttime="20231205 00:10:53.601" endtime="20231205 00:10:53.616"/>
</kw>
<kw name="Page Should Contain" library="SeleniumLibrary">
<arg>${expected_text}</arg>
<doc>Verifies that current page contains ``text``.</doc>
<msg timestamp="20231205 00:10:53.628" level="INFO">Current page contains text 'Cadastro realizado com sucesso'.</msg>
<status status="PASS" starttime="20231205 00:10:53.617" endtime="20231205 00:10:53.628"/>
</kw>
<status status="PASS" starttime="20231205 00:10:53.374" endtime="20231205 00:10:53.628"/>
</kw>
<kw name="After Tests" library="test_keywords_common" type="TEARDOWN">
<kw name="Close Browser" library="SeleniumLibrary">
<doc>Closes the current browser.</doc>
<status status="PASS" starttime="20231205 00:10:53.629" endtime="20231205 00:10:53.692"/>
</kw>
<status status="PASS" starttime="20231205 00:10:53.628" endtime="20231205 00:10:53.693"/>
</kw>
<tag>e2e</tag>
<status status="PASS" starttime="20231205 00:10:51.167" endtime="20231205 00:10:53.693"/>
</test>
<test id="s1-s2-s1-t3" name="Scenario: Signup with already used email" line="23">
<kw name="Before Tests" library="test_keywords_common" type="SETUP">
<kw name="Open Browser" library="SeleniumLibrary">
<arg>${SERVER_BASE_URL}</arg>
<arg>${HEADLESS} ${BROWSER}</arg>
<doc>Opens a new browser instance to the optional ``url``.</doc>
<msg timestamp="20231205 00:10:53.694" level="INFO">Opening browser 'headless Chrome' to base url 'https://front.serverest.dev/'.</msg>
<status status="PASS" starttime="20231205 00:10:53.694" endtime="20231205 00:10:55.192"/>
</kw>
<kw name="Maximize Browser Window" library="SeleniumLibrary">
<doc>Maximizes current browser window.</doc>
<status status="PASS" starttime="20231205 00:10:55.192" endtime="20231205 00:10:55.305"/>
</kw>
<status status="PASS" starttime="20231205 00:10:53.694" endtime="20231205 00:10:55.305"/>
</kw>
<kw name="Given Im on the signup page" library="test_keywords_signup">
<kw name="Location Should Be" library="SeleniumLibrary">
<arg>https://front.serverest.dev/login</arg>
<doc>Verifies that the current URL is exactly ``url``.</doc>
<msg timestamp="20231205 00:10:55.313" level="INFO">Current location is 'https://front.serverest.dev/login'.</msg>
<status status="PASS" starttime="20231205 00:10:55.306" endtime="20231205 00:10:55.313"/>
</kw>
<kw name="Click Element" library="SeleniumLibrary">
<arg>css=a.btn.btn-link</arg>
<doc>Click the element identified by ``locator``.</doc>
<msg timestamp="20231205 00:10:55.314" level="INFO">Clicking element 'css=a.btn.btn-link'.</msg>
<status status="PASS" starttime="20231205 00:10:55.313" endtime="20231205 00:10:55.359"/>
</kw>
<status status="PASS" starttime="20231205 00:10:55.306" endtime="20231205 00:10:55.359"/>
</kw>
<kw name="And I fill in the signup fields with an email already registered" library="test_keywords_signup">
<kw name="Input Text" library="SeleniumLibrary">
<arg>id:nome</arg>
<arg>${name}</arg>
<doc>Types the given ``text`` into the text field identified by ``locator``.</doc>
<msg timestamp="20231205 00:10:55.360" level="INFO">Typing text 'Christine Collins' into text field 'id:nome'.</msg>
<status status="PASS" starttime="20231205 00:10:55.359" endtime="20231205 00:10:55.462"/>
</kw>
<kw name="Input Text" library="SeleniumLibrary">
<arg>id:email</arg>
<arg>${email}</arg>
<doc>Types the given ``text`` into the text field identified by ``locator``.</doc>
<msg timestamp="20231205 00:10:55.463" level="INFO">Typing text 'leemichael@example.net' into text field 'id:email'.</msg>
<status status="PASS" starttime="20231205 00:10:55.462" endtime="20231205 00:10:55.611"/>
</kw>
<kw name="Input Text" library="SeleniumLibrary">
<arg>id:password</arg>
<arg>${password}</arg>
<doc>Types the given ``text`` into the text field identified by ``locator``.</doc>
<msg timestamp="20231205 00:10:55.612" level="INFO">Typing text 'uRdTxW8v0iih' into text field 'id:password'.</msg>
<status status="PASS" starttime="20231205 00:10:55.611" endtime="20231205 00:10:55.688"/>
</kw>
<kw name="Select Checkbox" library="SeleniumLibrary">
<arg>id=administrador</arg>
<doc>Selects the checkbox identified by ``locator``.</doc>
<msg timestamp="20231205 00:10:55.689" level="INFO">Selecting checkbox 'id=administrador'.</msg>
<status status="PASS" starttime="20231205 00:10:55.688" endtime="20231205 00:10:55.751"/>
</kw>
<status status="PASS" starttime="20231205 00:10:55.359" endtime="20231205 00:10:55.752"/>
</kw>
<kw name="When I click in signup" library="test_keywords_signup">
<kw name="Click Button" library="SeleniumLibrary">
<arg>css=.btn.btn-primary</arg>
<doc>Clicks the button identified by ``locator``.</doc>
<msg timestamp="20231205 00:10:55.753" level="INFO">Clicking button 'css=.btn.btn-primary'.</msg>
<status status="PASS" starttime="20231205 00:10:55.752" endtime="20231205 00:10:55.805"/>
</kw>
<status status="PASS" starttime="20231205 00:10:55.752" endtime="20231205 00:10:55.805"/>
</kw>
<kw name="Then the page should contain the text &quot;Este email já está sendo usado&quot;" library="test_keywords_signup" sourcename="Then the page should contain the text &quot;${expected_text}&quot;">
<kw name="Wait Until Element Is Visible" library="SeleniumLibrary">
<arg>css=.alert-dismissible</arg>
<arg>timeout=10s</arg>
<doc>Waits until the element ``locator`` is visible.</doc>
<status status="PASS" starttime="20231205 00:10:55.806" endtime="20231205 00:10:56.034"/>
</kw>
<kw name="Element Should Be Visible" library="SeleniumLibrary">
<arg>css=.alert-dismissible</arg>
<doc>Verifies that the element identified by ``locator`` is visible.</doc>
<msg timestamp="20231205 00:10:56.049" level="INFO">Element 'css=.alert-dismissible' is displayed.</msg>
<status status="PASS" starttime="20231205 00:10:56.034" endtime="20231205 00:10:56.049"/>
</kw>
<kw name="Page Should Contain" library="SeleniumLibrary">
<arg>${expected_text}</arg>
<doc>Verifies that current page contains ``text``.</doc>
<msg timestamp="20231205 00:10:56.061" level="INFO">Current page contains text 'Este email já está sendo usado'.</msg>
<status status="PASS" starttime="20231205 00:10:56.049" endtime="20231205 00:10:56.061"/>
</kw>
<status status="PASS" starttime="20231205 00:10:55.805" endtime="20231205 00:10:56.061"/>
</kw>
<kw name="After Tests" library="test_keywords_common" type="TEARDOWN">
<kw name="Close Browser" library="SeleniumLibrary">
<doc>Closes the current browser.</doc>
<status status="PASS" starttime="20231205 00:10:56.062" endtime="20231205 00:10:56.126"/>
</kw>
<status status="PASS" starttime="20231205 00:10:56.062" endtime="20231205 00:10:56.126"/>
</kw>
<tag>e2e</tag>
<status status="PASS" starttime="20231205 00:10:53.693" endtime="20231205 00:10:56.126"/>
</test>
<status status="PASS" starttime="20231205 00:10:37.024" endtime="20231205 00:10:56.127"/>
</suite>
<status status="PASS" starttime="20231205 00:10:37.023" endtime="20231205 00:10:56.128"/>
</suite>
<status status="PASS" starttime="20231205 00:10:35.930" endtime="20231205 00:10:56.129"/>
</suite>
<statistics>
<total>
<stat pass="8" fail="0" skip="0">All Tests</stat>
</total>
<tag>
<stat pass="5" fail="0" skip="0">api</stat>
<stat pass="3" fail="0" skip="0">e2e</stat>
</tag>
<suite>
<stat pass="8" fail="0" skip="0" id="s1" name="Tests">Tests</stat>
<stat pass="5" fail="0" skip="0" id="s1-s1" name="Api">Tests.Api</stat>
<stat pass="5" fail="0" skip="0" id="s1-s1-s1" name="Test Api Users">Tests.Api.Test Api Users</stat>
<stat pass="3" fail="0" skip="0" id="s1-s2" name="E2E">Tests.E2E</stat>
<stat pass="3" fail="0" skip="0" id="s1-s2-s1" name="Test Ui Signup">Tests.E2E.Test Ui Signup</stat>
</suite>
</statistics>
<errors>
</errors>
</robot>
