<?xml version="1.0" encoding="UTF-8"?>
<robot generator="Robot 6.0.2 (Python 3.8.16 on linux)" generated="20230418 17:43:34.307" rpa="false" schemaversion="3">
<suite id="s1" name="Tests" source="/home/runner/work/gen-ai-robot-test/gen-ai-robot-test/tests">
<suite id="s1-s1" name="Api" source="/home/runner/work/gen-ai-robot-test/gen-ai-robot-test/tests/api">
<suite id="s1-s1-s1" name="Users" source="/home/runner/work/gen-ai-robot-test/gen-ai-robot-test/tests/api/users">
<suite id="s1-s1-s1-s1" name="Test Api Users" source="/home/runner/work/gen-ai-robot-test/gen-ai-robot-test/tests/api/users/test_api_users.robot">
<test id="s1-s1-s1-s1-t1" name="Scenario: Get all registered users" line="9">
<kw name="Before Tests" library="test_keywords_common" type="SETUP">
<kw name="Create Session" library="RequestsLibrary">
<arg>serverest</arg>
<arg>${SERVER_BASE_URL}</arg>
<arg>disable_warnings=True</arg>
<doc>Create Session: create a HTTP session to a server</doc>
<msg timestamp="20230418 17:43:34.873" level="INFO">Creating Session using : alias=serverest, url=https://serverest.dev, headers={},                     cookies={}, auth=None, timeout=None, proxies=None, verify=False,                     debug=0 </msg>
<status status="PASS" starttime="20230418 17:43:34.873" endtime="20230418 17:43:34.873"/>
</kw>
<status status="PASS" starttime="20230418 17:43:34.872" endtime="20230418 17:43:34.873"/>
</kw>
<kw name="When I request the list of all registered users" library="test_keywords_users">
<kw name="GET On Session" library="RequestsLibrary">
<var>${response}</var>
<arg>serverest</arg>
<arg>${USERS_API_ENDPOINT}</arg>
<doc>Sends a GET request on a previously created HTTP Session.</doc>
<msg timestamp="20230418 17:43:35.029" level="INFO">GET Request : url=https://serverest.dev/usuarios 
 path_url=/usuarios 
 headers={'User-Agent': 'python-requests/2.28.2', 'Accept-Encoding': 'gzip, deflate', 'Accept': '*/*', 'Connection': 'keep-alive'} 
 body=None 
 </msg>
<msg timestamp="20230418 17:43:35.029" level="INFO">GET Response : url=https://serverest.dev/usuarios 
 status=200, reason=OK 
 headers={'access-control-allow-origin': '*', 'x-dns-prefetch-control': 'off', 'x-frame-options': 'SAMEORIGIN', 'strict-transport-security': 'max-age=15552000; includeSubDomains', 'x-download-options': 'noopen', 'x-content-type-options': 'nosniff', 'x-xss-protection': '1; mode=block', 'x-moesif-transaction-id': '7cff63eb-e900-4030-81f1-22f53f654b8d', 'content-type': 'application/json; charset=utf-8', 'X-Cloud-Trace-Context': '540ee4f8b99f82094e03801d8cc4b6f8;o=1', 'Date': 'Tue, 18 Apr 2023 17:43:35 GMT', 'Server': 'Google Frontend', 'Content-Length': '2760'} 
 body={
    "quantidade": 13,
    "usuarios": [
        {
            "nome": "Fulano da Silva",
            "email": "fulano@qa.com",
            "password": "teste",
            "administrador": "true",
            "_id": "0uxuPY0cbmQhpEz1"
        },
        {
            "nome": "{{generatedName}}",
            "email": "Christelle.Fadel31@example.net",
            "password": "teste",
            "administrador": "true",
            "_id": "EJkVQhhbAUyMA48V"
        },
        {
            "nome": "Joesph",
            "email": "Elsie_Jast66@gmail.com",
            "password": "teste",
            "administrador": "true",
            "_id": "Ki2g0rlR5QmObeBw"
        },
        {
            "nome": "Augusta",
            "email": "Alejandra.Rippin@yahoo.com",
            "password": "teste",
            "administrador": "false",
            "_id": "KuNXgF8bjoZEZALK"
        },
        {
            "nome": "Augusta",
            "email": "Marisa.Hessel@yahoo.com",
            "password": "teste",
            "administrador": "true",
            "_id": "OBNET4kMLgAqdmcU"
        },
        {
            "nome": "Lola",
            "email": "Tad72@yahoo.com",
            "password": "teste",
            "administrador": "false",
            "_id": "QUHTwkJWX5unYqNG"
        },
        {
            "nome": "Misael Usuario",
            "email": "misael@gmail.com",
            "password": "teste",
            "administrador": "false",
            "_id": "Y2etvjOChCuLEMIb"
        },
        {
            "nome": "Misael Adm",
            "email": "misael@gmail.com.br",
            "password": "teste",
            "administrador": "true",
            "_id": "YMIE73lmcVjnbVjt"
        },
        {
            "nome": "Sabina",
            "email": "Rosario59@yahoo.com",
            "password": "L_vDW80csV_mypw",
            "administrador": "true",
            "_id": "b5bqhHqwL6Vz8CWL"
        },
        {
            "nome": "Lola",
            "email": "Rodolfo_Hudson@yahoo.com",
            "password": "teste",
            "administrador": "true",
            "_id": "iSv29R5iHr7VnHYp"
        },
        {
            "nome": "Joesph",
            "email": "Roberta.Schroeder@gmail.com",
            "password": "teste",
            "administrador": "false",
            "_id": "iaR865Xg1xpQxmTQ"
        },
        {
            "nome": "Reta",
            "email": "Newell58@yahoo.com",
            "password": "teste",
            "administrador": "true",
            "_id": "lJIrn5sPrQLyAkK5"
        },
        {
            "nome": "Reta",
            "email": "Tyrique.Powlowski@gmail.com",
            "password": "teste",
            "administrador": "false",
            "_id": "s71esl94uVJDURVD"
        }
    ]
} 
 </msg>
<msg timestamp="20230418 17:43:35.030" level="INFO">${response} = &lt;Response [200]&gt;</msg>
<status status="PASS" starttime="20230418 17:43:34.874" endtime="20230418 17:43:35.030"/>
</kw>
<kw name="Set Test Variable" library="BuiltIn">
<arg>${response}</arg>
<doc>Makes a variable available everywhere within the scope of the current test.</doc>
<msg timestamp="20230418 17:43:35.030" level="INFO">${response} = &lt;Response [200]&gt;</msg>
<status status="PASS" starttime="20230418 17:43:35.030" endtime="20230418 17:43:35.030"/>
</kw>
<status status="PASS" starttime="20230418 17:43:34.874" endtime="20230418 17:43:35.030"/>
</kw>
<kw name="Then the response status code should be 200" library="test_keywords_users" sourcename="Then the response status code should be ${status_code}">
<kw name="Should Be Equal As Numbers" library="BuiltIn">
<arg>${response.status_code}</arg>
<arg>${status_code}</arg>
<doc>Fails if objects are unequal after converting them to real numbers.</doc>
<msg timestamp="20230418 17:43:35.032" level="INFO">Argument types are:
&lt;class 'int'&gt;
&lt;class 'str'&gt;</msg>
<status status="PASS" starttime="20230418 17:43:35.031" endtime="20230418 17:43:35.032"/>
</kw>
<kw name="Should Be True" library="BuiltIn">
<arg>${response.json()}</arg>
<doc>Fails if the given condition is not true.</doc>
<status status="PASS" starttime="20230418 17:43:35.032" endtime="20230418 17:43:35.033"/>
</kw>
<status status="PASS" starttime="20230418 17:43:35.031" endtime="20230418 17:43:35.033"/>
</kw>
<kw name="And the response body should not be empty" library="test_keywords_users">
<kw name="Should Not Be Empty" library="BuiltIn">
<arg>${response.json()}</arg>
<doc>Verifies that the given item is not empty.</doc>
<msg timestamp="20230418 17:43:35.034" level="INFO">Length is 2</msg>
<status status="PASS" starttime="20230418 17:43:35.033" endtime="20230418 17:43:35.034"/>
</kw>
<status status="PASS" starttime="20230418 17:43:35.033" endtime="20230418 17:43:35.034"/>
</kw>
<status status="PASS" starttime="20230418 17:43:34.871" endtime="20230418 17:43:35.034"/>
</test>
<test id="s1-s1-s1-s1-t2" name="Scenario: Create a new user" line="14">
<kw name="Before Tests" library="test_keywords_common" type="SETUP">
<kw name="Create Session" library="RequestsLibrary">
<arg>serverest</arg>
<arg>${SERVER_BASE_URL}</arg>
<arg>disable_warnings=True</arg>
<doc>Create Session: create a HTTP session to a server</doc>
<msg timestamp="20230418 17:43:35.036" level="INFO">Creating Session using : alias=serverest, url=https://serverest.dev, headers={},                     cookies={}, auth=None, timeout=None, proxies=None, verify=False,                     debug=0 </msg>
<status status="PASS" starttime="20230418 17:43:35.036" endtime="20230418 17:43:35.036"/>
</kw>
<status status="PASS" starttime="20230418 17:43:35.036" endtime="20230418 17:43:35.037"/>
</kw>
<kw name="Given I have a valid user data" library="test_keywords_users">
<kw name="Name" library="FakerLibrary">
<var>${name}</var>
<doc>:example 'John Doe'</doc>
<msg timestamp="20230418 17:43:35.037" level="INFO">${name} = Matthew Bennett</msg>
<status status="PASS" starttime="20230418 17:43:35.037" endtime="20230418 17:43:35.037"/>
</kw>
<kw name="Email" library="FakerLibrary">
<var>${email}</var>
<msg timestamp="20230418 17:43:35.038" level="INFO">${email} = holly25@example.org</msg>
<status status="PASS" starttime="20230418 17:43:35.038" endtime="20230418 17:43:35.038"/>
</kw>
<kw name="Password" library="FakerLibrary">
<var>${password}</var>
<doc>Generate a random password of the specified ``length``.</doc>
<msg timestamp="20230418 17:43:35.038" level="INFO">${password} = n0QI+43D#E</msg>
<status status="PASS" starttime="20230418 17:43:35.038" endtime="20230418 17:43:35.038"/>
</kw>
<kw name="Set Suite Variable" library="BuiltIn">
<arg>${name}</arg>
<doc>Makes a variable available everywhere within the scope of the current suite.</doc>
<msg timestamp="20230418 17:43:35.039" level="INFO">${name} = Matthew Bennett</msg>
<status status="PASS" starttime="20230418 17:43:35.038" endtime="20230418 17:43:35.039"/>
</kw>
<kw name="Set Suite Variable" library="BuiltIn">
<arg>${email}</arg>
<doc>Makes a variable available everywhere within the scope of the current suite.</doc>
<msg timestamp="20230418 17:43:35.039" level="INFO">${email} = holly25@example.org</msg>
<status status="PASS" starttime="20230418 17:43:35.039" endtime="20230418 17:43:35.039"/>
</kw>
<kw name="Set Suite Variable" library="BuiltIn">
<arg>${password}</arg>
<doc>Makes a variable available everywhere within the scope of the current suite.</doc>
<msg timestamp="20230418 17:43:35.039" level="INFO">${password} = n0QI+43D#E</msg>
<status status="PASS" starttime="20230418 17:43:35.039" endtime="20230418 17:43:35.039"/>
</kw>
<status status="PASS" starttime="20230418 17:43:35.037" endtime="20230418 17:43:35.040"/>
</kw>
<kw name="When I create the user" library="test_keywords_users">
<kw name="Create Dictionary" library="BuiltIn">
<var>${payload}</var>
<arg>nome=${name}</arg>
<arg>email=${email}</arg>
<arg>password=${password}</arg>
<arg>administrador=false</arg>
<doc>Creates and returns a dictionary based on the given ``items``.</doc>
<msg timestamp="20230418 17:43:35.040" level="INFO">${payload} = {'nome': 'Matthew Bennett', 'email': 'holly25@example.org', 'password': 'n0QI+43D#E', 'administrador': 'false'}</msg>
<status status="PASS" starttime="20230418 17:43:35.040" endtime="20230418 17:43:35.040"/>
</kw>
<kw name="Create Dictionary" library="BuiltIn">
<var>${headers}</var>
<arg>Content-Type=application/json</arg>
<doc>Creates and returns a dictionary based on the given ``items``.</doc>
<msg timestamp="20230418 17:43:35.041" level="INFO">${headers} = {'Content-Type': 'application/json'}</msg>
<status status="PASS" starttime="20230418 17:43:35.041" endtime="20230418 17:43:35.041"/>
</kw>
<kw name="POST On Session" library="RequestsLibrary">
<var>${response}</var>
<arg>serverest</arg>
<arg>${USERS_API_ENDPOINT}</arg>
<arg>json=${payload}</arg>
<arg>headers=${headers}</arg>
<doc>Sends a POST request on a previously created HTTP Session.</doc>
<msg timestamp="20230418 17:43:35.104" level="INFO">POST Request : url=https://serverest.dev/usuarios 
 path_url=/usuarios 
 headers={'User-Agent': 'python-requests/2.28.2', 'Accept-Encoding': 'gzip, deflate', 'Accept': '*/*', 'Connection': 'keep-alive', 'Content-Type': 'application/json', 'Content-Length': '111'} 
 body=b'{"nome": "Matthew Bennett", "email": "holly25@example.org", "password": "n0QI+43D#E", "administrador": "false"}' 
 </msg>
<msg timestamp="20230418 17:43:35.104" level="INFO">POST Response : url=https://serverest.dev/usuarios 
 status=201, reason=Created 
 headers={'access-control-allow-origin': '*', 'x-dns-prefetch-control': 'off', 'x-frame-options': 'SAMEORIGIN', 'strict-transport-security': 'max-age=15552000; includeSubDomains', 'x-download-options': 'noopen', 'x-content-type-options': 'nosniff', 'x-xss-protection': '1; mode=block', 'x-moesif-transaction-id': '7fe471e9-213f-476c-a180-46e858f4e755', 'content-type': 'application/json; charset=utf-8', 'X-Cloud-Trace-Context': 'e918fa4be3cb465e79f5d38954fcac53', 'Date': 'Tue, 18 Apr 2023 17:43:35 GMT', 'Server': 'Google Frontend', 'Content-Length': '82'} 
 body={
    "message": "Cadastro realizado com sucesso",
    "_id": "YOgrvk2DpsK4mpKR"
} 
 </msg>
<msg timestamp="20230418 17:43:35.105" level="INFO">${response} = &lt;Response [201]&gt;</msg>
<status status="PASS" starttime="20230418 17:43:35.041" endtime="20230418 17:43:35.105"/>
</kw>
<kw name="Set Variable" library="BuiltIn">
<var>${user_id}</var>
<arg>${response.json()['_id']}</arg>
<doc>Returns the given values which can then be assigned to a variables.</doc>
<msg timestamp="20230418 17:43:35.106" level="INFO">${user_id} = YOgrvk2DpsK4mpKR</msg>
<status status="PASS" starttime="20230418 17:43:35.105" endtime="20230418 17:43:35.106"/>
</kw>
<kw name="Set Global Variable" library="BuiltIn">
<arg>${USER_ID}</arg>
<arg>${user_id}</arg>
<doc>Makes a variable available globally in all tests and suites.</doc>
<msg timestamp="20230418 17:43:35.106" level="INFO">${USER_ID} = YOgrvk2DpsK4mpKR</msg>
<status status="PASS" starttime="20230418 17:43:35.106" endtime="20230418 17:43:35.106"/>
</kw>
<kw name="Set Test Variable" library="BuiltIn">
<arg>${response}</arg>
<doc>Makes a variable available everywhere within the scope of the current test.</doc>
<msg timestamp="20230418 17:43:35.107" level="INFO">${response} = &lt;Response [201]&gt;</msg>
<status status="PASS" starttime="20230418 17:43:35.106" endtime="20230418 17:43:35.107"/>
</kw>
<status status="PASS" starttime="20230418 17:43:35.040" endtime="20230418 17:43:35.107"/>
</kw>
<kw name="Then the response status code should be 201" library="test_keywords_users" sourcename="Then the response status code should be ${status_code}">
<kw name="Should Be Equal As Numbers" library="BuiltIn">
<arg>${response.status_code}</arg>
<arg>${status_code}</arg>
<doc>Fails if objects are unequal after converting them to real numbers.</doc>
<msg timestamp="20230418 17:43:35.108" level="INFO">Argument types are:
&lt;class 'int'&gt;
&lt;class 'str'&gt;</msg>
<status status="PASS" starttime="20230418 17:43:35.107" endtime="20230418 17:43:35.108"/>
</kw>
<kw name="Should Be True" library="BuiltIn">
<arg>${response.json()}</arg>
<doc>Fails if the given condition is not true.</doc>
<status status="PASS" starttime="20230418 17:43:35.108" endtime="20230418 17:43:35.109"/>
</kw>
<status status="PASS" starttime="20230418 17:43:35.107" endtime="20230418 17:43:35.109"/>
</kw>
<kw name="And the response body should not be empty" library="test_keywords_users">
<kw name="Should Not Be Empty" library="BuiltIn">
<arg>${response.json()}</arg>
<doc>Verifies that the given item is not empty.</doc>
<msg timestamp="20230418 17:43:35.110" level="INFO">Length is 2</msg>
<status status="PASS" starttime="20230418 17:43:35.110" endtime="20230418 17:43:35.110"/>
</kw>
<status status="PASS" starttime="20230418 17:43:35.109" endtime="20230418 17:43:35.111"/>
</kw>
<status status="PASS" starttime="20230418 17:43:35.035" endtime="20230418 17:43:35.111"/>
</test>
<test id="s1-s1-s1-s1-t3" name="Scenario: Get a specific user informations" line="20">
<kw name="Before Tests" library="test_keywords_common" type="SETUP">
<kw name="Create Session" library="RequestsLibrary">
<arg>serverest</arg>
<arg>${SERVER_BASE_URL}</arg>
<arg>disable_warnings=True</arg>
<doc>Create Session: create a HTTP session to a server</doc>
<msg timestamp="20230418 17:43:35.112" level="INFO">Creating Session using : alias=serverest, url=https://serverest.dev, headers={},                     cookies={}, auth=None, timeout=None, proxies=None, verify=False,                     debug=0 </msg>
<status status="PASS" starttime="20230418 17:43:35.112" endtime="20230418 17:43:35.113"/>
</kw>
<status status="PASS" starttime="20230418 17:43:35.112" endtime="20230418 17:43:35.113"/>
</kw>
<kw name="When I request the created user" library="test_keywords_users">
<kw name="GET On Session" library="RequestsLibrary">
<var>${response}</var>
<arg>serverest</arg>
<arg>${USERS_API_ENDPOINT}/${USER_ID}</arg>
<doc>Sends a GET request on a previously created HTTP Session.</doc>
<msg timestamp="20230418 17:43:35.176" level="INFO">GET Request : url=https://serverest.dev/usuarios/YOgrvk2DpsK4mpKR 
 path_url=/usuarios/YOgrvk2DpsK4mpKR 
 headers={'User-Agent': 'python-requests/2.28.2', 'Accept-Encoding': 'gzip, deflate', 'Accept': '*/*', 'Connection': 'keep-alive'} 
 body=None 
 </msg>
<msg timestamp="20230418 17:43:35.177" level="INFO">GET Response : url=https://serverest.dev/usuarios/YOgrvk2DpsK4mpKR 
 status=200, reason=OK 
 headers={'access-control-allow-origin': '*', 'x-dns-prefetch-control': 'off', 'x-frame-options': 'SAMEORIGIN', 'strict-transport-security': 'max-age=15552000; includeSubDomains', 'x-download-options': 'noopen', 'x-content-type-options': 'nosniff', 'x-xss-protection': '1; mode=block', 'x-moesif-transaction-id': '496fc0d3-5ddd-45c6-8a31-ed1660034cfe', 'content-type': 'application/json; charset=utf-8', 'X-Cloud-Trace-Context': '362260fb78351ebb3a58354de56bfe58', 'Date': 'Tue, 18 Apr 2023 17:43:35 GMT', 'Server': 'Google Frontend', 'Content-Length': '160'} 
 body={
    "nome": "Matthew Bennett",
    "email": "holly25@example.org",
    "password": "n0QI+43D#E",
    "administrador": "false",
    "_id": "YOgrvk2DpsK4mpKR"
} 
 </msg>
<msg timestamp="20230418 17:43:35.177" level="INFO">${response} = &lt;Response [200]&gt;</msg>
<status status="PASS" starttime="20230418 17:43:35.113" endtime="20230418 17:43:35.177"/>
</kw>
<kw name="Set Test Variable" library="BuiltIn">
<arg>${response}</arg>
<doc>Makes a variable available everywhere within the scope of the current test.</doc>
<msg timestamp="20230418 17:43:35.177" level="INFO">${response} = &lt;Response [200]&gt;</msg>
<status status="PASS" starttime="20230418 17:43:35.177" endtime="20230418 17:43:35.177"/>
</kw>
<status status="PASS" starttime="20230418 17:43:35.113" endtime="20230418 17:43:35.177"/>
</kw>
<kw name="Then the response status code should be 200" library="test_keywords_users" sourcename="Then the response status code should be ${status_code}">
<kw name="Should Be Equal As Numbers" library="BuiltIn">
<arg>${response.status_code}</arg>
<arg>${status_code}</arg>
<doc>Fails if objects are unequal after converting them to real numbers.</doc>
<msg timestamp="20230418 17:43:35.178" level="INFO">Argument types are:
&lt;class 'int'&gt;
&lt;class 'str'&gt;</msg>
<status status="PASS" starttime="20230418 17:43:35.178" endtime="20230418 17:43:35.179"/>
</kw>
<kw name="Should Be True" library="BuiltIn">
<arg>${response.json()}</arg>
<doc>Fails if the given condition is not true.</doc>
<status status="PASS" starttime="20230418 17:43:35.179" endtime="20230418 17:43:35.179"/>
</kw>
<status status="PASS" starttime="20230418 17:43:35.178" endtime="20230418 17:43:35.179"/>
</kw>
<kw name="And the response body should not be empty" library="test_keywords_users">
<kw name="Should Not Be Empty" library="BuiltIn">
<arg>${response.json()}</arg>
<doc>Verifies that the given item is not empty.</doc>
<msg timestamp="20230418 17:43:35.180" level="INFO">Length is 5</msg>
<status status="PASS" starttime="20230418 17:43:35.180" endtime="20230418 17:43:35.181"/>
</kw>
<status status="PASS" starttime="20230418 17:43:35.179" endtime="20230418 17:43:35.181"/>
</kw>
<status status="PASS" starttime="20230418 17:43:35.111" endtime="20230418 17:43:35.181"/>
</test>
<test id="s1-s1-s1-s1-t4" name="Scenario: Update the created user" line="25">
<kw name="Before Tests" library="test_keywords_common" type="SETUP">
<kw name="Create Session" library="RequestsLibrary">
<arg>serverest</arg>
<arg>${SERVER_BASE_URL}</arg>
<arg>disable_warnings=True</arg>
<doc>Create Session: create a HTTP session to a server</doc>
<msg timestamp="20230418 17:43:35.182" level="INFO">Creating Session using : alias=serverest, url=https://serverest.dev, headers={},                     cookies={}, auth=None, timeout=None, proxies=None, verify=False,                     debug=0 </msg>
<status status="PASS" starttime="20230418 17:43:35.182" endtime="20230418 17:43:35.183"/>
</kw>
<status status="PASS" starttime="20230418 17:43:35.182" endtime="20230418 17:43:35.183"/>
</kw>
<kw name="When I update the created user" library="test_keywords_users">
<kw name="Create Dictionary" library="BuiltIn">
<var>${payload}</var>
<arg>nome=John Smith</arg>
<arg>email=john.smith@example.com</arg>
<arg>password=P@ssw0rd123</arg>
<arg>administrador=false</arg>
<doc>Creates and returns a dictionary based on the given ``items``.</doc>
<msg timestamp="20230418 17:43:35.184" level="INFO">${payload} = {'nome': 'John Smith', 'email': 'john.smith@example.com', 'password': 'P@ssw0rd123', 'administrador': 'false'}</msg>
<status status="PASS" starttime="20230418 17:43:35.183" endtime="20230418 17:43:35.184"/>
</kw>
<kw name="Create Dictionary" library="BuiltIn">
<var>${headers}</var>
<arg>Content-Type=application/json</arg>
<doc>Creates and returns a dictionary based on the given ``items``.</doc>
<msg timestamp="20230418 17:43:35.184" level="INFO">${headers} = {'Content-Type': 'application/json'}</msg>
<status status="PASS" starttime="20230418 17:43:35.184" endtime="20230418 17:43:35.184"/>
</kw>
<kw name="PUT On Session" library="RequestsLibrary">
<var>${response}</var>
<arg>serverest</arg>
<arg>${USERS_API_ENDPOINT}/${USER_ID}</arg>
<arg>json=${payload}</arg>
<arg>headers=${headers}</arg>
<doc>Sends a PUT request on a previously created HTTP Session.</doc>
<msg timestamp="20230418 17:43:35.251" level="INFO">PUT Request : url=https://serverest.dev/usuarios/YOgrvk2DpsK4mpKR 
 path_url=/usuarios/YOgrvk2DpsK4mpKR 
 headers={'User-Agent': 'python-requests/2.28.2', 'Accept-Encoding': 'gzip, deflate', 'Accept': '*/*', 'Connection': 'keep-alive', 'Content-Type': 'application/json', 'Content-Length': '110'} 
 body=b'{"nome": "John Smith", "email": "john.smith@example.com", "password": "P@ssw0rd123", "administrador": "false"}' 
 </msg>
<msg timestamp="20230418 17:43:35.251" level="INFO">PUT Response : url=https://serverest.dev/usuarios/YOgrvk2DpsK4mpKR 
 status=200, reason=OK 
 headers={'access-control-allow-origin': '*', 'x-dns-prefetch-control': 'off', 'x-frame-options': 'SAMEORIGIN', 'strict-transport-security': 'max-age=15552000; includeSubDomains', 'x-download-options': 'noopen', 'x-content-type-options': 'nosniff', 'x-xss-protection': '1; mode=block', 'x-moesif-transaction-id': '431f697e-d431-4803-8d29-c7133113d493', 'content-type': 'application/json; charset=utf-8', 'X-Cloud-Trace-Context': '45b96d9ac077447d6185c97b7e6d5037', 'Date': 'Tue, 18 Apr 2023 17:43:35 GMT', 'Server': 'Google Frontend', 'Content-Length': '50'} 
 body={
    "message": "Registro alterado com sucesso"
} 
 </msg>
<msg timestamp="20230418 17:43:35.251" level="INFO">${response} = &lt;Response [200]&gt;</msg>
<status status="PASS" starttime="20230418 17:43:35.184" endtime="20230418 17:43:35.251"/>
</kw>
<kw name="Set Test Variable" library="BuiltIn">
<arg>${response}</arg>
<doc>Makes a variable available everywhere within the scope of the current test.</doc>
<msg timestamp="20230418 17:43:35.252" level="INFO">${response} = &lt;Response [200]&gt;</msg>
<status status="PASS" starttime="20230418 17:43:35.251" endtime="20230418 17:43:35.252"/>
</kw>
<status status="PASS" starttime="20230418 17:43:35.183" endtime="20230418 17:43:35.252"/>
</kw>
<kw name="Then the response status code should be 200" library="test_keywords_users" sourcename="Then the response status code should be ${status_code}">
<kw name="Should Be Equal As Numbers" library="BuiltIn">
<arg>${response.status_code}</arg>
<arg>${status_code}</arg>
<doc>Fails if objects are unequal after converting them to real numbers.</doc>
<msg timestamp="20230418 17:43:35.253" level="INFO">Argument types are:
&lt;class 'int'&gt;
&lt;class 'str'&gt;</msg>
<status status="PASS" starttime="20230418 17:43:35.252" endtime="20230418 17:43:35.253"/>
</kw>
<kw name="Should Be True" library="BuiltIn">
<arg>${response.json()}</arg>
<doc>Fails if the given condition is not true.</doc>
<status status="PASS" starttime="20230418 17:43:35.253" endtime="20230418 17:43:35.254"/>
</kw>
<status status="PASS" starttime="20230418 17:43:35.252" endtime="20230418 17:43:35.254"/>
</kw>
<kw name="And the response body should not be empty" library="test_keywords_users">
<kw name="Should Not Be Empty" library="BuiltIn">
<arg>${response.json()}</arg>
<doc>Verifies that the given item is not empty.</doc>
<msg timestamp="20230418 17:43:35.255" level="INFO">Length is 1</msg>
<status status="PASS" starttime="20230418 17:43:35.255" endtime="20230418 17:43:35.255"/>
</kw>
<status status="PASS" starttime="20230418 17:43:35.254" endtime="20230418 17:43:35.255"/>
</kw>
<status status="PASS" starttime="20230418 17:43:35.181" endtime="20230418 17:43:35.256"/>
</test>
<test id="s1-s1-s1-s1-t5" name="Scenario: Delete the created user" line="30">
<kw name="Before Tests" library="test_keywords_common" type="SETUP">
<kw name="Create Session" library="RequestsLibrary">
<arg>serverest</arg>
<arg>${SERVER_BASE_URL}</arg>
<arg>disable_warnings=True</arg>
<doc>Create Session: create a HTTP session to a server</doc>
<msg timestamp="20230418 17:43:35.257" level="INFO">Creating Session using : alias=serverest, url=https://serverest.dev, headers={},                     cookies={}, auth=None, timeout=None, proxies=None, verify=False,                     debug=0 </msg>
<status status="PASS" starttime="20230418 17:43:35.257" endtime="20230418 17:43:35.257"/>
</kw>
<status status="PASS" starttime="20230418 17:43:35.256" endtime="20230418 17:43:35.257"/>
</kw>
<kw name="When I delete the created user" library="test_keywords_users">
<kw name="DELETE On Session" library="RequestsLibrary">
<var>${response}</var>
<arg>serverest</arg>
<arg>${USERS_API_ENDPOINT}/${USER_ID}</arg>
<doc>Sends a DELETE request on a previously created HTTP Session.</doc>
<msg timestamp="20230418 17:43:35.329" level="INFO">DELETE Request : url=https://serverest.dev/usuarios/YOgrvk2DpsK4mpKR 
 path_url=/usuarios/YOgrvk2DpsK4mpKR 
 headers={'User-Agent': 'python-requests/2.28.2', 'Accept-Encoding': 'gzip, deflate', 'Accept': '*/*', 'Connection': 'keep-alive', 'Content-Length': '0'} 
 body=None 
 </msg>
<msg timestamp="20230418 17:43:35.330" level="INFO">DELETE Response : url=https://serverest.dev/usuarios/YOgrvk2DpsK4mpKR 
 status=200, reason=OK 
 headers={'access-control-allow-origin': '*', 'x-dns-prefetch-control': 'off', 'x-frame-options': 'SAMEORIGIN', 'strict-transport-security': 'max-age=15552000; includeSubDomains', 'x-download-options': 'noopen', 'x-content-type-options': 'nosniff', 'x-xss-protection': '1; mode=block', 'x-moesif-transaction-id': '3557281a-3f07-41ef-b85b-938af7b2090c', 'content-type': 'application/json; charset=utf-8', 'X-Cloud-Trace-Context': '27b5c533a652a007b5369fb1f6fe9759', 'Date': 'Tue, 18 Apr 2023 17:43:35 GMT', 'Server': 'Google Frontend', 'Content-Length': '51'} 
 body={
    "message": "Registro excluído com sucesso"
} 
 </msg>
<msg timestamp="20230418 17:43:35.330" level="INFO">${response} = &lt;Response [200]&gt;</msg>
<status status="PASS" starttime="20230418 17:43:35.258" endtime="20230418 17:43:35.330"/>
</kw>
<kw name="Set Test Variable" library="BuiltIn">
<arg>${response}</arg>
<doc>Makes a variable available everywhere within the scope of the current test.</doc>
<msg timestamp="20230418 17:43:35.330" level="INFO">${response} = &lt;Response [200]&gt;</msg>
<status status="PASS" starttime="20230418 17:43:35.330" endtime="20230418 17:43:35.330"/>
</kw>
<status status="PASS" starttime="20230418 17:43:35.257" endtime="20230418 17:43:35.331"/>
</kw>
<kw name="Then the response status code should be 200" library="test_keywords_users" sourcename="Then the response status code should be ${status_code}">
<kw name="Should Be Equal As Numbers" library="BuiltIn">
<arg>${response.status_code}</arg>
<arg>${status_code}</arg>
<doc>Fails if objects are unequal after converting them to real numbers.</doc>
<msg timestamp="20230418 17:43:35.332" level="INFO">Argument types are:
&lt;class 'int'&gt;
&lt;class 'str'&gt;</msg>
<status status="PASS" starttime="20230418 17:43:35.331" endtime="20230418 17:43:35.332"/>
</kw>
<kw name="Should Be True" library="BuiltIn">
<arg>${response.json()}</arg>
<doc>Fails if the given condition is not true.</doc>
<status status="PASS" starttime="20230418 17:43:35.332" endtime="20230418 17:43:35.333"/>
</kw>
<status status="PASS" starttime="20230418 17:43:35.331" endtime="20230418 17:43:35.333"/>
</kw>
<kw name="And the response body should not be empty" library="test_keywords_users">
<kw name="Should Not Be Empty" library="BuiltIn">
<arg>${response.json()}</arg>
<doc>Verifies that the given item is not empty.</doc>
<msg timestamp="20230418 17:43:35.334" level="INFO">Length is 1</msg>
<status status="PASS" starttime="20230418 17:43:35.333" endtime="20230418 17:43:35.334"/>
</kw>
<status status="PASS" starttime="20230418 17:43:35.333" endtime="20230418 17:43:35.334"/>
</kw>
<status status="PASS" starttime="20230418 17:43:35.256" endtime="20230418 17:43:35.334"/>
</test>
<status status="PASS" starttime="20230418 17:43:34.331" endtime="20230418 17:43:35.335"/>
</suite>
<status status="PASS" starttime="20230418 17:43:34.330" endtime="20230418 17:43:35.336"/>
</suite>
<status status="PASS" starttime="20230418 17:43:34.329" endtime="20230418 17:43:35.337"/>
</suite>
<suite id="s1-s2" name="Ui" source="/home/runner/work/gen-ai-robot-test/gen-ai-robot-test/tests/ui">
<suite id="s1-s2-s1" name="Login" source="/home/runner/work/gen-ai-robot-test/gen-ai-robot-test/tests/ui/login">
<suite id="s1-s2-s1-s1" name="Test Ui Login" source="/home/runner/work/gen-ai-robot-test/gen-ai-robot-test/tests/ui/login/test_ui_login.robot">
<test id="s1-s2-s1-s1-t1" name="Scenario: Log in to Sauce Demo with Standard User" line="10">
<kw name="Before Tests" library="test_keywords_common" type="SETUP">
<kw name="Open Browser" library="SeleniumLibrary">
<arg>${SERVER_BASE_URL}</arg>
<arg>${HEADLESS} ${BROWSER}</arg>
<doc>Opens a new browser instance to the optional ``url``.</doc>
<msg timestamp="20230418 17:43:35.348" level="INFO">Opening browser 'headless Chrome' to base url 'https://www.saucedemo.com/'.</msg>
<status status="PASS" starttime="20230418 17:43:35.347" endtime="20230418 17:43:41.329"/>
</kw>
<kw name="Maximize Browser Window" library="SeleniumLibrary">
<doc>Maximizes current browser window.</doc>
<status status="PASS" starttime="20230418 17:43:41.330" endtime="20230418 17:43:41.454"/>
</kw>
<status status="PASS" starttime="20230418 17:43:35.347" endtime="20230418 17:43:41.454"/>
</kw>
<kw name="Given Im on the main application page" library="test_keywords_login">
<kw name="Go To" library="SeleniumLibrary">
<arg>${SERVER_BASE_URL}</arg>
<doc>Navigates the current browser window to the provided ``url``.</doc>
<msg timestamp="20230418 17:43:41.455" level="INFO">Opening url 'https://www.saucedemo.com/'</msg>
<status status="PASS" starttime="20230418 17:43:41.455" endtime="20230418 17:43:41.550"/>
</kw>
<kw name="Location Should Be" library="SeleniumLibrary">
<arg>${SERVER_BASE_URL}</arg>
<doc>Verifies that the current URL is exactly ``url``.</doc>
<msg timestamp="20230418 17:43:41.554" level="INFO">Current location is 'https://www.saucedemo.com/'.</msg>
<status status="PASS" starttime="20230418 17:43:41.550" endtime="20230418 17:43:41.554"/>
</kw>
<status status="PASS" starttime="20230418 17:43:41.455" endtime="20230418 17:43:41.554"/>
</kw>
<kw name="When I log in with credentials" library="test_keywords_login">
<arg>standard_user</arg>
<arg>secret_sauce</arg>
<kw name="Input Text" library="SeleniumLibrary">
<arg>id:user-name</arg>
<arg>${username}</arg>
<doc>Types the given ``text`` into the text field identified by ``locator``.</doc>
<msg timestamp="20230418 17:43:41.556" level="INFO">Typing text 'standard_user' into text field 'id:user-name'.</msg>
<status status="PASS" starttime="20230418 17:43:41.555" endtime="20230418 17:43:41.788"/>
</kw>
<kw name="Input Text" library="SeleniumLibrary">
<arg>id:password</arg>
<arg>${password}</arg>
<doc>Types the given ``text`` into the text field identified by ``locator``.</doc>
<msg timestamp="20230418 17:43:41.789" level="INFO">Typing text 'secret_sauce' into text field 'id:password'.</msg>
<status status="PASS" starttime="20230418 17:43:41.788" endtime="20230418 17:43:41.979"/>
</kw>
<kw name="Click Button" library="SeleniumLibrary">
<arg>id:login-button</arg>
<doc>Clicks the button identified by ``locator``.</doc>
<msg timestamp="20230418 17:43:41.980" level="INFO">Clicking button 'id:login-button'.</msg>
<status status="PASS" starttime="20230418 17:43:41.979" endtime="20230418 17:43:42.218"/>
</kw>
<status status="PASS" starttime="20230418 17:43:41.555" endtime="20230418 17:43:42.218"/>
</kw>
<kw name="And the Inventory page loads" library="test_keywords_login">
<kw name="Location Should Be" library="SeleniumLibrary">
<arg>https://www.saucedemo.com/inventory.html</arg>
<doc>Verifies that the current URL is exactly ``url``.</doc>
<msg timestamp="20230418 17:43:42.224" level="INFO">Current location is 'https://www.saucedemo.com/inventory.html'.</msg>
<status status="PASS" starttime="20230418 17:43:42.219" endtime="20230418 17:43:42.224"/>
</kw>
<status status="PASS" starttime="20230418 17:43:42.218" endtime="20230418 17:43:42.225"/>
</kw>
<kw name="Then the page should contain the text &quot;Products&quot;" library="test_keywords_login" sourcename="Then the page should contain the text &quot;${expected_text}&quot;">
<kw name="Page Should Contain" library="SeleniumLibrary">
<arg>${expected_text}</arg>
<doc>Verifies that current page contains ``text``.</doc>
<msg timestamp="20230418 17:43:42.253" level="INFO">Current page contains text 'Products'.</msg>
<status status="PASS" starttime="20230418 17:43:42.225" endtime="20230418 17:43:42.253"/>
</kw>
<status status="PASS" starttime="20230418 17:43:42.225" endtime="20230418 17:43:42.253"/>
</kw>
<kw name="After Tests" library="test_keywords_common" type="TEARDOWN">
<kw name="Close Browser" library="SeleniumLibrary">
<doc>Closes the current browser.</doc>
<status status="PASS" starttime="20230418 17:43:42.254" endtime="20230418 17:43:42.311"/>
</kw>
<status status="PASS" starttime="20230418 17:43:42.254" endtime="20230418 17:43:42.312"/>
</kw>
<status status="PASS" starttime="20230418 17:43:35.346" endtime="20230418 17:43:42.312"/>
</test>
<test id="s1-s2-s1-s1-t2" name="Scenario: Log in to Sauce Demo with Locked Out User" line="16">
<kw name="Before Tests" library="test_keywords_common" type="SETUP">
<kw name="Open Browser" library="SeleniumLibrary">
<arg>${SERVER_BASE_URL}</arg>
<arg>${HEADLESS} ${BROWSER}</arg>
<doc>Opens a new browser instance to the optional ``url``.</doc>
<msg timestamp="20230418 17:43:42.314" level="INFO">Opening browser 'headless Chrome' to base url 'https://www.saucedemo.com/'.</msg>
<status status="PASS" starttime="20230418 17:43:42.313" endtime="20230418 17:43:43.100"/>
</kw>
<kw name="Maximize Browser Window" library="SeleniumLibrary">
<doc>Maximizes current browser window.</doc>
<status status="PASS" starttime="20230418 17:43:43.100" endtime="20230418 17:43:43.204"/>
</kw>
<status status="PASS" starttime="20230418 17:43:42.313" endtime="20230418 17:43:43.205"/>
</kw>
<kw name="Given Im on the main application page" library="test_keywords_login">
<kw name="Go To" library="SeleniumLibrary">
<arg>${SERVER_BASE_URL}</arg>
<doc>Navigates the current browser window to the provided ``url``.</doc>
<msg timestamp="20230418 17:43:43.205" level="INFO">Opening url 'https://www.saucedemo.com/'</msg>
<status status="PASS" starttime="20230418 17:43:43.205" endtime="20230418 17:43:43.272"/>
</kw>
<kw name="Location Should Be" library="SeleniumLibrary">
<arg>${SERVER_BASE_URL}</arg>
<doc>Verifies that the current URL is exactly ``url``.</doc>
<msg timestamp="20230418 17:43:43.277" level="INFO">Current location is 'https://www.saucedemo.com/'.</msg>
<status status="PASS" starttime="20230418 17:43:43.272" endtime="20230418 17:43:43.277"/>
</kw>
<status status="PASS" starttime="20230418 17:43:43.205" endtime="20230418 17:43:43.277"/>
</kw>
<kw name="When I log in with credentials" library="test_keywords_login">
<arg>locked_out_user</arg>
<arg>secret_sauce</arg>
<kw name="Input Text" library="SeleniumLibrary">
<arg>id:user-name</arg>
<arg>${username}</arg>
<doc>Types the given ``text`` into the text field identified by ``locator``.</doc>
<msg timestamp="20230418 17:43:43.278" level="INFO">Typing text 'locked_out_user' into text field 'id:user-name'.</msg>
<status status="PASS" starttime="20230418 17:43:43.278" endtime="20230418 17:43:43.371"/>
</kw>
<kw name="Input Text" library="SeleniumLibrary">
<arg>id:password</arg>
<arg>${password}</arg>
<doc>Types the given ``text`` into the text field identified by ``locator``.</doc>
<msg timestamp="20230418 17:43:43.372" level="INFO">Typing text 'secret_sauce' into text field 'id:password'.</msg>
<status status="PASS" starttime="20230418 17:43:43.371" endtime="20230418 17:43:43.455"/>
</kw>
<kw name="Click Button" library="SeleniumLibrary">
<arg>id:login-button</arg>
<doc>Clicks the button identified by ``locator``.</doc>
<msg timestamp="20230418 17:43:43.456" level="INFO">Clicking button 'id:login-button'.</msg>
<status status="PASS" starttime="20230418 17:43:43.455" endtime="20230418 17:43:43.513"/>
</kw>
<status status="PASS" starttime="20230418 17:43:43.277" endtime="20230418 17:43:43.514"/>
</kw>
<kw name="Then the locked out message should be displayed" library="test_keywords_login">
<kw name="Element Should Be Visible" library="SeleniumLibrary">
<arg>class:error-message-container</arg>
<doc>Verifies that the element identified by ``locator`` is visible.</doc>
<msg timestamp="20230418 17:43:43.537" level="INFO">Element 'class:error-message-container' is displayed.</msg>
<status status="PASS" starttime="20230418 17:43:43.514" endtime="20230418 17:43:43.537"/>
</kw>
<status status="PASS" starttime="20230418 17:43:43.514" endtime="20230418 17:43:43.537"/>
</kw>
<kw name="After Tests" library="test_keywords_common" type="TEARDOWN">
<kw name="Close Browser" library="SeleniumLibrary">
<doc>Closes the current browser.</doc>
<status status="PASS" starttime="20230418 17:43:43.538" endtime="20230418 17:43:43.596"/>
</kw>
<status status="PASS" starttime="20230418 17:43:43.538" endtime="20230418 17:43:43.596"/>
</kw>
<status status="PASS" starttime="20230418 17:43:42.312" endtime="20230418 17:43:43.596"/>
</test>
<test id="s1-s2-s1-s1-t3" name="Scenario: Log in to Sauce Demo with Problem User" line="21">
<kw name="Before Tests" library="test_keywords_common" type="SETUP">
<kw name="Open Browser" library="SeleniumLibrary">
<arg>${SERVER_BASE_URL}</arg>
<arg>${HEADLESS} ${BROWSER}</arg>
<doc>Opens a new browser instance to the optional ``url``.</doc>
<msg timestamp="20230418 17:43:43.599" level="INFO">Opening browser 'headless Chrome' to base url 'https://www.saucedemo.com/'.</msg>
<status status="PASS" starttime="20230418 17:43:43.598" endtime="20230418 17:43:44.414"/>
</kw>
<kw name="Maximize Browser Window" library="SeleniumLibrary">
<doc>Maximizes current browser window.</doc>
<status status="PASS" starttime="20230418 17:43:44.414" endtime="20230418 17:43:44.520"/>
</kw>
<status status="PASS" starttime="20230418 17:43:43.598" endtime="20230418 17:43:44.520"/>
</kw>
<kw name="Given Im on the main application page" library="test_keywords_login">
<kw name="Go To" library="SeleniumLibrary">
<arg>${SERVER_BASE_URL}</arg>
<doc>Navigates the current browser window to the provided ``url``.</doc>
<msg timestamp="20230418 17:43:44.521" level="INFO">Opening url 'https://www.saucedemo.com/'</msg>
<status status="PASS" starttime="20230418 17:43:44.521" endtime="20230418 17:43:44.588"/>
</kw>
<kw name="Location Should Be" library="SeleniumLibrary">
<arg>${SERVER_BASE_URL}</arg>
<doc>Verifies that the current URL is exactly ``url``.</doc>
<msg timestamp="20230418 17:43:44.592" level="INFO">Current location is 'https://www.saucedemo.com/'.</msg>
<status status="PASS" starttime="20230418 17:43:44.588" endtime="20230418 17:43:44.592"/>
</kw>
<status status="PASS" starttime="20230418 17:43:44.520" endtime="20230418 17:43:44.592"/>
</kw>
<kw name="When I log in with credentials" library="test_keywords_login">
<arg>problem_user</arg>
<arg>secret_sauce</arg>
<kw name="Input Text" library="SeleniumLibrary">
<arg>id:user-name</arg>
<arg>${username}</arg>
<doc>Types the given ``text`` into the text field identified by ``locator``.</doc>
<msg timestamp="20230418 17:43:44.594" level="INFO">Typing text 'problem_user' into text field 'id:user-name'.</msg>
<status status="PASS" starttime="20230418 17:43:44.593" endtime="20230418 17:43:44.684"/>
</kw>
<kw name="Input Text" library="SeleniumLibrary">
<arg>id:password</arg>
<arg>${password}</arg>
<doc>Types the given ``text`` into the text field identified by ``locator``.</doc>
<msg timestamp="20230418 17:43:44.684" level="INFO">Typing text 'secret_sauce' into text field 'id:password'.</msg>
<status status="PASS" starttime="20230418 17:43:44.684" endtime="20230418 17:43:44.772"/>
</kw>
<kw name="Click Button" library="SeleniumLibrary">
<arg>id:login-button</arg>
<doc>Clicks the button identified by ``locator``.</doc>
<msg timestamp="20230418 17:43:44.773" level="INFO">Clicking button 'id:login-button'.</msg>
<status status="PASS" starttime="20230418 17:43:44.772" endtime="20230418 17:43:44.863"/>
</kw>
<status status="PASS" starttime="20230418 17:43:44.593" endtime="20230418 17:43:44.863"/>
</kw>
<kw name="And the Inventory page loads" library="test_keywords_login">
<kw name="Location Should Be" library="SeleniumLibrary">
<arg>https://www.saucedemo.com/inventory.html</arg>
<doc>Verifies that the current URL is exactly ``url``.</doc>
<msg timestamp="20230418 17:43:44.873" level="INFO">Current location is 'https://www.saucedemo.com/inventory.html'.</msg>
<status status="PASS" starttime="20230418 17:43:44.864" endtime="20230418 17:43:44.873"/>
</kw>
<status status="PASS" starttime="20230418 17:43:44.863" endtime="20230418 17:43:44.873"/>
</kw>
<kw name="Then the page should contain the text &quot;Products&quot;" library="test_keywords_login" sourcename="Then the page should contain the text &quot;${expected_text}&quot;">
<kw name="Page Should Contain" library="SeleniumLibrary">
<arg>${expected_text}</arg>
<doc>Verifies that current page contains ``text``.</doc>
<msg timestamp="20230418 17:43:44.888" level="INFO">Current page contains text 'Products'.</msg>
<status status="PASS" starttime="20230418 17:43:44.874" endtime="20230418 17:43:44.888"/>
</kw>
<status status="PASS" starttime="20230418 17:43:44.874" endtime="20230418 17:43:44.888"/>
</kw>
<kw name="After Tests" library="test_keywords_common" type="TEARDOWN">
<kw name="Close Browser" library="SeleniumLibrary">
<doc>Closes the current browser.</doc>
<status status="PASS" starttime="20230418 17:43:44.889" endtime="20230418 17:43:44.946"/>
</kw>
<status status="PASS" starttime="20230418 17:43:44.888" endtime="20230418 17:43:44.946"/>
</kw>
<status status="PASS" starttime="20230418 17:43:43.597" endtime="20230418 17:43:44.947"/>
</test>
<test id="s1-s2-s1-s1-t4" name="Scenario: Log in to Sauce Demo with Performance Glitch User" line="27">
<kw name="Before Tests" library="test_keywords_common" type="SETUP">
<kw name="Open Browser" library="SeleniumLibrary">
<arg>${SERVER_BASE_URL}</arg>
<arg>${HEADLESS} ${BROWSER}</arg>
<doc>Opens a new browser instance to the optional ``url``.</doc>
<msg timestamp="20230418 17:43:44.949" level="INFO">Opening browser 'headless Chrome' to base url 'https://www.saucedemo.com/'.</msg>
<status status="PASS" starttime="20230418 17:43:44.948" endtime="20230418 17:43:45.751"/>
</kw>
<kw name="Maximize Browser Window" library="SeleniumLibrary">
<doc>Maximizes current browser window.</doc>
<status status="PASS" starttime="20230418 17:43:45.752" endtime="20230418 17:43:45.857"/>
</kw>
<status status="PASS" starttime="20230418 17:43:44.948" endtime="20230418 17:43:45.857"/>
</kw>
<kw name="Given Im on the main application page" library="test_keywords_login">
<kw name="Go To" library="SeleniumLibrary">
<arg>${SERVER_BASE_URL}</arg>
<doc>Navigates the current browser window to the provided ``url``.</doc>
<msg timestamp="20230418 17:43:45.858" level="INFO">Opening url 'https://www.saucedemo.com/'</msg>
<status status="PASS" starttime="20230418 17:43:45.858" endtime="20230418 17:43:45.913"/>
</kw>
<kw name="Location Should Be" library="SeleniumLibrary">
<arg>${SERVER_BASE_URL}</arg>
<doc>Verifies that the current URL is exactly ``url``.</doc>
<msg timestamp="20230418 17:43:45.917" level="INFO">Current location is 'https://www.saucedemo.com/'.</msg>
<status status="PASS" starttime="20230418 17:43:45.913" endtime="20230418 17:43:45.917"/>
</kw>
<status status="PASS" starttime="20230418 17:43:45.858" endtime="20230418 17:43:45.917"/>
</kw>
<kw name="When I log in with credentials" library="test_keywords_login">
<arg>performance_glitch_user</arg>
<arg>secret_sauce</arg>
<kw name="Input Text" library="SeleniumLibrary">
<arg>id:user-name</arg>
<arg>${username}</arg>
<doc>Types the given ``text`` into the text field identified by ``locator``.</doc>
<msg timestamp="20230418 17:43:45.919" level="INFO">Typing text 'performance_glitch_user' into text field 'id:user-name'.</msg>
<status status="PASS" starttime="20230418 17:43:45.918" endtime="20230418 17:43:46.024"/>
</kw>
<kw name="Input Text" library="SeleniumLibrary">
<arg>id:password</arg>
<arg>${password}</arg>
<doc>Types the given ``text`` into the text field identified by ``locator``.</doc>
<msg timestamp="20230418 17:43:46.025" level="INFO">Typing text 'secret_sauce' into text field 'id:password'.</msg>
<status status="PASS" starttime="20230418 17:43:46.024" endtime="20230418 17:43:46.109"/>
</kw>
<kw name="Click Button" library="SeleniumLibrary">
<arg>id:login-button</arg>
<doc>Clicks the button identified by ``locator``.</doc>
<msg timestamp="20230418 17:43:46.110" level="INFO">Clicking button 'id:login-button'.</msg>
<status status="PASS" starttime="20230418 17:43:46.109" endtime="20230418 17:43:51.217"/>
</kw>
<status status="PASS" starttime="20230418 17:43:45.918" endtime="20230418 17:43:51.217"/>
</kw>
<kw name="And the Inventory page loads" library="test_keywords_login">
<kw name="Location Should Be" library="SeleniumLibrary">
<arg>https://www.saucedemo.com/inventory.html</arg>
<doc>Verifies that the current URL is exactly ``url``.</doc>
<msg timestamp="20230418 17:43:51.234" level="INFO">Current location is 'https://www.saucedemo.com/inventory.html'.</msg>
<status status="PASS" starttime="20230418 17:43:51.218" endtime="20230418 17:43:51.234"/>
</kw>
<status status="PASS" starttime="20230418 17:43:51.217" endtime="20230418 17:43:51.235"/>
</kw>
<kw name="Then the page should contain the text &quot;Products&quot;" library="test_keywords_login" sourcename="Then the page should contain the text &quot;${expected_text}&quot;">
<kw name="Page Should Contain" library="SeleniumLibrary">
<arg>${expected_text}</arg>
<doc>Verifies that current page contains ``text``.</doc>
<msg timestamp="20230418 17:43:51.248" level="INFO">Current page contains text 'Products'.</msg>
<status status="PASS" starttime="20230418 17:43:51.235" endtime="20230418 17:43:51.248"/>
</kw>
<status status="PASS" starttime="20230418 17:43:51.235" endtime="20230418 17:43:51.248"/>
</kw>
<kw name="After Tests" library="test_keywords_common" type="TEARDOWN">
<kw name="Close Browser" library="SeleniumLibrary">
<doc>Closes the current browser.</doc>
<status status="PASS" starttime="20230418 17:43:51.249" endtime="20230418 17:43:51.307"/>
</kw>
<status status="PASS" starttime="20230418 17:43:51.249" endtime="20230418 17:43:51.307"/>
</kw>
<status status="PASS" starttime="20230418 17:43:44.947" endtime="20230418 17:43:51.307"/>
</test>
<status status="PASS" starttime="20230418 17:43:35.340" endtime="20230418 17:43:51.308"/>
</suite>
<status status="PASS" starttime="20230418 17:43:35.339" endtime="20230418 17:43:51.312"/>
</suite>
<status status="PASS" starttime="20230418 17:43:35.337" endtime="20230418 17:43:51.314"/>
</suite>
<status status="PASS" starttime="20230418 17:43:34.308" endtime="20230418 17:43:51.316"/>
</suite>
<statistics>
<total>
<stat pass="9" fail="0" skip="0">All Tests</stat>
</total>
<tag>
</tag>
<suite>
<stat pass="9" fail="0" skip="0" id="s1" name="Tests">Tests</stat>
<stat pass="5" fail="0" skip="0" id="s1-s1" name="Api">Tests.Api</stat>
<stat pass="5" fail="0" skip="0" id="s1-s1-s1" name="Users">Tests.Api.Users</stat>
<stat pass="5" fail="0" skip="0" id="s1-s1-s1-s1" name="Test Api Users">Tests.Api.Users.Test Api Users</stat>
<stat pass="4" fail="0" skip="0" id="s1-s2" name="Ui">Tests.Ui</stat>
<stat pass="4" fail="0" skip="0" id="s1-s2-s1" name="Login">Tests.Ui.Login</stat>
<stat pass="4" fail="0" skip="0" id="s1-s2-s1-s1" name="Test Ui Login">Tests.Ui.Login.Test Ui Login</stat>
</suite>
</statistics>
<errors>
</errors>
</robot>
