<?xml version="1.0" encoding="UTF-8"?>
<robot generator="Robot 6.0.2 (Python 3.8.16 on linux)" generated="20230522 14:36:49.967" rpa="false" schemaversion="3">
<suite id="s1" name="Tests" source="/home/runner/work/gen-ai-robot-test/gen-ai-robot-test/tests">
<suite id="s1-s1" name="Api" source="/home/runner/work/gen-ai-robot-test/gen-ai-robot-test/tests/api">
<suite id="s1-s1-s1" name="Test Api Users" source="/home/runner/work/gen-ai-robot-test/gen-ai-robot-test/tests/api/test_api_users.robot">
<test id="s1-s1-s1-t1" name="Scenario: Get all registered users" line="9">
<kw name="Before Tests" library="test_keywords_common" type="SETUP">
<kw name="Create Session" library="RequestsLibrary">
<arg>serverest</arg>
<arg>${SERVER_BASE_URL}</arg>
<arg>disable_warnings=True</arg>
<doc>Create Session: create a HTTP session to a server</doc>
<msg timestamp="20230522 14:36:50.561" level="INFO">Creating Session using : alias=serverest, url=https://serverest.dev, headers={},                     cookies={}, auth=None, timeout=None, proxies=None, verify=False,                     debug=0 </msg>
<status status="PASS" starttime="20230522 14:36:50.560" endtime="20230522 14:36:50.561"/>
</kw>
<status status="PASS" starttime="20230522 14:36:50.560" endtime="20230522 14:36:50.561"/>
</kw>
<kw name="When I request the list of all registered users" library="test_keywords_users">
<kw name="GET On Session" library="RequestsLibrary">
<var>${response}</var>
<arg>serverest</arg>
<arg>${USERS_API_ENDPOINT}</arg>
<doc>Sends a GET request on a previously created HTTP Session.</doc>
<msg timestamp="20230522 14:36:50.705" level="INFO">GET Request : url=https://serverest.dev/usuarios 
 path_url=/usuarios 
 headers={'User-Agent': 'python-requests/2.30.0', 'Accept-Encoding': 'gzip, deflate', 'Accept': '*/*', 'Connection': 'keep-alive'} 
 body=None 
 </msg>
<msg timestamp="20230522 14:36:50.705" level="INFO">GET Response : url=https://serverest.dev/usuarios 
 status=200, reason=OK 
 headers={'access-control-allow-origin': '*', 'x-dns-prefetch-control': 'off', 'x-frame-options': 'SAMEORIGIN', 'strict-transport-security': 'max-age=15552000; includeSubDomains', 'x-download-options': 'noopen', 'x-content-type-options': 'nosniff', 'x-xss-protection': '1; mode=block', 'x-moesif-transaction-id': '12555aa6-ed18-40cd-a64e-e0b645963b2f', 'content-type': 'application/json; charset=utf-8', 'X-Cloud-Trace-Context': '58c2041bf3d31078e42e6f33fa8d3872;o=1', 'Date': 'Mon, 22 May 2023 14:36:50 GMT', 'Server': 'Google Frontend', 'Content-Length': '2655'} 
 body={
    "quantidade": 12,
    "usuarios": [
        {
            "nome": "Fulano da Silva",
            "email": "fulano@qa.com",
            "password": "teste",
            "administrador": "true",
            "_id": "0uxuPY0cbmQhpEz1"
        },
        {
            "nome": "Cheryl Black",
            "email": "ewashington@example.net",
            "password": "cofp2OYNr8us",
            "administrador": "true",
            "_id": "C3mJjC9bRt4vRiYd"
        },
        {
            "nome": "Sara Cooper",
            "email": "owilliams@example.com",
            "password": "309OSrbg1T6S",
            "administrador": "true",
            "_id": "JFESmL504ZICSz1Y"
        },
        {
            "nome": "Fulano da Silva",
            "email": "beltrano9@qa.com.br",
            "password": "teste",
            "administrador": "true",
            "_id": "YiAua7K6YFlmqD5i"
        },
        {
            "nome": "Rachel Reed",
            "email": "john38@example.com",
            "password": "3IQMttv5b7Iy",
            "administrador": "true",
            "_id": "bw2I97rWCSui7nAD"
        },
        {
            "nome": "Jared Wade",
            "email": "diana33@example.net",
            "password": "8xMeKtPlpWhl",
            "administrador": "true",
            "_id": "eT4v4fyKLjOkISyA"
        },
        {
            "nome": "John Ford",
            "email": "dunntonya@example.org",
            "password": "efW1YTZgeTJf",
            "administrador": "true",
            "_id": "eqUe3cKnInMF6wIr"
        },
        {
            "nome": "Rodney Lee",
            "email": "martinezkristy@example.net",
            "password": "8HwKukyyMj3Z",
            "administrador": "true",
            "_id": "i0jHidMscSE4smQR"
        },
        {
            "nome": "April Stephens",
            "email": "ortizlatoya@example.net",
            "password": "42aUyqQMJpjB",
            "administrador": "true",
            "_id": "owd1dbjVDYAhGF2t"
        },
        {
            "nome": "Melissa Grant",
            "email": "amyortega@example.net",
            "password": "YctFqVWr4T8d",
            "administrador": "true",
            "_id": "qwyjhpZK56HugKqO"
        },
        {
            "nome": "Jesus Blankenship",
            "email": "wilsonkenneth@example.com",
            "password": "36HuwijeFJmg",
            "administrador": "true",
            "_id": "vqL6orrqjTjRJXcP"
        },
        {
            "nome": "Christina Green",
            "email": "robert93@example.net",
            "password": "t9F2raIITdfe",
            "administrador": "true",
            "_id": "zXZU5ChutMyKtXPN"
        }
    ]
} 
 </msg>
<msg timestamp="20230522 14:36:50.705" level="INFO">${response} = &lt;Response [200]&gt;</msg>
<status status="PASS" starttime="20230522 14:36:50.562" endtime="20230522 14:36:50.706"/>
</kw>
<kw name="Set Test Variable" library="BuiltIn">
<arg>${response}</arg>
<doc>Makes a variable available everywhere within the scope of the current test.</doc>
<msg timestamp="20230522 14:36:50.706" level="INFO">${response} = &lt;Response [200]&gt;</msg>
<status status="PASS" starttime="20230522 14:36:50.706" endtime="20230522 14:36:50.706"/>
</kw>
<status status="PASS" starttime="20230522 14:36:50.561" endtime="20230522 14:36:50.706"/>
</kw>
<kw name="Then the response status code should be 200" library="test_keywords_users" sourcename="Then the response status code should be ${status_code}">
<kw name="Should Be Equal As Numbers" library="BuiltIn">
<arg>${response.status_code}</arg>
<arg>${status_code}</arg>
<doc>Fails if objects are unequal after converting them to real numbers.</doc>
<msg timestamp="20230522 14:36:50.708" level="INFO">Argument types are:
&lt;class 'int'&gt;
&lt;class 'str'&gt;</msg>
<status status="PASS" starttime="20230522 14:36:50.707" endtime="20230522 14:36:50.708"/>
</kw>
<kw name="Should Be True" library="BuiltIn">
<arg>${response.json()}</arg>
<doc>Fails if the given condition is not true.</doc>
<status status="PASS" starttime="20230522 14:36:50.708" endtime="20230522 14:36:50.709"/>
</kw>
<status status="PASS" starttime="20230522 14:36:50.706" endtime="20230522 14:36:50.709"/>
</kw>
<kw name="And the response body should not be empty" library="test_keywords_users">
<kw name="Should Not Be Empty" library="BuiltIn">
<arg>${response.json()}</arg>
<doc>Verifies that the given item is not empty.</doc>
<msg timestamp="20230522 14:36:50.710" level="INFO">Length is 2</msg>
<status status="PASS" starttime="20230522 14:36:50.709" endtime="20230522 14:36:50.710"/>
</kw>
<status status="PASS" starttime="20230522 14:36:50.709" endtime="20230522 14:36:50.710"/>
</kw>
<tag>api</tag>
<status status="PASS" starttime="20230522 14:36:50.559" endtime="20230522 14:36:50.710"/>
</test>
<test id="s1-s1-s1-t2" name="Scenario: Create a new user" line="15">
<kw name="Before Tests" library="test_keywords_common" type="SETUP">
<kw name="Create Session" library="RequestsLibrary">
<arg>serverest</arg>
<arg>${SERVER_BASE_URL}</arg>
<arg>disable_warnings=True</arg>
<doc>Create Session: create a HTTP session to a server</doc>
<msg timestamp="20230522 14:36:50.712" level="INFO">Creating Session using : alias=serverest, url=https://serverest.dev, headers={},                     cookies={}, auth=None, timeout=None, proxies=None, verify=False,                     debug=0 </msg>
<status status="PASS" starttime="20230522 14:36:50.712" endtime="20230522 14:36:50.712"/>
</kw>
<status status="PASS" starttime="20230522 14:36:50.711" endtime="20230522 14:36:50.712"/>
</kw>
<kw name="Given I have a valid user data" library="test_keywords_users">
<kw name="Name" library="FakerLibrary">
<var>${name}</var>
<doc>:example 'John Doe'</doc>
<msg timestamp="20230522 14:36:50.713" level="INFO">${name} = Mark Wu</msg>
<status status="PASS" starttime="20230522 14:36:50.713" endtime="20230522 14:36:50.713"/>
</kw>
<kw name="Email" library="FakerLibrary">
<var>${email}</var>
<msg timestamp="20230522 14:36:50.714" level="INFO">${email} = michelleguerra@example.net</msg>
<status status="PASS" starttime="20230522 14:36:50.714" endtime="20230522 14:36:50.714"/>
</kw>
<kw name="Password" library="FakerLibrary">
<var>${password}</var>
<arg>length=12</arg>
<arg>special_chars=False</arg>
<doc>Generate a random password of the specified ``length``.</doc>
<msg timestamp="20230522 14:36:50.715" level="INFO">${password} = 6sXCrmaFGh10</msg>
<status status="PASS" starttime="20230522 14:36:50.714" endtime="20230522 14:36:50.715"/>
</kw>
<kw name="Set Suite Variable" library="BuiltIn">
<arg>${name}</arg>
<doc>Makes a variable available everywhere within the scope of the current suite.</doc>
<msg timestamp="20230522 14:36:50.715" level="INFO">${name} = Mark Wu</msg>
<status status="PASS" starttime="20230522 14:36:50.715" endtime="20230522 14:36:50.715"/>
</kw>
<kw name="Set Suite Variable" library="BuiltIn">
<arg>${email}</arg>
<doc>Makes a variable available everywhere within the scope of the current suite.</doc>
<msg timestamp="20230522 14:36:50.715" level="INFO">${email} = michelleguerra@example.net</msg>
<status status="PASS" starttime="20230522 14:36:50.715" endtime="20230522 14:36:50.715"/>
</kw>
<kw name="Set Suite Variable" library="BuiltIn">
<arg>${password}</arg>
<doc>Makes a variable available everywhere within the scope of the current suite.</doc>
<msg timestamp="20230522 14:36:50.716" level="INFO">${password} = 6sXCrmaFGh10</msg>
<status status="PASS" starttime="20230522 14:36:50.715" endtime="20230522 14:36:50.716"/>
</kw>
<status status="PASS" starttime="20230522 14:36:50.712" endtime="20230522 14:36:50.716"/>
</kw>
<kw name="When I create the user" library="test_keywords_users">
<kw name="Create Dictionary" library="BuiltIn">
<var>${payload}</var>
<arg>nome=${name}</arg>
<arg>email=${email}</arg>
<arg>password=${password}</arg>
<arg>administrador=false</arg>
<doc>Creates and returns a dictionary based on the given ``items``.</doc>
<msg timestamp="20230522 14:36:50.717" level="INFO">${payload} = {'nome': 'Mark Wu', 'email': 'michelleguerra@example.net', 'password': '6sXCrmaFGh10', 'administrador': 'false'}</msg>
<status status="PASS" starttime="20230522 14:36:50.716" endtime="20230522 14:36:50.717"/>
</kw>
<kw name="Create Dictionary" library="BuiltIn">
<var>${headers}</var>
<arg>Content-Type=application/json</arg>
<doc>Creates and returns a dictionary based on the given ``items``.</doc>
<msg timestamp="20230522 14:36:50.717" level="INFO">${headers} = {'Content-Type': 'application/json'}</msg>
<status status="PASS" starttime="20230522 14:36:50.717" endtime="20230522 14:36:50.717"/>
</kw>
<kw name="POST On Session" library="RequestsLibrary">
<var>${response}</var>
<arg>serverest</arg>
<arg>${USERS_API_ENDPOINT}</arg>
<arg>json=${payload}</arg>
<arg>headers=${headers}</arg>
<doc>Sends a POST request on a previously created HTTP Session.</doc>
<msg timestamp="20230522 14:36:50.792" level="INFO">POST Request : url=https://serverest.dev/usuarios 
 path_url=/usuarios 
 headers={'User-Agent': 'python-requests/2.30.0', 'Accept-Encoding': 'gzip, deflate', 'Accept': '*/*', 'Connection': 'keep-alive', 'Content-Type': 'application/json', 'Content-Length': '112'} 
 body=b'{"nome": "Mark Wu", "email": "michelleguerra@example.net", "password": "6sXCrmaFGh10", "administrador": "false"}' 
 </msg>
<msg timestamp="20230522 14:36:50.793" level="INFO">POST Response : url=https://serverest.dev/usuarios 
 status=201, reason=Created 
 headers={'access-control-allow-origin': '*', 'x-dns-prefetch-control': 'off', 'x-frame-options': 'SAMEORIGIN', 'strict-transport-security': 'max-age=15552000; includeSubDomains', 'x-download-options': 'noopen', 'x-content-type-options': 'nosniff', 'x-xss-protection': '1; mode=block', 'x-moesif-transaction-id': '79ff09c5-153a-4757-9619-8f7f2f2a1698', 'content-type': 'application/json; charset=utf-8', 'X-Cloud-Trace-Context': 'd192d266311c4c16711f04e22520465f', 'Date': 'Mon, 22 May 2023 14:36:50 GMT', 'Server': 'Google Frontend', 'Content-Length': '82'} 
 body={
    "message": "Cadastro realizado com sucesso",
    "_id": "lyfQFFFHaCN7VDQB"
} 
 </msg>
<msg timestamp="20230522 14:36:50.793" level="INFO">${response} = &lt;Response [201]&gt;</msg>
<status status="PASS" starttime="20230522 14:36:50.717" endtime="20230522 14:36:50.793"/>
</kw>
<kw name="Set Variable" library="BuiltIn">
<var>${user_id}</var>
<arg>${response.json()['_id']}</arg>
<doc>Returns the given values which can then be assigned to a variables.</doc>
<msg timestamp="20230522 14:36:50.794" level="INFO">${user_id} = lyfQFFFHaCN7VDQB</msg>
<status status="PASS" starttime="20230522 14:36:50.793" endtime="20230522 14:36:50.794"/>
</kw>
<kw name="Set Global Variable" library="BuiltIn">
<arg>${USER_ID}</arg>
<arg>${user_id}</arg>
<doc>Makes a variable available globally in all tests and suites.</doc>
<msg timestamp="20230522 14:36:50.794" level="INFO">${USER_ID} = lyfQFFFHaCN7VDQB</msg>
<status status="PASS" starttime="20230522 14:36:50.794" endtime="20230522 14:36:50.794"/>
</kw>
<kw name="Set Test Variable" library="BuiltIn">
<arg>${response}</arg>
<doc>Makes a variable available everywhere within the scope of the current test.</doc>
<msg timestamp="20230522 14:36:50.795" level="INFO">${response} = &lt;Response [201]&gt;</msg>
<status status="PASS" starttime="20230522 14:36:50.794" endtime="20230522 14:36:50.795"/>
</kw>
<status status="PASS" starttime="20230522 14:36:50.716" endtime="20230522 14:36:50.795"/>
</kw>
<kw name="Then the response status code should be 201" library="test_keywords_users" sourcename="Then the response status code should be ${status_code}">
<kw name="Should Be Equal As Numbers" library="BuiltIn">
<arg>${response.status_code}</arg>
<arg>${status_code}</arg>
<doc>Fails if objects are unequal after converting them to real numbers.</doc>
<msg timestamp="20230522 14:36:50.796" level="INFO">Argument types are:
&lt;class 'int'&gt;
&lt;class 'str'&gt;</msg>
<status status="PASS" starttime="20230522 14:36:50.795" endtime="20230522 14:36:50.796"/>
</kw>
<kw name="Should Be True" library="BuiltIn">
<arg>${response.json()}</arg>
<doc>Fails if the given condition is not true.</doc>
<status status="PASS" starttime="20230522 14:36:50.796" endtime="20230522 14:36:50.797"/>
</kw>
<status status="PASS" starttime="20230522 14:36:50.795" endtime="20230522 14:36:50.797"/>
</kw>
<kw name="And the response body should not be empty" library="test_keywords_users">
<kw name="Should Not Be Empty" library="BuiltIn">
<arg>${response.json()}</arg>
<doc>Verifies that the given item is not empty.</doc>
<msg timestamp="20230522 14:36:50.798" level="INFO">Length is 2</msg>
<status status="PASS" starttime="20230522 14:36:50.797" endtime="20230522 14:36:50.798"/>
</kw>
<status status="PASS" starttime="20230522 14:36:50.797" endtime="20230522 14:36:50.798"/>
</kw>
<tag>api</tag>
<status status="PASS" starttime="20230522 14:36:50.711" endtime="20230522 14:36:50.798"/>
</test>
<test id="s1-s1-s1-t3" name="Scenario: Get a specific user informations" line="22">
<kw name="Before Tests" library="test_keywords_common" type="SETUP">
<kw name="Create Session" library="RequestsLibrary">
<arg>serverest</arg>
<arg>${SERVER_BASE_URL}</arg>
<arg>disable_warnings=True</arg>
<doc>Create Session: create a HTTP session to a server</doc>
<msg timestamp="20230522 14:36:50.799" level="INFO">Creating Session using : alias=serverest, url=https://serverest.dev, headers={},                     cookies={}, auth=None, timeout=None, proxies=None, verify=False,                     debug=0 </msg>
<status status="PASS" starttime="20230522 14:36:50.799" endtime="20230522 14:36:50.800"/>
</kw>
<status status="PASS" starttime="20230522 14:36:50.799" endtime="20230522 14:36:50.800"/>
</kw>
<kw name="When I request the created user" library="test_keywords_users">
<kw name="GET On Session" library="RequestsLibrary">
<var>${response}</var>
<arg>serverest</arg>
<arg>${USERS_API_ENDPOINT}/${USER_ID}</arg>
<doc>Sends a GET request on a previously created HTTP Session.</doc>
<msg timestamp="20230522 14:36:50.868" level="INFO">GET Request : url=https://serverest.dev/usuarios/lyfQFFFHaCN7VDQB 
 path_url=/usuarios/lyfQFFFHaCN7VDQB 
 headers={'User-Agent': 'python-requests/2.30.0', 'Accept-Encoding': 'gzip, deflate', 'Accept': '*/*', 'Connection': 'keep-alive'} 
 body=None 
 </msg>
<msg timestamp="20230522 14:36:50.868" level="INFO">GET Response : url=https://serverest.dev/usuarios/lyfQFFFHaCN7VDQB 
 status=200, reason=OK 
 headers={'access-control-allow-origin': '*', 'x-dns-prefetch-control': 'off', 'x-frame-options': 'SAMEORIGIN', 'strict-transport-security': 'max-age=15552000; includeSubDomains', 'x-download-options': 'noopen', 'x-content-type-options': 'nosniff', 'x-xss-protection': '1; mode=block', 'x-moesif-transaction-id': '5b5628ef-1f37-43e6-b6ab-6e3f063ae95e', 'content-type': 'application/json; charset=utf-8', 'X-Cloud-Trace-Context': '59ff67e3d09f3da54aa9e3321801fc10', 'Date': 'Mon, 22 May 2023 14:36:50 GMT', 'Server': 'Google Frontend', 'Content-Length': '161'} 
 body={
    "nome": "Mark Wu",
    "email": "michelleguerra@example.net",
    "password": "6sXCrmaFGh10",
    "administrador": "false",
    "_id": "lyfQFFFHaCN7VDQB"
} 
 </msg>
<msg timestamp="20230522 14:36:50.868" level="INFO">${response} = &lt;Response [200]&gt;</msg>
<status status="PASS" starttime="20230522 14:36:50.800" endtime="20230522 14:36:50.868"/>
</kw>
<kw name="Set Test Variable" library="BuiltIn">
<arg>${response}</arg>
<doc>Makes a variable available everywhere within the scope of the current test.</doc>
<msg timestamp="20230522 14:36:50.868" level="INFO">${response} = &lt;Response [200]&gt;</msg>
<status status="PASS" starttime="20230522 14:36:50.868" endtime="20230522 14:36:50.868"/>
</kw>
<status status="PASS" starttime="20230522 14:36:50.800" endtime="20230522 14:36:50.869"/>
</kw>
<kw name="Then the response status code should be 200" library="test_keywords_users" sourcename="Then the response status code should be ${status_code}">
<kw name="Should Be Equal As Numbers" library="BuiltIn">
<arg>${response.status_code}</arg>
<arg>${status_code}</arg>
<doc>Fails if objects are unequal after converting them to real numbers.</doc>
<msg timestamp="20230522 14:36:50.870" level="INFO">Argument types are:
&lt;class 'int'&gt;
&lt;class 'str'&gt;</msg>
<status status="PASS" starttime="20230522 14:36:50.869" endtime="20230522 14:36:50.870"/>
</kw>
<kw name="Should Be True" library="BuiltIn">
<arg>${response.json()}</arg>
<doc>Fails if the given condition is not true.</doc>
<status status="PASS" starttime="20230522 14:36:50.870" endtime="20230522 14:36:50.871"/>
</kw>
<status status="PASS" starttime="20230522 14:36:50.869" endtime="20230522 14:36:50.871"/>
</kw>
<kw name="And the response body should not be empty" library="test_keywords_users">
<kw name="Should Not Be Empty" library="BuiltIn">
<arg>${response.json()}</arg>
<doc>Verifies that the given item is not empty.</doc>
<msg timestamp="20230522 14:36:50.872" level="INFO">Length is 5</msg>
<status status="PASS" starttime="20230522 14:36:50.871" endtime="20230522 14:36:50.872"/>
</kw>
<status status="PASS" starttime="20230522 14:36:50.871" endtime="20230522 14:36:50.872"/>
</kw>
<tag>api</tag>
<status status="PASS" starttime="20230522 14:36:50.798" endtime="20230522 14:36:50.872"/>
</test>
<test id="s1-s1-s1-t4" name="Scenario: Update the created user" line="28">
<kw name="Before Tests" library="test_keywords_common" type="SETUP">
<kw name="Create Session" library="RequestsLibrary">
<arg>serverest</arg>
<arg>${SERVER_BASE_URL}</arg>
<arg>disable_warnings=True</arg>
<doc>Create Session: create a HTTP session to a server</doc>
<msg timestamp="20230522 14:36:50.874" level="INFO">Creating Session using : alias=serverest, url=https://serverest.dev, headers={},                     cookies={}, auth=None, timeout=None, proxies=None, verify=False,                     debug=0 </msg>
<status status="PASS" starttime="20230522 14:36:50.873" endtime="20230522 14:36:50.874"/>
</kw>
<status status="PASS" starttime="20230522 14:36:50.873" endtime="20230522 14:36:50.874"/>
</kw>
<kw name="When I update the created user" library="test_keywords_users">
<kw name="Create Dictionary" library="BuiltIn">
<var>${payload}</var>
<arg>nome=John Smith</arg>
<arg>email=john.smith@example.com</arg>
<arg>password=P@ssw0rd123</arg>
<arg>administrador=false</arg>
<doc>Creates and returns a dictionary based on the given ``items``.</doc>
<msg timestamp="20230522 14:36:50.875" level="INFO">${payload} = {'nome': 'John Smith', 'email': 'john.smith@example.com', 'password': 'P@ssw0rd123', 'administrador': 'false'}</msg>
<status status="PASS" starttime="20230522 14:36:50.875" endtime="20230522 14:36:50.875"/>
</kw>
<kw name="Create Dictionary" library="BuiltIn">
<var>${headers}</var>
<arg>Content-Type=application/json</arg>
<doc>Creates and returns a dictionary based on the given ``items``.</doc>
<msg timestamp="20230522 14:36:50.875" level="INFO">${headers} = {'Content-Type': 'application/json'}</msg>
<status status="PASS" starttime="20230522 14:36:50.875" endtime="20230522 14:36:50.875"/>
</kw>
<kw name="PUT On Session" library="RequestsLibrary">
<var>${response}</var>
<arg>serverest</arg>
<arg>${USERS_API_ENDPOINT}/${USER_ID}</arg>
<arg>json=${payload}</arg>
<arg>headers=${headers}</arg>
<doc>Sends a PUT request on a previously created HTTP Session.</doc>
<msg timestamp="20230522 14:36:50.941" level="INFO">PUT Request : url=https://serverest.dev/usuarios/lyfQFFFHaCN7VDQB 
 path_url=/usuarios/lyfQFFFHaCN7VDQB 
 headers={'User-Agent': 'python-requests/2.30.0', 'Accept-Encoding': 'gzip, deflate', 'Accept': '*/*', 'Connection': 'keep-alive', 'Content-Type': 'application/json', 'Content-Length': '110'} 
 body=b'{"nome": "John Smith", "email": "john.smith@example.com", "password": "P@ssw0rd123", "administrador": "false"}' 
 </msg>
<msg timestamp="20230522 14:36:50.941" level="INFO">PUT Response : url=https://serverest.dev/usuarios/lyfQFFFHaCN7VDQB 
 status=200, reason=OK 
 headers={'access-control-allow-origin': '*', 'x-dns-prefetch-control': 'off', 'x-frame-options': 'SAMEORIGIN', 'strict-transport-security': 'max-age=15552000; includeSubDomains', 'x-download-options': 'noopen', 'x-content-type-options': 'nosniff', 'x-xss-protection': '1; mode=block', 'x-moesif-transaction-id': '13659216-9d2f-431b-805e-155935050b12', 'content-type': 'application/json; charset=utf-8', 'X-Cloud-Trace-Context': '4669b8427cadccba34d1d6a2a0ab5a4a', 'Date': 'Mon, 22 May 2023 14:36:50 GMT', 'Server': 'Google Frontend', 'Content-Length': '50'} 
 body={
    "message": "Registro alterado com sucesso"
} 
 </msg>
<msg timestamp="20230522 14:36:50.941" level="INFO">${response} = &lt;Response [200]&gt;</msg>
<status status="PASS" starttime="20230522 14:36:50.875" endtime="20230522 14:36:50.941"/>
</kw>
<kw name="Set Test Variable" library="BuiltIn">
<arg>${response}</arg>
<doc>Makes a variable available everywhere within the scope of the current test.</doc>
<msg timestamp="20230522 14:36:50.942" level="INFO">${response} = &lt;Response [200]&gt;</msg>
<status status="PASS" starttime="20230522 14:36:50.942" endtime="20230522 14:36:50.942"/>
</kw>
<status status="PASS" starttime="20230522 14:36:50.874" endtime="20230522 14:36:50.942"/>
</kw>
<kw name="Then the response status code should be 200" library="test_keywords_users" sourcename="Then the response status code should be ${status_code}">
<kw name="Should Be Equal As Numbers" library="BuiltIn">
<arg>${response.status_code}</arg>
<arg>${status_code}</arg>
<doc>Fails if objects are unequal after converting them to real numbers.</doc>
<msg timestamp="20230522 14:36:50.943" level="INFO">Argument types are:
&lt;class 'int'&gt;
&lt;class 'str'&gt;</msg>
<status status="PASS" starttime="20230522 14:36:50.942" endtime="20230522 14:36:50.943"/>
</kw>
<kw name="Should Be True" library="BuiltIn">
<arg>${response.json()}</arg>
<doc>Fails if the given condition is not true.</doc>
<status status="PASS" starttime="20230522 14:36:50.943" endtime="20230522 14:36:50.944"/>
</kw>
<status status="PASS" starttime="20230522 14:36:50.942" endtime="20230522 14:36:50.944"/>
</kw>
<kw name="And the response body should not be empty" library="test_keywords_users">
<kw name="Should Not Be Empty" library="BuiltIn">
<arg>${response.json()}</arg>
<doc>Verifies that the given item is not empty.</doc>
<msg timestamp="20230522 14:36:50.945" level="INFO">Length is 1</msg>
<status status="PASS" starttime="20230522 14:36:50.945" endtime="20230522 14:36:50.945"/>
</kw>
<status status="PASS" starttime="20230522 14:36:50.944" endtime="20230522 14:36:50.945"/>
</kw>
<tag>api</tag>
<status status="PASS" starttime="20230522 14:36:50.873" endtime="20230522 14:36:50.946"/>
</test>
<test id="s1-s1-s1-t5" name="Scenario: Delete the created user" line="34">
<kw name="Before Tests" library="test_keywords_common" type="SETUP">
<kw name="Create Session" library="RequestsLibrary">
<arg>serverest</arg>
<arg>${SERVER_BASE_URL}</arg>
<arg>disable_warnings=True</arg>
<doc>Create Session: create a HTTP session to a server</doc>
<msg timestamp="20230522 14:36:50.947" level="INFO">Creating Session using : alias=serverest, url=https://serverest.dev, headers={},                     cookies={}, auth=None, timeout=None, proxies=None, verify=False,                     debug=0 </msg>
<status status="PASS" starttime="20230522 14:36:50.947" endtime="20230522 14:36:50.947"/>
</kw>
<status status="PASS" starttime="20230522 14:36:50.946" endtime="20230522 14:36:50.948"/>
</kw>
<kw name="When I delete the created user" library="test_keywords_users">
<kw name="DELETE On Session" library="RequestsLibrary">
<var>${response}</var>
<arg>serverest</arg>
<arg>${USERS_API_ENDPOINT}/${USER_ID}</arg>
<doc>Sends a DELETE request on a previously created HTTP Session.</doc>
<msg timestamp="20230522 14:36:51.015" level="INFO">DELETE Request : url=https://serverest.dev/usuarios/lyfQFFFHaCN7VDQB 
 path_url=/usuarios/lyfQFFFHaCN7VDQB 
 headers={'User-Agent': 'python-requests/2.30.0', 'Accept-Encoding': 'gzip, deflate', 'Accept': '*/*', 'Connection': 'keep-alive', 'Content-Length': '0'} 
 body=None 
 </msg>
<msg timestamp="20230522 14:36:51.015" level="INFO">DELETE Response : url=https://serverest.dev/usuarios/lyfQFFFHaCN7VDQB 
 status=200, reason=OK 
 headers={'access-control-allow-origin': '*', 'x-dns-prefetch-control': 'off', 'x-frame-options': 'SAMEORIGIN', 'strict-transport-security': 'max-age=15552000; includeSubDomains', 'x-download-options': 'noopen', 'x-content-type-options': 'nosniff', 'x-xss-protection': '1; mode=block', 'x-moesif-transaction-id': 'c32d6c94-8925-4459-803f-791c02ba2918', 'content-type': 'application/json; charset=utf-8', 'X-Cloud-Trace-Context': '7e4b52a70dcb966ef87b5931903f6a91', 'Date': 'Mon, 22 May 2023 14:36:51 GMT', 'Server': 'Google Frontend', 'Content-Length': '51'} 
 body={
    "message": "Registro excluído com sucesso"
} 
 </msg>
<msg timestamp="20230522 14:36:51.015" level="INFO">${response} = &lt;Response [200]&gt;</msg>
<status status="PASS" starttime="20230522 14:36:50.948" endtime="20230522 14:36:51.015"/>
</kw>
<kw name="Set Test Variable" library="BuiltIn">
<arg>${response}</arg>
<doc>Makes a variable available everywhere within the scope of the current test.</doc>
<msg timestamp="20230522 14:36:51.015" level="INFO">${response} = &lt;Response [200]&gt;</msg>
<status status="PASS" starttime="20230522 14:36:51.015" endtime="20230522 14:36:51.015"/>
</kw>
<status status="PASS" starttime="20230522 14:36:50.948" endtime="20230522 14:36:51.016"/>
</kw>
<kw name="Then the response status code should be 200" library="test_keywords_users" sourcename="Then the response status code should be ${status_code}">
<kw name="Should Be Equal As Numbers" library="BuiltIn">
<arg>${response.status_code}</arg>
<arg>${status_code}</arg>
<doc>Fails if objects are unequal after converting them to real numbers.</doc>
<msg timestamp="20230522 14:36:51.017" level="INFO">Argument types are:
&lt;class 'int'&gt;
&lt;class 'str'&gt;</msg>
<status status="PASS" starttime="20230522 14:36:51.016" endtime="20230522 14:36:51.017"/>
</kw>
<kw name="Should Be True" library="BuiltIn">
<arg>${response.json()}</arg>
<doc>Fails if the given condition is not true.</doc>
<status status="PASS" starttime="20230522 14:36:51.017" endtime="20230522 14:36:51.018"/>
</kw>
<status status="PASS" starttime="20230522 14:36:51.016" endtime="20230522 14:36:51.018"/>
</kw>
<kw name="And the response body should not be empty" library="test_keywords_users">
<kw name="Should Not Be Empty" library="BuiltIn">
<arg>${response.json()}</arg>
<doc>Verifies that the given item is not empty.</doc>
<msg timestamp="20230522 14:36:51.019" level="INFO">Length is 1</msg>
<status status="PASS" starttime="20230522 14:36:51.018" endtime="20230522 14:36:51.019"/>
</kw>
<status status="PASS" starttime="20230522 14:36:51.018" endtime="20230522 14:36:51.019"/>
</kw>
<tag>api</tag>
<status status="PASS" starttime="20230522 14:36:50.946" endtime="20230522 14:36:51.019"/>
</test>
<status status="PASS" starttime="20230522 14:36:49.988" endtime="20230522 14:36:51.020"/>
</suite>
<status status="PASS" starttime="20230522 14:36:49.986" endtime="20230522 14:36:51.021"/>
</suite>
<suite id="s1-s2" name="Ui" source="/home/runner/work/gen-ai-robot-test/gen-ai-robot-test/tests/ui">
<suite id="s1-s2-s1" name="Test Ui Signup" source="/home/runner/work/gen-ai-robot-test/gen-ai-robot-test/tests/ui/test_ui_signup.robot">
<test id="s1-s2-s1-t1" name="Scenario: Signup with empty fields" line="10">
<kw name="Before Tests" library="test_keywords_common" type="SETUP">
<kw name="Open Browser" library="SeleniumLibrary">
<arg>${SERVER_BASE_URL}</arg>
<arg>${HEADLESS} ${BROWSER}</arg>
<doc>Opens a new browser instance to the optional ``url``.</doc>
<msg timestamp="20230522 14:36:51.031" level="INFO">Opening browser 'headless Chrome' to base url 'https://front.serverest.dev/'.</msg>
<status status="PASS" starttime="20230522 14:36:51.031" endtime="20230522 14:36:53.557"/>
</kw>
<kw name="Maximize Browser Window" library="SeleniumLibrary">
<doc>Maximizes current browser window.</doc>
<status status="PASS" starttime="20230522 14:36:53.558" endtime="20230522 14:36:53.664"/>
</kw>
<status status="PASS" starttime="20230522 14:36:51.030" endtime="20230522 14:36:53.664"/>
</kw>
<kw name="Given Im on the signup page" library="test_keywords_signup">
<kw name="Location Should Be" library="SeleniumLibrary">
<arg>https://front.serverest.dev/login</arg>
<doc>Verifies that the current URL is exactly ``url``.</doc>
<msg timestamp="20230522 14:36:53.670" level="INFO">Current location is 'https://front.serverest.dev/login'.</msg>
<status status="PASS" starttime="20230522 14:36:53.665" endtime="20230522 14:36:53.670"/>
</kw>
<kw name="Click Element" library="SeleniumLibrary">
<arg>css=a.btn.btn-link</arg>
<doc>Click the element identified by ``locator``.</doc>
<msg timestamp="20230522 14:36:53.671" level="INFO">Clicking element 'css=a.btn.btn-link'.</msg>
<status status="PASS" starttime="20230522 14:36:53.670" endtime="20230522 14:36:53.779"/>
</kw>
<status status="PASS" starttime="20230522 14:36:53.664" endtime="20230522 14:36:53.779"/>
</kw>
<kw name="When I click in signup" library="test_keywords_signup">
<kw name="Click Button" library="SeleniumLibrary">
<arg>css=.btn.btn-primary</arg>
<doc>Clicks the button identified by ``locator``.</doc>
<msg timestamp="20230522 14:36:53.780" level="INFO">Clicking button 'css=.btn.btn-primary'.</msg>
<status status="PASS" starttime="20230522 14:36:53.780" endtime="20230522 14:36:53.898"/>
</kw>
<status status="PASS" starttime="20230522 14:36:53.779" endtime="20230522 14:36:53.898"/>
</kw>
<kw name="Then required field messages should be displayed" library="test_keywords_signup">
<kw name="Wait Until Element Is Visible" library="SeleniumLibrary">
<arg>css=.alert-dismissible</arg>
<arg>timeout=10s</arg>
<doc>Waits until the element ``locator`` is visible.</doc>
<status status="PASS" starttime="20230522 14:36:53.899" endtime="20230522 14:36:54.132"/>
</kw>
<kw name="Element Should Be Visible" library="SeleniumLibrary">
<arg>css=.alert-dismissible</arg>
<doc>Verifies that the element identified by ``locator`` is visible.</doc>
<msg timestamp="20230522 14:36:54.151" level="INFO">Element 'css=.alert-dismissible' is displayed.</msg>
<status status="PASS" starttime="20230522 14:36:54.133" endtime="20230522 14:36:54.151"/>
</kw>
<kw name="Page Should Contain" library="SeleniumLibrary">
<arg>Nome é obrigatório</arg>
<doc>Verifies that current page contains ``text``.</doc>
<msg timestamp="20230522 14:36:54.167" level="INFO">Current page contains text 'Nome é obrigatório'.</msg>
<status status="PASS" starttime="20230522 14:36:54.151" endtime="20230522 14:36:54.167"/>
</kw>
<kw name="Page Should Contain" library="SeleniumLibrary">
<arg>Email é obrigatório</arg>
<doc>Verifies that current page contains ``text``.</doc>
<msg timestamp="20230522 14:36:54.179" level="INFO">Current page contains text 'Email é obrigatório'.</msg>
<status status="PASS" starttime="20230522 14:36:54.167" endtime="20230522 14:36:54.180"/>
</kw>
<kw name="Page Should Contain" library="SeleniumLibrary">
<arg>Password é obrigatório</arg>
<doc>Verifies that current page contains ``text``.</doc>
<msg timestamp="20230522 14:36:54.192" level="INFO">Current page contains text 'Password é obrigatório'.</msg>
<status status="PASS" starttime="20230522 14:36:54.180" endtime="20230522 14:36:54.192"/>
</kw>
<status status="PASS" starttime="20230522 14:36:53.898" endtime="20230522 14:36:54.192"/>
</kw>
<kw name="After Tests" library="test_keywords_common" type="TEARDOWN">
<kw name="Close Browser" library="SeleniumLibrary">
<doc>Closes the current browser.</doc>
<status status="PASS" starttime="20230522 14:36:54.192" endtime="20230522 14:36:54.248"/>
</kw>
<status status="PASS" starttime="20230522 14:36:54.192" endtime="20230522 14:36:54.249"/>
</kw>
<tag>ui</tag>
<status status="PASS" starttime="20230522 14:36:51.030" endtime="20230522 14:36:54.249"/>
</test>
<test id="s1-s2-s1-t2" name="Scenario: Signup done successfully" line="16">
<kw name="Before Tests" library="test_keywords_common" type="SETUP">
<kw name="Open Browser" library="SeleniumLibrary">
<arg>${SERVER_BASE_URL}</arg>
<arg>${HEADLESS} ${BROWSER}</arg>
<doc>Opens a new browser instance to the optional ``url``.</doc>
<msg timestamp="20230522 14:36:54.251" level="INFO">Opening browser 'headless Chrome' to base url 'https://front.serverest.dev/'.</msg>
<status status="PASS" starttime="20230522 14:36:54.250" endtime="20230522 14:36:55.416"/>
</kw>
<kw name="Maximize Browser Window" library="SeleniumLibrary">
<doc>Maximizes current browser window.</doc>
<status status="PASS" starttime="20230522 14:36:55.417" endtime="20230522 14:36:55.521"/>
</kw>
<status status="PASS" starttime="20230522 14:36:54.250" endtime="20230522 14:36:55.521"/>
</kw>
<kw name="Given Im on the signup page" library="test_keywords_signup">
<kw name="Location Should Be" library="SeleniumLibrary">
<arg>https://front.serverest.dev/login</arg>
<doc>Verifies that the current URL is exactly ``url``.</doc>
<msg timestamp="20230522 14:36:55.528" level="INFO">Current location is 'https://front.serverest.dev/login'.</msg>
<status status="PASS" starttime="20230522 14:36:55.522" endtime="20230522 14:36:55.528"/>
</kw>
<kw name="Click Element" library="SeleniumLibrary">
<arg>css=a.btn.btn-link</arg>
<doc>Click the element identified by ``locator``.</doc>
<msg timestamp="20230522 14:36:55.529" level="INFO">Clicking element 'css=a.btn.btn-link'.</msg>
<status status="PASS" starttime="20230522 14:36:55.528" endtime="20230522 14:36:55.611"/>
</kw>
<status status="PASS" starttime="20230522 14:36:55.521" endtime="20230522 14:36:55.611"/>
</kw>
<kw name="And I fill in the signup fields with valid data" library="test_keywords_signup">
<kw name="Name" library="FakerLibrary">
<var>${name}</var>
<doc>:example 'John Doe'</doc>
<msg timestamp="20230522 14:36:55.613" level="INFO">${name} = Michael Jones</msg>
<status status="PASS" starttime="20230522 14:36:55.612" endtime="20230522 14:36:55.613"/>
</kw>
<kw name="Email" library="FakerLibrary">
<var>${email}</var>
<msg timestamp="20230522 14:36:55.613" level="INFO">${email} = charles50@example.net</msg>
<status status="PASS" starttime="20230522 14:36:55.613" endtime="20230522 14:36:55.613"/>
</kw>
<kw name="Password" library="FakerLibrary">
<var>${password}</var>
<arg>length=12</arg>
<arg>special_chars=False</arg>
<doc>Generate a random password of the specified ``length``.</doc>
<msg timestamp="20230522 14:36:55.614" level="INFO">${password} = OWBqDtBG81dn</msg>
<status status="PASS" starttime="20230522 14:36:55.613" endtime="20230522 14:36:55.614"/>
</kw>
<kw name="Input Text" library="SeleniumLibrary">
<arg>id:nome</arg>
<arg>${name}</arg>
<doc>Types the given ``text`` into the text field identified by ``locator``.</doc>
<msg timestamp="20230522 14:36:55.615" level="INFO">Typing text 'Michael Jones' into text field 'id:nome'.</msg>
<status status="PASS" starttime="20230522 14:36:55.614" endtime="20230522 14:36:55.765"/>
</kw>
<kw name="Input Text" library="SeleniumLibrary">
<arg>id:email</arg>
<arg>${email}</arg>
<doc>Types the given ``text`` into the text field identified by ``locator``.</doc>
<msg timestamp="20230522 14:36:55.766" level="INFO">Typing text 'charles50@example.net' into text field 'id:email'.</msg>
<status status="PASS" starttime="20230522 14:36:55.765" endtime="20230522 14:36:55.877"/>
</kw>
<kw name="Input Text" library="SeleniumLibrary">
<arg>id:password</arg>
<arg>${password}</arg>
<doc>Types the given ``text`` into the text field identified by ``locator``.</doc>
<msg timestamp="20230522 14:36:55.878" level="INFO">Typing text 'OWBqDtBG81dn' into text field 'id:password'.</msg>
<status status="PASS" starttime="20230522 14:36:55.877" endtime="20230522 14:36:55.969"/>
</kw>
<kw name="Select Checkbox" library="SeleniumLibrary">
<arg>id=administrador</arg>
<doc>Selects the checkbox identified by ``locator``.</doc>
<msg timestamp="20230522 14:36:55.970" level="INFO">Selecting checkbox 'id=administrador'.</msg>
<status status="PASS" starttime="20230522 14:36:55.970" endtime="20230522 14:36:56.043"/>
</kw>
<kw name="Set Suite Variable" library="BuiltIn">
<arg>${name}</arg>
<doc>Makes a variable available everywhere within the scope of the current suite.</doc>
<msg timestamp="20230522 14:36:56.044" level="INFO">${name} = Michael Jones</msg>
<status status="PASS" starttime="20230522 14:36:56.044" endtime="20230522 14:36:56.044"/>
</kw>
<kw name="Set Suite Variable" library="BuiltIn">
<arg>${email}</arg>
<doc>Makes a variable available everywhere within the scope of the current suite.</doc>
<msg timestamp="20230522 14:36:56.044" level="INFO">${email} = charles50@example.net</msg>
<status status="PASS" starttime="20230522 14:36:56.044" endtime="20230522 14:36:56.044"/>
</kw>
<kw name="Set Suite Variable" library="BuiltIn">
<arg>${password}</arg>
<doc>Makes a variable available everywhere within the scope of the current suite.</doc>
<msg timestamp="20230522 14:36:56.045" level="INFO">${password} = OWBqDtBG81dn</msg>
<status status="PASS" starttime="20230522 14:36:56.045" endtime="20230522 14:36:56.045"/>
</kw>
<status status="PASS" starttime="20230522 14:36:55.611" endtime="20230522 14:36:56.045"/>
</kw>
<kw name="When I click in signup" library="test_keywords_signup">
<kw name="Click Button" library="SeleniumLibrary">
<arg>css=.btn.btn-primary</arg>
<doc>Clicks the button identified by ``locator``.</doc>
<msg timestamp="20230522 14:36:56.046" level="INFO">Clicking button 'css=.btn.btn-primary'.</msg>
<status status="PASS" starttime="20230522 14:36:56.045" endtime="20230522 14:36:56.104"/>
</kw>
<status status="PASS" starttime="20230522 14:36:56.045" endtime="20230522 14:36:56.105"/>
</kw>
<kw name="Then the page should contain the text &quot;Cadastro realizado com sucesso&quot;" library="test_keywords_signup" sourcename="Then the page should contain the text &quot;${expected_text}&quot;">
<kw name="Wait Until Element Is Visible" library="SeleniumLibrary">
<arg>css=.alert-dismissible</arg>
<arg>timeout=10s</arg>
<doc>Waits until the element ``locator`` is visible.</doc>
<status status="PASS" starttime="20230522 14:36:56.105" endtime="20230522 14:36:56.338"/>
</kw>
<kw name="Element Should Be Visible" library="SeleniumLibrary">
<arg>css=.alert-dismissible</arg>
<doc>Verifies that the element identified by ``locator`` is visible.</doc>
<msg timestamp="20230522 14:36:56.356" level="INFO">Element 'css=.alert-dismissible' is displayed.</msg>
<status status="PASS" starttime="20230522 14:36:56.338" endtime="20230522 14:36:56.356"/>
</kw>
<kw name="Page Should Contain" library="SeleniumLibrary">
<arg>${expected_text}</arg>
<doc>Verifies that current page contains ``text``.</doc>
<msg timestamp="20230522 14:36:56.368" level="INFO">Current page contains text 'Cadastro realizado com sucesso'.</msg>
<status status="PASS" starttime="20230522 14:36:56.356" endtime="20230522 14:36:56.368"/>
</kw>
<status status="PASS" starttime="20230522 14:36:56.105" endtime="20230522 14:36:56.369"/>
</kw>
<kw name="After Tests" library="test_keywords_common" type="TEARDOWN">
<kw name="Close Browser" library="SeleniumLibrary">
<doc>Closes the current browser.</doc>
<status status="PASS" starttime="20230522 14:36:56.369" endtime="20230522 14:36:56.424"/>
</kw>
<status status="PASS" starttime="20230522 14:36:56.369" endtime="20230522 14:36:56.424"/>
</kw>
<tag>ui</tag>
<status status="PASS" starttime="20230522 14:36:54.249" endtime="20230522 14:36:56.424"/>
</test>
<test id="s1-s2-s1-t3" name="Scenario: Signup with already used email" line="23">
<kw name="Before Tests" library="test_keywords_common" type="SETUP">
<kw name="Open Browser" library="SeleniumLibrary">
<arg>${SERVER_BASE_URL}</arg>
<arg>${HEADLESS} ${BROWSER}</arg>
<doc>Opens a new browser instance to the optional ``url``.</doc>
<msg timestamp="20230522 14:36:56.426" level="INFO">Opening browser 'headless Chrome' to base url 'https://front.serverest.dev/'.</msg>
<status status="PASS" starttime="20230522 14:36:56.426" endtime="20230522 14:36:57.598"/>
</kw>
<kw name="Maximize Browser Window" library="SeleniumLibrary">
<doc>Maximizes current browser window.</doc>
<status status="PASS" starttime="20230522 14:36:57.599" endtime="20230522 14:36:57.703"/>
</kw>
<status status="PASS" starttime="20230522 14:36:56.425" endtime="20230522 14:36:57.703"/>
</kw>
<kw name="Given Im on the signup page" library="test_keywords_signup">
<kw name="Location Should Be" library="SeleniumLibrary">
<arg>https://front.serverest.dev/login</arg>
<doc>Verifies that the current URL is exactly ``url``.</doc>
<msg timestamp="20230522 14:36:57.709" level="INFO">Current location is 'https://front.serverest.dev/login'.</msg>
<status status="PASS" starttime="20230522 14:36:57.704" endtime="20230522 14:36:57.709"/>
</kw>
<kw name="Click Element" library="SeleniumLibrary">
<arg>css=a.btn.btn-link</arg>
<doc>Click the element identified by ``locator``.</doc>
<msg timestamp="20230522 14:36:57.709" level="INFO">Clicking element 'css=a.btn.btn-link'.</msg>
<status status="PASS" starttime="20230522 14:36:57.709" endtime="20230522 14:36:57.795"/>
</kw>
<status status="PASS" starttime="20230522 14:36:57.703" endtime="20230522 14:36:57.795"/>
</kw>
<kw name="And I fill in the signup fields with an email already registered" library="test_keywords_signup">
<kw name="Input Text" library="SeleniumLibrary">
<arg>id:nome</arg>
<arg>${name}</arg>
<doc>Types the given ``text`` into the text field identified by ``locator``.</doc>
<msg timestamp="20230522 14:36:57.796" level="INFO">Typing text 'Michael Jones' into text field 'id:nome'.</msg>
<status status="PASS" starttime="20230522 14:36:57.796" endtime="20230522 14:36:57.918"/>
</kw>
<kw name="Input Text" library="SeleniumLibrary">
<arg>id:email</arg>
<arg>${email}</arg>
<doc>Types the given ``text`` into the text field identified by ``locator``.</doc>
<msg timestamp="20230522 14:36:57.919" level="INFO">Typing text 'charles50@example.net' into text field 'id:email'.</msg>
<status status="PASS" starttime="20230522 14:36:57.918" endtime="20230522 14:36:58.031"/>
</kw>
<kw name="Input Text" library="SeleniumLibrary">
<arg>id:password</arg>
<arg>${password}</arg>
<doc>Types the given ``text`` into the text field identified by ``locator``.</doc>
<msg timestamp="20230522 14:36:58.032" level="INFO">Typing text 'OWBqDtBG81dn' into text field 'id:password'.</msg>
<status status="PASS" starttime="20230522 14:36:58.032" endtime="20230522 14:36:58.144"/>
</kw>
<kw name="Select Checkbox" library="SeleniumLibrary">
<arg>id=administrador</arg>
<doc>Selects the checkbox identified by ``locator``.</doc>
<msg timestamp="20230522 14:36:58.145" level="INFO">Selecting checkbox 'id=administrador'.</msg>
<status status="PASS" starttime="20230522 14:36:58.144" endtime="20230522 14:36:58.225"/>
</kw>
<status status="PASS" starttime="20230522 14:36:57.795" endtime="20230522 14:36:58.225"/>
</kw>
<kw name="When I click in signup" library="test_keywords_signup">
<kw name="Click Button" library="SeleniumLibrary">
<arg>css=.btn.btn-primary</arg>
<doc>Clicks the button identified by ``locator``.</doc>
<msg timestamp="20230522 14:36:58.226" level="INFO">Clicking button 'css=.btn.btn-primary'.</msg>
<status status="PASS" starttime="20230522 14:36:58.226" endtime="20230522 14:36:58.286"/>
</kw>
<status status="PASS" starttime="20230522 14:36:58.225" endtime="20230522 14:36:58.286"/>
</kw>
<kw name="Then the page should contain the text &quot;Este email já está sendo usado&quot;" library="test_keywords_signup" sourcename="Then the page should contain the text &quot;${expected_text}&quot;">
<kw name="Wait Until Element Is Visible" library="SeleniumLibrary">
<arg>css=.alert-dismissible</arg>
<arg>timeout=10s</arg>
<doc>Waits until the element ``locator`` is visible.</doc>
<status status="PASS" starttime="20230522 14:36:58.286" endtime="20230522 14:36:58.519"/>
</kw>
<kw name="Element Should Be Visible" library="SeleniumLibrary">
<arg>css=.alert-dismissible</arg>
<doc>Verifies that the element identified by ``locator`` is visible.</doc>
<msg timestamp="20230522 14:36:58.538" level="INFO">Element 'css=.alert-dismissible' is displayed.</msg>
<status status="PASS" starttime="20230522 14:36:58.519" endtime="20230522 14:36:58.538"/>
</kw>
<kw name="Page Should Contain" library="SeleniumLibrary">
<arg>${expected_text}</arg>
<doc>Verifies that current page contains ``text``.</doc>
<msg timestamp="20230522 14:36:58.551" level="INFO">Current page contains text 'Este email já está sendo usado'.</msg>
<status status="PASS" starttime="20230522 14:36:58.538" endtime="20230522 14:36:58.551"/>
</kw>
<status status="PASS" starttime="20230522 14:36:58.286" endtime="20230522 14:36:58.551"/>
</kw>
<kw name="After Tests" library="test_keywords_common" type="TEARDOWN">
<kw name="Close Browser" library="SeleniumLibrary">
<doc>Closes the current browser.</doc>
<status status="PASS" starttime="20230522 14:36:58.552" endtime="20230522 14:36:58.608"/>
</kw>
<status status="PASS" starttime="20230522 14:36:58.552" endtime="20230522 14:36:58.608"/>
</kw>
<tag>ui</tag>
<status status="PASS" starttime="20230522 14:36:56.425" endtime="20230522 14:36:58.608"/>
</test>
<status status="PASS" starttime="20230522 14:36:51.023" endtime="20230522 14:36:58.610"/>
</suite>
<status status="PASS" starttime="20230522 14:36:51.022" endtime="20230522 14:36:58.612"/>
</suite>
<status status="PASS" starttime="20230522 14:36:49.968" endtime="20230522 14:36:58.613"/>
</suite>
<statistics>
<total>
<stat pass="8" fail="0" skip="0">All Tests</stat>
</total>
<tag>
<stat pass="5" fail="0" skip="0">api</stat>
<stat pass="3" fail="0" skip="0">ui</stat>
</tag>
<suite>
<stat pass="8" fail="0" skip="0" id="s1" name="Tests">Tests</stat>
<stat pass="5" fail="0" skip="0" id="s1-s1" name="Api">Tests.Api</stat>
<stat pass="5" fail="0" skip="0" id="s1-s1-s1" name="Test Api Users">Tests.Api.Test Api Users</stat>
<stat pass="3" fail="0" skip="0" id="s1-s2" name="Ui">Tests.Ui</stat>
<stat pass="3" fail="0" skip="0" id="s1-s2-s1" name="Test Ui Signup">Tests.Ui.Test Ui Signup</stat>
</suite>
</statistics>
<errors>
</errors>
</robot>
