<?xml version="1.0" encoding="UTF-8"?>
<robot generator="Robot 7.0 (Python 3.8.18 on linux)" generated="2024-04-16T00:10:13.345797" rpa="false" schemaversion="5">
<suite id="s1" name="Tests" source="/home/runner/work/gen-ai-robot-test/gen-ai-robot-test/tests">
<suite id="s1-s1" name="Api" source="/home/runner/work/gen-ai-robot-test/gen-ai-robot-test/tests/api">
<suite id="s1-s1-s1" name="Test Api Users" source="/home/runner/work/gen-ai-robot-test/gen-ai-robot-test/tests/api/test_api_users.robot">
<test id="s1-s1-s1-t1" name="Scenario: Get all registered users" line="9">
<kw name="Before Tests" owner="test_keywords_common" type="SETUP">
<kw name="Create Session" owner="RequestsLibrary">
<msg time="2024-04-16T00:10:14.064837" level="INFO">Creating Session using : alias=serverest, url=https://serverest.dev, headers={},                     cookies={}, auth=None, timeout=None, proxies=None, verify=False,                     debug=0 </msg>
<arg>serverest</arg>
<arg>${SERVER_BASE_URL}</arg>
<arg>disable_warnings=True</arg>
<doc>Create Session: create a HTTP session to a server</doc>
<status status="PASS" start="2024-04-16T00:10:14.064446" elapsed="0.000695"/>
</kw>
<status status="PASS" start="2024-04-16T00:10:14.063089" elapsed="0.002169"/>
</kw>
<kw name="When I request the list of all registered users" owner="test_keywords_users">
<kw name="GET On Session" owner="RequestsLibrary">
<msg time="2024-04-16T00:10:14.285207" level="INFO">GET Request : url=https://serverest.dev/usuarios 
 path_url=/usuarios 
 headers={'User-Agent': 'python-requests/2.31.0', 'Accept-Encoding': 'gzip, deflate', 'Accept': '*/*', 'Connection': 'keep-alive'} 
 body=None 
 </msg>
<msg time="2024-04-16T00:10:14.285378" level="INFO">GET Response : url=https://serverest.dev/usuarios 
 status=200, reason=OK 
 headers={'access-control-allow-origin': '*', 'x-dns-prefetch-control': 'off', 'x-frame-options': 'SAMEORIGIN', 'strict-transport-security': 'max-age=15552000; includeSubDomains', 'x-download-options': 'noopen', 'x-content-type-options': 'nosniff', 'x-xss-protection': '1; mode=block', 'content-type': 'application/json; charset=utf-8', 'X-Cloud-Trace-Context': '7b13b331e87bf7b9e9c3d0732fbc4f55;o=1', 'Date': 'Tue, 16 Apr 2024 00:10:14 GMT', 'Server': 'Google Frontend', 'Content-Length': '9191'} 
 body={
    "quantidade": 43,
    "usuarios": [
        {
            "nome": "teste",
            "email": "teste@teste.com",
            "password": "123456",
            "administrador": "false",
            "_id": "0WBwxbyHKeYu14Rl"
        },
        {
            "nome": "tc02 Berge",
            "email": "tc02.Walter27@yahoo.com",
            "password": "ethQbP",
            "administrador": "true",
            "_id": "43IYzP0G5LmM1PG3"
        },
        {
            "nome": "tc02 Ebert",
            "email": "tc0262@hotmail.com",
            "password": "Ursa4H",
            "administrador": "true",
            "_id": "4OyThWmBbbyKMNdw"
        },
        {
            "nome": "tc02 Rath",
            "email": "tc0229@hotmail.com",
            "password": "MHsXnM",
            "administrador": "true",
            "_id": "4V9qpR7HTyy8Vez0"
        },
        {
            "nome": "usarioadm@outlook.com",
            "email": "usarioadm@outlook.com",
            "password": "teste",
            "administrador": "true",
            "_id": "6DHfm5HQJ1RHMuv3"
        },
        {
            "nome": "Irving Ryan",
            "email": "Dovie_Koss33@hotmail.com",
            "password": "teste",
            "administrador": "true",
            "_id": "7cDulzlFPcIWklH5"
        },
        {
            "nome": "tc02 Purdy",
            "email": "tc0284@yahoo.com",
            "password": "68zais",
            "administrador": "false",
            "_id": "BwDJ9X5DnN5gNKm7"
        },
        {
            "nome": "tc01 Lang",
            "email": "tc01.Heaney37@gmail.com",
            "password": "VBZEOf",
            "administrador": "false",
            "_id": "D6t1NGdGSnMFJekh"
        },
        {
            "nome": "tc02 Goyette",
            "email": "tc0289@gmail.com",
            "password": "aKF2dO",
            "administrador": "true",
            "_id": "EyJQc1pstGQLe4Ca"
        },
        {
            "nome": "tc02 Crist",
            "email": "tc02.Bergnaum39@yahoo.com",
            "password": "JrFjfe",
            "administrador": "true",
            "_id": "FTq0vNoDcy5PE3TQ"
        },
        {
            "nome": "tc02 Nicolas",
            "email": "teste@tc03.com",
            "password": "DRm1Ii",
            "administrador": "false",
            "_id": "IMS3i6oOgI041teg"
        },
        {
            "nome": "Alex",
            "email": "alex@gmail.com",
            "password": "12345678",
            "administrador": "false",
            "_id": "KCBUlWEjJcx9Ysti"
        },
        {
            "nome": "tc02 Ziemann",
            "email": "tc0211@yahoo.com",
            "password": "DIngxX",
            "administrador": "false",
            "_id": "KQ0DSTZTSYIUzvpP"
        },
        {
            "nome": "Ms. tc02 Lind",
            "email": "tc02_Lakin6@hotmail.com",
            "password": "T6nGWp",
            "administrador": "false",
            "_id": "NJjkR9f5fZHOqUcf"
        },
        {
            "password": "6pt86cu3k74",
            "administrador": "true",
            "nome": "Laís",
            "email": "alessandra.junqueira@bol.com.br",
            "_id": "O0hkjJtupQu5FFYt"
        },
        {
            "nome": "Bobby West",
            "email": "Martine_Fay@hotmail.com",
            "password": "teste",
            "administrador": "true",
            "_id": "QRe6GRyfeS8nm54m"
        },
        {
            "nome": "Dr. tc02 Kuhic-Rodriguez",
            "email": "tc02.Block19@hotmail.com",
            "password": "GR_8B9",
            "administrador": "false",
            "_id": "RTqHGJcl6R3L9Tta"
        },
        {
            "nome": "tc02 Kunze",
            "email": "tc02_Pollich95@hotmail.com",
            "password": "TeZRyu",
            "administrador": "true",
            "_id": "RjgDvrwefbtvSBHl"
        },
        {
            "nome": "Sobrenatural de Almeida10",
            "email": "sobrenatural_10@qa.com.br",
            "password": "teste",
            "administrador": "true",
            "_id": "Rxq9tcN2qYMdaTUe"
        },
        {
            "nome": "tc02 Keeling",
            "email": "tc0220@yahoo.com",
            "password": "hsyJrr",
            "administrador": "true",
            "_id": "SroOK2HXa5ZzNs6a"
        },
        {
            "nome": "Rochelle Hettinger",
            "email": "Telly11@hotmail.com",
            "password": "teste",
            "administrador": "true",
            "_id": "U2Ebof42BwxFzrxU"
        },
        {
            "nome": "tc02 Kreiger",
            "email": "tc0214@hotmail.com",
            "password": "v038hO",
            "administrador": "false",
            "_id": "VE2f2rprFExMSSOc"
        },
        {
            "nome": "tc02 Fahey II",
            "email": "tc0267@hotmail.com",
            "password": "9WQ1YK",
            "administrador": "false",
            "_id": "Wn3upONXWnLhyeiX"
        },
        {
            "nome": "Daisy Johnston",
            "email": "Aryanna_Zemlak67@gmail.com",
            "password": "teste",
            "administrador": "true",
            "_id": "WtAW0PlteJLnPaaP"
        },
        {
            "nome": "tc02 Carroll",
            "email": "tc02.Rempel81@gmail.com",
            "password": "mrwgHF",
            "administrador": "true",
            "_id": "YSvQfDq4w4WAEwnr"
        },
        {
            "nome": "tc02 Bechtelar",
            "email": "tc0275@yahoo.com",
            "password": "nveqM4",
            "administrador": "false",
            "_id": "ZWpjSdH8lMB7btlF"
        },
        {
            "nome": "tc02 Schamberger II",
            "email": "tc02_Cartwright27@gmail.com",
            "password": "6o6LOa",
            "administrador": "true",
            "_id": "bKbKljDuMbYmpW1W"
        },
        {
            "nome": "Dr. tc02 Kovacek",
            "email": "tc02_Lesch22@hotmail.com",
            "password": "OBggHB",
            "administrador": "true",
            "_id": "bbWjOLH1otDlrBYA"
        },
        {
            "nome": "tc02 White DVM",
            "email": "tc0273@gmail.com",
            "password": "x23VwM",
            "administrador": "true",
            "_id": "btNlpsXdAFPwCRVt"
        },
        {
            "nome": "Clark Fritsch",
            "email": "Gilda81@gmail.com",
            "password": "teste",
            "administrador": "true",
            "_id": "e0CiE7XpJA7wZpwG"
        },
        {
            "nome": "testenaoadm@outlook.com",
            "email": "testenaoadm@outlook.com",
            "password": "teste",
            "administrador": "true",
            "_id": "fzMuABSwq85O85uL"
        },
        {
            "nome": "tc02 Weimann",
            "email": "tc02_Block93@gmail.com",
            "password": "X91qcF",
            "administrador": "false",
            "_id": "gGDiq8gCnAfkqv2G"
        },
        {
            "nome": "tc01 Turner",
            "email": "tc0192@gmail.com",
            "password": "d5zwFH",
            "administrador": "false",
            "_id": "gxqiZWVQ7tm2lQIw"
        },
        {
            "nome": "tc02 Stanton",
            "email": "tc02_Skiles@gmail.com",
            "password": "2BSCeJ",
            "administrador": "false",
            "_id": "hZTu2cx5vzBjYHrZ"
        },
        {
            "nome": "Karen Gutmann",
            "email": "Kaela89@gmail.com",
            "password": "teste",
            "administrador": "true",
            "_id": "j3wbYjPUJf4gehqa"
        },
        {
            "nome": "tc02 Wolf",
            "email": "tc02.Kunze@gmail.com",
            "password": "3SkMRu",
            "administrador": "true",
            "_id": "lHk7tlG4LllHdAsX"
        },
        {
            "nome": "tc02 Koepp DVM",
            "email": "tc02.Kunde-Morar61@yahoo.com",
            "password": "8yxW41",
            "administrador": "false",
            "_id": "nuTr1fwi3XvtYe4X"
        },
        {
            "password": "u7j5ijmf2ix",
            "administrador": "true",
            "nome": "Yago",
            "email": "fabricio.deassuncao@live.com",
            "_id": "oUyXZvW0gPPc15ff"
        },
        {
            "password": "5benol4t0v",
            "administrador": "true",
            "nome": "Arthur Miguel",
            "email": "mariaflor.meireles@bol.com.br",
            "_id": "tBRS8ZvOtHbQTcxy"
        },
        {
            "nome": "tc02 Sporer",
            "email": "tc02_Witting@yahoo.com",
            "password": "xot8LQ",
            "administrador": "false",
            "_id": "tcMIg2NtXJkRlr5d"
        },
        {
            "nome": "tc02 Hermann",
            "email": "tc0248@yahoo.com",
            "password": "WRL9kE",
            "administrador": "true",
            "_id": "uirSRgViHuLVYNSv"
        },
        {
            "nome": "tc02 Upton",
            "email": "tc0288@yahoo.com",
            "password": "7z8E1f",
            "administrador": "true",
            "_id": "wXkq2PUcwbqbB809"
        },
        {
            "nome": "Fulano da Silva",
            "email": "fulano@qa.com",
            "password": "teste",
            "administrador": "true",
            "_id": "x0fu7aS7J7SlfAT9"
        }
    ]
} 
 </msg>
<msg time="2024-04-16T00:10:14.285695" level="INFO">${response} = &lt;Response [200]&gt;</msg>
<var>${response}</var>
<arg>serverest</arg>
<arg>${USERS_API_ENDPOINT}</arg>
<doc>Sends a GET request on a previously created HTTP Session.</doc>
<status status="PASS" start="2024-04-16T00:10:14.065720" elapsed="0.220010"/>
</kw>
<kw name="Set Test Variable" owner="BuiltIn">
<msg time="2024-04-16T00:10:14.286311" level="INFO">${response} = &lt;Response [200]&gt;</msg>
<arg>${response}</arg>
<doc>Makes a variable available everywhere within the scope of the current test.</doc>
<status status="PASS" start="2024-04-16T00:10:14.286016" elapsed="0.000344"/>
</kw>
<status status="PASS" start="2024-04-16T00:10:14.065451" elapsed="0.220998"/>
</kw>
<kw name="Then the response status code should be 200" owner="test_keywords_users" source_name="Then the response status code should be ${status_code}">
<kw name="Should Be Equal As Numbers" owner="BuiltIn">
<msg time="2024-04-16T00:10:14.287536" level="INFO">Argument types are:
&lt;class 'int'&gt;
&lt;class 'str'&gt;</msg>
<arg>${response.status_code}</arg>
<arg>${status_code}</arg>
<doc>Fails if objects are unequal after converting them to real numbers.</doc>
<status status="PASS" start="2024-04-16T00:10:14.287004" elapsed="0.000609"/>
</kw>
<kw name="Should Be True" owner="BuiltIn">
<arg>${response.json()}</arg>
<doc>Fails if the given condition is not true.</doc>
<status status="PASS" start="2024-04-16T00:10:14.287760" elapsed="0.000533"/>
</kw>
<status status="PASS" start="2024-04-16T00:10:14.286672" elapsed="0.001702"/>
</kw>
<kw name="And the response body should not be empty" owner="test_keywords_users">
<kw name="Should Not Be Empty" owner="BuiltIn">
<msg time="2024-04-16T00:10:14.289377" level="INFO">Length is 2.</msg>
<arg>${response.json()}</arg>
<doc>Verifies that the given item is not empty.</doc>
<status status="PASS" start="2024-04-16T00:10:14.288838" elapsed="0.000594"/>
</kw>
<status status="PASS" start="2024-04-16T00:10:14.288569" elapsed="0.000940"/>
</kw>
<tag>api</tag>
<status status="PASS" start="2024-04-16T00:10:14.062349" elapsed="0.227294"/>
</test>
<test id="s1-s1-s1-t2" name="Scenario: Create a new user" line="15">
<kw name="Before Tests" owner="test_keywords_common" type="SETUP">
<kw name="Create Session" owner="RequestsLibrary">
<msg time="2024-04-16T00:10:14.290929" level="INFO">Creating Session using : alias=serverest, url=https://serverest.dev, headers={},                     cookies={}, auth=None, timeout=None, proxies=None, verify=False,                     debug=0 </msg>
<arg>serverest</arg>
<arg>${SERVER_BASE_URL}</arg>
<arg>disable_warnings=True</arg>
<doc>Create Session: create a HTTP session to a server</doc>
<status status="PASS" start="2024-04-16T00:10:14.290660" elapsed="0.000479"/>
</kw>
<status status="PASS" start="2024-04-16T00:10:14.290405" elapsed="0.000819"/>
</kw>
<kw name="Given I have a valid user data" owner="test_keywords_users">
<kw name="Name" owner="FakerLibrary">
<msg time="2024-04-16T00:10:14.292093" level="INFO">${name} = Jason Miller</msg>
<var>${name}</var>
<doc>:example: 'John Doe'</doc>
<status status="PASS" start="2024-04-16T00:10:14.291713" elapsed="0.000410"/>
</kw>
<kw name="Email" owner="FakerLibrary">
<msg time="2024-04-16T00:10:14.292637" level="INFO">${email} = smithjacob@example.com</msg>
<var>${email}</var>
<status status="PASS" start="2024-04-16T00:10:14.292257" elapsed="0.000412"/>
</kw>
<kw name="Password" owner="FakerLibrary">
<msg time="2024-04-16T00:10:14.293093" level="INFO">${password} = sZ2Daz2x1pVu</msg>
<var>${password}</var>
<arg>length=12</arg>
<arg>special_chars=False</arg>
<doc>Generate a random password of the specified ``length``.</doc>
<status status="PASS" start="2024-04-16T00:10:14.292810" elapsed="0.000313"/>
</kw>
<kw name="Set Suite Variable" owner="BuiltIn">
<msg time="2024-04-16T00:10:14.293484" level="INFO">${name} = Jason Miller</msg>
<arg>${name}</arg>
<doc>Makes a variable available everywhere within the scope of the current suite.</doc>
<status status="PASS" start="2024-04-16T00:10:14.293279" elapsed="0.000249"/>
</kw>
<kw name="Set Suite Variable" owner="BuiltIn">
<msg time="2024-04-16T00:10:14.293858" level="INFO">${email} = smithjacob@example.com</msg>
<arg>${email}</arg>
<doc>Makes a variable available everywhere within the scope of the current suite.</doc>
<status status="PASS" start="2024-04-16T00:10:14.293668" elapsed="0.000233"/>
</kw>
<kw name="Set Suite Variable" owner="BuiltIn">
<msg time="2024-04-16T00:10:14.294227" level="INFO">${password} = sZ2Daz2x1pVu</msg>
<arg>${password}</arg>
<doc>Makes a variable available everywhere within the scope of the current suite.</doc>
<status status="PASS" start="2024-04-16T00:10:14.294037" elapsed="0.000232"/>
</kw>
<status status="PASS" start="2024-04-16T00:10:14.291427" elapsed="0.002910"/>
</kw>
<kw name="When I create the user" owner="test_keywords_users">
<kw name="Create Dictionary" owner="BuiltIn">
<msg time="2024-04-16T00:10:14.295202" level="INFO">${payload} = {'nome': 'Jason Miller', 'email': 'smithjacob@example.com', 'password': 'sZ2Daz2x1pVu', 'administrador': 'false'}</msg>
<var>${payload}</var>
<arg>nome=${name}</arg>
<arg>email=${email}</arg>
<arg>password=${password}</arg>
<arg>administrador=false</arg>
<doc>Creates and returns a dictionary based on the given ``items``.</doc>
<status status="PASS" start="2024-04-16T00:10:14.294779" elapsed="0.000453"/>
</kw>
<kw name="Create Dictionary" owner="BuiltIn">
<msg time="2024-04-16T00:10:14.295569" level="INFO">${headers} = {'Content-Type': 'application/json'}</msg>
<var>${headers}</var>
<arg>Content-Type=application/json</arg>
<doc>Creates and returns a dictionary based on the given ``items``.</doc>
<status status="PASS" start="2024-04-16T00:10:14.295392" elapsed="0.000204"/>
</kw>
<kw name="POST On Session" owner="RequestsLibrary">
<msg time="2024-04-16T00:10:14.365313" level="INFO">POST Request : url=https://serverest.dev/usuarios 
 path_url=/usuarios 
 headers={'User-Agent': 'python-requests/2.31.0', 'Accept-Encoding': 'gzip, deflate', 'Accept': '*/*', 'Connection': 'keep-alive', 'Content-Type': 'application/json', 'Content-Length': '113'} 
 body=b'{"nome": "Jason Miller", "email": "smithjacob@example.com", "password": "sZ2Daz2x1pVu", "administrador": "false"}' 
 </msg>
<msg time="2024-04-16T00:10:14.365423" level="INFO">POST Response : url=https://serverest.dev/usuarios 
 status=201, reason=Created 
 headers={'access-control-allow-origin': '*', 'x-dns-prefetch-control': 'off', 'x-frame-options': 'SAMEORIGIN', 'strict-transport-security': 'max-age=15552000; includeSubDomains', 'x-download-options': 'noopen', 'x-content-type-options': 'nosniff', 'x-xss-protection': '1; mode=block', 'content-type': 'application/json; charset=utf-8', 'X-Cloud-Trace-Context': '698f1a263c24e562e694e7f56584d93f', 'Date': 'Tue, 16 Apr 2024 00:10:14 GMT', 'Server': 'Google Frontend', 'Content-Length': '82'} 
 body={
    "message": "Cadastro realizado com sucesso",
    "_id": "Aq1Wz6AwNw6Mjjee"
} 
 </msg>
<msg time="2024-04-16T00:10:14.365553" level="INFO">${response} = &lt;Response [201]&gt;</msg>
<var>${response}</var>
<arg>serverest</arg>
<arg>${USERS_API_ENDPOINT}</arg>
<arg>json=${payload}</arg>
<arg>headers=${headers}</arg>
<doc>Sends a POST request on a previously created HTTP Session.</doc>
<status status="PASS" start="2024-04-16T00:10:14.295733" elapsed="0.069849"/>
</kw>
<kw name="Set Variable" owner="BuiltIn">
<msg time="2024-04-16T00:10:14.367302" level="INFO">${user_id} = Aq1Wz6AwNw6Mjjee</msg>
<var>${user_id}</var>
<arg>${response.json()['_id']}</arg>
<doc>Returns the given values which can then be assigned to a variables.</doc>
<status status="PASS" start="2024-04-16T00:10:14.365805" elapsed="0.001528"/>
</kw>
<kw name="Set Global Variable" owner="BuiltIn">
<msg time="2024-04-16T00:10:14.367775" level="INFO">${USER_ID} = Aq1Wz6AwNw6Mjjee</msg>
<arg>${USER_ID}</arg>
<arg>${user_id}</arg>
<doc>Makes a variable available globally in all tests and suites.</doc>
<status status="PASS" start="2024-04-16T00:10:14.367491" elapsed="0.000330"/>
</kw>
<kw name="Set Test Variable" owner="BuiltIn">
<msg time="2024-04-16T00:10:14.368160" level="INFO">${response} = &lt;Response [201]&gt;</msg>
<arg>${response}</arg>
<doc>Makes a variable available everywhere within the scope of the current test.</doc>
<status status="PASS" start="2024-04-16T00:10:14.367962" elapsed="0.000294"/>
</kw>
<status status="PASS" start="2024-04-16T00:10:14.294520" elapsed="0.073815"/>
</kw>
<kw name="Then the response status code should be 201" owner="test_keywords_users" source_name="Then the response status code should be ${status_code}">
<kw name="Should Be Equal As Numbers" owner="BuiltIn">
<msg time="2024-04-16T00:10:14.369316" level="INFO">Argument types are:
&lt;class 'int'&gt;
&lt;class 'str'&gt;</msg>
<arg>${response.status_code}</arg>
<arg>${status_code}</arg>
<doc>Fails if objects are unequal after converting them to real numbers.</doc>
<status status="PASS" start="2024-04-16T00:10:14.368855" elapsed="0.000526"/>
</kw>
<kw name="Should Be True" owner="BuiltIn">
<arg>${response.json()}</arg>
<doc>Fails if the given condition is not true.</doc>
<status status="PASS" start="2024-04-16T00:10:14.369522" elapsed="0.000447"/>
</kw>
<status status="PASS" start="2024-04-16T00:10:14.368551" elapsed="0.001493"/>
</kw>
<kw name="And the response body should not be empty" owner="test_keywords_users">
<kw name="Should Not Be Empty" owner="BuiltIn">
<msg time="2024-04-16T00:10:14.370874" level="INFO">Length is 2.</msg>
<arg>${response.json()}</arg>
<doc>Verifies that the given item is not empty.</doc>
<status status="PASS" start="2024-04-16T00:10:14.370457" elapsed="0.000466"/>
</kw>
<status status="PASS" start="2024-04-16T00:10:14.370200" elapsed="0.000797"/>
</kw>
<tag>api</tag>
<status status="PASS" start="2024-04-16T00:10:14.289984" elapsed="0.081135"/>
</test>
<test id="s1-s1-s1-t3" name="Scenario: Get a specific user informations" line="22">
<kw name="Before Tests" owner="test_keywords_common" type="SETUP">
<kw name="Create Session" owner="RequestsLibrary">
<msg time="2024-04-16T00:10:14.372347" level="INFO">Creating Session using : alias=serverest, url=https://serverest.dev, headers={},                     cookies={}, auth=None, timeout=None, proxies=None, verify=False,                     debug=0 </msg>
<arg>serverest</arg>
<arg>${SERVER_BASE_URL}</arg>
<arg>disable_warnings=True</arg>
<doc>Create Session: create a HTTP session to a server</doc>
<status status="PASS" start="2024-04-16T00:10:14.372083" elapsed="0.000502"/>
</kw>
<status status="PASS" start="2024-04-16T00:10:14.371835" elapsed="0.000838"/>
</kw>
<kw name="When I request the created user" owner="test_keywords_users">
<kw name="GET On Session" owner="RequestsLibrary">
<msg time="2024-04-16T00:10:14.449129" level="INFO">GET Request : url=https://serverest.dev/usuarios/Aq1Wz6AwNw6Mjjee 
 path_url=/usuarios/Aq1Wz6AwNw6Mjjee 
 headers={'User-Agent': 'python-requests/2.31.0', 'Accept-Encoding': 'gzip, deflate', 'Accept': '*/*', 'Connection': 'keep-alive'} 
 body=None 
 </msg>
<msg time="2024-04-16T00:10:14.449213" level="INFO">GET Response : url=https://serverest.dev/usuarios/Aq1Wz6AwNw6Mjjee 
 status=200, reason=OK 
 headers={'access-control-allow-origin': '*', 'x-dns-prefetch-control': 'off', 'x-frame-options': 'SAMEORIGIN', 'strict-transport-security': 'max-age=15552000; includeSubDomains', 'x-download-options': 'noopen', 'x-content-type-options': 'nosniff', 'x-xss-protection': '1; mode=block', 'content-type': 'application/json; charset=utf-8', 'X-Cloud-Trace-Context': '12aeadf637a757f8795c62e63a385954', 'Date': 'Tue, 16 Apr 2024 00:10:14 GMT', 'Server': 'Google Frontend', 'Content-Length': '162'} 
 body={
    "nome": "Jason Miller",
    "email": "smithjacob@example.com",
    "password": "sZ2Daz2x1pVu",
    "administrador": "false",
    "_id": "Aq1Wz6AwNw6Mjjee"
} 
 </msg>
<msg time="2024-04-16T00:10:14.449340" level="INFO">${response} = &lt;Response [200]&gt;</msg>
<var>${response}</var>
<arg>serverest</arg>
<arg>${USERS_API_ENDPOINT}/${USER_ID}</arg>
<doc>Sends a GET request on a previously created HTTP Session.</doc>
<status status="PASS" start="2024-04-16T00:10:14.373099" elapsed="0.076276"/>
</kw>
<kw name="Set Test Variable" owner="BuiltIn">
<msg time="2024-04-16T00:10:14.449778" level="INFO">${response} = &lt;Response [200]&gt;</msg>
<arg>${response}</arg>
<doc>Makes a variable available everywhere within the scope of the current test.</doc>
<status status="PASS" start="2024-04-16T00:10:14.449570" elapsed="0.000255"/>
</kw>
<status status="PASS" start="2024-04-16T00:10:14.372845" elapsed="0.077054"/>
</kw>
<kw name="Then the response status code should be 200" owner="test_keywords_users" source_name="Then the response status code should be ${status_code}">
<kw name="Should Be Equal As Numbers" owner="BuiltIn">
<msg time="2024-04-16T00:10:14.450881" level="INFO">Argument types are:
&lt;class 'int'&gt;
&lt;class 'str'&gt;</msg>
<arg>${response.status_code}</arg>
<arg>${status_code}</arg>
<doc>Fails if objects are unequal after converting them to real numbers.</doc>
<status status="PASS" start="2024-04-16T00:10:14.450383" elapsed="0.000563"/>
</kw>
<kw name="Should Be True" owner="BuiltIn">
<arg>${response.json()}</arg>
<doc>Fails if the given condition is not true.</doc>
<status status="PASS" start="2024-04-16T00:10:14.451090" elapsed="0.000445"/>
</kw>
<status status="PASS" start="2024-04-16T00:10:14.450076" elapsed="0.001537"/>
</kw>
<kw name="And the response body should not be empty" owner="test_keywords_users">
<kw name="Should Not Be Empty" owner="BuiltIn">
<msg time="2024-04-16T00:10:14.452495" level="INFO">Length is 5.</msg>
<arg>${response.json()}</arg>
<doc>Verifies that the given item is not empty.</doc>
<status status="PASS" start="2024-04-16T00:10:14.452037" elapsed="0.000512"/>
</kw>
<status status="PASS" start="2024-04-16T00:10:14.451772" elapsed="0.000858"/>
</kw>
<tag>api</tag>
<status status="PASS" start="2024-04-16T00:10:14.371406" elapsed="0.081342"/>
</test>
<test id="s1-s1-s1-t4" name="Scenario: Update the created user" line="28">
<kw name="Before Tests" owner="test_keywords_common" type="SETUP">
<kw name="Create Session" owner="RequestsLibrary">
<msg time="2024-04-16T00:10:14.454095" level="INFO">Creating Session using : alias=serverest, url=https://serverest.dev, headers={},                     cookies={}, auth=None, timeout=None, proxies=None, verify=False,                     debug=0 </msg>
<arg>serverest</arg>
<arg>${SERVER_BASE_URL}</arg>
<arg>disable_warnings=True</arg>
<doc>Create Session: create a HTTP session to a server</doc>
<status status="PASS" start="2024-04-16T00:10:14.453822" elapsed="0.000485"/>
</kw>
<status status="PASS" start="2024-04-16T00:10:14.453568" elapsed="0.000827"/>
</kw>
<kw name="When I update the created user" owner="test_keywords_users">
<kw name="Create Dictionary" owner="BuiltIn">
<msg time="2024-04-16T00:10:14.455201" level="INFO">${payload} = {'nome': 'John Smith', 'email': 'john.smith@example.com', 'password': 'P@ssw0rd123', 'administrador': 'false'}</msg>
<var>${payload}</var>
<arg>nome=John Smith</arg>
<arg>email=john.smith@example.com</arg>
<arg>password=P@ssw0rd123</arg>
<arg>administrador=false</arg>
<doc>Creates and returns a dictionary based on the given ``items``.</doc>
<status status="PASS" start="2024-04-16T00:10:14.454842" elapsed="0.000389"/>
</kw>
<kw name="Create Dictionary" owner="BuiltIn">
<msg time="2024-04-16T00:10:14.455565" level="INFO">${headers} = {'Content-Type': 'application/json'}</msg>
<var>${headers}</var>
<arg>Content-Type=application/json</arg>
<doc>Creates and returns a dictionary based on the given ``items``.</doc>
<status status="PASS" start="2024-04-16T00:10:14.455387" elapsed="0.000206"/>
</kw>
<kw name="PUT On Session" owner="RequestsLibrary">
<msg time="2024-04-16T00:10:14.524208" level="INFO">PUT Request : url=https://serverest.dev/usuarios/Aq1Wz6AwNw6Mjjee 
 path_url=/usuarios/Aq1Wz6AwNw6Mjjee 
 headers={'User-Agent': 'python-requests/2.31.0', 'Accept-Encoding': 'gzip, deflate', 'Accept': '*/*', 'Connection': 'keep-alive', 'Content-Type': 'application/json', 'Content-Length': '110'} 
 body=b'{"nome": "John Smith", "email": "john.smith@example.com", "password": "P@ssw0rd123", "administrador": "false"}' 
 </msg>
<msg time="2024-04-16T00:10:14.524356" level="INFO">PUT Response : url=https://serverest.dev/usuarios/Aq1Wz6AwNw6Mjjee 
 status=200, reason=OK 
 headers={'access-control-allow-origin': '*', 'x-dns-prefetch-control': 'off', 'x-frame-options': 'SAMEORIGIN', 'strict-transport-security': 'max-age=15552000; includeSubDomains', 'x-download-options': 'noopen', 'x-content-type-options': 'nosniff', 'x-xss-protection': '1; mode=block', 'content-type': 'application/json; charset=utf-8', 'X-Cloud-Trace-Context': '5b23d69f14366129ae13518440ff7a32', 'Date': 'Tue, 16 Apr 2024 00:10:14 GMT', 'Server': 'Google Frontend', 'Content-Length': '50'} 
 body={
    "message": "Registro alterado com sucesso"
} 
 </msg>
<msg time="2024-04-16T00:10:14.524552" level="INFO">${response} = &lt;Response [200]&gt;</msg>
<var>${response}</var>
<arg>serverest</arg>
<arg>${USERS_API_ENDPOINT}/${USER_ID}</arg>
<arg>json=${payload}</arg>
<arg>headers=${headers}</arg>
<doc>Sends a PUT request on a previously created HTTP Session.</doc>
<status status="PASS" start="2024-04-16T00:10:14.455740" elapsed="0.068859"/>
</kw>
<kw name="Set Test Variable" owner="BuiltIn">
<msg time="2024-04-16T00:10:14.525062" level="INFO">${response} = &lt;Response [200]&gt;</msg>
<arg>${response}</arg>
<doc>Makes a variable available everywhere within the scope of the current test.</doc>
<status status="PASS" start="2024-04-16T00:10:14.524823" elapsed="0.000287"/>
</kw>
<status status="PASS" start="2024-04-16T00:10:14.454578" elapsed="0.070615"/>
</kw>
<kw name="Then the response status code should be 200" owner="test_keywords_users" source_name="Then the response status code should be ${status_code}">
<kw name="Should Be Equal As Numbers" owner="BuiltIn">
<msg time="2024-04-16T00:10:14.526209" level="INFO">Argument types are:
&lt;class 'int'&gt;
&lt;class 'str'&gt;</msg>
<arg>${response.status_code}</arg>
<arg>${status_code}</arg>
<doc>Fails if objects are unequal after converting them to real numbers.</doc>
<status status="PASS" start="2024-04-16T00:10:14.525704" elapsed="0.000572"/>
</kw>
<kw name="Should Be True" owner="BuiltIn">
<arg>${response.json()}</arg>
<doc>Fails if the given condition is not true.</doc>
<status status="PASS" start="2024-04-16T00:10:14.526423" elapsed="0.000456"/>
</kw>
<status status="PASS" start="2024-04-16T00:10:14.525385" elapsed="0.001573"/>
</kw>
<kw name="And the response body should not be empty" owner="test_keywords_users">
<kw name="Should Not Be Empty" owner="BuiltIn">
<msg time="2024-04-16T00:10:14.527796" level="INFO">Length is 1.</msg>
<arg>${response.json()}</arg>
<doc>Verifies that the given item is not empty.</doc>
<status status="PASS" start="2024-04-16T00:10:14.527377" elapsed="0.000468"/>
</kw>
<status status="PASS" start="2024-04-16T00:10:14.527115" elapsed="0.000803"/>
</kw>
<tag>api</tag>
<status status="PASS" start="2024-04-16T00:10:14.453035" elapsed="0.075004"/>
</test>
<test id="s1-s1-s1-t5" name="Scenario: Delete the created user" line="34">
<kw name="Before Tests" owner="test_keywords_common" type="SETUP">
<kw name="Create Session" owner="RequestsLibrary">
<msg time="2024-04-16T00:10:14.529433" level="INFO">Creating Session using : alias=serverest, url=https://serverest.dev, headers={},                     cookies={}, auth=None, timeout=None, proxies=None, verify=False,                     debug=0 </msg>
<arg>serverest</arg>
<arg>${SERVER_BASE_URL}</arg>
<arg>disable_warnings=True</arg>
<doc>Create Session: create a HTTP session to a server</doc>
<status status="PASS" start="2024-04-16T00:10:14.529184" elapsed="0.000438"/>
</kw>
<status status="PASS" start="2024-04-16T00:10:14.528921" elapsed="0.000787"/>
</kw>
<kw name="When I delete the created user" owner="test_keywords_users">
<kw name="DELETE On Session" owner="RequestsLibrary">
<msg time="2024-04-16T00:10:14.598085" level="INFO">DELETE Request : url=https://serverest.dev/usuarios/Aq1Wz6AwNw6Mjjee 
 path_url=/usuarios/Aq1Wz6AwNw6Mjjee 
 headers={'User-Agent': 'python-requests/2.31.0', 'Accept-Encoding': 'gzip, deflate', 'Accept': '*/*', 'Connection': 'keep-alive', 'Content-Length': '0'} 
 body=None 
 </msg>
<msg time="2024-04-16T00:10:14.598183" level="INFO">DELETE Response : url=https://serverest.dev/usuarios/Aq1Wz6AwNw6Mjjee 
 status=200, reason=OK 
 headers={'access-control-allow-origin': '*', 'x-dns-prefetch-control': 'off', 'x-frame-options': 'SAMEORIGIN', 'strict-transport-security': 'max-age=15552000; includeSubDomains', 'x-download-options': 'noopen', 'x-content-type-options': 'nosniff', 'x-xss-protection': '1; mode=block', 'content-type': 'application/json; charset=utf-8', 'X-Cloud-Trace-Context': 'ba51c395f246901b8024f07a8f5444a7', 'Date': 'Tue, 16 Apr 2024 00:10:14 GMT', 'Server': 'Google Frontend', 'Content-Length': '51'} 
 body={
    "message": "Registro excluído com sucesso"
} 
 </msg>
<msg time="2024-04-16T00:10:14.598336" level="INFO">${response} = &lt;Response [200]&gt;</msg>
<var>${response}</var>
<arg>serverest</arg>
<arg>${USERS_API_ENDPOINT}/${USER_ID}</arg>
<doc>Sends a DELETE request on a previously created HTTP Session.</doc>
<status status="PASS" start="2024-04-16T00:10:14.530135" elapsed="0.068242"/>
</kw>
<kw name="Set Test Variable" owner="BuiltIn">
<msg time="2024-04-16T00:10:14.598897" level="INFO">${response} = &lt;Response [200]&gt;</msg>
<arg>${response}</arg>
<doc>Makes a variable available everywhere within the scope of the current test.</doc>
<status status="PASS" start="2024-04-16T00:10:14.598615" elapsed="0.000330"/>
</kw>
<status status="PASS" start="2024-04-16T00:10:14.529880" elapsed="0.069142"/>
</kw>
<kw name="Then the response status code should be 200" owner="test_keywords_users" source_name="Then the response status code should be ${status_code}">
<kw name="Should Be Equal As Numbers" owner="BuiltIn">
<msg time="2024-04-16T00:10:14.600018" level="INFO">Argument types are:
&lt;class 'int'&gt;
&lt;class 'str'&gt;</msg>
<arg>${response.status_code}</arg>
<arg>${status_code}</arg>
<doc>Fails if objects are unequal after converting them to real numbers.</doc>
<status status="PASS" start="2024-04-16T00:10:14.599508" elapsed="0.000576"/>
</kw>
<kw name="Should Be True" owner="BuiltIn">
<arg>${response.json()}</arg>
<doc>Fails if the given condition is not true.</doc>
<status status="PASS" start="2024-04-16T00:10:14.600230" elapsed="0.000501"/>
</kw>
<status status="PASS" start="2024-04-16T00:10:14.599204" elapsed="0.001605"/>
</kw>
<kw name="And the response body should not be empty" owner="test_keywords_users">
<kw name="Should Not Be Empty" owner="BuiltIn">
<msg time="2024-04-16T00:10:14.601672" level="INFO">Length is 1.</msg>
<arg>${response.json()}</arg>
<doc>Verifies that the given item is not empty.</doc>
<status status="PASS" start="2024-04-16T00:10:14.601236" elapsed="0.000487"/>
</kw>
<status status="PASS" start="2024-04-16T00:10:14.600971" elapsed="0.000827"/>
</kw>
<tag>api</tag>
<status status="PASS" start="2024-04-16T00:10:14.528335" elapsed="0.073584"/>
</test>
<status status="PASS" start="2024-04-16T00:10:13.367432" elapsed="1.235091"/>
</suite>
<status status="PASS" start="2024-04-16T00:10:13.366453" elapsed="1.236873"/>
</suite>
<suite id="s1-s2" name="E2E" source="/home/runner/work/gen-ai-robot-test/gen-ai-robot-test/tests/e2e">
<suite id="s1-s2-s1" name="Test Ui Signup" source="/home/runner/work/gen-ai-robot-test/gen-ai-robot-test/tests/e2e/test_ui_signup.robot">
<test id="s1-s2-s1-t1" name="Scenario: Signup with empty fields" line="10">
<kw name="Before Tests" owner="test_keywords_common" type="SETUP">
<kw name="Open Browser" owner="SeleniumLibrary">
<msg time="2024-04-16T00:10:14.612430" level="INFO">Opening browser 'headless Chrome' to base url 'https://front.serverest.dev/'.</msg>
<arg>${SERVER_BASE_URL}</arg>
<arg>${HEADLESS} ${BROWSER}</arg>
<doc>Opens a new browser instance to the optional ``url``.</doc>
<status status="PASS" start="2024-04-16T00:10:14.612165" elapsed="27.035639"/>
</kw>
<kw name="Maximize Browser Window" owner="SeleniumLibrary">
<doc>Maximizes current browser window.</doc>
<status status="PASS" start="2024-04-16T00:10:41.648438" elapsed="0.104074"/>
</kw>
<status status="PASS" start="2024-04-16T00:10:14.611867" elapsed="27.140849"/>
</kw>
<kw name="Given Im on the signup page" owner="test_keywords_signup">
<kw name="Location Should Be" owner="SeleniumLibrary">
<msg time="2024-04-16T00:10:41.838636" level="INFO">Current location is 'https://front.serverest.dev/login'.</msg>
<arg>https://front.serverest.dev/login</arg>
<doc>Verifies that the current URL is exactly ``url``.</doc>
<status status="PASS" start="2024-04-16T00:10:41.753571" elapsed="0.085292"/>
</kw>
<kw name="Click Element" owner="SeleniumLibrary">
<msg time="2024-04-16T00:10:41.840062" level="INFO">Clicking element 'css=a.btn.btn-link'.</msg>
<arg>css=a.btn.btn-link</arg>
<doc>Click the element identified by ``locator``.</doc>
<status status="PASS" start="2024-04-16T00:10:41.839255" elapsed="0.336783"/>
</kw>
<status status="PASS" start="2024-04-16T00:10:41.753114" elapsed="0.423165"/>
</kw>
<kw name="When I click in signup" owner="test_keywords_signup">
<kw name="Click Button" owner="SeleniumLibrary">
<msg time="2024-04-16T00:10:42.177500" level="INFO">Clicking button 'css=.btn.btn-primary'.</msg>
<arg>css=.btn.btn-primary</arg>
<doc>Clicks the button identified by ``locator``.</doc>
<status status="PASS" start="2024-04-16T00:10:42.177188" elapsed="0.178109"/>
</kw>
<status status="PASS" start="2024-04-16T00:10:42.176669" elapsed="0.178820"/>
</kw>
<kw name="Then required field messages should be displayed" owner="test_keywords_signup">
<kw name="Wait Until Element Is Visible" owner="SeleniumLibrary">
<arg>css=.alert-dismissible</arg>
<arg>timeout=10s</arg>
<doc>Waits until the element ``locator`` is visible.</doc>
<status status="PASS" start="2024-04-16T00:10:42.356382" elapsed="0.427932"/>
</kw>
<kw name="Element Should Be Visible" owner="SeleniumLibrary">
<msg time="2024-04-16T00:10:42.796154" level="INFO">Element 'css=.alert-dismissible' is displayed.</msg>
<arg>css=.alert-dismissible</arg>
<doc>Verifies that the element identified by ``locator`` is visible.</doc>
<status status="PASS" start="2024-04-16T00:10:42.784682" elapsed="0.011546"/>
</kw>
<kw name="Page Should Contain" owner="SeleniumLibrary">
<msg time="2024-04-16T00:10:42.916414" level="INFO">Current page contains text 'Nome é obrigatório'.</msg>
<arg>Nome é obrigatório</arg>
<doc>Verifies that current page contains ``text``.</doc>
<status status="PASS" start="2024-04-16T00:10:42.796418" elapsed="0.120139"/>
</kw>
<kw name="Page Should Contain" owner="SeleniumLibrary">
<msg time="2024-04-16T00:10:42.926731" level="INFO">Current page contains text 'Email é obrigatório'.</msg>
<arg>Email é obrigatório</arg>
<doc>Verifies that current page contains ``text``.</doc>
<status status="PASS" start="2024-04-16T00:10:42.916805" elapsed="0.009996"/>
</kw>
<kw name="Page Should Contain" owner="SeleniumLibrary">
<msg time="2024-04-16T00:10:42.936254" level="INFO">Current page contains text 'Password é obrigatório'.</msg>
<arg>Password é obrigatório</arg>
<doc>Verifies that current page contains ``text``.</doc>
<status status="PASS" start="2024-04-16T00:10:42.926980" elapsed="0.009345"/>
</kw>
<status status="PASS" start="2024-04-16T00:10:42.355851" elapsed="0.580580"/>
</kw>
<kw name="After Tests" owner="test_keywords_common" type="TEARDOWN">
<kw name="Close Browser" owner="SeleniumLibrary">
<doc>Closes the current browser.</doc>
<status status="PASS" start="2024-04-16T00:10:42.937180" elapsed="0.061644"/>
</kw>
<status status="PASS" start="2024-04-16T00:10:42.936826" elapsed="0.062160"/>
</kw>
<tag>e2e</tag>
<status status="PASS" start="2024-04-16T00:10:14.611273" elapsed="28.387798"/>
</test>
<test id="s1-s2-s1-t2" name="Scenario: Signup done successfully" line="16">
<kw name="Before Tests" owner="test_keywords_common" type="SETUP">
<kw name="Open Browser" owner="SeleniumLibrary">
<msg time="2024-04-16T00:10:43.000901" level="INFO">Opening browser 'headless Chrome' to base url 'https://front.serverest.dev/'.</msg>
<arg>${SERVER_BASE_URL}</arg>
<arg>${HEADLESS} ${BROWSER}</arg>
<doc>Opens a new browser instance to the optional ``url``.</doc>
<status status="PASS" start="2024-04-16T00:10:43.000556" elapsed="0.937250"/>
</kw>
<kw name="Maximize Browser Window" owner="SeleniumLibrary">
<doc>Maximizes current browser window.</doc>
<status status="PASS" start="2024-04-16T00:10:43.938652" elapsed="0.104794"/>
</kw>
<status status="PASS" start="2024-04-16T00:10:43.000102" elapsed="1.043617"/>
</kw>
<kw name="Given Im on the signup page" owner="test_keywords_signup">
<kw name="Location Should Be" owner="SeleniumLibrary">
<msg time="2024-04-16T00:10:44.049455" level="INFO">Current location is 'https://front.serverest.dev/login'.</msg>
<arg>https://front.serverest.dev/login</arg>
<doc>Verifies that the current URL is exactly ``url``.</doc>
<status status="PASS" start="2024-04-16T00:10:44.045081" elapsed="0.004472"/>
</kw>
<kw name="Click Element" owner="SeleniumLibrary">
<msg time="2024-04-16T00:10:44.050075" level="INFO">Clicking element 'css=a.btn.btn-link'.</msg>
<arg>css=a.btn.btn-link</arg>
<doc>Click the element identified by ``locator``.</doc>
<status status="PASS" start="2024-04-16T00:10:44.049772" elapsed="0.120833"/>
</kw>
<status status="PASS" start="2024-04-16T00:10:44.044310" elapsed="0.126526"/>
</kw>
<kw name="And I fill in the signup fields with valid data" owner="test_keywords_signup">
<kw name="Name" owner="FakerLibrary">
<msg time="2024-04-16T00:10:44.172518" level="INFO">${name} = Jennifer Johnson</msg>
<var>${name}</var>
<doc>:example: 'John Doe'</doc>
<status status="PASS" start="2024-04-16T00:10:44.171804" elapsed="0.000755"/>
</kw>
<kw name="Email" owner="FakerLibrary">
<msg time="2024-04-16T00:10:44.173186" level="INFO">${email} = cindy55@example.net</msg>
<var>${email}</var>
<status status="PASS" start="2024-04-16T00:10:44.172758" elapsed="0.000483"/>
</kw>
<kw name="Password" owner="FakerLibrary">
<msg time="2024-04-16T00:10:44.173862" level="INFO">${password} = hBgFNnnOO6Fk</msg>
<var>${password}</var>
<arg>length=12</arg>
<arg>special_chars=False</arg>
<doc>Generate a random password of the specified ``length``.</doc>
<status status="PASS" start="2024-04-16T00:10:44.173444" elapsed="0.000463"/>
</kw>
<kw name="Input Text" owner="SeleniumLibrary">
<msg time="2024-04-16T00:10:44.174558" level="INFO">Typing text 'Jennifer Johnson' into text field 'id:nome'.</msg>
<arg>id:nome</arg>
<arg>${name}</arg>
<doc>Types the given ``text`` into the text field identified by ``locator``.</doc>
<status status="PASS" start="2024-04-16T00:10:44.174183" elapsed="0.238561"/>
</kw>
<kw name="Input Text" owner="SeleniumLibrary">
<msg time="2024-04-16T00:10:44.413425" level="INFO">Typing text 'cindy55@example.net' into text field 'id:email'.</msg>
<arg>id:email</arg>
<arg>${email}</arg>
<doc>Types the given ``text`` into the text field identified by ``locator``.</doc>
<status status="PASS" start="2024-04-16T00:10:44.413076" elapsed="0.242381"/>
</kw>
<kw name="Input Text" owner="SeleniumLibrary">
<msg time="2024-04-16T00:10:44.656314" level="INFO">Typing text 'hBgFNnnOO6Fk' into text field 'id:password'.</msg>
<arg>id:password</arg>
<arg>${password}</arg>
<doc>Types the given ``text`` into the text field identified by ``locator``.</doc>
<status status="PASS" start="2024-04-16T00:10:44.655906" elapsed="0.070599"/>
</kw>
<kw name="Select Checkbox" owner="SeleniumLibrary">
<msg time="2024-04-16T00:10:44.727145" level="INFO">Selecting checkbox 'id=administrador'.</msg>
<arg>id=administrador</arg>
<doc>Selects the checkbox identified by ``locator``.</doc>
<status status="PASS" start="2024-04-16T00:10:44.726849" elapsed="0.054445"/>
</kw>
<kw name="Set Suite Variable" owner="BuiltIn">
<msg time="2024-04-16T00:10:44.782189" level="INFO">${name} = Jennifer Johnson</msg>
<arg>${name}</arg>
<doc>Makes a variable available everywhere within the scope of the current suite.</doc>
<status status="PASS" start="2024-04-16T00:10:44.781671" elapsed="0.000601"/>
</kw>
<kw name="Set Suite Variable" owner="BuiltIn">
<msg time="2024-04-16T00:10:44.782912" level="INFO">${email} = cindy55@example.net</msg>
<arg>${email}</arg>
<doc>Makes a variable available everywhere within the scope of the current suite.</doc>
<status status="PASS" start="2024-04-16T00:10:44.782606" elapsed="0.000357"/>
</kw>
<kw name="Set Suite Variable" owner="BuiltIn">
<msg time="2024-04-16T00:10:44.783454" level="INFO">${password} = hBgFNnnOO6Fk</msg>
<arg>${password}</arg>
<doc>Makes a variable available everywhere within the scope of the current suite.</doc>
<status status="PASS" start="2024-04-16T00:10:44.783120" elapsed="0.000410"/>
</kw>
<status status="PASS" start="2024-04-16T00:10:44.171273" elapsed="0.612379"/>
</kw>
<kw name="When I click in signup" owner="test_keywords_signup">
<kw name="Click Button" owner="SeleniumLibrary">
<msg time="2024-04-16T00:10:44.784534" level="INFO">Clicking button 'css=.btn.btn-primary'.</msg>
<arg>css=.btn.btn-primary</arg>
<doc>Clicks the button identified by ``locator``.</doc>
<status status="PASS" start="2024-04-16T00:10:44.784273" elapsed="0.204131"/>
</kw>
<status status="PASS" start="2024-04-16T00:10:44.783915" elapsed="0.204748"/>
</kw>
<kw name="Then the page should contain the text &quot;Cadastro realizado com sucesso&quot;" owner="test_keywords_signup" source_name="Then the page should contain the text &quot;${expected_text}&quot;">
<kw name="Wait Until Element Is Visible" owner="SeleniumLibrary">
<arg>css=.alert-dismissible</arg>
<arg>timeout=10s</arg>
<doc>Waits until the element ``locator`` is visible.</doc>
<status status="PASS" start="2024-04-16T00:10:44.989690" elapsed="0.222383"/>
</kw>
<kw name="Element Should Be Visible" owner="SeleniumLibrary">
<msg time="2024-04-16T00:10:45.224014" level="INFO">Element 'css=.alert-dismissible' is displayed.</msg>
<arg>css=.alert-dismissible</arg>
<doc>Verifies that the element identified by ``locator`` is visible.</doc>
<status status="PASS" start="2024-04-16T00:10:45.212395" elapsed="0.011711"/>
</kw>
<kw name="Page Should Contain" owner="SeleniumLibrary">
<msg time="2024-04-16T00:10:45.234541" level="INFO">Current page contains text 'Cadastro realizado com sucesso'.</msg>
<arg>${expected_text}</arg>
<doc>Verifies that current page contains ``text``.</doc>
<status status="PASS" start="2024-04-16T00:10:45.224328" elapsed="0.010299"/>
</kw>
<status status="PASS" start="2024-04-16T00:10:44.989107" elapsed="0.245630"/>
</kw>
<kw name="After Tests" owner="test_keywords_common" type="TEARDOWN">
<kw name="Close Browser" owner="SeleniumLibrary">
<doc>Closes the current browser.</doc>
<status status="PASS" start="2024-04-16T00:10:45.235445" elapsed="0.061637"/>
</kw>
<status status="PASS" start="2024-04-16T00:10:45.235090" elapsed="0.062167"/>
</kw>
<tag>e2e</tag>
<status status="PASS" start="2024-04-16T00:10:42.999541" elapsed="2.297802"/>
</test>
<test id="s1-s2-s1-t3" name="Scenario: Signup with already used email" line="23">
<kw name="Before Tests" owner="test_keywords_common" type="SETUP">
<kw name="Open Browser" owner="SeleniumLibrary">
<msg time="2024-04-16T00:10:45.299057" level="INFO">Opening browser 'headless Chrome' to base url 'https://front.serverest.dev/'.</msg>
<arg>${SERVER_BASE_URL}</arg>
<arg>${HEADLESS} ${BROWSER}</arg>
<doc>Opens a new browser instance to the optional ``url``.</doc>
<status status="PASS" start="2024-04-16T00:10:45.298733" elapsed="0.939958"/>
</kw>
<kw name="Maximize Browser Window" owner="SeleniumLibrary">
<doc>Maximizes current browser window.</doc>
<status status="PASS" start="2024-04-16T00:10:46.239529" elapsed="0.104908"/>
</kw>
<status status="PASS" start="2024-04-16T00:10:45.298372" elapsed="1.046403"/>
</kw>
<kw name="Given Im on the signup page" owner="test_keywords_signup">
<kw name="Location Should Be" owner="SeleniumLibrary">
<msg time="2024-04-16T00:10:46.350509" level="INFO">Current location is 'https://front.serverest.dev/login'.</msg>
<arg>https://front.serverest.dev/login</arg>
<doc>Verifies that the current URL is exactly ``url``.</doc>
<status status="PASS" start="2024-04-16T00:10:46.346020" elapsed="0.004609"/>
</kw>
<kw name="Click Element" owner="SeleniumLibrary">
<msg time="2024-04-16T00:10:46.351328" level="INFO">Clicking element 'css=a.btn.btn-link'.</msg>
<arg>css=a.btn.btn-link</arg>
<doc>Click the element identified by ``locator``.</doc>
<status status="PASS" start="2024-04-16T00:10:46.350929" elapsed="0.098510"/>
</kw>
<status status="PASS" start="2024-04-16T00:10:46.345354" elapsed="0.104369"/>
</kw>
<kw name="And I fill in the signup fields with an email already registered" owner="test_keywords_signup">
<kw name="Input Text" owner="SeleniumLibrary">
<msg time="2024-04-16T00:10:46.451666" level="INFO">Typing text 'Jennifer Johnson' into text field 'id:nome'.</msg>
<arg>id:nome</arg>
<arg>${name}</arg>
<doc>Types the given ``text`` into the text field identified by ``locator``.</doc>
<status status="PASS" start="2024-04-16T00:10:46.450842" elapsed="0.163954"/>
</kw>
<kw name="Input Text" owner="SeleniumLibrary">
<msg time="2024-04-16T00:10:46.615604" level="INFO">Typing text 'cindy55@example.net' into text field 'id:email'.</msg>
<arg>id:email</arg>
<arg>${email}</arg>
<doc>Types the given ``text`` into the text field identified by ``locator``.</doc>
<status status="PASS" start="2024-04-16T00:10:46.615237" elapsed="0.078384"/>
</kw>
<kw name="Input Text" owner="SeleniumLibrary">
<msg time="2024-04-16T00:10:46.694318" level="INFO">Typing text 'hBgFNnnOO6Fk' into text field 'id:password'.</msg>
<arg>id:password</arg>
<arg>${password}</arg>
<doc>Types the given ``text`` into the text field identified by ``locator``.</doc>
<status status="PASS" start="2024-04-16T00:10:46.693960" elapsed="0.071021"/>
</kw>
<kw name="Select Checkbox" owner="SeleniumLibrary">
<msg time="2024-04-16T00:10:46.765674" level="INFO">Selecting checkbox 'id=administrador'.</msg>
<arg>id=administrador</arg>
<doc>Selects the checkbox identified by ``locator``.</doc>
<status status="PASS" start="2024-04-16T00:10:46.765375" elapsed="0.057868"/>
</kw>
<status status="PASS" start="2024-04-16T00:10:46.450220" elapsed="0.373218"/>
</kw>
<kw name="When I click in signup" owner="test_keywords_signup">
<kw name="Click Button" owner="SeleniumLibrary">
<msg time="2024-04-16T00:10:46.824441" level="INFO">Clicking button 'css=.btn.btn-primary'.</msg>
<arg>css=.btn.btn-primary</arg>
<doc>Clicks the button identified by ``locator``.</doc>
<status status="PASS" start="2024-04-16T00:10:46.824177" elapsed="0.051617"/>
</kw>
<status status="PASS" start="2024-04-16T00:10:46.823747" elapsed="0.052244"/>
</kw>
<kw name="Then the page should contain the text &quot;Este email já está sendo usado&quot;" owner="test_keywords_signup" source_name="Then the page should contain the text &quot;${expected_text}&quot;">
<kw name="Wait Until Element Is Visible" owner="SeleniumLibrary">
<arg>css=.alert-dismissible</arg>
<arg>timeout=10s</arg>
<doc>Waits until the element ``locator`` is visible.</doc>
<status status="PASS" start="2024-04-16T00:10:46.876868" elapsed="0.223673"/>
</kw>
<kw name="Element Should Be Visible" owner="SeleniumLibrary">
<msg time="2024-04-16T00:10:47.112781" level="INFO">Element 'css=.alert-dismissible' is displayed.</msg>
<arg>css=.alert-dismissible</arg>
<doc>Verifies that the element identified by ``locator`` is visible.</doc>
<status status="PASS" start="2024-04-16T00:10:47.100975" elapsed="0.011902"/>
</kw>
<kw name="Page Should Contain" owner="SeleniumLibrary">
<msg time="2024-04-16T00:10:47.125894" level="INFO">Current page contains text 'Este email já está sendo usado'.</msg>
<arg>${expected_text}</arg>
<doc>Verifies that current page contains ``text``.</doc>
<status status="PASS" start="2024-04-16T00:10:47.113121" elapsed="0.012881"/>
</kw>
<status status="PASS" start="2024-04-16T00:10:46.876349" elapsed="0.249790"/>
</kw>
<kw name="After Tests" owner="test_keywords_common" type="TEARDOWN">
<kw name="Close Browser" owner="SeleniumLibrary">
<doc>Closes the current browser.</doc>
<status status="PASS" start="2024-04-16T00:10:47.126950" elapsed="0.061887"/>
</kw>
<status status="PASS" start="2024-04-16T00:10:47.126551" elapsed="0.062596"/>
</kw>
<tag>e2e</tag>
<status status="PASS" start="2024-04-16T00:10:45.297818" elapsed="1.891463"/>
</test>
<status status="PASS" start="2024-04-16T00:10:14.605195" elapsed="32.584925"/>
</suite>
<status status="PASS" start="2024-04-16T00:10:14.603875" elapsed="32.587480"/>
</suite>
<status status="PASS" start="2024-04-16T00:10:13.346728" elapsed="33.845482"/>
</suite>
<statistics>
<total>
<stat pass="8" fail="0" skip="0">All Tests</stat>
</total>
<tag>
<stat pass="5" fail="0" skip="0">api</stat>
<stat pass="3" fail="0" skip="0">e2e</stat>
</tag>
<suite>
<stat pass="8" fail="0" skip="0" id="s1" name="Tests">Tests</stat>
<stat pass="5" fail="0" skip="0" id="s1-s1" name="Api">Tests.Api</stat>
<stat pass="5" fail="0" skip="0" id="s1-s1-s1" name="Test Api Users">Tests.Api.Test Api Users</stat>
<stat pass="3" fail="0" skip="0" id="s1-s2" name="E2E">Tests.E2E</stat>
<stat pass="3" fail="0" skip="0" id="s1-s2-s1" name="Test Ui Signup">Tests.E2E.Test Ui Signup</stat>
</suite>
</statistics>
<errors>
</errors>
</robot>
