<?xml version="1.0" encoding="UTF-8"?>
<robot generator="Robot 6.0.2 (Python 3.8.16 on linux)" generated="20230526 20:48:31.337" rpa="false" schemaversion="3">
<suite id="s1" name="Tests" source="/home/runner/work/gen-ai-robot-test/gen-ai-robot-test/tests">
<suite id="s1-s1" name="Api" source="/home/runner/work/gen-ai-robot-test/gen-ai-robot-test/tests/api">
<suite id="s1-s1-s1" name="Test Api Users" source="/home/runner/work/gen-ai-robot-test/gen-ai-robot-test/tests/api/test_api_users.robot">
<test id="s1-s1-s1-t1" name="Scenario: Get all registered users" line="9">
<kw name="Before Tests" library="test_keywords_common" type="SETUP">
<kw name="Create Session" library="RequestsLibrary">
<arg>serverest</arg>
<arg>${SERVER_BASE_URL}</arg>
<arg>disable_warnings=True</arg>
<doc>Create Session: create a HTTP session to a server</doc>
<msg timestamp="20230526 20:48:32.100" level="INFO">Creating Session using : alias=serverest, url=https://serverest.dev, headers={},                     cookies={}, auth=None, timeout=None, proxies=None, verify=False,                     debug=0 </msg>
<status status="PASS" starttime="20230526 20:48:32.100" endtime="20230526 20:48:32.101"/>
</kw>
<status status="PASS" starttime="20230526 20:48:32.099" endtime="20230526 20:48:32.101"/>
</kw>
<kw name="When I request the list of all registered users" library="test_keywords_users">
<kw name="GET On Session" library="RequestsLibrary">
<var>${response}</var>
<arg>serverest</arg>
<arg>${USERS_API_ENDPOINT}</arg>
<doc>Sends a GET request on a previously created HTTP Session.</doc>
<msg timestamp="20230526 20:48:32.332" level="INFO">GET Request : url=https://serverest.dev/usuarios 
 path_url=/usuarios 
 headers={'User-Agent': 'python-requests/2.31.0', 'Accept-Encoding': 'gzip, deflate', 'Accept': '*/*', 'Connection': 'keep-alive'} 
 body=None 
 </msg>
<msg timestamp="20230526 20:48:32.333" level="INFO">GET Response : url=https://serverest.dev/usuarios 
 status=200, reason=OK 
 headers={'access-control-allow-origin': '*', 'x-dns-prefetch-control': 'off', 'x-frame-options': 'SAMEORIGIN', 'strict-transport-security': 'max-age=15552000; includeSubDomains', 'x-download-options': 'noopen', 'x-content-type-options': 'nosniff', 'x-xss-protection': '1; mode=block', 'x-moesif-transaction-id': 'd15a8658-960e-4d2b-aa13-2da83f392ec3', 'content-type': 'application/json; charset=utf-8', 'X-Cloud-Trace-Context': '138b134e29d37336cbd29a663cd2f199;o=1', 'Date': 'Fri, 26 May 2023 20:48:32 GMT', 'Server': 'Google Frontend', 'Content-Length': '1325'} 
 body={
    "quantidade": 6,
    "usuarios": [
        {
            "nome": "Fulano da Silva",
            "email": "fulano@qa.com",
            "password": "teste",
            "administrador": "true",
            "_id": "0uxuPY0cbmQhpEz1"
        },
        {
            "nome": "Lawrence Hanson",
            "email": "michelle11@example.org",
            "password": "7feQ4sbxy6Ie",
            "administrador": "true",
            "_id": "MgBVcaaQYuq5SEYk"
        },
        {
            "nome": "sadas",
            "email": "mill2@mil.com",
            "password": "123",
            "administrador": "true",
            "_id": "OvyYUousDsG4JYeX"
        },
        {
            "nome": "Brendan George",
            "email": "leslie86@example.com",
            "password": "1GiqcZl305aG",
            "administrador": "true",
            "_id": "TMKqdrqnRTNFOyht"
        },
        {
            "nome": "Hayley Byrd",
            "email": "kimberlymartin@example.com",
            "password": "q78F3X1rG3oF",
            "administrador": "true",
            "_id": "bLBFKECXSYeoPEjz"
        },
        {
            "nome": "Kyle Cooper",
            "email": "yflores@example.org",
            "password": "k7JpINT2Qek2",
            "administrador": "true",
            "_id": "vbb2T2tN8byhWgGI"
        }
    ]
} 
 </msg>
<msg timestamp="20230526 20:48:32.333" level="INFO">${response} = &lt;Response [200]&gt;</msg>
<status status="PASS" starttime="20230526 20:48:32.101" endtime="20230526 20:48:32.333"/>
</kw>
<kw name="Set Test Variable" library="BuiltIn">
<arg>${response}</arg>
<doc>Makes a variable available everywhere within the scope of the current test.</doc>
<msg timestamp="20230526 20:48:32.334" level="INFO">${response} = &lt;Response [200]&gt;</msg>
<status status="PASS" starttime="20230526 20:48:32.333" endtime="20230526 20:48:32.334"/>
</kw>
<status status="PASS" starttime="20230526 20:48:32.101" endtime="20230526 20:48:32.334"/>
</kw>
<kw name="Then the response status code should be 200" library="test_keywords_users" sourcename="Then the response status code should be ${status_code}">
<kw name="Should Be Equal As Numbers" library="BuiltIn">
<arg>${response.status_code}</arg>
<arg>${status_code}</arg>
<doc>Fails if objects are unequal after converting them to real numbers.</doc>
<msg timestamp="20230526 20:48:32.335" level="INFO">Argument types are:
&lt;class 'int'&gt;
&lt;class 'str'&gt;</msg>
<status status="PASS" starttime="20230526 20:48:32.335" endtime="20230526 20:48:32.336"/>
</kw>
<kw name="Should Be True" library="BuiltIn">
<arg>${response.json()}</arg>
<doc>Fails if the given condition is not true.</doc>
<status status="PASS" starttime="20230526 20:48:32.336" endtime="20230526 20:48:32.337"/>
</kw>
<status status="PASS" starttime="20230526 20:48:32.334" endtime="20230526 20:48:32.337"/>
</kw>
<kw name="And the response body should not be empty" library="test_keywords_users">
<kw name="Should Not Be Empty" library="BuiltIn">
<arg>${response.json()}</arg>
<doc>Verifies that the given item is not empty.</doc>
<msg timestamp="20230526 20:48:32.338" level="INFO">Length is 2</msg>
<status status="PASS" starttime="20230526 20:48:32.337" endtime="20230526 20:48:32.338"/>
</kw>
<status status="PASS" starttime="20230526 20:48:32.337" endtime="20230526 20:48:32.338"/>
</kw>
<tag>api</tag>
<status status="PASS" starttime="20230526 20:48:32.098" endtime="20230526 20:48:32.338"/>
</test>
<test id="s1-s1-s1-t2" name="Scenario: Create a new user" line="15">
<kw name="Before Tests" library="test_keywords_common" type="SETUP">
<kw name="Create Session" library="RequestsLibrary">
<arg>serverest</arg>
<arg>${SERVER_BASE_URL}</arg>
<arg>disable_warnings=True</arg>
<doc>Create Session: create a HTTP session to a server</doc>
<msg timestamp="20230526 20:48:32.342" level="INFO">Creating Session using : alias=serverest, url=https://serverest.dev, headers={},                     cookies={}, auth=None, timeout=None, proxies=None, verify=False,                     debug=0 </msg>
<status status="PASS" starttime="20230526 20:48:32.342" endtime="20230526 20:48:32.342"/>
</kw>
<status status="PASS" starttime="20230526 20:48:32.341" endtime="20230526 20:48:32.343"/>
</kw>
<kw name="Given I have a valid user data" library="test_keywords_users">
<kw name="Name" library="FakerLibrary">
<var>${name}</var>
<doc>:example 'John Doe'</doc>
<msg timestamp="20230526 20:48:32.344" level="INFO">${name} = Janice Martinez DDS</msg>
<status status="PASS" starttime="20230526 20:48:32.343" endtime="20230526 20:48:32.344"/>
</kw>
<kw name="Email" library="FakerLibrary">
<var>${email}</var>
<msg timestamp="20230526 20:48:32.345" level="INFO">${email} = gcalhoun@example.net</msg>
<status status="PASS" starttime="20230526 20:48:32.344" endtime="20230526 20:48:32.345"/>
</kw>
<kw name="Password" library="FakerLibrary">
<var>${password}</var>
<arg>length=12</arg>
<arg>special_chars=False</arg>
<doc>Generate a random password of the specified ``length``.</doc>
<msg timestamp="20230526 20:48:32.346" level="INFO">${password} = 5A77xyrCMRi7</msg>
<status status="PASS" starttime="20230526 20:48:32.345" endtime="20230526 20:48:32.346"/>
</kw>
<kw name="Set Suite Variable" library="BuiltIn">
<arg>${name}</arg>
<doc>Makes a variable available everywhere within the scope of the current suite.</doc>
<msg timestamp="20230526 20:48:32.347" level="INFO">${name} = Janice Martinez DDS</msg>
<status status="PASS" starttime="20230526 20:48:32.346" endtime="20230526 20:48:32.347"/>
</kw>
<kw name="Set Suite Variable" library="BuiltIn">
<arg>${email}</arg>
<doc>Makes a variable available everywhere within the scope of the current suite.</doc>
<msg timestamp="20230526 20:48:32.347" level="INFO">${email} = gcalhoun@example.net</msg>
<status status="PASS" starttime="20230526 20:48:32.347" endtime="20230526 20:48:32.348"/>
</kw>
<kw name="Set Suite Variable" library="BuiltIn">
<arg>${password}</arg>
<doc>Makes a variable available everywhere within the scope of the current suite.</doc>
<msg timestamp="20230526 20:48:32.348" level="INFO">${password} = 5A77xyrCMRi7</msg>
<status status="PASS" starttime="20230526 20:48:32.348" endtime="20230526 20:48:32.348"/>
</kw>
<status status="PASS" starttime="20230526 20:48:32.343" endtime="20230526 20:48:32.349"/>
</kw>
<kw name="When I create the user" library="test_keywords_users">
<kw name="Create Dictionary" library="BuiltIn">
<var>${payload}</var>
<arg>nome=${name}</arg>
<arg>email=${email}</arg>
<arg>password=${password}</arg>
<arg>administrador=false</arg>
<doc>Creates and returns a dictionary based on the given ``items``.</doc>
<msg timestamp="20230526 20:48:32.350" level="INFO">${payload} = {'nome': 'Janice Martinez DDS', 'email': 'gcalhoun@example.net', 'password': '5A77xyrCMRi7', 'administrador': 'false'}</msg>
<status status="PASS" starttime="20230526 20:48:32.349" endtime="20230526 20:48:32.350"/>
</kw>
<kw name="Create Dictionary" library="BuiltIn">
<var>${headers}</var>
<arg>Content-Type=application/json</arg>
<doc>Creates and returns a dictionary based on the given ``items``.</doc>
<msg timestamp="20230526 20:48:32.351" level="INFO">${headers} = {'Content-Type': 'application/json'}</msg>
<status status="PASS" starttime="20230526 20:48:32.350" endtime="20230526 20:48:32.351"/>
</kw>
<kw name="POST On Session" library="RequestsLibrary">
<var>${response}</var>
<arg>serverest</arg>
<arg>${USERS_API_ENDPOINT}</arg>
<arg>json=${payload}</arg>
<arg>headers=${headers}</arg>
<doc>Sends a POST request on a previously created HTTP Session.</doc>
<msg timestamp="20230526 20:48:32.461" level="INFO">POST Request : url=https://serverest.dev/usuarios 
 path_url=/usuarios 
 headers={'User-Agent': 'python-requests/2.31.0', 'Accept-Encoding': 'gzip, deflate', 'Accept': '*/*', 'Connection': 'keep-alive', 'Content-Type': 'application/json', 'Content-Length': '118'} 
 body=b'{"nome": "Janice Martinez DDS", "email": "gcalhoun@example.net", "password": "5A77xyrCMRi7", "administrador": "false"}' 
 </msg>
<msg timestamp="20230526 20:48:32.461" level="INFO">POST Response : url=https://serverest.dev/usuarios 
 status=201, reason=Created 
 headers={'access-control-allow-origin': '*', 'x-dns-prefetch-control': 'off', 'x-frame-options': 'SAMEORIGIN', 'strict-transport-security': 'max-age=15552000; includeSubDomains', 'x-download-options': 'noopen', 'x-content-type-options': 'nosniff', 'x-xss-protection': '1; mode=block', 'x-moesif-transaction-id': '7ec76aab-a9e5-4263-8424-02653049ac66', 'content-type': 'application/json; charset=utf-8', 'X-Cloud-Trace-Context': 'a64bc9dc8f390f319c864b4b8cc9d2ce', 'Date': 'Fri, 26 May 2023 20:48:32 GMT', 'Server': 'Google Frontend', 'Content-Length': '82'} 
 body={
    "message": "Cadastro realizado com sucesso",
    "_id": "shO5M9smL7F4tMmg"
} 
 </msg>
<msg timestamp="20230526 20:48:32.461" level="INFO">${response} = &lt;Response [201]&gt;</msg>
<status status="PASS" starttime="20230526 20:48:32.351" endtime="20230526 20:48:32.461"/>
</kw>
<kw name="Set Variable" library="BuiltIn">
<var>${user_id}</var>
<arg>${response.json()['_id']}</arg>
<doc>Returns the given values which can then be assigned to a variables.</doc>
<msg timestamp="20230526 20:48:32.463" level="INFO">${user_id} = shO5M9smL7F4tMmg</msg>
<status status="PASS" starttime="20230526 20:48:32.462" endtime="20230526 20:48:32.463"/>
</kw>
<kw name="Set Global Variable" library="BuiltIn">
<arg>${USER_ID}</arg>
<arg>${user_id}</arg>
<doc>Makes a variable available globally in all tests and suites.</doc>
<msg timestamp="20230526 20:48:32.463" level="INFO">${USER_ID} = shO5M9smL7F4tMmg</msg>
<status status="PASS" starttime="20230526 20:48:32.463" endtime="20230526 20:48:32.463"/>
</kw>
<kw name="Set Test Variable" library="BuiltIn">
<arg>${response}</arg>
<doc>Makes a variable available everywhere within the scope of the current test.</doc>
<msg timestamp="20230526 20:48:32.464" level="INFO">${response} = &lt;Response [201]&gt;</msg>
<status status="PASS" starttime="20230526 20:48:32.464" endtime="20230526 20:48:32.464"/>
</kw>
<status status="PASS" starttime="20230526 20:48:32.349" endtime="20230526 20:48:32.464"/>
</kw>
<kw name="Then the response status code should be 201" library="test_keywords_users" sourcename="Then the response status code should be ${status_code}">
<kw name="Should Be Equal As Numbers" library="BuiltIn">
<arg>${response.status_code}</arg>
<arg>${status_code}</arg>
<doc>Fails if objects are unequal after converting them to real numbers.</doc>
<msg timestamp="20230526 20:48:32.465" level="INFO">Argument types are:
&lt;class 'int'&gt;
&lt;class 'str'&gt;</msg>
<status status="PASS" starttime="20230526 20:48:32.465" endtime="20230526 20:48:32.465"/>
</kw>
<kw name="Should Be True" library="BuiltIn">
<arg>${response.json()}</arg>
<doc>Fails if the given condition is not true.</doc>
<status status="PASS" starttime="20230526 20:48:32.466" endtime="20230526 20:48:32.466"/>
</kw>
<status status="PASS" starttime="20230526 20:48:32.464" endtime="20230526 20:48:32.466"/>
</kw>
<kw name="And the response body should not be empty" library="test_keywords_users">
<kw name="Should Not Be Empty" library="BuiltIn">
<arg>${response.json()}</arg>
<doc>Verifies that the given item is not empty.</doc>
<msg timestamp="20230526 20:48:32.469" level="INFO">Length is 2</msg>
<status status="PASS" starttime="20230526 20:48:32.467" endtime="20230526 20:48:32.469"/>
</kw>
<status status="PASS" starttime="20230526 20:48:32.467" endtime="20230526 20:48:32.470"/>
</kw>
<tag>api</tag>
<status status="PASS" starttime="20230526 20:48:32.339" endtime="20230526 20:48:32.470"/>
</test>
<test id="s1-s1-s1-t3" name="Scenario: Get a specific user informations" line="22">
<kw name="Before Tests" library="test_keywords_common" type="SETUP">
<kw name="Create Session" library="RequestsLibrary">
<arg>serverest</arg>
<arg>${SERVER_BASE_URL}</arg>
<arg>disable_warnings=True</arg>
<doc>Create Session: create a HTTP session to a server</doc>
<msg timestamp="20230526 20:48:32.474" level="INFO">Creating Session using : alias=serverest, url=https://serverest.dev, headers={},                     cookies={}, auth=None, timeout=None, proxies=None, verify=False,                     debug=0 </msg>
<status status="PASS" starttime="20230526 20:48:32.473" endtime="20230526 20:48:32.474"/>
</kw>
<status status="PASS" starttime="20230526 20:48:32.472" endtime="20230526 20:48:32.475"/>
</kw>
<kw name="When I request the created user" library="test_keywords_users">
<kw name="GET On Session" library="RequestsLibrary">
<var>${response}</var>
<arg>serverest</arg>
<arg>${USERS_API_ENDPOINT}/${USER_ID}</arg>
<doc>Sends a GET request on a previously created HTTP Session.</doc>
<msg timestamp="20230526 20:48:32.578" level="INFO">GET Request : url=https://serverest.dev/usuarios/shO5M9smL7F4tMmg 
 path_url=/usuarios/shO5M9smL7F4tMmg 
 headers={'User-Agent': 'python-requests/2.31.0', 'Accept-Encoding': 'gzip, deflate', 'Accept': '*/*', 'Connection': 'keep-alive'} 
 body=None 
 </msg>
<msg timestamp="20230526 20:48:32.578" level="INFO">GET Response : url=https://serverest.dev/usuarios/shO5M9smL7F4tMmg 
 status=200, reason=OK 
 headers={'access-control-allow-origin': '*', 'x-dns-prefetch-control': 'off', 'x-frame-options': 'SAMEORIGIN', 'strict-transport-security': 'max-age=15552000; includeSubDomains', 'x-download-options': 'noopen', 'x-content-type-options': 'nosniff', 'x-xss-protection': '1; mode=block', 'x-moesif-transaction-id': '3779784f-f74d-4b17-b6c9-5db846e73980', 'content-type': 'application/json; charset=utf-8', 'X-Cloud-Trace-Context': '4e79bffe02ef8a1a01372f05f6fa2212', 'Date': 'Fri, 26 May 2023 20:48:32 GMT', 'Server': 'Google Frontend', 'Content-Length': '167'} 
 body={
    "nome": "Janice Martinez DDS",
    "email": "gcalhoun@example.net",
    "password": "5A77xyrCMRi7",
    "administrador": "false",
    "_id": "shO5M9smL7F4tMmg"
} 
 </msg>
<msg timestamp="20230526 20:48:32.578" level="INFO">${response} = &lt;Response [200]&gt;</msg>
<status status="PASS" starttime="20230526 20:48:32.475" endtime="20230526 20:48:32.578"/>
</kw>
<kw name="Set Test Variable" library="BuiltIn">
<arg>${response}</arg>
<doc>Makes a variable available everywhere within the scope of the current test.</doc>
<msg timestamp="20230526 20:48:32.579" level="INFO">${response} = &lt;Response [200]&gt;</msg>
<status status="PASS" starttime="20230526 20:48:32.578" endtime="20230526 20:48:32.579"/>
</kw>
<status status="PASS" starttime="20230526 20:48:32.475" endtime="20230526 20:48:32.579"/>
</kw>
<kw name="Then the response status code should be 200" library="test_keywords_users" sourcename="Then the response status code should be ${status_code}">
<kw name="Should Be Equal As Numbers" library="BuiltIn">
<arg>${response.status_code}</arg>
<arg>${status_code}</arg>
<doc>Fails if objects are unequal after converting them to real numbers.</doc>
<msg timestamp="20230526 20:48:32.583" level="INFO">Argument types are:
&lt;class 'int'&gt;
&lt;class 'str'&gt;</msg>
<status status="PASS" starttime="20230526 20:48:32.582" endtime="20230526 20:48:32.583"/>
</kw>
<kw name="Should Be True" library="BuiltIn">
<arg>${response.json()}</arg>
<doc>Fails if the given condition is not true.</doc>
<status status="PASS" starttime="20230526 20:48:32.583" endtime="20230526 20:48:32.584"/>
</kw>
<status status="PASS" starttime="20230526 20:48:32.581" endtime="20230526 20:48:32.584"/>
</kw>
<kw name="And the response body should not be empty" library="test_keywords_users">
<kw name="Should Not Be Empty" library="BuiltIn">
<arg>${response.json()}</arg>
<doc>Verifies that the given item is not empty.</doc>
<msg timestamp="20230526 20:48:32.585" level="INFO">Length is 5</msg>
<status status="PASS" starttime="20230526 20:48:32.584" endtime="20230526 20:48:32.585"/>
</kw>
<status status="PASS" starttime="20230526 20:48:32.584" endtime="20230526 20:48:32.585"/>
</kw>
<tag>api</tag>
<status status="PASS" starttime="20230526 20:48:32.471" endtime="20230526 20:48:32.586"/>
</test>
<test id="s1-s1-s1-t4" name="Scenario: Update the created user" line="28">
<kw name="Before Tests" library="test_keywords_common" type="SETUP">
<kw name="Create Session" library="RequestsLibrary">
<arg>serverest</arg>
<arg>${SERVER_BASE_URL}</arg>
<arg>disable_warnings=True</arg>
<doc>Create Session: create a HTTP session to a server</doc>
<msg timestamp="20230526 20:48:32.588" level="INFO">Creating Session using : alias=serverest, url=https://serverest.dev, headers={},                     cookies={}, auth=None, timeout=None, proxies=None, verify=False,                     debug=0 </msg>
<status status="PASS" starttime="20230526 20:48:32.587" endtime="20230526 20:48:32.588"/>
</kw>
<status status="PASS" starttime="20230526 20:48:32.587" endtime="20230526 20:48:32.588"/>
</kw>
<kw name="When I update the created user" library="test_keywords_users">
<kw name="Create Dictionary" library="BuiltIn">
<var>${payload}</var>
<arg>nome=John Smith</arg>
<arg>email=john.smith@example.com</arg>
<arg>password=P@ssw0rd123</arg>
<arg>administrador=false</arg>
<doc>Creates and returns a dictionary based on the given ``items``.</doc>
<msg timestamp="20230526 20:48:32.589" level="INFO">${payload} = {'nome': 'John Smith', 'email': 'john.smith@example.com', 'password': 'P@ssw0rd123', 'administrador': 'false'}</msg>
<status status="PASS" starttime="20230526 20:48:32.589" endtime="20230526 20:48:32.589"/>
</kw>
<kw name="Create Dictionary" library="BuiltIn">
<var>${headers}</var>
<arg>Content-Type=application/json</arg>
<doc>Creates and returns a dictionary based on the given ``items``.</doc>
<msg timestamp="20230526 20:48:32.590" level="INFO">${headers} = {'Content-Type': 'application/json'}</msg>
<status status="PASS" starttime="20230526 20:48:32.589" endtime="20230526 20:48:32.590"/>
</kw>
<kw name="PUT On Session" library="RequestsLibrary">
<var>${response}</var>
<arg>serverest</arg>
<arg>${USERS_API_ENDPOINT}/${USER_ID}</arg>
<arg>json=${payload}</arg>
<arg>headers=${headers}</arg>
<doc>Sends a PUT request on a previously created HTTP Session.</doc>
<msg timestamp="20230526 20:48:32.688" level="INFO">PUT Request : url=https://serverest.dev/usuarios/shO5M9smL7F4tMmg 
 path_url=/usuarios/shO5M9smL7F4tMmg 
 headers={'User-Agent': 'python-requests/2.31.0', 'Accept-Encoding': 'gzip, deflate', 'Accept': '*/*', 'Connection': 'keep-alive', 'Content-Type': 'application/json', 'Content-Length': '110'} 
 body=b'{"nome": "John Smith", "email": "john.smith@example.com", "password": "P@ssw0rd123", "administrador": "false"}' 
 </msg>
<msg timestamp="20230526 20:48:32.688" level="INFO">PUT Response : url=https://serverest.dev/usuarios/shO5M9smL7F4tMmg 
 status=200, reason=OK 
 headers={'access-control-allow-origin': '*', 'x-dns-prefetch-control': 'off', 'x-frame-options': 'SAMEORIGIN', 'strict-transport-security': 'max-age=15552000; includeSubDomains', 'x-download-options': 'noopen', 'x-content-type-options': 'nosniff', 'x-xss-protection': '1; mode=block', 'x-moesif-transaction-id': '5da01050-1681-4037-b3d1-ed50d6f27af0', 'content-type': 'application/json; charset=utf-8', 'X-Cloud-Trace-Context': '2d314026309789d4fe1483fa441662ca', 'Date': 'Fri, 26 May 2023 20:48:32 GMT', 'Server': 'Google Frontend', 'Content-Length': '50'} 
 body={
    "message": "Registro alterado com sucesso"
} 
 </msg>
<msg timestamp="20230526 20:48:32.688" level="INFO">${response} = &lt;Response [200]&gt;</msg>
<status status="PASS" starttime="20230526 20:48:32.590" endtime="20230526 20:48:32.688"/>
</kw>
<kw name="Set Test Variable" library="BuiltIn">
<arg>${response}</arg>
<doc>Makes a variable available everywhere within the scope of the current test.</doc>
<msg timestamp="20230526 20:48:32.689" level="INFO">${response} = &lt;Response [200]&gt;</msg>
<status status="PASS" starttime="20230526 20:48:32.688" endtime="20230526 20:48:32.689"/>
</kw>
<status status="PASS" starttime="20230526 20:48:32.588" endtime="20230526 20:48:32.689"/>
</kw>
<kw name="Then the response status code should be 200" library="test_keywords_users" sourcename="Then the response status code should be ${status_code}">
<kw name="Should Be Equal As Numbers" library="BuiltIn">
<arg>${response.status_code}</arg>
<arg>${status_code}</arg>
<doc>Fails if objects are unequal after converting them to real numbers.</doc>
<msg timestamp="20230526 20:48:32.690" level="INFO">Argument types are:
&lt;class 'int'&gt;
&lt;class 'str'&gt;</msg>
<status status="PASS" starttime="20230526 20:48:32.689" endtime="20230526 20:48:32.691"/>
</kw>
<kw name="Should Be True" library="BuiltIn">
<arg>${response.json()}</arg>
<doc>Fails if the given condition is not true.</doc>
<status status="PASS" starttime="20230526 20:48:32.691" endtime="20230526 20:48:32.691"/>
</kw>
<status status="PASS" starttime="20230526 20:48:32.689" endtime="20230526 20:48:32.692"/>
</kw>
<kw name="And the response body should not be empty" library="test_keywords_users">
<kw name="Should Not Be Empty" library="BuiltIn">
<arg>${response.json()}</arg>
<doc>Verifies that the given item is not empty.</doc>
<msg timestamp="20230526 20:48:32.693" level="INFO">Length is 1</msg>
<status status="PASS" starttime="20230526 20:48:32.692" endtime="20230526 20:48:32.693"/>
</kw>
<status status="PASS" starttime="20230526 20:48:32.692" endtime="20230526 20:48:32.693"/>
</kw>
<tag>api</tag>
<status status="PASS" starttime="20230526 20:48:32.586" endtime="20230526 20:48:32.693"/>
</test>
<test id="s1-s1-s1-t5" name="Scenario: Delete the created user" line="34">
<kw name="Before Tests" library="test_keywords_common" type="SETUP">
<kw name="Create Session" library="RequestsLibrary">
<arg>serverest</arg>
<arg>${SERVER_BASE_URL}</arg>
<arg>disable_warnings=True</arg>
<doc>Create Session: create a HTTP session to a server</doc>
<msg timestamp="20230526 20:48:32.698" level="INFO">Creating Session using : alias=serverest, url=https://serverest.dev, headers={},                     cookies={}, auth=None, timeout=None, proxies=None, verify=False,                     debug=0 </msg>
<status status="PASS" starttime="20230526 20:48:32.698" endtime="20230526 20:48:32.699"/>
</kw>
<status status="PASS" starttime="20230526 20:48:32.697" endtime="20230526 20:48:32.699"/>
</kw>
<kw name="When I delete the created user" library="test_keywords_users">
<kw name="DELETE On Session" library="RequestsLibrary">
<var>${response}</var>
<arg>serverest</arg>
<arg>${USERS_API_ENDPOINT}/${USER_ID}</arg>
<doc>Sends a DELETE request on a previously created HTTP Session.</doc>
<msg timestamp="20230526 20:48:32.799" level="INFO">DELETE Request : url=https://serverest.dev/usuarios/shO5M9smL7F4tMmg 
 path_url=/usuarios/shO5M9smL7F4tMmg 
 headers={'User-Agent': 'python-requests/2.31.0', 'Accept-Encoding': 'gzip, deflate', 'Accept': '*/*', 'Connection': 'keep-alive', 'Content-Length': '0'} 
 body=None 
 </msg>
<msg timestamp="20230526 20:48:32.799" level="INFO">DELETE Response : url=https://serverest.dev/usuarios/shO5M9smL7F4tMmg 
 status=200, reason=OK 
 headers={'access-control-allow-origin': '*', 'x-dns-prefetch-control': 'off', 'x-frame-options': 'SAMEORIGIN', 'strict-transport-security': 'max-age=15552000; includeSubDomains', 'x-download-options': 'noopen', 'x-content-type-options': 'nosniff', 'x-xss-protection': '1; mode=block', 'x-moesif-transaction-id': '94f623e3-4676-4d3c-aa65-be665e2f4462', 'content-type': 'application/json; charset=utf-8', 'X-Cloud-Trace-Context': 'f484b5df6c10e3a30e2d535f0eb211e8', 'Date': 'Fri, 26 May 2023 20:48:32 GMT', 'Server': 'Google Frontend', 'Content-Length': '51'} 
 body={
    "message": "Registro excluído com sucesso"
} 
 </msg>
<msg timestamp="20230526 20:48:32.799" level="INFO">${response} = &lt;Response [200]&gt;</msg>
<status status="PASS" starttime="20230526 20:48:32.700" endtime="20230526 20:48:32.799"/>
</kw>
<kw name="Set Test Variable" library="BuiltIn">
<arg>${response}</arg>
<doc>Makes a variable available everywhere within the scope of the current test.</doc>
<msg timestamp="20230526 20:48:32.800" level="INFO">${response} = &lt;Response [200]&gt;</msg>
<status status="PASS" starttime="20230526 20:48:32.800" endtime="20230526 20:48:32.800"/>
</kw>
<status status="PASS" starttime="20230526 20:48:32.699" endtime="20230526 20:48:32.800"/>
</kw>
<kw name="Then the response status code should be 200" library="test_keywords_users" sourcename="Then the response status code should be ${status_code}">
<kw name="Should Be Equal As Numbers" library="BuiltIn">
<arg>${response.status_code}</arg>
<arg>${status_code}</arg>
<doc>Fails if objects are unequal after converting them to real numbers.</doc>
<msg timestamp="20230526 20:48:32.804" level="INFO">Argument types are:
&lt;class 'int'&gt;
&lt;class 'str'&gt;</msg>
<status status="PASS" starttime="20230526 20:48:32.803" endtime="20230526 20:48:32.804"/>
</kw>
<kw name="Should Be True" library="BuiltIn">
<arg>${response.json()}</arg>
<doc>Fails if the given condition is not true.</doc>
<status status="PASS" starttime="20230526 20:48:32.804" endtime="20230526 20:48:32.805"/>
</kw>
<status status="PASS" starttime="20230526 20:48:32.800" endtime="20230526 20:48:32.805"/>
</kw>
<kw name="And the response body should not be empty" library="test_keywords_users">
<kw name="Should Not Be Empty" library="BuiltIn">
<arg>${response.json()}</arg>
<doc>Verifies that the given item is not empty.</doc>
<msg timestamp="20230526 20:48:32.806" level="INFO">Length is 1</msg>
<status status="PASS" starttime="20230526 20:48:32.806" endtime="20230526 20:48:32.806"/>
</kw>
<status status="PASS" starttime="20230526 20:48:32.805" endtime="20230526 20:48:32.807"/>
</kw>
<tag>api</tag>
<status status="PASS" starttime="20230526 20:48:32.697" endtime="20230526 20:48:32.807"/>
</test>
<status status="PASS" starttime="20230526 20:48:31.368" endtime="20230526 20:48:32.808"/>
</suite>
<status status="PASS" starttime="20230526 20:48:31.366" endtime="20230526 20:48:32.810"/>
</suite>
<suite id="s1-s2" name="Ui" source="/home/runner/work/gen-ai-robot-test/gen-ai-robot-test/tests/ui">
<suite id="s1-s2-s1" name="Test Ui Signup" source="/home/runner/work/gen-ai-robot-test/gen-ai-robot-test/tests/ui/test_ui_signup.robot">
<test id="s1-s2-s1-t1" name="Scenario: Signup with empty fields" line="10">
<kw name="Before Tests" library="test_keywords_common" type="SETUP">
<kw name="Open Browser" library="SeleniumLibrary">
<arg>${SERVER_BASE_URL}</arg>
<arg>${HEADLESS} ${BROWSER}</arg>
<doc>Opens a new browser instance to the optional ``url``.</doc>
<msg timestamp="20230526 20:48:32.825" level="INFO">Opening browser 'headless Chrome' to base url 'https://front.serverest.dev/'.</msg>
<status status="PASS" starttime="20230526 20:48:32.824" endtime="20230526 20:48:38.106"/>
</kw>
<kw name="Maximize Browser Window" library="SeleniumLibrary">
<doc>Maximizes current browser window.</doc>
<status status="PASS" starttime="20230526 20:48:38.106" endtime="20230526 20:48:38.225"/>
</kw>
<status status="PASS" starttime="20230526 20:48:32.824" endtime="20230526 20:48:38.226"/>
</kw>
<kw name="Given Im on the signup page" library="test_keywords_signup">
<kw name="Location Should Be" library="SeleniumLibrary">
<arg>https://front.serverest.dev/login</arg>
<doc>Verifies that the current URL is exactly ``url``.</doc>
<msg timestamp="20230526 20:48:38.233" level="INFO">Current location is 'https://front.serverest.dev/login'.</msg>
<status status="PASS" starttime="20230526 20:48:38.226" endtime="20230526 20:48:38.233"/>
</kw>
<kw name="Click Element" library="SeleniumLibrary">
<arg>css=a.btn.btn-link</arg>
<doc>Click the element identified by ``locator``.</doc>
<msg timestamp="20230526 20:48:38.235" level="INFO">Clicking element 'css=a.btn.btn-link'.</msg>
<status status="PASS" starttime="20230526 20:48:38.234" endtime="20230526 20:48:38.418"/>
</kw>
<status status="PASS" starttime="20230526 20:48:38.226" endtime="20230526 20:48:38.418"/>
</kw>
<kw name="When I click in signup" library="test_keywords_signup">
<kw name="Click Button" library="SeleniumLibrary">
<arg>css=.btn.btn-primary</arg>
<doc>Clicks the button identified by ``locator``.</doc>
<msg timestamp="20230526 20:48:38.419" level="INFO">Clicking button 'css=.btn.btn-primary'.</msg>
<status status="PASS" starttime="20230526 20:48:38.419" endtime="20230526 20:48:38.563"/>
</kw>
<status status="PASS" starttime="20230526 20:48:38.418" endtime="20230526 20:48:38.563"/>
</kw>
<kw name="Then required field messages should be displayed" library="test_keywords_signup">
<kw name="Wait Until Element Is Visible" library="SeleniumLibrary">
<arg>css=.alert-dismissible</arg>
<arg>timeout=10s</arg>
<doc>Waits until the element ``locator`` is visible.</doc>
<status status="PASS" starttime="20230526 20:48:38.564" endtime="20230526 20:48:38.828"/>
</kw>
<kw name="Element Should Be Visible" library="SeleniumLibrary">
<arg>css=.alert-dismissible</arg>
<doc>Verifies that the element identified by ``locator`` is visible.</doc>
<msg timestamp="20230526 20:48:38.856" level="INFO">Element 'css=.alert-dismissible' is displayed.</msg>
<status status="PASS" starttime="20230526 20:48:38.828" endtime="20230526 20:48:38.856"/>
</kw>
<kw name="Page Should Contain" library="SeleniumLibrary">
<arg>Nome é obrigatório</arg>
<doc>Verifies that current page contains ``text``.</doc>
<msg timestamp="20230526 20:48:38.900" level="INFO">Current page contains text 'Nome é obrigatório'.</msg>
<status status="PASS" starttime="20230526 20:48:38.856" endtime="20230526 20:48:38.901"/>
</kw>
<kw name="Page Should Contain" library="SeleniumLibrary">
<arg>Email é obrigatório</arg>
<doc>Verifies that current page contains ``text``.</doc>
<msg timestamp="20230526 20:48:38.920" level="INFO">Current page contains text 'Email é obrigatório'.</msg>
<status status="PASS" starttime="20230526 20:48:38.901" endtime="20230526 20:48:38.920"/>
</kw>
<kw name="Page Should Contain" library="SeleniumLibrary">
<arg>Password é obrigatório</arg>
<doc>Verifies that current page contains ``text``.</doc>
<msg timestamp="20230526 20:48:38.944" level="INFO">Current page contains text 'Password é obrigatório'.</msg>
<status status="PASS" starttime="20230526 20:48:38.920" endtime="20230526 20:48:38.944"/>
</kw>
<status status="PASS" starttime="20230526 20:48:38.564" endtime="20230526 20:48:38.944"/>
</kw>
<kw name="After Tests" library="test_keywords_common" type="TEARDOWN">
<kw name="Close Browser" library="SeleniumLibrary">
<doc>Closes the current browser.</doc>
<status status="PASS" starttime="20230526 20:48:38.946" endtime="20230526 20:48:39.004"/>
</kw>
<status status="PASS" starttime="20230526 20:48:38.945" endtime="20230526 20:48:39.004"/>
</kw>
<tag>ui</tag>
<status status="PASS" starttime="20230526 20:48:32.823" endtime="20230526 20:48:39.004"/>
</test>
<test id="s1-s2-s1-t2" name="Scenario: Signup done successfully" line="16">
<kw name="Before Tests" library="test_keywords_common" type="SETUP">
<kw name="Open Browser" library="SeleniumLibrary">
<arg>${SERVER_BASE_URL}</arg>
<arg>${HEADLESS} ${BROWSER}</arg>
<doc>Opens a new browser instance to the optional ``url``.</doc>
<msg timestamp="20230526 20:48:39.007" level="INFO">Opening browser 'headless Chrome' to base url 'https://front.serverest.dev/'.</msg>
<status status="PASS" starttime="20230526 20:48:39.006" endtime="20230526 20:48:40.092"/>
</kw>
<kw name="Maximize Browser Window" library="SeleniumLibrary">
<doc>Maximizes current browser window.</doc>
<status status="PASS" starttime="20230526 20:48:40.093" endtime="20230526 20:48:40.198"/>
</kw>
<status status="PASS" starttime="20230526 20:48:39.006" endtime="20230526 20:48:40.199"/>
</kw>
<kw name="Given Im on the signup page" library="test_keywords_signup">
<kw name="Location Should Be" library="SeleniumLibrary">
<arg>https://front.serverest.dev/login</arg>
<doc>Verifies that the current URL is exactly ``url``.</doc>
<msg timestamp="20230526 20:48:40.211" level="INFO">Current location is 'https://front.serverest.dev/login'.</msg>
<status status="PASS" starttime="20230526 20:48:40.199" endtime="20230526 20:48:40.211"/>
</kw>
<kw name="Click Element" library="SeleniumLibrary">
<arg>css=a.btn.btn-link</arg>
<doc>Click the element identified by ``locator``.</doc>
<msg timestamp="20230526 20:48:40.212" level="INFO">Clicking element 'css=a.btn.btn-link'.</msg>
<status status="PASS" starttime="20230526 20:48:40.211" endtime="20230526 20:48:40.299"/>
</kw>
<status status="PASS" starttime="20230526 20:48:40.199" endtime="20230526 20:48:40.300"/>
</kw>
<kw name="And I fill in the signup fields with valid data" library="test_keywords_signup">
<kw name="Name" library="FakerLibrary">
<var>${name}</var>
<doc>:example 'John Doe'</doc>
<msg timestamp="20230526 20:48:40.301" level="INFO">${name} = Cody Valentine</msg>
<status status="PASS" starttime="20230526 20:48:40.300" endtime="20230526 20:48:40.301"/>
</kw>
<kw name="Email" library="FakerLibrary">
<var>${email}</var>
<msg timestamp="20230526 20:48:40.302" level="INFO">${email} = todd72@example.org</msg>
<status status="PASS" starttime="20230526 20:48:40.301" endtime="20230526 20:48:40.302"/>
</kw>
<kw name="Password" library="FakerLibrary">
<var>${password}</var>
<arg>length=12</arg>
<arg>special_chars=False</arg>
<doc>Generate a random password of the specified ``length``.</doc>
<msg timestamp="20230526 20:48:40.303" level="INFO">${password} = do58Eoup2qUy</msg>
<status status="PASS" starttime="20230526 20:48:40.302" endtime="20230526 20:48:40.303"/>
</kw>
<kw name="Input Text" library="SeleniumLibrary">
<arg>id:nome</arg>
<arg>${name}</arg>
<doc>Types the given ``text`` into the text field identified by ``locator``.</doc>
<msg timestamp="20230526 20:48:40.304" level="INFO">Typing text 'Cody Valentine' into text field 'id:nome'.</msg>
<status status="PASS" starttime="20230526 20:48:40.303" endtime="20230526 20:48:40.546"/>
</kw>
<kw name="Input Text" library="SeleniumLibrary">
<arg>id:email</arg>
<arg>${email}</arg>
<doc>Types the given ``text`` into the text field identified by ``locator``.</doc>
<msg timestamp="20230526 20:48:40.547" level="INFO">Typing text 'todd72@example.org' into text field 'id:email'.</msg>
<status status="PASS" starttime="20230526 20:48:40.546" endtime="20230526 20:48:40.696"/>
</kw>
<kw name="Input Text" library="SeleniumLibrary">
<arg>id:password</arg>
<arg>${password}</arg>
<doc>Types the given ``text`` into the text field identified by ``locator``.</doc>
<msg timestamp="20230526 20:48:40.697" level="INFO">Typing text 'do58Eoup2qUy' into text field 'id:password'.</msg>
<status status="PASS" starttime="20230526 20:48:40.697" endtime="20230526 20:48:40.857"/>
</kw>
<kw name="Select Checkbox" library="SeleniumLibrary">
<arg>id=administrador</arg>
<doc>Selects the checkbox identified by ``locator``.</doc>
<msg timestamp="20230526 20:48:40.858" level="INFO">Selecting checkbox 'id=administrador'.</msg>
<status status="PASS" starttime="20230526 20:48:40.857" endtime="20230526 20:48:40.965"/>
</kw>
<kw name="Set Suite Variable" library="BuiltIn">
<arg>${name}</arg>
<doc>Makes a variable available everywhere within the scope of the current suite.</doc>
<msg timestamp="20230526 20:48:40.966" level="INFO">${name} = Cody Valentine</msg>
<status status="PASS" starttime="20230526 20:48:40.965" endtime="20230526 20:48:40.966"/>
</kw>
<kw name="Set Suite Variable" library="BuiltIn">
<arg>${email}</arg>
<doc>Makes a variable available everywhere within the scope of the current suite.</doc>
<msg timestamp="20230526 20:48:40.966" level="INFO">${email} = todd72@example.org</msg>
<status status="PASS" starttime="20230526 20:48:40.966" endtime="20230526 20:48:40.966"/>
</kw>
<kw name="Set Suite Variable" library="BuiltIn">
<arg>${password}</arg>
<doc>Makes a variable available everywhere within the scope of the current suite.</doc>
<msg timestamp="20230526 20:48:40.967" level="INFO">${password} = do58Eoup2qUy</msg>
<status status="PASS" starttime="20230526 20:48:40.967" endtime="20230526 20:48:40.967"/>
</kw>
<status status="PASS" starttime="20230526 20:48:40.300" endtime="20230526 20:48:40.967"/>
</kw>
<kw name="When I click in signup" library="test_keywords_signup">
<kw name="Click Button" library="SeleniumLibrary">
<arg>css=.btn.btn-primary</arg>
<doc>Clicks the button identified by ``locator``.</doc>
<msg timestamp="20230526 20:48:40.968" level="INFO">Clicking button 'css=.btn.btn-primary'.</msg>
<status status="PASS" starttime="20230526 20:48:40.968" endtime="20230526 20:48:41.054"/>
</kw>
<status status="PASS" starttime="20230526 20:48:40.967" endtime="20230526 20:48:41.055"/>
</kw>
<kw name="Then the page should contain the text &quot;Cadastro realizado com sucesso&quot;" library="test_keywords_signup" sourcename="Then the page should contain the text &quot;${expected_text}&quot;">
<kw name="Wait Until Element Is Visible" library="SeleniumLibrary">
<arg>css=.alert-dismissible</arg>
<arg>timeout=10s</arg>
<doc>Waits until the element ``locator`` is visible.</doc>
<status status="PASS" starttime="20230526 20:48:41.056" endtime="20230526 20:48:41.308"/>
</kw>
<kw name="Element Should Be Visible" library="SeleniumLibrary">
<arg>css=.alert-dismissible</arg>
<doc>Verifies that the element identified by ``locator`` is visible.</doc>
<msg timestamp="20230526 20:48:41.332" level="INFO">Element 'css=.alert-dismissible' is displayed.</msg>
<status status="PASS" starttime="20230526 20:48:41.309" endtime="20230526 20:48:41.332"/>
</kw>
<kw name="Page Should Contain" library="SeleniumLibrary">
<arg>${expected_text}</arg>
<doc>Verifies that current page contains ``text``.</doc>
<msg timestamp="20230526 20:48:41.349" level="INFO">Current page contains text 'Cadastro realizado com sucesso'.</msg>
<status status="PASS" starttime="20230526 20:48:41.332" endtime="20230526 20:48:41.349"/>
</kw>
<status status="PASS" starttime="20230526 20:48:41.055" endtime="20230526 20:48:41.349"/>
</kw>
<kw name="After Tests" library="test_keywords_common" type="TEARDOWN">
<kw name="Close Browser" library="SeleniumLibrary">
<doc>Closes the current browser.</doc>
<status status="PASS" starttime="20230526 20:48:41.350" endtime="20230526 20:48:41.408"/>
</kw>
<status status="PASS" starttime="20230526 20:48:41.350" endtime="20230526 20:48:41.408"/>
</kw>
<tag>ui</tag>
<status status="PASS" starttime="20230526 20:48:39.005" endtime="20230526 20:48:41.408"/>
</test>
<test id="s1-s2-s1-t3" name="Scenario: Signup with already used email" line="23">
<kw name="Before Tests" library="test_keywords_common" type="SETUP">
<kw name="Open Browser" library="SeleniumLibrary">
<arg>${SERVER_BASE_URL}</arg>
<arg>${HEADLESS} ${BROWSER}</arg>
<doc>Opens a new browser instance to the optional ``url``.</doc>
<msg timestamp="20230526 20:48:41.411" level="INFO">Opening browser 'headless Chrome' to base url 'https://front.serverest.dev/'.</msg>
<status status="PASS" starttime="20230526 20:48:41.410" endtime="20230526 20:48:42.483"/>
</kw>
<kw name="Maximize Browser Window" library="SeleniumLibrary">
<doc>Maximizes current browser window.</doc>
<status status="PASS" starttime="20230526 20:48:42.484" endtime="20230526 20:48:42.589"/>
</kw>
<status status="PASS" starttime="20230526 20:48:41.409" endtime="20230526 20:48:42.590"/>
</kw>
<kw name="Given Im on the signup page" library="test_keywords_signup">
<kw name="Location Should Be" library="SeleniumLibrary">
<arg>https://front.serverest.dev/login</arg>
<doc>Verifies that the current URL is exactly ``url``.</doc>
<msg timestamp="20230526 20:48:42.597" level="INFO">Current location is 'https://front.serverest.dev/login'.</msg>
<status status="PASS" starttime="20230526 20:48:42.590" endtime="20230526 20:48:42.597"/>
</kw>
<kw name="Click Element" library="SeleniumLibrary">
<arg>css=a.btn.btn-link</arg>
<doc>Click the element identified by ``locator``.</doc>
<msg timestamp="20230526 20:48:42.598" level="INFO">Clicking element 'css=a.btn.btn-link'.</msg>
<status status="PASS" starttime="20230526 20:48:42.597" endtime="20230526 20:48:42.693"/>
</kw>
<status status="PASS" starttime="20230526 20:48:42.590" endtime="20230526 20:48:42.693"/>
</kw>
<kw name="And I fill in the signup fields with an email already registered" library="test_keywords_signup">
<kw name="Input Text" library="SeleniumLibrary">
<arg>id:nome</arg>
<arg>${name}</arg>
<doc>Types the given ``text`` into the text field identified by ``locator``.</doc>
<msg timestamp="20230526 20:48:42.695" level="INFO">Typing text 'Cody Valentine' into text field 'id:nome'.</msg>
<status status="PASS" starttime="20230526 20:48:42.694" endtime="20230526 20:48:42.911"/>
</kw>
<kw name="Input Text" library="SeleniumLibrary">
<arg>id:email</arg>
<arg>${email}</arg>
<doc>Types the given ``text`` into the text field identified by ``locator``.</doc>
<msg timestamp="20230526 20:48:42.912" level="INFO">Typing text 'todd72@example.org' into text field 'id:email'.</msg>
<status status="PASS" starttime="20230526 20:48:42.911" endtime="20230526 20:48:43.077"/>
</kw>
<kw name="Input Text" library="SeleniumLibrary">
<arg>id:password</arg>
<arg>${password}</arg>
<doc>Types the given ``text`` into the text field identified by ``locator``.</doc>
<msg timestamp="20230526 20:48:43.078" level="INFO">Typing text 'do58Eoup2qUy' into text field 'id:password'.</msg>
<status status="PASS" starttime="20230526 20:48:43.078" endtime="20230526 20:48:43.212"/>
</kw>
<kw name="Select Checkbox" library="SeleniumLibrary">
<arg>id=administrador</arg>
<doc>Selects the checkbox identified by ``locator``.</doc>
<msg timestamp="20230526 20:48:43.213" level="INFO">Selecting checkbox 'id=administrador'.</msg>
<status status="PASS" starttime="20230526 20:48:43.212" endtime="20230526 20:48:43.321"/>
</kw>
<status status="PASS" starttime="20230526 20:48:42.694" endtime="20230526 20:48:43.321"/>
</kw>
<kw name="When I click in signup" library="test_keywords_signup">
<kw name="Click Button" library="SeleniumLibrary">
<arg>css=.btn.btn-primary</arg>
<doc>Clicks the button identified by ``locator``.</doc>
<msg timestamp="20230526 20:48:43.322" level="INFO">Clicking button 'css=.btn.btn-primary'.</msg>
<status status="PASS" starttime="20230526 20:48:43.322" endtime="20230526 20:48:43.400"/>
</kw>
<status status="PASS" starttime="20230526 20:48:43.321" endtime="20230526 20:48:43.402"/>
</kw>
<kw name="Then the page should contain the text &quot;Este email já está sendo usado&quot;" library="test_keywords_signup" sourcename="Then the page should contain the text &quot;${expected_text}&quot;">
<kw name="Wait Until Element Is Visible" library="SeleniumLibrary">
<arg>css=.alert-dismissible</arg>
<arg>timeout=10s</arg>
<doc>Waits until the element ``locator`` is visible.</doc>
<status status="PASS" starttime="20230526 20:48:43.403" endtime="20230526 20:48:43.647"/>
</kw>
<kw name="Element Should Be Visible" library="SeleniumLibrary">
<arg>css=.alert-dismissible</arg>
<doc>Verifies that the element identified by ``locator`` is visible.</doc>
<msg timestamp="20230526 20:48:43.670" level="INFO">Element 'css=.alert-dismissible' is displayed.</msg>
<status status="PASS" starttime="20230526 20:48:43.648" endtime="20230526 20:48:43.670"/>
</kw>
<kw name="Page Should Contain" library="SeleniumLibrary">
<arg>${expected_text}</arg>
<doc>Verifies that current page contains ``text``.</doc>
<msg timestamp="20230526 20:48:43.687" level="INFO">Current page contains text 'Este email já está sendo usado'.</msg>
<status status="PASS" starttime="20230526 20:48:43.670" endtime="20230526 20:48:43.687"/>
</kw>
<status status="PASS" starttime="20230526 20:48:43.402" endtime="20230526 20:48:43.688"/>
</kw>
<kw name="After Tests" library="test_keywords_common" type="TEARDOWN">
<kw name="Close Browser" library="SeleniumLibrary">
<doc>Closes the current browser.</doc>
<status status="PASS" starttime="20230526 20:48:43.689" endtime="20230526 20:48:43.747"/>
</kw>
<status status="PASS" starttime="20230526 20:48:43.688" endtime="20230526 20:48:43.747"/>
</kw>
<tag>ui</tag>
<status status="PASS" starttime="20230526 20:48:41.409" endtime="20230526 20:48:43.747"/>
</test>
<status status="PASS" starttime="20230526 20:48:32.813" endtime="20230526 20:48:43.748"/>
</suite>
<status status="PASS" starttime="20230526 20:48:32.811" endtime="20230526 20:48:43.751"/>
</suite>
<status status="PASS" starttime="20230526 20:48:31.338" endtime="20230526 20:48:43.753"/>
</suite>
<statistics>
<total>
<stat pass="8" fail="0" skip="0">All Tests</stat>
</total>
<tag>
<stat pass="5" fail="0" skip="0">api</stat>
<stat pass="3" fail="0" skip="0">ui</stat>
</tag>
<suite>
<stat pass="8" fail="0" skip="0" id="s1" name="Tests">Tests</stat>
<stat pass="5" fail="0" skip="0" id="s1-s1" name="Api">Tests.Api</stat>
<stat pass="5" fail="0" skip="0" id="s1-s1-s1" name="Test Api Users">Tests.Api.Test Api Users</stat>
<stat pass="3" fail="0" skip="0" id="s1-s2" name="Ui">Tests.Ui</stat>
<stat pass="3" fail="0" skip="0" id="s1-s2-s1" name="Test Ui Signup">Tests.Ui.Test Ui Signup</stat>
</suite>
</statistics>
<errors>
</errors>
</robot>
