<?xml version="1.0" encoding="UTF-8"?>
<robot generator="Robot 6.1.1 (Python 3.8.18 on linux)" generated="20231226 00:10:30.855" rpa="false" schemaversion="4">
<suite id="s1" name="Tests" source="/home/runner/work/gen-ai-robot-test/gen-ai-robot-test/tests">
<suite id="s1-s1" name="Api" source="/home/runner/work/gen-ai-robot-test/gen-ai-robot-test/tests/api">
<suite id="s1-s1-s1" name="Test Api Users" source="/home/runner/work/gen-ai-robot-test/gen-ai-robot-test/tests/api/test_api_users.robot">
<test id="s1-s1-s1-t1" name="Scenario: Get all registered users" line="9">
<kw name="Before Tests" library="test_keywords_common" type="SETUP">
<kw name="Create Session" library="RequestsLibrary">
<arg>serverest</arg>
<arg>${SERVER_BASE_URL}</arg>
<arg>disable_warnings=True</arg>
<doc>Create Session: create a HTTP session to a server</doc>
<msg timestamp="20231226 00:10:31.390" level="INFO">Creating Session using : alias=serverest, url=https://serverest.dev, headers={},                     cookies={}, auth=None, timeout=None, proxies=None, verify=False,                     debug=0 </msg>
<status status="PASS" starttime="20231226 00:10:31.390" endtime="20231226 00:10:31.390"/>
</kw>
<status status="PASS" starttime="20231226 00:10:31.389" endtime="20231226 00:10:31.390"/>
</kw>
<kw name="When I request the list of all registered users" library="test_keywords_users">
<kw name="GET On Session" library="RequestsLibrary">
<var>${response}</var>
<arg>serverest</arg>
<arg>${USERS_API_ENDPOINT}</arg>
<doc>Sends a GET request on a previously created HTTP Session.</doc>
<msg timestamp="20231226 00:10:31.630" level="INFO">GET Request : url=https://serverest.dev/usuarios 
 path_url=/usuarios 
 headers={'User-Agent': 'python-requests/2.31.0', 'Accept-Encoding': 'gzip, deflate', 'Accept': '*/*', 'Connection': 'keep-alive'} 
 body=None 
 </msg>
<msg timestamp="20231226 00:10:31.630" level="INFO">GET Response : url=https://serverest.dev/usuarios 
 status=200, reason=OK 
 headers={'access-control-allow-origin': '*', 'x-dns-prefetch-control': 'off', 'x-frame-options': 'SAMEORIGIN', 'strict-transport-security': 'max-age=15552000; includeSubDomains', 'x-download-options': 'noopen', 'x-content-type-options': 'nosniff', 'x-xss-protection': '1; mode=block', 'content-type': 'application/json; charset=utf-8', 'X-Cloud-Trace-Context': '8e3e3e7a4bc9d3a6ae1c021f30778ed7;o=1', 'Date': 'Tue, 26 Dec 2023 00:10:31 GMT', 'Server': 'Google Frontend', 'Content-Length': '253'} 
 body={
    "quantidade": 1,
    "usuarios": [
        {
            "nome": "Fulano da Silva",
            "email": "fulano@qa.com",
            "password": "teste",
            "administrador": "true",
            "_id": "0uxuPY0cbmQhpEz1"
        }
    ]
} 
 </msg>
<msg timestamp="20231226 00:10:31.630" level="INFO">${response} = &lt;Response [200]&gt;</msg>
<status status="PASS" starttime="20231226 00:10:31.391" endtime="20231226 00:10:31.630"/>
</kw>
<kw name="Set Test Variable" library="BuiltIn">
<arg>${response}</arg>
<doc>Makes a variable available everywhere within the scope of the current test.</doc>
<msg timestamp="20231226 00:10:31.631" level="INFO">${response} = &lt;Response [200]&gt;</msg>
<status status="PASS" starttime="20231226 00:10:31.630" endtime="20231226 00:10:31.631"/>
</kw>
<status status="PASS" starttime="20231226 00:10:31.390" endtime="20231226 00:10:31.631"/>
</kw>
<kw name="Then the response status code should be 200" library="test_keywords_users" sourcename="Then the response status code should be ${status_code}">
<kw name="Should Be Equal As Numbers" library="BuiltIn">
<arg>${response.status_code}</arg>
<arg>${status_code}</arg>
<doc>Fails if objects are unequal after converting them to real numbers.</doc>
<msg timestamp="20231226 00:10:31.632" level="INFO">Argument types are:
&lt;class 'int'&gt;
&lt;class 'str'&gt;</msg>
<status status="PASS" starttime="20231226 00:10:31.631" endtime="20231226 00:10:31.632"/>
</kw>
<kw name="Should Be True" library="BuiltIn">
<arg>${response.json()}</arg>
<doc>Fails if the given condition is not true.</doc>
<status status="PASS" starttime="20231226 00:10:31.632" endtime="20231226 00:10:31.632"/>
</kw>
<status status="PASS" starttime="20231226 00:10:31.631" endtime="20231226 00:10:31.633"/>
</kw>
<kw name="And the response body should not be empty" library="test_keywords_users">
<kw name="Should Not Be Empty" library="BuiltIn">
<arg>${response.json()}</arg>
<doc>Verifies that the given item is not empty.</doc>
<msg timestamp="20231226 00:10:31.633" level="INFO">Length is 2</msg>
<status status="PASS" starttime="20231226 00:10:31.633" endtime="20231226 00:10:31.633"/>
</kw>
<status status="PASS" starttime="20231226 00:10:31.633" endtime="20231226 00:10:31.633"/>
</kw>
<tag>api</tag>
<status status="PASS" starttime="20231226 00:10:31.389" endtime="20231226 00:10:31.633"/>
</test>
<test id="s1-s1-s1-t2" name="Scenario: Create a new user" line="15">
<kw name="Before Tests" library="test_keywords_common" type="SETUP">
<kw name="Create Session" library="RequestsLibrary">
<arg>serverest</arg>
<arg>${SERVER_BASE_URL}</arg>
<arg>disable_warnings=True</arg>
<doc>Create Session: create a HTTP session to a server</doc>
<msg timestamp="20231226 00:10:31.635" level="INFO">Creating Session using : alias=serverest, url=https://serverest.dev, headers={},                     cookies={}, auth=None, timeout=None, proxies=None, verify=False,                     debug=0 </msg>
<status status="PASS" starttime="20231226 00:10:31.634" endtime="20231226 00:10:31.635"/>
</kw>
<status status="PASS" starttime="20231226 00:10:31.634" endtime="20231226 00:10:31.635"/>
</kw>
<kw name="Given I have a valid user data" library="test_keywords_users">
<kw name="Name" library="FakerLibrary">
<var>${name}</var>
<doc>:example: 'John Doe'</doc>
<msg timestamp="20231226 00:10:31.636" level="INFO">${name} = Christine Gordon</msg>
<status status="PASS" starttime="20231226 00:10:31.635" endtime="20231226 00:10:31.636"/>
</kw>
<kw name="Email" library="FakerLibrary">
<var>${email}</var>
<msg timestamp="20231226 00:10:31.636" level="INFO">${email} = arobles@example.com</msg>
<status status="PASS" starttime="20231226 00:10:31.636" endtime="20231226 00:10:31.636"/>
</kw>
<kw name="Password" library="FakerLibrary">
<var>${password}</var>
<arg>length=12</arg>
<arg>special_chars=False</arg>
<doc>Generate a random password of the specified ``length``.</doc>
<msg timestamp="20231226 00:10:31.636" level="INFO">${password} = gF3ZanJNaYQf</msg>
<status status="PASS" starttime="20231226 00:10:31.636" endtime="20231226 00:10:31.636"/>
</kw>
<kw name="Set Suite Variable" library="BuiltIn">
<arg>${name}</arg>
<doc>Makes a variable available everywhere within the scope of the current suite.</doc>
<msg timestamp="20231226 00:10:31.637" level="INFO">${name} = Christine Gordon</msg>
<status status="PASS" starttime="20231226 00:10:31.637" endtime="20231226 00:10:31.637"/>
</kw>
<kw name="Set Suite Variable" library="BuiltIn">
<arg>${email}</arg>
<doc>Makes a variable available everywhere within the scope of the current suite.</doc>
<msg timestamp="20231226 00:10:31.637" level="INFO">${email} = arobles@example.com</msg>
<status status="PASS" starttime="20231226 00:10:31.637" endtime="20231226 00:10:31.637"/>
</kw>
<kw name="Set Suite Variable" library="BuiltIn">
<arg>${password}</arg>
<doc>Makes a variable available everywhere within the scope of the current suite.</doc>
<msg timestamp="20231226 00:10:31.637" level="INFO">${password} = gF3ZanJNaYQf</msg>
<status status="PASS" starttime="20231226 00:10:31.637" endtime="20231226 00:10:31.637"/>
</kw>
<status status="PASS" starttime="20231226 00:10:31.635" endtime="20231226 00:10:31.638"/>
</kw>
<kw name="When I create the user" library="test_keywords_users">
<kw name="Create Dictionary" library="BuiltIn">
<var>${payload}</var>
<arg>nome=${name}</arg>
<arg>email=${email}</arg>
<arg>password=${password}</arg>
<arg>administrador=false</arg>
<doc>Creates and returns a dictionary based on the given ``items``.</doc>
<msg timestamp="20231226 00:10:31.638" level="INFO">${payload} = {'nome': 'Christine Gordon', 'email': 'arobles@example.com', 'password': 'gF3ZanJNaYQf', 'administrador': 'false'}</msg>
<status status="PASS" starttime="20231226 00:10:31.638" endtime="20231226 00:10:31.638"/>
</kw>
<kw name="Create Dictionary" library="BuiltIn">
<var>${headers}</var>
<arg>Content-Type=application/json</arg>
<doc>Creates and returns a dictionary based on the given ``items``.</doc>
<msg timestamp="20231226 00:10:31.639" level="INFO">${headers} = {'Content-Type': 'application/json'}</msg>
<status status="PASS" starttime="20231226 00:10:31.638" endtime="20231226 00:10:31.639"/>
</kw>
<kw name="POST On Session" library="RequestsLibrary">
<var>${response}</var>
<arg>serverest</arg>
<arg>${USERS_API_ENDPOINT}</arg>
<arg>json=${payload}</arg>
<arg>headers=${headers}</arg>
<doc>Sends a POST request on a previously created HTTP Session.</doc>
<msg timestamp="20231226 00:10:31.747" level="INFO">POST Request : url=https://serverest.dev/usuarios 
 path_url=/usuarios 
 headers={'User-Agent': 'python-requests/2.31.0', 'Accept-Encoding': 'gzip, deflate', 'Accept': '*/*', 'Connection': 'keep-alive', 'Content-Type': 'application/json', 'Content-Length': '114'} 
 body=b'{"nome": "Christine Gordon", "email": "arobles@example.com", "password": "gF3ZanJNaYQf", "administrador": "false"}' 
 </msg>
<msg timestamp="20231226 00:10:31.747" level="INFO">POST Response : url=https://serverest.dev/usuarios 
 status=201, reason=Created 
 headers={'access-control-allow-origin': '*', 'x-dns-prefetch-control': 'off', 'x-frame-options': 'SAMEORIGIN', 'strict-transport-security': 'max-age=15552000; includeSubDomains', 'x-download-options': 'noopen', 'x-content-type-options': 'nosniff', 'x-xss-protection': '1; mode=block', 'content-type': 'application/json; charset=utf-8', 'X-Cloud-Trace-Context': '68ffea2037c150a30448fc4e485764e3', 'Date': 'Tue, 26 Dec 2023 00:10:31 GMT', 'Server': 'Google Frontend', 'Content-Length': '82'} 
 body={
    "message": "Cadastro realizado com sucesso",
    "_id": "mDwXqPZ2H3BuTXMH"
} 
 </msg>
<msg timestamp="20231226 00:10:31.747" level="INFO">${response} = &lt;Response [201]&gt;</msg>
<status status="PASS" starttime="20231226 00:10:31.639" endtime="20231226 00:10:31.747"/>
</kw>
<kw name="Set Variable" library="BuiltIn">
<var>${user_id}</var>
<arg>${response.json()['_id']}</arg>
<doc>Returns the given values which can then be assigned to a variables.</doc>
<msg timestamp="20231226 00:10:31.748" level="INFO">${user_id} = mDwXqPZ2H3BuTXMH</msg>
<status status="PASS" starttime="20231226 00:10:31.747" endtime="20231226 00:10:31.748"/>
</kw>
<kw name="Set Global Variable" library="BuiltIn">
<arg>${USER_ID}</arg>
<arg>${user_id}</arg>
<doc>Makes a variable available globally in all tests and suites.</doc>
<msg timestamp="20231226 00:10:31.748" level="INFO">${USER_ID} = mDwXqPZ2H3BuTXMH</msg>
<status status="PASS" starttime="20231226 00:10:31.748" endtime="20231226 00:10:31.748"/>
</kw>
<kw name="Set Test Variable" library="BuiltIn">
<arg>${response}</arg>
<doc>Makes a variable available everywhere within the scope of the current test.</doc>
<msg timestamp="20231226 00:10:31.749" level="INFO">${response} = &lt;Response [201]&gt;</msg>
<status status="PASS" starttime="20231226 00:10:31.748" endtime="20231226 00:10:31.749"/>
</kw>
<status status="PASS" starttime="20231226 00:10:31.638" endtime="20231226 00:10:31.749"/>
</kw>
<kw name="Then the response status code should be 201" library="test_keywords_users" sourcename="Then the response status code should be ${status_code}">
<kw name="Should Be Equal As Numbers" library="BuiltIn">
<arg>${response.status_code}</arg>
<arg>${status_code}</arg>
<doc>Fails if objects are unequal after converting them to real numbers.</doc>
<msg timestamp="20231226 00:10:31.750" level="INFO">Argument types are:
&lt;class 'int'&gt;
&lt;class 'str'&gt;</msg>
<status status="PASS" starttime="20231226 00:10:31.749" endtime="20231226 00:10:31.750"/>
</kw>
<kw name="Should Be True" library="BuiltIn">
<arg>${response.json()}</arg>
<doc>Fails if the given condition is not true.</doc>
<status status="PASS" starttime="20231226 00:10:31.750" endtime="20231226 00:10:31.750"/>
</kw>
<status status="PASS" starttime="20231226 00:10:31.749" endtime="20231226 00:10:31.750"/>
</kw>
<kw name="And the response body should not be empty" library="test_keywords_users">
<kw name="Should Not Be Empty" library="BuiltIn">
<arg>${response.json()}</arg>
<doc>Verifies that the given item is not empty.</doc>
<msg timestamp="20231226 00:10:31.751" level="INFO">Length is 2</msg>
<status status="PASS" starttime="20231226 00:10:31.750" endtime="20231226 00:10:31.751"/>
</kw>
<status status="PASS" starttime="20231226 00:10:31.750" endtime="20231226 00:10:31.751"/>
</kw>
<tag>api</tag>
<status status="PASS" starttime="20231226 00:10:31.634" endtime="20231226 00:10:31.751"/>
</test>
<test id="s1-s1-s1-t3" name="Scenario: Get a specific user informations" line="22">
<kw name="Before Tests" library="test_keywords_common" type="SETUP">
<kw name="Create Session" library="RequestsLibrary">
<arg>serverest</arg>
<arg>${SERVER_BASE_URL}</arg>
<arg>disable_warnings=True</arg>
<doc>Create Session: create a HTTP session to a server</doc>
<msg timestamp="20231226 00:10:31.752" level="INFO">Creating Session using : alias=serverest, url=https://serverest.dev, headers={},                     cookies={}, auth=None, timeout=None, proxies=None, verify=False,                     debug=0 </msg>
<status status="PASS" starttime="20231226 00:10:31.752" endtime="20231226 00:10:31.752"/>
</kw>
<status status="PASS" starttime="20231226 00:10:31.752" endtime="20231226 00:10:31.752"/>
</kw>
<kw name="When I request the created user" library="test_keywords_users">
<kw name="GET On Session" library="RequestsLibrary">
<var>${response}</var>
<arg>serverest</arg>
<arg>${USERS_API_ENDPOINT}/${USER_ID}</arg>
<doc>Sends a GET request on a previously created HTTP Session.</doc>
<msg timestamp="20231226 00:10:31.855" level="INFO">GET Request : url=https://serverest.dev/usuarios/mDwXqPZ2H3BuTXMH 
 path_url=/usuarios/mDwXqPZ2H3BuTXMH 
 headers={'User-Agent': 'python-requests/2.31.0', 'Accept-Encoding': 'gzip, deflate', 'Accept': '*/*', 'Connection': 'keep-alive'} 
 body=None 
 </msg>
<msg timestamp="20231226 00:10:31.855" level="INFO">GET Response : url=https://serverest.dev/usuarios/mDwXqPZ2H3BuTXMH 
 status=200, reason=OK 
 headers={'access-control-allow-origin': '*', 'x-dns-prefetch-control': 'off', 'x-frame-options': 'SAMEORIGIN', 'strict-transport-security': 'max-age=15552000; includeSubDomains', 'x-download-options': 'noopen', 'x-content-type-options': 'nosniff', 'x-xss-protection': '1; mode=block', 'content-type': 'application/json; charset=utf-8', 'X-Cloud-Trace-Context': 'd68efe07ccc87f225e3ac27b63efa21b', 'Date': 'Tue, 26 Dec 2023 00:10:31 GMT', 'Server': 'Google Frontend', 'Content-Length': '163'} 
 body={
    "nome": "Christine Gordon",
    "email": "arobles@example.com",
    "password": "gF3ZanJNaYQf",
    "administrador": "false",
    "_id": "mDwXqPZ2H3BuTXMH"
} 
 </msg>
<msg timestamp="20231226 00:10:31.856" level="INFO">${response} = &lt;Response [200]&gt;</msg>
<status status="PASS" starttime="20231226 00:10:31.753" endtime="20231226 00:10:31.856"/>
</kw>
<kw name="Set Test Variable" library="BuiltIn">
<arg>${response}</arg>
<doc>Makes a variable available everywhere within the scope of the current test.</doc>
<msg timestamp="20231226 00:10:31.856" level="INFO">${response} = &lt;Response [200]&gt;</msg>
<status status="PASS" starttime="20231226 00:10:31.856" endtime="20231226 00:10:31.856"/>
</kw>
<status status="PASS" starttime="20231226 00:10:31.753" endtime="20231226 00:10:31.856"/>
</kw>
<kw name="Then the response status code should be 200" library="test_keywords_users" sourcename="Then the response status code should be ${status_code}">
<kw name="Should Be Equal As Numbers" library="BuiltIn">
<arg>${response.status_code}</arg>
<arg>${status_code}</arg>
<doc>Fails if objects are unequal after converting them to real numbers.</doc>
<msg timestamp="20231226 00:10:31.857" level="INFO">Argument types are:
&lt;class 'int'&gt;
&lt;class 'str'&gt;</msg>
<status status="PASS" starttime="20231226 00:10:31.857" endtime="20231226 00:10:31.857"/>
</kw>
<kw name="Should Be True" library="BuiltIn">
<arg>${response.json()}</arg>
<doc>Fails if the given condition is not true.</doc>
<status status="PASS" starttime="20231226 00:10:31.857" endtime="20231226 00:10:31.858"/>
</kw>
<status status="PASS" starttime="20231226 00:10:31.856" endtime="20231226 00:10:31.858"/>
</kw>
<kw name="And the response body should not be empty" library="test_keywords_users">
<kw name="Should Not Be Empty" library="BuiltIn">
<arg>${response.json()}</arg>
<doc>Verifies that the given item is not empty.</doc>
<msg timestamp="20231226 00:10:31.859" level="INFO">Length is 5</msg>
<status status="PASS" starttime="20231226 00:10:31.858" endtime="20231226 00:10:31.859"/>
</kw>
<status status="PASS" starttime="20231226 00:10:31.858" endtime="20231226 00:10:31.859"/>
</kw>
<tag>api</tag>
<status status="PASS" starttime="20231226 00:10:31.751" endtime="20231226 00:10:31.859"/>
</test>
<test id="s1-s1-s1-t4" name="Scenario: Update the created user" line="28">
<kw name="Before Tests" library="test_keywords_common" type="SETUP">
<kw name="Create Session" library="RequestsLibrary">
<arg>serverest</arg>
<arg>${SERVER_BASE_URL}</arg>
<arg>disable_warnings=True</arg>
<doc>Create Session: create a HTTP session to a server</doc>
<msg timestamp="20231226 00:10:31.860" level="INFO">Creating Session using : alias=serverest, url=https://serverest.dev, headers={},                     cookies={}, auth=None, timeout=None, proxies=None, verify=False,                     debug=0 </msg>
<status status="PASS" starttime="20231226 00:10:31.860" endtime="20231226 00:10:31.860"/>
</kw>
<status status="PASS" starttime="20231226 00:10:31.859" endtime="20231226 00:10:31.860"/>
</kw>
<kw name="When I update the created user" library="test_keywords_users">
<kw name="Create Dictionary" library="BuiltIn">
<var>${payload}</var>
<arg>nome=John Smith</arg>
<arg>email=john.smith@example.com</arg>
<arg>password=P@ssw0rd123</arg>
<arg>administrador=false</arg>
<doc>Creates and returns a dictionary based on the given ``items``.</doc>
<msg timestamp="20231226 00:10:31.861" level="INFO">${payload} = {'nome': 'John Smith', 'email': 'john.smith@example.com', 'password': 'P@ssw0rd123', 'administrador': 'false'}</msg>
<status status="PASS" starttime="20231226 00:10:31.860" endtime="20231226 00:10:31.861"/>
</kw>
<kw name="Create Dictionary" library="BuiltIn">
<var>${headers}</var>
<arg>Content-Type=application/json</arg>
<doc>Creates and returns a dictionary based on the given ``items``.</doc>
<msg timestamp="20231226 00:10:31.861" level="INFO">${headers} = {'Content-Type': 'application/json'}</msg>
<status status="PASS" starttime="20231226 00:10:31.861" endtime="20231226 00:10:31.861"/>
</kw>
<kw name="PUT On Session" library="RequestsLibrary">
<var>${response}</var>
<arg>serverest</arg>
<arg>${USERS_API_ENDPOINT}/${USER_ID}</arg>
<arg>json=${payload}</arg>
<arg>headers=${headers}</arg>
<doc>Sends a PUT request on a previously created HTTP Session.</doc>
<msg timestamp="20231226 00:10:31.960" level="INFO">PUT Request : url=https://serverest.dev/usuarios/mDwXqPZ2H3BuTXMH 
 path_url=/usuarios/mDwXqPZ2H3BuTXMH 
 headers={'User-Agent': 'python-requests/2.31.0', 'Accept-Encoding': 'gzip, deflate', 'Accept': '*/*', 'Connection': 'keep-alive', 'Content-Type': 'application/json', 'Content-Length': '110'} 
 body=b'{"nome": "John Smith", "email": "john.smith@example.com", "password": "P@ssw0rd123", "administrador": "false"}' 
 </msg>
<msg timestamp="20231226 00:10:31.960" level="INFO">PUT Response : url=https://serverest.dev/usuarios/mDwXqPZ2H3BuTXMH 
 status=200, reason=OK 
 headers={'access-control-allow-origin': '*', 'x-dns-prefetch-control': 'off', 'x-frame-options': 'SAMEORIGIN', 'strict-transport-security': 'max-age=15552000; includeSubDomains', 'x-download-options': 'noopen', 'x-content-type-options': 'nosniff', 'x-xss-protection': '1; mode=block', 'content-type': 'application/json; charset=utf-8', 'X-Cloud-Trace-Context': '5e0fdd372e1bf0b7038209d800d1a865', 'Date': 'Tue, 26 Dec 2023 00:10:31 GMT', 'Server': 'Google Frontend', 'Content-Length': '50'} 
 body={
    "message": "Registro alterado com sucesso"
} 
 </msg>
<msg timestamp="20231226 00:10:31.960" level="INFO">${response} = &lt;Response [200]&gt;</msg>
<status status="PASS" starttime="20231226 00:10:31.861" endtime="20231226 00:10:31.960"/>
</kw>
<kw name="Set Test Variable" library="BuiltIn">
<arg>${response}</arg>
<doc>Makes a variable available everywhere within the scope of the current test.</doc>
<msg timestamp="20231226 00:10:31.961" level="INFO">${response} = &lt;Response [200]&gt;</msg>
<status status="PASS" starttime="20231226 00:10:31.960" endtime="20231226 00:10:31.961"/>
</kw>
<status status="PASS" starttime="20231226 00:10:31.860" endtime="20231226 00:10:31.961"/>
</kw>
<kw name="Then the response status code should be 200" library="test_keywords_users" sourcename="Then the response status code should be ${status_code}">
<kw name="Should Be Equal As Numbers" library="BuiltIn">
<arg>${response.status_code}</arg>
<arg>${status_code}</arg>
<doc>Fails if objects are unequal after converting them to real numbers.</doc>
<msg timestamp="20231226 00:10:31.962" level="INFO">Argument types are:
&lt;class 'int'&gt;
&lt;class 'str'&gt;</msg>
<status status="PASS" starttime="20231226 00:10:31.961" endtime="20231226 00:10:31.962"/>
</kw>
<kw name="Should Be True" library="BuiltIn">
<arg>${response.json()}</arg>
<doc>Fails if the given condition is not true.</doc>
<status status="PASS" starttime="20231226 00:10:31.962" endtime="20231226 00:10:31.962"/>
</kw>
<status status="PASS" starttime="20231226 00:10:31.961" endtime="20231226 00:10:31.962"/>
</kw>
<kw name="And the response body should not be empty" library="test_keywords_users">
<kw name="Should Not Be Empty" library="BuiltIn">
<arg>${response.json()}</arg>
<doc>Verifies that the given item is not empty.</doc>
<msg timestamp="20231226 00:10:31.963" level="INFO">Length is 1</msg>
<status status="PASS" starttime="20231226 00:10:31.963" endtime="20231226 00:10:31.963"/>
</kw>
<status status="PASS" starttime="20231226 00:10:31.962" endtime="20231226 00:10:31.963"/>
</kw>
<tag>api</tag>
<status status="PASS" starttime="20231226 00:10:31.859" endtime="20231226 00:10:31.963"/>
</test>
<test id="s1-s1-s1-t5" name="Scenario: Delete the created user" line="34">
<kw name="Before Tests" library="test_keywords_common" type="SETUP">
<kw name="Create Session" library="RequestsLibrary">
<arg>serverest</arg>
<arg>${SERVER_BASE_URL}</arg>
<arg>disable_warnings=True</arg>
<doc>Create Session: create a HTTP session to a server</doc>
<msg timestamp="20231226 00:10:31.964" level="INFO">Creating Session using : alias=serverest, url=https://serverest.dev, headers={},                     cookies={}, auth=None, timeout=None, proxies=None, verify=False,                     debug=0 </msg>
<status status="PASS" starttime="20231226 00:10:31.964" endtime="20231226 00:10:31.965"/>
</kw>
<status status="PASS" starttime="20231226 00:10:31.964" endtime="20231226 00:10:31.965"/>
</kw>
<kw name="When I delete the created user" library="test_keywords_users">
<kw name="DELETE On Session" library="RequestsLibrary">
<var>${response}</var>
<arg>serverest</arg>
<arg>${USERS_API_ENDPOINT}/${USER_ID}</arg>
<doc>Sends a DELETE request on a previously created HTTP Session.</doc>
<msg timestamp="20231226 00:10:32.072" level="INFO">DELETE Request : url=https://serverest.dev/usuarios/mDwXqPZ2H3BuTXMH 
 path_url=/usuarios/mDwXqPZ2H3BuTXMH 
 headers={'User-Agent': 'python-requests/2.31.0', 'Accept-Encoding': 'gzip, deflate', 'Accept': '*/*', 'Connection': 'keep-alive', 'Content-Length': '0'} 
 body=None 
 </msg>
<msg timestamp="20231226 00:10:32.072" level="INFO">DELETE Response : url=https://serverest.dev/usuarios/mDwXqPZ2H3BuTXMH 
 status=200, reason=OK 
 headers={'access-control-allow-origin': '*', 'x-dns-prefetch-control': 'off', 'x-frame-options': 'SAMEORIGIN', 'strict-transport-security': 'max-age=15552000; includeSubDomains', 'x-download-options': 'noopen', 'x-content-type-options': 'nosniff', 'x-xss-protection': '1; mode=block', 'content-type': 'application/json; charset=utf-8', 'X-Cloud-Trace-Context': '2da14915d0ffe0f96c2310e1e6e1f07c', 'Date': 'Tue, 26 Dec 2023 00:10:32 GMT', 'Server': 'Google Frontend', 'Content-Length': '51'} 
 body={
    "message": "Registro excluído com sucesso"
} 
 </msg>
<msg timestamp="20231226 00:10:32.073" level="INFO">${response} = &lt;Response [200]&gt;</msg>
<status status="PASS" starttime="20231226 00:10:31.965" endtime="20231226 00:10:32.073"/>
</kw>
<kw name="Set Test Variable" library="BuiltIn">
<arg>${response}</arg>
<doc>Makes a variable available everywhere within the scope of the current test.</doc>
<msg timestamp="20231226 00:10:32.073" level="INFO">${response} = &lt;Response [200]&gt;</msg>
<status status="PASS" starttime="20231226 00:10:32.073" endtime="20231226 00:10:32.073"/>
</kw>
<status status="PASS" starttime="20231226 00:10:31.965" endtime="20231226 00:10:32.073"/>
</kw>
<kw name="Then the response status code should be 200" library="test_keywords_users" sourcename="Then the response status code should be ${status_code}">
<kw name="Should Be Equal As Numbers" library="BuiltIn">
<arg>${response.status_code}</arg>
<arg>${status_code}</arg>
<doc>Fails if objects are unequal after converting them to real numbers.</doc>
<msg timestamp="20231226 00:10:32.074" level="INFO">Argument types are:
&lt;class 'int'&gt;
&lt;class 'str'&gt;</msg>
<status status="PASS" starttime="20231226 00:10:32.073" endtime="20231226 00:10:32.074"/>
</kw>
<kw name="Should Be True" library="BuiltIn">
<arg>${response.json()}</arg>
<doc>Fails if the given condition is not true.</doc>
<status status="PASS" starttime="20231226 00:10:32.074" endtime="20231226 00:10:32.074"/>
</kw>
<status status="PASS" starttime="20231226 00:10:32.073" endtime="20231226 00:10:32.075"/>
</kw>
<kw name="And the response body should not be empty" library="test_keywords_users">
<kw name="Should Not Be Empty" library="BuiltIn">
<arg>${response.json()}</arg>
<doc>Verifies that the given item is not empty.</doc>
<msg timestamp="20231226 00:10:32.075" level="INFO">Length is 1</msg>
<status status="PASS" starttime="20231226 00:10:32.075" endtime="20231226 00:10:32.075"/>
</kw>
<status status="PASS" starttime="20231226 00:10:32.075" endtime="20231226 00:10:32.075"/>
</kw>
<tag>api</tag>
<status status="PASS" starttime="20231226 00:10:31.964" endtime="20231226 00:10:32.075"/>
</test>
<status status="PASS" starttime="20231226 00:10:30.874" endtime="20231226 00:10:32.076"/>
</suite>
<status status="PASS" starttime="20231226 00:10:30.873" endtime="20231226 00:10:32.077"/>
</suite>
<suite id="s1-s2" name="E2E" source="/home/runner/work/gen-ai-robot-test/gen-ai-robot-test/tests/e2e">
<suite id="s1-s2-s1" name="Test Ui Signup" source="/home/runner/work/gen-ai-robot-test/gen-ai-robot-test/tests/e2e/test_ui_signup.robot">
<test id="s1-s2-s1-t1" name="Scenario: Signup with empty fields" line="10">
<kw name="Before Tests" library="test_keywords_common" type="SETUP">
<kw name="Open Browser" library="SeleniumLibrary">
<arg>${SERVER_BASE_URL}</arg>
<arg>${HEADLESS} ${BROWSER}</arg>
<doc>Opens a new browser instance to the optional ``url``.</doc>
<msg timestamp="20231226 00:10:32.087" level="INFO">Opening browser 'headless Chrome' to base url 'https://front.serverest.dev/'.</msg>
<status status="PASS" starttime="20231226 00:10:32.086" endtime="20231226 00:10:38.803"/>
</kw>
<kw name="Maximize Browser Window" library="SeleniumLibrary">
<doc>Maximizes current browser window.</doc>
<status status="PASS" starttime="20231226 00:10:38.804" endtime="20231226 00:10:38.968"/>
</kw>
<status status="PASS" starttime="20231226 00:10:32.086" endtime="20231226 00:10:38.968"/>
</kw>
<kw name="Given Im on the signup page" library="test_keywords_signup">
<kw name="Location Should Be" library="SeleniumLibrary">
<arg>https://front.serverest.dev/login</arg>
<doc>Verifies that the current URL is exactly ``url``.</doc>
<msg timestamp="20231226 00:10:38.993" level="INFO">Current location is 'https://front.serverest.dev/login'.</msg>
<status status="PASS" starttime="20231226 00:10:38.968" endtime="20231226 00:10:38.993"/>
</kw>
<kw name="Click Element" library="SeleniumLibrary">
<arg>css=a.btn.btn-link</arg>
<doc>Click the element identified by ``locator``.</doc>
<msg timestamp="20231226 00:10:38.994" level="INFO">Clicking element 'css=a.btn.btn-link'.</msg>
<status status="PASS" starttime="20231226 00:10:38.993" endtime="20231226 00:10:39.151"/>
</kw>
<status status="PASS" starttime="20231226 00:10:38.968" endtime="20231226 00:10:39.151"/>
</kw>
<kw name="When I click in signup" library="test_keywords_signup">
<kw name="Click Button" library="SeleniumLibrary">
<arg>css=.btn.btn-primary</arg>
<doc>Clicks the button identified by ``locator``.</doc>
<msg timestamp="20231226 00:10:39.152" level="INFO">Clicking button 'css=.btn.btn-primary'.</msg>
<status status="PASS" starttime="20231226 00:10:39.152" endtime="20231226 00:10:39.433"/>
</kw>
<status status="PASS" starttime="20231226 00:10:39.151" endtime="20231226 00:10:39.433"/>
</kw>
<kw name="Then required field messages should be displayed" library="test_keywords_signup">
<kw name="Wait Until Element Is Visible" library="SeleniumLibrary">
<arg>css=.alert-dismissible</arg>
<arg>timeout=10s</arg>
<doc>Waits until the element ``locator`` is visible.</doc>
<status status="PASS" starttime="20231226 00:10:39.433" endtime="20231226 00:10:39.660"/>
</kw>
<kw name="Element Should Be Visible" library="SeleniumLibrary">
<arg>css=.alert-dismissible</arg>
<doc>Verifies that the element identified by ``locator`` is visible.</doc>
<msg timestamp="20231226 00:10:39.676" level="INFO">Element 'css=.alert-dismissible' is displayed.</msg>
<status status="PASS" starttime="20231226 00:10:39.660" endtime="20231226 00:10:39.677"/>
</kw>
<kw name="Page Should Contain" library="SeleniumLibrary">
<arg>Nome é obrigatório</arg>
<doc>Verifies that current page contains ``text``.</doc>
<msg timestamp="20231226 00:10:39.717" level="INFO">Current page contains text 'Nome é obrigatório'.</msg>
<status status="PASS" starttime="20231226 00:10:39.677" endtime="20231226 00:10:39.717"/>
</kw>
<kw name="Page Should Contain" library="SeleniumLibrary">
<arg>Email é obrigatório</arg>
<doc>Verifies that current page contains ``text``.</doc>
<msg timestamp="20231226 00:10:39.729" level="INFO">Current page contains text 'Email é obrigatório'.</msg>
<status status="PASS" starttime="20231226 00:10:39.717" endtime="20231226 00:10:39.729"/>
</kw>
<kw name="Page Should Contain" library="SeleniumLibrary">
<arg>Password é obrigatório</arg>
<doc>Verifies that current page contains ``text``.</doc>
<msg timestamp="20231226 00:10:39.739" level="INFO">Current page contains text 'Password é obrigatório'.</msg>
<status status="PASS" starttime="20231226 00:10:39.729" endtime="20231226 00:10:39.739"/>
</kw>
<status status="PASS" starttime="20231226 00:10:39.433" endtime="20231226 00:10:39.739"/>
</kw>
<kw name="After Tests" library="test_keywords_common" type="TEARDOWN">
<kw name="Close Browser" library="SeleniumLibrary">
<doc>Closes the current browser.</doc>
<status status="PASS" starttime="20231226 00:10:39.739" endtime="20231226 00:10:39.802"/>
</kw>
<status status="PASS" starttime="20231226 00:10:39.739" endtime="20231226 00:10:39.802"/>
</kw>
<tag>e2e</tag>
<status status="PASS" starttime="20231226 00:10:32.086" endtime="20231226 00:10:39.802"/>
</test>
<test id="s1-s2-s1-t2" name="Scenario: Signup done successfully" line="16">
<kw name="Before Tests" library="test_keywords_common" type="SETUP">
<kw name="Open Browser" library="SeleniumLibrary">
<arg>${SERVER_BASE_URL}</arg>
<arg>${HEADLESS} ${BROWSER}</arg>
<doc>Opens a new browser instance to the optional ``url``.</doc>
<msg timestamp="20231226 00:10:39.804" level="INFO">Opening browser 'headless Chrome' to base url 'https://front.serverest.dev/'.</msg>
<status status="PASS" starttime="20231226 00:10:39.804" endtime="20231226 00:10:40.972"/>
</kw>
<kw name="Maximize Browser Window" library="SeleniumLibrary">
<doc>Maximizes current browser window.</doc>
<status status="PASS" starttime="20231226 00:10:40.972" endtime="20231226 00:10:41.076"/>
</kw>
<status status="PASS" starttime="20231226 00:10:39.803" endtime="20231226 00:10:41.077"/>
</kw>
<kw name="Given Im on the signup page" library="test_keywords_signup">
<kw name="Location Should Be" library="SeleniumLibrary">
<arg>https://front.serverest.dev/login</arg>
<doc>Verifies that the current URL is exactly ``url``.</doc>
<msg timestamp="20231226 00:10:41.082" level="INFO">Current location is 'https://front.serverest.dev/login'.</msg>
<status status="PASS" starttime="20231226 00:10:41.077" endtime="20231226 00:10:41.082"/>
</kw>
<kw name="Click Element" library="SeleniumLibrary">
<arg>css=a.btn.btn-link</arg>
<doc>Click the element identified by ``locator``.</doc>
<msg timestamp="20231226 00:10:41.082" level="INFO">Clicking element 'css=a.btn.btn-link'.</msg>
<status status="PASS" starttime="20231226 00:10:41.082" endtime="20231226 00:10:41.191"/>
</kw>
<status status="PASS" starttime="20231226 00:10:41.077" endtime="20231226 00:10:41.191"/>
</kw>
<kw name="And I fill in the signup fields with valid data" library="test_keywords_signup">
<kw name="Name" library="FakerLibrary">
<var>${name}</var>
<doc>:example: 'John Doe'</doc>
<msg timestamp="20231226 00:10:41.192" level="INFO">${name} = Renee Smith</msg>
<status status="PASS" starttime="20231226 00:10:41.191" endtime="20231226 00:10:41.192"/>
</kw>
<kw name="Email" library="FakerLibrary">
<var>${email}</var>
<msg timestamp="20231226 00:10:41.193" level="INFO">${email} = jennifer68@example.org</msg>
<status status="PASS" starttime="20231226 00:10:41.192" endtime="20231226 00:10:41.193"/>
</kw>
<kw name="Password" library="FakerLibrary">
<var>${password}</var>
<arg>length=12</arg>
<arg>special_chars=False</arg>
<doc>Generate a random password of the specified ``length``.</doc>
<msg timestamp="20231226 00:10:41.193" level="INFO">${password} = rIHZo5nf03br</msg>
<status status="PASS" starttime="20231226 00:10:41.193" endtime="20231226 00:10:41.193"/>
</kw>
<kw name="Input Text" library="SeleniumLibrary">
<arg>id:nome</arg>
<arg>${name}</arg>
<doc>Types the given ``text`` into the text field identified by ``locator``.</doc>
<msg timestamp="20231226 00:10:41.194" level="INFO">Typing text 'Renee Smith' into text field 'id:nome'.</msg>
<status status="PASS" starttime="20231226 00:10:41.193" endtime="20231226 00:10:41.330"/>
</kw>
<kw name="Input Text" library="SeleniumLibrary">
<arg>id:email</arg>
<arg>${email}</arg>
<doc>Types the given ``text`` into the text field identified by ``locator``.</doc>
<msg timestamp="20231226 00:10:41.331" level="INFO">Typing text 'jennifer68@example.org' into text field 'id:email'.</msg>
<status status="PASS" starttime="20231226 00:10:41.330" endtime="20231226 00:10:41.421"/>
</kw>
<kw name="Input Text" library="SeleniumLibrary">
<arg>id:password</arg>
<arg>${password}</arg>
<doc>Types the given ``text`` into the text field identified by ``locator``.</doc>
<msg timestamp="20231226 00:10:41.422" level="INFO">Typing text 'rIHZo5nf03br' into text field 'id:password'.</msg>
<status status="PASS" starttime="20231226 00:10:41.422" endtime="20231226 00:10:41.491"/>
</kw>
<kw name="Select Checkbox" library="SeleniumLibrary">
<arg>id=administrador</arg>
<doc>Selects the checkbox identified by ``locator``.</doc>
<msg timestamp="20231226 00:10:41.492" level="INFO">Selecting checkbox 'id=administrador'.</msg>
<status status="PASS" starttime="20231226 00:10:41.491" endtime="20231226 00:10:41.547"/>
</kw>
<kw name="Set Suite Variable" library="BuiltIn">
<arg>${name}</arg>
<doc>Makes a variable available everywhere within the scope of the current suite.</doc>
<msg timestamp="20231226 00:10:41.547" level="INFO">${name} = Renee Smith</msg>
<status status="PASS" starttime="20231226 00:10:41.547" endtime="20231226 00:10:41.547"/>
</kw>
<kw name="Set Suite Variable" library="BuiltIn">
<arg>${email}</arg>
<doc>Makes a variable available everywhere within the scope of the current suite.</doc>
<msg timestamp="20231226 00:10:41.548" level="INFO">${email} = jennifer68@example.org</msg>
<status status="PASS" starttime="20231226 00:10:41.547" endtime="20231226 00:10:41.548"/>
</kw>
<kw name="Set Suite Variable" library="BuiltIn">
<arg>${password}</arg>
<doc>Makes a variable available everywhere within the scope of the current suite.</doc>
<msg timestamp="20231226 00:10:41.548" level="INFO">${password} = rIHZo5nf03br</msg>
<status status="PASS" starttime="20231226 00:10:41.548" endtime="20231226 00:10:41.548"/>
</kw>
<status status="PASS" starttime="20231226 00:10:41.191" endtime="20231226 00:10:41.548"/>
</kw>
<kw name="When I click in signup" library="test_keywords_signup">
<kw name="Click Button" library="SeleniumLibrary">
<arg>css=.btn.btn-primary</arg>
<doc>Clicks the button identified by ``locator``.</doc>
<msg timestamp="20231226 00:10:41.549" level="INFO">Clicking button 'css=.btn.btn-primary'.</msg>
<status status="PASS" starttime="20231226 00:10:41.548" endtime="20231226 00:10:41.593"/>
</kw>
<status status="PASS" starttime="20231226 00:10:41.548" endtime="20231226 00:10:41.593"/>
</kw>
<kw name="Then the page should contain the text &quot;Cadastro realizado com sucesso&quot;" library="test_keywords_signup" sourcename="Then the page should contain the text &quot;${expected_text}&quot;">
<kw name="Wait Until Element Is Visible" library="SeleniumLibrary">
<arg>css=.alert-dismissible</arg>
<arg>timeout=10s</arg>
<doc>Waits until the element ``locator`` is visible.</doc>
<status status="PASS" starttime="20231226 00:10:41.594" endtime="20231226 00:10:41.818"/>
</kw>
<kw name="Element Should Be Visible" library="SeleniumLibrary">
<arg>css=.alert-dismissible</arg>
<doc>Verifies that the element identified by ``locator`` is visible.</doc>
<msg timestamp="20231226 00:10:41.832" level="INFO">Element 'css=.alert-dismissible' is displayed.</msg>
<status status="PASS" starttime="20231226 00:10:41.818" endtime="20231226 00:10:41.832"/>
</kw>
<kw name="Page Should Contain" library="SeleniumLibrary">
<arg>${expected_text}</arg>
<doc>Verifies that current page contains ``text``.</doc>
<msg timestamp="20231226 00:10:41.842" level="INFO">Current page contains text 'Cadastro realizado com sucesso'.</msg>
<status status="PASS" starttime="20231226 00:10:41.832" endtime="20231226 00:10:41.842"/>
</kw>
<status status="PASS" starttime="20231226 00:10:41.593" endtime="20231226 00:10:41.843"/>
</kw>
<kw name="After Tests" library="test_keywords_common" type="TEARDOWN">
<kw name="Close Browser" library="SeleniumLibrary">
<doc>Closes the current browser.</doc>
<status status="PASS" starttime="20231226 00:10:41.843" endtime="20231226 00:10:41.906"/>
</kw>
<status status="PASS" starttime="20231226 00:10:41.843" endtime="20231226 00:10:41.906"/>
</kw>
<tag>e2e</tag>
<status status="PASS" starttime="20231226 00:10:39.803" endtime="20231226 00:10:41.906"/>
</test>
<test id="s1-s2-s1-t3" name="Scenario: Signup with already used email" line="23">
<kw name="Before Tests" library="test_keywords_common" type="SETUP">
<kw name="Open Browser" library="SeleniumLibrary">
<arg>${SERVER_BASE_URL}</arg>
<arg>${HEADLESS} ${BROWSER}</arg>
<doc>Opens a new browser instance to the optional ``url``.</doc>
<msg timestamp="20231226 00:10:41.908" level="INFO">Opening browser 'headless Chrome' to base url 'https://front.serverest.dev/'.</msg>
<status status="PASS" starttime="20231226 00:10:41.908" endtime="20231226 00:10:43.073"/>
</kw>
<kw name="Maximize Browser Window" library="SeleniumLibrary">
<doc>Maximizes current browser window.</doc>
<status status="PASS" starttime="20231226 00:10:43.074" endtime="20231226 00:10:43.178"/>
</kw>
<status status="PASS" starttime="20231226 00:10:41.907" endtime="20231226 00:10:43.178"/>
</kw>
<kw name="Given Im on the signup page" library="test_keywords_signup">
<kw name="Location Should Be" library="SeleniumLibrary">
<arg>https://front.serverest.dev/login</arg>
<doc>Verifies that the current URL is exactly ``url``.</doc>
<msg timestamp="20231226 00:10:43.183" level="INFO">Current location is 'https://front.serverest.dev/login'.</msg>
<status status="PASS" starttime="20231226 00:10:43.179" endtime="20231226 00:10:43.183"/>
</kw>
<kw name="Click Element" library="SeleniumLibrary">
<arg>css=a.btn.btn-link</arg>
<doc>Click the element identified by ``locator``.</doc>
<msg timestamp="20231226 00:10:43.184" level="INFO">Clicking element 'css=a.btn.btn-link'.</msg>
<status status="PASS" starttime="20231226 00:10:43.183" endtime="20231226 00:10:43.294"/>
</kw>
<status status="PASS" starttime="20231226 00:10:43.179" endtime="20231226 00:10:43.294"/>
</kw>
<kw name="And I fill in the signup fields with an email already registered" library="test_keywords_signup">
<kw name="Input Text" library="SeleniumLibrary">
<arg>id:nome</arg>
<arg>${name}</arg>
<doc>Types the given ``text`` into the text field identified by ``locator``.</doc>
<msg timestamp="20231226 00:10:43.295" level="INFO">Typing text 'Renee Smith' into text field 'id:nome'.</msg>
<status status="PASS" starttime="20231226 00:10:43.295" endtime="20231226 00:10:43.382"/>
</kw>
<kw name="Input Text" library="SeleniumLibrary">
<arg>id:email</arg>
<arg>${email}</arg>
<doc>Types the given ``text`` into the text field identified by ``locator``.</doc>
<msg timestamp="20231226 00:10:43.382" level="INFO">Typing text 'jennifer68@example.org' into text field 'id:email'.</msg>
<status status="PASS" starttime="20231226 00:10:43.382" endtime="20231226 00:10:43.456"/>
</kw>
<kw name="Input Text" library="SeleniumLibrary">
<arg>id:password</arg>
<arg>${password}</arg>
<doc>Types the given ``text`` into the text field identified by ``locator``.</doc>
<msg timestamp="20231226 00:10:43.456" level="INFO">Typing text 'rIHZo5nf03br' into text field 'id:password'.</msg>
<status status="PASS" starttime="20231226 00:10:43.456" endtime="20231226 00:10:43.519"/>
</kw>
<kw name="Select Checkbox" library="SeleniumLibrary">
<arg>id=administrador</arg>
<doc>Selects the checkbox identified by ``locator``.</doc>
<msg timestamp="20231226 00:10:43.520" level="INFO">Selecting checkbox 'id=administrador'.</msg>
<status status="PASS" starttime="20231226 00:10:43.519" endtime="20231226 00:10:43.574"/>
</kw>
<status status="PASS" starttime="20231226 00:10:43.295" endtime="20231226 00:10:43.574"/>
</kw>
<kw name="When I click in signup" library="test_keywords_signup">
<kw name="Click Button" library="SeleniumLibrary">
<arg>css=.btn.btn-primary</arg>
<doc>Clicks the button identified by ``locator``.</doc>
<msg timestamp="20231226 00:10:43.575" level="INFO">Clicking button 'css=.btn.btn-primary'.</msg>
<status status="PASS" starttime="20231226 00:10:43.574" endtime="20231226 00:10:43.618"/>
</kw>
<status status="PASS" starttime="20231226 00:10:43.574" endtime="20231226 00:10:43.618"/>
</kw>
<kw name="Then the page should contain the text &quot;Este email já está sendo usado&quot;" library="test_keywords_signup" sourcename="Then the page should contain the text &quot;${expected_text}&quot;">
<kw name="Wait Until Element Is Visible" library="SeleniumLibrary">
<arg>css=.alert-dismissible</arg>
<arg>timeout=10s</arg>
<doc>Waits until the element ``locator`` is visible.</doc>
<status status="PASS" starttime="20231226 00:10:43.619" endtime="20231226 00:10:43.843"/>
</kw>
<kw name="Element Should Be Visible" library="SeleniumLibrary">
<arg>css=.alert-dismissible</arg>
<doc>Verifies that the element identified by ``locator`` is visible.</doc>
<msg timestamp="20231226 00:10:43.858" level="INFO">Element 'css=.alert-dismissible' is displayed.</msg>
<status status="PASS" starttime="20231226 00:10:43.843" endtime="20231226 00:10:43.858"/>
</kw>
<kw name="Page Should Contain" library="SeleniumLibrary">
<arg>${expected_text}</arg>
<doc>Verifies that current page contains ``text``.</doc>
<msg timestamp="20231226 00:10:43.868" level="INFO">Current page contains text 'Este email já está sendo usado'.</msg>
<status status="PASS" starttime="20231226 00:10:43.858" endtime="20231226 00:10:43.868"/>
</kw>
<status status="PASS" starttime="20231226 00:10:43.619" endtime="20231226 00:10:43.868"/>
</kw>
<kw name="After Tests" library="test_keywords_common" type="TEARDOWN">
<kw name="Close Browser" library="SeleniumLibrary">
<doc>Closes the current browser.</doc>
<status status="PASS" starttime="20231226 00:10:43.868" endtime="20231226 00:10:43.932"/>
</kw>
<status status="PASS" starttime="20231226 00:10:43.868" endtime="20231226 00:10:43.932"/>
</kw>
<tag>e2e</tag>
<status status="PASS" starttime="20231226 00:10:41.907" endtime="20231226 00:10:43.932"/>
</test>
<status status="PASS" starttime="20231226 00:10:32.079" endtime="20231226 00:10:43.932"/>
</suite>
<status status="PASS" starttime="20231226 00:10:32.078" endtime="20231226 00:10:43.934"/>
</suite>
<status status="PASS" starttime="20231226 00:10:30.855" endtime="20231226 00:10:43.935"/>
</suite>
<statistics>
<total>
<stat pass="8" fail="0" skip="0">All Tests</stat>
</total>
<tag>
<stat pass="5" fail="0" skip="0">api</stat>
<stat pass="3" fail="0" skip="0">e2e</stat>
</tag>
<suite>
<stat pass="8" fail="0" skip="0" id="s1" name="Tests">Tests</stat>
<stat pass="5" fail="0" skip="0" id="s1-s1" name="Api">Tests.Api</stat>
<stat pass="5" fail="0" skip="0" id="s1-s1-s1" name="Test Api Users">Tests.Api.Test Api Users</stat>
<stat pass="3" fail="0" skip="0" id="s1-s2" name="E2E">Tests.E2E</stat>
<stat pass="3" fail="0" skip="0" id="s1-s2-s1" name="Test Ui Signup">Tests.E2E.Test Ui Signup</stat>
</suite>
</statistics>
<errors>
</errors>
</robot>
