<?xml version="1.0" encoding="UTF-8"?>
<robot generator="Robot 6.1.1 (Python 3.8.17 on linux)" generated="20230905 00:09:53.592" rpa="false" schemaversion="4">
<suite id="s1" name="Tests" source="/home/runner/work/gen-ai-robot-test/gen-ai-robot-test/tests">
<suite id="s1-s1" name="Api" source="/home/runner/work/gen-ai-robot-test/gen-ai-robot-test/tests/api">
<suite id="s1-s1-s1" name="Test Api Users" source="/home/runner/work/gen-ai-robot-test/gen-ai-robot-test/tests/api/test_api_users.robot">
<test id="s1-s1-s1-t1" name="Scenario: Get all registered users" line="9">
<kw name="Before Tests" library="test_keywords_common" type="SETUP">
<kw name="Create Session" library="RequestsLibrary">
<arg>serverest</arg>
<arg>${SERVER_BASE_URL}</arg>
<arg>disable_warnings=True</arg>
<doc>Create Session: create a HTTP session to a server</doc>
<msg timestamp="20230905 00:09:54.599" level="INFO">Creating Session using : alias=serverest, url=https://serverest.dev, headers={},                     cookies={}, auth=None, timeout=None, proxies=None, verify=False,                     debug=0 </msg>
<status status="PASS" starttime="20230905 00:09:54.599" endtime="20230905 00:09:54.600"/>
</kw>
<status status="PASS" starttime="20230905 00:09:54.598" endtime="20230905 00:09:54.600"/>
</kw>
<kw name="When I request the list of all registered users" library="test_keywords_users">
<kw name="GET On Session" library="RequestsLibrary">
<var>${response}</var>
<arg>serverest</arg>
<arg>${USERS_API_ENDPOINT}</arg>
<doc>Sends a GET request on a previously created HTTP Session.</doc>
<msg timestamp="20230905 00:09:54.887" level="INFO">GET Request : url=https://serverest.dev/usuarios 
 path_url=/usuarios 
 headers={'User-Agent': 'python-requests/2.31.0', 'Accept-Encoding': 'gzip, deflate', 'Accept': '*/*', 'Connection': 'keep-alive'} 
 body=None 
 </msg>
<msg timestamp="20230905 00:09:54.887" level="INFO">GET Response : url=https://serverest.dev/usuarios 
 status=200, reason=OK 
 headers={'access-control-allow-origin': '*', 'x-dns-prefetch-control': 'off', 'x-frame-options': 'SAMEORIGIN', 'strict-transport-security': 'max-age=15552000; includeSubDomains', 'x-download-options': 'noopen', 'x-content-type-options': 'nosniff', 'x-xss-protection': '1; mode=block', 'x-moesif-transaction-id': '3774981e-b488-449a-a7ad-191bc8aeb16b', 'content-type': 'application/json; charset=utf-8', 'X-Cloud-Trace-Context': '0e5c2ab85b841934653ce6be0bbb7fd3;o=1', 'Date': 'Tue, 05 Sep 2023 00:09:54 GMT', 'Server': 'Google Frontend', 'Content-Length': '473'} 
 body={
    "quantidade": 2,
    "usuarios": [
        {
            "nome": "Fulano da Silva",
            "email": "fulano@qa.com",
            "password": "teste",
            "administrador": "true",
            "_id": "0uxuPY0cbmQhpEz1"
        },
        {
            "nome": "Colt",
            "email": "River_Christiansen@yahoo.com",
            "password": "jJJ7RVH4pSX3e7L",
            "administrador": "true",
            "_id": "sShP3DVcoagrdqDV"
        }
    ]
} 
 </msg>
<msg timestamp="20230905 00:09:54.887" level="INFO">${response} = &lt;Response [200]&gt;</msg>
<status status="PASS" starttime="20230905 00:09:54.600" endtime="20230905 00:09:54.887"/>
</kw>
<kw name="Set Test Variable" library="BuiltIn">
<arg>${response}</arg>
<doc>Makes a variable available everywhere within the scope of the current test.</doc>
<msg timestamp="20230905 00:09:54.888" level="INFO">${response} = &lt;Response [200]&gt;</msg>
<status status="PASS" starttime="20230905 00:09:54.887" endtime="20230905 00:09:54.888"/>
</kw>
<status status="PASS" starttime="20230905 00:09:54.600" endtime="20230905 00:09:54.888"/>
</kw>
<kw name="Then the response status code should be 200" library="test_keywords_users" sourcename="Then the response status code should be ${status_code}">
<kw name="Should Be Equal As Numbers" library="BuiltIn">
<arg>${response.status_code}</arg>
<arg>${status_code}</arg>
<doc>Fails if objects are unequal after converting them to real numbers.</doc>
<msg timestamp="20230905 00:09:54.889" level="INFO">Argument types are:
&lt;class 'int'&gt;
&lt;class 'str'&gt;</msg>
<status status="PASS" starttime="20230905 00:09:54.888" endtime="20230905 00:09:54.889"/>
</kw>
<kw name="Should Be True" library="BuiltIn">
<arg>${response.json()}</arg>
<doc>Fails if the given condition is not true.</doc>
<status status="PASS" starttime="20230905 00:09:54.890" endtime="20230905 00:09:54.890"/>
</kw>
<status status="PASS" starttime="20230905 00:09:54.888" endtime="20230905 00:09:54.890"/>
</kw>
<kw name="And the response body should not be empty" library="test_keywords_users">
<kw name="Should Not Be Empty" library="BuiltIn">
<arg>${response.json()}</arg>
<doc>Verifies that the given item is not empty.</doc>
<msg timestamp="20230905 00:09:54.891" level="INFO">Length is 2</msg>
<status status="PASS" starttime="20230905 00:09:54.891" endtime="20230905 00:09:54.892"/>
</kw>
<status status="PASS" starttime="20230905 00:09:54.890" endtime="20230905 00:09:54.892"/>
</kw>
<tag>api</tag>
<status status="PASS" starttime="20230905 00:09:54.597" endtime="20230905 00:09:54.892"/>
</test>
<test id="s1-s1-s1-t2" name="Scenario: Create a new user" line="15">
<kw name="Before Tests" library="test_keywords_common" type="SETUP">
<kw name="Create Session" library="RequestsLibrary">
<arg>serverest</arg>
<arg>${SERVER_BASE_URL}</arg>
<arg>disable_warnings=True</arg>
<doc>Create Session: create a HTTP session to a server</doc>
<msg timestamp="20230905 00:09:54.893" level="INFO">Creating Session using : alias=serverest, url=https://serverest.dev, headers={},                     cookies={}, auth=None, timeout=None, proxies=None, verify=False,                     debug=0 </msg>
<status status="PASS" starttime="20230905 00:09:54.893" endtime="20230905 00:09:54.894"/>
</kw>
<status status="PASS" starttime="20230905 00:09:54.893" endtime="20230905 00:09:54.894"/>
</kw>
<kw name="Given I have a valid user data" library="test_keywords_users">
<kw name="Name" library="FakerLibrary">
<var>${name}</var>
<doc>:example: 'John Doe'</doc>
<msg timestamp="20230905 00:09:54.895" level="INFO">${name} = Kathleen Larson</msg>
<status status="PASS" starttime="20230905 00:09:54.894" endtime="20230905 00:09:54.895"/>
</kw>
<kw name="Email" library="FakerLibrary">
<var>${email}</var>
<msg timestamp="20230905 00:09:54.896" level="INFO">${email} = mario69@example.org</msg>
<status status="PASS" starttime="20230905 00:09:54.895" endtime="20230905 00:09:54.896"/>
</kw>
<kw name="Password" library="FakerLibrary">
<var>${password}</var>
<arg>length=12</arg>
<arg>special_chars=False</arg>
<doc>Generate a random password of the specified ``length``.</doc>
<msg timestamp="20230905 00:09:54.896" level="INFO">${password} = 8PG5YhqlIxkA</msg>
<status status="PASS" starttime="20230905 00:09:54.896" endtime="20230905 00:09:54.897"/>
</kw>
<kw name="Set Suite Variable" library="BuiltIn">
<arg>${name}</arg>
<doc>Makes a variable available everywhere within the scope of the current suite.</doc>
<msg timestamp="20230905 00:09:54.897" level="INFO">${name} = Kathleen Larson</msg>
<status status="PASS" starttime="20230905 00:09:54.897" endtime="20230905 00:09:54.897"/>
</kw>
<kw name="Set Suite Variable" library="BuiltIn">
<arg>${email}</arg>
<doc>Makes a variable available everywhere within the scope of the current suite.</doc>
<msg timestamp="20230905 00:09:54.897" level="INFO">${email} = mario69@example.org</msg>
<status status="PASS" starttime="20230905 00:09:54.897" endtime="20230905 00:09:54.897"/>
</kw>
<kw name="Set Suite Variable" library="BuiltIn">
<arg>${password}</arg>
<doc>Makes a variable available everywhere within the scope of the current suite.</doc>
<msg timestamp="20230905 00:09:54.898" level="INFO">${password} = 8PG5YhqlIxkA</msg>
<status status="PASS" starttime="20230905 00:09:54.898" endtime="20230905 00:09:54.898"/>
</kw>
<status status="PASS" starttime="20230905 00:09:54.894" endtime="20230905 00:09:54.898"/>
</kw>
<kw name="When I create the user" library="test_keywords_users">
<kw name="Create Dictionary" library="BuiltIn">
<var>${payload}</var>
<arg>nome=${name}</arg>
<arg>email=${email}</arg>
<arg>password=${password}</arg>
<arg>administrador=false</arg>
<doc>Creates and returns a dictionary based on the given ``items``.</doc>
<msg timestamp="20230905 00:09:54.899" level="INFO">${payload} = {'nome': 'Kathleen Larson', 'email': 'mario69@example.org', 'password': '8PG5YhqlIxkA', 'administrador': 'false'}</msg>
<status status="PASS" starttime="20230905 00:09:54.898" endtime="20230905 00:09:54.899"/>
</kw>
<kw name="Create Dictionary" library="BuiltIn">
<var>${headers}</var>
<arg>Content-Type=application/json</arg>
<doc>Creates and returns a dictionary based on the given ``items``.</doc>
<msg timestamp="20230905 00:09:54.900" level="INFO">${headers} = {'Content-Type': 'application/json'}</msg>
<status status="PASS" starttime="20230905 00:09:54.899" endtime="20230905 00:09:54.900"/>
</kw>
<kw name="POST On Session" library="RequestsLibrary">
<var>${response}</var>
<arg>serverest</arg>
<arg>${USERS_API_ENDPOINT}</arg>
<arg>json=${payload}</arg>
<arg>headers=${headers}</arg>
<doc>Sends a POST request on a previously created HTTP Session.</doc>
<msg timestamp="20230905 00:09:55.004" level="INFO">POST Request : url=https://serverest.dev/usuarios 
 path_url=/usuarios 
 headers={'User-Agent': 'python-requests/2.31.0', 'Accept-Encoding': 'gzip, deflate', 'Accept': '*/*', 'Connection': 'keep-alive', 'Content-Type': 'application/json', 'Content-Length': '113'} 
 body=b'{"nome": "Kathleen Larson", "email": "mario69@example.org", "password": "8PG5YhqlIxkA", "administrador": "false"}' 
 </msg>
<msg timestamp="20230905 00:09:55.004" level="INFO">POST Response : url=https://serverest.dev/usuarios 
 status=201, reason=Created 
 headers={'access-control-allow-origin': '*', 'x-dns-prefetch-control': 'off', 'x-frame-options': 'SAMEORIGIN', 'strict-transport-security': 'max-age=15552000; includeSubDomains', 'x-download-options': 'noopen', 'x-content-type-options': 'nosniff', 'x-xss-protection': '1; mode=block', 'x-moesif-transaction-id': 'c865bd5e-1d0f-4588-afa8-3aab40da0a55', 'content-type': 'application/json; charset=utf-8', 'X-Cloud-Trace-Context': 'a4fae68044bbd4a8e9a2da521d21d038', 'Date': 'Tue, 05 Sep 2023 00:09:54 GMT', 'Server': 'Google Frontend', 'Content-Length': '82'} 
 body={
    "message": "Cadastro realizado com sucesso",
    "_id": "F1uAB281VNgV2c2z"
} 
 </msg>
<msg timestamp="20230905 00:09:55.004" level="INFO">${response} = &lt;Response [201]&gt;</msg>
<status status="PASS" starttime="20230905 00:09:54.900" endtime="20230905 00:09:55.004"/>
</kw>
<kw name="Set Variable" library="BuiltIn">
<var>${user_id}</var>
<arg>${response.json()['_id']}</arg>
<doc>Returns the given values which can then be assigned to a variables.</doc>
<msg timestamp="20230905 00:09:55.005" level="INFO">${user_id} = F1uAB281VNgV2c2z</msg>
<status status="PASS" starttime="20230905 00:09:55.004" endtime="20230905 00:09:55.005"/>
</kw>
<kw name="Set Global Variable" library="BuiltIn">
<arg>${USER_ID}</arg>
<arg>${user_id}</arg>
<doc>Makes a variable available globally in all tests and suites.</doc>
<msg timestamp="20230905 00:09:55.006" level="INFO">${USER_ID} = F1uAB281VNgV2c2z</msg>
<status status="PASS" starttime="20230905 00:09:55.006" endtime="20230905 00:09:55.006"/>
</kw>
<kw name="Set Test Variable" library="BuiltIn">
<arg>${response}</arg>
<doc>Makes a variable available everywhere within the scope of the current test.</doc>
<msg timestamp="20230905 00:09:55.006" level="INFO">${response} = &lt;Response [201]&gt;</msg>
<status status="PASS" starttime="20230905 00:09:55.006" endtime="20230905 00:09:55.006"/>
</kw>
<status status="PASS" starttime="20230905 00:09:54.898" endtime="20230905 00:09:55.007"/>
</kw>
<kw name="Then the response status code should be 201" library="test_keywords_users" sourcename="Then the response status code should be ${status_code}">
<kw name="Should Be Equal As Numbers" library="BuiltIn">
<arg>${response.status_code}</arg>
<arg>${status_code}</arg>
<doc>Fails if objects are unequal after converting them to real numbers.</doc>
<msg timestamp="20230905 00:09:55.008" level="INFO">Argument types are:
&lt;class 'int'&gt;
&lt;class 'str'&gt;</msg>
<status status="PASS" starttime="20230905 00:09:55.007" endtime="20230905 00:09:55.008"/>
</kw>
<kw name="Should Be True" library="BuiltIn">
<arg>${response.json()}</arg>
<doc>Fails if the given condition is not true.</doc>
<status status="PASS" starttime="20230905 00:09:55.008" endtime="20230905 00:09:55.009"/>
</kw>
<status status="PASS" starttime="20230905 00:09:55.007" endtime="20230905 00:09:55.009"/>
</kw>
<kw name="And the response body should not be empty" library="test_keywords_users">
<kw name="Should Not Be Empty" library="BuiltIn">
<arg>${response.json()}</arg>
<doc>Verifies that the given item is not empty.</doc>
<msg timestamp="20230905 00:09:55.010" level="INFO">Length is 2</msg>
<status status="PASS" starttime="20230905 00:09:55.009" endtime="20230905 00:09:55.010"/>
</kw>
<status status="PASS" starttime="20230905 00:09:55.009" endtime="20230905 00:09:55.010"/>
</kw>
<tag>api</tag>
<status status="PASS" starttime="20230905 00:09:54.892" endtime="20230905 00:09:55.010"/>
</test>
<test id="s1-s1-s1-t3" name="Scenario: Get a specific user informations" line="22">
<kw name="Before Tests" library="test_keywords_common" type="SETUP">
<kw name="Create Session" library="RequestsLibrary">
<arg>serverest</arg>
<arg>${SERVER_BASE_URL}</arg>
<arg>disable_warnings=True</arg>
<doc>Create Session: create a HTTP session to a server</doc>
<msg timestamp="20230905 00:09:55.012" level="INFO">Creating Session using : alias=serverest, url=https://serverest.dev, headers={},                     cookies={}, auth=None, timeout=None, proxies=None, verify=False,                     debug=0 </msg>
<status status="PASS" starttime="20230905 00:09:55.012" endtime="20230905 00:09:55.012"/>
</kw>
<status status="PASS" starttime="20230905 00:09:55.012" endtime="20230905 00:09:55.013"/>
</kw>
<kw name="When I request the created user" library="test_keywords_users">
<kw name="GET On Session" library="RequestsLibrary">
<var>${response}</var>
<arg>serverest</arg>
<arg>${USERS_API_ENDPOINT}/${USER_ID}</arg>
<doc>Sends a GET request on a previously created HTTP Session.</doc>
<msg timestamp="20230905 00:09:55.111" level="INFO">GET Request : url=https://serverest.dev/usuarios/F1uAB281VNgV2c2z 
 path_url=/usuarios/F1uAB281VNgV2c2z 
 headers={'User-Agent': 'python-requests/2.31.0', 'Accept-Encoding': 'gzip, deflate', 'Accept': '*/*', 'Connection': 'keep-alive'} 
 body=None 
 </msg>
<msg timestamp="20230905 00:09:55.111" level="INFO">GET Response : url=https://serverest.dev/usuarios/F1uAB281VNgV2c2z 
 status=200, reason=OK 
 headers={'access-control-allow-origin': '*', 'x-dns-prefetch-control': 'off', 'x-frame-options': 'SAMEORIGIN', 'strict-transport-security': 'max-age=15552000; includeSubDomains', 'x-download-options': 'noopen', 'x-content-type-options': 'nosniff', 'x-xss-protection': '1; mode=block', 'x-moesif-transaction-id': '70a21352-ad54-43f0-a8e9-2d56e3798028', 'content-type': 'application/json; charset=utf-8', 'X-Cloud-Trace-Context': 'd9feacf2df01f5910809266dacbda21d', 'Date': 'Tue, 05 Sep 2023 00:09:55 GMT', 'Server': 'Google Frontend', 'Content-Length': '162'} 
 body={
    "nome": "Kathleen Larson",
    "email": "mario69@example.org",
    "password": "8PG5YhqlIxkA",
    "administrador": "false",
    "_id": "F1uAB281VNgV2c2z"
} 
 </msg>
<msg timestamp="20230905 00:09:55.112" level="INFO">${response} = &lt;Response [200]&gt;</msg>
<status status="PASS" starttime="20230905 00:09:55.013" endtime="20230905 00:09:55.112"/>
</kw>
<kw name="Set Test Variable" library="BuiltIn">
<arg>${response}</arg>
<doc>Makes a variable available everywhere within the scope of the current test.</doc>
<msg timestamp="20230905 00:09:55.112" level="INFO">${response} = &lt;Response [200]&gt;</msg>
<status status="PASS" starttime="20230905 00:09:55.112" endtime="20230905 00:09:55.112"/>
</kw>
<status status="PASS" starttime="20230905 00:09:55.013" endtime="20230905 00:09:55.113"/>
</kw>
<kw name="Then the response status code should be 200" library="test_keywords_users" sourcename="Then the response status code should be ${status_code}">
<kw name="Should Be Equal As Numbers" library="BuiltIn">
<arg>${response.status_code}</arg>
<arg>${status_code}</arg>
<doc>Fails if objects are unequal after converting them to real numbers.</doc>
<msg timestamp="20230905 00:09:55.115" level="INFO">Argument types are:
&lt;class 'int'&gt;
&lt;class 'str'&gt;</msg>
<status status="PASS" starttime="20230905 00:09:55.113" endtime="20230905 00:09:55.115"/>
</kw>
<kw name="Should Be True" library="BuiltIn">
<arg>${response.json()}</arg>
<doc>Fails if the given condition is not true.</doc>
<status status="PASS" starttime="20230905 00:09:55.115" endtime="20230905 00:09:55.116"/>
</kw>
<status status="PASS" starttime="20230905 00:09:55.113" endtime="20230905 00:09:55.116"/>
</kw>
<kw name="And the response body should not be empty" library="test_keywords_users">
<kw name="Should Not Be Empty" library="BuiltIn">
<arg>${response.json()}</arg>
<doc>Verifies that the given item is not empty.</doc>
<msg timestamp="20230905 00:09:55.117" level="INFO">Length is 5</msg>
<status status="PASS" starttime="20230905 00:09:55.116" endtime="20230905 00:09:55.117"/>
</kw>
<status status="PASS" starttime="20230905 00:09:55.116" endtime="20230905 00:09:55.117"/>
</kw>
<tag>api</tag>
<status status="PASS" starttime="20230905 00:09:55.011" endtime="20230905 00:09:55.117"/>
</test>
<test id="s1-s1-s1-t4" name="Scenario: Update the created user" line="28">
<kw name="Before Tests" library="test_keywords_common" type="SETUP">
<kw name="Create Session" library="RequestsLibrary">
<arg>serverest</arg>
<arg>${SERVER_BASE_URL}</arg>
<arg>disable_warnings=True</arg>
<doc>Create Session: create a HTTP session to a server</doc>
<msg timestamp="20230905 00:09:55.119" level="INFO">Creating Session using : alias=serverest, url=https://serverest.dev, headers={},                     cookies={}, auth=None, timeout=None, proxies=None, verify=False,                     debug=0 </msg>
<status status="PASS" starttime="20230905 00:09:55.119" endtime="20230905 00:09:55.119"/>
</kw>
<status status="PASS" starttime="20230905 00:09:55.118" endtime="20230905 00:09:55.119"/>
</kw>
<kw name="When I update the created user" library="test_keywords_users">
<kw name="Create Dictionary" library="BuiltIn">
<var>${payload}</var>
<arg>nome=John Smith</arg>
<arg>email=john.smith@example.com</arg>
<arg>password=P@ssw0rd123</arg>
<arg>administrador=false</arg>
<doc>Creates and returns a dictionary based on the given ``items``.</doc>
<msg timestamp="20230905 00:09:55.120" level="INFO">${payload} = {'nome': 'John Smith', 'email': 'john.smith@example.com', 'password': 'P@ssw0rd123', 'administrador': 'false'}</msg>
<status status="PASS" starttime="20230905 00:09:55.120" endtime="20230905 00:09:55.120"/>
</kw>
<kw name="Create Dictionary" library="BuiltIn">
<var>${headers}</var>
<arg>Content-Type=application/json</arg>
<doc>Creates and returns a dictionary based on the given ``items``.</doc>
<msg timestamp="20230905 00:09:55.120" level="INFO">${headers} = {'Content-Type': 'application/json'}</msg>
<status status="PASS" starttime="20230905 00:09:55.120" endtime="20230905 00:09:55.121"/>
</kw>
<kw name="PUT On Session" library="RequestsLibrary">
<var>${response}</var>
<arg>serverest</arg>
<arg>${USERS_API_ENDPOINT}/${USER_ID}</arg>
<arg>json=${payload}</arg>
<arg>headers=${headers}</arg>
<doc>Sends a PUT request on a previously created HTTP Session.</doc>
<msg timestamp="20230905 00:09:55.223" level="INFO">PUT Request : url=https://serverest.dev/usuarios/F1uAB281VNgV2c2z 
 path_url=/usuarios/F1uAB281VNgV2c2z 
 headers={'User-Agent': 'python-requests/2.31.0', 'Accept-Encoding': 'gzip, deflate', 'Accept': '*/*', 'Connection': 'keep-alive', 'Content-Type': 'application/json', 'Content-Length': '110'} 
 body=b'{"nome": "John Smith", "email": "john.smith@example.com", "password": "P@ssw0rd123", "administrador": "false"}' 
 </msg>
<msg timestamp="20230905 00:09:55.223" level="INFO">PUT Response : url=https://serverest.dev/usuarios/F1uAB281VNgV2c2z 
 status=200, reason=OK 
 headers={'access-control-allow-origin': '*', 'x-dns-prefetch-control': 'off', 'x-frame-options': 'SAMEORIGIN', 'strict-transport-security': 'max-age=15552000; includeSubDomains', 'x-download-options': 'noopen', 'x-content-type-options': 'nosniff', 'x-xss-protection': '1; mode=block', 'x-moesif-transaction-id': '47642aa4-6117-43b0-a7ef-c41cef0e14f9', 'content-type': 'application/json; charset=utf-8', 'X-Cloud-Trace-Context': 'b06dd0ad3044dfa88d238a3ad0e585f8', 'Date': 'Tue, 05 Sep 2023 00:09:55 GMT', 'Server': 'Google Frontend', 'Content-Length': '50'} 
 body={
    "message": "Registro alterado com sucesso"
} 
 </msg>
<msg timestamp="20230905 00:09:55.223" level="INFO">${response} = &lt;Response [200]&gt;</msg>
<status status="PASS" starttime="20230905 00:09:55.121" endtime="20230905 00:09:55.223"/>
</kw>
<kw name="Set Test Variable" library="BuiltIn">
<arg>${response}</arg>
<doc>Makes a variable available everywhere within the scope of the current test.</doc>
<msg timestamp="20230905 00:09:55.224" level="INFO">${response} = &lt;Response [200]&gt;</msg>
<status status="PASS" starttime="20230905 00:09:55.224" endtime="20230905 00:09:55.224"/>
</kw>
<status status="PASS" starttime="20230905 00:09:55.119" endtime="20230905 00:09:55.224"/>
</kw>
<kw name="Then the response status code should be 200" library="test_keywords_users" sourcename="Then the response status code should be ${status_code}">
<kw name="Should Be Equal As Numbers" library="BuiltIn">
<arg>${response.status_code}</arg>
<arg>${status_code}</arg>
<doc>Fails if objects are unequal after converting them to real numbers.</doc>
<msg timestamp="20230905 00:09:55.226" level="INFO">Argument types are:
&lt;class 'int'&gt;
&lt;class 'str'&gt;</msg>
<status status="PASS" starttime="20230905 00:09:55.225" endtime="20230905 00:09:55.226"/>
</kw>
<kw name="Should Be True" library="BuiltIn">
<arg>${response.json()}</arg>
<doc>Fails if the given condition is not true.</doc>
<status status="PASS" starttime="20230905 00:09:55.226" endtime="20230905 00:09:55.227"/>
</kw>
<status status="PASS" starttime="20230905 00:09:55.224" endtime="20230905 00:09:55.227"/>
</kw>
<kw name="And the response body should not be empty" library="test_keywords_users">
<kw name="Should Not Be Empty" library="BuiltIn">
<arg>${response.json()}</arg>
<doc>Verifies that the given item is not empty.</doc>
<msg timestamp="20230905 00:09:55.228" level="INFO">Length is 1</msg>
<status status="PASS" starttime="20230905 00:09:55.228" endtime="20230905 00:09:55.228"/>
</kw>
<status status="PASS" starttime="20230905 00:09:55.227" endtime="20230905 00:09:55.228"/>
</kw>
<tag>api</tag>
<status status="PASS" starttime="20230905 00:09:55.118" endtime="20230905 00:09:55.229"/>
</test>
<test id="s1-s1-s1-t5" name="Scenario: Delete the created user" line="34">
<kw name="Before Tests" library="test_keywords_common" type="SETUP">
<kw name="Create Session" library="RequestsLibrary">
<arg>serverest</arg>
<arg>${SERVER_BASE_URL}</arg>
<arg>disable_warnings=True</arg>
<doc>Create Session: create a HTTP session to a server</doc>
<msg timestamp="20230905 00:09:55.230" level="INFO">Creating Session using : alias=serverest, url=https://serverest.dev, headers={},                     cookies={}, auth=None, timeout=None, proxies=None, verify=False,                     debug=0 </msg>
<status status="PASS" starttime="20230905 00:09:55.230" endtime="20230905 00:09:55.230"/>
</kw>
<status status="PASS" starttime="20230905 00:09:55.230" endtime="20230905 00:09:55.231"/>
</kw>
<kw name="When I delete the created user" library="test_keywords_users">
<kw name="DELETE On Session" library="RequestsLibrary">
<var>${response}</var>
<arg>serverest</arg>
<arg>${USERS_API_ENDPOINT}/${USER_ID}</arg>
<doc>Sends a DELETE request on a previously created HTTP Session.</doc>
<msg timestamp="20230905 00:09:55.334" level="INFO">DELETE Request : url=https://serverest.dev/usuarios/F1uAB281VNgV2c2z 
 path_url=/usuarios/F1uAB281VNgV2c2z 
 headers={'User-Agent': 'python-requests/2.31.0', 'Accept-Encoding': 'gzip, deflate', 'Accept': '*/*', 'Connection': 'keep-alive', 'Content-Length': '0'} 
 body=None 
 </msg>
<msg timestamp="20230905 00:09:55.334" level="INFO">DELETE Response : url=https://serverest.dev/usuarios/F1uAB281VNgV2c2z 
 status=200, reason=OK 
 headers={'access-control-allow-origin': '*', 'x-dns-prefetch-control': 'off', 'x-frame-options': 'SAMEORIGIN', 'strict-transport-security': 'max-age=15552000; includeSubDomains', 'x-download-options': 'noopen', 'x-content-type-options': 'nosniff', 'x-xss-protection': '1; mode=block', 'x-moesif-transaction-id': 'c248b953-98db-4292-a5b5-d63a8db5bcd7', 'content-type': 'application/json; charset=utf-8', 'X-Cloud-Trace-Context': '75f5e0760b6ca5f83cfddf4227fee3bf', 'Date': 'Tue, 05 Sep 2023 00:09:55 GMT', 'Server': 'Google Frontend', 'Content-Length': '51'} 
 body={
    "message": "Registro excluído com sucesso"
} 
 </msg>
<msg timestamp="20230905 00:09:55.334" level="INFO">${response} = &lt;Response [200]&gt;</msg>
<status status="PASS" starttime="20230905 00:09:55.231" endtime="20230905 00:09:55.334"/>
</kw>
<kw name="Set Test Variable" library="BuiltIn">
<arg>${response}</arg>
<doc>Makes a variable available everywhere within the scope of the current test.</doc>
<msg timestamp="20230905 00:09:55.335" level="INFO">${response} = &lt;Response [200]&gt;</msg>
<status status="PASS" starttime="20230905 00:09:55.334" endtime="20230905 00:09:55.335"/>
</kw>
<status status="PASS" starttime="20230905 00:09:55.231" endtime="20230905 00:09:55.335"/>
</kw>
<kw name="Then the response status code should be 200" library="test_keywords_users" sourcename="Then the response status code should be ${status_code}">
<kw name="Should Be Equal As Numbers" library="BuiltIn">
<arg>${response.status_code}</arg>
<arg>${status_code}</arg>
<doc>Fails if objects are unequal after converting them to real numbers.</doc>
<msg timestamp="20230905 00:09:55.337" level="INFO">Argument types are:
&lt;class 'int'&gt;
&lt;class 'str'&gt;</msg>
<status status="PASS" starttime="20230905 00:09:55.336" endtime="20230905 00:09:55.337"/>
</kw>
<kw name="Should Be True" library="BuiltIn">
<arg>${response.json()}</arg>
<doc>Fails if the given condition is not true.</doc>
<status status="PASS" starttime="20230905 00:09:55.337" endtime="20230905 00:09:55.338"/>
</kw>
<status status="PASS" starttime="20230905 00:09:55.335" endtime="20230905 00:09:55.338"/>
</kw>
<kw name="And the response body should not be empty" library="test_keywords_users">
<kw name="Should Not Be Empty" library="BuiltIn">
<arg>${response.json()}</arg>
<doc>Verifies that the given item is not empty.</doc>
<msg timestamp="20230905 00:09:55.339" level="INFO">Length is 1</msg>
<status status="PASS" starttime="20230905 00:09:55.339" endtime="20230905 00:09:55.339"/>
</kw>
<status status="PASS" starttime="20230905 00:09:55.338" endtime="20230905 00:09:55.339"/>
</kw>
<tag>api</tag>
<status status="PASS" starttime="20230905 00:09:55.229" endtime="20230905 00:09:55.340"/>
</test>
<status status="PASS" starttime="20230905 00:09:53.618" endtime="20230905 00:09:55.340"/>
</suite>
<status status="PASS" starttime="20230905 00:09:53.616" endtime="20230905 00:09:55.342"/>
</suite>
<suite id="s1-s2" name="E2E" source="/home/runner/work/gen-ai-robot-test/gen-ai-robot-test/tests/e2e">
<suite id="s1-s2-s1" name="Test Ui Signup" source="/home/runner/work/gen-ai-robot-test/gen-ai-robot-test/tests/e2e/test_ui_signup.robot">
<test id="s1-s2-s1-t1" name="Scenario: Signup with empty fields" line="10">
<kw name="Before Tests" library="test_keywords_common" type="SETUP">
<kw name="Open Browser" library="SeleniumLibrary">
<arg>${SERVER_BASE_URL}</arg>
<arg>${HEADLESS} ${BROWSER}</arg>
<doc>Opens a new browser instance to the optional ``url``.</doc>
<msg timestamp="20230905 00:09:55.355" level="INFO">Opening browser 'headless Chrome' to base url 'https://front.serverest.dev/'.</msg>
<status status="PASS" starttime="20230905 00:09:55.355" endtime="20230905 00:10:14.150"/>
</kw>
<kw name="Maximize Browser Window" library="SeleniumLibrary">
<doc>Maximizes current browser window.</doc>
<status status="PASS" starttime="20230905 00:10:14.151" endtime="20230905 00:10:14.286"/>
</kw>
<status status="PASS" starttime="20230905 00:09:55.354" endtime="20230905 00:10:14.287"/>
</kw>
<kw name="Given Im on the signup page" library="test_keywords_signup">
<kw name="Location Should Be" library="SeleniumLibrary">
<arg>https://front.serverest.dev/login</arg>
<doc>Verifies that the current URL is exactly ``url``.</doc>
<msg timestamp="20230905 00:10:14.294" level="INFO">Current location is 'https://front.serverest.dev/login'.</msg>
<status status="PASS" starttime="20230905 00:10:14.288" endtime="20230905 00:10:14.295"/>
</kw>
<kw name="Click Element" library="SeleniumLibrary">
<arg>css=a.btn.btn-link</arg>
<doc>Click the element identified by ``locator``.</doc>
<msg timestamp="20230905 00:10:14.296" level="INFO">Clicking element 'css=a.btn.btn-link'.</msg>
<status status="PASS" starttime="20230905 00:10:14.295" endtime="20230905 00:10:14.594"/>
</kw>
<status status="PASS" starttime="20230905 00:10:14.287" endtime="20230905 00:10:14.594"/>
</kw>
<kw name="When I click in signup" library="test_keywords_signup">
<kw name="Click Button" library="SeleniumLibrary">
<arg>css=.btn.btn-primary</arg>
<doc>Clicks the button identified by ``locator``.</doc>
<msg timestamp="20230905 00:10:14.596" level="INFO">Clicking button 'css=.btn.btn-primary'.</msg>
<status status="PASS" starttime="20230905 00:10:14.595" endtime="20230905 00:10:14.913"/>
</kw>
<status status="PASS" starttime="20230905 00:10:14.595" endtime="20230905 00:10:14.913"/>
</kw>
<kw name="Then required field messages should be displayed" library="test_keywords_signup">
<kw name="Wait Until Element Is Visible" library="SeleniumLibrary">
<arg>css=.alert-dismissible</arg>
<arg>timeout=10s</arg>
<doc>Waits until the element ``locator`` is visible.</doc>
<status status="PASS" starttime="20230905 00:10:14.914" endtime="20230905 00:10:15.156"/>
</kw>
<kw name="Element Should Be Visible" library="SeleniumLibrary">
<arg>css=.alert-dismissible</arg>
<doc>Verifies that the element identified by ``locator`` is visible.</doc>
<msg timestamp="20230905 00:10:15.180" level="INFO">Element 'css=.alert-dismissible' is displayed.</msg>
<status status="PASS" starttime="20230905 00:10:15.157" endtime="20230905 00:10:15.180"/>
</kw>
<kw name="Page Should Contain" library="SeleniumLibrary">
<arg>Nome é obrigatório</arg>
<doc>Verifies that current page contains ``text``.</doc>
<msg timestamp="20230905 00:10:15.252" level="INFO">Current page contains text 'Nome é obrigatório'.</msg>
<status status="PASS" starttime="20230905 00:10:15.180" endtime="20230905 00:10:15.253"/>
</kw>
<kw name="Page Should Contain" library="SeleniumLibrary">
<arg>Email é obrigatório</arg>
<doc>Verifies that current page contains ``text``.</doc>
<msg timestamp="20230905 00:10:15.270" level="INFO">Current page contains text 'Email é obrigatório'.</msg>
<status status="PASS" starttime="20230905 00:10:15.253" endtime="20230905 00:10:15.270"/>
</kw>
<kw name="Page Should Contain" library="SeleniumLibrary">
<arg>Password é obrigatório</arg>
<doc>Verifies that current page contains ``text``.</doc>
<msg timestamp="20230905 00:10:15.286" level="INFO">Current page contains text 'Password é obrigatório'.</msg>
<status status="PASS" starttime="20230905 00:10:15.270" endtime="20230905 00:10:15.286"/>
</kw>
<status status="PASS" starttime="20230905 00:10:14.913" endtime="20230905 00:10:15.286"/>
</kw>
<kw name="After Tests" library="test_keywords_common" type="TEARDOWN">
<kw name="Close Browser" library="SeleniumLibrary">
<doc>Closes the current browser.</doc>
<status status="PASS" starttime="20230905 00:10:15.287" endtime="20230905 00:10:15.344"/>
</kw>
<status status="PASS" starttime="20230905 00:10:15.286" endtime="20230905 00:10:15.344"/>
</kw>
<tag>e2e</tag>
<status status="PASS" starttime="20230905 00:09:55.354" endtime="20230905 00:10:15.344"/>
</test>
<test id="s1-s2-s1-t2" name="Scenario: Signup done successfully" line="16">
<kw name="Before Tests" library="test_keywords_common" type="SETUP">
<kw name="Open Browser" library="SeleniumLibrary">
<arg>${SERVER_BASE_URL}</arg>
<arg>${HEADLESS} ${BROWSER}</arg>
<doc>Opens a new browser instance to the optional ``url``.</doc>
<msg timestamp="20230905 00:10:15.347" level="INFO">Opening browser 'headless Chrome' to base url 'https://front.serverest.dev/'.</msg>
<status status="PASS" starttime="20230905 00:10:15.346" endtime="20230905 00:10:16.401"/>
</kw>
<kw name="Maximize Browser Window" library="SeleniumLibrary">
<doc>Maximizes current browser window.</doc>
<status status="PASS" starttime="20230905 00:10:16.402" endtime="20230905 00:10:16.506"/>
</kw>
<status status="PASS" starttime="20230905 00:10:15.346" endtime="20230905 00:10:16.506"/>
</kw>
<kw name="Given Im on the signup page" library="test_keywords_signup">
<kw name="Location Should Be" library="SeleniumLibrary">
<arg>https://front.serverest.dev/login</arg>
<doc>Verifies that the current URL is exactly ``url``.</doc>
<msg timestamp="20230905 00:10:16.513" level="INFO">Current location is 'https://front.serverest.dev/login'.</msg>
<status status="PASS" starttime="20230905 00:10:16.507" endtime="20230905 00:10:16.513"/>
</kw>
<kw name="Click Element" library="SeleniumLibrary">
<arg>css=a.btn.btn-link</arg>
<doc>Click the element identified by ``locator``.</doc>
<msg timestamp="20230905 00:10:16.514" level="INFO">Clicking element 'css=a.btn.btn-link'.</msg>
<status status="PASS" starttime="20230905 00:10:16.513" endtime="20230905 00:10:16.593"/>
</kw>
<status status="PASS" starttime="20230905 00:10:16.507" endtime="20230905 00:10:16.594"/>
</kw>
<kw name="And I fill in the signup fields with valid data" library="test_keywords_signup">
<kw name="Name" library="FakerLibrary">
<var>${name}</var>
<doc>:example: 'John Doe'</doc>
<msg timestamp="20230905 00:10:16.595" level="INFO">${name} = Steven Tyler</msg>
<status status="PASS" starttime="20230905 00:10:16.594" endtime="20230905 00:10:16.595"/>
</kw>
<kw name="Email" library="FakerLibrary">
<var>${email}</var>
<msg timestamp="20230905 00:10:16.596" level="INFO">${email} = richardsontravis@example.org</msg>
<status status="PASS" starttime="20230905 00:10:16.595" endtime="20230905 00:10:16.596"/>
</kw>
<kw name="Password" library="FakerLibrary">
<var>${password}</var>
<arg>length=12</arg>
<arg>special_chars=False</arg>
<doc>Generate a random password of the specified ``length``.</doc>
<msg timestamp="20230905 00:10:16.596" level="INFO">${password} = 3PnEOc3F68QK</msg>
<status status="PASS" starttime="20230905 00:10:16.596" endtime="20230905 00:10:16.596"/>
</kw>
<kw name="Input Text" library="SeleniumLibrary">
<arg>id:nome</arg>
<arg>${name}</arg>
<doc>Types the given ``text`` into the text field identified by ``locator``.</doc>
<msg timestamp="20230905 00:10:16.597" level="INFO">Typing text 'Steven Tyler' into text field 'id:nome'.</msg>
<status status="PASS" starttime="20230905 00:10:16.597" endtime="20230905 00:10:16.842"/>
</kw>
<kw name="Input Text" library="SeleniumLibrary">
<arg>id:email</arg>
<arg>${email}</arg>
<doc>Types the given ``text`` into the text field identified by ``locator``.</doc>
<msg timestamp="20230905 00:10:16.843" level="INFO">Typing text 'richardsontravis@example.org' into text field 'id:email'.</msg>
<status status="PASS" starttime="20230905 00:10:16.842" endtime="20230905 00:10:17.005"/>
</kw>
<kw name="Input Text" library="SeleniumLibrary">
<arg>id:password</arg>
<arg>${password}</arg>
<doc>Types the given ``text`` into the text field identified by ``locator``.</doc>
<msg timestamp="20230905 00:10:17.006" level="INFO">Typing text '3PnEOc3F68QK' into text field 'id:password'.</msg>
<status status="PASS" starttime="20230905 00:10:17.006" endtime="20230905 00:10:17.177"/>
</kw>
<kw name="Select Checkbox" library="SeleniumLibrary">
<arg>id=administrador</arg>
<doc>Selects the checkbox identified by ``locator``.</doc>
<msg timestamp="20230905 00:10:17.178" level="INFO">Selecting checkbox 'id=administrador'.</msg>
<status status="PASS" starttime="20230905 00:10:17.177" endtime="20230905 00:10:17.275"/>
</kw>
<kw name="Set Suite Variable" library="BuiltIn">
<arg>${name}</arg>
<doc>Makes a variable available everywhere within the scope of the current suite.</doc>
<msg timestamp="20230905 00:10:17.276" level="INFO">${name} = Steven Tyler</msg>
<status status="PASS" starttime="20230905 00:10:17.276" endtime="20230905 00:10:17.276"/>
</kw>
<kw name="Set Suite Variable" library="BuiltIn">
<arg>${email}</arg>
<doc>Makes a variable available everywhere within the scope of the current suite.</doc>
<msg timestamp="20230905 00:10:17.276" level="INFO">${email} = richardsontravis@example.org</msg>
<status status="PASS" starttime="20230905 00:10:17.276" endtime="20230905 00:10:17.277"/>
</kw>
<kw name="Set Suite Variable" library="BuiltIn">
<arg>${password}</arg>
<doc>Makes a variable available everywhere within the scope of the current suite.</doc>
<msg timestamp="20230905 00:10:17.277" level="INFO">${password} = 3PnEOc3F68QK</msg>
<status status="PASS" starttime="20230905 00:10:17.277" endtime="20230905 00:10:17.277"/>
</kw>
<status status="PASS" starttime="20230905 00:10:16.594" endtime="20230905 00:10:17.277"/>
</kw>
<kw name="When I click in signup" library="test_keywords_signup">
<kw name="Click Button" library="SeleniumLibrary">
<arg>css=.btn.btn-primary</arg>
<doc>Clicks the button identified by ``locator``.</doc>
<msg timestamp="20230905 00:10:17.278" level="INFO">Clicking button 'css=.btn.btn-primary'.</msg>
<status status="PASS" starttime="20230905 00:10:17.278" endtime="20230905 00:10:17.352"/>
</kw>
<status status="PASS" starttime="20230905 00:10:17.277" endtime="20230905 00:10:17.352"/>
</kw>
<kw name="Then the page should contain the text &quot;Cadastro realizado com sucesso&quot;" library="test_keywords_signup" sourcename="Then the page should contain the text &quot;${expected_text}&quot;">
<kw name="Wait Until Element Is Visible" library="SeleniumLibrary">
<arg>css=.alert-dismissible</arg>
<arg>timeout=10s</arg>
<doc>Waits until the element ``locator`` is visible.</doc>
<status status="PASS" starttime="20230905 00:10:17.353" endtime="20230905 00:10:17.595"/>
</kw>
<kw name="Element Should Be Visible" library="SeleniumLibrary">
<arg>css=.alert-dismissible</arg>
<doc>Verifies that the element identified by ``locator`` is visible.</doc>
<msg timestamp="20230905 00:10:17.618" level="INFO">Element 'css=.alert-dismissible' is displayed.</msg>
<status status="PASS" starttime="20230905 00:10:17.595" endtime="20230905 00:10:17.618"/>
</kw>
<kw name="Page Should Contain" library="SeleniumLibrary">
<arg>${expected_text}</arg>
<doc>Verifies that current page contains ``text``.</doc>
<msg timestamp="20230905 00:10:17.635" level="INFO">Current page contains text 'Cadastro realizado com sucesso'.</msg>
<status status="PASS" starttime="20230905 00:10:17.619" endtime="20230905 00:10:17.635"/>
</kw>
<status status="PASS" starttime="20230905 00:10:17.352" endtime="20230905 00:10:17.635"/>
</kw>
<kw name="After Tests" library="test_keywords_common" type="TEARDOWN">
<kw name="Close Browser" library="SeleniumLibrary">
<doc>Closes the current browser.</doc>
<status status="PASS" starttime="20230905 00:10:17.636" endtime="20230905 00:10:17.697"/>
</kw>
<status status="PASS" starttime="20230905 00:10:17.635" endtime="20230905 00:10:17.697"/>
</kw>
<tag>e2e</tag>
<status status="PASS" starttime="20230905 00:10:15.345" endtime="20230905 00:10:17.697"/>
</test>
<test id="s1-s2-s1-t3" name="Scenario: Signup with already used email" line="23">
<kw name="Before Tests" library="test_keywords_common" type="SETUP">
<kw name="Open Browser" library="SeleniumLibrary">
<arg>${SERVER_BASE_URL}</arg>
<arg>${HEADLESS} ${BROWSER}</arg>
<doc>Opens a new browser instance to the optional ``url``.</doc>
<msg timestamp="20230905 00:10:17.700" level="INFO">Opening browser 'headless Chrome' to base url 'https://front.serverest.dev/'.</msg>
<status status="PASS" starttime="20230905 00:10:17.699" endtime="20230905 00:10:18.695"/>
</kw>
<kw name="Maximize Browser Window" library="SeleniumLibrary">
<doc>Maximizes current browser window.</doc>
<status status="PASS" starttime="20230905 00:10:18.696" endtime="20230905 00:10:18.802"/>
</kw>
<status status="PASS" starttime="20230905 00:10:17.699" endtime="20230905 00:10:18.802"/>
</kw>
<kw name="Given Im on the signup page" library="test_keywords_signup">
<kw name="Location Should Be" library="SeleniumLibrary">
<arg>https://front.serverest.dev/login</arg>
<doc>Verifies that the current URL is exactly ``url``.</doc>
<msg timestamp="20230905 00:10:18.824" level="INFO">Current location is 'https://front.serverest.dev/login'.</msg>
<status status="PASS" starttime="20230905 00:10:18.803" endtime="20230905 00:10:18.824"/>
</kw>
<kw name="Click Element" library="SeleniumLibrary">
<arg>css=a.btn.btn-link</arg>
<doc>Click the element identified by ``locator``.</doc>
<msg timestamp="20230905 00:10:18.825" level="INFO">Clicking element 'css=a.btn.btn-link'.</msg>
<status status="PASS" starttime="20230905 00:10:18.824" endtime="20230905 00:10:18.938"/>
</kw>
<status status="PASS" starttime="20230905 00:10:18.802" endtime="20230905 00:10:18.938"/>
</kw>
<kw name="And I fill in the signup fields with an email already registered" library="test_keywords_signup">
<kw name="Input Text" library="SeleniumLibrary">
<arg>id:nome</arg>
<arg>${name}</arg>
<doc>Types the given ``text`` into the text field identified by ``locator``.</doc>
<msg timestamp="20230905 00:10:18.940" level="INFO">Typing text 'Steven Tyler' into text field 'id:nome'.</msg>
<status status="PASS" starttime="20230905 00:10:18.939" endtime="20230905 00:10:19.086"/>
</kw>
<kw name="Input Text" library="SeleniumLibrary">
<arg>id:email</arg>
<arg>${email}</arg>
<doc>Types the given ``text`` into the text field identified by ``locator``.</doc>
<msg timestamp="20230905 00:10:19.087" level="INFO">Typing text 'richardsontravis@example.org' into text field 'id:email'.</msg>
<status status="PASS" starttime="20230905 00:10:19.086" endtime="20230905 00:10:19.238"/>
</kw>
<kw name="Input Text" library="SeleniumLibrary">
<arg>id:password</arg>
<arg>${password}</arg>
<doc>Types the given ``text`` into the text field identified by ``locator``.</doc>
<msg timestamp="20230905 00:10:19.239" level="INFO">Typing text '3PnEOc3F68QK' into text field 'id:password'.</msg>
<status status="PASS" starttime="20230905 00:10:19.238" endtime="20230905 00:10:19.360"/>
</kw>
<kw name="Select Checkbox" library="SeleniumLibrary">
<arg>id=administrador</arg>
<doc>Selects the checkbox identified by ``locator``.</doc>
<msg timestamp="20230905 00:10:19.361" level="INFO">Selecting checkbox 'id=administrador'.</msg>
<status status="PASS" starttime="20230905 00:10:19.360" endtime="20230905 00:10:19.447"/>
</kw>
<status status="PASS" starttime="20230905 00:10:18.938" endtime="20230905 00:10:19.447"/>
</kw>
<kw name="When I click in signup" library="test_keywords_signup">
<kw name="Click Button" library="SeleniumLibrary">
<arg>css=.btn.btn-primary</arg>
<doc>Clicks the button identified by ``locator``.</doc>
<msg timestamp="20230905 00:10:19.448" level="INFO">Clicking button 'css=.btn.btn-primary'.</msg>
<status status="PASS" starttime="20230905 00:10:19.447" endtime="20230905 00:10:19.520"/>
</kw>
<status status="PASS" starttime="20230905 00:10:19.447" endtime="20230905 00:10:19.520"/>
</kw>
<kw name="Then the page should contain the text &quot;Este email já está sendo usado&quot;" library="test_keywords_signup" sourcename="Then the page should contain the text &quot;${expected_text}&quot;">
<kw name="Wait Until Element Is Visible" library="SeleniumLibrary">
<arg>css=.alert-dismissible</arg>
<arg>timeout=10s</arg>
<doc>Waits until the element ``locator`` is visible.</doc>
<status status="PASS" starttime="20230905 00:10:19.521" endtime="20230905 00:10:19.762"/>
</kw>
<kw name="Element Should Be Visible" library="SeleniumLibrary">
<arg>css=.alert-dismissible</arg>
<doc>Verifies that the element identified by ``locator`` is visible.</doc>
<msg timestamp="20230905 00:10:19.785" level="INFO">Element 'css=.alert-dismissible' is displayed.</msg>
<status status="PASS" starttime="20230905 00:10:19.762" endtime="20230905 00:10:19.785"/>
</kw>
<kw name="Page Should Contain" library="SeleniumLibrary">
<arg>${expected_text}</arg>
<doc>Verifies that current page contains ``text``.</doc>
<msg timestamp="20230905 00:10:19.802" level="INFO">Current page contains text 'Este email já está sendo usado'.</msg>
<status status="PASS" starttime="20230905 00:10:19.786" endtime="20230905 00:10:19.803"/>
</kw>
<status status="PASS" starttime="20230905 00:10:19.521" endtime="20230905 00:10:19.803"/>
</kw>
<kw name="After Tests" library="test_keywords_common" type="TEARDOWN">
<kw name="Close Browser" library="SeleniumLibrary">
<doc>Closes the current browser.</doc>
<status status="PASS" starttime="20230905 00:10:19.804" endtime="20230905 00:10:19.861"/>
</kw>
<status status="PASS" starttime="20230905 00:10:19.803" endtime="20230905 00:10:19.861"/>
</kw>
<tag>e2e</tag>
<status status="PASS" starttime="20230905 00:10:17.698" endtime="20230905 00:10:19.861"/>
</test>
<status status="PASS" starttime="20230905 00:09:55.345" endtime="20230905 00:10:19.862"/>
</suite>
<status status="PASS" starttime="20230905 00:09:55.342" endtime="20230905 00:10:19.864"/>
</suite>
<status status="PASS" starttime="20230905 00:09:53.593" endtime="20230905 00:10:19.865"/>
</suite>
<statistics>
<total>
<stat pass="8" fail="0" skip="0">All Tests</stat>
</total>
<tag>
<stat pass="5" fail="0" skip="0">api</stat>
<stat pass="3" fail="0" skip="0">e2e</stat>
</tag>
<suite>
<stat pass="8" fail="0" skip="0" id="s1" name="Tests">Tests</stat>
<stat pass="5" fail="0" skip="0" id="s1-s1" name="Api">Tests.Api</stat>
<stat pass="5" fail="0" skip="0" id="s1-s1-s1" name="Test Api Users">Tests.Api.Test Api Users</stat>
<stat pass="3" fail="0" skip="0" id="s1-s2" name="E2E">Tests.E2E</stat>
<stat pass="3" fail="0" skip="0" id="s1-s2-s1" name="Test Ui Signup">Tests.E2E.Test Ui Signup</stat>
</suite>
</statistics>
<errors>
</errors>
</robot>
