<?xml version="1.0" encoding="UTF-8"?>
<robot generator="Robot 7.0 (Python 3.8.18 on linux)" generated="2024-04-24T18:22:22.105552" rpa="false" schemaversion="5">
<suite id="s1" name="Tests" source="/home/runner/work/gen-ai-robot-test/gen-ai-robot-test/tests">
<suite id="s1-s1" name="Api" source="/home/runner/work/gen-ai-robot-test/gen-ai-robot-test/tests/api">
<suite id="s1-s1-s1" name="Test Api Users" source="/home/runner/work/gen-ai-robot-test/gen-ai-robot-test/tests/api/test_api_users.robot">
<test id="s1-s1-s1-t1" name="Scenario: Get all registered users" line="9">
<kw name="Before Tests" owner="test_keywords_common" type="SETUP">
<kw name="Create Session" owner="RequestsLibrary">
<msg time="2024-04-24T18:22:24.092968" level="INFO">Creating Session using : alias=serverest, url=https://serverest.dev, headers={},                     cookies={}, auth=None, timeout=None, proxies=None, verify=False,                     debug=0 </msg>
<arg>serverest</arg>
<arg>${SERVER_BASE_URL}</arg>
<arg>disable_warnings=True</arg>
<doc>Create Session: create a HTTP session to a server</doc>
<status status="PASS" start="2024-04-24T18:22:24.092371" elapsed="0.001197"/>
</kw>
<status status="PASS" start="2024-04-24T18:22:24.089225" elapsed="0.004542"/>
</kw>
<kw name="When I request the list of all registered users" owner="test_keywords_users">
<kw name="GET On Session" owner="RequestsLibrary">
<msg time="2024-04-24T18:22:24.217693" level="INFO">GET Request : url=https://serverest.dev/usuarios 
 path_url=/usuarios 
 headers={'User-Agent': 'python-requests/2.31.0', 'Accept-Encoding': 'gzip, deflate', 'Accept': '*/*', 'Connection': 'keep-alive'} 
 body=None 
 </msg>
<msg time="2024-04-24T18:22:24.217880" level="INFO">GET Response : url=https://serverest.dev/usuarios 
 status=200, reason=OK 
 headers={'access-control-allow-origin': '*', 'x-dns-prefetch-control': 'off', 'x-frame-options': 'SAMEORIGIN', 'strict-transport-security': 'max-age=15552000; includeSubDomains', 'x-download-options': 'noopen', 'x-content-type-options': 'nosniff', 'x-xss-protection': '1; mode=block', 'content-type': 'application/json; charset=utf-8', 'X-Cloud-Trace-Context': '697957167272da7fc4e14696beda02ef', 'Date': 'Wed, 24 Apr 2024 18:22:24 GMT', 'Server': 'Google Frontend', 'Content-Length': '4782'} 
 body={
    "quantidade": 22,
    "usuarios": [
        {
            "nome": "Fulano da Silva",
            "email": "fulano@qa.com",
            "password": "teste",
            "administrador": "true",
            "_id": "0uxuPY0cbmQhpEz1"
        },
        {
            "nome": "Fulano da Silva",
            "email": "dhgrpryq@qacoders.com.br",
            "password": "teste",
            "administrador": "true",
            "_id": "42ieCqntcwBlWNtU"
        },
        {
            "nome": "Fulano da Silva",
            "email": "obtkcrle@qacoders.com.br",
            "password": "teste",
            "administrador": "true",
            "_id": "9eo0PGavS3rteX3R"
        },
        {
            "nome": "Fulano da Silva",
            "email": "khsgzrgq@qacoders.com.br",
            "password": "teste",
            "administrador": "false",
            "_id": "C7z6SYESgipYOuNi"
        },
        {
            "nome": "Gov. Sebastian Feeney",
            "email": "josiah_kertzmann@gmail.com",
            "password": "true",
            "administrador": "true",
            "_id": "EmjQylOsLJxgpKOO"
        },
        {
            "nome": "Evette",
            "email": "maribel.herzog@yahoo.com",
            "password": "qqk0jb4d",
            "administrador": "true",
            "_id": "FaJaFkngurblairP"
        },
        {
            "nome": "Fulanos da Silva",
            "email": "jeff@gmail.com",
            "password": "teste",
            "administrador": "true",
            "_id": "Hi6Kd9NTXaIiHicv"
        },
        {
            "nome": "Rob",
            "email": "seth.considine@hotmail.com",
            "password": "vijbb6hru65o9i",
            "administrador": "true",
            "_id": "MGmVocKOEbHIPwbf"
        },
        {
            "nome": "Fulanos da Silva",
            "email": "lettie_wilderman@gmail.com",
            "password": "teste",
            "administrador": "true",
            "_id": "NcVfEQ0ci15kHcJC"
        },
        {
            "nome": "Debbie Harris",
            "email": "rex@gmail.com",
            "password": "true",
            "administrador": "true",
            "_id": "RMbozRjm3pak0wEJ"
        },
        {
            "nome": "Pamela Teste",
            "email": "pamelateste@serverest.com.br",
            "password": "1234@Pamela",
            "administrador": "true",
            "_id": "SD2HgvHFgfTDl6j9"
        },
        {
            "nome": "Fulano da Silva",
            "email": "rateste@qa.com.br",
            "password": "teste",
            "administrador": "true",
            "_id": "SejZzLWabMYnnBXx"
        },
        {
            "nome": "Reyes",
            "email": "luvenia.homenick@hotmail.com",
            "password": "19u8ukwaggyjg4k",
            "administrador": "true",
            "_id": "VoojJjzeqH9soGXO"
        },
        {
            "nome": "Fulano da Silva",
            "email": "pjmagxci@qacoders.com.br",
            "password": "teste",
            "administrador": "true",
            "_id": "aCjXPNjobHdNmmSP"
        },
        {
            "nome": "Fulanos da Silva",
            "email": "kanisha_bogisich@gmail.com",
            "password": "teste",
            "administrador": "true",
            "_id": "cINaJnPUjmB1hZpZ"
        },
        {
            "nome": "Demetra Langosh LLD",
            "email": "edwina@gmail.com",
            "password": "124",
            "administrador": "true",
            "_id": "cXG7SDaHl878R3qn"
        },
        {
            "nome": "Alvaro Raynor",
            "email": "mathew.parisian@gmail.com",
            "password": "true",
            "administrador": "true",
            "_id": "dccoSCgTneDDuxzQ"
        },
        {
            "nome": "Dario Moen Jr.",
            "email": "jermaine@gmail.com",
            "password": "true",
            "administrador": "true",
            "_id": "eidgBwudvO66hFvh"
        },
        {
            "nome": "Salvador",
            "email": "franchesca.bogisich@gmail.com",
            "password": "ctz2w26htze0",
            "administrador": "true",
            "_id": "g20CtvPbivJIYALC"
        },
        {
            "nome": "Fulano da Silva",
            "email": "gltuxhsb@qacoders.com.br",
            "password": "teste",
            "administrador": "true",
            "_id": "gORKoVSWD8EDmM9S"
        },
        {
            "nome": "Fulano da Silva",
            "email": "vttxavuy@qacoders.com.br",
            "password": "teste",
            "administrador": "false",
            "_id": "la4uts9hg9fDDcd2"
        },
        {
            "nome": "{{nome}}",
            "email": "Elda@qa.com.br",
            "password": "eBjy0q0uP88POxN",
            "administrador": "true",
            "_id": "qPkvEHt1e43jKoC7"
        }
    ]
} 
 </msg>
<msg time="2024-04-24T18:22:24.218182" level="INFO">${response} = &lt;Response [200]&gt;</msg>
<var>${response}</var>
<arg>serverest</arg>
<arg>${USERS_API_ENDPOINT}</arg>
<doc>Sends a GET request on a previously created HTTP Session.</doc>
<status status="PASS" start="2024-04-24T18:22:24.094676" elapsed="0.123564"/>
</kw>
<kw name="Set Test Variable" owner="BuiltIn">
<msg time="2024-04-24T18:22:24.219017" level="INFO">${response} = &lt;Response [200]&gt;</msg>
<arg>${response}</arg>
<doc>Makes a variable available everywhere within the scope of the current test.</doc>
<status status="PASS" start="2024-04-24T18:22:24.218589" elapsed="0.000516"/>
</kw>
<status status="PASS" start="2024-04-24T18:22:24.094129" elapsed="0.125123"/>
</kw>
<kw name="Then the response status code should be 200" owner="test_keywords_users" source_name="Then the response status code should be ${status_code}">
<kw name="Should Be Equal As Numbers" owner="BuiltIn">
<msg time="2024-04-24T18:22:24.221426" level="INFO">Argument types are:
&lt;class 'int'&gt;
&lt;class 'str'&gt;</msg>
<arg>${response.status_code}</arg>
<arg>${status_code}</arg>
<doc>Fails if objects are unequal after converting them to real numbers.</doc>
<status status="PASS" start="2024-04-24T18:22:24.220346" elapsed="0.001210"/>
</kw>
<kw name="Should Be True" owner="BuiltIn">
<arg>${response.json()}</arg>
<doc>Fails if the given condition is not true.</doc>
<status status="PASS" start="2024-04-24T18:22:24.221917" elapsed="0.001064"/>
</kw>
<status status="PASS" start="2024-04-24T18:22:24.219610" elapsed="0.003523"/>
</kw>
<kw name="And the response body should not be empty" owner="test_keywords_users">
<kw name="Should Not Be Empty" owner="BuiltIn">
<msg time="2024-04-24T18:22:24.225002" level="INFO">Length is 2.</msg>
<arg>${response.json()}</arg>
<doc>Verifies that the given item is not empty.</doc>
<status status="PASS" start="2024-04-24T18:22:24.223993" elapsed="0.001115"/>
</kw>
<status status="PASS" start="2024-04-24T18:22:24.223448" elapsed="0.001807"/>
</kw>
<tag>api</tag>
<status status="PASS" start="2024-04-24T18:22:24.087848" elapsed="0.137659"/>
</test>
<test id="s1-s1-s1-t2" name="Scenario: Create a new user" line="15">
<kw name="Before Tests" owner="test_keywords_common" type="SETUP">
<kw name="Create Session" owner="RequestsLibrary">
<msg time="2024-04-24T18:22:24.227945" level="INFO">Creating Session using : alias=serverest, url=https://serverest.dev, headers={},                     cookies={}, auth=None, timeout=None, proxies=None, verify=False,                     debug=0 </msg>
<arg>serverest</arg>
<arg>${SERVER_BASE_URL}</arg>
<arg>disable_warnings=True</arg>
<doc>Create Session: create a HTTP session to a server</doc>
<status status="PASS" start="2024-04-24T18:22:24.227475" elapsed="0.000815"/>
</kw>
<status status="PASS" start="2024-04-24T18:22:24.226935" elapsed="0.001521"/>
</kw>
<kw name="Given I have a valid user data" owner="test_keywords_users">
<kw name="Name" owner="FakerLibrary">
<msg time="2024-04-24T18:22:24.230143" level="INFO">${name} = Bianca Fuller</msg>
<var>${name}</var>
<doc>:example: 'John Doe'</doc>
<status status="PASS" start="2024-04-24T18:22:24.229404" elapsed="0.000796"/>
</kw>
<kw name="Email" owner="FakerLibrary">
<msg time="2024-04-24T18:22:24.231034" level="INFO">${email} = gmiller@example.com</msg>
<var>${email}</var>
<status status="PASS" start="2024-04-24T18:22:24.230474" elapsed="0.000615"/>
</kw>
<kw name="Password" owner="FakerLibrary">
<msg time="2024-04-24T18:22:24.231857" level="INFO">${password} = Hxez8rH79tsm</msg>
<var>${password}</var>
<arg>length=12</arg>
<arg>special_chars=False</arg>
<doc>Generate a random password of the specified ``length``.</doc>
<status status="PASS" start="2024-04-24T18:22:24.231360" elapsed="0.000552"/>
</kw>
<kw name="Set Suite Variable" owner="BuiltIn">
<msg time="2024-04-24T18:22:24.232645" level="INFO">${name} = Bianca Fuller</msg>
<arg>${name}</arg>
<doc>Makes a variable available everywhere within the scope of the current suite.</doc>
<status status="PASS" start="2024-04-24T18:22:24.232235" elapsed="0.000494"/>
</kw>
<kw name="Set Suite Variable" owner="BuiltIn">
<msg time="2024-04-24T18:22:24.233450" level="INFO">${email} = gmiller@example.com</msg>
<arg>${email}</arg>
<doc>Makes a variable available everywhere within the scope of the current suite.</doc>
<status status="PASS" start="2024-04-24T18:22:24.233048" elapsed="0.000485"/>
</kw>
<kw name="Set Suite Variable" owner="BuiltIn">
<msg time="2024-04-24T18:22:24.234212" level="INFO">${password} = Hxez8rH79tsm</msg>
<arg>${password}</arg>
<doc>Makes a variable available everywhere within the scope of the current suite.</doc>
<status status="PASS" start="2024-04-24T18:22:24.233819" elapsed="0.000474"/>
</kw>
<status status="PASS" start="2024-04-24T18:22:24.228875" elapsed="0.005555"/>
</kw>
<kw name="When I create the user" owner="test_keywords_users">
<kw name="Create Dictionary" owner="BuiltIn">
<msg time="2024-04-24T18:22:24.236163" level="INFO">${payload} = {'nome': 'Bianca Fuller', 'email': 'gmiller@example.com', 'password': 'Hxez8rH79tsm', 'administrador': 'false'}</msg>
<var>${payload}</var>
<arg>nome=${name}</arg>
<arg>email=${email}</arg>
<arg>password=${password}</arg>
<arg>administrador=false</arg>
<doc>Creates and returns a dictionary based on the given ``items``.</doc>
<status status="PASS" start="2024-04-24T18:22:24.235330" elapsed="0.000890"/>
</kw>
<kw name="Create Dictionary" owner="BuiltIn">
<msg time="2024-04-24T18:22:24.236920" level="INFO">${headers} = {'Content-Type': 'application/json'}</msg>
<var>${headers}</var>
<arg>Content-Type=application/json</arg>
<doc>Creates and returns a dictionary based on the given ``items``.</doc>
<status status="PASS" start="2024-04-24T18:22:24.236556" elapsed="0.000419"/>
</kw>
<kw name="POST On Session" owner="RequestsLibrary">
<msg time="2024-04-24T18:22:24.319636" level="INFO">POST Request : url=https://serverest.dev/usuarios 
 path_url=/usuarios 
 headers={'User-Agent': 'python-requests/2.31.0', 'Accept-Encoding': 'gzip, deflate', 'Accept': '*/*', 'Connection': 'keep-alive', 'Content-Type': 'application/json', 'Content-Length': '111'} 
 body=b'{"nome": "Bianca Fuller", "email": "gmiller@example.com", "password": "Hxez8rH79tsm", "administrador": "false"}' 
 </msg>
<msg time="2024-04-24T18:22:24.319781" level="INFO">POST Response : url=https://serverest.dev/usuarios 
 status=201, reason=Created 
 headers={'access-control-allow-origin': '*', 'x-dns-prefetch-control': 'off', 'x-frame-options': 'SAMEORIGIN', 'strict-transport-security': 'max-age=15552000; includeSubDomains', 'x-download-options': 'noopen', 'x-content-type-options': 'nosniff', 'x-xss-protection': '1; mode=block', 'content-type': 'application/json; charset=utf-8', 'X-Cloud-Trace-Context': 'bab61f8781399df90227e2c9a6cb8492', 'Date': 'Wed, 24 Apr 2024 18:22:24 GMT', 'Server': 'Google Frontend', 'Content-Length': '82'} 
 body={
    "message": "Cadastro realizado com sucesso",
    "_id": "tWPy5ZoQ1IPWBzMk"
} 
 </msg>
<msg time="2024-04-24T18:22:24.319988" level="INFO">${response} = &lt;Response [201]&gt;</msg>
<var>${response}</var>
<arg>serverest</arg>
<arg>${USERS_API_ENDPOINT}</arg>
<arg>json=${payload}</arg>
<arg>headers=${headers}</arg>
<doc>Sends a POST request on a previously created HTTP Session.</doc>
<status status="PASS" start="2024-04-24T18:22:24.237257" elapsed="0.082787"/>
</kw>
<kw name="Set Variable" owner="BuiltIn">
<msg time="2024-04-24T18:22:24.321520" level="INFO">${user_id} = tWPy5ZoQ1IPWBzMk</msg>
<var>${user_id}</var>
<arg>${response.json()['_id']}</arg>
<doc>Returns the given values which can then be assigned to a variables.</doc>
<status status="PASS" start="2024-04-24T18:22:24.320384" elapsed="0.001194"/>
</kw>
<kw name="Set Global Variable" owner="BuiltIn">
<msg time="2024-04-24T18:22:24.322442" level="INFO">${USER_ID} = tWPy5ZoQ1IPWBzMk</msg>
<arg>${USER_ID}</arg>
<arg>${user_id}</arg>
<doc>Makes a variable available globally in all tests and suites.</doc>
<status status="PASS" start="2024-04-24T18:22:24.321894" elapsed="0.000635"/>
</kw>
<kw name="Set Test Variable" owner="BuiltIn">
<msg time="2024-04-24T18:22:24.323211" level="INFO">${response} = &lt;Response [201]&gt;</msg>
<arg>${response}</arg>
<doc>Makes a variable available everywhere within the scope of the current test.</doc>
<status status="PASS" start="2024-04-24T18:22:24.322828" elapsed="0.000468"/>
</kw>
<status status="PASS" start="2024-04-24T18:22:24.234801" elapsed="0.088634"/>
</kw>
<kw name="Then the response status code should be 201" owner="test_keywords_users" source_name="Then the response status code should be ${status_code}">
<kw name="Should Be Equal As Numbers" owner="BuiltIn">
<msg time="2024-04-24T18:22:24.325438" level="INFO">Argument types are:
&lt;class 'int'&gt;
&lt;class 'str'&gt;</msg>
<arg>${response.status_code}</arg>
<arg>${status_code}</arg>
<doc>Fails if objects are unequal after converting them to real numbers.</doc>
<status status="PASS" start="2024-04-24T18:22:24.324385" elapsed="0.001172"/>
</kw>
<kw name="Should Be True" owner="BuiltIn">
<arg>${response.json()}</arg>
<doc>Fails if the given condition is not true.</doc>
<status status="PASS" start="2024-04-24T18:22:24.325849" elapsed="0.000982"/>
</kw>
<status status="PASS" start="2024-04-24T18:22:24.323781" elapsed="0.003252"/>
</kw>
<kw name="And the response body should not be empty" owner="test_keywords_users">
<kw name="Should Not Be Empty" owner="BuiltIn">
<msg time="2024-04-24T18:22:24.328873" level="INFO">Length is 2.</msg>
<arg>${response.json()}</arg>
<doc>Verifies that the given item is not empty.</doc>
<status status="PASS" start="2024-04-24T18:22:24.327900" elapsed="0.001070"/>
</kw>
<status status="PASS" start="2024-04-24T18:22:24.327357" elapsed="0.001757"/>
</kw>
<tag>api</tag>
<status status="PASS" start="2024-04-24T18:22:24.226094" elapsed="0.103258"/>
</test>
<test id="s1-s1-s1-t3" name="Scenario: Get a specific user informations" line="22">
<kw name="Before Tests" owner="test_keywords_common" type="SETUP">
<kw name="Create Session" owner="RequestsLibrary">
<msg time="2024-04-24T18:22:24.331736" level="INFO">Creating Session using : alias=serverest, url=https://serverest.dev, headers={},                     cookies={}, auth=None, timeout=None, proxies=None, verify=False,                     debug=0 </msg>
<arg>serverest</arg>
<arg>${SERVER_BASE_URL}</arg>
<arg>disable_warnings=True</arg>
<doc>Create Session: create a HTTP session to a server</doc>
<status status="PASS" start="2024-04-24T18:22:24.331281" elapsed="0.000792"/>
</kw>
<status status="PASS" start="2024-04-24T18:22:24.330761" elapsed="0.001476"/>
</kw>
<kw name="When I request the created user" owner="test_keywords_users">
<kw name="GET On Session" owner="RequestsLibrary">
<msg time="2024-04-24T18:22:24.413750" level="INFO">GET Request : url=https://serverest.dev/usuarios/tWPy5ZoQ1IPWBzMk 
 path_url=/usuarios/tWPy5ZoQ1IPWBzMk 
 headers={'User-Agent': 'python-requests/2.31.0', 'Accept-Encoding': 'gzip, deflate', 'Accept': '*/*', 'Connection': 'keep-alive'} 
 body=None 
 </msg>
<msg time="2024-04-24T18:22:24.413878" level="INFO">GET Response : url=https://serverest.dev/usuarios/tWPy5ZoQ1IPWBzMk 
 status=200, reason=OK 
 headers={'access-control-allow-origin': '*', 'x-dns-prefetch-control': 'off', 'x-frame-options': 'SAMEORIGIN', 'strict-transport-security': 'max-age=15552000; includeSubDomains', 'x-download-options': 'noopen', 'x-content-type-options': 'nosniff', 'x-xss-protection': '1; mode=block', 'content-type': 'application/json; charset=utf-8', 'X-Cloud-Trace-Context': '9208567e85b2d2753bafe3e0aeb04f75', 'Date': 'Wed, 24 Apr 2024 18:22:24 GMT', 'Server': 'Google Frontend', 'Content-Length': '160'} 
 body={
    "nome": "Bianca Fuller",
    "email": "gmiller@example.com",
    "password": "Hxez8rH79tsm",
    "administrador": "false",
    "_id": "tWPy5ZoQ1IPWBzMk"
} 
 </msg>
<msg time="2024-04-24T18:22:24.414072" level="INFO">${response} = &lt;Response [200]&gt;</msg>
<var>${response}</var>
<arg>serverest</arg>
<arg>${USERS_API_ENDPOINT}/${USER_ID}</arg>
<doc>Sends a GET request on a previously created HTTP Session.</doc>
<status status="PASS" start="2024-04-24T18:22:24.333130" elapsed="0.080998"/>
</kw>
<kw name="Set Test Variable" owner="BuiltIn">
<msg time="2024-04-24T18:22:24.414868" level="INFO">${response} = &lt;Response [200]&gt;</msg>
<arg>${response}</arg>
<doc>Makes a variable available everywhere within the scope of the current test.</doc>
<status status="PASS" start="2024-04-24T18:22:24.414458" elapsed="0.000500"/>
</kw>
<status status="PASS" start="2024-04-24T18:22:24.332582" elapsed="0.082520"/>
</kw>
<kw name="Then the response status code should be 200" owner="test_keywords_users" source_name="Then the response status code should be ${status_code}">
<kw name="Should Be Equal As Numbers" owner="BuiltIn">
<msg time="2024-04-24T18:22:24.417212" level="INFO">Argument types are:
&lt;class 'int'&gt;
&lt;class 'str'&gt;</msg>
<arg>${response.status_code}</arg>
<arg>${status_code}</arg>
<doc>Fails if objects are unequal after converting them to real numbers.</doc>
<status status="PASS" start="2024-04-24T18:22:24.416077" elapsed="0.001257"/>
</kw>
<kw name="Should Be True" owner="BuiltIn">
<arg>${response.json()}</arg>
<doc>Fails if the given condition is not true.</doc>
<status status="PASS" start="2024-04-24T18:22:24.417635" elapsed="0.000990"/>
</kw>
<status status="PASS" start="2024-04-24T18:22:24.415453" elapsed="0.003322"/>
</kw>
<kw name="And the response body should not be empty" owner="test_keywords_users">
<kw name="Should Not Be Empty" owner="BuiltIn">
<msg time="2024-04-24T18:22:24.420605" level="INFO">Length is 5.</msg>
<arg>${response.json()}</arg>
<doc>Verifies that the given item is not empty.</doc>
<status status="PASS" start="2024-04-24T18:22:24.419637" elapsed="0.001067"/>
</kw>
<status status="PASS" start="2024-04-24T18:22:24.419092" elapsed="0.001786"/>
</kw>
<tag>api</tag>
<status status="PASS" start="2024-04-24T18:22:24.329895" elapsed="0.091229"/>
</test>
<test id="s1-s1-s1-t4" name="Scenario: Update the created user" line="28">
<kw name="Before Tests" owner="test_keywords_common" type="SETUP">
<kw name="Create Session" owner="RequestsLibrary">
<msg time="2024-04-24T18:22:24.423510" level="INFO">Creating Session using : alias=serverest, url=https://serverest.dev, headers={},                     cookies={}, auth=None, timeout=None, proxies=None, verify=False,                     debug=0 </msg>
<arg>serverest</arg>
<arg>${SERVER_BASE_URL}</arg>
<arg>disable_warnings=True</arg>
<doc>Create Session: create a HTTP session to a server</doc>
<status status="PASS" start="2024-04-24T18:22:24.423052" elapsed="0.001047"/>
</kw>
<status status="PASS" start="2024-04-24T18:22:24.422510" elapsed="0.001758"/>
</kw>
<kw name="When I update the created user" owner="test_keywords_users">
<kw name="Create Dictionary" owner="BuiltIn">
<msg time="2024-04-24T18:22:24.425649" level="INFO">${payload} = {'nome': 'John Smith', 'email': 'john.smith@example.com', 'password': 'P@ssw0rd123', 'administrador': 'false'}</msg>
<var>${payload}</var>
<arg>nome=John Smith</arg>
<arg>email=john.smith@example.com</arg>
<arg>password=P@ssw0rd123</arg>
<arg>administrador=false</arg>
<doc>Creates and returns a dictionary based on the given ``items``.</doc>
<status status="PASS" start="2024-04-24T18:22:24.425215" elapsed="0.000492"/>
</kw>
<kw name="Create Dictionary" owner="BuiltIn">
<msg time="2024-04-24T18:22:24.426380" level="INFO">${headers} = {'Content-Type': 'application/json'}</msg>
<var>${headers}</var>
<arg>Content-Type=application/json</arg>
<doc>Creates and returns a dictionary based on the given ``items``.</doc>
<status status="PASS" start="2024-04-24T18:22:24.426037" elapsed="0.000397"/>
</kw>
<kw name="PUT On Session" owner="RequestsLibrary">
<msg time="2024-04-24T18:22:24.510710" level="INFO">PUT Request : url=https://serverest.dev/usuarios/tWPy5ZoQ1IPWBzMk 
 path_url=/usuarios/tWPy5ZoQ1IPWBzMk 
 headers={'User-Agent': 'python-requests/2.31.0', 'Accept-Encoding': 'gzip, deflate', 'Accept': '*/*', 'Connection': 'keep-alive', 'Content-Type': 'application/json', 'Content-Length': '110'} 
 body=b'{"nome": "John Smith", "email": "john.smith@example.com", "password": "P@ssw0rd123", "administrador": "false"}' 
 </msg>
<msg time="2024-04-24T18:22:24.510843" level="INFO">PUT Response : url=https://serverest.dev/usuarios/tWPy5ZoQ1IPWBzMk 
 status=200, reason=OK 
 headers={'access-control-allow-origin': '*', 'x-dns-prefetch-control': 'off', 'x-frame-options': 'SAMEORIGIN', 'strict-transport-security': 'max-age=15552000; includeSubDomains', 'x-download-options': 'noopen', 'x-content-type-options': 'nosniff', 'x-xss-protection': '1; mode=block', 'content-type': 'application/json; charset=utf-8', 'X-Cloud-Trace-Context': 'c21ae4ba1892da49ebfe2903fcd8a0b7', 'Date': 'Wed, 24 Apr 2024 18:22:24 GMT', 'Server': 'Google Frontend', 'Content-Length': '50'} 
 body={
    "message": "Registro alterado com sucesso"
} 
 </msg>
<msg time="2024-04-24T18:22:24.511050" level="INFO">${response} = &lt;Response [200]&gt;</msg>
<var>${response}</var>
<arg>serverest</arg>
<arg>${USERS_API_ENDPOINT}/${USER_ID}</arg>
<arg>json=${payload}</arg>
<arg>headers=${headers}</arg>
<doc>Sends a PUT request on a previously created HTTP Session.</doc>
<status status="PASS" start="2024-04-24T18:22:24.426720" elapsed="0.084388"/>
</kw>
<kw name="Set Test Variable" owner="BuiltIn">
<msg time="2024-04-24T18:22:24.511928" level="INFO">${response} = &lt;Response [200]&gt;</msg>
<arg>${response}</arg>
<doc>Makes a variable available everywhere within the scope of the current test.</doc>
<status status="PASS" start="2024-04-24T18:22:24.511512" elapsed="0.000506"/>
</kw>
<status status="PASS" start="2024-04-24T18:22:24.424644" elapsed="0.087519"/>
</kw>
<kw name="Then the response status code should be 200" owner="test_keywords_users" source_name="Then the response status code should be ${status_code}">
<kw name="Should Be Equal As Numbers" owner="BuiltIn">
<msg time="2024-04-24T18:22:24.514237" level="INFO">Argument types are:
&lt;class 'int'&gt;
&lt;class 'str'&gt;</msg>
<arg>${response.status_code}</arg>
<arg>${status_code}</arg>
<doc>Fails if objects are unequal after converting them to real numbers.</doc>
<status status="PASS" start="2024-04-24T18:22:24.513172" elapsed="0.001188"/>
</kw>
<kw name="Should Be True" owner="BuiltIn">
<arg>${response.json()}</arg>
<doc>Fails if the given condition is not true.</doc>
<status status="PASS" start="2024-04-24T18:22:24.514663" elapsed="0.001005"/>
</kw>
<status status="PASS" start="2024-04-24T18:22:24.512514" elapsed="0.003305"/>
</kw>
<kw name="And the response body should not be empty" owner="test_keywords_users">
<kw name="Should Not Be Empty" owner="BuiltIn">
<msg time="2024-04-24T18:22:24.517714" level="INFO">Length is 1.</msg>
<arg>${response.json()}</arg>
<doc>Verifies that the given item is not empty.</doc>
<status status="PASS" start="2024-04-24T18:22:24.516685" elapsed="0.001129"/>
</kw>
<status status="PASS" start="2024-04-24T18:22:24.516136" elapsed="0.001825"/>
</kw>
<tag>api</tag>
<status status="PASS" start="2024-04-24T18:22:24.421661" elapsed="0.096539"/>
</test>
<test id="s1-s1-s1-t5" name="Scenario: Delete the created user" line="34">
<kw name="Before Tests" owner="test_keywords_common" type="SETUP">
<kw name="Create Session" owner="RequestsLibrary">
<msg time="2024-04-24T18:22:24.520574" level="INFO">Creating Session using : alias=serverest, url=https://serverest.dev, headers={},                     cookies={}, auth=None, timeout=None, proxies=None, verify=False,                     debug=0 </msg>
<arg>serverest</arg>
<arg>${SERVER_BASE_URL}</arg>
<arg>disable_warnings=True</arg>
<doc>Create Session: create a HTTP session to a server</doc>
<status status="PASS" start="2024-04-24T18:22:24.520113" elapsed="0.000815"/>
</kw>
<status status="PASS" start="2024-04-24T18:22:24.519580" elapsed="0.001515"/>
</kw>
<kw name="When I delete the created user" owner="test_keywords_users">
<kw name="DELETE On Session" owner="RequestsLibrary">
<msg time="2024-04-24T18:22:24.608526" level="INFO">DELETE Request : url=https://serverest.dev/usuarios/tWPy5ZoQ1IPWBzMk 
 path_url=/usuarios/tWPy5ZoQ1IPWBzMk 
 headers={'User-Agent': 'python-requests/2.31.0', 'Accept-Encoding': 'gzip, deflate', 'Accept': '*/*', 'Connection': 'keep-alive', 'Content-Length': '0'} 
 body=None 
 </msg>
<msg time="2024-04-24T18:22:24.608701" level="INFO">DELETE Response : url=https://serverest.dev/usuarios/tWPy5ZoQ1IPWBzMk 
 status=200, reason=OK 
 headers={'access-control-allow-origin': '*', 'x-dns-prefetch-control': 'off', 'x-frame-options': 'SAMEORIGIN', 'strict-transport-security': 'max-age=15552000; includeSubDomains', 'x-download-options': 'noopen', 'x-content-type-options': 'nosniff', 'x-xss-protection': '1; mode=block', 'content-type': 'application/json; charset=utf-8', 'X-Cloud-Trace-Context': 'd250ffd3ba66e3f39757fa50d2a716e9', 'Date': 'Wed, 24 Apr 2024 18:22:24 GMT', 'Server': 'Google Frontend', 'Content-Length': '51'} 
 body={
    "message": "Registro excluído com sucesso"
} 
 </msg>
<msg time="2024-04-24T18:22:24.608963" level="INFO">${response} = &lt;Response [200]&gt;</msg>
<var>${response}</var>
<arg>serverest</arg>
<arg>${USERS_API_ENDPOINT}/${USER_ID}</arg>
<doc>Sends a DELETE request on a previously created HTTP Session.</doc>
<status status="PASS" start="2024-04-24T18:22:24.521966" elapsed="0.087056"/>
</kw>
<kw name="Set Test Variable" owner="BuiltIn">
<msg time="2024-04-24T18:22:24.609760" level="INFO">${response} = &lt;Response [200]&gt;</msg>
<arg>${response}</arg>
<doc>Makes a variable available everywhere within the scope of the current test.</doc>
<status status="PASS" start="2024-04-24T18:22:24.609350" elapsed="0.000499"/>
</kw>
<status status="PASS" start="2024-04-24T18:22:24.521443" elapsed="0.088552"/>
</kw>
<kw name="Then the response status code should be 200" owner="test_keywords_users" source_name="Then the response status code should be ${status_code}">
<kw name="Should Be Equal As Numbers" owner="BuiltIn">
<msg time="2024-04-24T18:22:24.612019" level="INFO">Argument types are:
&lt;class 'int'&gt;
&lt;class 'str'&gt;</msg>
<arg>${response.status_code}</arg>
<arg>${status_code}</arg>
<doc>Fails if objects are unequal after converting them to real numbers.</doc>
<status status="PASS" start="2024-04-24T18:22:24.610956" elapsed="0.001183"/>
</kw>
<kw name="Should Be True" owner="BuiltIn">
<arg>${response.json()}</arg>
<doc>Fails if the given condition is not true.</doc>
<status status="PASS" start="2024-04-24T18:22:24.612440" elapsed="0.001030"/>
</kw>
<status status="PASS" start="2024-04-24T18:22:24.610343" elapsed="0.003277"/>
</kw>
<kw name="And the response body should not be empty" owner="test_keywords_users">
<kw name="Should Not Be Empty" owner="BuiltIn">
<msg time="2024-04-24T18:22:24.615437" level="INFO">Length is 1.</msg>
<arg>${response.json()}</arg>
<doc>Verifies that the given item is not empty.</doc>
<status status="PASS" start="2024-04-24T18:22:24.614492" elapsed="0.001042"/>
</kw>
<status status="PASS" start="2024-04-24T18:22:24.613942" elapsed="0.001735"/>
</kw>
<tag>api</tag>
<status status="PASS" start="2024-04-24T18:22:24.518736" elapsed="0.097177"/>
</test>
<status status="PASS" start="2024-04-24T18:22:22.150815" elapsed="2.466016"/>
</suite>
<status status="PASS" start="2024-04-24T18:22:22.148739" elapsed="2.469618"/>
</suite>
<suite id="s1-s2" name="E2E" source="/home/runner/work/gen-ai-robot-test/gen-ai-robot-test/tests/e2e">
<suite id="s1-s2-s1" name="Test Ui Signup" source="/home/runner/work/gen-ai-robot-test/gen-ai-robot-test/tests/e2e/test_ui_signup.robot">
<test id="s1-s2-s1-t1" name="Scenario: Signup with empty fields" line="10">
<kw name="Before Tests" owner="test_keywords_common" type="SETUP">
<kw name="Open Browser" owner="SeleniumLibrary">
<msg time="2024-04-24T18:22:24.635596" level="INFO">Opening browser 'headless Chrome' to base url 'https://front.serverest.dev/'.</msg>
<arg>${SERVER_BASE_URL}</arg>
<arg>${HEADLESS} ${BROWSER}</arg>
<doc>Opens a new browser instance to the optional ``url``.</doc>
<status status="PASS" start="2024-04-24T18:22:24.635102" elapsed="18.572030"/>
</kw>
<kw name="Maximize Browser Window" owner="SeleniumLibrary">
<doc>Maximizes current browser window.</doc>
<status status="PASS" start="2024-04-24T18:22:43.208177" elapsed="0.014876"/>
</kw>
<status status="PASS" start="2024-04-24T18:22:24.634497" elapsed="18.588735"/>
</kw>
<kw name="Given Im on the signup page" owner="test_keywords_signup">
<kw name="Location Should Be" owner="SeleniumLibrary">
<msg time="2024-04-24T18:22:43.243578" level="INFO">Current location is 'https://front.serverest.dev/login'.</msg>
<arg>https://front.serverest.dev/login</arg>
<doc>Verifies that the current URL is exactly ``url``.</doc>
<status status="PASS" start="2024-04-24T18:22:43.224266" elapsed="0.019441"/>
</kw>
<kw name="Click Element" owner="SeleniumLibrary">
<msg time="2024-04-24T18:22:43.244664" level="INFO">Clicking element 'css=a.btn.btn-link'.</msg>
<arg>css=a.btn.btn-link</arg>
<doc>Click the element identified by ``locator``.</doc>
<status status="PASS" start="2024-04-24T18:22:43.243980" elapsed="0.231576"/>
</kw>
<status status="PASS" start="2024-04-24T18:22:43.223694" elapsed="0.252113"/>
</kw>
<kw name="When I click in signup" owner="test_keywords_signup">
<kw name="Click Button" owner="SeleniumLibrary">
<msg time="2024-04-24T18:22:43.477456" level="INFO">Clicking button 'css=.btn.btn-primary'.</msg>
<arg>css=.btn.btn-primary</arg>
<doc>Clicks the button identified by ``locator``.</doc>
<status status="PASS" start="2024-04-24T18:22:43.476971" elapsed="0.245060"/>
</kw>
<status status="PASS" start="2024-04-24T18:22:43.476205" elapsed="0.246131"/>
</kw>
<kw name="Then required field messages should be displayed" owner="test_keywords_signup">
<kw name="Wait Until Element Is Visible" owner="SeleniumLibrary">
<arg>css=.alert-dismissible</arg>
<arg>timeout=10s</arg>
<doc>Waits until the element ``locator`` is visible.</doc>
<status status="PASS" start="2024-04-24T18:22:43.723345" elapsed="0.233915"/>
</kw>
<kw name="Element Should Be Visible" owner="SeleniumLibrary">
<msg time="2024-04-24T18:22:43.972154" level="INFO">Element 'css=.alert-dismissible' is displayed.</msg>
<arg>css=.alert-dismissible</arg>
<doc>Verifies that the element identified by ``locator`` is visible.</doc>
<status status="PASS" start="2024-04-24T18:22:43.957704" elapsed="0.014559"/>
</kw>
<kw name="Page Should Contain" owner="SeleniumLibrary">
<msg time="2024-04-24T18:22:44.099316" level="INFO">Current page contains text 'Nome é obrigatório'.</msg>
<arg>Nome é obrigatório</arg>
<doc>Verifies that current page contains ``text``.</doc>
<status status="PASS" start="2024-04-24T18:22:43.972541" elapsed="0.126958"/>
</kw>
<kw name="Page Should Contain" owner="SeleniumLibrary">
<msg time="2024-04-24T18:22:44.112033" level="INFO">Current page contains text 'Email é obrigatório'.</msg>
<arg>Email é obrigatório</arg>
<doc>Verifies that current page contains ``text``.</doc>
<status status="PASS" start="2024-04-24T18:22:44.099899" elapsed="0.012222"/>
</kw>
<kw name="Page Should Contain" owner="SeleniumLibrary">
<msg time="2024-04-24T18:22:44.124380" level="INFO">Current page contains text 'Password é obrigatório'.</msg>
<arg>Password é obrigatório</arg>
<doc>Verifies that current page contains ``text``.</doc>
<status status="PASS" start="2024-04-24T18:22:44.112357" elapsed="0.012121"/>
</kw>
<status status="PASS" start="2024-04-24T18:22:43.722807" elapsed="0.401802"/>
</kw>
<kw name="After Tests" owner="test_keywords_common" type="TEARDOWN">
<kw name="Close Browser" owner="SeleniumLibrary">
<doc>Closes the current browser.</doc>
<status status="PASS" start="2024-04-24T18:22:44.125580" elapsed="0.069777"/>
</kw>
<status status="PASS" start="2024-04-24T18:22:44.125143" elapsed="0.070481"/>
</kw>
<tag>e2e</tag>
<status status="PASS" start="2024-04-24T18:22:24.633511" elapsed="19.562249"/>
</test>
<test id="s1-s2-s1-t2" name="Scenario: Signup done successfully" line="16">
<kw name="Before Tests" owner="test_keywords_common" type="SETUP">
<kw name="Open Browser" owner="SeleniumLibrary">
<msg time="2024-04-24T18:22:44.197972" level="INFO">Opening browser 'headless Chrome' to base url 'https://front.serverest.dev/'.</msg>
<arg>${SERVER_BASE_URL}</arg>
<arg>${HEADLESS} ${BROWSER}</arg>
<doc>Opens a new browser instance to the optional ``url``.</doc>
<status status="PASS" start="2024-04-24T18:22:44.197594" elapsed="0.994396"/>
</kw>
<kw name="Maximize Browser Window" owner="SeleniumLibrary">
<doc>Maximizes current browser window.</doc>
<status status="PASS" start="2024-04-24T18:22:45.192899" elapsed="0.112441"/>
</kw>
<status status="PASS" start="2024-04-24T18:22:44.197128" elapsed="1.108572"/>
</kw>
<kw name="Given Im on the signup page" owner="test_keywords_signup">
<kw name="Location Should Be" owner="SeleniumLibrary">
<msg time="2024-04-24T18:22:45.313050" level="INFO">Current location is 'https://front.serverest.dev/login'.</msg>
<arg>https://front.serverest.dev/login</arg>
<doc>Verifies that the current URL is exactly ``url``.</doc>
<status status="PASS" start="2024-04-24T18:22:45.307278" elapsed="0.005924"/>
</kw>
<kw name="Click Element" owner="SeleniumLibrary">
<msg time="2024-04-24T18:22:45.314031" level="INFO">Clicking element 'css=a.btn.btn-link'.</msg>
<arg>css=a.btn.btn-link</arg>
<doc>Click the element identified by ``locator``.</doc>
<status status="PASS" start="2024-04-24T18:22:45.313553" elapsed="0.152419"/>
</kw>
<status status="PASS" start="2024-04-24T18:22:45.306405" elapsed="0.159933"/>
</kw>
<kw name="And I fill in the signup fields with valid data" owner="test_keywords_signup">
<kw name="Name" owner="FakerLibrary">
<msg time="2024-04-24T18:22:45.469295" level="INFO">${name} = Jared Noble</msg>
<var>${name}</var>
<doc>:example: 'John Doe'</doc>
<status status="PASS" start="2024-04-24T18:22:45.467953" elapsed="0.001413"/>
</kw>
<kw name="Email" owner="FakerLibrary">
<msg time="2024-04-24T18:22:45.470512" level="INFO">${email} = emilysanchez@example.org</msg>
<var>${email}</var>
<status status="PASS" start="2024-04-24T18:22:45.469694" elapsed="0.000866"/>
</kw>
<kw name="Password" owner="FakerLibrary">
<msg time="2024-04-24T18:22:45.471444" level="INFO">${password} = 5weFRPbmIL2T</msg>
<var>${password}</var>
<arg>length=12</arg>
<arg>special_chars=False</arg>
<doc>Generate a random password of the specified ``length``.</doc>
<status status="PASS" start="2024-04-24T18:22:45.470796" elapsed="0.000703"/>
</kw>
<kw name="Input Text" owner="SeleniumLibrary">
<msg time="2024-04-24T18:22:45.472350" level="INFO">Typing text 'Jared Noble' into text field 'id:nome'.</msg>
<arg>id:nome</arg>
<arg>${name}</arg>
<doc>Types the given ``text`` into the text field identified by ``locator``.</doc>
<status status="PASS" start="2024-04-24T18:22:45.471848" elapsed="0.241447"/>
</kw>
<kw name="Input Text" owner="SeleniumLibrary">
<msg time="2024-04-24T18:22:45.714459" level="INFO">Typing text 'emilysanchez@example.org' into text field 'id:email'.</msg>
<arg>id:email</arg>
<arg>${email}</arg>
<doc>Types the given ``text`` into the text field identified by ``locator``.</doc>
<status status="PASS" start="2024-04-24T18:22:45.713878" elapsed="0.159628"/>
</kw>
<kw name="Input Text" owner="SeleniumLibrary">
<msg time="2024-04-24T18:22:45.874772" level="INFO">Typing text '5weFRPbmIL2T' into text field 'id:password'.</msg>
<arg>id:password</arg>
<arg>${password}</arg>
<doc>Types the given ``text`` into the text field identified by ``locator``.</doc>
<status status="PASS" start="2024-04-24T18:22:45.874124" elapsed="0.086916"/>
</kw>
<kw name="Select Checkbox" owner="SeleniumLibrary">
<msg time="2024-04-24T18:22:45.962005" level="INFO">Selecting checkbox 'id=administrador'.</msg>
<arg>id=administrador</arg>
<doc>Selects the checkbox identified by ``locator``.</doc>
<status status="PASS" start="2024-04-24T18:22:45.961551" elapsed="0.081558"/>
</kw>
<kw name="Set Suite Variable" owner="BuiltIn">
<msg time="2024-04-24T18:22:46.044103" level="INFO">${name} = Jared Noble</msg>
<arg>${name}</arg>
<doc>Makes a variable available everywhere within the scope of the current suite.</doc>
<status status="PASS" start="2024-04-24T18:22:46.043615" elapsed="0.000544"/>
</kw>
<kw name="Set Suite Variable" owner="BuiltIn">
<msg time="2024-04-24T18:22:46.044531" level="INFO">${email} = emilysanchez@example.org</msg>
<arg>${email}</arg>
<doc>Makes a variable available everywhere within the scope of the current suite.</doc>
<status status="PASS" start="2024-04-24T18:22:46.044323" elapsed="0.000253"/>
</kw>
<kw name="Set Suite Variable" owner="BuiltIn">
<msg time="2024-04-24T18:22:46.044973" level="INFO">${password} = 5weFRPbmIL2T</msg>
<arg>${password}</arg>
<doc>Makes a variable available everywhere within the scope of the current suite.</doc>
<status status="PASS" start="2024-04-24T18:22:46.044732" elapsed="0.000288"/>
</kw>
<status status="PASS" start="2024-04-24T18:22:45.467083" elapsed="0.578036"/>
</kw>
<kw name="When I click in signup" owner="test_keywords_signup">
<kw name="Click Button" owner="SeleniumLibrary">
<msg time="2024-04-24T18:22:46.046035" level="INFO">Clicking button 'css=.btn.btn-primary'.</msg>
<arg>css=.btn.btn-primary</arg>
<doc>Clicks the button identified by ``locator``.</doc>
<status status="PASS" start="2024-04-24T18:22:46.045723" elapsed="0.066513"/>
</kw>
<status status="PASS" start="2024-04-24T18:22:46.045363" elapsed="0.067130"/>
</kw>
<kw name="Then the page should contain the text &quot;Cadastro realizado com sucesso&quot;" owner="test_keywords_signup" source_name="Then the page should contain the text &quot;${expected_text}&quot;">
<kw name="Wait Until Element Is Visible" owner="SeleniumLibrary">
<arg>css=.alert-dismissible</arg>
<arg>timeout=10s</arg>
<doc>Waits until the element ``locator`` is visible.</doc>
<status status="PASS" start="2024-04-24T18:22:46.113973" elapsed="0.228847"/>
</kw>
<kw name="Element Should Be Visible" owner="SeleniumLibrary">
<msg time="2024-04-24T18:22:46.357109" level="INFO">Element 'css=.alert-dismissible' is displayed.</msg>
<arg>css=.alert-dismissible</arg>
<doc>Verifies that the element identified by ``locator`` is visible.</doc>
<status status="PASS" start="2024-04-24T18:22:46.343276" elapsed="0.013945"/>
</kw>
<kw name="Page Should Contain" owner="SeleniumLibrary">
<msg time="2024-04-24T18:22:46.370113" level="INFO">Current page contains text 'Cadastro realizado com sucesso'.</msg>
<arg>${expected_text}</arg>
<doc>Verifies that current page contains ``text``.</doc>
<status status="PASS" start="2024-04-24T18:22:46.357528" elapsed="0.012699"/>
</kw>
<status status="PASS" start="2024-04-24T18:22:46.113091" elapsed="0.257298"/>
</kw>
<kw name="After Tests" owner="test_keywords_common" type="TEARDOWN">
<kw name="Close Browser" owner="SeleniumLibrary">
<doc>Closes the current browser.</doc>
<status status="PASS" start="2024-04-24T18:22:46.371479" elapsed="0.066587"/>
</kw>
<status status="PASS" start="2024-04-24T18:22:46.370943" elapsed="0.067362"/>
</kw>
<tag>e2e</tag>
<status status="PASS" start="2024-04-24T18:22:44.196411" elapsed="2.242030"/>
</test>
<test id="s1-s2-s1-t3" name="Scenario: Signup with already used email" line="23">
<kw name="Before Tests" owner="test_keywords_common" type="SETUP">
<kw name="Open Browser" owner="SeleniumLibrary">
<msg time="2024-04-24T18:22:46.440958" level="INFO">Opening browser 'headless Chrome' to base url 'https://front.serverest.dev/'.</msg>
<arg>${SERVER_BASE_URL}</arg>
<arg>${HEADLESS} ${BROWSER}</arg>
<doc>Opens a new browser instance to the optional ``url``.</doc>
<status status="PASS" start="2024-04-24T18:22:46.440546" elapsed="0.997392"/>
</kw>
<kw name="Maximize Browser Window" owner="SeleniumLibrary">
<doc>Maximizes current browser window.</doc>
<status status="PASS" start="2024-04-24T18:22:47.438816" elapsed="0.181632"/>
</kw>
<status status="PASS" start="2024-04-24T18:22:46.440059" elapsed="1.180872"/>
</kw>
<kw name="Given Im on the signup page" owner="test_keywords_signup">
<kw name="Location Should Be" owner="SeleniumLibrary">
<msg time="2024-04-24T18:22:47.631412" level="INFO">Current location is 'https://front.serverest.dev/login'.</msg>
<arg>https://front.serverest.dev/login</arg>
<doc>Verifies that the current URL is exactly ``url``.</doc>
<status status="PASS" start="2024-04-24T18:22:47.623074" elapsed="0.008473"/>
</kw>
<kw name="Click Element" owner="SeleniumLibrary">
<msg time="2024-04-24T18:22:47.632261" level="INFO">Clicking element 'css=a.btn.btn-link'.</msg>
<arg>css=a.btn.btn-link</arg>
<doc>Click the element identified by ``locator``.</doc>
<status status="PASS" start="2024-04-24T18:22:47.631869" elapsed="0.351281"/>
</kw>
<status status="PASS" start="2024-04-24T18:22:47.621892" elapsed="0.361683"/>
</kw>
<kw name="And I fill in the signup fields with an email already registered" owner="test_keywords_signup">
<kw name="Input Text" owner="SeleniumLibrary">
<msg time="2024-04-24T18:22:47.986083" level="INFO">Typing text 'Jared Noble' into text field 'id:nome'.</msg>
<arg>id:nome</arg>
<arg>${name}</arg>
<doc>Types the given ``text`` into the text field identified by ``locator``.</doc>
<status status="PASS" start="2024-04-24T18:22:47.985390" elapsed="0.146078"/>
</kw>
<kw name="Input Text" owner="SeleniumLibrary">
<msg time="2024-04-24T18:22:48.132618" level="INFO">Typing text 'emilysanchez@example.org' into text field 'id:email'.</msg>
<arg>id:email</arg>
<arg>${email}</arg>
<doc>Types the given ``text`` into the text field identified by ``locator``.</doc>
<status status="PASS" start="2024-04-24T18:22:48.132046" elapsed="0.144103"/>
</kw>
<kw name="Input Text" owner="SeleniumLibrary">
<msg time="2024-04-24T18:22:48.277455" level="INFO">Typing text '5weFRPbmIL2T' into text field 'id:password'.</msg>
<arg>id:password</arg>
<arg>${password}</arg>
<doc>Types the given ``text`` into the text field identified by ``locator``.</doc>
<status status="PASS" start="2024-04-24T18:22:48.276715" elapsed="0.132681"/>
</kw>
<kw name="Select Checkbox" owner="SeleniumLibrary">
<msg time="2024-04-24T18:22:48.410478" level="INFO">Selecting checkbox 'id=administrador'.</msg>
<arg>id=administrador</arg>
<doc>Selects the checkbox identified by ``locator``.</doc>
<status status="PASS" start="2024-04-24T18:22:48.409977" elapsed="0.103887"/>
</kw>
<status status="PASS" start="2024-04-24T18:22:47.984349" elapsed="0.529888"/>
</kw>
<kw name="When I click in signup" owner="test_keywords_signup">
<kw name="Click Button" owner="SeleniumLibrary">
<msg time="2024-04-24T18:22:48.516234" level="INFO">Clicking button 'css=.btn.btn-primary'.</msg>
<arg>css=.btn.btn-primary</arg>
<doc>Clicks the button identified by ``locator``.</doc>
<status status="PASS" start="2024-04-24T18:22:48.515758" elapsed="0.083260"/>
</kw>
<status status="PASS" start="2024-04-24T18:22:48.514904" elapsed="0.084484"/>
</kw>
<kw name="Then the page should contain the text &quot;Este email já está sendo usado&quot;" owner="test_keywords_signup" source_name="Then the page should contain the text &quot;${expected_text}&quot;">
<kw name="Wait Until Element Is Visible" owner="SeleniumLibrary">
<arg>css=.alert-dismissible</arg>
<arg>timeout=10s</arg>
<doc>Waits until the element ``locator`` is visible.</doc>
<status status="PASS" start="2024-04-24T18:22:48.601057" elapsed="0.241289"/>
</kw>
<kw name="Element Should Be Visible" owner="SeleniumLibrary">
<msg time="2024-04-24T18:22:48.862368" level="INFO">Element 'css=.alert-dismissible' is displayed.</msg>
<arg>css=.alert-dismissible</arg>
<doc>Verifies that the element identified by ``locator`` is visible.</doc>
<status status="PASS" start="2024-04-24T18:22:48.842873" elapsed="0.019628"/>
</kw>
<kw name="Page Should Contain" owner="SeleniumLibrary">
<msg time="2024-04-24T18:22:48.883823" level="INFO">Current page contains text 'Este email já está sendo usado'.</msg>
<arg>${expected_text}</arg>
<doc>Verifies that current page contains ``text``.</doc>
<status status="PASS" start="2024-04-24T18:22:48.862828" elapsed="0.021180"/>
</kw>
<status status="PASS" start="2024-04-24T18:22:48.600097" elapsed="0.284125"/>
</kw>
<kw name="After Tests" owner="test_keywords_common" type="TEARDOWN">
<kw name="Close Browser" owner="SeleniumLibrary">
<doc>Closes the current browser.</doc>
<status status="PASS" start="2024-04-24T18:22:48.885469" elapsed="0.076656"/>
</kw>
<status status="PASS" start="2024-04-24T18:22:48.884855" elapsed="0.077508"/>
</kw>
<tag>e2e</tag>
<status status="PASS" start="2024-04-24T18:22:46.439122" elapsed="2.523384"/>
</test>
<status status="PASS" start="2024-04-24T18:22:24.621793" elapsed="24.341942"/>
</suite>
<status status="PASS" start="2024-04-24T18:22:24.619339" elapsed="24.346230"/>
</suite>
<status status="PASS" start="2024-04-24T18:22:22.107197" elapsed="26.859764"/>
</suite>
<statistics>
<total>
<stat pass="8" fail="0" skip="0">All Tests</stat>
</total>
<tag>
<stat pass="5" fail="0" skip="0">api</stat>
<stat pass="3" fail="0" skip="0">e2e</stat>
</tag>
<suite>
<stat pass="8" fail="0" skip="0" id="s1" name="Tests">Tests</stat>
<stat pass="5" fail="0" skip="0" id="s1-s1" name="Api">Tests.Api</stat>
<stat pass="5" fail="0" skip="0" id="s1-s1-s1" name="Test Api Users">Tests.Api.Test Api Users</stat>
<stat pass="3" fail="0" skip="0" id="s1-s2" name="E2E">Tests.E2E</stat>
<stat pass="3" fail="0" skip="0" id="s1-s2-s1" name="Test Ui Signup">Tests.E2E.Test Ui Signup</stat>
</suite>
</statistics>
<errors>
</errors>
</robot>
