<?xml version="1.0" encoding="UTF-8"?>
<robot generator="Robot 6.0.2 (Python 3.8.16 on linux)" generated="20230609 18:58:50.561" rpa="false" schemaversion="3">
<suite id="s1" name="Tests" source="/home/runner/work/gen-ai-robot-test/gen-ai-robot-test/tests">
<suite id="s1-s1" name="Api" source="/home/runner/work/gen-ai-robot-test/gen-ai-robot-test/tests/api">
<suite id="s1-s1-s1" name="Test Api Users" source="/home/runner/work/gen-ai-robot-test/gen-ai-robot-test/tests/api/test_api_users.robot">
<test id="s1-s1-s1-t1" name="Scenario: Get all registered users" line="9">
<kw name="Before Tests" library="test_keywords_common" type="SETUP">
<kw name="Create Session" library="RequestsLibrary">
<arg>serverest</arg>
<arg>${SERVER_BASE_URL}</arg>
<arg>disable_warnings=True</arg>
<doc>Create Session: create a HTTP session to a server</doc>
<msg timestamp="20230609 18:58:50.896" level="INFO">Creating Session using : alias=serverest, url=https://serverest.dev, headers={},                     cookies={}, auth=None, timeout=None, proxies=None, verify=False,                     debug=0 </msg>
<status status="PASS" starttime="20230609 18:58:50.895" endtime="20230609 18:58:50.896"/>
</kw>
<status status="PASS" starttime="20230609 18:58:50.895" endtime="20230609 18:58:50.896"/>
</kw>
<kw name="When I request the list of all registered users" library="test_keywords_users">
<kw name="GET On Session" library="RequestsLibrary">
<var>${response}</var>
<arg>serverest</arg>
<arg>${USERS_API_ENDPOINT}</arg>
<doc>Sends a GET request on a previously created HTTP Session.</doc>
<msg timestamp="20230609 18:58:51.579" level="INFO">GET Request : url=https://serverest.dev/usuarios 
 path_url=/usuarios 
 headers={'User-Agent': 'python-requests/2.31.0', 'Accept-Encoding': 'gzip, deflate', 'Accept': '*/*', 'Connection': 'keep-alive'} 
 body=None 
 </msg>
<msg timestamp="20230609 18:58:51.579" level="INFO">GET Response : url=https://serverest.dev/usuarios 
 status=200, reason=OK 
 headers={'access-control-allow-origin': '*', 'x-dns-prefetch-control': 'off', 'x-frame-options': 'SAMEORIGIN', 'strict-transport-security': 'max-age=15552000; includeSubDomains', 'x-download-options': 'noopen', 'x-content-type-options': 'nosniff', 'x-xss-protection': '1; mode=block', 'x-moesif-transaction-id': '71319560-f4b9-4275-9804-443540193dc5', 'content-type': 'application/json; charset=utf-8', 'X-Cloud-Trace-Context': '6f4bff861e3f2b6292cbc5d3d31175b5;o=1', 'Date': 'Fri, 09 Jun 2023 18:58:51 GMT', 'Server': 'Google Frontend', 'Content-Length': '39202'} 
 body={
    "quantidade": 179,
    "usuarios": [
        {
            "nome": "Fulano da Silva",
            "email": "ttdq@emailteste.com",
            "password": "1234",
            "administrador": "true",
            "_id": "02DQkHSzXSqpcIka"
        },
        {
            "nome": "Fulano da Silva",
            "email": "beltrano55@qa.com.br",
            "password": "teste",
            "administrador": "true",
            "_id": "0F1dhHbEeX2mrwft"
        },
        {
            "nome": "Drew Gerhold",
            "email": "almamosciski@test.com",
            "password": "9rJt1UcYQcnYJ7S",
            "administrador": "true",
            "_id": "0bnETEAn1Bj6PNeB"
        },
        {
            "nome": "Fulano da Silva",
            "email": "tlji@emailteste.com",
            "password": "1234",
            "administrador": "true",
            "_id": "0v9qTX5aeOtCF1sZ"
        },
        {
            "nome": "Christie Murazik",
            "email": "Eleazar.Hand25@yahoo.com",
            "password": "RZu8J4l1RolHVA9",
            "administrador": "true",
            "_id": "0zJJLyoiAC4LDuvK"
        },
        {
            "nome": "Fulano da Silva",
            "email": "beltr23123213ano@qa.com.br",
            "password": "te21312321321321321321312312",
            "administrador": "true",
            "_id": "19qYwOl1yhTmb9BG"
        },
        {
            "nome": "Tanya Larson",
            "email": "Evelyn.Greenholt-Farrell45@gmail.com",
            "password": "xhsyXupps0dhUhd",
            "administrador": "true",
            "_id": "1roUnulKv3v1koBe"
        },
        {
            "nome": "Cristiano Mothe",
            "email": "todd42@example.com",
            "password": "Abc@123",
            "administrador": "true",
            "_id": "1sgIbfnuiyiNZqrg"
        },
        {
            "nome": "Antonio Funk III",
            "email": "Dan1@hotmail.com",
            "password": "DRpPX1z2ZECGMOi",
            "administrador": "true",
            "_id": "24Gamt7XRlANtwIj"
        },
        {
            "nome": "Alfred Jaskolski",
            "email": "Marquise37@gmail.com",
            "password": "nqaFgugOOBVDLgZ",
            "administrador": "false",
            "_id": "3jE9j1N3PRSGSKXE"
        },
        {
            "nome": "Tyler Oberbrunner",
            "email": "Ralph.Kuhic77@gmail.com",
            "password": "jtnofzT612n3Xwf",
            "administrador": "true",
            "_id": "3qdUSEh1LherGOxK"
        },
        {
            "nome": "Candice Zieme",
            "email": "Karelle.Davis33@hotmail.com",
            "password": "6gFuBILhb53G5Dd",
            "administrador": "true",
            "_id": "3v0ICd9RA3lOxu95"
        },
        {
            "nome": "Fulano da Silva",
            "email": "wecr@emailteste.com",
            "password": "1234",
            "administrador": "true",
            "_id": "4hcofxmM4X9ChELr"
        },
        {
            "nome": "Juanita Champlin-Barrows",
            "email": "Kristofer.Koss91@yahoo.com",
            "password": "QTFqy_lAXaVN4Or",
            "administrador": "true",
            "_id": "59WU4Oi0SqCvoAfR"
        },
        {
            "nome": "Cristiano Mothe",
            "email": "sanderson@example.net",
            "password": "123456",
            "administrador": "true",
            "_id": "5BGAG7FQWpC8XanE"
        },
        {
            "nome": "Ruty",
            "email": "rutysa@hotmail.com",
            "password": "abc123",
            "administrador": "true",
            "_id": "5NnUe3903HAV4j0X"
        },
        {
            "nome": "Olivia Jast",
            "email": "Tamara84@gmail.com",
            "password": "YHIi4p7y5BotON_",
            "administrador": "false",
            "_id": "5bh5PuewiWA7sbyL"
        },
        {
            "nome": "Dr. Genevieve Abbott",
            "email": "Thelma.Johns99@hotmail.com",
            "password": "STu4AA3MMHDAnvo",
            "administrador": "true",
            "_id": "5l70IkKnpYUhr79n"
        },
        {
            "nome": "Dr. Antonio Collins",
            "email": "Demond91@hotmail.com",
            "password": "NqGDrB7bBw9VIwF",
            "administrador": "true",
            "_id": "6TAOnbRy0UrP9Ove"
        },
        {
            "nome": "Ms. Sophie Carter",
            "email": "Alysha18@yahoo.com",
            "password": "WvUzLByxSI_c8mN",
            "administrador": "true",
            "_id": "6lJRxOuN7m67apKs"
        },
        {
            "nome": "teste",
            "email": "teste@hotmail.br",
            "password": "1",
            "administrador": "true",
            "_id": "72dcS17y72QsiCjf"
        },
        {
            "nome": "Antonia Metz",
            "email": "Frederic_Reinger74@hotmail.com",
            "password": "bnmLvoWV21UGlkH",
            "administrador": "true",
            "_id": "7Un0DB88ipdaWPMM"
        },
        {
            "nome": "Brenda Waelchi",
            "email": "Trey_Wiegand81@hotmail.com",
            "password": "nA6gyxKUUqaA26D",
            "administrador": "true",
            "_id": "8CtP2qA9OnaIAnYp"
        },
        {
            "nome": "Jacsonsm",
            "email": "whodge@example.com",
            "password": "123456",
            "administrador": "true",
            "_id": "8SvBtCnNTB4cCSCJ"
        },
        {
            "nome": "Joanne Hintz",
            "email": "Ladarius_Champlin@yahoo.com",
            "password": "y190q3go3p0VrZY",
            "administrador": "true",
            "_id": "9LxF0vW4m0Bc7Rtu"
        },
        {
            "nome": "Fulano da Silva",
            "email": "qliw@emailteste.com",
            "password": "1234",
            "administrador": "true",
            "_id": "A0XW4CgHSmYnnlUf"
        },
        {
            "nome": "Weber 40",
            "email": "wsdesgtbvxye@mail.com",
            "password": "teste",
            "administrador": "true",
            "_id": "A6qpZQHP1DLgZmVZ"
        },
        {
            "nome": "Brandon Jakubowski",
            "email": "Maritza45@hotmail.com",
            "password": "yKsneR_sw2NT8Un",
            "administrador": "true",
            "_id": "ASGTkKRr0F1f7ATG"
        },
        {
            "nome": "Margie Koch-Stehr",
            "email": "Brennon_Littel81@hotmail.com",
            "password": "fQl5qQkd6xHbYVo",
            "administrador": "false",
            "_id": "AZzE7UeEwSBdI11l"
        },
        {
            "nome": "Leslie Ondricka I",
            "email": "Jackie83@yahoo.com",
            "password": "4nyqqgA0c8nDc6A",
            "administrador": "true",
            "_id": "Ak1Wh4evPpp7z2bN"
        },
        {
            "nome": "Teste Eduardo edite",
            "email": "testeeduardo222@qa.com",
            "password": "12345789",
            "administrador": "true",
            "_id": "Axldi78KNMfO1ShP"
        },
        {
            "nome": "Christina Beer IV",
            "email": "Jacinthe1@hotmail.com",
            "password": "rY3BqzIHSdUQS5Z",
            "administrador": "true",
            "_id": "ByIp6wYmfcU36L3Z"
        },
        {
            "nome": "Bryan Reynolds",
            "email": "agreen@example.org",
            "password": "E9ClRZZvx4Th",
            "administrador": "true",
            "_id": "C7OvK06XohCWgFIU"
        },
        {
            "nome": "Kimberly Reinger",
            "email": "Maritza50@yahoo.com",
            "password": "XTsbHkKBFM45RIO",
            "administrador": "true",
            "_id": "CY9EWrxoytmjxUDJ"
        },
        {
            "nome": "Fulano da Silva",
            "email": "xgnp@emailteste.com",
            "password": "1234",
            "administrador": "true",
            "_id": "Cbr6oAFoAWyLzhhX"
        },
        {
            "nome": "Weber 40",
            "email": "wsdesgtbvxyer@mail.com",
            "password": "teste",
            "administrador": "true",
            "_id": "D86LS7Qx6Rl3wHLu"
        },
        {
            "nome": "Evan Schmitt",
            "email": "Florida_Beier-Mitchell@hotmail.com",
            "password": "Bu0y6HVKVrADVdp",
            "administrador": "true",
            "_id": "Dc4eLDemlemniGXq"
        },
        {
            "nome": "Catherine Stark IV",
            "email": "Max97@yahoo.com",
            "password": "6_wmElvxgWu5D_r",
            "administrador": "true",
            "_id": "DjlloxVdhp1ROguN"
        },
        {
            "nome": "Cris",
            "email": "testeqa@teste.com.br",
            "password": "teste",
            "administrador": "true",
            "_id": "E0oPC5p9YIuYLekG"
        },
        {
            "nome": "oooo",
            "email": "0@email.com",
            "password": "000",
            "administrador": "true",
            "_id": "EYmjNQ4OIhVVksEl"
        },
        {
            "nome": "Ms. Tonya Shields",
            "email": "Brionna_Reilly22@yahoo.com",
            "password": "Pwk9g00GyMuU0AB",
            "administrador": "true",
            "_id": "Effb9VyPoEfW9Vxe"
        },
        {
            "nome": "Candace Swaniawski",
            "email": "Durward_Brown@hotmail.com",
            "password": "BCcvoP3EtLi8PQW",
            "administrador": "false",
            "_id": "FQD5HyjaIVhaqLTV"
        },
        {
            "nome": "Rolando Heaney",
            "email": "Keaton_Stamm@hotmail.com",
            "password": "Zke9Wn9MtK1pMAS",
            "administrador": "true",
            "_id": "G0nIzUm3mwIfVdyd"
        },
        {
            "nome": "Stacy Doyle-Carter",
            "email": "Sister.Lakin@gmail.com",
            "password": "vB7YiZKErLE77Rh",
            "administrador": "true",
            "_id": "G3BkpG0GRlLYsN3U"
        },
        {
            "nome": "Amaury Sobrinho",
            "email": "teste@mail.com",
            "password": "teste",
            "administrador": "true",
            "_id": "GL9Cz8IIGWYN8Som"
        },
        {
            "nome": "Weber 40",
      ... (set the log level to DEBUG or TRACE to see the full content) 
 </msg>
<msg timestamp="20230609 18:58:51.580" level="INFO">${response} = &lt;Response [200]&gt;</msg>
<status status="PASS" starttime="20230609 18:58:50.897" endtime="20230609 18:58:51.580"/>
</kw>
<kw name="Set Test Variable" library="BuiltIn">
<arg>${response}</arg>
<doc>Makes a variable available everywhere within the scope of the current test.</doc>
<msg timestamp="20230609 18:58:51.580" level="INFO">${response} = &lt;Response [200]&gt;</msg>
<status status="PASS" starttime="20230609 18:58:51.580" endtime="20230609 18:58:51.580"/>
</kw>
<status status="PASS" starttime="20230609 18:58:50.896" endtime="20230609 18:58:51.580"/>
</kw>
<kw name="Then the response status code should be 200" library="test_keywords_users" sourcename="Then the response status code should be ${status_code}">
<kw name="Should Be Equal As Numbers" library="BuiltIn">
<arg>${response.status_code}</arg>
<arg>${status_code}</arg>
<doc>Fails if objects are unequal after converting them to real numbers.</doc>
<msg timestamp="20230609 18:58:51.581" level="INFO">Argument types are:
&lt;class 'int'&gt;
&lt;class 'str'&gt;</msg>
<status status="PASS" starttime="20230609 18:58:51.581" endtime="20230609 18:58:51.582"/>
</kw>
<kw name="Should Be True" library="BuiltIn">
<arg>${response.json()}</arg>
<doc>Fails if the given condition is not true.</doc>
<status status="PASS" starttime="20230609 18:58:51.582" endtime="20230609 18:58:51.594"/>
</kw>
<status status="PASS" starttime="20230609 18:58:51.580" endtime="20230609 18:58:51.594"/>
</kw>
<kw name="And the response body should not be empty" library="test_keywords_users">
<kw name="Should Not Be Empty" library="BuiltIn">
<arg>${response.json()}</arg>
<doc>Verifies that the given item is not empty.</doc>
<msg timestamp="20230609 18:58:51.595" level="INFO">Length is 2</msg>
<status status="PASS" starttime="20230609 18:58:51.595" endtime="20230609 18:58:51.595"/>
</kw>
<status status="PASS" starttime="20230609 18:58:51.594" endtime="20230609 18:58:51.595"/>
</kw>
<tag>api</tag>
<status status="PASS" starttime="20230609 18:58:50.894" endtime="20230609 18:58:51.596"/>
</test>
<test id="s1-s1-s1-t2" name="Scenario: Create a new user" line="15">
<kw name="Before Tests" library="test_keywords_common" type="SETUP">
<kw name="Create Session" library="RequestsLibrary">
<arg>serverest</arg>
<arg>${SERVER_BASE_URL}</arg>
<arg>disable_warnings=True</arg>
<doc>Create Session: create a HTTP session to a server</doc>
<msg timestamp="20230609 18:58:51.597" level="INFO">Creating Session using : alias=serverest, url=https://serverest.dev, headers={},                     cookies={}, auth=None, timeout=None, proxies=None, verify=False,                     debug=0 </msg>
<status status="PASS" starttime="20230609 18:58:51.596" endtime="20230609 18:58:51.597"/>
</kw>
<status status="PASS" starttime="20230609 18:58:51.596" endtime="20230609 18:58:51.597"/>
</kw>
<kw name="Given I have a valid user data" library="test_keywords_users">
<kw name="Name" library="FakerLibrary">
<var>${name}</var>
<doc>:example 'John Doe'</doc>
<msg timestamp="20230609 18:58:51.598" level="INFO">${name} = Nancy Martin</msg>
<status status="PASS" starttime="20230609 18:58:51.598" endtime="20230609 18:58:51.598"/>
</kw>
<kw name="Email" library="FakerLibrary">
<var>${email}</var>
<msg timestamp="20230609 18:58:51.598" level="INFO">${email} = gabriela14@example.net</msg>
<status status="PASS" starttime="20230609 18:58:51.598" endtime="20230609 18:58:51.598"/>
</kw>
<kw name="Password" library="FakerLibrary">
<var>${password}</var>
<arg>length=12</arg>
<arg>special_chars=False</arg>
<doc>Generate a random password of the specified ``length``.</doc>
<msg timestamp="20230609 18:58:51.599" level="INFO">${password} = LNj45Udikff9</msg>
<status status="PASS" starttime="20230609 18:58:51.599" endtime="20230609 18:58:51.599"/>
</kw>
<kw name="Set Suite Variable" library="BuiltIn">
<arg>${name}</arg>
<doc>Makes a variable available everywhere within the scope of the current suite.</doc>
<msg timestamp="20230609 18:58:51.599" level="INFO">${name} = Nancy Martin</msg>
<status status="PASS" starttime="20230609 18:58:51.599" endtime="20230609 18:58:51.599"/>
</kw>
<kw name="Set Suite Variable" library="BuiltIn">
<arg>${email}</arg>
<doc>Makes a variable available everywhere within the scope of the current suite.</doc>
<msg timestamp="20230609 18:58:51.600" level="INFO">${email} = gabriela14@example.net</msg>
<status status="PASS" starttime="20230609 18:58:51.599" endtime="20230609 18:58:51.600"/>
</kw>
<kw name="Set Suite Variable" library="BuiltIn">
<arg>${password}</arg>
<doc>Makes a variable available everywhere within the scope of the current suite.</doc>
<msg timestamp="20230609 18:58:51.600" level="INFO">${password} = LNj45Udikff9</msg>
<status status="PASS" starttime="20230609 18:58:51.600" endtime="20230609 18:58:51.600"/>
</kw>
<status status="PASS" starttime="20230609 18:58:51.597" endtime="20230609 18:58:51.600"/>
</kw>
<kw name="When I create the user" library="test_keywords_users">
<kw name="Create Dictionary" library="BuiltIn">
<var>${payload}</var>
<arg>nome=${name}</arg>
<arg>email=${email}</arg>
<arg>password=${password}</arg>
<arg>administrador=false</arg>
<doc>Creates and returns a dictionary based on the given ``items``.</doc>
<msg timestamp="20230609 18:58:51.601" level="INFO">${payload} = {'nome': 'Nancy Martin', 'email': 'gabriela14@example.net', 'password': 'LNj45Udikff9', 'administrador': 'false'}</msg>
<status status="PASS" starttime="20230609 18:58:51.600" endtime="20230609 18:58:51.601"/>
</kw>
<kw name="Create Dictionary" library="BuiltIn">
<var>${headers}</var>
<arg>Content-Type=application/json</arg>
<doc>Creates and returns a dictionary based on the given ``items``.</doc>
<msg timestamp="20230609 18:58:51.601" level="INFO">${headers} = {'Content-Type': 'application/json'}</msg>
<status status="PASS" starttime="20230609 18:58:51.601" endtime="20230609 18:58:51.601"/>
</kw>
<kw name="POST On Session" library="RequestsLibrary">
<var>${response}</var>
<arg>serverest</arg>
<arg>${USERS_API_ENDPOINT}</arg>
<arg>json=${payload}</arg>
<arg>headers=${headers}</arg>
<doc>Sends a POST request on a previously created HTTP Session.</doc>
<msg timestamp="20230609 18:58:51.684" level="INFO">POST Request : url=https://serverest.dev/usuarios 
 path_url=/usuarios 
 headers={'User-Agent': 'python-requests/2.31.0', 'Accept-Encoding': 'gzip, deflate', 'Accept': '*/*', 'Connection': 'keep-alive', 'Content-Type': 'application/json', 'Content-Length': '113'} 
 body=b'{"nome": "Nancy Martin", "email": "gabriela14@example.net", "password": "LNj45Udikff9", "administrador": "false"}' 
 </msg>
<msg timestamp="20230609 18:58:51.684" level="INFO">POST Response : url=https://serverest.dev/usuarios 
 status=201, reason=Created 
 headers={'access-control-allow-origin': '*', 'x-dns-prefetch-control': 'off', 'x-frame-options': 'SAMEORIGIN', 'strict-transport-security': 'max-age=15552000; includeSubDomains', 'x-download-options': 'noopen', 'x-content-type-options': 'nosniff', 'x-xss-protection': '1; mode=block', 'x-moesif-transaction-id': 'abb68b22-9ff3-41b3-8773-93a61d6348cc', 'content-type': 'application/json; charset=utf-8', 'X-Cloud-Trace-Context': '52b472d169494ab2669849074561d6d4', 'Date': 'Fri, 09 Jun 2023 18:58:51 GMT', 'Server': 'Google Frontend', 'Content-Length': '82'} 
 body={
    "message": "Cadastro realizado com sucesso",
    "_id": "6oZ2LlYkFafzTDxE"
} 
 </msg>
<msg timestamp="20230609 18:58:51.684" level="INFO">${response} = &lt;Response [201]&gt;</msg>
<status status="PASS" starttime="20230609 18:58:51.601" endtime="20230609 18:58:51.684"/>
</kw>
<kw name="Set Variable" library="BuiltIn">
<var>${user_id}</var>
<arg>${response.json()['_id']}</arg>
<doc>Returns the given values which can then be assigned to a variables.</doc>
<msg timestamp="20230609 18:58:51.685" level="INFO">${user_id} = 6oZ2LlYkFafzTDxE</msg>
<status status="PASS" starttime="20230609 18:58:51.685" endtime="20230609 18:58:51.685"/>
</kw>
<kw name="Set Global Variable" library="BuiltIn">
<arg>${USER_ID}</arg>
<arg>${user_id}</arg>
<doc>Makes a variable available globally in all tests and suites.</doc>
<msg timestamp="20230609 18:58:51.686" level="INFO">${USER_ID} = 6oZ2LlYkFafzTDxE</msg>
<status status="PASS" starttime="20230609 18:58:51.685" endtime="20230609 18:58:51.686"/>
</kw>
<kw name="Set Test Variable" library="BuiltIn">
<arg>${response}</arg>
<doc>Makes a variable available everywhere within the scope of the current test.</doc>
<msg timestamp="20230609 18:58:51.686" level="INFO">${response} = &lt;Response [201]&gt;</msg>
<status status="PASS" starttime="20230609 18:58:51.686" endtime="20230609 18:58:51.686"/>
</kw>
<status status="PASS" starttime="20230609 18:58:51.600" endtime="20230609 18:58:51.686"/>
</kw>
<kw name="Then the response status code should be 201" library="test_keywords_users" sourcename="Then the response status code should be ${status_code}">
<kw name="Should Be Equal As Numbers" library="BuiltIn">
<arg>${response.status_code}</arg>
<arg>${status_code}</arg>
<doc>Fails if objects are unequal after converting them to real numbers.</doc>
<msg timestamp="20230609 18:58:51.687" level="INFO">Argument types are:
&lt;class 'int'&gt;
&lt;class 'str'&gt;</msg>
<status status="PASS" starttime="20230609 18:58:51.687" endtime="20230609 18:58:51.687"/>
</kw>
<kw name="Should Be True" library="BuiltIn">
<arg>${response.json()}</arg>
<doc>Fails if the given condition is not true.</doc>
<status status="PASS" starttime="20230609 18:58:51.687" endtime="20230609 18:58:51.688"/>
</kw>
<status status="PASS" starttime="20230609 18:58:51.686" endtime="20230609 18:58:51.688"/>
</kw>
<kw name="And the response body should not be empty" library="test_keywords_users">
<kw name="Should Not Be Empty" library="BuiltIn">
<arg>${response.json()}</arg>
<doc>Verifies that the given item is not empty.</doc>
<msg timestamp="20230609 18:58:51.689" level="INFO">Length is 2</msg>
<status status="PASS" starttime="20230609 18:58:51.688" endtime="20230609 18:58:51.689"/>
</kw>
<status status="PASS" starttime="20230609 18:58:51.688" endtime="20230609 18:58:51.689"/>
</kw>
<tag>api</tag>
<status status="PASS" starttime="20230609 18:58:51.596" endtime="20230609 18:58:51.689"/>
</test>
<test id="s1-s1-s1-t3" name="Scenario: Get a specific user informations" line="22">
<kw name="Before Tests" library="test_keywords_common" type="SETUP">
<kw name="Create Session" library="RequestsLibrary">
<arg>serverest</arg>
<arg>${SERVER_BASE_URL}</arg>
<arg>disable_warnings=True</arg>
<doc>Create Session: create a HTTP session to a server</doc>
<msg timestamp="20230609 18:58:51.691" level="INFO">Creating Session using : alias=serverest, url=https://serverest.dev, headers={},                     cookies={}, auth=None, timeout=None, proxies=None, verify=False,                     debug=0 </msg>
<status status="PASS" starttime="20230609 18:58:51.690" endtime="20230609 18:58:51.691"/>
</kw>
<status status="PASS" starttime="20230609 18:58:51.690" endtime="20230609 18:58:51.691"/>
</kw>
<kw name="When I request the created user" library="test_keywords_users">
<kw name="GET On Session" library="RequestsLibrary">
<var>${response}</var>
<arg>serverest</arg>
<arg>${USERS_API_ENDPOINT}/${USER_ID}</arg>
<doc>Sends a GET request on a previously created HTTP Session.</doc>
<msg timestamp="20230609 18:58:51.774" level="INFO">GET Request : url=https://serverest.dev/usuarios/6oZ2LlYkFafzTDxE 
 path_url=/usuarios/6oZ2LlYkFafzTDxE 
 headers={'User-Agent': 'python-requests/2.31.0', 'Accept-Encoding': 'gzip, deflate', 'Accept': '*/*', 'Connection': 'keep-alive'} 
 body=None 
 </msg>
<msg timestamp="20230609 18:58:51.774" level="INFO">GET Response : url=https://serverest.dev/usuarios/6oZ2LlYkFafzTDxE 
 status=200, reason=OK 
 headers={'access-control-allow-origin': '*', 'x-dns-prefetch-control': 'off', 'x-frame-options': 'SAMEORIGIN', 'strict-transport-security': 'max-age=15552000; includeSubDomains', 'x-download-options': 'noopen', 'x-content-type-options': 'nosniff', 'x-xss-protection': '1; mode=block', 'x-moesif-transaction-id': '28c438c0-3e89-4906-accd-f47e8e2e518a', 'content-type': 'application/json; charset=utf-8', 'X-Cloud-Trace-Context': 'd69e3a2144d5064a126d063ae05a7622', 'Date': 'Fri, 09 Jun 2023 18:58:51 GMT', 'Server': 'Google Frontend', 'Content-Length': '162'} 
 body={
    "nome": "Nancy Martin",
    "email": "gabriela14@example.net",
    "password": "LNj45Udikff9",
    "administrador": "false",
    "_id": "6oZ2LlYkFafzTDxE"
} 
 </msg>
<msg timestamp="20230609 18:58:51.775" level="INFO">${response} = &lt;Response [200]&gt;</msg>
<status status="PASS" starttime="20230609 18:58:51.691" endtime="20230609 18:58:51.775"/>
</kw>
<kw name="Set Test Variable" library="BuiltIn">
<arg>${response}</arg>
<doc>Makes a variable available everywhere within the scope of the current test.</doc>
<msg timestamp="20230609 18:58:51.775" level="INFO">${response} = &lt;Response [200]&gt;</msg>
<status status="PASS" starttime="20230609 18:58:51.775" endtime="20230609 18:58:51.775"/>
</kw>
<status status="PASS" starttime="20230609 18:58:51.691" endtime="20230609 18:58:51.775"/>
</kw>
<kw name="Then the response status code should be 200" library="test_keywords_users" sourcename="Then the response status code should be ${status_code}">
<kw name="Should Be Equal As Numbers" library="BuiltIn">
<arg>${response.status_code}</arg>
<arg>${status_code}</arg>
<doc>Fails if objects are unequal after converting them to real numbers.</doc>
<msg timestamp="20230609 18:58:51.776" level="INFO">Argument types are:
&lt;class 'int'&gt;
&lt;class 'str'&gt;</msg>
<status status="PASS" starttime="20230609 18:58:51.776" endtime="20230609 18:58:51.776"/>
</kw>
<kw name="Should Be True" library="BuiltIn">
<arg>${response.json()}</arg>
<doc>Fails if the given condition is not true.</doc>
<status status="PASS" starttime="20230609 18:58:51.776" endtime="20230609 18:58:51.777"/>
</kw>
<status status="PASS" starttime="20230609 18:58:51.775" endtime="20230609 18:58:51.777"/>
</kw>
<kw name="And the response body should not be empty" library="test_keywords_users">
<kw name="Should Not Be Empty" library="BuiltIn">
<arg>${response.json()}</arg>
<doc>Verifies that the given item is not empty.</doc>
<msg timestamp="20230609 18:58:51.778" level="INFO">Length is 5</msg>
<status status="PASS" starttime="20230609 18:58:51.777" endtime="20230609 18:58:51.778"/>
</kw>
<status status="PASS" starttime="20230609 18:58:51.777" endtime="20230609 18:58:51.778"/>
</kw>
<tag>api</tag>
<status status="PASS" starttime="20230609 18:58:51.690" endtime="20230609 18:58:51.778"/>
</test>
<test id="s1-s1-s1-t4" name="Scenario: Update the created user" line="28">
<kw name="Before Tests" library="test_keywords_common" type="SETUP">
<kw name="Create Session" library="RequestsLibrary">
<arg>serverest</arg>
<arg>${SERVER_BASE_URL}</arg>
<arg>disable_warnings=True</arg>
<doc>Create Session: create a HTTP session to a server</doc>
<msg timestamp="20230609 18:58:51.779" level="INFO">Creating Session using : alias=serverest, url=https://serverest.dev, headers={},                     cookies={}, auth=None, timeout=None, proxies=None, verify=False,                     debug=0 </msg>
<status status="PASS" starttime="20230609 18:58:51.779" endtime="20230609 18:58:51.780"/>
</kw>
<status status="PASS" starttime="20230609 18:58:51.779" endtime="20230609 18:58:51.780"/>
</kw>
<kw name="When I update the created user" library="test_keywords_users">
<kw name="Create Dictionary" library="BuiltIn">
<var>${payload}</var>
<arg>nome=John Smith</arg>
<arg>email=john.smith@example.com</arg>
<arg>password=P@ssw0rd123</arg>
<arg>administrador=false</arg>
<doc>Creates and returns a dictionary based on the given ``items``.</doc>
<msg timestamp="20230609 18:58:51.781" level="INFO">${payload} = {'nome': 'John Smith', 'email': 'john.smith@example.com', 'password': 'P@ssw0rd123', 'administrador': 'false'}</msg>
<status status="PASS" starttime="20230609 18:58:51.780" endtime="20230609 18:58:51.781"/>
</kw>
<kw name="Create Dictionary" library="BuiltIn">
<var>${headers}</var>
<arg>Content-Type=application/json</arg>
<doc>Creates and returns a dictionary based on the given ``items``.</doc>
<msg timestamp="20230609 18:58:51.781" level="INFO">${headers} = {'Content-Type': 'application/json'}</msg>
<status status="PASS" starttime="20230609 18:58:51.781" endtime="20230609 18:58:51.781"/>
</kw>
<kw name="PUT On Session" library="RequestsLibrary">
<var>${response}</var>
<arg>serverest</arg>
<arg>${USERS_API_ENDPOINT}/${USER_ID}</arg>
<arg>json=${payload}</arg>
<arg>headers=${headers}</arg>
<doc>Sends a PUT request on a previously created HTTP Session.</doc>
<msg timestamp="20230609 18:58:51.861" level="INFO">PUT Request : url=https://serverest.dev/usuarios/6oZ2LlYkFafzTDxE 
 path_url=/usuarios/6oZ2LlYkFafzTDxE 
 headers={'User-Agent': 'python-requests/2.31.0', 'Accept-Encoding': 'gzip, deflate', 'Accept': '*/*', 'Connection': 'keep-alive', 'Content-Type': 'application/json', 'Content-Length': '110'} 
 body=b'{"nome": "John Smith", "email": "john.smith@example.com", "password": "P@ssw0rd123", "administrador": "false"}' 
 </msg>
<msg timestamp="20230609 18:58:51.861" level="INFO">PUT Response : url=https://serverest.dev/usuarios/6oZ2LlYkFafzTDxE 
 status=200, reason=OK 
 headers={'access-control-allow-origin': '*', 'x-dns-prefetch-control': 'off', 'x-frame-options': 'SAMEORIGIN', 'strict-transport-security': 'max-age=15552000; includeSubDomains', 'x-download-options': 'noopen', 'x-content-type-options': 'nosniff', 'x-xss-protection': '1; mode=block', 'x-moesif-transaction-id': '1e692d1f-f7a0-4ca1-b41e-354e728e82aa', 'content-type': 'application/json; charset=utf-8', 'X-Cloud-Trace-Context': 'c7758780cb49221ff59ba220c8185d8f', 'Date': 'Fri, 09 Jun 2023 18:58:51 GMT', 'Server': 'Google Frontend', 'Content-Length': '50'} 
 body={
    "message": "Registro alterado com sucesso"
} 
 </msg>
<msg timestamp="20230609 18:58:51.861" level="INFO">${response} = &lt;Response [200]&gt;</msg>
<status status="PASS" starttime="20230609 18:58:51.781" endtime="20230609 18:58:51.861"/>
</kw>
<kw name="Set Test Variable" library="BuiltIn">
<arg>${response}</arg>
<doc>Makes a variable available everywhere within the scope of the current test.</doc>
<msg timestamp="20230609 18:58:51.862" level="INFO">${response} = &lt;Response [200]&gt;</msg>
<status status="PASS" starttime="20230609 18:58:51.861" endtime="20230609 18:58:51.862"/>
</kw>
<status status="PASS" starttime="20230609 18:58:51.780" endtime="20230609 18:58:51.862"/>
</kw>
<kw name="Then the response status code should be 200" library="test_keywords_users" sourcename="Then the response status code should be ${status_code}">
<kw name="Should Be Equal As Numbers" library="BuiltIn">
<arg>${response.status_code}</arg>
<arg>${status_code}</arg>
<doc>Fails if objects are unequal after converting them to real numbers.</doc>
<msg timestamp="20230609 18:58:51.863" level="INFO">Argument types are:
&lt;class 'int'&gt;
&lt;class 'str'&gt;</msg>
<status status="PASS" starttime="20230609 18:58:51.862" endtime="20230609 18:58:51.863"/>
</kw>
<kw name="Should Be True" library="BuiltIn">
<arg>${response.json()}</arg>
<doc>Fails if the given condition is not true.</doc>
<status status="PASS" starttime="20230609 18:58:51.863" endtime="20230609 18:58:51.864"/>
</kw>
<status status="PASS" starttime="20230609 18:58:51.862" endtime="20230609 18:58:51.864"/>
</kw>
<kw name="And the response body should not be empty" library="test_keywords_users">
<kw name="Should Not Be Empty" library="BuiltIn">
<arg>${response.json()}</arg>
<doc>Verifies that the given item is not empty.</doc>
<msg timestamp="20230609 18:58:51.865" level="INFO">Length is 1</msg>
<status status="PASS" starttime="20230609 18:58:51.864" endtime="20230609 18:58:51.865"/>
</kw>
<status status="PASS" starttime="20230609 18:58:51.864" endtime="20230609 18:58:51.865"/>
</kw>
<tag>api</tag>
<status status="PASS" starttime="20230609 18:58:51.778" endtime="20230609 18:58:51.865"/>
</test>
<test id="s1-s1-s1-t5" name="Scenario: Delete the created user" line="34">
<kw name="Before Tests" library="test_keywords_common" type="SETUP">
<kw name="Create Session" library="RequestsLibrary">
<arg>serverest</arg>
<arg>${SERVER_BASE_URL}</arg>
<arg>disable_warnings=True</arg>
<doc>Create Session: create a HTTP session to a server</doc>
<msg timestamp="20230609 18:58:51.866" level="INFO">Creating Session using : alias=serverest, url=https://serverest.dev, headers={},                     cookies={}, auth=None, timeout=None, proxies=None, verify=False,                     debug=0 </msg>
<status status="PASS" starttime="20230609 18:58:51.866" endtime="20230609 18:58:51.867"/>
</kw>
<status status="PASS" starttime="20230609 18:58:51.866" endtime="20230609 18:58:51.867"/>
</kw>
<kw name="When I delete the created user" library="test_keywords_users">
<kw name="DELETE On Session" library="RequestsLibrary">
<var>${response}</var>
<arg>serverest</arg>
<arg>${USERS_API_ENDPOINT}/${USER_ID}</arg>
<doc>Sends a DELETE request on a previously created HTTP Session.</doc>
<msg timestamp="20230609 18:58:51.945" level="INFO">DELETE Request : url=https://serverest.dev/usuarios/6oZ2LlYkFafzTDxE 
 path_url=/usuarios/6oZ2LlYkFafzTDxE 
 headers={'User-Agent': 'python-requests/2.31.0', 'Accept-Encoding': 'gzip, deflate', 'Accept': '*/*', 'Connection': 'keep-alive', 'Content-Length': '0'} 
 body=None 
 </msg>
<msg timestamp="20230609 18:58:51.945" level="INFO">DELETE Response : url=https://serverest.dev/usuarios/6oZ2LlYkFafzTDxE 
 status=200, reason=OK 
 headers={'access-control-allow-origin': '*', 'x-dns-prefetch-control': 'off', 'x-frame-options': 'SAMEORIGIN', 'strict-transport-security': 'max-age=15552000; includeSubDomains', 'x-download-options': 'noopen', 'x-content-type-options': 'nosniff', 'x-xss-protection': '1; mode=block', 'x-moesif-transaction-id': '2c7d92ca-66c8-4d5d-9c52-e8a7c37b50ac', 'content-type': 'application/json; charset=utf-8', 'X-Cloud-Trace-Context': '9bbc6a9fc37e237bf82cc78778d5c88e', 'Date': 'Fri, 09 Jun 2023 18:58:51 GMT', 'Server': 'Google Frontend', 'Content-Length': '51'} 
 body={
    "message": "Registro excluído com sucesso"
} 
 </msg>
<msg timestamp="20230609 18:58:51.945" level="INFO">${response} = &lt;Response [200]&gt;</msg>
<status status="PASS" starttime="20230609 18:58:51.867" endtime="20230609 18:58:51.945"/>
</kw>
<kw name="Set Test Variable" library="BuiltIn">
<arg>${response}</arg>
<doc>Makes a variable available everywhere within the scope of the current test.</doc>
<msg timestamp="20230609 18:58:51.946" level="INFO">${response} = &lt;Response [200]&gt;</msg>
<status status="PASS" starttime="20230609 18:58:51.946" endtime="20230609 18:58:51.946"/>
</kw>
<status status="PASS" starttime="20230609 18:58:51.867" endtime="20230609 18:58:51.946"/>
</kw>
<kw name="Then the response status code should be 200" library="test_keywords_users" sourcename="Then the response status code should be ${status_code}">
<kw name="Should Be Equal As Numbers" library="BuiltIn">
<arg>${response.status_code}</arg>
<arg>${status_code}</arg>
<doc>Fails if objects are unequal after converting them to real numbers.</doc>
<msg timestamp="20230609 18:58:51.947" level="INFO">Argument types are:
&lt;class 'int'&gt;
&lt;class 'str'&gt;</msg>
<status status="PASS" starttime="20230609 18:58:51.946" endtime="20230609 18:58:51.947"/>
</kw>
<kw name="Should Be True" library="BuiltIn">
<arg>${response.json()}</arg>
<doc>Fails if the given condition is not true.</doc>
<status status="PASS" starttime="20230609 18:58:51.947" endtime="20230609 18:58:51.948"/>
</kw>
<status status="PASS" starttime="20230609 18:58:51.946" endtime="20230609 18:58:51.948"/>
</kw>
<kw name="And the response body should not be empty" library="test_keywords_users">
<kw name="Should Not Be Empty" library="BuiltIn">
<arg>${response.json()}</arg>
<doc>Verifies that the given item is not empty.</doc>
<msg timestamp="20230609 18:58:51.949" level="INFO">Length is 1</msg>
<status status="PASS" starttime="20230609 18:58:51.948" endtime="20230609 18:58:51.949"/>
</kw>
<status status="PASS" starttime="20230609 18:58:51.948" endtime="20230609 18:58:51.949"/>
</kw>
<tag>api</tag>
<status status="PASS" starttime="20230609 18:58:51.865" endtime="20230609 18:58:51.949"/>
</test>
<status status="PASS" starttime="20230609 18:58:50.582" endtime="20230609 18:58:51.950"/>
</suite>
<status status="PASS" starttime="20230609 18:58:50.580" endtime="20230609 18:58:51.951"/>
</suite>
<suite id="s1-s2" name="E2E" source="/home/runner/work/gen-ai-robot-test/gen-ai-robot-test/tests/e2e">
<suite id="s1-s2-s1" name="Test Ui Signup" source="/home/runner/work/gen-ai-robot-test/gen-ai-robot-test/tests/e2e/test_ui_signup.robot">
<test id="s1-s2-s1-t1" name="Scenario: Signup with empty fields" line="10">
<kw name="Before Tests" library="test_keywords_common" type="SETUP">
<kw name="Open Browser">
<arg>${SERVER_BASE_URL}</arg>
<arg>${HEADLESS} ${BROWSER}</arg>
<msg timestamp="20230609 18:58:51.968" level="FAIL">No keyword with name 'Open Browser' found.</msg>
<status status="FAIL" starttime="20230609 18:58:51.968" endtime="20230609 18:58:51.968"/>
</kw>
<kw name="Maximize Browser Window">
<status status="NOT RUN" starttime="20230609 18:58:51.973" endtime="20230609 18:58:51.973"/>
</kw>
<status status="FAIL" starttime="20230609 18:58:51.963" endtime="20230609 18:58:51.973"/>
</kw>
<kw name="After Tests" library="test_keywords_common" type="TEARDOWN">
<kw name="Close Browser">
<msg timestamp="20230609 18:58:51.979" level="FAIL">No keyword with name 'Close Browser' found.</msg>
<status status="FAIL" starttime="20230609 18:58:51.979" endtime="20230609 18:58:51.979"/>
</kw>
<status status="FAIL" starttime="20230609 18:58:51.974" endtime="20230609 18:58:51.979">No keyword with name 'Close Browser' found.</status>
</kw>
<tag>e2e</tag>
<status status="FAIL" starttime="20230609 18:58:51.962" endtime="20230609 18:58:51.979">Setup failed:
No keyword with name 'Open Browser' found.

Also teardown failed:
No keyword with name 'Close Browser' found.</status>
</test>
<test id="s1-s2-s1-t2" name="Scenario: Signup done successfully" line="16">
<kw name="Before Tests" library="test_keywords_common" type="SETUP">
<kw name="Open Browser">
<arg>${SERVER_BASE_URL}</arg>
<arg>${HEADLESS} ${BROWSER}</arg>
<msg timestamp="20230609 18:58:51.985" level="FAIL">No keyword with name 'Open Browser' found.</msg>
<status status="FAIL" starttime="20230609 18:58:51.985" endtime="20230609 18:58:51.985"/>
</kw>
<kw name="Maximize Browser Window">
<status status="NOT RUN" starttime="20230609 18:58:51.990" endtime="20230609 18:58:51.990"/>
</kw>
<status status="FAIL" starttime="20230609 18:58:51.980" endtime="20230609 18:58:51.990"/>
</kw>
<kw name="After Tests" library="test_keywords_common" type="TEARDOWN">
<kw name="Close Browser">
<msg timestamp="20230609 18:58:51.995" level="FAIL">No keyword with name 'Close Browser' found.</msg>
<status status="FAIL" starttime="20230609 18:58:51.995" endtime="20230609 18:58:51.995"/>
</kw>
<status status="FAIL" starttime="20230609 18:58:51.990" endtime="20230609 18:58:51.996">No keyword with name 'Close Browser' found.</status>
</kw>
<tag>e2e</tag>
<status status="FAIL" starttime="20230609 18:58:51.980" endtime="20230609 18:58:51.996">Setup failed:
No keyword with name 'Open Browser' found.

Also teardown failed:
No keyword with name 'Close Browser' found.</status>
</test>
<test id="s1-s2-s1-t3" name="Scenario: Signup with already used email" line="23">
<kw name="Before Tests" library="test_keywords_common" type="SETUP">
<kw name="Open Browser">
<arg>${SERVER_BASE_URL}</arg>
<arg>${HEADLESS} ${BROWSER}</arg>
<msg timestamp="20230609 18:58:52.001" level="FAIL">No keyword with name 'Open Browser' found.</msg>
<status status="FAIL" starttime="20230609 18:58:52.001" endtime="20230609 18:58:52.001"/>
</kw>
<kw name="Maximize Browser Window">
<status status="NOT RUN" starttime="20230609 18:58:52.006" endtime="20230609 18:58:52.006"/>
</kw>
<status status="FAIL" starttime="20230609 18:58:51.996" endtime="20230609 18:58:52.006"/>
</kw>
<kw name="After Tests" library="test_keywords_common" type="TEARDOWN">
<kw name="Close Browser">
<msg timestamp="20230609 18:58:52.012" level="FAIL">No keyword with name 'Close Browser' found.</msg>
<status status="FAIL" starttime="20230609 18:58:52.011" endtime="20230609 18:58:52.012"/>
</kw>
<status status="FAIL" starttime="20230609 18:58:52.006" endtime="20230609 18:58:52.012">No keyword with name 'Close Browser' found.</status>
</kw>
<tag>e2e</tag>
<status status="FAIL" starttime="20230609 18:58:51.996" endtime="20230609 18:58:52.012">Setup failed:
No keyword with name 'Open Browser' found.

Also teardown failed:
No keyword with name 'Close Browser' found.</status>
</test>
<status status="FAIL" starttime="20230609 18:58:51.954" endtime="20230609 18:58:52.012"/>
</suite>
<status status="FAIL" starttime="20230609 18:58:51.952" endtime="20230609 18:58:52.013"/>
</suite>
<status status="FAIL" starttime="20230609 18:58:50.562" endtime="20230609 18:58:52.014"/>
</suite>
<statistics>
<total>
<stat pass="5" fail="3" skip="0">All Tests</stat>
</total>
<tag>
<stat pass="5" fail="0" skip="0">api</stat>
<stat pass="0" fail="3" skip="0">e2e</stat>
</tag>
<suite>
<stat pass="5" fail="3" skip="0" id="s1" name="Tests">Tests</stat>
<stat pass="5" fail="0" skip="0" id="s1-s1" name="Api">Tests.Api</stat>
<stat pass="5" fail="0" skip="0" id="s1-s1-s1" name="Test Api Users">Tests.Api.Test Api Users</stat>
<stat pass="0" fail="3" skip="0" id="s1-s2" name="E2E">Tests.E2E</stat>
<stat pass="0" fail="3" skip="0" id="s1-s2-s1" name="Test Ui Signup">Tests.E2E.Test Ui Signup</stat>
</suite>
</statistics>
<errors>
<msg timestamp="20230609 18:58:50.889" level="ERROR">Error in file '/home/runner/work/gen-ai-robot-test/gen-ai-robot-test/config/settings.robot' on line 4: Importing library 'SeleniumLibrary' failed: ImportError: cannot import name 'PY2' from 'robotlibcore' (/opt/hostedtoolcache/Python/3.8.16/x64/lib/python3.8/site-packages/robotlibcore.py)
Traceback (most recent call last):
  File "/opt/hostedtoolcache/Python/3.8.16/x64/lib/python3.8/site-packages/SeleniumLibrary/__init__.py", line 28, in &lt;module&gt;
    from SeleniumLibrary.base import LibraryComponent
  File "/opt/hostedtoolcache/Python/3.8.16/x64/lib/python3.8/site-packages/SeleniumLibrary/base/__init__.py", line 19, in &lt;module&gt;
    from .librarycomponent import LibraryComponent
  File "/opt/hostedtoolcache/Python/3.8.16/x64/lib/python3.8/site-packages/SeleniumLibrary/base/librarycomponent.py", line 21, in &lt;module&gt;
    from robotlibcore import PY2
PYTHONPATH:
  /opt/hostedtoolcache/Python/3.8.16/x64/bin
  /opt/hostedtoolcache/Python/3.8.16/x64/lib/python38.zip
  /opt/hostedtoolcache/Python/3.8.16/x64/lib/python3.8
  /opt/hostedtoolcache/Python/3.8.16/x64/lib/python3.8/lib-dynload
  /opt/hostedtoolcache/Python/3.8.16/x64/lib/python3.8/site-packages</msg>
<msg timestamp="20230609 18:58:51.957" level="ERROR">Error in file '/home/runner/work/gen-ai-robot-test/gen-ai-robot-test/config/settings.robot' on line 4: Importing library 'SeleniumLibrary' failed: ImportError: cannot import name 'PY2' from 'robotlibcore' (/opt/hostedtoolcache/Python/3.8.16/x64/lib/python3.8/site-packages/robotlibcore.py)
Traceback (most recent call last):
  File "/opt/hostedtoolcache/Python/3.8.16/x64/lib/python3.8/site-packages/SeleniumLibrary/__init__.py", line 28, in &lt;module&gt;
    from SeleniumLibrary.base import LibraryComponent
  File "/opt/hostedtoolcache/Python/3.8.16/x64/lib/python3.8/site-packages/SeleniumLibrary/base/__init__.py", line 19, in &lt;module&gt;
    from .librarycomponent import LibraryComponent
  File "/opt/hostedtoolcache/Python/3.8.16/x64/lib/python3.8/site-packages/SeleniumLibrary/base/librarycomponent.py", line 21, in &lt;module&gt;
    from robotlibcore import PY2
PYTHONPATH:
  /opt/hostedtoolcache/Python/3.8.16/x64/bin
  /opt/hostedtoolcache/Python/3.8.16/x64/lib/python38.zip
  /opt/hostedtoolcache/Python/3.8.16/x64/lib/python3.8
  /opt/hostedtoolcache/Python/3.8.16/x64/lib/python3.8/lib-dynload
  /opt/hostedtoolcache/Python/3.8.16/x64/lib/python3.8/site-packages</msg>
</errors>
</robot>
