<?xml version="1.0" encoding="UTF-8"?>
<robot generator="Robot 7.0 (Python 3.8.18 on linux)" generated="2024-02-13T00:11:10.926124" rpa="false" schemaversion="5">
<suite id="s1" name="Tests" source="/home/runner/work/gen-ai-robot-test/gen-ai-robot-test/tests">
<suite id="s1-s1" name="Api" source="/home/runner/work/gen-ai-robot-test/gen-ai-robot-test/tests/api">
<suite id="s1-s1-s1" name="Test Api Users" source="/home/runner/work/gen-ai-robot-test/gen-ai-robot-test/tests/api/test_api_users.robot">
<test id="s1-s1-s1-t1" name="Scenario: Get all registered users" line="9">
<kw name="Before Tests" owner="test_keywords_common" type="SETUP">
<kw name="Create Session" owner="RequestsLibrary">
<msg time="2024-02-13T00:11:11.624224" level="INFO">Creating Session using : alias=serverest, url=https://serverest.dev, headers={},                     cookies={}, auth=None, timeout=None, proxies=None, verify=False,                     debug=0 </msg>
<arg>serverest</arg>
<arg>${SERVER_BASE_URL}</arg>
<arg>disable_warnings=True</arg>
<doc>Create Session: create a HTTP session to a server</doc>
<status status="PASS" start="2024-02-13T00:11:11.623844" elapsed="0.000723"/>
</kw>
<status status="PASS" start="2024-02-13T00:11:11.622482" elapsed="0.002204"/>
</kw>
<kw name="When I request the list of all registered users" owner="test_keywords_users">
<kw name="GET On Session" owner="RequestsLibrary">
<msg time="2024-02-13T00:11:11.849098" level="INFO">GET Request : url=https://serverest.dev/usuarios 
 path_url=/usuarios 
 headers={'User-Agent': 'python-requests/2.31.0', 'Accept-Encoding': 'gzip, deflate', 'Accept': '*/*', 'Connection': 'keep-alive'} 
 body=None 
 </msg>
<msg time="2024-02-13T00:11:11.849288" level="INFO">GET Response : url=https://serverest.dev/usuarios 
 status=200, reason=OK 
 headers={'access-control-allow-origin': '*', 'x-dns-prefetch-control': 'off', 'x-frame-options': 'SAMEORIGIN', 'strict-transport-security': 'max-age=15552000; includeSubDomains', 'x-download-options': 'noopen', 'x-content-type-options': 'nosniff', 'x-xss-protection': '1; mode=block', 'content-type': 'application/json; charset=utf-8', 'X-Cloud-Trace-Context': '14283e04a6e5ba5de2ef5ddcd7112d1a;o=1', 'Date': 'Tue, 13 Feb 2024 00:11:11 GMT', 'Server': 'Google Frontend', 'Content-Length': '8924'} 
 body={
    "quantidade": 40,
    "usuarios": [
        {
            "nome": "Israel",
            "email": "israel.toro@example.com",
            "password": "warcraft",
            "administrador": "true",
            "_id": "B7RIO5LhvEq72SdS"
        },
        {
            "nome": "Fulano da Silva",
            "email": "beltrano@qa.com.br",
            "password": "teste",
            "administrador": "true",
            "_id": "EHM5eUqi8Z3F1hzi"
        },
        {
            "nome": "Vernon Yundt",
            "email": "Richie.Mosciski75@gmail.com",
            "password": "YqCMG47vnTw0Iae",
            "administrador": "true",
            "_id": "FVogs1RN12qZjk4Y"
        },
        {
            "nome": "junior cardoso",
            "email": "junior@qa.com.br",
            "password": "teste",
            "administrador": "true",
            "_id": "HjER72W95KxRjgMf"
        },
        {
            "nome": "Dr. Salvador Corkery",
            "email": "Moises.Leffler@hotmail.com",
            "password": "mCkUVMpp3uRJLfk",
            "administrador": "true",
            "_id": "PI3gAmmlJSbD0UsN"
        },
        {
            "nome": "Msgr. Wanetta Kiehn",
            "email": "Margo@aninhapassouaqui.com",
            "password": "qJmSRp4X",
            "administrador": "false",
            "_id": "R857aSkvUp0pq70f"
        },
        {
            "nome": "Brittanie Rosenbaum",
            "email": "Terrence@aninhapassouaqui.com",
            "password": "j0t2dX2Ow",
            "administrador": "true",
            "_id": "RF4PRqsHJ5FKlX6W"
        },
        {
            "nome": "Angelita Toy",
            "email": "Divina@aninhapassouaqui.com",
            "password": "rwEjvmX73xFFSWUM",
            "administrador": "false",
            "_id": "T0RadDnfBULYpjND"
        },
        {
            "nome": "Mr. Maritza Stanton",
            "email": "Gwenn@aninhapassouaqui.com",
            "password": "6xQQ05xEp5cx84",
            "administrador": "true",
            "_id": "UZn01uxAQzQitP1q"
        },
        {
            "nome": "Lari teste cinco",
            "email": "larissateste6@gmail.com",
            "password": "teste",
            "administrador": "true",
            "_id": "Vr38XhIyhmYFLxQK"
        },
        {
            "nome": "Anderson Vilarins",
            "email": "anderson.jqd@emailteste.com",
            "password": "teste",
            "administrador": "true",
            "_id": "WkdpcNsWul6NmxJR"
        },
        {
            "nome": "Test Automation",
            "email": "kcppcxsc@emailteste.com",
            "password": "1234",
            "administrador": "true",
            "_id": "XHtvxLZyMZfEI6OA"
        },
        {
            "nome": "Lari teste seis",
            "email": "larissateste4@gmail.com",
            "password": "teste",
            "administrador": "true",
            "_id": "XyOtX1YaBlFhjw0Z"
        },
        {
            "nome": "Andres Shields DDS",
            "email": "Evan_Stoltenberg-Schmidt@yahoo.com",
            "password": "A9wqJioDPpgTsb7",
            "administrador": "true",
            "_id": "ZWcJnssO39HAXTyO"
        },
        {
            "nome": "Test Automation",
            "email": "trbtuvwe@emailteste.com",
            "password": "1234",
            "administrador": "true",
            "_id": "a40XtAue0uYFdVjz"
        },
        {
            "nome": "Alfonso Cummings",
            "email": "Greg.Effertz55@yahoo.com",
            "password": "A3E1z0VnRiExpRb",
            "administrador": "true",
            "_id": "aE2Xt8DwLZ1WUVNA"
        },
        {
            "nome": "Lyle Johns V",
            "email": "Garth@aninhapassouaqui.com",
            "password": "pp7G6V4vi",
            "administrador": "false",
            "_id": "bgRZX5CcXDJgN4Wp"
        },
        {
            "nome": "Rev. Elin Swift",
            "email": "Kaitlyn@aninhapassouaqui.com",
            "password": "Q9xuNXyN2",
            "administrador": "false",
            "_id": "boxlOYXZPv7xUCex"
        },
        {
            "nome": "Test Automation",
            "email": "eelqlalf@emailteste.com",
            "password": "1234",
            "administrador": "true",
            "_id": "bzvcsI0Akc4j7WQc"
        },
        {
            "nome": "Lari teste nove",
            "email": "larissateste8@gmail.com",
            "password": "teste",
            "administrador": "true",
            "_id": "cMYgi4fY9e1KRPuL"
        },
        {
            "nome": "Fr. Vance Reinger",
            "email": "Dotty@aninhapassouaqui.com",
            "password": "abCGDYA95ephbR",
            "administrador": "false",
            "_id": "dgaQCzd8JGK6fkjl"
        },
        {
            "nome": "Tricia Farrell",
            "email": "Johann.Ebert7@yahoo.com",
            "password": "42QlpilamjqfyNf",
            "administrador": "true",
            "_id": "e1jpR6IEoIVTnx84"
        },
        {
            "nome": "Pennie Barton",
            "email": "Elvera@aninhapassouaqui.com",
            "password": "SBfG9l9gH8P99dbb",
            "administrador": "false",
            "_id": "e8TLAZ2PiYVgITt4"
        },
        {
            "nome": "Mayara Fernandes",
            "email": "udiaz@example.org",
            "password": "123456",
            "administrador": "true",
            "_id": "fKb2OtUMyns9ulJ1"
        },
        {
            "nome": "Leticia Deckow-Bernier",
            "email": "Winnifred_Mohr@yahoo.com",
            "password": "0P8LX5X_HWeUDzR",
            "administrador": "true",
            "_id": "frfNGiuOIJBkYOPc"
        },
        {
            "nome": "Willard Marquardt",
            "email": "Rosalyn_Hansen30@gmail.com",
            "password": "bKHVETS7uZMrWtV",
            "administrador": "true",
            "_id": "hDNbeA61HRlrqAuk"
        },
        {
            "nome": "Fulano da Silva",
            "email": "testepostman@teste.com",
            "password": "teste",
            "administrador": "true",
            "_id": "j1Asq4BoFtPcR8kk"
        },
        {
            "nome": "Lula Willms",
            "email": "Haleigh85@hotmail.com",
            "password": "QQAsVTCS5dIV4Dg",
            "administrador": "true",
            "_id": "j5RGd6SYLrvs1LKa"
        },
        {
            "nome": "Test Automation",
            "email": "kzlgsbts@emailteste.com",
            "password": "1234",
            "administrador": "true",
            "_id": "k1mqJOTXJYlxyIGl"
        },
        {
            "nome": "Mayara Fernandes",
            "email": "tscott@example.net",
            "password": "123456",
            "administrador": "true",
            "_id": "kETA7n4z5vTXxeEA"
        },
        {
            "nome": "Willard Russel PhD",
            "email": "Rina@aninhapassouaqui.com",
            "password": "8FjEkPVC6pY1c",
            "administrador": "false",
            "_id": "l1zLFitY8hirmh04"
        },
        {
            "nome": "Stephanie Zieme IV",
            "email": "Shayna92@gmail.com",
            "password": "Zfij3TNIrchrKCU",
            "administrador": "true",
            "_id": "lEZxjnTL3LIsbImS"
        },
        {
            "nome": "Larissa Giffony2aaaaaa",
            "email": "larigiffony2@gmail.com",
            "password": "nilica123",
            "administrador": "true",
            "_id": "layY6XJPFX7mTa17"
        },
        {
            "nome": "Test Automation",
            "email": "tlagbfic@emailteste.com",
            "password": "1234",
            "administrador": "true",
            "_id": "paj1TQDNidW3qIA3"
        },
        {
            "nome": "Test Automation",
            "email": "nlqkdhzi@emailteste.com",
            "password": "1234",
            "administrador": "true",
            "_id": "ryvXZa2L8BIkSCru"
        },
        {
            "nome": "Test Automation",
            "email": "ewprcfwj@emailteste.com",
            "password": "1234",
            "administrador": "true",
            "_id": "uWeLPEgISoUFjh6p"
        },
        {
            "nome": "Gov. Penelope Rippin",
            "email": "Mable@aninhapassouaqui.com",
            "password": "6ICdKM7O",
            "administrador": "true",
            "_id": "ucb3POsJkKwhJIcL"
        },
        {
            "nome": "Jeanne Maggio",
            "email": "Dewitt_McDermott20@yahoo.com",
            "password": "qP6HMUYZ3CJhnEe",
            "administrador": "true",
            "_id": "uunPFEkIo7CF9AJx"
        },
        {
            "nome": "Test Automation",
            "email": "cqukzezg@emailteste.com",
            "password": "1234",
            "administrador": "true",
            "_id": "wfS540cIQ7fcw2wJ"
        },
        {
            "nome": "Test Automation",
            "email": "vobrgiwq@emailteste.com",
            "password": "1234",
            "administrador": "true",
            "_id": "xMYZCEpceKksbCTQ"
        }
    ]
} 
 </msg>
<msg time="2024-02-13T00:11:11.849645" level="INFO">${response} = &lt;Response [200]&gt;</msg>
<var>${response}</var>
<arg>serverest</arg>
<arg>${USERS_API_ENDPOINT}</arg>
<doc>Sends a GET request on a previously created HTTP Session.</doc>
<status status="PASS" start="2024-02-13T00:11:11.625188" elapsed="0.224495"/>
</kw>
<kw name="Set Test Variable" owner="BuiltIn">
<msg time="2024-02-13T00:11:11.850339" level="INFO">${response} = &lt;Response [200]&gt;</msg>
<arg>${response}</arg>
<doc>Makes a variable available everywhere within the scope of the current test.</doc>
<status status="PASS" start="2024-02-13T00:11:11.850003" elapsed="0.000391"/>
</kw>
<status status="PASS" start="2024-02-13T00:11:11.624892" elapsed="0.225612"/>
</kw>
<kw name="Then the response status code should be 200" owner="test_keywords_users" source_name="Then the response status code should be ${status_code}">
<kw name="Should Be Equal As Numbers" owner="BuiltIn">
<msg time="2024-02-13T00:11:11.851795" level="INFO">Argument types are:
&lt;class 'int'&gt;
&lt;class 'str'&gt;</msg>
<arg>${response.status_code}</arg>
<arg>${status_code}</arg>
<doc>Fails if objects are unequal after converting them to real numbers.</doc>
<status status="PASS" start="2024-02-13T00:11:11.851217" elapsed="0.000656"/>
</kw>
<kw name="Should Be True" owner="BuiltIn">
<arg>${response.json()}</arg>
<doc>Fails if the given condition is not true.</doc>
<status status="PASS" start="2024-02-13T00:11:11.852031" elapsed="0.000601"/>
</kw>
<status status="PASS" start="2024-02-13T00:11:11.850785" elapsed="0.001934"/>
</kw>
<kw name="And the response body should not be empty" owner="test_keywords_users">
<kw name="Should Not Be Empty" owner="BuiltIn">
<msg time="2024-02-13T00:11:11.853734" level="INFO">Length is 2.</msg>
<arg>${response.json()}</arg>
<doc>Verifies that the given item is not empty.</doc>
<status status="PASS" start="2024-02-13T00:11:11.853188" elapsed="0.000601"/>
</kw>
<status status="PASS" start="2024-02-13T00:11:11.852901" elapsed="0.000966"/>
</kw>
<tag>api</tag>
<status status="PASS" start="2024-02-13T00:11:11.621678" elapsed="0.232325"/>
</test>
<test id="s1-s1-s1-t2" name="Scenario: Create a new user" line="15">
<kw name="Before Tests" owner="test_keywords_common" type="SETUP">
<kw name="Create Session" owner="RequestsLibrary">
<msg time="2024-02-13T00:11:11.855384" level="INFO">Creating Session using : alias=serverest, url=https://serverest.dev, headers={},                     cookies={}, auth=None, timeout=None, proxies=None, verify=False,                     debug=0 </msg>
<arg>serverest</arg>
<arg>${SERVER_BASE_URL}</arg>
<arg>disable_warnings=True</arg>
<doc>Create Session: create a HTTP session to a server</doc>
<status status="PASS" start="2024-02-13T00:11:11.855112" elapsed="0.000498"/>
</kw>
<status status="PASS" start="2024-02-13T00:11:11.854814" elapsed="0.000886"/>
</kw>
<kw name="Given I have a valid user data" owner="test_keywords_users">
<kw name="Name" owner="FakerLibrary">
<msg time="2024-02-13T00:11:11.856559" level="INFO">${name} = Allison Stewart</msg>
<var>${name}</var>
<doc>:example: 'John Doe'</doc>
<status status="PASS" start="2024-02-13T00:11:11.856164" elapsed="0.000434"/>
</kw>
<kw name="Email" owner="FakerLibrary">
<msg time="2024-02-13T00:11:11.857150" level="INFO">${email} = amanda45@example.net</msg>
<var>${email}</var>
<status status="PASS" start="2024-02-13T00:11:11.856800" elapsed="0.000380"/>
</kw>
<kw name="Password" owner="FakerLibrary">
<msg time="2024-02-13T00:11:11.857610" level="INFO">${password} = fc1DENCmY2Hy</msg>
<var>${password}</var>
<arg>length=12</arg>
<arg>special_chars=False</arg>
<doc>Generate a random password of the specified ``length``.</doc>
<status status="PASS" start="2024-02-13T00:11:11.857319" elapsed="0.000320"/>
</kw>
<kw name="Set Suite Variable" owner="BuiltIn">
<msg time="2024-02-13T00:11:11.858005" level="INFO">${name} = Allison Stewart</msg>
<arg>${name}</arg>
<doc>Makes a variable available everywhere within the scope of the current suite.</doc>
<status status="PASS" start="2024-02-13T00:11:11.857796" elapsed="0.000252"/>
</kw>
<kw name="Set Suite Variable" owner="BuiltIn">
<msg time="2024-02-13T00:11:11.858403" level="INFO">${email} = amanda45@example.net</msg>
<arg>${email}</arg>
<doc>Makes a variable available everywhere within the scope of the current suite.</doc>
<status status="PASS" start="2024-02-13T00:11:11.858201" elapsed="0.000243"/>
</kw>
<kw name="Set Suite Variable" owner="BuiltIn">
<msg time="2024-02-13T00:11:11.858773" level="INFO">${password} = fc1DENCmY2Hy</msg>
<arg>${password}</arg>
<doc>Makes a variable available everywhere within the scope of the current suite.</doc>
<status status="PASS" start="2024-02-13T00:11:11.858581" elapsed="0.000235"/>
</kw>
<status status="PASS" start="2024-02-13T00:11:11.855898" elapsed="0.002993"/>
</kw>
<kw name="When I create the user" owner="test_keywords_users">
<kw name="Create Dictionary" owner="BuiltIn">
<msg time="2024-02-13T00:11:11.859820" level="INFO">${payload} = {'nome': 'Allison Stewart', 'email': 'amanda45@example.net', 'password': 'fc1DENCmY2Hy', 'administrador': 'false'}</msg>
<var>${payload}</var>
<arg>nome=${name}</arg>
<arg>email=${email}</arg>
<arg>password=${password}</arg>
<arg>administrador=false</arg>
<doc>Creates and returns a dictionary based on the given ``items``.</doc>
<status status="PASS" start="2024-02-13T00:11:11.859387" elapsed="0.000465"/>
</kw>
<kw name="Create Dictionary" owner="BuiltIn">
<msg time="2024-02-13T00:11:11.860217" level="INFO">${headers} = {'Content-Type': 'application/json'}</msg>
<var>${headers}</var>
<arg>Content-Type=application/json</arg>
<doc>Creates and returns a dictionary based on the given ``items``.</doc>
<status status="PASS" start="2024-02-13T00:11:11.860024" elapsed="0.000221"/>
</kw>
<kw name="POST On Session" owner="RequestsLibrary">
<msg time="2024-02-13T00:11:11.957463" level="INFO">POST Request : url=https://serverest.dev/usuarios 
 path_url=/usuarios 
 headers={'User-Agent': 'python-requests/2.31.0', 'Accept-Encoding': 'gzip, deflate', 'Accept': '*/*', 'Connection': 'keep-alive', 'Content-Type': 'application/json', 'Content-Length': '114'} 
 body=b'{"nome": "Allison Stewart", "email": "amanda45@example.net", "password": "fc1DENCmY2Hy", "administrador": "false"}' 
 </msg>
<msg time="2024-02-13T00:11:11.957586" level="INFO">POST Response : url=https://serverest.dev/usuarios 
 status=201, reason=Created 
 headers={'access-control-allow-origin': '*', 'x-dns-prefetch-control': 'off', 'x-frame-options': 'SAMEORIGIN', 'strict-transport-security': 'max-age=15552000; includeSubDomains', 'x-download-options': 'noopen', 'x-content-type-options': 'nosniff', 'x-xss-protection': '1; mode=block', 'content-type': 'application/json; charset=utf-8', 'X-Cloud-Trace-Context': '30f0b08a5c34acf23d7b6eabdd69d141', 'Date': 'Tue, 13 Feb 2024 00:11:11 GMT', 'Server': 'Google Frontend', 'Content-Length': '82'} 
 body={
    "message": "Cadastro realizado com sucesso",
    "_id": "SUKPoVBSFrW16COq"
} 
 </msg>
<msg time="2024-02-13T00:11:11.957753" level="INFO">${response} = &lt;Response [201]&gt;</msg>
<var>${response}</var>
<arg>serverest</arg>
<arg>${USERS_API_ENDPOINT}</arg>
<arg>json=${payload}</arg>
<arg>headers=${headers}</arg>
<doc>Sends a POST request on a previously created HTTP Session.</doc>
<status status="PASS" start="2024-02-13T00:11:11.860389" elapsed="0.097398"/>
</kw>
<kw name="Set Variable" owner="BuiltIn">
<msg time="2024-02-13T00:11:11.959826" level="INFO">${user_id} = SUKPoVBSFrW16COq</msg>
<var>${user_id}</var>
<arg>${response.json()['_id']}</arg>
<doc>Returns the given values which can then be assigned to a variables.</doc>
<status status="PASS" start="2024-02-13T00:11:11.958083" elapsed="0.001775"/>
</kw>
<kw name="Set Global Variable" owner="BuiltIn">
<msg time="2024-02-13T00:11:11.960333" level="INFO">${USER_ID} = SUKPoVBSFrW16COq</msg>
<arg>${USER_ID}</arg>
<arg>${user_id}</arg>
<doc>Makes a variable available globally in all tests and suites.</doc>
<status status="PASS" start="2024-02-13T00:11:11.960041" elapsed="0.000338"/>
</kw>
<kw name="Set Test Variable" owner="BuiltIn">
<msg time="2024-02-13T00:11:11.960728" level="INFO">${response} = &lt;Response [201]&gt;</msg>
<arg>${response}</arg>
<doc>Makes a variable available everywhere within the scope of the current test.</doc>
<status status="PASS" start="2024-02-13T00:11:11.960530" elapsed="0.000294"/>
</kw>
<status status="PASS" start="2024-02-13T00:11:11.859109" elapsed="0.101802"/>
</kw>
<kw name="Then the response status code should be 201" owner="test_keywords_users" source_name="Then the response status code should be ${status_code}">
<kw name="Should Be Equal As Numbers" owner="BuiltIn">
<msg time="2024-02-13T00:11:11.961894" level="INFO">Argument types are:
&lt;class 'int'&gt;
&lt;class 'str'&gt;</msg>
<arg>${response.status_code}</arg>
<arg>${status_code}</arg>
<doc>Fails if objects are unequal after converting them to real numbers.</doc>
<status status="PASS" start="2024-02-13T00:11:11.961427" elapsed="0.000534"/>
</kw>
<kw name="Should Be True" owner="BuiltIn">
<arg>${response.json()}</arg>
<doc>Fails if the given condition is not true.</doc>
<status status="PASS" start="2024-02-13T00:11:11.962103" elapsed="0.000458"/>
</kw>
<status status="PASS" start="2024-02-13T00:11:11.961114" elapsed="0.001525"/>
</kw>
<kw name="And the response body should not be empty" owner="test_keywords_users">
<kw name="Should Not Be Empty" owner="BuiltIn">
<msg time="2024-02-13T00:11:11.963523" level="INFO">Length is 2.</msg>
<arg>${response.json()}</arg>
<doc>Verifies that the given item is not empty.</doc>
<status status="PASS" start="2024-02-13T00:11:11.963090" elapsed="0.000484"/>
</kw>
<status status="PASS" start="2024-02-13T00:11:11.962800" elapsed="0.000848"/>
</kw>
<tag>api</tag>
<status status="PASS" start="2024-02-13T00:11:11.854369" elapsed="0.109410"/>
</test>
<test id="s1-s1-s1-t3" name="Scenario: Get a specific user informations" line="22">
<kw name="Before Tests" owner="test_keywords_common" type="SETUP">
<kw name="Create Session" owner="RequestsLibrary">
<msg time="2024-02-13T00:11:11.965100" level="INFO">Creating Session using : alias=serverest, url=https://serverest.dev, headers={},                     cookies={}, auth=None, timeout=None, proxies=None, verify=False,                     debug=0 </msg>
<arg>serverest</arg>
<arg>${SERVER_BASE_URL}</arg>
<arg>disable_warnings=True</arg>
<doc>Create Session: create a HTTP session to a server</doc>
<status status="PASS" start="2024-02-13T00:11:11.964838" elapsed="0.000477"/>
</kw>
<status status="PASS" start="2024-02-13T00:11:11.964583" elapsed="0.000817"/>
</kw>
<kw name="When I request the created user" owner="test_keywords_users">
<kw name="GET On Session" owner="RequestsLibrary">
<msg time="2024-02-13T00:11:12.059600" level="INFO">GET Request : url=https://serverest.dev/usuarios/SUKPoVBSFrW16COq 
 path_url=/usuarios/SUKPoVBSFrW16COq 
 headers={'User-Agent': 'python-requests/2.31.0', 'Accept-Encoding': 'gzip, deflate', 'Accept': '*/*', 'Connection': 'keep-alive'} 
 body=None 
 </msg>
<msg time="2024-02-13T00:11:12.059774" level="INFO">GET Response : url=https://serverest.dev/usuarios/SUKPoVBSFrW16COq 
 status=200, reason=OK 
 headers={'access-control-allow-origin': '*', 'x-dns-prefetch-control': 'off', 'x-frame-options': 'SAMEORIGIN', 'strict-transport-security': 'max-age=15552000; includeSubDomains', 'x-download-options': 'noopen', 'x-content-type-options': 'nosniff', 'x-xss-protection': '1; mode=block', 'content-type': 'application/json; charset=utf-8', 'X-Cloud-Trace-Context': 'a72af525f98a117fef86860a88921c8b', 'Date': 'Tue, 13 Feb 2024 00:11:12 GMT', 'Server': 'Google Frontend', 'Content-Length': '163'} 
 body={
    "nome": "Allison Stewart",
    "email": "amanda45@example.net",
    "password": "fc1DENCmY2Hy",
    "administrador": "false",
    "_id": "SUKPoVBSFrW16COq"
} 
 </msg>
<msg time="2024-02-13T00:11:12.060014" level="INFO">${response} = &lt;Response [200]&gt;</msg>
<var>${response}</var>
<arg>serverest</arg>
<arg>${USERS_API_ENDPOINT}/${USER_ID}</arg>
<doc>Sends a GET request on a previously created HTTP Session.</doc>
<status status="PASS" start="2024-02-13T00:11:11.965830" elapsed="0.094237"/>
</kw>
<kw name="Set Test Variable" owner="BuiltIn">
<msg time="2024-02-13T00:11:12.060820" level="INFO">${response} = &lt;Response [200]&gt;</msg>
<arg>${response}</arg>
<doc>Makes a variable available everywhere within the scope of the current test.</doc>
<status status="PASS" start="2024-02-13T00:11:12.060438" elapsed="0.000453"/>
</kw>
<status status="PASS" start="2024-02-13T00:11:11.965574" elapsed="0.095445"/>
</kw>
<kw name="Then the response status code should be 200" owner="test_keywords_users" source_name="Then the response status code should be ${status_code}">
<kw name="Should Be Equal As Numbers" owner="BuiltIn">
<msg time="2024-02-13T00:11:12.062321" level="INFO">Argument types are:
&lt;class 'int'&gt;
&lt;class 'str'&gt;</msg>
<arg>${response.status_code}</arg>
<arg>${status_code}</arg>
<doc>Fails if objects are unequal after converting them to real numbers.</doc>
<status status="PASS" start="2024-02-13T00:11:12.061770" elapsed="0.000649"/>
</kw>
<kw name="Should Be True" owner="BuiltIn">
<arg>${response.json()}</arg>
<doc>Fails if the given condition is not true.</doc>
<status status="PASS" start="2024-02-13T00:11:12.062637" elapsed="0.000564"/>
</kw>
<status status="PASS" start="2024-02-13T00:11:12.061333" elapsed="0.001951"/>
</kw>
<kw name="And the response body should not be empty" owner="test_keywords_users">
<kw name="Should Not Be Empty" owner="BuiltIn">
<msg time="2024-02-13T00:11:12.064167" level="INFO">Length is 5.</msg>
<arg>${response.json()}</arg>
<doc>Verifies that the given item is not empty.</doc>
<status status="PASS" start="2024-02-13T00:11:12.063738" elapsed="0.000481"/>
</kw>
<status status="PASS" start="2024-02-13T00:11:12.063459" elapsed="0.000837"/>
</kw>
<tag>api</tag>
<status status="PASS" start="2024-02-13T00:11:11.964115" elapsed="0.100316"/>
</test>
<test id="s1-s1-s1-t4" name="Scenario: Update the created user" line="28">
<kw name="Before Tests" owner="test_keywords_common" type="SETUP">
<kw name="Create Session" owner="RequestsLibrary">
<msg time="2024-02-13T00:11:12.065828" level="INFO">Creating Session using : alias=serverest, url=https://serverest.dev, headers={},                     cookies={}, auth=None, timeout=None, proxies=None, verify=False,                     debug=0 </msg>
<arg>serverest</arg>
<arg>${SERVER_BASE_URL}</arg>
<arg>disable_warnings=True</arg>
<doc>Create Session: create a HTTP session to a server</doc>
<status status="PASS" start="2024-02-13T00:11:12.065529" elapsed="0.000539"/>
</kw>
<status status="PASS" start="2024-02-13T00:11:12.065239" elapsed="0.000918"/>
</kw>
<kw name="When I update the created user" owner="test_keywords_users">
<kw name="Create Dictionary" owner="BuiltIn">
<msg time="2024-02-13T00:11:12.067183" level="INFO">${payload} = {'nome': 'John Smith', 'email': 'john.smith@example.com', 'password': 'P@ssw0rd123', 'administrador': 'false'}</msg>
<var>${payload}</var>
<arg>nome=John Smith</arg>
<arg>email=john.smith@example.com</arg>
<arg>password=P@ssw0rd123</arg>
<arg>administrador=false</arg>
<doc>Creates and returns a dictionary based on the given ``items``.</doc>
<status status="PASS" start="2024-02-13T00:11:12.066631" elapsed="0.000595"/>
</kw>
<kw name="Create Dictionary" owner="BuiltIn">
<msg time="2024-02-13T00:11:12.067641" level="INFO">${headers} = {'Content-Type': 'application/json'}</msg>
<var>${headers}</var>
<arg>Content-Type=application/json</arg>
<doc>Creates and returns a dictionary based on the given ``items``.</doc>
<status status="PASS" start="2024-02-13T00:11:12.067449" elapsed="0.000220"/>
</kw>
<kw name="PUT On Session" owner="RequestsLibrary">
<msg time="2024-02-13T00:11:12.162223" level="INFO">PUT Request : url=https://serverest.dev/usuarios/SUKPoVBSFrW16COq 
 path_url=/usuarios/SUKPoVBSFrW16COq 
 headers={'User-Agent': 'python-requests/2.31.0', 'Accept-Encoding': 'gzip, deflate', 'Accept': '*/*', 'Connection': 'keep-alive', 'Content-Type': 'application/json', 'Content-Length': '110'} 
 body=b'{"nome": "John Smith", "email": "john.smith@example.com", "password": "P@ssw0rd123", "administrador": "false"}' 
 </msg>
<msg time="2024-02-13T00:11:12.162417" level="INFO">PUT Response : url=https://serverest.dev/usuarios/SUKPoVBSFrW16COq 
 status=200, reason=OK 
 headers={'access-control-allow-origin': '*', 'x-dns-prefetch-control': 'off', 'x-frame-options': 'SAMEORIGIN', 'strict-transport-security': 'max-age=15552000; includeSubDomains', 'x-download-options': 'noopen', 'x-content-type-options': 'nosniff', 'x-xss-protection': '1; mode=block', 'content-type': 'application/json; charset=utf-8', 'X-Cloud-Trace-Context': 'cc3a8d1d29d5efafa1f24052fe5a2f37', 'Date': 'Tue, 13 Feb 2024 00:11:12 GMT', 'Server': 'Google Frontend', 'Content-Length': '50'} 
 body={
    "message": "Registro alterado com sucesso"
} 
 </msg>
<msg time="2024-02-13T00:11:12.162606" level="INFO">${response} = &lt;Response [200]&gt;</msg>
<var>${response}</var>
<arg>serverest</arg>
<arg>${USERS_API_ENDPOINT}/${USER_ID}</arg>
<arg>json=${payload}</arg>
<arg>headers=${headers}</arg>
<doc>Sends a PUT request on a previously created HTTP Session.</doc>
<status status="PASS" start="2024-02-13T00:11:12.067810" elapsed="0.094831"/>
</kw>
<kw name="Set Test Variable" owner="BuiltIn">
<msg time="2024-02-13T00:11:12.163244" level="INFO">${response} = &lt;Response [200]&gt;</msg>
<arg>${response}</arg>
<doc>Makes a variable available everywhere within the scope of the current test.</doc>
<status status="PASS" start="2024-02-13T00:11:12.162926" elapsed="0.000367"/>
</kw>
<status status="PASS" start="2024-02-13T00:11:12.066349" elapsed="0.097034"/>
</kw>
<kw name="Then the response status code should be 200" owner="test_keywords_users" source_name="Then the response status code should be ${status_code}">
<kw name="Should Be Equal As Numbers" owner="BuiltIn">
<msg time="2024-02-13T00:11:12.164475" level="INFO">Argument types are:
&lt;class 'int'&gt;
&lt;class 'str'&gt;</msg>
<arg>${response.status_code}</arg>
<arg>${status_code}</arg>
<doc>Fails if objects are unequal after converting them to real numbers.</doc>
<status status="PASS" start="2024-02-13T00:11:12.163932" elapsed="0.000615"/>
</kw>
<kw name="Should Be True" owner="BuiltIn">
<arg>${response.json()}</arg>
<doc>Fails if the given condition is not true.</doc>
<status status="PASS" start="2024-02-13T00:11:12.164694" elapsed="0.000474"/>
</kw>
<status status="PASS" start="2024-02-13T00:11:12.163599" elapsed="0.001650"/>
</kw>
<kw name="And the response body should not be empty" owner="test_keywords_users">
<kw name="Should Not Be Empty" owner="BuiltIn">
<msg time="2024-02-13T00:11:12.166114" level="INFO">Length is 1.</msg>
<arg>${response.json()}</arg>
<doc>Verifies that the given item is not empty.</doc>
<status status="PASS" start="2024-02-13T00:11:12.165680" elapsed="0.000487"/>
</kw>
<status status="PASS" start="2024-02-13T00:11:12.165412" elapsed="0.000832"/>
</kw>
<tag>api</tag>
<status status="PASS" start="2024-02-13T00:11:12.064757" elapsed="0.101622"/>
</test>
<test id="s1-s1-s1-t5" name="Scenario: Delete the created user" line="34">
<kw name="Before Tests" owner="test_keywords_common" type="SETUP">
<kw name="Create Session" owner="RequestsLibrary">
<msg time="2024-02-13T00:11:12.167735" level="INFO">Creating Session using : alias=serverest, url=https://serverest.dev, headers={},                     cookies={}, auth=None, timeout=None, proxies=None, verify=False,                     debug=0 </msg>
<arg>serverest</arg>
<arg>${SERVER_BASE_URL}</arg>
<arg>disable_warnings=True</arg>
<doc>Create Session: create a HTTP session to a server</doc>
<status status="PASS" start="2024-02-13T00:11:12.167471" elapsed="0.000478"/>
</kw>
<status status="PASS" start="2024-02-13T00:11:12.167205" elapsed="0.000831"/>
</kw>
<kw name="When I delete the created user" owner="test_keywords_users">
<kw name="DELETE On Session" owner="RequestsLibrary">
<msg time="2024-02-13T00:11:12.263809" level="INFO">DELETE Request : url=https://serverest.dev/usuarios/SUKPoVBSFrW16COq 
 path_url=/usuarios/SUKPoVBSFrW16COq 
 headers={'User-Agent': 'python-requests/2.31.0', 'Accept-Encoding': 'gzip, deflate', 'Accept': '*/*', 'Connection': 'keep-alive', 'Content-Length': '0'} 
 body=None 
 </msg>
<msg time="2024-02-13T00:11:12.263933" level="INFO">DELETE Response : url=https://serverest.dev/usuarios/SUKPoVBSFrW16COq 
 status=200, reason=OK 
 headers={'access-control-allow-origin': '*', 'x-dns-prefetch-control': 'off', 'x-frame-options': 'SAMEORIGIN', 'strict-transport-security': 'max-age=15552000; includeSubDomains', 'x-download-options': 'noopen', 'x-content-type-options': 'nosniff', 'x-xss-protection': '1; mode=block', 'content-type': 'application/json; charset=utf-8', 'X-Cloud-Trace-Context': '5b59f331f556036fee0fedfeee583d95', 'Date': 'Tue, 13 Feb 2024 00:11:12 GMT', 'Server': 'Google Frontend', 'Content-Length': '51'} 
 body={
    "message": "Registro excluído com sucesso"
} 
 </msg>
<msg time="2024-02-13T00:11:12.264100" level="INFO">${response} = &lt;Response [200]&gt;</msg>
<var>${response}</var>
<arg>serverest</arg>
<arg>${USERS_API_ENDPOINT}/${USER_ID}</arg>
<doc>Sends a DELETE request on a previously created HTTP Session.</doc>
<status status="PASS" start="2024-02-13T00:11:12.168468" elapsed="0.095666"/>
</kw>
<kw name="Set Test Variable" owner="BuiltIn">
<msg time="2024-02-13T00:11:12.264704" level="INFO">${response} = &lt;Response [200]&gt;</msg>
<arg>${response}</arg>
<doc>Makes a variable available everywhere within the scope of the current test.</doc>
<status status="PASS" start="2024-02-13T00:11:12.264418" elapsed="0.000336"/>
</kw>
<status status="PASS" start="2024-02-13T00:11:12.168212" elapsed="0.096630"/>
</kw>
<kw name="Then the response status code should be 200" owner="test_keywords_users" source_name="Then the response status code should be ${status_code}">
<kw name="Should Be Equal As Numbers" owner="BuiltIn">
<msg time="2024-02-13T00:11:12.265955" level="INFO">Argument types are:
&lt;class 'int'&gt;
&lt;class 'str'&gt;</msg>
<arg>${response.status_code}</arg>
<arg>${status_code}</arg>
<doc>Fails if objects are unequal after converting them to real numbers.</doc>
<status status="PASS" start="2024-02-13T00:11:12.265395" elapsed="0.000631"/>
</kw>
<kw name="Should Be True" owner="BuiltIn">
<arg>${response.json()}</arg>
<doc>Fails if the given condition is not true.</doc>
<status status="PASS" start="2024-02-13T00:11:12.266175" elapsed="0.000473"/>
</kw>
<status status="PASS" start="2024-02-13T00:11:12.265057" elapsed="0.001672"/>
</kw>
<kw name="And the response body should not be empty" owner="test_keywords_users">
<kw name="Should Not Be Empty" owner="BuiltIn">
<msg time="2024-02-13T00:11:12.267652" level="INFO">Length is 1.</msg>
<arg>${response.json()}</arg>
<doc>Verifies that the given item is not empty.</doc>
<status status="PASS" start="2024-02-13T00:11:12.267204" elapsed="0.000499"/>
</kw>
<status status="PASS" start="2024-02-13T00:11:12.266892" elapsed="0.000887"/>
</kw>
<tag>api</tag>
<status status="PASS" start="2024-02-13T00:11:12.166732" elapsed="0.101180"/>
</test>
<status status="PASS" start="2024-02-13T00:11:10.948444" elapsed="1.320036"/>
</suite>
<status status="PASS" start="2024-02-13T00:11:10.947137" elapsed="1.322102"/>
</suite>
<suite id="s1-s2" name="E2E" source="/home/runner/work/gen-ai-robot-test/gen-ai-robot-test/tests/e2e">
<suite id="s1-s2-s1" name="Test Ui Signup" source="/home/runner/work/gen-ai-robot-test/gen-ai-robot-test/tests/e2e/test_ui_signup.robot">
<test id="s1-s2-s1-t1" name="Scenario: Signup with empty fields" line="10">
<kw name="Before Tests" owner="test_keywords_common" type="SETUP">
<kw name="Open Browser" owner="SeleniumLibrary">
<msg time="2024-02-13T00:11:12.278169" level="INFO">Opening browser 'headless Chrome' to base url 'https://front.serverest.dev/'.</msg>
<arg>${SERVER_BASE_URL}</arg>
<arg>${HEADLESS} ${BROWSER}</arg>
<doc>Opens a new browser instance to the optional ``url``.</doc>
<status status="PASS" start="2024-02-13T00:11:12.277895" elapsed="17.737099"/>
</kw>
<kw name="Maximize Browser Window" owner="SeleniumLibrary">
<doc>Maximizes current browser window.</doc>
<status status="PASS" start="2024-02-13T00:11:30.015702" elapsed="0.103866"/>
</kw>
<status status="PASS" start="2024-02-13T00:11:12.277590" elapsed="17.842171"/>
</kw>
<kw name="Given Im on the signup page" owner="test_keywords_signup">
<kw name="Location Should Be" owner="SeleniumLibrary">
<msg time="2024-02-13T00:11:30.137841" level="INFO">Current location is 'https://front.serverest.dev/login'.</msg>
<arg>https://front.serverest.dev/login</arg>
<doc>Verifies that the current URL is exactly ``url``.</doc>
<status status="PASS" start="2024-02-13T00:11:30.120605" elapsed="0.017338"/>
</kw>
<kw name="Click Element" owner="SeleniumLibrary">
<msg time="2024-02-13T00:11:30.138718" level="INFO">Clicking element 'css=a.btn.btn-link'.</msg>
<arg>css=a.btn.btn-link</arg>
<doc>Click the element identified by ``locator``.</doc>
<status status="PASS" start="2024-02-13T00:11:30.138179" elapsed="0.137425"/>
</kw>
<status status="PASS" start="2024-02-13T00:11:30.120151" elapsed="0.155638"/>
</kw>
<kw name="When I click in signup" owner="test_keywords_signup">
<kw name="Click Button" owner="SeleniumLibrary">
<msg time="2024-02-13T00:11:30.276734" level="INFO">Clicking button 'css=.btn.btn-primary'.</msg>
<arg>css=.btn.btn-primary</arg>
<doc>Clicks the button identified by ``locator``.</doc>
<status status="PASS" start="2024-02-13T00:11:30.276490" elapsed="0.210025"/>
</kw>
<status status="PASS" start="2024-02-13T00:11:30.276078" elapsed="0.210674"/>
</kw>
<kw name="Then required field messages should be displayed" owner="test_keywords_signup">
<kw name="Wait Until Element Is Visible" owner="SeleniumLibrary">
<arg>css=.alert-dismissible</arg>
<arg>timeout=10s</arg>
<doc>Waits until the element ``locator`` is visible.</doc>
<status status="PASS" start="2024-02-13T00:11:30.487746" elapsed="0.238610"/>
</kw>
<kw name="Element Should Be Visible" owner="SeleniumLibrary">
<msg time="2024-02-13T00:11:30.740763" level="INFO">Element 'css=.alert-dismissible' is displayed.</msg>
<arg>css=.alert-dismissible</arg>
<doc>Verifies that the element identified by ``locator`` is visible.</doc>
<status status="PASS" start="2024-02-13T00:11:30.726679" elapsed="0.014217"/>
</kw>
<kw name="Page Should Contain" owner="SeleniumLibrary">
<msg time="2024-02-13T00:11:30.781099" level="INFO">Current page contains text 'Nome é obrigatório'.</msg>
<arg>Nome é obrigatório</arg>
<doc>Verifies that current page contains ``text``.</doc>
<status status="PASS" start="2024-02-13T00:11:30.741213" elapsed="0.040025"/>
</kw>
<kw name="Page Should Contain" owner="SeleniumLibrary">
<msg time="2024-02-13T00:11:30.791529" level="INFO">Current page contains text 'Email é obrigatório'.</msg>
<arg>Email é obrigatório</arg>
<doc>Verifies that current page contains ``text``.</doc>
<status status="PASS" start="2024-02-13T00:11:30.781530" elapsed="0.010107"/>
</kw>
<kw name="Page Should Contain" owner="SeleniumLibrary">
<msg time="2024-02-13T00:11:30.800961" level="INFO">Current page contains text 'Password é obrigatório'.</msg>
<arg>Password é obrigatório</arg>
<doc>Verifies that current page contains ``text``.</doc>
<status status="PASS" start="2024-02-13T00:11:30.791885" elapsed="0.009163"/>
</kw>
<status status="PASS" start="2024-02-13T00:11:30.487202" elapsed="0.313961"/>
</kw>
<kw name="After Tests" owner="test_keywords_common" type="TEARDOWN">
<kw name="Close Browser" owner="SeleniumLibrary">
<doc>Closes the current browser.</doc>
<status status="PASS" start="2024-02-13T00:11:30.801893" elapsed="0.063773"/>
</kw>
<status status="PASS" start="2024-02-13T00:11:30.801535" elapsed="0.064316"/>
</kw>
<tag>e2e</tag>
<status status="PASS" start="2024-02-13T00:11:12.277083" elapsed="18.588868"/>
</test>
<test id="s1-s2-s1-t2" name="Scenario: Signup done successfully" line="16">
<kw name="Before Tests" owner="test_keywords_common" type="SETUP">
<kw name="Open Browser" owner="SeleniumLibrary">
<msg time="2024-02-13T00:11:30.867875" level="INFO">Opening browser 'headless Chrome' to base url 'https://front.serverest.dev/'.</msg>
<arg>${SERVER_BASE_URL}</arg>
<arg>${HEADLESS} ${BROWSER}</arg>
<doc>Opens a new browser instance to the optional ``url``.</doc>
<status status="PASS" start="2024-02-13T00:11:30.867550" elapsed="0.644630"/>
</kw>
<kw name="Maximize Browser Window" owner="SeleniumLibrary">
<doc>Maximizes current browser window.</doc>
<status status="PASS" start="2024-02-13T00:11:31.513175" elapsed="0.104613"/>
</kw>
<status status="PASS" start="2024-02-13T00:11:30.867156" elapsed="0.750827"/>
</kw>
<kw name="Given Im on the signup page" owner="test_keywords_signup">
<kw name="Location Should Be" owner="SeleniumLibrary">
<msg time="2024-02-13T00:11:31.622780" level="INFO">Current location is 'https://front.serverest.dev/login'.</msg>
<arg>https://front.serverest.dev/login</arg>
<doc>Verifies that the current URL is exactly ``url``.</doc>
<status status="PASS" start="2024-02-13T00:11:31.618832" elapsed="0.004032"/>
</kw>
<kw name="Click Element" owner="SeleniumLibrary">
<msg time="2024-02-13T00:11:31.623371" level="INFO">Clicking element 'css=a.btn.btn-link'.</msg>
<arg>css=a.btn.btn-link</arg>
<doc>Click the element identified by ``locator``.</doc>
<status status="PASS" start="2024-02-13T00:11:31.623089" elapsed="0.108884"/>
</kw>
<status status="PASS" start="2024-02-13T00:11:31.618378" elapsed="0.113819"/>
</kw>
<kw name="And I fill in the signup fields with valid data" owner="test_keywords_signup">
<kw name="Name" owner="FakerLibrary">
<msg time="2024-02-13T00:11:31.733923" level="INFO">${name} = Shaun Beard</msg>
<var>${name}</var>
<doc>:example: 'John Doe'</doc>
<status status="PASS" start="2024-02-13T00:11:31.733195" elapsed="0.000770"/>
</kw>
<kw name="Email" owner="FakerLibrary">
<msg time="2024-02-13T00:11:31.734651" level="INFO">${email} = drobinson@example.org</msg>
<var>${email}</var>
<status status="PASS" start="2024-02-13T00:11:31.734184" elapsed="0.000563"/>
</kw>
<kw name="Password" owner="FakerLibrary">
<msg time="2024-02-13T00:11:31.735545" level="INFO">${password} = 36lGcQp56QDM</msg>
<var>${password}</var>
<arg>length=12</arg>
<arg>special_chars=False</arg>
<doc>Generate a random password of the specified ``length``.</doc>
<status status="PASS" start="2024-02-13T00:11:31.735042" elapsed="0.000556"/>
</kw>
<kw name="Input Text" owner="SeleniumLibrary">
<msg time="2024-02-13T00:11:31.736319" level="INFO">Typing text 'Shaun Beard' into text field 'id:nome'.</msg>
<arg>id:nome</arg>
<arg>${name}</arg>
<doc>Types the given ``text`` into the text field identified by ``locator``.</doc>
<status status="PASS" start="2024-02-13T00:11:31.735887" elapsed="0.194735"/>
</kw>
<kw name="Input Text" owner="SeleniumLibrary">
<msg time="2024-02-13T00:11:31.931484" level="INFO">Typing text 'drobinson@example.org' into text field 'id:email'.</msg>
<arg>id:email</arg>
<arg>${email}</arg>
<doc>Types the given ``text`` into the text field identified by ``locator``.</doc>
<status status="PASS" start="2024-02-13T00:11:31.931119" elapsed="0.100083"/>
</kw>
<kw name="Input Text" owner="SeleniumLibrary">
<msg time="2024-02-13T00:11:32.031911" level="INFO">Typing text '36lGcQp56QDM' into text field 'id:password'.</msg>
<arg>id:password</arg>
<arg>${password}</arg>
<doc>Types the given ``text`` into the text field identified by ``locator``.</doc>
<status status="PASS" start="2024-02-13T00:11:32.031555" elapsed="0.069390"/>
</kw>
<kw name="Select Checkbox" owner="SeleniumLibrary">
<msg time="2024-02-13T00:11:32.101561" level="INFO">Selecting checkbox 'id=administrador'.</msg>
<arg>id=administrador</arg>
<doc>Selects the checkbox identified by ``locator``.</doc>
<status status="PASS" start="2024-02-13T00:11:32.101272" elapsed="0.060416"/>
</kw>
<kw name="Set Suite Variable" owner="BuiltIn">
<msg time="2024-02-13T00:11:32.162400" level="INFO">${name} = Shaun Beard</msg>
<arg>${name}</arg>
<doc>Makes a variable available everywhere within the scope of the current suite.</doc>
<status status="PASS" start="2024-02-13T00:11:32.162030" elapsed="0.000423"/>
</kw>
<kw name="Set Suite Variable" owner="BuiltIn">
<msg time="2024-02-13T00:11:32.162911" level="INFO">${email} = drobinson@example.org</msg>
<arg>${email}</arg>
<doc>Makes a variable available everywhere within the scope of the current suite.</doc>
<status status="PASS" start="2024-02-13T00:11:32.162673" elapsed="0.000287"/>
</kw>
<kw name="Set Suite Variable" owner="BuiltIn">
<msg time="2024-02-13T00:11:32.163493" level="INFO">${password} = 36lGcQp56QDM</msg>
<arg>${password}</arg>
<doc>Makes a variable available everywhere within the scope of the current suite.</doc>
<status status="PASS" start="2024-02-13T00:11:32.163183" elapsed="0.000362"/>
</kw>
<status status="PASS" start="2024-02-13T00:11:31.732663" elapsed="0.430989"/>
</kw>
<kw name="When I click in signup" owner="test_keywords_signup">
<kw name="Click Button" owner="SeleniumLibrary">
<msg time="2024-02-13T00:11:32.164484" level="INFO">Clicking button 'css=.btn.btn-primary'.</msg>
<arg>css=.btn.btn-primary</arg>
<doc>Clicks the button identified by ``locator``.</doc>
<status status="PASS" start="2024-02-13T00:11:32.164272" elapsed="0.150395"/>
</kw>
<status status="PASS" start="2024-02-13T00:11:32.163932" elapsed="0.150925"/>
</kw>
<kw name="Then the page should contain the text &quot;Cadastro realizado com sucesso&quot;" owner="test_keywords_signup" source_name="Then the page should contain the text &quot;${expected_text}&quot;">
<kw name="Wait Until Element Is Visible" owner="SeleniumLibrary">
<arg>css=.alert-dismissible</arg>
<arg>timeout=10s</arg>
<doc>Waits until the element ``locator`` is visible.</doc>
<status status="PASS" start="2024-02-13T00:11:32.315711" elapsed="0.224518"/>
</kw>
<kw name="Element Should Be Visible" owner="SeleniumLibrary">
<msg time="2024-02-13T00:11:32.554449" level="INFO">Element 'css=.alert-dismissible' is displayed.</msg>
<arg>css=.alert-dismissible</arg>
<doc>Verifies that the element identified by ``locator`` is visible.</doc>
<status status="PASS" start="2024-02-13T00:11:32.540544" elapsed="0.014003"/>
</kw>
<kw name="Page Should Contain" owner="SeleniumLibrary">
<msg time="2024-02-13T00:11:32.564731" level="INFO">Current page contains text 'Cadastro realizado com sucesso'.</msg>
<arg>${expected_text}</arg>
<doc>Verifies that current page contains ``text``.</doc>
<status status="PASS" start="2024-02-13T00:11:32.554785" elapsed="0.010036"/>
</kw>
<status status="PASS" start="2024-02-13T00:11:32.315248" elapsed="0.249685"/>
</kw>
<kw name="After Tests" owner="test_keywords_common" type="TEARDOWN">
<kw name="Close Browser" owner="SeleniumLibrary">
<doc>Closes the current browser.</doc>
<status status="PASS" start="2024-02-13T00:11:32.565687" elapsed="0.062781"/>
</kw>
<status status="PASS" start="2024-02-13T00:11:32.565309" elapsed="0.063321"/>
</kw>
<tag>e2e</tag>
<status status="PASS" start="2024-02-13T00:11:30.866485" elapsed="1.762232"/>
</test>
<test id="s1-s2-s1-t3" name="Scenario: Signup with already used email" line="23">
<kw name="Before Tests" owner="test_keywords_common" type="SETUP">
<kw name="Open Browser" owner="SeleniumLibrary">
<msg time="2024-02-13T00:11:32.630636" level="INFO">Opening browser 'headless Chrome' to base url 'https://front.serverest.dev/'.</msg>
<arg>${SERVER_BASE_URL}</arg>
<arg>${HEADLESS} ${BROWSER}</arg>
<doc>Opens a new browser instance to the optional ``url``.</doc>
<status status="PASS" start="2024-02-13T00:11:32.630322" elapsed="0.661973"/>
</kw>
<kw name="Maximize Browser Window" owner="SeleniumLibrary">
<doc>Maximizes current browser window.</doc>
<status status="PASS" start="2024-02-13T00:11:33.292880" elapsed="0.104723"/>
</kw>
<status status="PASS" start="2024-02-13T00:11:32.629947" elapsed="0.767905"/>
</kw>
<kw name="Given Im on the signup page" owner="test_keywords_signup">
<kw name="Location Should Be" owner="SeleniumLibrary">
<msg time="2024-02-13T00:11:33.472541" level="INFO">Current location is 'https://front.serverest.dev/login'.</msg>
<arg>https://front.serverest.dev/login</arg>
<doc>Verifies that the current URL is exactly ``url``.</doc>
<status status="PASS" start="2024-02-13T00:11:33.399050" elapsed="0.073633"/>
</kw>
<kw name="Click Element" owner="SeleniumLibrary">
<msg time="2024-02-13T00:11:33.473314" level="INFO">Clicking element 'css=a.btn.btn-link'.</msg>
<arg>css=a.btn.btn-link</arg>
<doc>Click the element identified by ``locator``.</doc>
<status status="PASS" start="2024-02-13T00:11:33.472985" elapsed="0.044359"/>
</kw>
<status status="PASS" start="2024-02-13T00:11:33.398386" elapsed="0.119180"/>
</kw>
<kw name="And I fill in the signup fields with an email already registered" owner="test_keywords_signup">
<kw name="Input Text" owner="SeleniumLibrary">
<msg time="2024-02-13T00:11:33.519189" level="INFO">Typing text 'Shaun Beard' into text field 'id:nome'.</msg>
<arg>id:nome</arg>
<arg>${name}</arg>
<doc>Types the given ``text`` into the text field identified by ``locator``.</doc>
<status status="PASS" start="2024-02-13T00:11:33.518534" elapsed="0.089384"/>
</kw>
<kw name="Input Text" owner="SeleniumLibrary">
<msg time="2024-02-13T00:11:33.608595" level="INFO">Typing text 'drobinson@example.org' into text field 'id:email'.</msg>
<arg>id:email</arg>
<arg>${email}</arg>
<doc>Types the given ``text`` into the text field identified by ``locator``.</doc>
<status status="PASS" start="2024-02-13T00:11:33.608244" elapsed="0.077170"/>
</kw>
<kw name="Input Text" owner="SeleniumLibrary">
<msg time="2024-02-13T00:11:33.686140" level="INFO">Typing text '36lGcQp56QDM' into text field 'id:password'.</msg>
<arg>id:password</arg>
<arg>${password}</arg>
<doc>Types the given ``text`` into the text field identified by ``locator``.</doc>
<status status="PASS" start="2024-02-13T00:11:33.685761" elapsed="0.067438"/>
</kw>
<kw name="Select Checkbox" owner="SeleniumLibrary">
<msg time="2024-02-13T00:11:33.753833" level="INFO">Selecting checkbox 'id=administrador'.</msg>
<arg>id=administrador</arg>
<doc>Selects the checkbox identified by ``locator``.</doc>
<status status="PASS" start="2024-02-13T00:11:33.753522" elapsed="0.052087"/>
</kw>
<status status="PASS" start="2024-02-13T00:11:33.518009" elapsed="0.287776"/>
</kw>
<kw name="When I click in signup" owner="test_keywords_signup">
<kw name="Click Button" owner="SeleniumLibrary">
<msg time="2024-02-13T00:11:33.806774" level="INFO">Clicking button 'css=.btn.btn-primary'.</msg>
<arg>css=.btn.btn-primary</arg>
<doc>Clicks the button identified by ``locator``.</doc>
<status status="PASS" start="2024-02-13T00:11:33.806510" elapsed="0.045798"/>
</kw>
<status status="PASS" start="2024-02-13T00:11:33.806082" elapsed="0.046401"/>
</kw>
<kw name="Then the page should contain the text &quot;Este email já está sendo usado&quot;" owner="test_keywords_signup" source_name="Then the page should contain the text &quot;${expected_text}&quot;">
<kw name="Wait Until Element Is Visible" owner="SeleniumLibrary">
<arg>css=.alert-dismissible</arg>
<arg>timeout=10s</arg>
<doc>Waits until the element ``locator`` is visible.</doc>
<status status="PASS" start="2024-02-13T00:11:33.853248" elapsed="0.225184"/>
</kw>
<kw name="Element Should Be Visible" owner="SeleniumLibrary">
<msg time="2024-02-13T00:11:34.094319" level="INFO">Element 'css=.alert-dismissible' is displayed.</msg>
<arg>css=.alert-dismissible</arg>
<doc>Verifies that the element identified by ``locator`` is visible.</doc>
<status status="PASS" start="2024-02-13T00:11:34.078752" elapsed="0.015690"/>
</kw>
<kw name="Page Should Contain" owner="SeleniumLibrary">
<msg time="2024-02-13T00:11:34.104959" level="INFO">Current page contains text 'Este email já está sendo usado'.</msg>
<arg>${expected_text}</arg>
<doc>Verifies that current page contains ``text``.</doc>
<status status="PASS" start="2024-02-13T00:11:34.094712" elapsed="0.010346"/>
</kw>
<status status="PASS" start="2024-02-13T00:11:33.852805" elapsed="0.252374"/>
</kw>
<kw name="After Tests" owner="test_keywords_common" type="TEARDOWN">
<kw name="Close Browser" owner="SeleniumLibrary">
<doc>Closes the current browser.</doc>
<status status="PASS" start="2024-02-13T00:11:34.105922" elapsed="0.063480"/>
</kw>
<status status="PASS" start="2024-02-13T00:11:34.105558" elapsed="0.064071"/>
</kw>
<tag>e2e</tag>
<status status="PASS" start="2024-02-13T00:11:32.629196" elapsed="1.540523"/>
</test>
<status status="PASS" start="2024-02-13T00:11:12.270973" elapsed="21.899432"/>
</suite>
<status status="PASS" start="2024-02-13T00:11:12.269718" elapsed="21.901538"/>
</suite>
<status status="PASS" start="2024-02-13T00:11:10.927109" elapsed="23.244840"/>
</suite>
<statistics>
<total>
<stat pass="8" fail="0" skip="0">All Tests</stat>
</total>
<tag>
<stat pass="5" fail="0" skip="0">api</stat>
<stat pass="3" fail="0" skip="0">e2e</stat>
</tag>
<suite>
<stat pass="8" fail="0" skip="0" id="s1" name="Tests">Tests</stat>
<stat pass="5" fail="0" skip="0" id="s1-s1" name="Api">Tests.Api</stat>
<stat pass="5" fail="0" skip="0" id="s1-s1-s1" name="Test Api Users">Tests.Api.Test Api Users</stat>
<stat pass="3" fail="0" skip="0" id="s1-s2" name="E2E">Tests.E2E</stat>
<stat pass="3" fail="0" skip="0" id="s1-s2-s1" name="Test Ui Signup">Tests.E2E.Test Ui Signup</stat>
</suite>
</statistics>
<errors>
</errors>
</robot>
