<?xml version="1.0" encoding="UTF-8"?>
<robot generator="Robot 6.0.2 (Python 3.8.16 on linux)" generated="20230601 19:04:19.996" rpa="false" schemaversion="3">
<suite id="s1" name="Tests" source="/home/runner/work/gen-ai-robot-test/gen-ai-robot-test/tests">
<suite id="s1-s1" name="Api" source="/home/runner/work/gen-ai-robot-test/gen-ai-robot-test/tests/api">
<suite id="s1-s1-s1" name="Test Api Users" source="/home/runner/work/gen-ai-robot-test/gen-ai-robot-test/tests/api/test_api_users.robot">
<test id="s1-s1-s1-t1" name="Scenario: Get all registered users" line="9">
<kw name="Before Tests" library="test_keywords_common" type="SETUP">
<kw name="Create Session" library="RequestsLibrary">
<arg>serverest</arg>
<arg>${SERVER_BASE_URL}</arg>
<arg>disable_warnings=True</arg>
<doc>Create Session: create a HTTP session to a server</doc>
<msg timestamp="20230601 19:04:20.854" level="INFO">Creating Session using : alias=serverest, url=https://serverest.dev, headers={},                     cookies={}, auth=None, timeout=None, proxies=None, verify=False,                     debug=0 </msg>
<status status="PASS" starttime="20230601 19:04:20.853" endtime="20230601 19:04:20.854"/>
</kw>
<status status="PASS" starttime="20230601 19:04:20.852" endtime="20230601 19:04:20.854"/>
</kw>
<kw name="When I request the list of all registered users" library="test_keywords_users">
<kw name="GET On Session" library="RequestsLibrary">
<var>${response}</var>
<arg>serverest</arg>
<arg>${USERS_API_ENDPOINT}</arg>
<doc>Sends a GET request on a previously created HTTP Session.</doc>
<msg timestamp="20230601 19:04:21.093" level="INFO">GET Request : url=https://serverest.dev/usuarios 
 path_url=/usuarios 
 headers={'User-Agent': 'python-requests/2.31.0', 'Accept-Encoding': 'gzip, deflate', 'Accept': '*/*', 'Connection': 'keep-alive'} 
 body=None 
 </msg>
<msg timestamp="20230601 19:04:21.093" level="INFO">GET Response : url=https://serverest.dev/usuarios 
 status=200, reason=OK 
 headers={'access-control-allow-origin': '*', 'x-dns-prefetch-control': 'off', 'x-frame-options': 'SAMEORIGIN', 'strict-transport-security': 'max-age=15552000; includeSubDomains', 'x-download-options': 'noopen', 'x-content-type-options': 'nosniff', 'x-xss-protection': '1; mode=block', 'x-moesif-transaction-id': 'bd65000a-db96-4ded-8db8-57a679863d99', 'content-type': 'application/json; charset=utf-8', 'X-Cloud-Trace-Context': '6ac5063c420522b8dbb035f064729f00;o=1', 'Date': 'Thu, 01 Jun 2023 19:04:21 GMT', 'Server': 'Google Frontend', 'Content-Length': '20218'} 
 body={
    "quantidade": 92,
    "usuarios": [
        {
            "nome": "Edward Jones",
            "email": "bphillips@example.org",
            "password": "g04o0dMkekzU",
            "administrador": "true",
            "_id": "0NF5phDpupxhrHxN"
        },
        {
            "nome": "Lyman Muller I",
            "email": "lymanmulleri_dojo@teste.com",
            "password": "123123",
            "administrador": "true",
            "_id": "1Iz4EuY2IqGVVJfz"
        },
        {
            "nome": "Nicky Crist",
            "email": "nickycrist_dojo@teste.com",
            "password": "123123",
            "administrador": "true",
            "_id": "1vz4kFeZ6nI0oetX"
        },
        {
            "nome": "Keith White",
            "email": "keithwhite@test.com",
            "password": "Test;123",
            "administrador": "true",
            "_id": "3VkyFCZjaX55brOB"
        },
        {
            "nome": "Tonya Robinson MD",
            "email": "waltertracy@example.org",
            "password": "BVU6Qads5Idg",
            "administrador": "true",
            "_id": "5VNrB0GpqKXGQxsQ"
        },
        {
            "nome": "Leanora Lesch",
            "email": "leanoralesch_dojo@teste.com",
            "password": "123123",
            "administrador": "true",
            "_id": "5rsfAHiqjU1j0OIe"
        },
        {
            "nome": "Riley Meadows",
            "email": "wardlindsay@example.com",
            "password": "21nem33sV3Wv",
            "administrador": "true",
            "_id": "6ZrbiguZb3H8xbz7"
        },
        {
            "nome": "Fulano da Silva",
            "email": "fulaninhodasilva@qa.com.br",
            "password": "teste",
            "administrador": "true",
            "_id": "8GV85HRf3fvz3bA6"
        },
        {
            "nome": "Teste de Exclusão",
            "email": "exlusao@qa123.com.br",
            "password": "teste123",
            "administrador": "true",
            "_id": "96IkPoiwTd6W8E6G"
        },
        {
            "nome": "Fulano da Silva",
            "email": "fulano@qa.com",
            "password": "teste",
            "administrador": "true",
            "_id": "9gstdMBMAIERTqbi"
        },
        {
            "nome": "Jose Souza da Silva",
            "email": "testetwt0113@google.com.br",
            "password": "12345",
            "administrador": "true",
            "_id": "ANUh6vcjepjot9m4"
        },
        {
            "nome": "Gertie Marvin IV",
            "email": "gertiemarviniv_dojo@teste.com",
            "password": "123123",
            "administrador": "true",
            "_id": "BGj6VzTFs5OHYXz3"
        },
        {
            "nome": "Rep. Marcus Zulauf",
            "email": "repmarcuszulauf_dojo@teste.com",
            "password": "123123",
            "administrador": "true",
            "_id": "C2oIa3elkZu8OgCh"
        },
        {
            "nome": "Jose Souza da Silva",
            "email": "testetwt0104@google.com.br",
            "password": "12345",
            "administrador": "true",
            "_id": "CPotN3cJwU2ytcC0"
        },
        {
            "nome": "Jose Souza da Silva",
            "email": "testetwt0318@google.com.br",
            "password": "12345",
            "administrador": "true",
            "_id": "Cjii886shOMAPasE"
        },
        {
            "nome": "Teste no RobotFramework1234",
            "email": "juarez4543210@hotmail.com",
            "password": "testenovo1234",
            "administrador": "true",
            "_id": "DJQllXTesdJUv25t"
        },
        {
            "nome": "Tim Bailey",
            "email": "brandi91@example.com",
            "password": "C4potpmPdGgK",
            "administrador": "true",
            "_id": "ErsScEURYX1dsYXf"
        },
        {
            "nome": "Vickie Green",
            "email": "vickiegreen_dojo@teste.com",
            "password": "123123",
            "administrador": "true",
            "_id": "FgPTX49i1n7EY9IK"
        },
        {
            "nome": "Jose Souza da Silva",
            "email": "testetwt010601@google.com.br",
            "password": "12345",
            "administrador": "true",
            "_id": "FmAZHqMdTUASVy5E"
        },
        {
            "nome": "Michael Torres",
            "email": "sharonmoore@example.org",
            "password": "t4wu3WWhnqn7",
            "administrador": "true",
            "_id": "GZNbsNpQeHv7ISFa"
        },
        {
            "nome": "Fulano da Silva",
            "email": "fulaninhodasilv@qa.com.br",
            "password": "teste",
            "administrador": "true",
            "_id": "GenOWVanmZjX7iNC"
        },
        {
            "nome": "Crystal Parks",
            "email": "oolson@example.com",
            "password": "1wdCfdPmvGs3",
            "administrador": "true",
            "_id": "HkeCIJyLaeKC4tfA"
        },
        {
            "nome": "Mohamed Hyatt",
            "email": "mohamedhyatt_dojo@teste.com",
            "password": "123123",
            "administrador": "true",
            "_id": "HwZXX3KaO6cdeyb1"
        },
        {
            "nome": "Jacob Green",
            "email": "fishermichael@example.net",
            "password": "3PZDCPb9061P",
            "administrador": "true",
            "_id": "J9loLcyHGcTT4rpu"
        },
        {
            "nome": "Stephen Reynolds",
            "email": "stephenreynolds_dojo@teste.com",
            "password": "123123",
            "administrador": "true",
            "_id": "JAwEFMxMJ1jzZxEs"
        },
        {
            "nome": "Jose Souza da Silva",
            "email": "testetwt0114@google.com.br",
            "password": "12345",
            "administrador": "true",
            "_id": "MZEGk2tTLklplZrU"
        },
        {
            "nome": "Jose Souza da Silva",
            "email": "testetwt0215@google.com.br",
            "password": "12345",
            "administrador": "true",
            "_id": "NfR9Vy9SIekHqpyG"
        },
        {
            "nome": "Ellis Cremin I",
            "email": "elliscremini_dojo@teste.com",
            "password": "123123",
            "administrador": "true",
            "_id": "OagcOXL77fcQcJcl"
        },
        {
            "nome": "Abigail Pearson",
            "email": "leelori@example.com",
            "password": "4gZoJFVoISqd",
            "administrador": "true",
            "_id": "P11p6mS9e6j3lRWe"
        },
        {
            "nome": "Quinn Orn",
            "email": "quinnorn_dojo@teste.com",
            "password": "123123",
            "administrador": "true",
            "_id": "Q4uzpPanjVopwd6z"
        },
        {
            "nome": "{{nome}}",
            "email": "Cruz@qa.com.br",
            "password": "SCHV6xXB1_PATmh",
            "administrador": "true",
            "_id": "QEculbd1dJsuv18G"
        },
        {
            "nome": "Jose Souza da Silva",
            "email": "testetwt010603@google.com.br",
            "password": "12345",
            "administrador": "true",
            "_id": "QGQCKYrf91pHsUXF"
        },
        {
            "nome": "Teste de Exclusão",
            "email": "exlusao@qa.com.br",
            "password": "teste123",
            "administrador": "true",
            "_id": "RsFp1ZZGSqG68iGD"
        },
        {
            "nome": "Gleyciana Campelo",
            "email": "rkjur30mt1@qa.com",
            "password": "teste",
            "administrador": "true",
            "_id": "TD5vVEbjmAoCuqIP"
        },
        {
            "nome": "Troy Moran",
            "email": "jonesdavid@example.org",
            "password": "fwHMTsFS3mgk",
            "administrador": "true",
            "_id": "U4gcbj9QPFePTMvA"
        },
        {
            "nome": "Long Turner",
            "email": "longturner_dojo@teste.com",
            "password": "123123",
            "administrador": "true",
            "_id": "UPJUP841x0xSyuFj"
        },
        {
            "nome": "Fulano da Silva",
            "email": "okns@emailteste.com",
            "password": "1234",
            "administrador": "true",
            "_id": "UpSlcfVu8O5cbeOj"
        },
        {
            "nome": "Lindsey Berge",
            "email": "testeteste@teste.com",
            "password": "123123",
            "administrador": "true",
            "_id": "UswUbgHnjznYal0u"
        },
        {
            "nome": "Sharon Larson",
            "email": "sharonlarson_dojo@teste.com",
            "password": "123123",
            "administrador": "true",
            "_id": "V8M05NI0POHw0e7p"
        },
        {
            "nome": "Randolph Anderson",
            "email": "randolphanderson_dojo@teste.com",
            "password": "123123",
            "administrador": "true",
            "_id": "Ve8YZlGTMPqS9tor"
        },
        {
            "nome": "Miss Mohamed Brakus",
            "email": "missmohamedbrakus_dojo@teste.com",
            "password": "123123",
            "administrador": "true",
            "_id": "VyMVbdglg5ieZjSf"
        },
        {
            "nome": "Donald Palmer",
            "email": "kshannon@example.net",
            "password": "MN61aKMyY2Zp",
            "administrador": "true",
            "_id": "WJLRKci7u4ThQVZi"
        },
        {
            "nome": "Bridget Satterfield",
            "email": "bridgetsatterfield@test.com",
            "password": "Test;123",
            "administrador": "true",
            "_id": "WaoQ0bq06WgCyzh1"
        },
        {
            "nome": "Fulano da Silva",
            "email": "ernx@emailteste.com",
            "password": "1234",
            "administrador": "true",
            "_id": "WtAPGAoNV80jZwAT"
        },
        {
            "nome": "Shenika Hettinger",
            "email": "shenikahettinger_dojo@teste.com",
            "password": "123123",
            "administrador": "true",
            "_id": "Ym3pyIp54aDSMhMn"
        },
        {
            "nome": "Jose Souza da Silva",
            "email": "tes... (set the log level to DEBUG or TRACE to see the full content) 
 </msg>
<msg timestamp="20230601 19:04:21.094" level="INFO">${response} = &lt;Response [200]&gt;</msg>
<status status="PASS" starttime="20230601 19:04:20.855" endtime="20230601 19:04:21.094"/>
</kw>
<kw name="Set Test Variable" library="BuiltIn">
<arg>${response}</arg>
<doc>Makes a variable available everywhere within the scope of the current test.</doc>
<msg timestamp="20230601 19:04:21.094" level="INFO">${response} = &lt;Response [200]&gt;</msg>
<status status="PASS" starttime="20230601 19:04:21.094" endtime="20230601 19:04:21.094"/>
</kw>
<status status="PASS" starttime="20230601 19:04:20.854" endtime="20230601 19:04:21.095"/>
</kw>
<kw name="Then the response status code should be 200" library="test_keywords_users" sourcename="Then the response status code should be ${status_code}">
<kw name="Should Be Equal As Numbers" library="BuiltIn">
<arg>${response.status_code}</arg>
<arg>${status_code}</arg>
<doc>Fails if objects are unequal after converting them to real numbers.</doc>
<msg timestamp="20230601 19:04:21.096" level="INFO">Argument types are:
&lt;class 'int'&gt;
&lt;class 'str'&gt;</msg>
<status status="PASS" starttime="20230601 19:04:21.095" endtime="20230601 19:04:21.096"/>
</kw>
<kw name="Should Be True" library="BuiltIn">
<arg>${response.json()}</arg>
<doc>Fails if the given condition is not true.</doc>
<status status="PASS" starttime="20230601 19:04:21.097" endtime="20230601 19:04:21.098"/>
</kw>
<status status="PASS" starttime="20230601 19:04:21.095" endtime="20230601 19:04:21.098"/>
</kw>
<kw name="And the response body should not be empty" library="test_keywords_users">
<kw name="Should Not Be Empty" library="BuiltIn">
<arg>${response.json()}</arg>
<doc>Verifies that the given item is not empty.</doc>
<msg timestamp="20230601 19:04:21.100" level="INFO">Length is 2</msg>
<status status="PASS" starttime="20230601 19:04:21.099" endtime="20230601 19:04:21.100"/>
</kw>
<status status="PASS" starttime="20230601 19:04:21.098" endtime="20230601 19:04:21.100"/>
</kw>
<tag>api</tag>
<status status="PASS" starttime="20230601 19:04:20.851" endtime="20230601 19:04:21.100"/>
</test>
<test id="s1-s1-s1-t2" name="Scenario: Create a new user" line="15">
<kw name="Before Tests" library="test_keywords_common" type="SETUP">
<kw name="Create Session" library="RequestsLibrary">
<arg>serverest</arg>
<arg>${SERVER_BASE_URL}</arg>
<arg>disable_warnings=True</arg>
<doc>Create Session: create a HTTP session to a server</doc>
<msg timestamp="20230601 19:04:21.103" level="INFO">Creating Session using : alias=serverest, url=https://serverest.dev, headers={},                     cookies={}, auth=None, timeout=None, proxies=None, verify=False,                     debug=0 </msg>
<status status="PASS" starttime="20230601 19:04:21.102" endtime="20230601 19:04:21.103"/>
</kw>
<status status="PASS" starttime="20230601 19:04:21.102" endtime="20230601 19:04:21.103"/>
</kw>
<kw name="Given I have a valid user data" library="test_keywords_users">
<kw name="Name" library="FakerLibrary">
<var>${name}</var>
<doc>:example 'John Doe'</doc>
<msg timestamp="20230601 19:04:21.104" level="INFO">${name} = Andrew Anderson</msg>
<status status="PASS" starttime="20230601 19:04:21.104" endtime="20230601 19:04:21.104"/>
</kw>
<kw name="Email" library="FakerLibrary">
<var>${email}</var>
<msg timestamp="20230601 19:04:21.105" level="INFO">${email} = xpreston@example.org</msg>
<status status="PASS" starttime="20230601 19:04:21.105" endtime="20230601 19:04:21.105"/>
</kw>
<kw name="Password" library="FakerLibrary">
<var>${password}</var>
<arg>length=12</arg>
<arg>special_chars=False</arg>
<doc>Generate a random password of the specified ``length``.</doc>
<msg timestamp="20230601 19:04:21.106" level="INFO">${password} = UeguccHd4dwA</msg>
<status status="PASS" starttime="20230601 19:04:21.105" endtime="20230601 19:04:21.106"/>
</kw>
<kw name="Set Suite Variable" library="BuiltIn">
<arg>${name}</arg>
<doc>Makes a variable available everywhere within the scope of the current suite.</doc>
<msg timestamp="20230601 19:04:21.107" level="INFO">${name} = Andrew Anderson</msg>
<status status="PASS" starttime="20230601 19:04:21.106" endtime="20230601 19:04:21.107"/>
</kw>
<kw name="Set Suite Variable" library="BuiltIn">
<arg>${email}</arg>
<doc>Makes a variable available everywhere within the scope of the current suite.</doc>
<msg timestamp="20230601 19:04:21.107" level="INFO">${email} = xpreston@example.org</msg>
<status status="PASS" starttime="20230601 19:04:21.107" endtime="20230601 19:04:21.107"/>
</kw>
<kw name="Set Suite Variable" library="BuiltIn">
<arg>${password}</arg>
<doc>Makes a variable available everywhere within the scope of the current suite.</doc>
<msg timestamp="20230601 19:04:21.108" level="INFO">${password} = UeguccHd4dwA</msg>
<status status="PASS" starttime="20230601 19:04:21.108" endtime="20230601 19:04:21.108"/>
</kw>
<status status="PASS" starttime="20230601 19:04:21.103" endtime="20230601 19:04:21.108"/>
</kw>
<kw name="When I create the user" library="test_keywords_users">
<kw name="Create Dictionary" library="BuiltIn">
<var>${payload}</var>
<arg>nome=${name}</arg>
<arg>email=${email}</arg>
<arg>password=${password}</arg>
<arg>administrador=false</arg>
<doc>Creates and returns a dictionary based on the given ``items``.</doc>
<msg timestamp="20230601 19:04:21.110" level="INFO">${payload} = {'nome': 'Andrew Anderson', 'email': 'xpreston@example.org', 'password': 'UeguccHd4dwA', 'administrador': 'false'}</msg>
<status status="PASS" starttime="20230601 19:04:21.109" endtime="20230601 19:04:21.110"/>
</kw>
<kw name="Create Dictionary" library="BuiltIn">
<var>${headers}</var>
<arg>Content-Type=application/json</arg>
<doc>Creates and returns a dictionary based on the given ``items``.</doc>
<msg timestamp="20230601 19:04:21.110" level="INFO">${headers} = {'Content-Type': 'application/json'}</msg>
<status status="PASS" starttime="20230601 19:04:21.110" endtime="20230601 19:04:21.110"/>
</kw>
<kw name="POST On Session" library="RequestsLibrary">
<var>${response}</var>
<arg>serverest</arg>
<arg>${USERS_API_ENDPOINT}</arg>
<arg>json=${payload}</arg>
<arg>headers=${headers}</arg>
<doc>Sends a POST request on a previously created HTTP Session.</doc>
<msg timestamp="20230601 19:04:21.213" level="INFO">POST Request : url=https://serverest.dev/usuarios 
 path_url=/usuarios 
 headers={'User-Agent': 'python-requests/2.31.0', 'Accept-Encoding': 'gzip, deflate', 'Accept': '*/*', 'Connection': 'keep-alive', 'Content-Type': 'application/json', 'Content-Length': '114'} 
 body=b'{"nome": "Andrew Anderson", "email": "xpreston@example.org", "password": "UeguccHd4dwA", "administrador": "false"}' 
 </msg>
<msg timestamp="20230601 19:04:21.213" level="INFO">POST Response : url=https://serverest.dev/usuarios 
 status=201, reason=Created 
 headers={'access-control-allow-origin': '*', 'x-dns-prefetch-control': 'off', 'x-frame-options': 'SAMEORIGIN', 'strict-transport-security': 'max-age=15552000; includeSubDomains', 'x-download-options': 'noopen', 'x-content-type-options': 'nosniff', 'x-xss-protection': '1; mode=block', 'x-moesif-transaction-id': 'c58b6a6a-55a8-4f36-9e03-3fabb6746e5f', 'content-type': 'application/json; charset=utf-8', 'X-Cloud-Trace-Context': '3dd85ae2f25ef707e8890661edaa1fee', 'Date': 'Thu, 01 Jun 2023 19:04:21 GMT', 'Server': 'Google Frontend', 'Content-Length': '82'} 
 body={
    "message": "Cadastro realizado com sucesso",
    "_id": "mC9wC88ujN0vzTxT"
} 
 </msg>
<msg timestamp="20230601 19:04:21.213" level="INFO">${response} = &lt;Response [201]&gt;</msg>
<status status="PASS" starttime="20230601 19:04:21.110" endtime="20230601 19:04:21.213"/>
</kw>
<kw name="Set Variable" library="BuiltIn">
<var>${user_id}</var>
<arg>${response.json()['_id']}</arg>
<doc>Returns the given values which can then be assigned to a variables.</doc>
<msg timestamp="20230601 19:04:21.215" level="INFO">${user_id} = mC9wC88ujN0vzTxT</msg>
<status status="PASS" starttime="20230601 19:04:21.214" endtime="20230601 19:04:21.215"/>
</kw>
<kw name="Set Global Variable" library="BuiltIn">
<arg>${USER_ID}</arg>
<arg>${user_id}</arg>
<doc>Makes a variable available globally in all tests and suites.</doc>
<msg timestamp="20230601 19:04:21.215" level="INFO">${USER_ID} = mC9wC88ujN0vzTxT</msg>
<status status="PASS" starttime="20230601 19:04:21.215" endtime="20230601 19:04:21.216"/>
</kw>
<kw name="Set Test Variable" library="BuiltIn">
<arg>${response}</arg>
<doc>Makes a variable available everywhere within the scope of the current test.</doc>
<msg timestamp="20230601 19:04:21.216" level="INFO">${response} = &lt;Response [201]&gt;</msg>
<status status="PASS" starttime="20230601 19:04:21.216" endtime="20230601 19:04:21.216"/>
</kw>
<status status="PASS" starttime="20230601 19:04:21.108" endtime="20230601 19:04:21.216"/>
</kw>
<kw name="Then the response status code should be 201" library="test_keywords_users" sourcename="Then the response status code should be ${status_code}">
<kw name="Should Be Equal As Numbers" library="BuiltIn">
<arg>${response.status_code}</arg>
<arg>${status_code}</arg>
<doc>Fails if objects are unequal after converting them to real numbers.</doc>
<msg timestamp="20230601 19:04:21.218" level="INFO">Argument types are:
&lt;class 'int'&gt;
&lt;class 'str'&gt;</msg>
<status status="PASS" starttime="20230601 19:04:21.217" endtime="20230601 19:04:21.218"/>
</kw>
<kw name="Should Be True" library="BuiltIn">
<arg>${response.json()}</arg>
<doc>Fails if the given condition is not true.</doc>
<status status="PASS" starttime="20230601 19:04:21.218" endtime="20230601 19:04:21.219"/>
</kw>
<status status="PASS" starttime="20230601 19:04:21.216" endtime="20230601 19:04:21.219"/>
</kw>
<kw name="And the response body should not be empty" library="test_keywords_users">
<kw name="Should Not Be Empty" library="BuiltIn">
<arg>${response.json()}</arg>
<doc>Verifies that the given item is not empty.</doc>
<msg timestamp="20230601 19:04:21.220" level="INFO">Length is 2</msg>
<status status="PASS" starttime="20230601 19:04:21.219" endtime="20230601 19:04:21.220"/>
</kw>
<status status="PASS" starttime="20230601 19:04:21.219" endtime="20230601 19:04:21.220"/>
</kw>
<tag>api</tag>
<status status="PASS" starttime="20230601 19:04:21.101" endtime="20230601 19:04:21.221"/>
</test>
<test id="s1-s1-s1-t3" name="Scenario: Get a specific user informations" line="22">
<kw name="Before Tests" library="test_keywords_common" type="SETUP">
<kw name="Create Session" library="RequestsLibrary">
<arg>serverest</arg>
<arg>${SERVER_BASE_URL}</arg>
<arg>disable_warnings=True</arg>
<doc>Create Session: create a HTTP session to a server</doc>
<msg timestamp="20230601 19:04:21.224" level="INFO">Creating Session using : alias=serverest, url=https://serverest.dev, headers={},                     cookies={}, auth=None, timeout=None, proxies=None, verify=False,                     debug=0 </msg>
<status status="PASS" starttime="20230601 19:04:21.223" endtime="20230601 19:04:21.224"/>
</kw>
<status status="PASS" starttime="20230601 19:04:21.222" endtime="20230601 19:04:21.225"/>
</kw>
<kw name="When I request the created user" library="test_keywords_users">
<kw name="GET On Session" library="RequestsLibrary">
<var>${response}</var>
<arg>serverest</arg>
<arg>${USERS_API_ENDPOINT}/${USER_ID}</arg>
<doc>Sends a GET request on a previously created HTTP Session.</doc>
<msg timestamp="20230601 19:04:21.324" level="INFO">GET Request : url=https://serverest.dev/usuarios/mC9wC88ujN0vzTxT 
 path_url=/usuarios/mC9wC88ujN0vzTxT 
 headers={'User-Agent': 'python-requests/2.31.0', 'Accept-Encoding': 'gzip, deflate', 'Accept': '*/*', 'Connection': 'keep-alive'} 
 body=None 
 </msg>
<msg timestamp="20230601 19:04:21.324" level="INFO">GET Response : url=https://serverest.dev/usuarios/mC9wC88ujN0vzTxT 
 status=200, reason=OK 
 headers={'access-control-allow-origin': '*', 'x-dns-prefetch-control': 'off', 'x-frame-options': 'SAMEORIGIN', 'strict-transport-security': 'max-age=15552000; includeSubDomains', 'x-download-options': 'noopen', 'x-content-type-options': 'nosniff', 'x-xss-protection': '1; mode=block', 'x-moesif-transaction-id': '157a918a-e2a4-48e4-92cf-ee4e907529a8', 'content-type': 'application/json; charset=utf-8', 'X-Cloud-Trace-Context': '3627a250185465ac73a49123a3e275f8', 'Date': 'Thu, 01 Jun 2023 19:04:21 GMT', 'Server': 'Google Frontend', 'Content-Length': '163'} 
 body={
    "nome": "Andrew Anderson",
    "email": "xpreston@example.org",
    "password": "UeguccHd4dwA",
    "administrador": "false",
    "_id": "mC9wC88ujN0vzTxT"
} 
 </msg>
<msg timestamp="20230601 19:04:21.325" level="INFO">${response} = &lt;Response [200]&gt;</msg>
<status status="PASS" starttime="20230601 19:04:21.225" endtime="20230601 19:04:21.325"/>
</kw>
<kw name="Set Test Variable" library="BuiltIn">
<arg>${response}</arg>
<doc>Makes a variable available everywhere within the scope of the current test.</doc>
<msg timestamp="20230601 19:04:21.325" level="INFO">${response} = &lt;Response [200]&gt;</msg>
<status status="PASS" starttime="20230601 19:04:21.325" endtime="20230601 19:04:21.326"/>
</kw>
<status status="PASS" starttime="20230601 19:04:21.225" endtime="20230601 19:04:21.326"/>
</kw>
<kw name="Then the response status code should be 200" library="test_keywords_users" sourcename="Then the response status code should be ${status_code}">
<kw name="Should Be Equal As Numbers" library="BuiltIn">
<arg>${response.status_code}</arg>
<arg>${status_code}</arg>
<doc>Fails if objects are unequal after converting them to real numbers.</doc>
<msg timestamp="20230601 19:04:21.327" level="INFO">Argument types are:
&lt;class 'int'&gt;
&lt;class 'str'&gt;</msg>
<status status="PASS" starttime="20230601 19:04:21.326" endtime="20230601 19:04:21.327"/>
</kw>
<kw name="Should Be True" library="BuiltIn">
<arg>${response.json()}</arg>
<doc>Fails if the given condition is not true.</doc>
<status status="PASS" starttime="20230601 19:04:21.328" endtime="20230601 19:04:21.328"/>
</kw>
<status status="PASS" starttime="20230601 19:04:21.326" endtime="20230601 19:04:21.329"/>
</kw>
<kw name="And the response body should not be empty" library="test_keywords_users">
<kw name="Should Not Be Empty" library="BuiltIn">
<arg>${response.json()}</arg>
<doc>Verifies that the given item is not empty.</doc>
<msg timestamp="20230601 19:04:21.330" level="INFO">Length is 5</msg>
<status status="PASS" starttime="20230601 19:04:21.329" endtime="20230601 19:04:21.330"/>
</kw>
<status status="PASS" starttime="20230601 19:04:21.329" endtime="20230601 19:04:21.330"/>
</kw>
<tag>api</tag>
<status status="PASS" starttime="20230601 19:04:21.221" endtime="20230601 19:04:21.330"/>
</test>
<test id="s1-s1-s1-t4" name="Scenario: Update the created user" line="28">
<kw name="Before Tests" library="test_keywords_common" type="SETUP">
<kw name="Create Session" library="RequestsLibrary">
<arg>serverest</arg>
<arg>${SERVER_BASE_URL}</arg>
<arg>disable_warnings=True</arg>
<doc>Create Session: create a HTTP session to a server</doc>
<msg timestamp="20230601 19:04:21.332" level="INFO">Creating Session using : alias=serverest, url=https://serverest.dev, headers={},                     cookies={}, auth=None, timeout=None, proxies=None, verify=False,                     debug=0 </msg>
<status status="PASS" starttime="20230601 19:04:21.332" endtime="20230601 19:04:21.333"/>
</kw>
<status status="PASS" starttime="20230601 19:04:21.332" endtime="20230601 19:04:21.333"/>
</kw>
<kw name="When I update the created user" library="test_keywords_users">
<kw name="Create Dictionary" library="BuiltIn">
<var>${payload}</var>
<arg>nome=John Smith</arg>
<arg>email=john.smith@example.com</arg>
<arg>password=P@ssw0rd123</arg>
<arg>administrador=false</arg>
<doc>Creates and returns a dictionary based on the given ``items``.</doc>
<msg timestamp="20230601 19:04:21.334" level="INFO">${payload} = {'nome': 'John Smith', 'email': 'john.smith@example.com', 'password': 'P@ssw0rd123', 'administrador': 'false'}</msg>
<status status="PASS" starttime="20230601 19:04:21.334" endtime="20230601 19:04:21.334"/>
</kw>
<kw name="Create Dictionary" library="BuiltIn">
<var>${headers}</var>
<arg>Content-Type=application/json</arg>
<doc>Creates and returns a dictionary based on the given ``items``.</doc>
<msg timestamp="20230601 19:04:21.335" level="INFO">${headers} = {'Content-Type': 'application/json'}</msg>
<status status="PASS" starttime="20230601 19:04:21.334" endtime="20230601 19:04:21.335"/>
</kw>
<kw name="PUT On Session" library="RequestsLibrary">
<var>${response}</var>
<arg>serverest</arg>
<arg>${USERS_API_ENDPOINT}/${USER_ID}</arg>
<arg>json=${payload}</arg>
<arg>headers=${headers}</arg>
<doc>Sends a PUT request on a previously created HTTP Session.</doc>
<msg timestamp="20230601 19:04:21.441" level="INFO">PUT Request : url=https://serverest.dev/usuarios/mC9wC88ujN0vzTxT 
 path_url=/usuarios/mC9wC88ujN0vzTxT 
 headers={'User-Agent': 'python-requests/2.31.0', 'Accept-Encoding': 'gzip, deflate', 'Accept': '*/*', 'Connection': 'keep-alive', 'Content-Type': 'application/json', 'Content-Length': '110'} 
 body=b'{"nome": "John Smith", "email": "john.smith@example.com", "password": "P@ssw0rd123", "administrador": "false"}' 
 </msg>
<msg timestamp="20230601 19:04:21.441" level="INFO">PUT Response : url=https://serverest.dev/usuarios/mC9wC88ujN0vzTxT 
 status=200, reason=OK 
 headers={'access-control-allow-origin': '*', 'x-dns-prefetch-control': 'off', 'x-frame-options': 'SAMEORIGIN', 'strict-transport-security': 'max-age=15552000; includeSubDomains', 'x-download-options': 'noopen', 'x-content-type-options': 'nosniff', 'x-xss-protection': '1; mode=block', 'x-moesif-transaction-id': '456a845f-f55b-4bb9-9805-f70ba42f79fd', 'content-type': 'application/json; charset=utf-8', 'X-Cloud-Trace-Context': '060fe1b451fd23de12ff155997fda4be', 'Date': 'Thu, 01 Jun 2023 19:04:21 GMT', 'Server': 'Google Frontend', 'Content-Length': '50'} 
 body={
    "message": "Registro alterado com sucesso"
} 
 </msg>
<msg timestamp="20230601 19:04:21.441" level="INFO">${response} = &lt;Response [200]&gt;</msg>
<status status="PASS" starttime="20230601 19:04:21.335" endtime="20230601 19:04:21.441"/>
</kw>
<kw name="Set Test Variable" library="BuiltIn">
<arg>${response}</arg>
<doc>Makes a variable available everywhere within the scope of the current test.</doc>
<msg timestamp="20230601 19:04:21.442" level="INFO">${response} = &lt;Response [200]&gt;</msg>
<status status="PASS" starttime="20230601 19:04:21.442" endtime="20230601 19:04:21.442"/>
</kw>
<status status="PASS" starttime="20230601 19:04:21.333" endtime="20230601 19:04:21.443"/>
</kw>
<kw name="Then the response status code should be 200" library="test_keywords_users" sourcename="Then the response status code should be ${status_code}">
<kw name="Should Be Equal As Numbers" library="BuiltIn">
<arg>${response.status_code}</arg>
<arg>${status_code}</arg>
<doc>Fails if objects are unequal after converting them to real numbers.</doc>
<msg timestamp="20230601 19:04:21.444" level="INFO">Argument types are:
&lt;class 'int'&gt;
&lt;class 'str'&gt;</msg>
<status status="PASS" starttime="20230601 19:04:21.443" endtime="20230601 19:04:21.445"/>
</kw>
<kw name="Should Be True" library="BuiltIn">
<arg>${response.json()}</arg>
<doc>Fails if the given condition is not true.</doc>
<status status="PASS" starttime="20230601 19:04:21.445" endtime="20230601 19:04:21.446"/>
</kw>
<status status="PASS" starttime="20230601 19:04:21.443" endtime="20230601 19:04:21.446"/>
</kw>
<kw name="And the response body should not be empty" library="test_keywords_users">
<kw name="Should Not Be Empty" library="BuiltIn">
<arg>${response.json()}</arg>
<doc>Verifies that the given item is not empty.</doc>
<msg timestamp="20230601 19:04:21.447" level="INFO">Length is 1</msg>
<status status="PASS" starttime="20230601 19:04:21.446" endtime="20230601 19:04:21.447"/>
</kw>
<status status="PASS" starttime="20230601 19:04:21.446" endtime="20230601 19:04:21.447"/>
</kw>
<tag>api</tag>
<status status="PASS" starttime="20230601 19:04:21.331" endtime="20230601 19:04:21.448"/>
</test>
<test id="s1-s1-s1-t5" name="Scenario: Delete the created user" line="34">
<kw name="Before Tests" library="test_keywords_common" type="SETUP">
<kw name="Create Session" library="RequestsLibrary">
<arg>serverest</arg>
<arg>${SERVER_BASE_URL}</arg>
<arg>disable_warnings=True</arg>
<doc>Create Session: create a HTTP session to a server</doc>
<msg timestamp="20230601 19:04:21.449" level="INFO">Creating Session using : alias=serverest, url=https://serverest.dev, headers={},                     cookies={}, auth=None, timeout=None, proxies=None, verify=False,                     debug=0 </msg>
<status status="PASS" starttime="20230601 19:04:21.449" endtime="20230601 19:04:21.450"/>
</kw>
<status status="PASS" starttime="20230601 19:04:21.449" endtime="20230601 19:04:21.450"/>
</kw>
<kw name="When I delete the created user" library="test_keywords_users">
<kw name="DELETE On Session" library="RequestsLibrary">
<var>${response}</var>
<arg>serverest</arg>
<arg>${USERS_API_ENDPOINT}/${USER_ID}</arg>
<doc>Sends a DELETE request on a previously created HTTP Session.</doc>
<msg timestamp="20230601 19:04:21.552" level="INFO">DELETE Request : url=https://serverest.dev/usuarios/mC9wC88ujN0vzTxT 
 path_url=/usuarios/mC9wC88ujN0vzTxT 
 headers={'User-Agent': 'python-requests/2.31.0', 'Accept-Encoding': 'gzip, deflate', 'Accept': '*/*', 'Connection': 'keep-alive', 'Content-Length': '0'} 
 body=None 
 </msg>
<msg timestamp="20230601 19:04:21.552" level="INFO">DELETE Response : url=https://serverest.dev/usuarios/mC9wC88ujN0vzTxT 
 status=200, reason=OK 
 headers={'access-control-allow-origin': '*', 'x-dns-prefetch-control': 'off', 'x-frame-options': 'SAMEORIGIN', 'strict-transport-security': 'max-age=15552000; includeSubDomains', 'x-download-options': 'noopen', 'x-content-type-options': 'nosniff', 'x-xss-protection': '1; mode=block', 'x-moesif-transaction-id': '9e9416ca-5e8e-4145-9d31-cdebba57cd53', 'content-type': 'application/json; charset=utf-8', 'X-Cloud-Trace-Context': '391ba50b36cc74bd565c6c16fb1495db', 'Date': 'Thu, 01 Jun 2023 19:04:21 GMT', 'Server': 'Google Frontend', 'Content-Length': '51'} 
 body={
    "message": "Registro excluído com sucesso"
} 
 </msg>
<msg timestamp="20230601 19:04:21.552" level="INFO">${response} = &lt;Response [200]&gt;</msg>
<status status="PASS" starttime="20230601 19:04:21.451" endtime="20230601 19:04:21.552"/>
</kw>
<kw name="Set Test Variable" library="BuiltIn">
<arg>${response}</arg>
<doc>Makes a variable available everywhere within the scope of the current test.</doc>
<msg timestamp="20230601 19:04:21.553" level="INFO">${response} = &lt;Response [200]&gt;</msg>
<status status="PASS" starttime="20230601 19:04:21.552" endtime="20230601 19:04:21.553"/>
</kw>
<status status="PASS" starttime="20230601 19:04:21.451" endtime="20230601 19:04:21.553"/>
</kw>
<kw name="Then the response status code should be 200" library="test_keywords_users" sourcename="Then the response status code should be ${status_code}">
<kw name="Should Be Equal As Numbers" library="BuiltIn">
<arg>${response.status_code}</arg>
<arg>${status_code}</arg>
<doc>Fails if objects are unequal after converting them to real numbers.</doc>
<msg timestamp="20230601 19:04:21.555" level="INFO">Argument types are:
&lt;class 'int'&gt;
&lt;class 'str'&gt;</msg>
<status status="PASS" starttime="20230601 19:04:21.554" endtime="20230601 19:04:21.555"/>
</kw>
<kw name="Should Be True" library="BuiltIn">
<arg>${response.json()}</arg>
<doc>Fails if the given condition is not true.</doc>
<status status="PASS" starttime="20230601 19:04:21.555" endtime="20230601 19:04:21.556"/>
</kw>
<status status="PASS" starttime="20230601 19:04:21.553" endtime="20230601 19:04:21.556"/>
</kw>
<kw name="And the response body should not be empty" library="test_keywords_users">
<kw name="Should Not Be Empty" library="BuiltIn">
<arg>${response.json()}</arg>
<doc>Verifies that the given item is not empty.</doc>
<msg timestamp="20230601 19:04:21.557" level="INFO">Length is 1</msg>
<status status="PASS" starttime="20230601 19:04:21.556" endtime="20230601 19:04:21.557"/>
</kw>
<status status="PASS" starttime="20230601 19:04:21.556" endtime="20230601 19:04:21.557"/>
</kw>
<tag>api</tag>
<status status="PASS" starttime="20230601 19:04:21.448" endtime="20230601 19:04:21.557"/>
</test>
<status status="PASS" starttime="20230601 19:04:20.031" endtime="20230601 19:04:21.558"/>
</suite>
<status status="PASS" starttime="20230601 19:04:20.029" endtime="20230601 19:04:21.560"/>
</suite>
<suite id="s1-s2" name="E2E" source="/home/runner/work/gen-ai-robot-test/gen-ai-robot-test/tests/e2e">
<suite id="s1-s2-s1" name="Test Ui Signup" source="/home/runner/work/gen-ai-robot-test/gen-ai-robot-test/tests/e2e/test_ui_signup.robot">
<test id="s1-s2-s1-t1" name="Scenario: Signup with empty fields" line="10">
<kw name="Before Tests" library="test_keywords_common" type="SETUP">
<kw name="Open Browser" library="SeleniumLibrary">
<arg>${SERVER_BASE_URL}</arg>
<arg>${HEADLESS} ${BROWSER}</arg>
<doc>Opens a new browser instance to the optional ``url``.</doc>
<msg timestamp="20230601 19:04:21.574" level="INFO">Opening browser 'headless Chrome' to base url 'https://front.serverest.dev/'.</msg>
<status status="PASS" starttime="20230601 19:04:21.574" endtime="20230601 19:04:24.098"/>
</kw>
<kw name="Maximize Browser Window" library="SeleniumLibrary">
<doc>Maximizes current browser window.</doc>
<status status="PASS" starttime="20230601 19:04:24.099" endtime="20230601 19:04:24.208"/>
</kw>
<status status="PASS" starttime="20230601 19:04:21.573" endtime="20230601 19:04:24.208"/>
</kw>
<kw name="Given Im on the signup page" library="test_keywords_signup">
<kw name="Location Should Be" library="SeleniumLibrary">
<arg>https://front.serverest.dev/login</arg>
<doc>Verifies that the current URL is exactly ``url``.</doc>
<msg timestamp="20230601 19:04:24.215" level="INFO">Current location is 'https://front.serverest.dev/login'.</msg>
<status status="PASS" starttime="20230601 19:04:24.209" endtime="20230601 19:04:24.215"/>
</kw>
<kw name="Click Element" library="SeleniumLibrary">
<arg>css=a.btn.btn-link</arg>
<doc>Click the element identified by ``locator``.</doc>
<msg timestamp="20230601 19:04:24.217" level="INFO">Clicking element 'css=a.btn.btn-link'.</msg>
<status status="PASS" starttime="20230601 19:04:24.216" endtime="20230601 19:04:24.323"/>
</kw>
<status status="PASS" starttime="20230601 19:04:24.209" endtime="20230601 19:04:24.323"/>
</kw>
<kw name="When I click in signup" library="test_keywords_signup">
<kw name="Click Button" library="SeleniumLibrary">
<arg>css=.btn.btn-primary</arg>
<doc>Clicks the button identified by ``locator``.</doc>
<msg timestamp="20230601 19:04:24.325" level="INFO">Clicking button 'css=.btn.btn-primary'.</msg>
<status status="PASS" starttime="20230601 19:04:24.324" endtime="20230601 19:04:24.454"/>
</kw>
<status status="PASS" starttime="20230601 19:04:24.323" endtime="20230601 19:04:24.455"/>
</kw>
<kw name="Then required field messages should be displayed" library="test_keywords_signup">
<kw name="Wait Until Element Is Visible" library="SeleniumLibrary">
<arg>css=.alert-dismissible</arg>
<arg>timeout=10s</arg>
<doc>Waits until the element ``locator`` is visible.</doc>
<status status="PASS" starttime="20230601 19:04:24.456" endtime="20230601 19:04:24.706"/>
</kw>
<kw name="Element Should Be Visible" library="SeleniumLibrary">
<arg>css=.alert-dismissible</arg>
<doc>Verifies that the element identified by ``locator`` is visible.</doc>
<msg timestamp="20230601 19:04:24.743" level="INFO">Element 'css=.alert-dismissible' is displayed.</msg>
<status status="PASS" starttime="20230601 19:04:24.706" endtime="20230601 19:04:24.744"/>
</kw>
<kw name="Page Should Contain" library="SeleniumLibrary">
<arg>Nome é obrigatório</arg>
<doc>Verifies that current page contains ``text``.</doc>
<msg timestamp="20230601 19:04:24.768" level="INFO">Current page contains text 'Nome é obrigatório'.</msg>
<status status="PASS" starttime="20230601 19:04:24.744" endtime="20230601 19:04:24.769"/>
</kw>
<kw name="Page Should Contain" library="SeleniumLibrary">
<arg>Email é obrigatório</arg>
<doc>Verifies that current page contains ``text``.</doc>
<msg timestamp="20230601 19:04:24.787" level="INFO">Current page contains text 'Email é obrigatório'.</msg>
<status status="PASS" starttime="20230601 19:04:24.769" endtime="20230601 19:04:24.787"/>
</kw>
<kw name="Page Should Contain" library="SeleniumLibrary">
<arg>Password é obrigatório</arg>
<doc>Verifies that current page contains ``text``.</doc>
<msg timestamp="20230601 19:04:24.807" level="INFO">Current page contains text 'Password é obrigatório'.</msg>
<status status="PASS" starttime="20230601 19:04:24.787" endtime="20230601 19:04:24.807"/>
</kw>
<status status="PASS" starttime="20230601 19:04:24.455" endtime="20230601 19:04:24.807"/>
</kw>
<kw name="After Tests" library="test_keywords_common" type="TEARDOWN">
<kw name="Close Browser" library="SeleniumLibrary">
<doc>Closes the current browser.</doc>
<status status="PASS" starttime="20230601 19:04:24.808" endtime="20230601 19:04:24.866"/>
</kw>
<status status="PASS" starttime="20230601 19:04:24.808" endtime="20230601 19:04:24.866"/>
</kw>
<tag>e2e</tag>
<status status="PASS" starttime="20230601 19:04:21.573" endtime="20230601 19:04:24.866"/>
</test>
<test id="s1-s2-s1-t2" name="Scenario: Signup done successfully" line="16">
<kw name="Before Tests" library="test_keywords_common" type="SETUP">
<kw name="Open Browser" library="SeleniumLibrary">
<arg>${SERVER_BASE_URL}</arg>
<arg>${HEADLESS} ${BROWSER}</arg>
<doc>Opens a new browser instance to the optional ``url``.</doc>
<msg timestamp="20230601 19:04:24.869" level="INFO">Opening browser 'headless Chrome' to base url 'https://front.serverest.dev/'.</msg>
<status status="PASS" starttime="20230601 19:04:24.868" endtime="20230601 19:04:25.906"/>
</kw>
<kw name="Maximize Browser Window" library="SeleniumLibrary">
<doc>Maximizes current browser window.</doc>
<status status="PASS" starttime="20230601 19:04:25.907" endtime="20230601 19:04:26.012"/>
</kw>
<status status="PASS" starttime="20230601 19:04:24.868" endtime="20230601 19:04:26.012"/>
</kw>
<kw name="Given Im on the signup page" library="test_keywords_signup">
<kw name="Location Should Be" library="SeleniumLibrary">
<arg>https://front.serverest.dev/login</arg>
<doc>Verifies that the current URL is exactly ``url``.</doc>
<msg timestamp="20230601 19:04:26.021" level="INFO">Current location is 'https://front.serverest.dev/login'.</msg>
<status status="PASS" starttime="20230601 19:04:26.013" endtime="20230601 19:04:26.021"/>
</kw>
<kw name="Click Element" library="SeleniumLibrary">
<arg>css=a.btn.btn-link</arg>
<doc>Click the element identified by ``locator``.</doc>
<msg timestamp="20230601 19:04:26.022" level="INFO">Clicking element 'css=a.btn.btn-link'.</msg>
<status status="PASS" starttime="20230601 19:04:26.021" endtime="20230601 19:04:26.122"/>
</kw>
<status status="PASS" starttime="20230601 19:04:26.013" endtime="20230601 19:04:26.122"/>
</kw>
<kw name="And I fill in the signup fields with valid data" library="test_keywords_signup">
<kw name="Name" library="FakerLibrary">
<var>${name}</var>
<doc>:example 'John Doe'</doc>
<msg timestamp="20230601 19:04:26.124" level="INFO">${name} = Ernest Henderson</msg>
<status status="PASS" starttime="20230601 19:04:26.123" endtime="20230601 19:04:26.124"/>
</kw>
<kw name="Email" library="FakerLibrary">
<var>${email}</var>
<msg timestamp="20230601 19:04:26.125" level="INFO">${email} = hjohnson@example.com</msg>
<status status="PASS" starttime="20230601 19:04:26.124" endtime="20230601 19:04:26.125"/>
</kw>
<kw name="Password" library="FakerLibrary">
<var>${password}</var>
<arg>length=12</arg>
<arg>special_chars=False</arg>
<doc>Generate a random password of the specified ``length``.</doc>
<msg timestamp="20230601 19:04:26.125" level="INFO">${password} = k3i4vvWa5P4T</msg>
<status status="PASS" starttime="20230601 19:04:26.125" endtime="20230601 19:04:26.125"/>
</kw>
<kw name="Input Text" library="SeleniumLibrary">
<arg>id:nome</arg>
<arg>${name}</arg>
<doc>Types the given ``text`` into the text field identified by ``locator``.</doc>
<msg timestamp="20230601 19:04:26.126" level="INFO">Typing text 'Ernest Henderson' into text field 'id:nome'.</msg>
<status status="PASS" starttime="20230601 19:04:26.126" endtime="20230601 19:04:26.347"/>
</kw>
<kw name="Input Text" library="SeleniumLibrary">
<arg>id:email</arg>
<arg>${email}</arg>
<doc>Types the given ``text`` into the text field identified by ``locator``.</doc>
<msg timestamp="20230601 19:04:26.348" level="INFO">Typing text 'hjohnson@example.com' into text field 'id:email'.</msg>
<status status="PASS" starttime="20230601 19:04:26.347" endtime="20230601 19:04:26.520"/>
</kw>
<kw name="Input Text" library="SeleniumLibrary">
<arg>id:password</arg>
<arg>${password}</arg>
<doc>Types the given ``text`` into the text field identified by ``locator``.</doc>
<msg timestamp="20230601 19:04:26.521" level="INFO">Typing text 'k3i4vvWa5P4T' into text field 'id:password'.</msg>
<status status="PASS" starttime="20230601 19:04:26.520" endtime="20230601 19:04:26.678"/>
</kw>
<kw name="Select Checkbox" library="SeleniumLibrary">
<arg>id=administrador</arg>
<doc>Selects the checkbox identified by ``locator``.</doc>
<msg timestamp="20230601 19:04:26.679" level="INFO">Selecting checkbox 'id=administrador'.</msg>
<status status="PASS" starttime="20230601 19:04:26.679" endtime="20230601 19:04:26.793"/>
</kw>
<kw name="Set Suite Variable" library="BuiltIn">
<arg>${name}</arg>
<doc>Makes a variable available everywhere within the scope of the current suite.</doc>
<msg timestamp="20230601 19:04:26.794" level="INFO">${name} = Ernest Henderson</msg>
<status status="PASS" starttime="20230601 19:04:26.794" endtime="20230601 19:04:26.794"/>
</kw>
<kw name="Set Suite Variable" library="BuiltIn">
<arg>${email}</arg>
<doc>Makes a variable available everywhere within the scope of the current suite.</doc>
<msg timestamp="20230601 19:04:26.795" level="INFO">${email} = hjohnson@example.com</msg>
<status status="PASS" starttime="20230601 19:04:26.794" endtime="20230601 19:04:26.795"/>
</kw>
<kw name="Set Suite Variable" library="BuiltIn">
<arg>${password}</arg>
<doc>Makes a variable available everywhere within the scope of the current suite.</doc>
<msg timestamp="20230601 19:04:26.795" level="INFO">${password} = k3i4vvWa5P4T</msg>
<status status="PASS" starttime="20230601 19:04:26.795" endtime="20230601 19:04:26.795"/>
</kw>
<status status="PASS" starttime="20230601 19:04:26.123" endtime="20230601 19:04:26.796"/>
</kw>
<kw name="When I click in signup" library="test_keywords_signup">
<kw name="Click Button" library="SeleniumLibrary">
<arg>css=.btn.btn-primary</arg>
<doc>Clicks the button identified by ``locator``.</doc>
<msg timestamp="20230601 19:04:26.797" level="INFO">Clicking button 'css=.btn.btn-primary'.</msg>
<status status="PASS" starttime="20230601 19:04:26.796" endtime="20230601 19:04:26.897"/>
</kw>
<status status="PASS" starttime="20230601 19:04:26.796" endtime="20230601 19:04:26.897"/>
</kw>
<kw name="Then the page should contain the text &quot;Cadastro realizado com sucesso&quot;" library="test_keywords_signup" sourcename="Then the page should contain the text &quot;${expected_text}&quot;">
<kw name="Wait Until Element Is Visible" library="SeleniumLibrary">
<arg>css=.alert-dismissible</arg>
<arg>timeout=10s</arg>
<doc>Waits until the element ``locator`` is visible.</doc>
<status status="PASS" starttime="20230601 19:04:26.898" endtime="20230601 19:04:27.154"/>
</kw>
<kw name="Element Should Be Visible" library="SeleniumLibrary">
<arg>css=.alert-dismissible</arg>
<doc>Verifies that the element identified by ``locator`` is visible.</doc>
<msg timestamp="20230601 19:04:27.181" level="INFO">Element 'css=.alert-dismissible' is displayed.</msg>
<status status="PASS" starttime="20230601 19:04:27.155" endtime="20230601 19:04:27.181"/>
</kw>
<kw name="Page Should Contain" library="SeleniumLibrary">
<arg>${expected_text}</arg>
<doc>Verifies that current page contains ``text``.</doc>
<msg timestamp="20230601 19:04:27.200" level="INFO">Current page contains text 'Cadastro realizado com sucesso'.</msg>
<status status="PASS" starttime="20230601 19:04:27.181" endtime="20230601 19:04:27.200"/>
</kw>
<status status="PASS" starttime="20230601 19:04:26.897" endtime="20230601 19:04:27.201"/>
</kw>
<kw name="After Tests" library="test_keywords_common" type="TEARDOWN">
<kw name="Close Browser" library="SeleniumLibrary">
<doc>Closes the current browser.</doc>
<status status="PASS" starttime="20230601 19:04:27.202" endtime="20230601 19:04:27.260"/>
</kw>
<status status="PASS" starttime="20230601 19:04:27.201" endtime="20230601 19:04:27.261"/>
</kw>
<tag>e2e</tag>
<status status="PASS" starttime="20230601 19:04:24.867" endtime="20230601 19:04:27.261"/>
</test>
<test id="s1-s2-s1-t3" name="Scenario: Signup with already used email" line="23">
<kw name="Before Tests" library="test_keywords_common" type="SETUP">
<kw name="Open Browser" library="SeleniumLibrary">
<arg>${SERVER_BASE_URL}</arg>
<arg>${HEADLESS} ${BROWSER}</arg>
<doc>Opens a new browser instance to the optional ``url``.</doc>
<msg timestamp="20230601 19:04:27.264" level="INFO">Opening browser 'headless Chrome' to base url 'https://front.serverest.dev/'.</msg>
<status status="PASS" starttime="20230601 19:04:27.263" endtime="20230601 19:04:28.331"/>
</kw>
<kw name="Maximize Browser Window" library="SeleniumLibrary">
<doc>Maximizes current browser window.</doc>
<status status="PASS" starttime="20230601 19:04:28.331" endtime="20230601 19:04:28.438"/>
</kw>
<status status="PASS" starttime="20230601 19:04:27.262" endtime="20230601 19:04:28.438"/>
</kw>
<kw name="Given Im on the signup page" library="test_keywords_signup">
<kw name="Location Should Be" library="SeleniumLibrary">
<arg>https://front.serverest.dev/login</arg>
<doc>Verifies that the current URL is exactly ``url``.</doc>
<msg timestamp="20230601 19:04:28.445" level="INFO">Current location is 'https://front.serverest.dev/login'.</msg>
<status status="PASS" starttime="20230601 19:04:28.439" endtime="20230601 19:04:28.445"/>
</kw>
<kw name="Click Element" library="SeleniumLibrary">
<arg>css=a.btn.btn-link</arg>
<doc>Click the element identified by ``locator``.</doc>
<msg timestamp="20230601 19:04:28.447" level="INFO">Clicking element 'css=a.btn.btn-link'.</msg>
<status status="PASS" starttime="20230601 19:04:28.446" endtime="20230601 19:04:28.544"/>
</kw>
<status status="PASS" starttime="20230601 19:04:28.438" endtime="20230601 19:04:28.544"/>
</kw>
<kw name="And I fill in the signup fields with an email already registered" library="test_keywords_signup">
<kw name="Input Text" library="SeleniumLibrary">
<arg>id:nome</arg>
<arg>${name}</arg>
<doc>Types the given ``text`` into the text field identified by ``locator``.</doc>
<msg timestamp="20230601 19:04:28.545" level="INFO">Typing text 'Ernest Henderson' into text field 'id:nome'.</msg>
<status status="PASS" starttime="20230601 19:04:28.545" endtime="20230601 19:04:28.758"/>
</kw>
<kw name="Input Text" library="SeleniumLibrary">
<arg>id:email</arg>
<arg>${email}</arg>
<doc>Types the given ``text`` into the text field identified by ``locator``.</doc>
<msg timestamp="20230601 19:04:28.759" level="INFO">Typing text 'hjohnson@example.com' into text field 'id:email'.</msg>
<status status="PASS" starttime="20230601 19:04:28.758" endtime="20230601 19:04:28.913"/>
</kw>
<kw name="Input Text" library="SeleniumLibrary">
<arg>id:password</arg>
<arg>${password}</arg>
<doc>Types the given ``text`` into the text field identified by ``locator``.</doc>
<msg timestamp="20230601 19:04:28.914" level="INFO">Typing text 'k3i4vvWa5P4T' into text field 'id:password'.</msg>
<status status="PASS" starttime="20230601 19:04:28.913" endtime="20230601 19:04:29.064"/>
</kw>
<kw name="Select Checkbox" library="SeleniumLibrary">
<arg>id=administrador</arg>
<doc>Selects the checkbox identified by ``locator``.</doc>
<msg timestamp="20230601 19:04:29.065" level="INFO">Selecting checkbox 'id=administrador'.</msg>
<status status="PASS" starttime="20230601 19:04:29.064" endtime="20230601 19:04:29.186"/>
</kw>
<status status="PASS" starttime="20230601 19:04:28.544" endtime="20230601 19:04:29.186"/>
</kw>
<kw name="When I click in signup" library="test_keywords_signup">
<kw name="Click Button" library="SeleniumLibrary">
<arg>css=.btn.btn-primary</arg>
<doc>Clicks the button identified by ``locator``.</doc>
<msg timestamp="20230601 19:04:29.188" level="INFO">Clicking button 'css=.btn.btn-primary'.</msg>
<status status="PASS" starttime="20230601 19:04:29.187" endtime="20230601 19:04:29.315"/>
</kw>
<status status="PASS" starttime="20230601 19:04:29.187" endtime="20230601 19:04:29.315"/>
</kw>
<kw name="Then the page should contain the text &quot;Este email já está sendo usado&quot;" library="test_keywords_signup" sourcename="Then the page should contain the text &quot;${expected_text}&quot;">
<kw name="Wait Until Element Is Visible" library="SeleniumLibrary">
<arg>css=.alert-dismissible</arg>
<arg>timeout=10s</arg>
<doc>Waits until the element ``locator`` is visible.</doc>
<status status="PASS" starttime="20230601 19:04:29.316" endtime="20230601 19:04:29.573"/>
</kw>
<kw name="Element Should Be Visible" library="SeleniumLibrary">
<arg>css=.alert-dismissible</arg>
<doc>Verifies that the element identified by ``locator`` is visible.</doc>
<msg timestamp="20230601 19:04:29.602" level="INFO">Element 'css=.alert-dismissible' is displayed.</msg>
<status status="PASS" starttime="20230601 19:04:29.574" endtime="20230601 19:04:29.602"/>
</kw>
<kw name="Page Should Contain" library="SeleniumLibrary">
<arg>${expected_text}</arg>
<doc>Verifies that current page contains ``text``.</doc>
<msg timestamp="20230601 19:04:29.621" level="INFO">Current page contains text 'Este email já está sendo usado'.</msg>
<status status="PASS" starttime="20230601 19:04:29.602" endtime="20230601 19:04:29.622"/>
</kw>
<status status="PASS" starttime="20230601 19:04:29.315" endtime="20230601 19:04:29.622"/>
</kw>
<kw name="After Tests" library="test_keywords_common" type="TEARDOWN">
<kw name="Close Browser" library="SeleniumLibrary">
<doc>Closes the current browser.</doc>
<status status="PASS" starttime="20230601 19:04:29.623" endtime="20230601 19:04:29.679"/>
</kw>
<status status="PASS" starttime="20230601 19:04:29.622" endtime="20230601 19:04:29.679"/>
</kw>
<tag>e2e</tag>
<status status="PASS" starttime="20230601 19:04:27.261" endtime="20230601 19:04:29.679"/>
</test>
<status status="PASS" starttime="20230601 19:04:21.563" endtime="20230601 19:04:29.680"/>
</suite>
<status status="PASS" starttime="20230601 19:04:21.561" endtime="20230601 19:04:29.682"/>
</suite>
<status status="PASS" starttime="20230601 19:04:19.999" endtime="20230601 19:04:29.684"/>
</suite>
<statistics>
<total>
<stat pass="8" fail="0" skip="0">All Tests</stat>
</total>
<tag>
<stat pass="5" fail="0" skip="0">api</stat>
<stat pass="3" fail="0" skip="0">e2e</stat>
</tag>
<suite>
<stat pass="8" fail="0" skip="0" id="s1" name="Tests">Tests</stat>
<stat pass="5" fail="0" skip="0" id="s1-s1" name="Api">Tests.Api</stat>
<stat pass="5" fail="0" skip="0" id="s1-s1-s1" name="Test Api Users">Tests.Api.Test Api Users</stat>
<stat pass="3" fail="0" skip="0" id="s1-s2" name="E2E">Tests.E2E</stat>
<stat pass="3" fail="0" skip="0" id="s1-s2-s1" name="Test Ui Signup">Tests.E2E.Test Ui Signup</stat>
</suite>
</statistics>
<errors>
</errors>
</robot>
