<?xml version="1.0" encoding="UTF-8"?>
<robot generator="Robot 6.0.2 (Python 3.8.16 on linux)" generated="20230521 01:06:55.532" rpa="false" schemaversion="3">
<suite id="s1" name="Tests" source="/home/runner/work/gen-ai-robot-test/gen-ai-robot-test/tests">
<suite id="s1-s1" name="Api" source="/home/runner/work/gen-ai-robot-test/gen-ai-robot-test/tests/api">
<suite id="s1-s1-s1" name="Users" source="/home/runner/work/gen-ai-robot-test/gen-ai-robot-test/tests/api/users">
<suite id="s1-s1-s1-s1" name="Test Api Users" source="/home/runner/work/gen-ai-robot-test/gen-ai-robot-test/tests/api/users/test_api_users.robot">
<test id="s1-s1-s1-s1-t1" name="Scenario: Get all registered users" line="9">
<kw name="Before Tests" library="test_keywords_common" type="SETUP">
<kw name="Create Session" library="RequestsLibrary">
<arg>serverest</arg>
<arg>${SERVER_BASE_URL}</arg>
<arg>disable_warnings=True</arg>
<doc>Create Session: create a HTTP session to a server</doc>
<msg timestamp="20230521 01:06:56.129" level="INFO">Creating Session using : alias=serverest, url=https://serverest.dev, headers={},                     cookies={}, auth=None, timeout=None, proxies=None, verify=False,                     debug=0 </msg>
<status status="PASS" starttime="20230521 01:06:56.129" endtime="20230521 01:06:56.129"/>
</kw>
<status status="PASS" starttime="20230521 01:06:56.128" endtime="20230521 01:06:56.130"/>
</kw>
<kw name="When I request the list of all registered users" library="test_keywords_users">
<kw name="GET On Session" library="RequestsLibrary">
<var>${response}</var>
<arg>serverest</arg>
<arg>${USERS_API_ENDPOINT}</arg>
<doc>Sends a GET request on a previously created HTTP Session.</doc>
<msg timestamp="20230521 01:06:56.281" level="INFO">GET Request : url=https://serverest.dev/usuarios 
 path_url=/usuarios 
 headers={'User-Agent': 'python-requests/2.30.0', 'Accept-Encoding': 'gzip, deflate', 'Accept': '*/*', 'Connection': 'keep-alive'} 
 body=None 
 </msg>
<msg timestamp="20230521 01:06:56.282" level="INFO">GET Response : url=https://serverest.dev/usuarios 
 status=200, reason=OK 
 headers={'access-control-allow-origin': '*', 'x-dns-prefetch-control': 'off', 'x-frame-options': 'SAMEORIGIN', 'strict-transport-security': 'max-age=15552000; includeSubDomains', 'x-download-options': 'noopen', 'x-content-type-options': 'nosniff', 'x-xss-protection': '1; mode=block', 'x-moesif-transaction-id': '2a5631cd-39ac-45ab-8e46-666b6044abd0', 'content-type': 'application/json; charset=utf-8', 'X-Cloud-Trace-Context': '61c79039af5d38113071aef99363f98a;o=1', 'Date': 'Sun, 21 May 2023 01:06:56 GMT', 'Server': 'Google Frontend', 'Content-Length': '467'} 
 body={
    "quantidade": 2,
    "usuarios": [
        {
            "nome": "Fulano da Silva",
            "email": "fulano@qa.com",
            "password": "teste",
            "administrador": "true",
            "_id": "0uxuPY0cbmQhpEz1"
        },
        {
            "nome": "{{nome}}",
            "email": "Bernardo@qa.com.br",
            "password": "vXTi54L3BR_EAlG",
            "administrador": "true",
            "_id": "sYbBHHFZn2YDvlVV"
        }
    ]
} 
 </msg>
<msg timestamp="20230521 01:06:56.282" level="INFO">${response} = &lt;Response [200]&gt;</msg>
<status status="PASS" starttime="20230521 01:06:56.130" endtime="20230521 01:06:56.282"/>
</kw>
<kw name="Set Test Variable" library="BuiltIn">
<arg>${response}</arg>
<doc>Makes a variable available everywhere within the scope of the current test.</doc>
<msg timestamp="20230521 01:06:56.282" level="INFO">${response} = &lt;Response [200]&gt;</msg>
<status status="PASS" starttime="20230521 01:06:56.282" endtime="20230521 01:06:56.283"/>
</kw>
<status status="PASS" starttime="20230521 01:06:56.130" endtime="20230521 01:06:56.283"/>
</kw>
<kw name="Then the response status code should be 200" library="test_keywords_users" sourcename="Then the response status code should be ${status_code}">
<kw name="Should Be Equal As Numbers" library="BuiltIn">
<arg>${response.status_code}</arg>
<arg>${status_code}</arg>
<doc>Fails if objects are unequal after converting them to real numbers.</doc>
<msg timestamp="20230521 01:06:56.284" level="INFO">Argument types are:
&lt;class 'int'&gt;
&lt;class 'str'&gt;</msg>
<status status="PASS" starttime="20230521 01:06:56.283" endtime="20230521 01:06:56.284"/>
</kw>
<kw name="Should Be True" library="BuiltIn">
<arg>${response.json()}</arg>
<doc>Fails if the given condition is not true.</doc>
<status status="PASS" starttime="20230521 01:06:56.284" endtime="20230521 01:06:56.285"/>
</kw>
<status status="PASS" starttime="20230521 01:06:56.283" endtime="20230521 01:06:56.285"/>
</kw>
<kw name="And the response body should not be empty" library="test_keywords_users">
<kw name="Should Not Be Empty" library="BuiltIn">
<arg>${response.json()}</arg>
<doc>Verifies that the given item is not empty.</doc>
<msg timestamp="20230521 01:06:56.286" level="INFO">Length is 2</msg>
<status status="PASS" starttime="20230521 01:06:56.285" endtime="20230521 01:06:56.286"/>
</kw>
<status status="PASS" starttime="20230521 01:06:56.285" endtime="20230521 01:06:56.286"/>
</kw>
<tag>api</tag>
<status status="PASS" starttime="20230521 01:06:56.127" endtime="20230521 01:06:56.286"/>
</test>
<test id="s1-s1-s1-s1-t2" name="Scenario: Create a new user" line="15">
<kw name="Before Tests" library="test_keywords_common" type="SETUP">
<kw name="Create Session" library="RequestsLibrary">
<arg>serverest</arg>
<arg>${SERVER_BASE_URL}</arg>
<arg>disable_warnings=True</arg>
<doc>Create Session: create a HTTP session to a server</doc>
<msg timestamp="20230521 01:06:56.287" level="INFO">Creating Session using : alias=serverest, url=https://serverest.dev, headers={},                     cookies={}, auth=None, timeout=None, proxies=None, verify=False,                     debug=0 </msg>
<status status="PASS" starttime="20230521 01:06:56.287" endtime="20230521 01:06:56.288"/>
</kw>
<status status="PASS" starttime="20230521 01:06:56.287" endtime="20230521 01:06:56.288"/>
</kw>
<kw name="Given I have a valid user data" library="test_keywords_users">
<kw name="Name" library="FakerLibrary">
<var>${name}</var>
<doc>:example 'John Doe'</doc>
<msg timestamp="20230521 01:06:56.288" level="INFO">${name} = James Collins</msg>
<status status="PASS" starttime="20230521 01:06:56.288" endtime="20230521 01:06:56.288"/>
</kw>
<kw name="Email" library="FakerLibrary">
<var>${email}</var>
<msg timestamp="20230521 01:06:56.289" level="INFO">${email} = cball@example.com</msg>
<status status="PASS" starttime="20230521 01:06:56.289" endtime="20230521 01:06:56.289"/>
</kw>
<kw name="Password" library="FakerLibrary">
<var>${password}</var>
<doc>Generate a random password of the specified ``length``.</doc>
<msg timestamp="20230521 01:06:56.289" level="INFO">${password} = n&amp;V5LLEwN&amp;</msg>
<status status="PASS" starttime="20230521 01:06:56.289" endtime="20230521 01:06:56.289"/>
</kw>
<kw name="Set Suite Variable" library="BuiltIn">
<arg>${name}</arg>
<doc>Makes a variable available everywhere within the scope of the current suite.</doc>
<msg timestamp="20230521 01:06:56.290" level="INFO">${name} = James Collins</msg>
<status status="PASS" starttime="20230521 01:06:56.289" endtime="20230521 01:06:56.290"/>
</kw>
<kw name="Set Suite Variable" library="BuiltIn">
<arg>${email}</arg>
<doc>Makes a variable available everywhere within the scope of the current suite.</doc>
<msg timestamp="20230521 01:06:56.290" level="INFO">${email} = cball@example.com</msg>
<status status="PASS" starttime="20230521 01:06:56.290" endtime="20230521 01:06:56.290"/>
</kw>
<kw name="Set Suite Variable" library="BuiltIn">
<arg>${password}</arg>
<doc>Makes a variable available everywhere within the scope of the current suite.</doc>
<msg timestamp="20230521 01:06:56.290" level="INFO">${password} = n&amp;V5LLEwN&amp;</msg>
<status status="PASS" starttime="20230521 01:06:56.290" endtime="20230521 01:06:56.290"/>
</kw>
<status status="PASS" starttime="20230521 01:06:56.288" endtime="20230521 01:06:56.291"/>
</kw>
<kw name="When I create the user" library="test_keywords_users">
<kw name="Create Dictionary" library="BuiltIn">
<var>${payload}</var>
<arg>nome=${name}</arg>
<arg>email=${email}</arg>
<arg>password=${password}</arg>
<arg>administrador=false</arg>
<doc>Creates and returns a dictionary based on the given ``items``.</doc>
<msg timestamp="20230521 01:06:56.291" level="INFO">${payload} = {'nome': 'James Collins', 'email': 'cball@example.com', 'password': 'n&amp;V5LLEwN&amp;', 'administrador': 'false'}</msg>
<status status="PASS" starttime="20230521 01:06:56.291" endtime="20230521 01:06:56.291"/>
</kw>
<kw name="Create Dictionary" library="BuiltIn">
<var>${headers}</var>
<arg>Content-Type=application/json</arg>
<doc>Creates and returns a dictionary based on the given ``items``.</doc>
<msg timestamp="20230521 01:06:56.292" level="INFO">${headers} = {'Content-Type': 'application/json'}</msg>
<status status="PASS" starttime="20230521 01:06:56.292" endtime="20230521 01:06:56.292"/>
</kw>
<kw name="POST On Session" library="RequestsLibrary">
<var>${response}</var>
<arg>serverest</arg>
<arg>${USERS_API_ENDPOINT}</arg>
<arg>json=${payload}</arg>
<arg>headers=${headers}</arg>
<doc>Sends a POST request on a previously created HTTP Session.</doc>
<msg timestamp="20230521 01:06:56.371" level="INFO">POST Request : url=https://serverest.dev/usuarios 
 path_url=/usuarios 
 headers={'User-Agent': 'python-requests/2.30.0', 'Accept-Encoding': 'gzip, deflate', 'Accept': '*/*', 'Connection': 'keep-alive', 'Content-Type': 'application/json', 'Content-Length': '107'} 
 body=b'{"nome": "James Collins", "email": "cball@example.com", "password": "n&amp;V5LLEwN&amp;", "administrador": "false"}' 
 </msg>
<msg timestamp="20230521 01:06:56.371" level="INFO">POST Response : url=https://serverest.dev/usuarios 
 status=201, reason=Created 
 headers={'access-control-allow-origin': '*', 'x-dns-prefetch-control': 'off', 'x-frame-options': 'SAMEORIGIN', 'strict-transport-security': 'max-age=15552000; includeSubDomains', 'x-download-options': 'noopen', 'x-content-type-options': 'nosniff', 'x-xss-protection': '1; mode=block', 'x-moesif-transaction-id': 'c8f3f6f6-dea3-4e26-ac39-cf6539e347a9', 'content-type': 'application/json; charset=utf-8', 'X-Cloud-Trace-Context': '288598ad584f5fbd4bfdb8fa827bc7fb', 'Date': 'Sun, 21 May 2023 01:06:56 GMT', 'Server': 'Google Frontend', 'Content-Length': '82'} 
 body={
    "message": "Cadastro realizado com sucesso",
    "_id": "uMjqISHiGM5Nqy4O"
} 
 </msg>
<msg timestamp="20230521 01:06:56.372" level="INFO">${response} = &lt;Response [201]&gt;</msg>
<status status="PASS" starttime="20230521 01:06:56.292" endtime="20230521 01:06:56.372"/>
</kw>
<kw name="Set Variable" library="BuiltIn">
<var>${user_id}</var>
<arg>${response.json()['_id']}</arg>
<doc>Returns the given values which can then be assigned to a variables.</doc>
<msg timestamp="20230521 01:06:56.373" level="INFO">${user_id} = uMjqISHiGM5Nqy4O</msg>
<status status="PASS" starttime="20230521 01:06:56.372" endtime="20230521 01:06:56.373"/>
</kw>
<kw name="Set Global Variable" library="BuiltIn">
<arg>${USER_ID}</arg>
<arg>${user_id}</arg>
<doc>Makes a variable available globally in all tests and suites.</doc>
<msg timestamp="20230521 01:06:56.373" level="INFO">${USER_ID} = uMjqISHiGM5Nqy4O</msg>
<status status="PASS" starttime="20230521 01:06:56.373" endtime="20230521 01:06:56.373"/>
</kw>
<kw name="Set Test Variable" library="BuiltIn">
<arg>${response}</arg>
<doc>Makes a variable available everywhere within the scope of the current test.</doc>
<msg timestamp="20230521 01:06:56.374" level="INFO">${response} = &lt;Response [201]&gt;</msg>
<status status="PASS" starttime="20230521 01:06:56.373" endtime="20230521 01:06:56.374"/>
</kw>
<status status="PASS" starttime="20230521 01:06:56.291" endtime="20230521 01:06:56.374"/>
</kw>
<kw name="Then the response status code should be 201" library="test_keywords_users" sourcename="Then the response status code should be ${status_code}">
<kw name="Should Be Equal As Numbers" library="BuiltIn">
<arg>${response.status_code}</arg>
<arg>${status_code}</arg>
<doc>Fails if objects are unequal after converting them to real numbers.</doc>
<msg timestamp="20230521 01:06:56.375" level="INFO">Argument types are:
&lt;class 'int'&gt;
&lt;class 'str'&gt;</msg>
<status status="PASS" starttime="20230521 01:06:56.374" endtime="20230521 01:06:56.375"/>
</kw>
<kw name="Should Be True" library="BuiltIn">
<arg>${response.json()}</arg>
<doc>Fails if the given condition is not true.</doc>
<status status="PASS" starttime="20230521 01:06:56.375" endtime="20230521 01:06:56.376"/>
</kw>
<status status="PASS" starttime="20230521 01:06:56.374" endtime="20230521 01:06:56.376"/>
</kw>
<kw name="And the response body should not be empty" library="test_keywords_users">
<kw name="Should Not Be Empty" library="BuiltIn">
<arg>${response.json()}</arg>
<doc>Verifies that the given item is not empty.</doc>
<msg timestamp="20230521 01:06:56.377" level="INFO">Length is 2</msg>
<status status="PASS" starttime="20230521 01:06:56.376" endtime="20230521 01:06:56.377"/>
</kw>
<status status="PASS" starttime="20230521 01:06:56.376" endtime="20230521 01:06:56.377"/>
</kw>
<tag>api</tag>
<status status="PASS" starttime="20230521 01:06:56.286" endtime="20230521 01:06:56.377"/>
</test>
<test id="s1-s1-s1-s1-t3" name="Scenario: Get a specific user informations" line="22">
<kw name="Before Tests" library="test_keywords_common" type="SETUP">
<kw name="Create Session" library="RequestsLibrary">
<arg>serverest</arg>
<arg>${SERVER_BASE_URL}</arg>
<arg>disable_warnings=True</arg>
<doc>Create Session: create a HTTP session to a server</doc>
<msg timestamp="20230521 01:06:56.378" level="INFO">Creating Session using : alias=serverest, url=https://serverest.dev, headers={},                     cookies={}, auth=None, timeout=None, proxies=None, verify=False,                     debug=0 </msg>
<status status="PASS" starttime="20230521 01:06:56.378" endtime="20230521 01:06:56.379"/>
</kw>
<status status="PASS" starttime="20230521 01:06:56.378" endtime="20230521 01:06:56.379"/>
</kw>
<kw name="When I request the created user" library="test_keywords_users">
<kw name="GET On Session" library="RequestsLibrary">
<var>${response}</var>
<arg>serverest</arg>
<arg>${USERS_API_ENDPOINT}/${USER_ID}</arg>
<doc>Sends a GET request on a previously created HTTP Session.</doc>
<msg timestamp="20230521 01:06:56.449" level="INFO">GET Request : url=https://serverest.dev/usuarios/uMjqISHiGM5Nqy4O 
 path_url=/usuarios/uMjqISHiGM5Nqy4O 
 headers={'User-Agent': 'python-requests/2.30.0', 'Accept-Encoding': 'gzip, deflate', 'Accept': '*/*', 'Connection': 'keep-alive'} 
 body=None 
 </msg>
<msg timestamp="20230521 01:06:56.449" level="INFO">GET Response : url=https://serverest.dev/usuarios/uMjqISHiGM5Nqy4O 
 status=200, reason=OK 
 headers={'access-control-allow-origin': '*', 'x-dns-prefetch-control': 'off', 'x-frame-options': 'SAMEORIGIN', 'strict-transport-security': 'max-age=15552000; includeSubDomains', 'x-download-options': 'noopen', 'x-content-type-options': 'nosniff', 'x-xss-protection': '1; mode=block', 'x-moesif-transaction-id': '35ef442d-19f4-4dd0-991c-a96b8a8bc49d', 'content-type': 'application/json; charset=utf-8', 'X-Cloud-Trace-Context': 'f8e6949b1ff4062061bbf86055320cd5', 'Date': 'Sun, 21 May 2023 01:06:56 GMT', 'Server': 'Google Frontend', 'Content-Length': '156'} 
 body={
    "nome": "James Collins",
    "email": "cball@example.com",
    "password": "n&amp;V5LLEwN&amp;",
    "administrador": "false",
    "_id": "uMjqISHiGM5Nqy4O"
} 
 </msg>
<msg timestamp="20230521 01:06:56.450" level="INFO">${response} = &lt;Response [200]&gt;</msg>
<status status="PASS" starttime="20230521 01:06:56.379" endtime="20230521 01:06:56.450"/>
</kw>
<kw name="Set Test Variable" library="BuiltIn">
<arg>${response}</arg>
<doc>Makes a variable available everywhere within the scope of the current test.</doc>
<msg timestamp="20230521 01:06:56.450" level="INFO">${response} = &lt;Response [200]&gt;</msg>
<status status="PASS" starttime="20230521 01:06:56.450" endtime="20230521 01:06:56.450"/>
</kw>
<status status="PASS" starttime="20230521 01:06:56.379" endtime="20230521 01:06:56.450"/>
</kw>
<kw name="Then the response status code should be 200" library="test_keywords_users" sourcename="Then the response status code should be ${status_code}">
<kw name="Should Be Equal As Numbers" library="BuiltIn">
<arg>${response.status_code}</arg>
<arg>${status_code}</arg>
<doc>Fails if objects are unequal after converting them to real numbers.</doc>
<msg timestamp="20230521 01:06:56.452" level="INFO">Argument types are:
&lt;class 'int'&gt;
&lt;class 'str'&gt;</msg>
<status status="PASS" starttime="20230521 01:06:56.451" endtime="20230521 01:06:56.452"/>
</kw>
<kw name="Should Be True" library="BuiltIn">
<arg>${response.json()}</arg>
<doc>Fails if the given condition is not true.</doc>
<status status="PASS" starttime="20230521 01:06:56.452" endtime="20230521 01:06:56.453"/>
</kw>
<status status="PASS" starttime="20230521 01:06:56.451" endtime="20230521 01:06:56.453"/>
</kw>
<kw name="And the response body should not be empty" library="test_keywords_users">
<kw name="Should Not Be Empty" library="BuiltIn">
<arg>${response.json()}</arg>
<doc>Verifies that the given item is not empty.</doc>
<msg timestamp="20230521 01:06:56.454" level="INFO">Length is 5</msg>
<status status="PASS" starttime="20230521 01:06:56.453" endtime="20230521 01:06:56.454"/>
</kw>
<status status="PASS" starttime="20230521 01:06:56.453" endtime="20230521 01:06:56.454"/>
</kw>
<tag>api</tag>
<status status="PASS" starttime="20230521 01:06:56.377" endtime="20230521 01:06:56.454"/>
</test>
<test id="s1-s1-s1-s1-t4" name="Scenario: Update the created user" line="28">
<kw name="Before Tests" library="test_keywords_common" type="SETUP">
<kw name="Create Session" library="RequestsLibrary">
<arg>serverest</arg>
<arg>${SERVER_BASE_URL}</arg>
<arg>disable_warnings=True</arg>
<doc>Create Session: create a HTTP session to a server</doc>
<msg timestamp="20230521 01:06:56.456" level="INFO">Creating Session using : alias=serverest, url=https://serverest.dev, headers={},                     cookies={}, auth=None, timeout=None, proxies=None, verify=False,                     debug=0 </msg>
<status status="PASS" starttime="20230521 01:06:56.455" endtime="20230521 01:06:56.456"/>
</kw>
<status status="PASS" starttime="20230521 01:06:56.455" endtime="20230521 01:06:56.456"/>
</kw>
<kw name="When I update the created user" library="test_keywords_users">
<kw name="Create Dictionary" library="BuiltIn">
<var>${payload}</var>
<arg>nome=John Smith</arg>
<arg>email=john.smith@example.com</arg>
<arg>password=P@ssw0rd123</arg>
<arg>administrador=false</arg>
<doc>Creates and returns a dictionary based on the given ``items``.</doc>
<msg timestamp="20230521 01:06:56.457" level="INFO">${payload} = {'nome': 'John Smith', 'email': 'john.smith@example.com', 'password': 'P@ssw0rd123', 'administrador': 'false'}</msg>
<status status="PASS" starttime="20230521 01:06:56.456" endtime="20230521 01:06:56.457"/>
</kw>
<kw name="Create Dictionary" library="BuiltIn">
<var>${headers}</var>
<arg>Content-Type=application/json</arg>
<doc>Creates and returns a dictionary based on the given ``items``.</doc>
<msg timestamp="20230521 01:06:56.457" level="INFO">${headers} = {'Content-Type': 'application/json'}</msg>
<status status="PASS" starttime="20230521 01:06:56.457" endtime="20230521 01:06:56.457"/>
</kw>
<kw name="PUT On Session" library="RequestsLibrary">
<var>${response}</var>
<arg>serverest</arg>
<arg>${USERS_API_ENDPOINT}/${USER_ID}</arg>
<arg>json=${payload}</arg>
<arg>headers=${headers}</arg>
<doc>Sends a PUT request on a previously created HTTP Session.</doc>
<msg timestamp="20230521 01:06:56.531" level="INFO">PUT Request : url=https://serverest.dev/usuarios/uMjqISHiGM5Nqy4O 
 path_url=/usuarios/uMjqISHiGM5Nqy4O 
 headers={'User-Agent': 'python-requests/2.30.0', 'Accept-Encoding': 'gzip, deflate', 'Accept': '*/*', 'Connection': 'keep-alive', 'Content-Type': 'application/json', 'Content-Length': '110'} 
 body=b'{"nome": "John Smith", "email": "john.smith@example.com", "password": "P@ssw0rd123", "administrador": "false"}' 
 </msg>
<msg timestamp="20230521 01:06:56.531" level="INFO">PUT Response : url=https://serverest.dev/usuarios/uMjqISHiGM5Nqy4O 
 status=200, reason=OK 
 headers={'access-control-allow-origin': '*', 'x-dns-prefetch-control': 'off', 'x-frame-options': 'SAMEORIGIN', 'strict-transport-security': 'max-age=15552000; includeSubDomains', 'x-download-options': 'noopen', 'x-content-type-options': 'nosniff', 'x-xss-protection': '1; mode=block', 'x-moesif-transaction-id': 'bb4b4423-37fe-46bc-bfee-963fb4f106b0', 'content-type': 'application/json; charset=utf-8', 'X-Cloud-Trace-Context': '3c30fba8b4603524be0a215818a26681', 'Date': 'Sun, 21 May 2023 01:06:56 GMT', 'Server': 'Google Frontend', 'Content-Length': '50'} 
 body={
    "message": "Registro alterado com sucesso"
} 
 </msg>
<msg timestamp="20230521 01:06:56.531" level="INFO">${response} = &lt;Response [200]&gt;</msg>
<status status="PASS" starttime="20230521 01:06:56.457" endtime="20230521 01:06:56.531"/>
</kw>
<kw name="Set Test Variable" library="BuiltIn">
<arg>${response}</arg>
<doc>Makes a variable available everywhere within the scope of the current test.</doc>
<msg timestamp="20230521 01:06:56.532" level="INFO">${response} = &lt;Response [200]&gt;</msg>
<status status="PASS" starttime="20230521 01:06:56.531" endtime="20230521 01:06:56.532"/>
</kw>
<status status="PASS" starttime="20230521 01:06:56.456" endtime="20230521 01:06:56.532"/>
</kw>
<kw name="Then the response status code should be 200" library="test_keywords_users" sourcename="Then the response status code should be ${status_code}">
<kw name="Should Be Equal As Numbers" library="BuiltIn">
<arg>${response.status_code}</arg>
<arg>${status_code}</arg>
<doc>Fails if objects are unequal after converting them to real numbers.</doc>
<msg timestamp="20230521 01:06:56.533" level="INFO">Argument types are:
&lt;class 'int'&gt;
&lt;class 'str'&gt;</msg>
<status status="PASS" starttime="20230521 01:06:56.532" endtime="20230521 01:06:56.533"/>
</kw>
<kw name="Should Be True" library="BuiltIn">
<arg>${response.json()}</arg>
<doc>Fails if the given condition is not true.</doc>
<status status="PASS" starttime="20230521 01:06:56.533" endtime="20230521 01:06:56.534"/>
</kw>
<status status="PASS" starttime="20230521 01:06:56.532" endtime="20230521 01:06:56.534"/>
</kw>
<kw name="And the response body should not be empty" library="test_keywords_users">
<kw name="Should Not Be Empty" library="BuiltIn">
<arg>${response.json()}</arg>
<doc>Verifies that the given item is not empty.</doc>
<msg timestamp="20230521 01:06:56.535" level="INFO">Length is 1</msg>
<status status="PASS" starttime="20230521 01:06:56.535" endtime="20230521 01:06:56.535"/>
</kw>
<status status="PASS" starttime="20230521 01:06:56.534" endtime="20230521 01:06:56.535"/>
</kw>
<tag>api</tag>
<status status="PASS" starttime="20230521 01:06:56.455" endtime="20230521 01:06:56.536"/>
</test>
<test id="s1-s1-s1-s1-t5" name="Scenario: Delete the created user" line="34">
<kw name="Before Tests" library="test_keywords_common" type="SETUP">
<kw name="Create Session" library="RequestsLibrary">
<arg>serverest</arg>
<arg>${SERVER_BASE_URL}</arg>
<arg>disable_warnings=True</arg>
<doc>Create Session: create a HTTP session to a server</doc>
<msg timestamp="20230521 01:06:56.537" level="INFO">Creating Session using : alias=serverest, url=https://serverest.dev, headers={},                     cookies={}, auth=None, timeout=None, proxies=None, verify=False,                     debug=0 </msg>
<status status="PASS" starttime="20230521 01:06:56.537" endtime="20230521 01:06:56.538"/>
</kw>
<status status="PASS" starttime="20230521 01:06:56.537" endtime="20230521 01:06:56.538"/>
</kw>
<kw name="When I delete the created user" library="test_keywords_users">
<kw name="DELETE On Session" library="RequestsLibrary">
<var>${response}</var>
<arg>serverest</arg>
<arg>${USERS_API_ENDPOINT}/${USER_ID}</arg>
<doc>Sends a DELETE request on a previously created HTTP Session.</doc>
<msg timestamp="20230521 01:06:56.609" level="INFO">DELETE Request : url=https://serverest.dev/usuarios/uMjqISHiGM5Nqy4O 
 path_url=/usuarios/uMjqISHiGM5Nqy4O 
 headers={'User-Agent': 'python-requests/2.30.0', 'Accept-Encoding': 'gzip, deflate', 'Accept': '*/*', 'Connection': 'keep-alive', 'Content-Length': '0'} 
 body=None 
 </msg>
<msg timestamp="20230521 01:06:56.610" level="INFO">DELETE Response : url=https://serverest.dev/usuarios/uMjqISHiGM5Nqy4O 
 status=200, reason=OK 
 headers={'access-control-allow-origin': '*', 'x-dns-prefetch-control': 'off', 'x-frame-options': 'SAMEORIGIN', 'strict-transport-security': 'max-age=15552000; includeSubDomains', 'x-download-options': 'noopen', 'x-content-type-options': 'nosniff', 'x-xss-protection': '1; mode=block', 'x-moesif-transaction-id': '92fe7069-c0b9-4188-97c3-ef93299fa768', 'content-type': 'application/json; charset=utf-8', 'X-Cloud-Trace-Context': 'a6fbe8ee17f7c9d449c64fb22832f7b4', 'Date': 'Sun, 21 May 2023 01:06:56 GMT', 'Server': 'Google Frontend', 'Content-Length': '51'} 
 body={
    "message": "Registro excluído com sucesso"
} 
 </msg>
<msg timestamp="20230521 01:06:56.610" level="INFO">${response} = &lt;Response [200]&gt;</msg>
<status status="PASS" starttime="20230521 01:06:56.538" endtime="20230521 01:06:56.610"/>
</kw>
<kw name="Set Test Variable" library="BuiltIn">
<arg>${response}</arg>
<doc>Makes a variable available everywhere within the scope of the current test.</doc>
<msg timestamp="20230521 01:06:56.610" level="INFO">${response} = &lt;Response [200]&gt;</msg>
<status status="PASS" starttime="20230521 01:06:56.610" endtime="20230521 01:06:56.610"/>
</kw>
<status status="PASS" starttime="20230521 01:06:56.538" endtime="20230521 01:06:56.610"/>
</kw>
<kw name="Then the response status code should be 200" library="test_keywords_users" sourcename="Then the response status code should be ${status_code}">
<kw name="Should Be Equal As Numbers" library="BuiltIn">
<arg>${response.status_code}</arg>
<arg>${status_code}</arg>
<doc>Fails if objects are unequal after converting them to real numbers.</doc>
<msg timestamp="20230521 01:06:56.612" level="INFO">Argument types are:
&lt;class 'int'&gt;
&lt;class 'str'&gt;</msg>
<status status="PASS" starttime="20230521 01:06:56.611" endtime="20230521 01:06:56.612"/>
</kw>
<kw name="Should Be True" library="BuiltIn">
<arg>${response.json()}</arg>
<doc>Fails if the given condition is not true.</doc>
<status status="PASS" starttime="20230521 01:06:56.612" endtime="20230521 01:06:56.612"/>
</kw>
<status status="PASS" starttime="20230521 01:06:56.611" endtime="20230521 01:06:56.613"/>
</kw>
<kw name="And the response body should not be empty" library="test_keywords_users">
<kw name="Should Not Be Empty" library="BuiltIn">
<arg>${response.json()}</arg>
<doc>Verifies that the given item is not empty.</doc>
<msg timestamp="20230521 01:06:56.614" level="INFO">Length is 1</msg>
<status status="PASS" starttime="20230521 01:06:56.613" endtime="20230521 01:06:56.614"/>
</kw>
<status status="PASS" starttime="20230521 01:06:56.613" endtime="20230521 01:06:56.614"/>
</kw>
<tag>api</tag>
<status status="PASS" starttime="20230521 01:06:56.536" endtime="20230521 01:06:56.614"/>
</test>
<status status="PASS" starttime="20230521 01:06:55.555" endtime="20230521 01:06:56.615"/>
</suite>
<status status="PASS" starttime="20230521 01:06:55.553" endtime="20230521 01:06:56.616"/>
</suite>
<status status="PASS" starttime="20230521 01:06:55.551" endtime="20230521 01:06:56.617"/>
</suite>
<suite id="s1-s2" name="Ui" source="/home/runner/work/gen-ai-robot-test/gen-ai-robot-test/tests/ui">
<suite id="s1-s2-s1" name="Login" source="/home/runner/work/gen-ai-robot-test/gen-ai-robot-test/tests/ui/login">
<suite id="s1-s2-s1-s1" name="Test Ui Login" source="/home/runner/work/gen-ai-robot-test/gen-ai-robot-test/tests/ui/login/test_ui_login.robot">
<test id="s1-s2-s1-s1-t1" name="Scenario: Log in to Sauce Demo with Standard User" line="10">
<kw name="Before Tests" library="test_keywords_common" type="SETUP">
<kw name="Open Browser" library="SeleniumLibrary">
<arg>${SERVER_BASE_URL}</arg>
<arg>${HEADLESS} ${BROWSER}</arg>
<doc>Opens a new browser instance to the optional ``url``.</doc>
<msg timestamp="20230521 01:06:56.628" level="INFO">Opening browser 'headless Chrome' to base url 'https://www.saucedemo.com/'.</msg>
<status status="PASS" starttime="20230521 01:06:56.628" endtime="20230521 01:06:58.818"/>
</kw>
<kw name="Maximize Browser Window" library="SeleniumLibrary">
<doc>Maximizes current browser window.</doc>
<status status="PASS" starttime="20230521 01:06:58.818" endtime="20230521 01:06:58.924"/>
</kw>
<status status="PASS" starttime="20230521 01:06:56.627" endtime="20230521 01:06:58.924"/>
</kw>
<kw name="Given Im on the main application page" library="test_keywords_login">
<kw name="Go To" library="SeleniumLibrary">
<arg>${SERVER_BASE_URL}</arg>
<doc>Navigates the current browser window to the provided ``url``.</doc>
<msg timestamp="20230521 01:06:58.925" level="INFO">Opening url 'https://www.saucedemo.com/'</msg>
<status status="PASS" starttime="20230521 01:06:58.925" endtime="20230521 01:06:58.992"/>
</kw>
<kw name="Location Should Be" library="SeleniumLibrary">
<arg>${SERVER_BASE_URL}</arg>
<doc>Verifies that the current URL is exactly ``url``.</doc>
<msg timestamp="20230521 01:06:59.005" level="INFO">Current location is 'https://www.saucedemo.com/'.</msg>
<status status="PASS" starttime="20230521 01:06:58.993" endtime="20230521 01:06:59.005"/>
</kw>
<status status="PASS" starttime="20230521 01:06:58.924" endtime="20230521 01:06:59.005"/>
</kw>
<kw name="When I log in with credentials" library="test_keywords_login">
<arg>standard_user</arg>
<arg>secret_sauce</arg>
<kw name="Input Text" library="SeleniumLibrary">
<arg>id:user-name</arg>
<arg>${username}</arg>
<doc>Types the given ``text`` into the text field identified by ``locator``.</doc>
<msg timestamp="20230521 01:06:59.008" level="INFO">Typing text 'standard_user' into text field 'id:user-name'.</msg>
<status status="PASS" starttime="20230521 01:06:59.006" endtime="20230521 01:06:59.140"/>
</kw>
<kw name="Input Text" library="SeleniumLibrary">
<arg>id:password</arg>
<arg>${password}</arg>
<doc>Types the given ``text`` into the text field identified by ``locator``.</doc>
<msg timestamp="20230521 01:06:59.140" level="INFO">Typing text 'secret_sauce' into text field 'id:password'.</msg>
<status status="PASS" starttime="20230521 01:06:59.140" endtime="20230521 01:06:59.240"/>
</kw>
<kw name="Click Button" library="SeleniumLibrary">
<arg>id:login-button</arg>
<doc>Clicks the button identified by ``locator``.</doc>
<msg timestamp="20230521 01:06:59.240" level="INFO">Clicking button 'id:login-button'.</msg>
<status status="PASS" starttime="20230521 01:06:59.240" endtime="20230521 01:06:59.356"/>
</kw>
<status status="PASS" starttime="20230521 01:06:59.005" endtime="20230521 01:06:59.356"/>
</kw>
<kw name="And the Inventory page loads" library="test_keywords_login">
<kw name="Location Should Be" library="SeleniumLibrary">
<arg>https://www.saucedemo.com/inventory.html</arg>
<doc>Verifies that the current URL is exactly ``url``.</doc>
<msg timestamp="20230521 01:06:59.368" level="INFO">Current location is 'https://www.saucedemo.com/inventory.html'.</msg>
<status status="PASS" starttime="20230521 01:06:59.357" endtime="20230521 01:06:59.368"/>
</kw>
<status status="PASS" starttime="20230521 01:06:59.356" endtime="20230521 01:06:59.368"/>
</kw>
<kw name="Then the page should contain the text &quot;Products&quot;" library="test_keywords_login" sourcename="Then the page should contain the text &quot;${expected_text}&quot;">
<kw name="Page Should Contain" library="SeleniumLibrary">
<arg>${expected_text}</arg>
<doc>Verifies that current page contains ``text``.</doc>
<msg timestamp="20230521 01:06:59.385" level="INFO">Current page contains text 'Products'.</msg>
<status status="PASS" starttime="20230521 01:06:59.369" endtime="20230521 01:06:59.385"/>
</kw>
<status status="PASS" starttime="20230521 01:06:59.368" endtime="20230521 01:06:59.385"/>
</kw>
<kw name="After Tests" library="test_keywords_common" type="TEARDOWN">
<kw name="Close Browser" library="SeleniumLibrary">
<doc>Closes the current browser.</doc>
<status status="PASS" starttime="20230521 01:06:59.385" endtime="20230521 01:06:59.443"/>
</kw>
<status status="PASS" starttime="20230521 01:06:59.385" endtime="20230521 01:06:59.443"/>
</kw>
<tag>ui</tag>
<status status="PASS" starttime="20230521 01:06:56.627" endtime="20230521 01:06:59.443"/>
</test>
<test id="s1-s2-s1-s1-t2" name="Scenario: Log in to Sauce Demo with Locked Out User" line="17">
<kw name="Before Tests" library="test_keywords_common" type="SETUP">
<kw name="Open Browser" library="SeleniumLibrary">
<arg>${SERVER_BASE_URL}</arg>
<arg>${HEADLESS} ${BROWSER}</arg>
<doc>Opens a new browser instance to the optional ``url``.</doc>
<msg timestamp="20230521 01:06:59.446" level="INFO">Opening browser 'headless Chrome' to base url 'https://www.saucedemo.com/'.</msg>
<status status="PASS" starttime="20230521 01:06:59.445" endtime="20230521 01:07:00.331"/>
</kw>
<kw name="Maximize Browser Window" library="SeleniumLibrary">
<doc>Maximizes current browser window.</doc>
<status status="PASS" starttime="20230521 01:07:00.332" endtime="20230521 01:07:00.436"/>
</kw>
<status status="PASS" starttime="20230521 01:06:59.445" endtime="20230521 01:07:00.437"/>
</kw>
<kw name="Given Im on the main application page" library="test_keywords_login">
<kw name="Go To" library="SeleniumLibrary">
<arg>${SERVER_BASE_URL}</arg>
<doc>Navigates the current browser window to the provided ``url``.</doc>
<msg timestamp="20230521 01:07:00.437" level="INFO">Opening url 'https://www.saucedemo.com/'</msg>
<status status="PASS" starttime="20230521 01:07:00.437" endtime="20230521 01:07:00.494"/>
</kw>
<kw name="Location Should Be" library="SeleniumLibrary">
<arg>${SERVER_BASE_URL}</arg>
<doc>Verifies that the current URL is exactly ``url``.</doc>
<msg timestamp="20230521 01:07:00.504" level="INFO">Current location is 'https://www.saucedemo.com/'.</msg>
<status status="PASS" starttime="20230521 01:07:00.495" endtime="20230521 01:07:00.504"/>
</kw>
<status status="PASS" starttime="20230521 01:07:00.437" endtime="20230521 01:07:00.504"/>
</kw>
<kw name="When I log in with credentials" library="test_keywords_login">
<arg>locked_out_user</arg>
<arg>secret_sauce</arg>
<kw name="Input Text" library="SeleniumLibrary">
<arg>id:user-name</arg>
<arg>${username}</arg>
<doc>Types the given ``text`` into the text field identified by ``locator``.</doc>
<msg timestamp="20230521 01:07:00.505" level="INFO">Typing text 'locked_out_user' into text field 'id:user-name'.</msg>
<status status="PASS" starttime="20230521 01:07:00.505" endtime="20230521 01:07:00.636"/>
</kw>
<kw name="Input Text" library="SeleniumLibrary">
<arg>id:password</arg>
<arg>${password}</arg>
<doc>Types the given ``text`` into the text field identified by ``locator``.</doc>
<msg timestamp="20230521 01:07:00.637" level="INFO">Typing text 'secret_sauce' into text field 'id:password'.</msg>
<status status="PASS" starttime="20230521 01:07:00.637" endtime="20230521 01:07:00.727"/>
</kw>
<kw name="Click Button" library="SeleniumLibrary">
<arg>id:login-button</arg>
<doc>Clicks the button identified by ``locator``.</doc>
<msg timestamp="20230521 01:07:00.728" level="INFO">Clicking button 'id:login-button'.</msg>
<status status="PASS" starttime="20230521 01:07:00.727" endtime="20230521 01:07:00.789"/>
</kw>
<status status="PASS" starttime="20230521 01:07:00.504" endtime="20230521 01:07:00.790"/>
</kw>
<kw name="Then the locked out message should be displayed" library="test_keywords_login">
<kw name="Element Should Be Visible" library="SeleniumLibrary">
<arg>class:error-message-container</arg>
<doc>Verifies that the element identified by ``locator`` is visible.</doc>
<msg timestamp="20230521 01:07:00.814" level="INFO">Element 'class:error-message-container' is displayed.</msg>
<status status="PASS" starttime="20230521 01:07:00.790" endtime="20230521 01:07:00.814"/>
</kw>
<status status="PASS" starttime="20230521 01:07:00.790" endtime="20230521 01:07:00.814"/>
</kw>
<kw name="After Tests" library="test_keywords_common" type="TEARDOWN">
<kw name="Close Browser" library="SeleniumLibrary">
<doc>Closes the current browser.</doc>
<status status="PASS" starttime="20230521 01:07:00.815" endtime="20230521 01:07:00.873"/>
</kw>
<status status="PASS" starttime="20230521 01:07:00.815" endtime="20230521 01:07:00.873"/>
</kw>
<tag>ui</tag>
<status status="PASS" starttime="20230521 01:06:59.444" endtime="20230521 01:07:00.873"/>
</test>
<test id="s1-s2-s1-s1-t3" name="Scenario: Log in to Sauce Demo with Problem User" line="23">
<kw name="Before Tests" library="test_keywords_common" type="SETUP">
<kw name="Open Browser" library="SeleniumLibrary">
<arg>${SERVER_BASE_URL}</arg>
<arg>${HEADLESS} ${BROWSER}</arg>
<doc>Opens a new browser instance to the optional ``url``.</doc>
<msg timestamp="20230521 01:07:00.876" level="INFO">Opening browser 'headless Chrome' to base url 'https://www.saucedemo.com/'.</msg>
<status status="PASS" starttime="20230521 01:07:00.875" endtime="20230521 01:07:01.751"/>
</kw>
<kw name="Maximize Browser Window" library="SeleniumLibrary">
<doc>Maximizes current browser window.</doc>
<status status="PASS" starttime="20230521 01:07:01.752" endtime="20230521 01:07:01.856"/>
</kw>
<status status="PASS" starttime="20230521 01:07:00.875" endtime="20230521 01:07:01.856"/>
</kw>
<kw name="Given Im on the main application page" library="test_keywords_login">
<kw name="Go To" library="SeleniumLibrary">
<arg>${SERVER_BASE_URL}</arg>
<doc>Navigates the current browser window to the provided ``url``.</doc>
<msg timestamp="20230521 01:07:01.857" level="INFO">Opening url 'https://www.saucedemo.com/'</msg>
<status status="PASS" starttime="20230521 01:07:01.857" endtime="20230521 01:07:01.915"/>
</kw>
<kw name="Location Should Be" library="SeleniumLibrary">
<arg>${SERVER_BASE_URL}</arg>
<doc>Verifies that the current URL is exactly ``url``.</doc>
<msg timestamp="20230521 01:07:01.922" level="INFO">Current location is 'https://www.saucedemo.com/'.</msg>
<status status="PASS" starttime="20230521 01:07:01.915" endtime="20230521 01:07:01.922"/>
</kw>
<status status="PASS" starttime="20230521 01:07:01.856" endtime="20230521 01:07:01.922"/>
</kw>
<kw name="When I log in with credentials" library="test_keywords_login">
<arg>problem_user</arg>
<arg>secret_sauce</arg>
<kw name="Input Text" library="SeleniumLibrary">
<arg>id:user-name</arg>
<arg>${username}</arg>
<doc>Types the given ``text`` into the text field identified by ``locator``.</doc>
<msg timestamp="20230521 01:07:01.924" level="INFO">Typing text 'problem_user' into text field 'id:user-name'.</msg>
<status status="PASS" starttime="20230521 01:07:01.923" endtime="20230521 01:07:02.048"/>
</kw>
<kw name="Input Text" library="SeleniumLibrary">
<arg>id:password</arg>
<arg>${password}</arg>
<doc>Types the given ``text`` into the text field identified by ``locator``.</doc>
<msg timestamp="20230521 01:07:02.048" level="INFO">Typing text 'secret_sauce' into text field 'id:password'.</msg>
<status status="PASS" starttime="20230521 01:07:02.048" endtime="20230521 01:07:02.140"/>
</kw>
<kw name="Click Button" library="SeleniumLibrary">
<arg>id:login-button</arg>
<doc>Clicks the button identified by ``locator``.</doc>
<msg timestamp="20230521 01:07:02.141" level="INFO">Clicking button 'id:login-button'.</msg>
<status status="PASS" starttime="20230521 01:07:02.140" endtime="20230521 01:07:02.237"/>
</kw>
<status status="PASS" starttime="20230521 01:07:01.922" endtime="20230521 01:07:02.238"/>
</kw>
<kw name="And the Inventory page loads" library="test_keywords_login">
<kw name="Location Should Be" library="SeleniumLibrary">
<arg>https://www.saucedemo.com/inventory.html</arg>
<doc>Verifies that the current URL is exactly ``url``.</doc>
<msg timestamp="20230521 01:07:02.253" level="INFO">Current location is 'https://www.saucedemo.com/inventory.html'.</msg>
<status status="PASS" starttime="20230521 01:07:02.238" endtime="20230521 01:07:02.254"/>
</kw>
<status status="PASS" starttime="20230521 01:07:02.238" endtime="20230521 01:07:02.254"/>
</kw>
<kw name="Then the page should contain the text &quot;Products&quot;" library="test_keywords_login" sourcename="Then the page should contain the text &quot;${expected_text}&quot;">
<kw name="Page Should Contain" library="SeleniumLibrary">
<arg>${expected_text}</arg>
<doc>Verifies that current page contains ``text``.</doc>
<msg timestamp="20230521 01:07:02.269" level="INFO">Current page contains text 'Products'.</msg>
<status status="PASS" starttime="20230521 01:07:02.255" endtime="20230521 01:07:02.269"/>
</kw>
<status status="PASS" starttime="20230521 01:07:02.254" endtime="20230521 01:07:02.269"/>
</kw>
<kw name="After Tests" library="test_keywords_common" type="TEARDOWN">
<kw name="Close Browser" library="SeleniumLibrary">
<doc>Closes the current browser.</doc>
<status status="PASS" starttime="20230521 01:07:02.270" endtime="20230521 01:07:02.327"/>
</kw>
<status status="PASS" starttime="20230521 01:07:02.270" endtime="20230521 01:07:02.328"/>
</kw>
<tag>ui</tag>
<status status="PASS" starttime="20230521 01:07:00.874" endtime="20230521 01:07:02.328"/>
</test>
<test id="s1-s2-s1-s1-t4" name="Scenario: Log in to Sauce Demo with Performance Glitch User" line="30">
<kw name="Before Tests" library="test_keywords_common" type="SETUP">
<kw name="Open Browser" library="SeleniumLibrary">
<arg>${SERVER_BASE_URL}</arg>
<arg>${HEADLESS} ${BROWSER}</arg>
<doc>Opens a new browser instance to the optional ``url``.</doc>
<msg timestamp="20230521 01:07:02.330" level="INFO">Opening browser 'headless Chrome' to base url 'https://www.saucedemo.com/'.</msg>
<status status="PASS" starttime="20230521 01:07:02.329" endtime="20230521 01:07:03.185"/>
</kw>
<kw name="Maximize Browser Window" library="SeleniumLibrary">
<doc>Maximizes current browser window.</doc>
<status status="PASS" starttime="20230521 01:07:03.185" endtime="20230521 01:07:03.290"/>
</kw>
<status status="PASS" starttime="20230521 01:07:02.329" endtime="20230521 01:07:03.290"/>
</kw>
<kw name="Given Im on the main application page" library="test_keywords_login">
<kw name="Go To" library="SeleniumLibrary">
<arg>${SERVER_BASE_URL}</arg>
<doc>Navigates the current browser window to the provided ``url``.</doc>
<msg timestamp="20230521 01:07:03.291" level="INFO">Opening url 'https://www.saucedemo.com/'</msg>
<status status="PASS" starttime="20230521 01:07:03.291" endtime="20230521 01:07:03.366"/>
</kw>
<kw name="Location Should Be" library="SeleniumLibrary">
<arg>${SERVER_BASE_URL}</arg>
<doc>Verifies that the current URL is exactly ``url``.</doc>
<msg timestamp="20230521 01:07:03.375" level="INFO">Current location is 'https://www.saucedemo.com/'.</msg>
<status status="PASS" starttime="20230521 01:07:03.367" endtime="20230521 01:07:03.375"/>
</kw>
<status status="PASS" starttime="20230521 01:07:03.290" endtime="20230521 01:07:03.375"/>
</kw>
<kw name="When I log in with credentials" library="test_keywords_login">
<arg>performance_glitch_user</arg>
<arg>secret_sauce</arg>
<kw name="Input Text" library="SeleniumLibrary">
<arg>id:user-name</arg>
<arg>${username}</arg>
<doc>Types the given ``text`` into the text field identified by ``locator``.</doc>
<msg timestamp="20230521 01:07:03.377" level="INFO">Typing text 'performance_glitch_user' into text field 'id:user-name'.</msg>
<status status="PASS" starttime="20230521 01:07:03.376" endtime="20230521 01:07:03.508"/>
</kw>
<kw name="Input Text" library="SeleniumLibrary">
<arg>id:password</arg>
<arg>${password}</arg>
<doc>Types the given ``text`` into the text field identified by ``locator``.</doc>
<msg timestamp="20230521 01:07:03.509" level="INFO">Typing text 'secret_sauce' into text field 'id:password'.</msg>
<status status="PASS" starttime="20230521 01:07:03.509" endtime="20230521 01:07:03.595"/>
</kw>
<kw name="Click Button" library="SeleniumLibrary">
<arg>id:login-button</arg>
<doc>Clicks the button identified by ``locator``.</doc>
<msg timestamp="20230521 01:07:03.596" level="INFO">Clicking button 'id:login-button'.</msg>
<status status="PASS" starttime="20230521 01:07:03.595" endtime="20230521 01:07:08.712"/>
</kw>
<status status="PASS" starttime="20230521 01:07:03.376" endtime="20230521 01:07:08.712"/>
</kw>
<kw name="And the Inventory page loads" library="test_keywords_login">
<kw name="Location Should Be" library="SeleniumLibrary">
<arg>https://www.saucedemo.com/inventory.html</arg>
<doc>Verifies that the current URL is exactly ``url``.</doc>
<msg timestamp="20230521 01:07:08.727" level="INFO">Current location is 'https://www.saucedemo.com/inventory.html'.</msg>
<status status="PASS" starttime="20230521 01:07:08.713" endtime="20230521 01:07:08.727"/>
</kw>
<status status="PASS" starttime="20230521 01:07:08.712" endtime="20230521 01:07:08.727"/>
</kw>
<kw name="Then the page should contain the text &quot;Products&quot;" library="test_keywords_login" sourcename="Then the page should contain the text &quot;${expected_text}&quot;">
<kw name="Page Should Contain" library="SeleniumLibrary">
<arg>${expected_text}</arg>
<doc>Verifies that current page contains ``text``.</doc>
<msg timestamp="20230521 01:07:08.745" level="INFO">Current page contains text 'Products'.</msg>
<status status="PASS" starttime="20230521 01:07:08.728" endtime="20230521 01:07:08.745"/>
</kw>
<status status="PASS" starttime="20230521 01:07:08.727" endtime="20230521 01:07:08.746"/>
</kw>
<kw name="After Tests" library="test_keywords_common" type="TEARDOWN">
<kw name="Close Browser" library="SeleniumLibrary">
<doc>Closes the current browser.</doc>
<status status="PASS" starttime="20230521 01:07:08.746" endtime="20230521 01:07:08.803"/>
</kw>
<status status="PASS" starttime="20230521 01:07:08.746" endtime="20230521 01:07:08.804"/>
</kw>
<tag>ui</tag>
<status status="PASS" starttime="20230521 01:07:02.328" endtime="20230521 01:07:08.804"/>
</test>
<status status="PASS" starttime="20230521 01:06:56.621" endtime="20230521 01:07:08.805"/>
</suite>
<status status="PASS" starttime="20230521 01:06:56.620" endtime="20230521 01:07:08.806"/>
</suite>
<status status="PASS" starttime="20230521 01:06:56.618" endtime="20230521 01:07:08.807"/>
</suite>
<status status="PASS" starttime="20230521 01:06:55.533" endtime="20230521 01:07:08.808"/>
</suite>
<statistics>
<total>
<stat pass="9" fail="0" skip="0">All Tests</stat>
</total>
<tag>
<stat pass="5" fail="0" skip="0">api</stat>
<stat pass="4" fail="0" skip="0">ui</stat>
</tag>
<suite>
<stat pass="9" fail="0" skip="0" id="s1" name="Tests">Tests</stat>
<stat pass="5" fail="0" skip="0" id="s1-s1" name="Api">Tests.Api</stat>
<stat pass="5" fail="0" skip="0" id="s1-s1-s1" name="Users">Tests.Api.Users</stat>
<stat pass="5" fail="0" skip="0" id="s1-s1-s1-s1" name="Test Api Users">Tests.Api.Users.Test Api Users</stat>
<stat pass="4" fail="0" skip="0" id="s1-s2" name="Ui">Tests.Ui</stat>
<stat pass="4" fail="0" skip="0" id="s1-s2-s1" name="Login">Tests.Ui.Login</stat>
<stat pass="4" fail="0" skip="0" id="s1-s2-s1-s1" name="Test Ui Login">Tests.Ui.Login.Test Ui Login</stat>
</suite>
</statistics>
<errors>
</errors>
</robot>
