<?xml version="1.0" encoding="UTF-8"?>
<robot generator="Robot 6.0.2 (Python 3.8.16 on linux)" generated="20230530 01:18:57.806" rpa="false" schemaversion="3">
<suite id="s1" name="Tests" source="/home/runner/work/gen-ai-robot-test/gen-ai-robot-test/tests">
<suite id="s1-s1" name="Api" source="/home/runner/work/gen-ai-robot-test/gen-ai-robot-test/tests/api">
<suite id="s1-s1-s1" name="Test Api Users" source="/home/runner/work/gen-ai-robot-test/gen-ai-robot-test/tests/api/test_api_users.robot">
<test id="s1-s1-s1-t1" name="Scenario: Get all registered users" line="9">
<kw name="Before Tests" library="test_keywords_common" type="SETUP">
<kw name="Create Session" library="RequestsLibrary">
<arg>serverest</arg>
<arg>${SERVER_BASE_URL}</arg>
<arg>disable_warnings=True</arg>
<doc>Create Session: create a HTTP session to a server</doc>
<msg timestamp="20230530 01:18:58.426" level="INFO">Creating Session using : alias=serverest, url=https://serverest.dev, headers={},                     cookies={}, auth=None, timeout=None, proxies=None, verify=False,                     debug=0 </msg>
<status status="PASS" starttime="20230530 01:18:58.426" endtime="20230530 01:18:58.426"/>
</kw>
<status status="PASS" starttime="20230530 01:18:58.425" endtime="20230530 01:18:58.426"/>
</kw>
<kw name="When I request the list of all registered users" library="test_keywords_users">
<kw name="GET On Session" library="RequestsLibrary">
<var>${response}</var>
<arg>serverest</arg>
<arg>${USERS_API_ENDPOINT}</arg>
<doc>Sends a GET request on a previously created HTTP Session.</doc>
<msg timestamp="20230530 01:19:08.673" level="INFO">GET Request : url=https://serverest.dev/usuarios 
 path_url=/usuarios 
 headers={'User-Agent': 'python-requests/2.31.0', 'Accept-Encoding': 'gzip, deflate', 'Accept': '*/*', 'Connection': 'keep-alive'} 
 body=None 
 </msg>
<msg timestamp="20230530 01:19:08.673" level="INFO">GET Response : url=https://serverest.dev/usuarios 
 status=429, reason=Too Many Requests 
 headers={'X-Cloud-Trace-Context': 'f512d6de17e3434990eff20ad191c391', 'Date': 'Tue, 30 May 2023 01:19:08 GMT', 'Content-Type': 'text/html', 'Server': 'Google Frontend', 'Content-Length': '14'} 
 body=Rate exceeded. 
 </msg>
<msg timestamp="20230530 01:19:08.674" level="FAIL">HTTPError: 429 Client Error: Too Many Requests for url: https://serverest.dev/usuarios</msg>
<status status="FAIL" starttime="20230530 01:18:58.427" endtime="20230530 01:19:08.674"/>
</kw>
<kw name="Set Test Variable" library="BuiltIn">
<arg>${response}</arg>
<doc>Makes a variable available everywhere within the scope of the current test.</doc>
<status status="NOT RUN" starttime="20230530 01:19:08.675" endtime="20230530 01:19:08.675"/>
</kw>
<status status="FAIL" starttime="20230530 01:18:58.427" endtime="20230530 01:19:08.675"/>
</kw>
<kw name="Then the response status code should be 200" library="test_keywords_users" sourcename="Then the response status code should be ${status_code}">
<status status="NOT RUN" starttime="20230530 01:19:08.675" endtime="20230530 01:19:08.675"/>
</kw>
<kw name="And the response body should not be empty" library="test_keywords_users">
<status status="NOT RUN" starttime="20230530 01:19:08.675" endtime="20230530 01:19:08.675"/>
</kw>
<tag>api</tag>
<status status="FAIL" starttime="20230530 01:18:58.425" endtime="20230530 01:19:08.676">HTTPError: 429 Client Error: Too Many Requests for url: https://serverest.dev/usuarios</status>
</test>
<test id="s1-s1-s1-t2" name="Scenario: Create a new user" line="15">
<kw name="Before Tests" library="test_keywords_common" type="SETUP">
<kw name="Create Session" library="RequestsLibrary">
<arg>serverest</arg>
<arg>${SERVER_BASE_URL}</arg>
<arg>disable_warnings=True</arg>
<doc>Create Session: create a HTTP session to a server</doc>
<msg timestamp="20230530 01:19:08.677" level="INFO">Creating Session using : alias=serverest, url=https://serverest.dev, headers={},                     cookies={}, auth=None, timeout=None, proxies=None, verify=False,                     debug=0 </msg>
<status status="PASS" starttime="20230530 01:19:08.677" endtime="20230530 01:19:08.678"/>
</kw>
<status status="PASS" starttime="20230530 01:19:08.677" endtime="20230530 01:19:08.678"/>
</kw>
<kw name="Given I have a valid user data" library="test_keywords_users">
<kw name="Name" library="FakerLibrary">
<var>${name}</var>
<doc>:example 'John Doe'</doc>
<msg timestamp="20230530 01:19:08.679" level="INFO">${name} = Sherry Booth</msg>
<status status="PASS" starttime="20230530 01:19:08.678" endtime="20230530 01:19:08.679"/>
</kw>
<kw name="Email" library="FakerLibrary">
<var>${email}</var>
<msg timestamp="20230530 01:19:08.679" level="INFO">${email} = david90@example.org</msg>
<status status="PASS" starttime="20230530 01:19:08.679" endtime="20230530 01:19:08.679"/>
</kw>
<kw name="Password" library="FakerLibrary">
<var>${password}</var>
<arg>length=12</arg>
<arg>special_chars=False</arg>
<doc>Generate a random password of the specified ``length``.</doc>
<msg timestamp="20230530 01:19:08.680" level="INFO">${password} = 4kZzIRmYeY9P</msg>
<status status="PASS" starttime="20230530 01:19:08.679" endtime="20230530 01:19:08.680"/>
</kw>
<kw name="Set Suite Variable" library="BuiltIn">
<arg>${name}</arg>
<doc>Makes a variable available everywhere within the scope of the current suite.</doc>
<msg timestamp="20230530 01:19:08.680" level="INFO">${name} = Sherry Booth</msg>
<status status="PASS" starttime="20230530 01:19:08.680" endtime="20230530 01:19:08.680"/>
</kw>
<kw name="Set Suite Variable" library="BuiltIn">
<arg>${email}</arg>
<doc>Makes a variable available everywhere within the scope of the current suite.</doc>
<msg timestamp="20230530 01:19:08.681" level="INFO">${email} = david90@example.org</msg>
<status status="PASS" starttime="20230530 01:19:08.680" endtime="20230530 01:19:08.681"/>
</kw>
<kw name="Set Suite Variable" library="BuiltIn">
<arg>${password}</arg>
<doc>Makes a variable available everywhere within the scope of the current suite.</doc>
<msg timestamp="20230530 01:19:08.681" level="INFO">${password} = 4kZzIRmYeY9P</msg>
<status status="PASS" starttime="20230530 01:19:08.681" endtime="20230530 01:19:08.681"/>
</kw>
<status status="PASS" starttime="20230530 01:19:08.678" endtime="20230530 01:19:08.681"/>
</kw>
<kw name="When I create the user" library="test_keywords_users">
<kw name="Create Dictionary" library="BuiltIn">
<var>${payload}</var>
<arg>nome=${name}</arg>
<arg>email=${email}</arg>
<arg>password=${password}</arg>
<arg>administrador=false</arg>
<doc>Creates and returns a dictionary based on the given ``items``.</doc>
<msg timestamp="20230530 01:19:08.682" level="INFO">${payload} = {'nome': 'Sherry Booth', 'email': 'david90@example.org', 'password': '4kZzIRmYeY9P', 'administrador': 'false'}</msg>
<status status="PASS" starttime="20230530 01:19:08.681" endtime="20230530 01:19:08.682"/>
</kw>
<kw name="Create Dictionary" library="BuiltIn">
<var>${headers}</var>
<arg>Content-Type=application/json</arg>
<doc>Creates and returns a dictionary based on the given ``items``.</doc>
<msg timestamp="20230530 01:19:08.682" level="INFO">${headers} = {'Content-Type': 'application/json'}</msg>
<status status="PASS" starttime="20230530 01:19:08.682" endtime="20230530 01:19:08.682"/>
</kw>
<kw name="POST On Session" library="RequestsLibrary">
<var>${response}</var>
<arg>serverest</arg>
<arg>${USERS_API_ENDPOINT}</arg>
<arg>json=${payload}</arg>
<arg>headers=${headers}</arg>
<doc>Sends a POST request on a previously created HTTP Session.</doc>
<msg timestamp="20230530 01:19:10.233" level="INFO">POST Request : url=https://serverest.dev/usuarios 
 path_url=/usuarios 
 headers={'User-Agent': 'python-requests/2.31.0', 'Accept-Encoding': 'gzip, deflate', 'Accept': '*/*', 'Connection': 'keep-alive', 'Content-Type': 'application/json', 'Content-Length': '110'} 
 body=b'{"nome": "Sherry Booth", "email": "david90@example.org", "password": "4kZzIRmYeY9P", "administrador": "false"}' 
 </msg>
<msg timestamp="20230530 01:19:10.233" level="INFO">POST Response : url=https://serverest.dev/usuarios 
 status=201, reason=Created 
 headers={'access-control-allow-origin': '*', 'x-dns-prefetch-control': 'off', 'x-frame-options': 'SAMEORIGIN', 'strict-transport-security': 'max-age=15552000; includeSubDomains', 'x-download-options': 'noopen', 'x-content-type-options': 'nosniff', 'x-xss-protection': '1; mode=block', 'x-moesif-transaction-id': '1e600b34-defc-4046-a485-435cf7902a75', 'content-type': 'application/json; charset=utf-8', 'X-Cloud-Trace-Context': '3ecfda87a2380355265126ccbe566d09', 'Date': 'Tue, 30 May 2023 01:19:10 GMT', 'Server': 'Google Frontend', 'Content-Length': '82'} 
 body={
    "message": "Cadastro realizado com sucesso",
    "_id": "DifXe53CMWtrHyqX"
} 
 </msg>
<msg timestamp="20230530 01:19:10.233" level="INFO">${response} = &lt;Response [201]&gt;</msg>
<status status="PASS" starttime="20230530 01:19:08.682" endtime="20230530 01:19:10.233"/>
</kw>
<kw name="Set Variable" library="BuiltIn">
<var>${user_id}</var>
<arg>${response.json()['_id']}</arg>
<doc>Returns the given values which can then be assigned to a variables.</doc>
<msg timestamp="20230530 01:19:10.235" level="INFO">${user_id} = DifXe53CMWtrHyqX</msg>
<status status="PASS" starttime="20230530 01:19:10.234" endtime="20230530 01:19:10.235"/>
</kw>
<kw name="Set Global Variable" library="BuiltIn">
<arg>${USER_ID}</arg>
<arg>${user_id}</arg>
<doc>Makes a variable available globally in all tests and suites.</doc>
<msg timestamp="20230530 01:19:10.235" level="INFO">${USER_ID} = DifXe53CMWtrHyqX</msg>
<status status="PASS" starttime="20230530 01:19:10.235" endtime="20230530 01:19:10.235"/>
</kw>
<kw name="Set Test Variable" library="BuiltIn">
<arg>${response}</arg>
<doc>Makes a variable available everywhere within the scope of the current test.</doc>
<msg timestamp="20230530 01:19:10.236" level="INFO">${response} = &lt;Response [201]&gt;</msg>
<status status="PASS" starttime="20230530 01:19:10.235" endtime="20230530 01:19:10.236"/>
</kw>
<status status="PASS" starttime="20230530 01:19:08.681" endtime="20230530 01:19:10.236"/>
</kw>
<kw name="Then the response status code should be 201" library="test_keywords_users" sourcename="Then the response status code should be ${status_code}">
<kw name="Should Be Equal As Numbers" library="BuiltIn">
<arg>${response.status_code}</arg>
<arg>${status_code}</arg>
<doc>Fails if objects are unequal after converting them to real numbers.</doc>
<msg timestamp="20230530 01:19:10.237" level="INFO">Argument types are:
&lt;class 'int'&gt;
&lt;class 'str'&gt;</msg>
<status status="PASS" starttime="20230530 01:19:10.236" endtime="20230530 01:19:10.237"/>
</kw>
<kw name="Should Be True" library="BuiltIn">
<arg>${response.json()}</arg>
<doc>Fails if the given condition is not true.</doc>
<status status="PASS" starttime="20230530 01:19:10.237" endtime="20230530 01:19:10.238"/>
</kw>
<status status="PASS" starttime="20230530 01:19:10.236" endtime="20230530 01:19:10.238"/>
</kw>
<kw name="And the response body should not be empty" library="test_keywords_users">
<kw name="Should Not Be Empty" library="BuiltIn">
<arg>${response.json()}</arg>
<doc>Verifies that the given item is not empty.</doc>
<msg timestamp="20230530 01:19:10.239" level="INFO">Length is 2</msg>
<status status="PASS" starttime="20230530 01:19:10.238" endtime="20230530 01:19:10.239"/>
</kw>
<status status="PASS" starttime="20230530 01:19:10.238" endtime="20230530 01:19:10.239"/>
</kw>
<tag>api</tag>
<status status="PASS" starttime="20230530 01:19:08.676" endtime="20230530 01:19:10.240"/>
</test>
<test id="s1-s1-s1-t3" name="Scenario: Get a specific user informations" line="22">
<kw name="Before Tests" library="test_keywords_common" type="SETUP">
<kw name="Create Session" library="RequestsLibrary">
<arg>serverest</arg>
<arg>${SERVER_BASE_URL}</arg>
<arg>disable_warnings=True</arg>
<doc>Create Session: create a HTTP session to a server</doc>
<msg timestamp="20230530 01:19:10.241" level="INFO">Creating Session using : alias=serverest, url=https://serverest.dev, headers={},                     cookies={}, auth=None, timeout=None, proxies=None, verify=False,                     debug=0 </msg>
<status status="PASS" starttime="20230530 01:19:10.241" endtime="20230530 01:19:10.242"/>
</kw>
<status status="PASS" starttime="20230530 01:19:10.241" endtime="20230530 01:19:10.242"/>
</kw>
<kw name="When I request the created user" library="test_keywords_users">
<kw name="GET On Session" library="RequestsLibrary">
<var>${response}</var>
<arg>serverest</arg>
<arg>${USERS_API_ENDPOINT}/${USER_ID}</arg>
<doc>Sends a GET request on a previously created HTTP Session.</doc>
<msg timestamp="20230530 01:19:10.326" level="INFO">GET Request : url=https://serverest.dev/usuarios/DifXe53CMWtrHyqX 
 path_url=/usuarios/DifXe53CMWtrHyqX 
 headers={'User-Agent': 'python-requests/2.31.0', 'Accept-Encoding': 'gzip, deflate', 'Accept': '*/*', 'Connection': 'keep-alive'} 
 body=None 
 </msg>
<msg timestamp="20230530 01:19:10.326" level="INFO">GET Response : url=https://serverest.dev/usuarios/DifXe53CMWtrHyqX 
 status=200, reason=OK 
 headers={'access-control-allow-origin': '*', 'x-dns-prefetch-control': 'off', 'x-frame-options': 'SAMEORIGIN', 'strict-transport-security': 'max-age=15552000; includeSubDomains', 'x-download-options': 'noopen', 'x-content-type-options': 'nosniff', 'x-xss-protection': '1; mode=block', 'x-moesif-transaction-id': '26cd64ed-782c-4a9a-baa4-0f8112598fed', 'content-type': 'application/json; charset=utf-8', 'X-Cloud-Trace-Context': 'e8bc6f3abd4c3e28b4126694de1135fe', 'Date': 'Tue, 30 May 2023 01:19:10 GMT', 'Server': 'Google Frontend', 'Content-Length': '159'} 
 body={
    "nome": "Sherry Booth",
    "email": "david90@example.org",
    "password": "4kZzIRmYeY9P",
    "administrador": "false",
    "_id": "DifXe53CMWtrHyqX"
} 
 </msg>
<msg timestamp="20230530 01:19:10.326" level="INFO">${response} = &lt;Response [200]&gt;</msg>
<status status="PASS" starttime="20230530 01:19:10.242" endtime="20230530 01:19:10.326"/>
</kw>
<kw name="Set Test Variable" library="BuiltIn">
<arg>${response}</arg>
<doc>Makes a variable available everywhere within the scope of the current test.</doc>
<msg timestamp="20230530 01:19:10.327" level="INFO">${response} = &lt;Response [200]&gt;</msg>
<status status="PASS" starttime="20230530 01:19:10.326" endtime="20230530 01:19:10.327"/>
</kw>
<status status="PASS" starttime="20230530 01:19:10.242" endtime="20230530 01:19:10.327"/>
</kw>
<kw name="Then the response status code should be 200" library="test_keywords_users" sourcename="Then the response status code should be ${status_code}">
<kw name="Should Be Equal As Numbers" library="BuiltIn">
<arg>${response.status_code}</arg>
<arg>${status_code}</arg>
<doc>Fails if objects are unequal after converting them to real numbers.</doc>
<msg timestamp="20230530 01:19:10.328" level="INFO">Argument types are:
&lt;class 'int'&gt;
&lt;class 'str'&gt;</msg>
<status status="PASS" starttime="20230530 01:19:10.327" endtime="20230530 01:19:10.328"/>
</kw>
<kw name="Should Be True" library="BuiltIn">
<arg>${response.json()}</arg>
<doc>Fails if the given condition is not true.</doc>
<status status="PASS" starttime="20230530 01:19:10.328" endtime="20230530 01:19:10.329"/>
</kw>
<status status="PASS" starttime="20230530 01:19:10.327" endtime="20230530 01:19:10.329"/>
</kw>
<kw name="And the response body should not be empty" library="test_keywords_users">
<kw name="Should Not Be Empty" library="BuiltIn">
<arg>${response.json()}</arg>
<doc>Verifies that the given item is not empty.</doc>
<msg timestamp="20230530 01:19:10.330" level="INFO">Length is 5</msg>
<status status="PASS" starttime="20230530 01:19:10.329" endtime="20230530 01:19:10.330"/>
</kw>
<status status="PASS" starttime="20230530 01:19:10.329" endtime="20230530 01:19:10.330"/>
</kw>
<tag>api</tag>
<status status="PASS" starttime="20230530 01:19:10.240" endtime="20230530 01:19:10.330"/>
</test>
<test id="s1-s1-s1-t4" name="Scenario: Update the created user" line="28">
<kw name="Before Tests" library="test_keywords_common" type="SETUP">
<kw name="Create Session" library="RequestsLibrary">
<arg>serverest</arg>
<arg>${SERVER_BASE_URL}</arg>
<arg>disable_warnings=True</arg>
<doc>Create Session: create a HTTP session to a server</doc>
<msg timestamp="20230530 01:19:10.332" level="INFO">Creating Session using : alias=serverest, url=https://serverest.dev, headers={},                     cookies={}, auth=None, timeout=None, proxies=None, verify=False,                     debug=0 </msg>
<status status="PASS" starttime="20230530 01:19:10.332" endtime="20230530 01:19:10.333"/>
</kw>
<status status="PASS" starttime="20230530 01:19:10.332" endtime="20230530 01:19:10.333"/>
</kw>
<kw name="When I update the created user" library="test_keywords_users">
<kw name="Create Dictionary" library="BuiltIn">
<var>${payload}</var>
<arg>nome=John Smith</arg>
<arg>email=john.smith@example.com</arg>
<arg>password=P@ssw0rd123</arg>
<arg>administrador=false</arg>
<doc>Creates and returns a dictionary based on the given ``items``.</doc>
<msg timestamp="20230530 01:19:10.333" level="INFO">${payload} = {'nome': 'John Smith', 'email': 'john.smith@example.com', 'password': 'P@ssw0rd123', 'administrador': 'false'}</msg>
<status status="PASS" starttime="20230530 01:19:10.333" endtime="20230530 01:19:10.333"/>
</kw>
<kw name="Create Dictionary" library="BuiltIn">
<var>${headers}</var>
<arg>Content-Type=application/json</arg>
<doc>Creates and returns a dictionary based on the given ``items``.</doc>
<msg timestamp="20230530 01:19:10.334" level="INFO">${headers} = {'Content-Type': 'application/json'}</msg>
<status status="PASS" starttime="20230530 01:19:10.334" endtime="20230530 01:19:10.334"/>
</kw>
<kw name="PUT On Session" library="RequestsLibrary">
<var>${response}</var>
<arg>serverest</arg>
<arg>${USERS_API_ENDPOINT}/${USER_ID}</arg>
<arg>json=${payload}</arg>
<arg>headers=${headers}</arg>
<doc>Sends a PUT request on a previously created HTTP Session.</doc>
<msg timestamp="20230530 01:19:10.415" level="INFO">PUT Request : url=https://serverest.dev/usuarios/DifXe53CMWtrHyqX 
 path_url=/usuarios/DifXe53CMWtrHyqX 
 headers={'User-Agent': 'python-requests/2.31.0', 'Accept-Encoding': 'gzip, deflate', 'Accept': '*/*', 'Connection': 'keep-alive', 'Content-Type': 'application/json', 'Content-Length': '110'} 
 body=b'{"nome": "John Smith", "email": "john.smith@example.com", "password": "P@ssw0rd123", "administrador": "false"}' 
 </msg>
<msg timestamp="20230530 01:19:10.415" level="INFO">PUT Response : url=https://serverest.dev/usuarios/DifXe53CMWtrHyqX 
 status=200, reason=OK 
 headers={'access-control-allow-origin': '*', 'x-dns-prefetch-control': 'off', 'x-frame-options': 'SAMEORIGIN', 'strict-transport-security': 'max-age=15552000; includeSubDomains', 'x-download-options': 'noopen', 'x-content-type-options': 'nosniff', 'x-xss-protection': '1; mode=block', 'x-moesif-transaction-id': '737fa04f-b18d-4bc5-aebc-2a0464a35b2d', 'content-type': 'application/json; charset=utf-8', 'X-Cloud-Trace-Context': '38b26e55b89d705b87d801a9d83568ca', 'Date': 'Tue, 30 May 2023 01:19:10 GMT', 'Server': 'Google Frontend', 'Content-Length': '50'} 
 body={
    "message": "Registro alterado com sucesso"
} 
 </msg>
<msg timestamp="20230530 01:19:10.415" level="INFO">${response} = &lt;Response [200]&gt;</msg>
<status status="PASS" starttime="20230530 01:19:10.334" endtime="20230530 01:19:10.415"/>
</kw>
<kw name="Set Test Variable" library="BuiltIn">
<arg>${response}</arg>
<doc>Makes a variable available everywhere within the scope of the current test.</doc>
<msg timestamp="20230530 01:19:10.416" level="INFO">${response} = &lt;Response [200]&gt;</msg>
<status status="PASS" starttime="20230530 01:19:10.416" endtime="20230530 01:19:10.416"/>
</kw>
<status status="PASS" starttime="20230530 01:19:10.333" endtime="20230530 01:19:10.416"/>
</kw>
<kw name="Then the response status code should be 200" library="test_keywords_users" sourcename="Then the response status code should be ${status_code}">
<kw name="Should Be Equal As Numbers" library="BuiltIn">
<arg>${response.status_code}</arg>
<arg>${status_code}</arg>
<doc>Fails if objects are unequal after converting them to real numbers.</doc>
<msg timestamp="20230530 01:19:10.417" level="INFO">Argument types are:
&lt;class 'int'&gt;
&lt;class 'str'&gt;</msg>
<status status="PASS" starttime="20230530 01:19:10.416" endtime="20230530 01:19:10.417"/>
</kw>
<kw name="Should Be True" library="BuiltIn">
<arg>${response.json()}</arg>
<doc>Fails if the given condition is not true.</doc>
<status status="PASS" starttime="20230530 01:19:10.417" endtime="20230530 01:19:10.418"/>
</kw>
<status status="PASS" starttime="20230530 01:19:10.416" endtime="20230530 01:19:10.418"/>
</kw>
<kw name="And the response body should not be empty" library="test_keywords_users">
<kw name="Should Not Be Empty" library="BuiltIn">
<arg>${response.json()}</arg>
<doc>Verifies that the given item is not empty.</doc>
<msg timestamp="20230530 01:19:10.419" level="INFO">Length is 1</msg>
<status status="PASS" starttime="20230530 01:19:10.419" endtime="20230530 01:19:10.419"/>
</kw>
<status status="PASS" starttime="20230530 01:19:10.418" endtime="20230530 01:19:10.420"/>
</kw>
<tag>api</tag>
<status status="PASS" starttime="20230530 01:19:10.331" endtime="20230530 01:19:10.420"/>
</test>
<test id="s1-s1-s1-t5" name="Scenario: Delete the created user" line="34">
<kw name="Before Tests" library="test_keywords_common" type="SETUP">
<kw name="Create Session" library="RequestsLibrary">
<arg>serverest</arg>
<arg>${SERVER_BASE_URL}</arg>
<arg>disable_warnings=True</arg>
<doc>Create Session: create a HTTP session to a server</doc>
<msg timestamp="20230530 01:19:10.422" level="INFO">Creating Session using : alias=serverest, url=https://serverest.dev, headers={},                     cookies={}, auth=None, timeout=None, proxies=None, verify=False,                     debug=0 </msg>
<status status="PASS" starttime="20230530 01:19:10.421" endtime="20230530 01:19:10.422"/>
</kw>
<status status="PASS" starttime="20230530 01:19:10.421" endtime="20230530 01:19:10.422"/>
</kw>
<kw name="When I delete the created user" library="test_keywords_users">
<kw name="DELETE On Session" library="RequestsLibrary">
<var>${response}</var>
<arg>serverest</arg>
<arg>${USERS_API_ENDPOINT}/${USER_ID}</arg>
<doc>Sends a DELETE request on a previously created HTTP Session.</doc>
<msg timestamp="20230530 01:19:10.507" level="INFO">DELETE Request : url=https://serverest.dev/usuarios/DifXe53CMWtrHyqX 
 path_url=/usuarios/DifXe53CMWtrHyqX 
 headers={'User-Agent': 'python-requests/2.31.0', 'Accept-Encoding': 'gzip, deflate', 'Accept': '*/*', 'Connection': 'keep-alive', 'Content-Length': '0'} 
 body=None 
 </msg>
<msg timestamp="20230530 01:19:10.507" level="INFO">DELETE Response : url=https://serverest.dev/usuarios/DifXe53CMWtrHyqX 
 status=200, reason=OK 
 headers={'access-control-allow-origin': '*', 'x-dns-prefetch-control': 'off', 'x-frame-options': 'SAMEORIGIN', 'strict-transport-security': 'max-age=15552000; includeSubDomains', 'x-download-options': 'noopen', 'x-content-type-options': 'nosniff', 'x-xss-protection': '1; mode=block', 'x-moesif-transaction-id': '892c6001-02e0-43d7-8800-cd95706d63f9', 'content-type': 'application/json; charset=utf-8', 'X-Cloud-Trace-Context': '3451b6da256b10ec0fa2473e9cd0f1a3', 'Date': 'Tue, 30 May 2023 01:19:10 GMT', 'Server': 'Google Frontend', 'Content-Length': '51'} 
 body={
    "message": "Registro excluído com sucesso"
} 
 </msg>
<msg timestamp="20230530 01:19:10.507" level="INFO">${response} = &lt;Response [200]&gt;</msg>
<status status="PASS" starttime="20230530 01:19:10.422" endtime="20230530 01:19:10.507"/>
</kw>
<kw name="Set Test Variable" library="BuiltIn">
<arg>${response}</arg>
<doc>Makes a variable available everywhere within the scope of the current test.</doc>
<msg timestamp="20230530 01:19:10.507" level="INFO">${response} = &lt;Response [200]&gt;</msg>
<status status="PASS" starttime="20230530 01:19:10.507" endtime="20230530 01:19:10.507"/>
</kw>
<status status="PASS" starttime="20230530 01:19:10.422" endtime="20230530 01:19:10.508"/>
</kw>
<kw name="Then the response status code should be 200" library="test_keywords_users" sourcename="Then the response status code should be ${status_code}">
<kw name="Should Be Equal As Numbers" library="BuiltIn">
<arg>${response.status_code}</arg>
<arg>${status_code}</arg>
<doc>Fails if objects are unequal after converting them to real numbers.</doc>
<msg timestamp="20230530 01:19:10.509" level="INFO">Argument types are:
&lt;class 'int'&gt;
&lt;class 'str'&gt;</msg>
<status status="PASS" starttime="20230530 01:19:10.508" endtime="20230530 01:19:10.509"/>
</kw>
<kw name="Should Be True" library="BuiltIn">
<arg>${response.json()}</arg>
<doc>Fails if the given condition is not true.</doc>
<status status="PASS" starttime="20230530 01:19:10.509" endtime="20230530 01:19:10.510"/>
</kw>
<status status="PASS" starttime="20230530 01:19:10.508" endtime="20230530 01:19:10.510"/>
</kw>
<kw name="And the response body should not be empty" library="test_keywords_users">
<kw name="Should Not Be Empty" library="BuiltIn">
<arg>${response.json()}</arg>
<doc>Verifies that the given item is not empty.</doc>
<msg timestamp="20230530 01:19:10.511" level="INFO">Length is 1</msg>
<status status="PASS" starttime="20230530 01:19:10.510" endtime="20230530 01:19:10.511"/>
</kw>
<status status="PASS" starttime="20230530 01:19:10.510" endtime="20230530 01:19:10.511"/>
</kw>
<tag>api</tag>
<status status="PASS" starttime="20230530 01:19:10.421" endtime="20230530 01:19:10.511"/>
</test>
<status status="FAIL" starttime="20230530 01:18:57.827" endtime="20230530 01:19:10.512"/>
</suite>
<status status="FAIL" starttime="20230530 01:18:57.825" endtime="20230530 01:19:10.514"/>
</suite>
<suite id="s1-s2" name="Ui" source="/home/runner/work/gen-ai-robot-test/gen-ai-robot-test/tests/ui">
<suite id="s1-s2-s1" name="Test Ui Signup" source="/home/runner/work/gen-ai-robot-test/gen-ai-robot-test/tests/ui/test_ui_signup.robot">
<test id="s1-s2-s1-t1" name="Scenario: Signup with empty fields" line="10">
<kw name="Before Tests" library="test_keywords_common" type="SETUP">
<kw name="Open Browser" library="SeleniumLibrary">
<arg>${SERVER_BASE_URL}</arg>
<arg>${HEADLESS} ${BROWSER}</arg>
<doc>Opens a new browser instance to the optional ``url``.</doc>
<msg timestamp="20230530 01:19:10.525" level="INFO">Opening browser 'headless Chrome' to base url 'https://front.serverest.dev/'.</msg>
<status status="PASS" starttime="20230530 01:19:10.524" endtime="20230530 01:19:27.430"/>
</kw>
<kw name="Maximize Browser Window" library="SeleniumLibrary">
<doc>Maximizes current browser window.</doc>
<status status="PASS" starttime="20230530 01:19:27.431" endtime="20230530 01:19:27.599"/>
</kw>
<status status="PASS" starttime="20230530 01:19:10.524" endtime="20230530 01:19:27.600"/>
</kw>
<kw name="Given Im on the signup page" library="test_keywords_signup">
<kw name="Location Should Be" library="SeleniumLibrary">
<arg>https://front.serverest.dev/login</arg>
<doc>Verifies that the current URL is exactly ``url``.</doc>
<msg timestamp="20230530 01:19:27.605" level="INFO">Current location is 'https://front.serverest.dev/login'.</msg>
<status status="PASS" starttime="20230530 01:19:27.600" endtime="20230530 01:19:27.605"/>
</kw>
<kw name="Click Element" library="SeleniumLibrary">
<arg>css=a.btn.btn-link</arg>
<doc>Click the element identified by ``locator``.</doc>
<msg timestamp="20230530 01:19:27.606" level="INFO">Clicking element 'css=a.btn.btn-link'.</msg>
<status status="PASS" starttime="20230530 01:19:27.606" endtime="20230530 01:19:27.943"/>
</kw>
<status status="PASS" starttime="20230530 01:19:27.600" endtime="20230530 01:19:27.943"/>
</kw>
<kw name="When I click in signup" library="test_keywords_signup">
<kw name="Click Button" library="SeleniumLibrary">
<arg>css=.btn.btn-primary</arg>
<doc>Clicks the button identified by ``locator``.</doc>
<msg timestamp="20230530 01:19:27.944" level="INFO">Clicking button 'css=.btn.btn-primary'.</msg>
<status status="PASS" starttime="20230530 01:19:27.944" endtime="20230530 01:19:28.107"/>
</kw>
<status status="PASS" starttime="20230530 01:19:27.943" endtime="20230530 01:19:28.108"/>
</kw>
<kw name="Then required field messages should be displayed" library="test_keywords_signup">
<kw name="Wait Until Element Is Visible" library="SeleniumLibrary">
<arg>css=.alert-dismissible</arg>
<arg>timeout=10s</arg>
<doc>Waits until the element ``locator`` is visible.</doc>
<status status="PASS" starttime="20230530 01:19:28.108" endtime="20230530 01:19:28.343"/>
</kw>
<kw name="Element Should Be Visible" library="SeleniumLibrary">
<arg>css=.alert-dismissible</arg>
<doc>Verifies that the element identified by ``locator`` is visible.</doc>
<msg timestamp="20230530 01:19:28.365" level="INFO">Element 'css=.alert-dismissible' is displayed.</msg>
<status status="PASS" starttime="20230530 01:19:28.344" endtime="20230530 01:19:28.366"/>
</kw>
<kw name="Page Should Contain" library="SeleniumLibrary">
<arg>Nome é obrigatório</arg>
<doc>Verifies that current page contains ``text``.</doc>
<msg timestamp="20230530 01:19:28.434" level="INFO">Current page contains text 'Nome é obrigatório'.</msg>
<status status="PASS" starttime="20230530 01:19:28.366" endtime="20230530 01:19:28.434"/>
</kw>
<kw name="Page Should Contain" library="SeleniumLibrary">
<arg>Email é obrigatório</arg>
<doc>Verifies that current page contains ``text``.</doc>
<msg timestamp="20230530 01:19:28.452" level="INFO">Current page contains text 'Email é obrigatório'.</msg>
<status status="PASS" starttime="20230530 01:19:28.434" endtime="20230530 01:19:28.452"/>
</kw>
<kw name="Page Should Contain" library="SeleniumLibrary">
<arg>Password é obrigatório</arg>
<doc>Verifies that current page contains ``text``.</doc>
<msg timestamp="20230530 01:19:28.466" level="INFO">Current page contains text 'Password é obrigatório'.</msg>
<status status="PASS" starttime="20230530 01:19:28.453" endtime="20230530 01:19:28.466"/>
</kw>
<status status="PASS" starttime="20230530 01:19:28.108" endtime="20230530 01:19:28.466"/>
</kw>
<kw name="After Tests" library="test_keywords_common" type="TEARDOWN">
<kw name="Close Browser" library="SeleniumLibrary">
<doc>Closes the current browser.</doc>
<status status="PASS" starttime="20230530 01:19:28.467" endtime="20230530 01:19:28.524"/>
</kw>
<status status="PASS" starttime="20230530 01:19:28.466" endtime="20230530 01:19:28.524"/>
</kw>
<tag>ui</tag>
<status status="PASS" starttime="20230530 01:19:10.524" endtime="20230530 01:19:28.524"/>
</test>
<test id="s1-s2-s1-t2" name="Scenario: Signup done successfully" line="16">
<kw name="Before Tests" library="test_keywords_common" type="SETUP">
<kw name="Open Browser" library="SeleniumLibrary">
<arg>${SERVER_BASE_URL}</arg>
<arg>${HEADLESS} ${BROWSER}</arg>
<doc>Opens a new browser instance to the optional ``url``.</doc>
<msg timestamp="20230530 01:19:28.527" level="INFO">Opening browser 'headless Chrome' to base url 'https://front.serverest.dev/'.</msg>
<status status="PASS" starttime="20230530 01:19:28.527" endtime="20230530 01:19:29.843"/>
</kw>
<kw name="Maximize Browser Window" library="SeleniumLibrary">
<doc>Maximizes current browser window.</doc>
<status status="PASS" starttime="20230530 01:19:29.843" endtime="20230530 01:19:29.965"/>
</kw>
<status status="PASS" starttime="20230530 01:19:28.526" endtime="20230530 01:19:29.965"/>
</kw>
<kw name="Given Im on the signup page" library="test_keywords_signup">
<kw name="Location Should Be" library="SeleniumLibrary">
<arg>https://front.serverest.dev/login</arg>
<doc>Verifies that the current URL is exactly ``url``.</doc>
<msg timestamp="20230530 01:19:29.971" level="INFO">Current location is 'https://front.serverest.dev/login'.</msg>
<status status="PASS" starttime="20230530 01:19:29.966" endtime="20230530 01:19:29.972"/>
</kw>
<kw name="Click Element" library="SeleniumLibrary">
<arg>css=a.btn.btn-link</arg>
<doc>Click the element identified by ``locator``.</doc>
<msg timestamp="20230530 01:19:29.972" level="INFO">Clicking element 'css=a.btn.btn-link'.</msg>
<status status="PASS" starttime="20230530 01:19:29.972" endtime="20230530 01:19:30.025"/>
</kw>
<status status="PASS" starttime="20230530 01:19:29.965" endtime="20230530 01:19:30.025"/>
</kw>
<kw name="And I fill in the signup fields with valid data" library="test_keywords_signup">
<kw name="Name" library="FakerLibrary">
<var>${name}</var>
<doc>:example 'John Doe'</doc>
<msg timestamp="20230530 01:19:30.027" level="INFO">${name} = Adrian Vincent</msg>
<status status="PASS" starttime="20230530 01:19:30.026" endtime="20230530 01:19:30.027"/>
</kw>
<kw name="Email" library="FakerLibrary">
<var>${email}</var>
<msg timestamp="20230530 01:19:30.027" level="INFO">${email} = sharonhuffman@example.org</msg>
<status status="PASS" starttime="20230530 01:19:30.027" endtime="20230530 01:19:30.028"/>
</kw>
<kw name="Password" library="FakerLibrary">
<var>${password}</var>
<arg>length=12</arg>
<arg>special_chars=False</arg>
<doc>Generate a random password of the specified ``length``.</doc>
<msg timestamp="20230530 01:19:30.028" level="INFO">${password} = PS8NJX8peaw9</msg>
<status status="PASS" starttime="20230530 01:19:30.028" endtime="20230530 01:19:30.028"/>
</kw>
<kw name="Input Text" library="SeleniumLibrary">
<arg>id:nome</arg>
<arg>${name}</arg>
<doc>Types the given ``text`` into the text field identified by ``locator``.</doc>
<msg timestamp="20230530 01:19:30.029" level="INFO">Typing text 'Adrian Vincent' into text field 'id:nome'.</msg>
<status status="PASS" starttime="20230530 01:19:30.028" endtime="20230530 01:19:30.211"/>
</kw>
<kw name="Input Text" library="SeleniumLibrary">
<arg>id:email</arg>
<arg>${email}</arg>
<doc>Types the given ``text`` into the text field identified by ``locator``.</doc>
<msg timestamp="20230530 01:19:30.212" level="INFO">Typing text 'sharonhuffman@example.org' into text field 'id:email'.</msg>
<status status="PASS" starttime="20230530 01:19:30.212" endtime="20230530 01:19:30.437"/>
</kw>
<kw name="Input Text" library="SeleniumLibrary">
<arg>id:password</arg>
<arg>${password}</arg>
<doc>Types the given ``text`` into the text field identified by ``locator``.</doc>
<msg timestamp="20230530 01:19:30.438" level="INFO">Typing text 'PS8NJX8peaw9' into text field 'id:password'.</msg>
<status status="PASS" starttime="20230530 01:19:30.437" endtime="20230530 01:19:30.557"/>
</kw>
<kw name="Select Checkbox" library="SeleniumLibrary">
<arg>id=administrador</arg>
<doc>Selects the checkbox identified by ``locator``.</doc>
<msg timestamp="20230530 01:19:30.558" level="INFO">Selecting checkbox 'id=administrador'.</msg>
<status status="PASS" starttime="20230530 01:19:30.558" endtime="20230530 01:19:30.652"/>
</kw>
<kw name="Set Suite Variable" library="BuiltIn">
<arg>${name}</arg>
<doc>Makes a variable available everywhere within the scope of the current suite.</doc>
<msg timestamp="20230530 01:19:30.653" level="INFO">${name} = Adrian Vincent</msg>
<status status="PASS" starttime="20230530 01:19:30.653" endtime="20230530 01:19:30.653"/>
</kw>
<kw name="Set Suite Variable" library="BuiltIn">
<arg>${email}</arg>
<doc>Makes a variable available everywhere within the scope of the current suite.</doc>
<msg timestamp="20230530 01:19:30.653" level="INFO">${email} = sharonhuffman@example.org</msg>
<status status="PASS" starttime="20230530 01:19:30.653" endtime="20230530 01:19:30.653"/>
</kw>
<kw name="Set Suite Variable" library="BuiltIn">
<arg>${password}</arg>
<doc>Makes a variable available everywhere within the scope of the current suite.</doc>
<msg timestamp="20230530 01:19:30.654" level="INFO">${password} = PS8NJX8peaw9</msg>
<status status="PASS" starttime="20230530 01:19:30.654" endtime="20230530 01:19:30.654"/>
</kw>
<status status="PASS" starttime="20230530 01:19:30.026" endtime="20230530 01:19:30.654"/>
</kw>
<kw name="When I click in signup" library="test_keywords_signup">
<kw name="Click Button" library="SeleniumLibrary">
<arg>css=.btn.btn-primary</arg>
<doc>Clicks the button identified by ``locator``.</doc>
<msg timestamp="20230530 01:19:30.655" level="INFO">Clicking button 'css=.btn.btn-primary'.</msg>
<status status="PASS" starttime="20230530 01:19:30.654" endtime="20230530 01:19:30.715"/>
</kw>
<status status="PASS" starttime="20230530 01:19:30.654" endtime="20230530 01:19:30.715"/>
</kw>
<kw name="Then the page should contain the text &quot;Cadastro realizado com sucesso&quot;" library="test_keywords_signup" sourcename="Then the page should contain the text &quot;${expected_text}&quot;">
<kw name="Wait Until Element Is Visible" library="SeleniumLibrary">
<arg>css=.alert-dismissible</arg>
<arg>timeout=10s</arg>
<doc>Waits until the element ``locator`` is visible.</doc>
<status status="PASS" starttime="20230530 01:19:30.715" endtime="20230530 01:19:30.950"/>
</kw>
<kw name="Element Should Be Visible" library="SeleniumLibrary">
<arg>css=.alert-dismissible</arg>
<doc>Verifies that the element identified by ``locator`` is visible.</doc>
<msg timestamp="20230530 01:19:30.968" level="INFO">Element 'css=.alert-dismissible' is displayed.</msg>
<status status="PASS" starttime="20230530 01:19:30.950" endtime="20230530 01:19:30.968"/>
</kw>
<kw name="Page Should Contain" library="SeleniumLibrary">
<arg>${expected_text}</arg>
<doc>Verifies that current page contains ``text``.</doc>
<msg timestamp="20230530 01:19:30.980" level="INFO">Current page contains text 'Cadastro realizado com sucesso'.</msg>
<status status="PASS" starttime="20230530 01:19:30.968" endtime="20230530 01:19:30.980"/>
</kw>
<status status="PASS" starttime="20230530 01:19:30.715" endtime="20230530 01:19:30.980"/>
</kw>
<kw name="After Tests" library="test_keywords_common" type="TEARDOWN">
<kw name="Close Browser" library="SeleniumLibrary">
<doc>Closes the current browser.</doc>
<status status="PASS" starttime="20230530 01:19:30.981" endtime="20230530 01:19:31.037"/>
</kw>
<status status="PASS" starttime="20230530 01:19:30.981" endtime="20230530 01:19:31.037"/>
</kw>
<tag>ui</tag>
<status status="PASS" starttime="20230530 01:19:28.526" endtime="20230530 01:19:31.037"/>
</test>
<test id="s1-s2-s1-t3" name="Scenario: Signup with already used email" line="23">
<kw name="Before Tests" library="test_keywords_common" type="SETUP">
<kw name="Open Browser" library="SeleniumLibrary">
<arg>${SERVER_BASE_URL}</arg>
<arg>${HEADLESS} ${BROWSER}</arg>
<doc>Opens a new browser instance to the optional ``url``.</doc>
<msg timestamp="20230530 01:19:31.040" level="INFO">Opening browser 'headless Chrome' to base url 'https://front.serverest.dev/'.</msg>
<status status="PASS" starttime="20230530 01:19:31.039" endtime="20230530 01:19:32.404"/>
</kw>
<kw name="Maximize Browser Window" library="SeleniumLibrary">
<doc>Maximizes current browser window.</doc>
<status status="PASS" starttime="20230530 01:19:32.404" endtime="20230530 01:19:32.522"/>
</kw>
<status status="PASS" starttime="20230530 01:19:31.039" endtime="20230530 01:19:32.522"/>
</kw>
<kw name="Given Im on the signup page" library="test_keywords_signup">
<kw name="Location Should Be" library="SeleniumLibrary">
<arg>https://front.serverest.dev/login</arg>
<doc>Verifies that the current URL is exactly ``url``.</doc>
<msg timestamp="20230530 01:19:32.528" level="INFO">Current location is 'https://front.serverest.dev/login'.</msg>
<status status="PASS" starttime="20230530 01:19:32.523" endtime="20230530 01:19:32.528"/>
</kw>
<kw name="Click Element" library="SeleniumLibrary">
<arg>css=a.btn.btn-link</arg>
<doc>Click the element identified by ``locator``.</doc>
<msg timestamp="20230530 01:19:32.529" level="INFO">Clicking element 'css=a.btn.btn-link'.</msg>
<status status="PASS" starttime="20230530 01:19:32.529" endtime="20230530 01:19:32.582"/>
</kw>
<status status="PASS" starttime="20230530 01:19:32.522" endtime="20230530 01:19:32.582"/>
</kw>
<kw name="And I fill in the signup fields with an email already registered" library="test_keywords_signup">
<kw name="Input Text" library="SeleniumLibrary">
<arg>id:nome</arg>
<arg>${name}</arg>
<doc>Types the given ``text`` into the text field identified by ``locator``.</doc>
<msg timestamp="20230530 01:19:32.583" level="INFO">Typing text 'Adrian Vincent' into text field 'id:nome'.</msg>
<status status="PASS" starttime="20230530 01:19:32.583" endtime="20230530 01:19:32.707"/>
</kw>
<kw name="Input Text" library="SeleniumLibrary">
<arg>id:email</arg>
<arg>${email}</arg>
<doc>Types the given ``text`` into the text field identified by ``locator``.</doc>
<msg timestamp="20230530 01:19:32.708" level="INFO">Typing text 'sharonhuffman@example.org' into text field 'id:email'.</msg>
<status status="PASS" starttime="20230530 01:19:32.707" endtime="20230530 01:19:32.814"/>
</kw>
<kw name="Input Text" library="SeleniumLibrary">
<arg>id:password</arg>
<arg>${password}</arg>
<doc>Types the given ``text`` into the text field identified by ``locator``.</doc>
<msg timestamp="20230530 01:19:32.815" level="INFO">Typing text 'PS8NJX8peaw9' into text field 'id:password'.</msg>
<status status="PASS" starttime="20230530 01:19:32.814" endtime="20230530 01:19:32.926"/>
</kw>
<kw name="Select Checkbox" library="SeleniumLibrary">
<arg>id=administrador</arg>
<doc>Selects the checkbox identified by ``locator``.</doc>
<msg timestamp="20230530 01:19:32.927" level="INFO">Selecting checkbox 'id=administrador'.</msg>
<status status="PASS" starttime="20230530 01:19:32.926" endtime="20230530 01:19:33.002"/>
</kw>
<status status="PASS" starttime="20230530 01:19:32.582" endtime="20230530 01:19:33.002"/>
</kw>
<kw name="When I click in signup" library="test_keywords_signup">
<kw name="Click Button" library="SeleniumLibrary">
<arg>css=.btn.btn-primary</arg>
<doc>Clicks the button identified by ``locator``.</doc>
<msg timestamp="20230530 01:19:33.003" level="INFO">Clicking button 'css=.btn.btn-primary'.</msg>
<status status="PASS" starttime="20230530 01:19:33.003" endtime="20230530 01:19:33.061"/>
</kw>
<status status="PASS" starttime="20230530 01:19:33.002" endtime="20230530 01:19:33.061"/>
</kw>
<kw name="Then the page should contain the text &quot;Este email já está sendo usado&quot;" library="test_keywords_signup" sourcename="Then the page should contain the text &quot;${expected_text}&quot;">
<kw name="Wait Until Element Is Visible" library="SeleniumLibrary">
<arg>css=.alert-dismissible</arg>
<arg>timeout=10s</arg>
<doc>Waits until the element ``locator`` is visible.</doc>
<status status="PASS" starttime="20230530 01:19:33.061" endtime="20230530 01:19:33.295"/>
</kw>
<kw name="Element Should Be Visible" library="SeleniumLibrary">
<arg>css=.alert-dismissible</arg>
<doc>Verifies that the element identified by ``locator`` is visible.</doc>
<msg timestamp="20230530 01:19:33.313" level="INFO">Element 'css=.alert-dismissible' is displayed.</msg>
<status status="PASS" starttime="20230530 01:19:33.295" endtime="20230530 01:19:33.313"/>
</kw>
<kw name="Page Should Contain" library="SeleniumLibrary">
<arg>${expected_text}</arg>
<doc>Verifies that current page contains ``text``.</doc>
<msg timestamp="20230530 01:19:33.326" level="INFO">Current page contains text 'Este email já está sendo usado'.</msg>
<status status="PASS" starttime="20230530 01:19:33.313" endtime="20230530 01:19:33.326"/>
</kw>
<status status="PASS" starttime="20230530 01:19:33.061" endtime="20230530 01:19:33.326"/>
</kw>
<kw name="After Tests" library="test_keywords_common" type="TEARDOWN">
<kw name="Close Browser" library="SeleniumLibrary">
<doc>Closes the current browser.</doc>
<status status="PASS" starttime="20230530 01:19:33.326" endtime="20230530 01:19:33.383"/>
</kw>
<status status="PASS" starttime="20230530 01:19:33.326" endtime="20230530 01:19:33.383"/>
</kw>
<tag>ui</tag>
<status status="PASS" starttime="20230530 01:19:31.038" endtime="20230530 01:19:33.383"/>
</test>
<status status="PASS" starttime="20230530 01:19:10.517" endtime="20230530 01:19:33.384"/>
</suite>
<status status="PASS" starttime="20230530 01:19:10.515" endtime="20230530 01:19:33.386"/>
</suite>
<status status="FAIL" starttime="20230530 01:18:57.807" endtime="20230530 01:19:33.387"/>
</suite>
<statistics>
<total>
<stat pass="7" fail="1" skip="0">All Tests</stat>
</total>
<tag>
<stat pass="4" fail="1" skip="0">api</stat>
<stat pass="3" fail="0" skip="0">ui</stat>
</tag>
<suite>
<stat pass="7" fail="1" skip="0" id="s1" name="Tests">Tests</stat>
<stat pass="4" fail="1" skip="0" id="s1-s1" name="Api">Tests.Api</stat>
<stat pass="4" fail="1" skip="0" id="s1-s1-s1" name="Test Api Users">Tests.Api.Test Api Users</stat>
<stat pass="3" fail="0" skip="0" id="s1-s2" name="Ui">Tests.Ui</stat>
<stat pass="3" fail="0" skip="0" id="s1-s2-s1" name="Test Ui Signup">Tests.Ui.Test Ui Signup</stat>
</suite>
</statistics>
<errors>
</errors>
</robot>
