<?xml version="1.0" encoding="UTF-8"?>
<robot generator="Robot 6.0.2 (Python 3.8.16 on linux)" generated="20230526 01:04:21.042" rpa="false" schemaversion="3">
<suite id="s1" name="Tests" source="/home/runner/work/gen-ai-robot-test/gen-ai-robot-test/tests">
<suite id="s1-s1" name="Api" source="/home/runner/work/gen-ai-robot-test/gen-ai-robot-test/tests/api">
<suite id="s1-s1-s1" name="Test Api Users" source="/home/runner/work/gen-ai-robot-test/gen-ai-robot-test/tests/api/test_api_users.robot">
<test id="s1-s1-s1-t1" name="Scenario: Get all registered users" line="9">
<kw name="Before Tests" library="test_keywords_common" type="SETUP">
<kw name="Create Session" library="RequestsLibrary">
<arg>serverest</arg>
<arg>${SERVER_BASE_URL}</arg>
<arg>disable_warnings=True</arg>
<doc>Create Session: create a HTTP session to a server</doc>
<msg timestamp="20230526 01:04:21.740" level="INFO">Creating Session using : alias=serverest, url=https://serverest.dev, headers={},                     cookies={}, auth=None, timeout=None, proxies=None, verify=False,                     debug=0 </msg>
<status status="PASS" starttime="20230526 01:04:21.739" endtime="20230526 01:04:21.740"/>
</kw>
<status status="PASS" starttime="20230526 01:04:21.739" endtime="20230526 01:04:21.740"/>
</kw>
<kw name="When I request the list of all registered users" library="test_keywords_users">
<kw name="GET On Session" library="RequestsLibrary">
<var>${response}</var>
<arg>serverest</arg>
<arg>${USERS_API_ENDPOINT}</arg>
<doc>Sends a GET request on a previously created HTTP Session.</doc>
<msg timestamp="20230526 01:04:21.890" level="INFO">GET Request : url=https://serverest.dev/usuarios 
 path_url=/usuarios 
 headers={'User-Agent': 'python-requests/2.31.0', 'Accept-Encoding': 'gzip, deflate', 'Accept': '*/*', 'Connection': 'keep-alive'} 
 body=None 
 </msg>
<msg timestamp="20230526 01:04:21.891" level="INFO">GET Response : url=https://serverest.dev/usuarios 
 status=200, reason=OK 
 headers={'access-control-allow-origin': '*', 'x-dns-prefetch-control': 'off', 'x-frame-options': 'SAMEORIGIN', 'strict-transport-security': 'max-age=15552000; includeSubDomains', 'x-download-options': 'noopen', 'x-content-type-options': 'nosniff', 'x-xss-protection': '1; mode=block', 'x-moesif-transaction-id': '06d57d20-0015-4d5b-a5fc-0d12e920d849', 'content-type': 'application/json; charset=utf-8', 'X-Cloud-Trace-Context': '03a3492cca789a777844618d5b6e3223;o=1', 'Date': 'Fri, 26 May 2023 01:04:21 GMT', 'Server': 'Google Frontend', 'Content-Length': '909'} 
 body={
    "quantidade": 4,
    "usuarios": [
        {
            "nome": "Fulano da Silva",
            "email": "fulano@qa.com",
            "password": "teste",
            "administrador": "true",
            "_id": "0uxuPY0cbmQhpEz1"
        },
        {
            "nome": "{{nome}}",
            "email": "Celia@qa.com.br",
            "password": "wWgqGdPsAwzUtOe",
            "administrador": "true",
            "_id": "9iFUVKSGHO6uKVFF"
        },
        {
            "nome": "Salvador Stoltenberg",
            "email": "Cristal_Anderson-Marquardt94@gmail.com",
            "password": "teste",
            "administrador": "false",
            "_id": "hS9rWfDT9f4JPdbh"
        },
        {
            "nome": "Lula Stracke",
            "email": "Vella96@gmail.com",
            "password": "teste",
            "administrador": "false",
            "_id": "yqbOGhOmhNaGlAx9"
        }
    ]
} 
 </msg>
<msg timestamp="20230526 01:04:21.891" level="INFO">${response} = &lt;Response [200]&gt;</msg>
<status status="PASS" starttime="20230526 01:04:21.741" endtime="20230526 01:04:21.891"/>
</kw>
<kw name="Set Test Variable" library="BuiltIn">
<arg>${response}</arg>
<doc>Makes a variable available everywhere within the scope of the current test.</doc>
<msg timestamp="20230526 01:04:21.892" level="INFO">${response} = &lt;Response [200]&gt;</msg>
<status status="PASS" starttime="20230526 01:04:21.891" endtime="20230526 01:04:21.892"/>
</kw>
<status status="PASS" starttime="20230526 01:04:21.741" endtime="20230526 01:04:21.892"/>
</kw>
<kw name="Then the response status code should be 200" library="test_keywords_users" sourcename="Then the response status code should be ${status_code}">
<kw name="Should Be Equal As Numbers" library="BuiltIn">
<arg>${response.status_code}</arg>
<arg>${status_code}</arg>
<doc>Fails if objects are unequal after converting them to real numbers.</doc>
<msg timestamp="20230526 01:04:21.893" level="INFO">Argument types are:
&lt;class 'int'&gt;
&lt;class 'str'&gt;</msg>
<status status="PASS" starttime="20230526 01:04:21.892" endtime="20230526 01:04:21.893"/>
</kw>
<kw name="Should Be True" library="BuiltIn">
<arg>${response.json()}</arg>
<doc>Fails if the given condition is not true.</doc>
<status status="PASS" starttime="20230526 01:04:21.893" endtime="20230526 01:04:21.894"/>
</kw>
<status status="PASS" starttime="20230526 01:04:21.892" endtime="20230526 01:04:21.894"/>
</kw>
<kw name="And the response body should not be empty" library="test_keywords_users">
<kw name="Should Not Be Empty" library="BuiltIn">
<arg>${response.json()}</arg>
<doc>Verifies that the given item is not empty.</doc>
<msg timestamp="20230526 01:04:21.896" level="INFO">Length is 2</msg>
<status status="PASS" starttime="20230526 01:04:21.895" endtime="20230526 01:04:21.896"/>
</kw>
<status status="PASS" starttime="20230526 01:04:21.894" endtime="20230526 01:04:21.896"/>
</kw>
<tag>api</tag>
<status status="PASS" starttime="20230526 01:04:21.738" endtime="20230526 01:04:21.896"/>
</test>
<test id="s1-s1-s1-t2" name="Scenario: Create a new user" line="15">
<kw name="Before Tests" library="test_keywords_common" type="SETUP">
<kw name="Create Session" library="RequestsLibrary">
<arg>serverest</arg>
<arg>${SERVER_BASE_URL}</arg>
<arg>disable_warnings=True</arg>
<doc>Create Session: create a HTTP session to a server</doc>
<msg timestamp="20230526 01:04:21.899" level="INFO">Creating Session using : alias=serverest, url=https://serverest.dev, headers={},                     cookies={}, auth=None, timeout=None, proxies=None, verify=False,                     debug=0 </msg>
<status status="PASS" starttime="20230526 01:04:21.898" endtime="20230526 01:04:21.899"/>
</kw>
<status status="PASS" starttime="20230526 01:04:21.898" endtime="20230526 01:04:21.899"/>
</kw>
<kw name="Given I have a valid user data" library="test_keywords_users">
<kw name="Name" library="FakerLibrary">
<var>${name}</var>
<doc>:example 'John Doe'</doc>
<msg timestamp="20230526 01:04:21.900" level="INFO">${name} = Anthony Winters</msg>
<status status="PASS" starttime="20230526 01:04:21.900" endtime="20230526 01:04:21.900"/>
</kw>
<kw name="Email" library="FakerLibrary">
<var>${email}</var>
<msg timestamp="20230526 01:04:21.901" level="INFO">${email} = josephjames@example.net</msg>
<status status="PASS" starttime="20230526 01:04:21.900" endtime="20230526 01:04:21.901"/>
</kw>
<kw name="Password" library="FakerLibrary">
<var>${password}</var>
<arg>length=12</arg>
<arg>special_chars=False</arg>
<doc>Generate a random password of the specified ``length``.</doc>
<msg timestamp="20230526 01:04:21.902" level="INFO">${password} = G5mWtgAVyn9T</msg>
<status status="PASS" starttime="20230526 01:04:21.901" endtime="20230526 01:04:21.902"/>
</kw>
<kw name="Set Suite Variable" library="BuiltIn">
<arg>${name}</arg>
<doc>Makes a variable available everywhere within the scope of the current suite.</doc>
<msg timestamp="20230526 01:04:21.902" level="INFO">${name} = Anthony Winters</msg>
<status status="PASS" starttime="20230526 01:04:21.902" endtime="20230526 01:04:21.902"/>
</kw>
<kw name="Set Suite Variable" library="BuiltIn">
<arg>${email}</arg>
<doc>Makes a variable available everywhere within the scope of the current suite.</doc>
<msg timestamp="20230526 01:04:21.903" level="INFO">${email} = josephjames@example.net</msg>
<status status="PASS" starttime="20230526 01:04:21.902" endtime="20230526 01:04:21.903"/>
</kw>
<kw name="Set Suite Variable" library="BuiltIn">
<arg>${password}</arg>
<doc>Makes a variable available everywhere within the scope of the current suite.</doc>
<msg timestamp="20230526 01:04:21.903" level="INFO">${password} = G5mWtgAVyn9T</msg>
<status status="PASS" starttime="20230526 01:04:21.903" endtime="20230526 01:04:21.903"/>
</kw>
<status status="PASS" starttime="20230526 01:04:21.899" endtime="20230526 01:04:21.903"/>
</kw>
<kw name="When I create the user" library="test_keywords_users">
<kw name="Create Dictionary" library="BuiltIn">
<var>${payload}</var>
<arg>nome=${name}</arg>
<arg>email=${email}</arg>
<arg>password=${password}</arg>
<arg>administrador=false</arg>
<doc>Creates and returns a dictionary based on the given ``items``.</doc>
<msg timestamp="20230526 01:04:21.905" level="INFO">${payload} = {'nome': 'Anthony Winters', 'email': 'josephjames@example.net', 'password': 'G5mWtgAVyn9T', 'administrador': 'false'}</msg>
<status status="PASS" starttime="20230526 01:04:21.904" endtime="20230526 01:04:21.905"/>
</kw>
<kw name="Create Dictionary" library="BuiltIn">
<var>${headers}</var>
<arg>Content-Type=application/json</arg>
<doc>Creates and returns a dictionary based on the given ``items``.</doc>
<msg timestamp="20230526 01:04:21.905" level="INFO">${headers} = {'Content-Type': 'application/json'}</msg>
<status status="PASS" starttime="20230526 01:04:21.905" endtime="20230526 01:04:21.905"/>
</kw>
<kw name="POST On Session" library="RequestsLibrary">
<var>${response}</var>
<arg>serverest</arg>
<arg>${USERS_API_ENDPOINT}</arg>
<arg>json=${payload}</arg>
<arg>headers=${headers}</arg>
<doc>Sends a POST request on a previously created HTTP Session.</doc>
<msg timestamp="20230526 01:04:21.981" level="INFO">POST Request : url=https://serverest.dev/usuarios 
 path_url=/usuarios 
 headers={'User-Agent': 'python-requests/2.31.0', 'Accept-Encoding': 'gzip, deflate', 'Accept': '*/*', 'Connection': 'keep-alive', 'Content-Type': 'application/json', 'Content-Length': '117'} 
 body=b'{"nome": "Anthony Winters", "email": "josephjames@example.net", "password": "G5mWtgAVyn9T", "administrador": "false"}' 
 </msg>
<msg timestamp="20230526 01:04:21.981" level="INFO">POST Response : url=https://serverest.dev/usuarios 
 status=201, reason=Created 
 headers={'access-control-allow-origin': '*', 'x-dns-prefetch-control': 'off', 'x-frame-options': 'SAMEORIGIN', 'strict-transport-security': 'max-age=15552000; includeSubDomains', 'x-download-options': 'noopen', 'x-content-type-options': 'nosniff', 'x-xss-protection': '1; mode=block', 'x-moesif-transaction-id': 'ed3361ce-1e4b-4e51-ba68-94277d26a7f8', 'content-type': 'application/json; charset=utf-8', 'X-Cloud-Trace-Context': 'c958dd496a3994895012717428830f95', 'Date': 'Fri, 26 May 2023 01:04:21 GMT', 'Server': 'Google Frontend', 'Content-Length': '82'} 
 body={
    "message": "Cadastro realizado com sucesso",
    "_id": "WEqJmzFeu3mY7eeJ"
} 
 </msg>
<msg timestamp="20230526 01:04:21.981" level="INFO">${response} = &lt;Response [201]&gt;</msg>
<status status="PASS" starttime="20230526 01:04:21.905" endtime="20230526 01:04:21.981"/>
</kw>
<kw name="Set Variable" library="BuiltIn">
<var>${user_id}</var>
<arg>${response.json()['_id']}</arg>
<doc>Returns the given values which can then be assigned to a variables.</doc>
<msg timestamp="20230526 01:04:21.983" level="INFO">${user_id} = WEqJmzFeu3mY7eeJ</msg>
<status status="PASS" starttime="20230526 01:04:21.982" endtime="20230526 01:04:21.983"/>
</kw>
<kw name="Set Global Variable" library="BuiltIn">
<arg>${USER_ID}</arg>
<arg>${user_id}</arg>
<doc>Makes a variable available globally in all tests and suites.</doc>
<msg timestamp="20230526 01:04:21.983" level="INFO">${USER_ID} = WEqJmzFeu3mY7eeJ</msg>
<status status="PASS" starttime="20230526 01:04:21.983" endtime="20230526 01:04:21.983"/>
</kw>
<kw name="Set Test Variable" library="BuiltIn">
<arg>${response}</arg>
<doc>Makes a variable available everywhere within the scope of the current test.</doc>
<msg timestamp="20230526 01:04:21.984" level="INFO">${response} = &lt;Response [201]&gt;</msg>
<status status="PASS" starttime="20230526 01:04:21.984" endtime="20230526 01:04:21.984"/>
</kw>
<status status="PASS" starttime="20230526 01:04:21.904" endtime="20230526 01:04:21.984"/>
</kw>
<kw name="Then the response status code should be 201" library="test_keywords_users" sourcename="Then the response status code should be ${status_code}">
<kw name="Should Be Equal As Numbers" library="BuiltIn">
<arg>${response.status_code}</arg>
<arg>${status_code}</arg>
<doc>Fails if objects are unequal after converting them to real numbers.</doc>
<msg timestamp="20230526 01:04:21.986" level="INFO">Argument types are:
&lt;class 'int'&gt;
&lt;class 'str'&gt;</msg>
<status status="PASS" starttime="20230526 01:04:21.985" endtime="20230526 01:04:21.986"/>
</kw>
<kw name="Should Be True" library="BuiltIn">
<arg>${response.json()}</arg>
<doc>Fails if the given condition is not true.</doc>
<status status="PASS" starttime="20230526 01:04:21.986" endtime="20230526 01:04:21.987"/>
</kw>
<status status="PASS" starttime="20230526 01:04:21.984" endtime="20230526 01:04:21.987"/>
</kw>
<kw name="And the response body should not be empty" library="test_keywords_users">
<kw name="Should Not Be Empty" library="BuiltIn">
<arg>${response.json()}</arg>
<doc>Verifies that the given item is not empty.</doc>
<msg timestamp="20230526 01:04:21.988" level="INFO">Length is 2</msg>
<status status="PASS" starttime="20230526 01:04:21.987" endtime="20230526 01:04:21.988"/>
</kw>
<status status="PASS" starttime="20230526 01:04:21.987" endtime="20230526 01:04:21.988"/>
</kw>
<tag>api</tag>
<status status="PASS" starttime="20230526 01:04:21.896" endtime="20230526 01:04:21.988"/>
</test>
<test id="s1-s1-s1-t3" name="Scenario: Get a specific user informations" line="22">
<kw name="Before Tests" library="test_keywords_common" type="SETUP">
<kw name="Create Session" library="RequestsLibrary">
<arg>serverest</arg>
<arg>${SERVER_BASE_URL}</arg>
<arg>disable_warnings=True</arg>
<doc>Create Session: create a HTTP session to a server</doc>
<msg timestamp="20230526 01:04:21.991" level="INFO">Creating Session using : alias=serverest, url=https://serverest.dev, headers={},                     cookies={}, auth=None, timeout=None, proxies=None, verify=False,                     debug=0 </msg>
<status status="PASS" starttime="20230526 01:04:21.990" endtime="20230526 01:04:21.991"/>
</kw>
<status status="PASS" starttime="20230526 01:04:21.990" endtime="20230526 01:04:21.991"/>
</kw>
<kw name="When I request the created user" library="test_keywords_users">
<kw name="GET On Session" library="RequestsLibrary">
<var>${response}</var>
<arg>serverest</arg>
<arg>${USERS_API_ENDPOINT}/${USER_ID}</arg>
<doc>Sends a GET request on a previously created HTTP Session.</doc>
<msg timestamp="20230526 01:04:22.067" level="INFO">GET Request : url=https://serverest.dev/usuarios/WEqJmzFeu3mY7eeJ 
 path_url=/usuarios/WEqJmzFeu3mY7eeJ 
 headers={'User-Agent': 'python-requests/2.31.0', 'Accept-Encoding': 'gzip, deflate', 'Accept': '*/*', 'Connection': 'keep-alive'} 
 body=None 
 </msg>
<msg timestamp="20230526 01:04:22.067" level="INFO">GET Response : url=https://serverest.dev/usuarios/WEqJmzFeu3mY7eeJ 
 status=200, reason=OK 
 headers={'access-control-allow-origin': '*', 'x-dns-prefetch-control': 'off', 'x-frame-options': 'SAMEORIGIN', 'strict-transport-security': 'max-age=15552000; includeSubDomains', 'x-download-options': 'noopen', 'x-content-type-options': 'nosniff', 'x-xss-protection': '1; mode=block', 'x-moesif-transaction-id': '389c5fa7-63bd-4f2b-8cdc-024a9106fb3f', 'content-type': 'application/json; charset=utf-8', 'X-Cloud-Trace-Context': '14b8eb44f026f626dc50c4eb096a6ae7', 'Date': 'Fri, 26 May 2023 01:04:22 GMT', 'Server': 'Google Frontend', 'Content-Length': '166'} 
 body={
    "nome": "Anthony Winters",
    "email": "josephjames@example.net",
    "password": "G5mWtgAVyn9T",
    "administrador": "false",
    "_id": "WEqJmzFeu3mY7eeJ"
} 
 </msg>
<msg timestamp="20230526 01:04:22.067" level="INFO">${response} = &lt;Response [200]&gt;</msg>
<status status="PASS" starttime="20230526 01:04:21.992" endtime="20230526 01:04:22.067"/>
</kw>
<kw name="Set Test Variable" library="BuiltIn">
<arg>${response}</arg>
<doc>Makes a variable available everywhere within the scope of the current test.</doc>
<msg timestamp="20230526 01:04:22.068" level="INFO">${response} = &lt;Response [200]&gt;</msg>
<status status="PASS" starttime="20230526 01:04:22.068" endtime="20230526 01:04:22.068"/>
</kw>
<status status="PASS" starttime="20230526 01:04:21.991" endtime="20230526 01:04:22.068"/>
</kw>
<kw name="Then the response status code should be 200" library="test_keywords_users" sourcename="Then the response status code should be ${status_code}">
<kw name="Should Be Equal As Numbers" library="BuiltIn">
<arg>${response.status_code}</arg>
<arg>${status_code}</arg>
<doc>Fails if objects are unequal after converting them to real numbers.</doc>
<msg timestamp="20230526 01:04:22.070" level="INFO">Argument types are:
&lt;class 'int'&gt;
&lt;class 'str'&gt;</msg>
<status status="PASS" starttime="20230526 01:04:22.069" endtime="20230526 01:04:22.070"/>
</kw>
<kw name="Should Be True" library="BuiltIn">
<arg>${response.json()}</arg>
<doc>Fails if the given condition is not true.</doc>
<status status="PASS" starttime="20230526 01:04:22.070" endtime="20230526 01:04:22.071"/>
</kw>
<status status="PASS" starttime="20230526 01:04:22.068" endtime="20230526 01:04:22.071"/>
</kw>
<kw name="And the response body should not be empty" library="test_keywords_users">
<kw name="Should Not Be Empty" library="BuiltIn">
<arg>${response.json()}</arg>
<doc>Verifies that the given item is not empty.</doc>
<msg timestamp="20230526 01:04:22.072" level="INFO">Length is 5</msg>
<status status="PASS" starttime="20230526 01:04:22.072" endtime="20230526 01:04:22.073"/>
</kw>
<status status="PASS" starttime="20230526 01:04:22.071" endtime="20230526 01:04:22.073"/>
</kw>
<tag>api</tag>
<status status="PASS" starttime="20230526 01:04:21.989" endtime="20230526 01:04:22.073"/>
</test>
<test id="s1-s1-s1-t4" name="Scenario: Update the created user" line="28">
<kw name="Before Tests" library="test_keywords_common" type="SETUP">
<kw name="Create Session" library="RequestsLibrary">
<arg>serverest</arg>
<arg>${SERVER_BASE_URL}</arg>
<arg>disable_warnings=True</arg>
<doc>Create Session: create a HTTP session to a server</doc>
<msg timestamp="20230526 01:04:22.076" level="INFO">Creating Session using : alias=serverest, url=https://serverest.dev, headers={},                     cookies={}, auth=None, timeout=None, proxies=None, verify=False,                     debug=0 </msg>
<status status="PASS" starttime="20230526 01:04:22.076" endtime="20230526 01:04:22.076"/>
</kw>
<status status="PASS" starttime="20230526 01:04:22.075" endtime="20230526 01:04:22.076"/>
</kw>
<kw name="When I update the created user" library="test_keywords_users">
<kw name="Create Dictionary" library="BuiltIn">
<var>${payload}</var>
<arg>nome=John Smith</arg>
<arg>email=john.smith@example.com</arg>
<arg>password=P@ssw0rd123</arg>
<arg>administrador=false</arg>
<doc>Creates and returns a dictionary based on the given ``items``.</doc>
<msg timestamp="20230526 01:04:22.077" level="INFO">${payload} = {'nome': 'John Smith', 'email': 'john.smith@example.com', 'password': 'P@ssw0rd123', 'administrador': 'false'}</msg>
<status status="PASS" starttime="20230526 01:04:22.077" endtime="20230526 01:04:22.077"/>
</kw>
<kw name="Create Dictionary" library="BuiltIn">
<var>${headers}</var>
<arg>Content-Type=application/json</arg>
<doc>Creates and returns a dictionary based on the given ``items``.</doc>
<msg timestamp="20230526 01:04:22.078" level="INFO">${headers} = {'Content-Type': 'application/json'}</msg>
<status status="PASS" starttime="20230526 01:04:22.077" endtime="20230526 01:04:22.078"/>
</kw>
<kw name="PUT On Session" library="RequestsLibrary">
<var>${response}</var>
<arg>serverest</arg>
<arg>${USERS_API_ENDPOINT}/${USER_ID}</arg>
<arg>json=${payload}</arg>
<arg>headers=${headers}</arg>
<doc>Sends a PUT request on a previously created HTTP Session.</doc>
<msg timestamp="20230526 01:04:22.154" level="INFO">PUT Request : url=https://serverest.dev/usuarios/WEqJmzFeu3mY7eeJ 
 path_url=/usuarios/WEqJmzFeu3mY7eeJ 
 headers={'User-Agent': 'python-requests/2.31.0', 'Accept-Encoding': 'gzip, deflate', 'Accept': '*/*', 'Connection': 'keep-alive', 'Content-Type': 'application/json', 'Content-Length': '110'} 
 body=b'{"nome": "John Smith", "email": "john.smith@example.com", "password": "P@ssw0rd123", "administrador": "false"}' 
 </msg>
<msg timestamp="20230526 01:04:22.154" level="INFO">PUT Response : url=https://serverest.dev/usuarios/WEqJmzFeu3mY7eeJ 
 status=200, reason=OK 
 headers={'access-control-allow-origin': '*', 'x-dns-prefetch-control': 'off', 'x-frame-options': 'SAMEORIGIN', 'strict-transport-security': 'max-age=15552000; includeSubDomains', 'x-download-options': 'noopen', 'x-content-type-options': 'nosniff', 'x-xss-protection': '1; mode=block', 'x-moesif-transaction-id': 'a34faf0a-e6dc-49d8-beb6-1af150d5c00d', 'content-type': 'application/json; charset=utf-8', 'X-Cloud-Trace-Context': '57fa97da7473c3a0c445c075e9551c07', 'Date': 'Fri, 26 May 2023 01:04:22 GMT', 'Server': 'Google Frontend', 'Content-Length': '50'} 
 body={
    "message": "Registro alterado com sucesso"
} 
 </msg>
<msg timestamp="20230526 01:04:22.155" level="INFO">${response} = &lt;Response [200]&gt;</msg>
<status status="PASS" starttime="20230526 01:04:22.078" endtime="20230526 01:04:22.155"/>
</kw>
<kw name="Set Test Variable" library="BuiltIn">
<arg>${response}</arg>
<doc>Makes a variable available everywhere within the scope of the current test.</doc>
<msg timestamp="20230526 01:04:22.155" level="INFO">${response} = &lt;Response [200]&gt;</msg>
<status status="PASS" starttime="20230526 01:04:22.155" endtime="20230526 01:04:22.155"/>
</kw>
<status status="PASS" starttime="20230526 01:04:22.076" endtime="20230526 01:04:22.156"/>
</kw>
<kw name="Then the response status code should be 200" library="test_keywords_users" sourcename="Then the response status code should be ${status_code}">
<kw name="Should Be Equal As Numbers" library="BuiltIn">
<arg>${response.status_code}</arg>
<arg>${status_code}</arg>
<doc>Fails if objects are unequal after converting them to real numbers.</doc>
<msg timestamp="20230526 01:04:22.157" level="INFO">Argument types are:
&lt;class 'int'&gt;
&lt;class 'str'&gt;</msg>
<status status="PASS" starttime="20230526 01:04:22.156" endtime="20230526 01:04:22.157"/>
</kw>
<kw name="Should Be True" library="BuiltIn">
<arg>${response.json()}</arg>
<doc>Fails if the given condition is not true.</doc>
<status status="PASS" starttime="20230526 01:04:22.157" endtime="20230526 01:04:22.158"/>
</kw>
<status status="PASS" starttime="20230526 01:04:22.156" endtime="20230526 01:04:22.158"/>
</kw>
<kw name="And the response body should not be empty" library="test_keywords_users">
<kw name="Should Not Be Empty" library="BuiltIn">
<arg>${response.json()}</arg>
<doc>Verifies that the given item is not empty.</doc>
<msg timestamp="20230526 01:04:22.159" level="INFO">Length is 1</msg>
<status status="PASS" starttime="20230526 01:04:22.159" endtime="20230526 01:04:22.159"/>
</kw>
<status status="PASS" starttime="20230526 01:04:22.158" endtime="20230526 01:04:22.160"/>
</kw>
<tag>api</tag>
<status status="PASS" starttime="20230526 01:04:22.074" endtime="20230526 01:04:22.160"/>
</test>
<test id="s1-s1-s1-t5" name="Scenario: Delete the created user" line="34">
<kw name="Before Tests" library="test_keywords_common" type="SETUP">
<kw name="Create Session" library="RequestsLibrary">
<arg>serverest</arg>
<arg>${SERVER_BASE_URL}</arg>
<arg>disable_warnings=True</arg>
<doc>Create Session: create a HTTP session to a server</doc>
<msg timestamp="20230526 01:04:22.162" level="INFO">Creating Session using : alias=serverest, url=https://serverest.dev, headers={},                     cookies={}, auth=None, timeout=None, proxies=None, verify=False,                     debug=0 </msg>
<status status="PASS" starttime="20230526 01:04:22.162" endtime="20230526 01:04:22.163"/>
</kw>
<status status="PASS" starttime="20230526 01:04:22.161" endtime="20230526 01:04:22.163"/>
</kw>
<kw name="When I delete the created user" library="test_keywords_users">
<kw name="DELETE On Session" library="RequestsLibrary">
<var>${response}</var>
<arg>serverest</arg>
<arg>${USERS_API_ENDPOINT}/${USER_ID}</arg>
<doc>Sends a DELETE request on a previously created HTTP Session.</doc>
<msg timestamp="20230526 01:04:22.238" level="INFO">DELETE Request : url=https://serverest.dev/usuarios/WEqJmzFeu3mY7eeJ 
 path_url=/usuarios/WEqJmzFeu3mY7eeJ 
 headers={'User-Agent': 'python-requests/2.31.0', 'Accept-Encoding': 'gzip, deflate', 'Accept': '*/*', 'Connection': 'keep-alive', 'Content-Length': '0'} 
 body=None 
 </msg>
<msg timestamp="20230526 01:04:22.239" level="INFO">DELETE Response : url=https://serverest.dev/usuarios/WEqJmzFeu3mY7eeJ 
 status=200, reason=OK 
 headers={'access-control-allow-origin': '*', 'x-dns-prefetch-control': 'off', 'x-frame-options': 'SAMEORIGIN', 'strict-transport-security': 'max-age=15552000; includeSubDomains', 'x-download-options': 'noopen', 'x-content-type-options': 'nosniff', 'x-xss-protection': '1; mode=block', 'x-moesif-transaction-id': 'bbb6b0e8-0ed2-4be8-b7e4-ca337d3bf462', 'content-type': 'application/json; charset=utf-8', 'X-Cloud-Trace-Context': '2ee227c2ad27dc4e5732635120359f63', 'Date': 'Fri, 26 May 2023 01:04:22 GMT', 'Server': 'Google Frontend', 'Content-Length': '51'} 
 body={
    "message": "Registro excluído com sucesso"
} 
 </msg>
<msg timestamp="20230526 01:04:22.239" level="INFO">${response} = &lt;Response [200]&gt;</msg>
<status status="PASS" starttime="20230526 01:04:22.163" endtime="20230526 01:04:22.239"/>
</kw>
<kw name="Set Test Variable" library="BuiltIn">
<arg>${response}</arg>
<doc>Makes a variable available everywhere within the scope of the current test.</doc>
<msg timestamp="20230526 01:04:22.240" level="INFO">${response} = &lt;Response [200]&gt;</msg>
<status status="PASS" starttime="20230526 01:04:22.239" endtime="20230526 01:04:22.240"/>
</kw>
<status status="PASS" starttime="20230526 01:04:22.163" endtime="20230526 01:04:22.240"/>
</kw>
<kw name="Then the response status code should be 200" library="test_keywords_users" sourcename="Then the response status code should be ${status_code}">
<kw name="Should Be Equal As Numbers" library="BuiltIn">
<arg>${response.status_code}</arg>
<arg>${status_code}</arg>
<doc>Fails if objects are unequal after converting them to real numbers.</doc>
<msg timestamp="20230526 01:04:22.241" level="INFO">Argument types are:
&lt;class 'int'&gt;
&lt;class 'str'&gt;</msg>
<status status="PASS" starttime="20230526 01:04:22.240" endtime="20230526 01:04:22.242"/>
</kw>
<kw name="Should Be True" library="BuiltIn">
<arg>${response.json()}</arg>
<doc>Fails if the given condition is not true.</doc>
<status status="PASS" starttime="20230526 01:04:22.242" endtime="20230526 01:04:22.243"/>
</kw>
<status status="PASS" starttime="20230526 01:04:22.240" endtime="20230526 01:04:22.243"/>
</kw>
<kw name="And the response body should not be empty" library="test_keywords_users">
<kw name="Should Not Be Empty" library="BuiltIn">
<arg>${response.json()}</arg>
<doc>Verifies that the given item is not empty.</doc>
<msg timestamp="20230526 01:04:22.244" level="INFO">Length is 1</msg>
<status status="PASS" starttime="20230526 01:04:22.243" endtime="20230526 01:04:22.244"/>
</kw>
<status status="PASS" starttime="20230526 01:04:22.243" endtime="20230526 01:04:22.244"/>
</kw>
<tag>api</tag>
<status status="PASS" starttime="20230526 01:04:22.161" endtime="20230526 01:04:22.245"/>
</test>
<status status="PASS" starttime="20230526 01:04:21.080" endtime="20230526 01:04:22.246"/>
</suite>
<status status="PASS" starttime="20230526 01:04:21.078" endtime="20230526 01:04:22.248"/>
</suite>
<suite id="s1-s2" name="Ui" source="/home/runner/work/gen-ai-robot-test/gen-ai-robot-test/tests/ui">
<suite id="s1-s2-s1" name="Test Ui Signup" source="/home/runner/work/gen-ai-robot-test/gen-ai-robot-test/tests/ui/test_ui_signup.robot">
<test id="s1-s2-s1-t1" name="Scenario: Signup with empty fields" line="10">
<kw name="Before Tests" library="test_keywords_common" type="SETUP">
<kw name="Open Browser" library="SeleniumLibrary">
<arg>${SERVER_BASE_URL}</arg>
<arg>${HEADLESS} ${BROWSER}</arg>
<doc>Opens a new browser instance to the optional ``url``.</doc>
<msg timestamp="20230526 01:04:22.263" level="INFO">Opening browser 'headless Chrome' to base url 'https://front.serverest.dev/'.</msg>
<status status="PASS" starttime="20230526 01:04:22.262" endtime="20230526 01:04:29.790"/>
</kw>
<kw name="Maximize Browser Window" library="SeleniumLibrary">
<doc>Maximizes current browser window.</doc>
<status status="PASS" starttime="20230526 01:04:29.791" endtime="20230526 01:04:29.927"/>
</kw>
<status status="PASS" starttime="20230526 01:04:22.261" endtime="20230526 01:04:29.927"/>
</kw>
<kw name="Given Im on the signup page" library="test_keywords_signup">
<kw name="Location Should Be" library="SeleniumLibrary">
<arg>https://front.serverest.dev/login</arg>
<doc>Verifies that the current URL is exactly ``url``.</doc>
<msg timestamp="20230526 01:04:29.934" level="INFO">Current location is 'https://front.serverest.dev/login'.</msg>
<status status="PASS" starttime="20230526 01:04:29.928" endtime="20230526 01:04:29.934"/>
</kw>
<kw name="Click Element" library="SeleniumLibrary">
<arg>css=a.btn.btn-link</arg>
<doc>Click the element identified by ``locator``.</doc>
<msg timestamp="20230526 01:04:29.935" level="INFO">Clicking element 'css=a.btn.btn-link'.</msg>
<status status="PASS" starttime="20230526 01:04:29.934" endtime="20230526 01:04:30.099"/>
</kw>
<status status="PASS" starttime="20230526 01:04:29.927" endtime="20230526 01:04:30.099"/>
</kw>
<kw name="When I click in signup" library="test_keywords_signup">
<kw name="Click Button" library="SeleniumLibrary">
<arg>css=.btn.btn-primary</arg>
<doc>Clicks the button identified by ``locator``.</doc>
<msg timestamp="20230526 01:04:30.100" level="INFO">Clicking button 'css=.btn.btn-primary'.</msg>
<status status="PASS" starttime="20230526 01:04:30.100" endtime="20230526 01:04:30.224"/>
</kw>
<status status="PASS" starttime="20230526 01:04:30.099" endtime="20230526 01:04:30.224"/>
</kw>
<kw name="Then required field messages should be displayed" library="test_keywords_signup">
<kw name="Wait Until Element Is Visible" library="SeleniumLibrary">
<arg>css=.alert-dismissible</arg>
<arg>timeout=10s</arg>
<doc>Waits until the element ``locator`` is visible.</doc>
<status status="PASS" starttime="20230526 01:04:30.225" endtime="20230526 01:04:30.470"/>
</kw>
<kw name="Element Should Be Visible" library="SeleniumLibrary">
<arg>css=.alert-dismissible</arg>
<doc>Verifies that the element identified by ``locator`` is visible.</doc>
<msg timestamp="20230526 01:04:30.492" level="INFO">Element 'css=.alert-dismissible' is displayed.</msg>
<status status="PASS" starttime="20230526 01:04:30.470" endtime="20230526 01:04:30.492"/>
</kw>
<kw name="Page Should Contain" library="SeleniumLibrary">
<arg>Nome é obrigatório</arg>
<doc>Verifies that current page contains ``text``.</doc>
<msg timestamp="20230526 01:04:30.532" level="INFO">Current page contains text 'Nome é obrigatório'.</msg>
<status status="PASS" starttime="20230526 01:04:30.492" endtime="20230526 01:04:30.532"/>
</kw>
<kw name="Page Should Contain" library="SeleniumLibrary">
<arg>Email é obrigatório</arg>
<doc>Verifies that current page contains ``text``.</doc>
<msg timestamp="20230526 01:04:30.547" level="INFO">Current page contains text 'Email é obrigatório'.</msg>
<status status="PASS" starttime="20230526 01:04:30.532" endtime="20230526 01:04:30.547"/>
</kw>
<kw name="Page Should Contain" library="SeleniumLibrary">
<arg>Password é obrigatório</arg>
<doc>Verifies that current page contains ``text``.</doc>
<msg timestamp="20230526 01:04:30.563" level="INFO">Current page contains text 'Password é obrigatório'.</msg>
<status status="PASS" starttime="20230526 01:04:30.547" endtime="20230526 01:04:30.563"/>
</kw>
<status status="PASS" starttime="20230526 01:04:30.225" endtime="20230526 01:04:30.563"/>
</kw>
<kw name="After Tests" library="test_keywords_common" type="TEARDOWN">
<kw name="Close Browser" library="SeleniumLibrary">
<doc>Closes the current browser.</doc>
<status status="PASS" starttime="20230526 01:04:30.563" endtime="20230526 01:04:30.620"/>
</kw>
<status status="PASS" starttime="20230526 01:04:30.563" endtime="20230526 01:04:30.620"/>
</kw>
<tag>ui</tag>
<status status="PASS" starttime="20230526 01:04:22.261" endtime="20230526 01:04:30.620"/>
</test>
<test id="s1-s2-s1-t2" name="Scenario: Signup done successfully" line="16">
<kw name="Before Tests" library="test_keywords_common" type="SETUP">
<kw name="Open Browser" library="SeleniumLibrary">
<arg>${SERVER_BASE_URL}</arg>
<arg>${HEADLESS} ${BROWSER}</arg>
<doc>Opens a new browser instance to the optional ``url``.</doc>
<msg timestamp="20230526 01:04:30.623" level="INFO">Opening browser 'headless Chrome' to base url 'https://front.serverest.dev/'.</msg>
<status status="PASS" starttime="20230526 01:04:30.622" endtime="20230526 01:04:31.914"/>
</kw>
<kw name="Maximize Browser Window" library="SeleniumLibrary">
<doc>Maximizes current browser window.</doc>
<status status="PASS" starttime="20230526 01:04:31.915" endtime="20230526 01:04:32.019"/>
</kw>
<status status="PASS" starttime="20230526 01:04:30.621" endtime="20230526 01:04:32.020"/>
</kw>
<kw name="Given Im on the signup page" library="test_keywords_signup">
<kw name="Location Should Be" library="SeleniumLibrary">
<arg>https://front.serverest.dev/login</arg>
<doc>Verifies that the current URL is exactly ``url``.</doc>
<msg timestamp="20230526 01:04:32.042" level="INFO">Current location is 'https://front.serverest.dev/login'.</msg>
<status status="PASS" starttime="20230526 01:04:32.021" endtime="20230526 01:04:32.042"/>
</kw>
<kw name="Click Element" library="SeleniumLibrary">
<arg>css=a.btn.btn-link</arg>
<doc>Click the element identified by ``locator``.</doc>
<msg timestamp="20230526 01:04:32.043" level="INFO">Clicking element 'css=a.btn.btn-link'.</msg>
<status status="PASS" starttime="20230526 01:04:32.043" endtime="20230526 01:04:32.150"/>
</kw>
<status status="PASS" starttime="20230526 01:04:32.020" endtime="20230526 01:04:32.150"/>
</kw>
<kw name="And I fill in the signup fields with valid data" library="test_keywords_signup">
<kw name="Name" library="FakerLibrary">
<var>${name}</var>
<doc>:example 'John Doe'</doc>
<msg timestamp="20230526 01:04:32.152" level="INFO">${name} = Lindsay Sharp</msg>
<status status="PASS" starttime="20230526 01:04:32.151" endtime="20230526 01:04:32.152"/>
</kw>
<kw name="Email" library="FakerLibrary">
<var>${email}</var>
<msg timestamp="20230526 01:04:32.152" level="INFO">${email} = qross@example.com</msg>
<status status="PASS" starttime="20230526 01:04:32.152" endtime="20230526 01:04:32.152"/>
</kw>
<kw name="Password" library="FakerLibrary">
<var>${password}</var>
<arg>length=12</arg>
<arg>special_chars=False</arg>
<doc>Generate a random password of the specified ``length``.</doc>
<msg timestamp="20230526 01:04:32.153" level="INFO">${password} = GmMfBrwr5Ifo</msg>
<status status="PASS" starttime="20230526 01:04:32.152" endtime="20230526 01:04:32.153"/>
</kw>
<kw name="Input Text" library="SeleniumLibrary">
<arg>id:nome</arg>
<arg>${name}</arg>
<doc>Types the given ``text`` into the text field identified by ``locator``.</doc>
<msg timestamp="20230526 01:04:32.154" level="INFO">Typing text 'Lindsay Sharp' into text field 'id:nome'.</msg>
<status status="PASS" starttime="20230526 01:04:32.153" endtime="20230526 01:04:32.351"/>
</kw>
<kw name="Input Text" library="SeleniumLibrary">
<arg>id:email</arg>
<arg>${email}</arg>
<doc>Types the given ``text`` into the text field identified by ``locator``.</doc>
<msg timestamp="20230526 01:04:32.353" level="INFO">Typing text 'qross@example.com' into text field 'id:email'.</msg>
<status status="PASS" starttime="20230526 01:04:32.352" endtime="20230526 01:04:32.489"/>
</kw>
<kw name="Input Text" library="SeleniumLibrary">
<arg>id:password</arg>
<arg>${password}</arg>
<doc>Types the given ``text`` into the text field identified by ``locator``.</doc>
<msg timestamp="20230526 01:04:32.490" level="INFO">Typing text 'GmMfBrwr5Ifo' into text field 'id:password'.</msg>
<status status="PASS" starttime="20230526 01:04:32.489" endtime="20230526 01:04:32.634"/>
</kw>
<kw name="Select Checkbox" library="SeleniumLibrary">
<arg>id=administrador</arg>
<doc>Selects the checkbox identified by ``locator``.</doc>
<msg timestamp="20230526 01:04:32.635" level="INFO">Selecting checkbox 'id=administrador'.</msg>
<status status="PASS" starttime="20230526 01:04:32.635" endtime="20230526 01:04:32.740"/>
</kw>
<kw name="Set Suite Variable" library="BuiltIn">
<arg>${name}</arg>
<doc>Makes a variable available everywhere within the scope of the current suite.</doc>
<msg timestamp="20230526 01:04:32.741" level="INFO">${name} = Lindsay Sharp</msg>
<status status="PASS" starttime="20230526 01:04:32.741" endtime="20230526 01:04:32.741"/>
</kw>
<kw name="Set Suite Variable" library="BuiltIn">
<arg>${email}</arg>
<doc>Makes a variable available everywhere within the scope of the current suite.</doc>
<msg timestamp="20230526 01:04:32.742" level="INFO">${email} = qross@example.com</msg>
<status status="PASS" starttime="20230526 01:04:32.741" endtime="20230526 01:04:32.742"/>
</kw>
<kw name="Set Suite Variable" library="BuiltIn">
<arg>${password}</arg>
<doc>Makes a variable available everywhere within the scope of the current suite.</doc>
<msg timestamp="20230526 01:04:32.742" level="INFO">${password} = GmMfBrwr5Ifo</msg>
<status status="PASS" starttime="20230526 01:04:32.742" endtime="20230526 01:04:32.743"/>
</kw>
<status status="PASS" starttime="20230526 01:04:32.150" endtime="20230526 01:04:32.743"/>
</kw>
<kw name="When I click in signup" library="test_keywords_signup">
<kw name="Click Button" library="SeleniumLibrary">
<arg>css=.btn.btn-primary</arg>
<doc>Clicks the button identified by ``locator``.</doc>
<msg timestamp="20230526 01:04:32.744" level="INFO">Clicking button 'css=.btn.btn-primary'.</msg>
<status status="PASS" starttime="20230526 01:04:32.743" endtime="20230526 01:04:32.821"/>
</kw>
<status status="PASS" starttime="20230526 01:04:32.743" endtime="20230526 01:04:32.821"/>
</kw>
<kw name="Then the page should contain the text &quot;Cadastro realizado com sucesso&quot;" library="test_keywords_signup" sourcename="Then the page should contain the text &quot;${expected_text}&quot;">
<kw name="Wait Until Element Is Visible" library="SeleniumLibrary">
<arg>css=.alert-dismissible</arg>
<arg>timeout=10s</arg>
<doc>Waits until the element ``locator`` is visible.</doc>
<status status="PASS" starttime="20230526 01:04:32.822" endtime="20230526 01:04:33.068"/>
</kw>
<kw name="Element Should Be Visible" library="SeleniumLibrary">
<arg>css=.alert-dismissible</arg>
<doc>Verifies that the element identified by ``locator`` is visible.</doc>
<msg timestamp="20230526 01:04:33.094" level="INFO">Element 'css=.alert-dismissible' is displayed.</msg>
<status status="PASS" starttime="20230526 01:04:33.068" endtime="20230526 01:04:33.094"/>
</kw>
<kw name="Page Should Contain" library="SeleniumLibrary">
<arg>${expected_text}</arg>
<doc>Verifies that current page contains ``text``.</doc>
<msg timestamp="20230526 01:04:33.111" level="INFO">Current page contains text 'Cadastro realizado com sucesso'.</msg>
<status status="PASS" starttime="20230526 01:04:33.095" endtime="20230526 01:04:33.111"/>
</kw>
<status status="PASS" starttime="20230526 01:04:32.821" endtime="20230526 01:04:33.112"/>
</kw>
<kw name="After Tests" library="test_keywords_common" type="TEARDOWN">
<kw name="Close Browser" library="SeleniumLibrary">
<doc>Closes the current browser.</doc>
<status status="PASS" starttime="20230526 01:04:33.112" endtime="20230526 01:04:34.168"/>
</kw>
<status status="PASS" starttime="20230526 01:04:33.112" endtime="20230526 01:04:34.168"/>
</kw>
<tag>ui</tag>
<status status="PASS" starttime="20230526 01:04:30.621" endtime="20230526 01:04:34.168"/>
</test>
<test id="s1-s2-s1-t3" name="Scenario: Signup with already used email" line="23">
<kw name="Before Tests" library="test_keywords_common" type="SETUP">
<kw name="Open Browser" library="SeleniumLibrary">
<arg>${SERVER_BASE_URL}</arg>
<arg>${HEADLESS} ${BROWSER}</arg>
<doc>Opens a new browser instance to the optional ``url``.</doc>
<msg timestamp="20230526 01:04:34.171" level="INFO">Opening browser 'headless Chrome' to base url 'https://front.serverest.dev/'.</msg>
<status status="PASS" starttime="20230526 01:04:34.170" endtime="20230526 01:04:35.402"/>
</kw>
<kw name="Maximize Browser Window" library="SeleniumLibrary">
<doc>Maximizes current browser window.</doc>
<status status="PASS" starttime="20230526 01:04:35.402" endtime="20230526 01:04:35.507"/>
</kw>
<status status="PASS" starttime="20230526 01:04:34.170" endtime="20230526 01:04:35.507"/>
</kw>
<kw name="Given Im on the signup page" library="test_keywords_signup">
<kw name="Location Should Be" library="SeleniumLibrary">
<arg>https://front.serverest.dev/login</arg>
<doc>Verifies that the current URL is exactly ``url``.</doc>
<msg timestamp="20230526 01:04:35.514" level="INFO">Current location is 'https://front.serverest.dev/login'.</msg>
<status status="PASS" starttime="20230526 01:04:35.508" endtime="20230526 01:04:35.515"/>
</kw>
<kw name="Click Element" library="SeleniumLibrary">
<arg>css=a.btn.btn-link</arg>
<doc>Click the element identified by ``locator``.</doc>
<msg timestamp="20230526 01:04:35.516" level="INFO">Clicking element 'css=a.btn.btn-link'.</msg>
<status status="PASS" starttime="20230526 01:04:35.515" endtime="20230526 01:04:35.620"/>
</kw>
<status status="PASS" starttime="20230526 01:04:35.507" endtime="20230526 01:04:35.620"/>
</kw>
<kw name="And I fill in the signup fields with an email already registered" library="test_keywords_signup">
<kw name="Input Text" library="SeleniumLibrary">
<arg>id:nome</arg>
<arg>${name}</arg>
<doc>Types the given ``text`` into the text field identified by ``locator``.</doc>
<msg timestamp="20230526 01:04:35.622" level="INFO">Typing text 'Lindsay Sharp' into text field 'id:nome'.</msg>
<status status="PASS" starttime="20230526 01:04:35.621" endtime="20230526 01:04:35.776"/>
</kw>
<kw name="Input Text" library="SeleniumLibrary">
<arg>id:email</arg>
<arg>${email}</arg>
<doc>Types the given ``text`` into the text field identified by ``locator``.</doc>
<msg timestamp="20230526 01:04:35.778" level="INFO">Typing text 'qross@example.com' into text field 'id:email'.</msg>
<status status="PASS" starttime="20230526 01:04:35.777" endtime="20230526 01:04:35.901"/>
</kw>
<kw name="Input Text" library="SeleniumLibrary">
<arg>id:password</arg>
<arg>${password}</arg>
<doc>Types the given ``text`` into the text field identified by ``locator``.</doc>
<msg timestamp="20230526 01:04:35.903" level="INFO">Typing text 'GmMfBrwr5Ifo' into text field 'id:password'.</msg>
<status status="PASS" starttime="20230526 01:04:35.902" endtime="20230526 01:04:36.030"/>
</kw>
<kw name="Select Checkbox" library="SeleniumLibrary">
<arg>id=administrador</arg>
<doc>Selects the checkbox identified by ``locator``.</doc>
<msg timestamp="20230526 01:04:36.031" level="INFO">Selecting checkbox 'id=administrador'.</msg>
<status status="PASS" starttime="20230526 01:04:36.030" endtime="20230526 01:04:36.124"/>
</kw>
<status status="PASS" starttime="20230526 01:04:35.621" endtime="20230526 01:04:36.124"/>
</kw>
<kw name="When I click in signup" library="test_keywords_signup">
<kw name="Click Button" library="SeleniumLibrary">
<arg>css=.btn.btn-primary</arg>
<doc>Clicks the button identified by ``locator``.</doc>
<msg timestamp="20230526 01:04:36.125" level="INFO">Clicking button 'css=.btn.btn-primary'.</msg>
<status status="PASS" starttime="20230526 01:04:36.125" endtime="20230526 01:04:36.202"/>
</kw>
<status status="PASS" starttime="20230526 01:04:36.124" endtime="20230526 01:04:36.202"/>
</kw>
<kw name="Then the page should contain the text &quot;Este email já está sendo usado&quot;" library="test_keywords_signup" sourcename="Then the page should contain the text &quot;${expected_text}&quot;">
<kw name="Wait Until Element Is Visible" library="SeleniumLibrary">
<arg>css=.alert-dismissible</arg>
<arg>timeout=10s</arg>
<doc>Waits until the element ``locator`` is visible.</doc>
<status status="PASS" starttime="20230526 01:04:36.203" endtime="20230526 01:04:36.444"/>
</kw>
<kw name="Element Should Be Visible" library="SeleniumLibrary">
<arg>css=.alert-dismissible</arg>
<doc>Verifies that the element identified by ``locator`` is visible.</doc>
<msg timestamp="20230526 01:04:36.467" level="INFO">Element 'css=.alert-dismissible' is displayed.</msg>
<status status="PASS" starttime="20230526 01:04:36.444" endtime="20230526 01:04:36.467"/>
</kw>
<kw name="Page Should Contain" library="SeleniumLibrary">
<arg>${expected_text}</arg>
<doc>Verifies that current page contains ``text``.</doc>
<msg timestamp="20230526 01:04:36.483" level="INFO">Current page contains text 'Este email já está sendo usado'.</msg>
<status status="PASS" starttime="20230526 01:04:36.467" endtime="20230526 01:04:36.484"/>
</kw>
<status status="PASS" starttime="20230526 01:04:36.202" endtime="20230526 01:04:36.484"/>
</kw>
<kw name="After Tests" library="test_keywords_common" type="TEARDOWN">
<kw name="Close Browser" library="SeleniumLibrary">
<doc>Closes the current browser.</doc>
<status status="PASS" starttime="20230526 01:04:36.484" endtime="20230526 01:04:36.540"/>
</kw>
<status status="PASS" starttime="20230526 01:04:36.484" endtime="20230526 01:04:36.540"/>
</kw>
<tag>ui</tag>
<status status="PASS" starttime="20230526 01:04:34.169" endtime="20230526 01:04:36.540"/>
</test>
<status status="PASS" starttime="20230526 01:04:22.251" endtime="20230526 01:04:36.542"/>
</suite>
<status status="PASS" starttime="20230526 01:04:22.249" endtime="20230526 01:04:36.545"/>
</suite>
<status status="PASS" starttime="20230526 01:04:21.044" endtime="20230526 01:04:36.546"/>
</suite>
<statistics>
<total>
<stat pass="8" fail="0" skip="0">All Tests</stat>
</total>
<tag>
<stat pass="5" fail="0" skip="0">api</stat>
<stat pass="3" fail="0" skip="0">ui</stat>
</tag>
<suite>
<stat pass="8" fail="0" skip="0" id="s1" name="Tests">Tests</stat>
<stat pass="5" fail="0" skip="0" id="s1-s1" name="Api">Tests.Api</stat>
<stat pass="5" fail="0" skip="0" id="s1-s1-s1" name="Test Api Users">Tests.Api.Test Api Users</stat>
<stat pass="3" fail="0" skip="0" id="s1-s2" name="Ui">Tests.Ui</stat>
<stat pass="3" fail="0" skip="0" id="s1-s2-s1" name="Test Ui Signup">Tests.Ui.Test Ui Signup</stat>
</suite>
</statistics>
<errors>
</errors>
</robot>
