<?xml version="1.0" encoding="UTF-8"?>
<robot generator="Robot 6.0.2 (Python 3.8.16 on linux)" generated="20230508 01:00:30.890" rpa="false" schemaversion="3">
<suite id="s1" name="Tests" source="/home/runner/work/gen-ai-robot-test/gen-ai-robot-test/tests">
<suite id="s1-s1" name="Api" source="/home/runner/work/gen-ai-robot-test/gen-ai-robot-test/tests/api">
<suite id="s1-s1-s1" name="Users" source="/home/runner/work/gen-ai-robot-test/gen-ai-robot-test/tests/api/users">
<suite id="s1-s1-s1-s1" name="Test Api Users" source="/home/runner/work/gen-ai-robot-test/gen-ai-robot-test/tests/api/users/test_api_users.robot">
<test id="s1-s1-s1-s1-t1" name="Scenario: Get all registered users" line="9">
<kw name="Before Tests" library="test_keywords_common" type="SETUP">
<kw name="Create Session" library="RequestsLibrary">
<arg>serverest</arg>
<arg>${SERVER_BASE_URL}</arg>
<arg>disable_warnings=True</arg>
<doc>Create Session: create a HTTP session to a server</doc>
<msg timestamp="20230508 01:00:31.441" level="INFO">Creating Session using : alias=serverest, url=https://serverest.dev, headers={},                     cookies={}, auth=None, timeout=None, proxies=None, verify=False,                     debug=0 </msg>
<status status="PASS" starttime="20230508 01:00:31.440" endtime="20230508 01:00:31.441"/>
</kw>
<status status="PASS" starttime="20230508 01:00:31.440" endtime="20230508 01:00:31.441"/>
</kw>
<kw name="When I request the list of all registered users" library="test_keywords_users">
<kw name="GET On Session" library="RequestsLibrary">
<var>${response}</var>
<arg>serverest</arg>
<arg>${USERS_API_ENDPOINT}</arg>
<doc>Sends a GET request on a previously created HTTP Session.</doc>
<msg timestamp="20230508 01:00:31.580" level="INFO">GET Request : url=https://serverest.dev/usuarios 
 path_url=/usuarios 
 headers={'User-Agent': 'python-requests/2.30.0', 'Accept-Encoding': 'gzip, deflate', 'Accept': '*/*', 'Connection': 'keep-alive'} 
 body=None 
 </msg>
<msg timestamp="20230508 01:00:31.580" level="INFO">GET Response : url=https://serverest.dev/usuarios 
 status=200, reason=OK 
 headers={'access-control-allow-origin': '*', 'x-dns-prefetch-control': 'off', 'x-frame-options': 'SAMEORIGIN', 'strict-transport-security': 'max-age=15552000; includeSubDomains', 'x-download-options': 'noopen', 'x-content-type-options': 'nosniff', 'x-xss-protection': '1; mode=block', 'x-moesif-transaction-id': 'ee84b0d3-066e-439f-915c-debfb6398a9d', 'content-type': 'application/json; charset=utf-8', 'X-Cloud-Trace-Context': '56c522be5141b05972e94614b35a4411', 'Date': 'Mon, 08 May 2023 01:00:31 GMT', 'Server': 'Google Frontend', 'Content-Length': '890'} 
 body={
    "quantidade": 4,
    "usuarios": [
        {
            "nome": "Fulano da Silva",
            "email": "fulano@qa.com",
            "password": "teste",
            "administrador": "true",
            "_id": "0uxuPY0cbmQhpEz1"
        },
        {
            "nome": "Fulano da Silva",
            "email": "fulanod@qa.com",
            "password": "teste",
            "administrador": "true",
            "_id": "5pcgyxeKgAwiJ8xq"
        },
        {
            "nome": "Mayara Fernandes",
            "email": "stephen98@example.com",
            "password": "123456",
            "administrador": "true",
            "_id": "mjkT5MYKkr5Lx04n"
        },
        {
            "nome": "{{generatedName}}",
            "email": "Ryder54@example.net",
            "password": "teste",
            "administrador": "true",
            "_id": "x0SZpkAgoioliICI"
        }
    ]
} 
 </msg>
<msg timestamp="20230508 01:00:31.580" level="INFO">${response} = &lt;Response [200]&gt;</msg>
<status status="PASS" starttime="20230508 01:00:31.441" endtime="20230508 01:00:31.581"/>
</kw>
<kw name="Set Test Variable" library="BuiltIn">
<arg>${response}</arg>
<doc>Makes a variable available everywhere within the scope of the current test.</doc>
<msg timestamp="20230508 01:00:31.581" level="INFO">${response} = &lt;Response [200]&gt;</msg>
<status status="PASS" starttime="20230508 01:00:31.581" endtime="20230508 01:00:31.581"/>
</kw>
<status status="PASS" starttime="20230508 01:00:31.441" endtime="20230508 01:00:31.581"/>
</kw>
<kw name="Then the response status code should be 200" library="test_keywords_users" sourcename="Then the response status code should be ${status_code}">
<kw name="Should Be Equal As Numbers" library="BuiltIn">
<arg>${response.status_code}</arg>
<arg>${status_code}</arg>
<doc>Fails if objects are unequal after converting them to real numbers.</doc>
<msg timestamp="20230508 01:00:31.582" level="INFO">Argument types are:
&lt;class 'int'&gt;
&lt;class 'str'&gt;</msg>
<status status="PASS" starttime="20230508 01:00:31.582" endtime="20230508 01:00:31.582"/>
</kw>
<kw name="Should Be True" library="BuiltIn">
<arg>${response.json()}</arg>
<doc>Fails if the given condition is not true.</doc>
<status status="PASS" starttime="20230508 01:00:31.582" endtime="20230508 01:00:31.583"/>
</kw>
<status status="PASS" starttime="20230508 01:00:31.581" endtime="20230508 01:00:31.583"/>
</kw>
<kw name="And the response body should not be empty" library="test_keywords_users">
<kw name="Should Not Be Empty" library="BuiltIn">
<arg>${response.json()}</arg>
<doc>Verifies that the given item is not empty.</doc>
<msg timestamp="20230508 01:00:31.584" level="INFO">Length is 2</msg>
<status status="PASS" starttime="20230508 01:00:31.584" endtime="20230508 01:00:31.584"/>
</kw>
<status status="PASS" starttime="20230508 01:00:31.583" endtime="20230508 01:00:31.584"/>
</kw>
<tag>api</tag>
<status status="PASS" starttime="20230508 01:00:31.439" endtime="20230508 01:00:31.584"/>
</test>
<test id="s1-s1-s1-s1-t2" name="Scenario: Create a new user" line="15">
<kw name="Before Tests" library="test_keywords_common" type="SETUP">
<kw name="Create Session" library="RequestsLibrary">
<arg>serverest</arg>
<arg>${SERVER_BASE_URL}</arg>
<arg>disable_warnings=True</arg>
<doc>Create Session: create a HTTP session to a server</doc>
<msg timestamp="20230508 01:00:31.586" level="INFO">Creating Session using : alias=serverest, url=https://serverest.dev, headers={},                     cookies={}, auth=None, timeout=None, proxies=None, verify=False,                     debug=0 </msg>
<status status="PASS" starttime="20230508 01:00:31.585" endtime="20230508 01:00:31.586"/>
</kw>
<status status="PASS" starttime="20230508 01:00:31.585" endtime="20230508 01:00:31.586"/>
</kw>
<kw name="Given I have a valid user data" library="test_keywords_users">
<kw name="Name" library="FakerLibrary">
<var>${name}</var>
<doc>:example 'John Doe'</doc>
<msg timestamp="20230508 01:00:31.587" level="INFO">${name} = Luis Nash</msg>
<status status="PASS" starttime="20230508 01:00:31.586" endtime="20230508 01:00:31.587"/>
</kw>
<kw name="Email" library="FakerLibrary">
<var>${email}</var>
<msg timestamp="20230508 01:00:31.587" level="INFO">${email} = melvin77@example.org</msg>
<status status="PASS" starttime="20230508 01:00:31.587" endtime="20230508 01:00:31.587"/>
</kw>
<kw name="Password" library="FakerLibrary">
<var>${password}</var>
<doc>Generate a random password of the specified ``length``.</doc>
<msg timestamp="20230508 01:00:31.588" level="INFO">${password} = qCk1N!Xi(+</msg>
<status status="PASS" starttime="20230508 01:00:31.587" endtime="20230508 01:00:31.588"/>
</kw>
<kw name="Set Suite Variable" library="BuiltIn">
<arg>${name}</arg>
<doc>Makes a variable available everywhere within the scope of the current suite.</doc>
<msg timestamp="20230508 01:00:31.588" level="INFO">${name} = Luis Nash</msg>
<status status="PASS" starttime="20230508 01:00:31.588" endtime="20230508 01:00:31.588"/>
</kw>
<kw name="Set Suite Variable" library="BuiltIn">
<arg>${email}</arg>
<doc>Makes a variable available everywhere within the scope of the current suite.</doc>
<msg timestamp="20230508 01:00:31.588" level="INFO">${email} = melvin77@example.org</msg>
<status status="PASS" starttime="20230508 01:00:31.588" endtime="20230508 01:00:31.588"/>
</kw>
<kw name="Set Suite Variable" library="BuiltIn">
<arg>${password}</arg>
<doc>Makes a variable available everywhere within the scope of the current suite.</doc>
<msg timestamp="20230508 01:00:31.589" level="INFO">${password} = qCk1N!Xi(+</msg>
<status status="PASS" starttime="20230508 01:00:31.588" endtime="20230508 01:00:31.589"/>
</kw>
<status status="PASS" starttime="20230508 01:00:31.586" endtime="20230508 01:00:31.589"/>
</kw>
<kw name="When I create the user" library="test_keywords_users">
<kw name="Create Dictionary" library="BuiltIn">
<var>${payload}</var>
<arg>nome=${name}</arg>
<arg>email=${email}</arg>
<arg>password=${password}</arg>
<arg>administrador=false</arg>
<doc>Creates and returns a dictionary based on the given ``items``.</doc>
<msg timestamp="20230508 01:00:31.590" level="INFO">${payload} = {'nome': 'Luis Nash', 'email': 'melvin77@example.org', 'password': 'qCk1N!Xi(+', 'administrador': 'false'}</msg>
<status status="PASS" starttime="20230508 01:00:31.589" endtime="20230508 01:00:31.590"/>
</kw>
<kw name="Create Dictionary" library="BuiltIn">
<var>${headers}</var>
<arg>Content-Type=application/json</arg>
<doc>Creates and returns a dictionary based on the given ``items``.</doc>
<msg timestamp="20230508 01:00:31.590" level="INFO">${headers} = {'Content-Type': 'application/json'}</msg>
<status status="PASS" starttime="20230508 01:00:31.590" endtime="20230508 01:00:31.590"/>
</kw>
<kw name="POST On Session" library="RequestsLibrary">
<var>${response}</var>
<arg>serverest</arg>
<arg>${USERS_API_ENDPOINT}</arg>
<arg>json=${payload}</arg>
<arg>headers=${headers}</arg>
<doc>Sends a POST request on a previously created HTTP Session.</doc>
<msg timestamp="20230508 01:00:31.670" level="INFO">POST Request : url=https://serverest.dev/usuarios 
 path_url=/usuarios 
 headers={'User-Agent': 'python-requests/2.30.0', 'Accept-Encoding': 'gzip, deflate', 'Accept': '*/*', 'Connection': 'keep-alive', 'Content-Type': 'application/json', 'Content-Length': '106'} 
 body=b'{"nome": "Luis Nash", "email": "melvin77@example.org", "password": "qCk1N!Xi(+", "administrador": "false"}' 
 </msg>
<msg timestamp="20230508 01:00:31.670" level="INFO">POST Response : url=https://serverest.dev/usuarios 
 status=201, reason=Created 
 headers={'access-control-allow-origin': '*', 'x-dns-prefetch-control': 'off', 'x-frame-options': 'SAMEORIGIN', 'strict-transport-security': 'max-age=15552000; includeSubDomains', 'x-download-options': 'noopen', 'x-content-type-options': 'nosniff', 'x-xss-protection': '1; mode=block', 'x-moesif-transaction-id': 'deb01e8f-0423-4762-8b37-9534bc1d0807', 'content-type': 'application/json; charset=utf-8', 'X-Cloud-Trace-Context': 'c70ed9cd935d1df13138131867211497', 'Date': 'Mon, 08 May 2023 01:00:31 GMT', 'Server': 'Google Frontend', 'Content-Length': '82'} 
 body={
    "message": "Cadastro realizado com sucesso",
    "_id": "7px8VSFISnraA7qT"
} 
 </msg>
<msg timestamp="20230508 01:00:31.670" level="INFO">${response} = &lt;Response [201]&gt;</msg>
<status status="PASS" starttime="20230508 01:00:31.590" endtime="20230508 01:00:31.670"/>
</kw>
<kw name="Set Variable" library="BuiltIn">
<var>${user_id}</var>
<arg>${response.json()['_id']}</arg>
<doc>Returns the given values which can then be assigned to a variables.</doc>
<msg timestamp="20230508 01:00:31.671" level="INFO">${user_id} = 7px8VSFISnraA7qT</msg>
<status status="PASS" starttime="20230508 01:00:31.670" endtime="20230508 01:00:31.671"/>
</kw>
<kw name="Set Global Variable" library="BuiltIn">
<arg>${USER_ID}</arg>
<arg>${user_id}</arg>
<doc>Makes a variable available globally in all tests and suites.</doc>
<msg timestamp="20230508 01:00:31.671" level="INFO">${USER_ID} = 7px8VSFISnraA7qT</msg>
<status status="PASS" starttime="20230508 01:00:31.671" endtime="20230508 01:00:31.671"/>
</kw>
<kw name="Set Test Variable" library="BuiltIn">
<arg>${response}</arg>
<doc>Makes a variable available everywhere within the scope of the current test.</doc>
<msg timestamp="20230508 01:00:31.672" level="INFO">${response} = &lt;Response [201]&gt;</msg>
<status status="PASS" starttime="20230508 01:00:31.671" endtime="20230508 01:00:31.672"/>
</kw>
<status status="PASS" starttime="20230508 01:00:31.589" endtime="20230508 01:00:31.672"/>
</kw>
<kw name="Then the response status code should be 201" library="test_keywords_users" sourcename="Then the response status code should be ${status_code}">
<kw name="Should Be Equal As Numbers" library="BuiltIn">
<arg>${response.status_code}</arg>
<arg>${status_code}</arg>
<doc>Fails if objects are unequal after converting them to real numbers.</doc>
<msg timestamp="20230508 01:00:31.673" level="INFO">Argument types are:
&lt;class 'int'&gt;
&lt;class 'str'&gt;</msg>
<status status="PASS" starttime="20230508 01:00:31.672" endtime="20230508 01:00:31.673"/>
</kw>
<kw name="Should Be True" library="BuiltIn">
<arg>${response.json()}</arg>
<doc>Fails if the given condition is not true.</doc>
<status status="PASS" starttime="20230508 01:00:31.673" endtime="20230508 01:00:31.673"/>
</kw>
<status status="PASS" starttime="20230508 01:00:31.672" endtime="20230508 01:00:31.674"/>
</kw>
<kw name="And the response body should not be empty" library="test_keywords_users">
<kw name="Should Not Be Empty" library="BuiltIn">
<arg>${response.json()}</arg>
<doc>Verifies that the given item is not empty.</doc>
<msg timestamp="20230508 01:00:31.674" level="INFO">Length is 2</msg>
<status status="PASS" starttime="20230508 01:00:31.674" endtime="20230508 01:00:31.674"/>
</kw>
<status status="PASS" starttime="20230508 01:00:31.674" endtime="20230508 01:00:31.675"/>
</kw>
<tag>api</tag>
<status status="PASS" starttime="20230508 01:00:31.585" endtime="20230508 01:00:31.675"/>
</test>
<test id="s1-s1-s1-s1-t3" name="Scenario: Get a specific user informations" line="22">
<kw name="Before Tests" library="test_keywords_common" type="SETUP">
<kw name="Create Session" library="RequestsLibrary">
<arg>serverest</arg>
<arg>${SERVER_BASE_URL}</arg>
<arg>disable_warnings=True</arg>
<doc>Create Session: create a HTTP session to a server</doc>
<msg timestamp="20230508 01:00:31.676" level="INFO">Creating Session using : alias=serverest, url=https://serverest.dev, headers={},                     cookies={}, auth=None, timeout=None, proxies=None, verify=False,                     debug=0 </msg>
<status status="PASS" starttime="20230508 01:00:31.676" endtime="20230508 01:00:31.676"/>
</kw>
<status status="PASS" starttime="20230508 01:00:31.675" endtime="20230508 01:00:31.677"/>
</kw>
<kw name="When I request the created user" library="test_keywords_users">
<kw name="GET On Session" library="RequestsLibrary">
<var>${response}</var>
<arg>serverest</arg>
<arg>${USERS_API_ENDPOINT}/${USER_ID}</arg>
<doc>Sends a GET request on a previously created HTTP Session.</doc>
<msg timestamp="20230508 01:00:31.764" level="INFO">GET Request : url=https://serverest.dev/usuarios/7px8VSFISnraA7qT 
 path_url=/usuarios/7px8VSFISnraA7qT 
 headers={'User-Agent': 'python-requests/2.30.0', 'Accept-Encoding': 'gzip, deflate', 'Accept': '*/*', 'Connection': 'keep-alive'} 
 body=None 
 </msg>
<msg timestamp="20230508 01:00:31.764" level="INFO">GET Response : url=https://serverest.dev/usuarios/7px8VSFISnraA7qT 
 status=200, reason=OK 
 headers={'access-control-allow-origin': '*', 'x-dns-prefetch-control': 'off', 'x-frame-options': 'SAMEORIGIN', 'strict-transport-security': 'max-age=15552000; includeSubDomains', 'x-download-options': 'noopen', 'x-content-type-options': 'nosniff', 'x-xss-protection': '1; mode=block', 'x-moesif-transaction-id': '74f152f5-ea6d-4ad8-a59c-cba1e853b672', 'content-type': 'application/json; charset=utf-8', 'X-Cloud-Trace-Context': '657573e68ab418b51c50166a11fd0c90', 'Date': 'Mon, 08 May 2023 01:00:31 GMT', 'Server': 'Google Frontend', 'Content-Length': '155'} 
 body={
    "nome": "Luis Nash",
    "email": "melvin77@example.org",
    "password": "qCk1N!Xi(+",
    "administrador": "false",
    "_id": "7px8VSFISnraA7qT"
} 
 </msg>
<msg timestamp="20230508 01:00:31.764" level="INFO">${response} = &lt;Response [200]&gt;</msg>
<status status="PASS" starttime="20230508 01:00:31.677" endtime="20230508 01:00:31.764"/>
</kw>
<kw name="Set Test Variable" library="BuiltIn">
<arg>${response}</arg>
<doc>Makes a variable available everywhere within the scope of the current test.</doc>
<msg timestamp="20230508 01:00:31.765" level="INFO">${response} = &lt;Response [200]&gt;</msg>
<status status="PASS" starttime="20230508 01:00:31.764" endtime="20230508 01:00:31.765"/>
</kw>
<status status="PASS" starttime="20230508 01:00:31.677" endtime="20230508 01:00:31.765"/>
</kw>
<kw name="Then the response status code should be 200" library="test_keywords_users" sourcename="Then the response status code should be ${status_code}">
<kw name="Should Be Equal As Numbers" library="BuiltIn">
<arg>${response.status_code}</arg>
<arg>${status_code}</arg>
<doc>Fails if objects are unequal after converting them to real numbers.</doc>
<msg timestamp="20230508 01:00:31.766" level="INFO">Argument types are:
&lt;class 'int'&gt;
&lt;class 'str'&gt;</msg>
<status status="PASS" starttime="20230508 01:00:31.765" endtime="20230508 01:00:31.766"/>
</kw>
<kw name="Should Be True" library="BuiltIn">
<arg>${response.json()}</arg>
<doc>Fails if the given condition is not true.</doc>
<status status="PASS" starttime="20230508 01:00:31.766" endtime="20230508 01:00:31.767"/>
</kw>
<status status="PASS" starttime="20230508 01:00:31.765" endtime="20230508 01:00:31.767"/>
</kw>
<kw name="And the response body should not be empty" library="test_keywords_users">
<kw name="Should Not Be Empty" library="BuiltIn">
<arg>${response.json()}</arg>
<doc>Verifies that the given item is not empty.</doc>
<msg timestamp="20230508 01:00:31.768" level="INFO">Length is 5</msg>
<status status="PASS" starttime="20230508 01:00:31.767" endtime="20230508 01:00:31.768"/>
</kw>
<status status="PASS" starttime="20230508 01:00:31.767" endtime="20230508 01:00:31.768"/>
</kw>
<tag>api</tag>
<status status="PASS" starttime="20230508 01:00:31.675" endtime="20230508 01:00:31.768"/>
</test>
<test id="s1-s1-s1-s1-t4" name="Scenario: Update the created user" line="28">
<kw name="Before Tests" library="test_keywords_common" type="SETUP">
<kw name="Create Session" library="RequestsLibrary">
<arg>serverest</arg>
<arg>${SERVER_BASE_URL}</arg>
<arg>disable_warnings=True</arg>
<doc>Create Session: create a HTTP session to a server</doc>
<msg timestamp="20230508 01:00:31.770" level="INFO">Creating Session using : alias=serverest, url=https://serverest.dev, headers={},                     cookies={}, auth=None, timeout=None, proxies=None, verify=False,                     debug=0 </msg>
<status status="PASS" starttime="20230508 01:00:31.769" endtime="20230508 01:00:31.770"/>
</kw>
<status status="PASS" starttime="20230508 01:00:31.769" endtime="20230508 01:00:31.770"/>
</kw>
<kw name="When I update the created user" library="test_keywords_users">
<kw name="Create Dictionary" library="BuiltIn">
<var>${payload}</var>
<arg>nome=John Smith</arg>
<arg>email=john.smith@example.com</arg>
<arg>password=P@ssw0rd123</arg>
<arg>administrador=false</arg>
<doc>Creates and returns a dictionary based on the given ``items``.</doc>
<msg timestamp="20230508 01:00:31.771" level="INFO">${payload} = {'nome': 'John Smith', 'email': 'john.smith@example.com', 'password': 'P@ssw0rd123', 'administrador': 'false'}</msg>
<status status="PASS" starttime="20230508 01:00:31.770" endtime="20230508 01:00:31.771"/>
</kw>
<kw name="Create Dictionary" library="BuiltIn">
<var>${headers}</var>
<arg>Content-Type=application/json</arg>
<doc>Creates and returns a dictionary based on the given ``items``.</doc>
<msg timestamp="20230508 01:00:31.771" level="INFO">${headers} = {'Content-Type': 'application/json'}</msg>
<status status="PASS" starttime="20230508 01:00:31.771" endtime="20230508 01:00:31.771"/>
</kw>
<kw name="PUT On Session" library="RequestsLibrary">
<var>${response}</var>
<arg>serverest</arg>
<arg>${USERS_API_ENDPOINT}/${USER_ID}</arg>
<arg>json=${payload}</arg>
<arg>headers=${headers}</arg>
<doc>Sends a PUT request on a previously created HTTP Session.</doc>
<msg timestamp="20230508 01:00:31.847" level="INFO">PUT Request : url=https://serverest.dev/usuarios/7px8VSFISnraA7qT 
 path_url=/usuarios/7px8VSFISnraA7qT 
 headers={'User-Agent': 'python-requests/2.30.0', 'Accept-Encoding': 'gzip, deflate', 'Accept': '*/*', 'Connection': 'keep-alive', 'Content-Type': 'application/json', 'Content-Length': '110'} 
 body=b'{"nome": "John Smith", "email": "john.smith@example.com", "password": "P@ssw0rd123", "administrador": "false"}' 
 </msg>
<msg timestamp="20230508 01:00:31.847" level="INFO">PUT Response : url=https://serverest.dev/usuarios/7px8VSFISnraA7qT 
 status=200, reason=OK 
 headers={'access-control-allow-origin': '*', 'x-dns-prefetch-control': 'off', 'x-frame-options': 'SAMEORIGIN', 'strict-transport-security': 'max-age=15552000; includeSubDomains', 'x-download-options': 'noopen', 'x-content-type-options': 'nosniff', 'x-xss-protection': '1; mode=block', 'x-moesif-transaction-id': '78b5e9d9-6b9f-4121-9a12-0b4c71251676', 'content-type': 'application/json; charset=utf-8', 'X-Cloud-Trace-Context': '5eb947a4acf88f010706e074b236b572', 'Date': 'Mon, 08 May 2023 01:00:31 GMT', 'Server': 'Google Frontend', 'Content-Length': '50'} 
 body={
    "message": "Registro alterado com sucesso"
} 
 </msg>
<msg timestamp="20230508 01:00:31.848" level="INFO">${response} = &lt;Response [200]&gt;</msg>
<status status="PASS" starttime="20230508 01:00:31.771" endtime="20230508 01:00:31.848"/>
</kw>
<kw name="Set Test Variable" library="BuiltIn">
<arg>${response}</arg>
<doc>Makes a variable available everywhere within the scope of the current test.</doc>
<msg timestamp="20230508 01:00:31.848" level="INFO">${response} = &lt;Response [200]&gt;</msg>
<status status="PASS" starttime="20230508 01:00:31.848" endtime="20230508 01:00:31.848"/>
</kw>
<status status="PASS" starttime="20230508 01:00:31.770" endtime="20230508 01:00:31.848"/>
</kw>
<kw name="Then the response status code should be 200" library="test_keywords_users" sourcename="Then the response status code should be ${status_code}">
<kw name="Should Be Equal As Numbers" library="BuiltIn">
<arg>${response.status_code}</arg>
<arg>${status_code}</arg>
<doc>Fails if objects are unequal after converting them to real numbers.</doc>
<msg timestamp="20230508 01:00:31.849" level="INFO">Argument types are:
&lt;class 'int'&gt;
&lt;class 'str'&gt;</msg>
<status status="PASS" starttime="20230508 01:00:31.849" endtime="20230508 01:00:31.849"/>
</kw>
<kw name="Should Be True" library="BuiltIn">
<arg>${response.json()}</arg>
<doc>Fails if the given condition is not true.</doc>
<status status="PASS" starttime="20230508 01:00:31.850" endtime="20230508 01:00:31.850"/>
</kw>
<status status="PASS" starttime="20230508 01:00:31.848" endtime="20230508 01:00:31.850"/>
</kw>
<kw name="And the response body should not be empty" library="test_keywords_users">
<kw name="Should Not Be Empty" library="BuiltIn">
<arg>${response.json()}</arg>
<doc>Verifies that the given item is not empty.</doc>
<msg timestamp="20230508 01:00:31.851" level="INFO">Length is 1</msg>
<status status="PASS" starttime="20230508 01:00:31.851" endtime="20230508 01:00:31.851"/>
</kw>
<status status="PASS" starttime="20230508 01:00:31.850" endtime="20230508 01:00:31.851"/>
</kw>
<tag>api</tag>
<status status="PASS" starttime="20230508 01:00:31.769" endtime="20230508 01:00:31.851"/>
</test>
<test id="s1-s1-s1-s1-t5" name="Scenario: Delete the created user" line="34">
<kw name="Before Tests" library="test_keywords_common" type="SETUP">
<kw name="Create Session" library="RequestsLibrary">
<arg>serverest</arg>
<arg>${SERVER_BASE_URL}</arg>
<arg>disable_warnings=True</arg>
<doc>Create Session: create a HTTP session to a server</doc>
<msg timestamp="20230508 01:00:31.853" level="INFO">Creating Session using : alias=serverest, url=https://serverest.dev, headers={},                     cookies={}, auth=None, timeout=None, proxies=None, verify=False,                     debug=0 </msg>
<status status="PASS" starttime="20230508 01:00:31.852" endtime="20230508 01:00:31.853"/>
</kw>
<status status="PASS" starttime="20230508 01:00:31.852" endtime="20230508 01:00:31.853"/>
</kw>
<kw name="When I delete the created user" library="test_keywords_users">
<kw name="DELETE On Session" library="RequestsLibrary">
<var>${response}</var>
<arg>serverest</arg>
<arg>${USERS_API_ENDPOINT}/${USER_ID}</arg>
<doc>Sends a DELETE request on a previously created HTTP Session.</doc>
<msg timestamp="20230508 01:00:31.936" level="INFO">DELETE Request : url=https://serverest.dev/usuarios/7px8VSFISnraA7qT 
 path_url=/usuarios/7px8VSFISnraA7qT 
 headers={'User-Agent': 'python-requests/2.30.0', 'Accept-Encoding': 'gzip, deflate', 'Accept': '*/*', 'Connection': 'keep-alive', 'Content-Length': '0'} 
 body=None 
 </msg>
<msg timestamp="20230508 01:00:31.936" level="INFO">DELETE Response : url=https://serverest.dev/usuarios/7px8VSFISnraA7qT 
 status=200, reason=OK 
 headers={'access-control-allow-origin': '*', 'x-dns-prefetch-control': 'off', 'x-frame-options': 'SAMEORIGIN', 'strict-transport-security': 'max-age=15552000; includeSubDomains', 'x-download-options': 'noopen', 'x-content-type-options': 'nosniff', 'x-xss-protection': '1; mode=block', 'x-moesif-transaction-id': '5a6f90ec-7749-442a-a1ad-efaa486d7af3', 'content-type': 'application/json; charset=utf-8', 'X-Cloud-Trace-Context': '2531cf2802af2f091129c1b51bf79eec', 'Date': 'Mon, 08 May 2023 01:00:31 GMT', 'Server': 'Google Frontend', 'Content-Length': '51'} 
 body={
    "message": "Registro excluído com sucesso"
} 
 </msg>
<msg timestamp="20230508 01:00:31.936" level="INFO">${response} = &lt;Response [200]&gt;</msg>
<status status="PASS" starttime="20230508 01:00:31.854" endtime="20230508 01:00:31.936"/>
</kw>
<kw name="Set Test Variable" library="BuiltIn">
<arg>${response}</arg>
<doc>Makes a variable available everywhere within the scope of the current test.</doc>
<msg timestamp="20230508 01:00:31.937" level="INFO">${response} = &lt;Response [200]&gt;</msg>
<status status="PASS" starttime="20230508 01:00:31.937" endtime="20230508 01:00:31.937"/>
</kw>
<status status="PASS" starttime="20230508 01:00:31.853" endtime="20230508 01:00:31.937"/>
</kw>
<kw name="Then the response status code should be 200" library="test_keywords_users" sourcename="Then the response status code should be ${status_code}">
<kw name="Should Be Equal As Numbers" library="BuiltIn">
<arg>${response.status_code}</arg>
<arg>${status_code}</arg>
<doc>Fails if objects are unequal after converting them to real numbers.</doc>
<msg timestamp="20230508 01:00:31.938" level="INFO">Argument types are:
&lt;class 'int'&gt;
&lt;class 'str'&gt;</msg>
<status status="PASS" starttime="20230508 01:00:31.937" endtime="20230508 01:00:31.938"/>
</kw>
<kw name="Should Be True" library="BuiltIn">
<arg>${response.json()}</arg>
<doc>Fails if the given condition is not true.</doc>
<status status="PASS" starttime="20230508 01:00:31.938" endtime="20230508 01:00:31.939"/>
</kw>
<status status="PASS" starttime="20230508 01:00:31.937" endtime="20230508 01:00:31.939"/>
</kw>
<kw name="And the response body should not be empty" library="test_keywords_users">
<kw name="Should Not Be Empty" library="BuiltIn">
<arg>${response.json()}</arg>
<doc>Verifies that the given item is not empty.</doc>
<msg timestamp="20230508 01:00:31.940" level="INFO">Length is 1</msg>
<status status="PASS" starttime="20230508 01:00:31.939" endtime="20230508 01:00:31.940"/>
</kw>
<status status="PASS" starttime="20230508 01:00:31.939" endtime="20230508 01:00:31.940"/>
</kw>
<tag>api</tag>
<status status="PASS" starttime="20230508 01:00:31.852" endtime="20230508 01:00:31.940"/>
</test>
<status status="PASS" starttime="20230508 01:00:30.912" endtime="20230508 01:00:31.941"/>
</suite>
<status status="PASS" starttime="20230508 01:00:30.911" endtime="20230508 01:00:31.942"/>
</suite>
<status status="PASS" starttime="20230508 01:00:30.910" endtime="20230508 01:00:31.942"/>
</suite>
<suite id="s1-s2" name="Ui" source="/home/runner/work/gen-ai-robot-test/gen-ai-robot-test/tests/ui">
<suite id="s1-s2-s1" name="Login" source="/home/runner/work/gen-ai-robot-test/gen-ai-robot-test/tests/ui/login">
<suite id="s1-s2-s1-s1" name="Test Ui Login" source="/home/runner/work/gen-ai-robot-test/gen-ai-robot-test/tests/ui/login/test_ui_login.robot">
<test id="s1-s2-s1-s1-t1" name="Scenario: Log in to Sauce Demo with Standard User" line="10">
<kw name="Before Tests" library="test_keywords_common" type="SETUP">
<kw name="Open Browser" library="SeleniumLibrary">
<arg>${SERVER_BASE_URL}</arg>
<arg>${HEADLESS} ${BROWSER}</arg>
<doc>Opens a new browser instance to the optional ``url``.</doc>
<msg timestamp="20230508 01:00:31.953" level="INFO">Opening browser 'headless Chrome' to base url 'https://www.saucedemo.com/'.</msg>
<status status="PASS" starttime="20230508 01:00:31.952" endtime="20230508 01:00:38.990"/>
</kw>
<kw name="Maximize Browser Window" library="SeleniumLibrary">
<doc>Maximizes current browser window.</doc>
<status status="PASS" starttime="20230508 01:00:38.990" endtime="20230508 01:00:39.109"/>
</kw>
<status status="PASS" starttime="20230508 01:00:31.952" endtime="20230508 01:00:39.109"/>
</kw>
<kw name="Given Im on the main application page" library="test_keywords_login">
<kw name="Go To" library="SeleniumLibrary">
<arg>${SERVER_BASE_URL}</arg>
<doc>Navigates the current browser window to the provided ``url``.</doc>
<msg timestamp="20230508 01:00:39.110" level="INFO">Opening url 'https://www.saucedemo.com/'</msg>
<status status="PASS" starttime="20230508 01:00:39.110" endtime="20230508 01:00:39.198"/>
</kw>
<kw name="Location Should Be" library="SeleniumLibrary">
<arg>${SERVER_BASE_URL}</arg>
<doc>Verifies that the current URL is exactly ``url``.</doc>
<msg timestamp="20230508 01:00:39.202" level="INFO">Current location is 'https://www.saucedemo.com/'.</msg>
<status status="PASS" starttime="20230508 01:00:39.198" endtime="20230508 01:00:39.202"/>
</kw>
<status status="PASS" starttime="20230508 01:00:39.109" endtime="20230508 01:00:39.202"/>
</kw>
<kw name="When I log in with credentials" library="test_keywords_login">
<arg>standard_user</arg>
<arg>secret_sauce</arg>
<kw name="Input Text" library="SeleniumLibrary">
<arg>id:user-name</arg>
<arg>${username}</arg>
<doc>Types the given ``text`` into the text field identified by ``locator``.</doc>
<msg timestamp="20230508 01:00:39.204" level="INFO">Typing text 'standard_user' into text field 'id:user-name'.</msg>
<status status="PASS" starttime="20230508 01:00:39.202" endtime="20230508 01:00:39.379"/>
</kw>
<kw name="Input Text" library="SeleniumLibrary">
<arg>id:password</arg>
<arg>${password}</arg>
<doc>Types the given ``text`` into the text field identified by ``locator``.</doc>
<msg timestamp="20230508 01:00:39.380" level="INFO">Typing text 'secret_sauce' into text field 'id:password'.</msg>
<status status="PASS" starttime="20230508 01:00:39.380" endtime="20230508 01:00:39.509"/>
</kw>
<kw name="Click Button" library="SeleniumLibrary">
<arg>id:login-button</arg>
<doc>Clicks the button identified by ``locator``.</doc>
<msg timestamp="20230508 01:00:39.509" level="INFO">Clicking button 'id:login-button'.</msg>
<status status="PASS" starttime="20230508 01:00:39.509" endtime="20230508 01:00:39.721"/>
</kw>
<status status="PASS" starttime="20230508 01:00:39.202" endtime="20230508 01:00:39.722"/>
</kw>
<kw name="And the Inventory page loads" library="test_keywords_login">
<kw name="Location Should Be" library="SeleniumLibrary">
<arg>https://www.saucedemo.com/inventory.html</arg>
<doc>Verifies that the current URL is exactly ``url``.</doc>
<msg timestamp="20230508 01:00:39.728" level="INFO">Current location is 'https://www.saucedemo.com/inventory.html'.</msg>
<status status="PASS" starttime="20230508 01:00:39.722" endtime="20230508 01:00:39.729"/>
</kw>
<status status="PASS" starttime="20230508 01:00:39.722" endtime="20230508 01:00:39.729"/>
</kw>
<kw name="Then the page should contain the text &quot;Products&quot;" library="test_keywords_login" sourcename="Then the page should contain the text &quot;${expected_text}&quot;">
<kw name="Page Should Contain" library="SeleniumLibrary">
<arg>${expected_text}</arg>
<doc>Verifies that current page contains ``text``.</doc>
<msg timestamp="20230508 01:00:39.755" level="INFO">Current page contains text 'Products'.</msg>
<status status="PASS" starttime="20230508 01:00:39.729" endtime="20230508 01:00:39.755"/>
</kw>
<status status="PASS" starttime="20230508 01:00:39.729" endtime="20230508 01:00:39.755"/>
</kw>
<kw name="After Tests" library="test_keywords_common" type="TEARDOWN">
<kw name="Close Browser" library="SeleniumLibrary">
<doc>Closes the current browser.</doc>
<status status="PASS" starttime="20230508 01:00:39.756" endtime="20230508 01:00:39.812"/>
</kw>
<status status="PASS" starttime="20230508 01:00:39.756" endtime="20230508 01:00:39.812"/>
</kw>
<tag>ui</tag>
<status status="PASS" starttime="20230508 01:00:31.951" endtime="20230508 01:00:39.812"/>
</test>
<test id="s1-s2-s1-s1-t2" name="Scenario: Log in to Sauce Demo with Locked Out User" line="17">
<kw name="Before Tests" library="test_keywords_common" type="SETUP">
<kw name="Open Browser" library="SeleniumLibrary">
<arg>${SERVER_BASE_URL}</arg>
<arg>${HEADLESS} ${BROWSER}</arg>
<doc>Opens a new browser instance to the optional ``url``.</doc>
<msg timestamp="20230508 01:00:39.814" level="INFO">Opening browser 'headless Chrome' to base url 'https://www.saucedemo.com/'.</msg>
<status status="PASS" starttime="20230508 01:00:39.813" endtime="20230508 01:00:40.641"/>
</kw>
<kw name="Maximize Browser Window" library="SeleniumLibrary">
<doc>Maximizes current browser window.</doc>
<status status="PASS" starttime="20230508 01:00:40.642" endtime="20230508 01:00:40.745"/>
</kw>
<status status="PASS" starttime="20230508 01:00:39.813" endtime="20230508 01:00:40.745"/>
</kw>
<kw name="Given Im on the main application page" library="test_keywords_login">
<kw name="Go To" library="SeleniumLibrary">
<arg>${SERVER_BASE_URL}</arg>
<doc>Navigates the current browser window to the provided ``url``.</doc>
<msg timestamp="20230508 01:00:40.746" level="INFO">Opening url 'https://www.saucedemo.com/'</msg>
<status status="PASS" starttime="20230508 01:00:40.746" endtime="20230508 01:00:40.793"/>
</kw>
<kw name="Location Should Be" library="SeleniumLibrary">
<arg>${SERVER_BASE_URL}</arg>
<doc>Verifies that the current URL is exactly ``url``.</doc>
<msg timestamp="20230508 01:00:40.798" level="INFO">Current location is 'https://www.saucedemo.com/'.</msg>
<status status="PASS" starttime="20230508 01:00:40.794" endtime="20230508 01:00:40.798"/>
</kw>
<status status="PASS" starttime="20230508 01:00:40.746" endtime="20230508 01:00:40.798"/>
</kw>
<kw name="When I log in with credentials" library="test_keywords_login">
<arg>locked_out_user</arg>
<arg>secret_sauce</arg>
<kw name="Input Text" library="SeleniumLibrary">
<arg>id:user-name</arg>
<arg>${username}</arg>
<doc>Types the given ``text`` into the text field identified by ``locator``.</doc>
<msg timestamp="20230508 01:00:40.800" level="INFO">Typing text 'locked_out_user' into text field 'id:user-name'.</msg>
<status status="PASS" starttime="20230508 01:00:40.799" endtime="20230508 01:00:40.890"/>
</kw>
<kw name="Input Text" library="SeleniumLibrary">
<arg>id:password</arg>
<arg>${password}</arg>
<doc>Types the given ``text`` into the text field identified by ``locator``.</doc>
<msg timestamp="20230508 01:00:40.891" level="INFO">Typing text 'secret_sauce' into text field 'id:password'.</msg>
<status status="PASS" starttime="20230508 01:00:40.890" endtime="20230508 01:00:40.968"/>
</kw>
<kw name="Click Button" library="SeleniumLibrary">
<arg>id:login-button</arg>
<doc>Clicks the button identified by ``locator``.</doc>
<msg timestamp="20230508 01:00:40.968" level="INFO">Clicking button 'id:login-button'.</msg>
<status status="PASS" starttime="20230508 01:00:40.968" endtime="20230508 01:00:41.027"/>
</kw>
<status status="PASS" starttime="20230508 01:00:40.799" endtime="20230508 01:00:41.027"/>
</kw>
<kw name="Then the locked out message should be displayed" library="test_keywords_login">
<kw name="Element Should Be Visible" library="SeleniumLibrary">
<arg>class:error-message-container</arg>
<doc>Verifies that the element identified by ``locator`` is visible.</doc>
<msg timestamp="20230508 01:00:41.049" level="INFO">Element 'class:error-message-container' is displayed.</msg>
<status status="PASS" starttime="20230508 01:00:41.028" endtime="20230508 01:00:41.049"/>
</kw>
<status status="PASS" starttime="20230508 01:00:41.027" endtime="20230508 01:00:41.050"/>
</kw>
<kw name="After Tests" library="test_keywords_common" type="TEARDOWN">
<kw name="Close Browser" library="SeleniumLibrary">
<doc>Closes the current browser.</doc>
<status status="PASS" starttime="20230508 01:00:41.050" endtime="20230508 01:00:41.107"/>
</kw>
<status status="PASS" starttime="20230508 01:00:41.050" endtime="20230508 01:00:41.107"/>
</kw>
<tag>ui</tag>
<status status="PASS" starttime="20230508 01:00:39.812" endtime="20230508 01:00:41.107"/>
</test>
<test id="s1-s2-s1-s1-t3" name="Scenario: Log in to Sauce Demo with Problem User" line="23">
<kw name="Before Tests" library="test_keywords_common" type="SETUP">
<kw name="Open Browser" library="SeleniumLibrary">
<arg>${SERVER_BASE_URL}</arg>
<arg>${HEADLESS} ${BROWSER}</arg>
<doc>Opens a new browser instance to the optional ``url``.</doc>
<msg timestamp="20230508 01:00:41.109" level="INFO">Opening browser 'headless Chrome' to base url 'https://www.saucedemo.com/'.</msg>
<status status="PASS" starttime="20230508 01:00:41.109" endtime="20230508 01:00:41.926"/>
</kw>
<kw name="Maximize Browser Window" library="SeleniumLibrary">
<doc>Maximizes current browser window.</doc>
<status status="PASS" starttime="20230508 01:00:41.927" endtime="20230508 01:00:42.030"/>
</kw>
<status status="PASS" starttime="20230508 01:00:41.108" endtime="20230508 01:00:42.030"/>
</kw>
<kw name="Given Im on the main application page" library="test_keywords_login">
<kw name="Go To" library="SeleniumLibrary">
<arg>${SERVER_BASE_URL}</arg>
<doc>Navigates the current browser window to the provided ``url``.</doc>
<msg timestamp="20230508 01:00:42.031" level="INFO">Opening url 'https://www.saucedemo.com/'</msg>
<status status="PASS" starttime="20230508 01:00:42.031" endtime="20230508 01:00:42.078"/>
</kw>
<kw name="Location Should Be" library="SeleniumLibrary">
<arg>${SERVER_BASE_URL}</arg>
<doc>Verifies that the current URL is exactly ``url``.</doc>
<msg timestamp="20230508 01:00:42.083" level="INFO">Current location is 'https://www.saucedemo.com/'.</msg>
<status status="PASS" starttime="20230508 01:00:42.079" endtime="20230508 01:00:42.083"/>
</kw>
<status status="PASS" starttime="20230508 01:00:42.030" endtime="20230508 01:00:42.083"/>
</kw>
<kw name="When I log in with credentials" library="test_keywords_login">
<arg>problem_user</arg>
<arg>secret_sauce</arg>
<kw name="Input Text" library="SeleniumLibrary">
<arg>id:user-name</arg>
<arg>${username}</arg>
<doc>Types the given ``text`` into the text field identified by ``locator``.</doc>
<msg timestamp="20230508 01:00:42.084" level="INFO">Typing text 'problem_user' into text field 'id:user-name'.</msg>
<status status="PASS" starttime="20230508 01:00:42.084" endtime="20230508 01:00:42.179"/>
</kw>
<kw name="Input Text" library="SeleniumLibrary">
<arg>id:password</arg>
<arg>${password}</arg>
<doc>Types the given ``text`` into the text field identified by ``locator``.</doc>
<msg timestamp="20230508 01:00:42.180" level="INFO">Typing text 'secret_sauce' into text field 'id:password'.</msg>
<status status="PASS" starttime="20230508 01:00:42.179" endtime="20230508 01:00:42.257"/>
</kw>
<kw name="Click Button" library="SeleniumLibrary">
<arg>id:login-button</arg>
<doc>Clicks the button identified by ``locator``.</doc>
<msg timestamp="20230508 01:00:42.258" level="INFO">Clicking button 'id:login-button'.</msg>
<status status="PASS" starttime="20230508 01:00:42.258" endtime="20230508 01:00:42.339"/>
</kw>
<status status="PASS" starttime="20230508 01:00:42.084" endtime="20230508 01:00:42.339"/>
</kw>
<kw name="And the Inventory page loads" library="test_keywords_login">
<kw name="Location Should Be" library="SeleniumLibrary">
<arg>https://www.saucedemo.com/inventory.html</arg>
<doc>Verifies that the current URL is exactly ``url``.</doc>
<msg timestamp="20230508 01:00:42.347" level="INFO">Current location is 'https://www.saucedemo.com/inventory.html'.</msg>
<status status="PASS" starttime="20230508 01:00:42.340" endtime="20230508 01:00:42.347"/>
</kw>
<status status="PASS" starttime="20230508 01:00:42.339" endtime="20230508 01:00:42.347"/>
</kw>
<kw name="Then the page should contain the text &quot;Products&quot;" library="test_keywords_login" sourcename="Then the page should contain the text &quot;${expected_text}&quot;">
<kw name="Page Should Contain" library="SeleniumLibrary">
<arg>${expected_text}</arg>
<doc>Verifies that current page contains ``text``.</doc>
<msg timestamp="20230508 01:00:42.360" level="INFO">Current page contains text 'Products'.</msg>
<status status="PASS" starttime="20230508 01:00:42.348" endtime="20230508 01:00:42.360"/>
</kw>
<status status="PASS" starttime="20230508 01:00:42.348" endtime="20230508 01:00:42.360"/>
</kw>
<kw name="After Tests" library="test_keywords_common" type="TEARDOWN">
<kw name="Close Browser" library="SeleniumLibrary">
<doc>Closes the current browser.</doc>
<status status="PASS" starttime="20230508 01:00:42.361" endtime="20230508 01:00:42.417"/>
</kw>
<status status="PASS" starttime="20230508 01:00:42.360" endtime="20230508 01:00:42.417"/>
</kw>
<tag>ui</tag>
<status status="PASS" starttime="20230508 01:00:41.108" endtime="20230508 01:00:42.417"/>
</test>
<test id="s1-s2-s1-s1-t4" name="Scenario: Log in to Sauce Demo with Performance Glitch User" line="30">
<kw name="Before Tests" library="test_keywords_common" type="SETUP">
<kw name="Open Browser" library="SeleniumLibrary">
<arg>${SERVER_BASE_URL}</arg>
<arg>${HEADLESS} ${BROWSER}</arg>
<doc>Opens a new browser instance to the optional ``url``.</doc>
<msg timestamp="20230508 01:00:42.419" level="INFO">Opening browser 'headless Chrome' to base url 'https://www.saucedemo.com/'.</msg>
<status status="PASS" starttime="20230508 01:00:42.419" endtime="20230508 01:00:43.232"/>
</kw>
<kw name="Maximize Browser Window" library="SeleniumLibrary">
<doc>Maximizes current browser window.</doc>
<status status="PASS" starttime="20230508 01:00:43.233" endtime="20230508 01:00:43.337"/>
</kw>
<status status="PASS" starttime="20230508 01:00:42.418" endtime="20230508 01:00:43.337"/>
</kw>
<kw name="Given Im on the main application page" library="test_keywords_login">
<kw name="Go To" library="SeleniumLibrary">
<arg>${SERVER_BASE_URL}</arg>
<doc>Navigates the current browser window to the provided ``url``.</doc>
<msg timestamp="20230508 01:00:43.338" level="INFO">Opening url 'https://www.saucedemo.com/'</msg>
<status status="PASS" starttime="20230508 01:00:43.338" endtime="20230508 01:00:43.403"/>
</kw>
<kw name="Location Should Be" library="SeleniumLibrary">
<arg>${SERVER_BASE_URL}</arg>
<doc>Verifies that the current URL is exactly ``url``.</doc>
<msg timestamp="20230508 01:00:43.408" level="INFO">Current location is 'https://www.saucedemo.com/'.</msg>
<status status="PASS" starttime="20230508 01:00:43.404" endtime="20230508 01:00:43.408"/>
</kw>
<status status="PASS" starttime="20230508 01:00:43.337" endtime="20230508 01:00:43.408"/>
</kw>
<kw name="When I log in with credentials" library="test_keywords_login">
<arg>performance_glitch_user</arg>
<arg>secret_sauce</arg>
<kw name="Input Text" library="SeleniumLibrary">
<arg>id:user-name</arg>
<arg>${username}</arg>
<doc>Types the given ``text`` into the text field identified by ``locator``.</doc>
<msg timestamp="20230508 01:00:43.409" level="INFO">Typing text 'performance_glitch_user' into text field 'id:user-name'.</msg>
<status status="PASS" starttime="20230508 01:00:43.409" endtime="20230508 01:00:43.503"/>
</kw>
<kw name="Input Text" library="SeleniumLibrary">
<arg>id:password</arg>
<arg>${password}</arg>
<doc>Types the given ``text`` into the text field identified by ``locator``.</doc>
<msg timestamp="20230508 01:00:43.504" level="INFO">Typing text 'secret_sauce' into text field 'id:password'.</msg>
<status status="PASS" starttime="20230508 01:00:43.503" endtime="20230508 01:00:43.585"/>
</kw>
<kw name="Click Button" library="SeleniumLibrary">
<arg>id:login-button</arg>
<doc>Clicks the button identified by ``locator``.</doc>
<msg timestamp="20230508 01:00:43.586" level="INFO">Clicking button 'id:login-button'.</msg>
<status status="PASS" starttime="20230508 01:00:43.586" endtime="20230508 01:00:48.678"/>
</kw>
<status status="PASS" starttime="20230508 01:00:43.408" endtime="20230508 01:00:48.679"/>
</kw>
<kw name="And the Inventory page loads" library="test_keywords_login">
<kw name="Location Should Be" library="SeleniumLibrary">
<arg>https://www.saucedemo.com/inventory.html</arg>
<doc>Verifies that the current URL is exactly ``url``.</doc>
<msg timestamp="20230508 01:00:48.683" level="INFO">Current location is 'https://www.saucedemo.com/inventory.html'.</msg>
<status status="PASS" starttime="20230508 01:00:48.679" endtime="20230508 01:00:48.683"/>
</kw>
<status status="PASS" starttime="20230508 01:00:48.679" endtime="20230508 01:00:48.683"/>
</kw>
<kw name="Then the page should contain the text &quot;Products&quot;" library="test_keywords_login" sourcename="Then the page should contain the text &quot;${expected_text}&quot;">
<kw name="Page Should Contain" library="SeleniumLibrary">
<arg>${expected_text}</arg>
<doc>Verifies that current page contains ``text``.</doc>
<msg timestamp="20230508 01:00:48.705" level="INFO">Current page contains text 'Products'.</msg>
<status status="PASS" starttime="20230508 01:00:48.683" endtime="20230508 01:00:48.705"/>
</kw>
<status status="PASS" starttime="20230508 01:00:48.683" endtime="20230508 01:00:48.705"/>
</kw>
<kw name="After Tests" library="test_keywords_common" type="TEARDOWN">
<kw name="Close Browser" library="SeleniumLibrary">
<doc>Closes the current browser.</doc>
<status status="PASS" starttime="20230508 01:00:48.706" endtime="20230508 01:00:48.762"/>
</kw>
<status status="PASS" starttime="20230508 01:00:48.706" endtime="20230508 01:00:48.763"/>
</kw>
<tag>ui</tag>
<status status="PASS" starttime="20230508 01:00:42.418" endtime="20230508 01:00:48.763"/>
</test>
<status status="PASS" starttime="20230508 01:00:31.946" endtime="20230508 01:00:48.763"/>
</suite>
<status status="PASS" starttime="20230508 01:00:31.944" endtime="20230508 01:00:48.765"/>
</suite>
<status status="PASS" starttime="20230508 01:00:31.943" endtime="20230508 01:00:48.766"/>
</suite>
<status status="PASS" starttime="20230508 01:00:30.891" endtime="20230508 01:00:48.767"/>
</suite>
<statistics>
<total>
<stat pass="9" fail="0" skip="0">All Tests</stat>
</total>
<tag>
<stat pass="5" fail="0" skip="0">api</stat>
<stat pass="4" fail="0" skip="0">ui</stat>
</tag>
<suite>
<stat pass="9" fail="0" skip="0" id="s1" name="Tests">Tests</stat>
<stat pass="5" fail="0" skip="0" id="s1-s1" name="Api">Tests.Api</stat>
<stat pass="5" fail="0" skip="0" id="s1-s1-s1" name="Users">Tests.Api.Users</stat>
<stat pass="5" fail="0" skip="0" id="s1-s1-s1-s1" name="Test Api Users">Tests.Api.Users.Test Api Users</stat>
<stat pass="4" fail="0" skip="0" id="s1-s2" name="Ui">Tests.Ui</stat>
<stat pass="4" fail="0" skip="0" id="s1-s2-s1" name="Login">Tests.Ui.Login</stat>
<stat pass="4" fail="0" skip="0" id="s1-s2-s1-s1" name="Test Ui Login">Tests.Ui.Login.Test Ui Login</stat>
</suite>
</statistics>
<errors>
</errors>
</robot>
