<?xml version="1.0" encoding="UTF-8"?>
<robot generator="Robot 6.0.2 (Python 3.8.16 on linux)" generated="20230525 20:43:09.525" rpa="false" schemaversion="3">
<suite id="s1" name="Tests" source="/home/runner/work/gen-ai-robot-test/gen-ai-robot-test/tests">
<suite id="s1-s1" name="Api" source="/home/runner/work/gen-ai-robot-test/gen-ai-robot-test/tests/api">
<suite id="s1-s1-s1" name="Test Api Users" source="/home/runner/work/gen-ai-robot-test/gen-ai-robot-test/tests/api/test_api_users.robot">
<test id="s1-s1-s1-t1" name="Scenario: Get all registered users" line="9">
<kw name="Before Tests" library="test_keywords_common" type="SETUP">
<kw name="Create Session" library="RequestsLibrary">
<arg>serverest</arg>
<arg>${SERVER_BASE_URL}</arg>
<arg>disable_warnings=True</arg>
<doc>Create Session: create a HTTP session to a server</doc>
<msg timestamp="20230525 20:43:10.077" level="INFO">Creating Session using : alias=serverest, url=https://serverest.dev, headers={},                     cookies={}, auth=None, timeout=None, proxies=None, verify=False,                     debug=0 </msg>
<status status="PASS" starttime="20230525 20:43:10.077" endtime="20230525 20:43:10.078"/>
</kw>
<status status="PASS" starttime="20230525 20:43:10.076" endtime="20230525 20:43:10.078"/>
</kw>
<kw name="When I request the list of all registered users" library="test_keywords_users">
<kw name="GET On Session" library="RequestsLibrary">
<var>${response}</var>
<arg>serverest</arg>
<arg>${USERS_API_ENDPOINT}</arg>
<doc>Sends a GET request on a previously created HTTP Session.</doc>
<msg timestamp="20230525 20:43:13.993" level="INFO">GET Request : url=https://serverest.dev/usuarios 
 path_url=/usuarios 
 headers={'User-Agent': 'python-requests/2.31.0', 'Accept-Encoding': 'gzip, deflate', 'Accept': '*/*', 'Connection': 'keep-alive'} 
 body=None 
 </msg>
<msg timestamp="20230525 20:43:13.993" level="INFO">GET Response : url=https://serverest.dev/usuarios 
 status=200, reason=OK 
 headers={'access-control-allow-origin': '*', 'x-dns-prefetch-control': 'off', 'x-frame-options': 'SAMEORIGIN', 'strict-transport-security': 'max-age=15552000; includeSubDomains', 'x-download-options': 'noopen', 'x-content-type-options': 'nosniff', 'x-xss-protection': '1; mode=block', 'x-moesif-transaction-id': '809730ae-a045-4912-be71-d183537c1091', 'content-type': 'application/json; charset=utf-8', 'X-Cloud-Trace-Context': '6c103563eac44b5dcfaec7cb2e9a1964;o=1', 'Date': 'Thu, 25 May 2023 20:43:13 GMT', 'Server': 'Google Frontend', 'Content-Length': '253'} 
 body={
    "quantidade": 1,
    "usuarios": [
        {
            "nome": "Fulano da Silva",
            "email": "fulano@qa.com",
            "password": "teste",
            "administrador": "true",
            "_id": "0uxuPY0cbmQhpEz1"
        }
    ]
} 
 </msg>
<msg timestamp="20230525 20:43:13.993" level="INFO">${response} = &lt;Response [200]&gt;</msg>
<status status="PASS" starttime="20230525 20:43:10.079" endtime="20230525 20:43:13.993"/>
</kw>
<kw name="Set Test Variable" library="BuiltIn">
<arg>${response}</arg>
<doc>Makes a variable available everywhere within the scope of the current test.</doc>
<msg timestamp="20230525 20:43:13.994" level="INFO">${response} = &lt;Response [200]&gt;</msg>
<status status="PASS" starttime="20230525 20:43:13.993" endtime="20230525 20:43:13.994"/>
</kw>
<status status="PASS" starttime="20230525 20:43:10.078" endtime="20230525 20:43:13.994"/>
</kw>
<kw name="Then the response status code should be 200" library="test_keywords_users" sourcename="Then the response status code should be ${status_code}">
<kw name="Should Be Equal As Numbers" library="BuiltIn">
<arg>${response.status_code}</arg>
<arg>${status_code}</arg>
<doc>Fails if objects are unequal after converting them to real numbers.</doc>
<msg timestamp="20230525 20:43:13.995" level="INFO">Argument types are:
&lt;class 'int'&gt;
&lt;class 'str'&gt;</msg>
<status status="PASS" starttime="20230525 20:43:13.995" endtime="20230525 20:43:13.996"/>
</kw>
<kw name="Should Be True" library="BuiltIn">
<arg>${response.json()}</arg>
<doc>Fails if the given condition is not true.</doc>
<status status="PASS" starttime="20230525 20:43:13.996" endtime="20230525 20:43:13.996"/>
</kw>
<status status="PASS" starttime="20230525 20:43:13.994" endtime="20230525 20:43:13.996"/>
</kw>
<kw name="And the response body should not be empty" library="test_keywords_users">
<kw name="Should Not Be Empty" library="BuiltIn">
<arg>${response.json()}</arg>
<doc>Verifies that the given item is not empty.</doc>
<msg timestamp="20230525 20:43:13.997" level="INFO">Length is 2</msg>
<status status="PASS" starttime="20230525 20:43:13.997" endtime="20230525 20:43:13.997"/>
</kw>
<status status="PASS" starttime="20230525 20:43:13.997" endtime="20230525 20:43:13.998"/>
</kw>
<tag>api</tag>
<status status="PASS" starttime="20230525 20:43:10.075" endtime="20230525 20:43:13.998"/>
</test>
<test id="s1-s1-s1-t2" name="Scenario: Create a new user" line="15">
<kw name="Before Tests" library="test_keywords_common" type="SETUP">
<kw name="Create Session" library="RequestsLibrary">
<arg>serverest</arg>
<arg>${SERVER_BASE_URL}</arg>
<arg>disable_warnings=True</arg>
<doc>Create Session: create a HTTP session to a server</doc>
<msg timestamp="20230525 20:43:13.999" level="INFO">Creating Session using : alias=serverest, url=https://serverest.dev, headers={},                     cookies={}, auth=None, timeout=None, proxies=None, verify=False,                     debug=0 </msg>
<status status="PASS" starttime="20230525 20:43:13.999" endtime="20230525 20:43:14.000"/>
</kw>
<status status="PASS" starttime="20230525 20:43:13.999" endtime="20230525 20:43:14.000"/>
</kw>
<kw name="Given I have a valid user data" library="test_keywords_users">
<kw name="Name" library="FakerLibrary">
<var>${name}</var>
<doc>:example 'John Doe'</doc>
<msg timestamp="20230525 20:43:14.001" level="INFO">${name} = Jeffrey Watson</msg>
<status status="PASS" starttime="20230525 20:43:14.001" endtime="20230525 20:43:14.001"/>
</kw>
<kw name="Email" library="FakerLibrary">
<var>${email}</var>
<msg timestamp="20230525 20:43:14.002" level="INFO">${email} = jonesmaria@example.net</msg>
<status status="PASS" starttime="20230525 20:43:14.001" endtime="20230525 20:43:14.002"/>
</kw>
<kw name="Password" library="FakerLibrary">
<var>${password}</var>
<arg>length=12</arg>
<arg>special_chars=False</arg>
<doc>Generate a random password of the specified ``length``.</doc>
<msg timestamp="20230525 20:43:14.002" level="INFO">${password} = Gpv68yNh33QG</msg>
<status status="PASS" starttime="20230525 20:43:14.002" endtime="20230525 20:43:14.002"/>
</kw>
<kw name="Set Suite Variable" library="BuiltIn">
<arg>${name}</arg>
<doc>Makes a variable available everywhere within the scope of the current suite.</doc>
<msg timestamp="20230525 20:43:14.003" level="INFO">${name} = Jeffrey Watson</msg>
<status status="PASS" starttime="20230525 20:43:14.002" endtime="20230525 20:43:14.003"/>
</kw>
<kw name="Set Suite Variable" library="BuiltIn">
<arg>${email}</arg>
<doc>Makes a variable available everywhere within the scope of the current suite.</doc>
<msg timestamp="20230525 20:43:14.003" level="INFO">${email} = jonesmaria@example.net</msg>
<status status="PASS" starttime="20230525 20:43:14.003" endtime="20230525 20:43:14.003"/>
</kw>
<kw name="Set Suite Variable" library="BuiltIn">
<arg>${password}</arg>
<doc>Makes a variable available everywhere within the scope of the current suite.</doc>
<msg timestamp="20230525 20:43:14.004" level="INFO">${password} = Gpv68yNh33QG</msg>
<status status="PASS" starttime="20230525 20:43:14.003" endtime="20230525 20:43:14.004"/>
</kw>
<status status="PASS" starttime="20230525 20:43:14.000" endtime="20230525 20:43:14.004"/>
</kw>
<kw name="When I create the user" library="test_keywords_users">
<kw name="Create Dictionary" library="BuiltIn">
<var>${payload}</var>
<arg>nome=${name}</arg>
<arg>email=${email}</arg>
<arg>password=${password}</arg>
<arg>administrador=false</arg>
<doc>Creates and returns a dictionary based on the given ``items``.</doc>
<msg timestamp="20230525 20:43:14.005" level="INFO">${payload} = {'nome': 'Jeffrey Watson', 'email': 'jonesmaria@example.net', 'password': 'Gpv68yNh33QG', 'administrador': 'false'}</msg>
<status status="PASS" starttime="20230525 20:43:14.004" endtime="20230525 20:43:14.005"/>
</kw>
<kw name="Create Dictionary" library="BuiltIn">
<var>${headers}</var>
<arg>Content-Type=application/json</arg>
<doc>Creates and returns a dictionary based on the given ``items``.</doc>
<msg timestamp="20230525 20:43:14.006" level="INFO">${headers} = {'Content-Type': 'application/json'}</msg>
<status status="PASS" starttime="20230525 20:43:14.005" endtime="20230525 20:43:14.006"/>
</kw>
<kw name="POST On Session" library="RequestsLibrary">
<var>${response}</var>
<arg>serverest</arg>
<arg>${USERS_API_ENDPOINT}</arg>
<arg>json=${payload}</arg>
<arg>headers=${headers}</arg>
<doc>Sends a POST request on a previously created HTTP Session.</doc>
<msg timestamp="20230525 20:43:14.100" level="INFO">POST Request : url=https://serverest.dev/usuarios 
 path_url=/usuarios 
 headers={'User-Agent': 'python-requests/2.31.0', 'Accept-Encoding': 'gzip, deflate', 'Accept': '*/*', 'Connection': 'keep-alive', 'Content-Type': 'application/json', 'Content-Length': '115'} 
 body=b'{"nome": "Jeffrey Watson", "email": "jonesmaria@example.net", "password": "Gpv68yNh33QG", "administrador": "false"}' 
 </msg>
<msg timestamp="20230525 20:43:14.100" level="INFO">POST Response : url=https://serverest.dev/usuarios 
 status=201, reason=Created 
 headers={'access-control-allow-origin': '*', 'x-dns-prefetch-control': 'off', 'x-frame-options': 'SAMEORIGIN', 'strict-transport-security': 'max-age=15552000; includeSubDomains', 'x-download-options': 'noopen', 'x-content-type-options': 'nosniff', 'x-xss-protection': '1; mode=block', 'x-moesif-transaction-id': '0a91ad99-ca1c-49a0-967f-f068c56e3a2b', 'content-type': 'application/json; charset=utf-8', 'X-Cloud-Trace-Context': '018ae545762bf0df2eb493a56069220c', 'Date': 'Thu, 25 May 2023 20:43:14 GMT', 'Server': 'Google Frontend', 'Content-Length': '82'} 
 body={
    "message": "Cadastro realizado com sucesso",
    "_id": "8v14VDMXNH369hYK"
} 
 </msg>
<msg timestamp="20230525 20:43:14.100" level="INFO">${response} = &lt;Response [201]&gt;</msg>
<status status="PASS" starttime="20230525 20:43:14.006" endtime="20230525 20:43:14.100"/>
</kw>
<kw name="Set Variable" library="BuiltIn">
<var>${user_id}</var>
<arg>${response.json()['_id']}</arg>
<doc>Returns the given values which can then be assigned to a variables.</doc>
<msg timestamp="20230525 20:43:14.102" level="INFO">${user_id} = 8v14VDMXNH369hYK</msg>
<status status="PASS" starttime="20230525 20:43:14.100" endtime="20230525 20:43:14.102"/>
</kw>
<kw name="Set Global Variable" library="BuiltIn">
<arg>${USER_ID}</arg>
<arg>${user_id}</arg>
<doc>Makes a variable available globally in all tests and suites.</doc>
<msg timestamp="20230525 20:43:14.102" level="INFO">${USER_ID} = 8v14VDMXNH369hYK</msg>
<status status="PASS" starttime="20230525 20:43:14.102" endtime="20230525 20:43:14.102"/>
</kw>
<kw name="Set Test Variable" library="BuiltIn">
<arg>${response}</arg>
<doc>Makes a variable available everywhere within the scope of the current test.</doc>
<msg timestamp="20230525 20:43:14.103" level="INFO">${response} = &lt;Response [201]&gt;</msg>
<status status="PASS" starttime="20230525 20:43:14.102" endtime="20230525 20:43:14.103"/>
</kw>
<status status="PASS" starttime="20230525 20:43:14.004" endtime="20230525 20:43:14.103"/>
</kw>
<kw name="Then the response status code should be 201" library="test_keywords_users" sourcename="Then the response status code should be ${status_code}">
<kw name="Should Be Equal As Numbers" library="BuiltIn">
<arg>${response.status_code}</arg>
<arg>${status_code}</arg>
<doc>Fails if objects are unequal after converting them to real numbers.</doc>
<msg timestamp="20230525 20:43:14.104" level="INFO">Argument types are:
&lt;class 'int'&gt;
&lt;class 'str'&gt;</msg>
<status status="PASS" starttime="20230525 20:43:14.104" endtime="20230525 20:43:14.104"/>
</kw>
<kw name="Should Be True" library="BuiltIn">
<arg>${response.json()}</arg>
<doc>Fails if the given condition is not true.</doc>
<status status="PASS" starttime="20230525 20:43:14.104" endtime="20230525 20:43:14.105"/>
</kw>
<status status="PASS" starttime="20230525 20:43:14.103" endtime="20230525 20:43:14.105"/>
</kw>
<kw name="And the response body should not be empty" library="test_keywords_users">
<kw name="Should Not Be Empty" library="BuiltIn">
<arg>${response.json()}</arg>
<doc>Verifies that the given item is not empty.</doc>
<msg timestamp="20230525 20:43:14.106" level="INFO">Length is 2</msg>
<status status="PASS" starttime="20230525 20:43:14.106" endtime="20230525 20:43:14.107"/>
</kw>
<status status="PASS" starttime="20230525 20:43:14.105" endtime="20230525 20:43:14.107"/>
</kw>
<tag>api</tag>
<status status="PASS" starttime="20230525 20:43:13.998" endtime="20230525 20:43:14.107"/>
</test>
<test id="s1-s1-s1-t3" name="Scenario: Get a specific user informations" line="22">
<kw name="Before Tests" library="test_keywords_common" type="SETUP">
<kw name="Create Session" library="RequestsLibrary">
<arg>serverest</arg>
<arg>${SERVER_BASE_URL}</arg>
<arg>disable_warnings=True</arg>
<doc>Create Session: create a HTTP session to a server</doc>
<msg timestamp="20230525 20:43:14.109" level="INFO">Creating Session using : alias=serverest, url=https://serverest.dev, headers={},                     cookies={}, auth=None, timeout=None, proxies=None, verify=False,                     debug=0 </msg>
<status status="PASS" starttime="20230525 20:43:14.108" endtime="20230525 20:43:14.109"/>
</kw>
<status status="PASS" starttime="20230525 20:43:14.108" endtime="20230525 20:43:14.110"/>
</kw>
<kw name="When I request the created user" library="test_keywords_users">
<kw name="GET On Session" library="RequestsLibrary">
<var>${response}</var>
<arg>serverest</arg>
<arg>${USERS_API_ENDPOINT}/${USER_ID}</arg>
<doc>Sends a GET request on a previously created HTTP Session.</doc>
<msg timestamp="20230525 20:43:14.180" level="INFO">GET Request : url=https://serverest.dev/usuarios/8v14VDMXNH369hYK 
 path_url=/usuarios/8v14VDMXNH369hYK 
 headers={'User-Agent': 'python-requests/2.31.0', 'Accept-Encoding': 'gzip, deflate', 'Accept': '*/*', 'Connection': 'keep-alive'} 
 body=None 
 </msg>
<msg timestamp="20230525 20:43:14.180" level="INFO">GET Response : url=https://serverest.dev/usuarios/8v14VDMXNH369hYK 
 status=200, reason=OK 
 headers={'access-control-allow-origin': '*', 'x-dns-prefetch-control': 'off', 'x-frame-options': 'SAMEORIGIN', 'strict-transport-security': 'max-age=15552000; includeSubDomains', 'x-download-options': 'noopen', 'x-content-type-options': 'nosniff', 'x-xss-protection': '1; mode=block', 'x-moesif-transaction-id': '9f5ef905-05c3-441e-ab1c-c005bfa57fa9', 'content-type': 'application/json; charset=utf-8', 'X-Cloud-Trace-Context': '8adcf38ceb53fbb7c12152dbddb15f47', 'Date': 'Thu, 25 May 2023 20:43:14 GMT', 'Server': 'Google Frontend', 'Content-Length': '164'} 
 body={
    "nome": "Jeffrey Watson",
    "email": "jonesmaria@example.net",
    "password": "Gpv68yNh33QG",
    "administrador": "false",
    "_id": "8v14VDMXNH369hYK"
} 
 </msg>
<msg timestamp="20230525 20:43:14.180" level="INFO">${response} = &lt;Response [200]&gt;</msg>
<status status="PASS" starttime="20230525 20:43:14.110" endtime="20230525 20:43:14.180"/>
</kw>
<kw name="Set Test Variable" library="BuiltIn">
<arg>${response}</arg>
<doc>Makes a variable available everywhere within the scope of the current test.</doc>
<msg timestamp="20230525 20:43:14.181" level="INFO">${response} = &lt;Response [200]&gt;</msg>
<status status="PASS" starttime="20230525 20:43:14.181" endtime="20230525 20:43:14.181"/>
</kw>
<status status="PASS" starttime="20230525 20:43:14.110" endtime="20230525 20:43:14.181"/>
</kw>
<kw name="Then the response status code should be 200" library="test_keywords_users" sourcename="Then the response status code should be ${status_code}">
<kw name="Should Be Equal As Numbers" library="BuiltIn">
<arg>${response.status_code}</arg>
<arg>${status_code}</arg>
<doc>Fails if objects are unequal after converting them to real numbers.</doc>
<msg timestamp="20230525 20:43:14.183" level="INFO">Argument types are:
&lt;class 'int'&gt;
&lt;class 'str'&gt;</msg>
<status status="PASS" starttime="20230525 20:43:14.182" endtime="20230525 20:43:14.183"/>
</kw>
<kw name="Should Be True" library="BuiltIn">
<arg>${response.json()}</arg>
<doc>Fails if the given condition is not true.</doc>
<status status="PASS" starttime="20230525 20:43:14.183" endtime="20230525 20:43:14.183"/>
</kw>
<status status="PASS" starttime="20230525 20:43:14.181" endtime="20230525 20:43:14.184"/>
</kw>
<kw name="And the response body should not be empty" library="test_keywords_users">
<kw name="Should Not Be Empty" library="BuiltIn">
<arg>${response.json()}</arg>
<doc>Verifies that the given item is not empty.</doc>
<msg timestamp="20230525 20:43:14.185" level="INFO">Length is 5</msg>
<status status="PASS" starttime="20230525 20:43:14.184" endtime="20230525 20:43:14.185"/>
</kw>
<status status="PASS" starttime="20230525 20:43:14.184" endtime="20230525 20:43:14.185"/>
</kw>
<tag>api</tag>
<status status="PASS" starttime="20230525 20:43:14.107" endtime="20230525 20:43:14.185"/>
</test>
<test id="s1-s1-s1-t4" name="Scenario: Update the created user" line="28">
<kw name="Before Tests" library="test_keywords_common" type="SETUP">
<kw name="Create Session" library="RequestsLibrary">
<arg>serverest</arg>
<arg>${SERVER_BASE_URL}</arg>
<arg>disable_warnings=True</arg>
<doc>Create Session: create a HTTP session to a server</doc>
<msg timestamp="20230525 20:43:14.187" level="INFO">Creating Session using : alias=serverest, url=https://serverest.dev, headers={},                     cookies={}, auth=None, timeout=None, proxies=None, verify=False,                     debug=0 </msg>
<status status="PASS" starttime="20230525 20:43:14.186" endtime="20230525 20:43:14.187"/>
</kw>
<status status="PASS" starttime="20230525 20:43:14.186" endtime="20230525 20:43:14.187"/>
</kw>
<kw name="When I update the created user" library="test_keywords_users">
<kw name="Create Dictionary" library="BuiltIn">
<var>${payload}</var>
<arg>nome=John Smith</arg>
<arg>email=john.smith@example.com</arg>
<arg>password=P@ssw0rd123</arg>
<arg>administrador=false</arg>
<doc>Creates and returns a dictionary based on the given ``items``.</doc>
<msg timestamp="20230525 20:43:14.188" level="INFO">${payload} = {'nome': 'John Smith', 'email': 'john.smith@example.com', 'password': 'P@ssw0rd123', 'administrador': 'false'}</msg>
<status status="PASS" starttime="20230525 20:43:14.187" endtime="20230525 20:43:14.188"/>
</kw>
<kw name="Create Dictionary" library="BuiltIn">
<var>${headers}</var>
<arg>Content-Type=application/json</arg>
<doc>Creates and returns a dictionary based on the given ``items``.</doc>
<msg timestamp="20230525 20:43:14.188" level="INFO">${headers} = {'Content-Type': 'application/json'}</msg>
<status status="PASS" starttime="20230525 20:43:14.188" endtime="20230525 20:43:14.188"/>
</kw>
<kw name="PUT On Session" library="RequestsLibrary">
<var>${response}</var>
<arg>serverest</arg>
<arg>${USERS_API_ENDPOINT}/${USER_ID}</arg>
<arg>json=${payload}</arg>
<arg>headers=${headers}</arg>
<doc>Sends a PUT request on a previously created HTTP Session.</doc>
<msg timestamp="20230525 20:43:14.258" level="INFO">PUT Request : url=https://serverest.dev/usuarios/8v14VDMXNH369hYK 
 path_url=/usuarios/8v14VDMXNH369hYK 
 headers={'User-Agent': 'python-requests/2.31.0', 'Accept-Encoding': 'gzip, deflate', 'Accept': '*/*', 'Connection': 'keep-alive', 'Content-Type': 'application/json', 'Content-Length': '110'} 
 body=b'{"nome": "John Smith", "email": "john.smith@example.com", "password": "P@ssw0rd123", "administrador": "false"}' 
 </msg>
<msg timestamp="20230525 20:43:14.258" level="INFO">PUT Response : url=https://serverest.dev/usuarios/8v14VDMXNH369hYK 
 status=200, reason=OK 
 headers={'access-control-allow-origin': '*', 'x-dns-prefetch-control': 'off', 'x-frame-options': 'SAMEORIGIN', 'strict-transport-security': 'max-age=15552000; includeSubDomains', 'x-download-options': 'noopen', 'x-content-type-options': 'nosniff', 'x-xss-protection': '1; mode=block', 'x-moesif-transaction-id': 'fae17c1b-b779-40e6-b60c-0ee43a97a644', 'content-type': 'application/json; charset=utf-8', 'X-Cloud-Trace-Context': '88c52cb186a8101aa5790cf3f763135f', 'Date': 'Thu, 25 May 2023 20:43:14 GMT', 'Server': 'Google Frontend', 'Content-Length': '50'} 
 body={
    "message": "Registro alterado com sucesso"
} 
 </msg>
<msg timestamp="20230525 20:43:14.259" level="INFO">${response} = &lt;Response [200]&gt;</msg>
<status status="PASS" starttime="20230525 20:43:14.188" endtime="20230525 20:43:14.259"/>
</kw>
<kw name="Set Test Variable" library="BuiltIn">
<arg>${response}</arg>
<doc>Makes a variable available everywhere within the scope of the current test.</doc>
<msg timestamp="20230525 20:43:14.259" level="INFO">${response} = &lt;Response [200]&gt;</msg>
<status status="PASS" starttime="20230525 20:43:14.259" endtime="20230525 20:43:14.259"/>
</kw>
<status status="PASS" starttime="20230525 20:43:14.187" endtime="20230525 20:43:14.260"/>
</kw>
<kw name="Then the response status code should be 200" library="test_keywords_users" sourcename="Then the response status code should be ${status_code}">
<kw name="Should Be Equal As Numbers" library="BuiltIn">
<arg>${response.status_code}</arg>
<arg>${status_code}</arg>
<doc>Fails if objects are unequal after converting them to real numbers.</doc>
<msg timestamp="20230525 20:43:14.261" level="INFO">Argument types are:
&lt;class 'int'&gt;
&lt;class 'str'&gt;</msg>
<status status="PASS" starttime="20230525 20:43:14.260" endtime="20230525 20:43:14.261"/>
</kw>
<kw name="Should Be True" library="BuiltIn">
<arg>${response.json()}</arg>
<doc>Fails if the given condition is not true.</doc>
<status status="PASS" starttime="20230525 20:43:14.261" endtime="20230525 20:43:14.262"/>
</kw>
<status status="PASS" starttime="20230525 20:43:14.260" endtime="20230525 20:43:14.262"/>
</kw>
<kw name="And the response body should not be empty" library="test_keywords_users">
<kw name="Should Not Be Empty" library="BuiltIn">
<arg>${response.json()}</arg>
<doc>Verifies that the given item is not empty.</doc>
<msg timestamp="20230525 20:43:14.263" level="INFO">Length is 1</msg>
<status status="PASS" starttime="20230525 20:43:14.262" endtime="20230525 20:43:14.263"/>
</kw>
<status status="PASS" starttime="20230525 20:43:14.262" endtime="20230525 20:43:14.263"/>
</kw>
<tag>api</tag>
<status status="PASS" starttime="20230525 20:43:14.186" endtime="20230525 20:43:14.263"/>
</test>
<test id="s1-s1-s1-t5" name="Scenario: Delete the created user" line="34">
<kw name="Before Tests" library="test_keywords_common" type="SETUP">
<kw name="Create Session" library="RequestsLibrary">
<arg>serverest</arg>
<arg>${SERVER_BASE_URL}</arg>
<arg>disable_warnings=True</arg>
<doc>Create Session: create a HTTP session to a server</doc>
<msg timestamp="20230525 20:43:14.265" level="INFO">Creating Session using : alias=serverest, url=https://serverest.dev, headers={},                     cookies={}, auth=None, timeout=None, proxies=None, verify=False,                     debug=0 </msg>
<status status="PASS" starttime="20230525 20:43:14.265" endtime="20230525 20:43:14.265"/>
</kw>
<status status="PASS" starttime="20230525 20:43:14.264" endtime="20230525 20:43:14.265"/>
</kw>
<kw name="When I delete the created user" library="test_keywords_users">
<kw name="DELETE On Session" library="RequestsLibrary">
<var>${response}</var>
<arg>serverest</arg>
<arg>${USERS_API_ENDPOINT}/${USER_ID}</arg>
<doc>Sends a DELETE request on a previously created HTTP Session.</doc>
<msg timestamp="20230525 20:43:14.341" level="INFO">DELETE Request : url=https://serverest.dev/usuarios/8v14VDMXNH369hYK 
 path_url=/usuarios/8v14VDMXNH369hYK 
 headers={'User-Agent': 'python-requests/2.31.0', 'Accept-Encoding': 'gzip, deflate', 'Accept': '*/*', 'Connection': 'keep-alive', 'Content-Length': '0'} 
 body=None 
 </msg>
<msg timestamp="20230525 20:43:14.341" level="INFO">DELETE Response : url=https://serverest.dev/usuarios/8v14VDMXNH369hYK 
 status=200, reason=OK 
 headers={'access-control-allow-origin': '*', 'x-dns-prefetch-control': 'off', 'x-frame-options': 'SAMEORIGIN', 'strict-transport-security': 'max-age=15552000; includeSubDomains', 'x-download-options': 'noopen', 'x-content-type-options': 'nosniff', 'x-xss-protection': '1; mode=block', 'x-moesif-transaction-id': '806f1a15-9ca0-4f34-9f4d-7a527b8779b2', 'content-type': 'application/json; charset=utf-8', 'X-Cloud-Trace-Context': '68dd140cee384bcfd6205e3da9008c8c', 'Date': 'Thu, 25 May 2023 20:43:14 GMT', 'Server': 'Google Frontend', 'Content-Length': '51'} 
 body={
    "message": "Registro excluído com sucesso"
} 
 </msg>
<msg timestamp="20230525 20:43:14.341" level="INFO">${response} = &lt;Response [200]&gt;</msg>
<status status="PASS" starttime="20230525 20:43:14.266" endtime="20230525 20:43:14.341"/>
</kw>
<kw name="Set Test Variable" library="BuiltIn">
<arg>${response}</arg>
<doc>Makes a variable available everywhere within the scope of the current test.</doc>
<msg timestamp="20230525 20:43:14.342" level="INFO">${response} = &lt;Response [200]&gt;</msg>
<status status="PASS" starttime="20230525 20:43:14.341" endtime="20230525 20:43:14.342"/>
</kw>
<status status="PASS" starttime="20230525 20:43:14.266" endtime="20230525 20:43:14.342"/>
</kw>
<kw name="Then the response status code should be 200" library="test_keywords_users" sourcename="Then the response status code should be ${status_code}">
<kw name="Should Be Equal As Numbers" library="BuiltIn">
<arg>${response.status_code}</arg>
<arg>${status_code}</arg>
<doc>Fails if objects are unequal after converting them to real numbers.</doc>
<msg timestamp="20230525 20:43:14.343" level="INFO">Argument types are:
&lt;class 'int'&gt;
&lt;class 'str'&gt;</msg>
<status status="PASS" starttime="20230525 20:43:14.342" endtime="20230525 20:43:14.343"/>
</kw>
<kw name="Should Be True" library="BuiltIn">
<arg>${response.json()}</arg>
<doc>Fails if the given condition is not true.</doc>
<status status="PASS" starttime="20230525 20:43:14.343" endtime="20230525 20:43:14.344"/>
</kw>
<status status="PASS" starttime="20230525 20:43:14.342" endtime="20230525 20:43:14.344"/>
</kw>
<kw name="And the response body should not be empty" library="test_keywords_users">
<kw name="Should Not Be Empty" library="BuiltIn">
<arg>${response.json()}</arg>
<doc>Verifies that the given item is not empty.</doc>
<msg timestamp="20230525 20:43:14.345" level="INFO">Length is 1</msg>
<status status="PASS" starttime="20230525 20:43:14.345" endtime="20230525 20:43:14.345"/>
</kw>
<status status="PASS" starttime="20230525 20:43:14.345" endtime="20230525 20:43:14.346"/>
</kw>
<tag>api</tag>
<status status="PASS" starttime="20230525 20:43:14.264" endtime="20230525 20:43:14.346"/>
</test>
<status status="PASS" starttime="20230525 20:43:09.551" endtime="20230525 20:43:14.346"/>
</suite>
<status status="PASS" starttime="20230525 20:43:09.549" endtime="20230525 20:43:14.348"/>
</suite>
<suite id="s1-s2" name="Ui" source="/home/runner/work/gen-ai-robot-test/gen-ai-robot-test/tests/ui">
<suite id="s1-s2-s1" name="Test Ui Signup" source="/home/runner/work/gen-ai-robot-test/gen-ai-robot-test/tests/ui/test_ui_signup.robot">
<test id="s1-s2-s1-t1" name="Scenario: Signup with empty fields" line="10">
<kw name="Before Tests" library="test_keywords_common" type="SETUP">
<kw name="Open Browser" library="SeleniumLibrary">
<arg>${SERVER_BASE_URL}</arg>
<arg>${HEADLESS} ${BROWSER}</arg>
<doc>Opens a new browser instance to the optional ``url``.</doc>
<msg timestamp="20230525 20:43:14.359" level="INFO">Opening browser 'headless Chrome' to base url 'https://front.serverest.dev/'.</msg>
<status status="PASS" starttime="20230525 20:43:14.358" endtime="20230525 20:43:16.885"/>
</kw>
<kw name="Maximize Browser Window" library="SeleniumLibrary">
<doc>Maximizes current browser window.</doc>
<status status="PASS" starttime="20230525 20:43:16.885" endtime="20230525 20:43:16.991"/>
</kw>
<status status="PASS" starttime="20230525 20:43:14.358" endtime="20230525 20:43:16.991"/>
</kw>
<kw name="Given Im on the signup page" library="test_keywords_signup">
<kw name="Location Should Be" library="SeleniumLibrary">
<arg>https://front.serverest.dev/login</arg>
<doc>Verifies that the current URL is exactly ``url``.</doc>
<msg timestamp="20230525 20:43:16.997" level="INFO">Current location is 'https://front.serverest.dev/login'.</msg>
<status status="PASS" starttime="20230525 20:43:16.992" endtime="20230525 20:43:16.997"/>
</kw>
<kw name="Click Element" library="SeleniumLibrary">
<arg>css=a.btn.btn-link</arg>
<doc>Click the element identified by ``locator``.</doc>
<msg timestamp="20230525 20:43:16.998" level="INFO">Clicking element 'css=a.btn.btn-link'.</msg>
<status status="PASS" starttime="20230525 20:43:16.997" endtime="20230525 20:43:17.104"/>
</kw>
<status status="PASS" starttime="20230525 20:43:16.991" endtime="20230525 20:43:17.105"/>
</kw>
<kw name="When I click in signup" library="test_keywords_signup">
<kw name="Click Button" library="SeleniumLibrary">
<arg>css=.btn.btn-primary</arg>
<doc>Clicks the button identified by ``locator``.</doc>
<msg timestamp="20230525 20:43:17.106" level="INFO">Clicking button 'css=.btn.btn-primary'.</msg>
<status status="PASS" starttime="20230525 20:43:17.105" endtime="20230525 20:43:17.188"/>
</kw>
<status status="PASS" starttime="20230525 20:43:17.105" endtime="20230525 20:43:17.189"/>
</kw>
<kw name="Then required field messages should be displayed" library="test_keywords_signup">
<kw name="Wait Until Element Is Visible" library="SeleniumLibrary">
<arg>css=.alert-dismissible</arg>
<arg>timeout=10s</arg>
<doc>Waits until the element ``locator`` is visible.</doc>
<status status="PASS" starttime="20230525 20:43:17.189" endtime="20230525 20:43:17.427"/>
</kw>
<kw name="Element Should Be Visible" library="SeleniumLibrary">
<arg>css=.alert-dismissible</arg>
<doc>Verifies that the element identified by ``locator`` is visible.</doc>
<msg timestamp="20230525 20:43:17.450" level="INFO">Element 'css=.alert-dismissible' is displayed.</msg>
<status status="PASS" starttime="20230525 20:43:17.427" endtime="20230525 20:43:17.450"/>
</kw>
<kw name="Page Should Contain" library="SeleniumLibrary">
<arg>Nome é obrigatório</arg>
<doc>Verifies that current page contains ``text``.</doc>
<msg timestamp="20230525 20:43:17.467" level="INFO">Current page contains text 'Nome é obrigatório'.</msg>
<status status="PASS" starttime="20230525 20:43:17.450" endtime="20230525 20:43:17.467"/>
</kw>
<kw name="Page Should Contain" library="SeleniumLibrary">
<arg>Email é obrigatório</arg>
<doc>Verifies that current page contains ``text``.</doc>
<msg timestamp="20230525 20:43:17.481" level="INFO">Current page contains text 'Email é obrigatório'.</msg>
<status status="PASS" starttime="20230525 20:43:17.468" endtime="20230525 20:43:17.481"/>
</kw>
<kw name="Page Should Contain" library="SeleniumLibrary">
<arg>Password é obrigatório</arg>
<doc>Verifies that current page contains ``text``.</doc>
<msg timestamp="20230525 20:43:17.496" level="INFO">Current page contains text 'Password é obrigatório'.</msg>
<status status="PASS" starttime="20230525 20:43:17.481" endtime="20230525 20:43:17.496"/>
</kw>
<status status="PASS" starttime="20230525 20:43:17.189" endtime="20230525 20:43:17.496"/>
</kw>
<kw name="After Tests" library="test_keywords_common" type="TEARDOWN">
<kw name="Close Browser" library="SeleniumLibrary">
<doc>Closes the current browser.</doc>
<status status="PASS" starttime="20230525 20:43:17.497" endtime="20230525 20:43:17.554"/>
</kw>
<status status="PASS" starttime="20230525 20:43:17.496" endtime="20230525 20:43:17.554"/>
</kw>
<tag>ui</tag>
<status status="PASS" starttime="20230525 20:43:14.357" endtime="20230525 20:43:17.555"/>
</test>
<test id="s1-s2-s1-t2" name="Scenario: Signup done successfully" line="16">
<kw name="Before Tests" library="test_keywords_common" type="SETUP">
<kw name="Open Browser" library="SeleniumLibrary">
<arg>${SERVER_BASE_URL}</arg>
<arg>${HEADLESS} ${BROWSER}</arg>
<doc>Opens a new browser instance to the optional ``url``.</doc>
<msg timestamp="20230525 20:43:17.558" level="INFO">Opening browser 'headless Chrome' to base url 'https://front.serverest.dev/'.</msg>
<status status="PASS" starttime="20230525 20:43:17.557" endtime="20230525 20:43:18.319"/>
</kw>
<kw name="Maximize Browser Window" library="SeleniumLibrary">
<doc>Maximizes current browser window.</doc>
<status status="PASS" starttime="20230525 20:43:18.320" endtime="20230525 20:43:18.424"/>
</kw>
<status status="PASS" starttime="20230525 20:43:17.557" endtime="20230525 20:43:18.424"/>
</kw>
<kw name="Given Im on the signup page" library="test_keywords_signup">
<kw name="Location Should Be" library="SeleniumLibrary">
<arg>https://front.serverest.dev/login</arg>
<doc>Verifies that the current URL is exactly ``url``.</doc>
<msg timestamp="20230525 20:43:18.430" level="INFO">Current location is 'https://front.serverest.dev/login'.</msg>
<status status="PASS" starttime="20230525 20:43:18.425" endtime="20230525 20:43:18.430"/>
</kw>
<kw name="Click Element" library="SeleniumLibrary">
<arg>css=a.btn.btn-link</arg>
<doc>Click the element identified by ``locator``.</doc>
<msg timestamp="20230525 20:43:18.431" level="INFO">Clicking element 'css=a.btn.btn-link'.</msg>
<status status="PASS" starttime="20230525 20:43:18.430" endtime="20230525 20:43:18.526"/>
</kw>
<status status="PASS" starttime="20230525 20:43:18.424" endtime="20230525 20:43:18.526"/>
</kw>
<kw name="And I fill in the signup fields with valid data" library="test_keywords_signup">
<kw name="Name" library="FakerLibrary">
<var>${name}</var>
<doc>:example 'John Doe'</doc>
<msg timestamp="20230525 20:43:18.527" level="INFO">${name} = Nancy Brown</msg>
<status status="PASS" starttime="20230525 20:43:18.527" endtime="20230525 20:43:18.527"/>
</kw>
<kw name="Email" library="FakerLibrary">
<var>${email}</var>
<msg timestamp="20230525 20:43:18.528" level="INFO">${email} = walterdavis@example.com</msg>
<status status="PASS" starttime="20230525 20:43:18.527" endtime="20230525 20:43:18.528"/>
</kw>
<kw name="Password" library="FakerLibrary">
<var>${password}</var>
<arg>length=12</arg>
<arg>special_chars=False</arg>
<doc>Generate a random password of the specified ``length``.</doc>
<msg timestamp="20230525 20:43:18.529" level="INFO">${password} = qKZjeZoSb6PD</msg>
<status status="PASS" starttime="20230525 20:43:18.528" endtime="20230525 20:43:18.529"/>
</kw>
<kw name="Input Text" library="SeleniumLibrary">
<arg>id:nome</arg>
<arg>${name}</arg>
<doc>Types the given ``text`` into the text field identified by ``locator``.</doc>
<msg timestamp="20230525 20:43:18.529" level="INFO">Typing text 'Nancy Brown' into text field 'id:nome'.</msg>
<status status="PASS" starttime="20230525 20:43:18.529" endtime="20230525 20:43:18.655"/>
</kw>
<kw name="Input Text" library="SeleniumLibrary">
<arg>id:email</arg>
<arg>${email}</arg>
<doc>Types the given ``text`` into the text field identified by ``locator``.</doc>
<msg timestamp="20230525 20:43:18.656" level="INFO">Typing text 'walterdavis@example.com' into text field 'id:email'.</msg>
<status status="PASS" starttime="20230525 20:43:18.655" endtime="20230525 20:43:18.796"/>
</kw>
<kw name="Input Text" library="SeleniumLibrary">
<arg>id:password</arg>
<arg>${password}</arg>
<doc>Types the given ``text`` into the text field identified by ``locator``.</doc>
<msg timestamp="20230525 20:43:18.796" level="INFO">Typing text 'qKZjeZoSb6PD' into text field 'id:password'.</msg>
<status status="PASS" starttime="20230525 20:43:18.796" endtime="20230525 20:43:18.907"/>
</kw>
<kw name="Select Checkbox" library="SeleniumLibrary">
<arg>id=administrador</arg>
<doc>Selects the checkbox identified by ``locator``.</doc>
<msg timestamp="20230525 20:43:18.908" level="INFO">Selecting checkbox 'id=administrador'.</msg>
<status status="PASS" starttime="20230525 20:43:18.907" endtime="20230525 20:43:18.986"/>
</kw>
<kw name="Set Suite Variable" library="BuiltIn">
<arg>${name}</arg>
<doc>Makes a variable available everywhere within the scope of the current suite.</doc>
<msg timestamp="20230525 20:43:18.986" level="INFO">${name} = Nancy Brown</msg>
<status status="PASS" starttime="20230525 20:43:18.986" endtime="20230525 20:43:18.986"/>
</kw>
<kw name="Set Suite Variable" library="BuiltIn">
<arg>${email}</arg>
<doc>Makes a variable available everywhere within the scope of the current suite.</doc>
<msg timestamp="20230525 20:43:18.987" level="INFO">${email} = walterdavis@example.com</msg>
<status status="PASS" starttime="20230525 20:43:18.987" endtime="20230525 20:43:18.987"/>
</kw>
<kw name="Set Suite Variable" library="BuiltIn">
<arg>${password}</arg>
<doc>Makes a variable available everywhere within the scope of the current suite.</doc>
<msg timestamp="20230525 20:43:18.987" level="INFO">${password} = qKZjeZoSb6PD</msg>
<status status="PASS" starttime="20230525 20:43:18.987" endtime="20230525 20:43:18.987"/>
</kw>
<status status="PASS" starttime="20230525 20:43:18.526" endtime="20230525 20:43:18.987"/>
</kw>
<kw name="When I click in signup" library="test_keywords_signup">
<kw name="Click Button" library="SeleniumLibrary">
<arg>css=.btn.btn-primary</arg>
<doc>Clicks the button identified by ``locator``.</doc>
<msg timestamp="20230525 20:43:18.989" level="INFO">Clicking button 'css=.btn.btn-primary'.</msg>
<status status="PASS" starttime="20230525 20:43:18.988" endtime="20230525 20:43:19.049"/>
</kw>
<status status="PASS" starttime="20230525 20:43:18.987" endtime="20230525 20:43:19.049"/>
</kw>
<kw name="Then the page should contain the text &quot;Cadastro realizado com sucesso&quot;" library="test_keywords_signup" sourcename="Then the page should contain the text &quot;${expected_text}&quot;">
<kw name="Wait Until Element Is Visible" library="SeleniumLibrary">
<arg>css=.alert-dismissible</arg>
<arg>timeout=10s</arg>
<doc>Waits until the element ``locator`` is visible.</doc>
<status status="PASS" starttime="20230525 20:43:19.050" endtime="20230525 20:43:19.282"/>
</kw>
<kw name="Element Should Be Visible" library="SeleniumLibrary">
<arg>css=.alert-dismissible</arg>
<doc>Verifies that the element identified by ``locator`` is visible.</doc>
<msg timestamp="20230525 20:43:19.301" level="INFO">Element 'css=.alert-dismissible' is displayed.</msg>
<status status="PASS" starttime="20230525 20:43:19.282" endtime="20230525 20:43:19.301"/>
</kw>
<kw name="Page Should Contain" library="SeleniumLibrary">
<arg>${expected_text}</arg>
<doc>Verifies that current page contains ``text``.</doc>
<msg timestamp="20230525 20:43:19.316" level="INFO">Current page contains text 'Cadastro realizado com sucesso'.</msg>
<status status="PASS" starttime="20230525 20:43:19.302" endtime="20230525 20:43:19.316"/>
</kw>
<status status="PASS" starttime="20230525 20:43:19.049" endtime="20230525 20:43:19.316"/>
</kw>
<kw name="After Tests" library="test_keywords_common" type="TEARDOWN">
<kw name="Close Browser" library="SeleniumLibrary">
<doc>Closes the current browser.</doc>
<status status="PASS" starttime="20230525 20:43:19.317" endtime="20230525 20:43:19.373"/>
</kw>
<status status="PASS" starttime="20230525 20:43:19.317" endtime="20230525 20:43:19.373"/>
</kw>
<tag>ui</tag>
<status status="PASS" starttime="20230525 20:43:17.556" endtime="20230525 20:43:19.373"/>
</test>
<test id="s1-s2-s1-t3" name="Scenario: Signup with already used email" line="23">
<kw name="Before Tests" library="test_keywords_common" type="SETUP">
<kw name="Open Browser" library="SeleniumLibrary">
<arg>${SERVER_BASE_URL}</arg>
<arg>${HEADLESS} ${BROWSER}</arg>
<doc>Opens a new browser instance to the optional ``url``.</doc>
<msg timestamp="20230525 20:43:19.377" level="INFO">Opening browser 'headless Chrome' to base url 'https://front.serverest.dev/'.</msg>
<status status="PASS" starttime="20230525 20:43:19.376" endtime="20230525 20:43:20.620"/>
</kw>
<kw name="Maximize Browser Window" library="SeleniumLibrary">
<doc>Maximizes current browser window.</doc>
<status status="PASS" starttime="20230525 20:43:20.621" endtime="20230525 20:43:20.727"/>
</kw>
<status status="PASS" starttime="20230525 20:43:19.375" endtime="20230525 20:43:20.727"/>
</kw>
<kw name="Given Im on the signup page" library="test_keywords_signup">
<kw name="Location Should Be" library="SeleniumLibrary">
<arg>https://front.serverest.dev/login</arg>
<doc>Verifies that the current URL is exactly ``url``.</doc>
<msg timestamp="20230525 20:43:20.733" level="INFO">Current location is 'https://front.serverest.dev/login'.</msg>
<status status="PASS" starttime="20230525 20:43:20.728" endtime="20230525 20:43:20.733"/>
</kw>
<kw name="Click Element" library="SeleniumLibrary">
<arg>css=a.btn.btn-link</arg>
<doc>Click the element identified by ``locator``.</doc>
<msg timestamp="20230525 20:43:20.734" level="INFO">Clicking element 'css=a.btn.btn-link'.</msg>
<status status="PASS" starttime="20230525 20:43:20.733" endtime="20230525 20:43:20.823"/>
</kw>
<status status="PASS" starttime="20230525 20:43:20.728" endtime="20230525 20:43:20.824"/>
</kw>
<kw name="And I fill in the signup fields with an email already registered" library="test_keywords_signup">
<kw name="Input Text" library="SeleniumLibrary">
<arg>id:nome</arg>
<arg>${name}</arg>
<doc>Types the given ``text`` into the text field identified by ``locator``.</doc>
<msg timestamp="20230525 20:43:20.825" level="INFO">Typing text 'Nancy Brown' into text field 'id:nome'.</msg>
<status status="PASS" starttime="20230525 20:43:20.824" endtime="20230525 20:43:20.962"/>
</kw>
<kw name="Input Text" library="SeleniumLibrary">
<arg>id:email</arg>
<arg>${email}</arg>
<doc>Types the given ``text`` into the text field identified by ``locator``.</doc>
<msg timestamp="20230525 20:43:20.963" level="INFO">Typing text 'walterdavis@example.com' into text field 'id:email'.</msg>
<status status="PASS" starttime="20230525 20:43:20.963" endtime="20230525 20:43:21.109"/>
</kw>
<kw name="Input Text" library="SeleniumLibrary">
<arg>id:password</arg>
<arg>${password}</arg>
<doc>Types the given ``text`` into the text field identified by ``locator``.</doc>
<msg timestamp="20230525 20:43:21.110" level="INFO">Typing text 'qKZjeZoSb6PD' into text field 'id:password'.</msg>
<status status="PASS" starttime="20230525 20:43:21.109" endtime="20230525 20:43:21.232"/>
</kw>
<kw name="Select Checkbox" library="SeleniumLibrary">
<arg>id=administrador</arg>
<doc>Selects the checkbox identified by ``locator``.</doc>
<msg timestamp="20230525 20:43:21.233" level="INFO">Selecting checkbox 'id=administrador'.</msg>
<status status="PASS" starttime="20230525 20:43:21.232" endtime="20230525 20:43:21.328"/>
</kw>
<status status="PASS" starttime="20230525 20:43:20.824" endtime="20230525 20:43:21.328"/>
</kw>
<kw name="When I click in signup" library="test_keywords_signup">
<kw name="Click Button" library="SeleniumLibrary">
<arg>css=.btn.btn-primary</arg>
<doc>Clicks the button identified by ``locator``.</doc>
<msg timestamp="20230525 20:43:21.329" level="INFO">Clicking button 'css=.btn.btn-primary'.</msg>
<status status="PASS" starttime="20230525 20:43:21.329" endtime="20230525 20:43:21.404"/>
</kw>
<status status="PASS" starttime="20230525 20:43:21.328" endtime="20230525 20:43:21.404"/>
</kw>
<kw name="Then the page should contain the text &quot;Este email já está sendo usado&quot;" library="test_keywords_signup" sourcename="Then the page should contain the text &quot;${expected_text}&quot;">
<kw name="Wait Until Element Is Visible" library="SeleniumLibrary">
<arg>css=.alert-dismissible</arg>
<arg>timeout=10s</arg>
<doc>Waits until the element ``locator`` is visible.</doc>
<status status="PASS" starttime="20230525 20:43:21.405" endtime="20230525 20:43:21.643"/>
</kw>
<kw name="Element Should Be Visible" library="SeleniumLibrary">
<arg>css=.alert-dismissible</arg>
<doc>Verifies that the element identified by ``locator`` is visible.</doc>
<msg timestamp="20230525 20:43:21.665" level="INFO">Element 'css=.alert-dismissible' is displayed.</msg>
<status status="PASS" starttime="20230525 20:43:21.644" endtime="20230525 20:43:21.665"/>
</kw>
<kw name="Page Should Contain" library="SeleniumLibrary">
<arg>${expected_text}</arg>
<doc>Verifies that current page contains ``text``.</doc>
<msg timestamp="20230525 20:43:21.681" level="INFO">Current page contains text 'Este email já está sendo usado'.</msg>
<status status="PASS" starttime="20230525 20:43:21.666" endtime="20230525 20:43:21.681"/>
</kw>
<status status="PASS" starttime="20230525 20:43:21.404" endtime="20230525 20:43:21.681"/>
</kw>
<kw name="After Tests" library="test_keywords_common" type="TEARDOWN">
<kw name="Close Browser" library="SeleniumLibrary">
<doc>Closes the current browser.</doc>
<status status="PASS" starttime="20230525 20:43:21.682" endtime="20230525 20:43:21.737"/>
</kw>
<status status="PASS" starttime="20230525 20:43:21.682" endtime="20230525 20:43:21.737"/>
</kw>
<tag>ui</tag>
<status status="PASS" starttime="20230525 20:43:19.374" endtime="20230525 20:43:21.737"/>
</test>
<status status="PASS" starttime="20230525 20:43:14.350" endtime="20230525 20:43:21.739"/>
</suite>
<status status="PASS" starttime="20230525 20:43:14.348" endtime="20230525 20:43:21.741"/>
</suite>
<status status="PASS" starttime="20230525 20:43:09.526" endtime="20230525 20:43:21.743"/>
</suite>
<statistics>
<total>
<stat pass="8" fail="0" skip="0">All Tests</stat>
</total>
<tag>
<stat pass="5" fail="0" skip="0">api</stat>
<stat pass="3" fail="0" skip="0">ui</stat>
</tag>
<suite>
<stat pass="8" fail="0" skip="0" id="s1" name="Tests">Tests</stat>
<stat pass="5" fail="0" skip="0" id="s1-s1" name="Api">Tests.Api</stat>
<stat pass="5" fail="0" skip="0" id="s1-s1-s1" name="Test Api Users">Tests.Api.Test Api Users</stat>
<stat pass="3" fail="0" skip="0" id="s1-s2" name="Ui">Tests.Ui</stat>
<stat pass="3" fail="0" skip="0" id="s1-s2-s1" name="Test Ui Signup">Tests.Ui.Test Ui Signup</stat>
</suite>
</statistics>
<errors>
</errors>
</robot>
