<?xml version="1.0" encoding="UTF-8"?>
<robot generator="Robot 6.0.2 (Python 3.8.16 on linux)" generated="20230530 01:24:05.768" rpa="false" schemaversion="3">
<suite id="s1" name="Tests" source="/home/runner/work/gen-ai-robot-test/gen-ai-robot-test/tests">
<suite id="s1-s1" name="Api" source="/home/runner/work/gen-ai-robot-test/gen-ai-robot-test/tests/api">
<suite id="s1-s1-s1" name="Test Api Users" source="/home/runner/work/gen-ai-robot-test/gen-ai-robot-test/tests/api/test_api_users.robot">
<test id="s1-s1-s1-t1" name="Scenario: Get all registered users" line="9">
<kw name="Before Tests" library="test_keywords_common" type="SETUP">
<kw name="Create Session" library="RequestsLibrary">
<arg>serverest</arg>
<arg>${SERVER_BASE_URL}</arg>
<arg>disable_warnings=True</arg>
<doc>Create Session: create a HTTP session to a server</doc>
<msg timestamp="20230530 01:24:06.288" level="INFO">Creating Session using : alias=serverest, url=https://serverest.dev, headers={},                     cookies={}, auth=None, timeout=None, proxies=None, verify=False,                     debug=0 </msg>
<status status="PASS" starttime="20230530 01:24:06.288" endtime="20230530 01:24:06.288"/>
</kw>
<status status="PASS" starttime="20230530 01:24:06.287" endtime="20230530 01:24:06.288"/>
</kw>
<kw name="When I request the list of all registered users" library="test_keywords_users">
<kw name="GET On Session" library="RequestsLibrary">
<var>${response}</var>
<arg>serverest</arg>
<arg>${USERS_API_ENDPOINT}</arg>
<doc>Sends a GET request on a previously created HTTP Session.</doc>
<msg timestamp="20230530 01:24:06.438" level="INFO">GET Request : url=https://serverest.dev/usuarios 
 path_url=/usuarios 
 headers={'User-Agent': 'python-requests/2.31.0', 'Accept-Encoding': 'gzip, deflate', 'Accept': '*/*', 'Connection': 'keep-alive'} 
 body=None 
 </msg>
<msg timestamp="20230530 01:24:06.438" level="INFO">GET Response : url=https://serverest.dev/usuarios 
 status=200, reason=OK 
 headers={'access-control-allow-origin': '*', 'x-dns-prefetch-control': 'off', 'x-frame-options': 'SAMEORIGIN', 'strict-transport-security': 'max-age=15552000; includeSubDomains', 'x-download-options': 'noopen', 'x-content-type-options': 'nosniff', 'x-xss-protection': '1; mode=block', 'x-moesif-transaction-id': '4efac77c-cb48-4710-9f44-d8a082cddcf4', 'content-type': 'application/json; charset=utf-8', 'X-Cloud-Trace-Context': '4e6375d20fb0ef92e9d877141504af6f;o=1', 'Date': 'Tue, 30 May 2023 01:24:06 GMT', 'Server': 'Google Frontend', 'Content-Length': '697'} 
 body={
    "quantidade": 3,
    "usuarios": [
        {
            "nome": "Adrian Vincent",
            "email": "sharonhuffman@example.org",
            "password": "PS8NJX8peaw9",
            "administrador": "true",
            "_id": "0F0Lc8lRd3WEbABt"
        },
        {
            "nome": "Fulano da Silva",
            "email": "fulano@qa.com",
            "password": "teste",
            "administrador": "true",
            "_id": "0uxuPY0cbmQhpEz1"
        },
        {
            "nome": "Jessica Shelton",
            "email": "joseph87@example.com",
            "password": "82byTwRiFKVT",
            "administrador": "true",
            "_id": "1gIcOs8pYcGi8nNm"
        }
    ]
} 
 </msg>
<msg timestamp="20230530 01:24:06.439" level="INFO">${response} = &lt;Response [200]&gt;</msg>
<status status="PASS" starttime="20230530 01:24:06.289" endtime="20230530 01:24:06.439"/>
</kw>
<kw name="Set Test Variable" library="BuiltIn">
<arg>${response}</arg>
<doc>Makes a variable available everywhere within the scope of the current test.</doc>
<msg timestamp="20230530 01:24:06.439" level="INFO">${response} = &lt;Response [200]&gt;</msg>
<status status="PASS" starttime="20230530 01:24:06.439" endtime="20230530 01:24:06.439"/>
</kw>
<status status="PASS" starttime="20230530 01:24:06.288" endtime="20230530 01:24:06.439"/>
</kw>
<kw name="Then the response status code should be 200" library="test_keywords_users" sourcename="Then the response status code should be ${status_code}">
<kw name="Should Be Equal As Numbers" library="BuiltIn">
<arg>${response.status_code}</arg>
<arg>${status_code}</arg>
<doc>Fails if objects are unequal after converting them to real numbers.</doc>
<msg timestamp="20230530 01:24:06.441" level="INFO">Argument types are:
&lt;class 'int'&gt;
&lt;class 'str'&gt;</msg>
<status status="PASS" starttime="20230530 01:24:06.440" endtime="20230530 01:24:06.441"/>
</kw>
<kw name="Should Be True" library="BuiltIn">
<arg>${response.json()}</arg>
<doc>Fails if the given condition is not true.</doc>
<status status="PASS" starttime="20230530 01:24:06.441" endtime="20230530 01:24:06.442"/>
</kw>
<status status="PASS" starttime="20230530 01:24:06.440" endtime="20230530 01:24:06.442"/>
</kw>
<kw name="And the response body should not be empty" library="test_keywords_users">
<kw name="Should Not Be Empty" library="BuiltIn">
<arg>${response.json()}</arg>
<doc>Verifies that the given item is not empty.</doc>
<msg timestamp="20230530 01:24:06.443" level="INFO">Length is 2</msg>
<status status="PASS" starttime="20230530 01:24:06.442" endtime="20230530 01:24:06.443"/>
</kw>
<status status="PASS" starttime="20230530 01:24:06.442" endtime="20230530 01:24:06.443"/>
</kw>
<tag>api</tag>
<status status="PASS" starttime="20230530 01:24:06.286" endtime="20230530 01:24:06.443"/>
</test>
<test id="s1-s1-s1-t2" name="Scenario: Create a new user" line="15">
<kw name="Before Tests" library="test_keywords_common" type="SETUP">
<kw name="Create Session" library="RequestsLibrary">
<arg>serverest</arg>
<arg>${SERVER_BASE_URL}</arg>
<arg>disable_warnings=True</arg>
<doc>Create Session: create a HTTP session to a server</doc>
<msg timestamp="20230530 01:24:06.445" level="INFO">Creating Session using : alias=serverest, url=https://serverest.dev, headers={},                     cookies={}, auth=None, timeout=None, proxies=None, verify=False,                     debug=0 </msg>
<status status="PASS" starttime="20230530 01:24:06.444" endtime="20230530 01:24:06.445"/>
</kw>
<status status="PASS" starttime="20230530 01:24:06.444" endtime="20230530 01:24:06.445"/>
</kw>
<kw name="Given I have a valid user data" library="test_keywords_users">
<kw name="Name" library="FakerLibrary">
<var>${name}</var>
<doc>:example 'John Doe'</doc>
<msg timestamp="20230530 01:24:06.446" level="INFO">${name} = Chris Morris</msg>
<status status="PASS" starttime="20230530 01:24:06.446" endtime="20230530 01:24:06.446"/>
</kw>
<kw name="Email" library="FakerLibrary">
<var>${email}</var>
<msg timestamp="20230530 01:24:06.447" level="INFO">${email} = brianlevine@example.net</msg>
<status status="PASS" starttime="20230530 01:24:06.446" endtime="20230530 01:24:06.447"/>
</kw>
<kw name="Password" library="FakerLibrary">
<var>${password}</var>
<arg>length=12</arg>
<arg>special_chars=False</arg>
<doc>Generate a random password of the specified ``length``.</doc>
<msg timestamp="20230530 01:24:06.447" level="INFO">${password} = 3gLDh2akFM50</msg>
<status status="PASS" starttime="20230530 01:24:06.447" endtime="20230530 01:24:06.447"/>
</kw>
<kw name="Set Suite Variable" library="BuiltIn">
<arg>${name}</arg>
<doc>Makes a variable available everywhere within the scope of the current suite.</doc>
<msg timestamp="20230530 01:24:06.448" level="INFO">${name} = Chris Morris</msg>
<status status="PASS" starttime="20230530 01:24:06.447" endtime="20230530 01:24:06.448"/>
</kw>
<kw name="Set Suite Variable" library="BuiltIn">
<arg>${email}</arg>
<doc>Makes a variable available everywhere within the scope of the current suite.</doc>
<msg timestamp="20230530 01:24:06.448" level="INFO">${email} = brianlevine@example.net</msg>
<status status="PASS" starttime="20230530 01:24:06.448" endtime="20230530 01:24:06.448"/>
</kw>
<kw name="Set Suite Variable" library="BuiltIn">
<arg>${password}</arg>
<doc>Makes a variable available everywhere within the scope of the current suite.</doc>
<msg timestamp="20230530 01:24:06.448" level="INFO">${password} = 3gLDh2akFM50</msg>
<status status="PASS" starttime="20230530 01:24:06.448" endtime="20230530 01:24:06.449"/>
</kw>
<status status="PASS" starttime="20230530 01:24:06.445" endtime="20230530 01:24:06.449"/>
</kw>
<kw name="When I create the user" library="test_keywords_users">
<kw name="Create Dictionary" library="BuiltIn">
<var>${payload}</var>
<arg>nome=${name}</arg>
<arg>email=${email}</arg>
<arg>password=${password}</arg>
<arg>administrador=false</arg>
<doc>Creates and returns a dictionary based on the given ``items``.</doc>
<msg timestamp="20230530 01:24:06.450" level="INFO">${payload} = {'nome': 'Chris Morris', 'email': 'brianlevine@example.net', 'password': '3gLDh2akFM50', 'administrador': 'false'}</msg>
<status status="PASS" starttime="20230530 01:24:06.449" endtime="20230530 01:24:06.450"/>
</kw>
<kw name="Create Dictionary" library="BuiltIn">
<var>${headers}</var>
<arg>Content-Type=application/json</arg>
<doc>Creates and returns a dictionary based on the given ``items``.</doc>
<msg timestamp="20230530 01:24:06.450" level="INFO">${headers} = {'Content-Type': 'application/json'}</msg>
<status status="PASS" starttime="20230530 01:24:06.450" endtime="20230530 01:24:06.450"/>
</kw>
<kw name="POST On Session" library="RequestsLibrary">
<var>${response}</var>
<arg>serverest</arg>
<arg>${USERS_API_ENDPOINT}</arg>
<arg>json=${payload}</arg>
<arg>headers=${headers}</arg>
<doc>Sends a POST request on a previously created HTTP Session.</doc>
<msg timestamp="20230530 01:24:06.521" level="INFO">POST Request : url=https://serverest.dev/usuarios 
 path_url=/usuarios 
 headers={'User-Agent': 'python-requests/2.31.0', 'Accept-Encoding': 'gzip, deflate', 'Accept': '*/*', 'Connection': 'keep-alive', 'Content-Type': 'application/json', 'Content-Length': '114'} 
 body=b'{"nome": "Chris Morris", "email": "brianlevine@example.net", "password": "3gLDh2akFM50", "administrador": "false"}' 
 </msg>
<msg timestamp="20230530 01:24:06.522" level="INFO">POST Response : url=https://serverest.dev/usuarios 
 status=201, reason=Created 
 headers={'access-control-allow-origin': '*', 'x-dns-prefetch-control': 'off', 'x-frame-options': 'SAMEORIGIN', 'strict-transport-security': 'max-age=15552000; includeSubDomains', 'x-download-options': 'noopen', 'x-content-type-options': 'nosniff', 'x-xss-protection': '1; mode=block', 'x-moesif-transaction-id': '09f93f06-7aff-4993-b496-e48bb812e69a', 'content-type': 'application/json; charset=utf-8', 'X-Cloud-Trace-Context': '1c27c88c22db066b5fc9959acef25738', 'Date': 'Tue, 30 May 2023 01:24:06 GMT', 'Server': 'Google Frontend', 'Content-Length': '82'} 
 body={
    "message": "Cadastro realizado com sucesso",
    "_id": "ZpkwJ9XcSwcT45kS"
} 
 </msg>
<msg timestamp="20230530 01:24:06.522" level="INFO">${response} = &lt;Response [201]&gt;</msg>
<status status="PASS" starttime="20230530 01:24:06.450" endtime="20230530 01:24:06.522"/>
</kw>
<kw name="Set Variable" library="BuiltIn">
<var>${user_id}</var>
<arg>${response.json()['_id']}</arg>
<doc>Returns the given values which can then be assigned to a variables.</doc>
<msg timestamp="20230530 01:24:06.523" level="INFO">${user_id} = ZpkwJ9XcSwcT45kS</msg>
<status status="PASS" starttime="20230530 01:24:06.522" endtime="20230530 01:24:06.523"/>
</kw>
<kw name="Set Global Variable" library="BuiltIn">
<arg>${USER_ID}</arg>
<arg>${user_id}</arg>
<doc>Makes a variable available globally in all tests and suites.</doc>
<msg timestamp="20230530 01:24:06.524" level="INFO">${USER_ID} = ZpkwJ9XcSwcT45kS</msg>
<status status="PASS" starttime="20230530 01:24:06.523" endtime="20230530 01:24:06.524"/>
</kw>
<kw name="Set Test Variable" library="BuiltIn">
<arg>${response}</arg>
<doc>Makes a variable available everywhere within the scope of the current test.</doc>
<msg timestamp="20230530 01:24:06.524" level="INFO">${response} = &lt;Response [201]&gt;</msg>
<status status="PASS" starttime="20230530 01:24:06.524" endtime="20230530 01:24:06.524"/>
</kw>
<status status="PASS" starttime="20230530 01:24:06.449" endtime="20230530 01:24:06.524"/>
</kw>
<kw name="Then the response status code should be 201" library="test_keywords_users" sourcename="Then the response status code should be ${status_code}">
<kw name="Should Be Equal As Numbers" library="BuiltIn">
<arg>${response.status_code}</arg>
<arg>${status_code}</arg>
<doc>Fails if objects are unequal after converting them to real numbers.</doc>
<msg timestamp="20230530 01:24:06.525" level="INFO">Argument types are:
&lt;class 'int'&gt;
&lt;class 'str'&gt;</msg>
<status status="PASS" starttime="20230530 01:24:06.525" endtime="20230530 01:24:06.526"/>
</kw>
<kw name="Should Be True" library="BuiltIn">
<arg>${response.json()}</arg>
<doc>Fails if the given condition is not true.</doc>
<status status="PASS" starttime="20230530 01:24:06.526" endtime="20230530 01:24:06.526"/>
</kw>
<status status="PASS" starttime="20230530 01:24:06.524" endtime="20230530 01:24:06.526"/>
</kw>
<kw name="And the response body should not be empty" library="test_keywords_users">
<kw name="Should Not Be Empty" library="BuiltIn">
<arg>${response.json()}</arg>
<doc>Verifies that the given item is not empty.</doc>
<msg timestamp="20230530 01:24:06.528" level="INFO">Length is 2</msg>
<status status="PASS" starttime="20230530 01:24:06.527" endtime="20230530 01:24:06.528"/>
</kw>
<status status="PASS" starttime="20230530 01:24:06.527" endtime="20230530 01:24:06.528"/>
</kw>
<tag>api</tag>
<status status="PASS" starttime="20230530 01:24:06.443" endtime="20230530 01:24:06.528"/>
</test>
<test id="s1-s1-s1-t3" name="Scenario: Get a specific user informations" line="22">
<kw name="Before Tests" library="test_keywords_common" type="SETUP">
<kw name="Create Session" library="RequestsLibrary">
<arg>serverest</arg>
<arg>${SERVER_BASE_URL}</arg>
<arg>disable_warnings=True</arg>
<doc>Create Session: create a HTTP session to a server</doc>
<msg timestamp="20230530 01:24:06.529" level="INFO">Creating Session using : alias=serverest, url=https://serverest.dev, headers={},                     cookies={}, auth=None, timeout=None, proxies=None, verify=False,                     debug=0 </msg>
<status status="PASS" starttime="20230530 01:24:06.529" endtime="20230530 01:24:06.530"/>
</kw>
<status status="PASS" starttime="20230530 01:24:06.529" endtime="20230530 01:24:06.530"/>
</kw>
<kw name="When I request the created user" library="test_keywords_users">
<kw name="GET On Session" library="RequestsLibrary">
<var>${response}</var>
<arg>serverest</arg>
<arg>${USERS_API_ENDPOINT}/${USER_ID}</arg>
<doc>Sends a GET request on a previously created HTTP Session.</doc>
<msg timestamp="20230530 01:24:06.594" level="INFO">GET Request : url=https://serverest.dev/usuarios/ZpkwJ9XcSwcT45kS 
 path_url=/usuarios/ZpkwJ9XcSwcT45kS 
 headers={'User-Agent': 'python-requests/2.31.0', 'Accept-Encoding': 'gzip, deflate', 'Accept': '*/*', 'Connection': 'keep-alive'} 
 body=None 
 </msg>
<msg timestamp="20230530 01:24:06.595" level="INFO">GET Response : url=https://serverest.dev/usuarios/ZpkwJ9XcSwcT45kS 
 status=200, reason=OK 
 headers={'access-control-allow-origin': '*', 'x-dns-prefetch-control': 'off', 'x-frame-options': 'SAMEORIGIN', 'strict-transport-security': 'max-age=15552000; includeSubDomains', 'x-download-options': 'noopen', 'x-content-type-options': 'nosniff', 'x-xss-protection': '1; mode=block', 'x-moesif-transaction-id': 'ca5a0a8c-6d9c-4605-8dd4-0b2c84fa0b20', 'content-type': 'application/json; charset=utf-8', 'X-Cloud-Trace-Context': '0471cb99c15034a05e36516afe77a08b', 'Date': 'Tue, 30 May 2023 01:24:06 GMT', 'Server': 'Google Frontend', 'Content-Length': '163'} 
 body={
    "nome": "Chris Morris",
    "email": "brianlevine@example.net",
    "password": "3gLDh2akFM50",
    "administrador": "false",
    "_id": "ZpkwJ9XcSwcT45kS"
} 
 </msg>
<msg timestamp="20230530 01:24:06.595" level="INFO">${response} = &lt;Response [200]&gt;</msg>
<status status="PASS" starttime="20230530 01:24:06.530" endtime="20230530 01:24:06.595"/>
</kw>
<kw name="Set Test Variable" library="BuiltIn">
<arg>${response}</arg>
<doc>Makes a variable available everywhere within the scope of the current test.</doc>
<msg timestamp="20230530 01:24:06.595" level="INFO">${response} = &lt;Response [200]&gt;</msg>
<status status="PASS" starttime="20230530 01:24:06.595" endtime="20230530 01:24:06.595"/>
</kw>
<status status="PASS" starttime="20230530 01:24:06.530" endtime="20230530 01:24:06.596"/>
</kw>
<kw name="Then the response status code should be 200" library="test_keywords_users" sourcename="Then the response status code should be ${status_code}">
<kw name="Should Be Equal As Numbers" library="BuiltIn">
<arg>${response.status_code}</arg>
<arg>${status_code}</arg>
<doc>Fails if objects are unequal after converting them to real numbers.</doc>
<msg timestamp="20230530 01:24:06.597" level="INFO">Argument types are:
&lt;class 'int'&gt;
&lt;class 'str'&gt;</msg>
<status status="PASS" starttime="20230530 01:24:06.596" endtime="20230530 01:24:06.597"/>
</kw>
<kw name="Should Be True" library="BuiltIn">
<arg>${response.json()}</arg>
<doc>Fails if the given condition is not true.</doc>
<status status="PASS" starttime="20230530 01:24:06.597" endtime="20230530 01:24:06.598"/>
</kw>
<status status="PASS" starttime="20230530 01:24:06.596" endtime="20230530 01:24:06.598"/>
</kw>
<kw name="And the response body should not be empty" library="test_keywords_users">
<kw name="Should Not Be Empty" library="BuiltIn">
<arg>${response.json()}</arg>
<doc>Verifies that the given item is not empty.</doc>
<msg timestamp="20230530 01:24:06.599" level="INFO">Length is 5</msg>
<status status="PASS" starttime="20230530 01:24:06.598" endtime="20230530 01:24:06.599"/>
</kw>
<status status="PASS" starttime="20230530 01:24:06.598" endtime="20230530 01:24:06.599"/>
</kw>
<tag>api</tag>
<status status="PASS" starttime="20230530 01:24:06.528" endtime="20230530 01:24:06.599"/>
</test>
<test id="s1-s1-s1-t4" name="Scenario: Update the created user" line="28">
<kw name="Before Tests" library="test_keywords_common" type="SETUP">
<kw name="Create Session" library="RequestsLibrary">
<arg>serverest</arg>
<arg>${SERVER_BASE_URL}</arg>
<arg>disable_warnings=True</arg>
<doc>Create Session: create a HTTP session to a server</doc>
<msg timestamp="20230530 01:24:06.601" level="INFO">Creating Session using : alias=serverest, url=https://serverest.dev, headers={},                     cookies={}, auth=None, timeout=None, proxies=None, verify=False,                     debug=0 </msg>
<status status="PASS" starttime="20230530 01:24:06.601" endtime="20230530 01:24:06.601"/>
</kw>
<status status="PASS" starttime="20230530 01:24:06.600" endtime="20230530 01:24:06.601"/>
</kw>
<kw name="When I update the created user" library="test_keywords_users">
<kw name="Create Dictionary" library="BuiltIn">
<var>${payload}</var>
<arg>nome=John Smith</arg>
<arg>email=john.smith@example.com</arg>
<arg>password=P@ssw0rd123</arg>
<arg>administrador=false</arg>
<doc>Creates and returns a dictionary based on the given ``items``.</doc>
<msg timestamp="20230530 01:24:06.602" level="INFO">${payload} = {'nome': 'John Smith', 'email': 'john.smith@example.com', 'password': 'P@ssw0rd123', 'administrador': 'false'}</msg>
<status status="PASS" starttime="20230530 01:24:06.602" endtime="20230530 01:24:06.602"/>
</kw>
<kw name="Create Dictionary" library="BuiltIn">
<var>${headers}</var>
<arg>Content-Type=application/json</arg>
<doc>Creates and returns a dictionary based on the given ``items``.</doc>
<msg timestamp="20230530 01:24:06.602" level="INFO">${headers} = {'Content-Type': 'application/json'}</msg>
<status status="PASS" starttime="20230530 01:24:06.602" endtime="20230530 01:24:06.602"/>
</kw>
<kw name="PUT On Session" library="RequestsLibrary">
<var>${response}</var>
<arg>serverest</arg>
<arg>${USERS_API_ENDPOINT}/${USER_ID}</arg>
<arg>json=${payload}</arg>
<arg>headers=${headers}</arg>
<doc>Sends a PUT request on a previously created HTTP Session.</doc>
<msg timestamp="20230530 01:24:06.675" level="INFO">PUT Request : url=https://serverest.dev/usuarios/ZpkwJ9XcSwcT45kS 
 path_url=/usuarios/ZpkwJ9XcSwcT45kS 
 headers={'User-Agent': 'python-requests/2.31.0', 'Accept-Encoding': 'gzip, deflate', 'Accept': '*/*', 'Connection': 'keep-alive', 'Content-Type': 'application/json', 'Content-Length': '110'} 
 body=b'{"nome": "John Smith", "email": "john.smith@example.com", "password": "P@ssw0rd123", "administrador": "false"}' 
 </msg>
<msg timestamp="20230530 01:24:06.675" level="INFO">PUT Response : url=https://serverest.dev/usuarios/ZpkwJ9XcSwcT45kS 
 status=200, reason=OK 
 headers={'access-control-allow-origin': '*', 'x-dns-prefetch-control': 'off', 'x-frame-options': 'SAMEORIGIN', 'strict-transport-security': 'max-age=15552000; includeSubDomains', 'x-download-options': 'noopen', 'x-content-type-options': 'nosniff', 'x-xss-protection': '1; mode=block', 'x-moesif-transaction-id': '52dcbe35-1108-44e2-8be5-08263afb25ec', 'content-type': 'application/json; charset=utf-8', 'X-Cloud-Trace-Context': '067942c1e211c1548cfb16101c411026', 'Date': 'Tue, 30 May 2023 01:24:06 GMT', 'Server': 'Google Frontend', 'Content-Length': '50'} 
 body={
    "message": "Registro alterado com sucesso"
} 
 </msg>
<msg timestamp="20230530 01:24:06.676" level="INFO">${response} = &lt;Response [200]&gt;</msg>
<status status="PASS" starttime="20230530 01:24:06.602" endtime="20230530 01:24:06.676"/>
</kw>
<kw name="Set Test Variable" library="BuiltIn">
<arg>${response}</arg>
<doc>Makes a variable available everywhere within the scope of the current test.</doc>
<msg timestamp="20230530 01:24:06.676" level="INFO">${response} = &lt;Response [200]&gt;</msg>
<status status="PASS" starttime="20230530 01:24:06.676" endtime="20230530 01:24:06.676"/>
</kw>
<status status="PASS" starttime="20230530 01:24:06.601" endtime="20230530 01:24:06.676"/>
</kw>
<kw name="Then the response status code should be 200" library="test_keywords_users" sourcename="Then the response status code should be ${status_code}">
<kw name="Should Be Equal As Numbers" library="BuiltIn">
<arg>${response.status_code}</arg>
<arg>${status_code}</arg>
<doc>Fails if objects are unequal after converting them to real numbers.</doc>
<msg timestamp="20230530 01:24:06.678" level="INFO">Argument types are:
&lt;class 'int'&gt;
&lt;class 'str'&gt;</msg>
<status status="PASS" starttime="20230530 01:24:06.677" endtime="20230530 01:24:06.678"/>
</kw>
<kw name="Should Be True" library="BuiltIn">
<arg>${response.json()}</arg>
<doc>Fails if the given condition is not true.</doc>
<status status="PASS" starttime="20230530 01:24:06.678" endtime="20230530 01:24:06.679"/>
</kw>
<status status="PASS" starttime="20230530 01:24:06.677" endtime="20230530 01:24:06.679"/>
</kw>
<kw name="And the response body should not be empty" library="test_keywords_users">
<kw name="Should Not Be Empty" library="BuiltIn">
<arg>${response.json()}</arg>
<doc>Verifies that the given item is not empty.</doc>
<msg timestamp="20230530 01:24:06.680" level="INFO">Length is 1</msg>
<status status="PASS" starttime="20230530 01:24:06.679" endtime="20230530 01:24:06.680"/>
</kw>
<status status="PASS" starttime="20230530 01:24:06.679" endtime="20230530 01:24:06.680"/>
</kw>
<tag>api</tag>
<status status="PASS" starttime="20230530 01:24:06.600" endtime="20230530 01:24:06.680"/>
</test>
<test id="s1-s1-s1-t5" name="Scenario: Delete the created user" line="34">
<kw name="Before Tests" library="test_keywords_common" type="SETUP">
<kw name="Create Session" library="RequestsLibrary">
<arg>serverest</arg>
<arg>${SERVER_BASE_URL}</arg>
<arg>disable_warnings=True</arg>
<doc>Create Session: create a HTTP session to a server</doc>
<msg timestamp="20230530 01:24:06.682" level="INFO">Creating Session using : alias=serverest, url=https://serverest.dev, headers={},                     cookies={}, auth=None, timeout=None, proxies=None, verify=False,                     debug=0 </msg>
<status status="PASS" starttime="20230530 01:24:06.681" endtime="20230530 01:24:06.682"/>
</kw>
<status status="PASS" starttime="20230530 01:24:06.681" endtime="20230530 01:24:06.682"/>
</kw>
<kw name="When I delete the created user" library="test_keywords_users">
<kw name="DELETE On Session" library="RequestsLibrary">
<var>${response}</var>
<arg>serverest</arg>
<arg>${USERS_API_ENDPOINT}/${USER_ID}</arg>
<doc>Sends a DELETE request on a previously created HTTP Session.</doc>
<msg timestamp="20230530 01:24:06.758" level="INFO">DELETE Request : url=https://serverest.dev/usuarios/ZpkwJ9XcSwcT45kS 
 path_url=/usuarios/ZpkwJ9XcSwcT45kS 
 headers={'User-Agent': 'python-requests/2.31.0', 'Accept-Encoding': 'gzip, deflate', 'Accept': '*/*', 'Connection': 'keep-alive', 'Content-Length': '0'} 
 body=None 
 </msg>
<msg timestamp="20230530 01:24:06.758" level="INFO">DELETE Response : url=https://serverest.dev/usuarios/ZpkwJ9XcSwcT45kS 
 status=200, reason=OK 
 headers={'access-control-allow-origin': '*', 'x-dns-prefetch-control': 'off', 'x-frame-options': 'SAMEORIGIN', 'strict-transport-security': 'max-age=15552000; includeSubDomains', 'x-download-options': 'noopen', 'x-content-type-options': 'nosniff', 'x-xss-protection': '1; mode=block', 'x-moesif-transaction-id': '81aa31ed-450e-4751-9343-077ab1519b2d', 'content-type': 'application/json; charset=utf-8', 'X-Cloud-Trace-Context': '0ce5f31787cca625c75244ad3e732ce7', 'Date': 'Tue, 30 May 2023 01:24:06 GMT', 'Server': 'Google Frontend', 'Content-Length': '51'} 
 body={
    "message": "Registro excluído com sucesso"
} 
 </msg>
<msg timestamp="20230530 01:24:06.758" level="INFO">${response} = &lt;Response [200]&gt;</msg>
<status status="PASS" starttime="20230530 01:24:06.683" endtime="20230530 01:24:06.758"/>
</kw>
<kw name="Set Test Variable" library="BuiltIn">
<arg>${response}</arg>
<doc>Makes a variable available everywhere within the scope of the current test.</doc>
<msg timestamp="20230530 01:24:06.759" level="INFO">${response} = &lt;Response [200]&gt;</msg>
<status status="PASS" starttime="20230530 01:24:06.759" endtime="20230530 01:24:06.759"/>
</kw>
<status status="PASS" starttime="20230530 01:24:06.682" endtime="20230530 01:24:06.759"/>
</kw>
<kw name="Then the response status code should be 200" library="test_keywords_users" sourcename="Then the response status code should be ${status_code}">
<kw name="Should Be Equal As Numbers" library="BuiltIn">
<arg>${response.status_code}</arg>
<arg>${status_code}</arg>
<doc>Fails if objects are unequal after converting them to real numbers.</doc>
<msg timestamp="20230530 01:24:06.760" level="INFO">Argument types are:
&lt;class 'int'&gt;
&lt;class 'str'&gt;</msg>
<status status="PASS" starttime="20230530 01:24:06.760" endtime="20230530 01:24:06.761"/>
</kw>
<kw name="Should Be True" library="BuiltIn">
<arg>${response.json()}</arg>
<doc>Fails if the given condition is not true.</doc>
<status status="PASS" starttime="20230530 01:24:06.761" endtime="20230530 01:24:06.761"/>
</kw>
<status status="PASS" starttime="20230530 01:24:06.759" endtime="20230530 01:24:06.761"/>
</kw>
<kw name="And the response body should not be empty" library="test_keywords_users">
<kw name="Should Not Be Empty" library="BuiltIn">
<arg>${response.json()}</arg>
<doc>Verifies that the given item is not empty.</doc>
<msg timestamp="20230530 01:24:06.763" level="INFO">Length is 1</msg>
<status status="PASS" starttime="20230530 01:24:06.762" endtime="20230530 01:24:06.763"/>
</kw>
<status status="PASS" starttime="20230530 01:24:06.762" endtime="20230530 01:24:06.763"/>
</kw>
<tag>api</tag>
<status status="PASS" starttime="20230530 01:24:06.681" endtime="20230530 01:24:06.763"/>
</test>
<status status="PASS" starttime="20230530 01:24:05.789" endtime="20230530 01:24:06.764"/>
</suite>
<status status="PASS" starttime="20230530 01:24:05.787" endtime="20230530 01:24:06.765"/>
</suite>
<suite id="s1-s2" name="Ui" source="/home/runner/work/gen-ai-robot-test/gen-ai-robot-test/tests/ui">
<suite id="s1-s2-s1" name="Test Ui Signup" source="/home/runner/work/gen-ai-robot-test/gen-ai-robot-test/tests/ui/test_ui_signup.robot">
<test id="s1-s2-s1-t1" name="Scenario: Signup with empty fields" line="10">
<kw name="Before Tests" library="test_keywords_common" type="SETUP">
<kw name="Open Browser" library="SeleniumLibrary">
<arg>${SERVER_BASE_URL}</arg>
<arg>${HEADLESS} ${BROWSER}</arg>
<doc>Opens a new browser instance to the optional ``url``.</doc>
<msg timestamp="20230530 01:24:06.776" level="INFO">Opening browser 'headless Chrome' to base url 'https://front.serverest.dev/'.</msg>
<status status="PASS" starttime="20230530 01:24:06.775" endtime="20230530 01:24:08.784"/>
</kw>
<kw name="Maximize Browser Window" library="SeleniumLibrary">
<doc>Maximizes current browser window.</doc>
<status status="PASS" starttime="20230530 01:24:08.785" endtime="20230530 01:24:08.890"/>
</kw>
<status status="PASS" starttime="20230530 01:24:06.775" endtime="20230530 01:24:08.891"/>
</kw>
<kw name="Given Im on the signup page" library="test_keywords_signup">
<kw name="Location Should Be" library="SeleniumLibrary">
<arg>https://front.serverest.dev/login</arg>
<doc>Verifies that the current URL is exactly ``url``.</doc>
<msg timestamp="20230530 01:24:08.897" level="INFO">Current location is 'https://front.serverest.dev/login'.</msg>
<status status="PASS" starttime="20230530 01:24:08.891" endtime="20230530 01:24:08.897"/>
</kw>
<kw name="Click Element" library="SeleniumLibrary">
<arg>css=a.btn.btn-link</arg>
<doc>Click the element identified by ``locator``.</doc>
<msg timestamp="20230530 01:24:08.898" level="INFO">Clicking element 'css=a.btn.btn-link'.</msg>
<status status="PASS" starttime="20230530 01:24:08.897" endtime="20230530 01:24:08.986"/>
</kw>
<status status="PASS" starttime="20230530 01:24:08.891" endtime="20230530 01:24:08.986"/>
</kw>
<kw name="When I click in signup" library="test_keywords_signup">
<kw name="Click Button" library="SeleniumLibrary">
<arg>css=.btn.btn-primary</arg>
<doc>Clicks the button identified by ``locator``.</doc>
<msg timestamp="20230530 01:24:08.987" level="INFO">Clicking button 'css=.btn.btn-primary'.</msg>
<status status="PASS" starttime="20230530 01:24:08.987" endtime="20230530 01:24:09.054"/>
</kw>
<status status="PASS" starttime="20230530 01:24:08.987" endtime="20230530 01:24:09.054"/>
</kw>
<kw name="Then required field messages should be displayed" library="test_keywords_signup">
<kw name="Wait Until Element Is Visible" library="SeleniumLibrary">
<arg>css=.alert-dismissible</arg>
<arg>timeout=10s</arg>
<doc>Waits until the element ``locator`` is visible.</doc>
<status status="PASS" starttime="20230530 01:24:09.055" endtime="20230530 01:24:09.292"/>
</kw>
<kw name="Element Should Be Visible" library="SeleniumLibrary">
<arg>css=.alert-dismissible</arg>
<doc>Verifies that the element identified by ``locator`` is visible.</doc>
<msg timestamp="20230530 01:24:09.311" level="INFO">Element 'css=.alert-dismissible' is displayed.</msg>
<status status="PASS" starttime="20230530 01:24:09.292" endtime="20230530 01:24:09.311"/>
</kw>
<kw name="Page Should Contain" library="SeleniumLibrary">
<arg>Nome é obrigatório</arg>
<doc>Verifies that current page contains ``text``.</doc>
<msg timestamp="20230530 01:24:09.327" level="INFO">Current page contains text 'Nome é obrigatório'.</msg>
<status status="PASS" starttime="20230530 01:24:09.311" endtime="20230530 01:24:09.327"/>
</kw>
<kw name="Page Should Contain" library="SeleniumLibrary">
<arg>Email é obrigatório</arg>
<doc>Verifies that current page contains ``text``.</doc>
<msg timestamp="20230530 01:24:09.340" level="INFO">Current page contains text 'Email é obrigatório'.</msg>
<status status="PASS" starttime="20230530 01:24:09.327" endtime="20230530 01:24:09.341"/>
</kw>
<kw name="Page Should Contain" library="SeleniumLibrary">
<arg>Password é obrigatório</arg>
<doc>Verifies that current page contains ``text``.</doc>
<msg timestamp="20230530 01:24:09.353" level="INFO">Current page contains text 'Password é obrigatório'.</msg>
<status status="PASS" starttime="20230530 01:24:09.341" endtime="20230530 01:24:09.354"/>
</kw>
<status status="PASS" starttime="20230530 01:24:09.054" endtime="20230530 01:24:09.354"/>
</kw>
<kw name="After Tests" library="test_keywords_common" type="TEARDOWN">
<kw name="Close Browser" library="SeleniumLibrary">
<doc>Closes the current browser.</doc>
<status status="PASS" starttime="20230530 01:24:09.354" endtime="20230530 01:24:09.410"/>
</kw>
<status status="PASS" starttime="20230530 01:24:09.354" endtime="20230530 01:24:09.410"/>
</kw>
<tag>ui</tag>
<status status="PASS" starttime="20230530 01:24:06.774" endtime="20230530 01:24:09.410"/>
</test>
<test id="s1-s2-s1-t2" name="Scenario: Signup done successfully" line="16">
<kw name="Before Tests" library="test_keywords_common" type="SETUP">
<kw name="Open Browser" library="SeleniumLibrary">
<arg>${SERVER_BASE_URL}</arg>
<arg>${HEADLESS} ${BROWSER}</arg>
<doc>Opens a new browser instance to the optional ``url``.</doc>
<msg timestamp="20230530 01:24:09.413" level="INFO">Opening browser 'headless Chrome' to base url 'https://front.serverest.dev/'.</msg>
<status status="PASS" starttime="20230530 01:24:09.412" endtime="20230530 01:24:10.582"/>
</kw>
<kw name="Maximize Browser Window" library="SeleniumLibrary">
<doc>Maximizes current browser window.</doc>
<status status="PASS" starttime="20230530 01:24:10.583" endtime="20230530 01:24:10.687"/>
</kw>
<status status="PASS" starttime="20230530 01:24:09.411" endtime="20230530 01:24:10.687"/>
</kw>
<kw name="Given Im on the signup page" library="test_keywords_signup">
<kw name="Location Should Be" library="SeleniumLibrary">
<arg>https://front.serverest.dev/login</arg>
<doc>Verifies that the current URL is exactly ``url``.</doc>
<msg timestamp="20230530 01:24:10.694" level="INFO">Current location is 'https://front.serverest.dev/login'.</msg>
<status status="PASS" starttime="20230530 01:24:10.688" endtime="20230530 01:24:10.694"/>
</kw>
<kw name="Click Element" library="SeleniumLibrary">
<arg>css=a.btn.btn-link</arg>
<doc>Click the element identified by ``locator``.</doc>
<msg timestamp="20230530 01:24:10.695" level="INFO">Clicking element 'css=a.btn.btn-link'.</msg>
<status status="PASS" starttime="20230530 01:24:10.694" endtime="20230530 01:24:10.779"/>
</kw>
<status status="PASS" starttime="20230530 01:24:10.688" endtime="20230530 01:24:10.780"/>
</kw>
<kw name="And I fill in the signup fields with valid data" library="test_keywords_signup">
<kw name="Name" library="FakerLibrary">
<var>${name}</var>
<doc>:example 'John Doe'</doc>
<msg timestamp="20230530 01:24:10.781" level="INFO">${name} = Sara Arnold</msg>
<status status="PASS" starttime="20230530 01:24:10.780" endtime="20230530 01:24:10.781"/>
</kw>
<kw name="Email" library="FakerLibrary">
<var>${email}</var>
<msg timestamp="20230530 01:24:10.781" level="INFO">${email} = penningtonjulia@example.com</msg>
<status status="PASS" starttime="20230530 01:24:10.781" endtime="20230530 01:24:10.782"/>
</kw>
<kw name="Password" library="FakerLibrary">
<var>${password}</var>
<arg>length=12</arg>
<arg>special_chars=False</arg>
<doc>Generate a random password of the specified ``length``.</doc>
<msg timestamp="20230530 01:24:10.782" level="INFO">${password} = ps8dEHTtt408</msg>
<status status="PASS" starttime="20230530 01:24:10.782" endtime="20230530 01:24:10.782"/>
</kw>
<kw name="Input Text" library="SeleniumLibrary">
<arg>id:nome</arg>
<arg>${name}</arg>
<doc>Types the given ``text`` into the text field identified by ``locator``.</doc>
<msg timestamp="20230530 01:24:10.783" level="INFO">Typing text 'Sara Arnold' into text field 'id:nome'.</msg>
<status status="PASS" starttime="20230530 01:24:10.782" endtime="20230530 01:24:10.917"/>
</kw>
<kw name="Input Text" library="SeleniumLibrary">
<arg>id:email</arg>
<arg>${email}</arg>
<doc>Types the given ``text`` into the text field identified by ``locator``.</doc>
<msg timestamp="20230530 01:24:10.918" level="INFO">Typing text 'penningtonjulia@example.com' into text field 'id:email'.</msg>
<status status="PASS" starttime="20230530 01:24:10.917" endtime="20230530 01:24:11.039"/>
</kw>
<kw name="Input Text" library="SeleniumLibrary">
<arg>id:password</arg>
<arg>${password}</arg>
<doc>Types the given ``text`` into the text field identified by ``locator``.</doc>
<msg timestamp="20230530 01:24:11.040" level="INFO">Typing text 'ps8dEHTtt408' into text field 'id:password'.</msg>
<status status="PASS" starttime="20230530 01:24:11.039" endtime="20230530 01:24:11.133"/>
</kw>
<kw name="Select Checkbox" library="SeleniumLibrary">
<arg>id=administrador</arg>
<doc>Selects the checkbox identified by ``locator``.</doc>
<msg timestamp="20230530 01:24:11.134" level="INFO">Selecting checkbox 'id=administrador'.</msg>
<status status="PASS" starttime="20230530 01:24:11.134" endtime="20230530 01:24:11.210"/>
</kw>
<kw name="Set Suite Variable" library="BuiltIn">
<arg>${name}</arg>
<doc>Makes a variable available everywhere within the scope of the current suite.</doc>
<msg timestamp="20230530 01:24:11.211" level="INFO">${name} = Sara Arnold</msg>
<status status="PASS" starttime="20230530 01:24:11.211" endtime="20230530 01:24:11.211"/>
</kw>
<kw name="Set Suite Variable" library="BuiltIn">
<arg>${email}</arg>
<doc>Makes a variable available everywhere within the scope of the current suite.</doc>
<msg timestamp="20230530 01:24:11.211" level="INFO">${email} = penningtonjulia@example.com</msg>
<status status="PASS" starttime="20230530 01:24:11.211" endtime="20230530 01:24:11.211"/>
</kw>
<kw name="Set Suite Variable" library="BuiltIn">
<arg>${password}</arg>
<doc>Makes a variable available everywhere within the scope of the current suite.</doc>
<msg timestamp="20230530 01:24:11.212" level="INFO">${password} = ps8dEHTtt408</msg>
<status status="PASS" starttime="20230530 01:24:11.212" endtime="20230530 01:24:11.212"/>
</kw>
<status status="PASS" starttime="20230530 01:24:10.780" endtime="20230530 01:24:11.212"/>
</kw>
<kw name="When I click in signup" library="test_keywords_signup">
<kw name="Click Button" library="SeleniumLibrary">
<arg>css=.btn.btn-primary</arg>
<doc>Clicks the button identified by ``locator``.</doc>
<msg timestamp="20230530 01:24:11.213" level="INFO">Clicking button 'css=.btn.btn-primary'.</msg>
<status status="PASS" starttime="20230530 01:24:11.212" endtime="20230530 01:24:11.273"/>
</kw>
<status status="PASS" starttime="20230530 01:24:11.212" endtime="20230530 01:24:11.273"/>
</kw>
<kw name="Then the page should contain the text &quot;Cadastro realizado com sucesso&quot;" library="test_keywords_signup" sourcename="Then the page should contain the text &quot;${expected_text}&quot;">
<kw name="Wait Until Element Is Visible" library="SeleniumLibrary">
<arg>css=.alert-dismissible</arg>
<arg>timeout=10s</arg>
<doc>Waits until the element ``locator`` is visible.</doc>
<status status="PASS" starttime="20230530 01:24:11.274" endtime="20230530 01:24:11.510"/>
</kw>
<kw name="Element Should Be Visible" library="SeleniumLibrary">
<arg>css=.alert-dismissible</arg>
<doc>Verifies that the element identified by ``locator`` is visible.</doc>
<msg timestamp="20230530 01:24:11.528" level="INFO">Element 'css=.alert-dismissible' is displayed.</msg>
<status status="PASS" starttime="20230530 01:24:11.510" endtime="20230530 01:24:11.529"/>
</kw>
<kw name="Page Should Contain" library="SeleniumLibrary">
<arg>${expected_text}</arg>
<doc>Verifies that current page contains ``text``.</doc>
<msg timestamp="20230530 01:24:11.542" level="INFO">Current page contains text 'Cadastro realizado com sucesso'.</msg>
<status status="PASS" starttime="20230530 01:24:11.529" endtime="20230530 01:24:11.542"/>
</kw>
<status status="PASS" starttime="20230530 01:24:11.273" endtime="20230530 01:24:11.542"/>
</kw>
<kw name="After Tests" library="test_keywords_common" type="TEARDOWN">
<kw name="Close Browser" library="SeleniumLibrary">
<doc>Closes the current browser.</doc>
<status status="PASS" starttime="20230530 01:24:11.543" endtime="20230530 01:24:11.598"/>
</kw>
<status status="PASS" starttime="20230530 01:24:11.542" endtime="20230530 01:24:11.598"/>
</kw>
<tag>ui</tag>
<status status="PASS" starttime="20230530 01:24:09.411" endtime="20230530 01:24:11.598"/>
</test>
<test id="s1-s2-s1-t3" name="Scenario: Signup with already used email" line="23">
<kw name="Before Tests" library="test_keywords_common" type="SETUP">
<kw name="Open Browser" library="SeleniumLibrary">
<arg>${SERVER_BASE_URL}</arg>
<arg>${HEADLESS} ${BROWSER}</arg>
<doc>Opens a new browser instance to the optional ``url``.</doc>
<msg timestamp="20230530 01:24:11.601" level="INFO">Opening browser 'headless Chrome' to base url 'https://front.serverest.dev/'.</msg>
<status status="PASS" starttime="20230530 01:24:11.600" endtime="20230530 01:24:12.776"/>
</kw>
<kw name="Maximize Browser Window" library="SeleniumLibrary">
<doc>Maximizes current browser window.</doc>
<status status="PASS" starttime="20230530 01:24:12.777" endtime="20230530 01:24:12.881"/>
</kw>
<status status="PASS" starttime="20230530 01:24:11.600" endtime="20230530 01:24:12.882"/>
</kw>
<kw name="Given Im on the signup page" library="test_keywords_signup">
<kw name="Location Should Be" library="SeleniumLibrary">
<arg>https://front.serverest.dev/login</arg>
<doc>Verifies that the current URL is exactly ``url``.</doc>
<msg timestamp="20230530 01:24:12.888" level="INFO">Current location is 'https://front.serverest.dev/login'.</msg>
<status status="PASS" starttime="20230530 01:24:12.882" endtime="20230530 01:24:12.888"/>
</kw>
<kw name="Click Element" library="SeleniumLibrary">
<arg>css=a.btn.btn-link</arg>
<doc>Click the element identified by ``locator``.</doc>
<msg timestamp="20230530 01:24:12.889" level="INFO">Clicking element 'css=a.btn.btn-link'.</msg>
<status status="PASS" starttime="20230530 01:24:12.888" endtime="20230530 01:24:12.973"/>
</kw>
<status status="PASS" starttime="20230530 01:24:12.882" endtime="20230530 01:24:12.974"/>
</kw>
<kw name="And I fill in the signup fields with an email already registered" library="test_keywords_signup">
<kw name="Input Text" library="SeleniumLibrary">
<arg>id:nome</arg>
<arg>${name}</arg>
<doc>Types the given ``text`` into the text field identified by ``locator``.</doc>
<msg timestamp="20230530 01:24:12.975" level="INFO">Typing text 'Sara Arnold' into text field 'id:nome'.</msg>
<status status="PASS" starttime="20230530 01:24:12.974" endtime="20230530 01:24:13.091"/>
</kw>
<kw name="Input Text" library="SeleniumLibrary">
<arg>id:email</arg>
<arg>${email}</arg>
<doc>Types the given ``text`` into the text field identified by ``locator``.</doc>
<msg timestamp="20230530 01:24:13.092" level="INFO">Typing text 'penningtonjulia@example.com' into text field 'id:email'.</msg>
<status status="PASS" starttime="20230530 01:24:13.092" endtime="20230530 01:24:13.227"/>
</kw>
<kw name="Input Text" library="SeleniumLibrary">
<arg>id:password</arg>
<arg>${password}</arg>
<doc>Types the given ``text`` into the text field identified by ``locator``.</doc>
<msg timestamp="20230530 01:24:13.228" level="INFO">Typing text 'ps8dEHTtt408' into text field 'id:password'.</msg>
<status status="PASS" starttime="20230530 01:24:13.228" endtime="20230530 01:24:13.319"/>
</kw>
<kw name="Select Checkbox" library="SeleniumLibrary">
<arg>id=administrador</arg>
<doc>Selects the checkbox identified by ``locator``.</doc>
<msg timestamp="20230530 01:24:13.320" level="INFO">Selecting checkbox 'id=administrador'.</msg>
<status status="PASS" starttime="20230530 01:24:13.319" endtime="20230530 01:24:13.396"/>
</kw>
<status status="PASS" starttime="20230530 01:24:12.974" endtime="20230530 01:24:13.396"/>
</kw>
<kw name="When I click in signup" library="test_keywords_signup">
<kw name="Click Button" library="SeleniumLibrary">
<arg>css=.btn.btn-primary</arg>
<doc>Clicks the button identified by ``locator``.</doc>
<msg timestamp="20230530 01:24:13.397" level="INFO">Clicking button 'css=.btn.btn-primary'.</msg>
<status status="PASS" starttime="20230530 01:24:13.396" endtime="20230530 01:24:13.460"/>
</kw>
<status status="PASS" starttime="20230530 01:24:13.396" endtime="20230530 01:24:13.460"/>
</kw>
<kw name="Then the page should contain the text &quot;Este email já está sendo usado&quot;" library="test_keywords_signup" sourcename="Then the page should contain the text &quot;${expected_text}&quot;">
<kw name="Wait Until Element Is Visible" library="SeleniumLibrary">
<arg>css=.alert-dismissible</arg>
<arg>timeout=10s</arg>
<doc>Waits until the element ``locator`` is visible.</doc>
<status status="PASS" starttime="20230530 01:24:13.461" endtime="20230530 01:24:13.697"/>
</kw>
<kw name="Element Should Be Visible" library="SeleniumLibrary">
<arg>css=.alert-dismissible</arg>
<doc>Verifies that the element identified by ``locator`` is visible.</doc>
<msg timestamp="20230530 01:24:13.718" level="INFO">Element 'css=.alert-dismissible' is displayed.</msg>
<status status="PASS" starttime="20230530 01:24:13.697" endtime="20230530 01:24:13.718"/>
</kw>
<kw name="Page Should Contain" library="SeleniumLibrary">
<arg>${expected_text}</arg>
<doc>Verifies that current page contains ``text``.</doc>
<msg timestamp="20230530 01:24:13.732" level="INFO">Current page contains text 'Este email já está sendo usado'.</msg>
<status status="PASS" starttime="20230530 01:24:13.718" endtime="20230530 01:24:13.732"/>
</kw>
<status status="PASS" starttime="20230530 01:24:13.460" endtime="20230530 01:24:13.732"/>
</kw>
<kw name="After Tests" library="test_keywords_common" type="TEARDOWN">
<kw name="Close Browser" library="SeleniumLibrary">
<doc>Closes the current browser.</doc>
<status status="PASS" starttime="20230530 01:24:13.733" endtime="20230530 01:24:13.788"/>
</kw>
<status status="PASS" starttime="20230530 01:24:13.733" endtime="20230530 01:24:13.788"/>
</kw>
<tag>ui</tag>
<status status="PASS" starttime="20230530 01:24:11.599" endtime="20230530 01:24:13.788"/>
</test>
<status status="PASS" starttime="20230530 01:24:06.767" endtime="20230530 01:24:13.789"/>
</suite>
<status status="PASS" starttime="20230530 01:24:06.766" endtime="20230530 01:24:13.791"/>
</suite>
<status status="PASS" starttime="20230530 01:24:05.768" endtime="20230530 01:24:13.793"/>
</suite>
<statistics>
<total>
<stat pass="8" fail="0" skip="0">All Tests</stat>
</total>
<tag>
<stat pass="5" fail="0" skip="0">api</stat>
<stat pass="3" fail="0" skip="0">ui</stat>
</tag>
<suite>
<stat pass="8" fail="0" skip="0" id="s1" name="Tests">Tests</stat>
<stat pass="5" fail="0" skip="0" id="s1-s1" name="Api">Tests.Api</stat>
<stat pass="5" fail="0" skip="0" id="s1-s1-s1" name="Test Api Users">Tests.Api.Test Api Users</stat>
<stat pass="3" fail="0" skip="0" id="s1-s2" name="Ui">Tests.Ui</stat>
<stat pass="3" fail="0" skip="0" id="s1-s2-s1" name="Test Ui Signup">Tests.Ui.Test Ui Signup</stat>
</suite>
</statistics>
<errors>
</errors>
</robot>
