<?xml version="1.0" encoding="UTF-8"?>
<robot generator="Robot 6.0.2 (Python 3.8.16 on linux)" generated="20230523 14:38:00.070" rpa="false" schemaversion="3">
<suite id="s1" name="Tests" source="/home/runner/work/gen-ai-robot-test/gen-ai-robot-test/tests">
<suite id="s1-s1" name="Api" source="/home/runner/work/gen-ai-robot-test/gen-ai-robot-test/tests/api">
<suite id="s1-s1-s1" name="Test Api Users" source="/home/runner/work/gen-ai-robot-test/gen-ai-robot-test/tests/api/test_api_users.robot">
<test id="s1-s1-s1-t1" name="Scenario: Get all registered users" line="9">
<kw name="Before Tests" library="test_keywords_common" type="SETUP">
<kw name="Create Session" library="RequestsLibrary">
<arg>serverest</arg>
<arg>${SERVER_BASE_URL}</arg>
<arg>disable_warnings=True</arg>
<doc>Create Session: create a HTTP session to a server</doc>
<msg timestamp="20230523 14:38:00.541" level="INFO">Creating Session using : alias=serverest, url=https://serverest.dev, headers={},                     cookies={}, auth=None, timeout=None, proxies=None, verify=False,                     debug=0 </msg>
<status status="PASS" starttime="20230523 14:38:00.540" endtime="20230523 14:38:00.541"/>
</kw>
<status status="PASS" starttime="20230523 14:38:00.540" endtime="20230523 14:38:00.541"/>
</kw>
<kw name="When I request the list of all registered users" library="test_keywords_users">
<kw name="GET On Session" library="RequestsLibrary">
<var>${response}</var>
<arg>serverest</arg>
<arg>${USERS_API_ENDPOINT}</arg>
<doc>Sends a GET request on a previously created HTTP Session.</doc>
<msg timestamp="20230523 14:38:00.771" level="INFO">GET Request : url=https://serverest.dev/usuarios 
 path_url=/usuarios 
 headers={'User-Agent': 'python-requests/2.31.0', 'Accept-Encoding': 'gzip, deflate', 'Accept': '*/*', 'Connection': 'keep-alive'} 
 body=None 
 </msg>
<msg timestamp="20230523 14:38:00.771" level="INFO">GET Response : url=https://serverest.dev/usuarios 
 status=200, reason=OK 
 headers={'access-control-allow-origin': '*', 'x-dns-prefetch-control': 'off', 'x-frame-options': 'SAMEORIGIN', 'strict-transport-security': 'max-age=15552000; includeSubDomains', 'x-download-options': 'noopen', 'x-content-type-options': 'nosniff', 'x-xss-protection': '1; mode=block', 'x-moesif-transaction-id': '47158eda-61bc-4372-9c6f-76445e32d3da', 'content-type': 'application/json; charset=utf-8', 'X-Cloud-Trace-Context': 'a8c3b3b82575aaf1057faede1bf7f86d;o=1', 'Date': 'Tue, 23 May 2023 14:38:00 GMT', 'Server': 'Google Frontend', 'Content-Length': '253'} 
 body={
    "quantidade": 1,
    "usuarios": [
        {
            "nome": "Fulano da Silva",
            "email": "fulano@qa.com",
            "password": "teste",
            "administrador": "true",
            "_id": "0uxuPY0cbmQhpEz1"
        }
    ]
} 
 </msg>
<msg timestamp="20230523 14:38:00.771" level="INFO">${response} = &lt;Response [200]&gt;</msg>
<status status="PASS" starttime="20230523 14:38:00.541" endtime="20230523 14:38:00.771"/>
</kw>
<kw name="Set Test Variable" library="BuiltIn">
<arg>${response}</arg>
<doc>Makes a variable available everywhere within the scope of the current test.</doc>
<msg timestamp="20230523 14:38:00.772" level="INFO">${response} = &lt;Response [200]&gt;</msg>
<status status="PASS" starttime="20230523 14:38:00.771" endtime="20230523 14:38:00.772"/>
</kw>
<status status="PASS" starttime="20230523 14:38:00.541" endtime="20230523 14:38:00.772"/>
</kw>
<kw name="Then the response status code should be 200" library="test_keywords_users" sourcename="Then the response status code should be ${status_code}">
<kw name="Should Be Equal As Numbers" library="BuiltIn">
<arg>${response.status_code}</arg>
<arg>${status_code}</arg>
<doc>Fails if objects are unequal after converting them to real numbers.</doc>
<msg timestamp="20230523 14:38:00.773" level="INFO">Argument types are:
&lt;class 'int'&gt;
&lt;class 'str'&gt;</msg>
<status status="PASS" starttime="20230523 14:38:00.772" endtime="20230523 14:38:00.773"/>
</kw>
<kw name="Should Be True" library="BuiltIn">
<arg>${response.json()}</arg>
<doc>Fails if the given condition is not true.</doc>
<status status="PASS" starttime="20230523 14:38:00.773" endtime="20230523 14:38:00.774"/>
</kw>
<status status="PASS" starttime="20230523 14:38:00.772" endtime="20230523 14:38:00.774"/>
</kw>
<kw name="And the response body should not be empty" library="test_keywords_users">
<kw name="Should Not Be Empty" library="BuiltIn">
<arg>${response.json()}</arg>
<doc>Verifies that the given item is not empty.</doc>
<msg timestamp="20230523 14:38:00.775" level="INFO">Length is 2</msg>
<status status="PASS" starttime="20230523 14:38:00.774" endtime="20230523 14:38:00.775"/>
</kw>
<status status="PASS" starttime="20230523 14:38:00.774" endtime="20230523 14:38:00.775"/>
</kw>
<tag>api</tag>
<status status="PASS" starttime="20230523 14:38:00.539" endtime="20230523 14:38:00.775"/>
</test>
<test id="s1-s1-s1-t2" name="Scenario: Create a new user" line="15">
<kw name="Before Tests" library="test_keywords_common" type="SETUP">
<kw name="Create Session" library="RequestsLibrary">
<arg>serverest</arg>
<arg>${SERVER_BASE_URL}</arg>
<arg>disable_warnings=True</arg>
<doc>Create Session: create a HTTP session to a server</doc>
<msg timestamp="20230523 14:38:00.777" level="INFO">Creating Session using : alias=serverest, url=https://serverest.dev, headers={},                     cookies={}, auth=None, timeout=None, proxies=None, verify=False,                     debug=0 </msg>
<status status="PASS" starttime="20230523 14:38:00.777" endtime="20230523 14:38:00.777"/>
</kw>
<status status="PASS" starttime="20230523 14:38:00.776" endtime="20230523 14:38:00.777"/>
</kw>
<kw name="Given I have a valid user data" library="test_keywords_users">
<kw name="Name" library="FakerLibrary">
<var>${name}</var>
<doc>:example 'John Doe'</doc>
<msg timestamp="20230523 14:38:00.778" level="INFO">${name} = Ronald Odom</msg>
<status status="PASS" starttime="20230523 14:38:00.778" endtime="20230523 14:38:00.778"/>
</kw>
<kw name="Email" library="FakerLibrary">
<var>${email}</var>
<msg timestamp="20230523 14:38:00.779" level="INFO">${email} = middletonclifford@example.com</msg>
<status status="PASS" starttime="20230523 14:38:00.778" endtime="20230523 14:38:00.779"/>
</kw>
<kw name="Password" library="FakerLibrary">
<var>${password}</var>
<arg>length=12</arg>
<arg>special_chars=False</arg>
<doc>Generate a random password of the specified ``length``.</doc>
<msg timestamp="20230523 14:38:00.779" level="INFO">${password} = hlCYuzKHR0fw</msg>
<status status="PASS" starttime="20230523 14:38:00.779" endtime="20230523 14:38:00.779"/>
</kw>
<kw name="Set Suite Variable" library="BuiltIn">
<arg>${name}</arg>
<doc>Makes a variable available everywhere within the scope of the current suite.</doc>
<msg timestamp="20230523 14:38:00.780" level="INFO">${name} = Ronald Odom</msg>
<status status="PASS" starttime="20230523 14:38:00.780" endtime="20230523 14:38:00.780"/>
</kw>
<kw name="Set Suite Variable" library="BuiltIn">
<arg>${email}</arg>
<doc>Makes a variable available everywhere within the scope of the current suite.</doc>
<msg timestamp="20230523 14:38:00.780" level="INFO">${email} = middletonclifford@example.com</msg>
<status status="PASS" starttime="20230523 14:38:00.780" endtime="20230523 14:38:00.780"/>
</kw>
<kw name="Set Suite Variable" library="BuiltIn">
<arg>${password}</arg>
<doc>Makes a variable available everywhere within the scope of the current suite.</doc>
<msg timestamp="20230523 14:38:00.780" level="INFO">${password} = hlCYuzKHR0fw</msg>
<status status="PASS" starttime="20230523 14:38:00.780" endtime="20230523 14:38:00.780"/>
</kw>
<status status="PASS" starttime="20230523 14:38:00.778" endtime="20230523 14:38:00.781"/>
</kw>
<kw name="When I create the user" library="test_keywords_users">
<kw name="Create Dictionary" library="BuiltIn">
<var>${payload}</var>
<arg>nome=${name}</arg>
<arg>email=${email}</arg>
<arg>password=${password}</arg>
<arg>administrador=false</arg>
<doc>Creates and returns a dictionary based on the given ``items``.</doc>
<msg timestamp="20230523 14:38:00.781" level="INFO">${payload} = {'nome': 'Ronald Odom', 'email': 'middletonclifford@example.com', 'password': 'hlCYuzKHR0fw', 'administrador': 'false'}</msg>
<status status="PASS" starttime="20230523 14:38:00.781" endtime="20230523 14:38:00.781"/>
</kw>
<kw name="Create Dictionary" library="BuiltIn">
<var>${headers}</var>
<arg>Content-Type=application/json</arg>
<doc>Creates and returns a dictionary based on the given ``items``.</doc>
<msg timestamp="20230523 14:38:00.782" level="INFO">${headers} = {'Content-Type': 'application/json'}</msg>
<status status="PASS" starttime="20230523 14:38:00.782" endtime="20230523 14:38:00.782"/>
</kw>
<kw name="POST On Session" library="RequestsLibrary">
<var>${response}</var>
<arg>serverest</arg>
<arg>${USERS_API_ENDPOINT}</arg>
<arg>json=${payload}</arg>
<arg>headers=${headers}</arg>
<doc>Sends a POST request on a previously created HTTP Session.</doc>
<msg timestamp="20230523 14:38:00.883" level="INFO">POST Request : url=https://serverest.dev/usuarios 
 path_url=/usuarios 
 headers={'User-Agent': 'python-requests/2.31.0', 'Accept-Encoding': 'gzip, deflate', 'Accept': '*/*', 'Connection': 'keep-alive', 'Content-Type': 'application/json', 'Content-Length': '119'} 
 body=b'{"nome": "Ronald Odom", "email": "middletonclifford@example.com", "password": "hlCYuzKHR0fw", "administrador": "false"}' 
 </msg>
<msg timestamp="20230523 14:38:00.883" level="INFO">POST Response : url=https://serverest.dev/usuarios 
 status=201, reason=Created 
 headers={'access-control-allow-origin': '*', 'x-dns-prefetch-control': 'off', 'x-frame-options': 'SAMEORIGIN', 'strict-transport-security': 'max-age=15552000; includeSubDomains', 'x-download-options': 'noopen', 'x-content-type-options': 'nosniff', 'x-xss-protection': '1; mode=block', 'x-moesif-transaction-id': 'a2ebee33-1265-4c3e-aa20-bea37bb0eec8', 'content-type': 'application/json; charset=utf-8', 'X-Cloud-Trace-Context': '608def9a8b7bf5dc1c8943c4ac825391', 'Date': 'Tue, 23 May 2023 14:38:00 GMT', 'Server': 'Google Frontend', 'Content-Length': '82'} 
 body={
    "message": "Cadastro realizado com sucesso",
    "_id": "jaZ9SgDRJjYnZuxC"
} 
 </msg>
<msg timestamp="20230523 14:38:00.883" level="INFO">${response} = &lt;Response [201]&gt;</msg>
<status status="PASS" starttime="20230523 14:38:00.782" endtime="20230523 14:38:00.883"/>
</kw>
<kw name="Set Variable" library="BuiltIn">
<var>${user_id}</var>
<arg>${response.json()['_id']}</arg>
<doc>Returns the given values which can then be assigned to a variables.</doc>
<msg timestamp="20230523 14:38:00.884" level="INFO">${user_id} = jaZ9SgDRJjYnZuxC</msg>
<status status="PASS" starttime="20230523 14:38:00.883" endtime="20230523 14:38:00.884"/>
</kw>
<kw name="Set Global Variable" library="BuiltIn">
<arg>${USER_ID}</arg>
<arg>${user_id}</arg>
<doc>Makes a variable available globally in all tests and suites.</doc>
<msg timestamp="20230523 14:38:00.884" level="INFO">${USER_ID} = jaZ9SgDRJjYnZuxC</msg>
<status status="PASS" starttime="20230523 14:38:00.884" endtime="20230523 14:38:00.885"/>
</kw>
<kw name="Set Test Variable" library="BuiltIn">
<arg>${response}</arg>
<doc>Makes a variable available everywhere within the scope of the current test.</doc>
<msg timestamp="20230523 14:38:00.885" level="INFO">${response} = &lt;Response [201]&gt;</msg>
<status status="PASS" starttime="20230523 14:38:00.885" endtime="20230523 14:38:00.885"/>
</kw>
<status status="PASS" starttime="20230523 14:38:00.781" endtime="20230523 14:38:00.885"/>
</kw>
<kw name="Then the response status code should be 201" library="test_keywords_users" sourcename="Then the response status code should be ${status_code}">
<kw name="Should Be Equal As Numbers" library="BuiltIn">
<arg>${response.status_code}</arg>
<arg>${status_code}</arg>
<doc>Fails if objects are unequal after converting them to real numbers.</doc>
<msg timestamp="20230523 14:38:00.886" level="INFO">Argument types are:
&lt;class 'int'&gt;
&lt;class 'str'&gt;</msg>
<status status="PASS" starttime="20230523 14:38:00.885" endtime="20230523 14:38:00.886"/>
</kw>
<kw name="Should Be True" library="BuiltIn">
<arg>${response.json()}</arg>
<doc>Fails if the given condition is not true.</doc>
<status status="PASS" starttime="20230523 14:38:00.886" endtime="20230523 14:38:00.887"/>
</kw>
<status status="PASS" starttime="20230523 14:38:00.885" endtime="20230523 14:38:00.887"/>
</kw>
<kw name="And the response body should not be empty" library="test_keywords_users">
<kw name="Should Not Be Empty" library="BuiltIn">
<arg>${response.json()}</arg>
<doc>Verifies that the given item is not empty.</doc>
<msg timestamp="20230523 14:38:00.888" level="INFO">Length is 2</msg>
<status status="PASS" starttime="20230523 14:38:00.887" endtime="20230523 14:38:00.888"/>
</kw>
<status status="PASS" starttime="20230523 14:38:00.887" endtime="20230523 14:38:00.888"/>
</kw>
<tag>api</tag>
<status status="PASS" starttime="20230523 14:38:00.776" endtime="20230523 14:38:00.888"/>
</test>
<test id="s1-s1-s1-t3" name="Scenario: Get a specific user informations" line="22">
<kw name="Before Tests" library="test_keywords_common" type="SETUP">
<kw name="Create Session" library="RequestsLibrary">
<arg>serverest</arg>
<arg>${SERVER_BASE_URL}</arg>
<arg>disable_warnings=True</arg>
<doc>Create Session: create a HTTP session to a server</doc>
<msg timestamp="20230523 14:38:00.890" level="INFO">Creating Session using : alias=serverest, url=https://serverest.dev, headers={},                     cookies={}, auth=None, timeout=None, proxies=None, verify=False,                     debug=0 </msg>
<status status="PASS" starttime="20230523 14:38:00.889" endtime="20230523 14:38:00.890"/>
</kw>
<status status="PASS" starttime="20230523 14:38:00.889" endtime="20230523 14:38:00.890"/>
</kw>
<kw name="When I request the created user" library="test_keywords_users">
<kw name="GET On Session" library="RequestsLibrary">
<var>${response}</var>
<arg>serverest</arg>
<arg>${USERS_API_ENDPOINT}/${USER_ID}</arg>
<doc>Sends a GET request on a previously created HTTP Session.</doc>
<msg timestamp="20230523 14:38:00.988" level="INFO">GET Request : url=https://serverest.dev/usuarios/jaZ9SgDRJjYnZuxC 
 path_url=/usuarios/jaZ9SgDRJjYnZuxC 
 headers={'User-Agent': 'python-requests/2.31.0', 'Accept-Encoding': 'gzip, deflate', 'Accept': '*/*', 'Connection': 'keep-alive'} 
 body=None 
 </msg>
<msg timestamp="20230523 14:38:00.988" level="INFO">GET Response : url=https://serverest.dev/usuarios/jaZ9SgDRJjYnZuxC 
 status=200, reason=OK 
 headers={'access-control-allow-origin': '*', 'x-dns-prefetch-control': 'off', 'x-frame-options': 'SAMEORIGIN', 'strict-transport-security': 'max-age=15552000; includeSubDomains', 'x-download-options': 'noopen', 'x-content-type-options': 'nosniff', 'x-xss-protection': '1; mode=block', 'x-moesif-transaction-id': 'd3e85e4b-7a3a-4f43-9452-ecd01c69f40d', 'content-type': 'application/json; charset=utf-8', 'X-Cloud-Trace-Context': 'ae8e7d691cf53b5b8a0d0bda21b5160f', 'Date': 'Tue, 23 May 2023 14:38:00 GMT', 'Server': 'Google Frontend', 'Content-Length': '168'} 
 body={
    "nome": "Ronald Odom",
    "email": "middletonclifford@example.com",
    "password": "hlCYuzKHR0fw",
    "administrador": "false",
    "_id": "jaZ9SgDRJjYnZuxC"
} 
 </msg>
<msg timestamp="20230523 14:38:00.988" level="INFO">${response} = &lt;Response [200]&gt;</msg>
<status status="PASS" starttime="20230523 14:38:00.890" endtime="20230523 14:38:00.988"/>
</kw>
<kw name="Set Test Variable" library="BuiltIn">
<arg>${response}</arg>
<doc>Makes a variable available everywhere within the scope of the current test.</doc>
<msg timestamp="20230523 14:38:00.988" level="INFO">${response} = &lt;Response [200]&gt;</msg>
<status status="PASS" starttime="20230523 14:38:00.988" endtime="20230523 14:38:00.988"/>
</kw>
<status status="PASS" starttime="20230523 14:38:00.890" endtime="20230523 14:38:00.988"/>
</kw>
<kw name="Then the response status code should be 200" library="test_keywords_users" sourcename="Then the response status code should be ${status_code}">
<kw name="Should Be Equal As Numbers" library="BuiltIn">
<arg>${response.status_code}</arg>
<arg>${status_code}</arg>
<doc>Fails if objects are unequal after converting them to real numbers.</doc>
<msg timestamp="20230523 14:38:00.990" level="INFO">Argument types are:
&lt;class 'int'&gt;
&lt;class 'str'&gt;</msg>
<status status="PASS" starttime="20230523 14:38:00.989" endtime="20230523 14:38:00.990"/>
</kw>
<kw name="Should Be True" library="BuiltIn">
<arg>${response.json()}</arg>
<doc>Fails if the given condition is not true.</doc>
<status status="PASS" starttime="20230523 14:38:00.990" endtime="20230523 14:38:00.990"/>
</kw>
<status status="PASS" starttime="20230523 14:38:00.989" endtime="20230523 14:38:00.990"/>
</kw>
<kw name="And the response body should not be empty" library="test_keywords_users">
<kw name="Should Not Be Empty" library="BuiltIn">
<arg>${response.json()}</arg>
<doc>Verifies that the given item is not empty.</doc>
<msg timestamp="20230523 14:38:00.991" level="INFO">Length is 5</msg>
<status status="PASS" starttime="20230523 14:38:00.991" endtime="20230523 14:38:00.991"/>
</kw>
<status status="PASS" starttime="20230523 14:38:00.990" endtime="20230523 14:38:00.991"/>
</kw>
<tag>api</tag>
<status status="PASS" starttime="20230523 14:38:00.889" endtime="20230523 14:38:00.992"/>
</test>
<test id="s1-s1-s1-t4" name="Scenario: Update the created user" line="28">
<kw name="Before Tests" library="test_keywords_common" type="SETUP">
<kw name="Create Session" library="RequestsLibrary">
<arg>serverest</arg>
<arg>${SERVER_BASE_URL}</arg>
<arg>disable_warnings=True</arg>
<doc>Create Session: create a HTTP session to a server</doc>
<msg timestamp="20230523 14:38:00.993" level="INFO">Creating Session using : alias=serverest, url=https://serverest.dev, headers={},                     cookies={}, auth=None, timeout=None, proxies=None, verify=False,                     debug=0 </msg>
<status status="PASS" starttime="20230523 14:38:00.993" endtime="20230523 14:38:00.994"/>
</kw>
<status status="PASS" starttime="20230523 14:38:00.993" endtime="20230523 14:38:00.994"/>
</kw>
<kw name="When I update the created user" library="test_keywords_users">
<kw name="Create Dictionary" library="BuiltIn">
<var>${payload}</var>
<arg>nome=John Smith</arg>
<arg>email=john.smith@example.com</arg>
<arg>password=P@ssw0rd123</arg>
<arg>administrador=false</arg>
<doc>Creates and returns a dictionary based on the given ``items``.</doc>
<msg timestamp="20230523 14:38:00.994" level="INFO">${payload} = {'nome': 'John Smith', 'email': 'john.smith@example.com', 'password': 'P@ssw0rd123', 'administrador': 'false'}</msg>
<status status="PASS" starttime="20230523 14:38:00.994" endtime="20230523 14:38:00.994"/>
</kw>
<kw name="Create Dictionary" library="BuiltIn">
<var>${headers}</var>
<arg>Content-Type=application/json</arg>
<doc>Creates and returns a dictionary based on the given ``items``.</doc>
<msg timestamp="20230523 14:38:00.995" level="INFO">${headers} = {'Content-Type': 'application/json'}</msg>
<status status="PASS" starttime="20230523 14:38:00.994" endtime="20230523 14:38:00.995"/>
</kw>
<kw name="PUT On Session" library="RequestsLibrary">
<var>${response}</var>
<arg>serverest</arg>
<arg>${USERS_API_ENDPOINT}/${USER_ID}</arg>
<arg>json=${payload}</arg>
<arg>headers=${headers}</arg>
<doc>Sends a PUT request on a previously created HTTP Session.</doc>
<msg timestamp="20230523 14:38:01.093" level="INFO">PUT Request : url=https://serverest.dev/usuarios/jaZ9SgDRJjYnZuxC 
 path_url=/usuarios/jaZ9SgDRJjYnZuxC 
 headers={'User-Agent': 'python-requests/2.31.0', 'Accept-Encoding': 'gzip, deflate', 'Accept': '*/*', 'Connection': 'keep-alive', 'Content-Type': 'application/json', 'Content-Length': '110'} 
 body=b'{"nome": "John Smith", "email": "john.smith@example.com", "password": "P@ssw0rd123", "administrador": "false"}' 
 </msg>
<msg timestamp="20230523 14:38:01.093" level="INFO">PUT Response : url=https://serverest.dev/usuarios/jaZ9SgDRJjYnZuxC 
 status=200, reason=OK 
 headers={'access-control-allow-origin': '*', 'x-dns-prefetch-control': 'off', 'x-frame-options': 'SAMEORIGIN', 'strict-transport-security': 'max-age=15552000; includeSubDomains', 'x-download-options': 'noopen', 'x-content-type-options': 'nosniff', 'x-xss-protection': '1; mode=block', 'x-moesif-transaction-id': '662f68ae-5a6f-4b27-9969-ea7366d2f461', 'content-type': 'application/json; charset=utf-8', 'X-Cloud-Trace-Context': '1d3eab8fddd4aa9a22470ca6aae94768', 'Date': 'Tue, 23 May 2023 14:38:01 GMT', 'Server': 'Google Frontend', 'Content-Length': '50'} 
 body={
    "message": "Registro alterado com sucesso"
} 
 </msg>
<msg timestamp="20230523 14:38:01.094" level="INFO">${response} = &lt;Response [200]&gt;</msg>
<status status="PASS" starttime="20230523 14:38:00.995" endtime="20230523 14:38:01.094"/>
</kw>
<kw name="Set Test Variable" library="BuiltIn">
<arg>${response}</arg>
<doc>Makes a variable available everywhere within the scope of the current test.</doc>
<msg timestamp="20230523 14:38:01.094" level="INFO">${response} = &lt;Response [200]&gt;</msg>
<status status="PASS" starttime="20230523 14:38:01.094" endtime="20230523 14:38:01.094"/>
</kw>
<status status="PASS" starttime="20230523 14:38:00.994" endtime="20230523 14:38:01.094"/>
</kw>
<kw name="Then the response status code should be 200" library="test_keywords_users" sourcename="Then the response status code should be ${status_code}">
<kw name="Should Be Equal As Numbers" library="BuiltIn">
<arg>${response.status_code}</arg>
<arg>${status_code}</arg>
<doc>Fails if objects are unequal after converting them to real numbers.</doc>
<msg timestamp="20230523 14:38:01.095" level="INFO">Argument types are:
&lt;class 'int'&gt;
&lt;class 'str'&gt;</msg>
<status status="PASS" starttime="20230523 14:38:01.095" endtime="20230523 14:38:01.095"/>
</kw>
<kw name="Should Be True" library="BuiltIn">
<arg>${response.json()}</arg>
<doc>Fails if the given condition is not true.</doc>
<status status="PASS" starttime="20230523 14:38:01.095" endtime="20230523 14:38:01.096"/>
</kw>
<status status="PASS" starttime="20230523 14:38:01.094" endtime="20230523 14:38:01.096"/>
</kw>
<kw name="And the response body should not be empty" library="test_keywords_users">
<kw name="Should Not Be Empty" library="BuiltIn">
<arg>${response.json()}</arg>
<doc>Verifies that the given item is not empty.</doc>
<msg timestamp="20230523 14:38:01.097" level="INFO">Length is 1</msg>
<status status="PASS" starttime="20230523 14:38:01.097" endtime="20230523 14:38:01.097"/>
</kw>
<status status="PASS" starttime="20230523 14:38:01.096" endtime="20230523 14:38:01.097"/>
</kw>
<tag>api</tag>
<status status="PASS" starttime="20230523 14:38:00.992" endtime="20230523 14:38:01.097"/>
</test>
<test id="s1-s1-s1-t5" name="Scenario: Delete the created user" line="34">
<kw name="Before Tests" library="test_keywords_common" type="SETUP">
<kw name="Create Session" library="RequestsLibrary">
<arg>serverest</arg>
<arg>${SERVER_BASE_URL}</arg>
<arg>disable_warnings=True</arg>
<doc>Create Session: create a HTTP session to a server</doc>
<msg timestamp="20230523 14:38:01.099" level="INFO">Creating Session using : alias=serverest, url=https://serverest.dev, headers={},                     cookies={}, auth=None, timeout=None, proxies=None, verify=False,                     debug=0 </msg>
<status status="PASS" starttime="20230523 14:38:01.099" endtime="20230523 14:38:01.100"/>
</kw>
<status status="PASS" starttime="20230523 14:38:01.099" endtime="20230523 14:38:01.100"/>
</kw>
<kw name="When I delete the created user" library="test_keywords_users">
<kw name="DELETE On Session" library="RequestsLibrary">
<var>${response}</var>
<arg>serverest</arg>
<arg>${USERS_API_ENDPOINT}/${USER_ID}</arg>
<doc>Sends a DELETE request on a previously created HTTP Session.</doc>
<msg timestamp="20230523 14:38:01.196" level="INFO">DELETE Request : url=https://serverest.dev/usuarios/jaZ9SgDRJjYnZuxC 
 path_url=/usuarios/jaZ9SgDRJjYnZuxC 
 headers={'User-Agent': 'python-requests/2.31.0', 'Accept-Encoding': 'gzip, deflate', 'Accept': '*/*', 'Connection': 'keep-alive', 'Content-Length': '0'} 
 body=None 
 </msg>
<msg timestamp="20230523 14:38:01.196" level="INFO">DELETE Response : url=https://serverest.dev/usuarios/jaZ9SgDRJjYnZuxC 
 status=200, reason=OK 
 headers={'access-control-allow-origin': '*', 'x-dns-prefetch-control': 'off', 'x-frame-options': 'SAMEORIGIN', 'strict-transport-security': 'max-age=15552000; includeSubDomains', 'x-download-options': 'noopen', 'x-content-type-options': 'nosniff', 'x-xss-protection': '1; mode=block', 'x-moesif-transaction-id': 'fc19e6b0-c408-484c-a3ae-a32dacf0188c', 'content-type': 'application/json; charset=utf-8', 'X-Cloud-Trace-Context': '73aa2a2af17d75d84f419d6fc84cad95', 'Date': 'Tue, 23 May 2023 14:38:01 GMT', 'Server': 'Google Frontend', 'Content-Length': '51'} 
 body={
    "message": "Registro excluído com sucesso"
} 
 </msg>
<msg timestamp="20230523 14:38:01.196" level="INFO">${response} = &lt;Response [200]&gt;</msg>
<status status="PASS" starttime="20230523 14:38:01.100" endtime="20230523 14:38:01.196"/>
</kw>
<kw name="Set Test Variable" library="BuiltIn">
<arg>${response}</arg>
<doc>Makes a variable available everywhere within the scope of the current test.</doc>
<msg timestamp="20230523 14:38:01.197" level="INFO">${response} = &lt;Response [200]&gt;</msg>
<status status="PASS" starttime="20230523 14:38:01.196" endtime="20230523 14:38:01.197"/>
</kw>
<status status="PASS" starttime="20230523 14:38:01.100" endtime="20230523 14:38:01.197"/>
</kw>
<kw name="Then the response status code should be 200" library="test_keywords_users" sourcename="Then the response status code should be ${status_code}">
<kw name="Should Be Equal As Numbers" library="BuiltIn">
<arg>${response.status_code}</arg>
<arg>${status_code}</arg>
<doc>Fails if objects are unequal after converting them to real numbers.</doc>
<msg timestamp="20230523 14:38:01.198" level="INFO">Argument types are:
&lt;class 'int'&gt;
&lt;class 'str'&gt;</msg>
<status status="PASS" starttime="20230523 14:38:01.197" endtime="20230523 14:38:01.198"/>
</kw>
<kw name="Should Be True" library="BuiltIn">
<arg>${response.json()}</arg>
<doc>Fails if the given condition is not true.</doc>
<status status="PASS" starttime="20230523 14:38:01.198" endtime="20230523 14:38:01.199"/>
</kw>
<status status="PASS" starttime="20230523 14:38:01.197" endtime="20230523 14:38:01.199"/>
</kw>
<kw name="And the response body should not be empty" library="test_keywords_users">
<kw name="Should Not Be Empty" library="BuiltIn">
<arg>${response.json()}</arg>
<doc>Verifies that the given item is not empty.</doc>
<msg timestamp="20230523 14:38:01.200" level="INFO">Length is 1</msg>
<status status="PASS" starttime="20230523 14:38:01.199" endtime="20230523 14:38:01.200"/>
</kw>
<status status="PASS" starttime="20230523 14:38:01.199" endtime="20230523 14:38:01.200"/>
</kw>
<tag>api</tag>
<status status="PASS" starttime="20230523 14:38:01.098" endtime="20230523 14:38:01.200"/>
</test>
<status status="PASS" starttime="20230523 14:38:00.092" endtime="20230523 14:38:01.201"/>
</suite>
<status status="PASS" starttime="20230523 14:38:00.090" endtime="20230523 14:38:01.202"/>
</suite>
<suite id="s1-s2" name="Ui" source="/home/runner/work/gen-ai-robot-test/gen-ai-robot-test/tests/ui">
<suite id="s1-s2-s1" name="Test Ui Signup" source="/home/runner/work/gen-ai-robot-test/gen-ai-robot-test/tests/ui/test_ui_signup.robot">
<test id="s1-s2-s1-t1" name="Scenario: Signup with empty fields" line="10">
<kw name="Before Tests" library="test_keywords_common" type="SETUP">
<kw name="Open Browser" library="SeleniumLibrary">
<arg>${SERVER_BASE_URL}</arg>
<arg>${HEADLESS} ${BROWSER}</arg>
<doc>Opens a new browser instance to the optional ``url``.</doc>
<msg timestamp="20230523 14:38:01.212" level="INFO">Opening browser 'headless Chrome' to base url 'https://front.serverest.dev/'.</msg>
<status status="PASS" starttime="20230523 14:38:01.212" endtime="20230523 14:38:03.619"/>
</kw>
<kw name="Maximize Browser Window" library="SeleniumLibrary">
<doc>Maximizes current browser window.</doc>
<status status="PASS" starttime="20230523 14:38:03.619" endtime="20230523 14:38:03.739"/>
</kw>
<status status="PASS" starttime="20230523 14:38:01.211" endtime="20230523 14:38:03.740"/>
</kw>
<kw name="Given Im on the signup page" library="test_keywords_signup">
<kw name="Location Should Be" library="SeleniumLibrary">
<arg>https://front.serverest.dev/login</arg>
<doc>Verifies that the current URL is exactly ``url``.</doc>
<msg timestamp="20230523 14:38:03.745" level="INFO">Current location is 'https://front.serverest.dev/login'.</msg>
<status status="PASS" starttime="20230523 14:38:03.740" endtime="20230523 14:38:03.745"/>
</kw>
<kw name="Click Element" library="SeleniumLibrary">
<arg>css=a.btn.btn-link</arg>
<doc>Click the element identified by ``locator``.</doc>
<msg timestamp="20230523 14:38:03.746" level="INFO">Clicking element 'css=a.btn.btn-link'.</msg>
<status status="PASS" starttime="20230523 14:38:03.745" endtime="20230523 14:38:03.805"/>
</kw>
<status status="PASS" starttime="20230523 14:38:03.740" endtime="20230523 14:38:03.805"/>
</kw>
<kw name="When I click in signup" library="test_keywords_signup">
<kw name="Click Button" library="SeleniumLibrary">
<arg>css=.btn.btn-primary</arg>
<doc>Clicks the button identified by ``locator``.</doc>
<msg timestamp="20230523 14:38:03.806" level="INFO">Clicking button 'css=.btn.btn-primary'.</msg>
<status status="PASS" starttime="20230523 14:38:03.806" endtime="20230523 14:38:03.868"/>
</kw>
<status status="PASS" starttime="20230523 14:38:03.806" endtime="20230523 14:38:03.868"/>
</kw>
<kw name="Then required field messages should be displayed" library="test_keywords_signup">
<kw name="Wait Until Element Is Visible" library="SeleniumLibrary">
<arg>css=.alert-dismissible</arg>
<arg>timeout=10s</arg>
<doc>Waits until the element ``locator`` is visible.</doc>
<status status="PASS" starttime="20230523 14:38:03.868" endtime="20230523 14:38:04.101"/>
</kw>
<kw name="Element Should Be Visible" library="SeleniumLibrary">
<arg>css=.alert-dismissible</arg>
<doc>Verifies that the element identified by ``locator`` is visible.</doc>
<msg timestamp="20230523 14:38:04.118" level="INFO">Element 'css=.alert-dismissible' is displayed.</msg>
<status status="PASS" starttime="20230523 14:38:04.101" endtime="20230523 14:38:04.118"/>
</kw>
<kw name="Page Should Contain" library="SeleniumLibrary">
<arg>Nome é obrigatório</arg>
<doc>Verifies that current page contains ``text``.</doc>
<msg timestamp="20230523 14:38:04.138" level="INFO">Current page contains text 'Nome é obrigatório'.</msg>
<status status="PASS" starttime="20230523 14:38:04.119" endtime="20230523 14:38:04.138"/>
</kw>
<kw name="Page Should Contain" library="SeleniumLibrary">
<arg>Email é obrigatório</arg>
<doc>Verifies that current page contains ``text``.</doc>
<msg timestamp="20230523 14:38:04.150" level="INFO">Current page contains text 'Email é obrigatório'.</msg>
<status status="PASS" starttime="20230523 14:38:04.138" endtime="20230523 14:38:04.150"/>
</kw>
<kw name="Page Should Contain" library="SeleniumLibrary">
<arg>Password é obrigatório</arg>
<doc>Verifies that current page contains ``text``.</doc>
<msg timestamp="20230523 14:38:04.162" level="INFO">Current page contains text 'Password é obrigatório'.</msg>
<status status="PASS" starttime="20230523 14:38:04.150" endtime="20230523 14:38:04.162"/>
</kw>
<status status="PASS" starttime="20230523 14:38:03.868" endtime="20230523 14:38:04.163"/>
</kw>
<kw name="After Tests" library="test_keywords_common" type="TEARDOWN">
<kw name="Close Browser" library="SeleniumLibrary">
<doc>Closes the current browser.</doc>
<status status="PASS" starttime="20230523 14:38:04.163" endtime="20230523 14:38:04.218"/>
</kw>
<status status="PASS" starttime="20230523 14:38:04.163" endtime="20230523 14:38:04.218"/>
</kw>
<tag>ui</tag>
<status status="PASS" starttime="20230523 14:38:01.211" endtime="20230523 14:38:04.218"/>
</test>
<test id="s1-s2-s1-t2" name="Scenario: Signup done successfully" line="16">
<kw name="Before Tests" library="test_keywords_common" type="SETUP">
<kw name="Open Browser" library="SeleniumLibrary">
<arg>${SERVER_BASE_URL}</arg>
<arg>${HEADLESS} ${BROWSER}</arg>
<doc>Opens a new browser instance to the optional ``url``.</doc>
<msg timestamp="20230523 14:38:04.221" level="INFO">Opening browser 'headless Chrome' to base url 'https://front.serverest.dev/'.</msg>
<status status="PASS" starttime="20230523 14:38:04.220" endtime="20230523 14:38:05.321"/>
</kw>
<kw name="Maximize Browser Window" library="SeleniumLibrary">
<doc>Maximizes current browser window.</doc>
<status status="PASS" starttime="20230523 14:38:05.322" endtime="20230523 14:38:05.425"/>
</kw>
<status status="PASS" starttime="20230523 14:38:04.220" endtime="20230523 14:38:05.425"/>
</kw>
<kw name="Given Im on the signup page" library="test_keywords_signup">
<kw name="Location Should Be" library="SeleniumLibrary">
<arg>https://front.serverest.dev/login</arg>
<doc>Verifies that the current URL is exactly ``url``.</doc>
<msg timestamp="20230523 14:38:05.430" level="INFO">Current location is 'https://front.serverest.dev/login'.</msg>
<status status="PASS" starttime="20230523 14:38:05.426" endtime="20230523 14:38:05.431"/>
</kw>
<kw name="Click Element" library="SeleniumLibrary">
<arg>css=a.btn.btn-link</arg>
<doc>Click the element identified by ``locator``.</doc>
<msg timestamp="20230523 14:38:05.431" level="INFO">Clicking element 'css=a.btn.btn-link'.</msg>
<status status="PASS" starttime="20230523 14:38:05.431" endtime="20230523 14:38:05.508"/>
</kw>
<status status="PASS" starttime="20230523 14:38:05.426" endtime="20230523 14:38:05.508"/>
</kw>
<kw name="And I fill in the signup fields with valid data" library="test_keywords_signup">
<kw name="Name" library="FakerLibrary">
<var>${name}</var>
<doc>:example 'John Doe'</doc>
<msg timestamp="20230523 14:38:05.509" level="INFO">${name} = Justin Winters</msg>
<status status="PASS" starttime="20230523 14:38:05.509" endtime="20230523 14:38:05.509"/>
</kw>
<kw name="Email" library="FakerLibrary">
<var>${email}</var>
<msg timestamp="20230523 14:38:05.510" level="INFO">${email} = yreed@example.org</msg>
<status status="PASS" starttime="20230523 14:38:05.509" endtime="20230523 14:38:05.510"/>
</kw>
<kw name="Password" library="FakerLibrary">
<var>${password}</var>
<arg>length=12</arg>
<arg>special_chars=False</arg>
<doc>Generate a random password of the specified ``length``.</doc>
<msg timestamp="20230523 14:38:05.510" level="INFO">${password} = l7mLPHXpxBOL</msg>
<status status="PASS" starttime="20230523 14:38:05.510" endtime="20230523 14:38:05.510"/>
</kw>
<kw name="Input Text" library="SeleniumLibrary">
<arg>id:nome</arg>
<arg>${name}</arg>
<doc>Types the given ``text`` into the text field identified by ``locator``.</doc>
<msg timestamp="20230523 14:38:05.511" level="INFO">Typing text 'Justin Winters' into text field 'id:nome'.</msg>
<status status="PASS" starttime="20230523 14:38:05.510" endtime="20230523 14:38:05.638"/>
</kw>
<kw name="Input Text" library="SeleniumLibrary">
<arg>id:email</arg>
<arg>${email}</arg>
<doc>Types the given ``text`` into the text field identified by ``locator``.</doc>
<msg timestamp="20230523 14:38:05.639" level="INFO">Typing text 'yreed@example.org' into text field 'id:email'.</msg>
<status status="PASS" starttime="20230523 14:38:05.638" endtime="20230523 14:38:05.741"/>
</kw>
<kw name="Input Text" library="SeleniumLibrary">
<arg>id:password</arg>
<arg>${password}</arg>
<doc>Types the given ``text`` into the text field identified by ``locator``.</doc>
<msg timestamp="20230523 14:38:05.742" level="INFO">Typing text 'l7mLPHXpxBOL' into text field 'id:password'.</msg>
<status status="PASS" starttime="20230523 14:38:05.741" endtime="20230523 14:38:05.834"/>
</kw>
<kw name="Select Checkbox" library="SeleniumLibrary">
<arg>id=administrador</arg>
<doc>Selects the checkbox identified by ``locator``.</doc>
<msg timestamp="20230523 14:38:05.834" level="INFO">Selecting checkbox 'id=administrador'.</msg>
<status status="PASS" starttime="20230523 14:38:05.834" endtime="20230523 14:38:05.905"/>
</kw>
<kw name="Set Suite Variable" library="BuiltIn">
<arg>${name}</arg>
<doc>Makes a variable available everywhere within the scope of the current suite.</doc>
<msg timestamp="20230523 14:38:05.905" level="INFO">${name} = Justin Winters</msg>
<status status="PASS" starttime="20230523 14:38:05.905" endtime="20230523 14:38:05.905"/>
</kw>
<kw name="Set Suite Variable" library="BuiltIn">
<arg>${email}</arg>
<doc>Makes a variable available everywhere within the scope of the current suite.</doc>
<msg timestamp="20230523 14:38:05.906" level="INFO">${email} = yreed@example.org</msg>
<status status="PASS" starttime="20230523 14:38:05.905" endtime="20230523 14:38:05.906"/>
</kw>
<kw name="Set Suite Variable" library="BuiltIn">
<arg>${password}</arg>
<doc>Makes a variable available everywhere within the scope of the current suite.</doc>
<msg timestamp="20230523 14:38:05.906" level="INFO">${password} = l7mLPHXpxBOL</msg>
<status status="PASS" starttime="20230523 14:38:05.906" endtime="20230523 14:38:05.906"/>
</kw>
<status status="PASS" starttime="20230523 14:38:05.508" endtime="20230523 14:38:05.906"/>
</kw>
<kw name="When I click in signup" library="test_keywords_signup">
<kw name="Click Button" library="SeleniumLibrary">
<arg>css=.btn.btn-primary</arg>
<doc>Clicks the button identified by ``locator``.</doc>
<msg timestamp="20230523 14:38:05.907" level="INFO">Clicking button 'css=.btn.btn-primary'.</msg>
<status status="PASS" starttime="20230523 14:38:05.907" endtime="20230523 14:38:05.962"/>
</kw>
<status status="PASS" starttime="20230523 14:38:05.906" endtime="20230523 14:38:05.963"/>
</kw>
<kw name="Then the page should contain the text &quot;Cadastro realizado com sucesso&quot;" library="test_keywords_signup" sourcename="Then the page should contain the text &quot;${expected_text}&quot;">
<kw name="Wait Until Element Is Visible" library="SeleniumLibrary">
<arg>css=.alert-dismissible</arg>
<arg>timeout=10s</arg>
<doc>Waits until the element ``locator`` is visible.</doc>
<status status="PASS" starttime="20230523 14:38:05.963" endtime="20230523 14:38:06.194"/>
</kw>
<kw name="Element Should Be Visible" library="SeleniumLibrary">
<arg>css=.alert-dismissible</arg>
<doc>Verifies that the element identified by ``locator`` is visible.</doc>
<msg timestamp="20230523 14:38:06.213" level="INFO">Element 'css=.alert-dismissible' is displayed.</msg>
<status status="PASS" starttime="20230523 14:38:06.194" endtime="20230523 14:38:06.213"/>
</kw>
<kw name="Page Should Contain" library="SeleniumLibrary">
<arg>${expected_text}</arg>
<doc>Verifies that current page contains ``text``.</doc>
<msg timestamp="20230523 14:38:06.225" level="INFO">Current page contains text 'Cadastro realizado com sucesso'.</msg>
<status status="PASS" starttime="20230523 14:38:06.213" endtime="20230523 14:38:06.226"/>
</kw>
<status status="PASS" starttime="20230523 14:38:05.963" endtime="20230523 14:38:06.226"/>
</kw>
<kw name="After Tests" library="test_keywords_common" type="TEARDOWN">
<kw name="Close Browser" library="SeleniumLibrary">
<doc>Closes the current browser.</doc>
<status status="PASS" starttime="20230523 14:38:06.226" endtime="20230523 14:38:06.280"/>
</kw>
<status status="PASS" starttime="20230523 14:38:06.226" endtime="20230523 14:38:06.281"/>
</kw>
<tag>ui</tag>
<status status="PASS" starttime="20230523 14:38:04.219" endtime="20230523 14:38:06.281"/>
</test>
<test id="s1-s2-s1-t3" name="Scenario: Signup with already used email" line="23">
<kw name="Before Tests" library="test_keywords_common" type="SETUP">
<kw name="Open Browser" library="SeleniumLibrary">
<arg>${SERVER_BASE_URL}</arg>
<arg>${HEADLESS} ${BROWSER}</arg>
<doc>Opens a new browser instance to the optional ``url``.</doc>
<msg timestamp="20230523 14:38:06.283" level="INFO">Opening browser 'headless Chrome' to base url 'https://front.serverest.dev/'.</msg>
<status status="PASS" starttime="20230523 14:38:06.282" endtime="20230523 14:38:07.312"/>
</kw>
<kw name="Maximize Browser Window" library="SeleniumLibrary">
<doc>Maximizes current browser window.</doc>
<status status="PASS" starttime="20230523 14:38:07.313" endtime="20230523 14:38:07.416"/>
</kw>
<status status="PASS" starttime="20230523 14:38:06.282" endtime="20230523 14:38:07.417"/>
</kw>
<kw name="Given Im on the signup page" library="test_keywords_signup">
<kw name="Location Should Be" library="SeleniumLibrary">
<arg>https://front.serverest.dev/login</arg>
<doc>Verifies that the current URL is exactly ``url``.</doc>
<msg timestamp="20230523 14:38:07.422" level="INFO">Current location is 'https://front.serverest.dev/login'.</msg>
<status status="PASS" starttime="20230523 14:38:07.417" endtime="20230523 14:38:07.422"/>
</kw>
<kw name="Click Element" library="SeleniumLibrary">
<arg>css=a.btn.btn-link</arg>
<doc>Click the element identified by ``locator``.</doc>
<msg timestamp="20230523 14:38:07.423" level="INFO">Clicking element 'css=a.btn.btn-link'.</msg>
<status status="PASS" starttime="20230523 14:38:07.422" endtime="20230523 14:38:07.504"/>
</kw>
<status status="PASS" starttime="20230523 14:38:07.417" endtime="20230523 14:38:07.504"/>
</kw>
<kw name="And I fill in the signup fields with an email already registered" library="test_keywords_signup">
<kw name="Input Text" library="SeleniumLibrary">
<arg>id:nome</arg>
<arg>${name}</arg>
<doc>Types the given ``text`` into the text field identified by ``locator``.</doc>
<msg timestamp="20230523 14:38:07.505" level="INFO">Typing text 'Justin Winters' into text field 'id:nome'.</msg>
<status status="PASS" starttime="20230523 14:38:07.504" endtime="20230523 14:38:07.625"/>
</kw>
<kw name="Input Text" library="SeleniumLibrary">
<arg>id:email</arg>
<arg>${email}</arg>
<doc>Types the given ``text`` into the text field identified by ``locator``.</doc>
<msg timestamp="20230523 14:38:07.626" level="INFO">Typing text 'yreed@example.org' into text field 'id:email'.</msg>
<status status="PASS" starttime="20230523 14:38:07.625" endtime="20230523 14:38:07.719"/>
</kw>
<kw name="Input Text" library="SeleniumLibrary">
<arg>id:password</arg>
<arg>${password}</arg>
<doc>Types the given ``text`` into the text field identified by ``locator``.</doc>
<msg timestamp="20230523 14:38:07.720" level="INFO">Typing text 'l7mLPHXpxBOL' into text field 'id:password'.</msg>
<status status="PASS" starttime="20230523 14:38:07.720" endtime="20230523 14:38:07.803"/>
</kw>
<kw name="Select Checkbox" library="SeleniumLibrary">
<arg>id=administrador</arg>
<doc>Selects the checkbox identified by ``locator``.</doc>
<msg timestamp="20230523 14:38:07.803" level="INFO">Selecting checkbox 'id=administrador'.</msg>
<status status="PASS" starttime="20230523 14:38:07.803" endtime="20230523 14:38:07.873"/>
</kw>
<status status="PASS" starttime="20230523 14:38:07.504" endtime="20230523 14:38:07.873"/>
</kw>
<kw name="When I click in signup" library="test_keywords_signup">
<kw name="Click Button" library="SeleniumLibrary">
<arg>css=.btn.btn-primary</arg>
<doc>Clicks the button identified by ``locator``.</doc>
<msg timestamp="20230523 14:38:07.874" level="INFO">Clicking button 'css=.btn.btn-primary'.</msg>
<status status="PASS" starttime="20230523 14:38:07.874" endtime="20230523 14:38:07.931"/>
</kw>
<status status="PASS" starttime="20230523 14:38:07.873" endtime="20230523 14:38:07.932"/>
</kw>
<kw name="Then the page should contain the text &quot;Este email já está sendo usado&quot;" library="test_keywords_signup" sourcename="Then the page should contain the text &quot;${expected_text}&quot;">
<kw name="Wait Until Element Is Visible" library="SeleniumLibrary">
<arg>css=.alert-dismissible</arg>
<arg>timeout=10s</arg>
<doc>Waits until the element ``locator`` is visible.</doc>
<status status="PASS" starttime="20230523 14:38:07.932" endtime="20230523 14:38:08.164"/>
</kw>
<kw name="Element Should Be Visible" library="SeleniumLibrary">
<arg>css=.alert-dismissible</arg>
<doc>Verifies that the element identified by ``locator`` is visible.</doc>
<msg timestamp="20230523 14:38:08.182" level="INFO">Element 'css=.alert-dismissible' is displayed.</msg>
<status status="PASS" starttime="20230523 14:38:08.165" endtime="20230523 14:38:08.182"/>
</kw>
<kw name="Page Should Contain" library="SeleniumLibrary">
<arg>${expected_text}</arg>
<doc>Verifies that current page contains ``text``.</doc>
<msg timestamp="20230523 14:38:08.195" level="INFO">Current page contains text 'Este email já está sendo usado'.</msg>
<status status="PASS" starttime="20230523 14:38:08.182" endtime="20230523 14:38:08.195"/>
</kw>
<status status="PASS" starttime="20230523 14:38:07.932" endtime="20230523 14:38:08.195"/>
</kw>
<kw name="After Tests" library="test_keywords_common" type="TEARDOWN">
<kw name="Close Browser" library="SeleniumLibrary">
<doc>Closes the current browser.</doc>
<status status="PASS" starttime="20230523 14:38:08.196" endtime="20230523 14:38:08.251"/>
</kw>
<status status="PASS" starttime="20230523 14:38:08.196" endtime="20230523 14:38:08.251"/>
</kw>
<tag>ui</tag>
<status status="PASS" starttime="20230523 14:38:06.281" endtime="20230523 14:38:08.252"/>
</test>
<status status="PASS" starttime="20230523 14:38:01.204" endtime="20230523 14:38:08.252"/>
</suite>
<status status="PASS" starttime="20230523 14:38:01.203" endtime="20230523 14:38:08.254"/>
</suite>
<status status="PASS" starttime="20230523 14:38:00.071" endtime="20230523 14:38:08.255"/>
</suite>
<statistics>
<total>
<stat pass="8" fail="0" skip="0">All Tests</stat>
</total>
<tag>
<stat pass="5" fail="0" skip="0">api</stat>
<stat pass="3" fail="0" skip="0">ui</stat>
</tag>
<suite>
<stat pass="8" fail="0" skip="0" id="s1" name="Tests">Tests</stat>
<stat pass="5" fail="0" skip="0" id="s1-s1" name="Api">Tests.Api</stat>
<stat pass="5" fail="0" skip="0" id="s1-s1-s1" name="Test Api Users">Tests.Api.Test Api Users</stat>
<stat pass="3" fail="0" skip="0" id="s1-s2" name="Ui">Tests.Ui</stat>
<stat pass="3" fail="0" skip="0" id="s1-s2-s1" name="Test Ui Signup">Tests.Ui.Test Ui Signup</stat>
</suite>
</statistics>
<errors>
</errors>
</robot>
