<?xml version="1.0" encoding="UTF-8"?>
<robot generator="Robot 6.0.2 (Python 3.8.16 on linux)" generated="20230530 01:19:52.036" rpa="false" schemaversion="3">
<suite id="s1" name="Tests" source="/home/runner/work/gen-ai-robot-test/gen-ai-robot-test/tests">
<suite id="s1-s1" name="Api" source="/home/runner/work/gen-ai-robot-test/gen-ai-robot-test/tests/api">
<suite id="s1-s1-s1" name="Test Api Users" source="/home/runner/work/gen-ai-robot-test/gen-ai-robot-test/tests/api/test_api_users.robot">
<test id="s1-s1-s1-t1" name="Scenario: Get all registered users" line="9">
<kw name="Before Tests" library="test_keywords_common" type="SETUP">
<kw name="Create Session" library="RequestsLibrary">
<arg>serverest</arg>
<arg>${SERVER_BASE_URL}</arg>
<arg>disable_warnings=True</arg>
<doc>Create Session: create a HTTP session to a server</doc>
<msg timestamp="20230530 01:19:52.583" level="INFO">Creating Session using : alias=serverest, url=https://serverest.dev, headers={},                     cookies={}, auth=None, timeout=None, proxies=None, verify=False,                     debug=0 </msg>
<status status="PASS" starttime="20230530 01:19:52.582" endtime="20230530 01:19:52.583"/>
</kw>
<status status="PASS" starttime="20230530 01:19:52.582" endtime="20230530 01:19:52.583"/>
</kw>
<kw name="When I request the list of all registered users" library="test_keywords_users">
<kw name="GET On Session" library="RequestsLibrary">
<var>${response}</var>
<arg>serverest</arg>
<arg>${USERS_API_ENDPOINT}</arg>
<doc>Sends a GET request on a previously created HTTP Session.</doc>
<msg timestamp="20230530 01:19:52.810" level="INFO">GET Request : url=https://serverest.dev/usuarios 
 path_url=/usuarios 
 headers={'User-Agent': 'python-requests/2.31.0', 'Accept-Encoding': 'gzip, deflate', 'Accept': '*/*', 'Connection': 'keep-alive'} 
 body=None 
 </msg>
<msg timestamp="20230530 01:19:52.810" level="INFO">GET Response : url=https://serverest.dev/usuarios 
 status=200, reason=OK 
 headers={'access-control-allow-origin': '*', 'x-dns-prefetch-control': 'off', 'x-frame-options': 'SAMEORIGIN', 'strict-transport-security': 'max-age=15552000; includeSubDomains', 'x-download-options': 'noopen', 'x-content-type-options': 'nosniff', 'x-xss-protection': '1; mode=block', 'x-moesif-transaction-id': 'd0bed042-6206-4005-9ff8-cb6da75b6dc4', 'content-type': 'application/json; charset=utf-8', 'X-Cloud-Trace-Context': '1668ade5c253d7e04f18ee2234616480;o=1', 'Date': 'Tue, 30 May 2023 01:19:52 GMT', 'Server': 'Google Frontend', 'Content-Length': '477'} 
 body={
    "quantidade": 2,
    "usuarios": [
        {
            "nome": "Adrian Vincent",
            "email": "sharonhuffman@example.org",
            "password": "PS8NJX8peaw9",
            "administrador": "true",
            "_id": "0F0Lc8lRd3WEbABt"
        },
        {
            "nome": "Fulano da Silva",
            "email": "fulano@qa.com",
            "password": "teste",
            "administrador": "true",
            "_id": "0uxuPY0cbmQhpEz1"
        }
    ]
} 
 </msg>
<msg timestamp="20230530 01:19:52.810" level="INFO">${response} = &lt;Response [200]&gt;</msg>
<status status="PASS" starttime="20230530 01:19:52.584" endtime="20230530 01:19:52.810"/>
</kw>
<kw name="Set Test Variable" library="BuiltIn">
<arg>${response}</arg>
<doc>Makes a variable available everywhere within the scope of the current test.</doc>
<msg timestamp="20230530 01:19:52.811" level="INFO">${response} = &lt;Response [200]&gt;</msg>
<status status="PASS" starttime="20230530 01:19:52.811" endtime="20230530 01:19:52.811"/>
</kw>
<status status="PASS" starttime="20230530 01:19:52.583" endtime="20230530 01:19:52.812"/>
</kw>
<kw name="Then the response status code should be 200" library="test_keywords_users" sourcename="Then the response status code should be ${status_code}">
<kw name="Should Be Equal As Numbers" library="BuiltIn">
<arg>${response.status_code}</arg>
<arg>${status_code}</arg>
<doc>Fails if objects are unequal after converting them to real numbers.</doc>
<msg timestamp="20230530 01:19:52.814" level="INFO">Argument types are:
&lt;class 'int'&gt;
&lt;class 'str'&gt;</msg>
<status status="PASS" starttime="20230530 01:19:52.812" endtime="20230530 01:19:52.814"/>
</kw>
<kw name="Should Be True" library="BuiltIn">
<arg>${response.json()}</arg>
<doc>Fails if the given condition is not true.</doc>
<status status="PASS" starttime="20230530 01:19:52.814" endtime="20230530 01:19:52.815"/>
</kw>
<status status="PASS" starttime="20230530 01:19:52.812" endtime="20230530 01:19:52.816"/>
</kw>
<kw name="And the response body should not be empty" library="test_keywords_users">
<kw name="Should Not Be Empty" library="BuiltIn">
<arg>${response.json()}</arg>
<doc>Verifies that the given item is not empty.</doc>
<msg timestamp="20230530 01:19:52.817" level="INFO">Length is 2</msg>
<status status="PASS" starttime="20230530 01:19:52.816" endtime="20230530 01:19:52.817"/>
</kw>
<status status="PASS" starttime="20230530 01:19:52.816" endtime="20230530 01:19:52.818"/>
</kw>
<tag>api</tag>
<status status="PASS" starttime="20230530 01:19:52.581" endtime="20230530 01:19:52.818"/>
</test>
<test id="s1-s1-s1-t2" name="Scenario: Create a new user" line="15">
<kw name="Before Tests" library="test_keywords_common" type="SETUP">
<kw name="Create Session" library="RequestsLibrary">
<arg>serverest</arg>
<arg>${SERVER_BASE_URL}</arg>
<arg>disable_warnings=True</arg>
<doc>Create Session: create a HTTP session to a server</doc>
<msg timestamp="20230530 01:19:52.819" level="INFO">Creating Session using : alias=serverest, url=https://serverest.dev, headers={},                     cookies={}, auth=None, timeout=None, proxies=None, verify=False,                     debug=0 </msg>
<status status="PASS" starttime="20230530 01:19:52.819" endtime="20230530 01:19:52.819"/>
</kw>
<status status="PASS" starttime="20230530 01:19:52.818" endtime="20230530 01:19:52.819"/>
</kw>
<kw name="Given I have a valid user data" library="test_keywords_users">
<kw name="Name" library="FakerLibrary">
<var>${name}</var>
<doc>:example 'John Doe'</doc>
<msg timestamp="20230530 01:19:52.820" level="INFO">${name} = Adrienne Lawson</msg>
<status status="PASS" starttime="20230530 01:19:52.820" endtime="20230530 01:19:52.820"/>
</kw>
<kw name="Email" library="FakerLibrary">
<var>${email}</var>
<msg timestamp="20230530 01:19:52.821" level="INFO">${email} = freemanchristopher@example.com</msg>
<status status="PASS" starttime="20230530 01:19:52.820" endtime="20230530 01:19:52.821"/>
</kw>
<kw name="Password" library="FakerLibrary">
<var>${password}</var>
<arg>length=12</arg>
<arg>special_chars=False</arg>
<doc>Generate a random password of the specified ``length``.</doc>
<msg timestamp="20230530 01:19:52.822" level="INFO">${password} = dr379Ffgkmp2</msg>
<status status="PASS" starttime="20230530 01:19:52.821" endtime="20230530 01:19:52.822"/>
</kw>
<kw name="Set Suite Variable" library="BuiltIn">
<arg>${name}</arg>
<doc>Makes a variable available everywhere within the scope of the current suite.</doc>
<msg timestamp="20230530 01:19:52.822" level="INFO">${name} = Adrienne Lawson</msg>
<status status="PASS" starttime="20230530 01:19:52.822" endtime="20230530 01:19:52.822"/>
</kw>
<kw name="Set Suite Variable" library="BuiltIn">
<arg>${email}</arg>
<doc>Makes a variable available everywhere within the scope of the current suite.</doc>
<msg timestamp="20230530 01:19:52.822" level="INFO">${email} = freemanchristopher@example.com</msg>
<status status="PASS" starttime="20230530 01:19:52.822" endtime="20230530 01:19:52.822"/>
</kw>
<kw name="Set Suite Variable" library="BuiltIn">
<arg>${password}</arg>
<doc>Makes a variable available everywhere within the scope of the current suite.</doc>
<msg timestamp="20230530 01:19:52.823" level="INFO">${password} = dr379Ffgkmp2</msg>
<status status="PASS" starttime="20230530 01:19:52.822" endtime="20230530 01:19:52.823"/>
</kw>
<status status="PASS" starttime="20230530 01:19:52.820" endtime="20230530 01:19:52.823"/>
</kw>
<kw name="When I create the user" library="test_keywords_users">
<kw name="Create Dictionary" library="BuiltIn">
<var>${payload}</var>
<arg>nome=${name}</arg>
<arg>email=${email}</arg>
<arg>password=${password}</arg>
<arg>administrador=false</arg>
<doc>Creates and returns a dictionary based on the given ``items``.</doc>
<msg timestamp="20230530 01:19:52.824" level="INFO">${payload} = {'nome': 'Adrienne Lawson', 'email': 'freemanchristopher@example.com', 'password': 'dr379Ffgkmp2', 'administrador': 'false'}</msg>
<status status="PASS" starttime="20230530 01:19:52.823" endtime="20230530 01:19:52.824"/>
</kw>
<kw name="Create Dictionary" library="BuiltIn">
<var>${headers}</var>
<arg>Content-Type=application/json</arg>
<doc>Creates and returns a dictionary based on the given ``items``.</doc>
<msg timestamp="20230530 01:19:52.824" level="INFO">${headers} = {'Content-Type': 'application/json'}</msg>
<status status="PASS" starttime="20230530 01:19:52.824" endtime="20230530 01:19:52.824"/>
</kw>
<kw name="POST On Session" library="RequestsLibrary">
<var>${response}</var>
<arg>serverest</arg>
<arg>${USERS_API_ENDPOINT}</arg>
<arg>json=${payload}</arg>
<arg>headers=${headers}</arg>
<doc>Sends a POST request on a previously created HTTP Session.</doc>
<msg timestamp="20230530 01:19:52.925" level="INFO">POST Request : url=https://serverest.dev/usuarios 
 path_url=/usuarios 
 headers={'User-Agent': 'python-requests/2.31.0', 'Accept-Encoding': 'gzip, deflate', 'Accept': '*/*', 'Connection': 'keep-alive', 'Content-Type': 'application/json', 'Content-Length': '124'} 
 body=b'{"nome": "Adrienne Lawson", "email": "freemanchristopher@example.com", "password": "dr379Ffgkmp2", "administrador": "false"}' 
 </msg>
<msg timestamp="20230530 01:19:52.925" level="INFO">POST Response : url=https://serverest.dev/usuarios 
 status=201, reason=Created 
 headers={'access-control-allow-origin': '*', 'x-dns-prefetch-control': 'off', 'x-frame-options': 'SAMEORIGIN', 'strict-transport-security': 'max-age=15552000; includeSubDomains', 'x-download-options': 'noopen', 'x-content-type-options': 'nosniff', 'x-xss-protection': '1; mode=block', 'x-moesif-transaction-id': 'fd4b0989-d407-4f24-a3db-6aca1c81fd3a', 'content-type': 'application/json; charset=utf-8', 'X-Cloud-Trace-Context': 'c1f6e55a5c8681a4f95871c82bc7c547', 'Date': 'Tue, 30 May 2023 01:19:52 GMT', 'Server': 'Google Frontend', 'Content-Length': '82'} 
 body={
    "message": "Cadastro realizado com sucesso",
    "_id": "BNBGdJU5Od1f5FmZ"
} 
 </msg>
<msg timestamp="20230530 01:19:52.925" level="INFO">${response} = &lt;Response [201]&gt;</msg>
<status status="PASS" starttime="20230530 01:19:52.824" endtime="20230530 01:19:52.925"/>
</kw>
<kw name="Set Variable" library="BuiltIn">
<var>${user_id}</var>
<arg>${response.json()['_id']}</arg>
<doc>Returns the given values which can then be assigned to a variables.</doc>
<msg timestamp="20230530 01:19:52.926" level="INFO">${user_id} = BNBGdJU5Od1f5FmZ</msg>
<status status="PASS" starttime="20230530 01:19:52.925" endtime="20230530 01:19:52.927"/>
</kw>
<kw name="Set Global Variable" library="BuiltIn">
<arg>${USER_ID}</arg>
<arg>${user_id}</arg>
<doc>Makes a variable available globally in all tests and suites.</doc>
<msg timestamp="20230530 01:19:52.927" level="INFO">${USER_ID} = BNBGdJU5Od1f5FmZ</msg>
<status status="PASS" starttime="20230530 01:19:52.927" endtime="20230530 01:19:52.927"/>
</kw>
<kw name="Set Test Variable" library="BuiltIn">
<arg>${response}</arg>
<doc>Makes a variable available everywhere within the scope of the current test.</doc>
<msg timestamp="20230530 01:19:52.928" level="INFO">${response} = &lt;Response [201]&gt;</msg>
<status status="PASS" starttime="20230530 01:19:52.928" endtime="20230530 01:19:52.928"/>
</kw>
<status status="PASS" starttime="20230530 01:19:52.823" endtime="20230530 01:19:52.928"/>
</kw>
<kw name="Then the response status code should be 201" library="test_keywords_users" sourcename="Then the response status code should be ${status_code}">
<kw name="Should Be Equal As Numbers" library="BuiltIn">
<arg>${response.status_code}</arg>
<arg>${status_code}</arg>
<doc>Fails if objects are unequal after converting them to real numbers.</doc>
<msg timestamp="20230530 01:19:52.930" level="INFO">Argument types are:
&lt;class 'int'&gt;
&lt;class 'str'&gt;</msg>
<status status="PASS" starttime="20230530 01:19:52.929" endtime="20230530 01:19:52.930"/>
</kw>
<kw name="Should Be True" library="BuiltIn">
<arg>${response.json()}</arg>
<doc>Fails if the given condition is not true.</doc>
<status status="PASS" starttime="20230530 01:19:52.930" endtime="20230530 01:19:52.930"/>
</kw>
<status status="PASS" starttime="20230530 01:19:52.928" endtime="20230530 01:19:52.931"/>
</kw>
<kw name="And the response body should not be empty" library="test_keywords_users">
<kw name="Should Not Be Empty" library="BuiltIn">
<arg>${response.json()}</arg>
<doc>Verifies that the given item is not empty.</doc>
<msg timestamp="20230530 01:19:52.932" level="INFO">Length is 2</msg>
<status status="PASS" starttime="20230530 01:19:52.931" endtime="20230530 01:19:52.932"/>
</kw>
<status status="PASS" starttime="20230530 01:19:52.931" endtime="20230530 01:19:52.932"/>
</kw>
<tag>api</tag>
<status status="PASS" starttime="20230530 01:19:52.818" endtime="20230530 01:19:52.932"/>
</test>
<test id="s1-s1-s1-t3" name="Scenario: Get a specific user informations" line="22">
<kw name="Before Tests" library="test_keywords_common" type="SETUP">
<kw name="Create Session" library="RequestsLibrary">
<arg>serverest</arg>
<arg>${SERVER_BASE_URL}</arg>
<arg>disable_warnings=True</arg>
<doc>Create Session: create a HTTP session to a server</doc>
<msg timestamp="20230530 01:19:52.934" level="INFO">Creating Session using : alias=serverest, url=https://serverest.dev, headers={},                     cookies={}, auth=None, timeout=None, proxies=None, verify=False,                     debug=0 </msg>
<status status="PASS" starttime="20230530 01:19:52.933" endtime="20230530 01:19:52.934"/>
</kw>
<status status="PASS" starttime="20230530 01:19:52.933" endtime="20230530 01:19:52.934"/>
</kw>
<kw name="When I request the created user" library="test_keywords_users">
<kw name="GET On Session" library="RequestsLibrary">
<var>${response}</var>
<arg>serverest</arg>
<arg>${USERS_API_ENDPOINT}/${USER_ID}</arg>
<doc>Sends a GET request on a previously created HTTP Session.</doc>
<msg timestamp="20230530 01:19:53.037" level="INFO">GET Request : url=https://serverest.dev/usuarios/BNBGdJU5Od1f5FmZ 
 path_url=/usuarios/BNBGdJU5Od1f5FmZ 
 headers={'User-Agent': 'python-requests/2.31.0', 'Accept-Encoding': 'gzip, deflate', 'Accept': '*/*', 'Connection': 'keep-alive'} 
 body=None 
 </msg>
<msg timestamp="20230530 01:19:53.037" level="INFO">GET Response : url=https://serverest.dev/usuarios/BNBGdJU5Od1f5FmZ 
 status=200, reason=OK 
 headers={'access-control-allow-origin': '*', 'x-dns-prefetch-control': 'off', 'x-frame-options': 'SAMEORIGIN', 'strict-transport-security': 'max-age=15552000; includeSubDomains', 'x-download-options': 'noopen', 'x-content-type-options': 'nosniff', 'x-xss-protection': '1; mode=block', 'x-moesif-transaction-id': 'e49cee6b-aa0a-4042-b140-2225d7a7a8a3', 'content-type': 'application/json; charset=utf-8', 'X-Cloud-Trace-Context': 'ea1318c5a9155edd64e769ceacfd2668', 'Date': 'Tue, 30 May 2023 01:19:53 GMT', 'Server': 'Google Frontend', 'Content-Length': '173'} 
 body={
    "nome": "Adrienne Lawson",
    "email": "freemanchristopher@example.com",
    "password": "dr379Ffgkmp2",
    "administrador": "false",
    "_id": "BNBGdJU5Od1f5FmZ"
} 
 </msg>
<msg timestamp="20230530 01:19:53.038" level="INFO">${response} = &lt;Response [200]&gt;</msg>
<status status="PASS" starttime="20230530 01:19:52.935" endtime="20230530 01:19:53.038"/>
</kw>
<kw name="Set Test Variable" library="BuiltIn">
<arg>${response}</arg>
<doc>Makes a variable available everywhere within the scope of the current test.</doc>
<msg timestamp="20230530 01:19:53.039" level="INFO">${response} = &lt;Response [200]&gt;</msg>
<status status="PASS" starttime="20230530 01:19:53.038" endtime="20230530 01:19:53.039"/>
</kw>
<status status="PASS" starttime="20230530 01:19:52.935" endtime="20230530 01:19:53.039"/>
</kw>
<kw name="Then the response status code should be 200" library="test_keywords_users" sourcename="Then the response status code should be ${status_code}">
<kw name="Should Be Equal As Numbers" library="BuiltIn">
<arg>${response.status_code}</arg>
<arg>${status_code}</arg>
<doc>Fails if objects are unequal after converting them to real numbers.</doc>
<msg timestamp="20230530 01:19:53.041" level="INFO">Argument types are:
&lt;class 'int'&gt;
&lt;class 'str'&gt;</msg>
<status status="PASS" starttime="20230530 01:19:53.040" endtime="20230530 01:19:53.041"/>
</kw>
<kw name="Should Be True" library="BuiltIn">
<arg>${response.json()}</arg>
<doc>Fails if the given condition is not true.</doc>
<status status="PASS" starttime="20230530 01:19:53.042" endtime="20230530 01:19:53.042"/>
</kw>
<status status="PASS" starttime="20230530 01:19:53.039" endtime="20230530 01:19:53.042"/>
</kw>
<kw name="And the response body should not be empty" library="test_keywords_users">
<kw name="Should Not Be Empty" library="BuiltIn">
<arg>${response.json()}</arg>
<doc>Verifies that the given item is not empty.</doc>
<msg timestamp="20230530 01:19:53.043" level="INFO">Length is 5</msg>
<status status="PASS" starttime="20230530 01:19:53.043" endtime="20230530 01:19:53.044"/>
</kw>
<status status="PASS" starttime="20230530 01:19:53.043" endtime="20230530 01:19:53.044"/>
</kw>
<tag>api</tag>
<status status="PASS" starttime="20230530 01:19:52.933" endtime="20230530 01:19:53.044"/>
</test>
<test id="s1-s1-s1-t4" name="Scenario: Update the created user" line="28">
<kw name="Before Tests" library="test_keywords_common" type="SETUP">
<kw name="Create Session" library="RequestsLibrary">
<arg>serverest</arg>
<arg>${SERVER_BASE_URL}</arg>
<arg>disable_warnings=True</arg>
<doc>Create Session: create a HTTP session to a server</doc>
<msg timestamp="20230530 01:19:53.045" level="INFO">Creating Session using : alias=serverest, url=https://serverest.dev, headers={},                     cookies={}, auth=None, timeout=None, proxies=None, verify=False,                     debug=0 </msg>
<status status="PASS" starttime="20230530 01:19:53.045" endtime="20230530 01:19:53.046"/>
</kw>
<status status="PASS" starttime="20230530 01:19:53.045" endtime="20230530 01:19:53.046"/>
</kw>
<kw name="When I update the created user" library="test_keywords_users">
<kw name="Create Dictionary" library="BuiltIn">
<var>${payload}</var>
<arg>nome=John Smith</arg>
<arg>email=john.smith@example.com</arg>
<arg>password=P@ssw0rd123</arg>
<arg>administrador=false</arg>
<doc>Creates and returns a dictionary based on the given ``items``.</doc>
<msg timestamp="20230530 01:19:53.047" level="INFO">${payload} = {'nome': 'John Smith', 'email': 'john.smith@example.com', 'password': 'P@ssw0rd123', 'administrador': 'false'}</msg>
<status status="PASS" starttime="20230530 01:19:53.046" endtime="20230530 01:19:53.047"/>
</kw>
<kw name="Create Dictionary" library="BuiltIn">
<var>${headers}</var>
<arg>Content-Type=application/json</arg>
<doc>Creates and returns a dictionary based on the given ``items``.</doc>
<msg timestamp="20230530 01:19:53.047" level="INFO">${headers} = {'Content-Type': 'application/json'}</msg>
<status status="PASS" starttime="20230530 01:19:53.047" endtime="20230530 01:19:53.047"/>
</kw>
<kw name="PUT On Session" library="RequestsLibrary">
<var>${response}</var>
<arg>serverest</arg>
<arg>${USERS_API_ENDPOINT}/${USER_ID}</arg>
<arg>json=${payload}</arg>
<arg>headers=${headers}</arg>
<doc>Sends a PUT request on a previously created HTTP Session.</doc>
<msg timestamp="20230530 01:19:53.145" level="INFO">PUT Request : url=https://serverest.dev/usuarios/BNBGdJU5Od1f5FmZ 
 path_url=/usuarios/BNBGdJU5Od1f5FmZ 
 headers={'User-Agent': 'python-requests/2.31.0', 'Accept-Encoding': 'gzip, deflate', 'Accept': '*/*', 'Connection': 'keep-alive', 'Content-Type': 'application/json', 'Content-Length': '110'} 
 body=b'{"nome": "John Smith", "email": "john.smith@example.com", "password": "P@ssw0rd123", "administrador": "false"}' 
 </msg>
<msg timestamp="20230530 01:19:53.146" level="INFO">PUT Response : url=https://serverest.dev/usuarios/BNBGdJU5Od1f5FmZ 
 status=200, reason=OK 
 headers={'access-control-allow-origin': '*', 'x-dns-prefetch-control': 'off', 'x-frame-options': 'SAMEORIGIN', 'strict-transport-security': 'max-age=15552000; includeSubDomains', 'x-download-options': 'noopen', 'x-content-type-options': 'nosniff', 'x-xss-protection': '1; mode=block', 'x-moesif-transaction-id': '289a057b-58a5-48a7-9bbc-139457bb50be', 'content-type': 'application/json; charset=utf-8', 'X-Cloud-Trace-Context': 'e0aa8f3be74b7c7a73878454d2819845', 'Date': 'Tue, 30 May 2023 01:19:53 GMT', 'Server': 'Google Frontend', 'Content-Length': '50'} 
 body={
    "message": "Registro alterado com sucesso"
} 
 </msg>
<msg timestamp="20230530 01:19:53.146" level="INFO">${response} = &lt;Response [200]&gt;</msg>
<status status="PASS" starttime="20230530 01:19:53.047" endtime="20230530 01:19:53.146"/>
</kw>
<kw name="Set Test Variable" library="BuiltIn">
<arg>${response}</arg>
<doc>Makes a variable available everywhere within the scope of the current test.</doc>
<msg timestamp="20230530 01:19:53.147" level="INFO">${response} = &lt;Response [200]&gt;</msg>
<status status="PASS" starttime="20230530 01:19:53.146" endtime="20230530 01:19:53.147"/>
</kw>
<status status="PASS" starttime="20230530 01:19:53.046" endtime="20230530 01:19:53.147"/>
</kw>
<kw name="Then the response status code should be 200" library="test_keywords_users" sourcename="Then the response status code should be ${status_code}">
<kw name="Should Be Equal As Numbers" library="BuiltIn">
<arg>${response.status_code}</arg>
<arg>${status_code}</arg>
<doc>Fails if objects are unequal after converting them to real numbers.</doc>
<msg timestamp="20230530 01:19:53.149" level="INFO">Argument types are:
&lt;class 'int'&gt;
&lt;class 'str'&gt;</msg>
<status status="PASS" starttime="20230530 01:19:53.148" endtime="20230530 01:19:53.149"/>
</kw>
<kw name="Should Be True" library="BuiltIn">
<arg>${response.json()}</arg>
<doc>Fails if the given condition is not true.</doc>
<status status="PASS" starttime="20230530 01:19:53.149" endtime="20230530 01:19:53.150"/>
</kw>
<status status="PASS" starttime="20230530 01:19:53.147" endtime="20230530 01:19:53.150"/>
</kw>
<kw name="And the response body should not be empty" library="test_keywords_users">
<kw name="Should Not Be Empty" library="BuiltIn">
<arg>${response.json()}</arg>
<doc>Verifies that the given item is not empty.</doc>
<msg timestamp="20230530 01:19:53.152" level="INFO">Length is 1</msg>
<status status="PASS" starttime="20230530 01:19:53.151" endtime="20230530 01:19:53.152"/>
</kw>
<status status="PASS" starttime="20230530 01:19:53.150" endtime="20230530 01:19:53.152"/>
</kw>
<tag>api</tag>
<status status="PASS" starttime="20230530 01:19:53.044" endtime="20230530 01:19:53.152"/>
</test>
<test id="s1-s1-s1-t5" name="Scenario: Delete the created user" line="34">
<kw name="Before Tests" library="test_keywords_common" type="SETUP">
<kw name="Create Session" library="RequestsLibrary">
<arg>serverest</arg>
<arg>${SERVER_BASE_URL}</arg>
<arg>disable_warnings=True</arg>
<doc>Create Session: create a HTTP session to a server</doc>
<msg timestamp="20230530 01:19:53.154" level="INFO">Creating Session using : alias=serverest, url=https://serverest.dev, headers={},                     cookies={}, auth=None, timeout=None, proxies=None, verify=False,                     debug=0 </msg>
<status status="PASS" starttime="20230530 01:19:53.154" endtime="20230530 01:19:53.154"/>
</kw>
<status status="PASS" starttime="20230530 01:19:53.153" endtime="20230530 01:19:53.155"/>
</kw>
<kw name="When I delete the created user" library="test_keywords_users">
<kw name="DELETE On Session" library="RequestsLibrary">
<var>${response}</var>
<arg>serverest</arg>
<arg>${USERS_API_ENDPOINT}/${USER_ID}</arg>
<doc>Sends a DELETE request on a previously created HTTP Session.</doc>
<msg timestamp="20230530 01:19:53.253" level="INFO">DELETE Request : url=https://serverest.dev/usuarios/BNBGdJU5Od1f5FmZ 
 path_url=/usuarios/BNBGdJU5Od1f5FmZ 
 headers={'User-Agent': 'python-requests/2.31.0', 'Accept-Encoding': 'gzip, deflate', 'Accept': '*/*', 'Connection': 'keep-alive', 'Content-Length': '0'} 
 body=None 
 </msg>
<msg timestamp="20230530 01:19:53.253" level="INFO">DELETE Response : url=https://serverest.dev/usuarios/BNBGdJU5Od1f5FmZ 
 status=200, reason=OK 
 headers={'access-control-allow-origin': '*', 'x-dns-prefetch-control': 'off', 'x-frame-options': 'SAMEORIGIN', 'strict-transport-security': 'max-age=15552000; includeSubDomains', 'x-download-options': 'noopen', 'x-content-type-options': 'nosniff', 'x-xss-protection': '1; mode=block', 'x-moesif-transaction-id': 'fc35c3f6-4a68-4255-b389-285881630cee', 'content-type': 'application/json; charset=utf-8', 'X-Cloud-Trace-Context': '411a1eba2b4ae368d057d5e7330f05a8', 'Date': 'Tue, 30 May 2023 01:19:53 GMT', 'Server': 'Google Frontend', 'Content-Length': '51'} 
 body={
    "message": "Registro excluído com sucesso"
} 
 </msg>
<msg timestamp="20230530 01:19:53.254" level="INFO">${response} = &lt;Response [200]&gt;</msg>
<status status="PASS" starttime="20230530 01:19:53.155" endtime="20230530 01:19:53.254"/>
</kw>
<kw name="Set Test Variable" library="BuiltIn">
<arg>${response}</arg>
<doc>Makes a variable available everywhere within the scope of the current test.</doc>
<msg timestamp="20230530 01:19:53.255" level="INFO">${response} = &lt;Response [200]&gt;</msg>
<status status="PASS" starttime="20230530 01:19:53.254" endtime="20230530 01:19:53.255"/>
</kw>
<status status="PASS" starttime="20230530 01:19:53.155" endtime="20230530 01:19:53.255"/>
</kw>
<kw name="Then the response status code should be 200" library="test_keywords_users" sourcename="Then the response status code should be ${status_code}">
<kw name="Should Be Equal As Numbers" library="BuiltIn">
<arg>${response.status_code}</arg>
<arg>${status_code}</arg>
<doc>Fails if objects are unequal after converting them to real numbers.</doc>
<msg timestamp="20230530 01:19:53.256" level="INFO">Argument types are:
&lt;class 'int'&gt;
&lt;class 'str'&gt;</msg>
<status status="PASS" starttime="20230530 01:19:53.255" endtime="20230530 01:19:53.256"/>
</kw>
<kw name="Should Be True" library="BuiltIn">
<arg>${response.json()}</arg>
<doc>Fails if the given condition is not true.</doc>
<status status="PASS" starttime="20230530 01:19:53.256" endtime="20230530 01:19:53.257"/>
</kw>
<status status="PASS" starttime="20230530 01:19:53.255" endtime="20230530 01:19:53.257"/>
</kw>
<kw name="And the response body should not be empty" library="test_keywords_users">
<kw name="Should Not Be Empty" library="BuiltIn">
<arg>${response.json()}</arg>
<doc>Verifies that the given item is not empty.</doc>
<msg timestamp="20230530 01:19:53.258" level="INFO">Length is 1</msg>
<status status="PASS" starttime="20230530 01:19:53.258" endtime="20230530 01:19:53.258"/>
</kw>
<status status="PASS" starttime="20230530 01:19:53.257" endtime="20230530 01:19:53.258"/>
</kw>
<tag>api</tag>
<status status="PASS" starttime="20230530 01:19:53.153" endtime="20230530 01:19:53.259"/>
</test>
<status status="PASS" starttime="20230530 01:19:52.058" endtime="20230530 01:19:53.259"/>
</suite>
<status status="PASS" starttime="20230530 01:19:52.056" endtime="20230530 01:19:53.261"/>
</suite>
<suite id="s1-s2" name="Ui" source="/home/runner/work/gen-ai-robot-test/gen-ai-robot-test/tests/ui">
<suite id="s1-s2-s1" name="Test Ui Signup" source="/home/runner/work/gen-ai-robot-test/gen-ai-robot-test/tests/ui/test_ui_signup.robot">
<test id="s1-s2-s1-t1" name="Scenario: Signup with empty fields" line="10">
<kw name="Before Tests" library="test_keywords_common" type="SETUP">
<kw name="Open Browser" library="SeleniumLibrary">
<arg>${SERVER_BASE_URL}</arg>
<arg>${HEADLESS} ${BROWSER}</arg>
<doc>Opens a new browser instance to the optional ``url``.</doc>
<msg timestamp="20230530 01:19:53.272" level="INFO">Opening browser 'headless Chrome' to base url 'https://front.serverest.dev/'.</msg>
<status status="PASS" starttime="20230530 01:19:53.272" endtime="20230530 01:19:55.517"/>
</kw>
<kw name="Maximize Browser Window" library="SeleniumLibrary">
<doc>Maximizes current browser window.</doc>
<status status="PASS" starttime="20230530 01:19:55.517" endtime="20230530 01:19:55.623"/>
</kw>
<status status="PASS" starttime="20230530 01:19:53.271" endtime="20230530 01:19:55.623"/>
</kw>
<kw name="Given Im on the signup page" library="test_keywords_signup">
<kw name="Location Should Be" library="SeleniumLibrary">
<arg>https://front.serverest.dev/login</arg>
<doc>Verifies that the current URL is exactly ``url``.</doc>
<msg timestamp="20230530 01:19:55.629" level="INFO">Current location is 'https://front.serverest.dev/login'.</msg>
<status status="PASS" starttime="20230530 01:19:55.624" endtime="20230530 01:19:55.629"/>
</kw>
<kw name="Click Element" library="SeleniumLibrary">
<arg>css=a.btn.btn-link</arg>
<doc>Click the element identified by ``locator``.</doc>
<msg timestamp="20230530 01:19:55.630" level="INFO">Clicking element 'css=a.btn.btn-link'.</msg>
<status status="PASS" starttime="20230530 01:19:55.629" endtime="20230530 01:19:55.760"/>
</kw>
<status status="PASS" starttime="20230530 01:19:55.623" endtime="20230530 01:19:55.760"/>
</kw>
<kw name="When I click in signup" library="test_keywords_signup">
<kw name="Click Button" library="SeleniumLibrary">
<arg>css=.btn.btn-primary</arg>
<doc>Clicks the button identified by ``locator``.</doc>
<msg timestamp="20230530 01:19:55.761" level="INFO">Clicking button 'css=.btn.btn-primary'.</msg>
<status status="PASS" starttime="20230530 01:19:55.761" endtime="20230530 01:19:55.829"/>
</kw>
<status status="PASS" starttime="20230530 01:19:55.760" endtime="20230530 01:19:55.829"/>
</kw>
<kw name="Then required field messages should be displayed" library="test_keywords_signup">
<kw name="Wait Until Element Is Visible" library="SeleniumLibrary">
<arg>css=.alert-dismissible</arg>
<arg>timeout=10s</arg>
<doc>Waits until the element ``locator`` is visible.</doc>
<status status="PASS" starttime="20230530 01:19:55.830" endtime="20230530 01:19:56.064"/>
</kw>
<kw name="Element Should Be Visible" library="SeleniumLibrary">
<arg>css=.alert-dismissible</arg>
<doc>Verifies that the element identified by ``locator`` is visible.</doc>
<msg timestamp="20230530 01:19:56.086" level="INFO">Element 'css=.alert-dismissible' is displayed.</msg>
<status status="PASS" starttime="20230530 01:19:56.065" endtime="20230530 01:19:56.086"/>
</kw>
<kw name="Page Should Contain" library="SeleniumLibrary">
<arg>Nome é obrigatório</arg>
<doc>Verifies that current page contains ``text``.</doc>
<msg timestamp="20230530 01:19:56.102" level="INFO">Current page contains text 'Nome é obrigatório'.</msg>
<status status="PASS" starttime="20230530 01:19:56.086" endtime="20230530 01:19:56.102"/>
</kw>
<kw name="Page Should Contain" library="SeleniumLibrary">
<arg>Email é obrigatório</arg>
<doc>Verifies that current page contains ``text``.</doc>
<msg timestamp="20230530 01:19:56.115" level="INFO">Current page contains text 'Email é obrigatório'.</msg>
<status status="PASS" starttime="20230530 01:19:56.102" endtime="20230530 01:19:56.115"/>
</kw>
<kw name="Page Should Contain" library="SeleniumLibrary">
<arg>Password é obrigatório</arg>
<doc>Verifies that current page contains ``text``.</doc>
<msg timestamp="20230530 01:19:56.127" level="INFO">Current page contains text 'Password é obrigatório'.</msg>
<status status="PASS" starttime="20230530 01:19:56.115" endtime="20230530 01:19:56.127"/>
</kw>
<status status="PASS" starttime="20230530 01:19:55.830" endtime="20230530 01:19:56.127"/>
</kw>
<kw name="After Tests" library="test_keywords_common" type="TEARDOWN">
<kw name="Close Browser" library="SeleniumLibrary">
<doc>Closes the current browser.</doc>
<status status="PASS" starttime="20230530 01:19:56.128" endtime="20230530 01:19:56.182"/>
</kw>
<status status="PASS" starttime="20230530 01:19:56.128" endtime="20230530 01:19:56.183"/>
</kw>
<tag>ui</tag>
<status status="PASS" starttime="20230530 01:19:53.271" endtime="20230530 01:19:56.183"/>
</test>
<test id="s1-s2-s1-t2" name="Scenario: Signup done successfully" line="16">
<kw name="Before Tests" library="test_keywords_common" type="SETUP">
<kw name="Open Browser" library="SeleniumLibrary">
<arg>${SERVER_BASE_URL}</arg>
<arg>${HEADLESS} ${BROWSER}</arg>
<doc>Opens a new browser instance to the optional ``url``.</doc>
<msg timestamp="20230530 01:19:56.185" level="INFO">Opening browser 'headless Chrome' to base url 'https://front.serverest.dev/'.</msg>
<status status="PASS" starttime="20230530 01:19:56.184" endtime="20230530 01:19:57.163"/>
</kw>
<kw name="Maximize Browser Window" library="SeleniumLibrary">
<doc>Maximizes current browser window.</doc>
<status status="PASS" starttime="20230530 01:19:57.164" endtime="20230530 01:19:57.279"/>
</kw>
<status status="PASS" starttime="20230530 01:19:56.184" endtime="20230530 01:19:57.279"/>
</kw>
<kw name="Given Im on the signup page" library="test_keywords_signup">
<kw name="Location Should Be" library="SeleniumLibrary">
<arg>https://front.serverest.dev/login</arg>
<doc>Verifies that the current URL is exactly ``url``.</doc>
<msg timestamp="20230530 01:19:57.285" level="INFO">Current location is 'https://front.serverest.dev/login'.</msg>
<status status="PASS" starttime="20230530 01:19:57.280" endtime="20230530 01:19:57.286"/>
</kw>
<kw name="Click Element" library="SeleniumLibrary">
<arg>css=a.btn.btn-link</arg>
<doc>Click the element identified by ``locator``.</doc>
<msg timestamp="20230530 01:19:57.286" level="INFO">Clicking element 'css=a.btn.btn-link'.</msg>
<status status="PASS" starttime="20230530 01:19:57.286" endtime="20230530 01:19:57.375"/>
</kw>
<status status="PASS" starttime="20230530 01:19:57.280" endtime="20230530 01:19:57.375"/>
</kw>
<kw name="And I fill in the signup fields with valid data" library="test_keywords_signup">
<kw name="Name" library="FakerLibrary">
<var>${name}</var>
<doc>:example 'John Doe'</doc>
<msg timestamp="20230530 01:19:57.376" level="INFO">${name} = Jessica Shelton</msg>
<status status="PASS" starttime="20230530 01:19:57.376" endtime="20230530 01:19:57.376"/>
</kw>
<kw name="Email" library="FakerLibrary">
<var>${email}</var>
<msg timestamp="20230530 01:19:57.377" level="INFO">${email} = joseph87@example.com</msg>
<status status="PASS" starttime="20230530 01:19:57.377" endtime="20230530 01:19:57.377"/>
</kw>
<kw name="Password" library="FakerLibrary">
<var>${password}</var>
<arg>length=12</arg>
<arg>special_chars=False</arg>
<doc>Generate a random password of the specified ``length``.</doc>
<msg timestamp="20230530 01:19:57.377" level="INFO">${password} = 82byTwRiFKVT</msg>
<status status="PASS" starttime="20230530 01:19:57.377" endtime="20230530 01:19:57.377"/>
</kw>
<kw name="Input Text" library="SeleniumLibrary">
<arg>id:nome</arg>
<arg>${name}</arg>
<doc>Types the given ``text`` into the text field identified by ``locator``.</doc>
<msg timestamp="20230530 01:19:57.378" level="INFO">Typing text 'Jessica Shelton' into text field 'id:nome'.</msg>
<status status="PASS" starttime="20230530 01:19:57.378" endtime="20230530 01:19:57.523"/>
</kw>
<kw name="Input Text" library="SeleniumLibrary">
<arg>id:email</arg>
<arg>${email}</arg>
<doc>Types the given ``text`` into the text field identified by ``locator``.</doc>
<msg timestamp="20230530 01:19:57.524" level="INFO">Typing text 'joseph87@example.com' into text field 'id:email'.</msg>
<status status="PASS" starttime="20230530 01:19:57.523" endtime="20230530 01:19:57.640"/>
</kw>
<kw name="Input Text" library="SeleniumLibrary">
<arg>id:password</arg>
<arg>${password}</arg>
<doc>Types the given ``text`` into the text field identified by ``locator``.</doc>
<msg timestamp="20230530 01:19:57.641" level="INFO">Typing text '82byTwRiFKVT' into text field 'id:password'.</msg>
<status status="PASS" starttime="20230530 01:19:57.641" endtime="20230530 01:19:57.740"/>
</kw>
<kw name="Select Checkbox" library="SeleniumLibrary">
<arg>id=administrador</arg>
<doc>Selects the checkbox identified by ``locator``.</doc>
<msg timestamp="20230530 01:19:57.741" level="INFO">Selecting checkbox 'id=administrador'.</msg>
<status status="PASS" starttime="20230530 01:19:57.740" endtime="20230530 01:19:57.813"/>
</kw>
<kw name="Set Suite Variable" library="BuiltIn">
<arg>${name}</arg>
<doc>Makes a variable available everywhere within the scope of the current suite.</doc>
<msg timestamp="20230530 01:19:57.814" level="INFO">${name} = Jessica Shelton</msg>
<status status="PASS" starttime="20230530 01:19:57.813" endtime="20230530 01:19:57.814"/>
</kw>
<kw name="Set Suite Variable" library="BuiltIn">
<arg>${email}</arg>
<doc>Makes a variable available everywhere within the scope of the current suite.</doc>
<msg timestamp="20230530 01:19:57.814" level="INFO">${email} = joseph87@example.com</msg>
<status status="PASS" starttime="20230530 01:19:57.814" endtime="20230530 01:19:57.814"/>
</kw>
<kw name="Set Suite Variable" library="BuiltIn">
<arg>${password}</arg>
<doc>Makes a variable available everywhere within the scope of the current suite.</doc>
<msg timestamp="20230530 01:19:57.815" level="INFO">${password} = 82byTwRiFKVT</msg>
<status status="PASS" starttime="20230530 01:19:57.814" endtime="20230530 01:19:57.815"/>
</kw>
<status status="PASS" starttime="20230530 01:19:57.375" endtime="20230530 01:19:57.815"/>
</kw>
<kw name="When I click in signup" library="test_keywords_signup">
<kw name="Click Button" library="SeleniumLibrary">
<arg>css=.btn.btn-primary</arg>
<doc>Clicks the button identified by ``locator``.</doc>
<msg timestamp="20230530 01:19:57.816" level="INFO">Clicking button 'css=.btn.btn-primary'.</msg>
<status status="PASS" starttime="20230530 01:19:57.815" endtime="20230530 01:19:57.879"/>
</kw>
<status status="PASS" starttime="20230530 01:19:57.815" endtime="20230530 01:19:57.879"/>
</kw>
<kw name="Then the page should contain the text &quot;Cadastro realizado com sucesso&quot;" library="test_keywords_signup" sourcename="Then the page should contain the text &quot;${expected_text}&quot;">
<kw name="Wait Until Element Is Visible" library="SeleniumLibrary">
<arg>css=.alert-dismissible</arg>
<arg>timeout=10s</arg>
<doc>Waits until the element ``locator`` is visible.</doc>
<status status="PASS" starttime="20230530 01:19:57.880" endtime="20230530 01:19:58.119"/>
</kw>
<kw name="Element Should Be Visible" library="SeleniumLibrary">
<arg>css=.alert-dismissible</arg>
<doc>Verifies that the element identified by ``locator`` is visible.</doc>
<msg timestamp="20230530 01:19:58.138" level="INFO">Element 'css=.alert-dismissible' is displayed.</msg>
<status status="PASS" starttime="20230530 01:19:58.119" endtime="20230530 01:19:58.138"/>
</kw>
<kw name="Page Should Contain" library="SeleniumLibrary">
<arg>${expected_text}</arg>
<doc>Verifies that current page contains ``text``.</doc>
<msg timestamp="20230530 01:19:58.151" level="INFO">Current page contains text 'Cadastro realizado com sucesso'.</msg>
<status status="PASS" starttime="20230530 01:19:58.138" endtime="20230530 01:19:58.151"/>
</kw>
<status status="PASS" starttime="20230530 01:19:57.879" endtime="20230530 01:19:58.152"/>
</kw>
<kw name="After Tests" library="test_keywords_common" type="TEARDOWN">
<kw name="Close Browser" library="SeleniumLibrary">
<doc>Closes the current browser.</doc>
<status status="PASS" starttime="20230530 01:19:58.152" endtime="20230530 01:19:58.212"/>
</kw>
<status status="PASS" starttime="20230530 01:19:58.152" endtime="20230530 01:19:58.212"/>
</kw>
<tag>ui</tag>
<status status="PASS" starttime="20230530 01:19:56.184" endtime="20230530 01:19:58.213"/>
</test>
<test id="s1-s2-s1-t3" name="Scenario: Signup with already used email" line="23">
<kw name="Before Tests" library="test_keywords_common" type="SETUP">
<kw name="Open Browser" library="SeleniumLibrary">
<arg>${SERVER_BASE_URL}</arg>
<arg>${HEADLESS} ${BROWSER}</arg>
<doc>Opens a new browser instance to the optional ``url``.</doc>
<msg timestamp="20230530 01:19:58.215" level="INFO">Opening browser 'headless Chrome' to base url 'https://front.serverest.dev/'.</msg>
<status status="PASS" starttime="20230530 01:19:58.215" endtime="20230530 01:19:59.172"/>
</kw>
<kw name="Maximize Browser Window" library="SeleniumLibrary">
<doc>Maximizes current browser window.</doc>
<status status="PASS" starttime="20230530 01:19:59.172" endtime="20230530 01:19:59.277"/>
</kw>
<status status="PASS" starttime="20230530 01:19:58.214" endtime="20230530 01:19:59.277"/>
</kw>
<kw name="Given Im on the signup page" library="test_keywords_signup">
<kw name="Location Should Be" library="SeleniumLibrary">
<arg>https://front.serverest.dev/login</arg>
<doc>Verifies that the current URL is exactly ``url``.</doc>
<msg timestamp="20230530 01:19:59.285" level="INFO">Current location is 'https://front.serverest.dev/login'.</msg>
<status status="PASS" starttime="20230530 01:19:59.278" endtime="20230530 01:19:59.285"/>
</kw>
<kw name="Click Element" library="SeleniumLibrary">
<arg>css=a.btn.btn-link</arg>
<doc>Click the element identified by ``locator``.</doc>
<msg timestamp="20230530 01:19:59.286" level="INFO">Clicking element 'css=a.btn.btn-link'.</msg>
<status status="PASS" starttime="20230530 01:19:59.285" endtime="20230530 01:19:59.381"/>
</kw>
<status status="PASS" starttime="20230530 01:19:59.277" endtime="20230530 01:19:59.381"/>
</kw>
<kw name="And I fill in the signup fields with an email already registered" library="test_keywords_signup">
<kw name="Input Text" library="SeleniumLibrary">
<arg>id:nome</arg>
<arg>${name}</arg>
<doc>Types the given ``text`` into the text field identified by ``locator``.</doc>
<msg timestamp="20230530 01:19:59.382" level="INFO">Typing text 'Jessica Shelton' into text field 'id:nome'.</msg>
<status status="PASS" starttime="20230530 01:19:59.381" endtime="20230530 01:19:59.511"/>
</kw>
<kw name="Input Text" library="SeleniumLibrary">
<arg>id:email</arg>
<arg>${email}</arg>
<doc>Types the given ``text`` into the text field identified by ``locator``.</doc>
<msg timestamp="20230530 01:19:59.512" level="INFO">Typing text 'joseph87@example.com' into text field 'id:email'.</msg>
<status status="PASS" starttime="20230530 01:19:59.511" endtime="20230530 01:19:59.618"/>
</kw>
<kw name="Input Text" library="SeleniumLibrary">
<arg>id:password</arg>
<arg>${password}</arg>
<doc>Types the given ``text`` into the text field identified by ``locator``.</doc>
<msg timestamp="20230530 01:19:59.619" level="INFO">Typing text '82byTwRiFKVT' into text field 'id:password'.</msg>
<status status="PASS" starttime="20230530 01:19:59.619" endtime="20230530 01:19:59.714"/>
</kw>
<kw name="Select Checkbox" library="SeleniumLibrary">
<arg>id=administrador</arg>
<doc>Selects the checkbox identified by ``locator``.</doc>
<msg timestamp="20230530 01:19:59.715" level="INFO">Selecting checkbox 'id=administrador'.</msg>
<status status="PASS" starttime="20230530 01:19:59.714" endtime="20230530 01:19:59.794"/>
</kw>
<status status="PASS" starttime="20230530 01:19:59.381" endtime="20230530 01:19:59.794"/>
</kw>
<kw name="When I click in signup" library="test_keywords_signup">
<kw name="Click Button" library="SeleniumLibrary">
<arg>css=.btn.btn-primary</arg>
<doc>Clicks the button identified by ``locator``.</doc>
<msg timestamp="20230530 01:19:59.795" level="INFO">Clicking button 'css=.btn.btn-primary'.</msg>
<status status="PASS" starttime="20230530 01:19:59.795" endtime="20230530 01:19:59.855"/>
</kw>
<status status="PASS" starttime="20230530 01:19:59.794" endtime="20230530 01:19:59.855"/>
</kw>
<kw name="Then the page should contain the text &quot;Este email já está sendo usado&quot;" library="test_keywords_signup" sourcename="Then the page should contain the text &quot;${expected_text}&quot;">
<kw name="Wait Until Element Is Visible" library="SeleniumLibrary">
<arg>css=.alert-dismissible</arg>
<arg>timeout=10s</arg>
<doc>Waits until the element ``locator`` is visible.</doc>
<status status="PASS" starttime="20230530 01:19:59.855" endtime="20230530 01:20:00.092"/>
</kw>
<kw name="Element Should Be Visible" library="SeleniumLibrary">
<arg>css=.alert-dismissible</arg>
<doc>Verifies that the element identified by ``locator`` is visible.</doc>
<msg timestamp="20230530 01:20:00.111" level="INFO">Element 'css=.alert-dismissible' is displayed.</msg>
<status status="PASS" starttime="20230530 01:20:00.092" endtime="20230530 01:20:00.111"/>
</kw>
<kw name="Page Should Contain" library="SeleniumLibrary">
<arg>${expected_text}</arg>
<doc>Verifies that current page contains ``text``.</doc>
<msg timestamp="20230530 01:20:00.124" level="INFO">Current page contains text 'Este email já está sendo usado'.</msg>
<status status="PASS" starttime="20230530 01:20:00.111" endtime="20230530 01:20:00.124"/>
</kw>
<status status="PASS" starttime="20230530 01:19:59.855" endtime="20230530 01:20:00.125"/>
</kw>
<kw name="After Tests" library="test_keywords_common" type="TEARDOWN">
<kw name="Close Browser" library="SeleniumLibrary">
<doc>Closes the current browser.</doc>
<status status="PASS" starttime="20230530 01:20:00.125" endtime="20230530 01:20:00.181"/>
</kw>
<status status="PASS" starttime="20230530 01:20:00.125" endtime="20230530 01:20:00.182"/>
</kw>
<tag>ui</tag>
<status status="PASS" starttime="20230530 01:19:58.214" endtime="20230530 01:20:00.182"/>
</test>
<status status="PASS" starttime="20230530 01:19:53.263" endtime="20230530 01:20:00.182"/>
</suite>
<status status="PASS" starttime="20230530 01:19:53.262" endtime="20230530 01:20:00.184"/>
</suite>
<status status="PASS" starttime="20230530 01:19:52.037" endtime="20230530 01:20:00.185"/>
</suite>
<statistics>
<total>
<stat pass="8" fail="0" skip="0">All Tests</stat>
</total>
<tag>
<stat pass="5" fail="0" skip="0">api</stat>
<stat pass="3" fail="0" skip="0">ui</stat>
</tag>
<suite>
<stat pass="8" fail="0" skip="0" id="s1" name="Tests">Tests</stat>
<stat pass="5" fail="0" skip="0" id="s1-s1" name="Api">Tests.Api</stat>
<stat pass="5" fail="0" skip="0" id="s1-s1-s1" name="Test Api Users">Tests.Api.Test Api Users</stat>
<stat pass="3" fail="0" skip="0" id="s1-s2" name="Ui">Tests.Ui</stat>
<stat pass="3" fail="0" skip="0" id="s1-s2-s1" name="Test Ui Signup">Tests.Ui.Test Ui Signup</stat>
</suite>
</statistics>
<errors>
</errors>
</robot>
