<?xml version="1.0" encoding="UTF-8"?>
<robot generator="Robot 6.0.2 (Python 3.8.16 on linux)" generated="20230501 01:06:08.501" rpa="false" schemaversion="3">
<suite id="s1" name="Tests" source="/home/runner/work/gen-ai-robot-test/gen-ai-robot-test/tests">
<suite id="s1-s1" name="Api" source="/home/runner/work/gen-ai-robot-test/gen-ai-robot-test/tests/api">
<suite id="s1-s1-s1" name="Users" source="/home/runner/work/gen-ai-robot-test/gen-ai-robot-test/tests/api/users">
<suite id="s1-s1-s1-s1" name="Test Api Users" source="/home/runner/work/gen-ai-robot-test/gen-ai-robot-test/tests/api/users/test_api_users.robot">
<test id="s1-s1-s1-s1-t1" name="Scenario: Get all registered users" line="9">
<kw name="Before Tests" library="test_keywords_common" type="SETUP">
<kw name="Create Session" library="RequestsLibrary">
<arg>serverest</arg>
<arg>${SERVER_BASE_URL}</arg>
<arg>disable_warnings=True</arg>
<doc>Create Session: create a HTTP session to a server</doc>
<msg timestamp="20230501 01:06:09.505" level="INFO">Creating Session using : alias=serverest, url=https://serverest.dev, headers={},                     cookies={}, auth=None, timeout=None, proxies=None, verify=False,                     debug=0 </msg>
<status status="PASS" starttime="20230501 01:06:09.504" endtime="20230501 01:06:09.505"/>
</kw>
<status status="PASS" starttime="20230501 01:06:09.504" endtime="20230501 01:06:09.505"/>
</kw>
<kw name="When I request the list of all registered users" library="test_keywords_users">
<kw name="GET On Session" library="RequestsLibrary">
<var>${response}</var>
<arg>serverest</arg>
<arg>${USERS_API_ENDPOINT}</arg>
<doc>Sends a GET request on a previously created HTTP Session.</doc>
<msg timestamp="20230501 01:06:09.635" level="INFO">GET Request : url=https://serverest.dev/usuarios 
 path_url=/usuarios 
 headers={'User-Agent': 'python-requests/2.29.0', 'Accept-Encoding': 'gzip, deflate', 'Accept': '*/*', 'Connection': 'keep-alive'} 
 body=None 
 </msg>
<msg timestamp="20230501 01:06:09.635" level="INFO">GET Response : url=https://serverest.dev/usuarios 
 status=200, reason=OK 
 headers={'access-control-allow-origin': '*', 'x-dns-prefetch-control': 'off', 'x-frame-options': 'SAMEORIGIN', 'strict-transport-security': 'max-age=15552000; includeSubDomains', 'x-download-options': 'noopen', 'x-content-type-options': 'nosniff', 'x-xss-protection': '1; mode=block', 'x-moesif-transaction-id': '65459d2e-d270-4a8f-aab2-d44bebaf98f5', 'content-type': 'application/json; charset=utf-8', 'X-Cloud-Trace-Context': '37be208ec87dd66af26f6ed71fda4610;o=1', 'Date': 'Mon, 01 May 2023 01:06:09 GMT', 'Server': 'Google Frontend', 'Content-Length': '2624'} 
 body={
    "quantidade": 12,
    "usuarios": [
        {
            "nome": "Fulano da Silva",
            "email": "fulano@qa.com",
            "password": "teste",
            "administrador": "true",
            "_id": "0uxuPY0cbmQhpEz1"
        },
        {
            "nome": "Alessandro Andrade",
            "email": "pedro@email.com",
            "password": "123456",
            "administrador": "true",
            "_id": "2eiGKUf7oSlfcY7h"
        },
        {
            "nome": "Bruno Bergamo",
            "email": "brunobergamo@gmail.com",
            "password": "immunity-lost-fairs-perky-viet-webb",
            "administrador": "false",
            "_id": "JesJ9lNYZp306ANc"
        },
        {
            "nome": "teste2",
            "email": "admin@smartbit.com",
            "password": "123456",
            "administrador": "true",
            "_id": "NaJkGk2LLwqUmmgg"
        },
        {
            "nome": "Pedro Vinicius",
            "email": "pedro.vinicius@email.com",
            "password": "123456",
            "administrador": "true",
            "_id": "TnGi6rr9kF5pXqMz"
        },
        {
            "nome": "Emilly Magalhães Dabela",
            "email": "emily12.magalhaes@gmail.com",
            "password": "123456",
            "administrador": "true",
            "_id": "VQSItic23nOAUyC6"
        },
        {
            "nome": "Daniel Freitas",
            "email": "daniel@email.com",
            "password": "123456",
            "administrador": "true",
            "_id": "fwAfYvSQDyYvUdi5"
        },
        {
            "nome": "teste1",
            "email": "teste@teste.com",
            "password": "123456",
            "administrador": "true",
            "_id": "iP12IaPxkySWzPEY"
        },
        {
            "nome": "fuhyfgyrgfy",
            "email": "papito@gmail.com",
            "password": "123456",
            "administrador": "true",
            "_id": "kndcaBfD0QOMwMAQ"
        },
        {
            "nome": "{{generatedName}}",
            "email": "Fatima_Hagenes@example.org",
            "password": "teste",
            "administrador": "true",
            "_id": "oMAjrB77YLFM2VoV"
        },
        {
            "nome": "rafael santos",
            "email": "rafael@email.com",
            "password": "23456",
            "administrador": "true",
            "_id": "w05zOJATgrAH4R4D"
        },
        {
            "nome": "Emilly Magalhães Dabela",
            "email": "emilly@hotmail.com",
            "password": "123456",
            "administrador": "true",
            "_id": "yxRjXHaDwe6v6dme"
        }
    ]
} 
 </msg>
<msg timestamp="20230501 01:06:09.636" level="INFO">${response} = &lt;Response [200]&gt;</msg>
<status status="PASS" starttime="20230501 01:06:09.505" endtime="20230501 01:06:09.636"/>
</kw>
<kw name="Set Test Variable" library="BuiltIn">
<arg>${response}</arg>
<doc>Makes a variable available everywhere within the scope of the current test.</doc>
<msg timestamp="20230501 01:06:09.636" level="INFO">${response} = &lt;Response [200]&gt;</msg>
<status status="PASS" starttime="20230501 01:06:09.636" endtime="20230501 01:06:09.636"/>
</kw>
<status status="PASS" starttime="20230501 01:06:09.505" endtime="20230501 01:06:09.636"/>
</kw>
<kw name="Then the response status code should be 200" library="test_keywords_users" sourcename="Then the response status code should be ${status_code}">
<kw name="Should Be Equal As Numbers" library="BuiltIn">
<arg>${response.status_code}</arg>
<arg>${status_code}</arg>
<doc>Fails if objects are unequal after converting them to real numbers.</doc>
<msg timestamp="20230501 01:06:09.638" level="INFO">Argument types are:
&lt;class 'int'&gt;
&lt;class 'str'&gt;</msg>
<status status="PASS" starttime="20230501 01:06:09.637" endtime="20230501 01:06:09.638"/>
</kw>
<kw name="Should Be True" library="BuiltIn">
<arg>${response.json()}</arg>
<doc>Fails if the given condition is not true.</doc>
<status status="PASS" starttime="20230501 01:06:09.638" endtime="20230501 01:06:09.638"/>
</kw>
<status status="PASS" starttime="20230501 01:06:09.636" endtime="20230501 01:06:09.639"/>
</kw>
<kw name="And the response body should not be empty" library="test_keywords_users">
<kw name="Should Not Be Empty" library="BuiltIn">
<arg>${response.json()}</arg>
<doc>Verifies that the given item is not empty.</doc>
<msg timestamp="20230501 01:06:09.640" level="INFO">Length is 2</msg>
<status status="PASS" starttime="20230501 01:06:09.639" endtime="20230501 01:06:09.640"/>
</kw>
<status status="PASS" starttime="20230501 01:06:09.639" endtime="20230501 01:06:09.640"/>
</kw>
<tag>api</tag>
<status status="PASS" starttime="20230501 01:06:09.503" endtime="20230501 01:06:09.640"/>
</test>
<test id="s1-s1-s1-s1-t2" name="Scenario: Create a new user" line="15">
<kw name="Before Tests" library="test_keywords_common" type="SETUP">
<kw name="Create Session" library="RequestsLibrary">
<arg>serverest</arg>
<arg>${SERVER_BASE_URL}</arg>
<arg>disable_warnings=True</arg>
<doc>Create Session: create a HTTP session to a server</doc>
<msg timestamp="20230501 01:06:09.641" level="INFO">Creating Session using : alias=serverest, url=https://serverest.dev, headers={},                     cookies={}, auth=None, timeout=None, proxies=None, verify=False,                     debug=0 </msg>
<status status="PASS" starttime="20230501 01:06:09.641" endtime="20230501 01:06:09.641"/>
</kw>
<status status="PASS" starttime="20230501 01:06:09.641" endtime="20230501 01:06:09.642"/>
</kw>
<kw name="Given I have a valid user data" library="test_keywords_users">
<kw name="Name" library="FakerLibrary">
<var>${name}</var>
<doc>:example 'John Doe'</doc>
<msg timestamp="20230501 01:06:09.643" level="INFO">${name} = Brittney Lawson</msg>
<status status="PASS" starttime="20230501 01:06:09.642" endtime="20230501 01:06:09.643"/>
</kw>
<kw name="Email" library="FakerLibrary">
<var>${email}</var>
<msg timestamp="20230501 01:06:09.643" level="INFO">${email} = dmullins@example.com</msg>
<status status="PASS" starttime="20230501 01:06:09.643" endtime="20230501 01:06:09.643"/>
</kw>
<kw name="Password" library="FakerLibrary">
<var>${password}</var>
<doc>Generate a random password of the specified ``length``.</doc>
<msg timestamp="20230501 01:06:09.643" level="INFO">${password} = tFCNdcpA+4</msg>
<status status="PASS" starttime="20230501 01:06:09.643" endtime="20230501 01:06:09.643"/>
</kw>
<kw name="Set Suite Variable" library="BuiltIn">
<arg>${name}</arg>
<doc>Makes a variable available everywhere within the scope of the current suite.</doc>
<msg timestamp="20230501 01:06:09.644" level="INFO">${name} = Brittney Lawson</msg>
<status status="PASS" starttime="20230501 01:06:09.644" endtime="20230501 01:06:09.644"/>
</kw>
<kw name="Set Suite Variable" library="BuiltIn">
<arg>${email}</arg>
<doc>Makes a variable available everywhere within the scope of the current suite.</doc>
<msg timestamp="20230501 01:06:09.644" level="INFO">${email} = dmullins@example.com</msg>
<status status="PASS" starttime="20230501 01:06:09.644" endtime="20230501 01:06:09.644"/>
</kw>
<kw name="Set Suite Variable" library="BuiltIn">
<arg>${password}</arg>
<doc>Makes a variable available everywhere within the scope of the current suite.</doc>
<msg timestamp="20230501 01:06:09.644" level="INFO">${password} = tFCNdcpA+4</msg>
<status status="PASS" starttime="20230501 01:06:09.644" endtime="20230501 01:06:09.644"/>
</kw>
<status status="PASS" starttime="20230501 01:06:09.642" endtime="20230501 01:06:09.644"/>
</kw>
<kw name="When I create the user" library="test_keywords_users">
<kw name="Create Dictionary" library="BuiltIn">
<var>${payload}</var>
<arg>nome=${name}</arg>
<arg>email=${email}</arg>
<arg>password=${password}</arg>
<arg>administrador=false</arg>
<doc>Creates and returns a dictionary based on the given ``items``.</doc>
<msg timestamp="20230501 01:06:09.645" level="INFO">${payload} = {'nome': 'Brittney Lawson', 'email': 'dmullins@example.com', 'password': 'tFCNdcpA+4', 'administrador': 'false'}</msg>
<status status="PASS" starttime="20230501 01:06:09.645" endtime="20230501 01:06:09.645"/>
</kw>
<kw name="Create Dictionary" library="BuiltIn">
<var>${headers}</var>
<arg>Content-Type=application/json</arg>
<doc>Creates and returns a dictionary based on the given ``items``.</doc>
<msg timestamp="20230501 01:06:09.646" level="INFO">${headers} = {'Content-Type': 'application/json'}</msg>
<status status="PASS" starttime="20230501 01:06:09.645" endtime="20230501 01:06:09.646"/>
</kw>
<kw name="POST On Session" library="RequestsLibrary">
<var>${response}</var>
<arg>serverest</arg>
<arg>${USERS_API_ENDPOINT}</arg>
<arg>json=${payload}</arg>
<arg>headers=${headers}</arg>
<doc>Sends a POST request on a previously created HTTP Session.</doc>
<msg timestamp="20230501 01:06:09.712" level="INFO">POST Request : url=https://serverest.dev/usuarios 
 path_url=/usuarios 
 headers={'User-Agent': 'python-requests/2.29.0', 'Accept-Encoding': 'gzip, deflate', 'Accept': '*/*', 'Connection': 'keep-alive', 'Content-Type': 'application/json', 'Content-Length': '112'} 
 body=b'{"nome": "Brittney Lawson", "email": "dmullins@example.com", "password": "tFCNdcpA+4", "administrador": "false"}' 
 </msg>
<msg timestamp="20230501 01:06:09.713" level="INFO">POST Response : url=https://serverest.dev/usuarios 
 status=201, reason=Created 
 headers={'access-control-allow-origin': '*', 'x-dns-prefetch-control': 'off', 'x-frame-options': 'SAMEORIGIN', 'strict-transport-security': 'max-age=15552000; includeSubDomains', 'x-download-options': 'noopen', 'x-content-type-options': 'nosniff', 'x-xss-protection': '1; mode=block', 'x-moesif-transaction-id': '6c73ce84-b582-47e3-991d-b804e08c40ce', 'content-type': 'application/json; charset=utf-8', 'X-Cloud-Trace-Context': 'c412137688d30095c128060a13c13858', 'Date': 'Mon, 01 May 2023 01:06:09 GMT', 'Server': 'Google Frontend', 'Content-Length': '82'} 
 body={
    "message": "Cadastro realizado com sucesso",
    "_id": "J7dvFPuah7Cuu0Sq"
} 
 </msg>
<msg timestamp="20230501 01:06:09.713" level="INFO">${response} = &lt;Response [201]&gt;</msg>
<status status="PASS" starttime="20230501 01:06:09.646" endtime="20230501 01:06:09.713"/>
</kw>
<kw name="Set Variable" library="BuiltIn">
<var>${user_id}</var>
<arg>${response.json()['_id']}</arg>
<doc>Returns the given values which can then be assigned to a variables.</doc>
<msg timestamp="20230501 01:06:09.714" level="INFO">${user_id} = J7dvFPuah7Cuu0Sq</msg>
<status status="PASS" starttime="20230501 01:06:09.713" endtime="20230501 01:06:09.714"/>
</kw>
<kw name="Set Global Variable" library="BuiltIn">
<arg>${USER_ID}</arg>
<arg>${user_id}</arg>
<doc>Makes a variable available globally in all tests and suites.</doc>
<msg timestamp="20230501 01:06:09.714" level="INFO">${USER_ID} = J7dvFPuah7Cuu0Sq</msg>
<status status="PASS" starttime="20230501 01:06:09.714" endtime="20230501 01:06:09.715"/>
</kw>
<kw name="Set Test Variable" library="BuiltIn">
<arg>${response}</arg>
<doc>Makes a variable available everywhere within the scope of the current test.</doc>
<msg timestamp="20230501 01:06:09.715" level="INFO">${response} = &lt;Response [201]&gt;</msg>
<status status="PASS" starttime="20230501 01:06:09.715" endtime="20230501 01:06:09.715"/>
</kw>
<status status="PASS" starttime="20230501 01:06:09.645" endtime="20230501 01:06:09.715"/>
</kw>
<kw name="Then the response status code should be 201" library="test_keywords_users" sourcename="Then the response status code should be ${status_code}">
<kw name="Should Be Equal As Numbers" library="BuiltIn">
<arg>${response.status_code}</arg>
<arg>${status_code}</arg>
<doc>Fails if objects are unequal after converting them to real numbers.</doc>
<msg timestamp="20230501 01:06:09.716" level="INFO">Argument types are:
&lt;class 'int'&gt;
&lt;class 'str'&gt;</msg>
<status status="PASS" starttime="20230501 01:06:09.715" endtime="20230501 01:06:09.716"/>
</kw>
<kw name="Should Be True" library="BuiltIn">
<arg>${response.json()}</arg>
<doc>Fails if the given condition is not true.</doc>
<status status="PASS" starttime="20230501 01:06:09.716" endtime="20230501 01:06:09.717"/>
</kw>
<status status="PASS" starttime="20230501 01:06:09.715" endtime="20230501 01:06:09.717"/>
</kw>
<kw name="And the response body should not be empty" library="test_keywords_users">
<kw name="Should Not Be Empty" library="BuiltIn">
<arg>${response.json()}</arg>
<doc>Verifies that the given item is not empty.</doc>
<msg timestamp="20230501 01:06:09.717" level="INFO">Length is 2</msg>
<status status="PASS" starttime="20230501 01:06:09.717" endtime="20230501 01:06:09.717"/>
</kw>
<status status="PASS" starttime="20230501 01:06:09.717" endtime="20230501 01:06:09.718"/>
</kw>
<tag>api</tag>
<status status="PASS" starttime="20230501 01:06:09.640" endtime="20230501 01:06:09.718"/>
</test>
<test id="s1-s1-s1-s1-t3" name="Scenario: Get a specific user informations" line="22">
<kw name="Before Tests" library="test_keywords_common" type="SETUP">
<kw name="Create Session" library="RequestsLibrary">
<arg>serverest</arg>
<arg>${SERVER_BASE_URL}</arg>
<arg>disable_warnings=True</arg>
<doc>Create Session: create a HTTP session to a server</doc>
<msg timestamp="20230501 01:06:09.719" level="INFO">Creating Session using : alias=serverest, url=https://serverest.dev, headers={},                     cookies={}, auth=None, timeout=None, proxies=None, verify=False,                     debug=0 </msg>
<status status="PASS" starttime="20230501 01:06:09.719" endtime="20230501 01:06:09.719"/>
</kw>
<status status="PASS" starttime="20230501 01:06:09.719" endtime="20230501 01:06:09.719"/>
</kw>
<kw name="When I request the created user" library="test_keywords_users">
<kw name="GET On Session" library="RequestsLibrary">
<var>${response}</var>
<arg>serverest</arg>
<arg>${USERS_API_ENDPOINT}/${USER_ID}</arg>
<doc>Sends a GET request on a previously created HTTP Session.</doc>
<msg timestamp="20230501 01:06:09.787" level="INFO">GET Request : url=https://serverest.dev/usuarios/J7dvFPuah7Cuu0Sq 
 path_url=/usuarios/J7dvFPuah7Cuu0Sq 
 headers={'User-Agent': 'python-requests/2.29.0', 'Accept-Encoding': 'gzip, deflate', 'Accept': '*/*', 'Connection': 'keep-alive'} 
 body=None 
 </msg>
<msg timestamp="20230501 01:06:09.787" level="INFO">GET Response : url=https://serverest.dev/usuarios/J7dvFPuah7Cuu0Sq 
 status=200, reason=OK 
 headers={'access-control-allow-origin': '*', 'x-dns-prefetch-control': 'off', 'x-frame-options': 'SAMEORIGIN', 'strict-transport-security': 'max-age=15552000; includeSubDomains', 'x-download-options': 'noopen', 'x-content-type-options': 'nosniff', 'x-xss-protection': '1; mode=block', 'x-moesif-transaction-id': 'f82a044c-3023-4e23-a55f-3efee2226f64', 'content-type': 'application/json; charset=utf-8', 'X-Cloud-Trace-Context': '793f9011b27ddb51f95b75b7832617bb', 'Date': 'Mon, 01 May 2023 01:06:09 GMT', 'Server': 'Google Frontend', 'Content-Length': '161'} 
 body={
    "nome": "Brittney Lawson",
    "email": "dmullins@example.com",
    "password": "tFCNdcpA+4",
    "administrador": "false",
    "_id": "J7dvFPuah7Cuu0Sq"
} 
 </msg>
<msg timestamp="20230501 01:06:09.787" level="INFO">${response} = &lt;Response [200]&gt;</msg>
<status status="PASS" starttime="20230501 01:06:09.720" endtime="20230501 01:06:09.787"/>
</kw>
<kw name="Set Test Variable" library="BuiltIn">
<arg>${response}</arg>
<doc>Makes a variable available everywhere within the scope of the current test.</doc>
<msg timestamp="20230501 01:06:09.788" level="INFO">${response} = &lt;Response [200]&gt;</msg>
<status status="PASS" starttime="20230501 01:06:09.787" endtime="20230501 01:06:09.788"/>
</kw>
<status status="PASS" starttime="20230501 01:06:09.720" endtime="20230501 01:06:09.788"/>
</kw>
<kw name="Then the response status code should be 200" library="test_keywords_users" sourcename="Then the response status code should be ${status_code}">
<kw name="Should Be Equal As Numbers" library="BuiltIn">
<arg>${response.status_code}</arg>
<arg>${status_code}</arg>
<doc>Fails if objects are unequal after converting them to real numbers.</doc>
<msg timestamp="20230501 01:06:09.789" level="INFO">Argument types are:
&lt;class 'int'&gt;
&lt;class 'str'&gt;</msg>
<status status="PASS" starttime="20230501 01:06:09.789" endtime="20230501 01:06:09.790"/>
</kw>
<kw name="Should Be True" library="BuiltIn">
<arg>${response.json()}</arg>
<doc>Fails if the given condition is not true.</doc>
<status status="PASS" starttime="20230501 01:06:09.790" endtime="20230501 01:06:09.790"/>
</kw>
<status status="PASS" starttime="20230501 01:06:09.788" endtime="20230501 01:06:09.791"/>
</kw>
<kw name="And the response body should not be empty" library="test_keywords_users">
<kw name="Should Not Be Empty" library="BuiltIn">
<arg>${response.json()}</arg>
<doc>Verifies that the given item is not empty.</doc>
<msg timestamp="20230501 01:06:09.792" level="INFO">Length is 5</msg>
<status status="PASS" starttime="20230501 01:06:09.791" endtime="20230501 01:06:09.792"/>
</kw>
<status status="PASS" starttime="20230501 01:06:09.791" endtime="20230501 01:06:09.792"/>
</kw>
<tag>api</tag>
<status status="PASS" starttime="20230501 01:06:09.718" endtime="20230501 01:06:09.792"/>
</test>
<test id="s1-s1-s1-s1-t4" name="Scenario: Update the created user" line="28">
<kw name="Before Tests" library="test_keywords_common" type="SETUP">
<kw name="Create Session" library="RequestsLibrary">
<arg>serverest</arg>
<arg>${SERVER_BASE_URL}</arg>
<arg>disable_warnings=True</arg>
<doc>Create Session: create a HTTP session to a server</doc>
<msg timestamp="20230501 01:06:09.794" level="INFO">Creating Session using : alias=serverest, url=https://serverest.dev, headers={},                     cookies={}, auth=None, timeout=None, proxies=None, verify=False,                     debug=0 </msg>
<status status="PASS" starttime="20230501 01:06:09.793" endtime="20230501 01:06:09.794"/>
</kw>
<status status="PASS" starttime="20230501 01:06:09.793" endtime="20230501 01:06:09.794"/>
</kw>
<kw name="When I update the created user" library="test_keywords_users">
<kw name="Create Dictionary" library="BuiltIn">
<var>${payload}</var>
<arg>nome=John Smith</arg>
<arg>email=john.smith@example.com</arg>
<arg>password=P@ssw0rd123</arg>
<arg>administrador=false</arg>
<doc>Creates and returns a dictionary based on the given ``items``.</doc>
<msg timestamp="20230501 01:06:09.795" level="INFO">${payload} = {'nome': 'John Smith', 'email': 'john.smith@example.com', 'password': 'P@ssw0rd123', 'administrador': 'false'}</msg>
<status status="PASS" starttime="20230501 01:06:09.795" endtime="20230501 01:06:09.795"/>
</kw>
<kw name="Create Dictionary" library="BuiltIn">
<var>${headers}</var>
<arg>Content-Type=application/json</arg>
<doc>Creates and returns a dictionary based on the given ``items``.</doc>
<msg timestamp="20230501 01:06:09.795" level="INFO">${headers} = {'Content-Type': 'application/json'}</msg>
<status status="PASS" starttime="20230501 01:06:09.795" endtime="20230501 01:06:09.795"/>
</kw>
<kw name="PUT On Session" library="RequestsLibrary">
<var>${response}</var>
<arg>serverest</arg>
<arg>${USERS_API_ENDPOINT}/${USER_ID}</arg>
<arg>json=${payload}</arg>
<arg>headers=${headers}</arg>
<doc>Sends a PUT request on a previously created HTTP Session.</doc>
<msg timestamp="20230501 01:06:09.862" level="INFO">PUT Request : url=https://serverest.dev/usuarios/J7dvFPuah7Cuu0Sq 
 path_url=/usuarios/J7dvFPuah7Cuu0Sq 
 headers={'User-Agent': 'python-requests/2.29.0', 'Accept-Encoding': 'gzip, deflate', 'Accept': '*/*', 'Connection': 'keep-alive', 'Content-Type': 'application/json', 'Content-Length': '110'} 
 body=b'{"nome": "John Smith", "email": "john.smith@example.com", "password": "P@ssw0rd123", "administrador": "false"}' 
 </msg>
<msg timestamp="20230501 01:06:09.862" level="INFO">PUT Response : url=https://serverest.dev/usuarios/J7dvFPuah7Cuu0Sq 
 status=200, reason=OK 
 headers={'access-control-allow-origin': '*', 'x-dns-prefetch-control': 'off', 'x-frame-options': 'SAMEORIGIN', 'strict-transport-security': 'max-age=15552000; includeSubDomains', 'x-download-options': 'noopen', 'x-content-type-options': 'nosniff', 'x-xss-protection': '1; mode=block', 'x-moesif-transaction-id': '5ea00764-5267-4796-8c97-3fc05ba541e2', 'content-type': 'application/json; charset=utf-8', 'X-Cloud-Trace-Context': '5bdfd5f9698c6e1e12955516a77c4176', 'Date': 'Mon, 01 May 2023 01:06:09 GMT', 'Server': 'Google Frontend', 'Content-Length': '50'} 
 body={
    "message": "Registro alterado com sucesso"
} 
 </msg>
<msg timestamp="20230501 01:06:09.862" level="INFO">${response} = &lt;Response [200]&gt;</msg>
<status status="PASS" starttime="20230501 01:06:09.795" endtime="20230501 01:06:09.862"/>
</kw>
<kw name="Set Test Variable" library="BuiltIn">
<arg>${response}</arg>
<doc>Makes a variable available everywhere within the scope of the current test.</doc>
<msg timestamp="20230501 01:06:09.863" level="INFO">${response} = &lt;Response [200]&gt;</msg>
<status status="PASS" starttime="20230501 01:06:09.863" endtime="20230501 01:06:09.863"/>
</kw>
<status status="PASS" starttime="20230501 01:06:09.794" endtime="20230501 01:06:09.863"/>
</kw>
<kw name="Then the response status code should be 200" library="test_keywords_users" sourcename="Then the response status code should be ${status_code}">
<kw name="Should Be Equal As Numbers" library="BuiltIn">
<arg>${response.status_code}</arg>
<arg>${status_code}</arg>
<doc>Fails if objects are unequal after converting them to real numbers.</doc>
<msg timestamp="20230501 01:06:09.864" level="INFO">Argument types are:
&lt;class 'int'&gt;
&lt;class 'str'&gt;</msg>
<status status="PASS" starttime="20230501 01:06:09.864" endtime="20230501 01:06:09.865"/>
</kw>
<kw name="Should Be True" library="BuiltIn">
<arg>${response.json()}</arg>
<doc>Fails if the given condition is not true.</doc>
<status status="PASS" starttime="20230501 01:06:09.865" endtime="20230501 01:06:09.865"/>
</kw>
<status status="PASS" starttime="20230501 01:06:09.863" endtime="20230501 01:06:09.866"/>
</kw>
<kw name="And the response body should not be empty" library="test_keywords_users">
<kw name="Should Not Be Empty" library="BuiltIn">
<arg>${response.json()}</arg>
<doc>Verifies that the given item is not empty.</doc>
<msg timestamp="20230501 01:06:09.867" level="INFO">Length is 1</msg>
<status status="PASS" starttime="20230501 01:06:09.866" endtime="20230501 01:06:09.867"/>
</kw>
<status status="PASS" starttime="20230501 01:06:09.866" endtime="20230501 01:06:09.867"/>
</kw>
<tag>api</tag>
<status status="PASS" starttime="20230501 01:06:09.793" endtime="20230501 01:06:09.867"/>
</test>
<test id="s1-s1-s1-s1-t5" name="Scenario: Delete the created user" line="34">
<kw name="Before Tests" library="test_keywords_common" type="SETUP">
<kw name="Create Session" library="RequestsLibrary">
<arg>serverest</arg>
<arg>${SERVER_BASE_URL}</arg>
<arg>disable_warnings=True</arg>
<doc>Create Session: create a HTTP session to a server</doc>
<msg timestamp="20230501 01:06:09.868" level="INFO">Creating Session using : alias=serverest, url=https://serverest.dev, headers={},                     cookies={}, auth=None, timeout=None, proxies=None, verify=False,                     debug=0 </msg>
<status status="PASS" starttime="20230501 01:06:09.868" endtime="20230501 01:06:09.868"/>
</kw>
<status status="PASS" starttime="20230501 01:06:09.868" endtime="20230501 01:06:09.868"/>
</kw>
<kw name="When I delete the created user" library="test_keywords_users">
<kw name="DELETE On Session" library="RequestsLibrary">
<var>${response}</var>
<arg>serverest</arg>
<arg>${USERS_API_ENDPOINT}/${USER_ID}</arg>
<doc>Sends a DELETE request on a previously created HTTP Session.</doc>
<msg timestamp="20230501 01:06:09.935" level="INFO">DELETE Request : url=https://serverest.dev/usuarios/J7dvFPuah7Cuu0Sq 
 path_url=/usuarios/J7dvFPuah7Cuu0Sq 
 headers={'User-Agent': 'python-requests/2.29.0', 'Accept-Encoding': 'gzip, deflate', 'Accept': '*/*', 'Connection': 'keep-alive', 'Content-Length': '0'} 
 body=None 
 </msg>
<msg timestamp="20230501 01:06:09.935" level="INFO">DELETE Response : url=https://serverest.dev/usuarios/J7dvFPuah7Cuu0Sq 
 status=200, reason=OK 
 headers={'access-control-allow-origin': '*', 'x-dns-prefetch-control': 'off', 'x-frame-options': 'SAMEORIGIN', 'strict-transport-security': 'max-age=15552000; includeSubDomains', 'x-download-options': 'noopen', 'x-content-type-options': 'nosniff', 'x-xss-protection': '1; mode=block', 'x-moesif-transaction-id': 'd32cfa2c-dd73-4471-8a17-288108223fa6', 'content-type': 'application/json; charset=utf-8', 'X-Cloud-Trace-Context': 'b4e3c00ea1aafd57a9a3e23b05e6d524', 'Date': 'Mon, 01 May 2023 01:06:09 GMT', 'Server': 'Google Frontend', 'Content-Length': '51'} 
 body={
    "message": "Registro excluído com sucesso"
} 
 </msg>
<msg timestamp="20230501 01:06:09.935" level="INFO">${response} = &lt;Response [200]&gt;</msg>
<status status="PASS" starttime="20230501 01:06:09.869" endtime="20230501 01:06:09.935"/>
</kw>
<kw name="Set Test Variable" library="BuiltIn">
<arg>${response}</arg>
<doc>Makes a variable available everywhere within the scope of the current test.</doc>
<msg timestamp="20230501 01:06:09.936" level="INFO">${response} = &lt;Response [200]&gt;</msg>
<status status="PASS" starttime="20230501 01:06:09.936" endtime="20230501 01:06:09.936"/>
</kw>
<status status="PASS" starttime="20230501 01:06:09.868" endtime="20230501 01:06:09.936"/>
</kw>
<kw name="Then the response status code should be 200" library="test_keywords_users" sourcename="Then the response status code should be ${status_code}">
<kw name="Should Be Equal As Numbers" library="BuiltIn">
<arg>${response.status_code}</arg>
<arg>${status_code}</arg>
<doc>Fails if objects are unequal after converting them to real numbers.</doc>
<msg timestamp="20230501 01:06:09.938" level="INFO">Argument types are:
&lt;class 'int'&gt;
&lt;class 'str'&gt;</msg>
<status status="PASS" starttime="20230501 01:06:09.937" endtime="20230501 01:06:09.938"/>
</kw>
<kw name="Should Be True" library="BuiltIn">
<arg>${response.json()}</arg>
<doc>Fails if the given condition is not true.</doc>
<status status="PASS" starttime="20230501 01:06:09.938" endtime="20230501 01:06:09.938"/>
</kw>
<status status="PASS" starttime="20230501 01:06:09.936" endtime="20230501 01:06:09.939"/>
</kw>
<kw name="And the response body should not be empty" library="test_keywords_users">
<kw name="Should Not Be Empty" library="BuiltIn">
<arg>${response.json()}</arg>
<doc>Verifies that the given item is not empty.</doc>
<msg timestamp="20230501 01:06:09.939" level="INFO">Length is 1</msg>
<status status="PASS" starttime="20230501 01:06:09.939" endtime="20230501 01:06:09.939"/>
</kw>
<status status="PASS" starttime="20230501 01:06:09.939" endtime="20230501 01:06:09.939"/>
</kw>
<tag>api</tag>
<status status="PASS" starttime="20230501 01:06:09.867" endtime="20230501 01:06:09.940"/>
</test>
<status status="PASS" starttime="20230501 01:06:08.521" endtime="20230501 01:06:09.940"/>
</suite>
<status status="PASS" starttime="20230501 01:06:08.520" endtime="20230501 01:06:09.941"/>
</suite>
<status status="PASS" starttime="20230501 01:06:08.519" endtime="20230501 01:06:09.942"/>
</suite>
<suite id="s1-s2" name="Ui" source="/home/runner/work/gen-ai-robot-test/gen-ai-robot-test/tests/ui">
<suite id="s1-s2-s1" name="Login" source="/home/runner/work/gen-ai-robot-test/gen-ai-robot-test/tests/ui/login">
<suite id="s1-s2-s1-s1" name="Test Ui Login" source="/home/runner/work/gen-ai-robot-test/gen-ai-robot-test/tests/ui/login/test_ui_login.robot">
<test id="s1-s2-s1-s1-t1" name="Scenario: Log in to Sauce Demo with Standard User" line="10">
<kw name="Before Tests" library="test_keywords_common" type="SETUP">
<kw name="Open Browser" library="SeleniumLibrary">
<arg>${SERVER_BASE_URL}</arg>
<arg>${HEADLESS} ${BROWSER}</arg>
<doc>Opens a new browser instance to the optional ``url``.</doc>
<msg timestamp="20230501 01:06:09.952" level="INFO">Opening browser 'headless Chrome' to base url 'https://www.saucedemo.com/'.</msg>
<status status="PASS" starttime="20230501 01:06:09.951" endtime="20230501 01:06:49.168"/>
</kw>
<kw name="Maximize Browser Window" library="SeleniumLibrary">
<doc>Maximizes current browser window.</doc>
<status status="PASS" starttime="20230501 01:06:49.168" endtime="20230501 01:06:49.408"/>
</kw>
<status status="PASS" starttime="20230501 01:06:09.951" endtime="20230501 01:06:49.408"/>
</kw>
<kw name="Given Im on the main application page" library="test_keywords_login">
<kw name="Go To" library="SeleniumLibrary">
<arg>${SERVER_BASE_URL}</arg>
<doc>Navigates the current browser window to the provided ``url``.</doc>
<msg timestamp="20230501 01:06:49.410" level="INFO">Opening url 'https://www.saucedemo.com/'</msg>
<status status="PASS" starttime="20230501 01:06:49.409" endtime="20230501 01:06:49.676"/>
</kw>
<kw name="Location Should Be" library="SeleniumLibrary">
<arg>${SERVER_BASE_URL}</arg>
<doc>Verifies that the current URL is exactly ``url``.</doc>
<msg timestamp="20230501 01:06:49.681" level="INFO">Current location is 'https://www.saucedemo.com/'.</msg>
<status status="PASS" starttime="20230501 01:06:49.677" endtime="20230501 01:06:49.681"/>
</kw>
<status status="PASS" starttime="20230501 01:06:49.409" endtime="20230501 01:06:49.681"/>
</kw>
<kw name="When I log in with credentials" library="test_keywords_login">
<arg>standard_user</arg>
<arg>secret_sauce</arg>
<kw name="Input Text" library="SeleniumLibrary">
<arg>id:user-name</arg>
<arg>${username}</arg>
<doc>Types the given ``text`` into the text field identified by ``locator``.</doc>
<msg timestamp="20230501 01:06:49.684" level="INFO">Typing text 'standard_user' into text field 'id:user-name'.</msg>
<status status="PASS" starttime="20230501 01:06:49.682" endtime="20230501 01:06:50.413"/>
</kw>
<kw name="Input Text" library="SeleniumLibrary">
<arg>id:password</arg>
<arg>${password}</arg>
<doc>Types the given ``text`` into the text field identified by ``locator``.</doc>
<msg timestamp="20230501 01:06:50.414" level="INFO">Typing text 'secret_sauce' into text field 'id:password'.</msg>
<status status="PASS" starttime="20230501 01:06:50.413" endtime="20230501 01:06:50.814"/>
</kw>
<kw name="Click Button" library="SeleniumLibrary">
<arg>id:login-button</arg>
<doc>Clicks the button identified by ``locator``.</doc>
<msg timestamp="20230501 01:06:50.815" level="INFO">Clicking button 'id:login-button'.</msg>
<status status="PASS" starttime="20230501 01:06:50.814" endtime="20230501 01:06:51.730"/>
</kw>
<status status="PASS" starttime="20230501 01:06:49.681" endtime="20230501 01:06:51.730"/>
</kw>
<kw name="And the Inventory page loads" library="test_keywords_login">
<kw name="Location Should Be" library="SeleniumLibrary">
<arg>https://www.saucedemo.com/inventory.html</arg>
<doc>Verifies that the current URL is exactly ``url``.</doc>
<msg timestamp="20230501 01:06:51.743" level="INFO">Current location is 'https://www.saucedemo.com/inventory.html'.</msg>
<status status="PASS" starttime="20230501 01:06:51.731" endtime="20230501 01:06:51.744"/>
</kw>
<status status="PASS" starttime="20230501 01:06:51.730" endtime="20230501 01:06:51.744"/>
</kw>
<kw name="Then the page should contain the text &quot;Products&quot;" library="test_keywords_login" sourcename="Then the page should contain the text &quot;${expected_text}&quot;">
<kw name="Page Should Contain" library="SeleniumLibrary">
<arg>${expected_text}</arg>
<doc>Verifies that current page contains ``text``.</doc>
<msg timestamp="20230501 01:06:51.837" level="INFO">Current page contains text 'Products'.</msg>
<status status="PASS" starttime="20230501 01:06:51.745" endtime="20230501 01:06:51.837"/>
</kw>
<status status="PASS" starttime="20230501 01:06:51.744" endtime="20230501 01:06:51.837"/>
</kw>
<kw name="After Tests" library="test_keywords_common" type="TEARDOWN">
<kw name="Close Browser" library="SeleniumLibrary">
<doc>Closes the current browser.</doc>
<status status="PASS" starttime="20230501 01:06:51.838" endtime="20230501 01:06:51.896"/>
</kw>
<status status="PASS" starttime="20230501 01:06:51.837" endtime="20230501 01:06:51.896"/>
</kw>
<tag>ui</tag>
<status status="PASS" starttime="20230501 01:06:09.951" endtime="20230501 01:06:51.896"/>
</test>
<test id="s1-s2-s1-s1-t2" name="Scenario: Log in to Sauce Demo with Locked Out User" line="17">
<kw name="Before Tests" library="test_keywords_common" type="SETUP">
<kw name="Open Browser" library="SeleniumLibrary">
<arg>${SERVER_BASE_URL}</arg>
<arg>${HEADLESS} ${BROWSER}</arg>
<doc>Opens a new browser instance to the optional ``url``.</doc>
<msg timestamp="20230501 01:06:51.899" level="INFO">Opening browser 'headless Chrome' to base url 'https://www.saucedemo.com/'.</msg>
<status status="PASS" starttime="20230501 01:06:51.898" endtime="20230501 01:06:52.758"/>
</kw>
<kw name="Maximize Browser Window" library="SeleniumLibrary">
<doc>Maximizes current browser window.</doc>
<status status="PASS" starttime="20230501 01:06:52.758" endtime="20230501 01:06:52.862"/>
</kw>
<status status="PASS" starttime="20230501 01:06:51.898" endtime="20230501 01:06:52.862"/>
</kw>
<kw name="Given Im on the main application page" library="test_keywords_login">
<kw name="Go To" library="SeleniumLibrary">
<arg>${SERVER_BASE_URL}</arg>
<doc>Navigates the current browser window to the provided ``url``.</doc>
<msg timestamp="20230501 01:06:52.863" level="INFO">Opening url 'https://www.saucedemo.com/'</msg>
<status status="PASS" starttime="20230501 01:06:52.863" endtime="20230501 01:06:52.909"/>
</kw>
<kw name="Location Should Be" library="SeleniumLibrary">
<arg>${SERVER_BASE_URL}</arg>
<doc>Verifies that the current URL is exactly ``url``.</doc>
<msg timestamp="20230501 01:06:52.915" level="INFO">Current location is 'https://www.saucedemo.com/'.</msg>
<status status="PASS" starttime="20230501 01:06:52.909" endtime="20230501 01:06:52.915"/>
</kw>
<status status="PASS" starttime="20230501 01:06:52.862" endtime="20230501 01:06:52.915"/>
</kw>
<kw name="When I log in with credentials" library="test_keywords_login">
<arg>locked_out_user</arg>
<arg>secret_sauce</arg>
<kw name="Input Text" library="SeleniumLibrary">
<arg>id:user-name</arg>
<arg>${username}</arg>
<doc>Types the given ``text`` into the text field identified by ``locator``.</doc>
<msg timestamp="20230501 01:06:52.916" level="INFO">Typing text 'locked_out_user' into text field 'id:user-name'.</msg>
<status status="PASS" starttime="20230501 01:06:52.916" endtime="20230501 01:06:53.011"/>
</kw>
<kw name="Input Text" library="SeleniumLibrary">
<arg>id:password</arg>
<arg>${password}</arg>
<doc>Types the given ``text`` into the text field identified by ``locator``.</doc>
<msg timestamp="20230501 01:06:53.012" level="INFO">Typing text 'secret_sauce' into text field 'id:password'.</msg>
<status status="PASS" starttime="20230501 01:06:53.011" endtime="20230501 01:06:53.088"/>
</kw>
<kw name="Click Button" library="SeleniumLibrary">
<arg>id:login-button</arg>
<doc>Clicks the button identified by ``locator``.</doc>
<msg timestamp="20230501 01:06:53.089" level="INFO">Clicking button 'id:login-button'.</msg>
<status status="PASS" starttime="20230501 01:06:53.088" endtime="20230501 01:06:53.142"/>
</kw>
<status status="PASS" starttime="20230501 01:06:52.915" endtime="20230501 01:06:53.143"/>
</kw>
<kw name="Then the locked out message should be displayed" library="test_keywords_login">
<kw name="Element Should Be Visible" library="SeleniumLibrary">
<arg>class:error-message-container</arg>
<doc>Verifies that the element identified by ``locator`` is visible.</doc>
<msg timestamp="20230501 01:06:53.164" level="INFO">Element 'class:error-message-container' is displayed.</msg>
<status status="PASS" starttime="20230501 01:06:53.143" endtime="20230501 01:06:53.164"/>
</kw>
<status status="PASS" starttime="20230501 01:06:53.143" endtime="20230501 01:06:53.164"/>
</kw>
<kw name="After Tests" library="test_keywords_common" type="TEARDOWN">
<kw name="Close Browser" library="SeleniumLibrary">
<doc>Closes the current browser.</doc>
<status status="PASS" starttime="20230501 01:06:53.165" endtime="20230501 01:06:53.222"/>
</kw>
<status status="PASS" starttime="20230501 01:06:53.164" endtime="20230501 01:06:53.222"/>
</kw>
<tag>ui</tag>
<status status="PASS" starttime="20230501 01:06:51.897" endtime="20230501 01:06:53.222"/>
</test>
<test id="s1-s2-s1-s1-t3" name="Scenario: Log in to Sauce Demo with Problem User" line="23">
<kw name="Before Tests" library="test_keywords_common" type="SETUP">
<kw name="Open Browser" library="SeleniumLibrary">
<arg>${SERVER_BASE_URL}</arg>
<arg>${HEADLESS} ${BROWSER}</arg>
<doc>Opens a new browser instance to the optional ``url``.</doc>
<msg timestamp="20230501 01:06:53.224" level="INFO">Opening browser 'headless Chrome' to base url 'https://www.saucedemo.com/'.</msg>
<status status="PASS" starttime="20230501 01:06:53.224" endtime="20230501 01:06:54.091"/>
</kw>
<kw name="Maximize Browser Window" library="SeleniumLibrary">
<doc>Maximizes current browser window.</doc>
<status status="PASS" starttime="20230501 01:06:54.091" endtime="20230501 01:06:54.196"/>
</kw>
<status status="PASS" starttime="20230501 01:06:53.223" endtime="20230501 01:06:54.196"/>
</kw>
<kw name="Given Im on the main application page" library="test_keywords_login">
<kw name="Go To" library="SeleniumLibrary">
<arg>${SERVER_BASE_URL}</arg>
<doc>Navigates the current browser window to the provided ``url``.</doc>
<msg timestamp="20230501 01:06:54.197" level="INFO">Opening url 'https://www.saucedemo.com/'</msg>
<status status="PASS" starttime="20230501 01:06:54.197" endtime="20230501 01:06:54.250"/>
</kw>
<kw name="Location Should Be" library="SeleniumLibrary">
<arg>${SERVER_BASE_URL}</arg>
<doc>Verifies that the current URL is exactly ``url``.</doc>
<msg timestamp="20230501 01:06:54.258" level="INFO">Current location is 'https://www.saucedemo.com/'.</msg>
<status status="PASS" starttime="20230501 01:06:54.251" endtime="20230501 01:06:54.258"/>
</kw>
<status status="PASS" starttime="20230501 01:06:54.197" endtime="20230501 01:06:54.258"/>
</kw>
<kw name="When I log in with credentials" library="test_keywords_login">
<arg>problem_user</arg>
<arg>secret_sauce</arg>
<kw name="Input Text" library="SeleniumLibrary">
<arg>id:user-name</arg>
<arg>${username}</arg>
<doc>Types the given ``text`` into the text field identified by ``locator``.</doc>
<msg timestamp="20230501 01:06:54.259" level="INFO">Typing text 'problem_user' into text field 'id:user-name'.</msg>
<status status="PASS" starttime="20230501 01:06:54.259" endtime="20230501 01:06:54.347"/>
</kw>
<kw name="Input Text" library="SeleniumLibrary">
<arg>id:password</arg>
<arg>${password}</arg>
<doc>Types the given ``text`` into the text field identified by ``locator``.</doc>
<msg timestamp="20230501 01:06:54.347" level="INFO">Typing text 'secret_sauce' into text field 'id:password'.</msg>
<status status="PASS" starttime="20230501 01:06:54.347" endtime="20230501 01:06:54.433"/>
</kw>
<kw name="Click Button" library="SeleniumLibrary">
<arg>id:login-button</arg>
<doc>Clicks the button identified by ``locator``.</doc>
<msg timestamp="20230501 01:06:54.434" level="INFO">Clicking button 'id:login-button'.</msg>
<status status="PASS" starttime="20230501 01:06:54.433" endtime="20230501 01:06:54.519"/>
</kw>
<status status="PASS" starttime="20230501 01:06:54.258" endtime="20230501 01:06:54.519"/>
</kw>
<kw name="And the Inventory page loads" library="test_keywords_login">
<kw name="Location Should Be" library="SeleniumLibrary">
<arg>https://www.saucedemo.com/inventory.html</arg>
<doc>Verifies that the current URL is exactly ``url``.</doc>
<msg timestamp="20230501 01:06:54.532" level="INFO">Current location is 'https://www.saucedemo.com/inventory.html'.</msg>
<status status="PASS" starttime="20230501 01:06:54.520" endtime="20230501 01:06:54.532"/>
</kw>
<status status="PASS" starttime="20230501 01:06:54.520" endtime="20230501 01:06:54.532"/>
</kw>
<kw name="Then the page should contain the text &quot;Products&quot;" library="test_keywords_login" sourcename="Then the page should contain the text &quot;${expected_text}&quot;">
<kw name="Page Should Contain" library="SeleniumLibrary">
<arg>${expected_text}</arg>
<doc>Verifies that current page contains ``text``.</doc>
<msg timestamp="20230501 01:06:54.545" level="INFO">Current page contains text 'Products'.</msg>
<status status="PASS" starttime="20230501 01:06:54.533" endtime="20230501 01:06:54.545"/>
</kw>
<status status="PASS" starttime="20230501 01:06:54.532" endtime="20230501 01:06:54.545"/>
</kw>
<kw name="After Tests" library="test_keywords_common" type="TEARDOWN">
<kw name="Close Browser" library="SeleniumLibrary">
<doc>Closes the current browser.</doc>
<status status="PASS" starttime="20230501 01:06:54.546" endtime="20230501 01:06:54.603"/>
</kw>
<status status="PASS" starttime="20230501 01:06:54.545" endtime="20230501 01:06:54.603"/>
</kw>
<tag>ui</tag>
<status status="PASS" starttime="20230501 01:06:53.223" endtime="20230501 01:06:54.603"/>
</test>
<test id="s1-s2-s1-s1-t4" name="Scenario: Log in to Sauce Demo with Performance Glitch User" line="30">
<kw name="Before Tests" library="test_keywords_common" type="SETUP">
<kw name="Open Browser" library="SeleniumLibrary">
<arg>${SERVER_BASE_URL}</arg>
<arg>${HEADLESS} ${BROWSER}</arg>
<doc>Opens a new browser instance to the optional ``url``.</doc>
<msg timestamp="20230501 01:06:54.606" level="INFO">Opening browser 'headless Chrome' to base url 'https://www.saucedemo.com/'.</msg>
<status status="PASS" starttime="20230501 01:06:54.605" endtime="20230501 01:06:55.469"/>
</kw>
<kw name="Maximize Browser Window" library="SeleniumLibrary">
<doc>Maximizes current browser window.</doc>
<status status="PASS" starttime="20230501 01:06:55.470" endtime="20230501 01:06:55.575"/>
</kw>
<status status="PASS" starttime="20230501 01:06:54.605" endtime="20230501 01:06:55.575"/>
</kw>
<kw name="Given Im on the main application page" library="test_keywords_login">
<kw name="Go To" library="SeleniumLibrary">
<arg>${SERVER_BASE_URL}</arg>
<doc>Navigates the current browser window to the provided ``url``.</doc>
<msg timestamp="20230501 01:06:55.576" level="INFO">Opening url 'https://www.saucedemo.com/'</msg>
<status status="PASS" starttime="20230501 01:06:55.576" endtime="20230501 01:06:55.641"/>
</kw>
<kw name="Location Should Be" library="SeleniumLibrary">
<arg>${SERVER_BASE_URL}</arg>
<doc>Verifies that the current URL is exactly ``url``.</doc>
<msg timestamp="20230501 01:06:55.646" level="INFO">Current location is 'https://www.saucedemo.com/'.</msg>
<status status="PASS" starttime="20230501 01:06:55.641" endtime="20230501 01:06:55.646"/>
</kw>
<status status="PASS" starttime="20230501 01:06:55.576" endtime="20230501 01:06:55.646"/>
</kw>
<kw name="When I log in with credentials" library="test_keywords_login">
<arg>performance_glitch_user</arg>
<arg>secret_sauce</arg>
<kw name="Input Text" library="SeleniumLibrary">
<arg>id:user-name</arg>
<arg>${username}</arg>
<doc>Types the given ``text`` into the text field identified by ``locator``.</doc>
<msg timestamp="20230501 01:06:55.648" level="INFO">Typing text 'performance_glitch_user' into text field 'id:user-name'.</msg>
<status status="PASS" starttime="20230501 01:06:55.647" endtime="20230501 01:06:55.753"/>
</kw>
<kw name="Input Text" library="SeleniumLibrary">
<arg>id:password</arg>
<arg>${password}</arg>
<doc>Types the given ``text`` into the text field identified by ``locator``.</doc>
<msg timestamp="20230501 01:06:55.755" level="INFO">Typing text 'secret_sauce' into text field 'id:password'.</msg>
<status status="PASS" starttime="20230501 01:06:55.754" endtime="20230501 01:06:55.834"/>
</kw>
<kw name="Click Button" library="SeleniumLibrary">
<arg>id:login-button</arg>
<doc>Clicks the button identified by ``locator``.</doc>
<msg timestamp="20230501 01:06:55.835" level="INFO">Clicking button 'id:login-button'.</msg>
<status status="PASS" starttime="20230501 01:06:55.834" endtime="20230501 01:07:00.922"/>
</kw>
<status status="PASS" starttime="20230501 01:06:55.647" endtime="20230501 01:07:00.923"/>
</kw>
<kw name="And the Inventory page loads" library="test_keywords_login">
<kw name="Location Should Be" library="SeleniumLibrary">
<arg>https://www.saucedemo.com/inventory.html</arg>
<doc>Verifies that the current URL is exactly ``url``.</doc>
<msg timestamp="20230501 01:07:00.943" level="INFO">Current location is 'https://www.saucedemo.com/inventory.html'.</msg>
<status status="PASS" starttime="20230501 01:07:00.923" endtime="20230501 01:07:00.943"/>
</kw>
<status status="PASS" starttime="20230501 01:07:00.923" endtime="20230501 01:07:00.943"/>
</kw>
<kw name="Then the page should contain the text &quot;Products&quot;" library="test_keywords_login" sourcename="Then the page should contain the text &quot;${expected_text}&quot;">
<kw name="Page Should Contain" library="SeleniumLibrary">
<arg>${expected_text}</arg>
<doc>Verifies that current page contains ``text``.</doc>
<msg timestamp="20230501 01:07:00.958" level="INFO">Current page contains text 'Products'.</msg>
<status status="PASS" starttime="20230501 01:07:00.944" endtime="20230501 01:07:00.958"/>
</kw>
<status status="PASS" starttime="20230501 01:07:00.944" endtime="20230501 01:07:00.958"/>
</kw>
<kw name="After Tests" library="test_keywords_common" type="TEARDOWN">
<kw name="Close Browser" library="SeleniumLibrary">
<doc>Closes the current browser.</doc>
<status status="PASS" starttime="20230501 01:07:00.959" endtime="20230501 01:07:01.016"/>
</kw>
<status status="PASS" starttime="20230501 01:07:00.959" endtime="20230501 01:07:01.016"/>
</kw>
<tag>ui</tag>
<status status="PASS" starttime="20230501 01:06:54.604" endtime="20230501 01:07:01.016"/>
</test>
<status status="PASS" starttime="20230501 01:06:09.945" endtime="20230501 01:07:01.017"/>
</suite>
<status status="PASS" starttime="20230501 01:06:09.944" endtime="20230501 01:07:01.020"/>
</suite>
<status status="PASS" starttime="20230501 01:06:09.942" endtime="20230501 01:07:01.021"/>
</suite>
<status status="PASS" starttime="20230501 01:06:08.502" endtime="20230501 01:07:01.023"/>
</suite>
<statistics>
<total>
<stat pass="9" fail="0" skip="0">All Tests</stat>
</total>
<tag>
<stat pass="5" fail="0" skip="0">api</stat>
<stat pass="4" fail="0" skip="0">ui</stat>
</tag>
<suite>
<stat pass="9" fail="0" skip="0" id="s1" name="Tests">Tests</stat>
<stat pass="5" fail="0" skip="0" id="s1-s1" name="Api">Tests.Api</stat>
<stat pass="5" fail="0" skip="0" id="s1-s1-s1" name="Users">Tests.Api.Users</stat>
<stat pass="5" fail="0" skip="0" id="s1-s1-s1-s1" name="Test Api Users">Tests.Api.Users.Test Api Users</stat>
<stat pass="4" fail="0" skip="0" id="s1-s2" name="Ui">Tests.Ui</stat>
<stat pass="4" fail="0" skip="0" id="s1-s2-s1" name="Login">Tests.Ui.Login</stat>
<stat pass="4" fail="0" skip="0" id="s1-s2-s1-s1" name="Test Ui Login">Tests.Ui.Login.Test Ui Login</stat>
</suite>
</statistics>
<errors>
</errors>
</robot>
