<?xml version="1.0" encoding="UTF-8"?>
<robot generator="Robot 6.0.2 (Python 3.8.16 on linux)" generated="20230518 01:02:06.126" rpa="false" schemaversion="3">
<suite id="s1" name="Tests" source="/home/runner/work/gen-ai-robot-test/gen-ai-robot-test/tests">
<suite id="s1-s1" name="Api" source="/home/runner/work/gen-ai-robot-test/gen-ai-robot-test/tests/api">
<suite id="s1-s1-s1" name="Users" source="/home/runner/work/gen-ai-robot-test/gen-ai-robot-test/tests/api/users">
<suite id="s1-s1-s1-s1" name="Test Api Users" source="/home/runner/work/gen-ai-robot-test/gen-ai-robot-test/tests/api/users/test_api_users.robot">
<test id="s1-s1-s1-s1-t1" name="Scenario: Get all registered users" line="9">
<kw name="Before Tests" library="test_keywords_common" type="SETUP">
<kw name="Create Session" library="RequestsLibrary">
<arg>serverest</arg>
<arg>${SERVER_BASE_URL}</arg>
<arg>disable_warnings=True</arg>
<doc>Create Session: create a HTTP session to a server</doc>
<msg timestamp="20230518 01:02:06.678" level="INFO">Creating Session using : alias=serverest, url=https://serverest.dev, headers={},                     cookies={}, auth=None, timeout=None, proxies=None, verify=False,                     debug=0 </msg>
<status status="PASS" starttime="20230518 01:02:06.677" endtime="20230518 01:02:06.678"/>
</kw>
<status status="PASS" starttime="20230518 01:02:06.677" endtime="20230518 01:02:06.678"/>
</kw>
<kw name="When I request the list of all registered users" library="test_keywords_users">
<kw name="GET On Session" library="RequestsLibrary">
<var>${response}</var>
<arg>serverest</arg>
<arg>${USERS_API_ENDPOINT}</arg>
<doc>Sends a GET request on a previously created HTTP Session.</doc>
<msg timestamp="20230518 01:02:06.836" level="INFO">GET Request : url=https://serverest.dev/usuarios 
 path_url=/usuarios 
 headers={'User-Agent': 'python-requests/2.30.0', 'Accept-Encoding': 'gzip, deflate', 'Accept': '*/*', 'Connection': 'keep-alive'} 
 body=None 
 </msg>
<msg timestamp="20230518 01:02:06.836" level="INFO">GET Response : url=https://serverest.dev/usuarios 
 status=200, reason=OK 
 headers={'access-control-allow-origin': '*', 'x-dns-prefetch-control': 'off', 'x-frame-options': 'SAMEORIGIN', 'strict-transport-security': 'max-age=15552000; includeSubDomains', 'x-download-options': 'noopen', 'x-content-type-options': 'nosniff', 'x-xss-protection': '1; mode=block', 'x-moesif-transaction-id': '40e989a9-740b-4bdb-9840-2bf2c1ec6718', 'content-type': 'application/json; charset=utf-8', 'X-Cloud-Trace-Context': 'fdbd7c6c587bfb639ae548bd00a6159a;o=1', 'Date': 'Thu, 18 May 2023 01:02:06 GMT', 'Server': 'Google Frontend', 'Content-Length': '3491'} 
 body={
    "quantidade": 16,
    "usuarios": [
        {
            "nome": "Fulano da Silva",
            "email": "fulano@qa.com",
            "password": "teste",
            "administrador": "true",
            "_id": "0uxuPY0cbmQhpEz1"
        },
        {
            "nome": "Sabrina Bradtke",
            "email": "Demario.Hoeger1@gmail.com",
            "password": "teste",
            "administrador": "true",
            "_id": "2ndVuY9E7ZRQWOgg"
        },
        {
            "nome": "JOSE API",
            "email": "ueueue@email.com",
            "password": "teste",
            "administrador": "true",
            "_id": "8j7n9xRshs7xroKD"
        },
        {
            "nome": "Monkey D. Luffy",
            "email": "luffy-ZoLBZ3EuMsstqb46Ifgi@qa.com.br",
            "password": "teste",
            "administrador": "true",
            "_id": "OEoVWksN98AIrj8A"
        },
        {
            "nome": "JOSE API",
            "email": "api1323323@email.com",
            "password": "teste",
            "administrador": "true",
            "_id": "RBhh0w1P8xNSwTL7"
        },
        {
            "nome": "CAVALO",
            "email": "vaughndiane@example.net",
            "password": "123456",
            "administrador": "true",
            "_id": "YYPs4hucJuxACZx3"
        },
        {
            "nome": "Lucille Mayert",
            "email": "Flavio_Wunsch@hotmail.com",
            "password": "teste",
            "administrador": "true",
            "_id": "bQtW7qrCj1V5aMsL"
        },
        {
            "nome": "JOSE API",
            "email": "wewewe@email.com",
            "password": "teste",
            "administrador": "true",
            "_id": "biOv1pV7ASpd2GRS"
        },
        {
            "nome": "Monkey D. Luffy",
            "email": "luffy-0ReV33DTaLXh0AfUma4G@qa.com.br",
            "password": "teste",
            "administrador": "true",
            "_id": "fK4pToIbsaDJoGeO"
        },
        {
            "nome": "JOSE API",
            "email": "uiha@email.com",
            "password": "teste",
            "administrador": "true",
            "_id": "ie0xHeEZgAkMNgdD"
        },
        {
            "nome": "Monkey D. Luffy",
            "email": "luffy-YrkUpTJiOninuYI8WxL8@qa.com.br",
            "password": "teste",
            "administrador": "true",
            "_id": "nblpsc6rSH55S1Yh"
        },
        {
            "nome": "Monkey D. Luffy",
            "email": "luffy-KiCO2mkxOhMufGn7ELIg@qa.com.br",
            "password": "teste",
            "administrador": "true",
            "_id": "p0VlFQxoowiZK5vD"
        },
        {
            "nome": "Monkey D. Luffy",
            "email": "luffy-R08ywPTdBBstXQrZPqei@qa.com.br",
            "password": "teste",
            "administrador": "true",
            "_id": "ska9nbPWCgAXwmXl"
        },
        {
            "nome": "JOSE API",
            "email": "kakaka@email.com",
            "password": "teste",
            "administrador": "true",
            "_id": "sms9A78Rp6INNhYS"
        },
        {
            "nome": "JOSE API",
            "email": "testecypress@email.com",
            "password": "teste",
            "administrador": "true",
            "_id": "uAGkOuPmnLUzdJqM"
        },
        {
            "nome": "Monkey D. Luffy",
            "email": "luffy-vPPrqbu8J95XkMHL5qQA@qa.com.br",
            "password": "teste",
            "administrador": "true",
            "_id": "yh2zGVyUpNPx8NNp"
        }
    ]
} 
 </msg>
<msg timestamp="20230518 01:02:06.837" level="INFO">${response} = &lt;Response [200]&gt;</msg>
<status status="PASS" starttime="20230518 01:02:06.678" endtime="20230518 01:02:06.837"/>
</kw>
<kw name="Set Test Variable" library="BuiltIn">
<arg>${response}</arg>
<doc>Makes a variable available everywhere within the scope of the current test.</doc>
<msg timestamp="20230518 01:02:06.837" level="INFO">${response} = &lt;Response [200]&gt;</msg>
<status status="PASS" starttime="20230518 01:02:06.837" endtime="20230518 01:02:06.837"/>
</kw>
<status status="PASS" starttime="20230518 01:02:06.678" endtime="20230518 01:02:06.837"/>
</kw>
<kw name="Then the response status code should be 200" library="test_keywords_users" sourcename="Then the response status code should be ${status_code}">
<kw name="Should Be Equal As Numbers" library="BuiltIn">
<arg>${response.status_code}</arg>
<arg>${status_code}</arg>
<doc>Fails if objects are unequal after converting them to real numbers.</doc>
<msg timestamp="20230518 01:02:06.839" level="INFO">Argument types are:
&lt;class 'int'&gt;
&lt;class 'str'&gt;</msg>
<status status="PASS" starttime="20230518 01:02:06.838" endtime="20230518 01:02:06.839"/>
</kw>
<kw name="Should Be True" library="BuiltIn">
<arg>${response.json()}</arg>
<doc>Fails if the given condition is not true.</doc>
<status status="PASS" starttime="20230518 01:02:06.839" endtime="20230518 01:02:06.840"/>
</kw>
<status status="PASS" starttime="20230518 01:02:06.838" endtime="20230518 01:02:06.840"/>
</kw>
<kw name="And the response body should not be empty" library="test_keywords_users">
<kw name="Should Not Be Empty" library="BuiltIn">
<arg>${response.json()}</arg>
<doc>Verifies that the given item is not empty.</doc>
<msg timestamp="20230518 01:02:06.841" level="INFO">Length is 2</msg>
<status status="PASS" starttime="20230518 01:02:06.840" endtime="20230518 01:02:06.841"/>
</kw>
<status status="PASS" starttime="20230518 01:02:06.840" endtime="20230518 01:02:06.841"/>
</kw>
<tag>api</tag>
<status status="PASS" starttime="20230518 01:02:06.676" endtime="20230518 01:02:06.841"/>
</test>
<test id="s1-s1-s1-s1-t2" name="Scenario: Create a new user" line="15">
<kw name="Before Tests" library="test_keywords_common" type="SETUP">
<kw name="Create Session" library="RequestsLibrary">
<arg>serverest</arg>
<arg>${SERVER_BASE_URL}</arg>
<arg>disable_warnings=True</arg>
<doc>Create Session: create a HTTP session to a server</doc>
<msg timestamp="20230518 01:02:06.843" level="INFO">Creating Session using : alias=serverest, url=https://serverest.dev, headers={},                     cookies={}, auth=None, timeout=None, proxies=None, verify=False,                     debug=0 </msg>
<status status="PASS" starttime="20230518 01:02:06.843" endtime="20230518 01:02:06.843"/>
</kw>
<status status="PASS" starttime="20230518 01:02:06.842" endtime="20230518 01:02:06.843"/>
</kw>
<kw name="Given I have a valid user data" library="test_keywords_users">
<kw name="Name" library="FakerLibrary">
<var>${name}</var>
<doc>:example 'John Doe'</doc>
<msg timestamp="20230518 01:02:06.844" level="INFO">${name} = Renee Brown</msg>
<status status="PASS" starttime="20230518 01:02:06.844" endtime="20230518 01:02:06.844"/>
</kw>
<kw name="Email" library="FakerLibrary">
<var>${email}</var>
<msg timestamp="20230518 01:02:06.845" level="INFO">${email} = kelly55@example.net</msg>
<status status="PASS" starttime="20230518 01:02:06.844" endtime="20230518 01:02:06.845"/>
</kw>
<kw name="Password" library="FakerLibrary">
<var>${password}</var>
<doc>Generate a random password of the specified ``length``.</doc>
<msg timestamp="20230518 01:02:06.845" level="INFO">${password} = @OJbB6o07_</msg>
<status status="PASS" starttime="20230518 01:02:06.845" endtime="20230518 01:02:06.845"/>
</kw>
<kw name="Set Suite Variable" library="BuiltIn">
<arg>${name}</arg>
<doc>Makes a variable available everywhere within the scope of the current suite.</doc>
<msg timestamp="20230518 01:02:06.845" level="INFO">${name} = Renee Brown</msg>
<status status="PASS" starttime="20230518 01:02:06.845" endtime="20230518 01:02:06.845"/>
</kw>
<kw name="Set Suite Variable" library="BuiltIn">
<arg>${email}</arg>
<doc>Makes a variable available everywhere within the scope of the current suite.</doc>
<msg timestamp="20230518 01:02:06.846" level="INFO">${email} = kelly55@example.net</msg>
<status status="PASS" starttime="20230518 01:02:06.846" endtime="20230518 01:02:06.846"/>
</kw>
<kw name="Set Suite Variable" library="BuiltIn">
<arg>${password}</arg>
<doc>Makes a variable available everywhere within the scope of the current suite.</doc>
<msg timestamp="20230518 01:02:06.846" level="FAIL">Variable '${OJbB6o07_}' not found.</msg>
<status status="FAIL" starttime="20230518 01:02:06.846" endtime="20230518 01:02:06.847"/>
</kw>
<status status="FAIL" starttime="20230518 01:02:06.844" endtime="20230518 01:02:06.847"/>
</kw>
<kw name="When I create the user" library="test_keywords_users">
<status status="NOT RUN" starttime="20230518 01:02:06.847" endtime="20230518 01:02:06.847"/>
</kw>
<kw name="Then the response status code should be 201" library="test_keywords_users" sourcename="Then the response status code should be ${status_code}">
<status status="NOT RUN" starttime="20230518 01:02:06.847" endtime="20230518 01:02:06.847"/>
</kw>
<kw name="And the response body should not be empty" library="test_keywords_users">
<status status="NOT RUN" starttime="20230518 01:02:06.847" endtime="20230518 01:02:06.847"/>
</kw>
<tag>api</tag>
<status status="FAIL" starttime="20230518 01:02:06.842" endtime="20230518 01:02:06.847">Variable '${OJbB6o07_}' not found.</status>
</test>
<test id="s1-s1-s1-s1-t3" name="Scenario: Get a specific user informations" line="22">
<kw name="Before Tests" library="test_keywords_common" type="SETUP">
<kw name="Create Session" library="RequestsLibrary">
<arg>serverest</arg>
<arg>${SERVER_BASE_URL}</arg>
<arg>disable_warnings=True</arg>
<doc>Create Session: create a HTTP session to a server</doc>
<msg timestamp="20230518 01:02:06.849" level="INFO">Creating Session using : alias=serverest, url=https://serverest.dev, headers={},                     cookies={}, auth=None, timeout=None, proxies=None, verify=False,                     debug=0 </msg>
<status status="PASS" starttime="20230518 01:02:06.849" endtime="20230518 01:02:06.849"/>
</kw>
<status status="PASS" starttime="20230518 01:02:06.848" endtime="20230518 01:02:06.849"/>
</kw>
<kw name="When I request the created user" library="test_keywords_users">
<kw name="GET On Session" library="RequestsLibrary">
<var>${response}</var>
<arg>serverest</arg>
<arg>${USERS_API_ENDPOINT}/${USER_ID}</arg>
<doc>Sends a GET request on a previously created HTTP Session.</doc>
<msg timestamp="20230518 01:02:06.938" level="INFO">GET Request : url=https://serverest.dev/usuarios/ 
 path_url=/usuarios/ 
 headers={'User-Agent': 'python-requests/2.30.0', 'Accept-Encoding': 'gzip, deflate', 'Accept': '*/*', 'Connection': 'keep-alive'} 
 body=None 
 </msg>
<msg timestamp="20230518 01:02:06.938" level="INFO">GET Response : url=https://serverest.dev/usuarios/ 
 status=200, reason=OK 
 headers={'access-control-allow-origin': '*', 'x-dns-prefetch-control': 'off', 'x-frame-options': 'SAMEORIGIN', 'strict-transport-security': 'max-age=15552000; includeSubDomains', 'x-download-options': 'noopen', 'x-content-type-options': 'nosniff', 'x-xss-protection': '1; mode=block', 'x-moesif-transaction-id': 'b7515745-541e-4baf-a907-44a58b760e25', 'content-type': 'application/json; charset=utf-8', 'X-Cloud-Trace-Context': 'fe6c10cbefef387146502f6cffd28aaa', 'Date': 'Thu, 18 May 2023 01:02:06 GMT', 'Server': 'Google Frontend', 'Content-Length': '3491'} 
 body={
    "quantidade": 16,
    "usuarios": [
        {
            "nome": "Fulano da Silva",
            "email": "fulano@qa.com",
            "password": "teste",
            "administrador": "true",
            "_id": "0uxuPY0cbmQhpEz1"
        },
        {
            "nome": "Sabrina Bradtke",
            "email": "Demario.Hoeger1@gmail.com",
            "password": "teste",
            "administrador": "true",
            "_id": "2ndVuY9E7ZRQWOgg"
        },
        {
            "nome": "JOSE API",
            "email": "ueueue@email.com",
            "password": "teste",
            "administrador": "true",
            "_id": "8j7n9xRshs7xroKD"
        },
        {
            "nome": "Monkey D. Luffy",
            "email": "luffy-ZoLBZ3EuMsstqb46Ifgi@qa.com.br",
            "password": "teste",
            "administrador": "true",
            "_id": "OEoVWksN98AIrj8A"
        },
        {
            "nome": "JOSE API",
            "email": "api1323323@email.com",
            "password": "teste",
            "administrador": "true",
            "_id": "RBhh0w1P8xNSwTL7"
        },
        {
            "nome": "CAVALO",
            "email": "vaughndiane@example.net",
            "password": "123456",
            "administrador": "true",
            "_id": "YYPs4hucJuxACZx3"
        },
        {
            "nome": "Lucille Mayert",
            "email": "Flavio_Wunsch@hotmail.com",
            "password": "teste",
            "administrador": "true",
            "_id": "bQtW7qrCj1V5aMsL"
        },
        {
            "nome": "JOSE API",
            "email": "wewewe@email.com",
            "password": "teste",
            "administrador": "true",
            "_id": "biOv1pV7ASpd2GRS"
        },
        {
            "nome": "Monkey D. Luffy",
            "email": "luffy-0ReV33DTaLXh0AfUma4G@qa.com.br",
            "password": "teste",
            "administrador": "true",
            "_id": "fK4pToIbsaDJoGeO"
        },
        {
            "nome": "JOSE API",
            "email": "uiha@email.com",
            "password": "teste",
            "administrador": "true",
            "_id": "ie0xHeEZgAkMNgdD"
        },
        {
            "nome": "Monkey D. Luffy",
            "email": "luffy-YrkUpTJiOninuYI8WxL8@qa.com.br",
            "password": "teste",
            "administrador": "true",
            "_id": "nblpsc6rSH55S1Yh"
        },
        {
            "nome": "Monkey D. Luffy",
            "email": "luffy-KiCO2mkxOhMufGn7ELIg@qa.com.br",
            "password": "teste",
            "administrador": "true",
            "_id": "p0VlFQxoowiZK5vD"
        },
        {
            "nome": "Monkey D. Luffy",
            "email": "luffy-R08ywPTdBBstXQrZPqei@qa.com.br",
            "password": "teste",
            "administrador": "true",
            "_id": "ska9nbPWCgAXwmXl"
        },
        {
            "nome": "JOSE API",
            "email": "kakaka@email.com",
            "password": "teste",
            "administrador": "true",
            "_id": "sms9A78Rp6INNhYS"
        },
        {
            "nome": "JOSE API",
            "email": "testecypress@email.com",
            "password": "teste",
            "administrador": "true",
            "_id": "uAGkOuPmnLUzdJqM"
        },
        {
            "nome": "Monkey D. Luffy",
            "email": "luffy-vPPrqbu8J95XkMHL5qQA@qa.com.br",
            "password": "teste",
            "administrador": "true",
            "_id": "yh2zGVyUpNPx8NNp"
        }
    ]
} 
 </msg>
<msg timestamp="20230518 01:02:06.938" level="INFO">${response} = &lt;Response [200]&gt;</msg>
<status status="PASS" starttime="20230518 01:02:06.850" endtime="20230518 01:02:06.938"/>
</kw>
<kw name="Set Test Variable" library="BuiltIn">
<arg>${response}</arg>
<doc>Makes a variable available everywhere within the scope of the current test.</doc>
<msg timestamp="20230518 01:02:06.938" level="INFO">${response} = &lt;Response [200]&gt;</msg>
<status status="PASS" starttime="20230518 01:02:06.938" endtime="20230518 01:02:06.938"/>
</kw>
<status status="PASS" starttime="20230518 01:02:06.849" endtime="20230518 01:02:06.939"/>
</kw>
<kw name="Then the response status code should be 200" library="test_keywords_users" sourcename="Then the response status code should be ${status_code}">
<kw name="Should Be Equal As Numbers" library="BuiltIn">
<arg>${response.status_code}</arg>
<arg>${status_code}</arg>
<doc>Fails if objects are unequal after converting them to real numbers.</doc>
<msg timestamp="20230518 01:02:06.940" level="INFO">Argument types are:
&lt;class 'int'&gt;
&lt;class 'str'&gt;</msg>
<status status="PASS" starttime="20230518 01:02:06.939" endtime="20230518 01:02:06.940"/>
</kw>
<kw name="Should Be True" library="BuiltIn">
<arg>${response.json()}</arg>
<doc>Fails if the given condition is not true.</doc>
<status status="PASS" starttime="20230518 01:02:06.940" endtime="20230518 01:02:06.941"/>
</kw>
<status status="PASS" starttime="20230518 01:02:06.939" endtime="20230518 01:02:06.941"/>
</kw>
<kw name="And the response body should not be empty" library="test_keywords_users">
<kw name="Should Not Be Empty" library="BuiltIn">
<arg>${response.json()}</arg>
<doc>Verifies that the given item is not empty.</doc>
<msg timestamp="20230518 01:02:06.942" level="INFO">Length is 2</msg>
<status status="PASS" starttime="20230518 01:02:06.941" endtime="20230518 01:02:06.942"/>
</kw>
<status status="PASS" starttime="20230518 01:02:06.941" endtime="20230518 01:02:06.942"/>
</kw>
<tag>api</tag>
<status status="PASS" starttime="20230518 01:02:06.848" endtime="20230518 01:02:06.942"/>
</test>
<test id="s1-s1-s1-s1-t4" name="Scenario: Update the created user" line="28">
<kw name="Before Tests" library="test_keywords_common" type="SETUP">
<kw name="Create Session" library="RequestsLibrary">
<arg>serverest</arg>
<arg>${SERVER_BASE_URL}</arg>
<arg>disable_warnings=True</arg>
<doc>Create Session: create a HTTP session to a server</doc>
<msg timestamp="20230518 01:02:06.943" level="INFO">Creating Session using : alias=serverest, url=https://serverest.dev, headers={},                     cookies={}, auth=None, timeout=None, proxies=None, verify=False,                     debug=0 </msg>
<status status="PASS" starttime="20230518 01:02:06.943" endtime="20230518 01:02:06.943"/>
</kw>
<status status="PASS" starttime="20230518 01:02:06.943" endtime="20230518 01:02:06.943"/>
</kw>
<kw name="When I update the created user" library="test_keywords_users">
<kw name="Create Dictionary" library="BuiltIn">
<var>${payload}</var>
<arg>nome=John Smith</arg>
<arg>email=john.smith@example.com</arg>
<arg>password=P@ssw0rd123</arg>
<arg>administrador=false</arg>
<doc>Creates and returns a dictionary based on the given ``items``.</doc>
<msg timestamp="20230518 01:02:06.944" level="INFO">${payload} = {'nome': 'John Smith', 'email': 'john.smith@example.com', 'password': 'P@ssw0rd123', 'administrador': 'false'}</msg>
<status status="PASS" starttime="20230518 01:02:06.944" endtime="20230518 01:02:06.944"/>
</kw>
<kw name="Create Dictionary" library="BuiltIn">
<var>${headers}</var>
<arg>Content-Type=application/json</arg>
<doc>Creates and returns a dictionary based on the given ``items``.</doc>
<msg timestamp="20230518 01:02:06.944" level="INFO">${headers} = {'Content-Type': 'application/json'}</msg>
<status status="PASS" starttime="20230518 01:02:06.944" endtime="20230518 01:02:06.945"/>
</kw>
<kw name="PUT On Session" library="RequestsLibrary">
<var>${response}</var>
<arg>serverest</arg>
<arg>${USERS_API_ENDPOINT}/${USER_ID}</arg>
<arg>json=${payload}</arg>
<arg>headers=${headers}</arg>
<doc>Sends a PUT request on a previously created HTTP Session.</doc>
<msg timestamp="20230518 01:02:07.025" level="INFO">PUT Request : url=https://serverest.dev/usuarios/ 
 path_url=/usuarios/ 
 headers={'User-Agent': 'python-requests/2.30.0', 'Accept-Encoding': 'gzip, deflate', 'Accept': '*/*', 'Connection': 'keep-alive', 'Content-Type': 'application/json', 'Content-Length': '110'} 
 body=b'{"nome": "John Smith", "email": "john.smith@example.com", "password": "P@ssw0rd123", "administrador": "false"}' 
 </msg>
<msg timestamp="20230518 01:02:07.025" level="INFO">PUT Response : url=https://serverest.dev/usuarios/ 
 status=405, reason=Method Not Allowed 
 headers={'access-control-allow-origin': '*', 'x-dns-prefetch-control': 'off', 'x-frame-options': 'SAMEORIGIN', 'strict-transport-security': 'max-age=15552000; includeSubDomains', 'x-download-options': 'noopen', 'x-content-type-options': 'nosniff', 'x-xss-protection': '1; mode=block', 'x-moesif-transaction-id': '57320ccb-dc54-45e1-9eaf-bf01985c66f0', 'content-type': 'application/json; charset=utf-8', 'X-Cloud-Trace-Context': '6bc554e0752dc5ad6c221c9c45361692', 'Date': 'Thu, 18 May 2023 01:02:07 GMT', 'Server': 'Google Frontend', 'Content-Length': '147'} 
 body={
    "message": "Não é possível realizar PUT em /usuarios/. Acesse https://serverest.dev para ver as rotas disponíveis e como utilizá-las."
} 
 </msg>
<msg timestamp="20230518 01:02:07.025" level="FAIL">HTTPError: 405 Client Error: Method Not Allowed for url: https://serverest.dev/usuarios/</msg>
<status status="FAIL" starttime="20230518 01:02:06.945" endtime="20230518 01:02:07.025"/>
</kw>
<kw name="Set Test Variable" library="BuiltIn">
<arg>${response}</arg>
<doc>Makes a variable available everywhere within the scope of the current test.</doc>
<status status="NOT RUN" starttime="20230518 01:02:07.026" endtime="20230518 01:02:07.026"/>
</kw>
<status status="FAIL" starttime="20230518 01:02:06.944" endtime="20230518 01:02:07.026"/>
</kw>
<kw name="Then the response status code should be 200" library="test_keywords_users" sourcename="Then the response status code should be ${status_code}">
<status status="NOT RUN" starttime="20230518 01:02:07.026" endtime="20230518 01:02:07.026"/>
</kw>
<kw name="And the response body should not be empty" library="test_keywords_users">
<status status="NOT RUN" starttime="20230518 01:02:07.026" endtime="20230518 01:02:07.026"/>
</kw>
<tag>api</tag>
<status status="FAIL" starttime="20230518 01:02:06.942" endtime="20230518 01:02:07.026">HTTPError: 405 Client Error: Method Not Allowed for url: https://serverest.dev/usuarios/</status>
</test>
<test id="s1-s1-s1-s1-t5" name="Scenario: Delete the created user" line="34">
<kw name="Before Tests" library="test_keywords_common" type="SETUP">
<kw name="Create Session" library="RequestsLibrary">
<arg>serverest</arg>
<arg>${SERVER_BASE_URL}</arg>
<arg>disable_warnings=True</arg>
<doc>Create Session: create a HTTP session to a server</doc>
<msg timestamp="20230518 01:02:07.028" level="INFO">Creating Session using : alias=serverest, url=https://serverest.dev, headers={},                     cookies={}, auth=None, timeout=None, proxies=None, verify=False,                     debug=0 </msg>
<status status="PASS" starttime="20230518 01:02:07.027" endtime="20230518 01:02:07.028"/>
</kw>
<status status="PASS" starttime="20230518 01:02:07.027" endtime="20230518 01:02:07.028"/>
</kw>
<kw name="When I delete the created user" library="test_keywords_users">
<kw name="DELETE On Session" library="RequestsLibrary">
<var>${response}</var>
<arg>serverest</arg>
<arg>${USERS_API_ENDPOINT}/${USER_ID}</arg>
<doc>Sends a DELETE request on a previously created HTTP Session.</doc>
<msg timestamp="20230518 01:02:07.108" level="INFO">DELETE Request : url=https://serverest.dev/usuarios/ 
 path_url=/usuarios/ 
 headers={'User-Agent': 'python-requests/2.30.0', 'Accept-Encoding': 'gzip, deflate', 'Accept': '*/*', 'Connection': 'keep-alive', 'Content-Length': '0'} 
 body=None 
 </msg>
<msg timestamp="20230518 01:02:07.109" level="INFO">DELETE Response : url=https://serverest.dev/usuarios/ 
 status=405, reason=Method Not Allowed 
 headers={'access-control-allow-origin': '*', 'x-dns-prefetch-control': 'off', 'x-frame-options': 'SAMEORIGIN', 'strict-transport-security': 'max-age=15552000; includeSubDomains', 'x-download-options': 'noopen', 'x-content-type-options': 'nosniff', 'x-xss-protection': '1; mode=block', 'x-moesif-transaction-id': '00338bd0-7e7a-47f0-99b1-9fd5c11e9a96', 'content-type': 'application/json; charset=utf-8', 'X-Cloud-Trace-Context': '568ad90a8a705a2dc42fe850204fcfc3', 'Date': 'Thu, 18 May 2023 01:02:07 GMT', 'Server': 'Google Frontend', 'Content-Length': '150'} 
 body={
    "message": "Não é possível realizar DELETE em /usuarios/. Acesse https://serverest.dev para ver as rotas disponíveis e como utilizá-las."
} 
 </msg>
<msg timestamp="20230518 01:02:07.109" level="FAIL">HTTPError: 405 Client Error: Method Not Allowed for url: https://serverest.dev/usuarios/</msg>
<status status="FAIL" starttime="20230518 01:02:07.028" endtime="20230518 01:02:07.109"/>
</kw>
<kw name="Set Test Variable" library="BuiltIn">
<arg>${response}</arg>
<doc>Makes a variable available everywhere within the scope of the current test.</doc>
<status status="NOT RUN" starttime="20230518 01:02:07.109" endtime="20230518 01:02:07.109"/>
</kw>
<status status="FAIL" starttime="20230518 01:02:07.028" endtime="20230518 01:02:07.109"/>
</kw>
<kw name="Then the response status code should be 200" library="test_keywords_users" sourcename="Then the response status code should be ${status_code}">
<status status="NOT RUN" starttime="20230518 01:02:07.109" endtime="20230518 01:02:07.110"/>
</kw>
<kw name="And the response body should not be empty" library="test_keywords_users">
<status status="NOT RUN" starttime="20230518 01:02:07.110" endtime="20230518 01:02:07.110"/>
</kw>
<tag>api</tag>
<status status="FAIL" starttime="20230518 01:02:07.027" endtime="20230518 01:02:07.110">HTTPError: 405 Client Error: Method Not Allowed for url: https://serverest.dev/usuarios/</status>
</test>
<status status="FAIL" starttime="20230518 01:02:06.148" endtime="20230518 01:02:07.110"/>
</suite>
<status status="FAIL" starttime="20230518 01:02:06.146" endtime="20230518 01:02:07.112"/>
</suite>
<status status="FAIL" starttime="20230518 01:02:06.145" endtime="20230518 01:02:07.112"/>
</suite>
<suite id="s1-s2" name="Ui" source="/home/runner/work/gen-ai-robot-test/gen-ai-robot-test/tests/ui">
<suite id="s1-s2-s1" name="Login" source="/home/runner/work/gen-ai-robot-test/gen-ai-robot-test/tests/ui/login">
<suite id="s1-s2-s1-s1" name="Test Ui Login" source="/home/runner/work/gen-ai-robot-test/gen-ai-robot-test/tests/ui/login/test_ui_login.robot">
<test id="s1-s2-s1-s1-t1" name="Scenario: Log in to Sauce Demo with Standard User" line="10">
<kw name="Before Tests" library="test_keywords_common" type="SETUP">
<kw name="Open Browser" library="SeleniumLibrary">
<arg>${SERVER_BASE_URL}</arg>
<arg>${HEADLESS} ${BROWSER}</arg>
<doc>Opens a new browser instance to the optional ``url``.</doc>
<msg timestamp="20230518 01:02:07.123" level="INFO">Opening browser 'headless Chrome' to base url 'https://www.saucedemo.com/'.</msg>
<status status="PASS" starttime="20230518 01:02:07.122" endtime="20230518 01:02:15.975"/>
</kw>
<kw name="Maximize Browser Window" library="SeleniumLibrary">
<doc>Maximizes current browser window.</doc>
<status status="PASS" starttime="20230518 01:02:15.976" endtime="20230518 01:02:16.101"/>
</kw>
<status status="PASS" starttime="20230518 01:02:07.122" endtime="20230518 01:02:16.101"/>
</kw>
<kw name="Given Im on the main application page" library="test_keywords_login">
<kw name="Go To" library="SeleniumLibrary">
<arg>${SERVER_BASE_URL}</arg>
<doc>Navigates the current browser window to the provided ``url``.</doc>
<msg timestamp="20230518 01:02:16.102" level="INFO">Opening url 'https://www.saucedemo.com/'</msg>
<status status="PASS" starttime="20230518 01:02:16.102" endtime="20230518 01:02:16.194"/>
</kw>
<kw name="Location Should Be" library="SeleniumLibrary">
<arg>${SERVER_BASE_URL}</arg>
<doc>Verifies that the current URL is exactly ``url``.</doc>
<msg timestamp="20230518 01:02:16.201" level="INFO">Current location is 'https://www.saucedemo.com/'.</msg>
<status status="PASS" starttime="20230518 01:02:16.194" endtime="20230518 01:02:16.201"/>
</kw>
<status status="PASS" starttime="20230518 01:02:16.101" endtime="20230518 01:02:16.201"/>
</kw>
<kw name="When I log in with credentials" library="test_keywords_login">
<arg>standard_user</arg>
<arg>secret_sauce</arg>
<kw name="Input Text" library="SeleniumLibrary">
<arg>id:user-name</arg>
<arg>${username}</arg>
<doc>Types the given ``text`` into the text field identified by ``locator``.</doc>
<msg timestamp="20230518 01:02:16.204" level="INFO">Typing text 'standard_user' into text field 'id:user-name'.</msg>
<status status="PASS" starttime="20230518 01:02:16.202" endtime="20230518 01:02:16.471"/>
</kw>
<kw name="Input Text" library="SeleniumLibrary">
<arg>id:password</arg>
<arg>${password}</arg>
<doc>Types the given ``text`` into the text field identified by ``locator``.</doc>
<msg timestamp="20230518 01:02:16.472" level="INFO">Typing text 'secret_sauce' into text field 'id:password'.</msg>
<status status="PASS" starttime="20230518 01:02:16.471" endtime="20230518 01:02:16.588"/>
</kw>
<kw name="Click Button" library="SeleniumLibrary">
<arg>id:login-button</arg>
<doc>Clicks the button identified by ``locator``.</doc>
<msg timestamp="20230518 01:02:16.589" level="INFO">Clicking button 'id:login-button'.</msg>
<status status="PASS" starttime="20230518 01:02:16.589" endtime="20230518 01:02:16.834"/>
</kw>
<status status="PASS" starttime="20230518 01:02:16.201" endtime="20230518 01:02:16.834"/>
</kw>
<kw name="And the Inventory page loads" library="test_keywords_login">
<kw name="Location Should Be" library="SeleniumLibrary">
<arg>https://www.saucedemo.com/inventory.html</arg>
<doc>Verifies that the current URL is exactly ``url``.</doc>
<msg timestamp="20230518 01:02:16.843" level="INFO">Current location is 'https://www.saucedemo.com/inventory.html'.</msg>
<status status="PASS" starttime="20230518 01:02:16.835" endtime="20230518 01:02:16.843"/>
</kw>
<status status="PASS" starttime="20230518 01:02:16.834" endtime="20230518 01:02:16.843"/>
</kw>
<kw name="Then the page should contain the text &quot;Products&quot;" library="test_keywords_login" sourcename="Then the page should contain the text &quot;${expected_text}&quot;">
<kw name="Page Should Contain" library="SeleniumLibrary">
<arg>${expected_text}</arg>
<doc>Verifies that current page contains ``text``.</doc>
<msg timestamp="20230518 01:02:16.867" level="INFO">Current page contains text 'Products'.</msg>
<status status="PASS" starttime="20230518 01:02:16.844" endtime="20230518 01:02:16.867"/>
</kw>
<status status="PASS" starttime="20230518 01:02:16.844" endtime="20230518 01:02:16.867"/>
</kw>
<kw name="After Tests" library="test_keywords_common" type="TEARDOWN">
<kw name="Close Browser" library="SeleniumLibrary">
<doc>Closes the current browser.</doc>
<status status="PASS" starttime="20230518 01:02:16.868" endtime="20230518 01:02:16.924"/>
</kw>
<status status="PASS" starttime="20230518 01:02:16.867" endtime="20230518 01:02:16.925"/>
</kw>
<tag>ui</tag>
<status status="PASS" starttime="20230518 01:02:07.122" endtime="20230518 01:02:16.925"/>
</test>
<test id="s1-s2-s1-s1-t2" name="Scenario: Log in to Sauce Demo with Locked Out User" line="17">
<kw name="Before Tests" library="test_keywords_common" type="SETUP">
<kw name="Open Browser" library="SeleniumLibrary">
<arg>${SERVER_BASE_URL}</arg>
<arg>${HEADLESS} ${BROWSER}</arg>
<doc>Opens a new browser instance to the optional ``url``.</doc>
<msg timestamp="20230518 01:02:16.927" level="INFO">Opening browser 'headless Chrome' to base url 'https://www.saucedemo.com/'.</msg>
<status status="PASS" starttime="20230518 01:02:16.926" endtime="20230518 01:02:17.898"/>
</kw>
<kw name="Maximize Browser Window" library="SeleniumLibrary">
<doc>Maximizes current browser window.</doc>
<status status="PASS" starttime="20230518 01:02:17.898" endtime="20230518 01:02:18.002"/>
</kw>
<status status="PASS" starttime="20230518 01:02:16.926" endtime="20230518 01:02:18.003"/>
</kw>
<kw name="Given Im on the main application page" library="test_keywords_login">
<kw name="Go To" library="SeleniumLibrary">
<arg>${SERVER_BASE_URL}</arg>
<doc>Navigates the current browser window to the provided ``url``.</doc>
<msg timestamp="20230518 01:02:18.004" level="INFO">Opening url 'https://www.saucedemo.com/'</msg>
<status status="PASS" starttime="20230518 01:02:18.003" endtime="20230518 01:02:18.068"/>
</kw>
<kw name="Location Should Be" library="SeleniumLibrary">
<arg>${SERVER_BASE_URL}</arg>
<doc>Verifies that the current URL is exactly ``url``.</doc>
<msg timestamp="20230518 01:02:18.072" level="INFO">Current location is 'https://www.saucedemo.com/'.</msg>
<status status="PASS" starttime="20230518 01:02:18.068" endtime="20230518 01:02:18.072"/>
</kw>
<status status="PASS" starttime="20230518 01:02:18.003" endtime="20230518 01:02:18.073"/>
</kw>
<kw name="When I log in with credentials" library="test_keywords_login">
<arg>locked_out_user</arg>
<arg>secret_sauce</arg>
<kw name="Input Text" library="SeleniumLibrary">
<arg>id:user-name</arg>
<arg>${username}</arg>
<doc>Types the given ``text`` into the text field identified by ``locator``.</doc>
<msg timestamp="20230518 01:02:18.074" level="INFO">Typing text 'locked_out_user' into text field 'id:user-name'.</msg>
<status status="PASS" starttime="20230518 01:02:18.073" endtime="20230518 01:02:18.183"/>
</kw>
<kw name="Input Text" library="SeleniumLibrary">
<arg>id:password</arg>
<arg>${password}</arg>
<doc>Types the given ``text`` into the text field identified by ``locator``.</doc>
<msg timestamp="20230518 01:02:18.184" level="INFO">Typing text 'secret_sauce' into text field 'id:password'.</msg>
<status status="PASS" starttime="20230518 01:02:18.184" endtime="20230518 01:02:18.267"/>
</kw>
<kw name="Click Button" library="SeleniumLibrary">
<arg>id:login-button</arg>
<doc>Clicks the button identified by ``locator``.</doc>
<msg timestamp="20230518 01:02:18.268" level="INFO">Clicking button 'id:login-button'.</msg>
<status status="PASS" starttime="20230518 01:02:18.267" endtime="20230518 01:02:18.326"/>
</kw>
<status status="PASS" starttime="20230518 01:02:18.073" endtime="20230518 01:02:18.327"/>
</kw>
<kw name="Then the locked out message should be displayed" library="test_keywords_login">
<kw name="Element Should Be Visible" library="SeleniumLibrary">
<arg>class:error-message-container</arg>
<doc>Verifies that the element identified by ``locator`` is visible.</doc>
<msg timestamp="20230518 01:02:18.350" level="INFO">Element 'class:error-message-container' is displayed.</msg>
<status status="PASS" starttime="20230518 01:02:18.327" endtime="20230518 01:02:18.350"/>
</kw>
<status status="PASS" starttime="20230518 01:02:18.327" endtime="20230518 01:02:18.350"/>
</kw>
<kw name="After Tests" library="test_keywords_common" type="TEARDOWN">
<kw name="Close Browser" library="SeleniumLibrary">
<doc>Closes the current browser.</doc>
<status status="PASS" starttime="20230518 01:02:18.351" endtime="20230518 01:02:18.408"/>
</kw>
<status status="PASS" starttime="20230518 01:02:18.351" endtime="20230518 01:02:18.408"/>
</kw>
<tag>ui</tag>
<status status="PASS" starttime="20230518 01:02:16.925" endtime="20230518 01:02:18.408"/>
</test>
<test id="s1-s2-s1-s1-t3" name="Scenario: Log in to Sauce Demo with Problem User" line="23">
<kw name="Before Tests" library="test_keywords_common" type="SETUP">
<kw name="Open Browser" library="SeleniumLibrary">
<arg>${SERVER_BASE_URL}</arg>
<arg>${HEADLESS} ${BROWSER}</arg>
<doc>Opens a new browser instance to the optional ``url``.</doc>
<msg timestamp="20230518 01:02:18.410" level="INFO">Opening browser 'headless Chrome' to base url 'https://www.saucedemo.com/'.</msg>
<status status="PASS" starttime="20230518 01:02:18.409" endtime="20230518 01:02:19.378"/>
</kw>
<kw name="Maximize Browser Window" library="SeleniumLibrary">
<doc>Maximizes current browser window.</doc>
<status status="PASS" starttime="20230518 01:02:19.378" endtime="20230518 01:02:19.483"/>
</kw>
<status status="PASS" starttime="20230518 01:02:18.409" endtime="20230518 01:02:19.483"/>
</kw>
<kw name="Given Im on the main application page" library="test_keywords_login">
<kw name="Go To" library="SeleniumLibrary">
<arg>${SERVER_BASE_URL}</arg>
<doc>Navigates the current browser window to the provided ``url``.</doc>
<msg timestamp="20230518 01:02:19.484" level="INFO">Opening url 'https://www.saucedemo.com/'</msg>
<status status="PASS" starttime="20230518 01:02:19.484" endtime="20230518 01:02:19.543"/>
</kw>
<kw name="Location Should Be" library="SeleniumLibrary">
<arg>${SERVER_BASE_URL}</arg>
<doc>Verifies that the current URL is exactly ``url``.</doc>
<msg timestamp="20230518 01:02:19.547" level="INFO">Current location is 'https://www.saucedemo.com/'.</msg>
<status status="PASS" starttime="20230518 01:02:19.543" endtime="20230518 01:02:19.548"/>
</kw>
<status status="PASS" starttime="20230518 01:02:19.483" endtime="20230518 01:02:19.548"/>
</kw>
<kw name="When I log in with credentials" library="test_keywords_login">
<arg>problem_user</arg>
<arg>secret_sauce</arg>
<kw name="Input Text" library="SeleniumLibrary">
<arg>id:user-name</arg>
<arg>${username}</arg>
<doc>Types the given ``text`` into the text field identified by ``locator``.</doc>
<msg timestamp="20230518 01:02:19.549" level="INFO">Typing text 'problem_user' into text field 'id:user-name'.</msg>
<status status="PASS" starttime="20230518 01:02:19.548" endtime="20230518 01:02:19.664"/>
</kw>
<kw name="Input Text" library="SeleniumLibrary">
<arg>id:password</arg>
<arg>${password}</arg>
<doc>Types the given ``text`` into the text field identified by ``locator``.</doc>
<msg timestamp="20230518 01:02:19.664" level="INFO">Typing text 'secret_sauce' into text field 'id:password'.</msg>
<status status="PASS" starttime="20230518 01:02:19.664" endtime="20230518 01:02:19.768"/>
</kw>
<kw name="Click Button" library="SeleniumLibrary">
<arg>id:login-button</arg>
<doc>Clicks the button identified by ``locator``.</doc>
<msg timestamp="20230518 01:02:19.769" level="INFO">Clicking button 'id:login-button'.</msg>
<status status="PASS" starttime="20230518 01:02:19.768" endtime="20230518 01:02:19.867"/>
</kw>
<status status="PASS" starttime="20230518 01:02:19.548" endtime="20230518 01:02:19.867"/>
</kw>
<kw name="And the Inventory page loads" library="test_keywords_login">
<kw name="Location Should Be" library="SeleniumLibrary">
<arg>https://www.saucedemo.com/inventory.html</arg>
<doc>Verifies that the current URL is exactly ``url``.</doc>
<msg timestamp="20230518 01:02:19.880" level="INFO">Current location is 'https://www.saucedemo.com/inventory.html'.</msg>
<status status="PASS" starttime="20230518 01:02:19.867" endtime="20230518 01:02:19.880"/>
</kw>
<status status="PASS" starttime="20230518 01:02:19.867" endtime="20230518 01:02:19.880"/>
</kw>
<kw name="Then the page should contain the text &quot;Products&quot;" library="test_keywords_login" sourcename="Then the page should contain the text &quot;${expected_text}&quot;">
<kw name="Page Should Contain" library="SeleniumLibrary">
<arg>${expected_text}</arg>
<doc>Verifies that current page contains ``text``.</doc>
<msg timestamp="20230518 01:02:19.901" level="INFO">Current page contains text 'Products'.</msg>
<status status="PASS" starttime="20230518 01:02:19.881" endtime="20230518 01:02:19.901"/>
</kw>
<status status="PASS" starttime="20230518 01:02:19.881" endtime="20230518 01:02:19.901"/>
</kw>
<kw name="After Tests" library="test_keywords_common" type="TEARDOWN">
<kw name="Close Browser" library="SeleniumLibrary">
<doc>Closes the current browser.</doc>
<status status="PASS" starttime="20230518 01:02:19.902" endtime="20230518 01:02:19.958"/>
</kw>
<status status="PASS" starttime="20230518 01:02:19.901" endtime="20230518 01:02:19.958"/>
</kw>
<tag>ui</tag>
<status status="PASS" starttime="20230518 01:02:18.408" endtime="20230518 01:02:19.958"/>
</test>
<test id="s1-s2-s1-s1-t4" name="Scenario: Log in to Sauce Demo with Performance Glitch User" line="30">
<kw name="Before Tests" library="test_keywords_common" type="SETUP">
<kw name="Open Browser" library="SeleniumLibrary">
<arg>${SERVER_BASE_URL}</arg>
<arg>${HEADLESS} ${BROWSER}</arg>
<doc>Opens a new browser instance to the optional ``url``.</doc>
<msg timestamp="20230518 01:02:19.960" level="INFO">Opening browser 'headless Chrome' to base url 'https://www.saucedemo.com/'.</msg>
<status status="PASS" starttime="20230518 01:02:19.960" endtime="20230518 01:02:20.947"/>
</kw>
<kw name="Maximize Browser Window" library="SeleniumLibrary">
<doc>Maximizes current browser window.</doc>
<status status="PASS" starttime="20230518 01:02:20.947" endtime="20230518 01:02:21.051"/>
</kw>
<status status="PASS" starttime="20230518 01:02:19.959" endtime="20230518 01:02:21.051"/>
</kw>
<kw name="Given Im on the main application page" library="test_keywords_login">
<kw name="Go To" library="SeleniumLibrary">
<arg>${SERVER_BASE_URL}</arg>
<doc>Navigates the current browser window to the provided ``url``.</doc>
<msg timestamp="20230518 01:02:21.052" level="INFO">Opening url 'https://www.saucedemo.com/'</msg>
<status status="PASS" starttime="20230518 01:02:21.052" endtime="20230518 01:02:21.109"/>
</kw>
<kw name="Location Should Be" library="SeleniumLibrary">
<arg>${SERVER_BASE_URL}</arg>
<doc>Verifies that the current URL is exactly ``url``.</doc>
<msg timestamp="20230518 01:02:21.113" level="INFO">Current location is 'https://www.saucedemo.com/'.</msg>
<status status="PASS" starttime="20230518 01:02:21.109" endtime="20230518 01:02:21.113"/>
</kw>
<status status="PASS" starttime="20230518 01:02:21.051" endtime="20230518 01:02:21.113"/>
</kw>
<kw name="When I log in with credentials" library="test_keywords_login">
<arg>performance_glitch_user</arg>
<arg>secret_sauce</arg>
<kw name="Input Text" library="SeleniumLibrary">
<arg>id:user-name</arg>
<arg>${username}</arg>
<doc>Types the given ``text`` into the text field identified by ``locator``.</doc>
<msg timestamp="20230518 01:02:21.114" level="INFO">Typing text 'performance_glitch_user' into text field 'id:user-name'.</msg>
<status status="PASS" starttime="20230518 01:02:21.114" endtime="20230518 01:02:21.242"/>
</kw>
<kw name="Input Text" library="SeleniumLibrary">
<arg>id:password</arg>
<arg>${password}</arg>
<doc>Types the given ``text`` into the text field identified by ``locator``.</doc>
<msg timestamp="20230518 01:02:21.243" level="INFO">Typing text 'secret_sauce' into text field 'id:password'.</msg>
<status status="PASS" starttime="20230518 01:02:21.243" endtime="20230518 01:02:21.323"/>
</kw>
<kw name="Click Button" library="SeleniumLibrary">
<arg>id:login-button</arg>
<doc>Clicks the button identified by ``locator``.</doc>
<msg timestamp="20230518 01:02:21.323" level="INFO">Clicking button 'id:login-button'.</msg>
<status status="PASS" starttime="20230518 01:02:21.323" endtime="20230518 01:02:26.413"/>
</kw>
<status status="PASS" starttime="20230518 01:02:21.113" endtime="20230518 01:02:26.413"/>
</kw>
<kw name="And the Inventory page loads" library="test_keywords_login">
<kw name="Location Should Be" library="SeleniumLibrary">
<arg>https://www.saucedemo.com/inventory.html</arg>
<doc>Verifies that the current URL is exactly ``url``.</doc>
<msg timestamp="20230518 01:02:26.426" level="INFO">Current location is 'https://www.saucedemo.com/inventory.html'.</msg>
<status status="PASS" starttime="20230518 01:02:26.413" endtime="20230518 01:02:26.426"/>
</kw>
<status status="PASS" starttime="20230518 01:02:26.413" endtime="20230518 01:02:26.426"/>
</kw>
<kw name="Then the page should contain the text &quot;Products&quot;" library="test_keywords_login" sourcename="Then the page should contain the text &quot;${expected_text}&quot;">
<kw name="Page Should Contain" library="SeleniumLibrary">
<arg>${expected_text}</arg>
<doc>Verifies that current page contains ``text``.</doc>
<msg timestamp="20230518 01:02:26.447" level="INFO">Current page contains text 'Products'.</msg>
<status status="PASS" starttime="20230518 01:02:26.427" endtime="20230518 01:02:26.448"/>
</kw>
<status status="PASS" starttime="20230518 01:02:26.427" endtime="20230518 01:02:26.448"/>
</kw>
<kw name="After Tests" library="test_keywords_common" type="TEARDOWN">
<kw name="Close Browser" library="SeleniumLibrary">
<doc>Closes the current browser.</doc>
<status status="PASS" starttime="20230518 01:02:26.448" endtime="20230518 01:02:26.505"/>
</kw>
<status status="PASS" starttime="20230518 01:02:26.448" endtime="20230518 01:02:26.505"/>
</kw>
<tag>ui</tag>
<status status="PASS" starttime="20230518 01:02:19.959" endtime="20230518 01:02:26.505"/>
</test>
<status status="PASS" starttime="20230518 01:02:07.116" endtime="20230518 01:02:26.506"/>
</suite>
<status status="PASS" starttime="20230518 01:02:07.115" endtime="20230518 01:02:26.508"/>
</suite>
<status status="PASS" starttime="20230518 01:02:07.113" endtime="20230518 01:02:26.509"/>
</suite>
<status status="FAIL" starttime="20230518 01:02:06.126" endtime="20230518 01:02:26.510"/>
</suite>
<statistics>
<total>
<stat pass="6" fail="3" skip="0">All Tests</stat>
</total>
<tag>
<stat pass="2" fail="3" skip="0">api</stat>
<stat pass="4" fail="0" skip="0">ui</stat>
</tag>
<suite>
<stat pass="6" fail="3" skip="0" id="s1" name="Tests">Tests</stat>
<stat pass="2" fail="3" skip="0" id="s1-s1" name="Api">Tests.Api</stat>
<stat pass="2" fail="3" skip="0" id="s1-s1-s1" name="Users">Tests.Api.Users</stat>
<stat pass="2" fail="3" skip="0" id="s1-s1-s1-s1" name="Test Api Users">Tests.Api.Users.Test Api Users</stat>
<stat pass="4" fail="0" skip="0" id="s1-s2" name="Ui">Tests.Ui</stat>
<stat pass="4" fail="0" skip="0" id="s1-s2-s1" name="Login">Tests.Ui.Login</stat>
<stat pass="4" fail="0" skip="0" id="s1-s2-s1-s1" name="Test Ui Login">Tests.Ui.Login.Test Ui Login</stat>
</suite>
</statistics>
<errors>
</errors>
</robot>
