<?xml version="1.0" encoding="UTF-8"?>
<robot generator="Robot 6.0.2 (Python 3.8.16 on linux)" generated="20230526 19:37:18.587" rpa="false" schemaversion="3">
<suite id="s1" name="Tests" source="/home/runner/work/gen-ai-robot-test/gen-ai-robot-test/tests">
<suite id="s1-s1" name="Api" source="/home/runner/work/gen-ai-robot-test/gen-ai-robot-test/tests/api">
<suite id="s1-s1-s1" name="Test Api Users" source="/home/runner/work/gen-ai-robot-test/gen-ai-robot-test/tests/api/test_api_users.robot">
<test id="s1-s1-s1-t1" name="Scenario: Get all registered users" line="9">
<kw name="Before Tests" library="test_keywords_common" type="SETUP">
<kw name="Create Session" library="RequestsLibrary">
<arg>serverest</arg>
<arg>${SERVER_BASE_URL}</arg>
<arg>disable_warnings=True</arg>
<doc>Create Session: create a HTTP session to a server</doc>
<msg timestamp="20230526 19:37:19.125" level="INFO">Creating Session using : alias=serverest, url=https://serverest.dev, headers={},                     cookies={}, auth=None, timeout=None, proxies=None, verify=False,                     debug=0 </msg>
<status status="PASS" starttime="20230526 19:37:19.125" endtime="20230526 19:37:19.125"/>
</kw>
<status status="PASS" starttime="20230526 19:37:19.124" endtime="20230526 19:37:19.125"/>
</kw>
<kw name="When I request the list of all registered users" library="test_keywords_users">
<kw name="GET On Session" library="RequestsLibrary">
<var>${response}</var>
<arg>serverest</arg>
<arg>${USERS_API_ENDPOINT}</arg>
<doc>Sends a GET request on a previously created HTTP Session.</doc>
<msg timestamp="20230526 19:37:19.271" level="INFO">GET Request : url=https://serverest.dev/usuarios 
 path_url=/usuarios 
 headers={'User-Agent': 'python-requests/2.31.0', 'Accept-Encoding': 'gzip, deflate', 'Accept': '*/*', 'Connection': 'keep-alive'} 
 body=None 
 </msg>
<msg timestamp="20230526 19:37:19.271" level="INFO">GET Response : url=https://serverest.dev/usuarios 
 status=200, reason=OK 
 headers={'access-control-allow-origin': '*', 'x-dns-prefetch-control': 'off', 'x-frame-options': 'SAMEORIGIN', 'strict-transport-security': 'max-age=15552000; includeSubDomains', 'x-download-options': 'noopen', 'x-content-type-options': 'nosniff', 'x-xss-protection': '1; mode=block', 'x-moesif-transaction-id': 'ab82b0a6-1c40-4f62-bc42-d1ce6919f28f', 'content-type': 'application/json; charset=utf-8', 'X-Cloud-Trace-Context': '4b02a9f808098360314d5aece14b7421;o=1', 'Date': 'Fri, 26 May 2023 19:37:19 GMT', 'Server': 'Google Frontend', 'Content-Length': '1144'} 
 body={
    "quantidade": 5,
    "usuarios": [
        {
            "nome": "Fulano da Silva",
            "email": "fulano@qa.com",
            "password": "teste",
            "administrador": "true",
            "_id": "0uxuPY0cbmQhpEz1"
        },
        {
            "nome": "Richard Gutierrez",
            "email": "jenniferalexander@example.net",
            "password": "RzOmkjZ79S5g",
            "administrador": "true",
            "_id": "IMbqVEzDHAX3Lmys"
        },
        {
            "nome": "Jeremy Cantu",
            "email": "frankcolin@example.com",
            "password": "O3MG3rWIyaZt",
            "administrador": "true",
            "_id": "TKDjsW3TQ5xBwBlJ"
        },
        {
            "nome": "Angela Murphy",
            "email": "wesley29@example.org",
            "password": "CxJ2i1Zw3YWa",
            "administrador": "true",
            "_id": "Ump2hm3ovYJnPsVy"
        },
        {
            "nome": "Albert Fernandez",
            "email": "trodriguez@example.net",
            "password": "wYZQl6IcM65e",
            "administrador": "true",
            "_id": "ntSGqW8LBwVTH2kE"
        }
    ]
} 
 </msg>
<msg timestamp="20230526 19:37:19.271" level="INFO">${response} = &lt;Response [200]&gt;</msg>
<status status="PASS" starttime="20230526 19:37:19.126" endtime="20230526 19:37:19.271"/>
</kw>
<kw name="Set Test Variable" library="BuiltIn">
<arg>${response}</arg>
<doc>Makes a variable available everywhere within the scope of the current test.</doc>
<msg timestamp="20230526 19:37:19.272" level="INFO">${response} = &lt;Response [200]&gt;</msg>
<status status="PASS" starttime="20230526 19:37:19.271" endtime="20230526 19:37:19.272"/>
</kw>
<status status="PASS" starttime="20230526 19:37:19.126" endtime="20230526 19:37:19.272"/>
</kw>
<kw name="Then the response status code should be 200" library="test_keywords_users" sourcename="Then the response status code should be ${status_code}">
<kw name="Should Be Equal As Numbers" library="BuiltIn">
<arg>${response.status_code}</arg>
<arg>${status_code}</arg>
<doc>Fails if objects are unequal after converting them to real numbers.</doc>
<msg timestamp="20230526 19:37:19.273" level="INFO">Argument types are:
&lt;class 'int'&gt;
&lt;class 'str'&gt;</msg>
<status status="PASS" starttime="20230526 19:37:19.272" endtime="20230526 19:37:19.273"/>
</kw>
<kw name="Should Be True" library="BuiltIn">
<arg>${response.json()}</arg>
<doc>Fails if the given condition is not true.</doc>
<status status="PASS" starttime="20230526 19:37:19.273" endtime="20230526 19:37:19.274"/>
</kw>
<status status="PASS" starttime="20230526 19:37:19.272" endtime="20230526 19:37:19.274"/>
</kw>
<kw name="And the response body should not be empty" library="test_keywords_users">
<kw name="Should Not Be Empty" library="BuiltIn">
<arg>${response.json()}</arg>
<doc>Verifies that the given item is not empty.</doc>
<msg timestamp="20230526 19:37:19.275" level="INFO">Length is 2</msg>
<status status="PASS" starttime="20230526 19:37:19.274" endtime="20230526 19:37:19.275"/>
</kw>
<status status="PASS" starttime="20230526 19:37:19.274" endtime="20230526 19:37:19.275"/>
</kw>
<tag>api</tag>
<status status="PASS" starttime="20230526 19:37:19.124" endtime="20230526 19:37:19.275"/>
</test>
<test id="s1-s1-s1-t2" name="Scenario: Create a new user" line="15">
<kw name="Before Tests" library="test_keywords_common" type="SETUP">
<kw name="Create Session" library="RequestsLibrary">
<arg>serverest</arg>
<arg>${SERVER_BASE_URL}</arg>
<arg>disable_warnings=True</arg>
<doc>Create Session: create a HTTP session to a server</doc>
<msg timestamp="20230526 19:37:19.276" level="INFO">Creating Session using : alias=serverest, url=https://serverest.dev, headers={},                     cookies={}, auth=None, timeout=None, proxies=None, verify=False,                     debug=0 </msg>
<status status="PASS" starttime="20230526 19:37:19.276" endtime="20230526 19:37:19.277"/>
</kw>
<status status="PASS" starttime="20230526 19:37:19.276" endtime="20230526 19:37:19.277"/>
</kw>
<kw name="Given I have a valid user data" library="test_keywords_users">
<kw name="Name" library="FakerLibrary">
<var>${name}</var>
<doc>:example 'John Doe'</doc>
<msg timestamp="20230526 19:37:19.278" level="INFO">${name} = Cody Jones</msg>
<status status="PASS" starttime="20230526 19:37:19.277" endtime="20230526 19:37:19.278"/>
</kw>
<kw name="Email" library="FakerLibrary">
<var>${email}</var>
<msg timestamp="20230526 19:37:19.278" level="INFO">${email} = mschaefer@example.net</msg>
<status status="PASS" starttime="20230526 19:37:19.278" endtime="20230526 19:37:19.278"/>
</kw>
<kw name="Password" library="FakerLibrary">
<var>${password}</var>
<arg>length=12</arg>
<arg>special_chars=False</arg>
<doc>Generate a random password of the specified ``length``.</doc>
<msg timestamp="20230526 19:37:19.278" level="INFO">${password} = d7TRcLj5Xmnb</msg>
<status status="PASS" starttime="20230526 19:37:19.278" endtime="20230526 19:37:19.278"/>
</kw>
<kw name="Set Suite Variable" library="BuiltIn">
<arg>${name}</arg>
<doc>Makes a variable available everywhere within the scope of the current suite.</doc>
<msg timestamp="20230526 19:37:19.279" level="INFO">${name} = Cody Jones</msg>
<status status="PASS" starttime="20230526 19:37:19.279" endtime="20230526 19:37:19.279"/>
</kw>
<kw name="Set Suite Variable" library="BuiltIn">
<arg>${email}</arg>
<doc>Makes a variable available everywhere within the scope of the current suite.</doc>
<msg timestamp="20230526 19:37:19.279" level="INFO">${email} = mschaefer@example.net</msg>
<status status="PASS" starttime="20230526 19:37:19.279" endtime="20230526 19:37:19.279"/>
</kw>
<kw name="Set Suite Variable" library="BuiltIn">
<arg>${password}</arg>
<doc>Makes a variable available everywhere within the scope of the current suite.</doc>
<msg timestamp="20230526 19:37:19.280" level="INFO">${password} = d7TRcLj5Xmnb</msg>
<status status="PASS" starttime="20230526 19:37:19.279" endtime="20230526 19:37:19.280"/>
</kw>
<status status="PASS" starttime="20230526 19:37:19.277" endtime="20230526 19:37:19.280"/>
</kw>
<kw name="When I create the user" library="test_keywords_users">
<kw name="Create Dictionary" library="BuiltIn">
<var>${payload}</var>
<arg>nome=${name}</arg>
<arg>email=${email}</arg>
<arg>password=${password}</arg>
<arg>administrador=false</arg>
<doc>Creates and returns a dictionary based on the given ``items``.</doc>
<msg timestamp="20230526 19:37:19.281" level="INFO">${payload} = {'nome': 'Cody Jones', 'email': 'mschaefer@example.net', 'password': 'd7TRcLj5Xmnb', 'administrador': 'false'}</msg>
<status status="PASS" starttime="20230526 19:37:19.280" endtime="20230526 19:37:19.281"/>
</kw>
<kw name="Create Dictionary" library="BuiltIn">
<var>${headers}</var>
<arg>Content-Type=application/json</arg>
<doc>Creates and returns a dictionary based on the given ``items``.</doc>
<msg timestamp="20230526 19:37:19.281" level="INFO">${headers} = {'Content-Type': 'application/json'}</msg>
<status status="PASS" starttime="20230526 19:37:19.281" endtime="20230526 19:37:19.281"/>
</kw>
<kw name="POST On Session" library="RequestsLibrary">
<var>${response}</var>
<arg>serverest</arg>
<arg>${USERS_API_ENDPOINT}</arg>
<arg>json=${payload}</arg>
<arg>headers=${headers}</arg>
<doc>Sends a POST request on a previously created HTTP Session.</doc>
<msg timestamp="20230526 19:37:19.354" level="INFO">POST Request : url=https://serverest.dev/usuarios 
 path_url=/usuarios 
 headers={'User-Agent': 'python-requests/2.31.0', 'Accept-Encoding': 'gzip, deflate', 'Accept': '*/*', 'Connection': 'keep-alive', 'Content-Type': 'application/json', 'Content-Length': '110'} 
 body=b'{"nome": "Cody Jones", "email": "mschaefer@example.net", "password": "d7TRcLj5Xmnb", "administrador": "false"}' 
 </msg>
<msg timestamp="20230526 19:37:19.354" level="INFO">POST Response : url=https://serverest.dev/usuarios 
 status=201, reason=Created 
 headers={'access-control-allow-origin': '*', 'x-dns-prefetch-control': 'off', 'x-frame-options': 'SAMEORIGIN', 'strict-transport-security': 'max-age=15552000; includeSubDomains', 'x-download-options': 'noopen', 'x-content-type-options': 'nosniff', 'x-xss-protection': '1; mode=block', 'x-moesif-transaction-id': '3f4b89c1-cae9-4f63-8f04-3c6d8b287c7f', 'content-type': 'application/json; charset=utf-8', 'X-Cloud-Trace-Context': '155ebc1c2a9e279926c13b232f7e7f54', 'Date': 'Fri, 26 May 2023 19:37:19 GMT', 'Server': 'Google Frontend', 'Content-Length': '82'} 
 body={
    "message": "Cadastro realizado com sucesso",
    "_id": "Ep1xG4mLwKI9xMzR"
} 
 </msg>
<msg timestamp="20230526 19:37:19.354" level="INFO">${response} = &lt;Response [201]&gt;</msg>
<status status="PASS" starttime="20230526 19:37:19.281" endtime="20230526 19:37:19.354"/>
</kw>
<kw name="Set Variable" library="BuiltIn">
<var>${user_id}</var>
<arg>${response.json()['_id']}</arg>
<doc>Returns the given values which can then be assigned to a variables.</doc>
<msg timestamp="20230526 19:37:19.355" level="INFO">${user_id} = Ep1xG4mLwKI9xMzR</msg>
<status status="PASS" starttime="20230526 19:37:19.355" endtime="20230526 19:37:19.355"/>
</kw>
<kw name="Set Global Variable" library="BuiltIn">
<arg>${USER_ID}</arg>
<arg>${user_id}</arg>
<doc>Makes a variable available globally in all tests and suites.</doc>
<msg timestamp="20230526 19:37:19.356" level="INFO">${USER_ID} = Ep1xG4mLwKI9xMzR</msg>
<status status="PASS" starttime="20230526 19:37:19.356" endtime="20230526 19:37:19.356"/>
</kw>
<kw name="Set Test Variable" library="BuiltIn">
<arg>${response}</arg>
<doc>Makes a variable available everywhere within the scope of the current test.</doc>
<msg timestamp="20230526 19:37:19.356" level="INFO">${response} = &lt;Response [201]&gt;</msg>
<status status="PASS" starttime="20230526 19:37:19.356" endtime="20230526 19:37:19.356"/>
</kw>
<status status="PASS" starttime="20230526 19:37:19.280" endtime="20230526 19:37:19.356"/>
</kw>
<kw name="Then the response status code should be 201" library="test_keywords_users" sourcename="Then the response status code should be ${status_code}">
<kw name="Should Be Equal As Numbers" library="BuiltIn">
<arg>${response.status_code}</arg>
<arg>${status_code}</arg>
<doc>Fails if objects are unequal after converting them to real numbers.</doc>
<msg timestamp="20230526 19:37:19.357" level="INFO">Argument types are:
&lt;class 'int'&gt;
&lt;class 'str'&gt;</msg>
<status status="PASS" starttime="20230526 19:37:19.357" endtime="20230526 19:37:19.357"/>
</kw>
<kw name="Should Be True" library="BuiltIn">
<arg>${response.json()}</arg>
<doc>Fails if the given condition is not true.</doc>
<status status="PASS" starttime="20230526 19:37:19.358" endtime="20230526 19:37:19.358"/>
</kw>
<status status="PASS" starttime="20230526 19:37:19.356" endtime="20230526 19:37:19.358"/>
</kw>
<kw name="And the response body should not be empty" library="test_keywords_users">
<kw name="Should Not Be Empty" library="BuiltIn">
<arg>${response.json()}</arg>
<doc>Verifies that the given item is not empty.</doc>
<msg timestamp="20230526 19:37:19.359" level="INFO">Length is 2</msg>
<status status="PASS" starttime="20230526 19:37:19.359" endtime="20230526 19:37:19.359"/>
</kw>
<status status="PASS" starttime="20230526 19:37:19.358" endtime="20230526 19:37:19.359"/>
</kw>
<tag>api</tag>
<status status="PASS" starttime="20230526 19:37:19.275" endtime="20230526 19:37:19.359"/>
</test>
<test id="s1-s1-s1-t3" name="Scenario: Get a specific user informations" line="22">
<kw name="Before Tests" library="test_keywords_common" type="SETUP">
<kw name="Create Session" library="RequestsLibrary">
<arg>serverest</arg>
<arg>${SERVER_BASE_URL}</arg>
<arg>disable_warnings=True</arg>
<doc>Create Session: create a HTTP session to a server</doc>
<msg timestamp="20230526 19:37:19.361" level="INFO">Creating Session using : alias=serverest, url=https://serverest.dev, headers={},                     cookies={}, auth=None, timeout=None, proxies=None, verify=False,                     debug=0 </msg>
<status status="PASS" starttime="20230526 19:37:19.360" endtime="20230526 19:37:19.361"/>
</kw>
<status status="PASS" starttime="20230526 19:37:19.360" endtime="20230526 19:37:19.361"/>
</kw>
<kw name="When I request the created user" library="test_keywords_users">
<kw name="GET On Session" library="RequestsLibrary">
<var>${response}</var>
<arg>serverest</arg>
<arg>${USERS_API_ENDPOINT}/${USER_ID}</arg>
<doc>Sends a GET request on a previously created HTTP Session.</doc>
<msg timestamp="20230526 19:37:19.430" level="INFO">GET Request : url=https://serverest.dev/usuarios/Ep1xG4mLwKI9xMzR 
 path_url=/usuarios/Ep1xG4mLwKI9xMzR 
 headers={'User-Agent': 'python-requests/2.31.0', 'Accept-Encoding': 'gzip, deflate', 'Accept': '*/*', 'Connection': 'keep-alive'} 
 body=None 
 </msg>
<msg timestamp="20230526 19:37:19.430" level="INFO">GET Response : url=https://serverest.dev/usuarios/Ep1xG4mLwKI9xMzR 
 status=200, reason=OK 
 headers={'access-control-allow-origin': '*', 'x-dns-prefetch-control': 'off', 'x-frame-options': 'SAMEORIGIN', 'strict-transport-security': 'max-age=15552000; includeSubDomains', 'x-download-options': 'noopen', 'x-content-type-options': 'nosniff', 'x-xss-protection': '1; mode=block', 'x-moesif-transaction-id': '3c9a3033-465f-4eca-9a28-df10ea53e48b', 'content-type': 'application/json; charset=utf-8', 'X-Cloud-Trace-Context': '5ca5648f01d95ad25beca6f42de56e3f', 'Date': 'Fri, 26 May 2023 19:37:19 GMT', 'Server': 'Google Frontend', 'Content-Length': '159'} 
 body={
    "nome": "Cody Jones",
    "email": "mschaefer@example.net",
    "password": "d7TRcLj5Xmnb",
    "administrador": "false",
    "_id": "Ep1xG4mLwKI9xMzR"
} 
 </msg>
<msg timestamp="20230526 19:37:19.430" level="INFO">${response} = &lt;Response [200]&gt;</msg>
<status status="PASS" starttime="20230526 19:37:19.362" endtime="20230526 19:37:19.430"/>
</kw>
<kw name="Set Test Variable" library="BuiltIn">
<arg>${response}</arg>
<doc>Makes a variable available everywhere within the scope of the current test.</doc>
<msg timestamp="20230526 19:37:19.431" level="INFO">${response} = &lt;Response [200]&gt;</msg>
<status status="PASS" starttime="20230526 19:37:19.430" endtime="20230526 19:37:19.431"/>
</kw>
<status status="PASS" starttime="20230526 19:37:19.361" endtime="20230526 19:37:19.431"/>
</kw>
<kw name="Then the response status code should be 200" library="test_keywords_users" sourcename="Then the response status code should be ${status_code}">
<kw name="Should Be Equal As Numbers" library="BuiltIn">
<arg>${response.status_code}</arg>
<arg>${status_code}</arg>
<doc>Fails if objects are unequal after converting them to real numbers.</doc>
<msg timestamp="20230526 19:37:19.432" level="INFO">Argument types are:
&lt;class 'int'&gt;
&lt;class 'str'&gt;</msg>
<status status="PASS" starttime="20230526 19:37:19.431" endtime="20230526 19:37:19.432"/>
</kw>
<kw name="Should Be True" library="BuiltIn">
<arg>${response.json()}</arg>
<doc>Fails if the given condition is not true.</doc>
<status status="PASS" starttime="20230526 19:37:19.432" endtime="20230526 19:37:19.433"/>
</kw>
<status status="PASS" starttime="20230526 19:37:19.431" endtime="20230526 19:37:19.433"/>
</kw>
<kw name="And the response body should not be empty" library="test_keywords_users">
<kw name="Should Not Be Empty" library="BuiltIn">
<arg>${response.json()}</arg>
<doc>Verifies that the given item is not empty.</doc>
<msg timestamp="20230526 19:37:19.434" level="INFO">Length is 5</msg>
<status status="PASS" starttime="20230526 19:37:19.433" endtime="20230526 19:37:19.434"/>
</kw>
<status status="PASS" starttime="20230526 19:37:19.433" endtime="20230526 19:37:19.434"/>
</kw>
<tag>api</tag>
<status status="PASS" starttime="20230526 19:37:19.360" endtime="20230526 19:37:19.434"/>
</test>
<test id="s1-s1-s1-t4" name="Scenario: Update the created user" line="28">
<kw name="Before Tests" library="test_keywords_common" type="SETUP">
<kw name="Create Session" library="RequestsLibrary">
<arg>serverest</arg>
<arg>${SERVER_BASE_URL}</arg>
<arg>disable_warnings=True</arg>
<doc>Create Session: create a HTTP session to a server</doc>
<msg timestamp="20230526 19:37:19.436" level="INFO">Creating Session using : alias=serverest, url=https://serverest.dev, headers={},                     cookies={}, auth=None, timeout=None, proxies=None, verify=False,                     debug=0 </msg>
<status status="PASS" starttime="20230526 19:37:19.435" endtime="20230526 19:37:19.436"/>
</kw>
<status status="PASS" starttime="20230526 19:37:19.435" endtime="20230526 19:37:19.436"/>
</kw>
<kw name="When I update the created user" library="test_keywords_users">
<kw name="Create Dictionary" library="BuiltIn">
<var>${payload}</var>
<arg>nome=John Smith</arg>
<arg>email=john.smith@example.com</arg>
<arg>password=P@ssw0rd123</arg>
<arg>administrador=false</arg>
<doc>Creates and returns a dictionary based on the given ``items``.</doc>
<msg timestamp="20230526 19:37:19.436" level="INFO">${payload} = {'nome': 'John Smith', 'email': 'john.smith@example.com', 'password': 'P@ssw0rd123', 'administrador': 'false'}</msg>
<status status="PASS" starttime="20230526 19:37:19.436" endtime="20230526 19:37:19.437"/>
</kw>
<kw name="Create Dictionary" library="BuiltIn">
<var>${headers}</var>
<arg>Content-Type=application/json</arg>
<doc>Creates and returns a dictionary based on the given ``items``.</doc>
<msg timestamp="20230526 19:37:19.437" level="INFO">${headers} = {'Content-Type': 'application/json'}</msg>
<status status="PASS" starttime="20230526 19:37:19.437" endtime="20230526 19:37:19.437"/>
</kw>
<kw name="PUT On Session" library="RequestsLibrary">
<var>${response}</var>
<arg>serverest</arg>
<arg>${USERS_API_ENDPOINT}/${USER_ID}</arg>
<arg>json=${payload}</arg>
<arg>headers=${headers}</arg>
<doc>Sends a PUT request on a previously created HTTP Session.</doc>
<msg timestamp="20230526 19:37:19.514" level="INFO">PUT Request : url=https://serverest.dev/usuarios/Ep1xG4mLwKI9xMzR 
 path_url=/usuarios/Ep1xG4mLwKI9xMzR 
 headers={'User-Agent': 'python-requests/2.31.0', 'Accept-Encoding': 'gzip, deflate', 'Accept': '*/*', 'Connection': 'keep-alive', 'Content-Type': 'application/json', 'Content-Length': '110'} 
 body=b'{"nome": "John Smith", "email": "john.smith@example.com", "password": "P@ssw0rd123", "administrador": "false"}' 
 </msg>
<msg timestamp="20230526 19:37:19.514" level="INFO">PUT Response : url=https://serverest.dev/usuarios/Ep1xG4mLwKI9xMzR 
 status=200, reason=OK 
 headers={'access-control-allow-origin': '*', 'x-dns-prefetch-control': 'off', 'x-frame-options': 'SAMEORIGIN', 'strict-transport-security': 'max-age=15552000; includeSubDomains', 'x-download-options': 'noopen', 'x-content-type-options': 'nosniff', 'x-xss-protection': '1; mode=block', 'x-moesif-transaction-id': 'd38082d9-161c-4d4f-b2b5-63bb03607003', 'content-type': 'application/json; charset=utf-8', 'X-Cloud-Trace-Context': '1924f7b812101eb60195d9afe7b87f26', 'Date': 'Fri, 26 May 2023 19:37:19 GMT', 'Server': 'Google Frontend', 'Content-Length': '50'} 
 body={
    "message": "Registro alterado com sucesso"
} 
 </msg>
<msg timestamp="20230526 19:37:19.514" level="INFO">${response} = &lt;Response [200]&gt;</msg>
<status status="PASS" starttime="20230526 19:37:19.437" endtime="20230526 19:37:19.514"/>
</kw>
<kw name="Set Test Variable" library="BuiltIn">
<arg>${response}</arg>
<doc>Makes a variable available everywhere within the scope of the current test.</doc>
<msg timestamp="20230526 19:37:19.515" level="INFO">${response} = &lt;Response [200]&gt;</msg>
<status status="PASS" starttime="20230526 19:37:19.514" endtime="20230526 19:37:19.515"/>
</kw>
<status status="PASS" starttime="20230526 19:37:19.436" endtime="20230526 19:37:19.515"/>
</kw>
<kw name="Then the response status code should be 200" library="test_keywords_users" sourcename="Then the response status code should be ${status_code}">
<kw name="Should Be Equal As Numbers" library="BuiltIn">
<arg>${response.status_code}</arg>
<arg>${status_code}</arg>
<doc>Fails if objects are unequal after converting them to real numbers.</doc>
<msg timestamp="20230526 19:37:19.516" level="INFO">Argument types are:
&lt;class 'int'&gt;
&lt;class 'str'&gt;</msg>
<status status="PASS" starttime="20230526 19:37:19.515" endtime="20230526 19:37:19.516"/>
</kw>
<kw name="Should Be True" library="BuiltIn">
<arg>${response.json()}</arg>
<doc>Fails if the given condition is not true.</doc>
<status status="PASS" starttime="20230526 19:37:19.516" endtime="20230526 19:37:19.516"/>
</kw>
<status status="PASS" starttime="20230526 19:37:19.515" endtime="20230526 19:37:19.517"/>
</kw>
<kw name="And the response body should not be empty" library="test_keywords_users">
<kw name="Should Not Be Empty" library="BuiltIn">
<arg>${response.json()}</arg>
<doc>Verifies that the given item is not empty.</doc>
<msg timestamp="20230526 19:37:19.517" level="INFO">Length is 1</msg>
<status status="PASS" starttime="20230526 19:37:19.517" endtime="20230526 19:37:19.518"/>
</kw>
<status status="PASS" starttime="20230526 19:37:19.517" endtime="20230526 19:37:19.518"/>
</kw>
<tag>api</tag>
<status status="PASS" starttime="20230526 19:37:19.435" endtime="20230526 19:37:19.518"/>
</test>
<test id="s1-s1-s1-t5" name="Scenario: Delete the created user" line="34">
<kw name="Before Tests" library="test_keywords_common" type="SETUP">
<kw name="Create Session" library="RequestsLibrary">
<arg>serverest</arg>
<arg>${SERVER_BASE_URL}</arg>
<arg>disable_warnings=True</arg>
<doc>Create Session: create a HTTP session to a server</doc>
<msg timestamp="20230526 19:37:19.519" level="INFO">Creating Session using : alias=serverest, url=https://serverest.dev, headers={},                     cookies={}, auth=None, timeout=None, proxies=None, verify=False,                     debug=0 </msg>
<status status="PASS" starttime="20230526 19:37:19.519" endtime="20230526 19:37:19.520"/>
</kw>
<status status="PASS" starttime="20230526 19:37:19.519" endtime="20230526 19:37:19.520"/>
</kw>
<kw name="When I delete the created user" library="test_keywords_users">
<kw name="DELETE On Session" library="RequestsLibrary">
<var>${response}</var>
<arg>serverest</arg>
<arg>${USERS_API_ENDPOINT}/${USER_ID}</arg>
<doc>Sends a DELETE request on a previously created HTTP Session.</doc>
<msg timestamp="20230526 19:37:19.595" level="INFO">DELETE Request : url=https://serverest.dev/usuarios/Ep1xG4mLwKI9xMzR 
 path_url=/usuarios/Ep1xG4mLwKI9xMzR 
 headers={'User-Agent': 'python-requests/2.31.0', 'Accept-Encoding': 'gzip, deflate', 'Accept': '*/*', 'Connection': 'keep-alive', 'Content-Length': '0'} 
 body=None 
 </msg>
<msg timestamp="20230526 19:37:19.595" level="INFO">DELETE Response : url=https://serverest.dev/usuarios/Ep1xG4mLwKI9xMzR 
 status=200, reason=OK 
 headers={'access-control-allow-origin': '*', 'x-dns-prefetch-control': 'off', 'x-frame-options': 'SAMEORIGIN', 'strict-transport-security': 'max-age=15552000; includeSubDomains', 'x-download-options': 'noopen', 'x-content-type-options': 'nosniff', 'x-xss-protection': '1; mode=block', 'x-moesif-transaction-id': '64a88089-5bd1-4472-83ad-425081ccabda', 'content-type': 'application/json; charset=utf-8', 'X-Cloud-Trace-Context': 'bde6ce40af315808679468bba84fec9a', 'Date': 'Fri, 26 May 2023 19:37:19 GMT', 'Server': 'Google Frontend', 'Content-Length': '51'} 
 body={
    "message": "Registro excluído com sucesso"
} 
 </msg>
<msg timestamp="20230526 19:37:19.596" level="INFO">${response} = &lt;Response [200]&gt;</msg>
<status status="PASS" starttime="20230526 19:37:19.520" endtime="20230526 19:37:19.596"/>
</kw>
<kw name="Set Test Variable" library="BuiltIn">
<arg>${response}</arg>
<doc>Makes a variable available everywhere within the scope of the current test.</doc>
<msg timestamp="20230526 19:37:19.596" level="INFO">${response} = &lt;Response [200]&gt;</msg>
<status status="PASS" starttime="20230526 19:37:19.596" endtime="20230526 19:37:19.596"/>
</kw>
<status status="PASS" starttime="20230526 19:37:19.520" endtime="20230526 19:37:19.596"/>
</kw>
<kw name="Then the response status code should be 200" library="test_keywords_users" sourcename="Then the response status code should be ${status_code}">
<kw name="Should Be Equal As Numbers" library="BuiltIn">
<arg>${response.status_code}</arg>
<arg>${status_code}</arg>
<doc>Fails if objects are unequal after converting them to real numbers.</doc>
<msg timestamp="20230526 19:37:19.597" level="INFO">Argument types are:
&lt;class 'int'&gt;
&lt;class 'str'&gt;</msg>
<status status="PASS" starttime="20230526 19:37:19.597" endtime="20230526 19:37:19.597"/>
</kw>
<kw name="Should Be True" library="BuiltIn">
<arg>${response.json()}</arg>
<doc>Fails if the given condition is not true.</doc>
<status status="PASS" starttime="20230526 19:37:19.597" endtime="20230526 19:37:19.598"/>
</kw>
<status status="PASS" starttime="20230526 19:37:19.596" endtime="20230526 19:37:19.598"/>
</kw>
<kw name="And the response body should not be empty" library="test_keywords_users">
<kw name="Should Not Be Empty" library="BuiltIn">
<arg>${response.json()}</arg>
<doc>Verifies that the given item is not empty.</doc>
<msg timestamp="20230526 19:37:19.599" level="INFO">Length is 1</msg>
<status status="PASS" starttime="20230526 19:37:19.599" endtime="20230526 19:37:19.599"/>
</kw>
<status status="PASS" starttime="20230526 19:37:19.598" endtime="20230526 19:37:19.599"/>
</kw>
<tag>api</tag>
<status status="PASS" starttime="20230526 19:37:19.518" endtime="20230526 19:37:19.599"/>
</test>
<status status="PASS" starttime="20230526 19:37:18.608" endtime="20230526 19:37:19.600"/>
</suite>
<status status="PASS" starttime="20230526 19:37:18.606" endtime="20230526 19:37:19.601"/>
</suite>
<suite id="s1-s2" name="Ui" source="/home/runner/work/gen-ai-robot-test/gen-ai-robot-test/tests/ui">
<suite id="s1-s2-s1" name="Test Ui Signup" source="/home/runner/work/gen-ai-robot-test/gen-ai-robot-test/tests/ui/test_ui_signup.robot">
<test id="s1-s2-s1-t1" name="Scenario: Signup with empty fields" line="10">
<kw name="Before Tests" library="test_keywords_common" type="SETUP">
<kw name="Open Browser" library="SeleniumLibrary">
<arg>${SERVER_BASE_URL}</arg>
<arg>${HEADLESS} ${BROWSER}</arg>
<doc>Opens a new browser instance to the optional ``url``.</doc>
<msg timestamp="20230526 19:37:19.611" level="INFO">Opening browser 'headless Chrome' to base url 'https://front.serverest.dev/'.</msg>
<status status="PASS" starttime="20230526 19:37:19.610" endtime="20230526 19:37:21.421"/>
</kw>
<kw name="Maximize Browser Window" library="SeleniumLibrary">
<doc>Maximizes current browser window.</doc>
<status status="PASS" starttime="20230526 19:37:21.421" endtime="20230526 19:37:21.525"/>
</kw>
<status status="PASS" starttime="20230526 19:37:19.610" endtime="20230526 19:37:21.526"/>
</kw>
<kw name="Given Im on the signup page" library="test_keywords_signup">
<kw name="Location Should Be" library="SeleniumLibrary">
<arg>https://front.serverest.dev/login</arg>
<doc>Verifies that the current URL is exactly ``url``.</doc>
<msg timestamp="20230526 19:37:21.531" level="INFO">Current location is 'https://front.serverest.dev/login'.</msg>
<status status="PASS" starttime="20230526 19:37:21.526" endtime="20230526 19:37:21.531"/>
</kw>
<kw name="Click Element" library="SeleniumLibrary">
<arg>css=a.btn.btn-link</arg>
<doc>Click the element identified by ``locator``.</doc>
<msg timestamp="20230526 19:37:21.532" level="INFO">Clicking element 'css=a.btn.btn-link'.</msg>
<status status="PASS" starttime="20230526 19:37:21.531" endtime="20230526 19:37:21.637"/>
</kw>
<status status="PASS" starttime="20230526 19:37:21.526" endtime="20230526 19:37:21.637"/>
</kw>
<kw name="When I click in signup" library="test_keywords_signup">
<kw name="Click Button" library="SeleniumLibrary">
<arg>css=.btn.btn-primary</arg>
<doc>Clicks the button identified by ``locator``.</doc>
<msg timestamp="20230526 19:37:21.638" level="INFO">Clicking button 'css=.btn.btn-primary'.</msg>
<status status="PASS" starttime="20230526 19:37:21.637" endtime="20230526 19:37:21.705"/>
</kw>
<status status="PASS" starttime="20230526 19:37:21.637" endtime="20230526 19:37:21.705"/>
</kw>
<kw name="Then required field messages should be displayed" library="test_keywords_signup">
<kw name="Wait Until Element Is Visible" library="SeleniumLibrary">
<arg>css=.alert-dismissible</arg>
<arg>timeout=10s</arg>
<doc>Waits until the element ``locator`` is visible.</doc>
<status status="PASS" starttime="20230526 19:37:21.705" endtime="20230526 19:37:21.938"/>
</kw>
<kw name="Element Should Be Visible" library="SeleniumLibrary">
<arg>css=.alert-dismissible</arg>
<doc>Verifies that the element identified by ``locator`` is visible.</doc>
<msg timestamp="20230526 19:37:21.956" level="INFO">Element 'css=.alert-dismissible' is displayed.</msg>
<status status="PASS" starttime="20230526 19:37:21.938" endtime="20230526 19:37:21.957"/>
</kw>
<kw name="Page Should Contain" library="SeleniumLibrary">
<arg>Nome é obrigatório</arg>
<doc>Verifies that current page contains ``text``.</doc>
<msg timestamp="20230526 19:37:21.971" level="INFO">Current page contains text 'Nome é obrigatório'.</msg>
<status status="PASS" starttime="20230526 19:37:21.957" endtime="20230526 19:37:21.971"/>
</kw>
<kw name="Page Should Contain" library="SeleniumLibrary">
<arg>Email é obrigatório</arg>
<doc>Verifies that current page contains ``text``.</doc>
<msg timestamp="20230526 19:37:21.983" level="INFO">Current page contains text 'Email é obrigatório'.</msg>
<status status="PASS" starttime="20230526 19:37:21.971" endtime="20230526 19:37:21.984"/>
</kw>
<kw name="Page Should Contain" library="SeleniumLibrary">
<arg>Password é obrigatório</arg>
<doc>Verifies that current page contains ``text``.</doc>
<msg timestamp="20230526 19:37:21.996" level="INFO">Current page contains text 'Password é obrigatório'.</msg>
<status status="PASS" starttime="20230526 19:37:21.984" endtime="20230526 19:37:21.996"/>
</kw>
<status status="PASS" starttime="20230526 19:37:21.705" endtime="20230526 19:37:21.996"/>
</kw>
<kw name="After Tests" library="test_keywords_common" type="TEARDOWN">
<kw name="Close Browser" library="SeleniumLibrary">
<doc>Closes the current browser.</doc>
<status status="PASS" starttime="20230526 19:37:21.997" endtime="20230526 19:37:22.052"/>
</kw>
<status status="PASS" starttime="20230526 19:37:21.996" endtime="20230526 19:37:22.052"/>
</kw>
<tag>ui</tag>
<status status="PASS" starttime="20230526 19:37:19.609" endtime="20230526 19:37:22.052"/>
</test>
<test id="s1-s2-s1-t2" name="Scenario: Signup done successfully" line="16">
<kw name="Before Tests" library="test_keywords_common" type="SETUP">
<kw name="Open Browser" library="SeleniumLibrary">
<arg>${SERVER_BASE_URL}</arg>
<arg>${HEADLESS} ${BROWSER}</arg>
<doc>Opens a new browser instance to the optional ``url``.</doc>
<msg timestamp="20230526 19:37:22.054" level="INFO">Opening browser 'headless Chrome' to base url 'https://front.serverest.dev/'.</msg>
<status status="PASS" starttime="20230526 19:37:22.054" endtime="20230526 19:37:23.235"/>
</kw>
<kw name="Maximize Browser Window" library="SeleniumLibrary">
<doc>Maximizes current browser window.</doc>
<status status="PASS" starttime="20230526 19:37:23.236" endtime="20230526 19:37:23.362"/>
</kw>
<status status="PASS" starttime="20230526 19:37:22.053" endtime="20230526 19:37:23.363"/>
</kw>
<kw name="Given Im on the signup page" library="test_keywords_signup">
<kw name="Location Should Be" library="SeleniumLibrary">
<arg>https://front.serverest.dev/login</arg>
<doc>Verifies that the current URL is exactly ``url``.</doc>
<msg timestamp="20230526 19:37:23.368" level="INFO">Current location is 'https://front.serverest.dev/login'.</msg>
<status status="PASS" starttime="20230526 19:37:23.363" endtime="20230526 19:37:23.368"/>
</kw>
<kw name="Click Element" library="SeleniumLibrary">
<arg>css=a.btn.btn-link</arg>
<doc>Click the element identified by ``locator``.</doc>
<msg timestamp="20230526 19:37:23.369" level="INFO">Clicking element 'css=a.btn.btn-link'.</msg>
<status status="PASS" starttime="20230526 19:37:23.368" endtime="20230526 19:37:23.422"/>
</kw>
<status status="PASS" starttime="20230526 19:37:23.363" endtime="20230526 19:37:23.422"/>
</kw>
<kw name="And I fill in the signup fields with valid data" library="test_keywords_signup">
<kw name="Name" library="FakerLibrary">
<var>${name}</var>
<doc>:example 'John Doe'</doc>
<msg timestamp="20230526 19:37:23.423" level="INFO">${name} = Cindy Davenport DVM</msg>
<status status="PASS" starttime="20230526 19:37:23.422" endtime="20230526 19:37:23.423"/>
</kw>
<kw name="Email" library="FakerLibrary">
<var>${email}</var>
<msg timestamp="20230526 19:37:23.424" level="INFO">${email} = huffconnor@example.org</msg>
<status status="PASS" starttime="20230526 19:37:23.423" endtime="20230526 19:37:23.424"/>
</kw>
<kw name="Password" library="FakerLibrary">
<var>${password}</var>
<arg>length=12</arg>
<arg>special_chars=False</arg>
<doc>Generate a random password of the specified ``length``.</doc>
<msg timestamp="20230526 19:37:23.424" level="INFO">${password} = Gr1ALkSp4bRO</msg>
<status status="PASS" starttime="20230526 19:37:23.424" endtime="20230526 19:37:23.424"/>
</kw>
<kw name="Input Text" library="SeleniumLibrary">
<arg>id:nome</arg>
<arg>${name}</arg>
<doc>Types the given ``text`` into the text field identified by ``locator``.</doc>
<msg timestamp="20230526 19:37:23.425" level="INFO">Typing text 'Cindy Davenport DVM' into text field 'id:nome'.</msg>
<status status="PASS" starttime="20230526 19:37:23.424" endtime="20230526 19:37:23.551"/>
</kw>
<kw name="Input Text" library="SeleniumLibrary">
<arg>id:email</arg>
<arg>${email}</arg>
<doc>Types the given ``text`` into the text field identified by ``locator``.</doc>
<msg timestamp="20230526 19:37:23.552" level="INFO">Typing text 'huffconnor@example.org' into text field 'id:email'.</msg>
<status status="PASS" starttime="20230526 19:37:23.551" endtime="20230526 19:37:23.653"/>
</kw>
<kw name="Input Text" library="SeleniumLibrary">
<arg>id:password</arg>
<arg>${password}</arg>
<doc>Types the given ``text`` into the text field identified by ``locator``.</doc>
<msg timestamp="20230526 19:37:23.654" level="INFO">Typing text 'Gr1ALkSp4bRO' into text field 'id:password'.</msg>
<status status="PASS" starttime="20230526 19:37:23.653" endtime="20230526 19:37:23.742"/>
</kw>
<kw name="Select Checkbox" library="SeleniumLibrary">
<arg>id=administrador</arg>
<doc>Selects the checkbox identified by ``locator``.</doc>
<msg timestamp="20230526 19:37:23.743" level="INFO">Selecting checkbox 'id=administrador'.</msg>
<status status="PASS" starttime="20230526 19:37:23.742" endtime="20230526 19:37:23.815"/>
</kw>
<kw name="Set Suite Variable" library="BuiltIn">
<arg>${name}</arg>
<doc>Makes a variable available everywhere within the scope of the current suite.</doc>
<msg timestamp="20230526 19:37:23.815" level="INFO">${name} = Cindy Davenport DVM</msg>
<status status="PASS" starttime="20230526 19:37:23.815" endtime="20230526 19:37:23.815"/>
</kw>
<kw name="Set Suite Variable" library="BuiltIn">
<arg>${email}</arg>
<doc>Makes a variable available everywhere within the scope of the current suite.</doc>
<msg timestamp="20230526 19:37:23.816" level="INFO">${email} = huffconnor@example.org</msg>
<status status="PASS" starttime="20230526 19:37:23.815" endtime="20230526 19:37:23.816"/>
</kw>
<kw name="Set Suite Variable" library="BuiltIn">
<arg>${password}</arg>
<doc>Makes a variable available everywhere within the scope of the current suite.</doc>
<msg timestamp="20230526 19:37:23.816" level="INFO">${password} = Gr1ALkSp4bRO</msg>
<status status="PASS" starttime="20230526 19:37:23.816" endtime="20230526 19:37:23.816"/>
</kw>
<status status="PASS" starttime="20230526 19:37:23.422" endtime="20230526 19:37:23.816"/>
</kw>
<kw name="When I click in signup" library="test_keywords_signup">
<kw name="Click Button" library="SeleniumLibrary">
<arg>css=.btn.btn-primary</arg>
<doc>Clicks the button identified by ``locator``.</doc>
<msg timestamp="20230526 19:37:23.817" level="INFO">Clicking button 'css=.btn.btn-primary'.</msg>
<status status="PASS" starttime="20230526 19:37:23.817" endtime="20230526 19:37:23.874"/>
</kw>
<status status="PASS" starttime="20230526 19:37:23.816" endtime="20230526 19:37:23.874"/>
</kw>
<kw name="Then the page should contain the text &quot;Cadastro realizado com sucesso&quot;" library="test_keywords_signup" sourcename="Then the page should contain the text &quot;${expected_text}&quot;">
<kw name="Wait Until Element Is Visible" library="SeleniumLibrary">
<arg>css=.alert-dismissible</arg>
<arg>timeout=10s</arg>
<doc>Waits until the element ``locator`` is visible.</doc>
<status status="PASS" starttime="20230526 19:37:23.875" endtime="20230526 19:37:24.107"/>
</kw>
<kw name="Element Should Be Visible" library="SeleniumLibrary">
<arg>css=.alert-dismissible</arg>
<doc>Verifies that the element identified by ``locator`` is visible.</doc>
<msg timestamp="20230526 19:37:24.125" level="INFO">Element 'css=.alert-dismissible' is displayed.</msg>
<status status="PASS" starttime="20230526 19:37:24.107" endtime="20230526 19:37:24.125"/>
</kw>
<kw name="Page Should Contain" library="SeleniumLibrary">
<arg>${expected_text}</arg>
<doc>Verifies that current page contains ``text``.</doc>
<msg timestamp="20230526 19:37:24.137" level="INFO">Current page contains text 'Cadastro realizado com sucesso'.</msg>
<status status="PASS" starttime="20230526 19:37:24.125" endtime="20230526 19:37:24.137"/>
</kw>
<status status="PASS" starttime="20230526 19:37:23.875" endtime="20230526 19:37:24.138"/>
</kw>
<kw name="After Tests" library="test_keywords_common" type="TEARDOWN">
<kw name="Close Browser" library="SeleniumLibrary">
<doc>Closes the current browser.</doc>
<status status="PASS" starttime="20230526 19:37:24.138" endtime="20230526 19:37:24.193"/>
</kw>
<status status="PASS" starttime="20230526 19:37:24.138" endtime="20230526 19:37:24.194"/>
</kw>
<tag>ui</tag>
<status status="PASS" starttime="20230526 19:37:22.053" endtime="20230526 19:37:24.194"/>
</test>
<test id="s1-s2-s1-t3" name="Scenario: Signup with already used email" line="23">
<kw name="Before Tests" library="test_keywords_common" type="SETUP">
<kw name="Open Browser" library="SeleniumLibrary">
<arg>${SERVER_BASE_URL}</arg>
<arg>${HEADLESS} ${BROWSER}</arg>
<doc>Opens a new browser instance to the optional ``url``.</doc>
<msg timestamp="20230526 19:37:24.196" level="INFO">Opening browser 'headless Chrome' to base url 'https://front.serverest.dev/'.</msg>
<status status="PASS" starttime="20230526 19:37:24.195" endtime="20230526 19:37:25.336"/>
</kw>
<kw name="Maximize Browser Window" library="SeleniumLibrary">
<doc>Maximizes current browser window.</doc>
<status status="PASS" starttime="20230526 19:37:25.337" endtime="20230526 19:37:25.450"/>
</kw>
<status status="PASS" starttime="20230526 19:37:24.195" endtime="20230526 19:37:25.450"/>
</kw>
<kw name="Given Im on the signup page" library="test_keywords_signup">
<kw name="Location Should Be" library="SeleniumLibrary">
<arg>https://front.serverest.dev/login</arg>
<doc>Verifies that the current URL is exactly ``url``.</doc>
<msg timestamp="20230526 19:37:25.455" level="INFO">Current location is 'https://front.serverest.dev/login'.</msg>
<status status="PASS" starttime="20230526 19:37:25.450" endtime="20230526 19:37:25.455"/>
</kw>
<kw name="Click Element" library="SeleniumLibrary">
<arg>css=a.btn.btn-link</arg>
<doc>Click the element identified by ``locator``.</doc>
<msg timestamp="20230526 19:37:25.456" level="INFO">Clicking element 'css=a.btn.btn-link'.</msg>
<status status="PASS" starttime="20230526 19:37:25.455" endtime="20230526 19:37:25.508"/>
</kw>
<status status="PASS" starttime="20230526 19:37:25.450" endtime="20230526 19:37:25.508"/>
</kw>
<kw name="And I fill in the signup fields with an email already registered" library="test_keywords_signup">
<kw name="Input Text" library="SeleniumLibrary">
<arg>id:nome</arg>
<arg>${name}</arg>
<doc>Types the given ``text`` into the text field identified by ``locator``.</doc>
<msg timestamp="20230526 19:37:25.509" level="INFO">Typing text 'Cindy Davenport DVM' into text field 'id:nome'.</msg>
<status status="PASS" starttime="20230526 19:37:25.508" endtime="20230526 19:37:25.636"/>
</kw>
<kw name="Input Text" library="SeleniumLibrary">
<arg>id:email</arg>
<arg>${email}</arg>
<doc>Types the given ``text`` into the text field identified by ``locator``.</doc>
<msg timestamp="20230526 19:37:25.636" level="INFO">Typing text 'huffconnor@example.org' into text field 'id:email'.</msg>
<status status="PASS" starttime="20230526 19:37:25.636" endtime="20230526 19:37:25.731"/>
</kw>
<kw name="Input Text" library="SeleniumLibrary">
<arg>id:password</arg>
<arg>${password}</arg>
<doc>Types the given ``text`` into the text field identified by ``locator``.</doc>
<msg timestamp="20230526 19:37:25.731" level="INFO">Typing text 'Gr1ALkSp4bRO' into text field 'id:password'.</msg>
<status status="PASS" starttime="20230526 19:37:25.731" endtime="20230526 19:37:25.827"/>
</kw>
<kw name="Select Checkbox" library="SeleniumLibrary">
<arg>id=administrador</arg>
<doc>Selects the checkbox identified by ``locator``.</doc>
<msg timestamp="20230526 19:37:25.828" level="INFO">Selecting checkbox 'id=administrador'.</msg>
<status status="PASS" starttime="20230526 19:37:25.827" endtime="20230526 19:37:25.903"/>
</kw>
<status status="PASS" starttime="20230526 19:37:25.508" endtime="20230526 19:37:25.904"/>
</kw>
<kw name="When I click in signup" library="test_keywords_signup">
<kw name="Click Button" library="SeleniumLibrary">
<arg>css=.btn.btn-primary</arg>
<doc>Clicks the button identified by ``locator``.</doc>
<msg timestamp="20230526 19:37:25.904" level="INFO">Clicking button 'css=.btn.btn-primary'.</msg>
<status status="PASS" starttime="20230526 19:37:25.904" endtime="20230526 19:37:25.963"/>
</kw>
<status status="PASS" starttime="20230526 19:37:25.904" endtime="20230526 19:37:25.963"/>
</kw>
<kw name="Then the page should contain the text &quot;Este email já está sendo usado&quot;" library="test_keywords_signup" sourcename="Then the page should contain the text &quot;${expected_text}&quot;">
<kw name="Wait Until Element Is Visible" library="SeleniumLibrary">
<arg>css=.alert-dismissible</arg>
<arg>timeout=10s</arg>
<doc>Waits until the element ``locator`` is visible.</doc>
<status status="PASS" starttime="20230526 19:37:25.964" endtime="20230526 19:37:26.195"/>
</kw>
<kw name="Element Should Be Visible" library="SeleniumLibrary">
<arg>css=.alert-dismissible</arg>
<doc>Verifies that the element identified by ``locator`` is visible.</doc>
<msg timestamp="20230526 19:37:26.213" level="INFO">Element 'css=.alert-dismissible' is displayed.</msg>
<status status="PASS" starttime="20230526 19:37:26.195" endtime="20230526 19:37:26.213"/>
</kw>
<kw name="Page Should Contain" library="SeleniumLibrary">
<arg>${expected_text}</arg>
<doc>Verifies that current page contains ``text``.</doc>
<msg timestamp="20230526 19:37:26.226" level="INFO">Current page contains text 'Este email já está sendo usado'.</msg>
<status status="PASS" starttime="20230526 19:37:26.213" endtime="20230526 19:37:26.226"/>
</kw>
<status status="PASS" starttime="20230526 19:37:25.963" endtime="20230526 19:37:26.226"/>
</kw>
<kw name="After Tests" library="test_keywords_common" type="TEARDOWN">
<kw name="Close Browser" library="SeleniumLibrary">
<doc>Closes the current browser.</doc>
<status status="PASS" starttime="20230526 19:37:26.227" endtime="20230526 19:37:26.282"/>
</kw>
<status status="PASS" starttime="20230526 19:37:26.226" endtime="20230526 19:37:26.282"/>
</kw>
<tag>ui</tag>
<status status="PASS" starttime="20230526 19:37:24.194" endtime="20230526 19:37:26.282"/>
</test>
<status status="PASS" starttime="20230526 19:37:19.603" endtime="20230526 19:37:26.283"/>
</suite>
<status status="PASS" starttime="20230526 19:37:19.601" endtime="20230526 19:37:26.284"/>
</suite>
<status status="PASS" starttime="20230526 19:37:18.587" endtime="20230526 19:37:26.285"/>
</suite>
<statistics>
<total>
<stat pass="8" fail="0" skip="0">All Tests</stat>
</total>
<tag>
<stat pass="5" fail="0" skip="0">api</stat>
<stat pass="3" fail="0" skip="0">ui</stat>
</tag>
<suite>
<stat pass="8" fail="0" skip="0" id="s1" name="Tests">Tests</stat>
<stat pass="5" fail="0" skip="0" id="s1-s1" name="Api">Tests.Api</stat>
<stat pass="5" fail="0" skip="0" id="s1-s1-s1" name="Test Api Users">Tests.Api.Test Api Users</stat>
<stat pass="3" fail="0" skip="0" id="s1-s2" name="Ui">Tests.Ui</stat>
<stat pass="3" fail="0" skip="0" id="s1-s2-s1" name="Test Ui Signup">Tests.Ui.Test Ui Signup</stat>
</suite>
</statistics>
<errors>
</errors>
</robot>
