<?xml version="1.0" encoding="UTF-8"?>
<robot generator="Robot 7.0 (Python 3.8.18 on linux)" generated="2024-03-26T00:10:04.885571" rpa="false" schemaversion="5">
<suite id="s1" name="Tests" source="/home/runner/work/gen-ai-robot-test/gen-ai-robot-test/tests">
<suite id="s1-s1" name="Api" source="/home/runner/work/gen-ai-robot-test/gen-ai-robot-test/tests/api">
<suite id="s1-s1-s1" name="Test Api Users" source="/home/runner/work/gen-ai-robot-test/gen-ai-robot-test/tests/api/test_api_users.robot">
<test id="s1-s1-s1-t1" name="Scenario: Get all registered users" line="9">
<kw name="Before Tests" owner="test_keywords_common" type="SETUP">
<kw name="Create Session" owner="RequestsLibrary">
<msg time="2024-03-26T00:10:05.344977" level="INFO">Creating Session using : alias=serverest, url=https://serverest.dev, headers={},                     cookies={}, auth=None, timeout=None, proxies=None, verify=False,                     debug=0 </msg>
<arg>serverest</arg>
<arg>${SERVER_BASE_URL}</arg>
<arg>disable_warnings=True</arg>
<doc>Create Session: create a HTTP session to a server</doc>
<status status="PASS" start="2024-03-26T00:10:05.344646" elapsed="0.000641"/>
</kw>
<status status="PASS" start="2024-03-26T00:10:05.343362" elapsed="0.002042"/>
</kw>
<kw name="When I request the list of all registered users" owner="test_keywords_users">
<kw name="GET On Session" owner="RequestsLibrary">
<msg time="2024-03-26T00:10:05.498739" level="INFO">GET Request : url=https://serverest.dev/usuarios 
 path_url=/usuarios 
 headers={'User-Agent': 'python-requests/2.31.0', 'Accept-Encoding': 'gzip, deflate', 'Accept': '*/*', 'Connection': 'keep-alive'} 
 body=None 
 </msg>
<msg time="2024-03-26T00:10:05.499055" level="INFO">GET Response : url=https://serverest.dev/usuarios 
 status=200, reason=OK 
 headers={'access-control-allow-origin': '*', 'x-dns-prefetch-control': 'off', 'x-frame-options': 'SAMEORIGIN', 'strict-transport-security': 'max-age=15552000; includeSubDomains', 'x-download-options': 'noopen', 'x-content-type-options': 'nosniff', 'x-xss-protection': '1; mode=block', 'content-type': 'application/json; charset=utf-8', 'X-Cloud-Trace-Context': '7f353c482fe59dbf3f4cd395a288acf2', 'Date': 'Tue, 26 Mar 2024 00:10:05 GMT', 'Server': 'Google Frontend', 'Content-Length': '50802'} 
 body={
    "quantidade": 237,
    "usuarios": [
        {
            "nome": "Fulano da Silva",
            "email": "beltrano@qp.com.br",
            "password": "teste",
            "administrador": "true",
            "_id": "09SyueQTkC7RV2za"
        },
        {
            "nome": "1",
            "email": "mariqa5@test.com",
            "password": "Mariqa@14",
            "administrador": "false",
            "_id": "0PnRFMo1KOUqvJ8B"
        },
        {
            "nome": "Fulano da Silva",
            "email": "jfwcdijm@qacodres.com.br",
            "password": "teste",
            "administrador": "true",
            "_id": "0TPL89OB2qjBe8Co"
        },
        {
            "nome": "Fulano da Silva",
            "email": "lwjf@emailteste.com",
            "password": "1234",
            "administrador": "true",
            "_id": "2BFxOZSnwWxqGAmL"
        },
        {
            "nome": "Felipe Dominato",
            "email": "felipe-qa@qa-login.com.br",
            "password": "teste",
            "administrador": "true",
            "_id": "2RXS35YNibE9DNA6"
        },
        {
            "nome": "Fulano da Silva",
            "email": "tyyy@emailteste.com",
            "password": "1234",
            "administrador": "true",
            "_id": "2lphklZkfam9qgj4"
        },
        {
            "nome": "Fulano da Silva",
            "email": "mhjqagxe@qacoders.com.br",
            "password": "teste",
            "administrador": "true",
            "_id": "2mPl6Y8oqbW682gi"
        },
        {
            "nome": "Seu Siriguejo",
            "email": "siri@hotmail.com.br",
            "password": "siri123",
            "administrador": "true",
            "_id": "2vu2T70BcVdq11FE"
        },
        {
            "nome": "Teste Quantidade",
            "email": "rafa29910@teste.com",
            "password": "123",
            "administrador": "true",
            "_id": "39chELZwIm9Dfjbb"
        },
        {
            "nome": "Fulano da Silva",
            "email": "blabla@qa.com.br",
            "password": "teste",
            "administrador": "true",
            "_id": "3CMGAktHSUYavSbS"
        },
        {
            "nome": "Kristen Will",
            "email": "rachaelemmerich@test.com",
            "password": "Test;123",
            "administrador": "true",
            "_id": "3L3pOcPYNjbX7k1n"
        },
        {
            "nome": "Teste Quantidade",
            "email": "rafa29903@teste.com",
            "password": "123",
            "administrador": "true",
            "_id": "4W2bx6OkrJmxefkK"
        },
        {
            "nome": "Robson Cerqueira",
            "email": "desafioquality@map.com",
            "password": "pwd123",
            "administrador": "true",
            "_id": "4mw8qudvk1pFBktb"
        },
        {
            "nome": "Randy.Cassin51",
            "email": "Tessie.Bailey@yahoo.com",
            "password": "195435564",
            "administrador": "true",
            "_id": "4nKhVnq1YZmRYK5r"
        },
        {
            "nome": "Fulano da Silva",
            "email": "beltrano@qa.com.br",
            "password": "teste",
            "administrador": "true",
            "_id": "4sXhangLW5oCR19n"
        },
        {
            "administrador": "true",
            "email": "0.05023321626971085@qa.com.br",
            "nome": "testeeee",
            "password": "teste",
            "_id": "55o0SauTHq6B8k4f"
        },
        {
            "nome": "Fulano",
            "email": "nqru@emailtest.com",
            "password": "1234",
            "administrador": "true",
            "_id": "581RlZmUWbe8EhZC"
        },
        {
            "nome": "Sandy Bochechas",
            "email": "bochechas@hotmail.com.br",
            "password": "sandy123",
            "administrador": "true",
            "_id": "5KttuQnIOFld5IO6"
        },
        {
            "nome": "Fulano da Silva",
            "email": "tpqbidqb@qacoders.com.br",
            "password": "teste",
            "administrador": "false",
            "_id": "5UUCzxzJvIL2ZLWP"
        },
        {
            "nome": "Rebeca Silva",
            "email": "MariaLuiza.Nogueira7@gmail.com",
            "password": "teste",
            "administrador": "true",
            "_id": "5uG023FjCUAep6ve"
        },
        {
            "administrador": "true",
            "email": "0.3811445316763495@qa.com.br",
            "nome": "testeeee",
            "password": "teste",
            "_id": "65jy9Bne8MBNL0UU"
        },
        {
            "nome": "Jessica",
            "email": "jessicxxxxzzza555@qa.com.br",
            "password": "teste",
            "administrador": "true",
            "_id": "6T9ouy28mcjhwG7j"
        },
        {
            "nome": "Felipe Dominato",
            "email": "felipe1-qa@qa-login.com.br",
            "password": "teste",
            "administrador": "true",
            "_id": "6dTjjRFbH0UrJHVA"
        },
        {
            "nome": "Fulano da Silva",
            "email": "nkygnysv@qacoders.com.br",
            "password": "teste",
            "administrador": "false",
            "_id": "6dv2UrOj716V0fJF"
        },
        {
            "nome": "Fulano da Silva",
            "email": "yjtqppvy@qacoders.com.br",
            "password": "teste",
            "administrador": "true",
            "_id": "6h71JOg5ywS6JXnF"
        },
        {
            "nome": "Felipe Dominato",
            "email": "felipe1-qa@qa-admin.com.br",
            "password": "teste",
            "administrador": "true",
            "_id": "7NDw7NOGB9n0TDqJ"
        },
        {
            "nome": "Fulano da Silva",
            "email": "uywtkwcs@qacoders.com.br",
            "password": "teste",
            "administrador": "true",
            "_id": "7O9pzfIuX6PoSDCm"
        },
        {
            "nome": "Fulano da Silva",
            "email": "yufk@emailteste.com",
            "password": "1234",
            "administrador": "true",
            "_id": "7WmAuFz3WxQXPFlz"
        },
        {
            "nome": "Fulano da Silva",
            "email": "fdpx@emailteste.com",
            "password": "1234",
            "administrador": "true",
            "_id": "7XETZISMhj0IfNzn"
        },
        {
            "nome": "Fulano da Silva",
            "email": "wflprrcl@qacoders.com.br",
            "password": "teste",
            "administrador": "true",
            "_id": "7ZfzSwuwD4I42jwg"
        },
        {
            "nome": "Fulano da ssssss",
            "email": "xxxxxxxx@qa.com.br",
            "password": "teste",
            "administrador": "true",
            "_id": "7gvR5Py8wQBxiFSX"
        },
        {
            "administrador": "true",
            "email": "fulano@qa.com",
            "nome": "Jessica",
            "password": "teste",
            "_id": "7igKPYMm5KusNGnR"
        },
        {
            "nome": "Fulano da Silva",
            "email": "ptbwgypw@qacoders.com.br",
            "password": "teste",
            "administrador": "true",
            "_id": "87eJpIUpJOYHvCng"
        },
        {
            "nome": "Fulano da Silva",
            "email": "yogo@emailteste.com",
            "password": "1234",
            "administrador": "true",
            "_id": "8z0REJhUR5QCd6wg"
        },
        {
            "nome": "Fulano da Silva",
            "email": "Davonte_Dare@gmail.com",
            "password": "teste",
            "administrador": "true",
            "_id": "92UPWREAODN1vrXU"
        },
        {
            "nome": "Fulano da Silva",
            "email": "oiby@emailteste.com",
            "password": "1234",
            "administrador": "true",
            "_id": "9AiSco9dywBE7SVs"
        },
        {
            "nome": "Fulano da Silva",
            "email": "okqz@emailteste.com",
            "password": "1234",
            "administrador": "true",
            "_id": "9lWicEJ4lSmU6v3T"
        },
        {
            "nome": "Fulano da Silva",
            "email": "blabla12@qa.com.br",
            "password": "teste",
            "administrador": "true",
            "_id": "A7aTW6HMshRuv5fv"
        },
        {
            "nome": "Fulano da Silva",
            "email": "fixn@emailteste.com",
            "password": "1234",
            "administrador": "true",
            "_id": "Ai8qJniGeIgxSAXz"
        },
        {
            "nome": "Fulano da Silva",
            "email": "qovq@emailteste.com",
            "password": "1234",
            "administrador": "true",
            "_id": "AqRHYU0cG7Yesj1o"
        },
        {
            "nome": "Fulano da Silva",
            "email": "lindinha@qa.com.br",
            "password": "teste",
            "administrador": "true",
            "_id": "Axw0EjP6FtJKe0aL"
        },
        {
            "nome": "Fulano",
            "email": "nrag@emailtest.com",
            "password": "1234",
            "administrador": "true",
            "_id": "AyxFoDUklLvdLDgV"
        },
        {
            "nome": "Fulano da Silva",
            "email": "npphltag@qacoders.com.br",
            "password": "teste",
            "administrador": "false",
            "_id": "B6dxoWjD334pXOV2"
        },
        {
            "nome": "Fulano da Silva",
            "email": "dcphmzat@qacoders.com.br",
            "password": "teste",
            "administrador": "true",
            "_id": "BB69b9Yqh1UChnG5"
        },
        {
            "nome": "Laura",
            "email": "laura.wilkinson_17113962881162927@qautomation.com.br",
            "password": "Teste123",
            "administrador": "true",
            "_id": "BKXkZFHp4Are0OPv"
        },
        {
            "nome": "Fulano da Silva",
            "email": "Trevor92@yahoo.com",
            "password": "teste",
            "administrador": "true",
            "_id": "CAgDI17lAZkifst4"
        },
        {
            "nome": "Nathan Orn DDS",
            "email": "nathanorndds@test.com",
            "password": "Test;123",
  ... (set the log level to DEBUG or TRACE to see the full content) 
 </msg>
<msg time="2024-03-26T00:10:05.499526" level="INFO">${response} = &lt;Response [200]&gt;</msg>
<var>${response}</var>
<arg>serverest</arg>
<arg>${USERS_API_ENDPOINT}</arg>
<doc>Sends a GET request on a previously created HTTP Session.</doc>
<status status="PASS" start="2024-03-26T00:10:05.345868" elapsed="0.153698"/>
</kw>
<kw name="Set Test Variable" owner="BuiltIn">
<msg time="2024-03-26T00:10:05.500116" level="INFO">${response} = &lt;Response [200]&gt;</msg>
<arg>${response}</arg>
<doc>Makes a variable available everywhere within the scope of the current test.</doc>
<status status="PASS" start="2024-03-26T00:10:05.499810" elapsed="0.000358"/>
</kw>
<status status="PASS" start="2024-03-26T00:10:05.345590" elapsed="0.154664"/>
</kw>
<kw name="Then the response status code should be 200" owner="test_keywords_users" source_name="Then the response status code should be ${status_code}">
<kw name="Should Be Equal As Numbers" owner="BuiltIn">
<msg time="2024-03-26T00:10:05.501307" level="INFO">Argument types are:
&lt;class 'int'&gt;
&lt;class 'str'&gt;</msg>
<arg>${response.status_code}</arg>
<arg>${status_code}</arg>
<doc>Fails if objects are unequal after converting them to real numbers.</doc>
<status status="PASS" start="2024-03-26T00:10:05.500782" elapsed="0.000597"/>
</kw>
<kw name="Should Be True" owner="BuiltIn">
<arg>${response.json()}</arg>
<doc>Fails if the given condition is not true.</doc>
<status status="PASS" start="2024-03-26T00:10:05.501525" elapsed="0.000843"/>
</kw>
<status status="PASS" start="2024-03-26T00:10:05.500459" elapsed="0.001991"/>
</kw>
<kw name="And the response body should not be empty" owner="test_keywords_users">
<kw name="Should Not Be Empty" owner="BuiltIn">
<msg time="2024-03-26T00:10:05.503602" level="INFO">Length is 2.</msg>
<arg>${response.json()}</arg>
<doc>Verifies that the given item is not empty.</doc>
<status status="PASS" start="2024-03-26T00:10:05.502881" elapsed="0.000790"/>
</kw>
<status status="PASS" start="2024-03-26T00:10:05.502610" elapsed="0.001139"/>
</kw>
<tag>api</tag>
<status status="PASS" start="2024-03-26T00:10:05.342585" elapsed="0.161297"/>
</test>
<test id="s1-s1-s1-t2" name="Scenario: Create a new user" line="15">
<kw name="Before Tests" owner="test_keywords_common" type="SETUP">
<kw name="Create Session" owner="RequestsLibrary">
<msg time="2024-03-26T00:10:05.505085" level="INFO">Creating Session using : alias=serverest, url=https://serverest.dev, headers={},                     cookies={}, auth=None, timeout=None, proxies=None, verify=False,                     debug=0 </msg>
<arg>serverest</arg>
<arg>${SERVER_BASE_URL}</arg>
<arg>disable_warnings=True</arg>
<doc>Create Session: create a HTTP session to a server</doc>
<status status="PASS" start="2024-03-26T00:10:05.504833" elapsed="0.000447"/>
</kw>
<status status="PASS" start="2024-03-26T00:10:05.504578" elapsed="0.000785"/>
</kw>
<kw name="Given I have a valid user data" owner="test_keywords_users">
<kw name="Name" owner="FakerLibrary">
<msg time="2024-03-26T00:10:05.506167" level="INFO">${name} = Anna George</msg>
<var>${name}</var>
<doc>:example: 'John Doe'</doc>
<status status="PASS" start="2024-03-26T00:10:05.505808" elapsed="0.000388"/>
</kw>
<kw name="Email" owner="FakerLibrary">
<msg time="2024-03-26T00:10:05.506668" level="INFO">${email} = melissataylor@example.org</msg>
<var>${email}</var>
<status status="PASS" start="2024-03-26T00:10:05.506331" elapsed="0.000366"/>
</kw>
<kw name="Password" owner="FakerLibrary">
<msg time="2024-03-26T00:10:05.507103" level="INFO">${password} = 1Z84pEdxDHKe</msg>
<var>${password}</var>
<arg>length=12</arg>
<arg>special_chars=False</arg>
<doc>Generate a random password of the specified ``length``.</doc>
<status status="PASS" start="2024-03-26T00:10:05.506830" elapsed="0.000302"/>
</kw>
<kw name="Set Suite Variable" owner="BuiltIn">
<msg time="2024-03-26T00:10:05.507502" level="INFO">${name} = Anna George</msg>
<arg>${name}</arg>
<doc>Makes a variable available everywhere within the scope of the current suite.</doc>
<status status="PASS" start="2024-03-26T00:10:05.507282" elapsed="0.000264"/>
</kw>
<kw name="Set Suite Variable" owner="BuiltIn">
<msg time="2024-03-26T00:10:05.507875" level="INFO">${email} = melissataylor@example.org</msg>
<arg>${email}</arg>
<doc>Makes a variable available everywhere within the scope of the current suite.</doc>
<status status="PASS" start="2024-03-26T00:10:05.507685" elapsed="0.000232"/>
</kw>
<kw name="Set Suite Variable" owner="BuiltIn">
<msg time="2024-03-26T00:10:05.508238" level="INFO">${password} = 1Z84pEdxDHKe</msg>
<arg>${password}</arg>
<doc>Makes a variable available everywhere within the scope of the current suite.</doc>
<status status="PASS" start="2024-03-26T00:10:05.508050" elapsed="0.000229"/>
</kw>
<status status="PASS" start="2024-03-26T00:10:05.505553" elapsed="0.002794"/>
</kw>
<kw name="When I create the user" owner="test_keywords_users">
<kw name="Create Dictionary" owner="BuiltIn">
<msg time="2024-03-26T00:10:05.509191" level="INFO">${payload} = {'nome': 'Anna George', 'email': 'melissataylor@example.org', 'password': '1Z84pEdxDHKe', 'administrador': 'false'}</msg>
<var>${payload}</var>
<arg>nome=${name}</arg>
<arg>email=${email}</arg>
<arg>password=${password}</arg>
<arg>administrador=false</arg>
<doc>Creates and returns a dictionary based on the given ``items``.</doc>
<status status="PASS" start="2024-03-26T00:10:05.508782" elapsed="0.000437"/>
</kw>
<kw name="Create Dictionary" owner="BuiltIn">
<msg time="2024-03-26T00:10:05.509548" level="INFO">${headers} = {'Content-Type': 'application/json'}</msg>
<var>${headers}</var>
<arg>Content-Type=application/json</arg>
<doc>Creates and returns a dictionary based on the given ``items``.</doc>
<status status="PASS" start="2024-03-26T00:10:05.509374" elapsed="0.000200"/>
</kw>
<kw name="POST On Session" owner="RequestsLibrary">
<msg time="2024-03-26T00:10:05.562849" level="INFO">POST Request : url=https://serverest.dev/usuarios 
 path_url=/usuarios 
 headers={'User-Agent': 'python-requests/2.31.0', 'Accept-Encoding': 'gzip, deflate', 'Accept': '*/*', 'Connection': 'keep-alive', 'Content-Type': 'application/json', 'Content-Length': '115'} 
 body=b'{"nome": "Anna George", "email": "melissataylor@example.org", "password": "1Z84pEdxDHKe", "administrador": "false"}' 
 </msg>
<msg time="2024-03-26T00:10:05.562925" level="INFO">POST Response : url=https://serverest.dev/usuarios 
 status=201, reason=Created 
 headers={'access-control-allow-origin': '*', 'x-dns-prefetch-control': 'off', 'x-frame-options': 'SAMEORIGIN', 'strict-transport-security': 'max-age=15552000; includeSubDomains', 'x-download-options': 'noopen', 'x-content-type-options': 'nosniff', 'x-xss-protection': '1; mode=block', 'content-type': 'application/json; charset=utf-8', 'X-Cloud-Trace-Context': '2ed6e3df4fd30d17a585b378bca4798c', 'Date': 'Tue, 26 Mar 2024 00:10:05 GMT', 'Server': 'Google Frontend', 'Content-Length': '82'} 
 body={
    "message": "Cadastro realizado com sucesso",
    "_id": "19uqAhWp1aFl314x"
} 
 </msg>
<msg time="2024-03-26T00:10:05.563047" level="INFO">${response} = &lt;Response [201]&gt;</msg>
<var>${response}</var>
<arg>serverest</arg>
<arg>${USERS_API_ENDPOINT}</arg>
<arg>json=${payload}</arg>
<arg>headers=${headers}</arg>
<doc>Sends a POST request on a previously created HTTP Session.</doc>
<status status="PASS" start="2024-03-26T00:10:05.509709" elapsed="0.053368"/>
</kw>
<kw name="Set Variable" owner="BuiltIn">
<msg time="2024-03-26T00:10:05.563784" level="INFO">${user_id} = 19uqAhWp1aFl314x</msg>
<var>${user_id}</var>
<arg>${response.json()['_id']}</arg>
<doc>Returns the given values which can then be assigned to a variables.</doc>
<status status="PASS" start="2024-03-26T00:10:05.563251" elapsed="0.000563"/>
</kw>
<kw name="Set Global Variable" owner="BuiltIn">
<msg time="2024-03-26T00:10:05.564251" level="INFO">${USER_ID} = 19uqAhWp1aFl314x</msg>
<arg>${USER_ID}</arg>
<arg>${user_id}</arg>
<doc>Makes a variable available globally in all tests and suites.</doc>
<status status="PASS" start="2024-03-26T00:10:05.563980" elapsed="0.000316"/>
</kw>
<kw name="Set Test Variable" owner="BuiltIn">
<msg time="2024-03-26T00:10:05.564645" level="INFO">${response} = &lt;Response [201]&gt;</msg>
<arg>${response}</arg>
<doc>Makes a variable available everywhere within the scope of the current test.</doc>
<status status="PASS" start="2024-03-26T00:10:05.564451" elapsed="0.000276"/>
</kw>
<status status="PASS" start="2024-03-26T00:10:05.508524" elapsed="0.056281"/>
</kw>
<kw name="Then the response status code should be 201" owner="test_keywords_users" source_name="Then the response status code should be ${status_code}">
<kw name="Should Be Equal As Numbers" owner="BuiltIn">
<msg time="2024-03-26T00:10:05.565742" level="INFO">Argument types are:
&lt;class 'int'&gt;
&lt;class 'str'&gt;</msg>
<arg>${response.status_code}</arg>
<arg>${status_code}</arg>
<doc>Fails if objects are unequal after converting them to real numbers.</doc>
<status status="PASS" start="2024-03-26T00:10:05.565285" elapsed="0.000522"/>
</kw>
<kw name="Should Be True" owner="BuiltIn">
<arg>${response.json()}</arg>
<doc>Fails if the given condition is not true.</doc>
<status status="PASS" start="2024-03-26T00:10:05.565954" elapsed="0.000441"/>
</kw>
<status status="PASS" start="2024-03-26T00:10:05.564988" elapsed="0.001485"/>
</kw>
<kw name="And the response body should not be empty" owner="test_keywords_users">
<kw name="Should Not Be Empty" owner="BuiltIn">
<msg time="2024-03-26T00:10:05.567334" level="INFO">Length is 2.</msg>
<arg>${response.json()}</arg>
<doc>Verifies that the given item is not empty.</doc>
<status status="PASS" start="2024-03-26T00:10:05.566892" elapsed="0.000496"/>
</kw>
<status status="PASS" start="2024-03-26T00:10:05.566631" elapsed="0.000832"/>
</kw>
<tag>api</tag>
<status status="PASS" start="2024-03-26T00:10:05.504181" elapsed="0.063397"/>
</test>
<test id="s1-s1-s1-t3" name="Scenario: Get a specific user informations" line="22">
<kw name="Before Tests" owner="test_keywords_common" type="SETUP">
<kw name="Create Session" owner="RequestsLibrary">
<msg time="2024-03-26T00:10:05.568741" level="INFO">Creating Session using : alias=serverest, url=https://serverest.dev, headers={},                     cookies={}, auth=None, timeout=None, proxies=None, verify=False,                     debug=0 </msg>
<arg>serverest</arg>
<arg>${SERVER_BASE_URL}</arg>
<arg>disable_warnings=True</arg>
<doc>Create Session: create a HTTP session to a server</doc>
<status status="PASS" start="2024-03-26T00:10:05.568500" elapsed="0.000419"/>
</kw>
<status status="PASS" start="2024-03-26T00:10:05.568250" elapsed="0.000753"/>
</kw>
<kw name="When I request the created user" owner="test_keywords_users">
<kw name="GET On Session" owner="RequestsLibrary">
<msg time="2024-03-26T00:10:05.619699" level="INFO">GET Request : url=https://serverest.dev/usuarios/19uqAhWp1aFl314x 
 path_url=/usuarios/19uqAhWp1aFl314x 
 headers={'User-Agent': 'python-requests/2.31.0', 'Accept-Encoding': 'gzip, deflate', 'Accept': '*/*', 'Connection': 'keep-alive'} 
 body=None 
 </msg>
<msg time="2024-03-26T00:10:05.619782" level="INFO">GET Response : url=https://serverest.dev/usuarios/19uqAhWp1aFl314x 
 status=200, reason=OK 
 headers={'access-control-allow-origin': '*', 'x-dns-prefetch-control': 'off', 'x-frame-options': 'SAMEORIGIN', 'strict-transport-security': 'max-age=15552000; includeSubDomains', 'x-download-options': 'noopen', 'x-content-type-options': 'nosniff', 'x-xss-protection': '1; mode=block', 'content-type': 'application/json; charset=utf-8', 'X-Cloud-Trace-Context': '1b1df4e31b925e10c3a3760c1fd67162', 'Date': 'Tue, 26 Mar 2024 00:10:05 GMT', 'Server': 'Google Frontend', 'Content-Length': '164'} 
 body={
    "nome": "Anna George",
    "email": "melissataylor@example.org",
    "password": "1Z84pEdxDHKe",
    "administrador": "false",
    "_id": "19uqAhWp1aFl314x"
} 
 </msg>
<msg time="2024-03-26T00:10:05.619905" level="INFO">${response} = &lt;Response [200]&gt;</msg>
<var>${response}</var>
<arg>serverest</arg>
<arg>${USERS_API_ENDPOINT}/${USER_ID}</arg>
<doc>Sends a GET request on a previously created HTTP Session.</doc>
<status status="PASS" start="2024-03-26T00:10:05.569429" elapsed="0.050512"/>
</kw>
<kw name="Set Test Variable" owner="BuiltIn">
<msg time="2024-03-26T00:10:05.620314" level="INFO">${response} = &lt;Response [200]&gt;</msg>
<arg>${response}</arg>
<doc>Makes a variable available everywhere within the scope of the current test.</doc>
<status status="PASS" start="2024-03-26T00:10:05.620107" elapsed="0.000252"/>
</kw>
<status status="PASS" start="2024-03-26T00:10:05.569176" elapsed="0.051258"/>
</kw>
<kw name="Then the response status code should be 200" owner="test_keywords_users" source_name="Then the response status code should be ${status_code}">
<kw name="Should Be Equal As Numbers" owner="BuiltIn">
<msg time="2024-03-26T00:10:05.621376" level="INFO">Argument types are:
&lt;class 'int'&gt;
&lt;class 'str'&gt;</msg>
<arg>${response.status_code}</arg>
<arg>${status_code}</arg>
<doc>Fails if objects are unequal after converting them to real numbers.</doc>
<status status="PASS" start="2024-03-26T00:10:05.620912" elapsed="0.000529"/>
</kw>
<kw name="Should Be True" owner="BuiltIn">
<arg>${response.json()}</arg>
<doc>Fails if the given condition is not true.</doc>
<status status="PASS" start="2024-03-26T00:10:05.621587" elapsed="0.000450"/>
</kw>
<status status="PASS" start="2024-03-26T00:10:05.620609" elapsed="0.001507"/>
</kw>
<kw name="And the response body should not be empty" owner="test_keywords_users">
<kw name="Should Not Be Empty" owner="BuiltIn">
<msg time="2024-03-26T00:10:05.622974" level="INFO">Length is 5.</msg>
<arg>${response.json()}</arg>
<doc>Verifies that the given item is not empty.</doc>
<status status="PASS" start="2024-03-26T00:10:05.622543" elapsed="0.000483"/>
</kw>
<status status="PASS" start="2024-03-26T00:10:05.622276" elapsed="0.000827"/>
</kw>
<tag>api</tag>
<status status="PASS" start="2024-03-26T00:10:05.567846" elapsed="0.055375"/>
</test>
<test id="s1-s1-s1-t4" name="Scenario: Update the created user" line="28">
<kw name="Before Tests" owner="test_keywords_common" type="SETUP">
<kw name="Create Session" owner="RequestsLibrary">
<msg time="2024-03-26T00:10:05.624401" level="INFO">Creating Session using : alias=serverest, url=https://serverest.dev, headers={},                     cookies={}, auth=None, timeout=None, proxies=None, verify=False,                     debug=0 </msg>
<arg>serverest</arg>
<arg>${SERVER_BASE_URL}</arg>
<arg>disable_warnings=True</arg>
<doc>Create Session: create a HTTP session to a server</doc>
<status status="PASS" start="2024-03-26T00:10:05.624164" elapsed="0.000410"/>
</kw>
<status status="PASS" start="2024-03-26T00:10:05.623909" elapsed="0.000750"/>
</kw>
<kw name="When I update the created user" owner="test_keywords_users">
<kw name="Create Dictionary" owner="BuiltIn">
<msg time="2024-03-26T00:10:05.625482" level="INFO">${payload} = {'nome': 'John Smith', 'email': 'john.smith@example.com', 'password': 'P@ssw0rd123', 'administrador': 'false'}</msg>
<var>${payload}</var>
<arg>nome=John Smith</arg>
<arg>email=john.smith@example.com</arg>
<arg>password=P@ssw0rd123</arg>
<arg>administrador=false</arg>
<doc>Creates and returns a dictionary based on the given ``items``.</doc>
<status status="PASS" start="2024-03-26T00:10:05.625112" elapsed="0.000400"/>
</kw>
<kw name="Create Dictionary" owner="BuiltIn">
<msg time="2024-03-26T00:10:05.625848" level="INFO">${headers} = {'Content-Type': 'application/json'}</msg>
<var>${headers}</var>
<arg>Content-Type=application/json</arg>
<doc>Creates and returns a dictionary based on the given ``items``.</doc>
<status status="PASS" start="2024-03-26T00:10:05.625670" elapsed="0.000206"/>
</kw>
<kw name="PUT On Session" owner="RequestsLibrary">
<msg time="2024-03-26T00:10:05.678637" level="INFO">PUT Request : url=https://serverest.dev/usuarios/19uqAhWp1aFl314x 
 path_url=/usuarios/19uqAhWp1aFl314x 
 headers={'User-Agent': 'python-requests/2.31.0', 'Accept-Encoding': 'gzip, deflate', 'Accept': '*/*', 'Connection': 'keep-alive', 'Content-Type': 'application/json', 'Content-Length': '110'} 
 body=b'{"nome": "John Smith", "email": "john.smith@example.com", "password": "P@ssw0rd123", "administrador": "false"}' 
 </msg>
<msg time="2024-03-26T00:10:05.678758" level="INFO">PUT Response : url=https://serverest.dev/usuarios/19uqAhWp1aFl314x 
 status=200, reason=OK 
 headers={'access-control-allow-origin': '*', 'x-dns-prefetch-control': 'off', 'x-frame-options': 'SAMEORIGIN', 'strict-transport-security': 'max-age=15552000; includeSubDomains', 'x-download-options': 'noopen', 'x-content-type-options': 'nosniff', 'x-xss-protection': '1; mode=block', 'content-type': 'application/json; charset=utf-8', 'X-Cloud-Trace-Context': 'a09d832bbf95251c636e65e450aa293d', 'Date': 'Tue, 26 Mar 2024 00:10:05 GMT', 'Server': 'Google Frontend', 'Content-Length': '50'} 
 body={
    "message": "Registro alterado com sucesso"
} 
 </msg>
<msg time="2024-03-26T00:10:05.678895" level="INFO">${response} = &lt;Response [200]&gt;</msg>
<var>${response}</var>
<arg>serverest</arg>
<arg>${USERS_API_ENDPOINT}/${USER_ID}</arg>
<arg>json=${payload}</arg>
<arg>headers=${headers}</arg>
<doc>Sends a PUT request on a previously created HTTP Session.</doc>
<status status="PASS" start="2024-03-26T00:10:05.626013" elapsed="0.052919"/>
</kw>
<kw name="Set Test Variable" owner="BuiltIn">
<msg time="2024-03-26T00:10:05.679385" level="INFO">${response} = &lt;Response [200]&gt;</msg>
<arg>${response}</arg>
<doc>Makes a variable available everywhere within the scope of the current test.</doc>
<status status="PASS" start="2024-03-26T00:10:05.679128" elapsed="0.000306"/>
</kw>
<status status="PASS" start="2024-03-26T00:10:05.624840" elapsed="0.054674"/>
</kw>
<kw name="Then the response status code should be 200" owner="test_keywords_users" source_name="Then the response status code should be ${status_code}">
<kw name="Should Be Equal As Numbers" owner="BuiltIn">
<msg time="2024-03-26T00:10:05.680467" level="INFO">Argument types are:
&lt;class 'int'&gt;
&lt;class 'str'&gt;</msg>
<arg>${response.status_code}</arg>
<arg>${status_code}</arg>
<doc>Fails if objects are unequal after converting them to real numbers.</doc>
<status status="PASS" start="2024-03-26T00:10:05.679994" elapsed="0.000537"/>
</kw>
<kw name="Should Be True" owner="BuiltIn">
<arg>${response.json()}</arg>
<doc>Fails if the given condition is not true.</doc>
<status status="PASS" start="2024-03-26T00:10:05.680679" elapsed="0.000454"/>
</kw>
<status status="PASS" start="2024-03-26T00:10:05.679693" elapsed="0.001521"/>
</kw>
<kw name="And the response body should not be empty" owner="test_keywords_users">
<kw name="Should Not Be Empty" owner="BuiltIn">
<msg time="2024-03-26T00:10:05.682072" level="INFO">Length is 1.</msg>
<arg>${response.json()}</arg>
<doc>Verifies that the given item is not empty.</doc>
<status status="PASS" start="2024-03-26T00:10:05.681645" elapsed="0.000479"/>
</kw>
<status status="PASS" start="2024-03-26T00:10:05.681373" elapsed="0.000840"/>
</kw>
<tag>api</tag>
<status status="PASS" start="2024-03-26T00:10:05.623514" elapsed="0.058814"/>
</test>
<test id="s1-s1-s1-t5" name="Scenario: Delete the created user" line="34">
<kw name="Before Tests" owner="test_keywords_common" type="SETUP">
<kw name="Create Session" owner="RequestsLibrary">
<msg time="2024-03-26T00:10:05.683547" level="INFO">Creating Session using : alias=serverest, url=https://serverest.dev, headers={},                     cookies={}, auth=None, timeout=None, proxies=None, verify=False,                     debug=0 </msg>
<arg>serverest</arg>
<arg>${SERVER_BASE_URL}</arg>
<arg>disable_warnings=True</arg>
<doc>Create Session: create a HTTP session to a server</doc>
<status status="PASS" start="2024-03-26T00:10:05.683294" elapsed="0.000439"/>
</kw>
<status status="PASS" start="2024-03-26T00:10:05.683035" elapsed="0.000783"/>
</kw>
<kw name="When I delete the created user" owner="test_keywords_users">
<kw name="DELETE On Session" owner="RequestsLibrary">
<msg time="2024-03-26T00:10:05.735577" level="INFO">DELETE Request : url=https://serverest.dev/usuarios/19uqAhWp1aFl314x 
 path_url=/usuarios/19uqAhWp1aFl314x 
 headers={'User-Agent': 'python-requests/2.31.0', 'Accept-Encoding': 'gzip, deflate', 'Accept': '*/*', 'Connection': 'keep-alive', 'Content-Length': '0'} 
 body=None 
 </msg>
<msg time="2024-03-26T00:10:05.735670" level="INFO">DELETE Response : url=https://serverest.dev/usuarios/19uqAhWp1aFl314x 
 status=200, reason=OK 
 headers={'access-control-allow-origin': '*', 'x-dns-prefetch-control': 'off', 'x-frame-options': 'SAMEORIGIN', 'strict-transport-security': 'max-age=15552000; includeSubDomains', 'x-download-options': 'noopen', 'x-content-type-options': 'nosniff', 'x-xss-protection': '1; mode=block', 'content-type': 'application/json; charset=utf-8', 'X-Cloud-Trace-Context': '27ad765b9858374b2526d866c527f9bd', 'Date': 'Tue, 26 Mar 2024 00:10:05 GMT', 'Server': 'Google Frontend', 'Content-Length': '51'} 
 body={
    "message": "Registro excluído com sucesso"
} 
 </msg>
<msg time="2024-03-26T00:10:05.735804" level="INFO">${response} = &lt;Response [200]&gt;</msg>
<var>${response}</var>
<arg>serverest</arg>
<arg>${USERS_API_ENDPOINT}/${USER_ID}</arg>
<doc>Sends a DELETE request on a previously created HTTP Session.</doc>
<status status="PASS" start="2024-03-26T00:10:05.684262" elapsed="0.051579"/>
</kw>
<kw name="Set Test Variable" owner="BuiltIn">
<msg time="2024-03-26T00:10:05.736340" level="INFO">${response} = &lt;Response [200]&gt;</msg>
<arg>${response}</arg>
<doc>Makes a variable available everywhere within the scope of the current test.</doc>
<status status="PASS" start="2024-03-26T00:10:05.736092" elapsed="0.000298"/>
</kw>
<status status="PASS" start="2024-03-26T00:10:05.683991" elapsed="0.052492"/>
</kw>
<kw name="Then the response status code should be 200" owner="test_keywords_users" source_name="Then the response status code should be ${status_code}">
<kw name="Should Be Equal As Numbers" owner="BuiltIn">
<msg time="2024-03-26T00:10:05.737489" level="INFO">Argument types are:
&lt;class 'int'&gt;
&lt;class 'str'&gt;</msg>
<arg>${response.status_code}</arg>
<arg>${status_code}</arg>
<doc>Fails if objects are unequal after converting them to real numbers.</doc>
<status status="PASS" start="2024-03-26T00:10:05.736994" elapsed="0.000560"/>
</kw>
<kw name="Should Be True" owner="BuiltIn">
<arg>${response.json()}</arg>
<doc>Fails if the given condition is not true.</doc>
<status status="PASS" start="2024-03-26T00:10:05.737704" elapsed="0.000458"/>
</kw>
<status status="PASS" start="2024-03-26T00:10:05.736675" elapsed="0.001567"/>
</kw>
<kw name="And the response body should not be empty" owner="test_keywords_users">
<kw name="Should Not Be Empty" owner="BuiltIn">
<msg time="2024-03-26T00:10:05.739098" level="INFO">Length is 1.</msg>
<arg>${response.json()}</arg>
<doc>Verifies that the given item is not empty.</doc>
<status status="PASS" start="2024-03-26T00:10:05.738669" elapsed="0.000480"/>
</kw>
<status status="PASS" start="2024-03-26T00:10:05.738403" elapsed="0.000822"/>
</kw>
<tag>api</tag>
<status status="PASS" start="2024-03-26T00:10:05.682619" elapsed="0.056742"/>
</test>
<status status="PASS" start="2024-03-26T00:10:04.907229" elapsed="0.832626"/>
</suite>
<status status="PASS" start="2024-03-26T00:10:04.906122" elapsed="0.834438"/>
</suite>
<suite id="s1-s2" name="E2E" source="/home/runner/work/gen-ai-robot-test/gen-ai-robot-test/tests/e2e">
<suite id="s1-s2-s1" name="Test Ui Signup" source="/home/runner/work/gen-ai-robot-test/gen-ai-robot-test/tests/e2e/test_ui_signup.robot">
<test id="s1-s2-s1-t1" name="Scenario: Signup with empty fields" line="10">
<kw name="Before Tests" owner="test_keywords_common" type="SETUP">
<kw name="Open Browser" owner="SeleniumLibrary">
<msg time="2024-03-26T00:10:05.749178" level="INFO">Opening browser 'headless Chrome' to base url 'https://front.serverest.dev/'.</msg>
<arg>${SERVER_BASE_URL}</arg>
<arg>${HEADLESS} ${BROWSER}</arg>
<doc>Opens a new browser instance to the optional ``url``.</doc>
<status status="PASS" start="2024-03-26T00:10:05.748917" elapsed="11.947097"/>
</kw>
<kw name="Maximize Browser Window" owner="SeleniumLibrary">
<doc>Maximizes current browser window.</doc>
<status status="PASS" start="2024-03-26T00:10:17.696782" elapsed="0.104216"/>
</kw>
<status status="PASS" start="2024-03-26T00:10:05.748608" elapsed="12.052617"/>
</kw>
<kw name="Given Im on the signup page" owner="test_keywords_signup">
<kw name="Location Should Be" owner="SeleniumLibrary">
<msg time="2024-03-26T00:10:17.807186" level="INFO">Current location is 'https://front.serverest.dev/login'.</msg>
<arg>https://front.serverest.dev/login</arg>
<doc>Verifies that the current URL is exactly ``url``.</doc>
<status status="PASS" start="2024-03-26T00:10:17.802271" elapsed="0.005075"/>
</kw>
<kw name="Click Element" owner="SeleniumLibrary">
<msg time="2024-03-26T00:10:17.808384" level="INFO">Clicking element 'css=a.btn.btn-link'.</msg>
<arg>css=a.btn.btn-link</arg>
<doc>Click the element identified by ``locator``.</doc>
<status status="PASS" start="2024-03-26T00:10:17.807637" elapsed="0.147466"/>
</kw>
<status status="PASS" start="2024-03-26T00:10:17.801698" elapsed="0.153599"/>
</kw>
<kw name="When I click in signup" owner="test_keywords_signup">
<kw name="Click Button" owner="SeleniumLibrary">
<msg time="2024-03-26T00:10:17.956364" level="INFO">Clicking button 'css=.btn.btn-primary'.</msg>
<arg>css=.btn.btn-primary</arg>
<doc>Clicks the button identified by ``locator``.</doc>
<status status="PASS" start="2024-03-26T00:10:17.956093" elapsed="0.207586"/>
</kw>
<status status="PASS" start="2024-03-26T00:10:17.955649" elapsed="0.208219"/>
</kw>
<kw name="Then required field messages should be displayed" owner="test_keywords_signup">
<kw name="Wait Until Element Is Visible" owner="SeleniumLibrary">
<arg>css=.alert-dismissible</arg>
<arg>timeout=10s</arg>
<doc>Waits until the element ``locator`` is visible.</doc>
<status status="PASS" start="2024-03-26T00:10:18.164708" elapsed="0.226854"/>
</kw>
<kw name="Element Should Be Visible" owner="SeleniumLibrary">
<msg time="2024-03-26T00:10:18.405415" level="INFO">Element 'css=.alert-dismissible' is displayed.</msg>
<arg>css=.alert-dismissible</arg>
<doc>Verifies that the element identified by ``locator`` is visible.</doc>
<status status="PASS" start="2024-03-26T00:10:18.391885" elapsed="0.013609"/>
</kw>
<kw name="Page Should Contain" owner="SeleniumLibrary">
<msg time="2024-03-26T00:10:18.457962" level="INFO">Current page contains text 'Nome é obrigatório'.</msg>
<arg>Nome é obrigatório</arg>
<doc>Verifies that current page contains ``text``.</doc>
<status status="PASS" start="2024-03-26T00:10:18.405706" elapsed="0.052387"/>
</kw>
<kw name="Page Should Contain" owner="SeleniumLibrary">
<msg time="2024-03-26T00:10:18.468117" level="INFO">Current page contains text 'Email é obrigatório'.</msg>
<arg>Email é obrigatório</arg>
<doc>Verifies that current page contains ``text``.</doc>
<status status="PASS" start="2024-03-26T00:10:18.458365" elapsed="0.009826"/>
</kw>
<kw name="Page Should Contain" owner="SeleniumLibrary">
<msg time="2024-03-26T00:10:18.478837" level="INFO">Current page contains text 'Password é obrigatório'.</msg>
<arg>Password é obrigatório</arg>
<doc>Verifies that current page contains ``text``.</doc>
<status status="PASS" start="2024-03-26T00:10:18.468381" elapsed="0.010541"/>
</kw>
<status status="PASS" start="2024-03-26T00:10:18.164173" elapsed="0.314861"/>
</kw>
<kw name="After Tests" owner="test_keywords_common" type="TEARDOWN">
<kw name="Close Browser" owner="SeleniumLibrary">
<doc>Closes the current browser.</doc>
<status status="PASS" start="2024-03-26T00:10:18.479797" elapsed="0.071633"/>
</kw>
<status status="PASS" start="2024-03-26T00:10:18.479436" elapsed="0.072153"/>
</kw>
<tag>e2e</tag>
<status status="PASS" start="2024-03-26T00:10:05.748128" elapsed="12.803545"/>
</test>
<test id="s1-s2-s1-t2" name="Scenario: Signup done successfully" line="16">
<kw name="Before Tests" owner="test_keywords_common" type="SETUP">
<kw name="Open Browser" owner="SeleniumLibrary">
<msg time="2024-03-26T00:10:18.553364" level="INFO">Opening browser 'headless Chrome' to base url 'https://front.serverest.dev/'.</msg>
<arg>${SERVER_BASE_URL}</arg>
<arg>${HEADLESS} ${BROWSER}</arg>
<doc>Opens a new browser instance to the optional ``url``.</doc>
<status status="PASS" start="2024-03-26T00:10:18.553053" elapsed="0.806176"/>
</kw>
<kw name="Maximize Browser Window" owner="SeleniumLibrary">
<doc>Maximizes current browser window.</doc>
<status status="PASS" start="2024-03-26T00:10:19.360059" elapsed="0.104659"/>
</kw>
<status status="PASS" start="2024-03-26T00:10:18.552679" elapsed="0.912320"/>
</kw>
<kw name="Given Im on the signup page" owner="test_keywords_signup">
<kw name="Location Should Be" owner="SeleniumLibrary">
<msg time="2024-03-26T00:10:19.470684" level="INFO">Current location is 'https://front.serverest.dev/login'.</msg>
<arg>https://front.serverest.dev/login</arg>
<doc>Verifies that the current URL is exactly ``url``.</doc>
<status status="PASS" start="2024-03-26T00:10:19.466240" elapsed="0.004551"/>
</kw>
<kw name="Click Element" owner="SeleniumLibrary">
<msg time="2024-03-26T00:10:19.471340" level="INFO">Clicking element 'css=a.btn.btn-link'.</msg>
<arg>css=a.btn.btn-link</arg>
<doc>Click the element identified by ``locator``.</doc>
<status status="PASS" start="2024-03-26T00:10:19.471028" elapsed="0.117078"/>
</kw>
<status status="PASS" start="2024-03-26T00:10:19.465551" elapsed="0.122781"/>
</kw>
<kw name="And I fill in the signup fields with valid data" owner="test_keywords_signup">
<kw name="Name" owner="FakerLibrary">
<msg time="2024-03-26T00:10:19.590054" level="INFO">${name} = Jonathan Johnson</msg>
<var>${name}</var>
<doc>:example: 'John Doe'</doc>
<status status="PASS" start="2024-03-26T00:10:19.589307" elapsed="0.000799"/>
</kw>
<kw name="Email" owner="FakerLibrary">
<msg time="2024-03-26T00:10:19.590790" level="INFO">${email} = ghenderson@example.org</msg>
<var>${email}</var>
<status status="PASS" start="2024-03-26T00:10:19.590328" elapsed="0.000510"/>
</kw>
<kw name="Password" owner="FakerLibrary">
<msg time="2024-03-26T00:10:19.591563" level="INFO">${password} = Aws6FrfxyAV3</msg>
<var>${password}</var>
<arg>length=12</arg>
<arg>special_chars=False</arg>
<doc>Generate a random password of the specified ``length``.</doc>
<status status="PASS" start="2024-03-26T00:10:19.591063" elapsed="0.000557"/>
</kw>
<kw name="Input Text" owner="SeleniumLibrary">
<msg time="2024-03-26T00:10:19.592246" level="INFO">Typing text 'Jonathan Johnson' into text field 'id:nome'.</msg>
<arg>id:nome</arg>
<arg>${name}</arg>
<doc>Types the given ``text`` into the text field identified by ``locator``.</doc>
<status status="PASS" start="2024-03-26T00:10:19.591876" elapsed="0.283948"/>
</kw>
<kw name="Input Text" owner="SeleniumLibrary">
<msg time="2024-03-26T00:10:19.876524" level="INFO">Typing text 'ghenderson@example.org' into text field 'id:email'.</msg>
<arg>id:email</arg>
<arg>${email}</arg>
<doc>Types the given ``text`` into the text field identified by ``locator``.</doc>
<status status="PASS" start="2024-03-26T00:10:19.876158" elapsed="0.119287"/>
</kw>
<kw name="Input Text" owner="SeleniumLibrary">
<msg time="2024-03-26T00:10:19.996188" level="INFO">Typing text 'Aws6FrfxyAV3' into text field 'id:password'.</msg>
<arg>id:password</arg>
<arg>${password}</arg>
<doc>Types the given ``text`` into the text field identified by ``locator``.</doc>
<status status="PASS" start="2024-03-26T00:10:19.995793" elapsed="0.066608"/>
</kw>
<kw name="Select Checkbox" owner="SeleniumLibrary">
<msg time="2024-03-26T00:10:20.063013" level="INFO">Selecting checkbox 'id=administrador'.</msg>
<arg>id=administrador</arg>
<doc>Selects the checkbox identified by ``locator``.</doc>
<status status="PASS" start="2024-03-26T00:10:20.062729" elapsed="0.058223"/>
</kw>
<kw name="Set Suite Variable" owner="BuiltIn">
<msg time="2024-03-26T00:10:20.121729" level="INFO">${name} = Jonathan Johnson</msg>
<arg>${name}</arg>
<doc>Makes a variable available everywhere within the scope of the current suite.</doc>
<status status="PASS" start="2024-03-26T00:10:20.121346" elapsed="0.000436"/>
</kw>
<kw name="Set Suite Variable" owner="BuiltIn">
<msg time="2024-03-26T00:10:20.122222" level="INFO">${email} = ghenderson@example.org</msg>
<arg>${email}</arg>
<doc>Makes a variable available everywhere within the scope of the current suite.</doc>
<status status="PASS" start="2024-03-26T00:10:20.122007" elapsed="0.000291"/>
</kw>
<kw name="Set Suite Variable" owner="BuiltIn">
<msg time="2024-03-26T00:10:20.122741" level="INFO">${password} = Aws6FrfxyAV3</msg>
<arg>${password}</arg>
<doc>Makes a variable available everywhere within the scope of the current suite.</doc>
<status status="PASS" start="2024-03-26T00:10:20.122504" elapsed="0.000285"/>
</kw>
<status status="PASS" start="2024-03-26T00:10:19.588759" elapsed="0.534123"/>
</kw>
<kw name="When I click in signup" owner="test_keywords_signup">
<kw name="Click Button" owner="SeleniumLibrary">
<msg time="2024-03-26T00:10:20.123645" level="INFO">Clicking button 'css=.btn.btn-primary'.</msg>
<arg>css=.btn.btn-primary</arg>
<doc>Clicks the button identified by ``locator``.</doc>
<status status="PASS" start="2024-03-26T00:10:20.123425" elapsed="0.104984"/>
</kw>
<status status="PASS" start="2024-03-26T00:10:20.123085" elapsed="0.105489"/>
</kw>
<kw name="Then the page should contain the text &quot;Cadastro realizado com sucesso&quot;" owner="test_keywords_signup" source_name="Then the page should contain the text &quot;${expected_text}&quot;">
<kw name="Wait Until Element Is Visible" owner="SeleniumLibrary">
<arg>css=.alert-dismissible</arg>
<arg>timeout=10s</arg>
<doc>Waits until the element ``locator`` is visible.</doc>
<status status="PASS" start="2024-03-26T00:10:20.229349" elapsed="0.223171"/>
</kw>
<kw name="Element Should Be Visible" owner="SeleniumLibrary">
<msg time="2024-03-26T00:10:20.466322" level="INFO">Element 'css=.alert-dismissible' is displayed.</msg>
<arg>css=.alert-dismissible</arg>
<doc>Verifies that the element identified by ``locator`` is visible.</doc>
<status status="PASS" start="2024-03-26T00:10:20.452843" elapsed="0.013552"/>
</kw>
<kw name="Page Should Contain" owner="SeleniumLibrary">
<msg time="2024-03-26T00:10:20.475808" level="INFO">Current page contains text 'Cadastro realizado com sucesso'.</msg>
<arg>${expected_text}</arg>
<doc>Verifies that current page contains ``text``.</doc>
<status status="PASS" start="2024-03-26T00:10:20.466575" elapsed="0.009301"/>
</kw>
<status status="PASS" start="2024-03-26T00:10:20.228879" elapsed="0.247096"/>
</kw>
<kw name="After Tests" owner="test_keywords_common" type="TEARDOWN">
<kw name="Close Browser" owner="SeleniumLibrary">
<doc>Closes the current browser.</doc>
<status status="PASS" start="2024-03-26T00:10:20.476632" elapsed="0.062966"/>
</kw>
<status status="PASS" start="2024-03-26T00:10:20.476300" elapsed="0.063488"/>
</kw>
<tag>e2e</tag>
<status status="PASS" start="2024-03-26T00:10:18.552136" elapsed="1.987760"/>
</test>
<test id="s1-s2-s1-t3" name="Scenario: Signup with already used email" line="23">
<kw name="Before Tests" owner="test_keywords_common" type="SETUP">
<kw name="Open Browser" owner="SeleniumLibrary">
<msg time="2024-03-26T00:10:20.541959" level="INFO">Opening browser 'headless Chrome' to base url 'https://front.serverest.dev/'.</msg>
<arg>${SERVER_BASE_URL}</arg>
<arg>${HEADLESS} ${BROWSER}</arg>
<doc>Opens a new browser instance to the optional ``url``.</doc>
<status status="PASS" start="2024-03-26T00:10:20.541503" elapsed="0.766853"/>
</kw>
<kw name="Maximize Browser Window" owner="SeleniumLibrary">
<doc>Maximizes current browser window.</doc>
<status status="PASS" start="2024-03-26T00:10:21.309033" elapsed="0.104021"/>
</kw>
<status status="PASS" start="2024-03-26T00:10:20.541100" elapsed="0.872154"/>
</kw>
<kw name="Given Im on the signup page" owner="test_keywords_signup">
<kw name="Location Should Be" owner="SeleniumLibrary">
<msg time="2024-03-26T00:10:21.418267" level="INFO">Current location is 'https://front.serverest.dev/login'.</msg>
<arg>https://front.serverest.dev/login</arg>
<doc>Verifies that the current URL is exactly ``url``.</doc>
<status status="PASS" start="2024-03-26T00:10:21.414100" elapsed="0.004244"/>
</kw>
<kw name="Click Element" owner="SeleniumLibrary">
<msg time="2024-03-26T00:10:21.418778" level="INFO">Clicking element 'css=a.btn.btn-link'.</msg>
<arg>css=a.btn.btn-link</arg>
<doc>Click the element identified by ``locator``.</doc>
<status status="PASS" start="2024-03-26T00:10:21.418526" elapsed="0.113957"/>
</kw>
<status status="PASS" start="2024-03-26T00:10:21.413650" elapsed="0.119046"/>
</kw>
<kw name="And I fill in the signup fields with an email already registered" owner="test_keywords_signup">
<kw name="Input Text" owner="SeleniumLibrary">
<msg time="2024-03-26T00:10:21.534120" level="INFO">Typing text 'Jonathan Johnson' into text field 'id:nome'.</msg>
<arg>id:nome</arg>
<arg>${name}</arg>
<doc>Types the given ``text`` into the text field identified by ``locator``.</doc>
<status status="PASS" start="2024-03-26T00:10:21.533469" elapsed="0.160570"/>
</kw>
<kw name="Input Text" owner="SeleniumLibrary">
<msg time="2024-03-26T00:10:21.694719" level="INFO">Typing text 'ghenderson@example.org' into text field 'id:email'.</msg>
<arg>id:email</arg>
<arg>${email}</arg>
<doc>Types the given ``text`` into the text field identified by ``locator``.</doc>
<status status="PASS" start="2024-03-26T00:10:21.694373" elapsed="0.076608"/>
</kw>
<kw name="Input Text" owner="SeleniumLibrary">
<msg time="2024-03-26T00:10:21.771730" level="INFO">Typing text 'Aws6FrfxyAV3' into text field 'id:password'.</msg>
<arg>id:password</arg>
<arg>${password}</arg>
<doc>Types the given ``text`` into the text field identified by ``locator``.</doc>
<status status="PASS" start="2024-03-26T00:10:21.771379" elapsed="0.068506"/>
</kw>
<kw name="Select Checkbox" owner="SeleniumLibrary">
<msg time="2024-03-26T00:10:21.840506" level="INFO">Selecting checkbox 'id=administrador'.</msg>
<arg>id=administrador</arg>
<doc>Selects the checkbox identified by ``locator``.</doc>
<status status="PASS" start="2024-03-26T00:10:21.840217" elapsed="0.052929"/>
</kw>
<status status="PASS" start="2024-03-26T00:10:21.533036" elapsed="0.360304"/>
</kw>
<kw name="When I click in signup" owner="test_keywords_signup">
<kw name="Click Button" owner="SeleniumLibrary">
<msg time="2024-03-26T00:10:21.894248" level="INFO">Clicking button 'css=.btn.btn-primary'.</msg>
<arg>css=.btn.btn-primary</arg>
<doc>Clicks the button identified by ``locator``.</doc>
<status status="PASS" start="2024-03-26T00:10:21.894011" elapsed="0.048409"/>
</kw>
<status status="PASS" start="2024-03-26T00:10:21.893624" elapsed="0.048977"/>
</kw>
<kw name="Then the page should contain the text &quot;Este email já está sendo usado&quot;" owner="test_keywords_signup" source_name="Then the page should contain the text &quot;${expected_text}&quot;">
<kw name="Wait Until Element Is Visible" owner="SeleniumLibrary">
<arg>css=.alert-dismissible</arg>
<arg>timeout=10s</arg>
<doc>Waits until the element ``locator`` is visible.</doc>
<status status="PASS" start="2024-03-26T00:10:21.943463" elapsed="0.225148"/>
</kw>
<kw name="Element Should Be Visible" owner="SeleniumLibrary">
<msg time="2024-03-26T00:10:22.183730" level="INFO">Element 'css=.alert-dismissible' is displayed.</msg>
<arg>css=.alert-dismissible</arg>
<doc>Verifies that the element identified by ``locator`` is visible.</doc>
<status status="PASS" start="2024-03-26T00:10:22.168928" elapsed="0.014904"/>
</kw>
<kw name="Page Should Contain" owner="SeleniumLibrary">
<msg time="2024-03-26T00:10:22.195442" level="INFO">Current page contains text 'Este email já está sendo usado'.</msg>
<arg>${expected_text}</arg>
<doc>Verifies that current page contains ``text``.</doc>
<status status="PASS" start="2024-03-26T00:10:22.184076" elapsed="0.011461"/>
</kw>
<status status="PASS" start="2024-03-26T00:10:21.942983" elapsed="0.252676"/>
</kw>
<kw name="After Tests" owner="test_keywords_common" type="TEARDOWN">
<kw name="Close Browser" owner="SeleniumLibrary">
<doc>Closes the current browser.</doc>
<status status="PASS" start="2024-03-26T00:10:22.196406" elapsed="0.061456"/>
</kw>
<status status="PASS" start="2024-03-26T00:10:22.196043" elapsed="0.062019"/>
</kw>
<tag>e2e</tag>
<status status="PASS" start="2024-03-26T00:10:20.540413" elapsed="1.717732"/>
</test>
<status status="PASS" start="2024-03-26T00:10:05.742172" elapsed="16.516552"/>
</suite>
<status status="PASS" start="2024-03-26T00:10:05.741000" elapsed="16.518863"/>
</suite>
<status status="PASS" start="2024-03-26T00:10:04.886464" elapsed="17.374084"/>
</suite>
<statistics>
<total>
<stat pass="8" fail="0" skip="0">All Tests</stat>
</total>
<tag>
<stat pass="5" fail="0" skip="0">api</stat>
<stat pass="3" fail="0" skip="0">e2e</stat>
</tag>
<suite>
<stat pass="8" fail="0" skip="0" id="s1" name="Tests">Tests</stat>
<stat pass="5" fail="0" skip="0" id="s1-s1" name="Api">Tests.Api</stat>
<stat pass="5" fail="0" skip="0" id="s1-s1-s1" name="Test Api Users">Tests.Api.Test Api Users</stat>
<stat pass="3" fail="0" skip="0" id="s1-s2" name="E2E">Tests.E2E</stat>
<stat pass="3" fail="0" skip="0" id="s1-s2-s1" name="Test Ui Signup">Tests.E2E.Test Ui Signup</stat>
</suite>
</statistics>
<errors>
</errors>
</robot>
