<?xml version="1.0" encoding="UTF-8"?>
<robot generator="Robot 6.0.2 (Python 3.8.16 on linux)" generated="20230413 17:20:37.324" rpa="false" schemaversion="3">
<suite id="s1" name="Tests" source="/home/runner/work/gen-ai-robot-test/gen-ai-robot-test/tests">
<suite id="s1-s1" name="Api" source="/home/runner/work/gen-ai-robot-test/gen-ai-robot-test/tests/api">
<suite id="s1-s1-s1" name="Users" source="/home/runner/work/gen-ai-robot-test/gen-ai-robot-test/tests/api/users">
<suite id="s1-s1-s1-s1" name="Test Api Users" source="/home/runner/work/gen-ai-robot-test/gen-ai-robot-test/tests/api/users/test_api_users.robot">
<test id="s1-s1-s1-s1-t1" name="Scenario: Get all registered users" line="9">
<kw name="Before Tests" library="test_keywords_common" type="SETUP">
<kw name="Create Session" library="RequestsLibrary">
<arg>serverest</arg>
<arg>${SERVER_BASE_URL}</arg>
<arg>disable_warnings=True</arg>
<doc>Create Session: create a HTTP session to a server</doc>
<msg timestamp="20230413 17:20:37.730" level="INFO">Creating Session using : alias=serverest, url=https://serverest.dev, headers={},                     cookies={}, auth=None, timeout=None, proxies=None, verify=False,                     debug=0 </msg>
<status status="PASS" starttime="20230413 17:20:37.730" endtime="20230413 17:20:37.731"/>
</kw>
<status status="PASS" starttime="20230413 17:20:37.729" endtime="20230413 17:20:37.731"/>
</kw>
<kw name="When I request the list of all registered users" library="test_keywords_users">
<kw name="GET On Session" library="RequestsLibrary">
<var>${response}</var>
<arg>serverest</arg>
<arg>${USERS_API_ENDPOINT}</arg>
<doc>Sends a GET request on a previously created HTTP Session.</doc>
<msg timestamp="20230413 17:20:37.901" level="INFO">GET Request : url=https://serverest.dev/usuarios 
 path_url=/usuarios 
 headers={'User-Agent': 'python-requests/2.28.2', 'Accept-Encoding': 'gzip, deflate', 'Accept': '*/*', 'Connection': 'keep-alive'} 
 body=None 
 </msg>
<msg timestamp="20230413 17:20:37.901" level="INFO">GET Response : url=https://serverest.dev/usuarios 
 status=200, reason=OK 
 headers={'access-control-allow-origin': '*', 'x-dns-prefetch-control': 'off', 'x-frame-options': 'SAMEORIGIN', 'strict-transport-security': 'max-age=15552000; includeSubDomains', 'x-download-options': 'noopen', 'x-content-type-options': 'nosniff', 'x-xss-protection': '1; mode=block', 'x-moesif-transaction-id': '34b7bc9a-39dd-44c0-a84b-e6ce04aa1092', 'content-type': 'application/json; charset=utf-8', 'X-Cloud-Trace-Context': '4ffecc9ea6755a3d1df23e72831e5950;o=1', 'Date': 'Thu, 13 Apr 2023 17:20:37 GMT', 'Server': 'Google Frontend', 'Content-Length': '8146'} 
 body={
    "quantidade": 38,
    "usuarios": [
        {
            "nome": "Fulano da Silva",
            "email": "fulano@qa.com",
            "password": "teste",
            "administrador": "true",
            "_id": "0uxuPY0cbmQhpEz1"
        },
        {
            "nome": "Fulano da Silva",
            "email": "beltrano@qa.com.br",
            "password": "teste",
            "administrador": "true",
            "_id": "1I5MtFIUIIOY5fV8"
        },
        {
            "nome": "Windows da Silva",
            "email": "ipqxei@emailteste.com",
            "password": "15674",
            "administrador": "true",
            "_id": "2JhTk8dSFIFe8lH6"
        },
        {
            "nome": "Beth Ratke",
            "email": "stacy@osinski-osinski.info",
            "password": "teste",
            "administrador": "true",
            "_id": "71wWcZo3ezwrC3Cr"
        },
        {
            "nome": "Fulano da Silva",
            "email": "ppfv@emailteste.com",
            "password": "1234",
            "administrador": "true",
            "_id": "9mIJVW1Ol7xedZFs"
        },
        {
            "nome": "Fulano da Silva",
            "email": "pxwc@emailteste.com",
            "password": "1234",
            "administrador": "true",
            "_id": "APyHOugT42PmdOBJ"
        },
        {
            "nome": "Fulano da Silva",
            "email": "mvsc@qa.com.br",
            "password": "teste",
            "administrador": "true",
            "_id": "FxBMCLty8jySZP22"
        },
        {
            "nome": "Fulano da Silva",
            "email": "vasm@emailteste.com",
            "password": "1234",
            "administrador": "true",
            "_id": "GCpN2ihUBADVFECo"
        },
        {
            "nome": "Fulano da Silva",
            "email": "juvo@emailteste.com",
            "password": "1234",
            "administrador": "true",
            "_id": "H7CG5GTrfZj2tn96"
        },
        {
            "nome": "Delma Welch",
            "email": "jermaine@rodriguez.com",
            "password": "teste",
            "administrador": "true",
            "_id": "IJG76Lf2CDJbbMsw"
        },
        {
            "nome": "Fulano da Silva",
            "email": "xisn@emailteste.com",
            "password": "1234",
            "administrador": "true",
            "_id": "IPaJtKGqg7LbtiU8"
        },
        {
            "nome": "Fulano da Silva",
            "email": "jlnp@emailteste.com",
            "password": "1234",
            "administrador": "true",
            "_id": "J3UFFE8BkXHPl98Q"
        },
        {
            "nome": "Erasmo Greenfelder",
            "email": "gary@green.biz",
            "password": "teste",
            "administrador": "true",
            "_id": "L9YvsBccf96rb0IJ"
        },
        {
            "nome": "Fulano da Silva",
            "email": "dvrb@emailteste.com",
            "password": "1234",
            "administrador": "true",
            "_id": "LbqHhFaMoMXgzH6e"
        },
        {
            "nome": "batata",
            "email": "hayden_steuber@cartwright.info",
            "password": "teste",
            "administrador": "true",
            "_id": "MFX1zgBTAv3RdyAw"
        },
        {
            "nome": "Fulano da Silva",
            "email": "gzmi@emailteste.com",
            "password": "1234",
            "administrador": "true",
            "_id": "MVIuW7YbJau8fYqf"
        },
        {
            "nome": "Twila Hessel",
            "email": "derek@frami-huel.info",
            "password": "teste",
            "administrador": "true",
            "_id": "VkpCmTunrhycBbfW"
        },
        {
            "nome": "Fulano da Silva",
            "email": "crhp@emailteste.com",
            "password": "1234",
            "administrador": "true",
            "_id": "WaqzREFowvCuPHI4"
        },
        {
            "nome": "Windows da Silva",
            "email": "fslffc@emailteste.com",
            "password": "15674",
            "administrador": "true",
            "_id": "XTwLaV0XfRxVQhUW"
        },
        {
            "nome": "Fulano da Silva",
            "email": "evlw@emailteste.com",
            "password": "1234",
            "administrador": "true",
            "_id": "XgZqO6TvbkxB0ZiZ"
        },
        {
            "nome": "Fulano da Silva",
            "email": "slqa@emailteste.com",
            "password": "1234",
            "administrador": "true",
            "_id": "ZDWAI2kyN4JNLHdV"
        },
        {
            "nome": "Keshia Sanford",
            "email": "antonio_gleason@abbott.biz",
            "password": "teste",
            "administrador": "true",
            "_id": "ZsGL8uPkee6KhzCc"
        },
        {
            "nome": "Fulano da Silva",
            "email": "qrzm@emailteste.com",
            "password": "1234",
            "administrador": "true",
            "_id": "dBt5B3uvz6v6XJ1Y"
        },
        {
            "nome": "Windows da Silva",
            "email": "guiwtc@emailteste.com",
            "password": "15674",
            "administrador": "true",
            "_id": "dYbAWCLodZs9INI4"
        },
        {
            "nome": "Keisha Witting",
            "email": "alexandra.jakubowski@hirthe-wisoky.org",
            "password": "teste",
            "administrador": "true",
            "_id": "gUKn5J99Pi2FaKPZ"
        },
        {
            "nome": "Fulano da Silva",
            "email": "yrim@emailteste.com",
            "password": "1234",
            "administrador": "true",
            "_id": "iHBbR39t0ubzjbPq"
        },
        {
            "nome": "Windows da Silva",
            "email": "lliebv@emailteste.com",
            "password": "15674",
            "administrador": "true",
            "_id": "iv23MKIg4gCOCuqE"
        },
        {
            "nome": "{{generatedName}}",
            "email": "Abbigail.Purdy@example.org",
            "password": "teste",
            "administrador": "true",
            "_id": "jTe7D7OVhdK0Ggsf"
        },
        {
            "nome": "Basil Renner",
            "email": "valentin_heathcote@parisian.com",
            "password": "teste",
            "administrador": "true",
            "_id": "kiqxPiLVa1rvPRw7"
        },
        {
            "nome": "Fulano da Silva",
            "email": "ywal@emailteste.com",
            "password": "1234",
            "administrador": "true",
            "_id": "lFKFtZbCGJwdqrRd"
        },
        {
            "nome": "Windows da Silva",
            "email": "mdjicj@emailteste.com",
            "password": "15674",
            "administrador": "true",
            "_id": "lMuS9y6b6CMlz4WM"
        },
        {
            "nome": "Windows da Silva",
            "email": "mwgrlo@emailteste.com",
            "password": "15674",
            "administrador": "true",
            "_id": "oiVWYW5KdkaZHGsH"
        },
        {
            "nome": "Fulano da Silva",
            "email": "gfdb@emailteste.com",
            "password": "1234",
            "administrador": "true",
            "_id": "qIVGM0GTgQJH34nw"
        },
        {
            "nome": "Fulano da Silva",
            "email": "ryhm@emailteste.com",
            "password": "1234",
            "administrador": "true",
            "_id": "qjFxff4MfEXkeiSE"
        },
        {
            "nome": "{{generatedName}}",
            "email": "Carlee_Shields@example.com",
            "password": "teste",
            "administrador": "true",
            "_id": "vB7VATGIp6u1ay9w"
        },
        {
            "nome": "Fulano da Silva",
            "email": "orpn@emailteste.com",
            "password": "1234",
            "administrador": "true",
            "_id": "wQFiz8g2ElHHEhEp"
        },
        {
            "nome": "Fulano da Silva",
            "email": "vzbu@emailteste.com",
            "password": "1234",
            "administrador": "true",
            "_id": "xZQopWhTnUVxXmYv"
        },
        {
            "nome": "Jamey Wilkinson I",
            "email": "gary@okon-ratke.biz",
            "password": "teste",
            "administrador": "false",
            "_id": "yonFUppR1mA1rN3E"
        }
    ]
} 
 </msg>
<msg timestamp="20230413 17:20:37.901" level="INFO">${response} = &lt;Response [200]&gt;</msg>
<status status="PASS" starttime="20230413 17:20:37.731" endtime="20230413 17:20:37.901"/>
</kw>
<kw name="Set Test Variable" library="BuiltIn">
<arg>${response}</arg>
<doc>Makes a variable available everywhere within the scope of the current test.</doc>
<msg timestamp="20230413 17:20:37.902" level="INFO">${response} = &lt;Response [200]&gt;</msg>
<status status="PASS" starttime="20230413 17:20:37.901" endtime="20230413 17:20:37.902"/>
</kw>
<status status="PASS" starttime="20230413 17:20:37.731" endtime="20230413 17:20:37.902"/>
</kw>
<kw name="Then the response status code should be 200" library="test_keywords_users" sourcename="Then the response status code should be ${status_code}">
<kw name="Should Be Equal As Numbers" library="BuiltIn">
<arg>${response.status_code}</arg>
<arg>${status_code}</arg>
<doc>Fails if objects are unequal after converting them to real numbers.</doc>
<msg timestamp="20230413 17:20:37.903" level="INFO">Argument types are:
&lt;class 'int'&gt;
&lt;class 'str'&gt;</msg>
<status status="PASS" starttime="20230413 17:20:37.902" endtime="20230413 17:20:37.903"/>
</kw>
<kw name="Should Be True" library="BuiltIn">
<arg>${response.json()}</arg>
<doc>Fails if the given condition is not true.</doc>
<status status="PASS" starttime="20230413 17:20:37.903" endtime="20230413 17:20:37.904"/>
</kw>
<status status="PASS" starttime="20230413 17:20:37.902" endtime="20230413 17:20:37.904"/>
</kw>
<kw name="And the response body should not be empty" library="test_keywords_users">
<kw name="Should Not Be Empty" library="BuiltIn">
<arg>${response.json()}</arg>
<doc>Verifies that the given item is not empty.</doc>
<msg timestamp="20230413 17:20:37.905" level="INFO">Length is 2</msg>
<status status="PASS" starttime="20230413 17:20:37.905" endtime="20230413 17:20:37.905"/>
</kw>
<status status="PASS" starttime="20230413 17:20:37.904" endtime="20230413 17:20:37.905"/>
</kw>
<status status="PASS" starttime="20230413 17:20:37.729" endtime="20230413 17:20:37.906"/>
</test>
<test id="s1-s1-s1-s1-t2" name="Scenario: Create a new user" line="15">
<kw name="Before Tests" library="test_keywords_common" type="SETUP">
<kw name="Create Session" library="RequestsLibrary">
<arg>serverest</arg>
<arg>${SERVER_BASE_URL}</arg>
<arg>disable_warnings=True</arg>
<doc>Create Session: create a HTTP session to a server</doc>
<msg timestamp="20230413 17:20:37.907" level="INFO">Creating Session using : alias=serverest, url=https://serverest.dev, headers={},                     cookies={}, auth=None, timeout=None, proxies=None, verify=False,                     debug=0 </msg>
<status status="PASS" starttime="20230413 17:20:37.907" endtime="20230413 17:20:37.908"/>
</kw>
<status status="PASS" starttime="20230413 17:20:37.907" endtime="20230413 17:20:37.908"/>
</kw>
<kw name="Given I have a valid user data" library="test_keywords_users">
<kw name="Name" library="FakerLibrary">
<var>${name}</var>
<doc>:example 'John Doe'</doc>
<msg timestamp="20230413 17:20:37.909" level="INFO">${name} = John Walsh</msg>
<status status="PASS" starttime="20230413 17:20:37.908" endtime="20230413 17:20:37.909"/>
</kw>
<kw name="Email" library="FakerLibrary">
<var>${email}</var>
<msg timestamp="20230413 17:20:37.909" level="INFO">${email} = rebecca55@example.net</msg>
<status status="PASS" starttime="20230413 17:20:37.909" endtime="20230413 17:20:37.909"/>
</kw>
<kw name="Password" library="FakerLibrary">
<var>${password}</var>
<doc>Generate a random password of the specified ``length``.</doc>
<msg timestamp="20230413 17:20:37.909" level="INFO">${password} = MtN@u1Zh+0</msg>
<status status="PASS" starttime="20230413 17:20:37.909" endtime="20230413 17:20:37.910"/>
</kw>
<kw name="Set Suite Variable" library="BuiltIn">
<arg>${name}</arg>
<doc>Makes a variable available everywhere within the scope of the current suite.</doc>
<msg timestamp="20230413 17:20:37.910" level="INFO">${name} = John Walsh</msg>
<status status="PASS" starttime="20230413 17:20:37.910" endtime="20230413 17:20:37.910"/>
</kw>
<kw name="Set Suite Variable" library="BuiltIn">
<arg>${email}</arg>
<doc>Makes a variable available everywhere within the scope of the current suite.</doc>
<msg timestamp="20230413 17:20:37.910" level="INFO">${email} = rebecca55@example.net</msg>
<status status="PASS" starttime="20230413 17:20:37.910" endtime="20230413 17:20:37.910"/>
</kw>
<kw name="Set Suite Variable" library="BuiltIn">
<arg>${password}</arg>
<doc>Makes a variable available everywhere within the scope of the current suite.</doc>
<msg timestamp="20230413 17:20:37.911" level="INFO">${password} = MtN@u1Zh+0</msg>
<status status="PASS" starttime="20230413 17:20:37.910" endtime="20230413 17:20:37.911"/>
</kw>
<status status="PASS" starttime="20230413 17:20:37.908" endtime="20230413 17:20:37.911"/>
</kw>
<kw name="When I create the user" library="test_keywords_users">
<kw name="Create Dictionary" library="BuiltIn">
<var>${payload}</var>
<arg>nome=${name}</arg>
<arg>email=${email}</arg>
<arg>password=${password}</arg>
<arg>administrador=false</arg>
<doc>Creates and returns a dictionary based on the given ``items``.</doc>
<msg timestamp="20230413 17:20:37.912" level="INFO">${payload} = {'nome': 'John Walsh', 'email': 'rebecca55@example.net', 'password': 'MtN@u1Zh+0', 'administrador': 'false'}</msg>
<status status="PASS" starttime="20230413 17:20:37.911" endtime="20230413 17:20:37.912"/>
</kw>
<kw name="Create Dictionary" library="BuiltIn">
<var>${headers}</var>
<arg>Content-Type=application/json</arg>
<doc>Creates and returns a dictionary based on the given ``items``.</doc>
<msg timestamp="20230413 17:20:37.912" level="INFO">${headers} = {'Content-Type': 'application/json'}</msg>
<status status="PASS" starttime="20230413 17:20:37.912" endtime="20230413 17:20:37.912"/>
</kw>
<kw name="POST On Session" library="RequestsLibrary">
<var>${response}</var>
<arg>serverest</arg>
<arg>${USERS_API_ENDPOINT}</arg>
<arg>json=${payload}</arg>
<arg>headers=${headers}</arg>
<doc>Sends a POST request on a previously created HTTP Session.</doc>
<msg timestamp="20230413 17:20:37.988" level="INFO">POST Request : url=https://serverest.dev/usuarios 
 path_url=/usuarios 
 headers={'User-Agent': 'python-requests/2.28.2', 'Accept-Encoding': 'gzip, deflate', 'Accept': '*/*', 'Connection': 'keep-alive', 'Content-Type': 'application/json', 'Content-Length': '108'} 
 body=b'{"nome": "John Walsh", "email": "rebecca55@example.net", "password": "MtN@u1Zh+0", "administrador": "false"}' 
 </msg>
<msg timestamp="20230413 17:20:37.988" level="INFO">POST Response : url=https://serverest.dev/usuarios 
 status=201, reason=Created 
 headers={'access-control-allow-origin': '*', 'x-dns-prefetch-control': 'off', 'x-frame-options': 'SAMEORIGIN', 'strict-transport-security': 'max-age=15552000; includeSubDomains', 'x-download-options': 'noopen', 'x-content-type-options': 'nosniff', 'x-xss-protection': '1; mode=block', 'x-moesif-transaction-id': '46418475-63af-4c5a-bc1b-e75f0da0d749', 'content-type': 'application/json; charset=utf-8', 'X-Cloud-Trace-Context': 'ba71f12dafc6f673e3efca5c807d6bfd', 'Date': 'Thu, 13 Apr 2023 17:20:37 GMT', 'Server': 'Google Frontend', 'Content-Length': '82'} 
 body={
    "message": "Cadastro realizado com sucesso",
    "_id": "7QyH4WNIYT0Mak2G"
} 
 </msg>
<msg timestamp="20230413 17:20:37.988" level="INFO">${response} = &lt;Response [201]&gt;</msg>
<status status="PASS" starttime="20230413 17:20:37.912" endtime="20230413 17:20:37.989"/>
</kw>
<kw name="Set Variable" library="BuiltIn">
<var>${user_id}</var>
<arg>${response.json()['_id']}</arg>
<doc>Returns the given values which can then be assigned to a variables.</doc>
<msg timestamp="20230413 17:20:37.989" level="INFO">${user_id} = 7QyH4WNIYT0Mak2G</msg>
<status status="PASS" starttime="20230413 17:20:37.989" endtime="20230413 17:20:37.989"/>
</kw>
<kw name="Set Global Variable" library="BuiltIn">
<arg>${USER_ID}</arg>
<arg>${user_id}</arg>
<doc>Makes a variable available globally in all tests and suites.</doc>
<msg timestamp="20230413 17:20:37.990" level="INFO">${USER_ID} = 7QyH4WNIYT0Mak2G</msg>
<status status="PASS" starttime="20230413 17:20:37.990" endtime="20230413 17:20:37.990"/>
</kw>
<kw name="Set Test Variable" library="BuiltIn">
<arg>${response}</arg>
<doc>Makes a variable available everywhere within the scope of the current test.</doc>
<msg timestamp="20230413 17:20:37.991" level="INFO">${response} = &lt;Response [201]&gt;</msg>
<status status="PASS" starttime="20230413 17:20:37.990" endtime="20230413 17:20:37.991"/>
</kw>
<status status="PASS" starttime="20230413 17:20:37.911" endtime="20230413 17:20:37.991"/>
</kw>
<kw name="Then the response status code should be 201" library="test_keywords_users" sourcename="Then the response status code should be ${status_code}">
<kw name="Should Be Equal As Numbers" library="BuiltIn">
<arg>${response.status_code}</arg>
<arg>${status_code}</arg>
<doc>Fails if objects are unequal after converting them to real numbers.</doc>
<msg timestamp="20230413 17:20:37.992" level="INFO">Argument types are:
&lt;class 'int'&gt;
&lt;class 'str'&gt;</msg>
<status status="PASS" starttime="20230413 17:20:37.991" endtime="20230413 17:20:37.992"/>
</kw>
<kw name="Should Be True" library="BuiltIn">
<arg>${response.json()}</arg>
<doc>Fails if the given condition is not true.</doc>
<status status="PASS" starttime="20230413 17:20:37.992" endtime="20230413 17:20:37.992"/>
</kw>
<status status="PASS" starttime="20230413 17:20:37.991" endtime="20230413 17:20:37.992"/>
</kw>
<kw name="And the response body should not be empty" library="test_keywords_users">
<kw name="Should Not Be Empty" library="BuiltIn">
<arg>${response.json()}</arg>
<doc>Verifies that the given item is not empty.</doc>
<msg timestamp="20230413 17:20:37.993" level="INFO">Length is 2</msg>
<status status="PASS" starttime="20230413 17:20:37.993" endtime="20230413 17:20:37.993"/>
</kw>
<status status="PASS" starttime="20230413 17:20:37.993" endtime="20230413 17:20:37.994"/>
</kw>
<status status="PASS" starttime="20230413 17:20:37.906" endtime="20230413 17:20:37.994"/>
</test>
<test id="s1-s1-s1-s1-t3" name="Scenario: Get a specific user informations" line="21">
<kw name="Before Tests" library="test_keywords_common" type="SETUP">
<kw name="Create Session" library="RequestsLibrary">
<arg>serverest</arg>
<arg>${SERVER_BASE_URL}</arg>
<arg>disable_warnings=True</arg>
<doc>Create Session: create a HTTP session to a server</doc>
<msg timestamp="20230413 17:20:37.995" level="INFO">Creating Session using : alias=serverest, url=https://serverest.dev, headers={},                     cookies={}, auth=None, timeout=None, proxies=None, verify=False,                     debug=0 </msg>
<status status="PASS" starttime="20230413 17:20:37.995" endtime="20230413 17:20:37.995"/>
</kw>
<status status="PASS" starttime="20230413 17:20:37.994" endtime="20230413 17:20:37.995"/>
</kw>
<kw name="When I request the created user" library="test_keywords_users">
<kw name="GET On Session" library="RequestsLibrary">
<var>${response}</var>
<arg>serverest</arg>
<arg>${USERS_API_ENDPOINT}/${USER_ID}</arg>
<doc>Sends a GET request on a previously created HTTP Session.</doc>
<msg timestamp="20230413 17:20:38.071" level="INFO">GET Request : url=https://serverest.dev/usuarios/7QyH4WNIYT0Mak2G 
 path_url=/usuarios/7QyH4WNIYT0Mak2G 
 headers={'User-Agent': 'python-requests/2.28.2', 'Accept-Encoding': 'gzip, deflate', 'Accept': '*/*', 'Connection': 'keep-alive'} 
 body=None 
 </msg>
<msg timestamp="20230413 17:20:38.072" level="INFO">GET Response : url=https://serverest.dev/usuarios/7QyH4WNIYT0Mak2G 
 status=200, reason=OK 
 headers={'access-control-allow-origin': '*', 'x-dns-prefetch-control': 'off', 'x-frame-options': 'SAMEORIGIN', 'strict-transport-security': 'max-age=15552000; includeSubDomains', 'x-download-options': 'noopen', 'x-content-type-options': 'nosniff', 'x-xss-protection': '1; mode=block', 'x-moesif-transaction-id': 'bd87932b-b6c5-4a58-a589-f7703cdd6907', 'content-type': 'application/json; charset=utf-8', 'X-Cloud-Trace-Context': '6627af7849b1e1a6c84d573b6890fd98', 'Date': 'Thu, 13 Apr 2023 17:20:38 GMT', 'Server': 'Google Frontend', 'Content-Length': '157'} 
 body={
    "nome": "John Walsh",
    "email": "rebecca55@example.net",
    "password": "MtN@u1Zh+0",
    "administrador": "false",
    "_id": "7QyH4WNIYT0Mak2G"
} 
 </msg>
<msg timestamp="20230413 17:20:38.072" level="INFO">${response} = &lt;Response [200]&gt;</msg>
<status status="PASS" starttime="20230413 17:20:37.995" endtime="20230413 17:20:38.072"/>
</kw>
<kw name="Set Test Variable" library="BuiltIn">
<arg>${response}</arg>
<doc>Makes a variable available everywhere within the scope of the current test.</doc>
<msg timestamp="20230413 17:20:38.072" level="INFO">${response} = &lt;Response [200]&gt;</msg>
<status status="PASS" starttime="20230413 17:20:38.072" endtime="20230413 17:20:38.072"/>
</kw>
<status status="PASS" starttime="20230413 17:20:37.995" endtime="20230413 17:20:38.072"/>
</kw>
<kw name="Then the response status code should be 200" library="test_keywords_users" sourcename="Then the response status code should be ${status_code}">
<kw name="Should Be Equal As Numbers" library="BuiltIn">
<arg>${response.status_code}</arg>
<arg>${status_code}</arg>
<doc>Fails if objects are unequal after converting them to real numbers.</doc>
<msg timestamp="20230413 17:20:38.073" level="INFO">Argument types are:
&lt;class 'int'&gt;
&lt;class 'str'&gt;</msg>
<status status="PASS" starttime="20230413 17:20:38.073" endtime="20230413 17:20:38.074"/>
</kw>
<kw name="Should Be True" library="BuiltIn">
<arg>${response.json()}</arg>
<doc>Fails if the given condition is not true.</doc>
<status status="PASS" starttime="20230413 17:20:38.074" endtime="20230413 17:20:38.074"/>
</kw>
<status status="PASS" starttime="20230413 17:20:38.073" endtime="20230413 17:20:38.074"/>
</kw>
<kw name="And the response body should not be empty" library="test_keywords_users">
<kw name="Should Not Be Empty" library="BuiltIn">
<arg>${response.json()}</arg>
<doc>Verifies that the given item is not empty.</doc>
<msg timestamp="20230413 17:20:38.075" level="INFO">Length is 5</msg>
<status status="PASS" starttime="20230413 17:20:38.075" endtime="20230413 17:20:38.075"/>
</kw>
<status status="PASS" starttime="20230413 17:20:38.074" endtime="20230413 17:20:38.075"/>
</kw>
<status status="PASS" starttime="20230413 17:20:37.994" endtime="20230413 17:20:38.075"/>
</test>
<test id="s1-s1-s1-s1-t4" name="Scenario: Update the created user" line="26">
<kw name="Before Tests" library="test_keywords_common" type="SETUP">
<kw name="Create Session" library="RequestsLibrary">
<arg>serverest</arg>
<arg>${SERVER_BASE_URL}</arg>
<arg>disable_warnings=True</arg>
<doc>Create Session: create a HTTP session to a server</doc>
<msg timestamp="20230413 17:20:38.077" level="INFO">Creating Session using : alias=serverest, url=https://serverest.dev, headers={},                     cookies={}, auth=None, timeout=None, proxies=None, verify=False,                     debug=0 </msg>
<status status="PASS" starttime="20230413 17:20:38.077" endtime="20230413 17:20:38.077"/>
</kw>
<status status="PASS" starttime="20230413 17:20:38.076" endtime="20230413 17:20:38.077"/>
</kw>
<kw name="When I update the created user" library="test_keywords_users">
<kw name="Create Dictionary" library="BuiltIn">
<var>${payload}</var>
<arg>nome=John Smith</arg>
<arg>email=john.smith@example.com</arg>
<arg>password=P@ssw0rd123</arg>
<arg>administrador=false</arg>
<doc>Creates and returns a dictionary based on the given ``items``.</doc>
<msg timestamp="20230413 17:20:38.078" level="INFO">${payload} = {'nome': 'John Smith', 'email': 'john.smith@example.com', 'password': 'P@ssw0rd123', 'administrador': 'false'}</msg>
<status status="PASS" starttime="20230413 17:20:38.078" endtime="20230413 17:20:38.078"/>
</kw>
<kw name="Create Dictionary" library="BuiltIn">
<var>${headers}</var>
<arg>Content-Type=application/json</arg>
<doc>Creates and returns a dictionary based on the given ``items``.</doc>
<msg timestamp="20230413 17:20:38.078" level="INFO">${headers} = {'Content-Type': 'application/json'}</msg>
<status status="PASS" starttime="20230413 17:20:38.078" endtime="20230413 17:20:38.078"/>
</kw>
<kw name="PUT On Session" library="RequestsLibrary">
<var>${response}</var>
<arg>serverest</arg>
<arg>${USERS_API_ENDPOINT}/${USER_ID}</arg>
<arg>json=${payload}</arg>
<arg>headers=${headers}</arg>
<doc>Sends a PUT request on a previously created HTTP Session.</doc>
<msg timestamp="20230413 17:20:38.156" level="INFO">PUT Request : url=https://serverest.dev/usuarios/7QyH4WNIYT0Mak2G 
 path_url=/usuarios/7QyH4WNIYT0Mak2G 
 headers={'User-Agent': 'python-requests/2.28.2', 'Accept-Encoding': 'gzip, deflate', 'Accept': '*/*', 'Connection': 'keep-alive', 'Content-Type': 'application/json', 'Content-Length': '110'} 
 body=b'{"nome": "John Smith", "email": "john.smith@example.com", "password": "P@ssw0rd123", "administrador": "false"}' 
 </msg>
<msg timestamp="20230413 17:20:38.157" level="INFO">PUT Response : url=https://serverest.dev/usuarios/7QyH4WNIYT0Mak2G 
 status=200, reason=OK 
 headers={'access-control-allow-origin': '*', 'x-dns-prefetch-control': 'off', 'x-frame-options': 'SAMEORIGIN', 'strict-transport-security': 'max-age=15552000; includeSubDomains', 'x-download-options': 'noopen', 'x-content-type-options': 'nosniff', 'x-xss-protection': '1; mode=block', 'x-moesif-transaction-id': '83b62c77-e217-4d2c-8d42-b7b7cd5ae877', 'content-type': 'application/json; charset=utf-8', 'X-Cloud-Trace-Context': 'ec85cd352de842c28e243da9fe69ab56', 'Date': 'Thu, 13 Apr 2023 17:20:38 GMT', 'Server': 'Google Frontend', 'Content-Length': '50'} 
 body={
    "message": "Registro alterado com sucesso"
} 
 </msg>
<msg timestamp="20230413 17:20:38.157" level="INFO">${response} = &lt;Response [200]&gt;</msg>
<status status="PASS" starttime="20230413 17:20:38.078" endtime="20230413 17:20:38.157"/>
</kw>
<kw name="Set Test Variable" library="BuiltIn">
<arg>${response}</arg>
<doc>Makes a variable available everywhere within the scope of the current test.</doc>
<msg timestamp="20230413 17:20:38.157" level="INFO">${response} = &lt;Response [200]&gt;</msg>
<status status="PASS" starttime="20230413 17:20:38.157" endtime="20230413 17:20:38.157"/>
</kw>
<status status="PASS" starttime="20230413 17:20:38.077" endtime="20230413 17:20:38.157"/>
</kw>
<kw name="Then the response status code should be 200" library="test_keywords_users" sourcename="Then the response status code should be ${status_code}">
<kw name="Should Be Equal As Numbers" library="BuiltIn">
<arg>${response.status_code}</arg>
<arg>${status_code}</arg>
<doc>Fails if objects are unequal after converting them to real numbers.</doc>
<msg timestamp="20230413 17:20:38.159" level="INFO">Argument types are:
&lt;class 'int'&gt;
&lt;class 'str'&gt;</msg>
<status status="PASS" starttime="20230413 17:20:38.158" endtime="20230413 17:20:38.159"/>
</kw>
<kw name="Should Be True" library="BuiltIn">
<arg>${response.json()}</arg>
<doc>Fails if the given condition is not true.</doc>
<status status="PASS" starttime="20230413 17:20:38.159" endtime="20230413 17:20:38.160"/>
</kw>
<status status="PASS" starttime="20230413 17:20:38.158" endtime="20230413 17:20:38.160"/>
</kw>
<kw name="And the response body should not be empty" library="test_keywords_users">
<kw name="Should Not Be Empty" library="BuiltIn">
<arg>${response.json()}</arg>
<doc>Verifies that the given item is not empty.</doc>
<msg timestamp="20230413 17:20:38.161" level="INFO">Length is 1</msg>
<status status="PASS" starttime="20230413 17:20:38.160" endtime="20230413 17:20:38.161"/>
</kw>
<status status="PASS" starttime="20230413 17:20:38.160" endtime="20230413 17:20:38.161"/>
</kw>
<status status="PASS" starttime="20230413 17:20:38.076" endtime="20230413 17:20:38.161"/>
</test>
<test id="s1-s1-s1-s1-t5" name="Scenario: Delete the created user" line="31">
<kw name="Before Tests" library="test_keywords_common" type="SETUP">
<kw name="Create Session" library="RequestsLibrary">
<arg>serverest</arg>
<arg>${SERVER_BASE_URL}</arg>
<arg>disable_warnings=True</arg>
<doc>Create Session: create a HTTP session to a server</doc>
<msg timestamp="20230413 17:20:38.162" level="INFO">Creating Session using : alias=serverest, url=https://serverest.dev, headers={},                     cookies={}, auth=None, timeout=None, proxies=None, verify=False,                     debug=0 </msg>
<status status="PASS" starttime="20230413 17:20:38.162" endtime="20230413 17:20:38.162"/>
</kw>
<status status="PASS" starttime="20230413 17:20:38.162" endtime="20230413 17:20:38.163"/>
</kw>
<kw name="When I delete the created user" library="test_keywords_users">
<kw name="DELETE On Session" library="RequestsLibrary">
<var>${response}</var>
<arg>serverest</arg>
<arg>${USERS_API_ENDPOINT}/${USER_ID}</arg>
<doc>Sends a DELETE request on a previously created HTTP Session.</doc>
<msg timestamp="20230413 17:20:38.241" level="INFO">DELETE Request : url=https://serverest.dev/usuarios/7QyH4WNIYT0Mak2G 
 path_url=/usuarios/7QyH4WNIYT0Mak2G 
 headers={'User-Agent': 'python-requests/2.28.2', 'Accept-Encoding': 'gzip, deflate', 'Accept': '*/*', 'Connection': 'keep-alive', 'Content-Length': '0'} 
 body=None 
 </msg>
<msg timestamp="20230413 17:20:38.241" level="INFO">DELETE Response : url=https://serverest.dev/usuarios/7QyH4WNIYT0Mak2G 
 status=200, reason=OK 
 headers={'access-control-allow-origin': '*', 'x-dns-prefetch-control': 'off', 'x-frame-options': 'SAMEORIGIN', 'strict-transport-security': 'max-age=15552000; includeSubDomains', 'x-download-options': 'noopen', 'x-content-type-options': 'nosniff', 'x-xss-protection': '1; mode=block', 'x-moesif-transaction-id': 'a39e88ea-00df-40cf-aafd-e267fc224caa', 'content-type': 'application/json; charset=utf-8', 'X-Cloud-Trace-Context': '684ee2c6f8c65f0f2a58fa3b9534048e', 'Date': 'Thu, 13 Apr 2023 17:20:38 GMT', 'Server': 'Google Frontend', 'Content-Length': '51'} 
 body={
    "message": "Registro excluído com sucesso"
} 
 </msg>
<msg timestamp="20230413 17:20:38.241" level="INFO">${response} = &lt;Response [200]&gt;</msg>
<status status="PASS" starttime="20230413 17:20:38.163" endtime="20230413 17:20:38.241"/>
</kw>
<kw name="Set Test Variable" library="BuiltIn">
<arg>${response}</arg>
<doc>Makes a variable available everywhere within the scope of the current test.</doc>
<msg timestamp="20230413 17:20:38.242" level="INFO">${response} = &lt;Response [200]&gt;</msg>
<status status="PASS" starttime="20230413 17:20:38.241" endtime="20230413 17:20:38.242"/>
</kw>
<status status="PASS" starttime="20230413 17:20:38.163" endtime="20230413 17:20:38.242"/>
</kw>
<kw name="Then the response status code should be 200" library="test_keywords_users" sourcename="Then the response status code should be ${status_code}">
<kw name="Should Be Equal As Numbers" library="BuiltIn">
<arg>${response.status_code}</arg>
<arg>${status_code}</arg>
<doc>Fails if objects are unequal after converting them to real numbers.</doc>
<msg timestamp="20230413 17:20:38.243" level="INFO">Argument types are:
&lt;class 'int'&gt;
&lt;class 'str'&gt;</msg>
<status status="PASS" starttime="20230413 17:20:38.242" endtime="20230413 17:20:38.243"/>
</kw>
<kw name="Should Be True" library="BuiltIn">
<arg>${response.json()}</arg>
<doc>Fails if the given condition is not true.</doc>
<status status="PASS" starttime="20230413 17:20:38.243" endtime="20230413 17:20:38.244"/>
</kw>
<status status="PASS" starttime="20230413 17:20:38.242" endtime="20230413 17:20:38.244"/>
</kw>
<kw name="And the response body should not be empty" library="test_keywords_users">
<kw name="Should Not Be Empty" library="BuiltIn">
<arg>${response.json()}</arg>
<doc>Verifies that the given item is not empty.</doc>
<msg timestamp="20230413 17:20:38.245" level="INFO">Length is 1</msg>
<status status="PASS" starttime="20230413 17:20:38.245" endtime="20230413 17:20:38.245"/>
</kw>
<status status="PASS" starttime="20230413 17:20:38.244" endtime="20230413 17:20:38.245"/>
</kw>
<status status="PASS" starttime="20230413 17:20:38.161" endtime="20230413 17:20:38.246"/>
</test>
<status status="PASS" starttime="20230413 17:20:37.349" endtime="20230413 17:20:38.246"/>
</suite>
<status status="PASS" starttime="20230413 17:20:37.347" endtime="20230413 17:20:38.247"/>
</suite>
<status status="PASS" starttime="20230413 17:20:37.346" endtime="20230413 17:20:38.248"/>
</suite>
<status status="PASS" starttime="20230413 17:20:37.325" endtime="20230413 17:20:38.249"/>
</suite>
<statistics>
<total>
<stat pass="5" fail="0" skip="0">All Tests</stat>
</total>
<tag>
</tag>
<suite>
<stat pass="5" fail="0" skip="0" id="s1" name="Tests">Tests</stat>
<stat pass="5" fail="0" skip="0" id="s1-s1" name="Api">Tests.Api</stat>
<stat pass="5" fail="0" skip="0" id="s1-s1-s1" name="Users">Tests.Api.Users</stat>
<stat pass="5" fail="0" skip="0" id="s1-s1-s1-s1" name="Test Api Users">Tests.Api.Users.Test Api Users</stat>
</suite>
</statistics>
<errors>
</errors>
</robot>
