<?xml version="1.0" encoding="UTF-8"?>
<robot generator="Robot 6.0.2 (Python 3.8.16 on linux)" generated="20230422 01:01:48.876" rpa="false" schemaversion="3">
<suite id="s1" name="Tests" source="/home/runner/work/gen-ai-robot-test/gen-ai-robot-test/tests">
<suite id="s1-s1" name="Api" source="/home/runner/work/gen-ai-robot-test/gen-ai-robot-test/tests/api">
<suite id="s1-s1-s1" name="Users" source="/home/runner/work/gen-ai-robot-test/gen-ai-robot-test/tests/api/users">
<suite id="s1-s1-s1-s1" name="Test Api Users" source="/home/runner/work/gen-ai-robot-test/gen-ai-robot-test/tests/api/users/test_api_users.robot">
<test id="s1-s1-s1-s1-t1" name="Scenario: Get all registered users" line="9">
<kw name="Before Tests" library="test_keywords_common" type="SETUP">
<kw name="Create Session" library="RequestsLibrary">
<arg>serverest</arg>
<arg>${SERVER_BASE_URL}</arg>
<arg>disable_warnings=True</arg>
<doc>Create Session: create a HTTP session to a server</doc>
<msg timestamp="20230422 01:01:49.387" level="INFO">Creating Session using : alias=serverest, url=https://serverest.dev, headers={},                     cookies={}, auth=None, timeout=None, proxies=None, verify=False,                     debug=0 </msg>
<status status="PASS" starttime="20230422 01:01:49.387" endtime="20230422 01:01:49.388"/>
</kw>
<status status="PASS" starttime="20230422 01:01:49.387" endtime="20230422 01:01:49.388"/>
</kw>
<kw name="When I request the list of all registered users" library="test_keywords_users">
<kw name="GET On Session" library="RequestsLibrary">
<var>${response}</var>
<arg>serverest</arg>
<arg>${USERS_API_ENDPOINT}</arg>
<doc>Sends a GET request on a previously created HTTP Session.</doc>
<msg timestamp="20230422 01:01:53.235" level="INFO">GET Request : url=https://serverest.dev/usuarios 
 path_url=/usuarios 
 headers={'User-Agent': 'python-requests/2.28.2', 'Accept-Encoding': 'gzip, deflate', 'Accept': '*/*', 'Connection': 'keep-alive'} 
 body=None 
 </msg>
<msg timestamp="20230422 01:01:53.236" level="INFO">GET Response : url=https://serverest.dev/usuarios 
 status=200, reason=OK 
 headers={'access-control-allow-origin': '*', 'x-dns-prefetch-control': 'off', 'x-frame-options': 'SAMEORIGIN', 'strict-transport-security': 'max-age=15552000; includeSubDomains', 'x-download-options': 'noopen', 'x-content-type-options': 'nosniff', 'x-xss-protection': '1; mode=block', 'x-moesif-transaction-id': '7edebcd8-bb55-4daf-b95a-ef176b7bd706', 'content-type': 'application/json; charset=utf-8', 'X-Cloud-Trace-Context': '42d9899f94d42c8eff432bc013b78b5e;o=1', 'Date': 'Sat, 22 Apr 2023 01:01:53 GMT', 'Server': 'Google Frontend', 'Content-Length': '253'} 
 body={
    "quantidade": 1,
    "usuarios": [
        {
            "nome": "Fulano da Silva",
            "email": "fulano@qa.com",
            "password": "teste",
            "administrador": "true",
            "_id": "0uxuPY0cbmQhpEz1"
        }
    ]
} 
 </msg>
<msg timestamp="20230422 01:01:53.236" level="INFO">${response} = &lt;Response [200]&gt;</msg>
<status status="PASS" starttime="20230422 01:01:49.388" endtime="20230422 01:01:53.236"/>
</kw>
<kw name="Set Test Variable" library="BuiltIn">
<arg>${response}</arg>
<doc>Makes a variable available everywhere within the scope of the current test.</doc>
<msg timestamp="20230422 01:01:53.236" level="INFO">${response} = &lt;Response [200]&gt;</msg>
<status status="PASS" starttime="20230422 01:01:53.236" endtime="20230422 01:01:53.236"/>
</kw>
<status status="PASS" starttime="20230422 01:01:49.388" endtime="20230422 01:01:53.236"/>
</kw>
<kw name="Then the response status code should be 200" library="test_keywords_users" sourcename="Then the response status code should be ${status_code}">
<kw name="Should Be Equal As Numbers" library="BuiltIn">
<arg>${response.status_code}</arg>
<arg>${status_code}</arg>
<doc>Fails if objects are unequal after converting them to real numbers.</doc>
<msg timestamp="20230422 01:01:53.238" level="INFO">Argument types are:
&lt;class 'int'&gt;
&lt;class 'str'&gt;</msg>
<status status="PASS" starttime="20230422 01:01:53.237" endtime="20230422 01:01:53.238"/>
</kw>
<kw name="Should Be True" library="BuiltIn">
<arg>${response.json()}</arg>
<doc>Fails if the given condition is not true.</doc>
<status status="PASS" starttime="20230422 01:01:53.238" endtime="20230422 01:01:53.238"/>
</kw>
<status status="PASS" starttime="20230422 01:01:53.237" endtime="20230422 01:01:53.238"/>
</kw>
<kw name="And the response body should not be empty" library="test_keywords_users">
<kw name="Should Not Be Empty" library="BuiltIn">
<arg>${response.json()}</arg>
<doc>Verifies that the given item is not empty.</doc>
<msg timestamp="20230422 01:01:53.239" level="INFO">Length is 2</msg>
<status status="PASS" starttime="20230422 01:01:53.239" endtime="20230422 01:01:53.239"/>
</kw>
<status status="PASS" starttime="20230422 01:01:53.239" endtime="20230422 01:01:53.239"/>
</kw>
<status status="PASS" starttime="20230422 01:01:49.386" endtime="20230422 01:01:53.240"/>
</test>
<test id="s1-s1-s1-s1-t2" name="Scenario: Create a new user" line="14">
<kw name="Before Tests" library="test_keywords_common" type="SETUP">
<kw name="Create Session" library="RequestsLibrary">
<arg>serverest</arg>
<arg>${SERVER_BASE_URL}</arg>
<arg>disable_warnings=True</arg>
<doc>Create Session: create a HTTP session to a server</doc>
<msg timestamp="20230422 01:01:53.241" level="INFO">Creating Session using : alias=serverest, url=https://serverest.dev, headers={},                     cookies={}, auth=None, timeout=None, proxies=None, verify=False,                     debug=0 </msg>
<status status="PASS" starttime="20230422 01:01:53.241" endtime="20230422 01:01:53.241"/>
</kw>
<status status="PASS" starttime="20230422 01:01:53.240" endtime="20230422 01:01:53.241"/>
</kw>
<kw name="Given I have a valid user data" library="test_keywords_users">
<kw name="Name" library="FakerLibrary">
<var>${name}</var>
<doc>:example 'John Doe'</doc>
<msg timestamp="20230422 01:01:53.242" level="INFO">${name} = Charles James</msg>
<status status="PASS" starttime="20230422 01:01:53.242" endtime="20230422 01:01:53.242"/>
</kw>
<kw name="Email" library="FakerLibrary">
<var>${email}</var>
<msg timestamp="20230422 01:01:53.243" level="INFO">${email} = richard49@example.org</msg>
<status status="PASS" starttime="20230422 01:01:53.242" endtime="20230422 01:01:53.243"/>
</kw>
<kw name="Password" library="FakerLibrary">
<var>${password}</var>
<doc>Generate a random password of the specified ``length``.</doc>
<msg timestamp="20230422 01:01:53.243" level="INFO">${password} = y16*$B37)U</msg>
<status status="PASS" starttime="20230422 01:01:53.243" endtime="20230422 01:01:53.243"/>
</kw>
<kw name="Set Suite Variable" library="BuiltIn">
<arg>${name}</arg>
<doc>Makes a variable available everywhere within the scope of the current suite.</doc>
<msg timestamp="20230422 01:01:53.243" level="INFO">${name} = Charles James</msg>
<status status="PASS" starttime="20230422 01:01:53.243" endtime="20230422 01:01:53.243"/>
</kw>
<kw name="Set Suite Variable" library="BuiltIn">
<arg>${email}</arg>
<doc>Makes a variable available everywhere within the scope of the current suite.</doc>
<msg timestamp="20230422 01:01:53.244" level="INFO">${email} = richard49@example.org</msg>
<status status="PASS" starttime="20230422 01:01:53.243" endtime="20230422 01:01:53.244"/>
</kw>
<kw name="Set Suite Variable" library="BuiltIn">
<arg>${password}</arg>
<doc>Makes a variable available everywhere within the scope of the current suite.</doc>
<msg timestamp="20230422 01:01:53.244" level="INFO">${password} = y16*$B37)U</msg>
<status status="PASS" starttime="20230422 01:01:53.244" endtime="20230422 01:01:53.244"/>
</kw>
<status status="PASS" starttime="20230422 01:01:53.241" endtime="20230422 01:01:53.244"/>
</kw>
<kw name="When I create the user" library="test_keywords_users">
<kw name="Create Dictionary" library="BuiltIn">
<var>${payload}</var>
<arg>nome=${name}</arg>
<arg>email=${email}</arg>
<arg>password=${password}</arg>
<arg>administrador=false</arg>
<doc>Creates and returns a dictionary based on the given ``items``.</doc>
<msg timestamp="20230422 01:01:53.245" level="INFO">${payload} = {'nome': 'Charles James', 'email': 'richard49@example.org', 'password': 'y16*$B37)U', 'administrador': 'false'}</msg>
<status status="PASS" starttime="20230422 01:01:53.244" endtime="20230422 01:01:53.245"/>
</kw>
<kw name="Create Dictionary" library="BuiltIn">
<var>${headers}</var>
<arg>Content-Type=application/json</arg>
<doc>Creates and returns a dictionary based on the given ``items``.</doc>
<msg timestamp="20230422 01:01:53.245" level="INFO">${headers} = {'Content-Type': 'application/json'}</msg>
<status status="PASS" starttime="20230422 01:01:53.245" endtime="20230422 01:01:53.245"/>
</kw>
<kw name="POST On Session" library="RequestsLibrary">
<var>${response}</var>
<arg>serverest</arg>
<arg>${USERS_API_ENDPOINT}</arg>
<arg>json=${payload}</arg>
<arg>headers=${headers}</arg>
<doc>Sends a POST request on a previously created HTTP Session.</doc>
<msg timestamp="20230422 01:01:53.357" level="INFO">POST Request : url=https://serverest.dev/usuarios 
 path_url=/usuarios 
 headers={'User-Agent': 'python-requests/2.28.2', 'Accept-Encoding': 'gzip, deflate', 'Accept': '*/*', 'Connection': 'keep-alive', 'Content-Type': 'application/json', 'Content-Length': '111'} 
 body=b'{"nome": "Charles James", "email": "richard49@example.org", "password": "y16*$B37)U", "administrador": "false"}' 
 </msg>
<msg timestamp="20230422 01:01:53.358" level="INFO">POST Response : url=https://serverest.dev/usuarios 
 status=201, reason=Created 
 headers={'access-control-allow-origin': '*', 'x-dns-prefetch-control': 'off', 'x-frame-options': 'SAMEORIGIN', 'strict-transport-security': 'max-age=15552000; includeSubDomains', 'x-download-options': 'noopen', 'x-content-type-options': 'nosniff', 'x-xss-protection': '1; mode=block', 'x-moesif-transaction-id': '7fa7bf97-b3da-4e31-8907-dd0e1ee73ead', 'content-type': 'application/json; charset=utf-8', 'X-Cloud-Trace-Context': 'd88f84889f714234e307da57928b6bd5', 'Date': 'Sat, 22 Apr 2023 01:01:53 GMT', 'Server': 'Google Frontend', 'Content-Length': '82'} 
 body={
    "message": "Cadastro realizado com sucesso",
    "_id": "6QR1pW2W53keaibE"
} 
 </msg>
<msg timestamp="20230422 01:01:53.358" level="INFO">${response} = &lt;Response [201]&gt;</msg>
<status status="PASS" starttime="20230422 01:01:53.245" endtime="20230422 01:01:53.358"/>
</kw>
<kw name="Set Variable" library="BuiltIn">
<var>${user_id}</var>
<arg>${response.json()['_id']}</arg>
<doc>Returns the given values which can then be assigned to a variables.</doc>
<msg timestamp="20230422 01:01:53.359" level="INFO">${user_id} = 6QR1pW2W53keaibE</msg>
<status status="PASS" starttime="20230422 01:01:53.358" endtime="20230422 01:01:53.359"/>
</kw>
<kw name="Set Global Variable" library="BuiltIn">
<arg>${USER_ID}</arg>
<arg>${user_id}</arg>
<doc>Makes a variable available globally in all tests and suites.</doc>
<msg timestamp="20230422 01:01:53.359" level="INFO">${USER_ID} = 6QR1pW2W53keaibE</msg>
<status status="PASS" starttime="20230422 01:01:53.359" endtime="20230422 01:01:53.359"/>
</kw>
<kw name="Set Test Variable" library="BuiltIn">
<arg>${response}</arg>
<doc>Makes a variable available everywhere within the scope of the current test.</doc>
<msg timestamp="20230422 01:01:53.359" level="INFO">${response} = &lt;Response [201]&gt;</msg>
<status status="PASS" starttime="20230422 01:01:53.359" endtime="20230422 01:01:53.359"/>
</kw>
<status status="PASS" starttime="20230422 01:01:53.244" endtime="20230422 01:01:53.360"/>
</kw>
<kw name="Then the response status code should be 201" library="test_keywords_users" sourcename="Then the response status code should be ${status_code}">
<kw name="Should Be Equal As Numbers" library="BuiltIn">
<arg>${response.status_code}</arg>
<arg>${status_code}</arg>
<doc>Fails if objects are unequal after converting them to real numbers.</doc>
<msg timestamp="20230422 01:01:53.361" level="INFO">Argument types are:
&lt;class 'int'&gt;
&lt;class 'str'&gt;</msg>
<status status="PASS" starttime="20230422 01:01:53.360" endtime="20230422 01:01:53.361"/>
</kw>
<kw name="Should Be True" library="BuiltIn">
<arg>${response.json()}</arg>
<doc>Fails if the given condition is not true.</doc>
<status status="PASS" starttime="20230422 01:01:53.361" endtime="20230422 01:01:53.361"/>
</kw>
<status status="PASS" starttime="20230422 01:01:53.360" endtime="20230422 01:01:53.361"/>
</kw>
<kw name="And the response body should not be empty" library="test_keywords_users">
<kw name="Should Not Be Empty" library="BuiltIn">
<arg>${response.json()}</arg>
<doc>Verifies that the given item is not empty.</doc>
<msg timestamp="20230422 01:01:53.362" level="INFO">Length is 2</msg>
<status status="PASS" starttime="20230422 01:01:53.362" endtime="20230422 01:01:53.362"/>
</kw>
<status status="PASS" starttime="20230422 01:01:53.361" endtime="20230422 01:01:53.362"/>
</kw>
<status status="PASS" starttime="20230422 01:01:53.240" endtime="20230422 01:01:53.363"/>
</test>
<test id="s1-s1-s1-s1-t3" name="Scenario: Get a specific user informations" line="20">
<kw name="Before Tests" library="test_keywords_common" type="SETUP">
<kw name="Create Session" library="RequestsLibrary">
<arg>serverest</arg>
<arg>${SERVER_BASE_URL}</arg>
<arg>disable_warnings=True</arg>
<doc>Create Session: create a HTTP session to a server</doc>
<msg timestamp="20230422 01:01:53.364" level="INFO">Creating Session using : alias=serverest, url=https://serverest.dev, headers={},                     cookies={}, auth=None, timeout=None, proxies=None, verify=False,                     debug=0 </msg>
<status status="PASS" starttime="20230422 01:01:53.363" endtime="20230422 01:01:53.364"/>
</kw>
<status status="PASS" starttime="20230422 01:01:53.363" endtime="20230422 01:01:53.364"/>
</kw>
<kw name="When I request the created user" library="test_keywords_users">
<kw name="GET On Session" library="RequestsLibrary">
<var>${response}</var>
<arg>serverest</arg>
<arg>${USERS_API_ENDPOINT}/${USER_ID}</arg>
<doc>Sends a GET request on a previously created HTTP Session.</doc>
<msg timestamp="20230422 01:01:53.441" level="INFO">GET Request : url=https://serverest.dev/usuarios/6QR1pW2W53keaibE 
 path_url=/usuarios/6QR1pW2W53keaibE 
 headers={'User-Agent': 'python-requests/2.28.2', 'Accept-Encoding': 'gzip, deflate', 'Accept': '*/*', 'Connection': 'keep-alive'} 
 body=None 
 </msg>
<msg timestamp="20230422 01:01:53.442" level="INFO">GET Response : url=https://serverest.dev/usuarios/6QR1pW2W53keaibE 
 status=200, reason=OK 
 headers={'access-control-allow-origin': '*', 'x-dns-prefetch-control': 'off', 'x-frame-options': 'SAMEORIGIN', 'strict-transport-security': 'max-age=15552000; includeSubDomains', 'x-download-options': 'noopen', 'x-content-type-options': 'nosniff', 'x-xss-protection': '1; mode=block', 'x-moesif-transaction-id': 'b4bcab5e-8f18-4cac-b7bc-dbcb4d183923', 'content-type': 'application/json; charset=utf-8', 'X-Cloud-Trace-Context': '087a6b2703e1c90549ce358e89d62ae1', 'Date': 'Sat, 22 Apr 2023 01:01:53 GMT', 'Server': 'Google Frontend', 'Content-Length': '160'} 
 body={
    "nome": "Charles James",
    "email": "richard49@example.org",
    "password": "y16*$B37)U",
    "administrador": "false",
    "_id": "6QR1pW2W53keaibE"
} 
 </msg>
<msg timestamp="20230422 01:01:53.442" level="INFO">${response} = &lt;Response [200]&gt;</msg>
<status status="PASS" starttime="20230422 01:01:53.364" endtime="20230422 01:01:53.442"/>
</kw>
<kw name="Set Test Variable" library="BuiltIn">
<arg>${response}</arg>
<doc>Makes a variable available everywhere within the scope of the current test.</doc>
<msg timestamp="20230422 01:01:53.442" level="INFO">${response} = &lt;Response [200]&gt;</msg>
<status status="PASS" starttime="20230422 01:01:53.442" endtime="20230422 01:01:53.442"/>
</kw>
<status status="PASS" starttime="20230422 01:01:53.364" endtime="20230422 01:01:53.442"/>
</kw>
<kw name="Then the response status code should be 200" library="test_keywords_users" sourcename="Then the response status code should be ${status_code}">
<kw name="Should Be Equal As Numbers" library="BuiltIn">
<arg>${response.status_code}</arg>
<arg>${status_code}</arg>
<doc>Fails if objects are unequal after converting them to real numbers.</doc>
<msg timestamp="20230422 01:01:53.443" level="INFO">Argument types are:
&lt;class 'int'&gt;
&lt;class 'str'&gt;</msg>
<status status="PASS" starttime="20230422 01:01:53.443" endtime="20230422 01:01:53.443"/>
</kw>
<kw name="Should Be True" library="BuiltIn">
<arg>${response.json()}</arg>
<doc>Fails if the given condition is not true.</doc>
<status status="PASS" starttime="20230422 01:01:53.444" endtime="20230422 01:01:53.444"/>
</kw>
<status status="PASS" starttime="20230422 01:01:53.442" endtime="20230422 01:01:53.444"/>
</kw>
<kw name="And the response body should not be empty" library="test_keywords_users">
<kw name="Should Not Be Empty" library="BuiltIn">
<arg>${response.json()}</arg>
<doc>Verifies that the given item is not empty.</doc>
<msg timestamp="20230422 01:01:53.445" level="INFO">Length is 5</msg>
<status status="PASS" starttime="20230422 01:01:53.445" endtime="20230422 01:01:53.445"/>
</kw>
<status status="PASS" starttime="20230422 01:01:53.444" endtime="20230422 01:01:53.445"/>
</kw>
<status status="PASS" starttime="20230422 01:01:53.363" endtime="20230422 01:01:53.445"/>
</test>
<test id="s1-s1-s1-s1-t4" name="Scenario: Update the created user" line="25">
<kw name="Before Tests" library="test_keywords_common" type="SETUP">
<kw name="Create Session" library="RequestsLibrary">
<arg>serverest</arg>
<arg>${SERVER_BASE_URL}</arg>
<arg>disable_warnings=True</arg>
<doc>Create Session: create a HTTP session to a server</doc>
<msg timestamp="20230422 01:01:53.447" level="INFO">Creating Session using : alias=serverest, url=https://serverest.dev, headers={},                     cookies={}, auth=None, timeout=None, proxies=None, verify=False,                     debug=0 </msg>
<status status="PASS" starttime="20230422 01:01:53.446" endtime="20230422 01:01:53.447"/>
</kw>
<status status="PASS" starttime="20230422 01:01:53.446" endtime="20230422 01:01:53.447"/>
</kw>
<kw name="When I update the created user" library="test_keywords_users">
<kw name="Create Dictionary" library="BuiltIn">
<var>${payload}</var>
<arg>nome=John Smith</arg>
<arg>email=john.smith@example.com</arg>
<arg>password=P@ssw0rd123</arg>
<arg>administrador=false</arg>
<doc>Creates and returns a dictionary based on the given ``items``.</doc>
<msg timestamp="20230422 01:01:53.448" level="INFO">${payload} = {'nome': 'John Smith', 'email': 'john.smith@example.com', 'password': 'P@ssw0rd123', 'administrador': 'false'}</msg>
<status status="PASS" starttime="20230422 01:01:53.447" endtime="20230422 01:01:53.448"/>
</kw>
<kw name="Create Dictionary" library="BuiltIn">
<var>${headers}</var>
<arg>Content-Type=application/json</arg>
<doc>Creates and returns a dictionary based on the given ``items``.</doc>
<msg timestamp="20230422 01:01:53.448" level="INFO">${headers} = {'Content-Type': 'application/json'}</msg>
<status status="PASS" starttime="20230422 01:01:53.448" endtime="20230422 01:01:53.448"/>
</kw>
<kw name="PUT On Session" library="RequestsLibrary">
<var>${response}</var>
<arg>serverest</arg>
<arg>${USERS_API_ENDPOINT}/${USER_ID}</arg>
<arg>json=${payload}</arg>
<arg>headers=${headers}</arg>
<doc>Sends a PUT request on a previously created HTTP Session.</doc>
<msg timestamp="20230422 01:01:53.529" level="INFO">PUT Request : url=https://serverest.dev/usuarios/6QR1pW2W53keaibE 
 path_url=/usuarios/6QR1pW2W53keaibE 
 headers={'User-Agent': 'python-requests/2.28.2', 'Accept-Encoding': 'gzip, deflate', 'Accept': '*/*', 'Connection': 'keep-alive', 'Content-Type': 'application/json', 'Content-Length': '110'} 
 body=b'{"nome": "John Smith", "email": "john.smith@example.com", "password": "P@ssw0rd123", "administrador": "false"}' 
 </msg>
<msg timestamp="20230422 01:01:53.529" level="INFO">PUT Response : url=https://serverest.dev/usuarios/6QR1pW2W53keaibE 
 status=200, reason=OK 
 headers={'access-control-allow-origin': '*', 'x-dns-prefetch-control': 'off', 'x-frame-options': 'SAMEORIGIN', 'strict-transport-security': 'max-age=15552000; includeSubDomains', 'x-download-options': 'noopen', 'x-content-type-options': 'nosniff', 'x-xss-protection': '1; mode=block', 'x-moesif-transaction-id': 'b6cb4c6b-df57-48ad-875f-a8abda6d72ca', 'content-type': 'application/json; charset=utf-8', 'X-Cloud-Trace-Context': 'c775bcb8cdbb14766d28073ffd116322', 'Date': 'Sat, 22 Apr 2023 01:01:53 GMT', 'Server': 'Google Frontend', 'Content-Length': '50'} 
 body={
    "message": "Registro alterado com sucesso"
} 
 </msg>
<msg timestamp="20230422 01:01:53.529" level="INFO">${response} = &lt;Response [200]&gt;</msg>
<status status="PASS" starttime="20230422 01:01:53.448" endtime="20230422 01:01:53.529"/>
</kw>
<kw name="Set Test Variable" library="BuiltIn">
<arg>${response}</arg>
<doc>Makes a variable available everywhere within the scope of the current test.</doc>
<msg timestamp="20230422 01:01:53.529" level="INFO">${response} = &lt;Response [200]&gt;</msg>
<status status="PASS" starttime="20230422 01:01:53.529" endtime="20230422 01:01:53.529"/>
</kw>
<status status="PASS" starttime="20230422 01:01:53.447" endtime="20230422 01:01:53.529"/>
</kw>
<kw name="Then the response status code should be 200" library="test_keywords_users" sourcename="Then the response status code should be ${status_code}">
<kw name="Should Be Equal As Numbers" library="BuiltIn">
<arg>${response.status_code}</arg>
<arg>${status_code}</arg>
<doc>Fails if objects are unequal after converting them to real numbers.</doc>
<msg timestamp="20230422 01:01:53.530" level="INFO">Argument types are:
&lt;class 'int'&gt;
&lt;class 'str'&gt;</msg>
<status status="PASS" starttime="20230422 01:01:53.530" endtime="20230422 01:01:53.531"/>
</kw>
<kw name="Should Be True" library="BuiltIn">
<arg>${response.json()}</arg>
<doc>Fails if the given condition is not true.</doc>
<status status="PASS" starttime="20230422 01:01:53.531" endtime="20230422 01:01:53.531"/>
</kw>
<status status="PASS" starttime="20230422 01:01:53.530" endtime="20230422 01:01:53.531"/>
</kw>
<kw name="And the response body should not be empty" library="test_keywords_users">
<kw name="Should Not Be Empty" library="BuiltIn">
<arg>${response.json()}</arg>
<doc>Verifies that the given item is not empty.</doc>
<msg timestamp="20230422 01:01:53.532" level="INFO">Length is 1</msg>
<status status="PASS" starttime="20230422 01:01:53.532" endtime="20230422 01:01:53.532"/>
</kw>
<status status="PASS" starttime="20230422 01:01:53.531" endtime="20230422 01:01:53.532"/>
</kw>
<status status="PASS" starttime="20230422 01:01:53.446" endtime="20230422 01:01:53.533"/>
</test>
<test id="s1-s1-s1-s1-t5" name="Scenario: Delete the created user" line="30">
<kw name="Before Tests" library="test_keywords_common" type="SETUP">
<kw name="Create Session" library="RequestsLibrary">
<arg>serverest</arg>
<arg>${SERVER_BASE_URL}</arg>
<arg>disable_warnings=True</arg>
<doc>Create Session: create a HTTP session to a server</doc>
<msg timestamp="20230422 01:01:53.534" level="INFO">Creating Session using : alias=serverest, url=https://serverest.dev, headers={},                     cookies={}, auth=None, timeout=None, proxies=None, verify=False,                     debug=0 </msg>
<status status="PASS" starttime="20230422 01:01:53.533" endtime="20230422 01:01:53.534"/>
</kw>
<status status="PASS" starttime="20230422 01:01:53.533" endtime="20230422 01:01:53.534"/>
</kw>
<kw name="When I delete the created user" library="test_keywords_users">
<kw name="DELETE On Session" library="RequestsLibrary">
<var>${response}</var>
<arg>serverest</arg>
<arg>${USERS_API_ENDPOINT}/${USER_ID}</arg>
<doc>Sends a DELETE request on a previously created HTTP Session.</doc>
<msg timestamp="20230422 01:01:53.616" level="INFO">DELETE Request : url=https://serverest.dev/usuarios/6QR1pW2W53keaibE 
 path_url=/usuarios/6QR1pW2W53keaibE 
 headers={'User-Agent': 'python-requests/2.28.2', 'Accept-Encoding': 'gzip, deflate', 'Accept': '*/*', 'Connection': 'keep-alive', 'Content-Length': '0'} 
 body=None 
 </msg>
<msg timestamp="20230422 01:01:53.616" level="INFO">DELETE Response : url=https://serverest.dev/usuarios/6QR1pW2W53keaibE 
 status=200, reason=OK 
 headers={'access-control-allow-origin': '*', 'x-dns-prefetch-control': 'off', 'x-frame-options': 'SAMEORIGIN', 'strict-transport-security': 'max-age=15552000; includeSubDomains', 'x-download-options': 'noopen', 'x-content-type-options': 'nosniff', 'x-xss-protection': '1; mode=block', 'x-moesif-transaction-id': '928b951f-7b56-4029-bda6-abea1f447926', 'content-type': 'application/json; charset=utf-8', 'X-Cloud-Trace-Context': 'c35d7f856db928f1c88bff80af24d63e', 'Date': 'Sat, 22 Apr 2023 01:01:53 GMT', 'Server': 'Google Frontend', 'Content-Length': '51'} 
 body={
    "message": "Registro excluído com sucesso"
} 
 </msg>
<msg timestamp="20230422 01:01:53.616" level="INFO">${response} = &lt;Response [200]&gt;</msg>
<status status="PASS" starttime="20230422 01:01:53.534" endtime="20230422 01:01:53.616"/>
</kw>
<kw name="Set Test Variable" library="BuiltIn">
<arg>${response}</arg>
<doc>Makes a variable available everywhere within the scope of the current test.</doc>
<msg timestamp="20230422 01:01:53.617" level="INFO">${response} = &lt;Response [200]&gt;</msg>
<status status="PASS" starttime="20230422 01:01:53.616" endtime="20230422 01:01:53.617"/>
</kw>
<status status="PASS" starttime="20230422 01:01:53.534" endtime="20230422 01:01:53.617"/>
</kw>
<kw name="Then the response status code should be 200" library="test_keywords_users" sourcename="Then the response status code should be ${status_code}">
<kw name="Should Be Equal As Numbers" library="BuiltIn">
<arg>${response.status_code}</arg>
<arg>${status_code}</arg>
<doc>Fails if objects are unequal after converting them to real numbers.</doc>
<msg timestamp="20230422 01:01:53.618" level="INFO">Argument types are:
&lt;class 'int'&gt;
&lt;class 'str'&gt;</msg>
<status status="PASS" starttime="20230422 01:01:53.617" endtime="20230422 01:01:53.618"/>
</kw>
<kw name="Should Be True" library="BuiltIn">
<arg>${response.json()}</arg>
<doc>Fails if the given condition is not true.</doc>
<status status="PASS" starttime="20230422 01:01:53.618" endtime="20230422 01:01:53.619"/>
</kw>
<status status="PASS" starttime="20230422 01:01:53.617" endtime="20230422 01:01:53.619"/>
</kw>
<kw name="And the response body should not be empty" library="test_keywords_users">
<kw name="Should Not Be Empty" library="BuiltIn">
<arg>${response.json()}</arg>
<doc>Verifies that the given item is not empty.</doc>
<msg timestamp="20230422 01:01:53.620" level="INFO">Length is 1</msg>
<status status="PASS" starttime="20230422 01:01:53.619" endtime="20230422 01:01:53.620"/>
</kw>
<status status="PASS" starttime="20230422 01:01:53.619" endtime="20230422 01:01:53.620"/>
</kw>
<status status="PASS" starttime="20230422 01:01:53.533" endtime="20230422 01:01:53.620"/>
</test>
<status status="PASS" starttime="20230422 01:01:48.898" endtime="20230422 01:01:53.621"/>
</suite>
<status status="PASS" starttime="20230422 01:01:48.896" endtime="20230422 01:01:53.622"/>
</suite>
<status status="PASS" starttime="20230422 01:01:48.895" endtime="20230422 01:01:53.623"/>
</suite>
<suite id="s1-s2" name="Ui" source="/home/runner/work/gen-ai-robot-test/gen-ai-robot-test/tests/ui">
<suite id="s1-s2-s1" name="Login" source="/home/runner/work/gen-ai-robot-test/gen-ai-robot-test/tests/ui/login">
<suite id="s1-s2-s1-s1" name="Test Ui Login" source="/home/runner/work/gen-ai-robot-test/gen-ai-robot-test/tests/ui/login/test_ui_login.robot">
<test id="s1-s2-s1-s1-t1" name="Scenario: Log in to Sauce Demo with Standard User" line="10">
<kw name="Before Tests" library="test_keywords_common" type="SETUP">
<kw name="Open Browser" library="SeleniumLibrary">
<arg>${SERVER_BASE_URL}</arg>
<arg>${HEADLESS} ${BROWSER}</arg>
<doc>Opens a new browser instance to the optional ``url``.</doc>
<msg timestamp="20230422 01:01:53.634" level="INFO">Opening browser 'headless Chrome' to base url 'https://www.saucedemo.com/'.</msg>
<status status="PASS" starttime="20230422 01:01:53.633" endtime="20230422 01:01:55.003"/>
</kw>
<kw name="Maximize Browser Window" library="SeleniumLibrary">
<doc>Maximizes current browser window.</doc>
<status status="PASS" starttime="20230422 01:01:55.003" endtime="20230422 01:01:55.111"/>
</kw>
<status status="PASS" starttime="20230422 01:01:53.633" endtime="20230422 01:01:55.111"/>
</kw>
<kw name="Given Im on the main application page" library="test_keywords_login">
<kw name="Go To" library="SeleniumLibrary">
<arg>${SERVER_BASE_URL}</arg>
<doc>Navigates the current browser window to the provided ``url``.</doc>
<msg timestamp="20230422 01:01:55.112" level="INFO">Opening url 'https://www.saucedemo.com/'</msg>
<status status="PASS" starttime="20230422 01:01:55.112" endtime="20230422 01:01:55.169"/>
</kw>
<kw name="Location Should Be" library="SeleniumLibrary">
<arg>${SERVER_BASE_URL}</arg>
<doc>Verifies that the current URL is exactly ``url``.</doc>
<msg timestamp="20230422 01:01:55.173" level="INFO">Current location is 'https://www.saucedemo.com/'.</msg>
<status status="PASS" starttime="20230422 01:01:55.169" endtime="20230422 01:01:55.173"/>
</kw>
<status status="PASS" starttime="20230422 01:01:55.112" endtime="20230422 01:01:55.173"/>
</kw>
<kw name="When I log in with credentials" library="test_keywords_login">
<arg>standard_user</arg>
<arg>secret_sauce</arg>
<kw name="Input Text" library="SeleniumLibrary">
<arg>id:user-name</arg>
<arg>${username}</arg>
<doc>Types the given ``text`` into the text field identified by ``locator``.</doc>
<msg timestamp="20230422 01:01:55.175" level="INFO">Typing text 'standard_user' into text field 'id:user-name'.</msg>
<status status="PASS" starttime="20230422 01:01:55.173" endtime="20230422 01:01:55.274"/>
</kw>
<kw name="Input Text" library="SeleniumLibrary">
<arg>id:password</arg>
<arg>${password}</arg>
<doc>Types the given ``text`` into the text field identified by ``locator``.</doc>
<msg timestamp="20230422 01:01:55.275" level="INFO">Typing text 'secret_sauce' into text field 'id:password'.</msg>
<status status="PASS" starttime="20230422 01:01:55.274" endtime="20230422 01:01:55.355"/>
</kw>
<kw name="Click Button" library="SeleniumLibrary">
<arg>id:login-button</arg>
<doc>Clicks the button identified by ``locator``.</doc>
<msg timestamp="20230422 01:01:55.356" level="INFO">Clicking button 'id:login-button'.</msg>
<status status="PASS" starttime="20230422 01:01:55.355" endtime="20230422 01:01:55.447"/>
</kw>
<status status="PASS" starttime="20230422 01:01:55.173" endtime="20230422 01:01:55.447"/>
</kw>
<kw name="And the Inventory page loads" library="test_keywords_login">
<kw name="Location Should Be" library="SeleniumLibrary">
<arg>https://www.saucedemo.com/inventory.html</arg>
<doc>Verifies that the current URL is exactly ``url``.</doc>
<msg timestamp="20230422 01:01:55.458" level="INFO">Current location is 'https://www.saucedemo.com/inventory.html'.</msg>
<status status="PASS" starttime="20230422 01:01:55.447" endtime="20230422 01:01:55.458"/>
</kw>
<status status="PASS" starttime="20230422 01:01:55.447" endtime="20230422 01:01:55.458"/>
</kw>
<kw name="Then the page should contain the text &quot;Products&quot;" library="test_keywords_login" sourcename="Then the page should contain the text &quot;${expected_text}&quot;">
<kw name="Page Should Contain" library="SeleniumLibrary">
<arg>${expected_text}</arg>
<doc>Verifies that current page contains ``text``.</doc>
<msg timestamp="20230422 01:01:55.471" level="INFO">Current page contains text 'Products'.</msg>
<status status="PASS" starttime="20230422 01:01:55.459" endtime="20230422 01:01:55.471"/>
</kw>
<status status="PASS" starttime="20230422 01:01:55.458" endtime="20230422 01:01:55.472"/>
</kw>
<kw name="After Tests" library="test_keywords_common" type="TEARDOWN">
<kw name="Close Browser" library="SeleniumLibrary">
<doc>Closes the current browser.</doc>
<status status="PASS" starttime="20230422 01:01:55.472" endtime="20230422 01:01:55.529"/>
</kw>
<status status="PASS" starttime="20230422 01:01:55.472" endtime="20230422 01:01:55.530"/>
</kw>
<status status="PASS" starttime="20230422 01:01:53.632" endtime="20230422 01:01:55.530"/>
</test>
<test id="s1-s2-s1-s1-t2" name="Scenario: Log in to Sauce Demo with Locked Out User" line="16">
<kw name="Before Tests" library="test_keywords_common" type="SETUP">
<kw name="Open Browser" library="SeleniumLibrary">
<arg>${SERVER_BASE_URL}</arg>
<arg>${HEADLESS} ${BROWSER}</arg>
<doc>Opens a new browser instance to the optional ``url``.</doc>
<msg timestamp="20230422 01:01:55.532" level="INFO">Opening browser 'headless Chrome' to base url 'https://www.saucedemo.com/'.</msg>
<status status="PASS" starttime="20230422 01:01:55.531" endtime="20230422 01:01:56.373"/>
</kw>
<kw name="Maximize Browser Window" library="SeleniumLibrary">
<doc>Maximizes current browser window.</doc>
<status status="PASS" starttime="20230422 01:01:56.374" endtime="20230422 01:01:56.478"/>
</kw>
<status status="PASS" starttime="20230422 01:01:55.531" endtime="20230422 01:01:56.479"/>
</kw>
<kw name="Given Im on the main application page" library="test_keywords_login">
<kw name="Go To" library="SeleniumLibrary">
<arg>${SERVER_BASE_URL}</arg>
<doc>Navigates the current browser window to the provided ``url``.</doc>
<msg timestamp="20230422 01:01:56.480" level="INFO">Opening url 'https://www.saucedemo.com/'</msg>
<status status="PASS" starttime="20230422 01:01:56.479" endtime="20230422 01:01:56.533"/>
</kw>
<kw name="Location Should Be" library="SeleniumLibrary">
<arg>${SERVER_BASE_URL}</arg>
<doc>Verifies that the current URL is exactly ``url``.</doc>
<msg timestamp="20230422 01:01:56.537" level="INFO">Current location is 'https://www.saucedemo.com/'.</msg>
<status status="PASS" starttime="20230422 01:01:56.533" endtime="20230422 01:01:56.537"/>
</kw>
<status status="PASS" starttime="20230422 01:01:56.479" endtime="20230422 01:01:56.538"/>
</kw>
<kw name="When I log in with credentials" library="test_keywords_login">
<arg>locked_out_user</arg>
<arg>secret_sauce</arg>
<kw name="Input Text" library="SeleniumLibrary">
<arg>id:user-name</arg>
<arg>${username}</arg>
<doc>Types the given ``text`` into the text field identified by ``locator``.</doc>
<msg timestamp="20230422 01:01:56.539" level="INFO">Typing text 'locked_out_user' into text field 'id:user-name'.</msg>
<status status="PASS" starttime="20230422 01:01:56.538" endtime="20230422 01:01:56.624"/>
</kw>
<kw name="Input Text" library="SeleniumLibrary">
<arg>id:password</arg>
<arg>${password}</arg>
<doc>Types the given ``text`` into the text field identified by ``locator``.</doc>
<msg timestamp="20230422 01:01:56.625" level="INFO">Typing text 'secret_sauce' into text field 'id:password'.</msg>
<status status="PASS" starttime="20230422 01:01:56.624" endtime="20230422 01:01:56.704"/>
</kw>
<kw name="Click Button" library="SeleniumLibrary">
<arg>id:login-button</arg>
<doc>Clicks the button identified by ``locator``.</doc>
<msg timestamp="20230422 01:01:56.704" level="INFO">Clicking button 'id:login-button'.</msg>
<status status="PASS" starttime="20230422 01:01:56.704" endtime="20230422 01:01:56.757"/>
</kw>
<status status="PASS" starttime="20230422 01:01:56.538" endtime="20230422 01:01:56.757"/>
</kw>
<kw name="Then the locked out message should be displayed" library="test_keywords_login">
<kw name="Element Should Be Visible" library="SeleniumLibrary">
<arg>class:error-message-container</arg>
<doc>Verifies that the element identified by ``locator`` is visible.</doc>
<msg timestamp="20230422 01:01:56.778" level="INFO">Element 'class:error-message-container' is displayed.</msg>
<status status="PASS" starttime="20230422 01:01:56.757" endtime="20230422 01:01:56.778"/>
</kw>
<status status="PASS" starttime="20230422 01:01:56.757" endtime="20230422 01:01:56.778"/>
</kw>
<kw name="After Tests" library="test_keywords_common" type="TEARDOWN">
<kw name="Close Browser" library="SeleniumLibrary">
<doc>Closes the current browser.</doc>
<status status="PASS" starttime="20230422 01:01:56.779" endtime="20230422 01:01:56.835"/>
</kw>
<status status="PASS" starttime="20230422 01:01:56.779" endtime="20230422 01:01:56.835"/>
</kw>
<status status="PASS" starttime="20230422 01:01:55.530" endtime="20230422 01:01:56.835"/>
</test>
<test id="s1-s2-s1-s1-t3" name="Scenario: Log in to Sauce Demo with Problem User" line="21">
<kw name="Before Tests" library="test_keywords_common" type="SETUP">
<kw name="Open Browser" library="SeleniumLibrary">
<arg>${SERVER_BASE_URL}</arg>
<arg>${HEADLESS} ${BROWSER}</arg>
<doc>Opens a new browser instance to the optional ``url``.</doc>
<msg timestamp="20230422 01:01:56.837" level="INFO">Opening browser 'headless Chrome' to base url 'https://www.saucedemo.com/'.</msg>
<status status="PASS" starttime="20230422 01:01:56.836" endtime="20230422 01:01:57.653"/>
</kw>
<kw name="Maximize Browser Window" library="SeleniumLibrary">
<doc>Maximizes current browser window.</doc>
<status status="PASS" starttime="20230422 01:01:57.653" endtime="20230422 01:01:57.757"/>
</kw>
<status status="PASS" starttime="20230422 01:01:56.836" endtime="20230422 01:01:57.757"/>
</kw>
<kw name="Given Im on the main application page" library="test_keywords_login">
<kw name="Go To" library="SeleniumLibrary">
<arg>${SERVER_BASE_URL}</arg>
<doc>Navigates the current browser window to the provided ``url``.</doc>
<msg timestamp="20230422 01:01:57.758" level="INFO">Opening url 'https://www.saucedemo.com/'</msg>
<status status="PASS" starttime="20230422 01:01:57.758" endtime="20230422 01:01:57.815"/>
</kw>
<kw name="Location Should Be" library="SeleniumLibrary">
<arg>${SERVER_BASE_URL}</arg>
<doc>Verifies that the current URL is exactly ``url``.</doc>
<msg timestamp="20230422 01:01:57.818" level="INFO">Current location is 'https://www.saucedemo.com/'.</msg>
<status status="PASS" starttime="20230422 01:01:57.815" endtime="20230422 01:01:57.819"/>
</kw>
<status status="PASS" starttime="20230422 01:01:57.758" endtime="20230422 01:01:57.819"/>
</kw>
<kw name="When I log in with credentials" library="test_keywords_login">
<arg>problem_user</arg>
<arg>secret_sauce</arg>
<kw name="Input Text" library="SeleniumLibrary">
<arg>id:user-name</arg>
<arg>${username}</arg>
<doc>Types the given ``text`` into the text field identified by ``locator``.</doc>
<msg timestamp="20230422 01:01:57.820" level="INFO">Typing text 'problem_user' into text field 'id:user-name'.</msg>
<status status="PASS" starttime="20230422 01:01:57.819" endtime="20230422 01:01:57.903"/>
</kw>
<kw name="Input Text" library="SeleniumLibrary">
<arg>id:password</arg>
<arg>${password}</arg>
<doc>Types the given ``text`` into the text field identified by ``locator``.</doc>
<msg timestamp="20230422 01:01:57.904" level="INFO">Typing text 'secret_sauce' into text field 'id:password'.</msg>
<status status="PASS" starttime="20230422 01:01:57.903" endtime="20230422 01:01:57.979"/>
</kw>
<kw name="Click Button" library="SeleniumLibrary">
<arg>id:login-button</arg>
<doc>Clicks the button identified by ``locator``.</doc>
<msg timestamp="20230422 01:01:57.980" level="INFO">Clicking button 'id:login-button'.</msg>
<status status="PASS" starttime="20230422 01:01:57.980" endtime="20230422 01:01:58.062"/>
</kw>
<status status="PASS" starttime="20230422 01:01:57.819" endtime="20230422 01:01:58.062"/>
</kw>
<kw name="And the Inventory page loads" library="test_keywords_login">
<kw name="Location Should Be" library="SeleniumLibrary">
<arg>https://www.saucedemo.com/inventory.html</arg>
<doc>Verifies that the current URL is exactly ``url``.</doc>
<msg timestamp="20230422 01:01:58.075" level="INFO">Current location is 'https://www.saucedemo.com/inventory.html'.</msg>
<status status="PASS" starttime="20230422 01:01:58.062" endtime="20230422 01:01:58.075"/>
</kw>
<status status="PASS" starttime="20230422 01:01:58.062" endtime="20230422 01:01:58.075"/>
</kw>
<kw name="Then the page should contain the text &quot;Products&quot;" library="test_keywords_login" sourcename="Then the page should contain the text &quot;${expected_text}&quot;">
<kw name="Page Should Contain" library="SeleniumLibrary">
<arg>${expected_text}</arg>
<doc>Verifies that current page contains ``text``.</doc>
<msg timestamp="20230422 01:01:58.088" level="INFO">Current page contains text 'Products'.</msg>
<status status="PASS" starttime="20230422 01:01:58.075" endtime="20230422 01:01:58.088"/>
</kw>
<status status="PASS" starttime="20230422 01:01:58.075" endtime="20230422 01:01:58.088"/>
</kw>
<kw name="After Tests" library="test_keywords_common" type="TEARDOWN">
<kw name="Close Browser" library="SeleniumLibrary">
<doc>Closes the current browser.</doc>
<status status="PASS" starttime="20230422 01:01:58.088" endtime="20230422 01:01:58.144"/>
</kw>
<status status="PASS" starttime="20230422 01:01:58.088" endtime="20230422 01:01:58.145"/>
</kw>
<status status="PASS" starttime="20230422 01:01:56.836" endtime="20230422 01:01:58.145"/>
</test>
<test id="s1-s2-s1-s1-t4" name="Scenario: Log in to Sauce Demo with Performance Glitch User" line="27">
<kw name="Before Tests" library="test_keywords_common" type="SETUP">
<kw name="Open Browser" library="SeleniumLibrary">
<arg>${SERVER_BASE_URL}</arg>
<arg>${HEADLESS} ${BROWSER}</arg>
<doc>Opens a new browser instance to the optional ``url``.</doc>
<msg timestamp="20230422 01:01:58.147" level="INFO">Opening browser 'headless Chrome' to base url 'https://www.saucedemo.com/'.</msg>
<status status="PASS" starttime="20230422 01:01:58.146" endtime="20230422 01:01:58.959"/>
</kw>
<kw name="Maximize Browser Window" library="SeleniumLibrary">
<doc>Maximizes current browser window.</doc>
<status status="PASS" starttime="20230422 01:01:58.959" endtime="20230422 01:01:59.065"/>
</kw>
<status status="PASS" starttime="20230422 01:01:58.146" endtime="20230422 01:01:59.065"/>
</kw>
<kw name="Given Im on the main application page" library="test_keywords_login">
<kw name="Go To" library="SeleniumLibrary">
<arg>${SERVER_BASE_URL}</arg>
<doc>Navigates the current browser window to the provided ``url``.</doc>
<msg timestamp="20230422 01:01:59.066" level="INFO">Opening url 'https://www.saucedemo.com/'</msg>
<status status="PASS" starttime="20230422 01:01:59.065" endtime="20230422 01:01:59.120"/>
</kw>
<kw name="Location Should Be" library="SeleniumLibrary">
<arg>${SERVER_BASE_URL}</arg>
<doc>Verifies that the current URL is exactly ``url``.</doc>
<msg timestamp="20230422 01:01:59.124" level="INFO">Current location is 'https://www.saucedemo.com/'.</msg>
<status status="PASS" starttime="20230422 01:01:59.121" endtime="20230422 01:01:59.125"/>
</kw>
<status status="PASS" starttime="20230422 01:01:59.065" endtime="20230422 01:01:59.125"/>
</kw>
<kw name="When I log in with credentials" library="test_keywords_login">
<arg>performance_glitch_user</arg>
<arg>secret_sauce</arg>
<kw name="Input Text" library="SeleniumLibrary">
<arg>id:user-name</arg>
<arg>${username}</arg>
<doc>Types the given ``text`` into the text field identified by ``locator``.</doc>
<msg timestamp="20230422 01:01:59.126" level="INFO">Typing text 'performance_glitch_user' into text field 'id:user-name'.</msg>
<status status="PASS" starttime="20230422 01:01:59.125" endtime="20230422 01:01:59.225"/>
</kw>
<kw name="Input Text" library="SeleniumLibrary">
<arg>id:password</arg>
<arg>${password}</arg>
<doc>Types the given ``text`` into the text field identified by ``locator``.</doc>
<msg timestamp="20230422 01:01:59.226" level="INFO">Typing text 'secret_sauce' into text field 'id:password'.</msg>
<status status="PASS" starttime="20230422 01:01:59.226" endtime="20230422 01:01:59.305"/>
</kw>
<kw name="Click Button" library="SeleniumLibrary">
<arg>id:login-button</arg>
<doc>Clicks the button identified by ``locator``.</doc>
<msg timestamp="20230422 01:01:59.306" level="INFO">Clicking button 'id:login-button'.</msg>
<status status="PASS" starttime="20230422 01:01:59.305" endtime="20230422 01:02:04.388"/>
</kw>
<status status="PASS" starttime="20230422 01:01:59.125" endtime="20230422 01:02:04.388"/>
</kw>
<kw name="And the Inventory page loads" library="test_keywords_login">
<kw name="Location Should Be" library="SeleniumLibrary">
<arg>https://www.saucedemo.com/inventory.html</arg>
<doc>Verifies that the current URL is exactly ``url``.</doc>
<msg timestamp="20230422 01:02:04.402" level="INFO">Current location is 'https://www.saucedemo.com/inventory.html'.</msg>
<status status="PASS" starttime="20230422 01:02:04.388" endtime="20230422 01:02:04.402"/>
</kw>
<status status="PASS" starttime="20230422 01:02:04.388" endtime="20230422 01:02:04.402"/>
</kw>
<kw name="Then the page should contain the text &quot;Products&quot;" library="test_keywords_login" sourcename="Then the page should contain the text &quot;${expected_text}&quot;">
<kw name="Page Should Contain" library="SeleniumLibrary">
<arg>${expected_text}</arg>
<doc>Verifies that current page contains ``text``.</doc>
<msg timestamp="20230422 01:02:04.415" level="INFO">Current page contains text 'Products'.</msg>
<status status="PASS" starttime="20230422 01:02:04.402" endtime="20230422 01:02:04.415"/>
</kw>
<status status="PASS" starttime="20230422 01:02:04.402" endtime="20230422 01:02:04.415"/>
</kw>
<kw name="After Tests" library="test_keywords_common" type="TEARDOWN">
<kw name="Close Browser" library="SeleniumLibrary">
<doc>Closes the current browser.</doc>
<status status="PASS" starttime="20230422 01:02:04.416" endtime="20230422 01:02:04.472"/>
</kw>
<status status="PASS" starttime="20230422 01:02:04.416" endtime="20230422 01:02:04.473"/>
</kw>
<status status="PASS" starttime="20230422 01:01:58.145" endtime="20230422 01:02:04.473"/>
</test>
<status status="PASS" starttime="20230422 01:01:53.627" endtime="20230422 01:02:04.473"/>
</suite>
<status status="PASS" starttime="20230422 01:01:53.625" endtime="20230422 01:02:04.475"/>
</suite>
<status status="PASS" starttime="20230422 01:01:53.624" endtime="20230422 01:02:04.476"/>
</suite>
<suite id="s1-s3" name="Visual" source="/home/runner/work/gen-ai-robot-test/gen-ai-robot-test/tests/visual">
<suite id="s1-s3-s1" name="Test Visual Check" source="/home/runner/work/gen-ai-robot-test/gen-ai-robot-test/tests/visual/test_visual_check.robot">
<test id="s1-s3-s1-t1" name="Scenario: Visual check login page" line="11">
<kw name="Before Tests" library="test_keywords_common" type="SETUP">
<kw name="Open Browser" library="SeleniumLibrary">
<arg>${SERVER_BASE_URL}</arg>
<arg>${HEADLESS} ${BROWSER}</arg>
<doc>Opens a new browser instance to the optional ``url``.</doc>
<msg timestamp="20230422 01:02:05.444" level="INFO">Opening browser 'headless Chrome' to base url 'https://www.saucedemo.com/'.</msg>
<status status="PASS" starttime="20230422 01:02:05.443" endtime="20230422 01:02:06.251"/>
</kw>
<kw name="Maximize Browser Window" library="SeleniumLibrary">
<doc>Maximizes current browser window.</doc>
<status status="PASS" starttime="20230422 01:02:06.251" endtime="20230422 01:02:06.354"/>
</kw>
<kw name="Eyes Open" library="EyesLibrary">
<tag>Check flow</tag>
<doc>Shared parameters section from `applitools.yaml` could be overwritten during `Eyes Open` call, see `Preconditions`.</doc>
<status status="PASS" starttime="20230422 01:02:06.355" endtime="20230422 01:02:08.854"/>
</kw>
<status status="PASS" starttime="20230422 01:02:05.443" endtime="20230422 01:02:08.854"/>
</kw>
<kw name="Eyes Check Window" library="EyesLibrary">
<arg>Login Page</arg>
<arg>Fully</arg>
<tag>Allow to pass Check Settings keywords</tag>
<tag>Check flow</tag>
<doc>Check current browser window</doc>
<kw name="Fully" library="EyesLibrary">
<tag>Check Settings keyword</tag>
<doc>Returns a CheckSettings object specified fully.</doc>
<status status="PASS" starttime="20230422 01:02:08.855" endtime="20230422 01:02:08.855"/>
</kw>
<status status="PASS" starttime="20230422 01:02:08.854" endtime="20230422 01:02:11.314"/>
</kw>
<kw name="Given Im on the main application page" library="test_keywords_login">
<kw name="Go To" library="SeleniumLibrary">
<arg>${SERVER_BASE_URL}</arg>
<doc>Navigates the current browser window to the provided ``url``.</doc>
<msg timestamp="20230422 01:02:11.316" level="INFO">Opening url 'https://www.saucedemo.com/'</msg>
<status status="PASS" starttime="20230422 01:02:11.315" endtime="20230422 01:02:11.365"/>
</kw>
<kw name="Location Should Be" library="SeleniumLibrary">
<arg>${SERVER_BASE_URL}</arg>
<doc>Verifies that the current URL is exactly ``url``.</doc>
<msg timestamp="20230422 01:02:11.368" level="INFO">Current location is 'https://www.saucedemo.com/'.</msg>
<status status="PASS" starttime="20230422 01:02:11.365" endtime="20230422 01:02:11.369"/>
</kw>
<status status="PASS" starttime="20230422 01:02:11.315" endtime="20230422 01:02:11.369"/>
</kw>
<kw name="After Tests" library="test_keywords_common" type="TEARDOWN">
<kw name="Eyes Close Async" library="EyesLibrary">
<tag>Check flow</tag>
<doc>Closes a session and returns the results of the session.
If a test is running, aborts it. Otherwise, does nothing.</doc>
<status status="PASS" starttime="20230422 01:02:11.370" endtime="20230422 01:02:12.396"/>
</kw>
<kw name="Close All Browsers" library="SeleniumLibrary">
<doc>Closes all open browsers and resets the browser cache.</doc>
<status status="PASS" starttime="20230422 01:02:12.396" endtime="20230422 01:02:12.453"/>
</kw>
<status status="PASS" starttime="20230422 01:02:11.369" endtime="20230422 01:02:12.453"/>
</kw>
<status status="PASS" starttime="20230422 01:02:05.442" endtime="20230422 01:02:12.453"/>
</test>
<test id="s1-s3-s1-t2" name="Scenario: Visual check inventory page" line="15">
<kw name="Before Tests" library="test_keywords_common" type="SETUP">
<kw name="Open Browser" library="SeleniumLibrary">
<arg>${SERVER_BASE_URL}</arg>
<arg>${HEADLESS} ${BROWSER}</arg>
<doc>Opens a new browser instance to the optional ``url``.</doc>
<msg timestamp="20230422 01:02:12.455" level="INFO">Opening browser 'headless Chrome' to base url 'https://www.saucedemo.com/'.</msg>
<status status="PASS" starttime="20230422 01:02:12.454" endtime="20230422 01:02:13.265"/>
</kw>
<kw name="Maximize Browser Window" library="SeleniumLibrary">
<doc>Maximizes current browser window.</doc>
<status status="PASS" starttime="20230422 01:02:13.265" endtime="20230422 01:02:13.377"/>
</kw>
<kw name="Eyes Open" library="EyesLibrary">
<tag>Check flow</tag>
<doc>Shared parameters section from `applitools.yaml` could be overwritten during `Eyes Open` call, see `Preconditions`.</doc>
<status status="PASS" starttime="20230422 01:02:13.378" endtime="20230422 01:02:15.421"/>
</kw>
<status status="PASS" starttime="20230422 01:02:12.454" endtime="20230422 01:02:15.421"/>
</kw>
<kw name="When I log in with credentials" library="test_keywords_login">
<arg>standard_user</arg>
<arg>secret_sauce</arg>
<kw name="Input Text" library="SeleniumLibrary">
<arg>id:user-name</arg>
<arg>${username}</arg>
<doc>Types the given ``text`` into the text field identified by ``locator``.</doc>
<msg timestamp="20230422 01:02:15.423" level="INFO">Typing text 'standard_user' into text field 'id:user-name'.</msg>
<status status="PASS" starttime="20230422 01:02:15.422" endtime="20230422 01:02:15.506"/>
</kw>
<kw name="Input Text" library="SeleniumLibrary">
<arg>id:password</arg>
<arg>${password}</arg>
<doc>Types the given ``text`` into the text field identified by ``locator``.</doc>
<msg timestamp="20230422 01:02:15.506" level="INFO">Typing text 'secret_sauce' into text field 'id:password'.</msg>
<status status="PASS" starttime="20230422 01:02:15.506" endtime="20230422 01:02:15.584"/>
</kw>
<kw name="Click Button" library="SeleniumLibrary">
<arg>id:login-button</arg>
<doc>Clicks the button identified by ``locator``.</doc>
<msg timestamp="20230422 01:02:15.584" level="INFO">Clicking button 'id:login-button'.</msg>
<status status="PASS" starttime="20230422 01:02:15.584" endtime="20230422 01:02:15.668"/>
</kw>
<status status="PASS" starttime="20230422 01:02:15.421" endtime="20230422 01:02:15.668"/>
</kw>
<kw name="And the Inventory page loads" library="test_keywords_login">
<kw name="Location Should Be" library="SeleniumLibrary">
<arg>https://www.saucedemo.com/inventory.html</arg>
<doc>Verifies that the current URL is exactly ``url``.</doc>
<msg timestamp="20230422 01:02:15.682" level="INFO">Current location is 'https://www.saucedemo.com/inventory.html'.</msg>
<status status="PASS" starttime="20230422 01:02:15.668" endtime="20230422 01:02:15.682"/>
</kw>
<status status="PASS" starttime="20230422 01:02:15.668" endtime="20230422 01:02:15.682"/>
</kw>
<kw name="Then the page should contain the text &quot;Products&quot;" library="test_keywords_login" sourcename="Then the page should contain the text &quot;${expected_text}&quot;">
<kw name="Page Should Contain" library="SeleniumLibrary">
<arg>${expected_text}</arg>
<doc>Verifies that current page contains ``text``.</doc>
<msg timestamp="20230422 01:02:15.695" level="INFO">Current page contains text 'Products'.</msg>
<status status="PASS" starttime="20230422 01:02:15.683" endtime="20230422 01:02:15.695"/>
</kw>
<status status="PASS" starttime="20230422 01:02:15.682" endtime="20230422 01:02:15.695"/>
</kw>
<kw name="Eyes Check Window" library="EyesLibrary">
<arg>Inventory Page</arg>
<arg>Fully</arg>
<tag>Allow to pass Check Settings keywords</tag>
<tag>Check flow</tag>
<doc>Check current browser window</doc>
<kw name="Fully" library="EyesLibrary">
<tag>Check Settings keyword</tag>
<doc>Returns a CheckSettings object specified fully.</doc>
<status status="PASS" starttime="20230422 01:02:15.695" endtime="20230422 01:02:15.696"/>
</kw>
<status status="PASS" starttime="20230422 01:02:15.695" endtime="20230422 01:02:18.180"/>
</kw>
<kw name="After Tests" library="test_keywords_common" type="TEARDOWN">
<kw name="Eyes Close Async" library="EyesLibrary">
<tag>Check flow</tag>
<doc>Closes a session and returns the results of the session.
If a test is running, aborts it. Otherwise, does nothing.</doc>
<status status="PASS" starttime="20230422 01:02:18.180" endtime="20230422 01:02:19.199"/>
</kw>
<kw name="Close All Browsers" library="SeleniumLibrary">
<doc>Closes all open browsers and resets the browser cache.</doc>
<status status="PASS" starttime="20230422 01:02:19.199" endtime="20230422 01:02:19.255"/>
</kw>
<status status="PASS" starttime="20230422 01:02:18.180" endtime="20230422 01:02:19.255"/>
</kw>
<status status="PASS" starttime="20230422 01:02:12.453" endtime="20230422 01:02:19.255"/>
</test>
<meta name="Applitools TestResults Path">/tmp/tmpmoozekmm/EyesTestResults-cab8278d048e48718a724f79b327946d.json</meta>
<status status="PASS" starttime="20230422 01:02:04.479" endtime="20230422 01:02:19.256"/>
</suite>
<status status="PASS" starttime="20230422 01:02:04.477" endtime="20230422 01:02:19.258"/>
</suite>
<status status="PASS" starttime="20230422 01:01:48.877" endtime="20230422 01:02:19.259"/>
</suite>
<statistics>
<total>
<stat pass="11" fail="0" skip="0">All Tests</stat>
</total>
<tag>
</tag>
<suite>
<stat pass="11" fail="0" skip="0" id="s1" name="Tests">Tests</stat>
<stat pass="5" fail="0" skip="0" id="s1-s1" name="Api">Tests.Api</stat>
<stat pass="5" fail="0" skip="0" id="s1-s1-s1" name="Users">Tests.Api.Users</stat>
<stat pass="5" fail="0" skip="0" id="s1-s1-s1-s1" name="Test Api Users">Tests.Api.Users.Test Api Users</stat>
<stat pass="4" fail="0" skip="0" id="s1-s2" name="Ui">Tests.Ui</stat>
<stat pass="4" fail="0" skip="0" id="s1-s2-s1" name="Login">Tests.Ui.Login</stat>
<stat pass="4" fail="0" skip="0" id="s1-s2-s1-s1" name="Test Ui Login">Tests.Ui.Login.Test Ui Login</stat>
<stat pass="2" fail="0" skip="0" id="s1-s3" name="Visual">Tests.Visual</stat>
<stat pass="2" fail="0" skip="0" id="s1-s3-s1" name="Test Visual Check">Tests.Visual.Test Visual Check</stat>
</suite>
</statistics>
<errors>
</errors>
</robot>
