<?xml version="1.0" encoding="UTF-8"?>
<robot generator="Robot 6.0.2 (Python 3.8.16 on linux)" generated="20230413 16:31:02.048" rpa="false" schemaversion="3">
<suite id="s1" name="Tests" source="/home/runner/work/gen-ai-robot-test/gen-ai-robot-test/tests">
<suite id="s1-s1" name="Api" source="/home/runner/work/gen-ai-robot-test/gen-ai-robot-test/tests/api">
<suite id="s1-s1-s1" name="Users" source="/home/runner/work/gen-ai-robot-test/gen-ai-robot-test/tests/api/users">
<suite id="s1-s1-s1-s1" name="Test Api Users" source="/home/runner/work/gen-ai-robot-test/gen-ai-robot-test/tests/api/users/test_api_users.robot">
<test id="s1-s1-s1-s1-t1" name="Scenario: Get all registered users" line="9">
<kw name="Before Tests" library="test_keywords_common" type="SETUP">
<kw name="Create Session" library="RequestsLibrary">
<arg>serverest</arg>
<arg>${SERVER_BASE_URL}</arg>
<arg>disable_warnings=True</arg>
<doc>Create Session: create a HTTP session to a server</doc>
<msg timestamp="20230413 16:31:02.671" level="INFO">Creating Session using : alias=serverest, url=https://serverest.dev, headers={},                     cookies={}, auth=None, timeout=None, proxies=None, verify=False,                     debug=0 </msg>
<status status="PASS" starttime="20230413 16:31:02.671" endtime="20230413 16:31:02.672"/>
</kw>
<status status="PASS" starttime="20230413 16:31:02.670" endtime="20230413 16:31:02.672"/>
</kw>
<kw name="When I request the list of all registered users" library="test_keywords_users">
<kw name="GET On Session" library="RequestsLibrary">
<var>${response}</var>
<arg>serverest</arg>
<arg>${USERS_API_ENDPOINT}</arg>
<doc>Sends a GET request on a previously created HTTP Session.</doc>
<msg timestamp="20230413 16:31:02.845" level="INFO">GET Request : url=https://serverest.dev/usuarios 
 path_url=/usuarios 
 headers={'User-Agent': 'python-requests/2.28.2', 'Accept-Encoding': 'gzip, deflate', 'Accept': '*/*', 'Connection': 'keep-alive'} 
 body=None 
 </msg>
<msg timestamp="20230413 16:31:02.845" level="INFO">GET Response : url=https://serverest.dev/usuarios 
 status=200, reason=OK 
 headers={'access-control-allow-origin': '*', 'x-dns-prefetch-control': 'off', 'x-frame-options': 'SAMEORIGIN', 'strict-transport-security': 'max-age=15552000; includeSubDomains', 'x-download-options': 'noopen', 'x-content-type-options': 'nosniff', 'x-xss-protection': '1; mode=block', 'x-moesif-transaction-id': '64bea389-3249-4fbc-a222-d0abcacb20bb', 'content-type': 'application/json; charset=utf-8', 'X-Cloud-Trace-Context': '7030b59db78dff18114710fbcba18cda;o=1', 'Date': 'Thu, 13 Apr 2023 16:31:02 GMT', 'Server': 'Google Frontend', 'Content-Length': '4764'} 
 body={
    "quantidade": 22,
    "usuarios": [
        {
            "nome": "Fulano da Silva",
            "email": "fulano@qa.com",
            "password": "teste",
            "administrador": "true",
            "_id": "0uxuPY0cbmQhpEz1"
        },
        {
            "nome": "Windows da Silva",
            "email": "ipqxei@emailteste.com",
            "password": "15674",
            "administrador": "true",
            "_id": "2JhTk8dSFIFe8lH6"
        },
        {
            "nome": "Beth Ratke",
            "email": "stacy@osinski-osinski.info",
            "password": "teste",
            "administrador": "true",
            "_id": "71wWcZo3ezwrC3Cr"
        },
        {
            "nome": "Fulano da Silva",
            "email": "juvo@emailteste.com",
            "password": "1234",
            "administrador": "true",
            "_id": "H7CG5GTrfZj2tn96"
        },
        {
            "nome": "Delma Welch",
            "email": "jermaine@rodriguez.com",
            "password": "teste",
            "administrador": "true",
            "_id": "IJG76Lf2CDJbbMsw"
        },
        {
            "nome": "Fulano da Silva",
            "email": "jlnp@emailteste.com",
            "password": "1234",
            "administrador": "true",
            "_id": "J3UFFE8BkXHPl98Q"
        },
        {
            "nome": "Erasmo Greenfelder",
            "email": "gary@green.biz",
            "password": "teste",
            "administrador": "true",
            "_id": "L9YvsBccf96rb0IJ"
        },
        {
            "nome": "Fulano da Silva",
            "email": "dvrb@emailteste.com",
            "password": "1234",
            "administrador": "true",
            "_id": "LbqHhFaMoMXgzH6e"
        },
        {
            "nome": "batata",
            "email": "hayden_steuber@cartwright.info",
            "password": "teste",
            "administrador": "true",
            "_id": "MFX1zgBTAv3RdyAw"
        },
        {
            "nome": "Twila Hessel",
            "email": "derek@frami-huel.info",
            "password": "teste",
            "administrador": "true",
            "_id": "VkpCmTunrhycBbfW"
        },
        {
            "nome": "Windows da Silva",
            "email": "fslffc@emailteste.com",
            "password": "15674",
            "administrador": "true",
            "_id": "XTwLaV0XfRxVQhUW"
        },
        {
            "nome": "Keshia Sanford",
            "email": "antonio_gleason@abbott.biz",
            "password": "teste",
            "administrador": "true",
            "_id": "ZsGL8uPkee6KhzCc"
        },
        {
            "nome": "Windows da Silva",
            "email": "guiwtc@emailteste.com",
            "password": "15674",
            "administrador": "true",
            "_id": "dYbAWCLodZs9INI4"
        },
        {
            "nome": "Keisha Witting",
            "email": "alexandra.jakubowski@hirthe-wisoky.org",
            "password": "teste",
            "administrador": "true",
            "_id": "gUKn5J99Pi2FaKPZ"
        },
        {
            "nome": "Windows da Silva",
            "email": "lliebv@emailteste.com",
            "password": "15674",
            "administrador": "true",
            "_id": "iv23MKIg4gCOCuqE"
        },
        {
            "nome": "Basil Renner",
            "email": "valentin_heathcote@parisian.com",
            "password": "teste",
            "administrador": "true",
            "_id": "kiqxPiLVa1rvPRw7"
        },
        {
            "nome": "Fulano da Silva",
            "email": "ywal@emailteste.com",
            "password": "1234",
            "administrador": "true",
            "_id": "lFKFtZbCGJwdqrRd"
        },
        {
            "nome": "Windows da Silva",
            "email": "mdjicj@emailteste.com",
            "password": "15674",
            "administrador": "true",
            "_id": "lMuS9y6b6CMlz4WM"
        },
        {
            "nome": "Windows da Silva",
            "email": "mwgrlo@emailteste.com",
            "password": "15674",
            "administrador": "true",
            "_id": "oiVWYW5KdkaZHGsH"
        },
        {
            "nome": "{{generatedName}}",
            "email": "Carlee_Shields@example.com",
            "password": "teste",
            "administrador": "true",
            "_id": "vB7VATGIp6u1ay9w"
        },
        {
            "nome": "Fulano da Silva",
            "email": "orpn@emailteste.com",
            "password": "1234",
            "administrador": "true",
            "_id": "wQFiz8g2ElHHEhEp"
        },
        {
            "nome": "Jamey Wilkinson I",
            "email": "gary@okon-ratke.biz",
            "password": "teste",
            "administrador": "false",
            "_id": "yonFUppR1mA1rN3E"
        }
    ]
} 
 </msg>
<msg timestamp="20230413 16:31:02.845" level="INFO">${response} = &lt;Response [200]&gt;</msg>
<status status="PASS" starttime="20230413 16:31:02.672" endtime="20230413 16:31:02.845"/>
</kw>
<kw name="Set Test Variable" library="BuiltIn">
<arg>${response}</arg>
<doc>Makes a variable available everywhere within the scope of the current test.</doc>
<msg timestamp="20230413 16:31:02.846" level="INFO">${response} = &lt;Response [200]&gt;</msg>
<status status="PASS" starttime="20230413 16:31:02.846" endtime="20230413 16:31:02.846"/>
</kw>
<status status="PASS" starttime="20230413 16:31:02.672" endtime="20230413 16:31:02.846"/>
</kw>
<kw name="Then the response status code should be 200" library="test_keywords_users" sourcename="Then the response status code should be ${status_code}">
<kw name="Should Be Equal As Numbers" library="BuiltIn">
<arg>${response.status_code}</arg>
<arg>${status_code}</arg>
<doc>Fails if objects are unequal after converting them to real numbers.</doc>
<msg timestamp="20230413 16:31:02.847" level="INFO">Argument types are:
&lt;class 'int'&gt;
&lt;class 'str'&gt;</msg>
<status status="PASS" starttime="20230413 16:31:02.847" endtime="20230413 16:31:02.847"/>
</kw>
<kw name="Should Be True" library="BuiltIn">
<arg>${response.json()}</arg>
<doc>Fails if the given condition is not true.</doc>
<status status="PASS" starttime="20230413 16:31:02.847" endtime="20230413 16:31:02.848"/>
</kw>
<status status="PASS" starttime="20230413 16:31:02.846" endtime="20230413 16:31:02.848"/>
</kw>
<kw name="And the response body should not be empty" library="test_keywords_users">
<kw name="Should Not Be Empty" library="BuiltIn">
<arg>${response.json()}</arg>
<doc>Verifies that the given item is not empty.</doc>
<msg timestamp="20230413 16:31:02.849" level="INFO">Length is 2</msg>
<status status="PASS" starttime="20230413 16:31:02.848" endtime="20230413 16:31:02.849"/>
</kw>
<status status="PASS" starttime="20230413 16:31:02.848" endtime="20230413 16:31:02.849"/>
</kw>
<status status="PASS" starttime="20230413 16:31:02.670" endtime="20230413 16:31:02.849"/>
</test>
<test id="s1-s1-s1-s1-t2" name="Scenario: Create a new user" line="15">
<kw name="Before Tests" library="test_keywords_common" type="SETUP">
<kw name="Create Session" library="RequestsLibrary">
<arg>serverest</arg>
<arg>${SERVER_BASE_URL}</arg>
<arg>disable_warnings=True</arg>
<doc>Create Session: create a HTTP session to a server</doc>
<msg timestamp="20230413 16:31:02.852" level="INFO">Creating Session using : alias=serverest, url=https://serverest.dev, headers={},                     cookies={}, auth=None, timeout=None, proxies=None, verify=False,                     debug=0 </msg>
<status status="PASS" starttime="20230413 16:31:02.851" endtime="20230413 16:31:02.852"/>
</kw>
<status status="PASS" starttime="20230413 16:31:02.851" endtime="20230413 16:31:02.852"/>
</kw>
<kw name="Given I have a valid user data" library="test_keywords_users">
<kw name="Name" library="FakerLibrary">
<var>${name}</var>
<doc>:example 'John Doe'</doc>
<msg timestamp="20230413 16:31:02.853" level="INFO">${name} = Teresa Miller</msg>
<status status="PASS" starttime="20230413 16:31:02.852" endtime="20230413 16:31:02.853"/>
</kw>
<kw name="Email" library="FakerLibrary">
<var>${email}</var>
<msg timestamp="20230413 16:31:02.853" level="INFO">${email} = jonesshannon@example.org</msg>
<status status="PASS" starttime="20230413 16:31:02.853" endtime="20230413 16:31:02.853"/>
</kw>
<kw name="Password" library="FakerLibrary">
<var>${password}</var>
<doc>Generate a random password of the specified ``length``.</doc>
<msg timestamp="20230413 16:31:02.854" level="INFO">${password} = 20ZreLnb#9</msg>
<status status="PASS" starttime="20230413 16:31:02.853" endtime="20230413 16:31:02.854"/>
</kw>
<kw name="Set Suite Variable" library="BuiltIn">
<arg>${name}</arg>
<doc>Makes a variable available everywhere within the scope of the current suite.</doc>
<msg timestamp="20230413 16:31:02.854" level="INFO">${name} = Teresa Miller</msg>
<status status="PASS" starttime="20230413 16:31:02.854" endtime="20230413 16:31:02.854"/>
</kw>
<kw name="Set Suite Variable" library="BuiltIn">
<arg>${email}</arg>
<doc>Makes a variable available everywhere within the scope of the current suite.</doc>
<msg timestamp="20230413 16:31:02.854" level="INFO">${email} = jonesshannon@example.org</msg>
<status status="PASS" starttime="20230413 16:31:02.854" endtime="20230413 16:31:02.854"/>
</kw>
<kw name="Set Suite Variable" library="BuiltIn">
<arg>${password}</arg>
<doc>Makes a variable available everywhere within the scope of the current suite.</doc>
<msg timestamp="20230413 16:31:02.855" level="INFO">${password} = 20ZreLnb#9</msg>
<status status="PASS" starttime="20230413 16:31:02.855" endtime="20230413 16:31:02.855"/>
</kw>
<status status="PASS" starttime="20230413 16:31:02.852" endtime="20230413 16:31:02.855"/>
</kw>
<kw name="When I create the user" library="test_keywords_users">
<kw name="Create Dictionary" library="BuiltIn">
<var>${payload}</var>
<arg>nome=${name}</arg>
<arg>email=${email}</arg>
<arg>password=${password}</arg>
<arg>administrador=false</arg>
<doc>Creates and returns a dictionary based on the given ``items``.</doc>
<msg timestamp="20230413 16:31:02.856" level="INFO">${payload} = {'nome': 'Teresa Miller', 'email': 'jonesshannon@example.org', 'password': '20ZreLnb#9', 'administrador': 'false'}</msg>
<status status="PASS" starttime="20230413 16:31:02.855" endtime="20230413 16:31:02.856"/>
</kw>
<kw name="Create Dictionary" library="BuiltIn">
<var>${headers}</var>
<arg>Content-Type=application/json</arg>
<doc>Creates and returns a dictionary based on the given ``items``.</doc>
<msg timestamp="20230413 16:31:02.856" level="INFO">${headers} = {'Content-Type': 'application/json'}</msg>
<status status="PASS" starttime="20230413 16:31:02.856" endtime="20230413 16:31:02.856"/>
</kw>
<kw name="POST On Session" library="RequestsLibrary">
<var>${response}</var>
<arg>serverest</arg>
<arg>${USERS_API_ENDPOINT}</arg>
<arg>json=${payload}</arg>
<arg>headers=${headers}</arg>
<doc>Sends a POST request on a previously created HTTP Session.</doc>
<msg timestamp="20230413 16:31:02.931" level="INFO">POST Request : url=https://serverest.dev/usuarios 
 path_url=/usuarios 
 headers={'User-Agent': 'python-requests/2.28.2', 'Accept-Encoding': 'gzip, deflate', 'Accept': '*/*', 'Connection': 'keep-alive', 'Content-Type': 'application/json', 'Content-Length': '114'} 
 body=b'{"nome": "Teresa Miller", "email": "jonesshannon@example.org", "password": "20ZreLnb#9", "administrador": "false"}' 
 </msg>
<msg timestamp="20230413 16:31:02.932" level="INFO">POST Response : url=https://serverest.dev/usuarios 
 status=201, reason=Created 
 headers={'access-control-allow-origin': '*', 'x-dns-prefetch-control': 'off', 'x-frame-options': 'SAMEORIGIN', 'strict-transport-security': 'max-age=15552000; includeSubDomains', 'x-download-options': 'noopen', 'x-content-type-options': 'nosniff', 'x-xss-protection': '1; mode=block', 'x-moesif-transaction-id': 'ccba98f1-c608-4527-b827-983ae1af1a4d', 'content-type': 'application/json; charset=utf-8', 'X-Cloud-Trace-Context': 'ebab8a112bd274776b5c5c278f1365fc', 'Date': 'Thu, 13 Apr 2023 16:31:02 GMT', 'Server': 'Google Frontend', 'Content-Length': '82'} 
 body={
    "message": "Cadastro realizado com sucesso",
    "_id": "1qG9zN8WUfDKA7q2"
} 
 </msg>
<msg timestamp="20230413 16:31:02.932" level="INFO">${response} = &lt;Response [201]&gt;</msg>
<status status="PASS" starttime="20230413 16:31:02.856" endtime="20230413 16:31:02.932"/>
</kw>
<kw name="Set Variable" library="BuiltIn">
<var>${user_id}</var>
<arg>${response.json()['_id']}</arg>
<doc>Returns the given values which can then be assigned to a variables.</doc>
<msg timestamp="20230413 16:31:02.933" level="INFO">${user_id} = 1qG9zN8WUfDKA7q2</msg>
<status status="PASS" starttime="20230413 16:31:02.932" endtime="20230413 16:31:02.933"/>
</kw>
<kw name="Set Global Variable" library="BuiltIn">
<arg>${USER_ID}</arg>
<arg>${user_id}</arg>
<doc>Makes a variable available globally in all tests and suites.</doc>
<msg timestamp="20230413 16:31:02.933" level="INFO">${USER_ID} = 1qG9zN8WUfDKA7q2</msg>
<status status="PASS" starttime="20230413 16:31:02.933" endtime="20230413 16:31:02.933"/>
</kw>
<kw name="Set Test Variable" library="BuiltIn">
<arg>${response}</arg>
<doc>Makes a variable available everywhere within the scope of the current test.</doc>
<msg timestamp="20230413 16:31:02.934" level="INFO">${response} = &lt;Response [201]&gt;</msg>
<status status="PASS" starttime="20230413 16:31:02.933" endtime="20230413 16:31:02.934"/>
</kw>
<status status="PASS" starttime="20230413 16:31:02.855" endtime="20230413 16:31:02.934"/>
</kw>
<kw name="Then the response status code should be 201" library="test_keywords_users" sourcename="Then the response status code should be ${status_code}">
<kw name="Should Be Equal As Numbers" library="BuiltIn">
<arg>${response.status_code}</arg>
<arg>${status_code}</arg>
<doc>Fails if objects are unequal after converting them to real numbers.</doc>
<msg timestamp="20230413 16:31:02.935" level="INFO">Argument types are:
&lt;class 'int'&gt;
&lt;class 'str'&gt;</msg>
<status status="PASS" starttime="20230413 16:31:02.934" endtime="20230413 16:31:02.935"/>
</kw>
<kw name="Should Be True" library="BuiltIn">
<arg>${response.json()}</arg>
<doc>Fails if the given condition is not true.</doc>
<status status="PASS" starttime="20230413 16:31:02.935" endtime="20230413 16:31:02.935"/>
</kw>
<status status="PASS" starttime="20230413 16:31:02.934" endtime="20230413 16:31:02.936"/>
</kw>
<kw name="And the response body should not be empty" library="test_keywords_users">
<kw name="Should Not Be Empty" library="BuiltIn">
<arg>${response.json()}</arg>
<doc>Verifies that the given item is not empty.</doc>
<msg timestamp="20230413 16:31:02.936" level="INFO">Length is 2</msg>
<status status="PASS" starttime="20230413 16:31:02.936" endtime="20230413 16:31:02.936"/>
</kw>
<status status="PASS" starttime="20230413 16:31:02.936" endtime="20230413 16:31:02.937"/>
</kw>
<status status="PASS" starttime="20230413 16:31:02.850" endtime="20230413 16:31:02.937"/>
</test>
<test id="s1-s1-s1-s1-t3" name="Scenario: Get a specific user informations" line="21">
<kw name="Before Tests" library="test_keywords_common" type="SETUP">
<kw name="Create Session" library="RequestsLibrary">
<arg>serverest</arg>
<arg>${SERVER_BASE_URL}</arg>
<arg>disable_warnings=True</arg>
<doc>Create Session: create a HTTP session to a server</doc>
<msg timestamp="20230413 16:31:02.938" level="INFO">Creating Session using : alias=serverest, url=https://serverest.dev, headers={},                     cookies={}, auth=None, timeout=None, proxies=None, verify=False,                     debug=0 </msg>
<status status="PASS" starttime="20230413 16:31:02.938" endtime="20230413 16:31:02.938"/>
</kw>
<status status="PASS" starttime="20230413 16:31:02.937" endtime="20230413 16:31:02.938"/>
</kw>
<kw name="When I request the created user" library="test_keywords_users">
<kw name="GET On Session" library="RequestsLibrary">
<var>${response}</var>
<arg>serverest</arg>
<arg>${USERS_API_ENDPOINT}/${USER_ID}</arg>
<doc>Sends a GET request on a previously created HTTP Session.</doc>
<msg timestamp="20230413 16:31:03.016" level="INFO">GET Request : url=https://serverest.dev/usuarios/1qG9zN8WUfDKA7q2 
 path_url=/usuarios/1qG9zN8WUfDKA7q2 
 headers={'User-Agent': 'python-requests/2.28.2', 'Accept-Encoding': 'gzip, deflate', 'Accept': '*/*', 'Connection': 'keep-alive'} 
 body=None 
 </msg>
<msg timestamp="20230413 16:31:03.016" level="INFO">GET Response : url=https://serverest.dev/usuarios/1qG9zN8WUfDKA7q2 
 status=200, reason=OK 
 headers={'access-control-allow-origin': '*', 'x-dns-prefetch-control': 'off', 'x-frame-options': 'SAMEORIGIN', 'strict-transport-security': 'max-age=15552000; includeSubDomains', 'x-download-options': 'noopen', 'x-content-type-options': 'nosniff', 'x-xss-protection': '1; mode=block', 'x-moesif-transaction-id': 'b5b3b61d-b4a7-441c-b072-c2d353a6d1ee', 'content-type': 'application/json; charset=utf-8', 'X-Cloud-Trace-Context': '863a2056c99430389827d3e24cab36b3', 'Date': 'Thu, 13 Apr 2023 16:31:03 GMT', 'Server': 'Google Frontend', 'Content-Length': '163'} 
 body={
    "nome": "Teresa Miller",
    "email": "jonesshannon@example.org",
    "password": "20ZreLnb#9",
    "administrador": "false",
    "_id": "1qG9zN8WUfDKA7q2"
} 
 </msg>
<msg timestamp="20230413 16:31:03.017" level="INFO">${response} = &lt;Response [200]&gt;</msg>
<status status="PASS" starttime="20230413 16:31:02.938" endtime="20230413 16:31:03.017"/>
</kw>
<kw name="Set Test Variable" library="BuiltIn">
<arg>${response}</arg>
<doc>Makes a variable available everywhere within the scope of the current test.</doc>
<msg timestamp="20230413 16:31:03.017" level="INFO">${response} = &lt;Response [200]&gt;</msg>
<status status="PASS" starttime="20230413 16:31:03.017" endtime="20230413 16:31:03.017"/>
</kw>
<status status="PASS" starttime="20230413 16:31:02.938" endtime="20230413 16:31:03.017"/>
</kw>
<kw name="Then the response status code should be 200" library="test_keywords_users" sourcename="Then the response status code should be ${status_code}">
<kw name="Should Be Equal As Numbers" library="BuiltIn">
<arg>${response.status_code}</arg>
<arg>${status_code}</arg>
<doc>Fails if objects are unequal after converting them to real numbers.</doc>
<msg timestamp="20230413 16:31:03.018" level="INFO">Argument types are:
&lt;class 'int'&gt;
&lt;class 'str'&gt;</msg>
<status status="PASS" starttime="20230413 16:31:03.018" endtime="20230413 16:31:03.018"/>
</kw>
<kw name="Should Be True" library="BuiltIn">
<arg>${response.json()}</arg>
<doc>Fails if the given condition is not true.</doc>
<status status="PASS" starttime="20230413 16:31:03.018" endtime="20230413 16:31:03.019"/>
</kw>
<status status="PASS" starttime="20230413 16:31:03.017" endtime="20230413 16:31:03.019"/>
</kw>
<kw name="And the response body should not be empty" library="test_keywords_users">
<kw name="Should Not Be Empty" library="BuiltIn">
<arg>${response.json()}</arg>
<doc>Verifies that the given item is not empty.</doc>
<msg timestamp="20230413 16:31:03.020" level="INFO">Length is 5</msg>
<status status="PASS" starttime="20230413 16:31:03.020" endtime="20230413 16:31:03.020"/>
</kw>
<status status="PASS" starttime="20230413 16:31:03.019" endtime="20230413 16:31:03.020"/>
</kw>
<status status="PASS" starttime="20230413 16:31:02.937" endtime="20230413 16:31:03.020"/>
</test>
<test id="s1-s1-s1-s1-t4" name="Scenario: Update the created user" line="26">
<kw name="Before Tests" library="test_keywords_common" type="SETUP">
<kw name="Create Session" library="RequestsLibrary">
<arg>serverest</arg>
<arg>${SERVER_BASE_URL}</arg>
<arg>disable_warnings=True</arg>
<doc>Create Session: create a HTTP session to a server</doc>
<msg timestamp="20230413 16:31:03.021" level="INFO">Creating Session using : alias=serverest, url=https://serverest.dev, headers={},                     cookies={}, auth=None, timeout=None, proxies=None, verify=False,                     debug=0 </msg>
<status status="PASS" starttime="20230413 16:31:03.021" endtime="20230413 16:31:03.022"/>
</kw>
<status status="PASS" starttime="20230413 16:31:03.021" endtime="20230413 16:31:03.022"/>
</kw>
<kw name="When I update the created user" library="test_keywords_users">
<kw name="Create Dictionary" library="BuiltIn">
<var>${payload}</var>
<arg>nome=John Smith</arg>
<arg>email=john.smith@example.com</arg>
<arg>password=P@ssw0rd123</arg>
<arg>administrador=false</arg>
<doc>Creates and returns a dictionary based on the given ``items``.</doc>
<msg timestamp="20230413 16:31:03.023" level="INFO">${payload} = {'nome': 'John Smith', 'email': 'john.smith@example.com', 'password': 'P@ssw0rd123', 'administrador': 'false'}</msg>
<status status="PASS" starttime="20230413 16:31:03.022" endtime="20230413 16:31:03.023"/>
</kw>
<kw name="Create Dictionary" library="BuiltIn">
<var>${headers}</var>
<arg>Content-Type=application/json</arg>
<doc>Creates and returns a dictionary based on the given ``items``.</doc>
<msg timestamp="20230413 16:31:03.023" level="INFO">${headers} = {'Content-Type': 'application/json'}</msg>
<status status="PASS" starttime="20230413 16:31:03.023" endtime="20230413 16:31:03.023"/>
</kw>
<kw name="PUT On Session" library="RequestsLibrary">
<var>${response}</var>
<arg>serverest</arg>
<arg>${USERS_API_ENDPOINT}/${USER_ID}</arg>
<arg>json=${payload}</arg>
<arg>headers=${headers}</arg>
<doc>Sends a PUT request on a previously created HTTP Session.</doc>
<msg timestamp="20230413 16:31:03.099" level="INFO">PUT Request : url=https://serverest.dev/usuarios/1qG9zN8WUfDKA7q2 
 path_url=/usuarios/1qG9zN8WUfDKA7q2 
 headers={'User-Agent': 'python-requests/2.28.2', 'Accept-Encoding': 'gzip, deflate', 'Accept': '*/*', 'Connection': 'keep-alive', 'Content-Type': 'application/json', 'Content-Length': '110'} 
 body=b'{"nome": "John Smith", "email": "john.smith@example.com", "password": "P@ssw0rd123", "administrador": "false"}' 
 </msg>
<msg timestamp="20230413 16:31:03.099" level="INFO">PUT Response : url=https://serverest.dev/usuarios/1qG9zN8WUfDKA7q2 
 status=200, reason=OK 
 headers={'access-control-allow-origin': '*', 'x-dns-prefetch-control': 'off', 'x-frame-options': 'SAMEORIGIN', 'strict-transport-security': 'max-age=15552000; includeSubDomains', 'x-download-options': 'noopen', 'x-content-type-options': 'nosniff', 'x-xss-protection': '1; mode=block', 'x-moesif-transaction-id': 'ceed5083-af7d-483e-863b-9eb4acd76415', 'content-type': 'application/json; charset=utf-8', 'X-Cloud-Trace-Context': 'e30acd402bd3993b7339d4a0f7c5801d', 'Date': 'Thu, 13 Apr 2023 16:31:03 GMT', 'Server': 'Google Frontend', 'Content-Length': '50'} 
 body={
    "message": "Registro alterado com sucesso"
} 
 </msg>
<msg timestamp="20230413 16:31:03.099" level="INFO">${response} = &lt;Response [200]&gt;</msg>
<status status="PASS" starttime="20230413 16:31:03.023" endtime="20230413 16:31:03.099"/>
</kw>
<kw name="Set Test Variable" library="BuiltIn">
<arg>${response}</arg>
<doc>Makes a variable available everywhere within the scope of the current test.</doc>
<msg timestamp="20230413 16:31:03.100" level="INFO">${response} = &lt;Response [200]&gt;</msg>
<status status="PASS" starttime="20230413 16:31:03.100" endtime="20230413 16:31:03.100"/>
</kw>
<status status="PASS" starttime="20230413 16:31:03.022" endtime="20230413 16:31:03.100"/>
</kw>
<kw name="Then the response status code should be 200" library="test_keywords_users" sourcename="Then the response status code should be ${status_code}">
<kw name="Should Be Equal As Numbers" library="BuiltIn">
<arg>${response.status_code}</arg>
<arg>${status_code}</arg>
<doc>Fails if objects are unequal after converting them to real numbers.</doc>
<msg timestamp="20230413 16:31:03.101" level="INFO">Argument types are:
&lt;class 'int'&gt;
&lt;class 'str'&gt;</msg>
<status status="PASS" starttime="20230413 16:31:03.101" endtime="20230413 16:31:03.101"/>
</kw>
<kw name="Should Be True" library="BuiltIn">
<arg>${response.json()}</arg>
<doc>Fails if the given condition is not true.</doc>
<status status="PASS" starttime="20230413 16:31:03.101" endtime="20230413 16:31:03.102"/>
</kw>
<status status="PASS" starttime="20230413 16:31:03.100" endtime="20230413 16:31:03.102"/>
</kw>
<kw name="And the response body should not be empty" library="test_keywords_users">
<kw name="Should Not Be Empty" library="BuiltIn">
<arg>${response.json()}</arg>
<doc>Verifies that the given item is not empty.</doc>
<msg timestamp="20230413 16:31:03.103" level="INFO">Length is 1</msg>
<status status="PASS" starttime="20230413 16:31:03.102" endtime="20230413 16:31:03.103"/>
</kw>
<status status="PASS" starttime="20230413 16:31:03.102" endtime="20230413 16:31:03.103"/>
</kw>
<status status="PASS" starttime="20230413 16:31:03.021" endtime="20230413 16:31:03.103"/>
</test>
<test id="s1-s1-s1-s1-t5" name="Scenario: Delete the created user" line="31">
<kw name="Before Tests" library="test_keywords_common" type="SETUP">
<kw name="Create Session" library="RequestsLibrary">
<arg>serverest</arg>
<arg>${SERVER_BASE_URL}</arg>
<arg>disable_warnings=True</arg>
<doc>Create Session: create a HTTP session to a server</doc>
<msg timestamp="20230413 16:31:03.104" level="INFO">Creating Session using : alias=serverest, url=https://serverest.dev, headers={},                     cookies={}, auth=None, timeout=None, proxies=None, verify=False,                     debug=0 </msg>
<status status="PASS" starttime="20230413 16:31:03.104" endtime="20230413 16:31:03.104"/>
</kw>
<status status="PASS" starttime="20230413 16:31:03.104" endtime="20230413 16:31:03.105"/>
</kw>
<kw name="When I delete the created user" library="test_keywords_users">
<kw name="DELETE On Session" library="RequestsLibrary">
<var>${response}</var>
<arg>serverest</arg>
<arg>${USERS_API_ENDPOINT}/${USER_ID}</arg>
<doc>Sends a DELETE request on a previously created HTTP Session.</doc>
<msg timestamp="20230413 16:31:03.204" level="INFO">DELETE Request : url=https://serverest.dev/usuarios/1qG9zN8WUfDKA7q2 
 path_url=/usuarios/1qG9zN8WUfDKA7q2 
 headers={'User-Agent': 'python-requests/2.28.2', 'Accept-Encoding': 'gzip, deflate', 'Accept': '*/*', 'Connection': 'keep-alive', 'Content-Length': '0'} 
 body=None 
 </msg>
<msg timestamp="20230413 16:31:03.204" level="INFO">DELETE Response : url=https://serverest.dev/usuarios/1qG9zN8WUfDKA7q2 
 status=200, reason=OK 
 headers={'access-control-allow-origin': '*', 'x-dns-prefetch-control': 'off', 'x-frame-options': 'SAMEORIGIN', 'strict-transport-security': 'max-age=15552000; includeSubDomains', 'x-download-options': 'noopen', 'x-content-type-options': 'nosniff', 'x-xss-protection': '1; mode=block', 'x-moesif-transaction-id': '12faccfa-5d08-45ef-93a9-613add9a43b9', 'content-type': 'application/json; charset=utf-8', 'X-Cloud-Trace-Context': 'dae5b5267aa09c2be7af49459a9bb27b', 'Date': 'Thu, 13 Apr 2023 16:31:03 GMT', 'Server': 'Google Frontend', 'Content-Length': '51'} 
 body={
    "message": "Registro excluído com sucesso"
} 
 </msg>
<msg timestamp="20230413 16:31:03.204" level="INFO">${response} = &lt;Response [200]&gt;</msg>
<status status="PASS" starttime="20230413 16:31:03.105" endtime="20230413 16:31:03.204"/>
</kw>
<kw name="Set Test Variable" library="BuiltIn">
<arg>${response}</arg>
<doc>Makes a variable available everywhere within the scope of the current test.</doc>
<msg timestamp="20230413 16:31:03.205" level="INFO">${response} = &lt;Response [200]&gt;</msg>
<status status="PASS" starttime="20230413 16:31:03.205" endtime="20230413 16:31:03.205"/>
</kw>
<status status="PASS" starttime="20230413 16:31:03.105" endtime="20230413 16:31:03.205"/>
</kw>
<kw name="Then the response status code should be 200" library="test_keywords_users" sourcename="Then the response status code should be ${status_code}">
<kw name="Should Be Equal As Numbers" library="BuiltIn">
<arg>${response.status_code}</arg>
<arg>${status_code}</arg>
<doc>Fails if objects are unequal after converting them to real numbers.</doc>
<msg timestamp="20230413 16:31:03.206" level="INFO">Argument types are:
&lt;class 'int'&gt;
&lt;class 'str'&gt;</msg>
<status status="PASS" starttime="20230413 16:31:03.205" endtime="20230413 16:31:03.206"/>
</kw>
<kw name="Should Be True" library="BuiltIn">
<arg>${response.json()}</arg>
<doc>Fails if the given condition is not true.</doc>
<status status="PASS" starttime="20230413 16:31:03.206" endtime="20230413 16:31:03.207"/>
</kw>
<status status="PASS" starttime="20230413 16:31:03.205" endtime="20230413 16:31:03.207"/>
</kw>
<kw name="And the response body should not be empty" library="test_keywords_users">
<kw name="Should Not Be Empty" library="BuiltIn">
<arg>${response.json()}</arg>
<doc>Verifies that the given item is not empty.</doc>
<msg timestamp="20230413 16:31:03.208" level="INFO">Length is 1</msg>
<status status="PASS" starttime="20230413 16:31:03.207" endtime="20230413 16:31:03.208"/>
</kw>
<status status="PASS" starttime="20230413 16:31:03.207" endtime="20230413 16:31:03.208"/>
</kw>
<status status="PASS" starttime="20230413 16:31:03.103" endtime="20230413 16:31:03.208"/>
</test>
<status status="PASS" starttime="20230413 16:31:02.071" endtime="20230413 16:31:03.209"/>
</suite>
<status status="PASS" starttime="20230413 16:31:02.070" endtime="20230413 16:31:03.210"/>
</suite>
<status status="PASS" starttime="20230413 16:31:02.068" endtime="20230413 16:31:03.210"/>
</suite>
<status status="PASS" starttime="20230413 16:31:02.049" endtime="20230413 16:31:03.211"/>
</suite>
<statistics>
<total>
<stat pass="5" fail="0" skip="0">All Tests</stat>
</total>
<tag>
</tag>
<suite>
<stat pass="5" fail="0" skip="0" id="s1" name="Tests">Tests</stat>
<stat pass="5" fail="0" skip="0" id="s1-s1" name="Api">Tests.Api</stat>
<stat pass="5" fail="0" skip="0" id="s1-s1-s1" name="Users">Tests.Api.Users</stat>
<stat pass="5" fail="0" skip="0" id="s1-s1-s1-s1" name="Test Api Users">Tests.Api.Users.Test Api Users</stat>
</suite>
</statistics>
<errors>
</errors>
</robot>
