<?xml version="1.0" encoding="UTF-8"?>
<robot generator="Robot 7.0 (Python 3.8.18 on linux)" generated="2024-04-23T00:10:58.350873" rpa="false" schemaversion="5">
<suite id="s1" name="Tests" source="/home/runner/work/gen-ai-robot-test/gen-ai-robot-test/tests">
<suite id="s1-s1" name="Api" source="/home/runner/work/gen-ai-robot-test/gen-ai-robot-test/tests/api">
<suite id="s1-s1-s1" name="Test Api Users" source="/home/runner/work/gen-ai-robot-test/gen-ai-robot-test/tests/api/test_api_users.robot">
<test id="s1-s1-s1-t1" name="Scenario: Get all registered users" line="9">
<kw name="Before Tests" owner="test_keywords_common" type="SETUP">
<kw name="Create Session" owner="RequestsLibrary">
<msg time="2024-04-23T00:10:58.982084" level="INFO">Creating Session using : alias=serverest, url=https://serverest.dev, headers={},                     cookies={}, auth=None, timeout=None, proxies=None, verify=False,                     debug=0 </msg>
<arg>serverest</arg>
<arg>${SERVER_BASE_URL}</arg>
<arg>disable_warnings=True</arg>
<doc>Create Session: create a HTTP session to a server</doc>
<status status="PASS" start="2024-04-23T00:10:58.981704" elapsed="0.000737"/>
</kw>
<status status="PASS" start="2024-04-23T00:10:58.980377" elapsed="0.002177"/>
</kw>
<kw name="When I request the list of all registered users" owner="test_keywords_users">
<kw name="GET On Session" owner="RequestsLibrary">
<msg time="2024-04-23T00:10:59.253317" level="INFO">GET Request : url=https://serverest.dev/usuarios 
 path_url=/usuarios 
 headers={'User-Agent': 'python-requests/2.31.0', 'Accept-Encoding': 'gzip, deflate', 'Accept': '*/*', 'Connection': 'keep-alive'} 
 body=None 
 </msg>
<msg time="2024-04-23T00:10:59.253509" level="INFO">GET Response : url=https://serverest.dev/usuarios 
 status=200, reason=OK 
 headers={'access-control-allow-origin': '*', 'x-dns-prefetch-control': 'off', 'x-frame-options': 'SAMEORIGIN', 'strict-transport-security': 'max-age=15552000; includeSubDomains', 'x-download-options': 'noopen', 'x-content-type-options': 'nosniff', 'x-xss-protection': '1; mode=block', 'content-type': 'application/json; charset=utf-8', 'X-Cloud-Trace-Context': '28d3939d5b7f92667538bd0530eae367;o=1', 'Date': 'Tue, 23 Apr 2024 00:10:59 GMT', 'Server': 'Google Frontend', 'Content-Length': '28317'} 
 body={
    "quantidade": 127,
    "usuarios": [
        {
            "nome": "Fulano da Silva",
            "email": "beltrano@qa1.com.br",
            "password": "teste",
            "administrador": "true",
            "_id": "0AeR4FHPaZt4e6Xl"
        },
        {
            "nome": "Daniel",
            "email": "daniel.hicks_17137933439433062@qautomation.com.br",
            "password": "Teste123",
            "administrador": "false",
            "_id": "2YrshC20o4DDeUHO"
        },
        {
            "nome": "Fulano da Silva30",
            "email": "beltrano@qa30.com.br",
            "password": "teste",
            "administrador": "true",
            "_id": "3I02ASL43dxA8Mtl"
        },
        {
            "nome": "Fulano da Silva",
            "email": "tnnt@emailteste.com",
            "password": "1234",
            "administrador": "true",
            "_id": "3SnqOhTRdZl7hnaa"
        },
        {
            "password": "zuc4xkag",
            "administrador": "false",
            "nome": "Felícia",
            "email": "carlos.simao@yahoo.com",
            "_id": "3emtJojG5ErgI3FA"
        },
        {
            "nome": "Rick E-430",
            "email": "rickE-430@intergalactic.com",
            "password": "430_shut_up_M0rty",
            "administrador": "true",
            "_id": "46Xab49kuG9h16kV"
        },
        {
            "nome": "Katrina King",
            "email": "Bert.Lynch55@yahoo.com",
            "password": "teste",
            "administrador": "true",
            "_id": "4SFMHC8h0WlK7Pdf"
        },
        {
            "nome": "Eu QA",
            "email": "qa@qa.com.br",
            "password": "teste",
            "administrador": "true",
            "_id": "4bu8MSAM2pVNBcyy"
        },
        {
            "nome": "Pearl Reichel-McCullough",
            "email": "Jose.Ziemann67@yahoo.com",
            "password": "teste",
            "administrador": "true",
            "_id": "4xRTsOvQXEcRAFxn"
        },
        {
            "nome": "Noel Bins",
            "email": "Rubye72@gmail.com",
            "password": "teste",
            "administrador": "true",
            "_id": "6KY8u3jS3LT5pTxl"
        },
        {
            "nome": "com.github.javafaker.Name@4bca8eaf",
            "email": "jinny.sauer@yahoo.com",
            "password": "n3kjy1b2j",
            "administrador": "true",
            "_id": "6NcVVy1uG3aMJJip"
        },
        {
            "nome": "Fulano da Silva",
            "email": "zigi@emailteste.com",
            "password": "1234",
            "administrador": "true",
            "_id": "6UDBU3ua3QhLDzWE"
        },
        {
            "nome": "Mike Rogahn",
            "email": "Jacques5@hotmail.com",
            "password": "teste",
            "administrador": "true",
            "_id": "6nRR5HXHVJJ3PLvT"
        },
        {
            "nome": "Sandra",
            "email": "sandra.cabrera_17137954621153426@qautomation.com.br",
            "password": "Teste123",
            "administrador": "true",
            "_id": "7O1XHcAMuC2Ph8xn"
        },
        {
            "nome": "Leonardo",
            "email": "email@email.com.br",
            "password": "teste",
            "administrador": "false",
            "_id": "7lmolv5mkKRYZ92W"
        },
        {
            "nome": "Marissa",
            "email": "marissa.guzman_17138169654366806@qautomation.com.br",
            "password": "Teste123",
            "administrador": "false",
            "_id": "8Kc6MMelOBjVUyKR"
        },
        {
            "password": "r49gm0wpv3c4e",
            "administrador": "true",
            "nome": "Gúbio",
            "email": "maya.paiva@yahoo.com",
            "_id": "8UYYBxvVvsQ8EDwY"
        },
        {
            "nome": "nobru",
            "email": "gohan22@teste.com.br",
            "password": "teste",
            "administrador": "true",
            "_id": "8zd5N0hzClZq0vwZ"
        },
        {
            "nome": "Robin",
            "email": "robin.chavez_17137933435500968@qautomation.com.br",
            "password": "Teste123",
            "administrador": "true",
            "_id": "ABkh9oSHei7V33PA"
        },
        {
            "nome": "Fulano da Silva",
            "email": "lnms@emailteste.com",
            "password": "1234",
            "administrador": "true",
            "_id": "BOaIoZbCr4WogPus"
        },
        {
            "nome": "com.github.javafaker.Name@4bca8eaf",
            "email": "georgetta.heathcote@yahoo.com",
            "password": "d4vpndrnvqhm2x0",
            "administrador": "true",
            "_id": "CieSIdcaOB5a66vl"
        },
        {
            "nome": "Fulano da Silva",
            "email": "yjpk@emailteste.com",
            "password": "1234",
            "administrador": "true",
            "_id": "D01TRYG0VsUxjnFL"
        },
        {
            "nome": "Darnell Satterfield",
            "email": "Grayson_Hane@hotmail.com",
            "password": "teste",
            "administrador": "true",
            "_id": "DAXbbL2iqH4ybTz2"
        },
        {
            "nome": "Fulano da Silva",
            "email": "kkqx@emailteste.com",
            "password": "1234",
            "administrador": "true",
            "_id": "DZFgD7WJwFZ8gFY7"
        },
        {
            "nome": "Patricia",
            "email": "patricia.velasquez_17138076155571454@qautomation.com.br",
            "password": "Teste123",
            "administrador": "false",
            "_id": "DbqBUz4TAvMJD3MM"
        },
        {
            "nome": "Fulano da Silva",
            "email": "zptm@emailteste.com",
            "password": "1234",
            "administrador": "true",
            "_id": "DnUbJ1iyb0ni1VcZ"
        },
        {
            "nome": "Fulano da Silva10",
            "email": "beltrano@qa10.com.br",
            "password": "teste",
            "administrador": "true",
            "_id": "DyPFj2pHXBteXEtZ"
        },
        {
            "nome": "Fulano da Silva",
            "email": "eehv@emailteste.com",
            "password": "1234",
            "administrador": "true",
            "_id": "ESLAa1WLchE0Hc7W"
        },
        {
            "nome": "Testernildo da Silva",
            "email": "testernildodasilva@qa.coders.com.br",
            "password": "TesternildoQacoders@10",
            "administrador": "true",
            "_id": "F5cOD4OYb5lZOeE1"
        },
        {
            "nome": "com.github.javafaker.Name@45539bd8",
            "email": "ramiro.hyatt@gmail.com",
            "password": "6oa2i6wk967d",
            "administrador": "true",
            "_id": "Fl93NEvgsuDFgRME"
        },
        {
            "nome": "Duane Smith-Tillman",
            "email": "Kellen.Blanda@gmail.com",
            "password": "teste",
            "administrador": "true",
            "_id": "G6wCG58H0E7YiNxl"
        },
        {
            "nome": "Rick V-548",
            "email": "rickV-548@intergalactic.com",
            "password": "548_shut_up_M0rty",
            "administrador": "true",
            "_id": "GgALH9We6mKflJo4"
        },
        {
            "nome": "Stewart McKenzie",
            "email": "Nannie_Rohan34@yahoo.com",
            "password": "teste",
            "administrador": "true",
            "_id": "GkZ833IRPKfIo1b0"
        },
        {
            "nome": "Sarah",
            "email": "sarah.vance_17138189071558099@qautomation.com.br",
            "password": "Teste123",
            "administrador": "true",
            "_id": "HZ6hMBbf2G2SHqLQ"
        },
        {
            "nome": "Fulano da Silva",
            "email": "92bb1c29-cb4d-4f24-8fdf-b03dc19bceaf@armin.com.br",
            "password": "teste",
            "administrador": "true",
            "_id": "HZW7R7r52tqfpD67"
        },
        {
            "nome": "Fulano da Silva",
            "email": "zrmz@emailteste.com",
            "password": "1234",
            "administrador": "true",
            "_id": "I0TTtRJwSrWPgZ1j"
        },
        {
            "nome": "Rene Rippin",
            "email": "Gerhard21@yahoo.com",
            "password": "teste",
            "administrador": "true",
            "_id": "I2UJjCLKF9glnHbP"
        },
        {
            "nome": "Teste2024",
            "email": "test2024@cucumber.com",
            "password": "1234",
            "administrador": "false",
            "_id": "IUCuu4yyRsYzZpYw"
        },
        {
            "nome": "Kate Olson",
            "email": "Sheridan93@hotmail.com",
            "password": "teste",
            "administrador": "true",
            "_id": "IWB1ppexDOfSiMw4"
        },
        {
            "nome": "Jacob",
            "email": "jacob.lewis_17138083405704181@qautomation.com.br",
            "password": "Teste123",
            "administrador": "false",
            "_id": "Imgl5TwHbOtgJ5zl"
        },
        {
            "nome": "Steve",
            "email": "steve.williams_17137951315870204@qautomation.com.br",
            "password": "Teste123",
            "administrador": "true",
            "_id": "JLji63sBrMFukWyX"
        },
        {
            "nome": "Mr. Felix Wolff",
            "email": "Marilou.Volkman19@yahoo.com",
            "password": "teste",
            "administrador": "true",
            "_id": "JsJiBMLx7NYNMGw3"
        },
        {
            "nome": "Fulano da Silva 3",
            "email": "beltrano@qa4.com.br",
            "password": "teste",
            "administrador": "true",
            "_id": "LdLqJkvuYjxdPirz"
        },
        {
            "nome": "Fulano da Silva",
            "email": "fauw@emailteste.com",
            "password": "1234",
            "administrador": "true",
            "_id": "LpFduWPqyNJ0Ngny"
        },
        {
            "nome": "Beltrano da Silva",
            "email": "novobeltrano@qa.com.br",
            "password": "teste",
            "administrador": "true",
            "_id": "MA9AjNKKQImxzR0Z"
        },
        {
            "nome"... (set the log level to DEBUG or TRACE to see the full content) 
 </msg>
<msg time="2024-04-23T00:10:59.253840" level="INFO">${response} = &lt;Response [200]&gt;</msg>
<var>${response}</var>
<arg>serverest</arg>
<arg>${USERS_API_ENDPOINT}</arg>
<doc>Sends a GET request on a previously created HTTP Session.</doc>
<status status="PASS" start="2024-04-23T00:10:58.983013" elapsed="0.270872"/>
</kw>
<kw name="Set Test Variable" owner="BuiltIn">
<msg time="2024-04-23T00:10:59.254416" level="INFO">${response} = &lt;Response [200]&gt;</msg>
<arg>${response}</arg>
<doc>Makes a variable available everywhere within the scope of the current test.</doc>
<status status="PASS" start="2024-04-23T00:10:59.254160" elapsed="0.000305"/>
</kw>
<status status="PASS" start="2024-04-23T00:10:58.982738" elapsed="0.271810"/>
</kw>
<kw name="Then the response status code should be 200" owner="test_keywords_users" source_name="Then the response status code should be ${status_code}">
<kw name="Should Be Equal As Numbers" owner="BuiltIn">
<msg time="2024-04-23T00:10:59.255659" level="INFO">Argument types are:
&lt;class 'int'&gt;
&lt;class 'str'&gt;</msg>
<arg>${response.status_code}</arg>
<arg>${status_code}</arg>
<doc>Fails if objects are unequal after converting them to real numbers.</doc>
<status status="PASS" start="2024-04-23T00:10:59.255146" elapsed="0.000587"/>
</kw>
<kw name="Should Be True" owner="BuiltIn">
<arg>${response.json()}</arg>
<doc>Fails if the given condition is not true.</doc>
<status status="PASS" start="2024-04-23T00:10:59.255884" elapsed="0.000624"/>
</kw>
<status status="PASS" start="2024-04-23T00:10:59.254748" elapsed="0.001842"/>
</kw>
<kw name="And the response body should not be empty" owner="test_keywords_users">
<kw name="Should Not Be Empty" owner="BuiltIn">
<msg time="2024-04-23T00:10:59.257574" level="INFO">Length is 2.</msg>
<arg>${response.json()}</arg>
<doc>Verifies that the given item is not empty.</doc>
<status status="PASS" start="2024-04-23T00:10:59.257024" elapsed="0.000611"/>
</kw>
<status status="PASS" start="2024-04-23T00:10:59.256751" elapsed="0.000959"/>
</kw>
<tag>api</tag>
<status status="PASS" start="2024-04-23T00:10:58.979672" elapsed="0.278164"/>
</test>
<test id="s1-s1-s1-t2" name="Scenario: Create a new user" line="15">
<kw name="Before Tests" owner="test_keywords_common" type="SETUP">
<kw name="Create Session" owner="RequestsLibrary">
<msg time="2024-04-23T00:10:59.259228" level="INFO">Creating Session using : alias=serverest, url=https://serverest.dev, headers={},                     cookies={}, auth=None, timeout=None, proxies=None, verify=False,                     debug=0 </msg>
<arg>serverest</arg>
<arg>${SERVER_BASE_URL}</arg>
<arg>disable_warnings=True</arg>
<doc>Create Session: create a HTTP session to a server</doc>
<status status="PASS" start="2024-04-23T00:10:59.258975" elapsed="0.000444"/>
</kw>
<status status="PASS" start="2024-04-23T00:10:59.258702" elapsed="0.000801"/>
</kw>
<kw name="Given I have a valid user data" owner="test_keywords_users">
<kw name="Name" owner="FakerLibrary">
<msg time="2024-04-23T00:10:59.260332" level="INFO">${name} = Lisa Rush</msg>
<var>${name}</var>
<doc>:example: 'John Doe'</doc>
<status status="PASS" start="2024-04-23T00:10:59.259951" elapsed="0.000411"/>
</kw>
<kw name="Email" owner="FakerLibrary">
<msg time="2024-04-23T00:10:59.260831" level="INFO">${email} = karencox@example.net</msg>
<var>${email}</var>
<status status="PASS" start="2024-04-23T00:10:59.260499" elapsed="0.000361"/>
</kw>
<kw name="Password" owner="FakerLibrary">
<msg time="2024-04-23T00:10:59.261260" level="INFO">${password} = Rs2nlS9q8pFF</msg>
<var>${password}</var>
<arg>length=12</arg>
<arg>special_chars=False</arg>
<doc>Generate a random password of the specified ``length``.</doc>
<status status="PASS" start="2024-04-23T00:10:59.260994" elapsed="0.000295"/>
</kw>
<kw name="Set Suite Variable" owner="BuiltIn">
<msg time="2024-04-23T00:10:59.261647" level="INFO">${name} = Lisa Rush</msg>
<arg>${name}</arg>
<doc>Makes a variable available everywhere within the scope of the current suite.</doc>
<status status="PASS" start="2024-04-23T00:10:59.261445" elapsed="0.000246"/>
</kw>
<kw name="Set Suite Variable" owner="BuiltIn">
<msg time="2024-04-23T00:10:59.262060" level="INFO">${email} = karencox@example.net</msg>
<arg>${email}</arg>
<doc>Makes a variable available everywhere within the scope of the current suite.</doc>
<status status="PASS" start="2024-04-23T00:10:59.261830" elapsed="0.000277"/>
</kw>
<kw name="Set Suite Variable" owner="BuiltIn">
<msg time="2024-04-23T00:10:59.262452" level="INFO">${password} = Rs2nlS9q8pFF</msg>
<arg>${password}</arg>
<doc>Makes a variable available everywhere within the scope of the current suite.</doc>
<status status="PASS" start="2024-04-23T00:10:59.262248" elapsed="0.000247"/>
</kw>
<status status="PASS" start="2024-04-23T00:10:59.259694" elapsed="0.002871"/>
</kw>
<kw name="When I create the user" owner="test_keywords_users">
<kw name="Create Dictionary" owner="BuiltIn">
<msg time="2024-04-23T00:10:59.263405" level="INFO">${payload} = {'nome': 'Lisa Rush', 'email': 'karencox@example.net', 'password': 'Rs2nlS9q8pFF', 'administrador': 'false'}</msg>
<var>${payload}</var>
<arg>nome=${name}</arg>
<arg>email=${email}</arg>
<arg>password=${password}</arg>
<arg>administrador=false</arg>
<doc>Creates and returns a dictionary based on the given ``items``.</doc>
<status status="PASS" start="2024-04-23T00:10:59.262998" elapsed="0.000438"/>
</kw>
<kw name="Create Dictionary" owner="BuiltIn">
<msg time="2024-04-23T00:10:59.263768" level="INFO">${headers} = {'Content-Type': 'application/json'}</msg>
<var>${headers}</var>
<arg>Content-Type=application/json</arg>
<doc>Creates and returns a dictionary based on the given ``items``.</doc>
<status status="PASS" start="2024-04-23T00:10:59.263592" elapsed="0.000203"/>
</kw>
<kw name="POST On Session" owner="RequestsLibrary">
<msg time="2024-04-23T00:10:59.366576" level="INFO">POST Request : url=https://serverest.dev/usuarios 
 path_url=/usuarios 
 headers={'User-Agent': 'python-requests/2.31.0', 'Accept-Encoding': 'gzip, deflate', 'Accept': '*/*', 'Connection': 'keep-alive', 'Content-Type': 'application/json', 'Content-Length': '108'} 
 body=b'{"nome": "Lisa Rush", "email": "karencox@example.net", "password": "Rs2nlS9q8pFF", "administrador": "false"}' 
 </msg>
<msg time="2024-04-23T00:10:59.366683" level="INFO">POST Response : url=https://serverest.dev/usuarios 
 status=201, reason=Created 
 headers={'access-control-allow-origin': '*', 'x-dns-prefetch-control': 'off', 'x-frame-options': 'SAMEORIGIN', 'strict-transport-security': 'max-age=15552000; includeSubDomains', 'x-download-options': 'noopen', 'x-content-type-options': 'nosniff', 'x-xss-protection': '1; mode=block', 'content-type': 'application/json; charset=utf-8', 'X-Cloud-Trace-Context': 'b5e27a764832be564958db011fa26ea5', 'Date': 'Tue, 23 Apr 2024 00:10:59 GMT', 'Server': 'Google Frontend', 'Content-Length': '82'} 
 body={
    "message": "Cadastro realizado com sucesso",
    "_id": "PxHYK9u80m8iDvOj"
} 
 </msg>
<msg time="2024-04-23T00:10:59.366854" level="INFO">${response} = &lt;Response [201]&gt;</msg>
<var>${response}</var>
<arg>serverest</arg>
<arg>${USERS_API_ENDPOINT}</arg>
<arg>json=${payload}</arg>
<arg>headers=${headers}</arg>
<doc>Sends a POST request on a previously created HTTP Session.</doc>
<status status="PASS" start="2024-04-23T00:10:59.263943" elapsed="0.102953"/>
</kw>
<kw name="Set Variable" owner="BuiltIn">
<msg time="2024-04-23T00:10:59.367714" level="INFO">${user_id} = PxHYK9u80m8iDvOj</msg>
<var>${user_id}</var>
<arg>${response.json()['_id']}</arg>
<doc>Returns the given values which can then be assigned to a variables.</doc>
<status status="PASS" start="2024-04-23T00:10:59.367162" elapsed="0.000583"/>
</kw>
<kw name="Set Global Variable" owner="BuiltIn">
<msg time="2024-04-23T00:10:59.368188" level="INFO">${USER_ID} = PxHYK9u80m8iDvOj</msg>
<arg>${USER_ID}</arg>
<arg>${user_id}</arg>
<doc>Makes a variable available globally in all tests and suites.</doc>
<status status="PASS" start="2024-04-23T00:10:59.367910" elapsed="0.000325"/>
</kw>
<kw name="Set Test Variable" owner="BuiltIn">
<msg time="2024-04-23T00:10:59.368576" level="INFO">${response} = &lt;Response [201]&gt;</msg>
<arg>${response}</arg>
<doc>Makes a variable available everywhere within the scope of the current test.</doc>
<status status="PASS" start="2024-04-23T00:10:59.368384" elapsed="0.000277"/>
</kw>
<status status="PASS" start="2024-04-23T00:10:59.262742" elapsed="0.106003"/>
</kw>
<kw name="Then the response status code should be 201" owner="test_keywords_users" source_name="Then the response status code should be ${status_code}">
<kw name="Should Be Equal As Numbers" owner="BuiltIn">
<msg time="2024-04-23T00:10:59.369699" level="INFO">Argument types are:
&lt;class 'int'&gt;
&lt;class 'str'&gt;</msg>
<arg>${response.status_code}</arg>
<arg>${status_code}</arg>
<doc>Fails if objects are unequal after converting them to real numbers.</doc>
<status status="PASS" start="2024-04-23T00:10:59.369238" elapsed="0.000528"/>
</kw>
<kw name="Should Be True" owner="BuiltIn">
<arg>${response.json()}</arg>
<doc>Fails if the given condition is not true.</doc>
<status status="PASS" start="2024-04-23T00:10:59.369911" elapsed="0.000495"/>
</kw>
<status status="PASS" start="2024-04-23T00:10:59.368932" elapsed="0.001554"/>
</kw>
<kw name="And the response body should not be empty" owner="test_keywords_users">
<kw name="Should Not Be Empty" owner="BuiltIn">
<msg time="2024-04-23T00:10:59.371336" level="INFO">Length is 2.</msg>
<arg>${response.json()}</arg>
<doc>Verifies that the given item is not empty.</doc>
<status status="PASS" start="2024-04-23T00:10:59.370911" elapsed="0.000485"/>
</kw>
<status status="PASS" start="2024-04-23T00:10:59.370647" elapsed="0.000825"/>
</kw>
<tag>api</tag>
<status status="PASS" start="2024-04-23T00:10:59.258188" elapsed="0.113406"/>
</test>
<test id="s1-s1-s1-t3" name="Scenario: Get a specific user informations" line="22">
<kw name="Before Tests" owner="test_keywords_common" type="SETUP">
<kw name="Create Session" owner="RequestsLibrary">
<msg time="2024-04-23T00:10:59.372971" level="INFO">Creating Session using : alias=serverest, url=https://serverest.dev, headers={},                     cookies={}, auth=None, timeout=None, proxies=None, verify=False,                     debug=0 </msg>
<arg>serverest</arg>
<arg>${SERVER_BASE_URL}</arg>
<arg>disable_warnings=True</arg>
<doc>Create Session: create a HTTP session to a server</doc>
<status status="PASS" start="2024-04-23T00:10:59.372723" elapsed="0.000436"/>
</kw>
<status status="PASS" start="2024-04-23T00:10:59.372465" elapsed="0.000780"/>
</kw>
<kw name="When I request the created user" owner="test_keywords_users">
<kw name="GET On Session" owner="RequestsLibrary">
<msg time="2024-04-23T00:10:59.472048" level="INFO">GET Request : url=https://serverest.dev/usuarios/PxHYK9u80m8iDvOj 
 path_url=/usuarios/PxHYK9u80m8iDvOj 
 headers={'User-Agent': 'python-requests/2.31.0', 'Accept-Encoding': 'gzip, deflate', 'Accept': '*/*', 'Connection': 'keep-alive'} 
 body=None 
 </msg>
<msg time="2024-04-23T00:10:59.472139" level="INFO">GET Response : url=https://serverest.dev/usuarios/PxHYK9u80m8iDvOj 
 status=200, reason=OK 
 headers={'access-control-allow-origin': '*', 'x-dns-prefetch-control': 'off', 'x-frame-options': 'SAMEORIGIN', 'strict-transport-security': 'max-age=15552000; includeSubDomains', 'x-download-options': 'noopen', 'x-content-type-options': 'nosniff', 'x-xss-protection': '1; mode=block', 'content-type': 'application/json; charset=utf-8', 'X-Cloud-Trace-Context': '81448062f27369dd03949a19453a0b9e', 'Date': 'Tue, 23 Apr 2024 00:10:59 GMT', 'Server': 'Google Frontend', 'Content-Length': '157'} 
 body={
    "nome": "Lisa Rush",
    "email": "karencox@example.net",
    "password": "Rs2nlS9q8pFF",
    "administrador": "false",
    "_id": "PxHYK9u80m8iDvOj"
} 
 </msg>
<msg time="2024-04-23T00:10:59.472275" level="INFO">${response} = &lt;Response [200]&gt;</msg>
<var>${response}</var>
<arg>serverest</arg>
<arg>${USERS_API_ENDPOINT}/${USER_ID}</arg>
<doc>Sends a GET request on a previously created HTTP Session.</doc>
<status status="PASS" start="2024-04-23T00:10:59.373680" elapsed="0.098633"/>
</kw>
<kw name="Set Test Variable" owner="BuiltIn">
<msg time="2024-04-23T00:10:59.472690" level="INFO">${response} = &lt;Response [200]&gt;</msg>
<arg>${response}</arg>
<doc>Makes a variable available everywhere within the scope of the current test.</doc>
<status status="PASS" start="2024-04-23T00:10:59.472486" elapsed="0.000251"/>
</kw>
<status status="PASS" start="2024-04-23T00:10:59.373420" elapsed="0.099391"/>
</kw>
<kw name="Then the response status code should be 200" owner="test_keywords_users" source_name="Then the response status code should be ${status_code}">
<kw name="Should Be Equal As Numbers" owner="BuiltIn">
<msg time="2024-04-23T00:10:59.473770" level="INFO">Argument types are:
&lt;class 'int'&gt;
&lt;class 'str'&gt;</msg>
<arg>${response.status_code}</arg>
<arg>${status_code}</arg>
<doc>Fails if objects are unequal after converting them to real numbers.</doc>
<status status="PASS" start="2024-04-23T00:10:59.473281" elapsed="0.000555"/>
</kw>
<kw name="Should Be True" owner="BuiltIn">
<arg>${response.json()}</arg>
<doc>Fails if the given condition is not true.</doc>
<status status="PASS" start="2024-04-23T00:10:59.474016" elapsed="0.000453"/>
</kw>
<status status="PASS" start="2024-04-23T00:10:59.472985" elapsed="0.001562"/>
</kw>
<kw name="And the response body should not be empty" owner="test_keywords_users">
<kw name="Should Not Be Empty" owner="BuiltIn">
<msg time="2024-04-23T00:10:59.475408" level="INFO">Length is 5.</msg>
<arg>${response.json()}</arg>
<doc>Verifies that the given item is not empty.</doc>
<status status="PASS" start="2024-04-23T00:10:59.474975" elapsed="0.000490"/>
</kw>
<status status="PASS" start="2024-04-23T00:10:59.474706" elapsed="0.000835"/>
</kw>
<tag>api</tag>
<status status="PASS" start="2024-04-23T00:10:59.371926" elapsed="0.103730"/>
</test>
<test id="s1-s1-s1-t4" name="Scenario: Update the created user" line="28">
<kw name="Before Tests" owner="test_keywords_common" type="SETUP">
<kw name="Create Session" owner="RequestsLibrary">
<msg time="2024-04-23T00:10:59.476960" level="INFO">Creating Session using : alias=serverest, url=https://serverest.dev, headers={},                     cookies={}, auth=None, timeout=None, proxies=None, verify=False,                     debug=0 </msg>
<arg>serverest</arg>
<arg>${SERVER_BASE_URL}</arg>
<arg>disable_warnings=True</arg>
<doc>Create Session: create a HTTP session to a server</doc>
<status status="PASS" start="2024-04-23T00:10:59.476721" elapsed="0.000562"/>
</kw>
<status status="PASS" start="2024-04-23T00:10:59.476461" elapsed="0.000910"/>
</kw>
<kw name="When I update the created user" owner="test_keywords_users">
<kw name="Create Dictionary" owner="BuiltIn">
<msg time="2024-04-23T00:10:59.478069" level="INFO">${payload} = {'nome': 'John Smith', 'email': 'john.smith@example.com', 'password': 'P@ssw0rd123', 'administrador': 'false'}</msg>
<var>${payload}</var>
<arg>nome=John Smith</arg>
<arg>email=john.smith@example.com</arg>
<arg>password=P@ssw0rd123</arg>
<arg>administrador=false</arg>
<doc>Creates and returns a dictionary based on the given ``items``.</doc>
<status status="PASS" start="2024-04-23T00:10:59.477822" elapsed="0.000277"/>
</kw>
<kw name="Create Dictionary" owner="BuiltIn">
<msg time="2024-04-23T00:10:59.478426" level="INFO">${headers} = {'Content-Type': 'application/json'}</msg>
<var>${headers}</var>
<arg>Content-Type=application/json</arg>
<doc>Creates and returns a dictionary based on the given ``items``.</doc>
<status status="PASS" start="2024-04-23T00:10:59.478254" elapsed="0.000211"/>
</kw>
<kw name="PUT On Session" owner="RequestsLibrary">
<msg time="2024-04-23T00:10:59.574837" level="INFO">PUT Request : url=https://serverest.dev/usuarios/PxHYK9u80m8iDvOj 
 path_url=/usuarios/PxHYK9u80m8iDvOj 
 headers={'User-Agent': 'python-requests/2.31.0', 'Accept-Encoding': 'gzip, deflate', 'Accept': '*/*', 'Connection': 'keep-alive', 'Content-Type': 'application/json', 'Content-Length': '110'} 
 body=b'{"nome": "John Smith", "email": "john.smith@example.com", "password": "P@ssw0rd123", "administrador": "false"}' 
 </msg>
<msg time="2024-04-23T00:10:59.574936" level="INFO">PUT Response : url=https://serverest.dev/usuarios/PxHYK9u80m8iDvOj 
 status=200, reason=OK 
 headers={'access-control-allow-origin': '*', 'x-dns-prefetch-control': 'off', 'x-frame-options': 'SAMEORIGIN', 'strict-transport-security': 'max-age=15552000; includeSubDomains', 'x-download-options': 'noopen', 'x-content-type-options': 'nosniff', 'x-xss-protection': '1; mode=block', 'content-type': 'application/json; charset=utf-8', 'X-Cloud-Trace-Context': '8c270af4729a89292bf4d1ea2f7d140a', 'Date': 'Tue, 23 Apr 2024 00:10:59 GMT', 'Server': 'Google Frontend', 'Content-Length': '50'} 
 body={
    "message": "Registro alterado com sucesso"
} 
 </msg>
<msg time="2024-04-23T00:10:59.575060" level="INFO">${response} = &lt;Response [200]&gt;</msg>
<var>${response}</var>
<arg>serverest</arg>
<arg>${USERS_API_ENDPOINT}/${USER_ID}</arg>
<arg>json=${payload}</arg>
<arg>headers=${headers}</arg>
<doc>Sends a PUT request on a previously created HTTP Session.</doc>
<status status="PASS" start="2024-04-23T00:10:59.478600" elapsed="0.096489"/>
</kw>
<kw name="Set Test Variable" owner="BuiltIn">
<msg time="2024-04-23T00:10:59.575460" level="INFO">${response} = &lt;Response [200]&gt;</msg>
<arg>${response}</arg>
<doc>Makes a variable available everywhere within the scope of the current test.</doc>
<status status="PASS" start="2024-04-23T00:10:59.575258" elapsed="0.000249"/>
</kw>
<status status="PASS" start="2024-04-23T00:10:59.477554" elapsed="0.098028"/>
</kw>
<kw name="Then the response status code should be 200" owner="test_keywords_users" source_name="Then the response status code should be ${status_code}">
<kw name="Should Be Equal As Numbers" owner="BuiltIn">
<msg time="2024-04-23T00:10:59.576508" level="INFO">Argument types are:
&lt;class 'int'&gt;
&lt;class 'str'&gt;</msg>
<arg>${response.status_code}</arg>
<arg>${status_code}</arg>
<doc>Fails if objects are unequal after converting them to real numbers.</doc>
<status status="PASS" start="2024-04-23T00:10:59.576046" elapsed="0.000526"/>
</kw>
<kw name="Should Be True" owner="BuiltIn">
<arg>${response.json()}</arg>
<doc>Fails if the given condition is not true.</doc>
<status status="PASS" start="2024-04-23T00:10:59.576717" elapsed="0.000447"/>
</kw>
<status status="PASS" start="2024-04-23T00:10:59.575753" elapsed="0.001488"/>
</kw>
<kw name="And the response body should not be empty" owner="test_keywords_users">
<kw name="Should Not Be Empty" owner="BuiltIn">
<msg time="2024-04-23T00:10:59.578113" level="INFO">Length is 1.</msg>
<arg>${response.json()}</arg>
<doc>Verifies that the given item is not empty.</doc>
<status status="PASS" start="2024-04-23T00:10:59.577654" elapsed="0.000510"/>
</kw>
<status status="PASS" start="2024-04-23T00:10:59.577393" elapsed="0.000844"/>
</kw>
<tag>api</tag>
<status status="PASS" start="2024-04-23T00:10:59.475942" elapsed="0.102408"/>
</test>
<test id="s1-s1-s1-t5" name="Scenario: Delete the created user" line="34">
<kw name="Before Tests" owner="test_keywords_common" type="SETUP">
<kw name="Create Session" owner="RequestsLibrary">
<msg time="2024-04-23T00:10:59.579629" level="INFO">Creating Session using : alias=serverest, url=https://serverest.dev, headers={},                     cookies={}, auth=None, timeout=None, proxies=None, verify=False,                     debug=0 </msg>
<arg>serverest</arg>
<arg>${SERVER_BASE_URL}</arg>
<arg>disable_warnings=True</arg>
<doc>Create Session: create a HTTP session to a server</doc>
<status status="PASS" start="2024-04-23T00:10:59.579400" elapsed="0.000398"/>
</kw>
<status status="PASS" start="2024-04-23T00:10:59.579146" elapsed="0.000738"/>
</kw>
<kw name="When I delete the created user" owner="test_keywords_users">
<kw name="DELETE On Session" owner="RequestsLibrary">
<msg time="2024-04-23T00:10:59.680850" level="INFO">DELETE Request : url=https://serverest.dev/usuarios/PxHYK9u80m8iDvOj 
 path_url=/usuarios/PxHYK9u80m8iDvOj 
 headers={'User-Agent': 'python-requests/2.31.0', 'Accept-Encoding': 'gzip, deflate', 'Accept': '*/*', 'Connection': 'keep-alive', 'Content-Length': '0'} 
 body=None 
 </msg>
<msg time="2024-04-23T00:10:59.680934" level="INFO">DELETE Response : url=https://serverest.dev/usuarios/PxHYK9u80m8iDvOj 
 status=200, reason=OK 
 headers={'access-control-allow-origin': '*', 'x-dns-prefetch-control': 'off', 'x-frame-options': 'SAMEORIGIN', 'strict-transport-security': 'max-age=15552000; includeSubDomains', 'x-download-options': 'noopen', 'x-content-type-options': 'nosniff', 'x-xss-protection': '1; mode=block', 'content-type': 'application/json; charset=utf-8', 'X-Cloud-Trace-Context': 'dd71bece556555e13e72b31b58ba54f4', 'Date': 'Tue, 23 Apr 2024 00:10:59 GMT', 'Server': 'Google Frontend', 'Content-Length': '51'} 
 body={
    "message": "Registro excluído com sucesso"
} 
 </msg>
<msg time="2024-04-23T00:10:59.681064" level="INFO">${response} = &lt;Response [200]&gt;</msg>
<var>${response}</var>
<arg>serverest</arg>
<arg>${USERS_API_ENDPOINT}/${USER_ID}</arg>
<doc>Sends a DELETE request on a previously created HTTP Session.</doc>
<status status="PASS" start="2024-04-23T00:10:59.580307" elapsed="0.100792"/>
</kw>
<kw name="Set Test Variable" owner="BuiltIn">
<msg time="2024-04-23T00:10:59.681539" level="INFO">${response} = &lt;Response [200]&gt;</msg>
<arg>${response}</arg>
<doc>Makes a variable available everywhere within the scope of the current test.</doc>
<status status="PASS" start="2024-04-23T00:10:59.681292" elapsed="0.000305"/>
</kw>
<status status="PASS" start="2024-04-23T00:10:59.580055" elapsed="0.101632"/>
</kw>
<kw name="Then the response status code should be 200" owner="test_keywords_users" source_name="Then the response status code should be ${status_code}">
<kw name="Should Be Equal As Numbers" owner="BuiltIn">
<msg time="2024-04-23T00:10:59.682694" level="INFO">Argument types are:
&lt;class 'int'&gt;
&lt;class 'str'&gt;</msg>
<arg>${response.status_code}</arg>
<arg>${status_code}</arg>
<doc>Fails if objects are unequal after converting them to real numbers.</doc>
<status status="PASS" start="2024-04-23T00:10:59.682212" elapsed="0.000545"/>
</kw>
<kw name="Should Be True" owner="BuiltIn">
<arg>${response.json()}</arg>
<doc>Fails if the given condition is not true.</doc>
<status status="PASS" start="2024-04-23T00:10:59.682902" elapsed="0.000450"/>
</kw>
<status status="PASS" start="2024-04-23T00:10:59.681869" elapsed="0.001560"/>
</kw>
<kw name="And the response body should not be empty" owner="test_keywords_users">
<kw name="Should Not Be Empty" owner="BuiltIn">
<msg time="2024-04-23T00:10:59.684278" level="INFO">Length is 1.</msg>
<arg>${response.json()}</arg>
<doc>Verifies that the given item is not empty.</doc>
<status status="PASS" start="2024-04-23T00:10:59.683841" elapsed="0.000487"/>
</kw>
<status status="PASS" start="2024-04-23T00:10:59.683584" elapsed="0.000819"/>
</kw>
<tag>api</tag>
<status status="PASS" start="2024-04-23T00:10:59.578633" elapsed="0.105890"/>
</test>
<status status="PASS" start="2024-04-23T00:10:58.372395" elapsed="1.312711"/>
</suite>
<status status="PASS" start="2024-04-23T00:10:58.371246" elapsed="1.314581"/>
</suite>
<suite id="s1-s2" name="E2E" source="/home/runner/work/gen-ai-robot-test/gen-ai-robot-test/tests/e2e">
<suite id="s1-s2-s1" name="Test Ui Signup" source="/home/runner/work/gen-ai-robot-test/gen-ai-robot-test/tests/e2e/test_ui_signup.robot">
<test id="s1-s2-s1-t1" name="Scenario: Signup with empty fields" line="10">
<kw name="Before Tests" owner="test_keywords_common" type="SETUP">
<kw name="Open Browser" owner="SeleniumLibrary">
<msg time="2024-04-23T00:10:59.694794" level="INFO">Opening browser 'headless Chrome' to base url 'https://front.serverest.dev/'.</msg>
<arg>${SERVER_BASE_URL}</arg>
<arg>${HEADLESS} ${BROWSER}</arg>
<doc>Opens a new browser instance to the optional ``url``.</doc>
<status status="PASS" start="2024-04-23T00:10:59.694539" elapsed="1.838413"/>
</kw>
<kw name="Maximize Browser Window" owner="SeleniumLibrary">
<doc>Maximizes current browser window.</doc>
<status status="PASS" start="2024-04-23T00:11:01.533910" elapsed="0.137577"/>
</kw>
<status status="PASS" start="2024-04-23T00:10:59.694237" elapsed="1.977463"/>
</kw>
<kw name="Given Im on the signup page" owner="test_keywords_signup">
<kw name="Location Should Be" owner="SeleniumLibrary">
<msg time="2024-04-23T00:11:01.677014" level="INFO">Current location is 'https://front.serverest.dev/login'.</msg>
<arg>https://front.serverest.dev/login</arg>
<doc>Verifies that the current URL is exactly ``url``.</doc>
<status status="PASS" start="2024-04-23T00:11:01.672651" elapsed="0.004456"/>
</kw>
<kw name="Click Element" owner="SeleniumLibrary">
<msg time="2024-04-23T00:11:01.678084" level="INFO">Clicking element 'css=a.btn.btn-link'.</msg>
<arg>css=a.btn.btn-link</arg>
<doc>Click the element identified by ``locator``.</doc>
<status status="PASS" start="2024-04-23T00:11:01.677326" elapsed="0.103933"/>
</kw>
<status status="PASS" start="2024-04-23T00:11:01.672131" elapsed="0.109341"/>
</kw>
<kw name="When I click in signup" owner="test_keywords_signup">
<kw name="Click Button" owner="SeleniumLibrary">
<msg time="2024-04-23T00:11:01.782608" level="INFO">Clicking button 'css=.btn.btn-primary'.</msg>
<arg>css=.btn.btn-primary</arg>
<doc>Clicks the button identified by ``locator``.</doc>
<status status="PASS" start="2024-04-23T00:11:01.782342" elapsed="0.055644"/>
</kw>
<status status="PASS" start="2024-04-23T00:11:01.781820" elapsed="0.056354"/>
</kw>
<kw name="Then required field messages should be displayed" owner="test_keywords_signup">
<kw name="Wait Until Element Is Visible" owner="SeleniumLibrary">
<arg>css=.alert-dismissible</arg>
<arg>timeout=10s</arg>
<doc>Waits until the element ``locator`` is visible.</doc>
<status status="PASS" start="2024-04-23T00:11:01.838973" elapsed="0.231304"/>
</kw>
<kw name="Element Should Be Visible" owner="SeleniumLibrary">
<msg time="2024-04-23T00:11:02.087794" level="INFO">Element 'css=.alert-dismissible' is displayed.</msg>
<arg>css=.alert-dismissible</arg>
<doc>Verifies that the element identified by ``locator`` is visible.</doc>
<status status="PASS" start="2024-04-23T00:11:02.070712" elapsed="0.017243"/>
</kw>
<kw name="Page Should Contain" owner="SeleniumLibrary">
<msg time="2024-04-23T00:11:02.102294" level="INFO">Current page contains text 'Nome é obrigatório'.</msg>
<arg>Nome é obrigatório</arg>
<doc>Verifies that current page contains ``text``.</doc>
<status status="PASS" start="2024-04-23T00:11:02.088329" elapsed="0.014081"/>
</kw>
<kw name="Page Should Contain" owner="SeleniumLibrary">
<msg time="2024-04-23T00:11:02.113016" level="INFO">Current page contains text 'Email é obrigatório'.</msg>
<arg>Email é obrigatório</arg>
<doc>Verifies that current page contains ``text``.</doc>
<status status="PASS" start="2024-04-23T00:11:02.102774" elapsed="0.010330"/>
</kw>
<kw name="Page Should Contain" owner="SeleniumLibrary">
<msg time="2024-04-23T00:11:02.125009" level="INFO">Current page contains text 'Password é obrigatório'.</msg>
<arg>Password é obrigatório</arg>
<doc>Verifies that current page contains ``text``.</doc>
<status status="PASS" start="2024-04-23T00:11:02.113329" elapsed="0.011799"/>
</kw>
<status status="PASS" start="2024-04-23T00:11:01.838496" elapsed="0.286776"/>
</kw>
<kw name="After Tests" owner="test_keywords_common" type="TEARDOWN">
<kw name="Close Browser" owner="SeleniumLibrary">
<doc>Closes the current browser.</doc>
<status status="PASS" start="2024-04-23T00:11:02.126234" elapsed="0.062518"/>
</kw>
<status status="PASS" start="2024-04-23T00:11:02.125676" elapsed="0.063247"/>
</kw>
<tag>e2e</tag>
<status status="PASS" start="2024-04-23T00:10:59.693645" elapsed="2.495367"/>
</test>
<test id="s1-s2-s1-t2" name="Scenario: Signup done successfully" line="16">
<kw name="Before Tests" owner="test_keywords_common" type="SETUP">
<kw name="Open Browser" owner="SeleniumLibrary">
<msg time="2024-04-23T00:11:02.191037" level="INFO">Opening browser 'headless Chrome' to base url 'https://front.serverest.dev/'.</msg>
<arg>${SERVER_BASE_URL}</arg>
<arg>${HEADLESS} ${BROWSER}</arg>
<doc>Opens a new browser instance to the optional ``url``.</doc>
<status status="PASS" start="2024-04-23T00:11:02.190698" elapsed="0.587653"/>
</kw>
<kw name="Maximize Browser Window" owner="SeleniumLibrary">
<doc>Maximizes current browser window.</doc>
<status status="PASS" start="2024-04-23T00:11:02.779192" elapsed="0.132418"/>
</kw>
<status status="PASS" start="2024-04-23T00:11:02.190243" elapsed="0.721623"/>
</kw>
<kw name="Given Im on the signup page" owner="test_keywords_signup">
<kw name="Location Should Be" owner="SeleniumLibrary">
<msg time="2024-04-23T00:11:02.917596" level="INFO">Current location is 'https://front.serverest.dev/login'.</msg>
<arg>https://front.serverest.dev/login</arg>
<doc>Verifies that the current URL is exactly ``url``.</doc>
<status status="PASS" start="2024-04-23T00:11:02.913044" elapsed="0.004672"/>
</kw>
<kw name="Click Element" owner="SeleniumLibrary">
<msg time="2024-04-23T00:11:02.918381" level="INFO">Clicking element 'css=a.btn.btn-link'.</msg>
<arg>css=a.btn.btn-link</arg>
<doc>Click the element identified by ``locator``.</doc>
<status status="PASS" start="2024-04-23T00:11:02.918014" elapsed="0.118982"/>
</kw>
<status status="PASS" start="2024-04-23T00:11:02.912395" elapsed="0.124809"/>
</kw>
<kw name="And I fill in the signup fields with valid data" owner="test_keywords_signup">
<kw name="Name" owner="FakerLibrary">
<msg time="2024-04-23T00:11:03.038752" level="INFO">${name} = Cynthia Fisher</msg>
<var>${name}</var>
<doc>:example: 'John Doe'</doc>
<status status="PASS" start="2024-04-23T00:11:03.038107" elapsed="0.000701"/>
</kw>
<kw name="Email" owner="FakerLibrary">
<msg time="2024-04-23T00:11:03.039393" level="INFO">${email} = trevor93@example.org</msg>
<var>${email}</var>
<status status="PASS" start="2024-04-23T00:11:03.038999" elapsed="0.000430"/>
</kw>
<kw name="Password" owner="FakerLibrary">
<msg time="2024-04-23T00:11:03.040102" level="INFO">${password} = sjU8xiBs4TkY</msg>
<var>${password}</var>
<arg>length=12</arg>
<arg>special_chars=False</arg>
<doc>Generate a random password of the specified ``length``.</doc>
<status status="PASS" start="2024-04-23T00:11:03.039611" elapsed="0.000540"/>
</kw>
<kw name="Input Text" owner="SeleniumLibrary">
<msg time="2024-04-23T00:11:03.040774" level="INFO">Typing text 'Cynthia Fisher' into text field 'id:nome'.</msg>
<arg>id:nome</arg>
<arg>${name}</arg>
<doc>Types the given ``text`` into the text field identified by ``locator``.</doc>
<status status="PASS" start="2024-04-23T00:11:03.040418" elapsed="0.096439"/>
</kw>
<kw name="Input Text" owner="SeleniumLibrary">
<msg time="2024-04-23T00:11:03.137577" level="INFO">Typing text 'trevor93@example.org' into text field 'id:email'.</msg>
<arg>id:email</arg>
<arg>${email}</arg>
<doc>Types the given ``text`` into the text field identified by ``locator``.</doc>
<status status="PASS" start="2024-04-23T00:11:03.137214" elapsed="0.078357"/>
</kw>
<kw name="Input Text" owner="SeleniumLibrary">
<msg time="2024-04-23T00:11:03.216299" level="INFO">Typing text 'sjU8xiBs4TkY' into text field 'id:password'.</msg>
<arg>id:password</arg>
<arg>${password}</arg>
<doc>Types the given ``text`` into the text field identified by ``locator``.</doc>
<status status="PASS" start="2024-04-23T00:11:03.215892" elapsed="0.063751"/>
</kw>
<kw name="Select Checkbox" owner="SeleniumLibrary">
<msg time="2024-04-23T00:11:03.280222" level="INFO">Selecting checkbox 'id=administrador'.</msg>
<arg>id=administrador</arg>
<doc>Selects the checkbox identified by ``locator``.</doc>
<status status="PASS" start="2024-04-23T00:11:03.279947" elapsed="0.050420"/>
</kw>
<kw name="Set Suite Variable" owner="BuiltIn">
<msg time="2024-04-23T00:11:03.331058" level="INFO">${name} = Cynthia Fisher</msg>
<arg>${name}</arg>
<doc>Makes a variable available everywhere within the scope of the current suite.</doc>
<status status="PASS" start="2024-04-23T00:11:03.330688" elapsed="0.000425"/>
</kw>
<kw name="Set Suite Variable" owner="BuiltIn">
<msg time="2024-04-23T00:11:03.331554" level="INFO">${email} = trevor93@example.org</msg>
<arg>${email}</arg>
<doc>Makes a variable available everywhere within the scope of the current suite.</doc>
<status status="PASS" start="2024-04-23T00:11:03.331340" elapsed="0.000259"/>
</kw>
<kw name="Set Suite Variable" owner="BuiltIn">
<msg time="2024-04-23T00:11:03.331950" level="INFO">${password} = sjU8xiBs4TkY</msg>
<arg>${password}</arg>
<doc>Makes a variable available everywhere within the scope of the current suite.</doc>
<status status="PASS" start="2024-04-23T00:11:03.331747" elapsed="0.000247"/>
</kw>
<status status="PASS" start="2024-04-23T00:11:03.037589" elapsed="0.294492"/>
</kw>
<kw name="When I click in signup" owner="test_keywords_signup">
<kw name="Click Button" owner="SeleniumLibrary">
<msg time="2024-04-23T00:11:03.332782" level="INFO">Clicking button 'css=.btn.btn-primary'.</msg>
<arg>css=.btn.btn-primary</arg>
<doc>Clicks the button identified by ``locator``.</doc>
<status status="PASS" start="2024-04-23T00:11:03.332580" elapsed="0.048733"/>
</kw>
<status status="PASS" start="2024-04-23T00:11:03.332278" elapsed="0.049186"/>
</kw>
<kw name="Then the page should contain the text &quot;Cadastro realizado com sucesso&quot;" owner="test_keywords_signup" source_name="Then the page should contain the text &quot;${expected_text}&quot;">
<kw name="Wait Until Element Is Visible" owner="SeleniumLibrary">
<arg>css=.alert-dismissible</arg>
<arg>timeout=10s</arg>
<doc>Waits until the element ``locator`` is visible.</doc>
<status status="PASS" start="2024-04-23T00:11:03.382186" elapsed="0.221440"/>
</kw>
<kw name="Element Should Be Visible" owner="SeleniumLibrary">
<msg time="2024-04-23T00:11:03.615391" level="INFO">Element 'css=.alert-dismissible' is displayed.</msg>
<arg>css=.alert-dismissible</arg>
<doc>Verifies that the element identified by ``locator`` is visible.</doc>
<status status="PASS" start="2024-04-23T00:11:03.603944" elapsed="0.011544"/>
</kw>
<kw name="Page Should Contain" owner="SeleniumLibrary">
<msg time="2024-04-23T00:11:03.625196" level="INFO">Current page contains text 'Cadastro realizado com sucesso'.</msg>
<arg>${expected_text}</arg>
<doc>Verifies that current page contains ``text``.</doc>
<status status="PASS" start="2024-04-23T00:11:03.615721" elapsed="0.009550"/>
</kw>
<status status="PASS" start="2024-04-23T00:11:03.381744" elapsed="0.243635"/>
</kw>
<kw name="After Tests" owner="test_keywords_common" type="TEARDOWN">
<kw name="Close Browser" owner="SeleniumLibrary">
<doc>Closes the current browser.</doc>
<status status="PASS" start="2024-04-23T00:11:03.626144" elapsed="0.063274"/>
</kw>
<status status="PASS" start="2024-04-23T00:11:03.625743" elapsed="0.063838"/>
</kw>
<tag>e2e</tag>
<status status="PASS" start="2024-04-23T00:11:02.189484" elapsed="1.500184"/>
</test>
<test id="s1-s2-s1-t3" name="Scenario: Signup with already used email" line="23">
<kw name="Before Tests" owner="test_keywords_common" type="SETUP">
<kw name="Open Browser" owner="SeleniumLibrary">
<msg time="2024-04-23T00:11:03.691504" level="INFO">Opening browser 'headless Chrome' to base url 'https://front.serverest.dev/'.</msg>
<arg>${SERVER_BASE_URL}</arg>
<arg>${HEADLESS} ${BROWSER}</arg>
<doc>Opens a new browser instance to the optional ``url``.</doc>
<status status="PASS" start="2024-04-23T00:11:03.691191" elapsed="0.552914"/>
</kw>
<kw name="Maximize Browser Window" owner="SeleniumLibrary">
<doc>Maximizes current browser window.</doc>
<status status="PASS" start="2024-04-23T00:11:04.244936" elapsed="0.134371"/>
</kw>
<status status="PASS" start="2024-04-23T00:11:03.690832" elapsed="0.688746"/>
</kw>
<kw name="Given Im on the signup page" owner="test_keywords_signup">
<kw name="Location Should Be" owner="SeleniumLibrary">
<msg time="2024-04-23T00:11:04.385153" level="INFO">Current location is 'https://front.serverest.dev/login'.</msg>
<arg>https://front.serverest.dev/login</arg>
<doc>Verifies that the current URL is exactly ``url``.</doc>
<status status="PASS" start="2024-04-23T00:11:04.380742" elapsed="0.004527"/>
</kw>
<kw name="Click Element" owner="SeleniumLibrary">
<msg time="2024-04-23T00:11:04.385900" level="INFO">Clicking element 'css=a.btn.btn-link'.</msg>
<arg>css=a.btn.btn-link</arg>
<doc>Click the element identified by ``locator``.</doc>
<status status="PASS" start="2024-04-23T00:11:04.385537" elapsed="0.119999"/>
</kw>
<status status="PASS" start="2024-04-23T00:11:04.380120" elapsed="0.125663"/>
</kw>
<kw name="And I fill in the signup fields with an email already registered" owner="test_keywords_signup">
<kw name="Input Text" owner="SeleniumLibrary">
<msg time="2024-04-23T00:11:04.507203" level="INFO">Typing text 'Cynthia Fisher' into text field 'id:nome'.</msg>
<arg>id:nome</arg>
<arg>${name}</arg>
<doc>Types the given ``text`` into the text field identified by ``locator``.</doc>
<status status="PASS" start="2024-04-23T00:11:04.506762" elapsed="0.087026"/>
</kw>
<kw name="Input Text" owner="SeleniumLibrary">
<msg time="2024-04-23T00:11:04.594533" level="INFO">Typing text 'trevor93@example.org' into text field 'id:email'.</msg>
<arg>id:email</arg>
<arg>${email}</arg>
<doc>Types the given ``text`` into the text field identified by ``locator``.</doc>
<status status="PASS" start="2024-04-23T00:11:04.594149" elapsed="0.073361"/>
</kw>
<kw name="Input Text" owner="SeleniumLibrary">
<msg time="2024-04-23T00:11:04.668170" level="INFO">Typing text 'sjU8xiBs4TkY' into text field 'id:password'.</msg>
<arg>id:password</arg>
<arg>${password}</arg>
<doc>Types the given ``text`` into the text field identified by ``locator``.</doc>
<status status="PASS" start="2024-04-23T00:11:04.667825" elapsed="0.062302"/>
</kw>
<kw name="Select Checkbox" owner="SeleniumLibrary">
<msg time="2024-04-23T00:11:04.730707" level="INFO">Selecting checkbox 'id=administrador'.</msg>
<arg>id=administrador</arg>
<doc>Selects the checkbox identified by ``locator``.</doc>
<status status="PASS" start="2024-04-23T00:11:04.730430" elapsed="0.050848"/>
</kw>
<status status="PASS" start="2024-04-23T00:11:04.506201" elapsed="0.275252"/>
</kw>
<kw name="When I click in signup" owner="test_keywords_signup">
<kw name="Click Button" owner="SeleniumLibrary">
<msg time="2024-04-23T00:11:04.782366" level="INFO">Clicking button 'css=.btn.btn-primary'.</msg>
<arg>css=.btn.btn-primary</arg>
<doc>Clicks the button identified by ``locator``.</doc>
<status status="PASS" start="2024-04-23T00:11:04.782138" elapsed="0.045153"/>
</kw>
<status status="PASS" start="2024-04-23T00:11:04.781725" elapsed="0.045711"/>
</kw>
<kw name="Then the page should contain the text &quot;Este email já está sendo usado&quot;" owner="test_keywords_signup" source_name="Then the page should contain the text &quot;${expected_text}&quot;">
<kw name="Wait Until Element Is Visible" owner="SeleniumLibrary">
<arg>css=.alert-dismissible</arg>
<arg>timeout=10s</arg>
<doc>Waits until the element ``locator`` is visible.</doc>
<status status="PASS" start="2024-04-23T00:11:04.828120" elapsed="0.220850"/>
</kw>
<kw name="Element Should Be Visible" owner="SeleniumLibrary">
<msg time="2024-04-23T00:11:05.060085" level="INFO">Element 'css=.alert-dismissible' is displayed.</msg>
<arg>css=.alert-dismissible</arg>
<doc>Verifies that the element identified by ``locator`` is visible.</doc>
<status status="PASS" start="2024-04-23T00:11:05.049273" elapsed="0.010884"/>
</kw>
<kw name="Page Should Contain" owner="SeleniumLibrary">
<msg time="2024-04-23T00:11:05.070680" level="INFO">Current page contains text 'Este email já está sendo usado'.</msg>
<arg>${expected_text}</arg>
<doc>Verifies that current page contains ``text``.</doc>
<status status="PASS" start="2024-04-23T00:11:05.060332" elapsed="0.010418"/>
</kw>
<status status="PASS" start="2024-04-23T00:11:04.827725" elapsed="0.243124"/>
</kw>
<kw name="After Tests" owner="test_keywords_common" type="TEARDOWN">
<kw name="Close Browser" owner="SeleniumLibrary">
<doc>Closes the current browser.</doc>
<status status="PASS" start="2024-04-23T00:11:05.071513" elapsed="0.062387"/>
</kw>
<status status="PASS" start="2024-04-23T00:11:05.071179" elapsed="0.063550"/>
</kw>
<tag>e2e</tag>
<status status="PASS" start="2024-04-23T00:11:03.690259" elapsed="1.444579"/>
</test>
<status status="PASS" start="2024-04-23T00:10:59.687872" elapsed="5.447667"/>
</suite>
<status status="PASS" start="2024-04-23T00:10:59.686479" elapsed="5.449897"/>
</suite>
<status status="PASS" start="2024-04-23T00:10:58.351736" elapsed="6.785355"/>
</suite>
<statistics>
<total>
<stat pass="8" fail="0" skip="0">All Tests</stat>
</total>
<tag>
<stat pass="5" fail="0" skip="0">api</stat>
<stat pass="3" fail="0" skip="0">e2e</stat>
</tag>
<suite>
<stat pass="8" fail="0" skip="0" id="s1" name="Tests">Tests</stat>
<stat pass="5" fail="0" skip="0" id="s1-s1" name="Api">Tests.Api</stat>
<stat pass="5" fail="0" skip="0" id="s1-s1-s1" name="Test Api Users">Tests.Api.Test Api Users</stat>
<stat pass="3" fail="0" skip="0" id="s1-s2" name="E2E">Tests.E2E</stat>
<stat pass="3" fail="0" skip="0" id="s1-s2-s1" name="Test Ui Signup">Tests.E2E.Test Ui Signup</stat>
</suite>
</statistics>
<errors>
</errors>
</robot>
