<?xml version="1.0" encoding="UTF-8"?>
<robot generator="Robot 6.0.2 (Python 3.8.16 on linux)" generated="20230526 21:08:33.466" rpa="false" schemaversion="3">
<suite id="s1" name="Tests" source="/home/runner/work/gen-ai-robot-test/gen-ai-robot-test/tests">
<suite id="s1-s1" name="Api" source="/home/runner/work/gen-ai-robot-test/gen-ai-robot-test/tests/api">
<suite id="s1-s1-s1" name="Test Api Users" source="/home/runner/work/gen-ai-robot-test/gen-ai-robot-test/tests/api/test_api_users.robot">
<test id="s1-s1-s1-t1" name="Scenario: Get all registered users" line="9">
<kw name="Before Tests" library="test_keywords_common" type="SETUP">
<kw name="Create Session" library="RequestsLibrary">
<arg>serverest</arg>
<arg>${SERVER_BASE_URL}</arg>
<arg>disable_warnings=True</arg>
<doc>Create Session: create a HTTP session to a server</doc>
<msg timestamp="20230526 21:08:34.139" level="INFO">Creating Session using : alias=serverest, url=https://serverest.dev, headers={},                     cookies={}, auth=None, timeout=None, proxies=None, verify=False,                     debug=0 </msg>
<status status="PASS" starttime="20230526 21:08:34.139" endtime="20230526 21:08:34.140"/>
</kw>
<status status="PASS" starttime="20230526 21:08:34.139" endtime="20230526 21:08:34.140"/>
</kw>
<kw name="When I request the list of all registered users" library="test_keywords_users">
<kw name="GET On Session" library="RequestsLibrary">
<var>${response}</var>
<arg>serverest</arg>
<arg>${USERS_API_ENDPOINT}</arg>
<doc>Sends a GET request on a previously created HTTP Session.</doc>
<msg timestamp="20230526 21:08:34.280" level="INFO">GET Request : url=https://serverest.dev/usuarios 
 path_url=/usuarios 
 headers={'User-Agent': 'python-requests/2.31.0', 'Accept-Encoding': 'gzip, deflate', 'Accept': '*/*', 'Connection': 'keep-alive'} 
 body=None 
 </msg>
<msg timestamp="20230526 21:08:34.280" level="INFO">GET Response : url=https://serverest.dev/usuarios 
 status=200, reason=OK 
 headers={'access-control-allow-origin': '*', 'x-dns-prefetch-control': 'off', 'x-frame-options': 'SAMEORIGIN', 'strict-transport-security': 'max-age=15552000; includeSubDomains', 'x-download-options': 'noopen', 'x-content-type-options': 'nosniff', 'x-xss-protection': '1; mode=block', 'x-moesif-transaction-id': '25726523-4c9d-4843-ba9c-a913fb564edc', 'content-type': 'application/json; charset=utf-8', 'X-Cloud-Trace-Context': '643e211df4bd6b09fa2cea108ad766f4;o=1', 'Date': 'Fri, 26 May 2023 21:08:34 GMT', 'Server': 'Google Frontend', 'Content-Length': '3080'} 
 body={
    "quantidade": 14,
    "usuarios": [
        {
            "nome": "Fulano da Silva",
            "email": "fulano@qa.com",
            "password": "teste",
            "administrador": "true",
            "_id": "0uxuPY0cbmQhpEz1"
        },
        {
            "nome": "Nichole White",
            "email": "garciastephen@example.com",
            "password": "mSEXXw1MQ1q2",
            "administrador": "true",
            "_id": "8DygXGzSxgFKifQv"
        },
        {
            "nome": "Carol Smith",
            "email": "yguzman@example.com",
            "password": "Z8OOhg3tOyqQ",
            "administrador": "true",
            "_id": "HXPaxOE28NFgzgJh"
        },
        {
            "nome": "Dillon Gibson",
            "email": "jeffreymitchell@example.com",
            "password": "P7jYMEnhP5om",
            "administrador": "true",
            "_id": "HzusPP4B294O7zVO"
        },
        {
            "nome": "Lisa Greene",
            "email": "john32@example.net",
            "password": "JXimtd1w7Jdd",
            "administrador": "true",
            "_id": "KJe5wBwnfCR2mWW3"
        },
        {
            "nome": "Lawrence Hanson",
            "email": "michelle11@example.org",
            "password": "7feQ4sbxy6Ie",
            "administrador": "true",
            "_id": "MgBVcaaQYuq5SEYk"
        },
        {
            "nome": "sadas",
            "email": "mill2@mil.com",
            "password": "123",
            "administrador": "true",
            "_id": "OvyYUousDsG4JYeX"
        },
        {
            "nome": "Mr. Matthew Collins",
            "email": "wanglauren@example.org",
            "password": "xIuLyrW2E8fs",
            "administrador": "true",
            "_id": "Pd9cZNjcG1eWfUMQ"
        },
        {
            "nome": "Cody Valentine",
            "email": "todd72@example.org",
            "password": "do58Eoup2qUy",
            "administrador": "true",
            "_id": "T2V5t8ZpKz0PTqGQ"
        },
        {
            "nome": "Brendan George",
            "email": "leslie86@example.com",
            "password": "1GiqcZl305aG",
            "administrador": "true",
            "_id": "TMKqdrqnRTNFOyht"
        },
        {
            "nome": "Hayley Byrd",
            "email": "kimberlymartin@example.com",
            "password": "q78F3X1rG3oF",
            "administrador": "true",
            "_id": "bLBFKECXSYeoPEjz"
        },
        {
            "nome": "Sheila Esparza",
            "email": "ycarter@example.org",
            "password": "gX9w2NckaW0K",
            "administrador": "true",
            "_id": "jSiHSVUpLmNpts8M"
        },
        {
            "nome": "Juan Reese",
            "email": "stephen03@example.com",
            "password": "STxJqTlLO5Ok",
            "administrador": "true",
            "_id": "v1MH0Jry6qPgJ0Gd"
        },
        {
            "nome": "Kyle Cooper",
            "email": "yflores@example.org",
            "password": "k7JpINT2Qek2",
            "administrador": "true",
            "_id": "vbb2T2tN8byhWgGI"
        }
    ]
} 
 </msg>
<msg timestamp="20230526 21:08:34.280" level="INFO">${response} = &lt;Response [200]&gt;</msg>
<status status="PASS" starttime="20230526 21:08:34.140" endtime="20230526 21:08:34.280"/>
</kw>
<kw name="Set Test Variable" library="BuiltIn">
<arg>${response}</arg>
<doc>Makes a variable available everywhere within the scope of the current test.</doc>
<msg timestamp="20230526 21:08:34.280" level="INFO">${response} = &lt;Response [200]&gt;</msg>
<status status="PASS" starttime="20230526 21:08:34.280" endtime="20230526 21:08:34.280"/>
</kw>
<status status="PASS" starttime="20230526 21:08:34.140" endtime="20230526 21:08:34.281"/>
</kw>
<kw name="Then the response status code should be 201" library="test_keywords_users" sourcename="Then the response status code should be ${status_code}">
<kw name="Should Be Equal As Numbers" library="BuiltIn">
<arg>${response.status_code}</arg>
<arg>${status_code}</arg>
<doc>Fails if objects are unequal after converting them to real numbers.</doc>
<msg timestamp="20230526 21:08:34.282" level="INFO">Argument types are:
&lt;class 'int'&gt;
&lt;class 'str'&gt;</msg>
<msg timestamp="20230526 21:08:34.282" level="FAIL">200.0 != 201.0</msg>
<status status="FAIL" starttime="20230526 21:08:34.281" endtime="20230526 21:08:34.282"/>
</kw>
<kw name="Should Be True" library="BuiltIn">
<arg>${response.json()}</arg>
<doc>Fails if the given condition is not true.</doc>
<status status="NOT RUN" starttime="20230526 21:08:34.282" endtime="20230526 21:08:34.282"/>
</kw>
<status status="FAIL" starttime="20230526 21:08:34.281" endtime="20230526 21:08:34.282"/>
</kw>
<kw name="And the response body should not be empty" library="test_keywords_users">
<status status="NOT RUN" starttime="20230526 21:08:34.282" endtime="20230526 21:08:34.282"/>
</kw>
<tag>api</tag>
<status status="FAIL" starttime="20230526 21:08:34.138" endtime="20230526 21:08:34.283">200.0 != 201.0</status>
</test>
<test id="s1-s1-s1-t2" name="Scenario: Create a new user" line="15">
<kw name="Before Tests" library="test_keywords_common" type="SETUP">
<kw name="Create Session" library="RequestsLibrary">
<arg>serverest</arg>
<arg>${SERVER_BASE_URL}</arg>
<arg>disable_warnings=True</arg>
<doc>Create Session: create a HTTP session to a server</doc>
<msg timestamp="20230526 21:08:34.284" level="INFO">Creating Session using : alias=serverest, url=https://serverest.dev, headers={},                     cookies={}, auth=None, timeout=None, proxies=None, verify=False,                     debug=0 </msg>
<status status="PASS" starttime="20230526 21:08:34.284" endtime="20230526 21:08:34.284"/>
</kw>
<status status="PASS" starttime="20230526 21:08:34.283" endtime="20230526 21:08:34.284"/>
</kw>
<kw name="Given I have a valid user data" library="test_keywords_users">
<kw name="Name" library="FakerLibrary">
<var>${name}</var>
<doc>:example 'John Doe'</doc>
<msg timestamp="20230526 21:08:34.285" level="INFO">${name} = Justin Williamson</msg>
<status status="PASS" starttime="20230526 21:08:34.285" endtime="20230526 21:08:34.285"/>
</kw>
<kw name="Email" library="FakerLibrary">
<var>${email}</var>
<msg timestamp="20230526 21:08:34.286" level="INFO">${email} = jensenmary@example.com</msg>
<status status="PASS" starttime="20230526 21:08:34.285" endtime="20230526 21:08:34.286"/>
</kw>
<kw name="Password" library="FakerLibrary">
<var>${password}</var>
<arg>length=12</arg>
<arg>special_chars=False</arg>
<doc>Generate a random password of the specified ``length``.</doc>
<msg timestamp="20230526 21:08:34.286" level="INFO">${password} = 9TpKZKg62P7d</msg>
<status status="PASS" starttime="20230526 21:08:34.286" endtime="20230526 21:08:34.286"/>
</kw>
<kw name="Set Suite Variable" library="BuiltIn">
<arg>${name}</arg>
<doc>Makes a variable available everywhere within the scope of the current suite.</doc>
<msg timestamp="20230526 21:08:34.287" level="INFO">${name} = Justin Williamson</msg>
<status status="PASS" starttime="20230526 21:08:34.286" endtime="20230526 21:08:34.287"/>
</kw>
<kw name="Set Suite Variable" library="BuiltIn">
<arg>${email}</arg>
<doc>Makes a variable available everywhere within the scope of the current suite.</doc>
<msg timestamp="20230526 21:08:34.287" level="INFO">${email} = jensenmary@example.com</msg>
<status status="PASS" starttime="20230526 21:08:34.287" endtime="20230526 21:08:34.287"/>
</kw>
<kw name="Set Suite Variable" library="BuiltIn">
<arg>${password}</arg>
<doc>Makes a variable available everywhere within the scope of the current suite.</doc>
<msg timestamp="20230526 21:08:34.287" level="INFO">${password} = 9TpKZKg62P7d</msg>
<status status="PASS" starttime="20230526 21:08:34.287" endtime="20230526 21:08:34.287"/>
</kw>
<status status="PASS" starttime="20230526 21:08:34.285" endtime="20230526 21:08:34.287"/>
</kw>
<kw name="When I create the user" library="test_keywords_users">
<kw name="Create Dictionary" library="BuiltIn">
<var>${payload}</var>
<arg>nome=${name}</arg>
<arg>email=${email}</arg>
<arg>password=${password}</arg>
<arg>administrador=false</arg>
<doc>Creates and returns a dictionary based on the given ``items``.</doc>
<msg timestamp="20230526 21:08:34.288" level="INFO">${payload} = {'nome': 'Justin Williamson', 'email': 'jensenmary@example.com', 'password': '9TpKZKg62P7d', 'administrador': 'false'}</msg>
<status status="PASS" starttime="20230526 21:08:34.288" endtime="20230526 21:08:34.288"/>
</kw>
<kw name="Create Dictionary" library="BuiltIn">
<var>${headers}</var>
<arg>Content-Type=application/json</arg>
<doc>Creates and returns a dictionary based on the given ``items``.</doc>
<msg timestamp="20230526 21:08:34.289" level="INFO">${headers} = {'Content-Type': 'application/json'}</msg>
<status status="PASS" starttime="20230526 21:08:34.289" endtime="20230526 21:08:34.289"/>
</kw>
<kw name="POST On Session" library="RequestsLibrary">
<var>${response}</var>
<arg>serverest</arg>
<arg>${USERS_API_ENDPOINT}</arg>
<arg>json=${payload}</arg>
<arg>headers=${headers}</arg>
<doc>Sends a POST request on a previously created HTTP Session.</doc>
<msg timestamp="20230526 21:08:34.367" level="INFO">POST Request : url=https://serverest.dev/usuarios 
 path_url=/usuarios 
 headers={'User-Agent': 'python-requests/2.31.0', 'Accept-Encoding': 'gzip, deflate', 'Accept': '*/*', 'Connection': 'keep-alive', 'Content-Type': 'application/json', 'Content-Length': '118'} 
 body=b'{"nome": "Justin Williamson", "email": "jensenmary@example.com", "password": "9TpKZKg62P7d", "administrador": "false"}' 
 </msg>
<msg timestamp="20230526 21:08:34.367" level="INFO">POST Response : url=https://serverest.dev/usuarios 
 status=201, reason=Created 
 headers={'access-control-allow-origin': '*', 'x-dns-prefetch-control': 'off', 'x-frame-options': 'SAMEORIGIN', 'strict-transport-security': 'max-age=15552000; includeSubDomains', 'x-download-options': 'noopen', 'x-content-type-options': 'nosniff', 'x-xss-protection': '1; mode=block', 'x-moesif-transaction-id': '79150751-628a-411b-8837-6cbbe9a2320f', 'content-type': 'application/json; charset=utf-8', 'X-Cloud-Trace-Context': '4878a4cdb17ca1c8482a0c40a7350568', 'Date': 'Fri, 26 May 2023 21:08:34 GMT', 'Server': 'Google Frontend', 'Content-Length': '82'} 
 body={
    "message": "Cadastro realizado com sucesso",
    "_id": "OKWymifA7RwBeD61"
} 
 </msg>
<msg timestamp="20230526 21:08:34.367" level="INFO">${response} = &lt;Response [201]&gt;</msg>
<status status="PASS" starttime="20230526 21:08:34.289" endtime="20230526 21:08:34.367"/>
</kw>
<kw name="Set Variable" library="BuiltIn">
<var>${user_id}</var>
<arg>${response.json()['_id']}</arg>
<doc>Returns the given values which can then be assigned to a variables.</doc>
<msg timestamp="20230526 21:08:34.368" level="INFO">${user_id} = OKWymifA7RwBeD61</msg>
<status status="PASS" starttime="20230526 21:08:34.367" endtime="20230526 21:08:34.368"/>
</kw>
<kw name="Set Global Variable" library="BuiltIn">
<arg>${USER_ID}</arg>
<arg>${user_id}</arg>
<doc>Makes a variable available globally in all tests and suites.</doc>
<msg timestamp="20230526 21:08:34.368" level="INFO">${USER_ID} = OKWymifA7RwBeD61</msg>
<status status="PASS" starttime="20230526 21:08:34.368" endtime="20230526 21:08:34.368"/>
</kw>
<kw name="Set Test Variable" library="BuiltIn">
<arg>${response}</arg>
<doc>Makes a variable available everywhere within the scope of the current test.</doc>
<msg timestamp="20230526 21:08:34.369" level="INFO">${response} = &lt;Response [201]&gt;</msg>
<status status="PASS" starttime="20230526 21:08:34.368" endtime="20230526 21:08:34.369"/>
</kw>
<status status="PASS" starttime="20230526 21:08:34.288" endtime="20230526 21:08:34.369"/>
</kw>
<kw name="Then the response status code should be 201" library="test_keywords_users" sourcename="Then the response status code should be ${status_code}">
<kw name="Should Be Equal As Numbers" library="BuiltIn">
<arg>${response.status_code}</arg>
<arg>${status_code}</arg>
<doc>Fails if objects are unequal after converting them to real numbers.</doc>
<msg timestamp="20230526 21:08:34.370" level="INFO">Argument types are:
&lt;class 'int'&gt;
&lt;class 'str'&gt;</msg>
<status status="PASS" starttime="20230526 21:08:34.369" endtime="20230526 21:08:34.370"/>
</kw>
<kw name="Should Be True" library="BuiltIn">
<arg>${response.json()}</arg>
<doc>Fails if the given condition is not true.</doc>
<status status="PASS" starttime="20230526 21:08:34.370" endtime="20230526 21:08:34.371"/>
</kw>
<status status="PASS" starttime="20230526 21:08:34.369" endtime="20230526 21:08:34.371"/>
</kw>
<kw name="And the response body should not be empty" library="test_keywords_users">
<kw name="Should Not Be Empty" library="BuiltIn">
<arg>${response.json()}</arg>
<doc>Verifies that the given item is not empty.</doc>
<msg timestamp="20230526 21:08:34.372" level="INFO">Length is 2</msg>
<status status="PASS" starttime="20230526 21:08:34.371" endtime="20230526 21:08:34.372"/>
</kw>
<status status="PASS" starttime="20230526 21:08:34.371" endtime="20230526 21:08:34.372"/>
</kw>
<tag>api</tag>
<status status="PASS" starttime="20230526 21:08:34.283" endtime="20230526 21:08:34.372"/>
</test>
<test id="s1-s1-s1-t3" name="Scenario: Get a specific user informations" line="22">
<kw name="Before Tests" library="test_keywords_common" type="SETUP">
<kw name="Create Session" library="RequestsLibrary">
<arg>serverest</arg>
<arg>${SERVER_BASE_URL}</arg>
<arg>disable_warnings=True</arg>
<doc>Create Session: create a HTTP session to a server</doc>
<msg timestamp="20230526 21:08:34.373" level="INFO">Creating Session using : alias=serverest, url=https://serverest.dev, headers={},                     cookies={}, auth=None, timeout=None, proxies=None, verify=False,                     debug=0 </msg>
<status status="PASS" starttime="20230526 21:08:34.373" endtime="20230526 21:08:34.374"/>
</kw>
<status status="PASS" starttime="20230526 21:08:34.373" endtime="20230526 21:08:34.374"/>
</kw>
<kw name="When I request the created user" library="test_keywords_users">
<kw name="GET On Session" library="RequestsLibrary">
<var>${response}</var>
<arg>serverest</arg>
<arg>${USERS_API_ENDPOINT}/${USER_ID}</arg>
<doc>Sends a GET request on a previously created HTTP Session.</doc>
<msg timestamp="20230526 21:08:34.450" level="INFO">GET Request : url=https://serverest.dev/usuarios/OKWymifA7RwBeD61 
 path_url=/usuarios/OKWymifA7RwBeD61 
 headers={'User-Agent': 'python-requests/2.31.0', 'Accept-Encoding': 'gzip, deflate', 'Accept': '*/*', 'Connection': 'keep-alive'} 
 body=None 
 </msg>
<msg timestamp="20230526 21:08:34.450" level="INFO">GET Response : url=https://serverest.dev/usuarios/OKWymifA7RwBeD61 
 status=200, reason=OK 
 headers={'access-control-allow-origin': '*', 'x-dns-prefetch-control': 'off', 'x-frame-options': 'SAMEORIGIN', 'strict-transport-security': 'max-age=15552000; includeSubDomains', 'x-download-options': 'noopen', 'x-content-type-options': 'nosniff', 'x-xss-protection': '1; mode=block', 'x-moesif-transaction-id': 'c11954c3-43e9-4cb8-ba1d-f13313cb4626', 'content-type': 'application/json; charset=utf-8', 'X-Cloud-Trace-Context': '2a4352ffcc3c82049ac3e4d4af63c1e6', 'Date': 'Fri, 26 May 2023 21:08:34 GMT', 'Server': 'Google Frontend', 'Content-Length': '167'} 
 body={
    "nome": "Justin Williamson",
    "email": "jensenmary@example.com",
    "password": "9TpKZKg62P7d",
    "administrador": "false",
    "_id": "OKWymifA7RwBeD61"
} 
 </msg>
<msg timestamp="20230526 21:08:34.451" level="INFO">${response} = &lt;Response [200]&gt;</msg>
<status status="PASS" starttime="20230526 21:08:34.374" endtime="20230526 21:08:34.451"/>
</kw>
<kw name="Set Test Variable" library="BuiltIn">
<arg>${response}</arg>
<doc>Makes a variable available everywhere within the scope of the current test.</doc>
<msg timestamp="20230526 21:08:34.451" level="INFO">${response} = &lt;Response [200]&gt;</msg>
<status status="PASS" starttime="20230526 21:08:34.451" endtime="20230526 21:08:34.451"/>
</kw>
<status status="PASS" starttime="20230526 21:08:34.374" endtime="20230526 21:08:34.451"/>
</kw>
<kw name="Then the response status code should be 200" library="test_keywords_users" sourcename="Then the response status code should be ${status_code}">
<kw name="Should Be Equal As Numbers" library="BuiltIn">
<arg>${response.status_code}</arg>
<arg>${status_code}</arg>
<doc>Fails if objects are unequal after converting them to real numbers.</doc>
<msg timestamp="20230526 21:08:34.452" level="INFO">Argument types are:
&lt;class 'int'&gt;
&lt;class 'str'&gt;</msg>
<status status="PASS" starttime="20230526 21:08:34.452" endtime="20230526 21:08:34.452"/>
</kw>
<kw name="Should Be True" library="BuiltIn">
<arg>${response.json()}</arg>
<doc>Fails if the given condition is not true.</doc>
<status status="PASS" starttime="20230526 21:08:34.452" endtime="20230526 21:08:34.453"/>
</kw>
<status status="PASS" starttime="20230526 21:08:34.451" endtime="20230526 21:08:34.453"/>
</kw>
<kw name="And the response body should not be empty" library="test_keywords_users">
<kw name="Should Not Be Empty" library="BuiltIn">
<arg>${response.json()}</arg>
<doc>Verifies that the given item is not empty.</doc>
<msg timestamp="20230526 21:08:34.454" level="INFO">Length is 5</msg>
<status status="PASS" starttime="20230526 21:08:34.453" endtime="20230526 21:08:34.454"/>
</kw>
<status status="PASS" starttime="20230526 21:08:34.453" endtime="20230526 21:08:34.454"/>
</kw>
<tag>api</tag>
<status status="PASS" starttime="20230526 21:08:34.372" endtime="20230526 21:08:34.454"/>
</test>
<test id="s1-s1-s1-t4" name="Scenario: Update the created user" line="28">
<kw name="Before Tests" library="test_keywords_common" type="SETUP">
<kw name="Create Session" library="RequestsLibrary">
<arg>serverest</arg>
<arg>${SERVER_BASE_URL}</arg>
<arg>disable_warnings=True</arg>
<doc>Create Session: create a HTTP session to a server</doc>
<msg timestamp="20230526 21:08:34.456" level="INFO">Creating Session using : alias=serverest, url=https://serverest.dev, headers={},                     cookies={}, auth=None, timeout=None, proxies=None, verify=False,                     debug=0 </msg>
<status status="PASS" starttime="20230526 21:08:34.455" endtime="20230526 21:08:34.456"/>
</kw>
<status status="PASS" starttime="20230526 21:08:34.455" endtime="20230526 21:08:34.456"/>
</kw>
<kw name="When I update the created user" library="test_keywords_users">
<kw name="Create Dictionary" library="BuiltIn">
<var>${payload}</var>
<arg>nome=John Smith</arg>
<arg>email=john.smith@example.com</arg>
<arg>password=P@ssw0rd123</arg>
<arg>administrador=false</arg>
<doc>Creates and returns a dictionary based on the given ``items``.</doc>
<msg timestamp="20230526 21:08:34.457" level="INFO">${payload} = {'nome': 'John Smith', 'email': 'john.smith@example.com', 'password': 'P@ssw0rd123', 'administrador': 'false'}</msg>
<status status="PASS" starttime="20230526 21:08:34.456" endtime="20230526 21:08:34.457"/>
</kw>
<kw name="Create Dictionary" library="BuiltIn">
<var>${headers}</var>
<arg>Content-Type=application/json</arg>
<doc>Creates and returns a dictionary based on the given ``items``.</doc>
<msg timestamp="20230526 21:08:34.457" level="INFO">${headers} = {'Content-Type': 'application/json'}</msg>
<status status="PASS" starttime="20230526 21:08:34.457" endtime="20230526 21:08:34.457"/>
</kw>
<kw name="PUT On Session" library="RequestsLibrary">
<var>${response}</var>
<arg>serverest</arg>
<arg>${USERS_API_ENDPOINT}/${USER_ID}</arg>
<arg>json=${payload}</arg>
<arg>headers=${headers}</arg>
<doc>Sends a PUT request on a previously created HTTP Session.</doc>
<msg timestamp="20230526 21:08:34.537" level="INFO">PUT Request : url=https://serverest.dev/usuarios/OKWymifA7RwBeD61 
 path_url=/usuarios/OKWymifA7RwBeD61 
 headers={'User-Agent': 'python-requests/2.31.0', 'Accept-Encoding': 'gzip, deflate', 'Accept': '*/*', 'Connection': 'keep-alive', 'Content-Type': 'application/json', 'Content-Length': '110'} 
 body=b'{"nome": "John Smith", "email": "john.smith@example.com", "password": "P@ssw0rd123", "administrador": "false"}' 
 </msg>
<msg timestamp="20230526 21:08:34.537" level="INFO">PUT Response : url=https://serverest.dev/usuarios/OKWymifA7RwBeD61 
 status=200, reason=OK 
 headers={'access-control-allow-origin': '*', 'x-dns-prefetch-control': 'off', 'x-frame-options': 'SAMEORIGIN', 'strict-transport-security': 'max-age=15552000; includeSubDomains', 'x-download-options': 'noopen', 'x-content-type-options': 'nosniff', 'x-xss-protection': '1; mode=block', 'x-moesif-transaction-id': '93fe2e0b-6b9f-4111-9532-2fc08baf2c69', 'content-type': 'application/json; charset=utf-8', 'X-Cloud-Trace-Context': 'b2c96f1555c575a4be01d6b7adde6813', 'Date': 'Fri, 26 May 2023 21:08:34 GMT', 'Server': 'Google Frontend', 'Content-Length': '50'} 
 body={
    "message": "Registro alterado com sucesso"
} 
 </msg>
<msg timestamp="20230526 21:08:34.538" level="INFO">${response} = &lt;Response [200]&gt;</msg>
<status status="PASS" starttime="20230526 21:08:34.457" endtime="20230526 21:08:34.538"/>
</kw>
<kw name="Set Test Variable" library="BuiltIn">
<arg>${response}</arg>
<doc>Makes a variable available everywhere within the scope of the current test.</doc>
<msg timestamp="20230526 21:08:34.538" level="INFO">${response} = &lt;Response [200]&gt;</msg>
<status status="PASS" starttime="20230526 21:08:34.538" endtime="20230526 21:08:34.538"/>
</kw>
<status status="PASS" starttime="20230526 21:08:34.456" endtime="20230526 21:08:34.538"/>
</kw>
<kw name="Then the response status code should be 200" library="test_keywords_users" sourcename="Then the response status code should be ${status_code}">
<kw name="Should Be Equal As Numbers" library="BuiltIn">
<arg>${response.status_code}</arg>
<arg>${status_code}</arg>
<doc>Fails if objects are unequal after converting them to real numbers.</doc>
<msg timestamp="20230526 21:08:34.539" level="INFO">Argument types are:
&lt;class 'int'&gt;
&lt;class 'str'&gt;</msg>
<status status="PASS" starttime="20230526 21:08:34.539" endtime="20230526 21:08:34.540"/>
</kw>
<kw name="Should Be True" library="BuiltIn">
<arg>${response.json()}</arg>
<doc>Fails if the given condition is not true.</doc>
<status status="PASS" starttime="20230526 21:08:34.540" endtime="20230526 21:08:34.540"/>
</kw>
<status status="PASS" starttime="20230526 21:08:34.538" endtime="20230526 21:08:34.540"/>
</kw>
<kw name="And the response body should not be empty" library="test_keywords_users">
<kw name="Should Not Be Empty" library="BuiltIn">
<arg>${response.json()}</arg>
<doc>Verifies that the given item is not empty.</doc>
<msg timestamp="20230526 21:08:34.541" level="INFO">Length is 1</msg>
<status status="PASS" starttime="20230526 21:08:34.541" endtime="20230526 21:08:34.541"/>
</kw>
<status status="PASS" starttime="20230526 21:08:34.540" endtime="20230526 21:08:34.542"/>
</kw>
<tag>api</tag>
<status status="PASS" starttime="20230526 21:08:34.455" endtime="20230526 21:08:34.542"/>
</test>
<test id="s1-s1-s1-t5" name="Scenario: Delete the created user" line="34">
<kw name="Before Tests" library="test_keywords_common" type="SETUP">
<kw name="Create Session" library="RequestsLibrary">
<arg>serverest</arg>
<arg>${SERVER_BASE_URL}</arg>
<arg>disable_warnings=True</arg>
<doc>Create Session: create a HTTP session to a server</doc>
<msg timestamp="20230526 21:08:34.543" level="INFO">Creating Session using : alias=serverest, url=https://serverest.dev, headers={},                     cookies={}, auth=None, timeout=None, proxies=None, verify=False,                     debug=0 </msg>
<status status="PASS" starttime="20230526 21:08:34.543" endtime="20230526 21:08:34.543"/>
</kw>
<status status="PASS" starttime="20230526 21:08:34.542" endtime="20230526 21:08:34.543"/>
</kw>
<kw name="When I delete the created user" library="test_keywords_users">
<kw name="DELETE On Session" library="RequestsLibrary">
<var>${response}</var>
<arg>serverest</arg>
<arg>${USERS_API_ENDPOINT}/${USER_ID}</arg>
<doc>Sends a DELETE request on a previously created HTTP Session.</doc>
<msg timestamp="20230526 21:08:34.620" level="INFO">DELETE Request : url=https://serverest.dev/usuarios/OKWymifA7RwBeD61 
 path_url=/usuarios/OKWymifA7RwBeD61 
 headers={'User-Agent': 'python-requests/2.31.0', 'Accept-Encoding': 'gzip, deflate', 'Accept': '*/*', 'Connection': 'keep-alive', 'Content-Length': '0'} 
 body=None 
 </msg>
<msg timestamp="20230526 21:08:34.620" level="INFO">DELETE Response : url=https://serverest.dev/usuarios/OKWymifA7RwBeD61 
 status=200, reason=OK 
 headers={'access-control-allow-origin': '*', 'x-dns-prefetch-control': 'off', 'x-frame-options': 'SAMEORIGIN', 'strict-transport-security': 'max-age=15552000; includeSubDomains', 'x-download-options': 'noopen', 'x-content-type-options': 'nosniff', 'x-xss-protection': '1; mode=block', 'x-moesif-transaction-id': '276a1609-b06c-45bb-a250-795e14d569e2', 'content-type': 'application/json; charset=utf-8', 'X-Cloud-Trace-Context': '97551991b9ac69f68b2bdf3b754fe7ad', 'Date': 'Fri, 26 May 2023 21:08:34 GMT', 'Server': 'Google Frontend', 'Content-Length': '51'} 
 body={
    "message": "Registro excluído com sucesso"
} 
 </msg>
<msg timestamp="20230526 21:08:34.620" level="INFO">${response} = &lt;Response [200]&gt;</msg>
<status status="PASS" starttime="20230526 21:08:34.544" endtime="20230526 21:08:34.620"/>
</kw>
<kw name="Set Test Variable" library="BuiltIn">
<arg>${response}</arg>
<doc>Makes a variable available everywhere within the scope of the current test.</doc>
<msg timestamp="20230526 21:08:34.621" level="INFO">${response} = &lt;Response [200]&gt;</msg>
<status status="PASS" starttime="20230526 21:08:34.620" endtime="20230526 21:08:34.621"/>
</kw>
<status status="PASS" starttime="20230526 21:08:34.543" endtime="20230526 21:08:34.621"/>
</kw>
<kw name="Then the response status code should be 200" library="test_keywords_users" sourcename="Then the response status code should be ${status_code}">
<kw name="Should Be Equal As Numbers" library="BuiltIn">
<arg>${response.status_code}</arg>
<arg>${status_code}</arg>
<doc>Fails if objects are unequal after converting them to real numbers.</doc>
<msg timestamp="20230526 21:08:34.622" level="INFO">Argument types are:
&lt;class 'int'&gt;
&lt;class 'str'&gt;</msg>
<status status="PASS" starttime="20230526 21:08:34.621" endtime="20230526 21:08:34.622"/>
</kw>
<kw name="Should Be True" library="BuiltIn">
<arg>${response.json()}</arg>
<doc>Fails if the given condition is not true.</doc>
<status status="PASS" starttime="20230526 21:08:34.622" endtime="20230526 21:08:34.623"/>
</kw>
<status status="PASS" starttime="20230526 21:08:34.621" endtime="20230526 21:08:34.623"/>
</kw>
<kw name="And the response body should not be empty" library="test_keywords_users">
<kw name="Should Not Be Empty" library="BuiltIn">
<arg>${response.json()}</arg>
<doc>Verifies that the given item is not empty.</doc>
<msg timestamp="20230526 21:08:34.624" level="INFO">Length is 1</msg>
<status status="PASS" starttime="20230526 21:08:34.623" endtime="20230526 21:08:34.624"/>
</kw>
<status status="PASS" starttime="20230526 21:08:34.623" endtime="20230526 21:08:34.624"/>
</kw>
<tag>api</tag>
<status status="PASS" starttime="20230526 21:08:34.542" endtime="20230526 21:08:34.624"/>
</test>
<status status="FAIL" starttime="20230526 21:08:33.486" endtime="20230526 21:08:34.625"/>
</suite>
<status status="FAIL" starttime="20230526 21:08:33.485" endtime="20230526 21:08:34.626"/>
</suite>
<suite id="s1-s2" name="Ui" source="/home/runner/work/gen-ai-robot-test/gen-ai-robot-test/tests/ui">
<suite id="s1-s2-s1" name="Test Ui Signup" source="/home/runner/work/gen-ai-robot-test/gen-ai-robot-test/tests/ui/test_ui_signup.robot">
<test id="s1-s2-s1-t1" name="Scenario: Signup with empty fields" line="10">
<kw name="Before Tests" library="test_keywords_common" type="SETUP">
<kw name="Open Browser" library="SeleniumLibrary">
<arg>${SERVER_BASE_URL}</arg>
<arg>${HEADLESS} ${BROWSER}</arg>
<doc>Opens a new browser instance to the optional ``url``.</doc>
<msg timestamp="20230526 21:08:34.636" level="INFO">Opening browser 'headless Chrome' to base url 'https://front.serverest.dev/'.</msg>
<status status="PASS" starttime="20230526 21:08:34.635" endtime="20230526 21:08:44.761"/>
</kw>
<kw name="Maximize Browser Window" library="SeleniumLibrary">
<doc>Maximizes current browser window.</doc>
<status status="PASS" starttime="20230526 21:08:44.762" endtime="20230526 21:08:44.891"/>
</kw>
<status status="PASS" starttime="20230526 21:08:34.635" endtime="20230526 21:08:44.891"/>
</kw>
<kw name="Given Im on the signup page" library="test_keywords_signup">
<kw name="Location Should Be" library="SeleniumLibrary">
<arg>https://front.serverest.dev/login</arg>
<doc>Verifies that the current URL is exactly ``url``.</doc>
<msg timestamp="20230526 21:08:44.896" level="INFO">Current location is 'https://front.serverest.dev/login'.</msg>
<status status="PASS" starttime="20230526 21:08:44.892" endtime="20230526 21:08:44.897"/>
</kw>
<kw name="Click Element" library="SeleniumLibrary">
<arg>css=a.btn.btn-link</arg>
<doc>Click the element identified by ``locator``.</doc>
<msg timestamp="20230526 21:08:44.898" level="INFO">Clicking element 'css=a.btn.btn-link'.</msg>
<status status="PASS" starttime="20230526 21:08:44.897" endtime="20230526 21:08:45.152"/>
</kw>
<status status="PASS" starttime="20230526 21:08:44.892" endtime="20230526 21:08:45.153"/>
</kw>
<kw name="When I click in signup" library="test_keywords_signup">
<kw name="Click Button" library="SeleniumLibrary">
<arg>css=.btn.btn-primary</arg>
<doc>Clicks the button identified by ``locator``.</doc>
<msg timestamp="20230526 21:08:45.154" level="INFO">Clicking button 'css=.btn.btn-primary'.</msg>
<status status="PASS" starttime="20230526 21:08:45.154" endtime="20230526 21:08:45.416"/>
</kw>
<status status="PASS" starttime="20230526 21:08:45.153" endtime="20230526 21:08:45.417"/>
</kw>
<kw name="Then required field messages should be displayed" library="test_keywords_signup">
<kw name="Wait Until Element Is Visible" library="SeleniumLibrary">
<arg>css=.alert-dismissible</arg>
<arg>timeout=10s</arg>
<doc>Waits until the element ``locator`` is visible.</doc>
<status status="PASS" starttime="20230526 21:08:45.417" endtime="20230526 21:08:45.649"/>
</kw>
<kw name="Element Should Be Visible" library="SeleniumLibrary">
<arg>css=.alert-dismissible</arg>
<doc>Verifies that the element identified by ``locator`` is visible.</doc>
<msg timestamp="20230526 21:08:45.667" level="INFO">Element 'css=.alert-dismissible' is displayed.</msg>
<status status="PASS" starttime="20230526 21:08:45.649" endtime="20230526 21:08:45.667"/>
</kw>
<kw name="Page Should Contain" library="SeleniumLibrary">
<arg>Nome é obrigatório</arg>
<doc>Verifies that current page contains ``text``.</doc>
<msg timestamp="20230526 21:08:45.707" level="INFO">Current page contains text 'Nome é obrigatório'.</msg>
<status status="PASS" starttime="20230526 21:08:45.667" endtime="20230526 21:08:45.707"/>
</kw>
<kw name="Page Should Contain" library="SeleniumLibrary">
<arg>Email é obrigatório</arg>
<doc>Verifies that current page contains ``text``.</doc>
<msg timestamp="20230526 21:08:45.720" level="INFO">Current page contains text 'Email é obrigatório'.</msg>
<status status="PASS" starttime="20230526 21:08:45.707" endtime="20230526 21:08:45.720"/>
</kw>
<kw name="Page Should Contain" library="SeleniumLibrary">
<arg>Password é obrigatório</arg>
<doc>Verifies that current page contains ``text``.</doc>
<msg timestamp="20230526 21:08:45.732" level="INFO">Current page contains text 'Password é obrigatório'.</msg>
<status status="PASS" starttime="20230526 21:08:45.720" endtime="20230526 21:08:45.733"/>
</kw>
<status status="PASS" starttime="20230526 21:08:45.417" endtime="20230526 21:08:45.733"/>
</kw>
<kw name="After Tests" library="test_keywords_common" type="TEARDOWN">
<kw name="Close Browser" library="SeleniumLibrary">
<doc>Closes the current browser.</doc>
<status status="PASS" starttime="20230526 21:08:45.733" endtime="20230526 21:08:45.789"/>
</kw>
<status status="PASS" starttime="20230526 21:08:45.733" endtime="20230526 21:08:45.789"/>
</kw>
<tag>ui</tag>
<status status="PASS" starttime="20230526 21:08:34.634" endtime="20230526 21:08:45.789"/>
</test>
<test id="s1-s2-s1-t2" name="Scenario: Signup done successfully" line="16">
<kw name="Before Tests" library="test_keywords_common" type="SETUP">
<kw name="Open Browser" library="SeleniumLibrary">
<arg>${SERVER_BASE_URL}</arg>
<arg>${HEADLESS} ${BROWSER}</arg>
<doc>Opens a new browser instance to the optional ``url``.</doc>
<msg timestamp="20230526 21:08:45.791" level="INFO">Opening browser 'headless Chrome' to base url 'https://front.serverest.dev/'.</msg>
<status status="PASS" starttime="20230526 21:08:45.790" endtime="20230526 21:08:47.126"/>
</kw>
<kw name="Maximize Browser Window" library="SeleniumLibrary">
<doc>Maximizes current browser window.</doc>
<status status="PASS" starttime="20230526 21:08:47.126" endtime="20230526 21:08:47.233"/>
</kw>
<status status="PASS" starttime="20230526 21:08:45.790" endtime="20230526 21:08:47.233"/>
</kw>
<kw name="Given Im on the signup page" library="test_keywords_signup">
<kw name="Location Should Be" library="SeleniumLibrary">
<arg>https://front.serverest.dev/login</arg>
<doc>Verifies that the current URL is exactly ``url``.</doc>
<msg timestamp="20230526 21:08:47.240" level="INFO">Current location is 'https://front.serverest.dev/login'.</msg>
<status status="PASS" starttime="20230526 21:08:47.234" endtime="20230526 21:08:47.240"/>
</kw>
<kw name="Click Element" library="SeleniumLibrary">
<arg>css=a.btn.btn-link</arg>
<doc>Click the element identified by ``locator``.</doc>
<msg timestamp="20230526 21:08:47.241" level="INFO">Clicking element 'css=a.btn.btn-link'.</msg>
<status status="PASS" starttime="20230526 21:08:47.240" endtime="20230526 21:08:47.295"/>
</kw>
<status status="PASS" starttime="20230526 21:08:47.233" endtime="20230526 21:08:47.295"/>
</kw>
<kw name="And I fill in the signup fields with valid data" library="test_keywords_signup">
<kw name="Name" library="FakerLibrary">
<var>${name}</var>
<doc>:example 'John Doe'</doc>
<msg timestamp="20230526 21:08:47.296" level="INFO">${name} = Terry Buchanan</msg>
<status status="PASS" starttime="20230526 21:08:47.295" endtime="20230526 21:08:47.296"/>
</kw>
<kw name="Email" library="FakerLibrary">
<var>${email}</var>
<msg timestamp="20230526 21:08:47.297" level="INFO">${email} = jacobanderson@example.com</msg>
<status status="PASS" starttime="20230526 21:08:47.296" endtime="20230526 21:08:47.297"/>
</kw>
<kw name="Password" library="FakerLibrary">
<var>${password}</var>
<arg>length=12</arg>
<arg>special_chars=False</arg>
<doc>Generate a random password of the specified ``length``.</doc>
<msg timestamp="20230526 21:08:47.297" level="INFO">${password} = eg4zJyPl4QnT</msg>
<status status="PASS" starttime="20230526 21:08:47.297" endtime="20230526 21:08:47.297"/>
</kw>
<kw name="Input Text" library="SeleniumLibrary">
<arg>id:nome</arg>
<arg>${name}</arg>
<doc>Types the given ``text`` into the text field identified by ``locator``.</doc>
<msg timestamp="20230526 21:08:47.298" level="INFO">Typing text 'Terry Buchanan' into text field 'id:nome'.</msg>
<status status="PASS" starttime="20230526 21:08:47.297" endtime="20230526 21:08:47.501"/>
</kw>
<kw name="Input Text" library="SeleniumLibrary">
<arg>id:email</arg>
<arg>${email}</arg>
<doc>Types the given ``text`` into the text field identified by ``locator``.</doc>
<msg timestamp="20230526 21:08:47.502" level="INFO">Typing text 'jacobanderson@example.com' into text field 'id:email'.</msg>
<status status="PASS" starttime="20230526 21:08:47.501" endtime="20230526 21:08:47.629"/>
</kw>
<kw name="Input Text" library="SeleniumLibrary">
<arg>id:password</arg>
<arg>${password}</arg>
<doc>Types the given ``text`` into the text field identified by ``locator``.</doc>
<msg timestamp="20230526 21:08:47.629" level="INFO">Typing text 'eg4zJyPl4QnT' into text field 'id:password'.</msg>
<status status="PASS" starttime="20230526 21:08:47.629" endtime="20230526 21:08:47.731"/>
</kw>
<kw name="Select Checkbox" library="SeleniumLibrary">
<arg>id=administrador</arg>
<doc>Selects the checkbox identified by ``locator``.</doc>
<msg timestamp="20230526 21:08:47.732" level="INFO">Selecting checkbox 'id=administrador'.</msg>
<status status="PASS" starttime="20230526 21:08:47.731" endtime="20230526 21:08:47.810"/>
</kw>
<kw name="Set Suite Variable" library="BuiltIn">
<arg>${name}</arg>
<doc>Makes a variable available everywhere within the scope of the current suite.</doc>
<msg timestamp="20230526 21:08:47.810" level="INFO">${name} = Terry Buchanan</msg>
<status status="PASS" starttime="20230526 21:08:47.810" endtime="20230526 21:08:47.810"/>
</kw>
<kw name="Set Suite Variable" library="BuiltIn">
<arg>${email}</arg>
<doc>Makes a variable available everywhere within the scope of the current suite.</doc>
<msg timestamp="20230526 21:08:47.811" level="INFO">${email} = jacobanderson@example.com</msg>
<status status="PASS" starttime="20230526 21:08:47.810" endtime="20230526 21:08:47.811"/>
</kw>
<kw name="Set Suite Variable" library="BuiltIn">
<arg>${password}</arg>
<doc>Makes a variable available everywhere within the scope of the current suite.</doc>
<msg timestamp="20230526 21:08:47.811" level="INFO">${password} = eg4zJyPl4QnT</msg>
<status status="PASS" starttime="20230526 21:08:47.811" endtime="20230526 21:08:47.811"/>
</kw>
<status status="PASS" starttime="20230526 21:08:47.295" endtime="20230526 21:08:47.811"/>
</kw>
<kw name="When I click in signup" library="test_keywords_signup">
<kw name="Click Button" library="SeleniumLibrary">
<arg>css=.btn.btn-primary</arg>
<doc>Clicks the button identified by ``locator``.</doc>
<msg timestamp="20230526 21:08:47.812" level="INFO">Clicking button 'css=.btn.btn-primary'.</msg>
<status status="PASS" starttime="20230526 21:08:47.811" endtime="20230526 21:08:47.871"/>
</kw>
<status status="PASS" starttime="20230526 21:08:47.811" endtime="20230526 21:08:47.871"/>
</kw>
<kw name="Then the page should contain the text &quot;Cadastro realizado com sucesso&quot;" library="test_keywords_signup" sourcename="Then the page should contain the text &quot;${expected_text}&quot;">
<kw name="Wait Until Element Is Visible" library="SeleniumLibrary">
<arg>css=.alert-dismissible</arg>
<arg>timeout=10s</arg>
<doc>Waits until the element ``locator`` is visible.</doc>
<status status="PASS" starttime="20230526 21:08:47.872" endtime="20230526 21:08:48.105"/>
</kw>
<kw name="Element Should Be Visible" library="SeleniumLibrary">
<arg>css=.alert-dismissible</arg>
<doc>Verifies that the element identified by ``locator`` is visible.</doc>
<msg timestamp="20230526 21:08:48.123" level="INFO">Element 'css=.alert-dismissible' is displayed.</msg>
<status status="PASS" starttime="20230526 21:08:48.105" endtime="20230526 21:08:48.123"/>
</kw>
<kw name="Page Should Contain" library="SeleniumLibrary">
<arg>${expected_text}</arg>
<doc>Verifies that current page contains ``text``.</doc>
<msg timestamp="20230526 21:08:48.136" level="INFO">Current page contains text 'Cadastro realizado com sucesso'.</msg>
<status status="PASS" starttime="20230526 21:08:48.124" endtime="20230526 21:08:48.137"/>
</kw>
<status status="PASS" starttime="20230526 21:08:47.872" endtime="20230526 21:08:48.137"/>
</kw>
<kw name="After Tests" library="test_keywords_common" type="TEARDOWN">
<kw name="Close Browser" library="SeleniumLibrary">
<doc>Closes the current browser.</doc>
<status status="PASS" starttime="20230526 21:08:48.137" endtime="20230526 21:08:48.201"/>
</kw>
<status status="PASS" starttime="20230526 21:08:48.137" endtime="20230526 21:08:48.201"/>
</kw>
<tag>ui</tag>
<status status="PASS" starttime="20230526 21:08:45.789" endtime="20230526 21:08:48.201"/>
</test>
<test id="s1-s2-s1-t3" name="Scenario: Signup with already used email" line="23">
<kw name="Before Tests" library="test_keywords_common" type="SETUP">
<kw name="Open Browser" library="SeleniumLibrary">
<arg>${SERVER_BASE_URL}</arg>
<arg>${HEADLESS} ${BROWSER}</arg>
<doc>Opens a new browser instance to the optional ``url``.</doc>
<msg timestamp="20230526 21:08:48.203" level="INFO">Opening browser 'headless Chrome' to base url 'https://front.serverest.dev/'.</msg>
<status status="PASS" starttime="20230526 21:08:48.203" endtime="20230526 21:08:49.580"/>
</kw>
<kw name="Maximize Browser Window" library="SeleniumLibrary">
<doc>Maximizes current browser window.</doc>
<status status="PASS" starttime="20230526 21:08:49.580" endtime="20230526 21:08:49.684"/>
</kw>
<status status="PASS" starttime="20230526 21:08:48.202" endtime="20230526 21:08:49.684"/>
</kw>
<kw name="Given Im on the signup page" library="test_keywords_signup">
<kw name="Location Should Be" library="SeleniumLibrary">
<arg>https://front.serverest.dev/login</arg>
<doc>Verifies that the current URL is exactly ``url``.</doc>
<msg timestamp="20230526 21:08:49.689" level="INFO">Current location is 'https://front.serverest.dev/login'.</msg>
<status status="PASS" starttime="20230526 21:08:49.684" endtime="20230526 21:08:49.689"/>
</kw>
<kw name="Click Element" library="SeleniumLibrary">
<arg>css=a.btn.btn-link</arg>
<doc>Click the element identified by ``locator``.</doc>
<msg timestamp="20230526 21:08:49.690" level="INFO">Clicking element 'css=a.btn.btn-link'.</msg>
<status status="PASS" starttime="20230526 21:08:49.689" endtime="20230526 21:08:49.744"/>
</kw>
<status status="PASS" starttime="20230526 21:08:49.684" endtime="20230526 21:08:49.744"/>
</kw>
<kw name="And I fill in the signup fields with an email already registered" library="test_keywords_signup">
<kw name="Input Text" library="SeleniumLibrary">
<arg>id:nome</arg>
<arg>${name}</arg>
<doc>Types the given ``text`` into the text field identified by ``locator``.</doc>
<msg timestamp="20230526 21:08:49.745" level="INFO">Typing text 'Terry Buchanan' into text field 'id:nome'.</msg>
<status status="PASS" starttime="20230526 21:08:49.744" endtime="20230526 21:08:49.851"/>
</kw>
<kw name="Input Text" library="SeleniumLibrary">
<arg>id:email</arg>
<arg>${email}</arg>
<doc>Types the given ``text`` into the text field identified by ``locator``.</doc>
<msg timestamp="20230526 21:08:49.852" level="INFO">Typing text 'jacobanderson@example.com' into text field 'id:email'.</msg>
<status status="PASS" starttime="20230526 21:08:49.852" endtime="20230526 21:08:49.979"/>
</kw>
<kw name="Input Text" library="SeleniumLibrary">
<arg>id:password</arg>
<arg>${password}</arg>
<doc>Types the given ``text`` into the text field identified by ``locator``.</doc>
<msg timestamp="20230526 21:08:49.979" level="INFO">Typing text 'eg4zJyPl4QnT' into text field 'id:password'.</msg>
<status status="PASS" starttime="20230526 21:08:49.979" endtime="20230526 21:08:50.068"/>
</kw>
<kw name="Select Checkbox" library="SeleniumLibrary">
<arg>id=administrador</arg>
<doc>Selects the checkbox identified by ``locator``.</doc>
<msg timestamp="20230526 21:08:50.069" level="INFO">Selecting checkbox 'id=administrador'.</msg>
<status status="PASS" starttime="20230526 21:08:50.069" endtime="20230526 21:08:50.143"/>
</kw>
<status status="PASS" starttime="20230526 21:08:49.744" endtime="20230526 21:08:50.143"/>
</kw>
<kw name="When I click in signup" library="test_keywords_signup">
<kw name="Click Button" library="SeleniumLibrary">
<arg>css=.btn.btn-primary</arg>
<doc>Clicks the button identified by ``locator``.</doc>
<msg timestamp="20230526 21:08:50.144" level="INFO">Clicking button 'css=.btn.btn-primary'.</msg>
<status status="PASS" starttime="20230526 21:08:50.144" endtime="20230526 21:08:50.203"/>
</kw>
<status status="PASS" starttime="20230526 21:08:50.144" endtime="20230526 21:08:50.203"/>
</kw>
<kw name="Then the page should contain the text &quot;Este email já está sendo usado&quot;" library="test_keywords_signup" sourcename="Then the page should contain the text &quot;${expected_text}&quot;">
<kw name="Wait Until Element Is Visible" library="SeleniumLibrary">
<arg>css=.alert-dismissible</arg>
<arg>timeout=10s</arg>
<doc>Waits until the element ``locator`` is visible.</doc>
<status status="PASS" starttime="20230526 21:08:50.204" endtime="20230526 21:08:50.435"/>
</kw>
<kw name="Element Should Be Visible" library="SeleniumLibrary">
<arg>css=.alert-dismissible</arg>
<doc>Verifies that the element identified by ``locator`` is visible.</doc>
<msg timestamp="20230526 21:08:50.453" level="INFO">Element 'css=.alert-dismissible' is displayed.</msg>
<status status="PASS" starttime="20230526 21:08:50.436" endtime="20230526 21:08:50.453"/>
</kw>
<kw name="Page Should Contain" library="SeleniumLibrary">
<arg>${expected_text}</arg>
<doc>Verifies that current page contains ``text``.</doc>
<msg timestamp="20230526 21:08:50.468" level="INFO">Current page contains text 'Este email já está sendo usado'.</msg>
<status status="PASS" starttime="20230526 21:08:50.454" endtime="20230526 21:08:50.468"/>
</kw>
<status status="PASS" starttime="20230526 21:08:50.203" endtime="20230526 21:08:50.468"/>
</kw>
<kw name="After Tests" library="test_keywords_common" type="TEARDOWN">
<kw name="Close Browser" library="SeleniumLibrary">
<doc>Closes the current browser.</doc>
<status status="PASS" starttime="20230526 21:08:50.468" endtime="20230526 21:08:50.524"/>
</kw>
<status status="PASS" starttime="20230526 21:08:50.468" endtime="20230526 21:08:50.524"/>
</kw>
<tag>ui</tag>
<status status="PASS" starttime="20230526 21:08:48.202" endtime="20230526 21:08:50.524"/>
</test>
<status status="PASS" starttime="20230526 21:08:34.628" endtime="20230526 21:08:50.525"/>
</suite>
<status status="PASS" starttime="20230526 21:08:34.626" endtime="20230526 21:08:50.526"/>
</suite>
<status status="FAIL" starttime="20230526 21:08:33.466" endtime="20230526 21:08:50.527"/>
</suite>
<statistics>
<total>
<stat pass="7" fail="1" skip="0">All Tests</stat>
</total>
<tag>
<stat pass="4" fail="1" skip="0">api</stat>
<stat pass="3" fail="0" skip="0">ui</stat>
</tag>
<suite>
<stat pass="7" fail="1" skip="0" id="s1" name="Tests">Tests</stat>
<stat pass="4" fail="1" skip="0" id="s1-s1" name="Api">Tests.Api</stat>
<stat pass="4" fail="1" skip="0" id="s1-s1-s1" name="Test Api Users">Tests.Api.Test Api Users</stat>
<stat pass="3" fail="0" skip="0" id="s1-s2" name="Ui">Tests.Ui</stat>
<stat pass="3" fail="0" skip="0" id="s1-s2-s1" name="Test Ui Signup">Tests.Ui.Test Ui Signup</stat>
</suite>
</statistics>
<errors>
</errors>
</robot>
