<?xml version="1.0" encoding="UTF-8"?>
<robot generator="Robot 6.0.2 (Python 3.8.16 on linux)" generated="20230522 13:37:30.009" rpa="false" schemaversion="3">
<suite id="s1" name="Tests" source="/home/runner/work/gen-ai-robot-test/gen-ai-robot-test/tests">
<suite id="s1-s1" name="Api" source="/home/runner/work/gen-ai-robot-test/gen-ai-robot-test/tests/api">
<suite id="s1-s1-s1" name="Test Api Users" source="/home/runner/work/gen-ai-robot-test/gen-ai-robot-test/tests/api/test_api_users.robot">
<test id="s1-s1-s1-t1" name="Scenario: Get all registered users" line="9">
<kw name="Before Tests" library="test_keywords_common" type="SETUP">
<kw name="Create Session" library="RequestsLibrary">
<arg>serverest</arg>
<arg>${SERVER_BASE_URL}</arg>
<arg>disable_warnings=True</arg>
<doc>Create Session: create a HTTP session to a server</doc>
<msg timestamp="20230522 13:37:30.662" level="INFO">Creating Session using : alias=serverest, url=https://serverest.dev, headers={},                     cookies={}, auth=None, timeout=None, proxies=None, verify=False,                     debug=0 </msg>
<status status="PASS" starttime="20230522 13:37:30.662" endtime="20230522 13:37:30.662"/>
</kw>
<status status="PASS" starttime="20230522 13:37:30.661" endtime="20230522 13:37:30.663"/>
</kw>
<kw name="When I request the list of all registered users" library="test_keywords_users">
<kw name="GET On Session" library="RequestsLibrary">
<var>${response}</var>
<arg>serverest</arg>
<arg>${USERS_API_ENDPOINT}</arg>
<doc>Sends a GET request on a previously created HTTP Session.</doc>
<msg timestamp="20230522 13:37:35.051" level="INFO">GET Request : url=https://serverest.dev/usuarios 
 path_url=/usuarios 
 headers={'User-Agent': 'python-requests/2.30.0', 'Accept-Encoding': 'gzip, deflate', 'Accept': '*/*', 'Connection': 'keep-alive'} 
 body=None 
 </msg>
<msg timestamp="20230522 13:37:35.051" level="INFO">GET Response : url=https://serverest.dev/usuarios 
 status=200, reason=OK 
 headers={'access-control-allow-origin': '*', 'x-dns-prefetch-control': 'off', 'x-frame-options': 'SAMEORIGIN', 'strict-transport-security': 'max-age=15552000; includeSubDomains', 'x-download-options': 'noopen', 'x-content-type-options': 'nosniff', 'x-xss-protection': '1; mode=block', 'x-moesif-transaction-id': '6943c5c5-e09b-40b8-a56a-21b0b8648e36', 'content-type': 'application/json; charset=utf-8', 'X-Cloud-Trace-Context': 'fe3b7431b52c97898802a62ef50b74b0;o=1', 'Date': 'Mon, 22 May 2023 13:37:35 GMT', 'Server': 'Google Frontend', 'Content-Length': '253'} 
 body={
    "quantidade": 1,
    "usuarios": [
        {
            "nome": "Fulano da Silva",
            "email": "fulano@qa.com",
            "password": "teste",
            "administrador": "true",
            "_id": "0uxuPY0cbmQhpEz1"
        }
    ]
} 
 </msg>
<msg timestamp="20230522 13:37:35.051" level="INFO">${response} = &lt;Response [200]&gt;</msg>
<status status="PASS" starttime="20230522 13:37:30.663" endtime="20230522 13:37:35.051"/>
</kw>
<kw name="Set Test Variable" library="BuiltIn">
<arg>${response}</arg>
<doc>Makes a variable available everywhere within the scope of the current test.</doc>
<msg timestamp="20230522 13:37:35.052" level="INFO">${response} = &lt;Response [200]&gt;</msg>
<status status="PASS" starttime="20230522 13:37:35.051" endtime="20230522 13:37:35.052"/>
</kw>
<status status="PASS" starttime="20230522 13:37:30.663" endtime="20230522 13:37:35.052"/>
</kw>
<kw name="Then the response status code should be 200" library="test_keywords_users" sourcename="Then the response status code should be ${status_code}">
<kw name="Should Be Equal As Numbers" library="BuiltIn">
<arg>${response.status_code}</arg>
<arg>${status_code}</arg>
<doc>Fails if objects are unequal after converting them to real numbers.</doc>
<msg timestamp="20230522 13:37:35.053" level="INFO">Argument types are:
&lt;class 'int'&gt;
&lt;class 'str'&gt;</msg>
<status status="PASS" starttime="20230522 13:37:35.052" endtime="20230522 13:37:35.053"/>
</kw>
<kw name="Should Be True" library="BuiltIn">
<arg>${response.json()}</arg>
<doc>Fails if the given condition is not true.</doc>
<status status="PASS" starttime="20230522 13:37:35.053" endtime="20230522 13:37:35.054"/>
</kw>
<status status="PASS" starttime="20230522 13:37:35.052" endtime="20230522 13:37:35.054"/>
</kw>
<kw name="And the response body should not be empty" library="test_keywords_users">
<kw name="Should Not Be Empty" library="BuiltIn">
<arg>${response.json()}</arg>
<doc>Verifies that the given item is not empty.</doc>
<msg timestamp="20230522 13:37:35.055" level="INFO">Length is 2</msg>
<status status="PASS" starttime="20230522 13:37:35.055" endtime="20230522 13:37:35.055"/>
</kw>
<status status="PASS" starttime="20230522 13:37:35.054" endtime="20230522 13:37:35.055"/>
</kw>
<tag>api</tag>
<status status="PASS" starttime="20230522 13:37:30.660" endtime="20230522 13:37:35.056"/>
</test>
<test id="s1-s1-s1-t2" name="Scenario: Create a new user" line="15">
<kw name="Before Tests" library="test_keywords_common" type="SETUP">
<kw name="Create Session" library="RequestsLibrary">
<arg>serverest</arg>
<arg>${SERVER_BASE_URL}</arg>
<arg>disable_warnings=True</arg>
<doc>Create Session: create a HTTP session to a server</doc>
<msg timestamp="20230522 13:37:35.058" level="INFO">Creating Session using : alias=serverest, url=https://serverest.dev, headers={},                     cookies={}, auth=None, timeout=None, proxies=None, verify=False,                     debug=0 </msg>
<status status="PASS" starttime="20230522 13:37:35.057" endtime="20230522 13:37:35.058"/>
</kw>
<status status="PASS" starttime="20230522 13:37:35.057" endtime="20230522 13:37:35.058"/>
</kw>
<kw name="Given I have a valid user data" library="test_keywords_users">
<kw name="Name" library="FakerLibrary">
<var>${name}</var>
<doc>:example 'John Doe'</doc>
<msg timestamp="20230522 13:37:35.059" level="INFO">${name} = Mrs. Misty Walters</msg>
<status status="PASS" starttime="20230522 13:37:35.058" endtime="20230522 13:37:35.059"/>
</kw>
<kw name="Email" library="FakerLibrary">
<var>${email}</var>
<msg timestamp="20230522 13:37:35.060" level="INFO">${email} = bschmidt@example.org</msg>
<status status="PASS" starttime="20230522 13:37:35.059" endtime="20230522 13:37:35.060"/>
</kw>
<kw name="Password" library="FakerLibrary">
<var>${password}</var>
<arg>length=12</arg>
<arg>special_chars=False</arg>
<doc>Generate a random password of the specified ``length``.</doc>
<msg timestamp="20230522 13:37:35.060" level="INFO">${password} = sF2DsCk7b4iI</msg>
<status status="PASS" starttime="20230522 13:37:35.060" endtime="20230522 13:37:35.060"/>
</kw>
<kw name="Set Suite Variable" library="BuiltIn">
<arg>${name}</arg>
<doc>Makes a variable available everywhere within the scope of the current suite.</doc>
<msg timestamp="20230522 13:37:35.061" level="INFO">${name} = Mrs. Misty Walters</msg>
<status status="PASS" starttime="20230522 13:37:35.060" endtime="20230522 13:37:35.061"/>
</kw>
<kw name="Set Suite Variable" library="BuiltIn">
<arg>${email}</arg>
<doc>Makes a variable available everywhere within the scope of the current suite.</doc>
<msg timestamp="20230522 13:37:35.061" level="INFO">${email} = bschmidt@example.org</msg>
<status status="PASS" starttime="20230522 13:37:35.061" endtime="20230522 13:37:35.061"/>
</kw>
<kw name="Set Suite Variable" library="BuiltIn">
<arg>${password}</arg>
<doc>Makes a variable available everywhere within the scope of the current suite.</doc>
<msg timestamp="20230522 13:37:35.061" level="INFO">${password} = sF2DsCk7b4iI</msg>
<status status="PASS" starttime="20230522 13:37:35.061" endtime="20230522 13:37:35.061"/>
</kw>
<status status="PASS" starttime="20230522 13:37:35.058" endtime="20230522 13:37:35.061"/>
</kw>
<kw name="When I create the user" library="test_keywords_users">
<kw name="Create Dictionary" library="BuiltIn">
<var>${payload}</var>
<arg>nome=${name}</arg>
<arg>email=${email}</arg>
<arg>password=${password}</arg>
<arg>administrador=false</arg>
<doc>Creates and returns a dictionary based on the given ``items``.</doc>
<msg timestamp="20230522 13:37:35.062" level="INFO">${payload} = {'nome': 'Mrs. Misty Walters', 'email': 'bschmidt@example.org', 'password': 'sF2DsCk7b4iI', 'administrador': 'false'}</msg>
<status status="PASS" starttime="20230522 13:37:35.062" endtime="20230522 13:37:35.062"/>
</kw>
<kw name="Create Dictionary" library="BuiltIn">
<var>${headers}</var>
<arg>Content-Type=application/json</arg>
<doc>Creates and returns a dictionary based on the given ``items``.</doc>
<msg timestamp="20230522 13:37:35.063" level="INFO">${headers} = {'Content-Type': 'application/json'}</msg>
<status status="PASS" starttime="20230522 13:37:35.062" endtime="20230522 13:37:35.063"/>
</kw>
<kw name="POST On Session" library="RequestsLibrary">
<var>${response}</var>
<arg>serverest</arg>
<arg>${USERS_API_ENDPOINT}</arg>
<arg>json=${payload}</arg>
<arg>headers=${headers}</arg>
<doc>Sends a POST request on a previously created HTTP Session.</doc>
<msg timestamp="20230522 13:37:35.156" level="INFO">POST Request : url=https://serverest.dev/usuarios 
 path_url=/usuarios 
 headers={'User-Agent': 'python-requests/2.30.0', 'Accept-Encoding': 'gzip, deflate', 'Accept': '*/*', 'Connection': 'keep-alive', 'Content-Type': 'application/json', 'Content-Length': '117'} 
 body=b'{"nome": "Mrs. Misty Walters", "email": "bschmidt@example.org", "password": "sF2DsCk7b4iI", "administrador": "false"}' 
 </msg>
<msg timestamp="20230522 13:37:35.156" level="INFO">POST Response : url=https://serverest.dev/usuarios 
 status=201, reason=Created 
 headers={'access-control-allow-origin': '*', 'x-dns-prefetch-control': 'off', 'x-frame-options': 'SAMEORIGIN', 'strict-transport-security': 'max-age=15552000; includeSubDomains', 'x-download-options': 'noopen', 'x-content-type-options': 'nosniff', 'x-xss-protection': '1; mode=block', 'x-moesif-transaction-id': '3a075c67-95e6-4c0b-a471-bc7e3be0baa2', 'content-type': 'application/json; charset=utf-8', 'X-Cloud-Trace-Context': '10077772ff0be9bd7af7f03e5c3e4977', 'Date': 'Mon, 22 May 2023 13:37:35 GMT', 'Server': 'Google Frontend', 'Content-Length': '82'} 
 body={
    "message": "Cadastro realizado com sucesso",
    "_id": "lf5TfoW8C2dTu294"
} 
 </msg>
<msg timestamp="20230522 13:37:35.156" level="INFO">${response} = &lt;Response [201]&gt;</msg>
<status status="PASS" starttime="20230522 13:37:35.063" endtime="20230522 13:37:35.156"/>
</kw>
<kw name="Set Variable" library="BuiltIn">
<var>${user_id}</var>
<arg>${response.json()['_id']}</arg>
<doc>Returns the given values which can then be assigned to a variables.</doc>
<msg timestamp="20230522 13:37:35.157" level="INFO">${user_id} = lf5TfoW8C2dTu294</msg>
<status status="PASS" starttime="20230522 13:37:35.156" endtime="20230522 13:37:35.157"/>
</kw>
<kw name="Set Global Variable" library="BuiltIn">
<arg>${USER_ID}</arg>
<arg>${user_id}</arg>
<doc>Makes a variable available globally in all tests and suites.</doc>
<msg timestamp="20230522 13:37:35.158" level="INFO">${USER_ID} = lf5TfoW8C2dTu294</msg>
<status status="PASS" starttime="20230522 13:37:35.157" endtime="20230522 13:37:35.158"/>
</kw>
<kw name="Set Test Variable" library="BuiltIn">
<arg>${response}</arg>
<doc>Makes a variable available everywhere within the scope of the current test.</doc>
<msg timestamp="20230522 13:37:35.158" level="INFO">${response} = &lt;Response [201]&gt;</msg>
<status status="PASS" starttime="20230522 13:37:35.158" endtime="20230522 13:37:35.158"/>
</kw>
<status status="PASS" starttime="20230522 13:37:35.061" endtime="20230522 13:37:35.158"/>
</kw>
<kw name="Then the response status code should be 201" library="test_keywords_users" sourcename="Then the response status code should be ${status_code}">
<kw name="Should Be Equal As Numbers" library="BuiltIn">
<arg>${response.status_code}</arg>
<arg>${status_code}</arg>
<doc>Fails if objects are unequal after converting them to real numbers.</doc>
<msg timestamp="20230522 13:37:35.160" level="INFO">Argument types are:
&lt;class 'int'&gt;
&lt;class 'str'&gt;</msg>
<status status="PASS" starttime="20230522 13:37:35.159" endtime="20230522 13:37:35.160"/>
</kw>
<kw name="Should Be True" library="BuiltIn">
<arg>${response.json()}</arg>
<doc>Fails if the given condition is not true.</doc>
<status status="PASS" starttime="20230522 13:37:35.160" endtime="20230522 13:37:35.160"/>
</kw>
<status status="PASS" starttime="20230522 13:37:35.158" endtime="20230522 13:37:35.161"/>
</kw>
<kw name="And the response body should not be empty" library="test_keywords_users">
<kw name="Should Not Be Empty" library="BuiltIn">
<arg>${response.json()}</arg>
<doc>Verifies that the given item is not empty.</doc>
<msg timestamp="20230522 13:37:35.162" level="INFO">Length is 2</msg>
<status status="PASS" starttime="20230522 13:37:35.161" endtime="20230522 13:37:35.162"/>
</kw>
<status status="PASS" starttime="20230522 13:37:35.161" endtime="20230522 13:37:35.162"/>
</kw>
<tag>api</tag>
<status status="PASS" starttime="20230522 13:37:35.056" endtime="20230522 13:37:35.162"/>
</test>
<test id="s1-s1-s1-t3" name="Scenario: Get a specific user informations" line="22">
<kw name="Before Tests" library="test_keywords_common" type="SETUP">
<kw name="Create Session" library="RequestsLibrary">
<arg>serverest</arg>
<arg>${SERVER_BASE_URL}</arg>
<arg>disable_warnings=True</arg>
<doc>Create Session: create a HTTP session to a server</doc>
<msg timestamp="20230522 13:37:35.164" level="INFO">Creating Session using : alias=serverest, url=https://serverest.dev, headers={},                     cookies={}, auth=None, timeout=None, proxies=None, verify=False,                     debug=0 </msg>
<status status="PASS" starttime="20230522 13:37:35.163" endtime="20230522 13:37:35.164"/>
</kw>
<status status="PASS" starttime="20230522 13:37:35.163" endtime="20230522 13:37:35.164"/>
</kw>
<kw name="When I request the created user" library="test_keywords_users">
<kw name="GET On Session" library="RequestsLibrary">
<var>${response}</var>
<arg>serverest</arg>
<arg>${USERS_API_ENDPOINT}/${USER_ID}</arg>
<doc>Sends a GET request on a previously created HTTP Session.</doc>
<msg timestamp="20230522 13:37:35.232" level="INFO">GET Request : url=https://serverest.dev/usuarios/lf5TfoW8C2dTu294 
 path_url=/usuarios/lf5TfoW8C2dTu294 
 headers={'User-Agent': 'python-requests/2.30.0', 'Accept-Encoding': 'gzip, deflate', 'Accept': '*/*', 'Connection': 'keep-alive'} 
 body=None 
 </msg>
<msg timestamp="20230522 13:37:35.232" level="INFO">GET Response : url=https://serverest.dev/usuarios/lf5TfoW8C2dTu294 
 status=200, reason=OK 
 headers={'access-control-allow-origin': '*', 'x-dns-prefetch-control': 'off', 'x-frame-options': 'SAMEORIGIN', 'strict-transport-security': 'max-age=15552000; includeSubDomains', 'x-download-options': 'noopen', 'x-content-type-options': 'nosniff', 'x-xss-protection': '1; mode=block', 'x-moesif-transaction-id': 'd6a88862-a04b-49d6-95f0-f9e06a85b2fa', 'content-type': 'application/json; charset=utf-8', 'X-Cloud-Trace-Context': 'f667f295816e1996511566ee6be76d60', 'Date': 'Mon, 22 May 2023 13:37:35 GMT', 'Server': 'Google Frontend', 'Content-Length': '166'} 
 body={
    "nome": "Mrs. Misty Walters",
    "email": "bschmidt@example.org",
    "password": "sF2DsCk7b4iI",
    "administrador": "false",
    "_id": "lf5TfoW8C2dTu294"
} 
 </msg>
<msg timestamp="20230522 13:37:35.232" level="INFO">${response} = &lt;Response [200]&gt;</msg>
<status status="PASS" starttime="20230522 13:37:35.165" endtime="20230522 13:37:35.232"/>
</kw>
<kw name="Set Test Variable" library="BuiltIn">
<arg>${response}</arg>
<doc>Makes a variable available everywhere within the scope of the current test.</doc>
<msg timestamp="20230522 13:37:35.233" level="INFO">${response} = &lt;Response [200]&gt;</msg>
<status status="PASS" starttime="20230522 13:37:35.233" endtime="20230522 13:37:35.233"/>
</kw>
<status status="PASS" starttime="20230522 13:37:35.164" endtime="20230522 13:37:35.233"/>
</kw>
<kw name="Then the response status code should be 200" library="test_keywords_users" sourcename="Then the response status code should be ${status_code}">
<kw name="Should Be Equal As Numbers" library="BuiltIn">
<arg>${response.status_code}</arg>
<arg>${status_code}</arg>
<doc>Fails if objects are unequal after converting them to real numbers.</doc>
<msg timestamp="20230522 13:37:35.235" level="INFO">Argument types are:
&lt;class 'int'&gt;
&lt;class 'str'&gt;</msg>
<status status="PASS" starttime="20230522 13:37:35.234" endtime="20230522 13:37:35.235"/>
</kw>
<kw name="Should Be True" library="BuiltIn">
<arg>${response.json()}</arg>
<doc>Fails if the given condition is not true.</doc>
<status status="PASS" starttime="20230522 13:37:35.235" endtime="20230522 13:37:35.235"/>
</kw>
<status status="PASS" starttime="20230522 13:37:35.233" endtime="20230522 13:37:35.235"/>
</kw>
<kw name="And the response body should not be empty" library="test_keywords_users">
<kw name="Should Not Be Empty" library="BuiltIn">
<arg>${response.json()}</arg>
<doc>Verifies that the given item is not empty.</doc>
<msg timestamp="20230522 13:37:35.236" level="INFO">Length is 5</msg>
<status status="PASS" starttime="20230522 13:37:35.236" endtime="20230522 13:37:35.236"/>
</kw>
<status status="PASS" starttime="20230522 13:37:35.236" endtime="20230522 13:37:35.237"/>
</kw>
<tag>api</tag>
<status status="PASS" starttime="20230522 13:37:35.163" endtime="20230522 13:37:35.237"/>
</test>
<test id="s1-s1-s1-t4" name="Scenario: Update the created user" line="28">
<kw name="Before Tests" library="test_keywords_common" type="SETUP">
<kw name="Create Session" library="RequestsLibrary">
<arg>serverest</arg>
<arg>${SERVER_BASE_URL}</arg>
<arg>disable_warnings=True</arg>
<doc>Create Session: create a HTTP session to a server</doc>
<msg timestamp="20230522 13:37:35.238" level="INFO">Creating Session using : alias=serverest, url=https://serverest.dev, headers={},                     cookies={}, auth=None, timeout=None, proxies=None, verify=False,                     debug=0 </msg>
<status status="PASS" starttime="20230522 13:37:35.238" endtime="20230522 13:37:35.239"/>
</kw>
<status status="PASS" starttime="20230522 13:37:35.238" endtime="20230522 13:37:35.239"/>
</kw>
<kw name="When I update the created user" library="test_keywords_users">
<kw name="Create Dictionary" library="BuiltIn">
<var>${payload}</var>
<arg>nome=John Smith</arg>
<arg>email=john.smith@example.com</arg>
<arg>password=P@ssw0rd123</arg>
<arg>administrador=false</arg>
<doc>Creates and returns a dictionary based on the given ``items``.</doc>
<msg timestamp="20230522 13:37:35.239" level="INFO">${payload} = {'nome': 'John Smith', 'email': 'john.smith@example.com', 'password': 'P@ssw0rd123', 'administrador': 'false'}</msg>
<status status="PASS" starttime="20230522 13:37:35.239" endtime="20230522 13:37:35.240"/>
</kw>
<kw name="Create Dictionary" library="BuiltIn">
<var>${headers}</var>
<arg>Content-Type=application/json</arg>
<doc>Creates and returns a dictionary based on the given ``items``.</doc>
<msg timestamp="20230522 13:37:35.240" level="INFO">${headers} = {'Content-Type': 'application/json'}</msg>
<status status="PASS" starttime="20230522 13:37:35.240" endtime="20230522 13:37:35.240"/>
</kw>
<kw name="PUT On Session" library="RequestsLibrary">
<var>${response}</var>
<arg>serverest</arg>
<arg>${USERS_API_ENDPOINT}/${USER_ID}</arg>
<arg>json=${payload}</arg>
<arg>headers=${headers}</arg>
<doc>Sends a PUT request on a previously created HTTP Session.</doc>
<msg timestamp="20230522 13:37:35.326" level="INFO">PUT Request : url=https://serverest.dev/usuarios/lf5TfoW8C2dTu294 
 path_url=/usuarios/lf5TfoW8C2dTu294 
 headers={'User-Agent': 'python-requests/2.30.0', 'Accept-Encoding': 'gzip, deflate', 'Accept': '*/*', 'Connection': 'keep-alive', 'Content-Type': 'application/json', 'Content-Length': '110'} 
 body=b'{"nome": "John Smith", "email": "john.smith@example.com", "password": "P@ssw0rd123", "administrador": "false"}' 
 </msg>
<msg timestamp="20230522 13:37:35.326" level="INFO">PUT Response : url=https://serverest.dev/usuarios/lf5TfoW8C2dTu294 
 status=200, reason=OK 
 headers={'access-control-allow-origin': '*', 'x-dns-prefetch-control': 'off', 'x-frame-options': 'SAMEORIGIN', 'strict-transport-security': 'max-age=15552000; includeSubDomains', 'x-download-options': 'noopen', 'x-content-type-options': 'nosniff', 'x-xss-protection': '1; mode=block', 'x-moesif-transaction-id': 'e9eadb45-3d2b-4657-bd17-c7533c19ffaf', 'content-type': 'application/json; charset=utf-8', 'X-Cloud-Trace-Context': 'e8a4b1f9763955e4a0b010a29175068a', 'Date': 'Mon, 22 May 2023 13:37:35 GMT', 'Server': 'Google Frontend', 'Content-Length': '50'} 
 body={
    "message": "Registro alterado com sucesso"
} 
 </msg>
<msg timestamp="20230522 13:37:35.326" level="INFO">${response} = &lt;Response [200]&gt;</msg>
<status status="PASS" starttime="20230522 13:37:35.240" endtime="20230522 13:37:35.326"/>
</kw>
<kw name="Set Test Variable" library="BuiltIn">
<arg>${response}</arg>
<doc>Makes a variable available everywhere within the scope of the current test.</doc>
<msg timestamp="20230522 13:37:35.327" level="INFO">${response} = &lt;Response [200]&gt;</msg>
<status status="PASS" starttime="20230522 13:37:35.326" endtime="20230522 13:37:35.327"/>
</kw>
<status status="PASS" starttime="20230522 13:37:35.239" endtime="20230522 13:37:35.327"/>
</kw>
<kw name="Then the response status code should be 200" library="test_keywords_users" sourcename="Then the response status code should be ${status_code}">
<kw name="Should Be Equal As Numbers" library="BuiltIn">
<arg>${response.status_code}</arg>
<arg>${status_code}</arg>
<doc>Fails if objects are unequal after converting them to real numbers.</doc>
<msg timestamp="20230522 13:37:35.328" level="INFO">Argument types are:
&lt;class 'int'&gt;
&lt;class 'str'&gt;</msg>
<status status="PASS" starttime="20230522 13:37:35.327" endtime="20230522 13:37:35.328"/>
</kw>
<kw name="Should Be True" library="BuiltIn">
<arg>${response.json()}</arg>
<doc>Fails if the given condition is not true.</doc>
<status status="PASS" starttime="20230522 13:37:35.328" endtime="20230522 13:37:35.329"/>
</kw>
<status status="PASS" starttime="20230522 13:37:35.327" endtime="20230522 13:37:35.329"/>
</kw>
<kw name="And the response body should not be empty" library="test_keywords_users">
<kw name="Should Not Be Empty" library="BuiltIn">
<arg>${response.json()}</arg>
<doc>Verifies that the given item is not empty.</doc>
<msg timestamp="20230522 13:37:35.330" level="INFO">Length is 1</msg>
<status status="PASS" starttime="20230522 13:37:35.329" endtime="20230522 13:37:35.330"/>
</kw>
<status status="PASS" starttime="20230522 13:37:35.329" endtime="20230522 13:37:35.330"/>
</kw>
<tag>api</tag>
<status status="PASS" starttime="20230522 13:37:35.237" endtime="20230522 13:37:35.330"/>
</test>
<test id="s1-s1-s1-t5" name="Scenario: Delete the created user" line="34">
<kw name="Before Tests" library="test_keywords_common" type="SETUP">
<kw name="Create Session" library="RequestsLibrary">
<arg>serverest</arg>
<arg>${SERVER_BASE_URL}</arg>
<arg>disable_warnings=True</arg>
<doc>Create Session: create a HTTP session to a server</doc>
<msg timestamp="20230522 13:37:35.332" level="INFO">Creating Session using : alias=serverest, url=https://serverest.dev, headers={},                     cookies={}, auth=None, timeout=None, proxies=None, verify=False,                     debug=0 </msg>
<status status="PASS" starttime="20230522 13:37:35.332" endtime="20230522 13:37:35.332"/>
</kw>
<status status="PASS" starttime="20230522 13:37:35.331" endtime="20230522 13:37:35.332"/>
</kw>
<kw name="When I delete the created user" library="test_keywords_users">
<kw name="DELETE On Session" library="RequestsLibrary">
<var>${response}</var>
<arg>serverest</arg>
<arg>${USERS_API_ENDPOINT}/${USER_ID}</arg>
<doc>Sends a DELETE request on a previously created HTTP Session.</doc>
<msg timestamp="20230522 13:37:35.406" level="INFO">DELETE Request : url=https://serverest.dev/usuarios/lf5TfoW8C2dTu294 
 path_url=/usuarios/lf5TfoW8C2dTu294 
 headers={'User-Agent': 'python-requests/2.30.0', 'Accept-Encoding': 'gzip, deflate', 'Accept': '*/*', 'Connection': 'keep-alive', 'Content-Length': '0'} 
 body=None 
 </msg>
<msg timestamp="20230522 13:37:35.406" level="INFO">DELETE Response : url=https://serverest.dev/usuarios/lf5TfoW8C2dTu294 
 status=200, reason=OK 
 headers={'access-control-allow-origin': '*', 'x-dns-prefetch-control': 'off', 'x-frame-options': 'SAMEORIGIN', 'strict-transport-security': 'max-age=15552000; includeSubDomains', 'x-download-options': 'noopen', 'x-content-type-options': 'nosniff', 'x-xss-protection': '1; mode=block', 'x-moesif-transaction-id': 'b36621fc-5b79-46a8-9540-4fd4e6f4560e', 'content-type': 'application/json; charset=utf-8', 'X-Cloud-Trace-Context': 'efbeec6647f19ac362524c2bcffad2bf', 'Date': 'Mon, 22 May 2023 13:37:35 GMT', 'Server': 'Google Frontend', 'Content-Length': '51'} 
 body={
    "message": "Registro excluído com sucesso"
} 
 </msg>
<msg timestamp="20230522 13:37:35.407" level="INFO">${response} = &lt;Response [200]&gt;</msg>
<status status="PASS" starttime="20230522 13:37:35.333" endtime="20230522 13:37:35.407"/>
</kw>
<kw name="Set Test Variable" library="BuiltIn">
<arg>${response}</arg>
<doc>Makes a variable available everywhere within the scope of the current test.</doc>
<msg timestamp="20230522 13:37:35.407" level="INFO">${response} = &lt;Response [200]&gt;</msg>
<status status="PASS" starttime="20230522 13:37:35.407" endtime="20230522 13:37:35.407"/>
</kw>
<status status="PASS" starttime="20230522 13:37:35.333" endtime="20230522 13:37:35.407"/>
</kw>
<kw name="Then the response status code should be 200" library="test_keywords_users" sourcename="Then the response status code should be ${status_code}">
<kw name="Should Be Equal As Numbers" library="BuiltIn">
<arg>${response.status_code}</arg>
<arg>${status_code}</arg>
<doc>Fails if objects are unequal after converting them to real numbers.</doc>
<msg timestamp="20230522 13:37:35.409" level="INFO">Argument types are:
&lt;class 'int'&gt;
&lt;class 'str'&gt;</msg>
<status status="PASS" starttime="20230522 13:37:35.408" endtime="20230522 13:37:35.409"/>
</kw>
<kw name="Should Be True" library="BuiltIn">
<arg>${response.json()}</arg>
<doc>Fails if the given condition is not true.</doc>
<status status="PASS" starttime="20230522 13:37:35.409" endtime="20230522 13:37:35.409"/>
</kw>
<status status="PASS" starttime="20230522 13:37:35.408" endtime="20230522 13:37:35.410"/>
</kw>
<kw name="And the response body should not be empty" library="test_keywords_users">
<kw name="Should Not Be Empty" library="BuiltIn">
<arg>${response.json()}</arg>
<doc>Verifies that the given item is not empty.</doc>
<msg timestamp="20230522 13:37:35.411" level="INFO">Length is 1</msg>
<status status="PASS" starttime="20230522 13:37:35.410" endtime="20230522 13:37:35.411"/>
</kw>
<status status="PASS" starttime="20230522 13:37:35.410" endtime="20230522 13:37:35.411"/>
</kw>
<tag>api</tag>
<status status="PASS" starttime="20230522 13:37:35.331" endtime="20230522 13:37:35.411"/>
</test>
<status status="PASS" starttime="20230522 13:37:30.031" endtime="20230522 13:37:35.412"/>
</suite>
<status status="PASS" starttime="20230522 13:37:30.029" endtime="20230522 13:37:35.414"/>
</suite>
<suite id="s1-s2" name="Ui" source="/home/runner/work/gen-ai-robot-test/gen-ai-robot-test/tests/ui">
<suite id="s1-s2-s1" name="Test Ui Signup" source="/home/runner/work/gen-ai-robot-test/gen-ai-robot-test/tests/ui/test_ui_signup.robot">
<test id="s1-s2-s1-t1" name="Scenario: Signup with empty fields" line="10">
<kw name="Before Tests" library="test_keywords_common" type="SETUP">
<kw name="Open Browser" library="SeleniumLibrary">
<arg>${SERVER_BASE_URL}</arg>
<arg>${HEADLESS} ${BROWSER}</arg>
<doc>Opens a new browser instance to the optional ``url``.</doc>
<msg timestamp="20230522 13:37:35.424" level="INFO">Opening browser 'headless Chrome' to base url 'https://front.serverest.dev/'.</msg>
<status status="PASS" starttime="20230522 13:37:35.424" endtime="20230522 13:37:37.786"/>
</kw>
<kw name="Maximize Browser Window" library="SeleniumLibrary">
<doc>Maximizes current browser window.</doc>
<status status="PASS" starttime="20230522 13:37:37.787" endtime="20230522 13:37:37.912"/>
</kw>
<status status="PASS" starttime="20230522 13:37:35.423" endtime="20230522 13:37:37.912"/>
</kw>
<kw name="Given Im on the signup page" library="test_keywords_signup">
<kw name="Location Should Be" library="SeleniumLibrary">
<arg>https://front.serverest.dev/login</arg>
<doc>Verifies that the current URL is exactly ``url``.</doc>
<msg timestamp="20230522 13:37:37.918" level="INFO">Current location is 'https://front.serverest.dev/login'.</msg>
<status status="PASS" starttime="20230522 13:37:37.913" endtime="20230522 13:37:37.918"/>
</kw>
<kw name="Click Element" library="SeleniumLibrary">
<arg>css=a.btn.btn-link</arg>
<doc>Click the element identified by ``locator``.</doc>
<msg timestamp="20230522 13:37:37.919" level="INFO">Clicking element 'css=a.btn.btn-link'.</msg>
<status status="PASS" starttime="20230522 13:37:37.918" endtime="20230522 13:37:37.983"/>
</kw>
<status status="PASS" starttime="20230522 13:37:37.912" endtime="20230522 13:37:37.984"/>
</kw>
<kw name="When I click in signup" library="test_keywords_signup">
<kw name="Click Button" library="SeleniumLibrary">
<arg>css=.btn.btn-primary</arg>
<doc>Clicks the button identified by ``locator``.</doc>
<msg timestamp="20230522 13:37:37.985" level="INFO">Clicking button 'css=.btn.btn-primary'.</msg>
<status status="PASS" starttime="20230522 13:37:37.984" endtime="20230522 13:37:38.052"/>
</kw>
<status status="PASS" starttime="20230522 13:37:37.984" endtime="20230522 13:37:38.052"/>
</kw>
<kw name="Then required field messages should be displayed" library="test_keywords_signup">
<kw name="Wait Until Element Is Visible" library="SeleniumLibrary">
<arg>css=.alert-dismissible</arg>
<arg>timeout=10s</arg>
<doc>Waits until the element ``locator`` is visible.</doc>
<status status="PASS" starttime="20230522 13:37:38.052" endtime="20230522 13:37:38.287"/>
</kw>
<kw name="Element Should Be Visible" library="SeleniumLibrary">
<arg>css=.alert-dismissible</arg>
<doc>Verifies that the element identified by ``locator`` is visible.</doc>
<msg timestamp="20230522 13:37:38.307" level="INFO">Element 'css=.alert-dismissible' is displayed.</msg>
<status status="PASS" starttime="20230522 13:37:38.288" endtime="20230522 13:37:38.308"/>
</kw>
<kw name="Page Should Contain" library="SeleniumLibrary">
<arg>Nome é obrigatório</arg>
<doc>Verifies that current page contains ``text``.</doc>
<msg timestamp="20230522 13:37:38.323" level="INFO">Current page contains text 'Nome é obrigatório'.</msg>
<status status="PASS" starttime="20230522 13:37:38.308" endtime="20230522 13:37:38.323"/>
</kw>
<kw name="Page Should Contain" library="SeleniumLibrary">
<arg>Email é obrigatório</arg>
<doc>Verifies that current page contains ``text``.</doc>
<msg timestamp="20230522 13:37:38.338" level="INFO">Current page contains text 'Email é obrigatório'.</msg>
<status status="PASS" starttime="20230522 13:37:38.323" endtime="20230522 13:37:38.338"/>
</kw>
<kw name="Page Should Contain" library="SeleniumLibrary">
<arg>Password é obrigatório</arg>
<doc>Verifies that current page contains ``text``.</doc>
<msg timestamp="20230522 13:37:38.352" level="INFO">Current page contains text 'Password é obrigatório'.</msg>
<status status="PASS" starttime="20230522 13:37:38.338" endtime="20230522 13:37:38.352"/>
</kw>
<status status="PASS" starttime="20230522 13:37:38.052" endtime="20230522 13:37:38.352"/>
</kw>
<kw name="After Tests" library="test_keywords_common" type="TEARDOWN">
<kw name="Close Browser" library="SeleniumLibrary">
<doc>Closes the current browser.</doc>
<status status="PASS" starttime="20230522 13:37:38.353" endtime="20230522 13:37:38.409"/>
</kw>
<status status="PASS" starttime="20230522 13:37:38.352" endtime="20230522 13:37:38.409"/>
</kw>
<tag>ui</tag>
<status status="PASS" starttime="20230522 13:37:35.423" endtime="20230522 13:37:38.409"/>
</test>
<test id="s1-s2-s1-t2" name="Scenario: Signup done successfully" line="16">
<kw name="Before Tests" library="test_keywords_common" type="SETUP">
<kw name="Open Browser" library="SeleniumLibrary">
<arg>${SERVER_BASE_URL}</arg>
<arg>${HEADLESS} ${BROWSER}</arg>
<doc>Opens a new browser instance to the optional ``url``.</doc>
<msg timestamp="20230522 13:37:38.412" level="INFO">Opening browser 'headless Chrome' to base url 'https://front.serverest.dev/'.</msg>
<status status="PASS" starttime="20230522 13:37:38.411" endtime="20230522 13:37:39.756"/>
</kw>
<kw name="Maximize Browser Window" library="SeleniumLibrary">
<doc>Maximizes current browser window.</doc>
<status status="PASS" starttime="20230522 13:37:39.756" endtime="20230522 13:37:39.883"/>
</kw>
<status status="PASS" starttime="20230522 13:37:38.410" endtime="20230522 13:37:39.884"/>
</kw>
<kw name="Given Im on the signup page" library="test_keywords_signup">
<kw name="Location Should Be" library="SeleniumLibrary">
<arg>https://front.serverest.dev/login</arg>
<doc>Verifies that the current URL is exactly ``url``.</doc>
<msg timestamp="20230522 13:37:39.889" level="INFO">Current location is 'https://front.serverest.dev/login'.</msg>
<status status="PASS" starttime="20230522 13:37:39.884" endtime="20230522 13:37:39.889"/>
</kw>
<kw name="Click Element" library="SeleniumLibrary">
<arg>css=a.btn.btn-link</arg>
<doc>Click the element identified by ``locator``.</doc>
<msg timestamp="20230522 13:37:39.890" level="INFO">Clicking element 'css=a.btn.btn-link'.</msg>
<status status="PASS" starttime="20230522 13:37:39.890" endtime="20230522 13:37:39.946"/>
</kw>
<status status="PASS" starttime="20230522 13:37:39.884" endtime="20230522 13:37:39.947"/>
</kw>
<kw name="And I fill in the signup fields with valid data" library="test_keywords_signup">
<kw name="Name" library="FakerLibrary">
<var>${name}</var>
<doc>:example 'John Doe'</doc>
<msg timestamp="20230522 13:37:39.948" level="INFO">${name} = Christina Green</msg>
<status status="PASS" starttime="20230522 13:37:39.947" endtime="20230522 13:37:39.948"/>
</kw>
<kw name="Email" library="FakerLibrary">
<var>${email}</var>
<msg timestamp="20230522 13:37:39.948" level="INFO">${email} = robert93@example.net</msg>
<status status="PASS" starttime="20230522 13:37:39.948" endtime="20230522 13:37:39.948"/>
</kw>
<kw name="Password" library="FakerLibrary">
<var>${password}</var>
<arg>length=12</arg>
<arg>special_chars=False</arg>
<doc>Generate a random password of the specified ``length``.</doc>
<msg timestamp="20230522 13:37:39.949" level="INFO">${password} = t9F2raIITdfe</msg>
<status status="PASS" starttime="20230522 13:37:39.949" endtime="20230522 13:37:39.949"/>
</kw>
<kw name="Input Text" library="SeleniumLibrary">
<arg>id:nome</arg>
<arg>${name}</arg>
<doc>Types the given ``text`` into the text field identified by ``locator``.</doc>
<msg timestamp="20230522 13:37:39.950" level="INFO">Typing text 'Christina Green' into text field 'id:nome'.</msg>
<status status="PASS" starttime="20230522 13:37:39.949" endtime="20230522 13:37:40.084"/>
</kw>
<kw name="Input Text" library="SeleniumLibrary">
<arg>id:email</arg>
<arg>${email}</arg>
<doc>Types the given ``text`` into the text field identified by ``locator``.</doc>
<msg timestamp="20230522 13:37:40.085" level="INFO">Typing text 'robert93@example.net' into text field 'id:email'.</msg>
<status status="PASS" starttime="20230522 13:37:40.084" endtime="20230522 13:37:40.195"/>
</kw>
<kw name="Input Text" library="SeleniumLibrary">
<arg>id:password</arg>
<arg>${password}</arg>
<doc>Types the given ``text`` into the text field identified by ``locator``.</doc>
<msg timestamp="20230522 13:37:40.196" level="INFO">Typing text 't9F2raIITdfe' into text field 'id:password'.</msg>
<status status="PASS" starttime="20230522 13:37:40.195" endtime="20230522 13:37:40.291"/>
</kw>
<kw name="Select Checkbox" library="SeleniumLibrary">
<arg>id=administrador</arg>
<doc>Selects the checkbox identified by ``locator``.</doc>
<msg timestamp="20230522 13:37:40.292" level="INFO">Selecting checkbox 'id=administrador'.</msg>
<status status="PASS" starttime="20230522 13:37:40.292" endtime="20230522 13:37:40.370"/>
</kw>
<kw name="Set Suite Variable" library="BuiltIn">
<arg>${name}</arg>
<doc>Makes a variable available everywhere within the scope of the current suite.</doc>
<msg timestamp="20230522 13:37:40.371" level="INFO">${name} = Christina Green</msg>
<status status="PASS" starttime="20230522 13:37:40.371" endtime="20230522 13:37:40.371"/>
</kw>
<kw name="Set Suite Variable" library="BuiltIn">
<arg>${email}</arg>
<doc>Makes a variable available everywhere within the scope of the current suite.</doc>
<msg timestamp="20230522 13:37:40.371" level="INFO">${email} = robert93@example.net</msg>
<status status="PASS" starttime="20230522 13:37:40.371" endtime="20230522 13:37:40.371"/>
</kw>
<kw name="Set Suite Variable" library="BuiltIn">
<arg>${password}</arg>
<doc>Makes a variable available everywhere within the scope of the current suite.</doc>
<msg timestamp="20230522 13:37:40.372" level="INFO">${password} = t9F2raIITdfe</msg>
<status status="PASS" starttime="20230522 13:37:40.372" endtime="20230522 13:37:40.372"/>
</kw>
<status status="PASS" starttime="20230522 13:37:39.947" endtime="20230522 13:37:40.372"/>
</kw>
<kw name="When I click in signup" library="test_keywords_signup">
<kw name="Click Button" library="SeleniumLibrary">
<arg>css=.btn.btn-primary</arg>
<doc>Clicks the button identified by ``locator``.</doc>
<msg timestamp="20230522 13:37:40.373" level="INFO">Clicking button 'css=.btn.btn-primary'.</msg>
<status status="PASS" starttime="20230522 13:37:40.372" endtime="20230522 13:37:40.438"/>
</kw>
<status status="PASS" starttime="20230522 13:37:40.372" endtime="20230522 13:37:40.438"/>
</kw>
<kw name="Then the page should contain the text &quot;Cadastro realizado com sucesso&quot;" library="test_keywords_signup" sourcename="Then the page should contain the text &quot;${expected_text}&quot;">
<kw name="Wait Until Element Is Visible" library="SeleniumLibrary">
<arg>css=.alert-dismissible</arg>
<arg>timeout=10s</arg>
<doc>Waits until the element ``locator`` is visible.</doc>
<status status="PASS" starttime="20230522 13:37:40.439" endtime="20230522 13:37:40.676"/>
</kw>
<kw name="Element Should Be Visible" library="SeleniumLibrary">
<arg>css=.alert-dismissible</arg>
<doc>Verifies that the element identified by ``locator`` is visible.</doc>
<msg timestamp="20230522 13:37:40.695" level="INFO">Element 'css=.alert-dismissible' is displayed.</msg>
<status status="PASS" starttime="20230522 13:37:40.676" endtime="20230522 13:37:40.695"/>
</kw>
<kw name="Page Should Contain" library="SeleniumLibrary">
<arg>${expected_text}</arg>
<doc>Verifies that current page contains ``text``.</doc>
<msg timestamp="20230522 13:37:40.709" level="INFO">Current page contains text 'Cadastro realizado com sucesso'.</msg>
<status status="PASS" starttime="20230522 13:37:40.695" endtime="20230522 13:37:40.709"/>
</kw>
<status status="PASS" starttime="20230522 13:37:40.438" endtime="20230522 13:37:40.709"/>
</kw>
<kw name="After Tests" library="test_keywords_common" type="TEARDOWN">
<kw name="Close Browser" library="SeleniumLibrary">
<doc>Closes the current browser.</doc>
<status status="PASS" starttime="20230522 13:37:40.710" endtime="20230522 13:37:40.766"/>
</kw>
<status status="PASS" starttime="20230522 13:37:40.710" endtime="20230522 13:37:40.766"/>
</kw>
<tag>ui</tag>
<status status="PASS" starttime="20230522 13:37:38.410" endtime="20230522 13:37:40.766"/>
</test>
<test id="s1-s2-s1-t3" name="Scenario: Signup with already used email" line="23">
<kw name="Before Tests" library="test_keywords_common" type="SETUP">
<kw name="Open Browser" library="SeleniumLibrary">
<arg>${SERVER_BASE_URL}</arg>
<arg>${HEADLESS} ${BROWSER}</arg>
<doc>Opens a new browser instance to the optional ``url``.</doc>
<msg timestamp="20230522 13:37:40.768" level="INFO">Opening browser 'headless Chrome' to base url 'https://front.serverest.dev/'.</msg>
<status status="PASS" starttime="20230522 13:37:40.768" endtime="20230522 13:37:42.106"/>
</kw>
<kw name="Maximize Browser Window" library="SeleniumLibrary">
<doc>Maximizes current browser window.</doc>
<status status="PASS" starttime="20230522 13:37:42.106" endtime="20230522 13:37:42.230"/>
</kw>
<status status="PASS" starttime="20230522 13:37:40.767" endtime="20230522 13:37:42.230"/>
</kw>
<kw name="Given Im on the signup page" library="test_keywords_signup">
<kw name="Location Should Be" library="SeleniumLibrary">
<arg>https://front.serverest.dev/login</arg>
<doc>Verifies that the current URL is exactly ``url``.</doc>
<msg timestamp="20230522 13:37:42.236" level="INFO">Current location is 'https://front.serverest.dev/login'.</msg>
<status status="PASS" starttime="20230522 13:37:42.231" endtime="20230522 13:37:42.236"/>
</kw>
<kw name="Click Element" library="SeleniumLibrary">
<arg>css=a.btn.btn-link</arg>
<doc>Click the element identified by ``locator``.</doc>
<msg timestamp="20230522 13:37:42.237" level="INFO">Clicking element 'css=a.btn.btn-link'.</msg>
<status status="PASS" starttime="20230522 13:37:42.236" endtime="20230522 13:37:42.292"/>
</kw>
<status status="PASS" starttime="20230522 13:37:42.230" endtime="20230522 13:37:42.292"/>
</kw>
<kw name="And I fill in the signup fields with an email already registered" library="test_keywords_signup">
<kw name="Input Text" library="SeleniumLibrary">
<arg>id:nome</arg>
<arg>${name}</arg>
<doc>Types the given ``text`` into the text field identified by ``locator``.</doc>
<msg timestamp="20230522 13:37:42.293" level="INFO">Typing text 'Christina Green' into text field 'id:nome'.</msg>
<status status="PASS" starttime="20230522 13:37:42.292" endtime="20230522 13:37:42.408"/>
</kw>
<kw name="Input Text" library="SeleniumLibrary">
<arg>id:email</arg>
<arg>${email}</arg>
<doc>Types the given ``text`` into the text field identified by ``locator``.</doc>
<msg timestamp="20230522 13:37:42.409" level="INFO">Typing text 'robert93@example.net' into text field 'id:email'.</msg>
<status status="PASS" starttime="20230522 13:37:42.408" endtime="20230522 13:37:42.522"/>
</kw>
<kw name="Input Text" library="SeleniumLibrary">
<arg>id:password</arg>
<arg>${password}</arg>
<doc>Types the given ``text`` into the text field identified by ``locator``.</doc>
<msg timestamp="20230522 13:37:42.523" level="INFO">Typing text 't9F2raIITdfe' into text field 'id:password'.</msg>
<status status="PASS" starttime="20230522 13:37:42.522" endtime="20230522 13:37:42.616"/>
</kw>
<kw name="Select Checkbox" library="SeleniumLibrary">
<arg>id=administrador</arg>
<doc>Selects the checkbox identified by ``locator``.</doc>
<msg timestamp="20230522 13:37:42.617" level="INFO">Selecting checkbox 'id=administrador'.</msg>
<status status="PASS" starttime="20230522 13:37:42.616" endtime="20230522 13:37:42.695"/>
</kw>
<status status="PASS" starttime="20230522 13:37:42.292" endtime="20230522 13:37:42.696"/>
</kw>
<kw name="When I click in signup" library="test_keywords_signup">
<kw name="Click Button" library="SeleniumLibrary">
<arg>css=.btn.btn-primary</arg>
<doc>Clicks the button identified by ``locator``.</doc>
<msg timestamp="20230522 13:37:42.697" level="INFO">Clicking button 'css=.btn.btn-primary'.</msg>
<status status="PASS" starttime="20230522 13:37:42.696" endtime="20230522 13:37:42.765"/>
</kw>
<status status="PASS" starttime="20230522 13:37:42.696" endtime="20230522 13:37:42.765"/>
</kw>
<kw name="Then the page should contain the text &quot;Este email já está sendo usado&quot;" library="test_keywords_signup" sourcename="Then the page should contain the text &quot;${expected_text}&quot;">
<kw name="Wait Until Element Is Visible" library="SeleniumLibrary">
<arg>css=.alert-dismissible</arg>
<arg>timeout=10s</arg>
<doc>Waits until the element ``locator`` is visible.</doc>
<status status="PASS" starttime="20230522 13:37:42.765" endtime="20230522 13:37:43.002"/>
</kw>
<kw name="Element Should Be Visible" library="SeleniumLibrary">
<arg>css=.alert-dismissible</arg>
<doc>Verifies that the element identified by ``locator`` is visible.</doc>
<msg timestamp="20230522 13:37:43.021" level="INFO">Element 'css=.alert-dismissible' is displayed.</msg>
<status status="PASS" starttime="20230522 13:37:43.002" endtime="20230522 13:37:43.021"/>
</kw>
<kw name="Page Should Contain" library="SeleniumLibrary">
<arg>${expected_text}</arg>
<doc>Verifies that current page contains ``text``.</doc>
<msg timestamp="20230522 13:37:43.035" level="INFO">Current page contains text 'Este email já está sendo usado'.</msg>
<status status="PASS" starttime="20230522 13:37:43.021" endtime="20230522 13:37:43.035"/>
</kw>
<status status="PASS" starttime="20230522 13:37:42.765" endtime="20230522 13:37:43.036"/>
</kw>
<kw name="After Tests" library="test_keywords_common" type="TEARDOWN">
<kw name="Close Browser" library="SeleniumLibrary">
<doc>Closes the current browser.</doc>
<status status="PASS" starttime="20230522 13:37:43.036" endtime="20230522 13:37:43.092"/>
</kw>
<status status="PASS" starttime="20230522 13:37:43.036" endtime="20230522 13:37:43.092"/>
</kw>
<tag>ui</tag>
<status status="PASS" starttime="20230522 13:37:40.767" endtime="20230522 13:37:43.092"/>
</test>
<status status="PASS" starttime="20230522 13:37:35.416" endtime="20230522 13:37:43.093"/>
</suite>
<status status="PASS" starttime="20230522 13:37:35.414" endtime="20230522 13:37:43.095"/>
</suite>
<suite id="s1-s3" name="Visual" source="/home/runner/work/gen-ai-robot-test/gen-ai-robot-test/tests/visual">
<suite id="s1-s3-s1" name="Test Visual Check" source="/home/runner/work/gen-ai-robot-test/gen-ai-robot-test/tests/visual/test_visual_check.robot">
<test id="s1-s3-s1-t1" name="Scenario: Visual check login page" line="11">
<kw name="Before Tests" library="test_keywords_common" type="SETUP">
<kw name="Open Browser" library="SeleniumLibrary">
<arg>${SERVER_BASE_URL}</arg>
<arg>${HEADLESS} ${BROWSER}</arg>
<doc>Opens a new browser instance to the optional ``url``.</doc>
<msg timestamp="20230522 13:37:44.073" level="INFO">Opening browser 'headless Chrome' to base url 'https://front.serverest.dev/'.</msg>
<status status="PASS" starttime="20230522 13:37:44.072" endtime="20230522 13:37:45.382"/>
</kw>
<kw name="Maximize Browser Window" library="SeleniumLibrary">
<doc>Maximizes current browser window.</doc>
<status status="PASS" starttime="20230522 13:37:45.382" endtime="20230522 13:37:45.486"/>
</kw>
<kw name="Eyes Open" library="EyesLibrary">
<tag>Check flow</tag>
<doc>Shared parameters section from `applitools.yaml` could be overwritten during `Eyes Open` call, see `Preconditions`.</doc>
<msg timestamp="20230522 13:37:47.918" level="ERROR">Re-raising an error received from SDK server: USDKFailure('Request "getAccountInfo" that was sent to the address "[GET]https://eyesapi.applitools.com/api/sessions/renderinfo?apiKey=%24%7B%7B+secrets.APPLITOOLS_API_KEY+%7D%7D" failed due to unexpected status Unauthorized(401)', '    at Object.afterResponse (/snapshot/core/node_modules/@applitools/core-base/dist/server/req-eyes.js:103:23)\n    at /snapshot/core/node_modules/@applitools/req/dist/index.cjs:9357:97\n    at processTicksAndRejections (internal/process/task_queues.js:95:5)\n    at async req2 (/snapshot/core/node_modules/@applitools/req/dist/index.cjs:9268:18)\n    at async req (/snapshot/core/node_modules/@applitools/req/dist/index.cjs:9222:12)\n    at async getAccountInfo (/snapshot/core/node_modules/@applitools/core-base/dist/server/requests.js:314:26)\n    at async Object.openEyes (/snapshot/core/dist/ufg/open-eyes.js)\n    at async getTypedEyes (/snapshot/core/dist/get-typed-eyes.js)\n    at async openEyes (/snapshot/core/dist/open-eyes.js)\n    at async /snapshot/core/dist/make-manager.js')</msg>
<msg timestamp="20230522 13:37:47.920" level="FAIL">EyesLibraryError: Failed to run EyesLibrary
Traceback (most recent call last):
  File "/opt/hostedtoolcache/Python/3.8.16/x64/lib/python3.8/site-packages/EyesLibrary/__init__.py", line 263, in run_keyword
    return DynamicCore.run_keyword(self, name, args, kwargs)
  File "/opt/hostedtoolcache/Python/3.8.16/x64/lib/python3.8/site-packages/robotlibcore.py", line 122, in run_keyword
    return self.keywords[name](*args, **(kwargs or {}))
  File "/opt/hostedtoolcache/Python/3.8.16/x64/lib/python3.8/site-packages/EyesLibrary/keywords/session.py", line 145, in open
    return eyes.open(self.fetch_driver())
  File "/opt/hostedtoolcache/Python/3.8.16/x64/lib/python3.8/site-packages/applitools/selenium/eyes.py", line 92, in open
    self._eyes_ref = self._commands.manager_open_eyes(
  File "/opt/hostedtoolcache/Python/3.8.16/x64/lib/python3.8/site-packages/applitools/selenium/command_executor.py", line 151, in manager_open_eyes
    return self._checked_command(context, "EyesManager.openEyes", payload)
  File "/opt/hostedtoolcache/Python/3.8.16/x64/lib/python3.8/site-packages/applitools/selenium/command_executor.py", line 271, in _checked_command
    _check_error(response_payload)
  File "/opt/hostedtoolcache/Python/3.8.16/x64/lib/python3.8/site-packages/applitools/selenium/command_executor.py", line 281, in _check_error
    raise usdk_error
applitools.common.errors.USDKFailure: Request "getAccountInfo" that was sent to the address "[GET]https://eyesapi.applitools.com/api/sessions/renderinfo?apiKey=%24%7B%7B+secrets.APPLITOOLS_API_KEY+%7D%7D" failed due to unexpected status Unauthorized(401)
    at Object.afterResponse (/snapshot/core/node_modules/@applitools/core-base/dist/server/req-eyes.js:103:23)
    at /snapshot/core/node_modules/@applitools/req/dist/index.cjs:9357:97
    at processTicksAndRejections (internal/process/task_queues.js:95:5)
    at async req2 (/snapshot/core/node_modules/@applitools/req/dist/index.cjs:9268:18)
    at async req (/snapshot/core/node_modules/@applitools/req/dist/index.cjs:9222:12)
    at async getAccountInfo (/snapshot/core/node_modules/@applitools/core-base/dist/server/requests.js:314:26)
    at async Object.openEyes (/snapshot/core/dist/ufg/open-eyes.js)
    at async getTypedEyes (/snapshot/core/dist/get-typed-eyes.js)
    at async openEyes (/snapshot/core/dist/open-eyes.js)
    at async /snapshot/core/dist/make-manager.js
</msg>
<status status="FAIL" starttime="20230522 13:37:45.486" endtime="20230522 13:37:47.920"/>
</kw>
<status status="FAIL" starttime="20230522 13:37:44.071" endtime="20230522 13:37:47.920"/>
</kw>
<kw name="After Tests" library="test_keywords_common" type="TEARDOWN">
<kw name="Eyes Close Async" library="EyesLibrary">
<tag>Check flow</tag>
<doc>Closes a session and returns the results of the session.
If a test is running, aborts it. Otherwise, does nothing.</doc>
<msg timestamp="20230522 13:37:47.922" level="FAIL">EyesLibraryError: Failed to run EyesLibrary
Traceback (most recent call last):
  File "/opt/hostedtoolcache/Python/3.8.16/x64/lib/python3.8/site-packages/EyesLibrary/__init__.py", line 263, in run_keyword
    return DynamicCore.run_keyword(self, name, args, kwargs)
  File "/opt/hostedtoolcache/Python/3.8.16/x64/lib/python3.8/site-packages/robotlibcore.py", line 122, in run_keyword
    return self.keywords[name](*args, **(kwargs or {}))
  File "/opt/hostedtoolcache/Python/3.8.16/x64/lib/python3.8/site-packages/EyesLibrary/keywords/session.py", line 164, in close
    return self.current_eyes.close_async()
  File "/opt/hostedtoolcache/Python/3.8.16/x64/lib/python3.8/site-packages/applitools/selenium/eyes.py", line 199, in close_async
    return self._close(False, False)
  File "/opt/hostedtoolcache/Python/3.8.16/x64/lib/python3.8/site-packages/applitools/selenium/eyes.py", line 528, in _close
    raise EyesError("Eyes not open")
applitools.common.errors.EyesError: Eyes not open
</msg>
<status status="FAIL" starttime="20230522 13:37:47.921" endtime="20230522 13:37:47.922"/>
</kw>
<kw name="Close All Browsers" library="SeleniumLibrary">
<doc>Closes all open browsers and resets the browser cache.</doc>
<status status="NOT RUN" starttime="20230522 13:37:47.922" endtime="20230522 13:37:47.922"/>
</kw>
<status status="FAIL" starttime="20230522 13:37:47.921" endtime="20230522 13:37:47.922">EyesLibraryError: Failed to run EyesLibrary
Traceback (most recent call last):
  File "/opt/hostedtoolcache/Python/3.8.16/x64/lib/python3.8/site-packages/EyesLibrary/__init__.py", line 263, in run_keyword
    return DynamicCore.run_keyword(self, name, args, kwargs)
  File "/opt/hostedtoolcache/Python/3.8.16/x64/lib/python3.8/site-packages/robotlibcore.py", line 122, in run_keyword
    return self.keywords[name](*args, **(kwargs or {}))
  File "/opt/hostedtoolcache/Python/3.8.16/x64/lib/python3.8/site-packages/EyesLibrary/keywords/session.py", line 164, in close
    return self.current_eyes.close_async()
  File "/opt/hostedtoolcache/Python/3.8.16/x64/lib/python3.8/site-packages/applitools/selenium/eyes.py", line 199, in close_async
    return self._close(False, False)
  File "/opt/hostedtoolcache/Python/3.8.16/x64/lib/python3.8/site-packages/applitools/selenium/eyes.py", line 528, in _close
    raise EyesError("Eyes not open")
applitools.common.errors.EyesError: Eyes not open
</status>
</kw>
<tag>visual</tag>
<status status="FAIL" starttime="20230522 13:37:44.070" endtime="20230522 13:37:47.922">Setup failed:
EyesLibraryError: Failed to run EyesLibrary
Traceback (most recent call last):
  File "/opt/hostedtoolcache/Python/3.8.16/x64/lib/python3.8/site-packages/EyesLibrary/__init__.py", line 263, in run_keyword
    return DynamicCore.run_keyword(self, name, args, kwargs)
  File "/opt/hostedtoolcache/Python/3.8.16/x64/lib/python3.8/site-packages/robotlibcore.py", line 122, in run_keyword
    return self.keywords[name](*args, **(kwargs or {}))
  File "/opt/hostedtoolcache/Python/3.8.16/x64/lib/python3.8/site-packages/EyesLibrary/keywords/session.py", line 145, in open
    return eyes.open(self.fetch_driver())
  File "/opt/hostedtoolcache/Python/3.8.16/x64/lib/python3.8/site-packages/applitools/selenium/eyes.py", line 92, in open
    self._eyes_ref = self._commands.manager_open_eyes(
  File "/opt/hostedtoolcache/Python/3.8.16/x64/lib/python3.8/site-packages/applitools/selenium/command_executor.py", line 151, in manager_open_eyes
    return self._checked_command(context, "EyesManager.openEyes", payload)
  File "/opt/hostedtoolcache/Python/3.8.16/x64/lib/python3.8/site-packages/applitools/selenium/command_executor.py", line 271, in _checked_command
    _check_error(response_payload)
    [ Message content over the limit has been removed. ]
...ackages/applitools/selenium/command_executor.py", line 281, in _check_error
    raise usdk_error
applitools.common.errors.USDKFailure: Request "getAccountInfo" that was sent to the address "[GET]https://eyesapi.applitools.com/api/sessions/renderinfo?apiKey=%24%7B%7B+secrets.APPLITOOLS_API_KEY+%7D%7D" failed due to unexpected status Unauthorized(401)
    at Object.afterResponse (/snapshot/core/node_modules/@applitools/core-base/dist/server/req-eyes.js:103:23)
    at /snapshot/core/node_modules/@applitools/req/dist/index.cjs:9357:97
    at processTicksAndRejections (internal/process/task_queues.js:95:5)
    at async req2 (/snapshot/core/node_modules/@applitools/req/dist/index.cjs:9268:18)
    at async req (/snapshot/core/node_modules/@applitools/req/dist/index.cjs:9222:12)
    at async getAccountInfo (/snapshot/core/node_modules/@applitools/core-base/dist/server/requests.js:314:26)
    at async Object.openEyes (/snapshot/core/dist/ufg/open-eyes.js)
    at async getTypedEyes (/snapshot/core/dist/get-typed-eyes.js)
    at async openEyes (/snapshot/core/dist/open-eyes.js)
    at async /snapshot/core/dist/make-manager.js

Also teardown failed:
EyesLibraryError: Failed to run EyesLibrary
Traceback (most recent call last):
  File "/opt/hostedtoolcache/Python/3.8.16/x64/lib/python3.8/site-packages/EyesLibrary/__init__.py", line 263, in run_keyword
    return DynamicCore.run_keyword(self, name, args, kwargs)
  File "/opt/hostedtoolcache/Python/3.8.16/x64/lib/python3.8/site-packages/robotlibcore.py", line 122, in run_keyword
    return self.keywords[name](*args, **(kwargs or {}))
  File "/opt/hostedtoolcache/Python/3.8.16/x64/lib/python3.8/site-packages/EyesLibrary/keywords/session.py", line 164, in close
    return self.current_eyes.close_async()
  File "/opt/hostedtoolcache/Python/3.8.16/x64/lib/python3.8/site-packages/applitools/selenium/eyes.py", line 199, in close_async
    return self._close(False, False)
  File "/opt/hostedtoolcache/Python/3.8.16/x64/lib/python3.8/site-packages/applitools/selenium/eyes.py", line 528, in _close
    raise EyesError("Eyes not open")
applitools.common.errors.EyesError: Eyes not open
</status>
</test>
<test id="s1-s3-s1-t2" name="Scenario: Visual check signup page" line="16">
<tag>robot:exit</tag>
<tag>visual</tag>
<status status="FAIL" starttime="20230522 13:37:47.923" endtime="20230522 13:37:47.924">Test execution stopped due to a fatal error.</status>
</test>
<test id="s1-s3-s1-t3" name="Scenario: Visual check signup with empty fields" line="21">
<tag>robot:exit</tag>
<tag>visual</tag>
<status status="FAIL" starttime="20230522 13:37:47.924" endtime="20230522 13:37:47.924">Test execution stopped due to a fatal error.</status>
</test>
<meta name="Applitools TestResults Path">/tmp/tmp1e7r1dv6/EyesTestResults-38013dff75494818ab31990ed85505c9.json</meta>
<status status="FAIL" starttime="20230522 13:37:43.098" endtime="20230522 13:37:47.925"/>
</suite>
<status status="FAIL" starttime="20230522 13:37:43.095" endtime="20230522 13:37:47.926"/>
</suite>
<status status="FAIL" starttime="20230522 13:37:30.009" endtime="20230522 13:37:47.927"/>
</suite>
<statistics>
<total>
<stat pass="8" fail="3" skip="0">All Tests</stat>
</total>
<tag>
<stat pass="8" fail="1" skip="0" info="combined" combined="NOT robot:exit">NOT robot:exit</stat>
<stat pass="5" fail="0" skip="0">api</stat>
<stat pass="3" fail="0" skip="0">ui</stat>
<stat pass="0" fail="3" skip="0">visual</stat>
</tag>
<suite>
<stat pass="8" fail="3" skip="0" id="s1" name="Tests">Tests</stat>
<stat pass="5" fail="0" skip="0" id="s1-s1" name="Api">Tests.Api</stat>
<stat pass="5" fail="0" skip="0" id="s1-s1-s1" name="Test Api Users">Tests.Api.Test Api Users</stat>
<stat pass="3" fail="0" skip="0" id="s1-s2" name="Ui">Tests.Ui</stat>
<stat pass="3" fail="0" skip="0" id="s1-s2-s1" name="Test Ui Signup">Tests.Ui.Test Ui Signup</stat>
<stat pass="0" fail="3" skip="0" id="s1-s3" name="Visual">Tests.Visual</stat>
<stat pass="0" fail="3" skip="0" id="s1-s3-s1" name="Test Visual Check">Tests.Visual.Test Visual Check</stat>
</suite>
</statistics>
<errors>
<msg timestamp="20230522 13:37:47.918" level="ERROR">Re-raising an error received from SDK server: USDKFailure('Request "getAccountInfo" that was sent to the address "[GET]https://eyesapi.applitools.com/api/sessions/renderinfo?apiKey=%24%7B%7B+secrets.APPLITOOLS_API_KEY+%7D%7D" failed due to unexpected status Unauthorized(401)', '    at Object.afterResponse (/snapshot/core/node_modules/@applitools/core-base/dist/server/req-eyes.js:103:23)\n    at /snapshot/core/node_modules/@applitools/req/dist/index.cjs:9357:97\n    at processTicksAndRejections (internal/process/task_queues.js:95:5)\n    at async req2 (/snapshot/core/node_modules/@applitools/req/dist/index.cjs:9268:18)\n    at async req (/snapshot/core/node_modules/@applitools/req/dist/index.cjs:9222:12)\n    at async getAccountInfo (/snapshot/core/node_modules/@applitools/core-base/dist/server/requests.js:314:26)\n    at async Object.openEyes (/snapshot/core/dist/ufg/open-eyes.js)\n    at async getTypedEyes (/snapshot/core/dist/get-typed-eyes.js)\n    at async openEyes (/snapshot/core/dist/open-eyes.js)\n    at async /snapshot/core/dist/make-manager.js')</msg>
</errors>
</robot>
