<?xml version="1.0" encoding="UTF-8"?>
<robot generator="Robot 6.1 (Python 3.8.17 on linux)" generated="20230718 01:24:36.458" rpa="false" schemaversion="4">
<suite id="s1" name="Tests" source="/home/runner/work/gen-ai-robot-test/gen-ai-robot-test/tests">
<suite id="s1-s1" name="Api" source="/home/runner/work/gen-ai-robot-test/gen-ai-robot-test/tests/api">
<suite id="s1-s1-s1" name="Test Api Users" source="/home/runner/work/gen-ai-robot-test/gen-ai-robot-test/tests/api/test_api_users.robot">
<test id="s1-s1-s1-t1" name="Scenario: Get all registered users" line="9">
<kw name="Before Tests" library="test_keywords_common" type="SETUP">
<kw name="Create Session" library="RequestsLibrary">
<arg>serverest</arg>
<arg>${SERVER_BASE_URL}</arg>
<arg>disable_warnings=True</arg>
<doc>Create Session: create a HTTP session to a server</doc>
<msg timestamp="20230718 01:24:36.970" level="INFO">Creating Session using : alias=serverest, url=https://serverest.dev, headers={},                     cookies={}, auth=None, timeout=None, proxies=None, verify=False,                     debug=0 </msg>
<status status="PASS" starttime="20230718 01:24:36.969" endtime="20230718 01:24:36.970"/>
</kw>
<status status="PASS" starttime="20230718 01:24:36.969" endtime="20230718 01:24:36.970"/>
</kw>
<kw name="When I request the list of all registered users" library="test_keywords_users">
<kw name="GET On Session" library="RequestsLibrary">
<var>${response}</var>
<arg>serverest</arg>
<arg>${USERS_API_ENDPOINT}</arg>
<doc>Sends a GET request on a previously created HTTP Session.</doc>
<msg timestamp="20230718 01:24:37.109" level="INFO">GET Request : url=https://serverest.dev/usuarios 
 path_url=/usuarios 
 headers={'User-Agent': 'python-requests/2.31.0', 'Accept-Encoding': 'gzip, deflate', 'Accept': '*/*', 'Connection': 'keep-alive'} 
 body=None 
 </msg>
<msg timestamp="20230718 01:24:37.109" level="INFO">GET Response : url=https://serverest.dev/usuarios 
 status=200, reason=OK 
 headers={'access-control-allow-origin': '*', 'x-dns-prefetch-control': 'off', 'x-frame-options': 'SAMEORIGIN', 'strict-transport-security': 'max-age=15552000; includeSubDomains', 'x-download-options': 'noopen', 'x-content-type-options': 'nosniff', 'x-xss-protection': '1; mode=block', 'x-moesif-transaction-id': '19b6e9a9-5c89-4859-a311-abecffd30684', 'content-type': 'application/json; charset=utf-8', 'X-Cloud-Trace-Context': '03f4cfced001acbffbabb4decfdd3693;o=1', 'Date': 'Tue, 18 Jul 2023 01:24:37 GMT', 'Server': 'Google Frontend', 'Content-Length': '453'} 
 body={
    "quantidade": 2,
    "usuarios": [
        {
            "nome": "Beltrano",
            "email": "fulano@qa1.com",
            "password": "testes",
            "administrador": "true",
            "_id": "Lm4p5sLFpk4hXovZ"
        },
        {
            "nome": "Nada com nada",
            "email": "nada@qa.com.br",
            "password": "teste",
            "administrador": "true",
            "_id": "x6hmGimUlKZIg4Fk"
        }
    ]
} 
 </msg>
<msg timestamp="20230718 01:24:37.109" level="INFO">${response} = &lt;Response [200]&gt;</msg>
<status status="PASS" starttime="20230718 01:24:36.971" endtime="20230718 01:24:37.109"/>
</kw>
<kw name="Set Test Variable" library="BuiltIn">
<arg>${response}</arg>
<doc>Makes a variable available everywhere within the scope of the current test.</doc>
<msg timestamp="20230718 01:24:37.110" level="INFO">${response} = &lt;Response [200]&gt;</msg>
<status status="PASS" starttime="20230718 01:24:37.109" endtime="20230718 01:24:37.110"/>
</kw>
<status status="PASS" starttime="20230718 01:24:36.970" endtime="20230718 01:24:37.110"/>
</kw>
<kw name="Then the response status code should be 200" library="test_keywords_users" sourcename="Then the response status code should be ${status_code}">
<kw name="Should Be Equal As Numbers" library="BuiltIn">
<arg>${response.status_code}</arg>
<arg>${status_code}</arg>
<doc>Fails if objects are unequal after converting them to real numbers.</doc>
<msg timestamp="20230718 01:24:37.111" level="INFO">Argument types are:
&lt;class 'int'&gt;
&lt;class 'str'&gt;</msg>
<status status="PASS" starttime="20230718 01:24:37.111" endtime="20230718 01:24:37.112"/>
</kw>
<kw name="Should Be True" library="BuiltIn">
<arg>${response.json()}</arg>
<doc>Fails if the given condition is not true.</doc>
<status status="PASS" starttime="20230718 01:24:37.112" endtime="20230718 01:24:37.112"/>
</kw>
<status status="PASS" starttime="20230718 01:24:37.110" endtime="20230718 01:24:37.112"/>
</kw>
<kw name="And the response body should not be empty" library="test_keywords_users">
<kw name="Should Not Be Empty" library="BuiltIn">
<arg>${response.json()}</arg>
<doc>Verifies that the given item is not empty.</doc>
<msg timestamp="20230718 01:24:37.114" level="INFO">Length is 2</msg>
<status status="PASS" starttime="20230718 01:24:37.113" endtime="20230718 01:24:37.114"/>
</kw>
<status status="PASS" starttime="20230718 01:24:37.113" endtime="20230718 01:24:37.114"/>
</kw>
<tag>api</tag>
<status status="PASS" starttime="20230718 01:24:36.968" endtime="20230718 01:24:37.114"/>
</test>
<test id="s1-s1-s1-t2" name="Scenario: Create a new user" line="15">
<kw name="Before Tests" library="test_keywords_common" type="SETUP">
<kw name="Create Session" library="RequestsLibrary">
<arg>serverest</arg>
<arg>${SERVER_BASE_URL}</arg>
<arg>disable_warnings=True</arg>
<doc>Create Session: create a HTTP session to a server</doc>
<msg timestamp="20230718 01:24:37.116" level="INFO">Creating Session using : alias=serverest, url=https://serverest.dev, headers={},                     cookies={}, auth=None, timeout=None, proxies=None, verify=False,                     debug=0 </msg>
<status status="PASS" starttime="20230718 01:24:37.116" endtime="20230718 01:24:37.116"/>
</kw>
<status status="PASS" starttime="20230718 01:24:37.115" endtime="20230718 01:24:37.116"/>
</kw>
<kw name="Given I have a valid user data" library="test_keywords_users">
<kw name="Name" library="FakerLibrary">
<var>${name}</var>
<doc>:example: 'John Doe'</doc>
<msg timestamp="20230718 01:24:37.117" level="INFO">${name} = John Barnes</msg>
<status status="PASS" starttime="20230718 01:24:37.117" endtime="20230718 01:24:37.117"/>
</kw>
<kw name="Email" library="FakerLibrary">
<var>${email}</var>
<msg timestamp="20230718 01:24:37.118" level="INFO">${email} = youngheather@example.com</msg>
<status status="PASS" starttime="20230718 01:24:37.117" endtime="20230718 01:24:37.118"/>
</kw>
<kw name="Password" library="FakerLibrary">
<var>${password}</var>
<arg>length=12</arg>
<arg>special_chars=False</arg>
<doc>Generate a random password of the specified ``length``.</doc>
<msg timestamp="20230718 01:24:37.119" level="INFO">${password} = fiX26TWDY4k2</msg>
<status status="PASS" starttime="20230718 01:24:37.118" endtime="20230718 01:24:37.119"/>
</kw>
<kw name="Set Suite Variable" library="BuiltIn">
<arg>${name}</arg>
<doc>Makes a variable available everywhere within the scope of the current suite.</doc>
<msg timestamp="20230718 01:24:37.119" level="INFO">${name} = John Barnes</msg>
<status status="PASS" starttime="20230718 01:24:37.119" endtime="20230718 01:24:37.119"/>
</kw>
<kw name="Set Suite Variable" library="BuiltIn">
<arg>${email}</arg>
<doc>Makes a variable available everywhere within the scope of the current suite.</doc>
<msg timestamp="20230718 01:24:37.119" level="INFO">${email} = youngheather@example.com</msg>
<status status="PASS" starttime="20230718 01:24:37.119" endtime="20230718 01:24:37.119"/>
</kw>
<kw name="Set Suite Variable" library="BuiltIn">
<arg>${password}</arg>
<doc>Makes a variable available everywhere within the scope of the current suite.</doc>
<msg timestamp="20230718 01:24:37.120" level="INFO">${password} = fiX26TWDY4k2</msg>
<status status="PASS" starttime="20230718 01:24:37.120" endtime="20230718 01:24:37.120"/>
</kw>
<status status="PASS" starttime="20230718 01:24:37.116" endtime="20230718 01:24:37.120"/>
</kw>
<kw name="When I create the user" library="test_keywords_users">
<kw name="Create Dictionary" library="BuiltIn">
<var>${payload}</var>
<arg>nome=${name}</arg>
<arg>email=${email}</arg>
<arg>password=${password}</arg>
<arg>administrador=false</arg>
<doc>Creates and returns a dictionary based on the given ``items``.</doc>
<msg timestamp="20230718 01:24:37.121" level="INFO">${payload} = {'nome': 'John Barnes', 'email': 'youngheather@example.com', 'password': 'fiX26TWDY4k2', 'administrador': 'false'}</msg>
<status status="PASS" starttime="20230718 01:24:37.120" endtime="20230718 01:24:37.121"/>
</kw>
<kw name="Create Dictionary" library="BuiltIn">
<var>${headers}</var>
<arg>Content-Type=application/json</arg>
<doc>Creates and returns a dictionary based on the given ``items``.</doc>
<msg timestamp="20230718 01:24:37.121" level="INFO">${headers} = {'Content-Type': 'application/json'}</msg>
<status status="PASS" starttime="20230718 01:24:37.121" endtime="20230718 01:24:37.121"/>
</kw>
<kw name="POST On Session" library="RequestsLibrary">
<var>${response}</var>
<arg>serverest</arg>
<arg>${USERS_API_ENDPOINT}</arg>
<arg>json=${payload}</arg>
<arg>headers=${headers}</arg>
<doc>Sends a POST request on a previously created HTTP Session.</doc>
<msg timestamp="20230718 01:24:37.191" level="INFO">POST Request : url=https://serverest.dev/usuarios 
 path_url=/usuarios 
 headers={'User-Agent': 'python-requests/2.31.0', 'Accept-Encoding': 'gzip, deflate', 'Accept': '*/*', 'Connection': 'keep-alive', 'Content-Type': 'application/json', 'Content-Length': '114'} 
 body=b'{"nome": "John Barnes", "email": "youngheather@example.com", "password": "fiX26TWDY4k2", "administrador": "false"}' 
 </msg>
<msg timestamp="20230718 01:24:37.192" level="INFO">POST Response : url=https://serverest.dev/usuarios 
 status=201, reason=Created 
 headers={'access-control-allow-origin': '*', 'x-dns-prefetch-control': 'off', 'x-frame-options': 'SAMEORIGIN', 'strict-transport-security': 'max-age=15552000; includeSubDomains', 'x-download-options': 'noopen', 'x-content-type-options': 'nosniff', 'x-xss-protection': '1; mode=block', 'x-moesif-transaction-id': '10cda359-c3c5-4017-a7cd-f295c19b7a53', 'content-type': 'application/json; charset=utf-8', 'X-Cloud-Trace-Context': '84a284914b17601f3d0bc6013b974c84', 'Date': 'Tue, 18 Jul 2023 01:24:37 GMT', 'Server': 'Google Frontend', 'Content-Length': '82'} 
 body={
    "message": "Cadastro realizado com sucesso",
    "_id": "P829bn04BW8MGkyd"
} 
 </msg>
<msg timestamp="20230718 01:24:37.192" level="INFO">${response} = &lt;Response [201]&gt;</msg>
<status status="PASS" starttime="20230718 01:24:37.121" endtime="20230718 01:24:37.192"/>
</kw>
<kw name="Set Variable" library="BuiltIn">
<var>${user_id}</var>
<arg>${response.json()['_id']}</arg>
<doc>Returns the given values which can then be assigned to a variables.</doc>
<msg timestamp="20230718 01:24:37.193" level="INFO">${user_id} = P829bn04BW8MGkyd</msg>
<status status="PASS" starttime="20230718 01:24:37.192" endtime="20230718 01:24:37.193"/>
</kw>
<kw name="Set Global Variable" library="BuiltIn">
<arg>${USER_ID}</arg>
<arg>${user_id}</arg>
<doc>Makes a variable available globally in all tests and suites.</doc>
<msg timestamp="20230718 01:24:37.194" level="INFO">${USER_ID} = P829bn04BW8MGkyd</msg>
<status status="PASS" starttime="20230718 01:24:37.193" endtime="20230718 01:24:37.194"/>
</kw>
<kw name="Set Test Variable" library="BuiltIn">
<arg>${response}</arg>
<doc>Makes a variable available everywhere within the scope of the current test.</doc>
<msg timestamp="20230718 01:24:37.194" level="INFO">${response} = &lt;Response [201]&gt;</msg>
<status status="PASS" starttime="20230718 01:24:37.194" endtime="20230718 01:24:37.194"/>
</kw>
<status status="PASS" starttime="20230718 01:24:37.120" endtime="20230718 01:24:37.194"/>
</kw>
<kw name="Then the response status code should be 201" library="test_keywords_users" sourcename="Then the response status code should be ${status_code}">
<kw name="Should Be Equal As Numbers" library="BuiltIn">
<arg>${response.status_code}</arg>
<arg>${status_code}</arg>
<doc>Fails if objects are unequal after converting them to real numbers.</doc>
<msg timestamp="20230718 01:24:37.195" level="INFO">Argument types are:
&lt;class 'int'&gt;
&lt;class 'str'&gt;</msg>
<status status="PASS" starttime="20230718 01:24:37.195" endtime="20230718 01:24:37.196"/>
</kw>
<kw name="Should Be True" library="BuiltIn">
<arg>${response.json()}</arg>
<doc>Fails if the given condition is not true.</doc>
<status status="PASS" starttime="20230718 01:24:37.196" endtime="20230718 01:24:37.196"/>
</kw>
<status status="PASS" starttime="20230718 01:24:37.194" endtime="20230718 01:24:37.196"/>
</kw>
<kw name="And the response body should not be empty" library="test_keywords_users">
<kw name="Should Not Be Empty" library="BuiltIn">
<arg>${response.json()}</arg>
<doc>Verifies that the given item is not empty.</doc>
<msg timestamp="20230718 01:24:37.197" level="INFO">Length is 2</msg>
<status status="PASS" starttime="20230718 01:24:37.197" endtime="20230718 01:24:37.198"/>
</kw>
<status status="PASS" starttime="20230718 01:24:37.197" endtime="20230718 01:24:37.198"/>
</kw>
<tag>api</tag>
<status status="PASS" starttime="20230718 01:24:37.115" endtime="20230718 01:24:37.198"/>
</test>
<test id="s1-s1-s1-t3" name="Scenario: Get a specific user informations" line="22">
<kw name="Before Tests" library="test_keywords_common" type="SETUP">
<kw name="Create Session" library="RequestsLibrary">
<arg>serverest</arg>
<arg>${SERVER_BASE_URL}</arg>
<arg>disable_warnings=True</arg>
<doc>Create Session: create a HTTP session to a server</doc>
<msg timestamp="20230718 01:24:37.199" level="INFO">Creating Session using : alias=serverest, url=https://serverest.dev, headers={},                     cookies={}, auth=None, timeout=None, proxies=None, verify=False,                     debug=0 </msg>
<status status="PASS" starttime="20230718 01:24:37.199" endtime="20230718 01:24:37.199"/>
</kw>
<status status="PASS" starttime="20230718 01:24:37.199" endtime="20230718 01:24:37.200"/>
</kw>
<kw name="When I request the created user" library="test_keywords_users">
<kw name="GET On Session" library="RequestsLibrary">
<var>${response}</var>
<arg>serverest</arg>
<arg>${USERS_API_ENDPOINT}/${USER_ID}</arg>
<doc>Sends a GET request on a previously created HTTP Session.</doc>
<msg timestamp="20230718 01:24:37.270" level="INFO">GET Request : url=https://serverest.dev/usuarios/P829bn04BW8MGkyd 
 path_url=/usuarios/P829bn04BW8MGkyd 
 headers={'User-Agent': 'python-requests/2.31.0', 'Accept-Encoding': 'gzip, deflate', 'Accept': '*/*', 'Connection': 'keep-alive'} 
 body=None 
 </msg>
<msg timestamp="20230718 01:24:37.270" level="INFO">GET Response : url=https://serverest.dev/usuarios/P829bn04BW8MGkyd 
 status=200, reason=OK 
 headers={'access-control-allow-origin': '*', 'x-dns-prefetch-control': 'off', 'x-frame-options': 'SAMEORIGIN', 'strict-transport-security': 'max-age=15552000; includeSubDomains', 'x-download-options': 'noopen', 'x-content-type-options': 'nosniff', 'x-xss-protection': '1; mode=block', 'x-moesif-transaction-id': '113d00bc-2a16-4305-a82e-b91a6d0e81c1', 'content-type': 'application/json; charset=utf-8', 'X-Cloud-Trace-Context': 'fddb6ec80284dca3369855d5d750446c', 'Date': 'Tue, 18 Jul 2023 01:24:37 GMT', 'Server': 'Google Frontend', 'Content-Length': '163'} 
 body={
    "nome": "John Barnes",
    "email": "youngheather@example.com",
    "password": "fiX26TWDY4k2",
    "administrador": "false",
    "_id": "P829bn04BW8MGkyd"
} 
 </msg>
<msg timestamp="20230718 01:24:37.270" level="INFO">${response} = &lt;Response [200]&gt;</msg>
<status status="PASS" starttime="20230718 01:24:37.200" endtime="20230718 01:24:37.270"/>
</kw>
<kw name="Set Test Variable" library="BuiltIn">
<arg>${response}</arg>
<doc>Makes a variable available everywhere within the scope of the current test.</doc>
<msg timestamp="20230718 01:24:37.271" level="INFO">${response} = &lt;Response [200]&gt;</msg>
<status status="PASS" starttime="20230718 01:24:37.270" endtime="20230718 01:24:37.271"/>
</kw>
<status status="PASS" starttime="20230718 01:24:37.200" endtime="20230718 01:24:37.271"/>
</kw>
<kw name="Then the response status code should be 200" library="test_keywords_users" sourcename="Then the response status code should be ${status_code}">
<kw name="Should Be Equal As Numbers" library="BuiltIn">
<arg>${response.status_code}</arg>
<arg>${status_code}</arg>
<doc>Fails if objects are unequal after converting them to real numbers.</doc>
<msg timestamp="20230718 01:24:37.273" level="INFO">Argument types are:
&lt;class 'int'&gt;
&lt;class 'str'&gt;</msg>
<status status="PASS" starttime="20230718 01:24:37.272" endtime="20230718 01:24:37.273"/>
</kw>
<kw name="Should Be True" library="BuiltIn">
<arg>${response.json()}</arg>
<doc>Fails if the given condition is not true.</doc>
<status status="PASS" starttime="20230718 01:24:37.273" endtime="20230718 01:24:37.274"/>
</kw>
<status status="PASS" starttime="20230718 01:24:37.271" endtime="20230718 01:24:37.274"/>
</kw>
<kw name="And the response body should not be empty" library="test_keywords_users">
<kw name="Should Not Be Empty" library="BuiltIn">
<arg>${response.json()}</arg>
<doc>Verifies that the given item is not empty.</doc>
<msg timestamp="20230718 01:24:37.275" level="INFO">Length is 5</msg>
<status status="PASS" starttime="20230718 01:24:37.274" endtime="20230718 01:24:37.275"/>
</kw>
<status status="PASS" starttime="20230718 01:24:37.274" endtime="20230718 01:24:37.275"/>
</kw>
<tag>api</tag>
<status status="PASS" starttime="20230718 01:24:37.198" endtime="20230718 01:24:37.275"/>
</test>
<test id="s1-s1-s1-t4" name="Scenario: Update the created user" line="28">
<kw name="Before Tests" library="test_keywords_common" type="SETUP">
<kw name="Create Session" library="RequestsLibrary">
<arg>serverest</arg>
<arg>${SERVER_BASE_URL}</arg>
<arg>disable_warnings=True</arg>
<doc>Create Session: create a HTTP session to a server</doc>
<msg timestamp="20230718 01:24:37.277" level="INFO">Creating Session using : alias=serverest, url=https://serverest.dev, headers={},                     cookies={}, auth=None, timeout=None, proxies=None, verify=False,                     debug=0 </msg>
<status status="PASS" starttime="20230718 01:24:37.277" endtime="20230718 01:24:37.277"/>
</kw>
<status status="PASS" starttime="20230718 01:24:37.277" endtime="20230718 01:24:37.278"/>
</kw>
<kw name="When I update the created user" library="test_keywords_users">
<kw name="Create Dictionary" library="BuiltIn">
<var>${payload}</var>
<arg>nome=John Smith</arg>
<arg>email=john.smith@example.com</arg>
<arg>password=P@ssw0rd123</arg>
<arg>administrador=false</arg>
<doc>Creates and returns a dictionary based on the given ``items``.</doc>
<msg timestamp="20230718 01:24:37.278" level="INFO">${payload} = {'nome': 'John Smith', 'email': 'john.smith@example.com', 'password': 'P@ssw0rd123', 'administrador': 'false'}</msg>
<status status="PASS" starttime="20230718 01:24:37.278" endtime="20230718 01:24:37.278"/>
</kw>
<kw name="Create Dictionary" library="BuiltIn">
<var>${headers}</var>
<arg>Content-Type=application/json</arg>
<doc>Creates and returns a dictionary based on the given ``items``.</doc>
<msg timestamp="20230718 01:24:37.279" level="INFO">${headers} = {'Content-Type': 'application/json'}</msg>
<status status="PASS" starttime="20230718 01:24:37.279" endtime="20230718 01:24:37.279"/>
</kw>
<kw name="PUT On Session" library="RequestsLibrary">
<var>${response}</var>
<arg>serverest</arg>
<arg>${USERS_API_ENDPOINT}/${USER_ID}</arg>
<arg>json=${payload}</arg>
<arg>headers=${headers}</arg>
<doc>Sends a PUT request on a previously created HTTP Session.</doc>
<msg timestamp="20230718 01:24:37.354" level="INFO">PUT Request : url=https://serverest.dev/usuarios/P829bn04BW8MGkyd 
 path_url=/usuarios/P829bn04BW8MGkyd 
 headers={'User-Agent': 'python-requests/2.31.0', 'Accept-Encoding': 'gzip, deflate', 'Accept': '*/*', 'Connection': 'keep-alive', 'Content-Type': 'application/json', 'Content-Length': '110'} 
 body=b'{"nome": "John Smith", "email": "john.smith@example.com", "password": "P@ssw0rd123", "administrador": "false"}' 
 </msg>
<msg timestamp="20230718 01:24:37.354" level="INFO">PUT Response : url=https://serverest.dev/usuarios/P829bn04BW8MGkyd 
 status=200, reason=OK 
 headers={'access-control-allow-origin': '*', 'x-dns-prefetch-control': 'off', 'x-frame-options': 'SAMEORIGIN', 'strict-transport-security': 'max-age=15552000; includeSubDomains', 'x-download-options': 'noopen', 'x-content-type-options': 'nosniff', 'x-xss-protection': '1; mode=block', 'x-moesif-transaction-id': '808826e5-1a74-46a9-ac29-eb3ef636b3ca', 'content-type': 'application/json; charset=utf-8', 'X-Cloud-Trace-Context': '5dc2881e22496aff2fbca6f801194cdf', 'Date': 'Tue, 18 Jul 2023 01:24:37 GMT', 'Server': 'Google Frontend', 'Content-Length': '50'} 
 body={
    "message": "Registro alterado com sucesso"
} 
 </msg>
<msg timestamp="20230718 01:24:37.354" level="INFO">${response} = &lt;Response [200]&gt;</msg>
<status status="PASS" starttime="20230718 01:24:37.279" endtime="20230718 01:24:37.354"/>
</kw>
<kw name="Set Test Variable" library="BuiltIn">
<arg>${response}</arg>
<doc>Makes a variable available everywhere within the scope of the current test.</doc>
<msg timestamp="20230718 01:24:37.355" level="INFO">${response} = &lt;Response [200]&gt;</msg>
<status status="PASS" starttime="20230718 01:24:37.355" endtime="20230718 01:24:37.355"/>
</kw>
<status status="PASS" starttime="20230718 01:24:37.278" endtime="20230718 01:24:37.355"/>
</kw>
<kw name="Then the response status code should be 200" library="test_keywords_users" sourcename="Then the response status code should be ${status_code}">
<kw name="Should Be Equal As Numbers" library="BuiltIn">
<arg>${response.status_code}</arg>
<arg>${status_code}</arg>
<doc>Fails if objects are unequal after converting them to real numbers.</doc>
<msg timestamp="20230718 01:24:37.357" level="INFO">Argument types are:
&lt;class 'int'&gt;
&lt;class 'str'&gt;</msg>
<status status="PASS" starttime="20230718 01:24:37.356" endtime="20230718 01:24:37.357"/>
</kw>
<kw name="Should Be True" library="BuiltIn">
<arg>${response.json()}</arg>
<doc>Fails if the given condition is not true.</doc>
<status status="PASS" starttime="20230718 01:24:37.357" endtime="20230718 01:24:37.358"/>
</kw>
<status status="PASS" starttime="20230718 01:24:37.355" endtime="20230718 01:24:37.358"/>
</kw>
<kw name="And the response body should not be empty" library="test_keywords_users">
<kw name="Should Not Be Empty" library="BuiltIn">
<arg>${response.json()}</arg>
<doc>Verifies that the given item is not empty.</doc>
<msg timestamp="20230718 01:24:37.359" level="INFO">Length is 1</msg>
<status status="PASS" starttime="20230718 01:24:37.358" endtime="20230718 01:24:37.359"/>
</kw>
<status status="PASS" starttime="20230718 01:24:37.358" endtime="20230718 01:24:37.359"/>
</kw>
<tag>api</tag>
<status status="PASS" starttime="20230718 01:24:37.276" endtime="20230718 01:24:37.359"/>
</test>
<test id="s1-s1-s1-t5" name="Scenario: Delete the created user" line="34">
<kw name="Before Tests" library="test_keywords_common" type="SETUP">
<kw name="Create Session" library="RequestsLibrary">
<arg>serverest</arg>
<arg>${SERVER_BASE_URL}</arg>
<arg>disable_warnings=True</arg>
<doc>Create Session: create a HTTP session to a server</doc>
<msg timestamp="20230718 01:24:37.361" level="INFO">Creating Session using : alias=serverest, url=https://serverest.dev, headers={},                     cookies={}, auth=None, timeout=None, proxies=None, verify=False,                     debug=0 </msg>
<status status="PASS" starttime="20230718 01:24:37.360" endtime="20230718 01:24:37.361"/>
</kw>
<status status="PASS" starttime="20230718 01:24:37.360" endtime="20230718 01:24:37.361"/>
</kw>
<kw name="When I delete the created user" library="test_keywords_users">
<kw name="DELETE On Session" library="RequestsLibrary">
<var>${response}</var>
<arg>serverest</arg>
<arg>${USERS_API_ENDPOINT}/${USER_ID}</arg>
<doc>Sends a DELETE request on a previously created HTTP Session.</doc>
<msg timestamp="20230718 01:24:37.434" level="INFO">DELETE Request : url=https://serverest.dev/usuarios/P829bn04BW8MGkyd 
 path_url=/usuarios/P829bn04BW8MGkyd 
 headers={'User-Agent': 'python-requests/2.31.0', 'Accept-Encoding': 'gzip, deflate', 'Accept': '*/*', 'Connection': 'keep-alive', 'Content-Length': '0'} 
 body=None 
 </msg>
<msg timestamp="20230718 01:24:37.434" level="INFO">DELETE Response : url=https://serverest.dev/usuarios/P829bn04BW8MGkyd 
 status=200, reason=OK 
 headers={'access-control-allow-origin': '*', 'x-dns-prefetch-control': 'off', 'x-frame-options': 'SAMEORIGIN', 'strict-transport-security': 'max-age=15552000; includeSubDomains', 'x-download-options': 'noopen', 'x-content-type-options': 'nosniff', 'x-xss-protection': '1; mode=block', 'x-moesif-transaction-id': '833fe54a-d11f-4e9d-b330-728a9065cb76', 'content-type': 'application/json; charset=utf-8', 'X-Cloud-Trace-Context': '184009a88f698c3aba6b3bca6c7c8c06', 'Date': 'Tue, 18 Jul 2023 01:24:37 GMT', 'Server': 'Google Frontend', 'Content-Length': '51'} 
 body={
    "message": "Registro excluído com sucesso"
} 
 </msg>
<msg timestamp="20230718 01:24:37.434" level="INFO">${response} = &lt;Response [200]&gt;</msg>
<status status="PASS" starttime="20230718 01:24:37.361" endtime="20230718 01:24:37.434"/>
</kw>
<kw name="Set Test Variable" library="BuiltIn">
<arg>${response}</arg>
<doc>Makes a variable available everywhere within the scope of the current test.</doc>
<msg timestamp="20230718 01:24:37.435" level="INFO">${response} = &lt;Response [200]&gt;</msg>
<status status="PASS" starttime="20230718 01:24:37.434" endtime="20230718 01:24:37.435"/>
</kw>
<status status="PASS" starttime="20230718 01:24:37.361" endtime="20230718 01:24:37.435"/>
</kw>
<kw name="Then the response status code should be 200" library="test_keywords_users" sourcename="Then the response status code should be ${status_code}">
<kw name="Should Be Equal As Numbers" library="BuiltIn">
<arg>${response.status_code}</arg>
<arg>${status_code}</arg>
<doc>Fails if objects are unequal after converting them to real numbers.</doc>
<msg timestamp="20230718 01:24:37.436" level="INFO">Argument types are:
&lt;class 'int'&gt;
&lt;class 'str'&gt;</msg>
<status status="PASS" starttime="20230718 01:24:37.435" endtime="20230718 01:24:37.437"/>
</kw>
<kw name="Should Be True" library="BuiltIn">
<arg>${response.json()}</arg>
<doc>Fails if the given condition is not true.</doc>
<status status="PASS" starttime="20230718 01:24:37.437" endtime="20230718 01:24:37.437"/>
</kw>
<status status="PASS" starttime="20230718 01:24:37.435" endtime="20230718 01:24:37.437"/>
</kw>
<kw name="And the response body should not be empty" library="test_keywords_users">
<kw name="Should Not Be Empty" library="BuiltIn">
<arg>${response.json()}</arg>
<doc>Verifies that the given item is not empty.</doc>
<msg timestamp="20230718 01:24:37.439" level="INFO">Length is 1</msg>
<status status="PASS" starttime="20230718 01:24:37.438" endtime="20230718 01:24:37.439"/>
</kw>
<status status="PASS" starttime="20230718 01:24:37.438" endtime="20230718 01:24:37.439"/>
</kw>
<tag>api</tag>
<status status="PASS" starttime="20230718 01:24:37.359" endtime="20230718 01:24:37.439"/>
</test>
<status status="PASS" starttime="20230718 01:24:36.481" endtime="20230718 01:24:37.440"/>
</suite>
<status status="PASS" starttime="20230718 01:24:36.479" endtime="20230718 01:24:37.441"/>
</suite>
<suite id="s1-s2" name="E2E" source="/home/runner/work/gen-ai-robot-test/gen-ai-robot-test/tests/e2e">
<suite id="s1-s2-s1" name="Test Ui Signup" source="/home/runner/work/gen-ai-robot-test/gen-ai-robot-test/tests/e2e/test_ui_signup.robot">
<test id="s1-s2-s1-t1" name="Scenario: Signup with empty fields" line="10">
<kw name="Before Tests" library="test_keywords_common" type="SETUP">
<kw name="Open Browser" library="SeleniumLibrary">
<arg>${SERVER_BASE_URL}</arg>
<arg>${HEADLESS} ${BROWSER}</arg>
<doc>Opens a new browser instance to the optional ``url``.</doc>
<msg timestamp="20230718 01:24:37.453" level="INFO">Opening browser 'headless Chrome' to base url 'https://front.serverest.dev/'.</msg>
<status status="PASS" starttime="20230718 01:24:37.453" endtime="20230718 01:24:39.759"/>
</kw>
<kw name="Maximize Browser Window" library="SeleniumLibrary">
<doc>Maximizes current browser window.</doc>
<status status="PASS" starttime="20230718 01:24:39.759" endtime="20230718 01:24:39.864"/>
</kw>
<status status="PASS" starttime="20230718 01:24:37.452" endtime="20230718 01:24:39.864"/>
</kw>
<kw name="Given Im on the signup page" library="test_keywords_signup">
<kw name="Location Should Be" library="SeleniumLibrary">
<arg>https://front.serverest.dev/login</arg>
<doc>Verifies that the current URL is exactly ``url``.</doc>
<msg timestamp="20230718 01:24:39.871" level="INFO">Current location is 'https://front.serverest.dev/login'.</msg>
<status status="PASS" starttime="20230718 01:24:39.865" endtime="20230718 01:24:39.871"/>
</kw>
<kw name="Click Element" library="SeleniumLibrary">
<arg>css=a.btn.btn-link</arg>
<doc>Click the element identified by ``locator``.</doc>
<msg timestamp="20230718 01:24:39.872" level="INFO">Clicking element 'css=a.btn.btn-link'.</msg>
<status status="PASS" starttime="20230718 01:24:39.871" endtime="20230718 01:24:39.969"/>
</kw>
<status status="PASS" starttime="20230718 01:24:39.865" endtime="20230718 01:24:39.969"/>
</kw>
<kw name="When I click in signup" library="test_keywords_signup">
<kw name="Click Button" library="SeleniumLibrary">
<arg>css=.btn.btn-primary</arg>
<doc>Clicks the button identified by ``locator``.</doc>
<msg timestamp="20230718 01:24:39.970" level="INFO">Clicking button 'css=.btn.btn-primary'.</msg>
<status status="PASS" starttime="20230718 01:24:39.969" endtime="20230718 01:24:40.044"/>
</kw>
<status status="PASS" starttime="20230718 01:24:39.969" endtime="20230718 01:24:40.044"/>
</kw>
<kw name="Then required field messages should be displayed" library="test_keywords_signup">
<kw name="Wait Until Element Is Visible" library="SeleniumLibrary">
<arg>css=.alert-dismissible</arg>
<arg>timeout=10s</arg>
<doc>Waits until the element ``locator`` is visible.</doc>
<status status="PASS" starttime="20230718 01:24:40.044" endtime="20230718 01:24:40.283"/>
</kw>
<kw name="Element Should Be Visible" library="SeleniumLibrary">
<arg>css=.alert-dismissible</arg>
<doc>Verifies that the element identified by ``locator`` is visible.</doc>
<msg timestamp="20230718 01:24:40.303" level="INFO">Element 'css=.alert-dismissible' is displayed.</msg>
<status status="PASS" starttime="20230718 01:24:40.283" endtime="20230718 01:24:40.303"/>
</kw>
<kw name="Page Should Contain" library="SeleniumLibrary">
<arg>Nome é obrigatório</arg>
<doc>Verifies that current page contains ``text``.</doc>
<msg timestamp="20230718 01:24:40.320" level="INFO">Current page contains text 'Nome é obrigatório'.</msg>
<status status="PASS" starttime="20230718 01:24:40.303" endtime="20230718 01:24:40.320"/>
</kw>
<kw name="Page Should Contain" library="SeleniumLibrary">
<arg>Email é obrigatório</arg>
<doc>Verifies that current page contains ``text``.</doc>
<msg timestamp="20230718 01:24:40.335" level="INFO">Current page contains text 'Email é obrigatório'.</msg>
<status status="PASS" starttime="20230718 01:24:40.320" endtime="20230718 01:24:40.335"/>
</kw>
<kw name="Page Should Contain" library="SeleniumLibrary">
<arg>Password é obrigatório</arg>
<doc>Verifies that current page contains ``text``.</doc>
<msg timestamp="20230718 01:24:40.349" level="INFO">Current page contains text 'Password é obrigatório'.</msg>
<status status="PASS" starttime="20230718 01:24:40.335" endtime="20230718 01:24:40.349"/>
</kw>
<status status="PASS" starttime="20230718 01:24:40.044" endtime="20230718 01:24:40.349"/>
</kw>
<kw name="After Tests" library="test_keywords_common" type="TEARDOWN">
<kw name="Close Browser" library="SeleniumLibrary">
<doc>Closes the current browser.</doc>
<status status="PASS" starttime="20230718 01:24:40.350" endtime="20230718 01:24:40.406"/>
</kw>
<status status="PASS" starttime="20230718 01:24:40.349" endtime="20230718 01:24:40.406"/>
</kw>
<tag>e2e</tag>
<status status="PASS" starttime="20230718 01:24:37.452" endtime="20230718 01:24:40.407"/>
</test>
<test id="s1-s2-s1-t2" name="Scenario: Signup done successfully" line="16">
<kw name="Before Tests" library="test_keywords_common" type="SETUP">
<kw name="Open Browser" library="SeleniumLibrary">
<arg>${SERVER_BASE_URL}</arg>
<arg>${HEADLESS} ${BROWSER}</arg>
<doc>Opens a new browser instance to the optional ``url``.</doc>
<msg timestamp="20230718 01:24:40.410" level="INFO">Opening browser 'headless Chrome' to base url 'https://front.serverest.dev/'.</msg>
<status status="PASS" starttime="20230718 01:24:40.409" endtime="20230718 01:24:41.593"/>
</kw>
<kw name="Maximize Browser Window" library="SeleniumLibrary">
<doc>Maximizes current browser window.</doc>
<status status="PASS" starttime="20230718 01:24:41.593" endtime="20230718 01:24:41.698"/>
</kw>
<status status="PASS" starttime="20230718 01:24:40.408" endtime="20230718 01:24:41.698"/>
</kw>
<kw name="Given Im on the signup page" library="test_keywords_signup">
<kw name="Location Should Be" library="SeleniumLibrary">
<arg>https://front.serverest.dev/login</arg>
<doc>Verifies that the current URL is exactly ``url``.</doc>
<msg timestamp="20230718 01:24:41.707" level="INFO">Current location is 'https://front.serverest.dev/login'.</msg>
<status status="PASS" starttime="20230718 01:24:41.699" endtime="20230718 01:24:41.707"/>
</kw>
<kw name="Click Element" library="SeleniumLibrary">
<arg>css=a.btn.btn-link</arg>
<doc>Click the element identified by ``locator``.</doc>
<msg timestamp="20230718 01:24:41.708" level="INFO">Clicking element 'css=a.btn.btn-link'.</msg>
<status status="PASS" starttime="20230718 01:24:41.708" endtime="20230718 01:24:41.792"/>
</kw>
<status status="PASS" starttime="20230718 01:24:41.698" endtime="20230718 01:24:41.793"/>
</kw>
<kw name="And I fill in the signup fields with valid data" library="test_keywords_signup">
<kw name="Name" library="FakerLibrary">
<var>${name}</var>
<doc>:example: 'John Doe'</doc>
<msg timestamp="20230718 01:24:41.794" level="INFO">${name} = Breanna Cantu</msg>
<status status="PASS" starttime="20230718 01:24:41.793" endtime="20230718 01:24:41.794"/>
</kw>
<kw name="Email" library="FakerLibrary">
<var>${email}</var>
<msg timestamp="20230718 01:24:41.795" level="INFO">${email} = angelawoods@example.net</msg>
<status status="PASS" starttime="20230718 01:24:41.794" endtime="20230718 01:24:41.795"/>
</kw>
<kw name="Password" library="FakerLibrary">
<var>${password}</var>
<arg>length=12</arg>
<arg>special_chars=False</arg>
<doc>Generate a random password of the specified ``length``.</doc>
<msg timestamp="20230718 01:24:41.795" level="INFO">${password} = U2AdqkJPAUKV</msg>
<status status="PASS" starttime="20230718 01:24:41.795" endtime="20230718 01:24:41.795"/>
</kw>
<kw name="Input Text" library="SeleniumLibrary">
<arg>id:nome</arg>
<arg>${name}</arg>
<doc>Types the given ``text`` into the text field identified by ``locator``.</doc>
<msg timestamp="20230718 01:24:41.796" level="INFO">Typing text 'Breanna Cantu' into text field 'id:nome'.</msg>
<status status="PASS" starttime="20230718 01:24:41.795" endtime="20230718 01:24:41.930"/>
</kw>
<kw name="Input Text" library="SeleniumLibrary">
<arg>id:email</arg>
<arg>${email}</arg>
<doc>Types the given ``text`` into the text field identified by ``locator``.</doc>
<msg timestamp="20230718 01:24:41.931" level="INFO">Typing text 'angelawoods@example.net' into text field 'id:email'.</msg>
<status status="PASS" starttime="20230718 01:24:41.930" endtime="20230718 01:24:42.049"/>
</kw>
<kw name="Input Text" library="SeleniumLibrary">
<arg>id:password</arg>
<arg>${password}</arg>
<doc>Types the given ``text`` into the text field identified by ``locator``.</doc>
<msg timestamp="20230718 01:24:42.049" level="INFO">Typing text 'U2AdqkJPAUKV' into text field 'id:password'.</msg>
<status status="PASS" starttime="20230718 01:24:42.049" endtime="20230718 01:24:42.158"/>
</kw>
<kw name="Select Checkbox" library="SeleniumLibrary">
<arg>id=administrador</arg>
<doc>Selects the checkbox identified by ``locator``.</doc>
<msg timestamp="20230718 01:24:42.159" level="INFO">Selecting checkbox 'id=administrador'.</msg>
<status status="PASS" starttime="20230718 01:24:42.159" endtime="20230718 01:24:42.242"/>
</kw>
<kw name="Set Suite Variable" library="BuiltIn">
<arg>${name}</arg>
<doc>Makes a variable available everywhere within the scope of the current suite.</doc>
<msg timestamp="20230718 01:24:42.243" level="INFO">${name} = Breanna Cantu</msg>
<status status="PASS" starttime="20230718 01:24:42.242" endtime="20230718 01:24:42.243"/>
</kw>
<kw name="Set Suite Variable" library="BuiltIn">
<arg>${email}</arg>
<doc>Makes a variable available everywhere within the scope of the current suite.</doc>
<msg timestamp="20230718 01:24:42.243" level="INFO">${email} = angelawoods@example.net</msg>
<status status="PASS" starttime="20230718 01:24:42.243" endtime="20230718 01:24:42.243"/>
</kw>
<kw name="Set Suite Variable" library="BuiltIn">
<arg>${password}</arg>
<doc>Makes a variable available everywhere within the scope of the current suite.</doc>
<msg timestamp="20230718 01:24:42.244" level="INFO">${password} = U2AdqkJPAUKV</msg>
<status status="PASS" starttime="20230718 01:24:42.243" endtime="20230718 01:24:42.244"/>
</kw>
<status status="PASS" starttime="20230718 01:24:41.793" endtime="20230718 01:24:42.244"/>
</kw>
<kw name="When I click in signup" library="test_keywords_signup">
<kw name="Click Button" library="SeleniumLibrary">
<arg>css=.btn.btn-primary</arg>
<doc>Clicks the button identified by ``locator``.</doc>
<msg timestamp="20230718 01:24:42.245" level="INFO">Clicking button 'css=.btn.btn-primary'.</msg>
<status status="PASS" starttime="20230718 01:24:42.244" endtime="20230718 01:24:42.311"/>
</kw>
<status status="PASS" starttime="20230718 01:24:42.244" endtime="20230718 01:24:42.311"/>
</kw>
<kw name="Then the page should contain the text &quot;Cadastro realizado com sucesso&quot;" library="test_keywords_signup" sourcename="Then the page should contain the text &quot;${expected_text}&quot;">
<kw name="Wait Until Element Is Visible" library="SeleniumLibrary">
<arg>css=.alert-dismissible</arg>
<arg>timeout=10s</arg>
<doc>Waits until the element ``locator`` is visible.</doc>
<status status="PASS" starttime="20230718 01:24:42.311" endtime="20230718 01:24:42.550"/>
</kw>
<kw name="Element Should Be Visible" library="SeleniumLibrary">
<arg>css=.alert-dismissible</arg>
<doc>Verifies that the element identified by ``locator`` is visible.</doc>
<msg timestamp="20230718 01:24:42.571" level="INFO">Element 'css=.alert-dismissible' is displayed.</msg>
<status status="PASS" starttime="20230718 01:24:42.550" endtime="20230718 01:24:42.571"/>
</kw>
<kw name="Page Should Contain" library="SeleniumLibrary">
<arg>${expected_text}</arg>
<doc>Verifies that current page contains ``text``.</doc>
<msg timestamp="20230718 01:24:42.585" level="INFO">Current page contains text 'Cadastro realizado com sucesso'.</msg>
<status status="PASS" starttime="20230718 01:24:42.571" endtime="20230718 01:24:42.585"/>
</kw>
<status status="PASS" starttime="20230718 01:24:42.311" endtime="20230718 01:24:42.585"/>
</kw>
<kw name="After Tests" library="test_keywords_common" type="TEARDOWN">
<kw name="Close Browser" library="SeleniumLibrary">
<doc>Closes the current browser.</doc>
<status status="PASS" starttime="20230718 01:24:42.586" endtime="20230718 01:24:42.641"/>
</kw>
<status status="PASS" starttime="20230718 01:24:42.586" endtime="20230718 01:24:42.641"/>
</kw>
<tag>e2e</tag>
<status status="PASS" starttime="20230718 01:24:40.408" endtime="20230718 01:24:42.641"/>
</test>
<test id="s1-s2-s1-t3" name="Scenario: Signup with already used email" line="23">
<kw name="Before Tests" library="test_keywords_common" type="SETUP">
<kw name="Open Browser" library="SeleniumLibrary">
<arg>${SERVER_BASE_URL}</arg>
<arg>${HEADLESS} ${BROWSER}</arg>
<doc>Opens a new browser instance to the optional ``url``.</doc>
<msg timestamp="20230718 01:24:42.643" level="INFO">Opening browser 'headless Chrome' to base url 'https://front.serverest.dev/'.</msg>
<status status="PASS" starttime="20230718 01:24:42.643" endtime="20230718 01:24:43.862"/>
</kw>
<kw name="Maximize Browser Window" library="SeleniumLibrary">
<doc>Maximizes current browser window.</doc>
<status status="PASS" starttime="20230718 01:24:43.862" endtime="20230718 01:24:43.966"/>
</kw>
<status status="PASS" starttime="20230718 01:24:42.642" endtime="20230718 01:24:43.966"/>
</kw>
<kw name="Given Im on the signup page" library="test_keywords_signup">
<kw name="Location Should Be" library="SeleniumLibrary">
<arg>https://front.serverest.dev/login</arg>
<doc>Verifies that the current URL is exactly ``url``.</doc>
<msg timestamp="20230718 01:24:43.973" level="INFO">Current location is 'https://front.serverest.dev/login'.</msg>
<status status="PASS" starttime="20230718 01:24:43.967" endtime="20230718 01:24:43.973"/>
</kw>
<kw name="Click Element" library="SeleniumLibrary">
<arg>css=a.btn.btn-link</arg>
<doc>Click the element identified by ``locator``.</doc>
<msg timestamp="20230718 01:24:43.974" level="INFO">Clicking element 'css=a.btn.btn-link'.</msg>
<status status="PASS" starttime="20230718 01:24:43.973" endtime="20230718 01:24:44.060"/>
</kw>
<status status="PASS" starttime="20230718 01:24:43.967" endtime="20230718 01:24:44.060"/>
</kw>
<kw name="And I fill in the signup fields with an email already registered" library="test_keywords_signup">
<kw name="Input Text" library="SeleniumLibrary">
<arg>id:nome</arg>
<arg>${name}</arg>
<doc>Types the given ``text`` into the text field identified by ``locator``.</doc>
<msg timestamp="20230718 01:24:44.061" level="INFO">Typing text 'Breanna Cantu' into text field 'id:nome'.</msg>
<status status="PASS" starttime="20230718 01:24:44.061" endtime="20230718 01:24:44.192"/>
</kw>
<kw name="Input Text" library="SeleniumLibrary">
<arg>id:email</arg>
<arg>${email}</arg>
<doc>Types the given ``text`` into the text field identified by ``locator``.</doc>
<msg timestamp="20230718 01:24:44.193" level="INFO">Typing text 'angelawoods@example.net' into text field 'id:email'.</msg>
<status status="PASS" starttime="20230718 01:24:44.193" endtime="20230718 01:24:44.306"/>
</kw>
<kw name="Input Text" library="SeleniumLibrary">
<arg>id:password</arg>
<arg>${password}</arg>
<doc>Types the given ``text`` into the text field identified by ``locator``.</doc>
<msg timestamp="20230718 01:24:44.307" level="INFO">Typing text 'U2AdqkJPAUKV' into text field 'id:password'.</msg>
<status status="PASS" starttime="20230718 01:24:44.307" endtime="20230718 01:24:44.415"/>
</kw>
<kw name="Select Checkbox" library="SeleniumLibrary">
<arg>id=administrador</arg>
<doc>Selects the checkbox identified by ``locator``.</doc>
<msg timestamp="20230718 01:24:44.416" level="INFO">Selecting checkbox 'id=administrador'.</msg>
<status status="PASS" starttime="20230718 01:24:44.416" endtime="20230718 01:24:44.498"/>
</kw>
<status status="PASS" starttime="20230718 01:24:44.060" endtime="20230718 01:24:44.498"/>
</kw>
<kw name="When I click in signup" library="test_keywords_signup">
<kw name="Click Button" library="SeleniumLibrary">
<arg>css=.btn.btn-primary</arg>
<doc>Clicks the button identified by ``locator``.</doc>
<msg timestamp="20230718 01:24:44.499" level="INFO">Clicking button 'css=.btn.btn-primary'.</msg>
<status status="PASS" starttime="20230718 01:24:44.499" endtime="20230718 01:24:44.561"/>
</kw>
<status status="PASS" starttime="20230718 01:24:44.498" endtime="20230718 01:24:44.561"/>
</kw>
<kw name="Then the page should contain the text &quot;Este email já está sendo usado&quot;" library="test_keywords_signup" sourcename="Then the page should contain the text &quot;${expected_text}&quot;">
<kw name="Wait Until Element Is Visible" library="SeleniumLibrary">
<arg>css=.alert-dismissible</arg>
<arg>timeout=10s</arg>
<doc>Waits until the element ``locator`` is visible.</doc>
<status status="PASS" starttime="20230718 01:24:44.561" endtime="20230718 01:24:45.007"/>
</kw>
<kw name="Element Should Be Visible" library="SeleniumLibrary">
<arg>css=.alert-dismissible</arg>
<doc>Verifies that the element identified by ``locator`` is visible.</doc>
<msg timestamp="20230718 01:24:45.027" level="INFO">Element 'css=.alert-dismissible' is displayed.</msg>
<status status="PASS" starttime="20230718 01:24:45.008" endtime="20230718 01:24:45.028"/>
</kw>
<kw name="Page Should Contain" library="SeleniumLibrary">
<arg>${expected_text}</arg>
<doc>Verifies that current page contains ``text``.</doc>
<msg timestamp="20230718 01:24:45.042" level="INFO">Current page contains text 'Este email já está sendo usado'.</msg>
<status status="PASS" starttime="20230718 01:24:45.028" endtime="20230718 01:24:45.043"/>
</kw>
<status status="PASS" starttime="20230718 01:24:44.561" endtime="20230718 01:24:45.043"/>
</kw>
<kw name="After Tests" library="test_keywords_common" type="TEARDOWN">
<kw name="Close Browser" library="SeleniumLibrary">
<doc>Closes the current browser.</doc>
<status status="PASS" starttime="20230718 01:24:45.043" endtime="20230718 01:24:45.098"/>
</kw>
<status status="PASS" starttime="20230718 01:24:45.043" endtime="20230718 01:24:45.098"/>
</kw>
<tag>e2e</tag>
<status status="PASS" starttime="20230718 01:24:42.642" endtime="20230718 01:24:45.099"/>
</test>
<status status="PASS" starttime="20230718 01:24:37.444" endtime="20230718 01:24:45.100"/>
</suite>
<status status="PASS" starttime="20230718 01:24:37.442" endtime="20230718 01:24:45.102"/>
</suite>
<status status="PASS" starttime="20230718 01:24:36.459" endtime="20230718 01:24:45.103"/>
</suite>
<statistics>
<total>
<stat pass="8" fail="0" skip="0">All Tests</stat>
</total>
<tag>
<stat pass="5" fail="0" skip="0">api</stat>
<stat pass="3" fail="0" skip="0">e2e</stat>
</tag>
<suite>
<stat pass="8" fail="0" skip="0" id="s1" name="Tests">Tests</stat>
<stat pass="5" fail="0" skip="0" id="s1-s1" name="Api">Tests.Api</stat>
<stat pass="5" fail="0" skip="0" id="s1-s1-s1" name="Test Api Users">Tests.Api.Test Api Users</stat>
<stat pass="3" fail="0" skip="0" id="s1-s2" name="E2E">Tests.E2E</stat>
<stat pass="3" fail="0" skip="0" id="s1-s2-s1" name="Test Ui Signup">Tests.E2E.Test Ui Signup</stat>
</suite>
</statistics>
<errors>
</errors>
</robot>
