<?xml version="1.0" encoding="UTF-8"?>
<robot generator="Robot 6.0.2 (Python 3.8.16 on linux)" generated="20230522 14:03:45.273" rpa="false" schemaversion="3">
<suite id="s1" name="Tests" source="/home/runner/work/gen-ai-robot-test/gen-ai-robot-test/tests">
<suite id="s1-s1" name="Api" source="/home/runner/work/gen-ai-robot-test/gen-ai-robot-test/tests/api">
<suite id="s1-s1-s1" name="Test Api Users" source="/home/runner/work/gen-ai-robot-test/gen-ai-robot-test/tests/api/test_api_users.robot">
<test id="s1-s1-s1-t1" name="Scenario: Get all registered users" line="9">
<kw name="Before Tests" library="test_keywords_common" type="SETUP">
<kw name="Create Session" library="RequestsLibrary">
<arg>serverest</arg>
<arg>${SERVER_BASE_URL}</arg>
<arg>disable_warnings=True</arg>
<doc>Create Session: create a HTTP session to a server</doc>
<msg timestamp="20230522 14:03:45.735" level="INFO">Creating Session using : alias=serverest, url=https://serverest.dev, headers={},                     cookies={}, auth=None, timeout=None, proxies=None, verify=False,                     debug=0 </msg>
<status status="PASS" starttime="20230522 14:03:45.735" endtime="20230522 14:03:45.735"/>
</kw>
<status status="PASS" starttime="20230522 14:03:45.734" endtime="20230522 14:03:45.735"/>
</kw>
<kw name="When I request the list of all registered users" library="test_keywords_users">
<kw name="GET On Session" library="RequestsLibrary">
<var>${response}</var>
<arg>serverest</arg>
<arg>${USERS_API_ENDPOINT}</arg>
<doc>Sends a GET request on a previously created HTTP Session.</doc>
<msg timestamp="20230522 14:03:45.880" level="INFO">GET Request : url=https://serverest.dev/usuarios 
 path_url=/usuarios 
 headers={'User-Agent': 'python-requests/2.30.0', 'Accept-Encoding': 'gzip, deflate', 'Accept': '*/*', 'Connection': 'keep-alive'} 
 body=None 
 </msg>
<msg timestamp="20230522 14:03:45.880" level="INFO">GET Response : url=https://serverest.dev/usuarios 
 status=200, reason=OK 
 headers={'access-control-allow-origin': '*', 'x-dns-prefetch-control': 'off', 'x-frame-options': 'SAMEORIGIN', 'strict-transport-security': 'max-age=15552000; includeSubDomains', 'x-download-options': 'noopen', 'x-content-type-options': 'nosniff', 'x-xss-protection': '1; mode=block', 'x-moesif-transaction-id': '80c584b8-ef4d-4a72-aefe-4246778dae50', 'content-type': 'application/json; charset=utf-8', 'X-Cloud-Trace-Context': 'e149c2860aba32b6e973caeb3da175be;o=1', 'Date': 'Mon, 22 May 2023 14:03:45 GMT', 'Server': 'Google Frontend', 'Content-Length': '1565'} 
 body={
    "quantidade": 7,
    "usuarios": [
        {
            "nome": "Fulano da Silva",
            "email": "fulano@qa.com",
            "password": "teste",
            "administrador": "true",
            "_id": "0uxuPY0cbmQhpEz1"
        },
        {
            "nome": "Cheryl Black",
            "email": "ewashington@example.net",
            "password": "cofp2OYNr8us",
            "administrador": "true",
            "_id": "C3mJjC9bRt4vRiYd"
        },
        {
            "nome": "Sara Cooper",
            "email": "owilliams@example.com",
            "password": "309OSrbg1T6S",
            "administrador": "true",
            "_id": "JFESmL504ZICSz1Y"
        },
        {
            "nome": "Jared Wade",
            "email": "diana33@example.net",
            "password": "8xMeKtPlpWhl",
            "administrador": "true",
            "_id": "eT4v4fyKLjOkISyA"
        },
        {
            "nome": "April Stephens",
            "email": "ortizlatoya@example.net",
            "password": "42aUyqQMJpjB",
            "administrador": "true",
            "_id": "owd1dbjVDYAhGF2t"
        },
        {
            "nome": "Melissa Grant",
            "email": "amyortega@example.net",
            "password": "YctFqVWr4T8d",
            "administrador": "true",
            "_id": "qwyjhpZK56HugKqO"
        },
        {
            "nome": "Christina Green",
            "email": "robert93@example.net",
            "password": "t9F2raIITdfe",
            "administrador": "true",
            "_id": "zXZU5ChutMyKtXPN"
        }
    ]
} 
 </msg>
<msg timestamp="20230522 14:03:45.880" level="INFO">${response} = &lt;Response [200]&gt;</msg>
<status status="PASS" starttime="20230522 14:03:45.736" endtime="20230522 14:03:45.880"/>
</kw>
<kw name="Set Test Variable" library="BuiltIn">
<arg>${response}</arg>
<doc>Makes a variable available everywhere within the scope of the current test.</doc>
<msg timestamp="20230522 14:03:45.881" level="INFO">${response} = &lt;Response [200]&gt;</msg>
<status status="PASS" starttime="20230522 14:03:45.880" endtime="20230522 14:03:45.881"/>
</kw>
<status status="PASS" starttime="20230522 14:03:45.735" endtime="20230522 14:03:45.881"/>
</kw>
<kw name="Then the response status code should be 200" library="test_keywords_users" sourcename="Then the response status code should be ${status_code}">
<kw name="Should Be Equal As Numbers" library="BuiltIn">
<arg>${response.status_code}</arg>
<arg>${status_code}</arg>
<doc>Fails if objects are unequal after converting them to real numbers.</doc>
<msg timestamp="20230522 14:03:45.882" level="INFO">Argument types are:
&lt;class 'int'&gt;
&lt;class 'str'&gt;</msg>
<status status="PASS" starttime="20230522 14:03:45.881" endtime="20230522 14:03:45.882"/>
</kw>
<kw name="Should Be True" library="BuiltIn">
<arg>${response.json()}</arg>
<doc>Fails if the given condition is not true.</doc>
<status status="PASS" starttime="20230522 14:03:45.882" endtime="20230522 14:03:45.883"/>
</kw>
<status status="PASS" starttime="20230522 14:03:45.881" endtime="20230522 14:03:45.883"/>
</kw>
<kw name="And the response body should not be empty" library="test_keywords_users">
<kw name="Should Not Be Empty" library="BuiltIn">
<arg>${response.json()}</arg>
<doc>Verifies that the given item is not empty.</doc>
<msg timestamp="20230522 14:03:45.884" level="INFO">Length is 2</msg>
<status status="PASS" starttime="20230522 14:03:45.883" endtime="20230522 14:03:45.884"/>
</kw>
<status status="PASS" starttime="20230522 14:03:45.883" endtime="20230522 14:03:45.884"/>
</kw>
<tag>api</tag>
<status status="PASS" starttime="20230522 14:03:45.734" endtime="20230522 14:03:45.884"/>
</test>
<test id="s1-s1-s1-t2" name="Scenario: Create a new user" line="15">
<kw name="Before Tests" library="test_keywords_common" type="SETUP">
<kw name="Create Session" library="RequestsLibrary">
<arg>serverest</arg>
<arg>${SERVER_BASE_URL}</arg>
<arg>disable_warnings=True</arg>
<doc>Create Session: create a HTTP session to a server</doc>
<msg timestamp="20230522 14:03:45.886" level="INFO">Creating Session using : alias=serverest, url=https://serverest.dev, headers={},                     cookies={}, auth=None, timeout=None, proxies=None, verify=False,                     debug=0 </msg>
<status status="PASS" starttime="20230522 14:03:45.885" endtime="20230522 14:03:45.886"/>
</kw>
<status status="PASS" starttime="20230522 14:03:45.885" endtime="20230522 14:03:45.886"/>
</kw>
<kw name="Given I have a valid user data" library="test_keywords_users">
<kw name="Name" library="FakerLibrary">
<var>${name}</var>
<doc>:example 'John Doe'</doc>
<msg timestamp="20230522 14:03:45.887" level="INFO">${name} = Todd Norris</msg>
<status status="PASS" starttime="20230522 14:03:45.886" endtime="20230522 14:03:45.887"/>
</kw>
<kw name="Email" library="FakerLibrary">
<var>${email}</var>
<msg timestamp="20230522 14:03:45.887" level="INFO">${email} = judy02@example.com</msg>
<status status="PASS" starttime="20230522 14:03:45.887" endtime="20230522 14:03:45.887"/>
</kw>
<kw name="Password" library="FakerLibrary">
<var>${password}</var>
<arg>length=12</arg>
<arg>special_chars=False</arg>
<doc>Generate a random password of the specified ``length``.</doc>
<msg timestamp="20230522 14:03:45.888" level="INFO">${password} = H7XpqJxRppKD</msg>
<status status="PASS" starttime="20230522 14:03:45.887" endtime="20230522 14:03:45.888"/>
</kw>
<kw name="Set Suite Variable" library="BuiltIn">
<arg>${name}</arg>
<doc>Makes a variable available everywhere within the scope of the current suite.</doc>
<msg timestamp="20230522 14:03:45.888" level="INFO">${name} = Todd Norris</msg>
<status status="PASS" starttime="20230522 14:03:45.888" endtime="20230522 14:03:45.888"/>
</kw>
<kw name="Set Suite Variable" library="BuiltIn">
<arg>${email}</arg>
<doc>Makes a variable available everywhere within the scope of the current suite.</doc>
<msg timestamp="20230522 14:03:45.889" level="INFO">${email} = judy02@example.com</msg>
<status status="PASS" starttime="20230522 14:03:45.888" endtime="20230522 14:03:45.889"/>
</kw>
<kw name="Set Suite Variable" library="BuiltIn">
<arg>${password}</arg>
<doc>Makes a variable available everywhere within the scope of the current suite.</doc>
<msg timestamp="20230522 14:03:45.889" level="INFO">${password} = H7XpqJxRppKD</msg>
<status status="PASS" starttime="20230522 14:03:45.889" endtime="20230522 14:03:45.889"/>
</kw>
<status status="PASS" starttime="20230522 14:03:45.886" endtime="20230522 14:03:45.889"/>
</kw>
<kw name="When I create the user" library="test_keywords_users">
<kw name="Create Dictionary" library="BuiltIn">
<var>${payload}</var>
<arg>nome=${name}</arg>
<arg>email=${email}</arg>
<arg>password=${password}</arg>
<arg>administrador=false</arg>
<doc>Creates and returns a dictionary based on the given ``items``.</doc>
<msg timestamp="20230522 14:03:45.890" level="INFO">${payload} = {'nome': 'Todd Norris', 'email': 'judy02@example.com', 'password': 'H7XpqJxRppKD', 'administrador': 'false'}</msg>
<status status="PASS" starttime="20230522 14:03:45.889" endtime="20230522 14:03:45.890"/>
</kw>
<kw name="Create Dictionary" library="BuiltIn">
<var>${headers}</var>
<arg>Content-Type=application/json</arg>
<doc>Creates and returns a dictionary based on the given ``items``.</doc>
<msg timestamp="20230522 14:03:45.890" level="INFO">${headers} = {'Content-Type': 'application/json'}</msg>
<status status="PASS" starttime="20230522 14:03:45.890" endtime="20230522 14:03:45.890"/>
</kw>
<kw name="POST On Session" library="RequestsLibrary">
<var>${response}</var>
<arg>serverest</arg>
<arg>${USERS_API_ENDPOINT}</arg>
<arg>json=${payload}</arg>
<arg>headers=${headers}</arg>
<doc>Sends a POST request on a previously created HTTP Session.</doc>
<msg timestamp="20230522 14:03:45.975" level="INFO">POST Request : url=https://serverest.dev/usuarios 
 path_url=/usuarios 
 headers={'User-Agent': 'python-requests/2.30.0', 'Accept-Encoding': 'gzip, deflate', 'Accept': '*/*', 'Connection': 'keep-alive', 'Content-Type': 'application/json', 'Content-Length': '108'} 
 body=b'{"nome": "Todd Norris", "email": "judy02@example.com", "password": "H7XpqJxRppKD", "administrador": "false"}' 
 </msg>
<msg timestamp="20230522 14:03:45.975" level="INFO">POST Response : url=https://serverest.dev/usuarios 
 status=201, reason=Created 
 headers={'access-control-allow-origin': '*', 'x-dns-prefetch-control': 'off', 'x-frame-options': 'SAMEORIGIN', 'strict-transport-security': 'max-age=15552000; includeSubDomains', 'x-download-options': 'noopen', 'x-content-type-options': 'nosniff', 'x-xss-protection': '1; mode=block', 'x-moesif-transaction-id': '84fa6e95-c213-4267-bf21-9167373677a2', 'content-type': 'application/json; charset=utf-8', 'X-Cloud-Trace-Context': '4d9c99be7c566f280aeb56c12ef9229a', 'Date': 'Mon, 22 May 2023 14:03:45 GMT', 'Server': 'Google Frontend', 'Content-Length': '82'} 
 body={
    "message": "Cadastro realizado com sucesso",
    "_id": "3ipykQSZkSBvuBtP"
} 
 </msg>
<msg timestamp="20230522 14:03:45.975" level="INFO">${response} = &lt;Response [201]&gt;</msg>
<status status="PASS" starttime="20230522 14:03:45.890" endtime="20230522 14:03:45.975"/>
</kw>
<kw name="Set Variable" library="BuiltIn">
<var>${user_id}</var>
<arg>${response.json()['_id']}</arg>
<doc>Returns the given values which can then be assigned to a variables.</doc>
<msg timestamp="20230522 14:03:45.976" level="INFO">${user_id} = 3ipykQSZkSBvuBtP</msg>
<status status="PASS" starttime="20230522 14:03:45.975" endtime="20230522 14:03:45.976"/>
</kw>
<kw name="Set Global Variable" library="BuiltIn">
<arg>${USER_ID}</arg>
<arg>${user_id}</arg>
<doc>Makes a variable available globally in all tests and suites.</doc>
<msg timestamp="20230522 14:03:45.976" level="INFO">${USER_ID} = 3ipykQSZkSBvuBtP</msg>
<status status="PASS" starttime="20230522 14:03:45.976" endtime="20230522 14:03:45.976"/>
</kw>
<kw name="Set Test Variable" library="BuiltIn">
<arg>${response}</arg>
<doc>Makes a variable available everywhere within the scope of the current test.</doc>
<msg timestamp="20230522 14:03:45.977" level="INFO">${response} = &lt;Response [201]&gt;</msg>
<status status="PASS" starttime="20230522 14:03:45.976" endtime="20230522 14:03:45.977"/>
</kw>
<status status="PASS" starttime="20230522 14:03:45.889" endtime="20230522 14:03:45.977"/>
</kw>
<kw name="Then the response status code should be 201" library="test_keywords_users" sourcename="Then the response status code should be ${status_code}">
<kw name="Should Be Equal As Numbers" library="BuiltIn">
<arg>${response.status_code}</arg>
<arg>${status_code}</arg>
<doc>Fails if objects are unequal after converting them to real numbers.</doc>
<msg timestamp="20230522 14:03:45.978" level="INFO">Argument types are:
&lt;class 'int'&gt;
&lt;class 'str'&gt;</msg>
<status status="PASS" starttime="20230522 14:03:45.977" endtime="20230522 14:03:45.978"/>
</kw>
<kw name="Should Be True" library="BuiltIn">
<arg>${response.json()}</arg>
<doc>Fails if the given condition is not true.</doc>
<status status="PASS" starttime="20230522 14:03:45.978" endtime="20230522 14:03:45.979"/>
</kw>
<status status="PASS" starttime="20230522 14:03:45.977" endtime="20230522 14:03:45.979"/>
</kw>
<kw name="And the response body should not be empty" library="test_keywords_users">
<kw name="Should Not Be Empty" library="BuiltIn">
<arg>${response.json()}</arg>
<doc>Verifies that the given item is not empty.</doc>
<msg timestamp="20230522 14:03:45.980" level="INFO">Length is 2</msg>
<status status="PASS" starttime="20230522 14:03:45.979" endtime="20230522 14:03:45.980"/>
</kw>
<status status="PASS" starttime="20230522 14:03:45.979" endtime="20230522 14:03:45.980"/>
</kw>
<tag>api</tag>
<status status="PASS" starttime="20230522 14:03:45.884" endtime="20230522 14:03:45.980"/>
</test>
<test id="s1-s1-s1-t3" name="Scenario: Get a specific user informations" line="22">
<kw name="Before Tests" library="test_keywords_common" type="SETUP">
<kw name="Create Session" library="RequestsLibrary">
<arg>serverest</arg>
<arg>${SERVER_BASE_URL}</arg>
<arg>disable_warnings=True</arg>
<doc>Create Session: create a HTTP session to a server</doc>
<msg timestamp="20230522 14:03:45.981" level="INFO">Creating Session using : alias=serverest, url=https://serverest.dev, headers={},                     cookies={}, auth=None, timeout=None, proxies=None, verify=False,                     debug=0 </msg>
<status status="PASS" starttime="20230522 14:03:45.981" endtime="20230522 14:03:45.982"/>
</kw>
<status status="PASS" starttime="20230522 14:03:45.981" endtime="20230522 14:03:45.982"/>
</kw>
<kw name="When I request the created user" library="test_keywords_users">
<kw name="GET On Session" library="RequestsLibrary">
<var>${response}</var>
<arg>serverest</arg>
<arg>${USERS_API_ENDPOINT}/${USER_ID}</arg>
<doc>Sends a GET request on a previously created HTTP Session.</doc>
<msg timestamp="20230522 14:03:46.059" level="INFO">GET Request : url=https://serverest.dev/usuarios/3ipykQSZkSBvuBtP 
 path_url=/usuarios/3ipykQSZkSBvuBtP 
 headers={'User-Agent': 'python-requests/2.30.0', 'Accept-Encoding': 'gzip, deflate', 'Accept': '*/*', 'Connection': 'keep-alive'} 
 body=None 
 </msg>
<msg timestamp="20230522 14:03:46.059" level="INFO">GET Response : url=https://serverest.dev/usuarios/3ipykQSZkSBvuBtP 
 status=200, reason=OK 
 headers={'access-control-allow-origin': '*', 'x-dns-prefetch-control': 'off', 'x-frame-options': 'SAMEORIGIN', 'strict-transport-security': 'max-age=15552000; includeSubDomains', 'x-download-options': 'noopen', 'x-content-type-options': 'nosniff', 'x-xss-protection': '1; mode=block', 'x-moesif-transaction-id': '25069160-0cf4-42da-b53e-c8e75392d3b2', 'content-type': 'application/json; charset=utf-8', 'X-Cloud-Trace-Context': '3ceb3866cb618e49dc436d206c32c4c1', 'Date': 'Mon, 22 May 2023 14:03:46 GMT', 'Server': 'Google Frontend', 'Content-Length': '157'} 
 body={
    "nome": "Todd Norris",
    "email": "judy02@example.com",
    "password": "H7XpqJxRppKD",
    "administrador": "false",
    "_id": "3ipykQSZkSBvuBtP"
} 
 </msg>
<msg timestamp="20230522 14:03:46.059" level="INFO">${response} = &lt;Response [200]&gt;</msg>
<status status="PASS" starttime="20230522 14:03:45.982" endtime="20230522 14:03:46.059"/>
</kw>
<kw name="Set Test Variable" library="BuiltIn">
<arg>${response}</arg>
<doc>Makes a variable available everywhere within the scope of the current test.</doc>
<msg timestamp="20230522 14:03:46.060" level="INFO">${response} = &lt;Response [200]&gt;</msg>
<status status="PASS" starttime="20230522 14:03:46.059" endtime="20230522 14:03:46.060"/>
</kw>
<status status="PASS" starttime="20230522 14:03:45.982" endtime="20230522 14:03:46.060"/>
</kw>
<kw name="Then the response status code should be 200" library="test_keywords_users" sourcename="Then the response status code should be ${status_code}">
<kw name="Should Be Equal As Numbers" library="BuiltIn">
<arg>${response.status_code}</arg>
<arg>${status_code}</arg>
<doc>Fails if objects are unequal after converting them to real numbers.</doc>
<msg timestamp="20230522 14:03:46.061" level="INFO">Argument types are:
&lt;class 'int'&gt;
&lt;class 'str'&gt;</msg>
<status status="PASS" starttime="20230522 14:03:46.060" endtime="20230522 14:03:46.061"/>
</kw>
<kw name="Should Be True" library="BuiltIn">
<arg>${response.json()}</arg>
<doc>Fails if the given condition is not true.</doc>
<status status="PASS" starttime="20230522 14:03:46.061" endtime="20230522 14:03:46.062"/>
</kw>
<status status="PASS" starttime="20230522 14:03:46.060" endtime="20230522 14:03:46.062"/>
</kw>
<kw name="And the response body should not be empty" library="test_keywords_users">
<kw name="Should Not Be Empty" library="BuiltIn">
<arg>${response.json()}</arg>
<doc>Verifies that the given item is not empty.</doc>
<msg timestamp="20230522 14:03:46.063" level="INFO">Length is 5</msg>
<status status="PASS" starttime="20230522 14:03:46.062" endtime="20230522 14:03:46.063"/>
</kw>
<status status="PASS" starttime="20230522 14:03:46.062" endtime="20230522 14:03:46.063"/>
</kw>
<tag>api</tag>
<status status="PASS" starttime="20230522 14:03:45.980" endtime="20230522 14:03:46.063"/>
</test>
<test id="s1-s1-s1-t4" name="Scenario: Update the created user" line="28">
<kw name="Before Tests" library="test_keywords_common" type="SETUP">
<kw name="Create Session" library="RequestsLibrary">
<arg>serverest</arg>
<arg>${SERVER_BASE_URL}</arg>
<arg>disable_warnings=True</arg>
<doc>Create Session: create a HTTP session to a server</doc>
<msg timestamp="20230522 14:03:46.065" level="INFO">Creating Session using : alias=serverest, url=https://serverest.dev, headers={},                     cookies={}, auth=None, timeout=None, proxies=None, verify=False,                     debug=0 </msg>
<status status="PASS" starttime="20230522 14:03:46.064" endtime="20230522 14:03:46.065"/>
</kw>
<status status="PASS" starttime="20230522 14:03:46.064" endtime="20230522 14:03:46.065"/>
</kw>
<kw name="When I update the created user" library="test_keywords_users">
<kw name="Create Dictionary" library="BuiltIn">
<var>${payload}</var>
<arg>nome=John Smith</arg>
<arg>email=john.smith@example.com</arg>
<arg>password=P@ssw0rd123</arg>
<arg>administrador=false</arg>
<doc>Creates and returns a dictionary based on the given ``items``.</doc>
<msg timestamp="20230522 14:03:46.066" level="INFO">${payload} = {'nome': 'John Smith', 'email': 'john.smith@example.com', 'password': 'P@ssw0rd123', 'administrador': 'false'}</msg>
<status status="PASS" starttime="20230522 14:03:46.065" endtime="20230522 14:03:46.066"/>
</kw>
<kw name="Create Dictionary" library="BuiltIn">
<var>${headers}</var>
<arg>Content-Type=application/json</arg>
<doc>Creates and returns a dictionary based on the given ``items``.</doc>
<msg timestamp="20230522 14:03:46.066" level="INFO">${headers} = {'Content-Type': 'application/json'}</msg>
<status status="PASS" starttime="20230522 14:03:46.066" endtime="20230522 14:03:46.066"/>
</kw>
<kw name="PUT On Session" library="RequestsLibrary">
<var>${response}</var>
<arg>serverest</arg>
<arg>${USERS_API_ENDPOINT}/${USER_ID}</arg>
<arg>json=${payload}</arg>
<arg>headers=${headers}</arg>
<doc>Sends a PUT request on a previously created HTTP Session.</doc>
<msg timestamp="20230522 14:03:46.149" level="INFO">PUT Request : url=https://serverest.dev/usuarios/3ipykQSZkSBvuBtP 
 path_url=/usuarios/3ipykQSZkSBvuBtP 
 headers={'User-Agent': 'python-requests/2.30.0', 'Accept-Encoding': 'gzip, deflate', 'Accept': '*/*', 'Connection': 'keep-alive', 'Content-Type': 'application/json', 'Content-Length': '110'} 
 body=b'{"nome": "John Smith", "email": "john.smith@example.com", "password": "P@ssw0rd123", "administrador": "false"}' 
 </msg>
<msg timestamp="20230522 14:03:46.149" level="INFO">PUT Response : url=https://serverest.dev/usuarios/3ipykQSZkSBvuBtP 
 status=200, reason=OK 
 headers={'access-control-allow-origin': '*', 'x-dns-prefetch-control': 'off', 'x-frame-options': 'SAMEORIGIN', 'strict-transport-security': 'max-age=15552000; includeSubDomains', 'x-download-options': 'noopen', 'x-content-type-options': 'nosniff', 'x-xss-protection': '1; mode=block', 'x-moesif-transaction-id': '8220cbfd-d4a3-47d2-9d50-bc4786727997', 'content-type': 'application/json; charset=utf-8', 'X-Cloud-Trace-Context': '8cabe37c0bc055ba859640f2b8fc3298', 'Date': 'Mon, 22 May 2023 14:03:46 GMT', 'Server': 'Google Frontend', 'Content-Length': '50'} 
 body={
    "message": "Registro alterado com sucesso"
} 
 </msg>
<msg timestamp="20230522 14:03:46.149" level="INFO">${response} = &lt;Response [200]&gt;</msg>
<status status="PASS" starttime="20230522 14:03:46.066" endtime="20230522 14:03:46.149"/>
</kw>
<kw name="Set Test Variable" library="BuiltIn">
<arg>${response}</arg>
<doc>Makes a variable available everywhere within the scope of the current test.</doc>
<msg timestamp="20230522 14:03:46.150" level="INFO">${response} = &lt;Response [200]&gt;</msg>
<status status="PASS" starttime="20230522 14:03:46.150" endtime="20230522 14:03:46.150"/>
</kw>
<status status="PASS" starttime="20230522 14:03:46.065" endtime="20230522 14:03:46.150"/>
</kw>
<kw name="Then the response status code should be 200" library="test_keywords_users" sourcename="Then the response status code should be ${status_code}">
<kw name="Should Be Equal As Numbers" library="BuiltIn">
<arg>${response.status_code}</arg>
<arg>${status_code}</arg>
<doc>Fails if objects are unequal after converting them to real numbers.</doc>
<msg timestamp="20230522 14:03:46.151" level="INFO">Argument types are:
&lt;class 'int'&gt;
&lt;class 'str'&gt;</msg>
<status status="PASS" starttime="20230522 14:03:46.150" endtime="20230522 14:03:46.151"/>
</kw>
<kw name="Should Be True" library="BuiltIn">
<arg>${response.json()}</arg>
<doc>Fails if the given condition is not true.</doc>
<status status="PASS" starttime="20230522 14:03:46.151" endtime="20230522 14:03:46.152"/>
</kw>
<status status="PASS" starttime="20230522 14:03:46.150" endtime="20230522 14:03:46.152"/>
</kw>
<kw name="And the response body should not be empty" library="test_keywords_users">
<kw name="Should Not Be Empty" library="BuiltIn">
<arg>${response.json()}</arg>
<doc>Verifies that the given item is not empty.</doc>
<msg timestamp="20230522 14:03:46.153" level="INFO">Length is 1</msg>
<status status="PASS" starttime="20230522 14:03:46.152" endtime="20230522 14:03:46.153"/>
</kw>
<status status="PASS" starttime="20230522 14:03:46.152" endtime="20230522 14:03:46.153"/>
</kw>
<tag>api</tag>
<status status="PASS" starttime="20230522 14:03:46.064" endtime="20230522 14:03:46.153"/>
</test>
<test id="s1-s1-s1-t5" name="Scenario: Delete the created user" line="34">
<kw name="Before Tests" library="test_keywords_common" type="SETUP">
<kw name="Create Session" library="RequestsLibrary">
<arg>serverest</arg>
<arg>${SERVER_BASE_URL}</arg>
<arg>disable_warnings=True</arg>
<doc>Create Session: create a HTTP session to a server</doc>
<msg timestamp="20230522 14:03:46.155" level="INFO">Creating Session using : alias=serverest, url=https://serverest.dev, headers={},                     cookies={}, auth=None, timeout=None, proxies=None, verify=False,                     debug=0 </msg>
<status status="PASS" starttime="20230522 14:03:46.154" endtime="20230522 14:03:46.155"/>
</kw>
<status status="PASS" starttime="20230522 14:03:46.154" endtime="20230522 14:03:46.155"/>
</kw>
<kw name="When I delete the created user" library="test_keywords_users">
<kw name="DELETE On Session" library="RequestsLibrary">
<var>${response}</var>
<arg>serverest</arg>
<arg>${USERS_API_ENDPOINT}/${USER_ID}</arg>
<doc>Sends a DELETE request on a previously created HTTP Session.</doc>
<msg timestamp="20230522 14:03:46.234" level="INFO">DELETE Request : url=https://serverest.dev/usuarios/3ipykQSZkSBvuBtP 
 path_url=/usuarios/3ipykQSZkSBvuBtP 
 headers={'User-Agent': 'python-requests/2.30.0', 'Accept-Encoding': 'gzip, deflate', 'Accept': '*/*', 'Connection': 'keep-alive', 'Content-Length': '0'} 
 body=None 
 </msg>
<msg timestamp="20230522 14:03:46.234" level="INFO">DELETE Response : url=https://serverest.dev/usuarios/3ipykQSZkSBvuBtP 
 status=200, reason=OK 
 headers={'access-control-allow-origin': '*', 'x-dns-prefetch-control': 'off', 'x-frame-options': 'SAMEORIGIN', 'strict-transport-security': 'max-age=15552000; includeSubDomains', 'x-download-options': 'noopen', 'x-content-type-options': 'nosniff', 'x-xss-protection': '1; mode=block', 'x-moesif-transaction-id': 'ee866f22-62e6-46fc-970a-351cf7475fc1', 'content-type': 'application/json; charset=utf-8', 'X-Cloud-Trace-Context': '137ca586e5fac45ed26a2669dcfa9b2c', 'Date': 'Mon, 22 May 2023 14:03:46 GMT', 'Server': 'Google Frontend', 'Content-Length': '51'} 
 body={
    "message": "Registro excluído com sucesso"
} 
 </msg>
<msg timestamp="20230522 14:03:46.235" level="INFO">${response} = &lt;Response [200]&gt;</msg>
<status status="PASS" starttime="20230522 14:03:46.155" endtime="20230522 14:03:46.235"/>
</kw>
<kw name="Set Test Variable" library="BuiltIn">
<arg>${response}</arg>
<doc>Makes a variable available everywhere within the scope of the current test.</doc>
<msg timestamp="20230522 14:03:46.235" level="INFO">${response} = &lt;Response [200]&gt;</msg>
<status status="PASS" starttime="20230522 14:03:46.235" endtime="20230522 14:03:46.235"/>
</kw>
<status status="PASS" starttime="20230522 14:03:46.155" endtime="20230522 14:03:46.235"/>
</kw>
<kw name="Then the response status code should be 200" library="test_keywords_users" sourcename="Then the response status code should be ${status_code}">
<kw name="Should Be Equal As Numbers" library="BuiltIn">
<arg>${response.status_code}</arg>
<arg>${status_code}</arg>
<doc>Fails if objects are unequal after converting them to real numbers.</doc>
<msg timestamp="20230522 14:03:46.236" level="INFO">Argument types are:
&lt;class 'int'&gt;
&lt;class 'str'&gt;</msg>
<status status="PASS" starttime="20230522 14:03:46.236" endtime="20230522 14:03:46.236"/>
</kw>
<kw name="Should Be True" library="BuiltIn">
<arg>${response.json()}</arg>
<doc>Fails if the given condition is not true.</doc>
<status status="PASS" starttime="20230522 14:03:46.236" endtime="20230522 14:03:46.237"/>
</kw>
<status status="PASS" starttime="20230522 14:03:46.235" endtime="20230522 14:03:46.237"/>
</kw>
<kw name="And the response body should not be empty" library="test_keywords_users">
<kw name="Should Not Be Empty" library="BuiltIn">
<arg>${response.json()}</arg>
<doc>Verifies that the given item is not empty.</doc>
<msg timestamp="20230522 14:03:46.238" level="INFO">Length is 1</msg>
<status status="PASS" starttime="20230522 14:03:46.238" endtime="20230522 14:03:46.238"/>
</kw>
<status status="PASS" starttime="20230522 14:03:46.237" endtime="20230522 14:03:46.238"/>
</kw>
<tag>api</tag>
<status status="PASS" starttime="20230522 14:03:46.154" endtime="20230522 14:03:46.238"/>
</test>
<status status="PASS" starttime="20230522 14:03:45.294" endtime="20230522 14:03:46.239"/>
</suite>
<status status="PASS" starttime="20230522 14:03:45.292" endtime="20230522 14:03:46.240"/>
</suite>
<suite id="s1-s2" name="Ui" source="/home/runner/work/gen-ai-robot-test/gen-ai-robot-test/tests/ui">
<suite id="s1-s2-s1" name="Test Ui Signup" source="/home/runner/work/gen-ai-robot-test/gen-ai-robot-test/tests/ui/test_ui_signup.robot">
<test id="s1-s2-s1-t1" name="Scenario: Signup with empty fields" line="10">
<kw name="Before Tests" library="test_keywords_common" type="SETUP">
<kw name="Open Browser" library="SeleniumLibrary">
<arg>${SERVER_BASE_URL}</arg>
<arg>${HEADLESS} ${BROWSER}</arg>
<doc>Opens a new browser instance to the optional ``url``.</doc>
<msg timestamp="20230522 14:03:46.250" level="INFO">Opening browser 'headless Chrome' to base url 'https://front.serverest.dev/'.</msg>
<status status="PASS" starttime="20230522 14:03:46.250" endtime="20230522 14:03:48.106"/>
</kw>
<kw name="Maximize Browser Window" library="SeleniumLibrary">
<doc>Maximizes current browser window.</doc>
<status status="PASS" starttime="20230522 14:03:48.107" endtime="20230522 14:03:48.211"/>
</kw>
<status status="PASS" starttime="20230522 14:03:46.249" endtime="20230522 14:03:48.211"/>
</kw>
<kw name="Given Im on the signup page" library="test_keywords_signup">
<kw name="Location Should Be" library="SeleniumLibrary">
<arg>https://front.serverest.dev/login</arg>
<doc>Verifies that the current URL is exactly ``url``.</doc>
<msg timestamp="20230522 14:03:48.217" level="INFO">Current location is 'https://front.serverest.dev/login'.</msg>
<status status="PASS" starttime="20230522 14:03:48.212" endtime="20230522 14:03:48.217"/>
</kw>
<kw name="Click Element" library="SeleniumLibrary">
<arg>css=a.btn.btn-link</arg>
<doc>Click the element identified by ``locator``.</doc>
<msg timestamp="20230522 14:03:48.218" level="INFO">Clicking element 'css=a.btn.btn-link'.</msg>
<status status="PASS" starttime="20230522 14:03:48.217" endtime="20230522 14:03:48.276"/>
</kw>
<status status="PASS" starttime="20230522 14:03:48.211" endtime="20230522 14:03:48.276"/>
</kw>
<kw name="When I click in signup" library="test_keywords_signup">
<kw name="Click Button" library="SeleniumLibrary">
<arg>css=.btn.btn-primary</arg>
<doc>Clicks the button identified by ``locator``.</doc>
<msg timestamp="20230522 14:03:48.277" level="INFO">Clicking button 'css=.btn.btn-primary'.</msg>
<status status="PASS" starttime="20230522 14:03:48.276" endtime="20230522 14:03:48.338"/>
</kw>
<status status="PASS" starttime="20230522 14:03:48.276" endtime="20230522 14:03:48.338"/>
</kw>
<kw name="Then required field messages should be displayed" library="test_keywords_signup">
<kw name="Wait Until Element Is Visible" library="SeleniumLibrary">
<arg>css=.alert-dismissible</arg>
<arg>timeout=10s</arg>
<doc>Waits until the element ``locator`` is visible.</doc>
<status status="PASS" starttime="20230522 14:03:48.339" endtime="20230522 14:03:48.572"/>
</kw>
<kw name="Element Should Be Visible" library="SeleniumLibrary">
<arg>css=.alert-dismissible</arg>
<doc>Verifies that the element identified by ``locator`` is visible.</doc>
<msg timestamp="20230522 14:03:48.591" level="INFO">Element 'css=.alert-dismissible' is displayed.</msg>
<status status="PASS" starttime="20230522 14:03:48.572" endtime="20230522 14:03:48.592"/>
</kw>
<kw name="Page Should Contain" library="SeleniumLibrary">
<arg>Nome é obrigatório</arg>
<doc>Verifies that current page contains ``text``.</doc>
<msg timestamp="20230522 14:03:48.605" level="INFO">Current page contains text 'Nome é obrigatório'.</msg>
<status status="PASS" starttime="20230522 14:03:48.592" endtime="20230522 14:03:48.606"/>
</kw>
<kw name="Page Should Contain" library="SeleniumLibrary">
<arg>Email é obrigatório</arg>
<doc>Verifies that current page contains ``text``.</doc>
<msg timestamp="20230522 14:03:48.618" level="INFO">Current page contains text 'Email é obrigatório'.</msg>
<status status="PASS" starttime="20230522 14:03:48.606" endtime="20230522 14:03:48.618"/>
</kw>
<kw name="Page Should Contain" library="SeleniumLibrary">
<arg>Password é obrigatório</arg>
<doc>Verifies that current page contains ``text``.</doc>
<msg timestamp="20230522 14:03:48.630" level="INFO">Current page contains text 'Password é obrigatório'.</msg>
<status status="PASS" starttime="20230522 14:03:48.618" endtime="20230522 14:03:48.630"/>
</kw>
<status status="PASS" starttime="20230522 14:03:48.338" endtime="20230522 14:03:48.630"/>
</kw>
<kw name="After Tests" library="test_keywords_common" type="TEARDOWN">
<kw name="Close Browser" library="SeleniumLibrary">
<doc>Closes the current browser.</doc>
<status status="PASS" starttime="20230522 14:03:48.631" endtime="20230522 14:03:48.685"/>
</kw>
<status status="PASS" starttime="20230522 14:03:48.630" endtime="20230522 14:03:48.685"/>
</kw>
<tag>ui</tag>
<status status="PASS" starttime="20230522 14:03:46.249" endtime="20230522 14:03:48.686"/>
</test>
<test id="s1-s2-s1-t2" name="Scenario: Signup done successfully" line="16">
<kw name="Before Tests" library="test_keywords_common" type="SETUP">
<kw name="Open Browser" library="SeleniumLibrary">
<arg>${SERVER_BASE_URL}</arg>
<arg>${HEADLESS} ${BROWSER}</arg>
<doc>Opens a new browser instance to the optional ``url``.</doc>
<msg timestamp="20230522 14:03:48.688" level="INFO">Opening browser 'headless Chrome' to base url 'https://front.serverest.dev/'.</msg>
<status status="PASS" starttime="20230522 14:03:48.687" endtime="20230522 14:03:50.076"/>
</kw>
<kw name="Maximize Browser Window" library="SeleniumLibrary">
<doc>Maximizes current browser window.</doc>
<status status="PASS" starttime="20230522 14:03:50.077" endtime="20230522 14:03:50.180"/>
</kw>
<status status="PASS" starttime="20230522 14:03:48.687" endtime="20230522 14:03:50.180"/>
</kw>
<kw name="Given Im on the signup page" library="test_keywords_signup">
<kw name="Location Should Be" library="SeleniumLibrary">
<arg>https://front.serverest.dev/login</arg>
<doc>Verifies that the current URL is exactly ``url``.</doc>
<msg timestamp="20230522 14:03:50.185" level="INFO">Current location is 'https://front.serverest.dev/login'.</msg>
<status status="PASS" starttime="20230522 14:03:50.181" endtime="20230522 14:03:50.185"/>
</kw>
<kw name="Click Element" library="SeleniumLibrary">
<arg>css=a.btn.btn-link</arg>
<doc>Click the element identified by ``locator``.</doc>
<msg timestamp="20230522 14:03:50.186" level="INFO">Clicking element 'css=a.btn.btn-link'.</msg>
<status status="PASS" starttime="20230522 14:03:50.185" endtime="20230522 14:03:50.239"/>
</kw>
<status status="PASS" starttime="20230522 14:03:50.180" endtime="20230522 14:03:50.239"/>
</kw>
<kw name="And I fill in the signup fields with valid data" library="test_keywords_signup">
<kw name="Name" library="FakerLibrary">
<var>${name}</var>
<doc>:example 'John Doe'</doc>
<msg timestamp="20230522 14:03:50.240" level="INFO">${name} = Jesus Blankenship</msg>
<status status="PASS" starttime="20230522 14:03:50.239" endtime="20230522 14:03:50.240"/>
</kw>
<kw name="Email" library="FakerLibrary">
<var>${email}</var>
<msg timestamp="20230522 14:03:50.240" level="INFO">${email} = wilsonkenneth@example.com</msg>
<status status="PASS" starttime="20230522 14:03:50.240" endtime="20230522 14:03:50.241"/>
</kw>
<kw name="Password" library="FakerLibrary">
<var>${password}</var>
<arg>length=12</arg>
<arg>special_chars=False</arg>
<doc>Generate a random password of the specified ``length``.</doc>
<msg timestamp="20230522 14:03:50.241" level="INFO">${password} = 36HuwijeFJmg</msg>
<status status="PASS" starttime="20230522 14:03:50.241" endtime="20230522 14:03:50.241"/>
</kw>
<kw name="Input Text" library="SeleniumLibrary">
<arg>id:nome</arg>
<arg>${name}</arg>
<doc>Types the given ``text`` into the text field identified by ``locator``.</doc>
<msg timestamp="20230522 14:03:50.242" level="INFO">Typing text 'Jesus Blankenship' into text field 'id:nome'.</msg>
<status status="PASS" starttime="20230522 14:03:50.241" endtime="20230522 14:03:50.354"/>
</kw>
<kw name="Input Text" library="SeleniumLibrary">
<arg>id:email</arg>
<arg>${email}</arg>
<doc>Types the given ``text`` into the text field identified by ``locator``.</doc>
<msg timestamp="20230522 14:03:50.355" level="INFO">Typing text 'wilsonkenneth@example.com' into text field 'id:email'.</msg>
<status status="PASS" starttime="20230522 14:03:50.355" endtime="20230522 14:03:50.455"/>
</kw>
<kw name="Input Text" library="SeleniumLibrary">
<arg>id:password</arg>
<arg>${password}</arg>
<doc>Types the given ``text`` into the text field identified by ``locator``.</doc>
<msg timestamp="20230522 14:03:50.456" level="INFO">Typing text '36HuwijeFJmg' into text field 'id:password'.</msg>
<status status="PASS" starttime="20230522 14:03:50.456" endtime="20230522 14:03:50.546"/>
</kw>
<kw name="Select Checkbox" library="SeleniumLibrary">
<arg>id=administrador</arg>
<doc>Selects the checkbox identified by ``locator``.</doc>
<msg timestamp="20230522 14:03:50.547" level="INFO">Selecting checkbox 'id=administrador'.</msg>
<status status="PASS" starttime="20230522 14:03:50.547" endtime="20230522 14:03:50.615"/>
</kw>
<kw name="Set Suite Variable" library="BuiltIn">
<arg>${name}</arg>
<doc>Makes a variable available everywhere within the scope of the current suite.</doc>
<msg timestamp="20230522 14:03:50.615" level="INFO">${name} = Jesus Blankenship</msg>
<status status="PASS" starttime="20230522 14:03:50.615" endtime="20230522 14:03:50.616"/>
</kw>
<kw name="Set Suite Variable" library="BuiltIn">
<arg>${email}</arg>
<doc>Makes a variable available everywhere within the scope of the current suite.</doc>
<msg timestamp="20230522 14:03:50.616" level="INFO">${email} = wilsonkenneth@example.com</msg>
<status status="PASS" starttime="20230522 14:03:50.616" endtime="20230522 14:03:50.616"/>
</kw>
<kw name="Set Suite Variable" library="BuiltIn">
<arg>${password}</arg>
<doc>Makes a variable available everywhere within the scope of the current suite.</doc>
<msg timestamp="20230522 14:03:50.616" level="INFO">${password} = 36HuwijeFJmg</msg>
<status status="PASS" starttime="20230522 14:03:50.616" endtime="20230522 14:03:50.616"/>
</kw>
<status status="PASS" starttime="20230522 14:03:50.239" endtime="20230522 14:03:50.616"/>
</kw>
<kw name="When I click in signup" library="test_keywords_signup">
<kw name="Click Button" library="SeleniumLibrary">
<arg>css=.btn.btn-primary</arg>
<doc>Clicks the button identified by ``locator``.</doc>
<msg timestamp="20230522 14:03:50.617" level="INFO">Clicking button 'css=.btn.btn-primary'.</msg>
<status status="PASS" starttime="20230522 14:03:50.617" endtime="20230522 14:03:50.673"/>
</kw>
<status status="PASS" starttime="20230522 14:03:50.616" endtime="20230522 14:03:50.673"/>
</kw>
<kw name="Then the page should contain the text &quot;Cadastro realizado com sucesso&quot;" library="test_keywords_signup" sourcename="Then the page should contain the text &quot;${expected_text}&quot;">
<kw name="Wait Until Element Is Visible" library="SeleniumLibrary">
<arg>css=.alert-dismissible</arg>
<arg>timeout=10s</arg>
<doc>Waits until the element ``locator`` is visible.</doc>
<status status="PASS" starttime="20230522 14:03:50.673" endtime="20230522 14:03:50.905"/>
</kw>
<kw name="Element Should Be Visible" library="SeleniumLibrary">
<arg>css=.alert-dismissible</arg>
<doc>Verifies that the element identified by ``locator`` is visible.</doc>
<msg timestamp="20230522 14:03:50.922" level="INFO">Element 'css=.alert-dismissible' is displayed.</msg>
<status status="PASS" starttime="20230522 14:03:50.905" endtime="20230522 14:03:50.922"/>
</kw>
<kw name="Page Should Contain" library="SeleniumLibrary">
<arg>${expected_text}</arg>
<doc>Verifies that current page contains ``text``.</doc>
<msg timestamp="20230522 14:03:50.935" level="INFO">Current page contains text 'Cadastro realizado com sucesso'.</msg>
<status status="PASS" starttime="20230522 14:03:50.922" endtime="20230522 14:03:50.935"/>
</kw>
<status status="PASS" starttime="20230522 14:03:50.673" endtime="20230522 14:03:50.935"/>
</kw>
<kw name="After Tests" library="test_keywords_common" type="TEARDOWN">
<kw name="Close Browser" library="SeleniumLibrary">
<doc>Closes the current browser.</doc>
<status status="PASS" starttime="20230522 14:03:50.935" endtime="20230522 14:03:50.991"/>
</kw>
<status status="PASS" starttime="20230522 14:03:50.935" endtime="20230522 14:03:50.991"/>
</kw>
<tag>ui</tag>
<status status="PASS" starttime="20230522 14:03:48.686" endtime="20230522 14:03:50.991"/>
</test>
<test id="s1-s2-s1-t3" name="Scenario: Signup with already used email" line="23">
<kw name="Before Tests" library="test_keywords_common" type="SETUP">
<kw name="Open Browser" library="SeleniumLibrary">
<arg>${SERVER_BASE_URL}</arg>
<arg>${HEADLESS} ${BROWSER}</arg>
<doc>Opens a new browser instance to the optional ``url``.</doc>
<msg timestamp="20230522 14:03:50.993" level="INFO">Opening browser 'headless Chrome' to base url 'https://front.serverest.dev/'.</msg>
<status status="PASS" starttime="20230522 14:03:50.993" endtime="20230522 14:03:52.353"/>
</kw>
<kw name="Maximize Browser Window" library="SeleniumLibrary">
<doc>Maximizes current browser window.</doc>
<status status="PASS" starttime="20230522 14:03:52.353" endtime="20230522 14:03:52.456"/>
</kw>
<status status="PASS" starttime="20230522 14:03:50.992" endtime="20230522 14:03:52.457"/>
</kw>
<kw name="Given Im on the signup page" library="test_keywords_signup">
<kw name="Location Should Be" library="SeleniumLibrary">
<arg>https://front.serverest.dev/login</arg>
<doc>Verifies that the current URL is exactly ``url``.</doc>
<msg timestamp="20230522 14:03:52.462" level="INFO">Current location is 'https://front.serverest.dev/login'.</msg>
<status status="PASS" starttime="20230522 14:03:52.457" endtime="20230522 14:03:52.462"/>
</kw>
<kw name="Click Element" library="SeleniumLibrary">
<arg>css=a.btn.btn-link</arg>
<doc>Click the element identified by ``locator``.</doc>
<msg timestamp="20230522 14:03:52.463" level="INFO">Clicking element 'css=a.btn.btn-link'.</msg>
<status status="PASS" starttime="20230522 14:03:52.462" endtime="20230522 14:03:52.516"/>
</kw>
<status status="PASS" starttime="20230522 14:03:52.457" endtime="20230522 14:03:52.516"/>
</kw>
<kw name="And I fill in the signup fields with an email already registered" library="test_keywords_signup">
<kw name="Input Text" library="SeleniumLibrary">
<arg>id:nome</arg>
<arg>${name}</arg>
<doc>Types the given ``text`` into the text field identified by ``locator``.</doc>
<msg timestamp="20230522 14:03:52.517" level="INFO">Typing text 'Jesus Blankenship' into text field 'id:nome'.</msg>
<status status="PASS" starttime="20230522 14:03:52.516" endtime="20230522 14:03:52.632"/>
</kw>
<kw name="Input Text" library="SeleniumLibrary">
<arg>id:email</arg>
<arg>${email}</arg>
<doc>Types the given ``text`` into the text field identified by ``locator``.</doc>
<msg timestamp="20230522 14:03:52.633" level="INFO">Typing text 'wilsonkenneth@example.com' into text field 'id:email'.</msg>
<status status="PASS" starttime="20230522 14:03:52.633" endtime="20230522 14:03:52.746"/>
</kw>
<kw name="Input Text" library="SeleniumLibrary">
<arg>id:password</arg>
<arg>${password}</arg>
<doc>Types the given ``text`` into the text field identified by ``locator``.</doc>
<msg timestamp="20230522 14:03:52.747" level="INFO">Typing text '36HuwijeFJmg' into text field 'id:password'.</msg>
<status status="PASS" starttime="20230522 14:03:52.746" endtime="20230522 14:03:52.839"/>
</kw>
<kw name="Select Checkbox" library="SeleniumLibrary">
<arg>id=administrador</arg>
<doc>Selects the checkbox identified by ``locator``.</doc>
<msg timestamp="20230522 14:03:52.839" level="INFO">Selecting checkbox 'id=administrador'.</msg>
<status status="PASS" starttime="20230522 14:03:52.839" endtime="20230522 14:03:52.908"/>
</kw>
<status status="PASS" starttime="20230522 14:03:52.516" endtime="20230522 14:03:52.908"/>
</kw>
<kw name="When I click in signup" library="test_keywords_signup">
<kw name="Click Button" library="SeleniumLibrary">
<arg>css=.btn.btn-primary</arg>
<doc>Clicks the button identified by ``locator``.</doc>
<msg timestamp="20230522 14:03:52.909" level="INFO">Clicking button 'css=.btn.btn-primary'.</msg>
<status status="PASS" starttime="20230522 14:03:52.909" endtime="20230522 14:03:52.966"/>
</kw>
<status status="PASS" starttime="20230522 14:03:52.908" endtime="20230522 14:03:52.966"/>
</kw>
<kw name="Then the page should contain the text &quot;Este email já está sendo usado&quot;" library="test_keywords_signup" sourcename="Then the page should contain the text &quot;${expected_text}&quot;">
<kw name="Wait Until Element Is Visible" library="SeleniumLibrary">
<arg>css=.alert-dismissible</arg>
<arg>timeout=10s</arg>
<doc>Waits until the element ``locator`` is visible.</doc>
<status status="PASS" starttime="20230522 14:03:52.967" endtime="20230522 14:03:53.197"/>
</kw>
<kw name="Element Should Be Visible" library="SeleniumLibrary">
<arg>css=.alert-dismissible</arg>
<doc>Verifies that the element identified by ``locator`` is visible.</doc>
<msg timestamp="20230522 14:03:53.214" level="INFO">Element 'css=.alert-dismissible' is displayed.</msg>
<status status="PASS" starttime="20230522 14:03:53.197" endtime="20230522 14:03:53.215"/>
</kw>
<kw name="Page Should Contain" library="SeleniumLibrary">
<arg>${expected_text}</arg>
<doc>Verifies that current page contains ``text``.</doc>
<msg timestamp="20230522 14:03:53.228" level="INFO">Current page contains text 'Este email já está sendo usado'.</msg>
<status status="PASS" starttime="20230522 14:03:53.215" endtime="20230522 14:03:53.228"/>
</kw>
<status status="PASS" starttime="20230522 14:03:52.966" endtime="20230522 14:03:53.228"/>
</kw>
<kw name="After Tests" library="test_keywords_common" type="TEARDOWN">
<kw name="Close Browser" library="SeleniumLibrary">
<doc>Closes the current browser.</doc>
<status status="PASS" starttime="20230522 14:03:53.229" endtime="20230522 14:03:53.284"/>
</kw>
<status status="PASS" starttime="20230522 14:03:53.229" endtime="20230522 14:03:53.284"/>
</kw>
<tag>ui</tag>
<status status="PASS" starttime="20230522 14:03:50.992" endtime="20230522 14:03:53.284"/>
</test>
<status status="PASS" starttime="20230522 14:03:46.242" endtime="20230522 14:03:53.285"/>
</suite>
<status status="PASS" starttime="20230522 14:03:46.241" endtime="20230522 14:03:53.286"/>
</suite>
<status status="PASS" starttime="20230522 14:03:45.274" endtime="20230522 14:03:53.287"/>
</suite>
<statistics>
<total>
<stat pass="8" fail="0" skip="0">All Tests</stat>
</total>
<tag>
<stat pass="5" fail="0" skip="0">api</stat>
<stat pass="3" fail="0" skip="0">ui</stat>
</tag>
<suite>
<stat pass="8" fail="0" skip="0" id="s1" name="Tests">Tests</stat>
<stat pass="5" fail="0" skip="0" id="s1-s1" name="Api">Tests.Api</stat>
<stat pass="5" fail="0" skip="0" id="s1-s1-s1" name="Test Api Users">Tests.Api.Test Api Users</stat>
<stat pass="3" fail="0" skip="0" id="s1-s2" name="Ui">Tests.Ui</stat>
<stat pass="3" fail="0" skip="0" id="s1-s2-s1" name="Test Ui Signup">Tests.Ui.Test Ui Signup</stat>
</suite>
</statistics>
<errors>
</errors>
</robot>
