<?xml version="1.0" encoding="UTF-8"?>
<robot generator="Robot 7.0 (Python 3.8.18 on linux)" generated="2024-02-27T00:10:39.488047" rpa="false" schemaversion="5">
<suite id="s1" name="Tests" source="/home/runner/work/gen-ai-robot-test/gen-ai-robot-test/tests">
<suite id="s1-s1" name="Api" source="/home/runner/work/gen-ai-robot-test/gen-ai-robot-test/tests/api">
<suite id="s1-s1-s1" name="Test Api Users" source="/home/runner/work/gen-ai-robot-test/gen-ai-robot-test/tests/api/test_api_users.robot">
<test id="s1-s1-s1-t1" name="Scenario: Get all registered users" line="9">
<kw name="Before Tests" owner="test_keywords_common" type="SETUP">
<kw name="Create Session" owner="RequestsLibrary">
<msg time="2024-02-27T00:10:40.007440" level="INFO">Creating Session using : alias=serverest, url=https://serverest.dev, headers={},                     cookies={}, auth=None, timeout=None, proxies=None, verify=False,                     debug=0 </msg>
<arg>serverest</arg>
<arg>${SERVER_BASE_URL}</arg>
<arg>disable_warnings=True</arg>
<doc>Create Session: create a HTTP session to a server</doc>
<status status="PASS" start="2024-02-27T00:10:40.007096" elapsed="0.000647"/>
</kw>
<status status="PASS" start="2024-02-27T00:10:40.005763" elapsed="0.002106"/>
</kw>
<kw name="When I request the list of all registered users" owner="test_keywords_users">
<kw name="GET On Session" owner="RequestsLibrary">
<msg time="2024-02-27T00:10:40.133044" level="INFO">GET Request : url=https://serverest.dev/usuarios 
 path_url=/usuarios 
 headers={'User-Agent': 'python-requests/2.31.0', 'Accept-Encoding': 'gzip, deflate', 'Accept': '*/*', 'Connection': 'keep-alive'} 
 body=None 
 </msg>
<msg time="2024-02-27T00:10:40.133176" level="INFO">GET Response : url=https://serverest.dev/usuarios 
 status=200, reason=OK 
 headers={'access-control-allow-origin': '*', 'x-dns-prefetch-control': 'off', 'x-frame-options': 'SAMEORIGIN', 'strict-transport-security': 'max-age=15552000; includeSubDomains', 'x-download-options': 'noopen', 'x-content-type-options': 'nosniff', 'x-xss-protection': '1; mode=block', 'content-type': 'application/json; charset=utf-8', 'X-Cloud-Trace-Context': '6a62aaff7231fc7649efce4462f57a66;o=1', 'Date': 'Tue, 27 Feb 2024 00:10:40 GMT', 'Server': 'Google Frontend', 'Content-Length': '7493'} 
 body={
    "quantidade": 35,
    "usuarios": [
        {
            "nome": "Fulano da Silva",
            "email": "fulano@qa.com",
            "password": "teste",
            "administrador": "true",
            "_id": "0uxuPY0cbmQhpEz1"
        },
        {
            "nome": "João Guilherme Campos",
            "email": "portodavi-lucas@example.com",
            "password": "luigi",
            "administrador": "true",
            "_id": "2MDYUcUTovWsmf6I"
        },
        {
            "nome": "Msgr. Olin Stamm",
            "email": "willian@gmail.com",
            "password": "true",
            "administrador": "true",
            "_id": "7HEEO3ryk5iyG7ao"
        },
        {
            "nome": "Teste Quantidade",
            "email": "rafa20998@teste.com",
            "password": "123",
            "administrador": "true",
            "_id": "8KJzTfvKk27V3OhT"
        },
        {
            "nome": "Valentina Nascimento",
            "email": "maria-clara38@example.net",
            "password": "luigi",
            "administrador": "true",
            "_id": "BRZ3tVyU0xy5em2d"
        },
        {
            "nome": "Sr. Paulo Rodrigues",
            "email": "emanuelcastro@example.com",
            "password": "luigi",
            "administrador": "true",
            "_id": "EiXIsm5XXq17c3n5"
        },
        {
            "nome": "guilherme2",
            "email": "guilherme@blabla.com",
            "password": "123456",
            "administrador": "false",
            "_id": "F23bEDJxbEgkIRIp"
        },
        {
            "nome": "Silvana",
            "email": "souza.silvana-ext@grupocasasbahia.com.br",
            "password": "123456",
            "administrador": "false",
            "_id": "HawcPk1TnOnuGTHo"
        },
        {
            "nome": "Teste Quantidade",
            "email": "rafa29910@teste.com",
            "password": "123",
            "administrador": "true",
            "_id": "IqsXdRlvDUnZ7OUh"
        },
        {
            "nome": "Teste Quantidade",
            "email": "rafa2000445@teste.com",
            "password": "123",
            "administrador": "true",
            "_id": "K6z2aJFtq6h7q58j"
        },
        {
            "nome": "Thales Oliveira",
            "email": "qpires@example.com",
            "password": "luigi",
            "administrador": "true",
            "_id": "LxvcUM0PZABiYs0y"
        },
        {
            "nome": "Nubia Gessi",
            "email": "nubia@qa.com.br",
            "password": "senha-nova",
            "administrador": "true",
            "_id": "MWZ4JYm8x4QSrvns"
        },
        {
            "nome": "Fulano da Silva",
            "email": "beltrano2@qa.com.br",
            "password": "teste",
            "administrador": "true",
            "_id": "MYkubYneAQyhrXUj"
        },
        {
            "nome": "Prof. Dorthea Flatley",
            "email": "quintin@gmail.com",
            "password": "true",
            "administrador": "true",
            "_id": "QK78JQWMmrrzBcSo"
        },
        {
            "nome": "Fulano Pereira",
            "email": "pereira@qa.com.br",
            "password": "teste",
            "administrador": "true",
            "_id": "StiGPa6QFMqAKsle"
        },
        {
            "nome": "Teste Quantidade",
            "email": "rafa29907hj@teste.com",
            "password": "123",
            "administrador": "true",
            "_id": "TFM5NytZIeU6i4KR"
        },
        {
            "nome": "Teste Quantidade",
            "email": "rafa2009000@teste.com",
            "password": "123",
            "administrador": "true",
            "_id": "U78JkmUKK783GRrX"
        },
        {
            "nome": "Teste Quantidade",
            "email": "rafa5098@teste.com",
            "password": "123",
            "administrador": "true",
            "_id": "ZqqNrmVWMkJ5legA"
        },
        {
            "nome": "Marcos Vinicius Lopes",
            "email": "calebe27@example.com",
            "password": "luigi",
            "administrador": "true",
            "_id": "bShUlLlFNfeOYxKI"
        },
        {
            "nome": "Daniella Spencer",
            "email": "elbert@gmail.com",
            "password": "124",
            "administrador": "true",
            "_id": "dI3aaVmZjv1wJIII"
        },
        {
            "nome": "Bia Gessi",
            "email": "qa@qa.com.br",
            "password": "teste",
            "administrador": "true",
            "_id": "fc820xytTCvO8lPb"
        },
        {
            "nome": "teste 010203",
            "email": "teste@teste010203.com",
            "password": "123",
            "administrador": "false",
            "_id": "fmhd382hH7c0k6YR"
        },
        {
            "nome": "Walber",
            "email": "waures@waures.de",
            "password": "1234",
            "administrador": "false",
            "_id": "jQmVj3Ya74HjBPAO"
        },
        {
            "nome": "Caio Peixoto",
            "email": "luanacostela@example.org",
            "password": "luigi",
            "administrador": "true",
            "_id": "lI6n9YgxOfOB7cnA"
        },
        {
            "nome": "Teste Quantidade",
            "email": "rafa40990@teste.com",
            "password": "123",
            "administrador": "true",
            "_id": "mrhcQz3otq2sFvTp"
        },
        {
            "nome": "Teste Quantidade",
            "email": "rafa2023883@teste.com",
            "password": "123",
            "administrador": "true",
            "_id": "nEK6j22Lvq0jCpt0"
        },
        {
            "nome": "Ana Julia Peixoto",
            "email": "yda-mota@example.org",
            "password": "luigi",
            "administrador": "true",
            "_id": "nWirqnllhnIlwONB"
        },
        {
            "nome": "Fulano da Silva",
            "email": "beltrano@qa.com.br",
            "password": "teste",
            "administrador": "true",
            "_id": "oQ23SdpuqcAhrWnx"
        },
        {
            "nome": "Sophie Lima",
            "email": "emanuel48@example.com",
            "password": "luigi",
            "administrador": "true",
            "_id": "oYgBMY7nvtUIMsee"
        },
        {
            "nome": "guilherme2",
            "email": "guilherme35@blabla.com",
            "password": "123456",
            "administrador": "false",
            "_id": "qBB3NsV6DEm3aGVK"
        },
        {
            "nome": "Maitê Silva",
            "email": "da-pazmarcela@example.com",
            "password": "luigi",
            "administrador": "true",
            "_id": "sh47mhv2lhcwEnsh"
        },
        {
            "nome": "Teste Quantidade",
            "email": "rafa29903@teste.com",
            "password": "123",
            "administrador": "true",
            "_id": "t5yz8rs2p4vUC8g2"
        },
        {
            "nome": "Sobrenatural da Silva",
            "email": "sobrenatural_2@qa.com.br",
            "password": "teste",
            "administrador": "true",
            "_id": "uDt573AQXTCM2Xum"
        },
        {
            "nome": "Teste Quantidade",
            "email": "rafa20999@teste.com",
            "password": "123",
            "administrador": "true",
            "_id": "xSN42gxEhvwv6ubD"
        },
        {
            "nome": "Teste Quantidade",
            "email": "rafa29905@teste.com",
            "password": "123",
            "administrador": "true",
            "_id": "yCBDKvT8TCMTKckF"
        }
    ]
} 
 </msg>
<msg time="2024-02-27T00:10:40.133403" level="INFO">${response} = &lt;Response [200]&gt;</msg>
<var>${response}</var>
<arg>serverest</arg>
<arg>${USERS_API_ENDPOINT}</arg>
<doc>Sends a GET request on a previously created HTTP Session.</doc>
<status status="PASS" start="2024-02-27T00:10:40.008324" elapsed="0.125112"/>
</kw>
<kw name="Set Test Variable" owner="BuiltIn">
<msg time="2024-02-27T00:10:40.133965" level="INFO">${response} = &lt;Response [200]&gt;</msg>
<arg>${response}</arg>
<doc>Makes a variable available everywhere within the scope of the current test.</doc>
<status status="PASS" start="2024-02-27T00:10:40.133714" elapsed="0.000298"/>
</kw>
<status status="PASS" start="2024-02-27T00:10:40.008054" elapsed="0.126075"/>
</kw>
<kw name="Then the response status code should be 200" owner="test_keywords_users" source_name="Then the response status code should be ${status_code}">
<kw name="Should Be Equal As Numbers" owner="BuiltIn">
<msg time="2024-02-27T00:10:40.135184" level="INFO">Argument types are:
&lt;class 'int'&gt;
&lt;class 'str'&gt;</msg>
<arg>${response.status_code}</arg>
<arg>${status_code}</arg>
<doc>Fails if objects are unequal after converting them to real numbers.</doc>
<status status="PASS" start="2024-02-27T00:10:40.134665" elapsed="0.000593"/>
</kw>
<kw name="Should Be True" owner="BuiltIn">
<arg>${response.json()}</arg>
<doc>Fails if the given condition is not true.</doc>
<status status="PASS" start="2024-02-27T00:10:40.135407" elapsed="0.000522"/>
</kw>
<status status="PASS" start="2024-02-27T00:10:40.134338" elapsed="0.001672"/>
</kw>
<kw name="And the response body should not be empty" owner="test_keywords_users">
<kw name="Should Not Be Empty" owner="BuiltIn">
<msg time="2024-02-27T00:10:40.136966" level="INFO">Length is 2.</msg>
<arg>${response.json()}</arg>
<doc>Verifies that the given item is not empty.</doc>
<status status="PASS" start="2024-02-27T00:10:40.136502" elapsed="0.000517"/>
</kw>
<status status="PASS" start="2024-02-27T00:10:40.136170" elapsed="0.000924"/>
</kw>
<tag>api</tag>
<status status="PASS" start="2024-02-27T00:10:40.004923" elapsed="0.132299"/>
</test>
<test id="s1-s1-s1-t2" name="Scenario: Create a new user" line="15">
<kw name="Before Tests" owner="test_keywords_common" type="SETUP">
<kw name="Create Session" owner="RequestsLibrary">
<msg time="2024-02-27T00:10:40.138506" level="INFO">Creating Session using : alias=serverest, url=https://serverest.dev, headers={},                     cookies={}, auth=None, timeout=None, proxies=None, verify=False,                     debug=0 </msg>
<arg>serverest</arg>
<arg>${SERVER_BASE_URL}</arg>
<arg>disable_warnings=True</arg>
<doc>Create Session: create a HTTP session to a server</doc>
<status status="PASS" start="2024-02-27T00:10:40.138251" elapsed="0.000446"/>
</kw>
<status status="PASS" start="2024-02-27T00:10:40.137961" elapsed="0.000822"/>
</kw>
<kw name="Given I have a valid user data" owner="test_keywords_users">
<kw name="Name" owner="FakerLibrary">
<msg time="2024-02-27T00:10:40.139630" level="INFO">${name} = Michelle Goodwin</msg>
<var>${name}</var>
<doc>:example: 'John Doe'</doc>
<status status="PASS" start="2024-02-27T00:10:40.139244" elapsed="0.000416"/>
</kw>
<kw name="Email" owner="FakerLibrary">
<msg time="2024-02-27T00:10:40.140071" level="INFO">${email} = micheal80@example.net</msg>
<var>${email}</var>
<status status="PASS" start="2024-02-27T00:10:40.139794" elapsed="0.000306"/>
</kw>
<kw name="Password" owner="FakerLibrary">
<msg time="2024-02-27T00:10:40.140504" level="INFO">${password} = gNFDKpoT9hlM</msg>
<var>${password}</var>
<arg>length=12</arg>
<arg>special_chars=False</arg>
<doc>Generate a random password of the specified ``length``.</doc>
<status status="PASS" start="2024-02-27T00:10:40.140236" elapsed="0.000297"/>
</kw>
<kw name="Set Suite Variable" owner="BuiltIn">
<msg time="2024-02-27T00:10:40.140891" level="INFO">${name} = Michelle Goodwin</msg>
<arg>${name}</arg>
<doc>Makes a variable available everywhere within the scope of the current suite.</doc>
<status status="PASS" start="2024-02-27T00:10:40.140687" elapsed="0.000247"/>
</kw>
<kw name="Set Suite Variable" owner="BuiltIn">
<msg time="2024-02-27T00:10:40.141261" level="INFO">${email} = micheal80@example.net</msg>
<arg>${email}</arg>
<doc>Makes a variable available everywhere within the scope of the current suite.</doc>
<status status="PASS" start="2024-02-27T00:10:40.141071" elapsed="0.000231"/>
</kw>
<kw name="Set Suite Variable" owner="BuiltIn">
<msg time="2024-02-27T00:10:40.141632" level="INFO">${password} = gNFDKpoT9hlM</msg>
<arg>${password}</arg>
<doc>Makes a variable available everywhere within the scope of the current suite.</doc>
<status status="PASS" start="2024-02-27T00:10:40.141442" elapsed="0.000232"/>
</kw>
<status status="PASS" start="2024-02-27T00:10:40.138982" elapsed="0.002760"/>
</kw>
<kw name="When I create the user" owner="test_keywords_users">
<kw name="Create Dictionary" owner="BuiltIn">
<msg time="2024-02-27T00:10:40.142608" level="INFO">${payload} = {'nome': 'Michelle Goodwin', 'email': 'micheal80@example.net', 'password': 'gNFDKpoT9hlM', 'administrador': 'false'}</msg>
<var>${payload}</var>
<arg>nome=${name}</arg>
<arg>email=${email}</arg>
<arg>password=${password}</arg>
<arg>administrador=false</arg>
<doc>Creates and returns a dictionary based on the given ``items``.</doc>
<status status="PASS" start="2024-02-27T00:10:40.142193" elapsed="0.000445"/>
</kw>
<kw name="Create Dictionary" owner="BuiltIn">
<msg time="2024-02-27T00:10:40.142964" level="INFO">${headers} = {'Content-Type': 'application/json'}</msg>
<var>${headers}</var>
<arg>Content-Type=application/json</arg>
<doc>Creates and returns a dictionary based on the given ``items``.</doc>
<status status="PASS" start="2024-02-27T00:10:40.142792" elapsed="0.000199"/>
</kw>
<kw name="POST On Session" owner="RequestsLibrary">
<msg time="2024-02-27T00:10:40.216755" level="INFO">POST Request : url=https://serverest.dev/usuarios 
 path_url=/usuarios 
 headers={'User-Agent': 'python-requests/2.31.0', 'Accept-Encoding': 'gzip, deflate', 'Accept': '*/*', 'Connection': 'keep-alive', 'Content-Type': 'application/json', 'Content-Length': '116'} 
 body=b'{"nome": "Michelle Goodwin", "email": "micheal80@example.net", "password": "gNFDKpoT9hlM", "administrador": "false"}' 
 </msg>
<msg time="2024-02-27T00:10:40.216855" level="INFO">POST Response : url=https://serverest.dev/usuarios 
 status=201, reason=Created 
 headers={'access-control-allow-origin': '*', 'x-dns-prefetch-control': 'off', 'x-frame-options': 'SAMEORIGIN', 'strict-transport-security': 'max-age=15552000; includeSubDomains', 'x-download-options': 'noopen', 'x-content-type-options': 'nosniff', 'x-xss-protection': '1; mode=block', 'content-type': 'application/json; charset=utf-8', 'X-Cloud-Trace-Context': '45e8c4a51be9796c7776b4294127cb87', 'Date': 'Tue, 27 Feb 2024 00:10:40 GMT', 'Server': 'Google Frontend', 'Content-Length': '82'} 
 body={
    "message": "Cadastro realizado com sucesso",
    "_id": "qrrreeVxaesnsRM2"
} 
 </msg>
<msg time="2024-02-27T00:10:40.217869" level="INFO">${response} = &lt;Response [201]&gt;</msg>
<var>${response}</var>
<arg>serverest</arg>
<arg>${USERS_API_ENDPOINT}</arg>
<arg>json=${payload}</arg>
<arg>headers=${headers}</arg>
<doc>Sends a POST request on a previously created HTTP Session.</doc>
<status status="PASS" start="2024-02-27T00:10:40.143127" elapsed="0.074775"/>
</kw>
<kw name="Set Variable" owner="BuiltIn">
<msg time="2024-02-27T00:10:40.218664" level="INFO">${user_id} = qrrreeVxaesnsRM2</msg>
<var>${user_id}</var>
<arg>${response.json()['_id']}</arg>
<doc>Returns the given values which can then be assigned to a variables.</doc>
<status status="PASS" start="2024-02-27T00:10:40.218126" elapsed="0.000569"/>
</kw>
<kw name="Set Global Variable" owner="BuiltIn">
<msg time="2024-02-27T00:10:40.219126" level="INFO">${USER_ID} = qrrreeVxaesnsRM2</msg>
<arg>${USER_ID}</arg>
<arg>${user_id}</arg>
<doc>Makes a variable available globally in all tests and suites.</doc>
<status status="PASS" start="2024-02-27T00:10:40.218856" elapsed="0.000315"/>
</kw>
<kw name="Set Test Variable" owner="BuiltIn">
<msg time="2024-02-27T00:10:40.219503" level="INFO">${response} = &lt;Response [201]&gt;</msg>
<arg>${response}</arg>
<doc>Makes a variable available everywhere within the scope of the current test.</doc>
<status status="PASS" start="2024-02-27T00:10:40.219313" elapsed="0.000234"/>
</kw>
<status status="PASS" start="2024-02-27T00:10:40.141916" elapsed="0.077747"/>
</kw>
<kw name="Then the response status code should be 201" owner="test_keywords_users" source_name="Then the response status code should be ${status_code}">
<kw name="Should Be Equal As Numbers" owner="BuiltIn">
<msg time="2024-02-27T00:10:40.220610" level="INFO">Argument types are:
&lt;class 'int'&gt;
&lt;class 'str'&gt;</msg>
<arg>${response.status_code}</arg>
<arg>${status_code}</arg>
<doc>Fails if objects are unequal after converting them to real numbers.</doc>
<status status="PASS" start="2024-02-27T00:10:40.220149" elapsed="0.000525"/>
</kw>
<kw name="Should Be True" owner="BuiltIn">
<arg>${response.json()}</arg>
<doc>Fails if the given condition is not true.</doc>
<status status="PASS" start="2024-02-27T00:10:40.220813" elapsed="0.000439"/>
</kw>
<status status="PASS" start="2024-02-27T00:10:40.219846" elapsed="0.001483"/>
</kw>
<kw name="And the response body should not be empty" owner="test_keywords_users">
<kw name="Should Not Be Empty" owner="BuiltIn">
<msg time="2024-02-27T00:10:40.222193" level="INFO">Length is 2.</msg>
<arg>${response.json()}</arg>
<doc>Verifies that the given item is not empty.</doc>
<status status="PASS" start="2024-02-27T00:10:40.221739" elapsed="0.000505"/>
</kw>
<status status="PASS" start="2024-02-27T00:10:40.221483" elapsed="0.000835"/>
</kw>
<tag>api</tag>
<status status="PASS" start="2024-02-27T00:10:40.137534" elapsed="0.084903"/>
</test>
<test id="s1-s1-s1-t3" name="Scenario: Get a specific user informations" line="22">
<kw name="Before Tests" owner="test_keywords_common" type="SETUP">
<kw name="Create Session" owner="RequestsLibrary">
<msg time="2024-02-27T00:10:40.223635" level="INFO">Creating Session using : alias=serverest, url=https://serverest.dev, headers={},                     cookies={}, auth=None, timeout=None, proxies=None, verify=False,                     debug=0 </msg>
<arg>serverest</arg>
<arg>${SERVER_BASE_URL}</arg>
<arg>disable_warnings=True</arg>
<doc>Create Session: create a HTTP session to a server</doc>
<status status="PASS" start="2024-02-27T00:10:40.223391" elapsed="0.000427"/>
</kw>
<status status="PASS" start="2024-02-27T00:10:40.223140" elapsed="0.000762"/>
</kw>
<kw name="When I request the created user" owner="test_keywords_users">
<kw name="GET On Session" owner="RequestsLibrary">
<msg time="2024-02-27T00:10:40.290826" level="INFO">GET Request : url=https://serverest.dev/usuarios/qrrreeVxaesnsRM2 
 path_url=/usuarios/qrrreeVxaesnsRM2 
 headers={'User-Agent': 'python-requests/2.31.0', 'Accept-Encoding': 'gzip, deflate', 'Accept': '*/*', 'Connection': 'keep-alive'} 
 body=None 
 </msg>
<msg time="2024-02-27T00:10:40.290934" level="INFO">GET Response : url=https://serverest.dev/usuarios/qrrreeVxaesnsRM2 
 status=200, reason=OK 
 headers={'access-control-allow-origin': '*', 'x-dns-prefetch-control': 'off', 'x-frame-options': 'SAMEORIGIN', 'strict-transport-security': 'max-age=15552000; includeSubDomains', 'x-download-options': 'noopen', 'x-content-type-options': 'nosniff', 'x-xss-protection': '1; mode=block', 'content-type': 'application/json; charset=utf-8', 'X-Cloud-Trace-Context': '6855695b130d37e1fc18c0d4331c92b4', 'Date': 'Tue, 27 Feb 2024 00:10:40 GMT', 'Server': 'Google Frontend', 'Content-Length': '165'} 
 body={
    "nome": "Michelle Goodwin",
    "email": "micheal80@example.net",
    "password": "gNFDKpoT9hlM",
    "administrador": "false",
    "_id": "qrrreeVxaesnsRM2"
} 
 </msg>
<msg time="2024-02-27T00:10:40.291077" level="INFO">${response} = &lt;Response [200]&gt;</msg>
<var>${response}</var>
<arg>serverest</arg>
<arg>${USERS_API_ENDPOINT}/${USER_ID}</arg>
<doc>Sends a GET request on a previously created HTTP Session.</doc>
<status status="PASS" start="2024-02-27T00:10:40.224321" elapsed="0.066787"/>
</kw>
<kw name="Set Test Variable" owner="BuiltIn">
<msg time="2024-02-27T00:10:40.291602" level="INFO">${response} = &lt;Response [200]&gt;</msg>
<arg>${response}</arg>
<doc>Makes a variable available everywhere within the scope of the current test.</doc>
<status status="PASS" start="2024-02-27T00:10:40.291342" elapsed="0.000308"/>
</kw>
<status status="PASS" start="2024-02-27T00:10:40.224073" elapsed="0.067663"/>
</kw>
<kw name="Then the response status code should be 200" owner="test_keywords_users" source_name="Then the response status code should be ${status_code}">
<kw name="Should Be Equal As Numbers" owner="BuiltIn">
<msg time="2024-02-27T00:10:40.292784" level="INFO">Argument types are:
&lt;class 'int'&gt;
&lt;class 'str'&gt;</msg>
<arg>${response.status_code}</arg>
<arg>${status_code}</arg>
<doc>Fails if objects are unequal after converting them to real numbers.</doc>
<status status="PASS" start="2024-02-27T00:10:40.292267" elapsed="0.000584"/>
</kw>
<kw name="Should Be True" owner="BuiltIn">
<arg>${response.json()}</arg>
<doc>Fails if the given condition is not true.</doc>
<status status="PASS" start="2024-02-27T00:10:40.292999" elapsed="0.000459"/>
</kw>
<status status="PASS" start="2024-02-27T00:10:40.291938" elapsed="0.001601"/>
</kw>
<kw name="And the response body should not be empty" owner="test_keywords_users">
<kw name="Should Not Be Empty" owner="BuiltIn">
<msg time="2024-02-27T00:10:40.294474" level="INFO">Length is 5.</msg>
<arg>${response.json()}</arg>
<doc>Verifies that the given item is not empty.</doc>
<status status="PASS" start="2024-02-27T00:10:40.293983" elapsed="0.000543"/>
</kw>
<status status="PASS" start="2024-02-27T00:10:40.293701" elapsed="0.000902"/>
</kw>
<tag>api</tag>
<status status="PASS" start="2024-02-27T00:10:40.222719" elapsed="0.072012"/>
</test>
<test id="s1-s1-s1-t4" name="Scenario: Update the created user" line="28">
<kw name="Before Tests" owner="test_keywords_common" type="SETUP">
<kw name="Create Session" owner="RequestsLibrary">
<msg time="2024-02-27T00:10:40.295973" level="INFO">Creating Session using : alias=serverest, url=https://serverest.dev, headers={},                     cookies={}, auth=None, timeout=None, proxies=None, verify=False,                     debug=0 </msg>
<arg>serverest</arg>
<arg>${SERVER_BASE_URL}</arg>
<arg>disable_warnings=True</arg>
<doc>Create Session: create a HTTP session to a server</doc>
<status status="PASS" start="2024-02-27T00:10:40.295718" elapsed="0.000466"/>
</kw>
<status status="PASS" start="2024-02-27T00:10:40.295455" elapsed="0.000816"/>
</kw>
<kw name="When I update the created user" owner="test_keywords_users">
<kw name="Create Dictionary" owner="BuiltIn">
<msg time="2024-02-27T00:10:40.297117" level="INFO">${payload} = {'nome': 'John Smith', 'email': 'john.smith@example.com', 'password': 'P@ssw0rd123', 'administrador': 'false'}</msg>
<var>${payload}</var>
<arg>nome=John Smith</arg>
<arg>email=john.smith@example.com</arg>
<arg>password=P@ssw0rd123</arg>
<arg>administrador=false</arg>
<doc>Creates and returns a dictionary based on the given ``items``.</doc>
<status status="PASS" start="2024-02-27T00:10:40.296885" elapsed="0.000262"/>
</kw>
<kw name="Create Dictionary" owner="BuiltIn">
<msg time="2024-02-27T00:10:40.297477" level="INFO">${headers} = {'Content-Type': 'application/json'}</msg>
<var>${headers}</var>
<arg>Content-Type=application/json</arg>
<doc>Creates and returns a dictionary based on the given ``items``.</doc>
<status status="PASS" start="2024-02-27T00:10:40.297301" elapsed="0.000203"/>
</kw>
<kw name="PUT On Session" owner="RequestsLibrary">
<msg time="2024-02-27T00:10:40.367746" level="INFO">PUT Request : url=https://serverest.dev/usuarios/qrrreeVxaesnsRM2 
 path_url=/usuarios/qrrreeVxaesnsRM2 
 headers={'User-Agent': 'python-requests/2.31.0', 'Accept-Encoding': 'gzip, deflate', 'Accept': '*/*', 'Connection': 'keep-alive', 'Content-Type': 'application/json', 'Content-Length': '110'} 
 body=b'{"nome": "John Smith", "email": "john.smith@example.com", "password": "P@ssw0rd123", "administrador": "false"}' 
 </msg>
<msg time="2024-02-27T00:10:40.367834" level="INFO">PUT Response : url=https://serverest.dev/usuarios/qrrreeVxaesnsRM2 
 status=200, reason=OK 
 headers={'access-control-allow-origin': '*', 'x-dns-prefetch-control': 'off', 'x-frame-options': 'SAMEORIGIN', 'strict-transport-security': 'max-age=15552000; includeSubDomains', 'x-download-options': 'noopen', 'x-content-type-options': 'nosniff', 'x-xss-protection': '1; mode=block', 'content-type': 'application/json; charset=utf-8', 'X-Cloud-Trace-Context': 'd50acc9eb5d40de7ce5493c4cb7a8b68', 'Date': 'Tue, 27 Feb 2024 00:10:40 GMT', 'Server': 'Google Frontend', 'Content-Length': '50'} 
 body={
    "message": "Registro alterado com sucesso"
} 
 </msg>
<msg time="2024-02-27T00:10:40.368016" level="INFO">${response} = &lt;Response [200]&gt;</msg>
<var>${response}</var>
<arg>serverest</arg>
<arg>${USERS_API_ENDPOINT}/${USER_ID}</arg>
<arg>json=${payload}</arg>
<arg>headers=${headers}</arg>
<doc>Sends a PUT request on a previously created HTTP Session.</doc>
<status status="PASS" start="2024-02-27T00:10:40.297638" elapsed="0.070417"/>
</kw>
<kw name="Set Test Variable" owner="BuiltIn">
<msg time="2024-02-27T00:10:40.368463" level="INFO">${response} = &lt;Response [200]&gt;</msg>
<arg>${response}</arg>
<doc>Makes a variable available everywhere within the scope of the current test.</doc>
<status status="PASS" start="2024-02-27T00:10:40.368248" elapsed="0.000262"/>
</kw>
<status status="PASS" start="2024-02-27T00:10:40.296465" elapsed="0.072122"/>
</kw>
<kw name="Then the response status code should be 200" owner="test_keywords_users" source_name="Then the response status code should be ${status_code}">
<kw name="Should Be Equal As Numbers" owner="BuiltIn">
<msg time="2024-02-27T00:10:40.369552" level="INFO">Argument types are:
&lt;class 'int'&gt;
&lt;class 'str'&gt;</msg>
<arg>${response.status_code}</arg>
<arg>${status_code}</arg>
<doc>Fails if objects are unequal after converting them to real numbers.</doc>
<status status="PASS" start="2024-02-27T00:10:40.369065" elapsed="0.000554"/>
</kw>
<kw name="Should Be True" owner="BuiltIn">
<arg>${response.json()}</arg>
<doc>Fails if the given condition is not true.</doc>
<status status="PASS" start="2024-02-27T00:10:40.369766" elapsed="0.000498"/>
</kw>
<status status="PASS" start="2024-02-27T00:10:40.368765" elapsed="0.001579"/>
</kw>
<kw name="And the response body should not be empty" owner="test_keywords_users">
<kw name="Should Not Be Empty" owner="BuiltIn">
<msg time="2024-02-27T00:10:40.371193" level="INFO">Length is 1.</msg>
<arg>${response.json()}</arg>
<doc>Verifies that the given item is not empty.</doc>
<status status="PASS" start="2024-02-27T00:10:40.370764" elapsed="0.000480"/>
</kw>
<status status="PASS" start="2024-02-27T00:10:40.370503" elapsed="0.000817"/>
</kw>
<tag>api</tag>
<status status="PASS" start="2024-02-27T00:10:40.295030" elapsed="0.076407"/>
</test>
<test id="s1-s1-s1-t5" name="Scenario: Delete the created user" line="34">
<kw name="Before Tests" owner="test_keywords_common" type="SETUP">
<kw name="Create Session" owner="RequestsLibrary">
<msg time="2024-02-27T00:10:40.372627" level="INFO">Creating Session using : alias=serverest, url=https://serverest.dev, headers={},                     cookies={}, auth=None, timeout=None, proxies=None, verify=False,                     debug=0 </msg>
<arg>serverest</arg>
<arg>${SERVER_BASE_URL}</arg>
<arg>disable_warnings=True</arg>
<doc>Create Session: create a HTTP session to a server</doc>
<status status="PASS" start="2024-02-27T00:10:40.372386" elapsed="0.000418"/>
</kw>
<status status="PASS" start="2024-02-27T00:10:40.372131" elapsed="0.000759"/>
</kw>
<kw name="When I delete the created user" owner="test_keywords_users">
<kw name="DELETE On Session" owner="RequestsLibrary">
<msg time="2024-02-27T00:10:40.439872" level="INFO">DELETE Request : url=https://serverest.dev/usuarios/qrrreeVxaesnsRM2 
 path_url=/usuarios/qrrreeVxaesnsRM2 
 headers={'User-Agent': 'python-requests/2.31.0', 'Accept-Encoding': 'gzip, deflate', 'Accept': '*/*', 'Connection': 'keep-alive', 'Content-Length': '0'} 
 body=None 
 </msg>
<msg time="2024-02-27T00:10:40.439987" level="INFO">DELETE Response : url=https://serverest.dev/usuarios/qrrreeVxaesnsRM2 
 status=200, reason=OK 
 headers={'access-control-allow-origin': '*', 'x-dns-prefetch-control': 'off', 'x-frame-options': 'SAMEORIGIN', 'strict-transport-security': 'max-age=15552000; includeSubDomains', 'x-download-options': 'noopen', 'x-content-type-options': 'nosniff', 'x-xss-protection': '1; mode=block', 'content-type': 'application/json; charset=utf-8', 'X-Cloud-Trace-Context': '313789696aa3c40bb6c75fc8ae0e0d09', 'Date': 'Tue, 27 Feb 2024 00:10:40 GMT', 'Server': 'Google Frontend', 'Content-Length': '51'} 
 body={
    "message": "Registro excluído com sucesso"
} 
 </msg>
<msg time="2024-02-27T00:10:40.440142" level="INFO">${response} = &lt;Response [200]&gt;</msg>
<var>${response}</var>
<arg>serverest</arg>
<arg>${USERS_API_ENDPOINT}/${USER_ID}</arg>
<doc>Sends a DELETE request on a previously created HTTP Session.</doc>
<status status="PASS" start="2024-02-27T00:10:40.373316" elapsed="0.066867"/>
</kw>
<kw name="Set Test Variable" owner="BuiltIn">
<msg time="2024-02-27T00:10:40.440678" level="INFO">${response} = &lt;Response [200]&gt;</msg>
<arg>${response}</arg>
<doc>Makes a variable available everywhere within the scope of the current test.</doc>
<status status="PASS" start="2024-02-27T00:10:40.440421" elapsed="0.000305"/>
</kw>
<status status="PASS" start="2024-02-27T00:10:40.373063" elapsed="0.067748"/>
</kw>
<kw name="Then the response status code should be 200" owner="test_keywords_users" source_name="Then the response status code should be ${status_code}">
<kw name="Should Be Equal As Numbers" owner="BuiltIn">
<msg time="2024-02-27T00:10:40.441864" level="INFO">Argument types are:
&lt;class 'int'&gt;
&lt;class 'str'&gt;</msg>
<arg>${response.status_code}</arg>
<arg>${status_code}</arg>
<doc>Fails if objects are unequal after converting them to real numbers.</doc>
<status status="PASS" start="2024-02-27T00:10:40.441343" elapsed="0.000589"/>
</kw>
<kw name="Should Be True" owner="BuiltIn">
<arg>${response.json()}</arg>
<doc>Fails if the given condition is not true.</doc>
<status status="PASS" start="2024-02-27T00:10:40.442113" elapsed="0.000480"/>
</kw>
<status status="PASS" start="2024-02-27T00:10:40.441017" elapsed="0.001659"/>
</kw>
<kw name="And the response body should not be empty" owner="test_keywords_users">
<kw name="Should Not Be Empty" owner="BuiltIn">
<msg time="2024-02-27T00:10:40.443558" level="INFO">Length is 1.</msg>
<arg>${response.json()}</arg>
<doc>Verifies that the given item is not empty.</doc>
<status status="PASS" start="2024-02-27T00:10:40.443115" elapsed="0.000495"/>
</kw>
<status status="PASS" start="2024-02-27T00:10:40.442843" elapsed="0.000844"/>
</kw>
<tag>api</tag>
<status status="PASS" start="2024-02-27T00:10:40.371712" elapsed="0.072103"/>
</test>
<status status="PASS" start="2024-02-27T00:10:39.509734" elapsed="0.934602"/>
</suite>
<status status="PASS" start="2024-02-27T00:10:39.508730" elapsed="0.936336"/>
</suite>
<suite id="s1-s2" name="E2E" source="/home/runner/work/gen-ai-robot-test/gen-ai-robot-test/tests/e2e">
<suite id="s1-s2-s1" name="Test Ui Signup" source="/home/runner/work/gen-ai-robot-test/gen-ai-robot-test/tests/e2e/test_ui_signup.robot">
<test id="s1-s2-s1-t1" name="Scenario: Signup with empty fields" line="10">
<kw name="Before Tests" owner="test_keywords_common" type="SETUP">
<kw name="Open Browser" owner="SeleniumLibrary">
<msg time="2024-02-27T00:10:40.454204" level="INFO">Opening browser 'headless Chrome' to base url 'https://front.serverest.dev/'.</msg>
<arg>${SERVER_BASE_URL}</arg>
<arg>${HEADLESS} ${BROWSER}</arg>
<doc>Opens a new browser instance to the optional ``url``.</doc>
<status status="PASS" start="2024-02-27T00:10:40.453897" elapsed="8.789890"/>
</kw>
<kw name="Maximize Browser Window" owner="SeleniumLibrary">
<doc>Maximizes current browser window.</doc>
<status status="PASS" start="2024-02-27T00:10:49.244463" elapsed="0.107319"/>
</kw>
<status status="PASS" start="2024-02-27T00:10:40.453596" elapsed="8.898448"/>
</kw>
<kw name="Given Im on the signup page" owner="test_keywords_signup">
<kw name="Location Should Be" owner="SeleniumLibrary">
<msg time="2024-02-27T00:10:49.377706" level="INFO">Current location is 'https://front.serverest.dev/login'.</msg>
<arg>https://front.serverest.dev/login</arg>
<doc>Verifies that the current URL is exactly ``url``.</doc>
<status status="PASS" start="2024-02-27T00:10:49.353259" elapsed="0.024573"/>
</kw>
<kw name="Click Element" owner="SeleniumLibrary">
<msg time="2024-02-27T00:10:49.378730" level="INFO">Clicking element 'css=a.btn.btn-link'.</msg>
<arg>css=a.btn.btn-link</arg>
<doc>Click the element identified by ``locator``.</doc>
<status status="PASS" start="2024-02-27T00:10:49.378135" elapsed="0.153768"/>
</kw>
<status status="PASS" start="2024-02-27T00:10:49.352566" elapsed="0.179575"/>
</kw>
<kw name="When I click in signup" owner="test_keywords_signup">
<kw name="Click Button" owner="SeleniumLibrary">
<msg time="2024-02-27T00:10:49.533364" level="INFO">Clicking button 'css=.btn.btn-primary'.</msg>
<arg>css=.btn.btn-primary</arg>
<doc>Clicks the button identified by ``locator``.</doc>
<status status="PASS" start="2024-02-27T00:10:49.533031" elapsed="0.220372"/>
</kw>
<status status="PASS" start="2024-02-27T00:10:49.532530" elapsed="0.221092"/>
</kw>
<kw name="Then required field messages should be displayed" owner="test_keywords_signup">
<kw name="Wait Until Element Is Visible" owner="SeleniumLibrary">
<arg>css=.alert-dismissible</arg>
<arg>timeout=10s</arg>
<doc>Waits until the element ``locator`` is visible.</doc>
<status status="PASS" start="2024-02-27T00:10:49.754556" elapsed="0.227305"/>
</kw>
<kw name="Element Should Be Visible" owner="SeleniumLibrary">
<msg time="2024-02-27T00:10:49.998557" level="INFO">Element 'css=.alert-dismissible' is displayed.</msg>
<arg>css=.alert-dismissible</arg>
<doc>Verifies that the element identified by ``locator`` is visible.</doc>
<status status="PASS" start="2024-02-27T00:10:49.982320" elapsed="0.016335"/>
</kw>
<kw name="Page Should Contain" owner="SeleniumLibrary">
<msg time="2024-02-27T00:10:50.060162" level="INFO">Current page contains text 'Nome é obrigatório'.</msg>
<arg>Nome é obrigatório</arg>
<doc>Verifies that current page contains ``text``.</doc>
<status status="PASS" start="2024-02-27T00:10:49.998898" elapsed="0.061392"/>
</kw>
<kw name="Page Should Contain" owner="SeleniumLibrary">
<msg time="2024-02-27T00:10:50.070458" level="INFO">Current page contains text 'Email é obrigatório'.</msg>
<arg>Email é obrigatório</arg>
<doc>Verifies that current page contains ``text``.</doc>
<status status="PASS" start="2024-02-27T00:10:50.060565" elapsed="0.009988"/>
</kw>
<kw name="Page Should Contain" owner="SeleniumLibrary">
<msg time="2024-02-27T00:10:50.080247" level="INFO">Current page contains text 'Password é obrigatório'.</msg>
<arg>Password é obrigatório</arg>
<doc>Verifies that current page contains ``text``.</doc>
<status status="PASS" start="2024-02-27T00:10:50.070760" elapsed="0.009701"/>
</kw>
<status status="PASS" start="2024-02-27T00:10:49.754014" elapsed="0.326554"/>
</kw>
<kw name="After Tests" owner="test_keywords_common" type="TEARDOWN">
<kw name="Close Browser" owner="SeleniumLibrary">
<doc>Closes the current browser.</doc>
<status status="PASS" start="2024-02-27T00:10:50.081274" elapsed="0.063542"/>
</kw>
<status status="PASS" start="2024-02-27T00:10:50.080922" elapsed="0.064092"/>
</kw>
<tag>e2e</tag>
<status status="PASS" start="2024-02-27T00:10:40.453115" elapsed="9.691999"/>
</test>
<test id="s1-s2-s1-t2" name="Scenario: Signup done successfully" line="16">
<kw name="Before Tests" owner="test_keywords_common" type="SETUP">
<kw name="Open Browser" owner="SeleniumLibrary">
<msg time="2024-02-27T00:10:50.146987" level="INFO">Opening browser 'headless Chrome' to base url 'https://front.serverest.dev/'.</msg>
<arg>${SERVER_BASE_URL}</arg>
<arg>${HEADLESS} ${BROWSER}</arg>
<doc>Opens a new browser instance to the optional ``url``.</doc>
<status status="PASS" start="2024-02-27T00:10:50.146663" elapsed="0.987481"/>
</kw>
<kw name="Maximize Browser Window" owner="SeleniumLibrary">
<doc>Maximizes current browser window.</doc>
<status status="PASS" start="2024-02-27T00:10:51.134722" elapsed="0.111851"/>
</kw>
<status status="PASS" start="2024-02-27T00:10:50.146294" elapsed="1.100510"/>
</kw>
<kw name="Given Im on the signup page" owner="test_keywords_signup">
<kw name="Location Should Be" owner="SeleniumLibrary">
<msg time="2024-02-27T00:10:51.253174" level="INFO">Current location is 'https://front.serverest.dev/login'.</msg>
<arg>https://front.serverest.dev/login</arg>
<doc>Verifies that the current URL is exactly ``url``.</doc>
<status status="PASS" start="2024-02-27T00:10:51.247941" elapsed="0.005347"/>
</kw>
<kw name="Click Element" owner="SeleniumLibrary">
<msg time="2024-02-27T00:10:51.253928" level="INFO">Clicking element 'css=a.btn.btn-link'.</msg>
<arg>css=a.btn.btn-link</arg>
<doc>Click the element identified by ``locator``.</doc>
<status status="PASS" start="2024-02-27T00:10:51.253564" elapsed="0.042375"/>
</kw>
<status status="PASS" start="2024-02-27T00:10:51.247283" elapsed="0.048828"/>
</kw>
<kw name="And I fill in the signup fields with valid data" owner="test_keywords_signup">
<kw name="Name" owner="FakerLibrary">
<msg time="2024-02-27T00:10:51.297355" level="INFO">${name} = Paul Murphy</msg>
<var>${name}</var>
<doc>:example: 'John Doe'</doc>
<status status="PASS" start="2024-02-27T00:10:51.296828" elapsed="0.000562"/>
</kw>
<kw name="Email" owner="FakerLibrary">
<msg time="2024-02-27T00:10:51.298062" level="INFO">${email} = laurapugh@example.com</msg>
<var>${email}</var>
<status status="PASS" start="2024-02-27T00:10:51.297548" elapsed="0.000593"/>
</kw>
<kw name="Password" owner="FakerLibrary">
<msg time="2024-02-27T00:10:51.298862" level="INFO">${password} = m2rLl8Zt3VTU</msg>
<var>${password}</var>
<arg>length=12</arg>
<arg>special_chars=False</arg>
<doc>Generate a random password of the specified ``length``.</doc>
<status status="PASS" start="2024-02-27T00:10:51.298372" elapsed="0.000542"/>
</kw>
<kw name="Input Text" owner="SeleniumLibrary">
<msg time="2024-02-27T00:10:51.299568" level="INFO">Typing text 'Paul Murphy' into text field 'id:nome'.</msg>
<arg>id:nome</arg>
<arg>${name}</arg>
<doc>Types the given ``text`` into the text field identified by ``locator``.</doc>
<status status="PASS" start="2024-02-27T00:10:51.299186" elapsed="0.255908"/>
</kw>
<kw name="Input Text" owner="SeleniumLibrary">
<msg time="2024-02-27T00:10:51.555980" level="INFO">Typing text 'laurapugh@example.com' into text field 'id:email'.</msg>
<arg>id:email</arg>
<arg>${email}</arg>
<doc>Types the given ``text`` into the text field identified by ``locator``.</doc>
<status status="PASS" start="2024-02-27T00:10:51.555538" elapsed="0.092564"/>
</kw>
<kw name="Input Text" owner="SeleniumLibrary">
<msg time="2024-02-27T00:10:51.648909" level="INFO">Typing text 'm2rLl8Zt3VTU' into text field 'id:password'.</msg>
<arg>id:password</arg>
<arg>${password}</arg>
<doc>Types the given ``text`` into the text field identified by ``locator``.</doc>
<status status="PASS" start="2024-02-27T00:10:51.648467" elapsed="0.070770"/>
</kw>
<kw name="Select Checkbox" owner="SeleniumLibrary">
<msg time="2024-02-27T00:10:51.719994" level="INFO">Selecting checkbox 'id=administrador'.</msg>
<arg>id=administrador</arg>
<doc>Selects the checkbox identified by ``locator``.</doc>
<status status="PASS" start="2024-02-27T00:10:51.719641" elapsed="0.061825"/>
</kw>
<kw name="Set Suite Variable" owner="BuiltIn">
<msg time="2024-02-27T00:10:51.782342" level="INFO">${name} = Paul Murphy</msg>
<arg>${name}</arg>
<doc>Makes a variable available everywhere within the scope of the current suite.</doc>
<status status="PASS" start="2024-02-27T00:10:51.781833" elapsed="0.000589"/>
</kw>
<kw name="Set Suite Variable" owner="BuiltIn">
<msg time="2024-02-27T00:10:51.782948" level="INFO">${email} = laurapugh@example.com</msg>
<arg>${email}</arg>
<doc>Makes a variable available everywhere within the scope of the current suite.</doc>
<status status="PASS" start="2024-02-27T00:10:51.782658" elapsed="0.000350"/>
</kw>
<kw name="Set Suite Variable" owner="BuiltIn">
<msg time="2024-02-27T00:10:51.783583" level="INFO">${password} = m2rLl8Zt3VTU</msg>
<arg>${password}</arg>
<doc>Makes a variable available everywhere within the scope of the current suite.</doc>
<status status="PASS" start="2024-02-27T00:10:51.783290" elapsed="0.000353"/>
</kw>
<status status="PASS" start="2024-02-27T00:10:51.296437" elapsed="0.487314"/>
</kw>
<kw name="When I click in signup" owner="test_keywords_signup">
<kw name="Click Button" owner="SeleniumLibrary">
<msg time="2024-02-27T00:10:51.784672" level="INFO">Clicking button 'css=.btn.btn-primary'.</msg>
<arg>css=.btn.btn-primary</arg>
<doc>Clicks the button identified by ``locator``.</doc>
<status status="PASS" start="2024-02-27T00:10:51.784407" elapsed="0.054807"/>
</kw>
<status status="PASS" start="2024-02-27T00:10:51.784005" elapsed="0.055452"/>
</kw>
<kw name="Then the page should contain the text &quot;Cadastro realizado com sucesso&quot;" owner="test_keywords_signup" source_name="Then the page should contain the text &quot;${expected_text}&quot;">
<kw name="Wait Until Element Is Visible" owner="SeleniumLibrary">
<arg>css=.alert-dismissible</arg>
<arg>timeout=10s</arg>
<doc>Waits until the element ``locator`` is visible.</doc>
<status status="PASS" start="2024-02-27T00:10:51.840284" elapsed="0.225905"/>
</kw>
<kw name="Element Should Be Visible" owner="SeleniumLibrary">
<msg time="2024-02-27T00:10:52.080530" level="INFO">Element 'css=.alert-dismissible' is displayed.</msg>
<arg>css=.alert-dismissible</arg>
<doc>Verifies that the element identified by ``locator`` is visible.</doc>
<status status="PASS" start="2024-02-27T00:10:52.066515" elapsed="0.014134"/>
</kw>
<kw name="Page Should Contain" owner="SeleniumLibrary">
<msg time="2024-02-27T00:10:52.091513" level="INFO">Current page contains text 'Cadastro realizado com sucesso'.</msg>
<arg>${expected_text}</arg>
<doc>Verifies that current page contains ``text``.</doc>
<status status="PASS" start="2024-02-27T00:10:52.080897" elapsed="0.010713"/>
</kw>
<status status="PASS" start="2024-02-27T00:10:51.839848" elapsed="0.251886"/>
</kw>
<kw name="After Tests" owner="test_keywords_common" type="TEARDOWN">
<kw name="Close Browser" owner="SeleniumLibrary">
<doc>Closes the current browser.</doc>
<status status="PASS" start="2024-02-27T00:10:52.092485" elapsed="0.063373"/>
</kw>
<status status="PASS" start="2024-02-27T00:10:52.092109" elapsed="0.063916"/>
</kw>
<tag>e2e</tag>
<status status="PASS" start="2024-02-27T00:10:50.145684" elapsed="2.010426"/>
</test>
<test id="s1-s2-s1-t3" name="Scenario: Signup with already used email" line="23">
<kw name="Before Tests" owner="test_keywords_common" type="SETUP">
<kw name="Open Browser" owner="SeleniumLibrary">
<msg time="2024-02-27T00:10:52.157787" level="INFO">Opening browser 'headless Chrome' to base url 'https://front.serverest.dev/'.</msg>
<arg>${SERVER_BASE_URL}</arg>
<arg>${HEADLESS} ${BROWSER}</arg>
<doc>Opens a new browser instance to the optional ``url``.</doc>
<status status="PASS" start="2024-02-27T00:10:52.157475" elapsed="1.875205"/>
</kw>
<kw name="Maximize Browser Window" owner="SeleniumLibrary">
<doc>Maximizes current browser window.</doc>
<status status="PASS" start="2024-02-27T00:10:54.033333" elapsed="0.111457"/>
</kw>
<status status="PASS" start="2024-02-27T00:10:52.157114" elapsed="1.987937"/>
</kw>
<kw name="Given Im on the signup page" owner="test_keywords_signup">
<kw name="Location Should Be" owner="SeleniumLibrary">
<msg time="2024-02-27T00:10:54.153962" level="INFO">Current location is 'https://front.serverest.dev/login'.</msg>
<arg>https://front.serverest.dev/login</arg>
<doc>Verifies that the current URL is exactly ``url``.</doc>
<status status="PASS" start="2024-02-27T00:10:54.146282" elapsed="0.007829"/>
</kw>
<kw name="Click Element" owner="SeleniumLibrary">
<msg time="2024-02-27T00:10:54.154819" level="INFO">Clicking element 'css=a.btn.btn-link'.</msg>
<arg>css=a.btn.btn-link</arg>
<doc>Click the element identified by ``locator``.</doc>
<status status="PASS" start="2024-02-27T00:10:54.154410" elapsed="0.043244"/>
</kw>
<status status="PASS" start="2024-02-27T00:10:54.145603" elapsed="0.052295"/>
</kw>
<kw name="And I fill in the signup fields with an email already registered" owner="test_keywords_signup">
<kw name="Input Text" owner="SeleniumLibrary">
<msg time="2024-02-27T00:10:54.199529" level="INFO">Typing text 'Paul Murphy' into text field 'id:nome'.</msg>
<arg>id:nome</arg>
<arg>${name}</arg>
<doc>Types the given ``text`` into the text field identified by ``locator``.</doc>
<status status="PASS" start="2024-02-27T00:10:54.198870" elapsed="0.088572"/>
</kw>
<kw name="Input Text" owner="SeleniumLibrary">
<msg time="2024-02-27T00:10:54.288326" level="INFO">Typing text 'laurapugh@example.com' into text field 'id:email'.</msg>
<arg>id:email</arg>
<arg>${email}</arg>
<doc>Types the given ``text`` into the text field identified by ``locator``.</doc>
<status status="PASS" start="2024-02-27T00:10:54.287904" elapsed="0.143444"/>
</kw>
<kw name="Input Text" owner="SeleniumLibrary">
<msg time="2024-02-27T00:10:54.432164" level="INFO">Typing text 'm2rLl8Zt3VTU' into text field 'id:password'.</msg>
<arg>id:password</arg>
<arg>${password}</arg>
<doc>Types the given ``text`` into the text field identified by ``locator``.</doc>
<status status="PASS" start="2024-02-27T00:10:54.431809" elapsed="0.071279"/>
</kw>
<kw name="Select Checkbox" owner="SeleniumLibrary">
<msg time="2024-02-27T00:10:54.503715" level="INFO">Selecting checkbox 'id=administrador'.</msg>
<arg>id=administrador</arg>
<doc>Selects the checkbox identified by ``locator``.</doc>
<status status="PASS" start="2024-02-27T00:10:54.503421" elapsed="0.053686"/>
</kw>
<status status="PASS" start="2024-02-27T00:10:54.198338" elapsed="0.358948"/>
</kw>
<kw name="When I click in signup" owner="test_keywords_signup">
<kw name="Click Button" owner="SeleniumLibrary">
<msg time="2024-02-27T00:10:54.558213" level="INFO">Clicking button 'css=.btn.btn-primary'.</msg>
<arg>css=.btn.btn-primary</arg>
<doc>Clicks the button identified by ``locator``.</doc>
<status status="PASS" start="2024-02-27T00:10:54.557952" elapsed="0.048081"/>
</kw>
<status status="PASS" start="2024-02-27T00:10:54.557571" elapsed="0.048669"/>
</kw>
<kw name="Then the page should contain the text &quot;Este email já está sendo usado&quot;" owner="test_keywords_signup" source_name="Then the page should contain the text &quot;${expected_text}&quot;">
<kw name="Wait Until Element Is Visible" owner="SeleniumLibrary">
<arg>css=.alert-dismissible</arg>
<arg>timeout=10s</arg>
<doc>Waits until the element ``locator`` is visible.</doc>
<status status="PASS" start="2024-02-27T00:10:54.606991" elapsed="0.226174"/>
</kw>
<kw name="Element Should Be Visible" owner="SeleniumLibrary">
<msg time="2024-02-27T00:10:54.848972" level="INFO">Element 'css=.alert-dismissible' is displayed.</msg>
<arg>css=.alert-dismissible</arg>
<doc>Verifies that the element identified by ``locator`` is visible.</doc>
<status status="PASS" start="2024-02-27T00:10:54.833589" elapsed="0.015515"/>
</kw>
<kw name="Page Should Contain" owner="SeleniumLibrary">
<msg time="2024-02-27T00:10:54.859595" level="INFO">Current page contains text 'Este email já está sendo usado'.</msg>
<arg>${expected_text}</arg>
<doc>Verifies that current page contains ``text``.</doc>
<status status="PASS" start="2024-02-27T00:10:54.849380" elapsed="0.010301"/>
</kw>
<status status="PASS" start="2024-02-27T00:10:54.606562" elapsed="0.253236"/>
</kw>
<kw name="After Tests" owner="test_keywords_common" type="TEARDOWN">
<kw name="Close Browser" owner="SeleniumLibrary">
<doc>Closes the current browser.</doc>
<status status="PASS" start="2024-02-27T00:10:54.860541" elapsed="0.063446"/>
</kw>
<status status="PASS" start="2024-02-27T00:10:54.860168" elapsed="0.064002"/>
</kw>
<tag>e2e</tag>
<status status="PASS" start="2024-02-27T00:10:52.156562" elapsed="2.767706"/>
</test>
<status status="PASS" start="2024-02-27T00:10:40.446811" elapsed="14.478079"/>
</suite>
<status status="PASS" start="2024-02-27T00:10:40.445519" elapsed="14.480140"/>
</suite>
<status status="PASS" start="2024-02-27T00:10:39.488959" elapsed="15.437355"/>
</suite>
<statistics>
<total>
<stat pass="8" fail="0" skip="0">All Tests</stat>
</total>
<tag>
<stat pass="5" fail="0" skip="0">api</stat>
<stat pass="3" fail="0" skip="0">e2e</stat>
</tag>
<suite>
<stat pass="8" fail="0" skip="0" id="s1" name="Tests">Tests</stat>
<stat pass="5" fail="0" skip="0" id="s1-s1" name="Api">Tests.Api</stat>
<stat pass="5" fail="0" skip="0" id="s1-s1-s1" name="Test Api Users">Tests.Api.Test Api Users</stat>
<stat pass="3" fail="0" skip="0" id="s1-s2" name="E2E">Tests.E2E</stat>
<stat pass="3" fail="0" skip="0" id="s1-s2-s1" name="Test Ui Signup">Tests.E2E.Test Ui Signup</stat>
</suite>
</statistics>
<errors>
</errors>
</robot>
