<?xml version="1.0" encoding="UTF-8"?>
<robot generator="Robot 7.0 (Python 3.8.18 on linux)" generated="2024-03-19T00:10:30.021831" rpa="false" schemaversion="5">
<suite id="s1" name="Tests" source="/home/runner/work/gen-ai-robot-test/gen-ai-robot-test/tests">
<suite id="s1-s1" name="Api" source="/home/runner/work/gen-ai-robot-test/gen-ai-robot-test/tests/api">
<suite id="s1-s1-s1" name="Test Api Users" source="/home/runner/work/gen-ai-robot-test/gen-ai-robot-test/tests/api/test_api_users.robot">
<test id="s1-s1-s1-t1" name="Scenario: Get all registered users" line="9">
<kw name="Before Tests" owner="test_keywords_common" type="SETUP">
<kw name="Create Session" owner="RequestsLibrary">
<msg time="2024-03-19T00:10:30.714281" level="INFO">Creating Session using : alias=serverest, url=https://serverest.dev, headers={},                     cookies={}, auth=None, timeout=None, proxies=None, verify=False,                     debug=0 </msg>
<arg>serverest</arg>
<arg>${SERVER_BASE_URL}</arg>
<arg>disable_warnings=True</arg>
<doc>Create Session: create a HTTP session to a server</doc>
<status status="PASS" start="2024-03-19T00:10:30.713913" elapsed="0.000688"/>
</kw>
<status status="PASS" start="2024-03-19T00:10:30.712584" elapsed="0.002145"/>
</kw>
<kw name="When I request the list of all registered users" owner="test_keywords_users">
<kw name="GET On Session" owner="RequestsLibrary">
<msg time="2024-03-19T00:10:30.831159" level="INFO">GET Request : url=https://serverest.dev/usuarios 
 path_url=/usuarios 
 headers={'User-Agent': 'python-requests/2.31.0', 'Accept-Encoding': 'gzip, deflate', 'Accept': '*/*', 'Connection': 'keep-alive'} 
 body=None 
 </msg>
<msg time="2024-03-19T00:10:30.831323" level="INFO">GET Response : url=https://serverest.dev/usuarios 
 status=200, reason=OK 
 headers={'access-control-allow-origin': '*', 'x-dns-prefetch-control': 'off', 'x-frame-options': 'SAMEORIGIN', 'strict-transport-security': 'max-age=15552000; includeSubDomains', 'x-download-options': 'noopen', 'x-content-type-options': 'nosniff', 'x-xss-protection': '1; mode=block', 'content-type': 'application/json; charset=utf-8', 'X-Cloud-Trace-Context': '00d47c544f0ee0f6ed3bfaaa2a923cf6', 'Date': 'Tue, 19 Mar 2024 00:10:30 GMT', 'Server': 'Google Frontend', 'Content-Length': '2463'} 
 body={
    "quantidade": 11,
    "usuarios": [
        {
            "nome": "AdminUser001",
            "email": "User.Kovacek@yahoo.com",
            "password": "wgL1szup3L8IfN8",
            "administrador": "true",
            "_id": "0HqGJLHrqIfFw7rq"
        },
        {
            "nome": "Admin User 001",
            "email": "User.Berge5@yahoo.com",
            "password": "62r5IPAHl3IeFTu",
            "administrador": "true",
            "_id": "5bbXXm0tC1VTFgnw"
        },
        {
            "nome": "AdminUser001",
            "email": "User58@gmail.com",
            "password": "HFRwP6jQX60rv9d",
            "administrador": "true",
            "_id": "DeTnkr4uPmww0huH"
        },
        {
            "nome": "UserTeste001",
            "email": "User.Langworth@gmail.com",
            "password": "WYr2JeAISdniMVy",
            "administrador": "false",
            "_id": "GaayG5gKIi5pcdzo"
        },
        {
            "nome": "Fulano da Silva",
            "email": "beltrano@qa.com.br",
            "password": "teste",
            "administrador": "true",
            "_id": "I4lvk2DSHD25j5Bi"
        },
        {
            "nome": "Admin User 001",
            "email": "User.Beahan69@gmail.com",
            "password": "Sf3z7uItlMgBX98",
            "administrador": "true",
            "_id": "TPPYslMzp2juGufM"
        },
        {
            "nome": "Admin User 001",
            "email": "User_Bruen16@hotmail.com",
            "password": "m6wmYRDW_kUkdlI",
            "administrador": "true",
            "_id": "TeCwgfx8x6Iyw1vs"
        },
        {
            "nome": "User Teste 001",
            "email": "User.Treutel@hotmail.com",
            "password": "4oGeSYe6pMsmWCg",
            "administrador": "false",
            "_id": "U3uEYC31h5HOhYn6"
        },
        {
            "nome": "junior cardoso",
            "email": "juniorkl21@qa.com.br",
            "password": "teste",
            "administrador": "true",
            "_id": "iVmEQIBk5fhTCBDm"
        },
        {
            "nome": "junior cardoso",
            "email": "juniorkl2@qa.com.br",
            "password": "teste",
            "administrador": "true",
            "_id": "j7aCoYYPeMvkQ1yb"
        },
        {
            "nome": "UserTeste001",
            "email": "User52@gmail.com",
            "password": "Kb0CO4j6ZFCWBit",
            "administrador": "false",
            "_id": "woKSpy6kLuO1bJ9A"
        }
    ]
} 
 </msg>
<msg time="2024-03-19T00:10:30.831538" level="INFO">${response} = &lt;Response [200]&gt;</msg>
<var>${response}</var>
<arg>serverest</arg>
<arg>${USERS_API_ENDPOINT}</arg>
<doc>Sends a GET request on a previously created HTTP Session.</doc>
<status status="PASS" start="2024-03-19T00:10:30.715214" elapsed="0.116361"/>
</kw>
<kw name="Set Test Variable" owner="BuiltIn">
<msg time="2024-03-19T00:10:30.832154" level="INFO">${response} = &lt;Response [200]&gt;</msg>
<arg>${response}</arg>
<doc>Makes a variable available everywhere within the scope of the current test.</doc>
<status status="PASS" start="2024-03-19T00:10:30.831854" elapsed="0.000352"/>
</kw>
<status status="PASS" start="2024-03-19T00:10:30.714931" elapsed="0.117409"/>
</kw>
<kw name="Then the response status code should be 200" owner="test_keywords_users" source_name="Then the response status code should be ${status_code}">
<kw name="Should Be Equal As Numbers" owner="BuiltIn">
<msg time="2024-03-19T00:10:30.833504" level="INFO">Argument types are:
&lt;class 'int'&gt;
&lt;class 'str'&gt;</msg>
<arg>${response.status_code}</arg>
<arg>${status_code}</arg>
<doc>Fails if objects are unequal after converting them to real numbers.</doc>
<status status="PASS" start="2024-03-19T00:10:30.832954" elapsed="0.000631"/>
</kw>
<kw name="Should Be True" owner="BuiltIn">
<arg>${response.json()}</arg>
<doc>Fails if the given condition is not true.</doc>
<status status="PASS" start="2024-03-19T00:10:30.833739" elapsed="0.000514"/>
</kw>
<status status="PASS" start="2024-03-19T00:10:30.832581" elapsed="0.001755"/>
</kw>
<kw name="And the response body should not be empty" owner="test_keywords_users">
<kw name="Should Not Be Empty" owner="BuiltIn">
<msg time="2024-03-19T00:10:30.835319" level="INFO">Length is 2.</msg>
<arg>${response.json()}</arg>
<doc>Verifies that the given item is not empty.</doc>
<status status="PASS" start="2024-03-19T00:10:30.834796" elapsed="0.000578"/>
</kw>
<status status="PASS" start="2024-03-19T00:10:30.834515" elapsed="0.000936"/>
</kw>
<tag>api</tag>
<status status="PASS" start="2024-03-19T00:10:30.711689" elapsed="0.123896"/>
</test>
<test id="s1-s1-s1-t2" name="Scenario: Create a new user" line="15">
<kw name="Before Tests" owner="test_keywords_common" type="SETUP">
<kw name="Create Session" owner="RequestsLibrary">
<msg time="2024-03-19T00:10:30.837082" level="INFO">Creating Session using : alias=serverest, url=https://serverest.dev, headers={},                     cookies={}, auth=None, timeout=None, proxies=None, verify=False,                     debug=0 </msg>
<arg>serverest</arg>
<arg>${SERVER_BASE_URL}</arg>
<arg>disable_warnings=True</arg>
<doc>Create Session: create a HTTP session to a server</doc>
<status status="PASS" start="2024-03-19T00:10:30.836814" elapsed="0.000493"/>
</kw>
<status status="PASS" start="2024-03-19T00:10:30.836532" elapsed="0.000861"/>
</kw>
<kw name="Given I have a valid user data" owner="test_keywords_users">
<kw name="Name" owner="FakerLibrary">
<msg time="2024-03-19T00:10:30.838236" level="INFO">${name} = Aaron Mahoney</msg>
<var>${name}</var>
<doc>:example: 'John Doe'</doc>
<status status="PASS" start="2024-03-19T00:10:30.837852" elapsed="0.000414"/>
</kw>
<kw name="Email" owner="FakerLibrary">
<msg time="2024-03-19T00:10:30.838746" level="INFO">${email} = larsonalicia@example.org</msg>
<var>${email}</var>
<status status="PASS" start="2024-03-19T00:10:30.838404" elapsed="0.000372"/>
</kw>
<kw name="Password" owner="FakerLibrary">
<msg time="2024-03-19T00:10:30.839260" level="INFO">${password} = gABZkOvs8QaC</msg>
<var>${password}</var>
<arg>length=12</arg>
<arg>special_chars=False</arg>
<doc>Generate a random password of the specified ``length``.</doc>
<status status="PASS" start="2024-03-19T00:10:30.838971" elapsed="0.000318"/>
</kw>
<kw name="Set Suite Variable" owner="BuiltIn">
<msg time="2024-03-19T00:10:30.839649" level="INFO">${name} = Aaron Mahoney</msg>
<arg>${name}</arg>
<doc>Makes a variable available everywhere within the scope of the current suite.</doc>
<status status="PASS" start="2024-03-19T00:10:30.839444" elapsed="0.000248"/>
</kw>
<kw name="Set Suite Variable" owner="BuiltIn">
<msg time="2024-03-19T00:10:30.840019" level="INFO">${email} = larsonalicia@example.org</msg>
<arg>${email}</arg>
<doc>Makes a variable available everywhere within the scope of the current suite.</doc>
<status status="PASS" start="2024-03-19T00:10:30.839830" elapsed="0.000232"/>
</kw>
<kw name="Set Suite Variable" owner="BuiltIn">
<msg time="2024-03-19T00:10:30.840423" level="INFO">${password} = gABZkOvs8QaC</msg>
<arg>${password}</arg>
<doc>Makes a variable available everywhere within the scope of the current suite.</doc>
<status status="PASS" start="2024-03-19T00:10:30.840195" elapsed="0.000273"/>
</kw>
<status status="PASS" start="2024-03-19T00:10:30.837587" elapsed="0.002954"/>
</kw>
<kw name="When I create the user" owner="test_keywords_users">
<kw name="Create Dictionary" owner="BuiltIn">
<msg time="2024-03-19T00:10:30.841408" level="INFO">${payload} = {'nome': 'Aaron Mahoney', 'email': 'larsonalicia@example.org', 'password': 'gABZkOvs8QaC', 'administrador': 'false'}</msg>
<var>${payload}</var>
<arg>nome=${name}</arg>
<arg>email=${email}</arg>
<arg>password=${password}</arg>
<arg>administrador=false</arg>
<doc>Creates and returns a dictionary based on the given ``items``.</doc>
<status status="PASS" start="2024-03-19T00:10:30.840987" elapsed="0.000450"/>
</kw>
<kw name="Create Dictionary" owner="BuiltIn">
<msg time="2024-03-19T00:10:30.841762" level="INFO">${headers} = {'Content-Type': 'application/json'}</msg>
<var>${headers}</var>
<arg>Content-Type=application/json</arg>
<doc>Creates and returns a dictionary based on the given ``items``.</doc>
<status status="PASS" start="2024-03-19T00:10:30.841588" elapsed="0.000201"/>
</kw>
<kw name="POST On Session" owner="RequestsLibrary">
<msg time="2024-03-19T00:10:30.914283" level="INFO">POST Request : url=https://serverest.dev/usuarios 
 path_url=/usuarios 
 headers={'User-Agent': 'python-requests/2.31.0', 'Accept-Encoding': 'gzip, deflate', 'Accept': '*/*', 'Connection': 'keep-alive', 'Content-Type': 'application/json', 'Content-Length': '116'} 
 body=b'{"nome": "Aaron Mahoney", "email": "larsonalicia@example.org", "password": "gABZkOvs8QaC", "administrador": "false"}' 
 </msg>
<msg time="2024-03-19T00:10:30.914448" level="INFO">POST Response : url=https://serverest.dev/usuarios 
 status=201, reason=Created 
 headers={'access-control-allow-origin': '*', 'x-dns-prefetch-control': 'off', 'x-frame-options': 'SAMEORIGIN', 'strict-transport-security': 'max-age=15552000; includeSubDomains', 'x-download-options': 'noopen', 'x-content-type-options': 'nosniff', 'x-xss-protection': '1; mode=block', 'content-type': 'application/json; charset=utf-8', 'X-Cloud-Trace-Context': 'e2fa68bdf86fdc70a953367dd4b84666', 'Date': 'Tue, 19 Mar 2024 00:10:30 GMT', 'Server': 'Google Frontend', 'Content-Length': '82'} 
 body={
    "message": "Cadastro realizado com sucesso",
    "_id": "6QtLRY7fTuevmQ26"
} 
 </msg>
<msg time="2024-03-19T00:10:30.914665" level="INFO">${response} = &lt;Response [201]&gt;</msg>
<var>${response}</var>
<arg>serverest</arg>
<arg>${USERS_API_ENDPOINT}</arg>
<arg>json=${payload}</arg>
<arg>headers=${headers}</arg>
<doc>Sends a POST request on a previously created HTTP Session.</doc>
<status status="PASS" start="2024-03-19T00:10:30.841930" elapsed="0.072772"/>
</kw>
<kw name="Set Variable" owner="BuiltIn">
<msg time="2024-03-19T00:10:30.915638" level="INFO">${user_id} = 6QtLRY7fTuevmQ26</msg>
<var>${user_id}</var>
<arg>${response.json()['_id']}</arg>
<doc>Returns the given values which can then be assigned to a variables.</doc>
<status status="PASS" start="2024-03-19T00:10:30.914969" elapsed="0.000701"/>
</kw>
<kw name="Set Global Variable" owner="BuiltIn">
<msg time="2024-03-19T00:10:30.916210" level="INFO">${USER_ID} = 6QtLRY7fTuevmQ26</msg>
<arg>${USER_ID}</arg>
<arg>${user_id}</arg>
<doc>Makes a variable available globally in all tests and suites.</doc>
<status status="PASS" start="2024-03-19T00:10:30.915890" elapsed="0.000399"/>
</kw>
<kw name="Set Test Variable" owner="BuiltIn">
<msg time="2024-03-19T00:10:30.916675" level="INFO">${response} = &lt;Response [201]&gt;</msg>
<arg>${response}</arg>
<doc>Makes a variable available everywhere within the scope of the current test.</doc>
<status status="PASS" start="2024-03-19T00:10:30.916461" elapsed="0.000263"/>
</kw>
<status status="PASS" start="2024-03-19T00:10:30.840727" elapsed="0.076084"/>
</kw>
<kw name="Then the response status code should be 201" owner="test_keywords_users" source_name="Then the response status code should be ${status_code}">
<kw name="Should Be Equal As Numbers" owner="BuiltIn">
<msg time="2024-03-19T00:10:30.917865" level="INFO">Argument types are:
&lt;class 'int'&gt;
&lt;class 'str'&gt;</msg>
<arg>${response.status_code}</arg>
<arg>${status_code}</arg>
<doc>Fails if objects are unequal after converting them to real numbers.</doc>
<status status="PASS" start="2024-03-19T00:10:30.917361" elapsed="0.000574"/>
</kw>
<kw name="Should Be True" owner="BuiltIn">
<arg>${response.json()}</arg>
<doc>Fails if the given condition is not true.</doc>
<status status="PASS" start="2024-03-19T00:10:30.918083" elapsed="0.000555"/>
</kw>
<status status="PASS" start="2024-03-19T00:10:30.917025" elapsed="0.001699"/>
</kw>
<kw name="And the response body should not be empty" owner="test_keywords_users">
<kw name="Should Not Be Empty" owner="BuiltIn">
<msg time="2024-03-19T00:10:30.919642" level="INFO">Length is 2.</msg>
<arg>${response.json()}</arg>
<doc>Verifies that the given item is not empty.</doc>
<status status="PASS" start="2024-03-19T00:10:30.919191" elapsed="0.000504"/>
</kw>
<status status="PASS" start="2024-03-19T00:10:30.918907" elapsed="0.000867"/>
</kw>
<tag>api</tag>
<status status="PASS" start="2024-03-19T00:10:30.835930" elapsed="0.083978"/>
</test>
<test id="s1-s1-s1-t3" name="Scenario: Get a specific user informations" line="22">
<kw name="Before Tests" owner="test_keywords_common" type="SETUP">
<kw name="Create Session" owner="RequestsLibrary">
<msg time="2024-03-19T00:10:30.921402" level="INFO">Creating Session using : alias=serverest, url=https://serverest.dev, headers={},                     cookies={}, auth=None, timeout=None, proxies=None, verify=False,                     debug=0 </msg>
<arg>serverest</arg>
<arg>${SERVER_BASE_URL}</arg>
<arg>disable_warnings=True</arg>
<doc>Create Session: create a HTTP session to a server</doc>
<status status="PASS" start="2024-03-19T00:10:30.921130" elapsed="0.000500"/>
</kw>
<status status="PASS" start="2024-03-19T00:10:30.920864" elapsed="0.000860"/>
</kw>
<kw name="When I request the created user" owner="test_keywords_users">
<kw name="GET On Session" owner="RequestsLibrary">
<msg time="2024-03-19T00:10:30.989618" level="INFO">GET Request : url=https://serverest.dev/usuarios/6QtLRY7fTuevmQ26 
 path_url=/usuarios/6QtLRY7fTuevmQ26 
 headers={'User-Agent': 'python-requests/2.31.0', 'Accept-Encoding': 'gzip, deflate', 'Accept': '*/*', 'Connection': 'keep-alive'} 
 body=None 
 </msg>
<msg time="2024-03-19T00:10:30.989728" level="INFO">GET Response : url=https://serverest.dev/usuarios/6QtLRY7fTuevmQ26 
 status=200, reason=OK 
 headers={'access-control-allow-origin': '*', 'x-dns-prefetch-control': 'off', 'x-frame-options': 'SAMEORIGIN', 'strict-transport-security': 'max-age=15552000; includeSubDomains', 'x-download-options': 'noopen', 'x-content-type-options': 'nosniff', 'x-xss-protection': '1; mode=block', 'content-type': 'application/json; charset=utf-8', 'X-Cloud-Trace-Context': 'd1e4c27428ee9dcce814fc351d828fa3', 'Date': 'Tue, 19 Mar 2024 00:10:30 GMT', 'Server': 'Google Frontend', 'Content-Length': '165'} 
 body={
    "nome": "Aaron Mahoney",
    "email": "larsonalicia@example.org",
    "password": "gABZkOvs8QaC",
    "administrador": "false",
    "_id": "6QtLRY7fTuevmQ26"
} 
 </msg>
<msg time="2024-03-19T00:10:30.989946" level="INFO">${response} = &lt;Response [200]&gt;</msg>
<var>${response}</var>
<arg>serverest</arg>
<arg>${USERS_API_ENDPOINT}/${USER_ID}</arg>
<doc>Sends a GET request on a previously created HTTP Session.</doc>
<status status="PASS" start="2024-03-19T00:10:30.922193" elapsed="0.067789"/>
</kw>
<kw name="Set Test Variable" owner="BuiltIn">
<msg time="2024-03-19T00:10:30.990550" level="INFO">${response} = &lt;Response [200]&gt;</msg>
<arg>${response}</arg>
<doc>Makes a variable available everywhere within the scope of the current test.</doc>
<status status="PASS" start="2024-03-19T00:10:30.990254" elapsed="0.000351"/>
</kw>
<status status="PASS" start="2024-03-19T00:10:30.921904" elapsed="0.068796"/>
</kw>
<kw name="Then the response status code should be 200" owner="test_keywords_users" source_name="Then the response status code should be ${status_code}">
<kw name="Should Be Equal As Numbers" owner="BuiltIn">
<msg time="2024-03-19T00:10:30.991865" level="INFO">Argument types are:
&lt;class 'int'&gt;
&lt;class 'str'&gt;</msg>
<arg>${response.status_code}</arg>
<arg>${status_code}</arg>
<doc>Fails if objects are unequal after converting them to real numbers.</doc>
<status status="PASS" start="2024-03-19T00:10:30.991302" elapsed="0.000638"/>
</kw>
<kw name="Should Be True" owner="BuiltIn">
<arg>${response.json()}</arg>
<doc>Fails if the given condition is not true.</doc>
<status status="PASS" start="2024-03-19T00:10:30.992099" elapsed="0.000534"/>
</kw>
<status status="PASS" start="2024-03-19T00:10:30.990938" elapsed="0.001781"/>
</kw>
<kw name="And the response body should not be empty" owner="test_keywords_users">
<kw name="Should Not Be Empty" owner="BuiltIn">
<msg time="2024-03-19T00:10:30.993657" level="INFO">Length is 5.</msg>
<arg>${response.json()}</arg>
<doc>Verifies that the given item is not empty.</doc>
<status status="PASS" start="2024-03-19T00:10:30.993194" elapsed="0.000523"/>
</kw>
<status status="PASS" start="2024-03-19T00:10:30.992907" elapsed="0.000890"/>
</kw>
<tag>api</tag>
<status status="PASS" start="2024-03-19T00:10:30.920269" elapsed="0.073663"/>
</test>
<test id="s1-s1-s1-t4" name="Scenario: Update the created user" line="28">
<kw name="Before Tests" owner="test_keywords_common" type="SETUP">
<kw name="Create Session" owner="RequestsLibrary">
<msg time="2024-03-19T00:10:30.995408" level="INFO">Creating Session using : alias=serverest, url=https://serverest.dev, headers={},                     cookies={}, auth=None, timeout=None, proxies=None, verify=False,                     debug=0 </msg>
<arg>serverest</arg>
<arg>${SERVER_BASE_URL}</arg>
<arg>disable_warnings=True</arg>
<doc>Create Session: create a HTTP session to a server</doc>
<status status="PASS" start="2024-03-19T00:10:30.995127" elapsed="0.000509"/>
</kw>
<status status="PASS" start="2024-03-19T00:10:30.994852" elapsed="0.000872"/>
</kw>
<kw name="When I update the created user" owner="test_keywords_users">
<kw name="Create Dictionary" owner="BuiltIn">
<msg time="2024-03-19T00:10:30.996674" level="INFO">${payload} = {'nome': 'John Smith', 'email': 'john.smith@example.com', 'password': 'P@ssw0rd123', 'administrador': 'false'}</msg>
<var>${payload}</var>
<arg>nome=John Smith</arg>
<arg>email=john.smith@example.com</arg>
<arg>password=P@ssw0rd123</arg>
<arg>administrador=false</arg>
<doc>Creates and returns a dictionary based on the given ``items``.</doc>
<status status="PASS" start="2024-03-19T00:10:30.996382" elapsed="0.000323"/>
</kw>
<kw name="Create Dictionary" owner="BuiltIn">
<msg time="2024-03-19T00:10:30.997047" level="INFO">${headers} = {'Content-Type': 'application/json'}</msg>
<var>${headers}</var>
<arg>Content-Type=application/json</arg>
<doc>Creates and returns a dictionary based on the given ``items``.</doc>
<status status="PASS" start="2024-03-19T00:10:30.996865" elapsed="0.000210"/>
</kw>
<kw name="PUT On Session" owner="RequestsLibrary">
<msg time="2024-03-19T00:10:31.067893" level="INFO">PUT Request : url=https://serverest.dev/usuarios/6QtLRY7fTuevmQ26 
 path_url=/usuarios/6QtLRY7fTuevmQ26 
 headers={'User-Agent': 'python-requests/2.31.0', 'Accept-Encoding': 'gzip, deflate', 'Accept': '*/*', 'Connection': 'keep-alive', 'Content-Type': 'application/json', 'Content-Length': '110'} 
 body=b'{"nome": "John Smith", "email": "john.smith@example.com", "password": "P@ssw0rd123", "administrador": "false"}' 
 </msg>
<msg time="2024-03-19T00:10:31.068019" level="INFO">PUT Response : url=https://serverest.dev/usuarios/6QtLRY7fTuevmQ26 
 status=200, reason=OK 
 headers={'access-control-allow-origin': '*', 'x-dns-prefetch-control': 'off', 'x-frame-options': 'SAMEORIGIN', 'strict-transport-security': 'max-age=15552000; includeSubDomains', 'x-download-options': 'noopen', 'x-content-type-options': 'nosniff', 'x-xss-protection': '1; mode=block', 'content-type': 'application/json; charset=utf-8', 'X-Cloud-Trace-Context': 'd3c32519f1f235a84f807f0b38e68054', 'Date': 'Tue, 19 Mar 2024 00:10:31 GMT', 'Server': 'Google Frontend', 'Content-Length': '50'} 
 body={
    "message": "Registro alterado com sucesso"
} 
 </msg>
<msg time="2024-03-19T00:10:31.068197" level="INFO">${response} = &lt;Response [200]&gt;</msg>
<var>${response}</var>
<arg>serverest</arg>
<arg>${USERS_API_ENDPOINT}/${USER_ID}</arg>
<arg>json=${payload}</arg>
<arg>headers=${headers}</arg>
<doc>Sends a PUT request on a previously created HTTP Session.</doc>
<status status="PASS" start="2024-03-19T00:10:30.997214" elapsed="0.071018"/>
</kw>
<kw name="Set Test Variable" owner="BuiltIn">
<msg time="2024-03-19T00:10:31.068869" level="INFO">${response} = &lt;Response [200]&gt;</msg>
<arg>${response}</arg>
<doc>Makes a variable available everywhere within the scope of the current test.</doc>
<status status="PASS" start="2024-03-19T00:10:31.068559" elapsed="0.000370"/>
</kw>
<status status="PASS" start="2024-03-19T00:10:30.995914" elapsed="0.073115"/>
</kw>
<kw name="Then the response status code should be 200" owner="test_keywords_users" source_name="Then the response status code should be ${status_code}">
<kw name="Should Be Equal As Numbers" owner="BuiltIn">
<msg time="2024-03-19T00:10:31.070181" level="INFO">Argument types are:
&lt;class 'int'&gt;
&lt;class 'str'&gt;</msg>
<arg>${response.status_code}</arg>
<arg>${status_code}</arg>
<doc>Fails if objects are unequal after converting them to real numbers.</doc>
<status status="PASS" start="2024-03-19T00:10:31.069632" elapsed="0.000623"/>
</kw>
<kw name="Should Be True" owner="BuiltIn">
<arg>${response.json()}</arg>
<doc>Fails if the given condition is not true.</doc>
<status status="PASS" start="2024-03-19T00:10:31.070408" elapsed="0.000471"/>
</kw>
<status status="PASS" start="2024-03-19T00:10:31.069269" elapsed="0.001692"/>
</kw>
<kw name="And the response body should not be empty" owner="test_keywords_users">
<kw name="Should Not Be Empty" owner="BuiltIn">
<msg time="2024-03-19T00:10:31.071844" level="INFO">Length is 1.</msg>
<arg>${response.json()}</arg>
<doc>Verifies that the given item is not empty.</doc>
<status status="PASS" start="2024-03-19T00:10:31.071406" elapsed="0.000492"/>
</kw>
<status status="PASS" start="2024-03-19T00:10:31.071134" elapsed="0.000840"/>
</kw>
<tag>api</tag>
<status status="PASS" start="2024-03-19T00:10:30.994254" elapsed="0.077853"/>
</test>
<test id="s1-s1-s1-t5" name="Scenario: Delete the created user" line="34">
<kw name="Before Tests" owner="test_keywords_common" type="SETUP">
<kw name="Create Session" owner="RequestsLibrary">
<msg time="2024-03-19T00:10:31.073641" level="INFO">Creating Session using : alias=serverest, url=https://serverest.dev, headers={},                     cookies={}, auth=None, timeout=None, proxies=None, verify=False,                     debug=0 </msg>
<arg>serverest</arg>
<arg>${SERVER_BASE_URL}</arg>
<arg>disable_warnings=True</arg>
<doc>Create Session: create a HTTP session to a server</doc>
<status status="PASS" start="2024-03-19T00:10:31.073372" elapsed="0.000484"/>
</kw>
<status status="PASS" start="2024-03-19T00:10:31.073048" elapsed="0.000894"/>
</kw>
<kw name="When I delete the created user" owner="test_keywords_users">
<kw name="DELETE On Session" owner="RequestsLibrary">
<msg time="2024-03-19T00:10:31.143214" level="INFO">DELETE Request : url=https://serverest.dev/usuarios/6QtLRY7fTuevmQ26 
 path_url=/usuarios/6QtLRY7fTuevmQ26 
 headers={'User-Agent': 'python-requests/2.31.0', 'Accept-Encoding': 'gzip, deflate', 'Accept': '*/*', 'Connection': 'keep-alive', 'Content-Length': '0'} 
 body=None 
 </msg>
<msg time="2024-03-19T00:10:31.143350" level="INFO">DELETE Response : url=https://serverest.dev/usuarios/6QtLRY7fTuevmQ26 
 status=200, reason=OK 
 headers={'access-control-allow-origin': '*', 'x-dns-prefetch-control': 'off', 'x-frame-options': 'SAMEORIGIN', 'strict-transport-security': 'max-age=15552000; includeSubDomains', 'x-download-options': 'noopen', 'x-content-type-options': 'nosniff', 'x-xss-protection': '1; mode=block', 'content-type': 'application/json; charset=utf-8', 'X-Cloud-Trace-Context': '0e4237d1785096aa706ad488bb8ceca1', 'Date': 'Tue, 19 Mar 2024 00:10:31 GMT', 'Server': 'Google Frontend', 'Content-Length': '51'} 
 body={
    "message": "Registro excluído com sucesso"
} 
 </msg>
<msg time="2024-03-19T00:10:31.143534" level="INFO">${response} = &lt;Response [200]&gt;</msg>
<var>${response}</var>
<arg>serverest</arg>
<arg>${USERS_API_ENDPOINT}/${USER_ID}</arg>
<doc>Sends a DELETE request on a previously created HTTP Session.</doc>
<status status="PASS" start="2024-03-19T00:10:31.074371" elapsed="0.069200"/>
</kw>
<kw name="Set Test Variable" owner="BuiltIn">
<msg time="2024-03-19T00:10:31.144167" level="INFO">${response} = &lt;Response [200]&gt;</msg>
<arg>${response}</arg>
<doc>Makes a variable available everywhere within the scope of the current test.</doc>
<status status="PASS" start="2024-03-19T00:10:31.143860" elapsed="0.000362"/>
</kw>
<status status="PASS" start="2024-03-19T00:10:31.074119" elapsed="0.070245"/>
</kw>
<kw name="Then the response status code should be 200" owner="test_keywords_users" source_name="Then the response status code should be ${status_code}">
<kw name="Should Be Equal As Numbers" owner="BuiltIn">
<msg time="2024-03-19T00:10:31.145556" level="INFO">Argument types are:
&lt;class 'int'&gt;
&lt;class 'str'&gt;</msg>
<arg>${response.status_code}</arg>
<arg>${status_code}</arg>
<doc>Fails if objects are unequal after converting them to real numbers.</doc>
<status status="PASS" start="2024-03-19T00:10:31.144991" elapsed="0.000640"/>
</kw>
<kw name="Should Be True" owner="BuiltIn">
<arg>${response.json()}</arg>
<doc>Fails if the given condition is not true.</doc>
<status status="PASS" start="2024-03-19T00:10:31.145791" elapsed="0.000489"/>
</kw>
<status status="PASS" start="2024-03-19T00:10:31.144613" elapsed="0.001751"/>
</kw>
<kw name="And the response body should not be empty" owner="test_keywords_users">
<kw name="Should Not Be Empty" owner="BuiltIn">
<msg time="2024-03-19T00:10:31.147274" level="INFO">Length is 1.</msg>
<arg>${response.json()}</arg>
<doc>Verifies that the given item is not empty.</doc>
<status status="PASS" start="2024-03-19T00:10:31.146827" elapsed="0.000500"/>
</kw>
<status status="PASS" start="2024-03-19T00:10:31.146547" elapsed="0.000856"/>
</kw>
<tag>api</tag>
<status status="PASS" start="2024-03-19T00:10:31.072460" elapsed="0.075077"/>
</test>
<status status="PASS" start="2024-03-19T00:10:30.044239" elapsed="1.103939"/>
</suite>
<status status="PASS" start="2024-03-19T00:10:30.042901" elapsed="1.106169"/>
</suite>
<suite id="s1-s2" name="E2E" source="/home/runner/work/gen-ai-robot-test/gen-ai-robot-test/tests/e2e">
<suite id="s1-s2-s1" name="Test Ui Signup" source="/home/runner/work/gen-ai-robot-test/gen-ai-robot-test/tests/e2e/test_ui_signup.robot">
<test id="s1-s2-s1-t1" name="Scenario: Signup with empty fields" line="10">
<kw name="Before Tests" owner="test_keywords_common" type="SETUP">
<kw name="Open Browser" owner="SeleniumLibrary">
<msg time="2024-03-19T00:10:31.158537" level="INFO">Opening browser 'headless Chrome' to base url 'https://front.serverest.dev/'.</msg>
<arg>${SERVER_BASE_URL}</arg>
<arg>${HEADLESS} ${BROWSER}</arg>
<doc>Opens a new browser instance to the optional ``url``.</doc>
<status status="PASS" start="2024-03-19T00:10:31.158260" elapsed="11.647548"/>
</kw>
<kw name="Maximize Browser Window" owner="SeleniumLibrary">
<doc>Maximizes current browser window.</doc>
<status status="PASS" start="2024-03-19T00:10:42.806500" elapsed="0.104267"/>
</kw>
<status status="PASS" start="2024-03-19T00:10:31.157947" elapsed="11.753012"/>
</kw>
<kw name="Given Im on the signup page" owner="test_keywords_signup">
<kw name="Location Should Be" owner="SeleniumLibrary">
<msg time="2024-03-19T00:10:42.916141" level="INFO">Current location is 'https://front.serverest.dev/login'.</msg>
<arg>https://front.serverest.dev/login</arg>
<doc>Verifies that the current URL is exactly ``url``.</doc>
<status status="PASS" start="2024-03-19T00:10:42.911804" elapsed="0.004420"/>
</kw>
<kw name="Click Element" owner="SeleniumLibrary">
<msg time="2024-03-19T00:10:42.916977" level="INFO">Clicking element 'css=a.btn.btn-link'.</msg>
<arg>css=a.btn.btn-link</arg>
<doc>Click the element identified by ``locator``.</doc>
<status status="PASS" start="2024-03-19T00:10:42.916448" elapsed="0.267937"/>
</kw>
<status status="PASS" start="2024-03-19T00:10:42.911351" elapsed="0.273267"/>
</kw>
<kw name="When I click in signup" owner="test_keywords_signup">
<kw name="Click Button" owner="SeleniumLibrary">
<msg time="2024-03-19T00:10:43.185893" level="INFO">Clicking button 'css=.btn.btn-primary'.</msg>
<arg>css=.btn.btn-primary</arg>
<doc>Clicks the button identified by ``locator``.</doc>
<status status="PASS" start="2024-03-19T00:10:43.185603" elapsed="0.256867"/>
</kw>
<status status="PASS" start="2024-03-19T00:10:43.185025" elapsed="0.257615"/>
</kw>
<kw name="Then required field messages should be displayed" owner="test_keywords_signup">
<kw name="Wait Until Element Is Visible" owner="SeleniumLibrary">
<arg>css=.alert-dismissible</arg>
<arg>timeout=10s</arg>
<doc>Waits until the element ``locator`` is visible.</doc>
<status status="PASS" start="2024-03-19T00:10:43.443331" elapsed="0.225619"/>
</kw>
<kw name="Element Should Be Visible" owner="SeleniumLibrary">
<msg time="2024-03-19T00:10:43.682804" level="INFO">Element 'css=.alert-dismissible' is displayed.</msg>
<arg>css=.alert-dismissible</arg>
<doc>Verifies that the element identified by ``locator`` is visible.</doc>
<status status="PASS" start="2024-03-19T00:10:43.669250" elapsed="0.013650"/>
</kw>
<kw name="Page Should Contain" owner="SeleniumLibrary">
<msg time="2024-03-19T00:10:43.719024" level="INFO">Current page contains text 'Nome é obrigatório'.</msg>
<arg>Nome é obrigatório</arg>
<doc>Verifies that current page contains ``text``.</doc>
<status status="PASS" start="2024-03-19T00:10:43.683139" elapsed="0.036014"/>
</kw>
<kw name="Page Should Contain" owner="SeleniumLibrary">
<msg time="2024-03-19T00:10:43.729483" level="INFO">Current page contains text 'Email é obrigatório'.</msg>
<arg>Email é obrigatório</arg>
<doc>Verifies that current page contains ``text``.</doc>
<status status="PASS" start="2024-03-19T00:10:43.719428" elapsed="0.010161"/>
</kw>
<kw name="Page Should Contain" owner="SeleniumLibrary">
<msg time="2024-03-19T00:10:43.740199" level="INFO">Current page contains text 'Password é obrigatório'.</msg>
<arg>Password é obrigatório</arg>
<doc>Verifies that current page contains ``text``.</doc>
<status status="PASS" start="2024-03-19T00:10:43.729845" elapsed="0.010526"/>
</kw>
<status status="PASS" start="2024-03-19T00:10:43.442943" elapsed="0.297643"/>
</kw>
<kw name="After Tests" owner="test_keywords_common" type="TEARDOWN">
<kw name="Close Browser" owner="SeleniumLibrary">
<doc>Closes the current browser.</doc>
<status status="PASS" start="2024-03-19T00:10:43.741376" elapsed="0.061927"/>
</kw>
<status status="PASS" start="2024-03-19T00:10:43.740995" elapsed="0.062473"/>
</kw>
<tag>e2e</tag>
<status status="PASS" start="2024-03-19T00:10:31.157339" elapsed="12.646213"/>
</test>
<test id="s1-s2-s1-t2" name="Scenario: Signup done successfully" line="16">
<kw name="Before Tests" owner="test_keywords_common" type="SETUP">
<kw name="Open Browser" owner="SeleniumLibrary">
<msg time="2024-03-19T00:10:43.805389" level="INFO">Opening browser 'headless Chrome' to base url 'https://front.serverest.dev/'.</msg>
<arg>${SERVER_BASE_URL}</arg>
<arg>${HEADLESS} ${BROWSER}</arg>
<doc>Opens a new browser instance to the optional ``url``.</doc>
<status status="PASS" start="2024-03-19T00:10:43.805067" elapsed="0.902141"/>
</kw>
<kw name="Maximize Browser Window" owner="SeleniumLibrary">
<doc>Maximizes current browser window.</doc>
<status status="PASS" start="2024-03-19T00:10:44.707849" elapsed="0.104552"/>
</kw>
<status status="PASS" start="2024-03-19T00:10:43.804705" elapsed="1.007964"/>
</kw>
<kw name="Given Im on the signup page" owner="test_keywords_signup">
<kw name="Location Should Be" owner="SeleniumLibrary">
<msg time="2024-03-19T00:10:44.818339" level="INFO">Current location is 'https://front.serverest.dev/login'.</msg>
<arg>https://front.serverest.dev/login</arg>
<doc>Verifies that the current URL is exactly ``url``.</doc>
<status status="PASS" start="2024-03-19T00:10:44.813828" elapsed="0.004624"/>
</kw>
<kw name="Click Element" owner="SeleniumLibrary">
<msg time="2024-03-19T00:10:44.819071" level="INFO">Clicking element 'css=a.btn.btn-link'.</msg>
<arg>css=a.btn.btn-link</arg>
<doc>Click the element identified by ``locator``.</doc>
<status status="PASS" start="2024-03-19T00:10:44.818716" elapsed="0.096692"/>
</kw>
<status status="PASS" start="2024-03-19T00:10:44.813203" elapsed="0.102463"/>
</kw>
<kw name="And I fill in the signup fields with valid data" owner="test_keywords_signup">
<kw name="Name" owner="FakerLibrary">
<msg time="2024-03-19T00:10:44.917583" level="INFO">${name} = Jill Hodges</msg>
<var>${name}</var>
<doc>:example: 'John Doe'</doc>
<status status="PASS" start="2024-03-19T00:10:44.916788" elapsed="0.000853"/>
</kw>
<kw name="Email" owner="FakerLibrary">
<msg time="2024-03-19T00:10:44.918490" level="INFO">${email} = martinezeric@example.org</msg>
<var>${email}</var>
<status status="PASS" start="2024-03-19T00:10:44.917893" elapsed="0.000648"/>
</kw>
<kw name="Password" owner="FakerLibrary">
<msg time="2024-03-19T00:10:44.919249" level="INFO">${password} = ZtJFfQ1T1rsj</msg>
<var>${password}</var>
<arg>length=12</arg>
<arg>special_chars=False</arg>
<doc>Generate a random password of the specified ``length``.</doc>
<status status="PASS" start="2024-03-19T00:10:44.918774" elapsed="0.000538"/>
</kw>
<kw name="Input Text" owner="SeleniumLibrary">
<msg time="2024-03-19T00:10:44.920017" level="INFO">Typing text 'Jill Hodges' into text field 'id:nome'.</msg>
<arg>id:nome</arg>
<arg>${name}</arg>
<doc>Types the given ``text`` into the text field identified by ``locator``.</doc>
<status status="PASS" start="2024-03-19T00:10:44.919622" elapsed="0.234500"/>
</kw>
<kw name="Input Text" owner="SeleniumLibrary">
<msg time="2024-03-19T00:10:45.154805" level="INFO">Typing text 'martinezeric@example.org' into text field 'id:email'.</msg>
<arg>id:email</arg>
<arg>${email}</arg>
<doc>Types the given ``text`` into the text field identified by ``locator``.</doc>
<status status="PASS" start="2024-03-19T00:10:45.154463" elapsed="0.175703"/>
</kw>
<kw name="Input Text" owner="SeleniumLibrary">
<msg time="2024-03-19T00:10:45.331050" level="INFO">Typing text 'ZtJFfQ1T1rsj' into text field 'id:password'.</msg>
<arg>id:password</arg>
<arg>${password}</arg>
<doc>Types the given ``text`` into the text field identified by ``locator``.</doc>
<status status="PASS" start="2024-03-19T00:10:45.330607" elapsed="0.070993"/>
</kw>
<kw name="Select Checkbox" owner="SeleniumLibrary">
<msg time="2024-03-19T00:10:45.402241" level="INFO">Selecting checkbox 'id=administrador'.</msg>
<arg>id=administrador</arg>
<doc>Selects the checkbox identified by ``locator``.</doc>
<status status="PASS" start="2024-03-19T00:10:45.401922" elapsed="0.061814"/>
</kw>
<kw name="Set Suite Variable" owner="BuiltIn">
<msg time="2024-03-19T00:10:45.464653" level="INFO">${name} = Jill Hodges</msg>
<arg>${name}</arg>
<doc>Makes a variable available everywhere within the scope of the current suite.</doc>
<status status="PASS" start="2024-03-19T00:10:45.464152" elapsed="0.000585"/>
</kw>
<kw name="Set Suite Variable" owner="BuiltIn">
<msg time="2024-03-19T00:10:45.465242" level="INFO">${email} = martinezeric@example.org</msg>
<arg>${email}</arg>
<doc>Makes a variable available everywhere within the scope of the current suite.</doc>
<status status="PASS" start="2024-03-19T00:10:45.464960" elapsed="0.000345"/>
</kw>
<kw name="Set Suite Variable" owner="BuiltIn">
<msg time="2024-03-19T00:10:45.465798" level="INFO">${password} = ZtJFfQ1T1rsj</msg>
<arg>${password}</arg>
<doc>Makes a variable available everywhere within the scope of the current suite.</doc>
<status status="PASS" start="2024-03-19T00:10:45.465511" elapsed="0.000350"/>
</kw>
<status status="PASS" start="2024-03-19T00:10:44.916172" elapsed="0.549809"/>
</kw>
<kw name="When I click in signup" owner="test_keywords_signup">
<kw name="Click Button" owner="SeleniumLibrary">
<msg time="2024-03-19T00:10:45.466846" level="INFO">Clicking button 'css=.btn.btn-primary'.</msg>
<arg>css=.btn.btn-primary</arg>
<doc>Clicks the button identified by ``locator``.</doc>
<status status="PASS" start="2024-03-19T00:10:45.466631" elapsed="0.056171"/>
</kw>
<status status="PASS" start="2024-03-19T00:10:45.466252" elapsed="0.056723"/>
</kw>
<kw name="Then the page should contain the text &quot;Cadastro realizado com sucesso&quot;" owner="test_keywords_signup" source_name="Then the page should contain the text &quot;${expected_text}&quot;">
<kw name="Wait Until Element Is Visible" owner="SeleniumLibrary">
<arg>css=.alert-dismissible</arg>
<arg>timeout=10s</arg>
<doc>Waits until the element ``locator`` is visible.</doc>
<status status="PASS" start="2024-03-19T00:10:45.523876" elapsed="0.228290"/>
</kw>
<kw name="Element Should Be Visible" owner="SeleniumLibrary">
<msg time="2024-03-19T00:10:45.766960" level="INFO">Element 'css=.alert-dismissible' is displayed.</msg>
<arg>css=.alert-dismissible</arg>
<doc>Verifies that the element identified by ``locator`` is visible.</doc>
<status status="PASS" start="2024-03-19T00:10:45.752515" elapsed="0.014569"/>
</kw>
<kw name="Page Should Contain" owner="SeleniumLibrary">
<msg time="2024-03-19T00:10:45.776976" level="INFO">Current page contains text 'Cadastro realizado com sucesso'.</msg>
<arg>${expected_text}</arg>
<doc>Verifies that current page contains ``text``.</doc>
<status status="PASS" start="2024-03-19T00:10:45.767372" elapsed="0.009695"/>
</kw>
<status status="PASS" start="2024-03-19T00:10:45.523356" elapsed="0.253828"/>
</kw>
<kw name="After Tests" owner="test_keywords_common" type="TEARDOWN">
<kw name="Close Browser" owner="SeleniumLibrary">
<doc>Closes the current browser.</doc>
<status status="PASS" start="2024-03-19T00:10:45.777921" elapsed="0.061287"/>
</kw>
<status status="PASS" start="2024-03-19T00:10:45.777549" elapsed="0.061827"/>
</kw>
<tag>e2e</tag>
<status status="PASS" start="2024-03-19T00:10:43.804045" elapsed="2.035416"/>
</test>
<test id="s1-s2-s1-t3" name="Scenario: Signup with already used email" line="23">
<kw name="Before Tests" owner="test_keywords_common" type="SETUP">
<kw name="Open Browser" owner="SeleniumLibrary">
<msg time="2024-03-19T00:10:45.841536" level="INFO">Opening browser 'headless Chrome' to base url 'https://front.serverest.dev/'.</msg>
<arg>${SERVER_BASE_URL}</arg>
<arg>${HEADLESS} ${BROWSER}</arg>
<doc>Opens a new browser instance to the optional ``url``.</doc>
<status status="PASS" start="2024-03-19T00:10:45.841136" elapsed="0.893199"/>
</kw>
<kw name="Maximize Browser Window" owner="SeleniumLibrary">
<doc>Maximizes current browser window.</doc>
<status status="PASS" start="2024-03-19T00:10:46.735225" elapsed="0.104076"/>
</kw>
<status status="PASS" start="2024-03-19T00:10:45.840701" elapsed="0.998804"/>
</kw>
<kw name="Given Im on the signup page" owner="test_keywords_signup">
<kw name="Location Should Be" owner="SeleniumLibrary">
<msg time="2024-03-19T00:10:46.845193" level="INFO">Current location is 'https://front.serverest.dev/login'.</msg>
<arg>https://front.serverest.dev/login</arg>
<doc>Verifies that the current URL is exactly ``url``.</doc>
<status status="PASS" start="2024-03-19T00:10:46.840702" elapsed="0.004596"/>
</kw>
<kw name="Click Element" owner="SeleniumLibrary">
<msg time="2024-03-19T00:10:46.845934" level="INFO">Clicking element 'css=a.btn.btn-link'.</msg>
<arg>css=a.btn.btn-link</arg>
<doc>Click the element identified by ``locator``.</doc>
<status status="PASS" start="2024-03-19T00:10:46.845573" elapsed="0.102144"/>
</kw>
<status status="PASS" start="2024-03-19T00:10:46.840016" elapsed="0.107930"/>
</kw>
<kw name="And I fill in the signup fields with an email already registered" owner="test_keywords_signup">
<kw name="Input Text" owner="SeleniumLibrary">
<msg time="2024-03-19T00:10:46.949680" level="INFO">Typing text 'Jill Hodges' into text field 'id:nome'.</msg>
<arg>id:nome</arg>
<arg>${name}</arg>
<doc>Types the given ``text`` into the text field identified by ``locator``.</doc>
<status status="PASS" start="2024-03-19T00:10:46.948966" elapsed="0.155203"/>
</kw>
<kw name="Input Text" owner="SeleniumLibrary">
<msg time="2024-03-19T00:10:47.104860" level="INFO">Typing text 'martinezeric@example.org' into text field 'id:email'.</msg>
<arg>id:email</arg>
<arg>${email}</arg>
<doc>Types the given ``text`` into the text field identified by ``locator``.</doc>
<status status="PASS" start="2024-03-19T00:10:47.104525" elapsed="0.081138"/>
</kw>
<kw name="Input Text" owner="SeleniumLibrary">
<msg time="2024-03-19T00:10:47.186300" level="INFO">Typing text 'ZtJFfQ1T1rsj' into text field 'id:password'.</msg>
<arg>id:password</arg>
<arg>${password}</arg>
<doc>Types the given ``text`` into the text field identified by ``locator``.</doc>
<status status="PASS" start="2024-03-19T00:10:47.185973" elapsed="0.069590"/>
</kw>
<kw name="Select Checkbox" owner="SeleniumLibrary">
<msg time="2024-03-19T00:10:47.256164" level="INFO">Selecting checkbox 'id=administrador'.</msg>
<arg>id=administrador</arg>
<doc>Selects the checkbox identified by ``locator``.</doc>
<status status="PASS" start="2024-03-19T00:10:47.255883" elapsed="0.053407"/>
</kw>
<status status="PASS" start="2024-03-19T00:10:46.948395" elapsed="0.361066"/>
</kw>
<kw name="When I click in signup" owner="test_keywords_signup">
<kw name="Click Button" owner="SeleniumLibrary">
<msg time="2024-03-19T00:10:47.310326" level="INFO">Clicking button 'css=.btn.btn-primary'.</msg>
<arg>css=.btn.btn-primary</arg>
<doc>Clicks the button identified by ``locator``.</doc>
<status status="PASS" start="2024-03-19T00:10:47.310100" elapsed="0.048329"/>
</kw>
<status status="PASS" start="2024-03-19T00:10:47.309730" elapsed="0.048866"/>
</kw>
<kw name="Then the page should contain the text &quot;Este email já está sendo usado&quot;" owner="test_keywords_signup" source_name="Then the page should contain the text &quot;${expected_text}&quot;">
<kw name="Wait Until Element Is Visible" owner="SeleniumLibrary">
<arg>css=.alert-dismissible</arg>
<arg>timeout=10s</arg>
<doc>Waits until the element ``locator`` is visible.</doc>
<status status="PASS" start="2024-03-19T00:10:47.359332" elapsed="0.227827"/>
</kw>
<kw name="Element Should Be Visible" owner="SeleniumLibrary">
<msg time="2024-03-19T00:10:47.602777" level="INFO">Element 'css=.alert-dismissible' is displayed.</msg>
<arg>css=.alert-dismissible</arg>
<doc>Verifies that the element identified by ``locator`` is visible.</doc>
<status status="PASS" start="2024-03-19T00:10:47.587469" elapsed="0.015444"/>
</kw>
<kw name="Page Should Contain" owner="SeleniumLibrary">
<msg time="2024-03-19T00:10:47.614423" level="INFO">Current page contains text 'Este email já está sendo usado'.</msg>
<arg>${expected_text}</arg>
<doc>Verifies that current page contains ``text``.</doc>
<status status="PASS" start="2024-03-19T00:10:47.603206" elapsed="0.011344"/>
</kw>
<status status="PASS" start="2024-03-19T00:10:47.358906" elapsed="0.255786"/>
</kw>
<kw name="After Tests" owner="test_keywords_common" type="TEARDOWN">
<kw name="Close Browser" owner="SeleniumLibrary">
<doc>Closes the current browser.</doc>
<status status="PASS" start="2024-03-19T00:10:47.615468" elapsed="0.063216"/>
</kw>
<status status="PASS" start="2024-03-19T00:10:47.615092" elapsed="0.063756"/>
</kw>
<tag>e2e</tag>
<status status="PASS" start="2024-03-19T00:10:45.839972" elapsed="1.838960"/>
</test>
<status status="PASS" start="2024-03-19T00:10:31.150980" elapsed="16.528511"/>
</suite>
<status status="PASS" start="2024-03-19T00:10:31.149628" elapsed="16.530792"/>
</suite>
<status status="PASS" start="2024-03-19T00:10:30.022889" elapsed="17.658180"/>
</suite>
<statistics>
<total>
<stat pass="8" fail="0" skip="0">All Tests</stat>
</total>
<tag>
<stat pass="5" fail="0" skip="0">api</stat>
<stat pass="3" fail="0" skip="0">e2e</stat>
</tag>
<suite>
<stat pass="8" fail="0" skip="0" id="s1" name="Tests">Tests</stat>
<stat pass="5" fail="0" skip="0" id="s1-s1" name="Api">Tests.Api</stat>
<stat pass="5" fail="0" skip="0" id="s1-s1-s1" name="Test Api Users">Tests.Api.Test Api Users</stat>
<stat pass="3" fail="0" skip="0" id="s1-s2" name="E2E">Tests.E2E</stat>
<stat pass="3" fail="0" skip="0" id="s1-s2-s1" name="Test Ui Signup">Tests.E2E.Test Ui Signup</stat>
</suite>
</statistics>
<errors>
</errors>
</robot>
