<?xml version="1.0" encoding="UTF-8"?>
<robot generator="Robot 6.0.2 (Python 3.8.16 on linux)" generated="20230609 18:28:57.761" rpa="false" schemaversion="3">
<suite id="s1" name="Tests" source="/home/runner/work/gen-ai-robot-test/gen-ai-robot-test/tests">
<suite id="s1-s1" name="Api" source="/home/runner/work/gen-ai-robot-test/gen-ai-robot-test/tests/api">
<suite id="s1-s1-s1" name="Test Api Users" source="/home/runner/work/gen-ai-robot-test/gen-ai-robot-test/tests/api/test_api_users.robot">
<test id="s1-s1-s1-t1" name="Scenario: Get all registered users" line="9">
<kw name="Before Tests" library="test_keywords_common" type="SETUP">
<kw name="Create Session" library="RequestsLibrary">
<arg>serverest</arg>
<arg>${SERVER_BASE_URL}</arg>
<arg>disable_warnings=True</arg>
<doc>Create Session: create a HTTP session to a server</doc>
<msg timestamp="20230609 18:28:58.324" level="INFO">Creating Session using : alias=serverest, url=https://serverest.dev, headers={},                     cookies={}, auth=None, timeout=None, proxies=None, verify=False,                     debug=0 </msg>
<status status="PASS" starttime="20230609 18:28:58.323" endtime="20230609 18:28:58.324"/>
</kw>
<status status="PASS" starttime="20230609 18:28:58.323" endtime="20230609 18:28:58.324"/>
</kw>
<kw name="When I request the list of all registered users" library="test_keywords_users">
<kw name="GET On Session" library="RequestsLibrary">
<var>${response}</var>
<arg>serverest</arg>
<arg>${USERS_API_ENDPOINT}</arg>
<doc>Sends a GET request on a previously created HTTP Session.</doc>
<msg timestamp="20230609 18:28:58.473" level="INFO">GET Request : url=https://serverest.dev/usuarios 
 path_url=/usuarios 
 headers={'User-Agent': 'python-requests/2.31.0', 'Accept-Encoding': 'gzip, deflate', 'Accept': '*/*', 'Connection': 'keep-alive'} 
 body=None 
 </msg>
<msg timestamp="20230609 18:28:58.473" level="INFO">GET Response : url=https://serverest.dev/usuarios 
 status=200, reason=OK 
 headers={'access-control-allow-origin': '*', 'x-dns-prefetch-control': 'off', 'x-frame-options': 'SAMEORIGIN', 'strict-transport-security': 'max-age=15552000; includeSubDomains', 'x-download-options': 'noopen', 'x-content-type-options': 'nosniff', 'x-xss-protection': '1; mode=block', 'x-moesif-transaction-id': '77d8ce08-aca5-40c1-8abe-65ea3af2981c', 'content-type': 'application/json; charset=utf-8', 'X-Cloud-Trace-Context': '6b1c90f6c9d6ae41bcda8f371830e7c6', 'Date': 'Fri, 09 Jun 2023 18:28:58 GMT', 'Server': 'Google Frontend', 'Content-Length': '36256'} 
 body={
    "quantidade": 165,
    "usuarios": [
        {
            "nome": "Fulano da Silva",
            "email": "ttdq@emailteste.com",
            "password": "1234",
            "administrador": "true",
            "_id": "02DQkHSzXSqpcIka"
        },
        {
            "nome": "Fulano da Silva",
            "email": "beltrano55@qa.com.br",
            "password": "teste",
            "administrador": "true",
            "_id": "0F1dhHbEeX2mrwft"
        },
        {
            "nome": "Drew Gerhold",
            "email": "almamosciski@test.com",
            "password": "9rJt1UcYQcnYJ7S",
            "administrador": "true",
            "_id": "0bnETEAn1Bj6PNeB"
        },
        {
            "nome": "Fulano da Silva",
            "email": "tlji@emailteste.com",
            "password": "1234",
            "administrador": "true",
            "_id": "0v9qTX5aeOtCF1sZ"
        },
        {
            "nome": "Christie Murazik",
            "email": "Eleazar.Hand25@yahoo.com",
            "password": "RZu8J4l1RolHVA9",
            "administrador": "true",
            "_id": "0zJJLyoiAC4LDuvK"
        },
        {
            "nome": "Fulano da Silva",
            "email": "beltr23123213ano@qa.com.br",
            "password": "te21312321321321321321312312",
            "administrador": "true",
            "_id": "19qYwOl1yhTmb9BG"
        },
        {
            "nome": "Tanya Larson",
            "email": "Evelyn.Greenholt-Farrell45@gmail.com",
            "password": "xhsyXupps0dhUhd",
            "administrador": "true",
            "_id": "1roUnulKv3v1koBe"
        },
        {
            "nome": "Cristiano Mothe",
            "email": "todd42@example.com",
            "password": "Abc@123",
            "administrador": "true",
            "_id": "1sgIbfnuiyiNZqrg"
        },
        {
            "nome": "Antonio Funk III",
            "email": "Dan1@hotmail.com",
            "password": "DRpPX1z2ZECGMOi",
            "administrador": "true",
            "_id": "24Gamt7XRlANtwIj"
        },
        {
            "nome": "Alfred Jaskolski",
            "email": "Marquise37@gmail.com",
            "password": "nqaFgugOOBVDLgZ",
            "administrador": "false",
            "_id": "3jE9j1N3PRSGSKXE"
        },
        {
            "nome": "Tyler Oberbrunner",
            "email": "Ralph.Kuhic77@gmail.com",
            "password": "jtnofzT612n3Xwf",
            "administrador": "true",
            "_id": "3qdUSEh1LherGOxK"
        },
        {
            "nome": "Candice Zieme",
            "email": "Karelle.Davis33@hotmail.com",
            "password": "6gFuBILhb53G5Dd",
            "administrador": "true",
            "_id": "3v0ICd9RA3lOxu95"
        },
        {
            "nome": "Fulano da Silva",
            "email": "wecr@emailteste.com",
            "password": "1234",
            "administrador": "true",
            "_id": "4hcofxmM4X9ChELr"
        },
        {
            "nome": "Juanita Champlin-Barrows",
            "email": "Kristofer.Koss91@yahoo.com",
            "password": "QTFqy_lAXaVN4Or",
            "administrador": "true",
            "_id": "59WU4Oi0SqCvoAfR"
        },
        {
            "nome": "Cristiano Mothe",
            "email": "sanderson@example.net",
            "password": "123456",
            "administrador": "true",
            "_id": "5BGAG7FQWpC8XanE"
        },
        {
            "nome": "Ruty",
            "email": "rutysa@hotmail.com",
            "password": "abc123",
            "administrador": "true",
            "_id": "5NnUe3903HAV4j0X"
        },
        {
            "nome": "Olivia Jast",
            "email": "Tamara84@gmail.com",
            "password": "YHIi4p7y5BotON_",
            "administrador": "false",
            "_id": "5bh5PuewiWA7sbyL"
        },
        {
            "nome": "Dr. Genevieve Abbott",
            "email": "Thelma.Johns99@hotmail.com",
            "password": "STu4AA3MMHDAnvo",
            "administrador": "true",
            "_id": "5l70IkKnpYUhr79n"
        },
        {
            "nome": "Dr. Antonio Collins",
            "email": "Demond91@hotmail.com",
            "password": "NqGDrB7bBw9VIwF",
            "administrador": "true",
            "_id": "6TAOnbRy0UrP9Ove"
        },
        {
            "nome": "Ms. Sophie Carter",
            "email": "Alysha18@yahoo.com",
            "password": "WvUzLByxSI_c8mN",
            "administrador": "true",
            "_id": "6lJRxOuN7m67apKs"
        },
        {
            "nome": "teste",
            "email": "teste@hotmail.br",
            "password": "1",
            "administrador": "true",
            "_id": "72dcS17y72QsiCjf"
        },
        {
            "nome": "Antonia Metz",
            "email": "Frederic_Reinger74@hotmail.com",
            "password": "bnmLvoWV21UGlkH",
            "administrador": "true",
            "_id": "7Un0DB88ipdaWPMM"
        },
        {
            "nome": "Brenda Waelchi",
            "email": "Trey_Wiegand81@hotmail.com",
            "password": "nA6gyxKUUqaA26D",
            "administrador": "true",
            "_id": "8CtP2qA9OnaIAnYp"
        },
        {
            "nome": "Jacsonsm",
            "email": "whodge@example.com",
            "password": "123456",
            "administrador": "true",
            "_id": "8SvBtCnNTB4cCSCJ"
        },
        {
            "nome": "Joanne Hintz",
            "email": "Ladarius_Champlin@yahoo.com",
            "password": "y190q3go3p0VrZY",
            "administrador": "true",
            "_id": "9LxF0vW4m0Bc7Rtu"
        },
        {
            "nome": "Fulano da Silva",
            "email": "qliw@emailteste.com",
            "password": "1234",
            "administrador": "true",
            "_id": "A0XW4CgHSmYnnlUf"
        },
        {
            "nome": "Brandon Jakubowski",
            "email": "Maritza45@hotmail.com",
            "password": "yKsneR_sw2NT8Un",
            "administrador": "true",
            "_id": "ASGTkKRr0F1f7ATG"
        },
        {
            "nome": "Margie Koch-Stehr",
            "email": "Brennon_Littel81@hotmail.com",
            "password": "fQl5qQkd6xHbYVo",
            "administrador": "false",
            "_id": "AZzE7UeEwSBdI11l"
        },
        {
            "nome": "Leslie Ondricka I",
            "email": "Jackie83@yahoo.com",
            "password": "4nyqqgA0c8nDc6A",
            "administrador": "true",
            "_id": "Ak1Wh4evPpp7z2bN"
        },
        {
            "nome": "Teste Eduardo edite",
            "email": "testeeduardo222@qa.com",
            "password": "12345789",
            "administrador": "true",
            "_id": "Axldi78KNMfO1ShP"
        },
        {
            "nome": "Christina Beer IV",
            "email": "Jacinthe1@hotmail.com",
            "password": "rY3BqzIHSdUQS5Z",
            "administrador": "true",
            "_id": "ByIp6wYmfcU36L3Z"
        },
        {
            "nome": "Bryan Reynolds",
            "email": "agreen@example.org",
            "password": "E9ClRZZvx4Th",
            "administrador": "true",
            "_id": "C7OvK06XohCWgFIU"
        },
        {
            "nome": "Kimberly Reinger",
            "email": "Maritza50@yahoo.com",
            "password": "XTsbHkKBFM45RIO",
            "administrador": "true",
            "_id": "CY9EWrxoytmjxUDJ"
        },
        {
            "nome": "Fulano da Silva",
            "email": "xgnp@emailteste.com",
            "password": "1234",
            "administrador": "true",
            "_id": "Cbr6oAFoAWyLzhhX"
        },
        {
            "nome": "Evan Schmitt",
            "email": "Florida_Beier-Mitchell@hotmail.com",
            "password": "Bu0y6HVKVrADVdp",
            "administrador": "true",
            "_id": "Dc4eLDemlemniGXq"
        },
        {
            "nome": "Catherine Stark IV",
            "email": "Max97@yahoo.com",
            "password": "6_wmElvxgWu5D_r",
            "administrador": "true",
            "_id": "DjlloxVdhp1ROguN"
        },
        {
            "nome": "Cris",
            "email": "testeqa@teste.com.br",
            "password": "teste",
            "administrador": "true",
            "_id": "E0oPC5p9YIuYLekG"
        },
        {
            "nome": "oooo",
            "email": "0@email.com",
            "password": "000",
            "administrador": "true",
            "_id": "EYmjNQ4OIhVVksEl"
        },
        {
            "nome": "Ms. Tonya Shields",
            "email": "Brionna_Reilly22@yahoo.com",
            "password": "Pwk9g00GyMuU0AB",
            "administrador": "true",
            "_id": "Effb9VyPoEfW9Vxe"
        },
        {
            "nome": "Candace Swaniawski",
            "email": "Durward_Brown@hotmail.com",
            "password": "BCcvoP3EtLi8PQW",
            "administrador": "false",
            "_id": "FQD5HyjaIVhaqLTV"
        },
        {
            "nome": "Rolando Heaney",
            "email": "Keaton_Stamm@hotmail.com",
            "password": "Zke9Wn9MtK1pMAS",
            "administrador": "true",
            "_id": "G0nIzUm3mwIfVdyd"
        },
        {
            "nome": "Stacy Doyle-Carter",
            "email": "Sister.Lakin@gmail.com",
            "password": "vB7YiZKErLE77Rh",
            "administrador": "true",
            "_id": "G3BkpG0GRlLYsN3U"
        },
        {
            "nome": "Amaury Sobrinho",
            "email": "teste@mail.com",
            "password": "teste",
            "administrador": "true",
            "_id": "GL9Cz8IIGWYN8Som"
        },
        {
            "nome": "Fulano da Silva",
            "email": "dyab@emailteste.com",
            "password": "1234",
            "administrador": "true",
            "_id": "GfuviAxGK4rqVHJQ"
        },
        {
            "nome": "Fulano da Silva",
            "email": "rgtt@emailteste.com",
            "password": "1234",
            "administrador": "true",
            "_id": "GivTkjDh5ni3okMn"
        },
        {
            "nome": "Fulano da ... (set the log level to DEBUG or TRACE to see the full content) 
 </msg>
<msg timestamp="20230609 18:28:58.473" level="INFO">${response} = &lt;Response [200]&gt;</msg>
<status status="PASS" starttime="20230609 18:28:58.324" endtime="20230609 18:28:58.473"/>
</kw>
<kw name="Set Test Variable" library="BuiltIn">
<arg>${response}</arg>
<doc>Makes a variable available everywhere within the scope of the current test.</doc>
<msg timestamp="20230609 18:28:58.474" level="INFO">${response} = &lt;Response [200]&gt;</msg>
<status status="PASS" starttime="20230609 18:28:58.474" endtime="20230609 18:28:58.474"/>
</kw>
<status status="PASS" starttime="20230609 18:28:58.324" endtime="20230609 18:28:58.474"/>
</kw>
<kw name="Then the response status code should be 200" library="test_keywords_users" sourcename="Then the response status code should be ${status_code}">
<kw name="Should Be Equal As Numbers" library="BuiltIn">
<arg>${response.status_code}</arg>
<arg>${status_code}</arg>
<doc>Fails if objects are unequal after converting them to real numbers.</doc>
<msg timestamp="20230609 18:28:58.475" level="INFO">Argument types are:
&lt;class 'int'&gt;
&lt;class 'str'&gt;</msg>
<status status="PASS" starttime="20230609 18:28:58.475" endtime="20230609 18:28:58.475"/>
</kw>
<kw name="Should Be True" library="BuiltIn">
<arg>${response.json()}</arg>
<doc>Fails if the given condition is not true.</doc>
<status status="PASS" starttime="20230609 18:28:58.475" endtime="20230609 18:28:58.476"/>
</kw>
<status status="PASS" starttime="20230609 18:28:58.474" endtime="20230609 18:28:58.476"/>
</kw>
<kw name="And the response body should not be empty" library="test_keywords_users">
<kw name="Should Not Be Empty" library="BuiltIn">
<arg>${response.json()}</arg>
<doc>Verifies that the given item is not empty.</doc>
<msg timestamp="20230609 18:28:58.477" level="INFO">Length is 2</msg>
<status status="PASS" starttime="20230609 18:28:58.477" endtime="20230609 18:28:58.478"/>
</kw>
<status status="PASS" starttime="20230609 18:28:58.476" endtime="20230609 18:28:58.478"/>
</kw>
<tag>api</tag>
<status status="PASS" starttime="20230609 18:28:58.322" endtime="20230609 18:28:58.478"/>
</test>
<test id="s1-s1-s1-t2" name="Scenario: Create a new user" line="15">
<kw name="Before Tests" library="test_keywords_common" type="SETUP">
<kw name="Create Session" library="RequestsLibrary">
<arg>serverest</arg>
<arg>${SERVER_BASE_URL}</arg>
<arg>disable_warnings=True</arg>
<doc>Create Session: create a HTTP session to a server</doc>
<msg timestamp="20230609 18:28:58.479" level="INFO">Creating Session using : alias=serverest, url=https://serverest.dev, headers={},                     cookies={}, auth=None, timeout=None, proxies=None, verify=False,                     debug=0 </msg>
<status status="PASS" starttime="20230609 18:28:58.479" endtime="20230609 18:28:58.479"/>
</kw>
<status status="PASS" starttime="20230609 18:28:58.478" endtime="20230609 18:28:58.479"/>
</kw>
<kw name="Given I have a valid user data" library="test_keywords_users">
<kw name="Name" library="FakerLibrary">
<var>${name}</var>
<doc>:example 'John Doe'</doc>
<msg timestamp="20230609 18:28:58.480" level="INFO">${name} = Kimberly Mercer</msg>
<status status="PASS" starttime="20230609 18:28:58.480" endtime="20230609 18:28:58.480"/>
</kw>
<kw name="Email" library="FakerLibrary">
<var>${email}</var>
<msg timestamp="20230609 18:28:58.481" level="INFO">${email} = epierce@example.com</msg>
<status status="PASS" starttime="20230609 18:28:58.480" endtime="20230609 18:28:58.481"/>
</kw>
<kw name="Password" library="FakerLibrary">
<var>${password}</var>
<arg>length=12</arg>
<arg>special_chars=False</arg>
<doc>Generate a random password of the specified ``length``.</doc>
<msg timestamp="20230609 18:28:58.481" level="INFO">${password} = UlpRWdtp3NTt</msg>
<status status="PASS" starttime="20230609 18:28:58.481" endtime="20230609 18:28:58.481"/>
</kw>
<kw name="Set Suite Variable" library="BuiltIn">
<arg>${name}</arg>
<doc>Makes a variable available everywhere within the scope of the current suite.</doc>
<msg timestamp="20230609 18:28:58.481" level="INFO">${name} = Kimberly Mercer</msg>
<status status="PASS" starttime="20230609 18:28:58.481" endtime="20230609 18:28:58.481"/>
</kw>
<kw name="Set Suite Variable" library="BuiltIn">
<arg>${email}</arg>
<doc>Makes a variable available everywhere within the scope of the current suite.</doc>
<msg timestamp="20230609 18:28:58.482" level="INFO">${email} = epierce@example.com</msg>
<status status="PASS" starttime="20230609 18:28:58.482" endtime="20230609 18:28:58.482"/>
</kw>
<kw name="Set Suite Variable" library="BuiltIn">
<arg>${password}</arg>
<doc>Makes a variable available everywhere within the scope of the current suite.</doc>
<msg timestamp="20230609 18:28:58.482" level="INFO">${password} = UlpRWdtp3NTt</msg>
<status status="PASS" starttime="20230609 18:28:58.482" endtime="20230609 18:28:58.482"/>
</kw>
<status status="PASS" starttime="20230609 18:28:58.479" endtime="20230609 18:28:58.482"/>
</kw>
<kw name="When I create the user" library="test_keywords_users">
<kw name="Create Dictionary" library="BuiltIn">
<var>${payload}</var>
<arg>nome=${name}</arg>
<arg>email=${email}</arg>
<arg>password=${password}</arg>
<arg>administrador=false</arg>
<doc>Creates and returns a dictionary based on the given ``items``.</doc>
<msg timestamp="20230609 18:28:58.483" level="INFO">${payload} = {'nome': 'Kimberly Mercer', 'email': 'epierce@example.com', 'password': 'UlpRWdtp3NTt', 'administrador': 'false'}</msg>
<status status="PASS" starttime="20230609 18:28:58.483" endtime="20230609 18:28:58.483"/>
</kw>
<kw name="Create Dictionary" library="BuiltIn">
<var>${headers}</var>
<arg>Content-Type=application/json</arg>
<doc>Creates and returns a dictionary based on the given ``items``.</doc>
<msg timestamp="20230609 18:28:58.483" level="INFO">${headers} = {'Content-Type': 'application/json'}</msg>
<status status="PASS" starttime="20230609 18:28:58.483" endtime="20230609 18:28:58.483"/>
</kw>
<kw name="POST On Session" library="RequestsLibrary">
<var>${response}</var>
<arg>serverest</arg>
<arg>${USERS_API_ENDPOINT}</arg>
<arg>json=${payload}</arg>
<arg>headers=${headers}</arg>
<doc>Sends a POST request on a previously created HTTP Session.</doc>
<msg timestamp="20230609 18:28:58.561" level="INFO">POST Request : url=https://serverest.dev/usuarios 
 path_url=/usuarios 
 headers={'User-Agent': 'python-requests/2.31.0', 'Accept-Encoding': 'gzip, deflate', 'Accept': '*/*', 'Connection': 'keep-alive', 'Content-Type': 'application/json', 'Content-Length': '113'} 
 body=b'{"nome": "Kimberly Mercer", "email": "epierce@example.com", "password": "UlpRWdtp3NTt", "administrador": "false"}' 
 </msg>
<msg timestamp="20230609 18:28:58.561" level="INFO">POST Response : url=https://serverest.dev/usuarios 
 status=201, reason=Created 
 headers={'access-control-allow-origin': '*', 'x-dns-prefetch-control': 'off', 'x-frame-options': 'SAMEORIGIN', 'strict-transport-security': 'max-age=15552000; includeSubDomains', 'x-download-options': 'noopen', 'x-content-type-options': 'nosniff', 'x-xss-protection': '1; mode=block', 'x-moesif-transaction-id': '532ad0fd-4735-48e7-9f8e-e79fd4cc6e41', 'content-type': 'application/json; charset=utf-8', 'X-Cloud-Trace-Context': '093df3d79443dcba035fd069331f152d', 'Date': 'Fri, 09 Jun 2023 18:28:58 GMT', 'Server': 'Google Frontend', 'Content-Length': '82'} 
 body={
    "message": "Cadastro realizado com sucesso",
    "_id": "INylFOHO8eqYr02d"
} 
 </msg>
<msg timestamp="20230609 18:28:58.561" level="INFO">${response} = &lt;Response [201]&gt;</msg>
<status status="PASS" starttime="20230609 18:28:58.483" endtime="20230609 18:28:58.561"/>
</kw>
<kw name="Set Variable" library="BuiltIn">
<var>${user_id}</var>
<arg>${response.json()['_id']}</arg>
<doc>Returns the given values which can then be assigned to a variables.</doc>
<msg timestamp="20230609 18:28:58.562" level="INFO">${user_id} = INylFOHO8eqYr02d</msg>
<status status="PASS" starttime="20230609 18:28:58.561" endtime="20230609 18:28:58.562"/>
</kw>
<kw name="Set Global Variable" library="BuiltIn">
<arg>${USER_ID}</arg>
<arg>${user_id}</arg>
<doc>Makes a variable available globally in all tests and suites.</doc>
<msg timestamp="20230609 18:28:58.562" level="INFO">${USER_ID} = INylFOHO8eqYr02d</msg>
<status status="PASS" starttime="20230609 18:28:58.562" endtime="20230609 18:28:58.563"/>
</kw>
<kw name="Set Test Variable" library="BuiltIn">
<arg>${response}</arg>
<doc>Makes a variable available everywhere within the scope of the current test.</doc>
<msg timestamp="20230609 18:28:58.563" level="INFO">${response} = &lt;Response [201]&gt;</msg>
<status status="PASS" starttime="20230609 18:28:58.563" endtime="20230609 18:28:58.563"/>
</kw>
<status status="PASS" starttime="20230609 18:28:58.482" endtime="20230609 18:28:58.563"/>
</kw>
<kw name="Then the response status code should be 201" library="test_keywords_users" sourcename="Then the response status code should be ${status_code}">
<kw name="Should Be Equal As Numbers" library="BuiltIn">
<arg>${response.status_code}</arg>
<arg>${status_code}</arg>
<doc>Fails if objects are unequal after converting them to real numbers.</doc>
<msg timestamp="20230609 18:28:58.564" level="INFO">Argument types are:
&lt;class 'int'&gt;
&lt;class 'str'&gt;</msg>
<status status="PASS" starttime="20230609 18:28:58.563" endtime="20230609 18:28:58.564"/>
</kw>
<kw name="Should Be True" library="BuiltIn">
<arg>${response.json()}</arg>
<doc>Fails if the given condition is not true.</doc>
<status status="PASS" starttime="20230609 18:28:58.564" endtime="20230609 18:28:58.565"/>
</kw>
<status status="PASS" starttime="20230609 18:28:58.563" endtime="20230609 18:28:58.565"/>
</kw>
<kw name="And the response body should not be empty" library="test_keywords_users">
<kw name="Should Not Be Empty" library="BuiltIn">
<arg>${response.json()}</arg>
<doc>Verifies that the given item is not empty.</doc>
<msg timestamp="20230609 18:28:58.566" level="INFO">Length is 2</msg>
<status status="PASS" starttime="20230609 18:28:58.565" endtime="20230609 18:28:58.566"/>
</kw>
<status status="PASS" starttime="20230609 18:28:58.565" endtime="20230609 18:28:58.566"/>
</kw>
<tag>api</tag>
<status status="PASS" starttime="20230609 18:28:58.478" endtime="20230609 18:28:58.566"/>
</test>
<test id="s1-s1-s1-t3" name="Scenario: Get a specific user informations" line="22">
<kw name="Before Tests" library="test_keywords_common" type="SETUP">
<kw name="Create Session" library="RequestsLibrary">
<arg>serverest</arg>
<arg>${SERVER_BASE_URL}</arg>
<arg>disable_warnings=True</arg>
<doc>Create Session: create a HTTP session to a server</doc>
<msg timestamp="20230609 18:28:58.568" level="INFO">Creating Session using : alias=serverest, url=https://serverest.dev, headers={},                     cookies={}, auth=None, timeout=None, proxies=None, verify=False,                     debug=0 </msg>
<status status="PASS" starttime="20230609 18:28:58.567" endtime="20230609 18:28:58.568"/>
</kw>
<status status="PASS" starttime="20230609 18:28:58.567" endtime="20230609 18:28:58.568"/>
</kw>
<kw name="When I request the created user" library="test_keywords_users">
<kw name="GET On Session" library="RequestsLibrary">
<var>${response}</var>
<arg>serverest</arg>
<arg>${USERS_API_ENDPOINT}/${USER_ID}</arg>
<doc>Sends a GET request on a previously created HTTP Session.</doc>
<msg timestamp="20230609 18:28:58.646" level="INFO">GET Request : url=https://serverest.dev/usuarios/INylFOHO8eqYr02d 
 path_url=/usuarios/INylFOHO8eqYr02d 
 headers={'User-Agent': 'python-requests/2.31.0', 'Accept-Encoding': 'gzip, deflate', 'Accept': '*/*', 'Connection': 'keep-alive'} 
 body=None 
 </msg>
<msg timestamp="20230609 18:28:58.646" level="INFO">GET Response : url=https://serverest.dev/usuarios/INylFOHO8eqYr02d 
 status=200, reason=OK 
 headers={'access-control-allow-origin': '*', 'x-dns-prefetch-control': 'off', 'x-frame-options': 'SAMEORIGIN', 'strict-transport-security': 'max-age=15552000; includeSubDomains', 'x-download-options': 'noopen', 'x-content-type-options': 'nosniff', 'x-xss-protection': '1; mode=block', 'x-moesif-transaction-id': 'a487bc27-ab51-4cf8-961a-d2f6cb9f95ff', 'content-type': 'application/json; charset=utf-8', 'X-Cloud-Trace-Context': '20aaddb42998de50319f0160a4545bf9', 'Date': 'Fri, 09 Jun 2023 18:28:58 GMT', 'Server': 'Google Frontend', 'Content-Length': '162'} 
 body={
    "nome": "Kimberly Mercer",
    "email": "epierce@example.com",
    "password": "UlpRWdtp3NTt",
    "administrador": "false",
    "_id": "INylFOHO8eqYr02d"
} 
 </msg>
<msg timestamp="20230609 18:28:58.646" level="INFO">${response} = &lt;Response [200]&gt;</msg>
<status status="PASS" starttime="20230609 18:28:58.568" endtime="20230609 18:28:58.646"/>
</kw>
<kw name="Set Test Variable" library="BuiltIn">
<arg>${response}</arg>
<doc>Makes a variable available everywhere within the scope of the current test.</doc>
<msg timestamp="20230609 18:28:58.647" level="INFO">${response} = &lt;Response [200]&gt;</msg>
<status status="PASS" starttime="20230609 18:28:58.646" endtime="20230609 18:28:58.647"/>
</kw>
<status status="PASS" starttime="20230609 18:28:58.568" endtime="20230609 18:28:58.647"/>
</kw>
<kw name="Then the response status code should be 200" library="test_keywords_users" sourcename="Then the response status code should be ${status_code}">
<kw name="Should Be Equal As Numbers" library="BuiltIn">
<arg>${response.status_code}</arg>
<arg>${status_code}</arg>
<doc>Fails if objects are unequal after converting them to real numbers.</doc>
<msg timestamp="20230609 18:28:58.648" level="INFO">Argument types are:
&lt;class 'int'&gt;
&lt;class 'str'&gt;</msg>
<status status="PASS" starttime="20230609 18:28:58.647" endtime="20230609 18:28:58.648"/>
</kw>
<kw name="Should Be True" library="BuiltIn">
<arg>${response.json()}</arg>
<doc>Fails if the given condition is not true.</doc>
<status status="PASS" starttime="20230609 18:28:58.648" endtime="20230609 18:28:58.649"/>
</kw>
<status status="PASS" starttime="20230609 18:28:58.647" endtime="20230609 18:28:58.649"/>
</kw>
<kw name="And the response body should not be empty" library="test_keywords_users">
<kw name="Should Not Be Empty" library="BuiltIn">
<arg>${response.json()}</arg>
<doc>Verifies that the given item is not empty.</doc>
<msg timestamp="20230609 18:28:58.650" level="INFO">Length is 5</msg>
<status status="PASS" starttime="20230609 18:28:58.649" endtime="20230609 18:28:58.650"/>
</kw>
<status status="PASS" starttime="20230609 18:28:58.649" endtime="20230609 18:28:58.650"/>
</kw>
<tag>api</tag>
<status status="PASS" starttime="20230609 18:28:58.567" endtime="20230609 18:28:58.650"/>
</test>
<test id="s1-s1-s1-t4" name="Scenario: Update the created user" line="28">
<kw name="Before Tests" library="test_keywords_common" type="SETUP">
<kw name="Create Session" library="RequestsLibrary">
<arg>serverest</arg>
<arg>${SERVER_BASE_URL}</arg>
<arg>disable_warnings=True</arg>
<doc>Create Session: create a HTTP session to a server</doc>
<msg timestamp="20230609 18:28:58.651" level="INFO">Creating Session using : alias=serverest, url=https://serverest.dev, headers={},                     cookies={}, auth=None, timeout=None, proxies=None, verify=False,                     debug=0 </msg>
<status status="PASS" starttime="20230609 18:28:58.651" endtime="20230609 18:28:58.652"/>
</kw>
<status status="PASS" starttime="20230609 18:28:58.651" endtime="20230609 18:28:58.652"/>
</kw>
<kw name="When I update the created user" library="test_keywords_users">
<kw name="Create Dictionary" library="BuiltIn">
<var>${payload}</var>
<arg>nome=John Smith</arg>
<arg>email=john.smith@example.com</arg>
<arg>password=P@ssw0rd123</arg>
<arg>administrador=false</arg>
<doc>Creates and returns a dictionary based on the given ``items``.</doc>
<msg timestamp="20230609 18:28:58.652" level="INFO">${payload} = {'nome': 'John Smith', 'email': 'john.smith@example.com', 'password': 'P@ssw0rd123', 'administrador': 'false'}</msg>
<status status="PASS" starttime="20230609 18:28:58.652" endtime="20230609 18:28:58.652"/>
</kw>
<kw name="Create Dictionary" library="BuiltIn">
<var>${headers}</var>
<arg>Content-Type=application/json</arg>
<doc>Creates and returns a dictionary based on the given ``items``.</doc>
<msg timestamp="20230609 18:28:58.653" level="INFO">${headers} = {'Content-Type': 'application/json'}</msg>
<status status="PASS" starttime="20230609 18:28:58.652" endtime="20230609 18:28:58.653"/>
</kw>
<kw name="PUT On Session" library="RequestsLibrary">
<var>${response}</var>
<arg>serverest</arg>
<arg>${USERS_API_ENDPOINT}/${USER_ID}</arg>
<arg>json=${payload}</arg>
<arg>headers=${headers}</arg>
<doc>Sends a PUT request on a previously created HTTP Session.</doc>
<msg timestamp="20230609 18:28:58.733" level="INFO">PUT Request : url=https://serverest.dev/usuarios/INylFOHO8eqYr02d 
 path_url=/usuarios/INylFOHO8eqYr02d 
 headers={'User-Agent': 'python-requests/2.31.0', 'Accept-Encoding': 'gzip, deflate', 'Accept': '*/*', 'Connection': 'keep-alive', 'Content-Type': 'application/json', 'Content-Length': '110'} 
 body=b'{"nome": "John Smith", "email": "john.smith@example.com", "password": "P@ssw0rd123", "administrador": "false"}' 
 </msg>
<msg timestamp="20230609 18:28:58.733" level="INFO">PUT Response : url=https://serverest.dev/usuarios/INylFOHO8eqYr02d 
 status=200, reason=OK 
 headers={'access-control-allow-origin': '*', 'x-dns-prefetch-control': 'off', 'x-frame-options': 'SAMEORIGIN', 'strict-transport-security': 'max-age=15552000; includeSubDomains', 'x-download-options': 'noopen', 'x-content-type-options': 'nosniff', 'x-xss-protection': '1; mode=block', 'x-moesif-transaction-id': '483ea7e3-e607-48af-a227-1adafc4c6786', 'content-type': 'application/json; charset=utf-8', 'X-Cloud-Trace-Context': 'da247dfa66df58ecc9b6f5f518801caf', 'Date': 'Fri, 09 Jun 2023 18:28:58 GMT', 'Server': 'Google Frontend', 'Content-Length': '50'} 
 body={
    "message": "Registro alterado com sucesso"
} 
 </msg>
<msg timestamp="20230609 18:28:58.734" level="INFO">${response} = &lt;Response [200]&gt;</msg>
<status status="PASS" starttime="20230609 18:28:58.653" endtime="20230609 18:28:58.734"/>
</kw>
<kw name="Set Test Variable" library="BuiltIn">
<arg>${response}</arg>
<doc>Makes a variable available everywhere within the scope of the current test.</doc>
<msg timestamp="20230609 18:28:58.734" level="INFO">${response} = &lt;Response [200]&gt;</msg>
<status status="PASS" starttime="20230609 18:28:58.734" endtime="20230609 18:28:58.734"/>
</kw>
<status status="PASS" starttime="20230609 18:28:58.652" endtime="20230609 18:28:58.734"/>
</kw>
<kw name="Then the response status code should be 200" library="test_keywords_users" sourcename="Then the response status code should be ${status_code}">
<kw name="Should Be Equal As Numbers" library="BuiltIn">
<arg>${response.status_code}</arg>
<arg>${status_code}</arg>
<doc>Fails if objects are unequal after converting them to real numbers.</doc>
<msg timestamp="20230609 18:28:58.735" level="INFO">Argument types are:
&lt;class 'int'&gt;
&lt;class 'str'&gt;</msg>
<status status="PASS" starttime="20230609 18:28:58.735" endtime="20230609 18:28:58.735"/>
</kw>
<kw name="Should Be True" library="BuiltIn">
<arg>${response.json()}</arg>
<doc>Fails if the given condition is not true.</doc>
<status status="PASS" starttime="20230609 18:28:58.736" endtime="20230609 18:28:58.736"/>
</kw>
<status status="PASS" starttime="20230609 18:28:58.734" endtime="20230609 18:28:58.736"/>
</kw>
<kw name="And the response body should not be empty" library="test_keywords_users">
<kw name="Should Not Be Empty" library="BuiltIn">
<arg>${response.json()}</arg>
<doc>Verifies that the given item is not empty.</doc>
<msg timestamp="20230609 18:28:58.737" level="INFO">Length is 1</msg>
<status status="PASS" starttime="20230609 18:28:58.737" endtime="20230609 18:28:58.737"/>
</kw>
<status status="PASS" starttime="20230609 18:28:58.736" endtime="20230609 18:28:58.737"/>
</kw>
<tag>api</tag>
<status status="PASS" starttime="20230609 18:28:58.650" endtime="20230609 18:28:58.737"/>
</test>
<test id="s1-s1-s1-t5" name="Scenario: Delete the created user" line="34">
<kw name="Before Tests" library="test_keywords_common" type="SETUP">
<kw name="Create Session" library="RequestsLibrary">
<arg>serverest</arg>
<arg>${SERVER_BASE_URL}</arg>
<arg>disable_warnings=True</arg>
<doc>Create Session: create a HTTP session to a server</doc>
<msg timestamp="20230609 18:28:58.739" level="INFO">Creating Session using : alias=serverest, url=https://serverest.dev, headers={},                     cookies={}, auth=None, timeout=None, proxies=None, verify=False,                     debug=0 </msg>
<status status="PASS" starttime="20230609 18:28:58.739" endtime="20230609 18:28:58.739"/>
</kw>
<status status="PASS" starttime="20230609 18:28:58.738" endtime="20230609 18:28:58.739"/>
</kw>
<kw name="When I delete the created user" library="test_keywords_users">
<kw name="DELETE On Session" library="RequestsLibrary">
<var>${response}</var>
<arg>serverest</arg>
<arg>${USERS_API_ENDPOINT}/${USER_ID}</arg>
<doc>Sends a DELETE request on a previously created HTTP Session.</doc>
<msg timestamp="20230609 18:28:58.817" level="INFO">DELETE Request : url=https://serverest.dev/usuarios/INylFOHO8eqYr02d 
 path_url=/usuarios/INylFOHO8eqYr02d 
 headers={'User-Agent': 'python-requests/2.31.0', 'Accept-Encoding': 'gzip, deflate', 'Accept': '*/*', 'Connection': 'keep-alive', 'Content-Length': '0'} 
 body=None 
 </msg>
<msg timestamp="20230609 18:28:58.818" level="INFO">DELETE Response : url=https://serverest.dev/usuarios/INylFOHO8eqYr02d 
 status=200, reason=OK 
 headers={'access-control-allow-origin': '*', 'x-dns-prefetch-control': 'off', 'x-frame-options': 'SAMEORIGIN', 'strict-transport-security': 'max-age=15552000; includeSubDomains', 'x-download-options': 'noopen', 'x-content-type-options': 'nosniff', 'x-xss-protection': '1; mode=block', 'x-moesif-transaction-id': '9fdfe62f-55b9-419b-8ed9-9a0726a018f7', 'content-type': 'application/json; charset=utf-8', 'X-Cloud-Trace-Context': 'e75e4e00b34759d6a3c67c62c3bbd954', 'Date': 'Fri, 09 Jun 2023 18:28:58 GMT', 'Server': 'Google Frontend', 'Content-Length': '51'} 
 body={
    "message": "Registro excluído com sucesso"
} 
 </msg>
<msg timestamp="20230609 18:28:58.818" level="INFO">${response} = &lt;Response [200]&gt;</msg>
<status status="PASS" starttime="20230609 18:28:58.739" endtime="20230609 18:28:58.818"/>
</kw>
<kw name="Set Test Variable" library="BuiltIn">
<arg>${response}</arg>
<doc>Makes a variable available everywhere within the scope of the current test.</doc>
<msg timestamp="20230609 18:28:58.818" level="INFO">${response} = &lt;Response [200]&gt;</msg>
<status status="PASS" starttime="20230609 18:28:58.818" endtime="20230609 18:28:58.818"/>
</kw>
<status status="PASS" starttime="20230609 18:28:58.739" endtime="20230609 18:28:58.818"/>
</kw>
<kw name="Then the response status code should be 200" library="test_keywords_users" sourcename="Then the response status code should be ${status_code}">
<kw name="Should Be Equal As Numbers" library="BuiltIn">
<arg>${response.status_code}</arg>
<arg>${status_code}</arg>
<doc>Fails if objects are unequal after converting them to real numbers.</doc>
<msg timestamp="20230609 18:28:58.819" level="INFO">Argument types are:
&lt;class 'int'&gt;
&lt;class 'str'&gt;</msg>
<status status="PASS" starttime="20230609 18:28:58.819" endtime="20230609 18:28:58.819"/>
</kw>
<kw name="Should Be True" library="BuiltIn">
<arg>${response.json()}</arg>
<doc>Fails if the given condition is not true.</doc>
<status status="PASS" starttime="20230609 18:28:58.820" endtime="20230609 18:28:58.820"/>
</kw>
<status status="PASS" starttime="20230609 18:28:58.818" endtime="20230609 18:28:58.820"/>
</kw>
<kw name="And the response body should not be empty" library="test_keywords_users">
<kw name="Should Not Be Empty" library="BuiltIn">
<arg>${response.json()}</arg>
<doc>Verifies that the given item is not empty.</doc>
<msg timestamp="20230609 18:28:58.821" level="INFO">Length is 1</msg>
<status status="PASS" starttime="20230609 18:28:58.821" endtime="20230609 18:28:58.821"/>
</kw>
<status status="PASS" starttime="20230609 18:28:58.820" endtime="20230609 18:28:58.821"/>
</kw>
<tag>api</tag>
<status status="PASS" starttime="20230609 18:28:58.738" endtime="20230609 18:28:58.822"/>
</test>
<status status="PASS" starttime="20230609 18:28:57.783" endtime="20230609 18:28:58.822"/>
</suite>
<status status="PASS" starttime="20230609 18:28:57.781" endtime="20230609 18:28:58.824"/>
</suite>
<suite id="s1-s2" name="E2E" source="/home/runner/work/gen-ai-robot-test/gen-ai-robot-test/tests/e2e">
<suite id="s1-s2-s1" name="Test Ui Signup" source="/home/runner/work/gen-ai-robot-test/gen-ai-robot-test/tests/e2e/test_ui_signup.robot">
<test id="s1-s2-s1-t1" name="Scenario: Signup with empty fields" line="10">
<kw name="Before Tests" library="test_keywords_common" type="SETUP">
<kw name="Open Browser" library="SeleniumLibrary">
<arg>${SERVER_BASE_URL}</arg>
<arg>${HEADLESS} ${BROWSER}</arg>
<doc>Opens a new browser instance to the optional ``url``.</doc>
<msg timestamp="20230609 18:28:58.834" level="INFO">Opening browser 'headless Chrome' to base url 'https://front.serverest.dev/'.</msg>
<msg timestamp="20230609 18:28:58.834" level="INFO">Cannot capture screenshot because no browser is open.</msg>
<msg timestamp="20230609 18:28:58.834" level="FAIL">TypeError: __init__() got an unexpected keyword argument 'service_log_path'</msg>
<status status="FAIL" starttime="20230609 18:28:58.833" endtime="20230609 18:28:58.835"/>
</kw>
<kw name="Maximize Browser Window" library="SeleniumLibrary">
<doc>Maximizes current browser window.</doc>
<status status="NOT RUN" starttime="20230609 18:28:58.835" endtime="20230609 18:28:58.835"/>
</kw>
<status status="FAIL" starttime="20230609 18:28:58.833" endtime="20230609 18:28:58.835"/>
</kw>
<kw name="After Tests" library="test_keywords_common" type="TEARDOWN">
<kw name="Close Browser" library="SeleniumLibrary">
<doc>Closes the current browser.</doc>
<status status="PASS" starttime="20230609 18:28:58.836" endtime="20230609 18:28:58.836"/>
</kw>
<status status="PASS" starttime="20230609 18:28:58.835" endtime="20230609 18:28:58.836"/>
</kw>
<tag>e2e</tag>
<status status="FAIL" starttime="20230609 18:28:58.832" endtime="20230609 18:28:58.836">Setup failed:
TypeError: __init__() got an unexpected keyword argument 'service_log_path'</status>
</test>
<test id="s1-s2-s1-t2" name="Scenario: Signup done successfully" line="16">
<kw name="Before Tests" library="test_keywords_common" type="SETUP">
<kw name="Open Browser" library="SeleniumLibrary">
<arg>${SERVER_BASE_URL}</arg>
<arg>${HEADLESS} ${BROWSER}</arg>
<doc>Opens a new browser instance to the optional ``url``.</doc>
<msg timestamp="20230609 18:28:58.838" level="INFO">Opening browser 'headless Chrome' to base url 'https://front.serverest.dev/'.</msg>
<msg timestamp="20230609 18:28:58.839" level="INFO">Cannot capture screenshot because no browser is open.</msg>
<msg timestamp="20230609 18:28:58.839" level="FAIL">TypeError: __init__() got an unexpected keyword argument 'service_log_path'</msg>
<status status="FAIL" starttime="20230609 18:28:58.838" endtime="20230609 18:28:58.839"/>
</kw>
<kw name="Maximize Browser Window" library="SeleniumLibrary">
<doc>Maximizes current browser window.</doc>
<status status="NOT RUN" starttime="20230609 18:28:58.839" endtime="20230609 18:28:58.839"/>
</kw>
<status status="FAIL" starttime="20230609 18:28:58.837" endtime="20230609 18:28:58.839"/>
</kw>
<kw name="After Tests" library="test_keywords_common" type="TEARDOWN">
<kw name="Close Browser" library="SeleniumLibrary">
<doc>Closes the current browser.</doc>
<status status="PASS" starttime="20230609 18:28:58.840" endtime="20230609 18:28:58.840"/>
</kw>
<status status="PASS" starttime="20230609 18:28:58.839" endtime="20230609 18:28:58.840"/>
</kw>
<tag>e2e</tag>
<status status="FAIL" starttime="20230609 18:28:58.836" endtime="20230609 18:28:58.840">Setup failed:
TypeError: __init__() got an unexpected keyword argument 'service_log_path'</status>
</test>
<test id="s1-s2-s1-t3" name="Scenario: Signup with already used email" line="23">
<kw name="Before Tests" library="test_keywords_common" type="SETUP">
<kw name="Open Browser" library="SeleniumLibrary">
<arg>${SERVER_BASE_URL}</arg>
<arg>${HEADLESS} ${BROWSER}</arg>
<doc>Opens a new browser instance to the optional ``url``.</doc>
<msg timestamp="20230609 18:28:58.841" level="INFO">Opening browser 'headless Chrome' to base url 'https://front.serverest.dev/'.</msg>
<msg timestamp="20230609 18:28:58.841" level="INFO">Cannot capture screenshot because no browser is open.</msg>
<msg timestamp="20230609 18:28:58.841" level="FAIL">TypeError: __init__() got an unexpected keyword argument 'service_log_path'</msg>
<status status="FAIL" starttime="20230609 18:28:58.841" endtime="20230609 18:28:58.842"/>
</kw>
<kw name="Maximize Browser Window" library="SeleniumLibrary">
<doc>Maximizes current browser window.</doc>
<status status="NOT RUN" starttime="20230609 18:28:58.842" endtime="20230609 18:28:58.842"/>
</kw>
<status status="FAIL" starttime="20230609 18:28:58.840" endtime="20230609 18:28:58.842"/>
</kw>
<kw name="After Tests" library="test_keywords_common" type="TEARDOWN">
<kw name="Close Browser" library="SeleniumLibrary">
<doc>Closes the current browser.</doc>
<status status="PASS" starttime="20230609 18:28:58.842" endtime="20230609 18:28:58.842"/>
</kw>
<status status="PASS" starttime="20230609 18:28:58.842" endtime="20230609 18:28:58.843"/>
</kw>
<tag>e2e</tag>
<status status="FAIL" starttime="20230609 18:28:58.840" endtime="20230609 18:28:58.843">Setup failed:
TypeError: __init__() got an unexpected keyword argument 'service_log_path'</status>
</test>
<status status="FAIL" starttime="20230609 18:28:58.826" endtime="20230609 18:28:58.843"/>
</suite>
<status status="FAIL" starttime="20230609 18:28:58.824" endtime="20230609 18:28:58.844"/>
</suite>
<status status="FAIL" starttime="20230609 18:28:57.762" endtime="20230609 18:28:58.845"/>
</suite>
<statistics>
<total>
<stat pass="5" fail="3" skip="0">All Tests</stat>
</total>
<tag>
<stat pass="5" fail="0" skip="0">api</stat>
<stat pass="0" fail="3" skip="0">e2e</stat>
</tag>
<suite>
<stat pass="5" fail="3" skip="0" id="s1" name="Tests">Tests</stat>
<stat pass="5" fail="0" skip="0" id="s1-s1" name="Api">Tests.Api</stat>
<stat pass="5" fail="0" skip="0" id="s1-s1-s1" name="Test Api Users">Tests.Api.Test Api Users</stat>
<stat pass="0" fail="3" skip="0" id="s1-s2" name="E2E">Tests.E2E</stat>
<stat pass="0" fail="3" skip="0" id="s1-s2-s1" name="Test Ui Signup">Tests.E2E.Test Ui Signup</stat>
</suite>
</statistics>
<errors>
</errors>
</robot>
