<?xml version="1.0" encoding="UTF-8"?>
<robot generator="Robot 6.0.2 (Python 3.8.16 on linux)" generated="20230413 16:58:01.227" rpa="false" schemaversion="3">
<suite id="s1" name="Tests" source="/home/runner/work/gen-ai-robot-test/gen-ai-robot-test/tests">
<suite id="s1-s1" name="Api" source="/home/runner/work/gen-ai-robot-test/gen-ai-robot-test/tests/api">
<suite id="s1-s1-s1" name="Users" source="/home/runner/work/gen-ai-robot-test/gen-ai-robot-test/tests/api/users">
<suite id="s1-s1-s1-s1" name="Test Api Users" source="/home/runner/work/gen-ai-robot-test/gen-ai-robot-test/tests/api/users/test_api_users.robot">
<test id="s1-s1-s1-s1-t1" name="Scenario: Get all registered users" line="9">
<kw name="Before Tests" library="test_keywords_common" type="SETUP">
<kw name="Create Session" library="RequestsLibrary">
<arg>serverest</arg>
<arg>${SERVER_BASE_URL}</arg>
<arg>disable_warnings=True</arg>
<doc>Create Session: create a HTTP session to a server</doc>
<msg timestamp="20230413 16:58:01.591" level="INFO">Creating Session using : alias=serverest, url=https://serverest.dev, headers={},                     cookies={}, auth=None, timeout=None, proxies=None, verify=False,                     debug=0 </msg>
<status status="PASS" starttime="20230413 16:58:01.591" endtime="20230413 16:58:01.592"/>
</kw>
<status status="PASS" starttime="20230413 16:58:01.590" endtime="20230413 16:58:01.592"/>
</kw>
<kw name="When I request the list of all registered users" library="test_keywords_users">
<kw name="GET On Session" library="RequestsLibrary">
<var>${response}</var>
<arg>serverest</arg>
<arg>${USERS_API_ENDPOINT}</arg>
<doc>Sends a GET request on a previously created HTTP Session.</doc>
<msg timestamp="20230413 16:58:01.761" level="INFO">GET Request : url=https://serverest.dev/usuarios 
 path_url=/usuarios 
 headers={'User-Agent': 'python-requests/2.28.2', 'Accept-Encoding': 'gzip, deflate', 'Accept': '*/*', 'Connection': 'keep-alive'} 
 body=None 
 </msg>
<msg timestamp="20230413 16:58:01.762" level="INFO">GET Response : url=https://serverest.dev/usuarios 
 status=200, reason=OK 
 headers={'access-control-allow-origin': '*', 'x-dns-prefetch-control': 'off', 'x-frame-options': 'SAMEORIGIN', 'strict-transport-security': 'max-age=15552000; includeSubDomains', 'x-download-options': 'noopen', 'x-content-type-options': 'nosniff', 'x-xss-protection': '1; mode=block', 'x-moesif-transaction-id': 'df53e01c-f817-4d97-831b-fb104dbf2d54', 'content-type': 'application/json; charset=utf-8', 'X-Cloud-Trace-Context': '94de342e22a7326fa6bbd36602602be3;o=1', 'Date': 'Thu, 13 Apr 2023 16:58:01 GMT', 'Server': 'Google Frontend', 'Content-Length': '6659'} 
 body={
    "quantidade": 31,
    "usuarios": [
        {
            "nome": "Fulano da Silva",
            "email": "fulano@qa.com",
            "password": "teste",
            "administrador": "true",
            "_id": "0uxuPY0cbmQhpEz1"
        },
        {
            "nome": "Fulano da Silva",
            "email": "beltrano@qa.com.br",
            "password": "teste",
            "administrador": "true",
            "_id": "1I5MtFIUIIOY5fV8"
        },
        {
            "nome": "Windows da Silva",
            "email": "ipqxei@emailteste.com",
            "password": "15674",
            "administrador": "true",
            "_id": "2JhTk8dSFIFe8lH6"
        },
        {
            "nome": "Beth Ratke",
            "email": "stacy@osinski-osinski.info",
            "password": "teste",
            "administrador": "true",
            "_id": "71wWcZo3ezwrC3Cr"
        },
        {
            "nome": "Fulano da Silva",
            "email": "ppfv@emailteste.com",
            "password": "1234",
            "administrador": "true",
            "_id": "9mIJVW1Ol7xedZFs"
        },
        {
            "nome": "Fulano da Silva",
            "email": "pxwc@emailteste.com",
            "password": "1234",
            "administrador": "true",
            "_id": "APyHOugT42PmdOBJ"
        },
        {
            "nome": "Fulano da Silva",
            "email": "mvsc@qa.com.br",
            "password": "teste",
            "administrador": "true",
            "_id": "FxBMCLty8jySZP22"
        },
        {
            "nome": "Fulano da Silva",
            "email": "vasm@emailteste.com",
            "password": "1234",
            "administrador": "true",
            "_id": "GCpN2ihUBADVFECo"
        },
        {
            "nome": "Fulano da Silva",
            "email": "juvo@emailteste.com",
            "password": "1234",
            "administrador": "true",
            "_id": "H7CG5GTrfZj2tn96"
        },
        {
            "nome": "Delma Welch",
            "email": "jermaine@rodriguez.com",
            "password": "teste",
            "administrador": "true",
            "_id": "IJG76Lf2CDJbbMsw"
        },
        {
            "nome": "Fulano da Silva",
            "email": "jlnp@emailteste.com",
            "password": "1234",
            "administrador": "true",
            "_id": "J3UFFE8BkXHPl98Q"
        },
        {
            "nome": "Erasmo Greenfelder",
            "email": "gary@green.biz",
            "password": "teste",
            "administrador": "true",
            "_id": "L9YvsBccf96rb0IJ"
        },
        {
            "nome": "Fulano da Silva",
            "email": "dvrb@emailteste.com",
            "password": "1234",
            "administrador": "true",
            "_id": "LbqHhFaMoMXgzH6e"
        },
        {
            "nome": "batata",
            "email": "hayden_steuber@cartwright.info",
            "password": "teste",
            "administrador": "true",
            "_id": "MFX1zgBTAv3RdyAw"
        },
        {
            "nome": "Fulano da Silva",
            "email": "gzmi@emailteste.com",
            "password": "1234",
            "administrador": "true",
            "_id": "MVIuW7YbJau8fYqf"
        },
        {
            "nome": "Twila Hessel",
            "email": "derek@frami-huel.info",
            "password": "teste",
            "administrador": "true",
            "_id": "VkpCmTunrhycBbfW"
        },
        {
            "nome": "Fulano da Silva",
            "email": "crhp@emailteste.com",
            "password": "1234",
            "administrador": "true",
            "_id": "WaqzREFowvCuPHI4"
        },
        {
            "nome": "Windows da Silva",
            "email": "fslffc@emailteste.com",
            "password": "15674",
            "administrador": "true",
            "_id": "XTwLaV0XfRxVQhUW"
        },
        {
            "nome": "Fulano da Silva",
            "email": "slqa@emailteste.com",
            "password": "1234",
            "administrador": "true",
            "_id": "ZDWAI2kyN4JNLHdV"
        },
        {
            "nome": "Keshia Sanford",
            "email": "antonio_gleason@abbott.biz",
            "password": "teste",
            "administrador": "true",
            "_id": "ZsGL8uPkee6KhzCc"
        },
        {
            "nome": "Windows da Silva",
            "email": "guiwtc@emailteste.com",
            "password": "15674",
            "administrador": "true",
            "_id": "dYbAWCLodZs9INI4"
        },
        {
            "nome": "Keisha Witting",
            "email": "alexandra.jakubowski@hirthe-wisoky.org",
            "password": "teste",
            "administrador": "true",
            "_id": "gUKn5J99Pi2FaKPZ"
        },
        {
            "nome": "Windows da Silva",
            "email": "lliebv@emailteste.com",
            "password": "15674",
            "administrador": "true",
            "_id": "iv23MKIg4gCOCuqE"
        },
        {
            "nome": "Basil Renner",
            "email": "valentin_heathcote@parisian.com",
            "password": "teste",
            "administrador": "true",
            "_id": "kiqxPiLVa1rvPRw7"
        },
        {
            "nome": "Fulano da Silva",
            "email": "ywal@emailteste.com",
            "password": "1234",
            "administrador": "true",
            "_id": "lFKFtZbCGJwdqrRd"
        },
        {
            "nome": "Windows da Silva",
            "email": "mdjicj@emailteste.com",
            "password": "15674",
            "administrador": "true",
            "_id": "lMuS9y6b6CMlz4WM"
        },
        {
            "nome": "Windows da Silva",
            "email": "mwgrlo@emailteste.com",
            "password": "15674",
            "administrador": "true",
            "_id": "oiVWYW5KdkaZHGsH"
        },
        {
            "nome": "Fulano da Silva",
            "email": "ryhm@emailteste.com",
            "password": "1234",
            "administrador": "true",
            "_id": "qjFxff4MfEXkeiSE"
        },
        {
            "nome": "{{generatedName}}",
            "email": "Carlee_Shields@example.com",
            "password": "teste",
            "administrador": "true",
            "_id": "vB7VATGIp6u1ay9w"
        },
        {
            "nome": "Fulano da Silva",
            "email": "orpn@emailteste.com",
            "password": "1234",
            "administrador": "true",
            "_id": "wQFiz8g2ElHHEhEp"
        },
        {
            "nome": "Jamey Wilkinson I",
            "email": "gary@okon-ratke.biz",
            "password": "teste",
            "administrador": "false",
            "_id": "yonFUppR1mA1rN3E"
        }
    ]
} 
 </msg>
<msg timestamp="20230413 16:58:01.762" level="INFO">${response} = &lt;Response [200]&gt;</msg>
<status status="PASS" starttime="20230413 16:58:01.592" endtime="20230413 16:58:01.762"/>
</kw>
<kw name="Set Test Variable" library="BuiltIn">
<arg>${response}</arg>
<doc>Makes a variable available everywhere within the scope of the current test.</doc>
<msg timestamp="20230413 16:58:01.763" level="INFO">${response} = &lt;Response [200]&gt;</msg>
<status status="PASS" starttime="20230413 16:58:01.762" endtime="20230413 16:58:01.763"/>
</kw>
<status status="PASS" starttime="20230413 16:58:01.592" endtime="20230413 16:58:01.763"/>
</kw>
<kw name="Then the response status code should be 200" library="test_keywords_users" sourcename="Then the response status code should be ${status_code}">
<kw name="Should Be Equal As Numbers" library="BuiltIn">
<arg>${response.status_code}</arg>
<arg>${status_code}</arg>
<doc>Fails if objects are unequal after converting them to real numbers.</doc>
<msg timestamp="20230413 16:58:01.764" level="INFO">Argument types are:
&lt;class 'int'&gt;
&lt;class 'str'&gt;</msg>
<status status="PASS" starttime="20230413 16:58:01.763" endtime="20230413 16:58:01.764"/>
</kw>
<kw name="Should Be True" library="BuiltIn">
<arg>${response.json()}</arg>
<doc>Fails if the given condition is not true.</doc>
<status status="PASS" starttime="20230413 16:58:01.765" endtime="20230413 16:58:01.765"/>
</kw>
<status status="PASS" starttime="20230413 16:58:01.763" endtime="20230413 16:58:01.765"/>
</kw>
<kw name="And the response body should not be empty" library="test_keywords_users">
<kw name="Should Not Be Empty" library="BuiltIn">
<arg>${response.json()}</arg>
<doc>Verifies that the given item is not empty.</doc>
<msg timestamp="20230413 16:58:01.766" level="INFO">Length is 2</msg>
<status status="PASS" starttime="20230413 16:58:01.766" endtime="20230413 16:58:01.766"/>
</kw>
<status status="PASS" starttime="20230413 16:58:01.765" endtime="20230413 16:58:01.767"/>
</kw>
<status status="PASS" starttime="20230413 16:58:01.590" endtime="20230413 16:58:01.767"/>
</test>
<test id="s1-s1-s1-s1-t2" name="Scenario: Create a new user" line="15">
<kw name="Before Tests" library="test_keywords_common" type="SETUP">
<kw name="Create Session" library="RequestsLibrary">
<arg>serverest</arg>
<arg>${SERVER_BASE_URL}</arg>
<arg>disable_warnings=True</arg>
<doc>Create Session: create a HTTP session to a server</doc>
<msg timestamp="20230413 16:58:01.768" level="INFO">Creating Session using : alias=serverest, url=https://serverest.dev, headers={},                     cookies={}, auth=None, timeout=None, proxies=None, verify=False,                     debug=0 </msg>
<status status="PASS" starttime="20230413 16:58:01.768" endtime="20230413 16:58:01.768"/>
</kw>
<status status="PASS" starttime="20230413 16:58:01.768" endtime="20230413 16:58:01.769"/>
</kw>
<kw name="Given I have a valid user data" library="test_keywords_users">
<kw name="Name" library="FakerLibrary">
<var>${name}</var>
<doc>:example 'John Doe'</doc>
<msg timestamp="20230413 16:58:01.769" level="INFO">${name} = Amy Long</msg>
<status status="PASS" starttime="20230413 16:58:01.769" endtime="20230413 16:58:01.769"/>
</kw>
<kw name="Email" library="FakerLibrary">
<var>${email}</var>
<msg timestamp="20230413 16:58:01.770" level="INFO">${email} = harrisjudy@example.net</msg>
<status status="PASS" starttime="20230413 16:58:01.770" endtime="20230413 16:58:01.770"/>
</kw>
<kw name="Password" library="FakerLibrary">
<var>${password}</var>
<doc>Generate a random password of the specified ``length``.</doc>
<msg timestamp="20230413 16:58:01.770" level="INFO">${password} = #0bl1FCnul</msg>
<status status="PASS" starttime="20230413 16:58:01.770" endtime="20230413 16:58:01.770"/>
</kw>
<kw name="Set Suite Variable" library="BuiltIn">
<arg>${name}</arg>
<doc>Makes a variable available everywhere within the scope of the current suite.</doc>
<msg timestamp="20230413 16:58:01.771" level="INFO">${name} = Amy Long</msg>
<status status="PASS" starttime="20230413 16:58:01.771" endtime="20230413 16:58:01.771"/>
</kw>
<kw name="Set Suite Variable" library="BuiltIn">
<arg>${email}</arg>
<doc>Makes a variable available everywhere within the scope of the current suite.</doc>
<msg timestamp="20230413 16:58:01.771" level="INFO">${email} = harrisjudy@example.net</msg>
<status status="PASS" starttime="20230413 16:58:01.771" endtime="20230413 16:58:01.771"/>
</kw>
<kw name="Set Suite Variable" library="BuiltIn">
<arg>${password}</arg>
<doc>Makes a variable available everywhere within the scope of the current suite.</doc>
<msg timestamp="20230413 16:58:01.772" level="INFO">${password} = #0bl1FCnul</msg>
<status status="PASS" starttime="20230413 16:58:01.771" endtime="20230413 16:58:01.772"/>
</kw>
<status status="PASS" starttime="20230413 16:58:01.769" endtime="20230413 16:58:01.772"/>
</kw>
<kw name="When I create the user" library="test_keywords_users">
<kw name="Create Dictionary" library="BuiltIn">
<var>${payload}</var>
<arg>nome=${name}</arg>
<arg>email=${email}</arg>
<arg>password=${password}</arg>
<arg>administrador=false</arg>
<doc>Creates and returns a dictionary based on the given ``items``.</doc>
<msg timestamp="20230413 16:58:01.773" level="INFO">${payload} = {'nome': 'Amy Long', 'email': 'harrisjudy@example.net', 'password': '#0bl1FCnul', 'administrador': 'false'}</msg>
<status status="PASS" starttime="20230413 16:58:01.772" endtime="20230413 16:58:01.773"/>
</kw>
<kw name="Create Dictionary" library="BuiltIn">
<var>${headers}</var>
<arg>Content-Type=application/json</arg>
<doc>Creates and returns a dictionary based on the given ``items``.</doc>
<msg timestamp="20230413 16:58:01.773" level="INFO">${headers} = {'Content-Type': 'application/json'}</msg>
<status status="PASS" starttime="20230413 16:58:01.773" endtime="20230413 16:58:01.773"/>
</kw>
<kw name="POST On Session" library="RequestsLibrary">
<var>${response}</var>
<arg>serverest</arg>
<arg>${USERS_API_ENDPOINT}</arg>
<arg>json=${payload}</arg>
<arg>headers=${headers}</arg>
<doc>Sends a POST request on a previously created HTTP Session.</doc>
<msg timestamp="20230413 16:58:01.856" level="INFO">POST Request : url=https://serverest.dev/usuarios 
 path_url=/usuarios 
 headers={'User-Agent': 'python-requests/2.28.2', 'Accept-Encoding': 'gzip, deflate', 'Accept': '*/*', 'Connection': 'keep-alive', 'Content-Type': 'application/json', 'Content-Length': '107'} 
 body=b'{"nome": "Amy Long", "email": "harrisjudy@example.net", "password": "#0bl1FCnul", "administrador": "false"}' 
 </msg>
<msg timestamp="20230413 16:58:01.856" level="INFO">POST Response : url=https://serverest.dev/usuarios 
 status=201, reason=Created 
 headers={'access-control-allow-origin': '*', 'x-dns-prefetch-control': 'off', 'x-frame-options': 'SAMEORIGIN', 'strict-transport-security': 'max-age=15552000; includeSubDomains', 'x-download-options': 'noopen', 'x-content-type-options': 'nosniff', 'x-xss-protection': '1; mode=block', 'x-moesif-transaction-id': '775d78e8-84af-470c-b825-20784128fc7c', 'content-type': 'application/json; charset=utf-8', 'X-Cloud-Trace-Context': '398c00d02a7a9b0c44ca52e3b78fd04a', 'Date': 'Thu, 13 Apr 2023 16:58:01 GMT', 'Server': 'Google Frontend', 'Content-Length': '82'} 
 body={
    "message": "Cadastro realizado com sucesso",
    "_id": "H7ik93Crlqhme0V5"
} 
 </msg>
<msg timestamp="20230413 16:58:01.856" level="INFO">${response} = &lt;Response [201]&gt;</msg>
<status status="PASS" starttime="20230413 16:58:01.773" endtime="20230413 16:58:01.856"/>
</kw>
<kw name="Set Variable" library="BuiltIn">
<var>${user_id}</var>
<arg>${response.json()['_id']}</arg>
<doc>Returns the given values which can then be assigned to a variables.</doc>
<msg timestamp="20230413 16:58:01.858" level="INFO">${user_id} = H7ik93Crlqhme0V5</msg>
<status status="PASS" starttime="20230413 16:58:01.857" endtime="20230413 16:58:01.858"/>
</kw>
<kw name="Set Global Variable" library="BuiltIn">
<arg>${USER_ID}</arg>
<arg>${user_id}</arg>
<doc>Makes a variable available globally in all tests and suites.</doc>
<msg timestamp="20230413 16:58:01.858" level="INFO">${USER_ID} = H7ik93Crlqhme0V5</msg>
<status status="PASS" starttime="20230413 16:58:01.858" endtime="20230413 16:58:01.858"/>
</kw>
<kw name="Set Test Variable" library="BuiltIn">
<arg>${response}</arg>
<doc>Makes a variable available everywhere within the scope of the current test.</doc>
<msg timestamp="20230413 16:58:01.859" level="INFO">${response} = &lt;Response [201]&gt;</msg>
<status status="PASS" starttime="20230413 16:58:01.858" endtime="20230413 16:58:01.859"/>
</kw>
<status status="PASS" starttime="20230413 16:58:01.772" endtime="20230413 16:58:01.859"/>
</kw>
<kw name="Then the response status code should be 201" library="test_keywords_users" sourcename="Then the response status code should be ${status_code}">
<kw name="Should Be Equal As Numbers" library="BuiltIn">
<arg>${response.status_code}</arg>
<arg>${status_code}</arg>
<doc>Fails if objects are unequal after converting them to real numbers.</doc>
<msg timestamp="20230413 16:58:01.860" level="INFO">Argument types are:
&lt;class 'int'&gt;
&lt;class 'str'&gt;</msg>
<status status="PASS" starttime="20230413 16:58:01.859" endtime="20230413 16:58:01.860"/>
</kw>
<kw name="Should Be True" library="BuiltIn">
<arg>${response.json()}</arg>
<doc>Fails if the given condition is not true.</doc>
<status status="PASS" starttime="20230413 16:58:01.860" endtime="20230413 16:58:01.861"/>
</kw>
<status status="PASS" starttime="20230413 16:58:01.859" endtime="20230413 16:58:01.861"/>
</kw>
<kw name="And the response body should not be empty" library="test_keywords_users">
<kw name="Should Not Be Empty" library="BuiltIn">
<arg>${response.json()}</arg>
<doc>Verifies that the given item is not empty.</doc>
<msg timestamp="20230413 16:58:01.862" level="INFO">Length is 2</msg>
<status status="PASS" starttime="20230413 16:58:01.861" endtime="20230413 16:58:01.862"/>
</kw>
<status status="PASS" starttime="20230413 16:58:01.861" endtime="20230413 16:58:01.862"/>
</kw>
<status status="PASS" starttime="20230413 16:58:01.767" endtime="20230413 16:58:01.862"/>
</test>
<test id="s1-s1-s1-s1-t3" name="Scenario: Get a specific user informations" line="21">
<kw name="Before Tests" library="test_keywords_common" type="SETUP">
<kw name="Create Session" library="RequestsLibrary">
<arg>serverest</arg>
<arg>${SERVER_BASE_URL}</arg>
<arg>disable_warnings=True</arg>
<doc>Create Session: create a HTTP session to a server</doc>
<msg timestamp="20230413 16:58:01.863" level="INFO">Creating Session using : alias=serverest, url=https://serverest.dev, headers={},                     cookies={}, auth=None, timeout=None, proxies=None, verify=False,                     debug=0 </msg>
<status status="PASS" starttime="20230413 16:58:01.863" endtime="20230413 16:58:01.864"/>
</kw>
<status status="PASS" starttime="20230413 16:58:01.863" endtime="20230413 16:58:01.864"/>
</kw>
<kw name="When I request the created user" library="test_keywords_users">
<kw name="GET On Session" library="RequestsLibrary">
<var>${response}</var>
<arg>serverest</arg>
<arg>${USERS_API_ENDPOINT}/${USER_ID}</arg>
<doc>Sends a GET request on a previously created HTTP Session.</doc>
<msg timestamp="20230413 16:58:01.943" level="INFO">GET Request : url=https://serverest.dev/usuarios/H7ik93Crlqhme0V5 
 path_url=/usuarios/H7ik93Crlqhme0V5 
 headers={'User-Agent': 'python-requests/2.28.2', 'Accept-Encoding': 'gzip, deflate', 'Accept': '*/*', 'Connection': 'keep-alive'} 
 body=None 
 </msg>
<msg timestamp="20230413 16:58:01.943" level="INFO">GET Response : url=https://serverest.dev/usuarios/H7ik93Crlqhme0V5 
 status=200, reason=OK 
 headers={'access-control-allow-origin': '*', 'x-dns-prefetch-control': 'off', 'x-frame-options': 'SAMEORIGIN', 'strict-transport-security': 'max-age=15552000; includeSubDomains', 'x-download-options': 'noopen', 'x-content-type-options': 'nosniff', 'x-xss-protection': '1; mode=block', 'x-moesif-transaction-id': 'a4beae18-d60c-4d7b-be05-ffa123905822', 'content-type': 'application/json; charset=utf-8', 'X-Cloud-Trace-Context': '1463297f48ec64941be72e160f91c502', 'Date': 'Thu, 13 Apr 2023 16:58:01 GMT', 'Server': 'Google Frontend', 'Content-Length': '156'} 
 body={
    "nome": "Amy Long",
    "email": "harrisjudy@example.net",
    "password": "#0bl1FCnul",
    "administrador": "false",
    "_id": "H7ik93Crlqhme0V5"
} 
 </msg>
<msg timestamp="20230413 16:58:01.944" level="INFO">${response} = &lt;Response [200]&gt;</msg>
<status status="PASS" starttime="20230413 16:58:01.864" endtime="20230413 16:58:01.944"/>
</kw>
<kw name="Set Test Variable" library="BuiltIn">
<arg>${response}</arg>
<doc>Makes a variable available everywhere within the scope of the current test.</doc>
<msg timestamp="20230413 16:58:01.944" level="INFO">${response} = &lt;Response [200]&gt;</msg>
<status status="PASS" starttime="20230413 16:58:01.944" endtime="20230413 16:58:01.944"/>
</kw>
<status status="PASS" starttime="20230413 16:58:01.864" endtime="20230413 16:58:01.945"/>
</kw>
<kw name="Then the response status code should be 200" library="test_keywords_users" sourcename="Then the response status code should be ${status_code}">
<kw name="Should Be Equal As Numbers" library="BuiltIn">
<arg>${response.status_code}</arg>
<arg>${status_code}</arg>
<doc>Fails if objects are unequal after converting them to real numbers.</doc>
<msg timestamp="20230413 16:58:01.946" level="INFO">Argument types are:
&lt;class 'int'&gt;
&lt;class 'str'&gt;</msg>
<status status="PASS" starttime="20230413 16:58:01.945" endtime="20230413 16:58:01.946"/>
</kw>
<kw name="Should Be True" library="BuiltIn">
<arg>${response.json()}</arg>
<doc>Fails if the given condition is not true.</doc>
<status status="PASS" starttime="20230413 16:58:01.946" endtime="20230413 16:58:01.947"/>
</kw>
<status status="PASS" starttime="20230413 16:58:01.945" endtime="20230413 16:58:01.947"/>
</kw>
<kw name="And the response body should not be empty" library="test_keywords_users">
<kw name="Should Not Be Empty" library="BuiltIn">
<arg>${response.json()}</arg>
<doc>Verifies that the given item is not empty.</doc>
<msg timestamp="20230413 16:58:01.948" level="INFO">Length is 5</msg>
<status status="PASS" starttime="20230413 16:58:01.947" endtime="20230413 16:58:01.948"/>
</kw>
<status status="PASS" starttime="20230413 16:58:01.947" endtime="20230413 16:58:01.948"/>
</kw>
<status status="PASS" starttime="20230413 16:58:01.862" endtime="20230413 16:58:01.948"/>
</test>
<test id="s1-s1-s1-s1-t4" name="Scenario: Update the created user" line="26">
<kw name="Before Tests" library="test_keywords_common" type="SETUP">
<kw name="Create Session" library="RequestsLibrary">
<arg>serverest</arg>
<arg>${SERVER_BASE_URL}</arg>
<arg>disable_warnings=True</arg>
<doc>Create Session: create a HTTP session to a server</doc>
<msg timestamp="20230413 16:58:01.950" level="INFO">Creating Session using : alias=serverest, url=https://serverest.dev, headers={},                     cookies={}, auth=None, timeout=None, proxies=None, verify=False,                     debug=0 </msg>
<status status="PASS" starttime="20230413 16:58:01.950" endtime="20230413 16:58:01.950"/>
</kw>
<status status="PASS" starttime="20230413 16:58:01.949" endtime="20230413 16:58:01.951"/>
</kw>
<kw name="When I update the created user" library="test_keywords_users">
<kw name="Create Dictionary" library="BuiltIn">
<var>${payload}</var>
<arg>nome=John Smith</arg>
<arg>email=john.smith@example.com</arg>
<arg>password=P@ssw0rd123</arg>
<arg>administrador=false</arg>
<doc>Creates and returns a dictionary based on the given ``items``.</doc>
<msg timestamp="20230413 16:58:01.951" level="INFO">${payload} = {'nome': 'John Smith', 'email': 'john.smith@example.com', 'password': 'P@ssw0rd123', 'administrador': 'false'}</msg>
<status status="PASS" starttime="20230413 16:58:01.951" endtime="20230413 16:58:01.951"/>
</kw>
<kw name="Create Dictionary" library="BuiltIn">
<var>${headers}</var>
<arg>Content-Type=application/json</arg>
<doc>Creates and returns a dictionary based on the given ``items``.</doc>
<msg timestamp="20230413 16:58:01.952" level="INFO">${headers} = {'Content-Type': 'application/json'}</msg>
<status status="PASS" starttime="20230413 16:58:01.951" endtime="20230413 16:58:01.952"/>
</kw>
<kw name="PUT On Session" library="RequestsLibrary">
<var>${response}</var>
<arg>serverest</arg>
<arg>${USERS_API_ENDPOINT}/${USER_ID}</arg>
<arg>json=${payload}</arg>
<arg>headers=${headers}</arg>
<doc>Sends a PUT request on a previously created HTTP Session.</doc>
<msg timestamp="20230413 16:58:02.035" level="INFO">PUT Request : url=https://serverest.dev/usuarios/H7ik93Crlqhme0V5 
 path_url=/usuarios/H7ik93Crlqhme0V5 
 headers={'User-Agent': 'python-requests/2.28.2', 'Accept-Encoding': 'gzip, deflate', 'Accept': '*/*', 'Connection': 'keep-alive', 'Content-Type': 'application/json', 'Content-Length': '110'} 
 body=b'{"nome": "John Smith", "email": "john.smith@example.com", "password": "P@ssw0rd123", "administrador": "false"}' 
 </msg>
<msg timestamp="20230413 16:58:02.035" level="INFO">PUT Response : url=https://serverest.dev/usuarios/H7ik93Crlqhme0V5 
 status=200, reason=OK 
 headers={'access-control-allow-origin': '*', 'x-dns-prefetch-control': 'off', 'x-frame-options': 'SAMEORIGIN', 'strict-transport-security': 'max-age=15552000; includeSubDomains', 'x-download-options': 'noopen', 'x-content-type-options': 'nosniff', 'x-xss-protection': '1; mode=block', 'x-moesif-transaction-id': 'c28442ae-9a21-4ffd-8cf9-847de8a1321f', 'content-type': 'application/json; charset=utf-8', 'X-Cloud-Trace-Context': 'e15098fdab1689a2ea5c00e56f42d77c', 'Date': 'Thu, 13 Apr 2023 16:58:02 GMT', 'Server': 'Google Frontend', 'Content-Length': '50'} 
 body={
    "message": "Registro alterado com sucesso"
} 
 </msg>
<msg timestamp="20230413 16:58:02.035" level="INFO">${response} = &lt;Response [200]&gt;</msg>
<status status="PASS" starttime="20230413 16:58:01.952" endtime="20230413 16:58:02.035"/>
</kw>
<kw name="Set Test Variable" library="BuiltIn">
<arg>${response}</arg>
<doc>Makes a variable available everywhere within the scope of the current test.</doc>
<msg timestamp="20230413 16:58:02.036" level="INFO">${response} = &lt;Response [200]&gt;</msg>
<status status="PASS" starttime="20230413 16:58:02.036" endtime="20230413 16:58:02.036"/>
</kw>
<status status="PASS" starttime="20230413 16:58:01.951" endtime="20230413 16:58:02.036"/>
</kw>
<kw name="Then the response status code should be 200" library="test_keywords_users" sourcename="Then the response status code should be ${status_code}">
<kw name="Should Be Equal As Numbers" library="BuiltIn">
<arg>${response.status_code}</arg>
<arg>${status_code}</arg>
<doc>Fails if objects are unequal after converting them to real numbers.</doc>
<msg timestamp="20230413 16:58:02.037" level="INFO">Argument types are:
&lt;class 'int'&gt;
&lt;class 'str'&gt;</msg>
<status status="PASS" starttime="20230413 16:58:02.037" endtime="20230413 16:58:02.037"/>
</kw>
<kw name="Should Be True" library="BuiltIn">
<arg>${response.json()}</arg>
<doc>Fails if the given condition is not true.</doc>
<status status="PASS" starttime="20230413 16:58:02.038" endtime="20230413 16:58:02.038"/>
</kw>
<status status="PASS" starttime="20230413 16:58:02.036" endtime="20230413 16:58:02.038"/>
</kw>
<kw name="And the response body should not be empty" library="test_keywords_users">
<kw name="Should Not Be Empty" library="BuiltIn">
<arg>${response.json()}</arg>
<doc>Verifies that the given item is not empty.</doc>
<msg timestamp="20230413 16:58:02.040" level="INFO">Length is 1</msg>
<status status="PASS" starttime="20230413 16:58:02.039" endtime="20230413 16:58:02.040"/>
</kw>
<status status="PASS" starttime="20230413 16:58:02.039" endtime="20230413 16:58:02.040"/>
</kw>
<status status="PASS" starttime="20230413 16:58:01.949" endtime="20230413 16:58:02.040"/>
</test>
<test id="s1-s1-s1-s1-t5" name="Scenario: Delete the created user" line="31">
<kw name="Before Tests" library="test_keywords_common" type="SETUP">
<kw name="Create Session" library="RequestsLibrary">
<arg>serverest</arg>
<arg>${SERVER_BASE_URL}</arg>
<arg>disable_warnings=True</arg>
<doc>Create Session: create a HTTP session to a server</doc>
<msg timestamp="20230413 16:58:02.042" level="INFO">Creating Session using : alias=serverest, url=https://serverest.dev, headers={},                     cookies={}, auth=None, timeout=None, proxies=None, verify=False,                     debug=0 </msg>
<status status="PASS" starttime="20230413 16:58:02.041" endtime="20230413 16:58:02.042"/>
</kw>
<status status="PASS" starttime="20230413 16:58:02.041" endtime="20230413 16:58:02.042"/>
</kw>
<kw name="When I delete the created user" library="test_keywords_users">
<kw name="DELETE On Session" library="RequestsLibrary">
<var>${response}</var>
<arg>serverest</arg>
<arg>${USERS_API_ENDPOINT}/${USER_ID}</arg>
<doc>Sends a DELETE request on a previously created HTTP Session.</doc>
<msg timestamp="20230413 16:58:02.119" level="INFO">DELETE Request : url=https://serverest.dev/usuarios/H7ik93Crlqhme0V5 
 path_url=/usuarios/H7ik93Crlqhme0V5 
 headers={'User-Agent': 'python-requests/2.28.2', 'Accept-Encoding': 'gzip, deflate', 'Accept': '*/*', 'Connection': 'keep-alive', 'Content-Length': '0'} 
 body=None 
 </msg>
<msg timestamp="20230413 16:58:02.120" level="INFO">DELETE Response : url=https://serverest.dev/usuarios/H7ik93Crlqhme0V5 
 status=200, reason=OK 
 headers={'access-control-allow-origin': '*', 'x-dns-prefetch-control': 'off', 'x-frame-options': 'SAMEORIGIN', 'strict-transport-security': 'max-age=15552000; includeSubDomains', 'x-download-options': 'noopen', 'x-content-type-options': 'nosniff', 'x-xss-protection': '1; mode=block', 'x-moesif-transaction-id': 'fb8ba5cc-f889-4bbe-84e3-bf023a0ed281', 'content-type': 'application/json; charset=utf-8', 'X-Cloud-Trace-Context': '5b2f123c3d12f7296b68e3e55937a361', 'Date': 'Thu, 13 Apr 2023 16:58:02 GMT', 'Server': 'Google Frontend', 'Content-Length': '51'} 
 body={
    "message": "Registro excluído com sucesso"
} 
 </msg>
<msg timestamp="20230413 16:58:02.120" level="INFO">${response} = &lt;Response [200]&gt;</msg>
<status status="PASS" starttime="20230413 16:58:02.042" endtime="20230413 16:58:02.120"/>
</kw>
<kw name="Set Test Variable" library="BuiltIn">
<arg>${response}</arg>
<doc>Makes a variable available everywhere within the scope of the current test.</doc>
<msg timestamp="20230413 16:58:02.121" level="INFO">${response} = &lt;Response [200]&gt;</msg>
<status status="PASS" starttime="20230413 16:58:02.120" endtime="20230413 16:58:02.121"/>
</kw>
<status status="PASS" starttime="20230413 16:58:02.042" endtime="20230413 16:58:02.121"/>
</kw>
<kw name="Then the response status code should be 200" library="test_keywords_users" sourcename="Then the response status code should be ${status_code}">
<kw name="Should Be Equal As Numbers" library="BuiltIn">
<arg>${response.status_code}</arg>
<arg>${status_code}</arg>
<doc>Fails if objects are unequal after converting them to real numbers.</doc>
<msg timestamp="20230413 16:58:02.122" level="INFO">Argument types are:
&lt;class 'int'&gt;
&lt;class 'str'&gt;</msg>
<status status="PASS" starttime="20230413 16:58:02.121" endtime="20230413 16:58:02.122"/>
</kw>
<kw name="Should Be True" library="BuiltIn">
<arg>${response.json()}</arg>
<doc>Fails if the given condition is not true.</doc>
<status status="PASS" starttime="20230413 16:58:02.122" endtime="20230413 16:58:02.123"/>
</kw>
<status status="PASS" starttime="20230413 16:58:02.121" endtime="20230413 16:58:02.123"/>
</kw>
<kw name="And the response body should not be empty" library="test_keywords_users">
<kw name="Should Not Be Empty" library="BuiltIn">
<arg>${response.json()}</arg>
<doc>Verifies that the given item is not empty.</doc>
<msg timestamp="20230413 16:58:02.124" level="INFO">Length is 1</msg>
<status status="PASS" starttime="20230413 16:58:02.123" endtime="20230413 16:58:02.124"/>
</kw>
<status status="PASS" starttime="20230413 16:58:02.123" endtime="20230413 16:58:02.124"/>
</kw>
<status status="PASS" starttime="20230413 16:58:02.040" endtime="20230413 16:58:02.124"/>
</test>
<status status="PASS" starttime="20230413 16:58:01.252" endtime="20230413 16:58:02.125"/>
</suite>
<status status="PASS" starttime="20230413 16:58:01.250" endtime="20230413 16:58:02.126"/>
</suite>
<status status="PASS" starttime="20230413 16:58:01.249" endtime="20230413 16:58:02.127"/>
</suite>
<status status="PASS" starttime="20230413 16:58:01.228" endtime="20230413 16:58:02.128"/>
</suite>
<statistics>
<total>
<stat pass="5" fail="0" skip="0">All Tests</stat>
</total>
<tag>
</tag>
<suite>
<stat pass="5" fail="0" skip="0" id="s1" name="Tests">Tests</stat>
<stat pass="5" fail="0" skip="0" id="s1-s1" name="Api">Tests.Api</stat>
<stat pass="5" fail="0" skip="0" id="s1-s1-s1" name="Users">Tests.Api.Users</stat>
<stat pass="5" fail="0" skip="0" id="s1-s1-s1-s1" name="Test Api Users">Tests.Api.Users.Test Api Users</stat>
</suite>
</statistics>
<errors>
</errors>
</robot>
