<?xml version="1.0" encoding="UTF-8"?>
<robot generator="Robot 6.1.1 (Python 3.8.17 on linux)" generated="20230822 00:09:57.241" rpa="false" schemaversion="4">
<suite id="s1" name="Tests" source="/home/runner/work/gen-ai-robot-test/gen-ai-robot-test/tests">
<suite id="s1-s1" name="Api" source="/home/runner/work/gen-ai-robot-test/gen-ai-robot-test/tests/api">
<suite id="s1-s1-s1" name="Test Api Users" source="/home/runner/work/gen-ai-robot-test/gen-ai-robot-test/tests/api/test_api_users.robot">
<test id="s1-s1-s1-t1" name="Scenario: Get all registered users" line="9">
<kw name="Before Tests" library="test_keywords_common" type="SETUP">
<kw name="Create Session" library="RequestsLibrary">
<arg>serverest</arg>
<arg>${SERVER_BASE_URL}</arg>
<arg>disable_warnings=True</arg>
<doc>Create Session: create a HTTP session to a server</doc>
<msg timestamp="20230822 00:09:57.904" level="INFO">Creating Session using : alias=serverest, url=https://serverest.dev, headers={},                     cookies={}, auth=None, timeout=None, proxies=None, verify=False,                     debug=0 </msg>
<status status="PASS" starttime="20230822 00:09:57.904" endtime="20230822 00:09:57.905"/>
</kw>
<status status="PASS" starttime="20230822 00:09:57.903" endtime="20230822 00:09:57.905"/>
</kw>
<kw name="When I request the list of all registered users" library="test_keywords_users">
<kw name="GET On Session" library="RequestsLibrary">
<var>${response}</var>
<arg>serverest</arg>
<arg>${USERS_API_ENDPOINT}</arg>
<doc>Sends a GET request on a previously created HTTP Session.</doc>
<msg timestamp="20230822 00:09:58.032" level="INFO">GET Request : url=https://serverest.dev/usuarios 
 path_url=/usuarios 
 headers={'User-Agent': 'python-requests/2.31.0', 'Accept-Encoding': 'gzip, deflate', 'Accept': '*/*', 'Connection': 'keep-alive'} 
 body=None 
 </msg>
<msg timestamp="20230822 00:09:58.032" level="INFO">GET Response : url=https://serverest.dev/usuarios 
 status=200, reason=OK 
 headers={'access-control-allow-origin': '*', 'x-dns-prefetch-control': 'off', 'x-frame-options': 'SAMEORIGIN', 'strict-transport-security': 'max-age=15552000; includeSubDomains', 'x-download-options': 'noopen', 'x-content-type-options': 'nosniff', 'x-xss-protection': '1; mode=block', 'x-moesif-transaction-id': '9f8b3abd-b808-4f78-92af-437c2a294dc9', 'content-type': 'application/json; charset=utf-8', 'X-Cloud-Trace-Context': '32cd65ee2adda3535b029d1f3ae55459;o=1', 'Date': 'Tue, 22 Aug 2023 00:09:58 GMT', 'Server': 'Google Frontend', 'Content-Length': '253'} 
 body={
    "quantidade": 1,
    "usuarios": [
        {
            "nome": "Fulano da Silva",
            "email": "fulano@qa.com",
            "password": "teste",
            "administrador": "true",
            "_id": "0uxuPY0cbmQhpEz1"
        }
    ]
} 
 </msg>
<msg timestamp="20230822 00:09:58.033" level="INFO">${response} = &lt;Response [200]&gt;</msg>
<status status="PASS" starttime="20230822 00:09:57.905" endtime="20230822 00:09:58.033"/>
</kw>
<kw name="Set Test Variable" library="BuiltIn">
<arg>${response}</arg>
<doc>Makes a variable available everywhere within the scope of the current test.</doc>
<msg timestamp="20230822 00:09:58.034" level="INFO">${response} = &lt;Response [200]&gt;</msg>
<status status="PASS" starttime="20230822 00:09:58.033" endtime="20230822 00:09:58.034"/>
</kw>
<status status="PASS" starttime="20230822 00:09:57.905" endtime="20230822 00:09:58.034"/>
</kw>
<kw name="Then the response status code should be 200" library="test_keywords_users" sourcename="Then the response status code should be ${status_code}">
<kw name="Should Be Equal As Numbers" library="BuiltIn">
<arg>${response.status_code}</arg>
<arg>${status_code}</arg>
<doc>Fails if objects are unequal after converting them to real numbers.</doc>
<msg timestamp="20230822 00:09:58.036" level="INFO">Argument types are:
&lt;class 'int'&gt;
&lt;class 'str'&gt;</msg>
<status status="PASS" starttime="20230822 00:09:58.035" endtime="20230822 00:09:58.036"/>
</kw>
<kw name="Should Be True" library="BuiltIn">
<arg>${response.json()}</arg>
<doc>Fails if the given condition is not true.</doc>
<status status="PASS" starttime="20230822 00:09:58.036" endtime="20230822 00:09:58.036"/>
</kw>
<status status="PASS" starttime="20230822 00:09:58.034" endtime="20230822 00:09:58.037"/>
</kw>
<kw name="And the response body should not be empty" library="test_keywords_users">
<kw name="Should Not Be Empty" library="BuiltIn">
<arg>${response.json()}</arg>
<doc>Verifies that the given item is not empty.</doc>
<msg timestamp="20230822 00:09:58.038" level="INFO">Length is 2</msg>
<status status="PASS" starttime="20230822 00:09:58.037" endtime="20230822 00:09:58.038"/>
</kw>
<status status="PASS" starttime="20230822 00:09:58.037" endtime="20230822 00:09:58.038"/>
</kw>
<tag>api</tag>
<status status="PASS" starttime="20230822 00:09:57.902" endtime="20230822 00:09:58.038"/>
</test>
<test id="s1-s1-s1-t2" name="Scenario: Create a new user" line="15">
<kw name="Before Tests" library="test_keywords_common" type="SETUP">
<kw name="Create Session" library="RequestsLibrary">
<arg>serverest</arg>
<arg>${SERVER_BASE_URL}</arg>
<arg>disable_warnings=True</arg>
<doc>Create Session: create a HTTP session to a server</doc>
<msg timestamp="20230822 00:09:58.039" level="INFO">Creating Session using : alias=serverest, url=https://serverest.dev, headers={},                     cookies={}, auth=None, timeout=None, proxies=None, verify=False,                     debug=0 </msg>
<status status="PASS" starttime="20230822 00:09:58.039" endtime="20230822 00:09:58.040"/>
</kw>
<status status="PASS" starttime="20230822 00:09:58.039" endtime="20230822 00:09:58.040"/>
</kw>
<kw name="Given I have a valid user data" library="test_keywords_users">
<kw name="Name" library="FakerLibrary">
<var>${name}</var>
<doc>:example: 'John Doe'</doc>
<msg timestamp="20230822 00:09:58.041" level="INFO">${name} = Howard Patterson</msg>
<status status="PASS" starttime="20230822 00:09:58.040" endtime="20230822 00:09:58.041"/>
</kw>
<kw name="Email" library="FakerLibrary">
<var>${email}</var>
<msg timestamp="20230822 00:09:58.042" level="INFO">${email} = johnmartinez@example.com</msg>
<status status="PASS" starttime="20230822 00:09:58.041" endtime="20230822 00:09:58.042"/>
</kw>
<kw name="Password" library="FakerLibrary">
<var>${password}</var>
<arg>length=12</arg>
<arg>special_chars=False</arg>
<doc>Generate a random password of the specified ``length``.</doc>
<msg timestamp="20230822 00:09:58.042" level="INFO">${password} = XQBc958g1Xjb</msg>
<status status="PASS" starttime="20230822 00:09:58.042" endtime="20230822 00:09:58.042"/>
</kw>
<kw name="Set Suite Variable" library="BuiltIn">
<arg>${name}</arg>
<doc>Makes a variable available everywhere within the scope of the current suite.</doc>
<msg timestamp="20230822 00:09:58.043" level="INFO">${name} = Howard Patterson</msg>
<status status="PASS" starttime="20230822 00:09:58.042" endtime="20230822 00:09:58.043"/>
</kw>
<kw name="Set Suite Variable" library="BuiltIn">
<arg>${email}</arg>
<doc>Makes a variable available everywhere within the scope of the current suite.</doc>
<msg timestamp="20230822 00:09:58.043" level="INFO">${email} = johnmartinez@example.com</msg>
<status status="PASS" starttime="20230822 00:09:58.043" endtime="20230822 00:09:58.043"/>
</kw>
<kw name="Set Suite Variable" library="BuiltIn">
<arg>${password}</arg>
<doc>Makes a variable available everywhere within the scope of the current suite.</doc>
<msg timestamp="20230822 00:09:58.044" level="INFO">${password} = XQBc958g1Xjb</msg>
<status status="PASS" starttime="20230822 00:09:58.043" endtime="20230822 00:09:58.044"/>
</kw>
<status status="PASS" starttime="20230822 00:09:58.040" endtime="20230822 00:09:58.044"/>
</kw>
<kw name="When I create the user" library="test_keywords_users">
<kw name="Create Dictionary" library="BuiltIn">
<var>${payload}</var>
<arg>nome=${name}</arg>
<arg>email=${email}</arg>
<arg>password=${password}</arg>
<arg>administrador=false</arg>
<doc>Creates and returns a dictionary based on the given ``items``.</doc>
<msg timestamp="20230822 00:09:58.045" level="INFO">${payload} = {'nome': 'Howard Patterson', 'email': 'johnmartinez@example.com', 'password': 'XQBc958g1Xjb', 'administrador': 'false'}</msg>
<status status="PASS" starttime="20230822 00:09:58.044" endtime="20230822 00:09:58.045"/>
</kw>
<kw name="Create Dictionary" library="BuiltIn">
<var>${headers}</var>
<arg>Content-Type=application/json</arg>
<doc>Creates and returns a dictionary based on the given ``items``.</doc>
<msg timestamp="20230822 00:09:58.045" level="INFO">${headers} = {'Content-Type': 'application/json'}</msg>
<status status="PASS" starttime="20230822 00:09:58.045" endtime="20230822 00:09:58.045"/>
</kw>
<kw name="POST On Session" library="RequestsLibrary">
<var>${response}</var>
<arg>serverest</arg>
<arg>${USERS_API_ENDPOINT}</arg>
<arg>json=${payload}</arg>
<arg>headers=${headers}</arg>
<doc>Sends a POST request on a previously created HTTP Session.</doc>
<msg timestamp="20230822 00:09:58.147" level="INFO">POST Request : url=https://serverest.dev/usuarios 
 path_url=/usuarios 
 headers={'User-Agent': 'python-requests/2.31.0', 'Accept-Encoding': 'gzip, deflate', 'Accept': '*/*', 'Connection': 'keep-alive', 'Content-Type': 'application/json', 'Content-Length': '119'} 
 body=b'{"nome": "Howard Patterson", "email": "johnmartinez@example.com", "password": "XQBc958g1Xjb", "administrador": "false"}' 
 </msg>
<msg timestamp="20230822 00:09:58.147" level="INFO">POST Response : url=https://serverest.dev/usuarios 
 status=201, reason=Created 
 headers={'access-control-allow-origin': '*', 'x-dns-prefetch-control': 'off', 'x-frame-options': 'SAMEORIGIN', 'strict-transport-security': 'max-age=15552000; includeSubDomains', 'x-download-options': 'noopen', 'x-content-type-options': 'nosniff', 'x-xss-protection': '1; mode=block', 'x-moesif-transaction-id': '7d0d1893-7d6b-407b-b5ea-abb619607f8f', 'content-type': 'application/json; charset=utf-8', 'X-Cloud-Trace-Context': 'bc42bb858671ee856f757e5126106875', 'Date': 'Tue, 22 Aug 2023 00:09:58 GMT', 'Server': 'Google Frontend', 'Content-Length': '82'} 
 body={
    "message": "Cadastro realizado com sucesso",
    "_id": "7P6AT44jsI87OYVg"
} 
 </msg>
<msg timestamp="20230822 00:09:58.147" level="INFO">${response} = &lt;Response [201]&gt;</msg>
<status status="PASS" starttime="20230822 00:09:58.045" endtime="20230822 00:09:58.147"/>
</kw>
<kw name="Set Variable" library="BuiltIn">
<var>${user_id}</var>
<arg>${response.json()['_id']}</arg>
<doc>Returns the given values which can then be assigned to a variables.</doc>
<msg timestamp="20230822 00:09:58.149" level="INFO">${user_id} = 7P6AT44jsI87OYVg</msg>
<status status="PASS" starttime="20230822 00:09:58.148" endtime="20230822 00:09:58.149"/>
</kw>
<kw name="Set Global Variable" library="BuiltIn">
<arg>${USER_ID}</arg>
<arg>${user_id}</arg>
<doc>Makes a variable available globally in all tests and suites.</doc>
<msg timestamp="20230822 00:09:58.150" level="INFO">${USER_ID} = 7P6AT44jsI87OYVg</msg>
<status status="PASS" starttime="20230822 00:09:58.149" endtime="20230822 00:09:58.150"/>
</kw>
<kw name="Set Test Variable" library="BuiltIn">
<arg>${response}</arg>
<doc>Makes a variable available everywhere within the scope of the current test.</doc>
<msg timestamp="20230822 00:09:58.151" level="INFO">${response} = &lt;Response [201]&gt;</msg>
<status status="PASS" starttime="20230822 00:09:58.150" endtime="20230822 00:09:58.151"/>
</kw>
<status status="PASS" starttime="20230822 00:09:58.044" endtime="20230822 00:09:58.151"/>
</kw>
<kw name="Then the response status code should be 201" library="test_keywords_users" sourcename="Then the response status code should be ${status_code}">
<kw name="Should Be Equal As Numbers" library="BuiltIn">
<arg>${response.status_code}</arg>
<arg>${status_code}</arg>
<doc>Fails if objects are unequal after converting them to real numbers.</doc>
<msg timestamp="20230822 00:09:58.153" level="INFO">Argument types are:
&lt;class 'int'&gt;
&lt;class 'str'&gt;</msg>
<status status="PASS" starttime="20230822 00:09:58.152" endtime="20230822 00:09:58.153"/>
</kw>
<kw name="Should Be True" library="BuiltIn">
<arg>${response.json()}</arg>
<doc>Fails if the given condition is not true.</doc>
<status status="PASS" starttime="20230822 00:09:58.153" endtime="20230822 00:09:58.154"/>
</kw>
<status status="PASS" starttime="20230822 00:09:58.151" endtime="20230822 00:09:58.155"/>
</kw>
<kw name="And the response body should not be empty" library="test_keywords_users">
<kw name="Should Not Be Empty" library="BuiltIn">
<arg>${response.json()}</arg>
<doc>Verifies that the given item is not empty.</doc>
<msg timestamp="20230822 00:09:58.156" level="INFO">Length is 2</msg>
<status status="PASS" starttime="20230822 00:09:58.155" endtime="20230822 00:09:58.156"/>
</kw>
<status status="PASS" starttime="20230822 00:09:58.155" endtime="20230822 00:09:58.157"/>
</kw>
<tag>api</tag>
<status status="PASS" starttime="20230822 00:09:58.038" endtime="20230822 00:09:58.157"/>
</test>
<test id="s1-s1-s1-t3" name="Scenario: Get a specific user informations" line="22">
<kw name="Before Tests" library="test_keywords_common" type="SETUP">
<kw name="Create Session" library="RequestsLibrary">
<arg>serverest</arg>
<arg>${SERVER_BASE_URL}</arg>
<arg>disable_warnings=True</arg>
<doc>Create Session: create a HTTP session to a server</doc>
<msg timestamp="20230822 00:09:58.158" level="INFO">Creating Session using : alias=serverest, url=https://serverest.dev, headers={},                     cookies={}, auth=None, timeout=None, proxies=None, verify=False,                     debug=0 </msg>
<status status="PASS" starttime="20230822 00:09:58.158" endtime="20230822 00:09:58.159"/>
</kw>
<status status="PASS" starttime="20230822 00:09:58.158" endtime="20230822 00:09:58.159"/>
</kw>
<kw name="When I request the created user" library="test_keywords_users">
<kw name="GET On Session" library="RequestsLibrary">
<var>${response}</var>
<arg>serverest</arg>
<arg>${USERS_API_ENDPOINT}/${USER_ID}</arg>
<doc>Sends a GET request on a previously created HTTP Session.</doc>
<msg timestamp="20230822 00:09:58.211" level="INFO">GET Request : url=https://serverest.dev/usuarios/7P6AT44jsI87OYVg 
 path_url=/usuarios/7P6AT44jsI87OYVg 
 headers={'User-Agent': 'python-requests/2.31.0', 'Accept-Encoding': 'gzip, deflate', 'Accept': '*/*', 'Connection': 'keep-alive'} 
 body=None 
 </msg>
<msg timestamp="20230822 00:09:58.211" level="INFO">GET Response : url=https://serverest.dev/usuarios/7P6AT44jsI87OYVg 
 status=200, reason=OK 
 headers={'access-control-allow-origin': '*', 'x-dns-prefetch-control': 'off', 'x-frame-options': 'SAMEORIGIN', 'strict-transport-security': 'max-age=15552000; includeSubDomains', 'x-download-options': 'noopen', 'x-content-type-options': 'nosniff', 'x-xss-protection': '1; mode=block', 'x-moesif-transaction-id': '6296af31-e09b-40e9-b317-4e551f712ba1', 'content-type': 'application/json; charset=utf-8', 'X-Cloud-Trace-Context': 'aa8db0de17401efaecbb913bd51fe348', 'Date': 'Tue, 22 Aug 2023 00:09:58 GMT', 'Server': 'Google Frontend', 'Content-Length': '168'} 
 body={
    "nome": "Howard Patterson",
    "email": "johnmartinez@example.com",
    "password": "XQBc958g1Xjb",
    "administrador": "false",
    "_id": "7P6AT44jsI87OYVg"
} 
 </msg>
<msg timestamp="20230822 00:09:58.212" level="INFO">${response} = &lt;Response [200]&gt;</msg>
<status status="PASS" starttime="20230822 00:09:58.159" endtime="20230822 00:09:58.212"/>
</kw>
<kw name="Set Test Variable" library="BuiltIn">
<arg>${response}</arg>
<doc>Makes a variable available everywhere within the scope of the current test.</doc>
<msg timestamp="20230822 00:09:58.212" level="INFO">${response} = &lt;Response [200]&gt;</msg>
<status status="PASS" starttime="20230822 00:09:58.212" endtime="20230822 00:09:58.213"/>
</kw>
<status status="PASS" starttime="20230822 00:09:58.159" endtime="20230822 00:09:58.213"/>
</kw>
<kw name="Then the response status code should be 200" library="test_keywords_users" sourcename="Then the response status code should be ${status_code}">
<kw name="Should Be Equal As Numbers" library="BuiltIn">
<arg>${response.status_code}</arg>
<arg>${status_code}</arg>
<doc>Fails if objects are unequal after converting them to real numbers.</doc>
<msg timestamp="20230822 00:09:58.215" level="INFO">Argument types are:
&lt;class 'int'&gt;
&lt;class 'str'&gt;</msg>
<status status="PASS" starttime="20230822 00:09:58.213" endtime="20230822 00:09:58.215"/>
</kw>
<kw name="Should Be True" library="BuiltIn">
<arg>${response.json()}</arg>
<doc>Fails if the given condition is not true.</doc>
<status status="PASS" starttime="20230822 00:09:58.215" endtime="20230822 00:09:58.216"/>
</kw>
<status status="PASS" starttime="20230822 00:09:58.213" endtime="20230822 00:09:58.216"/>
</kw>
<kw name="And the response body should not be empty" library="test_keywords_users">
<kw name="Should Not Be Empty" library="BuiltIn">
<arg>${response.json()}</arg>
<doc>Verifies that the given item is not empty.</doc>
<msg timestamp="20230822 00:09:58.218" level="INFO">Length is 5</msg>
<status status="PASS" starttime="20230822 00:09:58.217" endtime="20230822 00:09:58.218"/>
</kw>
<status status="PASS" starttime="20230822 00:09:58.217" endtime="20230822 00:09:58.218"/>
</kw>
<tag>api</tag>
<status status="PASS" starttime="20230822 00:09:58.157" endtime="20230822 00:09:58.218"/>
</test>
<test id="s1-s1-s1-t4" name="Scenario: Update the created user" line="28">
<kw name="Before Tests" library="test_keywords_common" type="SETUP">
<kw name="Create Session" library="RequestsLibrary">
<arg>serverest</arg>
<arg>${SERVER_BASE_URL}</arg>
<arg>disable_warnings=True</arg>
<doc>Create Session: create a HTTP session to a server</doc>
<msg timestamp="20230822 00:09:58.219" level="INFO">Creating Session using : alias=serverest, url=https://serverest.dev, headers={},                     cookies={}, auth=None, timeout=None, proxies=None, verify=False,                     debug=0 </msg>
<status status="PASS" starttime="20230822 00:09:58.219" endtime="20230822 00:09:58.220"/>
</kw>
<status status="PASS" starttime="20230822 00:09:58.219" endtime="20230822 00:09:58.220"/>
</kw>
<kw name="When I update the created user" library="test_keywords_users">
<kw name="Create Dictionary" library="BuiltIn">
<var>${payload}</var>
<arg>nome=John Smith</arg>
<arg>email=john.smith@example.com</arg>
<arg>password=P@ssw0rd123</arg>
<arg>administrador=false</arg>
<doc>Creates and returns a dictionary based on the given ``items``.</doc>
<msg timestamp="20230822 00:09:58.221" level="INFO">${payload} = {'nome': 'John Smith', 'email': 'john.smith@example.com', 'password': 'P@ssw0rd123', 'administrador': 'false'}</msg>
<status status="PASS" starttime="20230822 00:09:58.220" endtime="20230822 00:09:58.221"/>
</kw>
<kw name="Create Dictionary" library="BuiltIn">
<var>${headers}</var>
<arg>Content-Type=application/json</arg>
<doc>Creates and returns a dictionary based on the given ``items``.</doc>
<msg timestamp="20230822 00:09:58.221" level="INFO">${headers} = {'Content-Type': 'application/json'}</msg>
<status status="PASS" starttime="20230822 00:09:58.221" endtime="20230822 00:09:58.221"/>
</kw>
<kw name="PUT On Session" library="RequestsLibrary">
<var>${response}</var>
<arg>serverest</arg>
<arg>${USERS_API_ENDPOINT}/${USER_ID}</arg>
<arg>json=${payload}</arg>
<arg>headers=${headers}</arg>
<doc>Sends a PUT request on a previously created HTTP Session.</doc>
<msg timestamp="20230822 00:09:58.294" level="INFO">PUT Request : url=https://serverest.dev/usuarios/7P6AT44jsI87OYVg 
 path_url=/usuarios/7P6AT44jsI87OYVg 
 headers={'User-Agent': 'python-requests/2.31.0', 'Accept-Encoding': 'gzip, deflate', 'Accept': '*/*', 'Connection': 'keep-alive', 'Content-Type': 'application/json', 'Content-Length': '110'} 
 body=b'{"nome": "John Smith", "email": "john.smith@example.com", "password": "P@ssw0rd123", "administrador": "false"}' 
 </msg>
<msg timestamp="20230822 00:09:58.294" level="INFO">PUT Response : url=https://serverest.dev/usuarios/7P6AT44jsI87OYVg 
 status=200, reason=OK 
 headers={'access-control-allow-origin': '*', 'x-dns-prefetch-control': 'off', 'x-frame-options': 'SAMEORIGIN', 'strict-transport-security': 'max-age=15552000; includeSubDomains', 'x-download-options': 'noopen', 'x-content-type-options': 'nosniff', 'x-xss-protection': '1; mode=block', 'x-moesif-transaction-id': 'cfa2034a-074d-4201-92ac-b796903d25c7', 'content-type': 'application/json; charset=utf-8', 'X-Cloud-Trace-Context': 'ee1734eb09df431e6fc38e6511d1d4f8', 'Date': 'Tue, 22 Aug 2023 00:09:58 GMT', 'Server': 'Google Frontend', 'Content-Length': '50'} 
 body={
    "message": "Registro alterado com sucesso"
} 
 </msg>
<msg timestamp="20230822 00:09:58.294" level="INFO">${response} = &lt;Response [200]&gt;</msg>
<status status="PASS" starttime="20230822 00:09:58.221" endtime="20230822 00:09:58.294"/>
</kw>
<kw name="Set Test Variable" library="BuiltIn">
<arg>${response}</arg>
<doc>Makes a variable available everywhere within the scope of the current test.</doc>
<msg timestamp="20230822 00:09:58.295" level="INFO">${response} = &lt;Response [200]&gt;</msg>
<status status="PASS" starttime="20230822 00:09:58.295" endtime="20230822 00:09:58.296"/>
</kw>
<status status="PASS" starttime="20230822 00:09:58.220" endtime="20230822 00:09:58.296"/>
</kw>
<kw name="Then the response status code should be 200" library="test_keywords_users" sourcename="Then the response status code should be ${status_code}">
<kw name="Should Be Equal As Numbers" library="BuiltIn">
<arg>${response.status_code}</arg>
<arg>${status_code}</arg>
<doc>Fails if objects are unequal after converting them to real numbers.</doc>
<msg timestamp="20230822 00:09:58.298" level="INFO">Argument types are:
&lt;class 'int'&gt;
&lt;class 'str'&gt;</msg>
<status status="PASS" starttime="20230822 00:09:58.297" endtime="20230822 00:09:58.298"/>
</kw>
<kw name="Should Be True" library="BuiltIn">
<arg>${response.json()}</arg>
<doc>Fails if the given condition is not true.</doc>
<status status="PASS" starttime="20230822 00:09:58.298" endtime="20230822 00:09:58.300"/>
</kw>
<status status="PASS" starttime="20230822 00:09:58.296" endtime="20230822 00:09:58.300"/>
</kw>
<kw name="And the response body should not be empty" library="test_keywords_users">
<kw name="Should Not Be Empty" library="BuiltIn">
<arg>${response.json()}</arg>
<doc>Verifies that the given item is not empty.</doc>
<msg timestamp="20230822 00:09:58.301" level="INFO">Length is 1</msg>
<status status="PASS" starttime="20230822 00:09:58.300" endtime="20230822 00:09:58.301"/>
</kw>
<status status="PASS" starttime="20230822 00:09:58.300" endtime="20230822 00:09:58.301"/>
</kw>
<tag>api</tag>
<status status="PASS" starttime="20230822 00:09:58.218" endtime="20230822 00:09:58.301"/>
</test>
<test id="s1-s1-s1-t5" name="Scenario: Delete the created user" line="34">
<kw name="Before Tests" library="test_keywords_common" type="SETUP">
<kw name="Create Session" library="RequestsLibrary">
<arg>serverest</arg>
<arg>${SERVER_BASE_URL}</arg>
<arg>disable_warnings=True</arg>
<doc>Create Session: create a HTTP session to a server</doc>
<msg timestamp="20230822 00:09:58.302" level="INFO">Creating Session using : alias=serverest, url=https://serverest.dev, headers={},                     cookies={}, auth=None, timeout=None, proxies=None, verify=False,                     debug=0 </msg>
<status status="PASS" starttime="20230822 00:09:58.302" endtime="20230822 00:09:58.303"/>
</kw>
<status status="PASS" starttime="20230822 00:09:58.302" endtime="20230822 00:09:58.303"/>
</kw>
<kw name="When I delete the created user" library="test_keywords_users">
<kw name="DELETE On Session" library="RequestsLibrary">
<var>${response}</var>
<arg>serverest</arg>
<arg>${USERS_API_ENDPOINT}/${USER_ID}</arg>
<doc>Sends a DELETE request on a previously created HTTP Session.</doc>
<msg timestamp="20230822 00:09:58.382" level="INFO">DELETE Request : url=https://serverest.dev/usuarios/7P6AT44jsI87OYVg 
 path_url=/usuarios/7P6AT44jsI87OYVg 
 headers={'User-Agent': 'python-requests/2.31.0', 'Accept-Encoding': 'gzip, deflate', 'Accept': '*/*', 'Connection': 'keep-alive', 'Content-Length': '0'} 
 body=None 
 </msg>
<msg timestamp="20230822 00:09:58.382" level="INFO">DELETE Response : url=https://serverest.dev/usuarios/7P6AT44jsI87OYVg 
 status=200, reason=OK 
 headers={'access-control-allow-origin': '*', 'x-dns-prefetch-control': 'off', 'x-frame-options': 'SAMEORIGIN', 'strict-transport-security': 'max-age=15552000; includeSubDomains', 'x-download-options': 'noopen', 'x-content-type-options': 'nosniff', 'x-xss-protection': '1; mode=block', 'x-moesif-transaction-id': '7397bfed-5277-43ee-9763-184a529d2f9c', 'content-type': 'application/json; charset=utf-8', 'X-Cloud-Trace-Context': 'b3ba7d5d73351c941fc6e081c073f95b', 'Date': 'Tue, 22 Aug 2023 00:09:58 GMT', 'Server': 'Google Frontend', 'Content-Length': '51'} 
 body={
    "message": "Registro excluído com sucesso"
} 
 </msg>
<msg timestamp="20230822 00:09:58.382" level="INFO">${response} = &lt;Response [200]&gt;</msg>
<status status="PASS" starttime="20230822 00:09:58.303" endtime="20230822 00:09:58.382"/>
</kw>
<kw name="Set Test Variable" library="BuiltIn">
<arg>${response}</arg>
<doc>Makes a variable available everywhere within the scope of the current test.</doc>
<msg timestamp="20230822 00:09:58.383" level="INFO">${response} = &lt;Response [200]&gt;</msg>
<status status="PASS" starttime="20230822 00:09:58.383" endtime="20230822 00:09:58.383"/>
</kw>
<status status="PASS" starttime="20230822 00:09:58.303" endtime="20230822 00:09:58.383"/>
</kw>
<kw name="Then the response status code should be 200" library="test_keywords_users" sourcename="Then the response status code should be ${status_code}">
<kw name="Should Be Equal As Numbers" library="BuiltIn">
<arg>${response.status_code}</arg>
<arg>${status_code}</arg>
<doc>Fails if objects are unequal after converting them to real numbers.</doc>
<msg timestamp="20230822 00:09:58.386" level="INFO">Argument types are:
&lt;class 'int'&gt;
&lt;class 'str'&gt;</msg>
<status status="PASS" starttime="20230822 00:09:58.384" endtime="20230822 00:09:58.386"/>
</kw>
<kw name="Should Be True" library="BuiltIn">
<arg>${response.json()}</arg>
<doc>Fails if the given condition is not true.</doc>
<status status="PASS" starttime="20230822 00:09:58.386" endtime="20230822 00:09:58.387"/>
</kw>
<status status="PASS" starttime="20230822 00:09:58.384" endtime="20230822 00:09:58.388"/>
</kw>
<kw name="And the response body should not be empty" library="test_keywords_users">
<kw name="Should Not Be Empty" library="BuiltIn">
<arg>${response.json()}</arg>
<doc>Verifies that the given item is not empty.</doc>
<msg timestamp="20230822 00:09:58.389" level="INFO">Length is 1</msg>
<status status="PASS" starttime="20230822 00:09:58.388" endtime="20230822 00:09:58.389"/>
</kw>
<status status="PASS" starttime="20230822 00:09:58.388" endtime="20230822 00:09:58.390"/>
</kw>
<tag>api</tag>
<status status="PASS" starttime="20230822 00:09:58.301" endtime="20230822 00:09:58.390"/>
</test>
<status status="PASS" starttime="20230822 00:09:57.266" endtime="20230822 00:09:58.391"/>
</suite>
<status status="PASS" starttime="20230822 00:09:57.264" endtime="20230822 00:09:58.392"/>
</suite>
<suite id="s1-s2" name="E2E" source="/home/runner/work/gen-ai-robot-test/gen-ai-robot-test/tests/e2e">
<suite id="s1-s2-s1" name="Test Ui Signup" source="/home/runner/work/gen-ai-robot-test/gen-ai-robot-test/tests/e2e/test_ui_signup.robot">
<test id="s1-s2-s1-t1" name="Scenario: Signup with empty fields" line="10">
<kw name="Before Tests" library="test_keywords_common" type="SETUP">
<kw name="Open Browser" library="SeleniumLibrary">
<arg>${SERVER_BASE_URL}</arg>
<arg>${HEADLESS} ${BROWSER}</arg>
<doc>Opens a new browser instance to the optional ``url``.</doc>
<msg timestamp="20230822 00:09:58.404" level="INFO">Opening browser 'headless Chrome' to base url 'https://front.serverest.dev/'.</msg>
<status status="PASS" starttime="20230822 00:09:58.404" endtime="20230822 00:10:08.761"/>
</kw>
<kw name="Maximize Browser Window" library="SeleniumLibrary">
<doc>Maximizes current browser window.</doc>
<status status="PASS" starttime="20230822 00:10:08.762" endtime="20230822 00:10:08.882"/>
</kw>
<status status="PASS" starttime="20230822 00:09:58.403" endtime="20230822 00:10:08.882"/>
</kw>
<kw name="Given Im on the signup page" library="test_keywords_signup">
<kw name="Location Should Be" library="SeleniumLibrary">
<arg>https://front.serverest.dev/login</arg>
<doc>Verifies that the current URL is exactly ``url``.</doc>
<msg timestamp="20230822 00:10:08.889" level="INFO">Current location is 'https://front.serverest.dev/login'.</msg>
<status status="PASS" starttime="20230822 00:10:08.883" endtime="20230822 00:10:08.889"/>
</kw>
<kw name="Click Element" library="SeleniumLibrary">
<arg>css=a.btn.btn-link</arg>
<doc>Click the element identified by ``locator``.</doc>
<msg timestamp="20230822 00:10:08.890" level="INFO">Clicking element 'css=a.btn.btn-link'.</msg>
<status status="PASS" starttime="20230822 00:10:08.889" endtime="20230822 00:10:09.081"/>
</kw>
<status status="PASS" starttime="20230822 00:10:08.882" endtime="20230822 00:10:09.081"/>
</kw>
<kw name="When I click in signup" library="test_keywords_signup">
<kw name="Click Button" library="SeleniumLibrary">
<arg>css=.btn.btn-primary</arg>
<doc>Clicks the button identified by ``locator``.</doc>
<msg timestamp="20230822 00:10:09.083" level="INFO">Clicking button 'css=.btn.btn-primary'.</msg>
<status status="PASS" starttime="20230822 00:10:09.082" endtime="20230822 00:10:09.218"/>
</kw>
<status status="PASS" starttime="20230822 00:10:09.082" endtime="20230822 00:10:09.218"/>
</kw>
<kw name="Then required field messages should be displayed" library="test_keywords_signup">
<kw name="Wait Until Element Is Visible" library="SeleniumLibrary">
<arg>css=.alert-dismissible</arg>
<arg>timeout=10s</arg>
<doc>Waits until the element ``locator`` is visible.</doc>
<status status="PASS" starttime="20230822 00:10:09.219" endtime="20230822 00:10:09.463"/>
</kw>
<kw name="Element Should Be Visible" library="SeleniumLibrary">
<arg>css=.alert-dismissible</arg>
<doc>Verifies that the element identified by ``locator`` is visible.</doc>
<msg timestamp="20230822 00:10:09.485" level="INFO">Element 'css=.alert-dismissible' is displayed.</msg>
<status status="PASS" starttime="20230822 00:10:09.463" endtime="20230822 00:10:09.485"/>
</kw>
<kw name="Page Should Contain" library="SeleniumLibrary">
<arg>Nome é obrigatório</arg>
<doc>Verifies that current page contains ``text``.</doc>
<msg timestamp="20230822 00:10:09.562" level="INFO">Current page contains text 'Nome é obrigatório'.</msg>
<status status="PASS" starttime="20230822 00:10:09.486" endtime="20230822 00:10:09.563"/>
</kw>
<kw name="Page Should Contain" library="SeleniumLibrary">
<arg>Email é obrigatório</arg>
<doc>Verifies that current page contains ``text``.</doc>
<msg timestamp="20230822 00:10:09.579" level="INFO">Current page contains text 'Email é obrigatório'.</msg>
<status status="PASS" starttime="20230822 00:10:09.563" endtime="20230822 00:10:09.580"/>
</kw>
<kw name="Page Should Contain" library="SeleniumLibrary">
<arg>Password é obrigatório</arg>
<doc>Verifies that current page contains ``text``.</doc>
<msg timestamp="20230822 00:10:09.595" level="INFO">Current page contains text 'Password é obrigatório'.</msg>
<status status="PASS" starttime="20230822 00:10:09.580" endtime="20230822 00:10:09.595"/>
</kw>
<status status="PASS" starttime="20230822 00:10:09.219" endtime="20230822 00:10:09.595"/>
</kw>
<kw name="After Tests" library="test_keywords_common" type="TEARDOWN">
<kw name="Close Browser" library="SeleniumLibrary">
<doc>Closes the current browser.</doc>
<status status="PASS" starttime="20230822 00:10:09.596" endtime="20230822 00:10:09.651"/>
</kw>
<status status="PASS" starttime="20230822 00:10:09.595" endtime="20230822 00:10:09.652"/>
</kw>
<tag>e2e</tag>
<status status="PASS" starttime="20230822 00:09:58.403" endtime="20230822 00:10:09.652"/>
</test>
<test id="s1-s2-s1-t2" name="Scenario: Signup done successfully" line="16">
<kw name="Before Tests" library="test_keywords_common" type="SETUP">
<kw name="Open Browser" library="SeleniumLibrary">
<arg>${SERVER_BASE_URL}</arg>
<arg>${HEADLESS} ${BROWSER}</arg>
<doc>Opens a new browser instance to the optional ``url``.</doc>
<msg timestamp="20230822 00:10:09.655" level="INFO">Opening browser 'headless Chrome' to base url 'https://front.serverest.dev/'.</msg>
<status status="PASS" starttime="20230822 00:10:09.654" endtime="20230822 00:10:11.001"/>
</kw>
<kw name="Maximize Browser Window" library="SeleniumLibrary">
<doc>Maximizes current browser window.</doc>
<status status="PASS" starttime="20230822 00:10:11.002" endtime="20230822 00:10:11.106"/>
</kw>
<status status="PASS" starttime="20230822 00:10:09.654" endtime="20230822 00:10:11.107"/>
</kw>
<kw name="Given Im on the signup page" library="test_keywords_signup">
<kw name="Location Should Be" library="SeleniumLibrary">
<arg>https://front.serverest.dev/login</arg>
<doc>Verifies that the current URL is exactly ``url``.</doc>
<msg timestamp="20230822 00:10:11.113" level="INFO">Current location is 'https://front.serverest.dev/login'.</msg>
<status status="PASS" starttime="20230822 00:10:11.107" endtime="20230822 00:10:11.113"/>
</kw>
<kw name="Click Element" library="SeleniumLibrary">
<arg>css=a.btn.btn-link</arg>
<doc>Click the element identified by ``locator``.</doc>
<msg timestamp="20230822 00:10:11.114" level="INFO">Clicking element 'css=a.btn.btn-link'.</msg>
<status status="PASS" starttime="20230822 00:10:11.113" endtime="20230822 00:10:11.208"/>
</kw>
<status status="PASS" starttime="20230822 00:10:11.107" endtime="20230822 00:10:11.208"/>
</kw>
<kw name="And I fill in the signup fields with valid data" library="test_keywords_signup">
<kw name="Name" library="FakerLibrary">
<var>${name}</var>
<doc>:example: 'John Doe'</doc>
<msg timestamp="20230822 00:10:11.209" level="INFO">${name} = Kirsten Martinez</msg>
<status status="PASS" starttime="20230822 00:10:11.209" endtime="20230822 00:10:11.209"/>
</kw>
<kw name="Email" library="FakerLibrary">
<var>${email}</var>
<msg timestamp="20230822 00:10:11.210" level="INFO">${email} = hollandtheresa@example.net</msg>
<status status="PASS" starttime="20230822 00:10:11.210" endtime="20230822 00:10:11.210"/>
</kw>
<kw name="Password" library="FakerLibrary">
<var>${password}</var>
<arg>length=12</arg>
<arg>special_chars=False</arg>
<doc>Generate a random password of the specified ``length``.</doc>
<msg timestamp="20230822 00:10:11.211" level="INFO">${password} = uZGP44xb65BA</msg>
<status status="PASS" starttime="20230822 00:10:11.210" endtime="20230822 00:10:11.211"/>
</kw>
<kw name="Input Text" library="SeleniumLibrary">
<arg>id:nome</arg>
<arg>${name}</arg>
<doc>Types the given ``text`` into the text field identified by ``locator``.</doc>
<msg timestamp="20230822 00:10:11.212" level="INFO">Typing text 'Kirsten Martinez' into text field 'id:nome'.</msg>
<status status="PASS" starttime="20230822 00:10:11.211" endtime="20230822 00:10:11.446"/>
</kw>
<kw name="Input Text" library="SeleniumLibrary">
<arg>id:email</arg>
<arg>${email}</arg>
<doc>Types the given ``text`` into the text field identified by ``locator``.</doc>
<msg timestamp="20230822 00:10:11.447" level="INFO">Typing text 'hollandtheresa@example.net' into text field 'id:email'.</msg>
<status status="PASS" starttime="20230822 00:10:11.446" endtime="20230822 00:10:11.600"/>
</kw>
<kw name="Input Text" library="SeleniumLibrary">
<arg>id:password</arg>
<arg>${password}</arg>
<doc>Types the given ``text`` into the text field identified by ``locator``.</doc>
<msg timestamp="20230822 00:10:11.601" level="INFO">Typing text 'uZGP44xb65BA' into text field 'id:password'.</msg>
<status status="PASS" starttime="20230822 00:10:11.600" endtime="20230822 00:10:11.721"/>
</kw>
<kw name="Select Checkbox" library="SeleniumLibrary">
<arg>id=administrador</arg>
<doc>Selects the checkbox identified by ``locator``.</doc>
<msg timestamp="20230822 00:10:11.722" level="INFO">Selecting checkbox 'id=administrador'.</msg>
<status status="PASS" starttime="20230822 00:10:11.721" endtime="20230822 00:10:11.811"/>
</kw>
<kw name="Set Suite Variable" library="BuiltIn">
<arg>${name}</arg>
<doc>Makes a variable available everywhere within the scope of the current suite.</doc>
<msg timestamp="20230822 00:10:11.812" level="INFO">${name} = Kirsten Martinez</msg>
<status status="PASS" starttime="20230822 00:10:11.812" endtime="20230822 00:10:11.812"/>
</kw>
<kw name="Set Suite Variable" library="BuiltIn">
<arg>${email}</arg>
<doc>Makes a variable available everywhere within the scope of the current suite.</doc>
<msg timestamp="20230822 00:10:11.813" level="INFO">${email} = hollandtheresa@example.net</msg>
<status status="PASS" starttime="20230822 00:10:11.812" endtime="20230822 00:10:11.813"/>
</kw>
<kw name="Set Suite Variable" library="BuiltIn">
<arg>${password}</arg>
<doc>Makes a variable available everywhere within the scope of the current suite.</doc>
<msg timestamp="20230822 00:10:11.813" level="INFO">${password} = uZGP44xb65BA</msg>
<status status="PASS" starttime="20230822 00:10:11.813" endtime="20230822 00:10:11.813"/>
</kw>
<status status="PASS" starttime="20230822 00:10:11.208" endtime="20230822 00:10:11.813"/>
</kw>
<kw name="When I click in signup" library="test_keywords_signup">
<kw name="Click Button" library="SeleniumLibrary">
<arg>css=.btn.btn-primary</arg>
<doc>Clicks the button identified by ``locator``.</doc>
<msg timestamp="20230822 00:10:11.814" level="INFO">Clicking button 'css=.btn.btn-primary'.</msg>
<status status="PASS" starttime="20230822 00:10:11.814" endtime="20230822 00:10:11.882"/>
</kw>
<status status="PASS" starttime="20230822 00:10:11.813" endtime="20230822 00:10:11.883"/>
</kw>
<kw name="Then the page should contain the text &quot;Cadastro realizado com sucesso&quot;" library="test_keywords_signup" sourcename="Then the page should contain the text &quot;${expected_text}&quot;">
<kw name="Wait Until Element Is Visible" library="SeleniumLibrary">
<arg>css=.alert-dismissible</arg>
<arg>timeout=10s</arg>
<doc>Waits until the element ``locator`` is visible.</doc>
<status status="PASS" starttime="20230822 00:10:11.883" endtime="20230822 00:10:12.128"/>
</kw>
<kw name="Element Should Be Visible" library="SeleniumLibrary">
<arg>css=.alert-dismissible</arg>
<doc>Verifies that the element identified by ``locator`` is visible.</doc>
<msg timestamp="20230822 00:10:12.150" level="INFO">Element 'css=.alert-dismissible' is displayed.</msg>
<status status="PASS" starttime="20230822 00:10:12.128" endtime="20230822 00:10:12.151"/>
</kw>
<kw name="Page Should Contain" library="SeleniumLibrary">
<arg>${expected_text}</arg>
<doc>Verifies that current page contains ``text``.</doc>
<msg timestamp="20230822 00:10:12.168" level="INFO">Current page contains text 'Cadastro realizado com sucesso'.</msg>
<status status="PASS" starttime="20230822 00:10:12.151" endtime="20230822 00:10:12.168"/>
</kw>
<status status="PASS" starttime="20230822 00:10:11.883" endtime="20230822 00:10:12.168"/>
</kw>
<kw name="After Tests" library="test_keywords_common" type="TEARDOWN">
<kw name="Close Browser" library="SeleniumLibrary">
<doc>Closes the current browser.</doc>
<status status="PASS" starttime="20230822 00:10:12.169" endtime="20230822 00:10:12.226"/>
</kw>
<status status="PASS" starttime="20230822 00:10:12.168" endtime="20230822 00:10:12.226"/>
</kw>
<tag>e2e</tag>
<status status="PASS" starttime="20230822 00:10:09.653" endtime="20230822 00:10:12.226"/>
</test>
<test id="s1-s2-s1-t3" name="Scenario: Signup with already used email" line="23">
<kw name="Before Tests" library="test_keywords_common" type="SETUP">
<kw name="Open Browser" library="SeleniumLibrary">
<arg>${SERVER_BASE_URL}</arg>
<arg>${HEADLESS} ${BROWSER}</arg>
<doc>Opens a new browser instance to the optional ``url``.</doc>
<msg timestamp="20230822 00:10:12.229" level="INFO">Opening browser 'headless Chrome' to base url 'https://front.serverest.dev/'.</msg>
<status status="PASS" starttime="20230822 00:10:12.228" endtime="20230822 00:10:13.549"/>
</kw>
<kw name="Maximize Browser Window" library="SeleniumLibrary">
<doc>Maximizes current browser window.</doc>
<status status="PASS" starttime="20230822 00:10:13.550" endtime="20230822 00:10:13.655"/>
</kw>
<status status="PASS" starttime="20230822 00:10:12.228" endtime="20230822 00:10:13.655"/>
</kw>
<kw name="Given Im on the signup page" library="test_keywords_signup">
<kw name="Location Should Be" library="SeleniumLibrary">
<arg>https://front.serverest.dev/login</arg>
<doc>Verifies that the current URL is exactly ``url``.</doc>
<msg timestamp="20230822 00:10:13.661" level="INFO">Current location is 'https://front.serverest.dev/login'.</msg>
<status status="PASS" starttime="20230822 00:10:13.656" endtime="20230822 00:10:13.661"/>
</kw>
<kw name="Click Element" library="SeleniumLibrary">
<arg>css=a.btn.btn-link</arg>
<doc>Click the element identified by ``locator``.</doc>
<msg timestamp="20230822 00:10:13.662" level="INFO">Clicking element 'css=a.btn.btn-link'.</msg>
<status status="PASS" starttime="20230822 00:10:13.662" endtime="20230822 00:10:13.766"/>
</kw>
<status status="PASS" starttime="20230822 00:10:13.655" endtime="20230822 00:10:13.766"/>
</kw>
<kw name="And I fill in the signup fields with an email already registered" library="test_keywords_signup">
<kw name="Input Text" library="SeleniumLibrary">
<arg>id:nome</arg>
<arg>${name}</arg>
<doc>Types the given ``text`` into the text field identified by ``locator``.</doc>
<msg timestamp="20230822 00:10:13.767" level="INFO">Typing text 'Kirsten Martinez' into text field 'id:nome'.</msg>
<status status="PASS" starttime="20230822 00:10:13.766" endtime="20230822 00:10:13.921"/>
</kw>
<kw name="Input Text" library="SeleniumLibrary">
<arg>id:email</arg>
<arg>${email}</arg>
<doc>Types the given ``text`` into the text field identified by ``locator``.</doc>
<msg timestamp="20230822 00:10:13.922" level="INFO">Typing text 'hollandtheresa@example.net' into text field 'id:email'.</msg>
<status status="PASS" starttime="20230822 00:10:13.921" endtime="20230822 00:10:14.060"/>
</kw>
<kw name="Input Text" library="SeleniumLibrary">
<arg>id:password</arg>
<arg>${password}</arg>
<doc>Types the given ``text`` into the text field identified by ``locator``.</doc>
<msg timestamp="20230822 00:10:14.061" level="INFO">Typing text 'uZGP44xb65BA' into text field 'id:password'.</msg>
<status status="PASS" starttime="20230822 00:10:14.060" endtime="20230822 00:10:14.168"/>
</kw>
<kw name="Select Checkbox" library="SeleniumLibrary">
<arg>id=administrador</arg>
<doc>Selects the checkbox identified by ``locator``.</doc>
<msg timestamp="20230822 00:10:14.169" level="INFO">Selecting checkbox 'id=administrador'.</msg>
<status status="PASS" starttime="20230822 00:10:14.168" endtime="20230822 00:10:14.255"/>
</kw>
<status status="PASS" starttime="20230822 00:10:13.766" endtime="20230822 00:10:14.255"/>
</kw>
<kw name="When I click in signup" library="test_keywords_signup">
<kw name="Click Button" library="SeleniumLibrary">
<arg>css=.btn.btn-primary</arg>
<doc>Clicks the button identified by ``locator``.</doc>
<msg timestamp="20230822 00:10:14.257" level="INFO">Clicking button 'css=.btn.btn-primary'.</msg>
<status status="PASS" starttime="20230822 00:10:14.256" endtime="20230822 00:10:14.329"/>
</kw>
<status status="PASS" starttime="20230822 00:10:14.256" endtime="20230822 00:10:14.329"/>
</kw>
<kw name="Then the page should contain the text &quot;Este email já está sendo usado&quot;" library="test_keywords_signup" sourcename="Then the page should contain the text &quot;${expected_text}&quot;">
<kw name="Wait Until Element Is Visible" library="SeleniumLibrary">
<arg>css=.alert-dismissible</arg>
<arg>timeout=10s</arg>
<doc>Waits until the element ``locator`` is visible.</doc>
<status status="PASS" starttime="20230822 00:10:14.330" endtime="20230822 00:10:14.571"/>
</kw>
<kw name="Element Should Be Visible" library="SeleniumLibrary">
<arg>css=.alert-dismissible</arg>
<doc>Verifies that the element identified by ``locator`` is visible.</doc>
<msg timestamp="20230822 00:10:14.592" level="INFO">Element 'css=.alert-dismissible' is displayed.</msg>
<status status="PASS" starttime="20230822 00:10:14.571" endtime="20230822 00:10:14.592"/>
</kw>
<kw name="Page Should Contain" library="SeleniumLibrary">
<arg>${expected_text}</arg>
<doc>Verifies that current page contains ``text``.</doc>
<msg timestamp="20230822 00:10:14.608" level="INFO">Current page contains text 'Este email já está sendo usado'.</msg>
<status status="PASS" starttime="20230822 00:10:14.593" endtime="20230822 00:10:14.608"/>
</kw>
<status status="PASS" starttime="20230822 00:10:14.329" endtime="20230822 00:10:14.608"/>
</kw>
<kw name="After Tests" library="test_keywords_common" type="TEARDOWN">
<kw name="Close Browser" library="SeleniumLibrary">
<doc>Closes the current browser.</doc>
<status status="PASS" starttime="20230822 00:10:14.609" endtime="20230822 00:10:14.664"/>
</kw>
<status status="PASS" starttime="20230822 00:10:14.608" endtime="20230822 00:10:14.664"/>
</kw>
<tag>e2e</tag>
<status status="PASS" starttime="20230822 00:10:12.227" endtime="20230822 00:10:14.664"/>
</test>
<status status="PASS" starttime="20230822 00:09:58.394" endtime="20230822 00:10:14.665"/>
</suite>
<status status="PASS" starttime="20230822 00:09:58.392" endtime="20230822 00:10:14.667"/>
</suite>
<status status="PASS" starttime="20230822 00:09:57.242" endtime="20230822 00:10:14.668"/>
</suite>
<statistics>
<total>
<stat pass="8" fail="0" skip="0">All Tests</stat>
</total>
<tag>
<stat pass="5" fail="0" skip="0">api</stat>
<stat pass="3" fail="0" skip="0">e2e</stat>
</tag>
<suite>
<stat pass="8" fail="0" skip="0" id="s1" name="Tests">Tests</stat>
<stat pass="5" fail="0" skip="0" id="s1-s1" name="Api">Tests.Api</stat>
<stat pass="5" fail="0" skip="0" id="s1-s1-s1" name="Test Api Users">Tests.Api.Test Api Users</stat>
<stat pass="3" fail="0" skip="0" id="s1-s2" name="E2E">Tests.E2E</stat>
<stat pass="3" fail="0" skip="0" id="s1-s2-s1" name="Test Ui Signup">Tests.E2E.Test Ui Signup</stat>
</suite>
</statistics>
<errors>
</errors>
</robot>
