<?xml version="1.0" encoding="UTF-8"?>
<robot generator="Robot 6.0.2 (Python 3.8.16 on linux)" generated="20230413 17:45:45.771" rpa="false" schemaversion="3">
<suite id="s1" name="Tests" source="/home/runner/work/gen-ai-robot-test/gen-ai-robot-test/tests">
<suite id="s1-s1" name="Api" source="/home/runner/work/gen-ai-robot-test/gen-ai-robot-test/tests/api">
<suite id="s1-s1-s1" name="Users" source="/home/runner/work/gen-ai-robot-test/gen-ai-robot-test/tests/api/users">
<suite id="s1-s1-s1-s1" name="Test Api Users" source="/home/runner/work/gen-ai-robot-test/gen-ai-robot-test/tests/api/users/test_api_users.robot">
<test id="s1-s1-s1-s1-t1" name="Scenario: Get all registered users" line="9">
<kw name="Before Tests" library="test_keywords_common" type="SETUP">
<kw name="Create Session" library="RequestsLibrary">
<arg>serverest</arg>
<arg>${SERVER_BASE_URL}</arg>
<arg>disable_warnings=True</arg>
<doc>Create Session: create a HTTP session to a server</doc>
<msg timestamp="20230413 17:45:46.110" level="INFO">Creating Session using : alias=serverest, url=https://serverest.dev, headers={},                     cookies={}, auth=None, timeout=None, proxies=None, verify=False,                     debug=0 </msg>
<status status="PASS" starttime="20230413 17:45:46.109" endtime="20230413 17:45:46.110"/>
</kw>
<status status="PASS" starttime="20230413 17:45:46.109" endtime="20230413 17:45:46.110"/>
</kw>
<kw name="When I request the list of all registered users" library="test_keywords_users">
<kw name="GET On Session" library="RequestsLibrary">
<var>${response}</var>
<arg>serverest</arg>
<arg>${USERS_API_ENDPOINT}</arg>
<doc>Sends a GET request on a previously created HTTP Session.</doc>
<msg timestamp="20230413 17:45:46.268" level="INFO">GET Request : url=https://serverest.dev/usuarios 
 path_url=/usuarios 
 headers={'User-Agent': 'python-requests/2.28.2', 'Accept-Encoding': 'gzip, deflate', 'Accept': '*/*', 'Connection': 'keep-alive'} 
 body=None 
 </msg>
<msg timestamp="20230413 17:45:46.268" level="INFO">GET Response : url=https://serverest.dev/usuarios 
 status=200, reason=OK 
 headers={'access-control-allow-origin': '*', 'x-dns-prefetch-control': 'off', 'x-frame-options': 'SAMEORIGIN', 'strict-transport-security': 'max-age=15552000; includeSubDomains', 'x-download-options': 'noopen', 'x-content-type-options': 'nosniff', 'x-xss-protection': '1; mode=block', 'x-moesif-transaction-id': '8cb74763-8b49-425e-b720-f45b2acd2b78', 'content-type': 'application/json; charset=utf-8', 'X-Cloud-Trace-Context': '495a1bdc8c73a1260e21cced41eeb44d;o=1', 'Date': 'Thu, 13 Apr 2023 17:45:46 GMT', 'Server': 'Google Frontend', 'Content-Length': '12630'} 
 body={
    "quantidade": 58,
    "usuarios": [
        {
            "nome": "Fulano da Silva",
            "email": "fulano@qa.com",
            "password": "teste",
            "administrador": "true",
            "_id": "0uxuPY0cbmQhpEz1"
        },
        {
            "nome": "Fulano da Silva",
            "email": "beltrano@qa.com.br",
            "password": "teste",
            "administrador": "true",
            "_id": "1I5MtFIUIIOY5fV8"
        },
        {
            "nome": "Windows da Silva",
            "email": "ipqxei@emailteste.com",
            "password": "15674",
            "administrador": "true",
            "_id": "2JhTk8dSFIFe8lH6"
        },
        {
            "nome": "aaa",
            "email": "bbb@hotmail.com",
            "password": "teste",
            "administrador": "true",
            "_id": "2Lp5Uq7pDHUbBffY"
        },
        {
            "nome": "Exemplo 9X7kfjTmz9SjcP4EYCr4",
            "email": "exemplo43626@hotmail.com",
            "password": "teste",
            "administrador": "true",
            "_id": "4CFJWLaQTgUc4eMC"
        },
        {
            "nome": "Exemplo QPiYZF8TfPfPDcgTtgr1",
            "email": "exemplo11663@hotmail.com",
            "password": "teste",
            "administrador": "true",
            "_id": "5N2ATjv2B0XGPBl9"
        },
        {
            "nome": "Beth Ratke",
            "email": "stacy@osinski-osinski.info",
            "password": "teste",
            "administrador": "true",
            "_id": "71wWcZo3ezwrC3Cr"
        },
        {
            "nome": "Exemplo tiHX2K0De67r5G5CeiTR",
            "email": "exemplo36633@hotmail.com",
            "password": "teste",
            "administrador": "true",
            "_id": "9YIv3udFYuc0Tu0p"
        },
        {
            "nome": "Fulano da Silva",
            "email": "ppfv@emailteste.com",
            "password": "1234",
            "administrador": "true",
            "_id": "9mIJVW1Ol7xedZFs"
        },
        {
            "nome": "Fulano da Silva",
            "email": "bfulanobeltrano@qa.com.br",
            "password": "teste",
            "administrador": "true",
            "_id": "9yXfe3X9q1uk5fbb"
        },
        {
            "nome": "Fulano da Silva",
            "email": "pxwc@emailteste.com",
            "password": "1234",
            "administrador": "true",
            "_id": "APyHOugT42PmdOBJ"
        },
        {
            "nome": "Exemplo 3KWBhxciIYciwz64LT0k",
            "email": "exemplo33482@hotmail.com",
            "password": "teste",
            "administrador": "true",
            "_id": "BAFed8nK0CMGJdvn"
        },
        {
            "nome": "Fulano da Silva",
            "email": "mvsc@qa.com.br",
            "password": "teste",
            "administrador": "true",
            "_id": "FxBMCLty8jySZP22"
        },
        {
            "nome": "Fulano da Silva",
            "email": "vasm@emailteste.com",
            "password": "1234",
            "administrador": "true",
            "_id": "GCpN2ihUBADVFECo"
        },
        {
            "nome": "Fulano da Silva",
            "email": "juvo@emailteste.com",
            "password": "1234",
            "administrador": "true",
            "_id": "H7CG5GTrfZj2tn96"
        },
        {
            "nome": "Delma Welch",
            "email": "jermaine@rodriguez.com",
            "password": "teste",
            "administrador": "true",
            "_id": "IJG76Lf2CDJbbMsw"
        },
        {
            "nome": "Exemplo QvyWoqoUrwlllHQzHwOS",
            "email": "exemplo20570@hotmail.com",
            "password": "teste",
            "administrador": "true",
            "_id": "IPNUsHyVhp454cGG"
        },
        {
            "nome": "Fulano da Silva",
            "email": "xisn@emailteste.com",
            "password": "1234",
            "administrador": "true",
            "_id": "IPaJtKGqg7LbtiU8"
        },
        {
            "nome": "Fulano da Silva",
            "email": "jlnp@emailteste.com",
            "password": "1234",
            "administrador": "true",
            "_id": "J3UFFE8BkXHPl98Q"
        },
        {
            "nome": "Exemplo cV2NdMGFuBP7g6IjxSO9",
            "email": "exemplo38520@hotmail.com",
            "password": "teste",
            "administrador": "true",
            "_id": "JMC2uZ4PkrodEZsx"
        },
        {
            "nome": "Erasmo Greenfelder",
            "email": "gary@green.biz",
            "password": "teste",
            "administrador": "true",
            "_id": "L9YvsBccf96rb0IJ"
        },
        {
            "nome": "Fulano da Silva",
            "email": "dvrb@emailteste.com",
            "password": "1234",
            "administrador": "true",
            "_id": "LbqHhFaMoMXgzH6e"
        },
        {
            "nome": "Exemplo y8Vi0fzQWSxPmFBufSCa",
            "email": "exemplo38692@hotmail.com",
            "password": "teste",
            "administrador": "true",
            "_id": "LxmLtRl5ATwDdSNl"
        },
        {
            "nome": "batata",
            "email": "hayden_steuber@cartwright.info",
            "password": "teste",
            "administrador": "true",
            "_id": "MFX1zgBTAv3RdyAw"
        },
        {
            "nome": "Fulano da Silva",
            "email": "gzmi@emailteste.com",
            "password": "1234",
            "administrador": "true",
            "_id": "MVIuW7YbJau8fYqf"
        },
        {
            "nome": "Exemplo ljQudgVK4Ga69BFf0tCu",
            "email": "exemplo20866@hotmail.com",
            "password": "teste",
            "administrador": "true",
            "_id": "NlPhsEzSKmeRHI2f"
        },
        {
            "nome": "Exemplo t94YbT6aJM36VqxxCLsC",
            "email": "exemplo17537@hotmail.com",
            "password": "teste",
            "administrador": "true",
            "_id": "NobMSBGEj3fxxKna"
        },
        {
            "nome": "Exemplo Xj8qCRnDyaVIzw2JUVme",
            "email": "exemplo40666@hotmail.com",
            "password": "teste",
            "administrador": "true",
            "_id": "OqZHuvhXeIghCmqZ"
        },
        {
            "nome": "Alva Lockman VM",
            "email": "cyndy@stehr-kessler.org",
            "password": "teste",
            "administrador": "true",
            "_id": "QZPWUihL06UUtchr"
        },
        {
            "nome": "Twila Hessel",
            "email": "derek@frami-huel.info",
            "password": "teste",
            "administrador": "true",
            "_id": "VkpCmTunrhycBbfW"
        },
        {
            "nome": "Fulano da Silva",
            "email": "crhp@emailteste.com",
            "password": "1234",
            "administrador": "true",
            "_id": "WaqzREFowvCuPHI4"
        },
        {
            "nome": "Windows da Silva",
            "email": "fslffc@emailteste.com",
            "password": "15674",
            "administrador": "true",
            "_id": "XTwLaV0XfRxVQhUW"
        },
        {
            "nome": "Fulano da Silva",
            "email": "evlw@emailteste.com",
            "password": "1234",
            "administrador": "true",
            "_id": "XgZqO6TvbkxB0ZiZ"
        },
        {
            "nome": "Fulano da Silva",
            "email": "slqa@emailteste.com",
            "password": "1234",
            "administrador": "true",
            "_id": "ZDWAI2kyN4JNLHdV"
        },
        {
            "nome": "Keshia Sanford",
            "email": "antonio_gleason@abbott.biz",
            "password": "teste",
            "administrador": "true",
            "_id": "ZsGL8uPkee6KhzCc"
        },
        {
            "nome": "Fulano da Silva",
            "email": "qrzm@emailteste.com",
            "password": "1234",
            "administrador": "true",
            "_id": "dBt5B3uvz6v6XJ1Y"
        },
        {
            "nome": "Windows da Silva",
            "email": "guiwtc@emailteste.com",
            "password": "15674",
            "administrador": "true",
            "_id": "dYbAWCLodZs9INI4"
        },
        {
            "nome": "Exemplo TPTjZbIVN62pImWa033W",
            "email": "exemplo43422@hotmail.com",
            "password": "teste",
            "administrador": "true",
            "_id": "eREDLXOay3DZEYyh"
        },
        {
            "nome": "Day Pimenta",
            "email": "dayannemp@yahoo.com.br",
            "password": "1234567",
            "administrador": "true",
            "_id": "eaamiT5kJbihf0bZ"
        },
        {
            "nome": "Keisha Witting",
            "email": "alexandra.jakubowski@hirthe-wisoky.org",
            "password": "teste",
            "administrador": "true",
            "_id": "gUKn5J99Pi2FaKPZ"
        },
        {
            "nome": "Fulano da Silva",
            "email": "yrim@emailteste.com",
            "password": "1234",
            "administrador": "true",
            "_id": "iHBbR39t0ubzjbPq"
        },
        {
            "nome": "Windows da Silva",
            "email": "lliebv@emailteste.com",
            "password": "15674",
            "administrador": "true",
            "_id": "iv23MKIg4gCOCuqE"
        },
        {
            "nome": "Exemplo bEDatc3qqCzbIqr7vS4h",
            "email": "exemplo37341@hotmail.com",
            "password": "teste",
            "administrador": "true",
            "_id": "j87MEnEet90kwJqD"
        },
        {
            "nome": "{{generatedName}}",
            "email": "Abbigail.Purdy@example.org",
            "password": "teste",
            "administrador": "true",
            "_id": "jTe7D7OVhdK0Ggsf"
        },
        {
            "nome": "Ney Backes",
            "email": "fulaninho@qa.com",
            "password": "teste",
            "administrador": "false",
            "_id": "kEiVFG67Yv9B06nw"
        },
        {
            "nome": "Basil Renner",
            "email": "valentin_heathcote@parisian.com",
            "password": "teste",
            "administrador": "true",
            "_id": "ki... (set the log level to DEBUG or TRACE to see the full content) 
 </msg>
<msg timestamp="20230413 17:45:46.268" level="INFO">${response} = &lt;Response [200]&gt;</msg>
<status status="PASS" starttime="20230413 17:45:46.111" endtime="20230413 17:45:46.268"/>
</kw>
<kw name="Set Test Variable" library="BuiltIn">
<arg>${response}</arg>
<doc>Makes a variable available everywhere within the scope of the current test.</doc>
<msg timestamp="20230413 17:45:46.269" level="INFO">${response} = &lt;Response [200]&gt;</msg>
<status status="PASS" starttime="20230413 17:45:46.268" endtime="20230413 17:45:46.269"/>
</kw>
<status status="PASS" starttime="20230413 17:45:46.110" endtime="20230413 17:45:46.269"/>
</kw>
<kw name="Then the response status code should be 200" library="test_keywords_users" sourcename="Then the response status code should be ${status_code}">
<kw name="Should Be Equal As Numbers" library="BuiltIn">
<arg>${response.status_code}</arg>
<arg>${status_code}</arg>
<doc>Fails if objects are unequal after converting them to real numbers.</doc>
<msg timestamp="20230413 17:45:46.270" level="INFO">Argument types are:
&lt;class 'int'&gt;
&lt;class 'str'&gt;</msg>
<status status="PASS" starttime="20230413 17:45:46.269" endtime="20230413 17:45:46.270"/>
</kw>
<kw name="Should Be True" library="BuiltIn">
<arg>${response.json()}</arg>
<doc>Fails if the given condition is not true.</doc>
<status status="PASS" starttime="20230413 17:45:46.270" endtime="20230413 17:45:46.271"/>
</kw>
<status status="PASS" starttime="20230413 17:45:46.269" endtime="20230413 17:45:46.271"/>
</kw>
<kw name="And the response body should not be empty" library="test_keywords_users">
<kw name="Should Not Be Empty" library="BuiltIn">
<arg>${response.json()}</arg>
<doc>Verifies that the given item is not empty.</doc>
<msg timestamp="20230413 17:45:46.272" level="INFO">Length is 2</msg>
<status status="PASS" starttime="20230413 17:45:46.271" endtime="20230413 17:45:46.272"/>
</kw>
<status status="PASS" starttime="20230413 17:45:46.271" endtime="20230413 17:45:46.272"/>
</kw>
<status status="PASS" starttime="20230413 17:45:46.108" endtime="20230413 17:45:46.272"/>
</test>
<test id="s1-s1-s1-s1-t2" name="Scenario: Create a new user" line="15">
<kw name="Before Tests" library="test_keywords_common" type="SETUP">
<kw name="Create Session" library="RequestsLibrary">
<arg>serverest</arg>
<arg>${SERVER_BASE_URL}</arg>
<arg>disable_warnings=True</arg>
<doc>Create Session: create a HTTP session to a server</doc>
<msg timestamp="20230413 17:45:46.273" level="INFO">Creating Session using : alias=serverest, url=https://serverest.dev, headers={},                     cookies={}, auth=None, timeout=None, proxies=None, verify=False,                     debug=0 </msg>
<status status="PASS" starttime="20230413 17:45:46.273" endtime="20230413 17:45:46.274"/>
</kw>
<status status="PASS" starttime="20230413 17:45:46.273" endtime="20230413 17:45:46.274"/>
</kw>
<kw name="Given I have a valid user data" library="test_keywords_users">
<kw name="Name" library="FakerLibrary">
<var>${name}</var>
<doc>:example 'John Doe'</doc>
<msg timestamp="20230413 17:45:46.275" level="INFO">${name} = Emily Young</msg>
<status status="PASS" starttime="20230413 17:45:46.274" endtime="20230413 17:45:46.275"/>
</kw>
<kw name="Email" library="FakerLibrary">
<var>${email}</var>
<msg timestamp="20230413 17:45:46.275" level="INFO">${email} = isaacjohnson@example.com</msg>
<status status="PASS" starttime="20230413 17:45:46.275" endtime="20230413 17:45:46.275"/>
</kw>
<kw name="Password" library="FakerLibrary">
<var>${password}</var>
<doc>Generate a random password of the specified ``length``.</doc>
<msg timestamp="20230413 17:45:46.275" level="INFO">${password} = 1$k7HFkwGa</msg>
<status status="PASS" starttime="20230413 17:45:46.275" endtime="20230413 17:45:46.275"/>
</kw>
<kw name="Set Suite Variable" library="BuiltIn">
<arg>${name}</arg>
<doc>Makes a variable available everywhere within the scope of the current suite.</doc>
<msg timestamp="20230413 17:45:46.276" level="INFO">${name} = Emily Young</msg>
<status status="PASS" starttime="20230413 17:45:46.276" endtime="20230413 17:45:46.276"/>
</kw>
<kw name="Set Suite Variable" library="BuiltIn">
<arg>${email}</arg>
<doc>Makes a variable available everywhere within the scope of the current suite.</doc>
<msg timestamp="20230413 17:45:46.276" level="INFO">${email} = isaacjohnson@example.com</msg>
<status status="PASS" starttime="20230413 17:45:46.276" endtime="20230413 17:45:46.276"/>
</kw>
<kw name="Set Suite Variable" library="BuiltIn">
<arg>${password}</arg>
<doc>Makes a variable available everywhere within the scope of the current suite.</doc>
<msg timestamp="20230413 17:45:46.276" level="INFO">${password} = 1$k7HFkwGa</msg>
<status status="PASS" starttime="20230413 17:45:46.276" endtime="20230413 17:45:46.276"/>
</kw>
<status status="PASS" starttime="20230413 17:45:46.274" endtime="20230413 17:45:46.277"/>
</kw>
<kw name="When I create the user" library="test_keywords_users">
<kw name="Create Dictionary" library="BuiltIn">
<var>${payload}</var>
<arg>nome=${name}</arg>
<arg>email=${email}</arg>
<arg>password=${password}</arg>
<arg>administrador=false</arg>
<doc>Creates and returns a dictionary based on the given ``items``.</doc>
<msg timestamp="20230413 17:45:46.278" level="INFO">${payload} = {'nome': 'Emily Young', 'email': 'isaacjohnson@example.com', 'password': '1$k7HFkwGa', 'administrador': 'false'}</msg>
<status status="PASS" starttime="20230413 17:45:46.277" endtime="20230413 17:45:46.278"/>
</kw>
<kw name="Create Dictionary" library="BuiltIn">
<var>${headers}</var>
<arg>Content-Type=application/json</arg>
<doc>Creates and returns a dictionary based on the given ``items``.</doc>
<msg timestamp="20230413 17:45:46.278" level="INFO">${headers} = {'Content-Type': 'application/json'}</msg>
<status status="PASS" starttime="20230413 17:45:46.278" endtime="20230413 17:45:46.278"/>
</kw>
<kw name="POST On Session" library="RequestsLibrary">
<var>${response}</var>
<arg>serverest</arg>
<arg>${USERS_API_ENDPOINT}</arg>
<arg>json=${payload}</arg>
<arg>headers=${headers}</arg>
<doc>Sends a POST request on a previously created HTTP Session.</doc>
<msg timestamp="20230413 17:45:46.359" level="INFO">POST Request : url=https://serverest.dev/usuarios 
 path_url=/usuarios 
 headers={'User-Agent': 'python-requests/2.28.2', 'Accept-Encoding': 'gzip, deflate', 'Accept': '*/*', 'Connection': 'keep-alive', 'Content-Type': 'application/json', 'Content-Length': '112'} 
 body=b'{"nome": "Emily Young", "email": "isaacjohnson@example.com", "password": "1$k7HFkwGa", "administrador": "false"}' 
 </msg>
<msg timestamp="20230413 17:45:46.359" level="INFO">POST Response : url=https://serverest.dev/usuarios 
 status=201, reason=Created 
 headers={'access-control-allow-origin': '*', 'x-dns-prefetch-control': 'off', 'x-frame-options': 'SAMEORIGIN', 'strict-transport-security': 'max-age=15552000; includeSubDomains', 'x-download-options': 'noopen', 'x-content-type-options': 'nosniff', 'x-xss-protection': '1; mode=block', 'x-moesif-transaction-id': '4c9af82c-2616-4984-8ced-b7aeafa4bfd0', 'content-type': 'application/json; charset=utf-8', 'X-Cloud-Trace-Context': 'db9c5d2e3583196fc7daeaa7624d2d84', 'Date': 'Thu, 13 Apr 2023 17:45:46 GMT', 'Server': 'Google Frontend', 'Content-Length': '82'} 
 body={
    "message": "Cadastro realizado com sucesso",
    "_id": "rg6g8wqERhCo6sRN"
} 
 </msg>
<msg timestamp="20230413 17:45:46.360" level="INFO">${response} = &lt;Response [201]&gt;</msg>
<status status="PASS" starttime="20230413 17:45:46.278" endtime="20230413 17:45:46.360"/>
</kw>
<kw name="Set Variable" library="BuiltIn">
<var>${user_id}</var>
<arg>${response.json()['_id']}</arg>
<doc>Returns the given values which can then be assigned to a variables.</doc>
<msg timestamp="20230413 17:45:46.361" level="INFO">${user_id} = rg6g8wqERhCo6sRN</msg>
<status status="PASS" starttime="20230413 17:45:46.360" endtime="20230413 17:45:46.361"/>
</kw>
<kw name="Set Global Variable" library="BuiltIn">
<arg>${USER_ID}</arg>
<arg>${user_id}</arg>
<doc>Makes a variable available globally in all tests and suites.</doc>
<msg timestamp="20230413 17:45:46.361" level="INFO">${USER_ID} = rg6g8wqERhCo6sRN</msg>
<status status="PASS" starttime="20230413 17:45:46.361" endtime="20230413 17:45:46.361"/>
</kw>
<kw name="Set Test Variable" library="BuiltIn">
<arg>${response}</arg>
<doc>Makes a variable available everywhere within the scope of the current test.</doc>
<msg timestamp="20230413 17:45:46.361" level="INFO">${response} = &lt;Response [201]&gt;</msg>
<status status="PASS" starttime="20230413 17:45:46.361" endtime="20230413 17:45:46.362"/>
</kw>
<status status="PASS" starttime="20230413 17:45:46.277" endtime="20230413 17:45:46.362"/>
</kw>
<kw name="Then the response status code should be 201" library="test_keywords_users" sourcename="Then the response status code should be ${status_code}">
<kw name="Should Be Equal As Numbers" library="BuiltIn">
<arg>${response.status_code}</arg>
<arg>${status_code}</arg>
<doc>Fails if objects are unequal after converting them to real numbers.</doc>
<msg timestamp="20230413 17:45:46.363" level="INFO">Argument types are:
&lt;class 'int'&gt;
&lt;class 'str'&gt;</msg>
<status status="PASS" starttime="20230413 17:45:46.362" endtime="20230413 17:45:46.363"/>
</kw>
<kw name="Should Be True" library="BuiltIn">
<arg>${response.json()}</arg>
<doc>Fails if the given condition is not true.</doc>
<status status="PASS" starttime="20230413 17:45:46.363" endtime="20230413 17:45:46.363"/>
</kw>
<status status="PASS" starttime="20230413 17:45:46.362" endtime="20230413 17:45:46.363"/>
</kw>
<kw name="And the response body should not be empty" library="test_keywords_users">
<kw name="Should Not Be Empty" library="BuiltIn">
<arg>${response.json()}</arg>
<doc>Verifies that the given item is not empty.</doc>
<msg timestamp="20230413 17:45:46.364" level="INFO">Length is 2</msg>
<status status="PASS" starttime="20230413 17:45:46.364" endtime="20230413 17:45:46.364"/>
</kw>
<status status="PASS" starttime="20230413 17:45:46.364" endtime="20230413 17:45:46.364"/>
</kw>
<status status="PASS" starttime="20230413 17:45:46.273" endtime="20230413 17:45:46.365"/>
</test>
<test id="s1-s1-s1-s1-t3" name="Scenario: Get a specific user informations" line="21">
<kw name="Before Tests" library="test_keywords_common" type="SETUP">
<kw name="Create Session" library="RequestsLibrary">
<arg>serverest</arg>
<arg>${SERVER_BASE_URL}</arg>
<arg>disable_warnings=True</arg>
<doc>Create Session: create a HTTP session to a server</doc>
<msg timestamp="20230413 17:45:46.366" level="INFO">Creating Session using : alias=serverest, url=https://serverest.dev, headers={},                     cookies={}, auth=None, timeout=None, proxies=None, verify=False,                     debug=0 </msg>
<status status="PASS" starttime="20230413 17:45:46.365" endtime="20230413 17:45:46.366"/>
</kw>
<status status="PASS" starttime="20230413 17:45:46.365" endtime="20230413 17:45:46.366"/>
</kw>
<kw name="When I request the created user" library="test_keywords_users">
<kw name="GET On Session" library="RequestsLibrary">
<var>${response}</var>
<arg>serverest</arg>
<arg>${USERS_API_ENDPOINT}/${USER_ID}</arg>
<doc>Sends a GET request on a previously created HTTP Session.</doc>
<msg timestamp="20230413 17:45:46.436" level="INFO">GET Request : url=https://serverest.dev/usuarios/rg6g8wqERhCo6sRN 
 path_url=/usuarios/rg6g8wqERhCo6sRN 
 headers={'User-Agent': 'python-requests/2.28.2', 'Accept-Encoding': 'gzip, deflate', 'Accept': '*/*', 'Connection': 'keep-alive'} 
 body=None 
 </msg>
<msg timestamp="20230413 17:45:46.437" level="INFO">GET Response : url=https://serverest.dev/usuarios/rg6g8wqERhCo6sRN 
 status=200, reason=OK 
 headers={'access-control-allow-origin': '*', 'x-dns-prefetch-control': 'off', 'x-frame-options': 'SAMEORIGIN', 'strict-transport-security': 'max-age=15552000; includeSubDomains', 'x-download-options': 'noopen', 'x-content-type-options': 'nosniff', 'x-xss-protection': '1; mode=block', 'x-moesif-transaction-id': '2f26fbb7-d113-4070-9d52-a2c1f527574d', 'content-type': 'application/json; charset=utf-8', 'X-Cloud-Trace-Context': '805bec188a95df23cff20e6291706a3e', 'Date': 'Thu, 13 Apr 2023 17:45:46 GMT', 'Server': 'Google Frontend', 'Content-Length': '161'} 
 body={
    "nome": "Emily Young",
    "email": "isaacjohnson@example.com",
    "password": "1$k7HFkwGa",
    "administrador": "false",
    "_id": "rg6g8wqERhCo6sRN"
} 
 </msg>
<msg timestamp="20230413 17:45:46.437" level="INFO">${response} = &lt;Response [200]&gt;</msg>
<status status="PASS" starttime="20230413 17:45:46.367" endtime="20230413 17:45:46.437"/>
</kw>
<kw name="Set Test Variable" library="BuiltIn">
<arg>${response}</arg>
<doc>Makes a variable available everywhere within the scope of the current test.</doc>
<msg timestamp="20230413 17:45:46.437" level="INFO">${response} = &lt;Response [200]&gt;</msg>
<status status="PASS" starttime="20230413 17:45:46.437" endtime="20230413 17:45:46.437"/>
</kw>
<status status="PASS" starttime="20230413 17:45:46.366" endtime="20230413 17:45:46.437"/>
</kw>
<kw name="Then the response status code should be 200" library="test_keywords_users" sourcename="Then the response status code should be ${status_code}">
<kw name="Should Be Equal As Numbers" library="BuiltIn">
<arg>${response.status_code}</arg>
<arg>${status_code}</arg>
<doc>Fails if objects are unequal after converting them to real numbers.</doc>
<msg timestamp="20230413 17:45:46.438" level="INFO">Argument types are:
&lt;class 'int'&gt;
&lt;class 'str'&gt;</msg>
<status status="PASS" starttime="20230413 17:45:46.438" endtime="20230413 17:45:46.439"/>
</kw>
<kw name="Should Be True" library="BuiltIn">
<arg>${response.json()}</arg>
<doc>Fails if the given condition is not true.</doc>
<status status="PASS" starttime="20230413 17:45:46.439" endtime="20230413 17:45:46.439"/>
</kw>
<status status="PASS" starttime="20230413 17:45:46.438" endtime="20230413 17:45:46.439"/>
</kw>
<kw name="And the response body should not be empty" library="test_keywords_users">
<kw name="Should Not Be Empty" library="BuiltIn">
<arg>${response.json()}</arg>
<doc>Verifies that the given item is not empty.</doc>
<msg timestamp="20230413 17:45:46.440" level="INFO">Length is 5</msg>
<status status="PASS" starttime="20230413 17:45:46.440" endtime="20230413 17:45:46.440"/>
</kw>
<status status="PASS" starttime="20230413 17:45:46.439" endtime="20230413 17:45:46.440"/>
</kw>
<status status="PASS" starttime="20230413 17:45:46.365" endtime="20230413 17:45:46.441"/>
</test>
<test id="s1-s1-s1-s1-t4" name="Scenario: Update the created user" line="26">
<kw name="Before Tests" library="test_keywords_common" type="SETUP">
<kw name="Create Session" library="RequestsLibrary">
<arg>serverest</arg>
<arg>${SERVER_BASE_URL}</arg>
<arg>disable_warnings=True</arg>
<doc>Create Session: create a HTTP session to a server</doc>
<msg timestamp="20230413 17:45:46.442" level="INFO">Creating Session using : alias=serverest, url=https://serverest.dev, headers={},                     cookies={}, auth=None, timeout=None, proxies=None, verify=False,                     debug=0 </msg>
<status status="PASS" starttime="20230413 17:45:46.441" endtime="20230413 17:45:46.442"/>
</kw>
<status status="PASS" starttime="20230413 17:45:46.441" endtime="20230413 17:45:46.442"/>
</kw>
<kw name="When I update the created user" library="test_keywords_users">
<kw name="Create Dictionary" library="BuiltIn">
<var>${payload}</var>
<arg>nome=John Smith</arg>
<arg>email=john.smith@example.com</arg>
<arg>password=P@ssw0rd123</arg>
<arg>administrador=false</arg>
<doc>Creates and returns a dictionary based on the given ``items``.</doc>
<msg timestamp="20230413 17:45:46.443" level="INFO">${payload} = {'nome': 'John Smith', 'email': 'john.smith@example.com', 'password': 'P@ssw0rd123', 'administrador': 'false'}</msg>
<status status="PASS" starttime="20230413 17:45:46.443" endtime="20230413 17:45:46.443"/>
</kw>
<kw name="Create Dictionary" library="BuiltIn">
<var>${headers}</var>
<arg>Content-Type=application/json</arg>
<doc>Creates and returns a dictionary based on the given ``items``.</doc>
<msg timestamp="20230413 17:45:46.443" level="INFO">${headers} = {'Content-Type': 'application/json'}</msg>
<status status="PASS" starttime="20230413 17:45:46.443" endtime="20230413 17:45:46.443"/>
</kw>
<kw name="PUT On Session" library="RequestsLibrary">
<var>${response}</var>
<arg>serverest</arg>
<arg>${USERS_API_ENDPOINT}/${USER_ID}</arg>
<arg>json=${payload}</arg>
<arg>headers=${headers}</arg>
<doc>Sends a PUT request on a previously created HTTP Session.</doc>
<msg timestamp="20230413 17:45:46.516" level="INFO">PUT Request : url=https://serverest.dev/usuarios/rg6g8wqERhCo6sRN 
 path_url=/usuarios/rg6g8wqERhCo6sRN 
 headers={'User-Agent': 'python-requests/2.28.2', 'Accept-Encoding': 'gzip, deflate', 'Accept': '*/*', 'Connection': 'keep-alive', 'Content-Type': 'application/json', 'Content-Length': '110'} 
 body=b'{"nome": "John Smith", "email": "john.smith@example.com", "password": "P@ssw0rd123", "administrador": "false"}' 
 </msg>
<msg timestamp="20230413 17:45:46.516" level="INFO">PUT Response : url=https://serverest.dev/usuarios/rg6g8wqERhCo6sRN 
 status=200, reason=OK 
 headers={'access-control-allow-origin': '*', 'x-dns-prefetch-control': 'off', 'x-frame-options': 'SAMEORIGIN', 'strict-transport-security': 'max-age=15552000; includeSubDomains', 'x-download-options': 'noopen', 'x-content-type-options': 'nosniff', 'x-xss-protection': '1; mode=block', 'x-moesif-transaction-id': '149587d9-079c-4295-ae36-6765026afba9', 'content-type': 'application/json; charset=utf-8', 'X-Cloud-Trace-Context': 'c1841e6c192b979a4493a19b7e4c722f', 'Date': 'Thu, 13 Apr 2023 17:45:46 GMT', 'Server': 'Google Frontend', 'Content-Length': '50'} 
 body={
    "message": "Registro alterado com sucesso"
} 
 </msg>
<msg timestamp="20230413 17:45:46.516" level="INFO">${response} = &lt;Response [200]&gt;</msg>
<status status="PASS" starttime="20230413 17:45:46.443" endtime="20230413 17:45:46.516"/>
</kw>
<kw name="Set Test Variable" library="BuiltIn">
<arg>${response}</arg>
<doc>Makes a variable available everywhere within the scope of the current test.</doc>
<msg timestamp="20230413 17:45:46.517" level="INFO">${response} = &lt;Response [200]&gt;</msg>
<status status="PASS" starttime="20230413 17:45:46.516" endtime="20230413 17:45:46.517"/>
</kw>
<status status="PASS" starttime="20230413 17:45:46.442" endtime="20230413 17:45:46.517"/>
</kw>
<kw name="Then the response status code should be 200" library="test_keywords_users" sourcename="Then the response status code should be ${status_code}">
<kw name="Should Be Equal As Numbers" library="BuiltIn">
<arg>${response.status_code}</arg>
<arg>${status_code}</arg>
<doc>Fails if objects are unequal after converting them to real numbers.</doc>
<msg timestamp="20230413 17:45:46.518" level="INFO">Argument types are:
&lt;class 'int'&gt;
&lt;class 'str'&gt;</msg>
<status status="PASS" starttime="20230413 17:45:46.517" endtime="20230413 17:45:46.518"/>
</kw>
<kw name="Should Be True" library="BuiltIn">
<arg>${response.json()}</arg>
<doc>Fails if the given condition is not true.</doc>
<status status="PASS" starttime="20230413 17:45:46.518" endtime="20230413 17:45:46.519"/>
</kw>
<status status="PASS" starttime="20230413 17:45:46.517" endtime="20230413 17:45:46.519"/>
</kw>
<kw name="And the response body should not be empty" library="test_keywords_users">
<kw name="Should Not Be Empty" library="BuiltIn">
<arg>${response.json()}</arg>
<doc>Verifies that the given item is not empty.</doc>
<msg timestamp="20230413 17:45:46.520" level="INFO">Length is 1</msg>
<status status="PASS" starttime="20230413 17:45:46.519" endtime="20230413 17:45:46.520"/>
</kw>
<status status="PASS" starttime="20230413 17:45:46.519" endtime="20230413 17:45:46.520"/>
</kw>
<status status="PASS" starttime="20230413 17:45:46.441" endtime="20230413 17:45:46.520"/>
</test>
<test id="s1-s1-s1-s1-t5" name="Scenario: Delete the created user" line="31">
<kw name="Before Tests" library="test_keywords_common" type="SETUP">
<kw name="Create Session" library="RequestsLibrary">
<arg>serverest</arg>
<arg>${SERVER_BASE_URL}</arg>
<arg>disable_warnings=True</arg>
<doc>Create Session: create a HTTP session to a server</doc>
<msg timestamp="20230413 17:45:46.521" level="INFO">Creating Session using : alias=serverest, url=https://serverest.dev, headers={},                     cookies={}, auth=None, timeout=None, proxies=None, verify=False,                     debug=0 </msg>
<status status="PASS" starttime="20230413 17:45:46.521" endtime="20230413 17:45:46.521"/>
</kw>
<status status="PASS" starttime="20230413 17:45:46.521" endtime="20230413 17:45:46.521"/>
</kw>
<kw name="When I delete the created user" library="test_keywords_users">
<kw name="DELETE On Session" library="RequestsLibrary">
<var>${response}</var>
<arg>serverest</arg>
<arg>${USERS_API_ENDPOINT}/${USER_ID}</arg>
<doc>Sends a DELETE request on a previously created HTTP Session.</doc>
<msg timestamp="20230413 17:45:46.591" level="INFO">DELETE Request : url=https://serverest.dev/usuarios/rg6g8wqERhCo6sRN 
 path_url=/usuarios/rg6g8wqERhCo6sRN 
 headers={'User-Agent': 'python-requests/2.28.2', 'Accept-Encoding': 'gzip, deflate', 'Accept': '*/*', 'Connection': 'keep-alive', 'Content-Length': '0'} 
 body=None 
 </msg>
<msg timestamp="20230413 17:45:46.591" level="INFO">DELETE Response : url=https://serverest.dev/usuarios/rg6g8wqERhCo6sRN 
 status=200, reason=OK 
 headers={'access-control-allow-origin': '*', 'x-dns-prefetch-control': 'off', 'x-frame-options': 'SAMEORIGIN', 'strict-transport-security': 'max-age=15552000; includeSubDomains', 'x-download-options': 'noopen', 'x-content-type-options': 'nosniff', 'x-xss-protection': '1; mode=block', 'x-moesif-transaction-id': '961dc885-ddb3-4b69-94ed-01a84516cb3d', 'content-type': 'application/json; charset=utf-8', 'X-Cloud-Trace-Context': 'f004c48e6ddc2aa187fc8dbfab60b3da', 'Date': 'Thu, 13 Apr 2023 17:45:46 GMT', 'Server': 'Google Frontend', 'Content-Length': '51'} 
 body={
    "message": "Registro excluído com sucesso"
} 
 </msg>
<msg timestamp="20230413 17:45:46.591" level="INFO">${response} = &lt;Response [200]&gt;</msg>
<status status="PASS" starttime="20230413 17:45:46.522" endtime="20230413 17:45:46.591"/>
</kw>
<kw name="Set Test Variable" library="BuiltIn">
<arg>${response}</arg>
<doc>Makes a variable available everywhere within the scope of the current test.</doc>
<msg timestamp="20230413 17:45:46.592" level="INFO">${response} = &lt;Response [200]&gt;</msg>
<status status="PASS" starttime="20230413 17:45:46.591" endtime="20230413 17:45:46.592"/>
</kw>
<status status="PASS" starttime="20230413 17:45:46.522" endtime="20230413 17:45:46.592"/>
</kw>
<kw name="Then the response status code should be 200" library="test_keywords_users" sourcename="Then the response status code should be ${status_code}">
<kw name="Should Be Equal As Numbers" library="BuiltIn">
<arg>${response.status_code}</arg>
<arg>${status_code}</arg>
<doc>Fails if objects are unequal after converting them to real numbers.</doc>
<msg timestamp="20230413 17:45:46.593" level="INFO">Argument types are:
&lt;class 'int'&gt;
&lt;class 'str'&gt;</msg>
<status status="PASS" starttime="20230413 17:45:46.592" endtime="20230413 17:45:46.593"/>
</kw>
<kw name="Should Be True" library="BuiltIn">
<arg>${response.json()}</arg>
<doc>Fails if the given condition is not true.</doc>
<status status="PASS" starttime="20230413 17:45:46.593" endtime="20230413 17:45:46.594"/>
</kw>
<status status="PASS" starttime="20230413 17:45:46.592" endtime="20230413 17:45:46.594"/>
</kw>
<kw name="And the response body should not be empty" library="test_keywords_users">
<kw name="Should Not Be Empty" library="BuiltIn">
<arg>${response.json()}</arg>
<doc>Verifies that the given item is not empty.</doc>
<msg timestamp="20230413 17:45:46.595" level="INFO">Length is 1</msg>
<status status="PASS" starttime="20230413 17:45:46.594" endtime="20230413 17:45:46.595"/>
</kw>
<status status="PASS" starttime="20230413 17:45:46.594" endtime="20230413 17:45:46.595"/>
</kw>
<status status="PASS" starttime="20230413 17:45:46.520" endtime="20230413 17:45:46.595"/>
</test>
<status status="PASS" starttime="20230413 17:45:45.795" endtime="20230413 17:45:46.596"/>
</suite>
<status status="PASS" starttime="20230413 17:45:45.793" endtime="20230413 17:45:46.596"/>
</suite>
<status status="PASS" starttime="20230413 17:45:45.792" endtime="20230413 17:45:46.597"/>
</suite>
<status status="PASS" starttime="20230413 17:45:45.772" endtime="20230413 17:45:46.598"/>
</suite>
<statistics>
<total>
<stat pass="5" fail="0" skip="0">All Tests</stat>
</total>
<tag>
</tag>
<suite>
<stat pass="5" fail="0" skip="0" id="s1" name="Tests">Tests</stat>
<stat pass="5" fail="0" skip="0" id="s1-s1" name="Api">Tests.Api</stat>
<stat pass="5" fail="0" skip="0" id="s1-s1-s1" name="Users">Tests.Api.Users</stat>
<stat pass="5" fail="0" skip="0" id="s1-s1-s1-s1" name="Test Api Users">Tests.Api.Users.Test Api Users</stat>
</suite>
</statistics>
<errors>
</errors>
</robot>
