<?xml version="1.0" encoding="UTF-8"?>
<robot generator="Robot 7.0 (Python 3.8.18 on linux)" generated="2024-02-06T00:10:04.959061" rpa="false" schemaversion="5">
<suite id="s1" name="Tests" source="/home/runner/work/gen-ai-robot-test/gen-ai-robot-test/tests">
<suite id="s1-s1" name="Api" source="/home/runner/work/gen-ai-robot-test/gen-ai-robot-test/tests/api">
<suite id="s1-s1-s1" name="Test Api Users" source="/home/runner/work/gen-ai-robot-test/gen-ai-robot-test/tests/api/test_api_users.robot">
<test id="s1-s1-s1-t1" name="Scenario: Get all registered users" line="9">
<kw name="Before Tests" owner="test_keywords_common" type="SETUP">
<kw name="Create Session" owner="RequestsLibrary">
<msg time="2024-02-06T00:10:05.367430" level="INFO">Creating Session using : alias=serverest, url=https://serverest.dev, headers={},                     cookies={}, auth=None, timeout=None, proxies=None, verify=False,                     debug=0 </msg>
<arg>serverest</arg>
<arg>${SERVER_BASE_URL}</arg>
<arg>disable_warnings=True</arg>
<doc>Create Session: create a HTTP session to a server</doc>
<status status="PASS" start="2024-02-06T00:10:05.367109" elapsed="0.000609"/>
</kw>
<status status="PASS" start="2024-02-06T00:10:05.365877" elapsed="0.001954"/>
</kw>
<kw name="When I request the list of all registered users" owner="test_keywords_users">
<kw name="GET On Session" owner="RequestsLibrary">
<msg time="2024-02-06T00:10:05.512003" level="INFO">GET Request : url=https://serverest.dev/usuarios 
 path_url=/usuarios 
 headers={'User-Agent': 'python-requests/2.31.0', 'Accept-Encoding': 'gzip, deflate', 'Accept': '*/*', 'Connection': 'keep-alive'} 
 body=None 
 </msg>
<msg time="2024-02-06T00:10:05.512128" level="INFO">GET Response : url=https://serverest.dev/usuarios 
 status=200, reason=OK 
 headers={'access-control-allow-origin': '*', 'x-dns-prefetch-control': 'off', 'x-frame-options': 'SAMEORIGIN', 'strict-transport-security': 'max-age=15552000; includeSubDomains', 'x-download-options': 'noopen', 'x-content-type-options': 'nosniff', 'x-xss-protection': '1; mode=block', 'content-type': 'application/json; charset=utf-8', 'X-Cloud-Trace-Context': 'ece2d4da1668d67bbbffd828667249e6;o=1', 'Date': 'Tue, 06 Feb 2024 00:10:05 GMT', 'Server': 'Google Frontend', 'Content-Length': '26729'} 
 body={
    "quantidade": 126,
    "usuarios": [
        {
            "nome": "Alan Machado",
            "email": "ovbx@email.teste.com",
            "password": "1234",
            "administrador": "true",
            "_id": "0kpWeZ3aKZc5SVcv"
        },
        {
            "nome": "Fulano da Silva",
            "email": "amado.stanton@gmail.com",
            "password": "teste",
            "administrador": "true",
            "_id": "0zAqvLXXZ4aDCMyw"
        },
        {
            "nome": "Beltrado da Silva",
            "email": "bokalugp@emailteste.com",
            "password": "1234",
            "administrador": "true",
            "_id": "16iumogbEqPzTGgq"
        },
        {
            "nome": "Fulano da Silva",
            "email": "Charlie@gmail.com",
            "password": "teste",
            "administrador": "true",
            "_id": "1FNp3by83l3zvPaU"
        },
        {
            "nome": "Melanie Hamilton",
            "email": "jallen@example.com",
            "password": "qCiZ$iD|=l()",
            "administrador": "true",
            "_id": "1McoSUi5PZfOm6dU"
        },
        {
            "nome": "Alan Machado",
            "email": "ufck@email.teste.com",
            "password": "1234",
            "administrador": "true",
            "_id": "2Dci7wyBl2NlISJw"
        },
        {
            "nome": "Anselmo Oliveira",
            "email": "dgutierrez@example.org",
            "password": "123456",
            "administrador": "true",
            "_id": "2HcWakbcvNtSCqE5"
        },
        {
            "nome": "Nome de teste",
            "email": "fald@teste.com",
            "password": "teste123",
            "administrador": "true",
            "_id": "2LPn8T09PB15HsW9"
        },
        {
            "nome": "Joshua Bailey",
            "email": "matthew60@example.org",
            "password": "Kan(XWv&amp;$H!M",
            "administrador": "true",
            "_id": "2W6dmH6iShI0g2iJ"
        },
        {
            "nome": "Nome de teste",
            "email": "vbwb@teste.com",
            "password": "teste123",
            "administrador": "true",
            "_id": "4mxhr5ElQPPFj2Gk"
        },
        {
            "nome": "Donald West",
            "email": "michael32@example.com",
            "password": "%VjgS&amp;?&amp;T&gt;\\;",
            "administrador": "true",
            "_id": "5XZNN2hMoYIHKcmh"
        },
        {
            "nome": "Ana Luiza Cardoso",
            "email": "zgoncalves@example.com",
            "password": "+dH3)1Vs+q",
            "administrador": "false",
            "_id": "6VhgM6k42jIRF47c"
        },
        {
            "nome": "João Guilherme Vieira",
            "email": "fcostela@example.org",
            "password": "^_Qjr2S0_7",
            "administrador": "false",
            "_id": "7L6wje5zZpBTaauM"
        },
        {
            "nome": "Alan Machado",
            "email": "sowd@email.teste.com",
            "password": "1234",
            "administrador": "true",
            "_id": "7OSoWQxiDKYn4h3Y"
        },
        {
            "nome": "Robert Smith",
            "email": "alyssagardner@example.net",
            "password": "X^I5og*L\\es-",
            "administrador": "true",
            "_id": "7nLI6CKWVpnCPh1I"
        },
        {
            "nome": "Fulano da Silva",
            "email": "beltrano@qa.com.br",
            "password": "teste",
            "administrador": "true",
            "_id": "8SvBQCGJjzUWWO0T"
        },
        {
            "nome": "AAaaaa",
            "email": "teste500@teste.com",
            "password": "a",
            "administrador": "true",
            "_id": "8gr1rm6qYyimakRq"
        },
        {
            "nome": "Fulano da Silva",
            "email": "roberta.romaguera@gmail.com",
            "password": "teste",
            "administrador": "true",
            "_id": "8yUHa9LiCP34cNc5"
        },
        {
            "nome": "Ciclano da Silva",
            "email": "vlmbdzyl@emailteste.com",
            "password": "123456",
            "administrador": "true",
            "_id": "9YZ9yFmGeaPcGbKI"
        },
        {
            "nome": "Teste",
            "email": "zhumpd@mail.com",
            "password": "123",
            "administrador": "true",
            "_id": "9ni86C8sUerwuY2P"
        },
        {
            "nome": "Fulano da Silva",
            "email": "qits@emailteste.com",
            "password": "1234",
            "administrador": "true",
            "_id": "A0SHRUo3tWcA26gE"
        },
        {
            "nome": "Anthony Wells",
            "email": "vernon64@example.com",
            "password": "457\\$WEqOwk{",
            "administrador": "true",
            "_id": "ABBAyQ2tppFqo4oI"
        },
        {
            "nome": "Emanuella Teixeira",
            "email": "rezendeerick@example.net",
            "password": "!u8IVgee*+",
            "administrador": "true",
            "_id": "AZJPR6byyt04Lwdq"
        },
        {
            "nome": "Teste",
            "email": "tjuciy@mail.com",
            "password": "123",
            "administrador": "true",
            "_id": "ApMPfE952fHI5XRe"
        },
        {
            "nome": "Alan Machado",
            "email": "imfj@email.teste.com",
            "password": "1234",
            "administrador": "true",
            "_id": "BpgYQ5rnfPOmjeg1"
        },
        {
            "nome": "Fulano da Silva",
            "email": "pzvc@emailteste.com",
            "password": "1234",
            "administrador": "true",
            "_id": "DQYcInjlcrWhgAQs"
        },
        {
            "nome": "Alan Machado",
            "email": "lqaa@email.teste.com",
            "password": "1234",
            "administrador": "true",
            "_id": "Efz24LsMCuSzOVqa"
        },
        {
            "nome": "Sudha",
            "email": "sudha.gatty@example.com",
            "password": "brucelee",
            "administrador": "true",
            "_id": "FOunwTjILKWfm3VK"
        },
        {
            "nome": "teste",
            "email": "teste2@testee.com.br",
            "password": "123456",
            "administrador": "true",
            "_id": "Ff5TtsPIybtXHl5Q"
        },
        {
            "nome": "Alan Machado",
            "email": "vjyy@email.teste.com",
            "password": "1234",
            "administrador": "true",
            "_id": "GTnxpwKqgiAGA2Bq"
        },
        {
            "nome": "Teste",
            "email": "wesodu@mail.com",
            "password": "123",
            "administrador": "true",
            "_id": "Gi9x04uae2GnmCNs"
        },
        {
            "nome": "Fulano da Silva",
            "email": "boris@gmail.com",
            "password": "teste",
            "administrador": "true",
            "_id": "H0ChFSkgZTpbBqQY"
        },
        {
            "nome": "Nágella Nasser",
            "email": "nagella.nasser@iteris.com.br",
            "password": "teste",
            "administrador": "true",
            "_id": "HR92lGScocHpldQQ"
        },
        {
            "nome": "Automação",
            "email": "automacao@teste.com",
            "password": "123456",
            "administrador": "true",
            "_id": "HbVsC0RLdLqGiOBl"
        },
        {
            "nome": "Jason Ross",
            "email": "lauriejones@example.org",
            "password": "BX9~HMp5z!G!",
            "administrador": "true",
            "_id": "HjagymevIQulCZbT"
        },
        {
            "nome": "Fulano da Silva",
            "email": "earle_botsford@gmail.com",
            "password": "teste",
            "administrador": "true",
            "_id": "IIac8646tHwz76Sq"
        },
        {
            "nome": "Fulano da Silva",
            "email": "beddltr555ano@qa.com.br",
            "password": "teste",
            "administrador": "true",
            "_id": "IuYDdIePpiI0XGde"
        },
        {
            "nome": "Beltrado da Silva",
            "email": "jgleosxv@emailteste.com",
            "password": "1234",
            "administrador": "true",
            "_id": "K8w7b1KI41LP5gaD"
        },
        {
            "nome": "Rafaela da Luz",
            "email": "duartegabriel@example.org",
            "password": ")5XcHM6)Ik",
            "administrador": "false",
            "_id": "KTpO7giefmMzUx5Y"
        },
        {
            "nome": "Alan Machado",
            "email": "dinv@email.teste.com",
            "password": "1234",
            "administrador": "true",
            "_id": "KxnMoR2vn8Fq846g"
        },
        {
            "nome": "Fulano da Silva",
            "email": "hrld@emailteste.com",
            "password": "1234",
            "administrador": "true",
            "_id": "LDDYK1OHYqnDp0cC"
        },
        {
            "nome": "Fulano da Silva",
            "email": "hermila@gmail.com",
            "password": "teste",
            "administrador": "true",
            "_id": "LLDm24xjCrHQe1lY"
        },
        {
            "nome": "Teste Daniela",
            "email": "justinwoodard@example.com",
            "password": "Senha@2023",
            "administrador": "true",
            "_id": "M4AuNkwwmYCYmyFU"
        },
        {
            "nome": "Maria Cecília das Neves",
            "email": "nataliasilva@example.org",
            "password": "5YMV@FrN#8",
            "administrador": "true",
            "_id": "NHf1j8I1eM9SkM2a"
        },
        {
            "nome": "Alan Machado",
            "email": "ymje@email.teste.com",
            "password": "1234",
            "administrador": "true",
            "_id": "NnOMtFNAjt0lEmfe"
        },
        {
            "nome": "Ciclano da Silva",
            "email": "arvaqnsl@emailteste.com",
            "password": "123456",
            "administrador": "true",
            "_id": "OVSc5UjrroO3dr6J"
        },
        {
            "nome": "Fulano da Silva",
            "email": "ressie.reilly@gmail.com",
            "password": "teste",
            "administr... (set the log level to DEBUG or TRACE to see the full content) 
 </msg>
<msg time="2024-02-06T00:10:05.512407" level="INFO">${response} = &lt;Response [200]&gt;</msg>
<var>${response}</var>
<arg>serverest</arg>
<arg>${USERS_API_ENDPOINT}</arg>
<doc>Sends a GET request on a previously created HTTP Session.</doc>
<status status="PASS" start="2024-02-06T00:10:05.368296" elapsed="0.144145"/>
</kw>
<kw name="Set Test Variable" owner="BuiltIn">
<msg time="2024-02-06T00:10:05.512853" level="INFO">${response} = &lt;Response [200]&gt;</msg>
<arg>${response}</arg>
<doc>Makes a variable available everywhere within the scope of the current test.</doc>
<status status="PASS" start="2024-02-06T00:10:05.512620" elapsed="0.000282"/>
</kw>
<status status="PASS" start="2024-02-06T00:10:05.368022" elapsed="0.144959"/>
</kw>
<kw name="Then the response status code should be 200" owner="test_keywords_users" source_name="Then the response status code should be ${status_code}">
<kw name="Should Be Equal As Numbers" owner="BuiltIn">
<msg time="2024-02-06T00:10:05.514009" level="INFO">Argument types are:
&lt;class 'int'&gt;
&lt;class 'str'&gt;</msg>
<arg>${response.status_code}</arg>
<arg>${status_code}</arg>
<doc>Fails if objects are unequal after converting them to real numbers.</doc>
<status status="PASS" start="2024-02-06T00:10:05.513478" elapsed="0.000602"/>
</kw>
<kw name="Should Be True" owner="BuiltIn">
<arg>${response.json()}</arg>
<doc>Fails if the given condition is not true.</doc>
<status status="PASS" start="2024-02-06T00:10:05.514230" elapsed="0.000704"/>
</kw>
<status status="PASS" start="2024-02-06T00:10:05.513169" elapsed="0.001850"/>
</kw>
<kw name="And the response body should not be empty" owner="test_keywords_users">
<kw name="Should Not Be Empty" owner="BuiltIn">
<msg time="2024-02-06T00:10:05.516022" level="INFO">Length is 2.</msg>
<arg>${response.json()}</arg>
<doc>Verifies that the given item is not empty.</doc>
<status status="PASS" start="2024-02-06T00:10:05.515457" elapsed="0.000629"/>
</kw>
<status status="PASS" start="2024-02-06T00:10:05.515183" elapsed="0.000983"/>
</kw>
<tag>api</tag>
<status status="PASS" start="2024-02-06T00:10:05.365060" elapsed="0.151231"/>
</test>
<test id="s1-s1-s1-t2" name="Scenario: Create a new user" line="15">
<kw name="Before Tests" owner="test_keywords_common" type="SETUP">
<kw name="Create Session" owner="RequestsLibrary">
<msg time="2024-02-06T00:10:05.517682" level="INFO">Creating Session using : alias=serverest, url=https://serverest.dev, headers={},                     cookies={}, auth=None, timeout=None, proxies=None, verify=False,                     debug=0 </msg>
<arg>serverest</arg>
<arg>${SERVER_BASE_URL}</arg>
<arg>disable_warnings=True</arg>
<doc>Create Session: create a HTTP session to a server</doc>
<status status="PASS" start="2024-02-06T00:10:05.517394" elapsed="0.000479"/>
</kw>
<status status="PASS" start="2024-02-06T00:10:05.517136" elapsed="0.000829"/>
</kw>
<kw name="Given I have a valid user data" owner="test_keywords_users">
<kw name="Name" owner="FakerLibrary">
<msg time="2024-02-06T00:10:05.518795" level="INFO">${name} = Joseph Collins</msg>
<var>${name}</var>
<doc>:example: 'John Doe'</doc>
<status status="PASS" start="2024-02-06T00:10:05.518429" elapsed="0.000396"/>
</kw>
<kw name="Email" owner="FakerLibrary">
<msg time="2024-02-06T00:10:05.519230" level="INFO">${email} = uortega@example.com</msg>
<var>${email}</var>
<status status="PASS" start="2024-02-06T00:10:05.518961" elapsed="0.000299"/>
</kw>
<kw name="Password" owner="FakerLibrary">
<msg time="2024-02-06T00:10:05.519669" level="INFO">${password} = huK212JdNrrX</msg>
<var>${password}</var>
<arg>length=12</arg>
<arg>special_chars=False</arg>
<doc>Generate a random password of the specified ``length``.</doc>
<status status="PASS" start="2024-02-06T00:10:05.519398" elapsed="0.000300"/>
</kw>
<kw name="Set Suite Variable" owner="BuiltIn">
<msg time="2024-02-06T00:10:05.520057" level="INFO">${name} = Joseph Collins</msg>
<arg>${name}</arg>
<doc>Makes a variable available everywhere within the scope of the current suite.</doc>
<status status="PASS" start="2024-02-06T00:10:05.519854" elapsed="0.000248"/>
</kw>
<kw name="Set Suite Variable" owner="BuiltIn">
<msg time="2024-02-06T00:10:05.520432" level="INFO">${email} = uortega@example.com</msg>
<arg>${email}</arg>
<doc>Makes a variable available everywhere within the scope of the current suite.</doc>
<status status="PASS" start="2024-02-06T00:10:05.520241" elapsed="0.000233"/>
</kw>
<kw name="Set Suite Variable" owner="BuiltIn">
<msg time="2024-02-06T00:10:05.520803" level="INFO">${password} = huK212JdNrrX</msg>
<arg>${password}</arg>
<doc>Makes a variable available everywhere within the scope of the current suite.</doc>
<status status="PASS" start="2024-02-06T00:10:05.520608" elapsed="0.000237"/>
</kw>
<status status="PASS" start="2024-02-06T00:10:05.518160" elapsed="0.002755"/>
</kw>
<kw name="When I create the user" owner="test_keywords_users">
<kw name="Create Dictionary" owner="BuiltIn">
<msg time="2024-02-06T00:10:05.521798" level="INFO">${payload} = {'nome': 'Joseph Collins', 'email': 'uortega@example.com', 'password': 'huK212JdNrrX', 'administrador': 'false'}</msg>
<var>${payload}</var>
<arg>nome=${name}</arg>
<arg>email=${email}</arg>
<arg>password=${password}</arg>
<arg>administrador=false</arg>
<doc>Creates and returns a dictionary based on the given ``items``.</doc>
<status status="PASS" start="2024-02-06T00:10:05.521350" elapsed="0.000480"/>
</kw>
<kw name="Create Dictionary" owner="BuiltIn">
<msg time="2024-02-06T00:10:05.522174" level="INFO">${headers} = {'Content-Type': 'application/json'}</msg>
<var>${headers}</var>
<arg>Content-Type=application/json</arg>
<doc>Creates and returns a dictionary based on the given ``items``.</doc>
<status status="PASS" start="2024-02-06T00:10:05.521993" elapsed="0.000209"/>
</kw>
<kw name="POST On Session" owner="RequestsLibrary">
<msg time="2024-02-06T00:10:05.592318" level="INFO">POST Request : url=https://serverest.dev/usuarios 
 path_url=/usuarios 
 headers={'User-Agent': 'python-requests/2.31.0', 'Accept-Encoding': 'gzip, deflate', 'Accept': '*/*', 'Connection': 'keep-alive', 'Content-Type': 'application/json', 'Content-Length': '112'} 
 body=b'{"nome": "Joseph Collins", "email": "uortega@example.com", "password": "huK212JdNrrX", "administrador": "false"}' 
 </msg>
<msg time="2024-02-06T00:10:05.592392" level="INFO">POST Response : url=https://serverest.dev/usuarios 
 status=201, reason=Created 
 headers={'access-control-allow-origin': '*', 'x-dns-prefetch-control': 'off', 'x-frame-options': 'SAMEORIGIN', 'strict-transport-security': 'max-age=15552000; includeSubDomains', 'x-download-options': 'noopen', 'x-content-type-options': 'nosniff', 'x-xss-protection': '1; mode=block', 'content-type': 'application/json; charset=utf-8', 'X-Cloud-Trace-Context': 'f76e785f7ac883e303a4eb7ba266069d', 'Date': 'Tue, 06 Feb 2024 00:10:05 GMT', 'Server': 'Google Frontend', 'Content-Length': '82'} 
 body={
    "message": "Cadastro realizado com sucesso",
    "_id": "Ei0Hr4Wahgur7M4K"
} 
 </msg>
<msg time="2024-02-06T00:10:05.592507" level="INFO">${response} = &lt;Response [201]&gt;</msg>
<var>${response}</var>
<arg>serverest</arg>
<arg>${USERS_API_ENDPOINT}</arg>
<arg>json=${payload}</arg>
<arg>headers=${headers}</arg>
<doc>Sends a POST request on a previously created HTTP Session.</doc>
<status status="PASS" start="2024-02-06T00:10:05.522341" elapsed="0.070196"/>
</kw>
<kw name="Set Variable" owner="BuiltIn">
<msg time="2024-02-06T00:10:05.593406" level="INFO">${user_id} = Ei0Hr4Wahgur7M4K</msg>
<var>${user_id}</var>
<arg>${response.json()['_id']}</arg>
<doc>Returns the given values which can then be assigned to a variables.</doc>
<status status="PASS" start="2024-02-06T00:10:05.592715" elapsed="0.000746"/>
</kw>
<kw name="Set Global Variable" owner="BuiltIn">
<msg time="2024-02-06T00:10:05.593968" level="INFO">${USER_ID} = Ei0Hr4Wahgur7M4K</msg>
<arg>${USER_ID}</arg>
<arg>${user_id}</arg>
<doc>Makes a variable available globally in all tests and suites.</doc>
<status status="PASS" start="2024-02-06T00:10:05.593689" elapsed="0.000327"/>
</kw>
<kw name="Set Test Variable" owner="BuiltIn">
<msg time="2024-02-06T00:10:05.594364" level="INFO">${response} = &lt;Response [201]&gt;</msg>
<arg>${response}</arg>
<doc>Makes a variable available everywhere within the scope of the current test.</doc>
<status status="PASS" start="2024-02-06T00:10:05.594168" elapsed="0.000279"/>
</kw>
<status status="PASS" start="2024-02-06T00:10:05.521091" elapsed="0.073434"/>
</kw>
<kw name="Then the response status code should be 201" owner="test_keywords_users" source_name="Then the response status code should be ${status_code}">
<kw name="Should Be Equal As Numbers" owner="BuiltIn">
<msg time="2024-02-06T00:10:05.595451" level="INFO">Argument types are:
&lt;class 'int'&gt;
&lt;class 'str'&gt;</msg>
<arg>${response.status_code}</arg>
<arg>${status_code}</arg>
<doc>Fails if objects are unequal after converting them to real numbers.</doc>
<status status="PASS" start="2024-02-06T00:10:05.594991" elapsed="0.000525"/>
</kw>
<kw name="Should Be True" owner="BuiltIn">
<arg>${response.json()}</arg>
<doc>Fails if the given condition is not true.</doc>
<status status="PASS" start="2024-02-06T00:10:05.595661" elapsed="0.000448"/>
</kw>
<status status="PASS" start="2024-02-06T00:10:05.594701" elapsed="0.001488"/>
</kw>
<kw name="And the response body should not be empty" owner="test_keywords_users">
<kw name="Should Not Be Empty" owner="BuiltIn">
<msg time="2024-02-06T00:10:05.597038" level="INFO">Length is 2.</msg>
<arg>${response.json()}</arg>
<doc>Verifies that the given item is not empty.</doc>
<status status="PASS" start="2024-02-06T00:10:05.596612" elapsed="0.000477"/>
</kw>
<status status="PASS" start="2024-02-06T00:10:05.596348" elapsed="0.000817"/>
</kw>
<tag>api</tag>
<status status="PASS" start="2024-02-06T00:10:05.516618" elapsed="0.080666"/>
</test>
<test id="s1-s1-s1-t3" name="Scenario: Get a specific user informations" line="22">
<kw name="Before Tests" owner="test_keywords_common" type="SETUP">
<kw name="Create Session" owner="RequestsLibrary">
<msg time="2024-02-06T00:10:05.598621" level="INFO">Creating Session using : alias=serverest, url=https://serverest.dev, headers={},                     cookies={}, auth=None, timeout=None, proxies=None, verify=False,                     debug=0 </msg>
<arg>serverest</arg>
<arg>${SERVER_BASE_URL}</arg>
<arg>disable_warnings=True</arg>
<doc>Create Session: create a HTTP session to a server</doc>
<status status="PASS" start="2024-02-06T00:10:05.598384" elapsed="0.000410"/>
</kw>
<status status="PASS" start="2024-02-06T00:10:05.598125" elapsed="0.000755"/>
</kw>
<kw name="When I request the created user" owner="test_keywords_users">
<kw name="GET On Session" owner="RequestsLibrary">
<msg time="2024-02-06T00:10:05.673934" level="INFO">GET Request : url=https://serverest.dev/usuarios/Ei0Hr4Wahgur7M4K 
 path_url=/usuarios/Ei0Hr4Wahgur7M4K 
 headers={'User-Agent': 'python-requests/2.31.0', 'Accept-Encoding': 'gzip, deflate', 'Accept': '*/*', 'Connection': 'keep-alive'} 
 body=None 
 </msg>
<msg time="2024-02-06T00:10:05.674012" level="INFO">GET Response : url=https://serverest.dev/usuarios/Ei0Hr4Wahgur7M4K 
 status=200, reason=OK 
 headers={'access-control-allow-origin': '*', 'x-dns-prefetch-control': 'off', 'x-frame-options': 'SAMEORIGIN', 'strict-transport-security': 'max-age=15552000; includeSubDomains', 'x-download-options': 'noopen', 'x-content-type-options': 'nosniff', 'x-xss-protection': '1; mode=block', 'content-type': 'application/json; charset=utf-8', 'X-Cloud-Trace-Context': 'dde5a2d652457ec7dac472992e155d61', 'Date': 'Tue, 06 Feb 2024 00:10:05 GMT', 'Server': 'Google Frontend', 'Content-Length': '161'} 
 body={
    "nome": "Joseph Collins",
    "email": "uortega@example.com",
    "password": "huK212JdNrrX",
    "administrador": "false",
    "_id": "Ei0Hr4Wahgur7M4K"
} 
 </msg>
<msg time="2024-02-06T00:10:05.674114" level="INFO">${response} = &lt;Response [200]&gt;</msg>
<var>${response}</var>
<arg>serverest</arg>
<arg>${USERS_API_ENDPOINT}/${USER_ID}</arg>
<doc>Sends a GET request on a previously created HTTP Session.</doc>
<status status="PASS" start="2024-02-06T00:10:05.599311" elapsed="0.074831"/>
</kw>
<kw name="Set Test Variable" owner="BuiltIn">
<msg time="2024-02-06T00:10:05.674511" level="INFO">${response} = &lt;Response [200]&gt;</msg>
<arg>${response}</arg>
<doc>Makes a variable available everywhere within the scope of the current test.</doc>
<status status="PASS" start="2024-02-06T00:10:05.674305" elapsed="0.000252"/>
</kw>
<status status="PASS" start="2024-02-06T00:10:05.599056" elapsed="0.075576"/>
</kw>
<kw name="Then the response status code should be 200" owner="test_keywords_users" source_name="Then the response status code should be ${status_code}">
<kw name="Should Be Equal As Numbers" owner="BuiltIn">
<msg time="2024-02-06T00:10:05.675569" level="INFO">Argument types are:
&lt;class 'int'&gt;
&lt;class 'str'&gt;</msg>
<arg>${response.status_code}</arg>
<arg>${status_code}</arg>
<doc>Fails if objects are unequal after converting them to real numbers.</doc>
<status status="PASS" start="2024-02-06T00:10:05.675094" elapsed="0.000539"/>
</kw>
<kw name="Should Be True" owner="BuiltIn">
<arg>${response.json()}</arg>
<doc>Fails if the given condition is not true.</doc>
<status status="PASS" start="2024-02-06T00:10:05.675777" elapsed="0.000451"/>
</kw>
<status status="PASS" start="2024-02-06T00:10:05.674804" elapsed="0.001503"/>
</kw>
<kw name="And the response body should not be empty" owner="test_keywords_users">
<kw name="Should Not Be Empty" owner="BuiltIn">
<msg time="2024-02-06T00:10:05.677144" level="INFO">Length is 5.</msg>
<arg>${response.json()}</arg>
<doc>Verifies that the given item is not empty.</doc>
<status status="PASS" start="2024-02-06T00:10:05.676722" elapsed="0.000477"/>
</kw>
<status status="PASS" start="2024-02-06T00:10:05.676462" elapsed="0.000813"/>
</kw>
<tag>api</tag>
<status status="PASS" start="2024-02-06T00:10:05.597611" elapsed="0.079779"/>
</test>
<test id="s1-s1-s1-t4" name="Scenario: Update the created user" line="28">
<kw name="Before Tests" owner="test_keywords_common" type="SETUP">
<kw name="Create Session" owner="RequestsLibrary">
<msg time="2024-02-06T00:10:05.678581" level="INFO">Creating Session using : alias=serverest, url=https://serverest.dev, headers={},                     cookies={}, auth=None, timeout=None, proxies=None, verify=False,                     debug=0 </msg>
<arg>serverest</arg>
<arg>${SERVER_BASE_URL}</arg>
<arg>disable_warnings=True</arg>
<doc>Create Session: create a HTTP session to a server</doc>
<status status="PASS" start="2024-02-06T00:10:05.678340" elapsed="0.000413"/>
</kw>
<status status="PASS" start="2024-02-06T00:10:05.678087" elapsed="0.000753"/>
</kw>
<kw name="When I update the created user" owner="test_keywords_users">
<kw name="Create Dictionary" owner="BuiltIn">
<msg time="2024-02-06T00:10:05.679640" level="INFO">${payload} = {'nome': 'John Smith', 'email': 'john.smith@example.com', 'password': 'P@ssw0rd123', 'administrador': 'false'}</msg>
<var>${payload}</var>
<arg>nome=John Smith</arg>
<arg>email=john.smith@example.com</arg>
<arg>password=P@ssw0rd123</arg>
<arg>administrador=false</arg>
<doc>Creates and returns a dictionary based on the given ``items``.</doc>
<status status="PASS" start="2024-02-06T00:10:05.679273" elapsed="0.000397"/>
</kw>
<kw name="Create Dictionary" owner="BuiltIn">
<msg time="2024-02-06T00:10:05.680011" level="INFO">${headers} = {'Content-Type': 'application/json'}</msg>
<var>${headers}</var>
<arg>Content-Type=application/json</arg>
<doc>Creates and returns a dictionary based on the given ``items``.</doc>
<status status="PASS" start="2024-02-06T00:10:05.679827" elapsed="0.000212"/>
</kw>
<kw name="PUT On Session" owner="RequestsLibrary">
<msg time="2024-02-06T00:10:05.749229" level="INFO">PUT Request : url=https://serverest.dev/usuarios/Ei0Hr4Wahgur7M4K 
 path_url=/usuarios/Ei0Hr4Wahgur7M4K 
 headers={'User-Agent': 'python-requests/2.31.0', 'Accept-Encoding': 'gzip, deflate', 'Accept': '*/*', 'Connection': 'keep-alive', 'Content-Type': 'application/json', 'Content-Length': '110'} 
 body=b'{"nome": "John Smith", "email": "john.smith@example.com", "password": "P@ssw0rd123", "administrador": "false"}' 
 </msg>
<msg time="2024-02-06T00:10:05.749340" level="INFO">PUT Response : url=https://serverest.dev/usuarios/Ei0Hr4Wahgur7M4K 
 status=200, reason=OK 
 headers={'access-control-allow-origin': '*', 'x-dns-prefetch-control': 'off', 'x-frame-options': 'SAMEORIGIN', 'strict-transport-security': 'max-age=15552000; includeSubDomains', 'x-download-options': 'noopen', 'x-content-type-options': 'nosniff', 'x-xss-protection': '1; mode=block', 'content-type': 'application/json; charset=utf-8', 'X-Cloud-Trace-Context': '24b0d4dbeb6a8c1f77a93ed34a632f2e', 'Date': 'Tue, 06 Feb 2024 00:10:05 GMT', 'Server': 'Google Frontend', 'Content-Length': '50'} 
 body={
    "message": "Registro alterado com sucesso"
} 
 </msg>
<msg time="2024-02-06T00:10:05.749450" level="INFO">${response} = &lt;Response [200]&gt;</msg>
<var>${response}</var>
<arg>serverest</arg>
<arg>${USERS_API_ENDPOINT}/${USER_ID}</arg>
<arg>json=${payload}</arg>
<arg>headers=${headers}</arg>
<doc>Sends a PUT request on a previously created HTTP Session.</doc>
<status status="PASS" start="2024-02-06T00:10:05.680173" elapsed="0.069306"/>
</kw>
<kw name="Set Test Variable" owner="BuiltIn">
<msg time="2024-02-06T00:10:05.749886" level="INFO">${response} = &lt;Response [200]&gt;</msg>
<arg>${response}</arg>
<doc>Makes a variable available everywhere within the scope of the current test.</doc>
<status status="PASS" start="2024-02-06T00:10:05.749679" elapsed="0.000252"/>
</kw>
<status status="PASS" start="2024-02-06T00:10:05.679020" elapsed="0.070986"/>
</kw>
<kw name="Then the response status code should be 200" owner="test_keywords_users" source_name="Then the response status code should be ${status_code}">
<kw name="Should Be Equal As Numbers" owner="BuiltIn">
<msg time="2024-02-06T00:10:05.750938" level="INFO">Argument types are:
&lt;class 'int'&gt;
&lt;class 'str'&gt;</msg>
<arg>${response.status_code}</arg>
<arg>${status_code}</arg>
<doc>Fails if objects are unequal after converting them to real numbers.</doc>
<status status="PASS" start="2024-02-06T00:10:05.750469" elapsed="0.000533"/>
</kw>
<kw name="Should Be True" owner="BuiltIn">
<arg>${response.json()}</arg>
<doc>Fails if the given condition is not true.</doc>
<status status="PASS" start="2024-02-06T00:10:05.751145" elapsed="0.000444"/>
</kw>
<status status="PASS" start="2024-02-06T00:10:05.750178" elapsed="0.001487"/>
</kw>
<kw name="And the response body should not be empty" owner="test_keywords_users">
<kw name="Should Not Be Empty" owner="BuiltIn">
<msg time="2024-02-06T00:10:05.752492" level="INFO">Length is 1.</msg>
<arg>${response.json()}</arg>
<doc>Verifies that the given item is not empty.</doc>
<status status="PASS" start="2024-02-06T00:10:05.752074" elapsed="0.000468"/>
</kw>
<status status="PASS" start="2024-02-06T00:10:05.751819" elapsed="0.000796"/>
</kw>
<tag>api</tag>
<status status="PASS" start="2024-02-06T00:10:05.677694" elapsed="0.075037"/>
</test>
<test id="s1-s1-s1-t5" name="Scenario: Delete the created user" line="34">
<kw name="Before Tests" owner="test_keywords_common" type="SETUP">
<kw name="Create Session" owner="RequestsLibrary">
<msg time="2024-02-06T00:10:05.753927" level="INFO">Creating Session using : alias=serverest, url=https://serverest.dev, headers={},                     cookies={}, auth=None, timeout=None, proxies=None, verify=False,                     debug=0 </msg>
<arg>serverest</arg>
<arg>${SERVER_BASE_URL}</arg>
<arg>disable_warnings=True</arg>
<doc>Create Session: create a HTTP session to a server</doc>
<status status="PASS" start="2024-02-06T00:10:05.753694" elapsed="0.000407"/>
</kw>
<status status="PASS" start="2024-02-06T00:10:05.753410" elapsed="0.000778"/>
</kw>
<kw name="When I delete the created user" owner="test_keywords_users">
<kw name="DELETE On Session" owner="RequestsLibrary">
<msg time="2024-02-06T00:10:05.820111" level="INFO">DELETE Request : url=https://serverest.dev/usuarios/Ei0Hr4Wahgur7M4K 
 path_url=/usuarios/Ei0Hr4Wahgur7M4K 
 headers={'User-Agent': 'python-requests/2.31.0', 'Accept-Encoding': 'gzip, deflate', 'Accept': '*/*', 'Connection': 'keep-alive', 'Content-Length': '0'} 
 body=None 
 </msg>
<msg time="2024-02-06T00:10:05.820221" level="INFO">DELETE Response : url=https://serverest.dev/usuarios/Ei0Hr4Wahgur7M4K 
 status=200, reason=OK 
 headers={'access-control-allow-origin': '*', 'x-dns-prefetch-control': 'off', 'x-frame-options': 'SAMEORIGIN', 'strict-transport-security': 'max-age=15552000; includeSubDomains', 'x-download-options': 'noopen', 'x-content-type-options': 'nosniff', 'x-xss-protection': '1; mode=block', 'content-type': 'application/json; charset=utf-8', 'X-Cloud-Trace-Context': 'a2d2e2dd4f120bf57835d94c52c104d6', 'Date': 'Tue, 06 Feb 2024 00:10:05 GMT', 'Server': 'Google Frontend', 'Content-Length': '51'} 
 body={
    "message": "Registro excluído com sucesso"
} 
 </msg>
<msg time="2024-02-06T00:10:05.820332" level="INFO">${response} = &lt;Response [200]&gt;</msg>
<var>${response}</var>
<arg>serverest</arg>
<arg>${USERS_API_ENDPOINT}/${USER_ID}</arg>
<doc>Sends a DELETE request on a previously created HTTP Session.</doc>
<status status="PASS" start="2024-02-06T00:10:05.754605" elapsed="0.065770"/>
</kw>
<kw name="Set Test Variable" owner="BuiltIn">
<msg time="2024-02-06T00:10:05.820807" level="INFO">${response} = &lt;Response [200]&gt;</msg>
<arg>${response}</arg>
<doc>Makes a variable available everywhere within the scope of the current test.</doc>
<status status="PASS" start="2024-02-06T00:10:05.820596" elapsed="0.000272"/>
</kw>
<status status="PASS" start="2024-02-06T00:10:05.754356" elapsed="0.066633"/>
</kw>
<kw name="Then the response status code should be 200" owner="test_keywords_users" source_name="Then the response status code should be ${status_code}">
<kw name="Should Be Equal As Numbers" owner="BuiltIn">
<msg time="2024-02-06T00:10:05.822064" level="INFO">Argument types are:
&lt;class 'int'&gt;
&lt;class 'str'&gt;</msg>
<arg>${response.status_code}</arg>
<arg>${status_code}</arg>
<doc>Fails if objects are unequal after converting them to real numbers.</doc>
<status status="PASS" start="2024-02-06T00:10:05.821574" elapsed="0.000555"/>
</kw>
<kw name="Should Be True" owner="BuiltIn">
<arg>${response.json()}</arg>
<doc>Fails if the given condition is not true.</doc>
<status status="PASS" start="2024-02-06T00:10:05.822277" elapsed="0.000450"/>
</kw>
<status status="PASS" start="2024-02-06T00:10:05.821222" elapsed="0.001585"/>
</kw>
<kw name="And the response body should not be empty" owner="test_keywords_users">
<kw name="Should Not Be Empty" owner="BuiltIn">
<msg time="2024-02-06T00:10:05.823664" level="INFO">Length is 1.</msg>
<arg>${response.json()}</arg>
<doc>Verifies that the given item is not empty.</doc>
<status status="PASS" start="2024-02-06T00:10:05.823232" elapsed="0.000483"/>
</kw>
<status status="PASS" start="2024-02-06T00:10:05.822966" elapsed="0.000823"/>
</kw>
<tag>api</tag>
<status status="PASS" start="2024-02-06T00:10:05.753003" elapsed="0.070903"/>
</test>
<status status="PASS" start="2024-02-06T00:10:04.980158" elapsed="0.844243"/>
</suite>
<status status="PASS" start="2024-02-06T00:10:04.979053" elapsed="0.846072"/>
</suite>
<suite id="s1-s2" name="E2E" source="/home/runner/work/gen-ai-robot-test/gen-ai-robot-test/tests/e2e">
<suite id="s1-s2-s1" name="Test Ui Signup" source="/home/runner/work/gen-ai-robot-test/gen-ai-robot-test/tests/e2e/test_ui_signup.robot">
<test id="s1-s2-s1-t1" name="Scenario: Signup with empty fields" line="10">
<kw name="Before Tests" owner="test_keywords_common" type="SETUP">
<kw name="Open Browser" owner="SeleniumLibrary">
<msg time="2024-02-06T00:10:05.833939" level="INFO">Opening browser 'headless Chrome' to base url 'https://front.serverest.dev/'.</msg>
<arg>${SERVER_BASE_URL}</arg>
<arg>${HEADLESS} ${BROWSER}</arg>
<doc>Opens a new browser instance to the optional ``url``.</doc>
<status status="PASS" start="2024-02-06T00:10:05.833673" elapsed="2.641991"/>
</kw>
<kw name="Maximize Browser Window" owner="SeleniumLibrary">
<doc>Maximizes current browser window.</doc>
<status status="PASS" start="2024-02-06T00:10:08.476407" elapsed="0.104358"/>
</kw>
<status status="PASS" start="2024-02-06T00:10:05.833342" elapsed="2.747641"/>
</kw>
<kw name="Given Im on the signup page" owner="test_keywords_signup">
<kw name="Location Should Be" owner="SeleniumLibrary">
<msg time="2024-02-06T00:10:08.588701" level="INFO">Current location is 'https://front.serverest.dev/login'.</msg>
<arg>https://front.serverest.dev/login</arg>
<doc>Verifies that the current URL is exactly ``url``.</doc>
<status status="PASS" start="2024-02-06T00:10:08.582227" elapsed="0.006584"/>
</kw>
<kw name="Click Element" owner="SeleniumLibrary">
<msg time="2024-02-06T00:10:08.589844" level="INFO">Clicking element 'css=a.btn.btn-link'.</msg>
<arg>css=a.btn.btn-link</arg>
<doc>Click the element identified by ``locator``.</doc>
<status status="PASS" start="2024-02-06T00:10:08.589071" elapsed="0.052375"/>
</kw>
<status status="PASS" start="2024-02-06T00:10:08.581489" elapsed="0.060222"/>
</kw>
<kw name="When I click in signup" owner="test_keywords_signup">
<kw name="Click Button" owner="SeleniumLibrary">
<msg time="2024-02-06T00:10:08.642967" level="INFO">Clicking button 'css=.btn.btn-primary'.</msg>
<arg>css=.btn.btn-primary</arg>
<doc>Clicks the button identified by ``locator``.</doc>
<status status="PASS" start="2024-02-06T00:10:08.642651" elapsed="0.063950"/>
</kw>
<status status="PASS" start="2024-02-06T00:10:08.642090" elapsed="0.064713"/>
</kw>
<kw name="Then required field messages should be displayed" owner="test_keywords_signup">
<kw name="Wait Until Element Is Visible" owner="SeleniumLibrary">
<arg>css=.alert-dismissible</arg>
<arg>timeout=10s</arg>
<doc>Waits until the element ``locator`` is visible.</doc>
<status status="PASS" start="2024-02-06T00:10:08.707534" elapsed="0.223506"/>
</kw>
<kw name="Element Should Be Visible" owner="SeleniumLibrary">
<msg time="2024-02-06T00:10:08.944339" level="INFO">Element 'css=.alert-dismissible' is displayed.</msg>
<arg>css=.alert-dismissible</arg>
<doc>Verifies that the element identified by ``locator`` is visible.</doc>
<status status="PASS" start="2024-02-06T00:10:08.931346" elapsed="0.013066"/>
</kw>
<kw name="Page Should Contain" owner="SeleniumLibrary">
<msg time="2024-02-06T00:10:08.956434" level="INFO">Current page contains text 'Nome é obrigatório'.</msg>
<arg>Nome é obrigatório</arg>
<doc>Verifies that current page contains ``text``.</doc>
<status status="PASS" start="2024-02-06T00:10:08.944588" elapsed="0.011916"/>
</kw>
<kw name="Page Should Contain" owner="SeleniumLibrary">
<msg time="2024-02-06T00:10:08.965723" level="INFO">Current page contains text 'Email é obrigatório'.</msg>
<arg>Email é obrigatório</arg>
<doc>Verifies that current page contains ``text``.</doc>
<status status="PASS" start="2024-02-06T00:10:08.956667" elapsed="0.009124"/>
</kw>
<kw name="Page Should Contain" owner="SeleniumLibrary">
<msg time="2024-02-06T00:10:08.975051" level="INFO">Current page contains text 'Password é obrigatório'.</msg>
<arg>Password é obrigatório</arg>
<doc>Verifies that current page contains ``text``.</doc>
<status status="PASS" start="2024-02-06T00:10:08.965953" elapsed="0.009169"/>
</kw>
<status status="PASS" start="2024-02-06T00:10:08.707146" elapsed="0.268076"/>
</kw>
<kw name="After Tests" owner="test_keywords_common" type="TEARDOWN">
<kw name="Close Browser" owner="SeleniumLibrary">
<doc>Closes the current browser.</doc>
<status status="PASS" start="2024-02-06T00:10:08.975854" elapsed="0.064714"/>
</kw>
<status status="PASS" start="2024-02-06T00:10:08.975535" elapsed="0.065215"/>
</kw>
<tag>e2e</tag>
<status status="PASS" start="2024-02-06T00:10:05.832766" elapsed="3.208090"/>
</test>
<test id="s1-s2-s1-t2" name="Scenario: Signup done successfully" line="16">
<kw name="Before Tests" owner="test_keywords_common" type="SETUP">
<kw name="Open Browser" owner="SeleniumLibrary">
<msg time="2024-02-06T00:10:09.042820" level="INFO">Opening browser 'headless Chrome' to base url 'https://front.serverest.dev/'.</msg>
<arg>${SERVER_BASE_URL}</arg>
<arg>${HEADLESS} ${BROWSER}</arg>
<doc>Opens a new browser instance to the optional ``url``.</doc>
<status status="PASS" start="2024-02-06T00:10:09.042510" elapsed="1.001996"/>
</kw>
<kw name="Maximize Browser Window" owner="SeleniumLibrary">
<doc>Maximizes current browser window.</doc>
<status status="PASS" start="2024-02-06T00:10:10.045218" elapsed="0.108498"/>
</kw>
<status status="PASS" start="2024-02-06T00:10:09.042090" elapsed="1.111837"/>
</kw>
<kw name="Given Im on the signup page" owner="test_keywords_signup">
<kw name="Location Should Be" owner="SeleniumLibrary">
<msg time="2024-02-06T00:10:10.159951" level="INFO">Current location is 'https://front.serverest.dev/login'.</msg>
<arg>https://front.serverest.dev/login</arg>
<doc>Verifies that the current URL is exactly ``url``.</doc>
<status status="PASS" start="2024-02-06T00:10:10.154989" elapsed="0.005077"/>
</kw>
<kw name="Click Element" owner="SeleniumLibrary">
<msg time="2024-02-06T00:10:10.160701" level="INFO">Clicking element 'css=a.btn.btn-link'.</msg>
<arg>css=a.btn.btn-link</arg>
<doc>Click the element identified by ``locator``.</doc>
<status status="PASS" start="2024-02-06T00:10:10.160339" elapsed="0.043938"/>
</kw>
<status status="PASS" start="2024-02-06T00:10:10.154374" elapsed="0.050095"/>
</kw>
<kw name="And I fill in the signup fields with valid data" owner="test_keywords_signup">
<kw name="Name" owner="FakerLibrary">
<msg time="2024-02-06T00:10:10.206019" level="INFO">${name} = Joseph Norton</msg>
<var>${name}</var>
<doc>:example: 'John Doe'</doc>
<status status="PASS" start="2024-02-06T00:10:10.205317" elapsed="0.000741"/>
</kw>
<kw name="Email" owner="FakerLibrary">
<msg time="2024-02-06T00:10:10.206607" level="INFO">${email} = dsmith@example.org</msg>
<var>${email}</var>
<status status="PASS" start="2024-02-06T00:10:10.206240" elapsed="0.000409"/>
</kw>
<kw name="Password" owner="FakerLibrary">
<msg time="2024-02-06T00:10:10.207251" level="INFO">${password} = DJSDpJ0wmY27</msg>
<var>${password}</var>
<arg>length=12</arg>
<arg>special_chars=False</arg>
<doc>Generate a random password of the specified ``length``.</doc>
<status status="PASS" start="2024-02-06T00:10:10.206823" elapsed="0.000477"/>
</kw>
<kw name="Input Text" owner="SeleniumLibrary">
<msg time="2024-02-06T00:10:10.207897" level="INFO">Typing text 'Joseph Norton' into text field 'id:nome'.</msg>
<arg>id:nome</arg>
<arg>${name}</arg>
<doc>Types the given ``text`` into the text field identified by ``locator``.</doc>
<status status="PASS" start="2024-02-06T00:10:10.207553" elapsed="0.092490"/>
</kw>
<kw name="Input Text" owner="SeleniumLibrary">
<msg time="2024-02-06T00:10:10.301126" level="INFO">Typing text 'dsmith@example.org' into text field 'id:email'.</msg>
<arg>id:email</arg>
<arg>${email}</arg>
<doc>Types the given ``text`` into the text field identified by ``locator``.</doc>
<status status="PASS" start="2024-02-06T00:10:10.300574" elapsed="0.143284"/>
</kw>
<kw name="Input Text" owner="SeleniumLibrary">
<msg time="2024-02-06T00:10:10.444493" level="INFO">Typing text 'DJSDpJ0wmY27' into text field 'id:password'.</msg>
<arg>id:password</arg>
<arg>${password}</arg>
<doc>Types the given ``text`` into the text field identified by ``locator``.</doc>
<status status="PASS" start="2024-02-06T00:10:10.444167" elapsed="0.067841"/>
</kw>
<kw name="Select Checkbox" owner="SeleniumLibrary">
<msg time="2024-02-06T00:10:10.512591" level="INFO">Selecting checkbox 'id=administrador'.</msg>
<arg>id=administrador</arg>
<doc>Selects the checkbox identified by ``locator``.</doc>
<status status="PASS" start="2024-02-06T00:10:10.512321" elapsed="0.054924"/>
</kw>
<kw name="Set Suite Variable" owner="BuiltIn">
<msg time="2024-02-06T00:10:10.567929" level="INFO">${name} = Joseph Norton</msg>
<arg>${name}</arg>
<doc>Makes a variable available everywhere within the scope of the current suite.</doc>
<status status="PASS" start="2024-02-06T00:10:10.567572" elapsed="0.000411"/>
</kw>
<kw name="Set Suite Variable" owner="BuiltIn">
<msg time="2024-02-06T00:10:10.568410" level="INFO">${email} = dsmith@example.org</msg>
<arg>${email}</arg>
<doc>Makes a variable available everywhere within the scope of the current suite.</doc>
<status status="PASS" start="2024-02-06T00:10:10.568200" elapsed="0.000255"/>
</kw>
<kw name="Set Suite Variable" owner="BuiltIn">
<msg time="2024-02-06T00:10:10.568800" level="INFO">${password} = DJSDpJ0wmY27</msg>
<arg>${password}</arg>
<doc>Makes a variable available everywhere within the scope of the current suite.</doc>
<status status="PASS" start="2024-02-06T00:10:10.568601" elapsed="0.000243"/>
</kw>
<status status="PASS" start="2024-02-06T00:10:10.204835" elapsed="0.364093"/>
</kw>
<kw name="When I click in signup" owner="test_keywords_signup">
<kw name="Click Button" owner="SeleniumLibrary">
<msg time="2024-02-06T00:10:10.569719" level="INFO">Clicking button 'css=.btn.btn-primary'.</msg>
<arg>css=.btn.btn-primary</arg>
<doc>Clicks the button identified by ``locator``.</doc>
<status status="PASS" start="2024-02-06T00:10:10.569465" elapsed="0.113743"/>
</kw>
<status status="PASS" start="2024-02-06T00:10:10.569151" elapsed="0.114229"/>
</kw>
<kw name="Then the page should contain the text &quot;Cadastro realizado com sucesso&quot;" owner="test_keywords_signup" source_name="Then the page should contain the text &quot;${expected_text}&quot;">
<kw name="Wait Until Element Is Visible" owner="SeleniumLibrary">
<arg>css=.alert-dismissible</arg>
<arg>timeout=10s</arg>
<doc>Waits until the element ``locator`` is visible.</doc>
<status status="PASS" start="2024-02-06T00:10:10.684096" elapsed="0.227828"/>
</kw>
<kw name="Element Should Be Visible" owner="SeleniumLibrary">
<msg time="2024-02-06T00:10:10.926610" level="INFO">Element 'css=.alert-dismissible' is displayed.</msg>
<arg>css=.alert-dismissible</arg>
<doc>Verifies that the element identified by ``locator`` is visible.</doc>
<status status="PASS" start="2024-02-06T00:10:10.912236" elapsed="0.014477"/>
</kw>
<kw name="Page Should Contain" owner="SeleniumLibrary">
<msg time="2024-02-06T00:10:10.937892" level="INFO">Current page contains text 'Cadastro realizado com sucesso'.</msg>
<arg>${expected_text}</arg>
<doc>Verifies that current page contains ``text``.</doc>
<status status="PASS" start="2024-02-06T00:10:10.926963" elapsed="0.011041"/>
</kw>
<status status="PASS" start="2024-02-06T00:10:10.683676" elapsed="0.254477"/>
</kw>
<kw name="After Tests" owner="test_keywords_common" type="TEARDOWN">
<kw name="Close Browser" owner="SeleniumLibrary">
<doc>Closes the current browser.</doc>
<status status="PASS" start="2024-02-06T00:10:10.939073" elapsed="0.064036"/>
</kw>
<status status="PASS" start="2024-02-06T00:10:10.938598" elapsed="0.064690"/>
</kw>
<tag>e2e</tag>
<status status="PASS" start="2024-02-06T00:10:09.041363" elapsed="1.962028"/>
</test>
<test id="s1-s2-s1-t3" name="Scenario: Signup with already used email" line="23">
<kw name="Before Tests" owner="test_keywords_common" type="SETUP">
<kw name="Open Browser" owner="SeleniumLibrary">
<msg time="2024-02-06T00:10:11.005155" level="INFO">Opening browser 'headless Chrome' to base url 'https://front.serverest.dev/'.</msg>
<arg>${SERVER_BASE_URL}</arg>
<arg>${HEADLESS} ${BROWSER}</arg>
<doc>Opens a new browser instance to the optional ``url``.</doc>
<status status="PASS" start="2024-02-06T00:10:11.004850" elapsed="0.952735"/>
</kw>
<kw name="Maximize Browser Window" owner="SeleniumLibrary">
<doc>Maximizes current browser window.</doc>
<status status="PASS" start="2024-02-06T00:10:11.958293" elapsed="0.113448"/>
</kw>
<status status="PASS" start="2024-02-06T00:10:11.004478" elapsed="1.067521"/>
</kw>
<kw name="Given Im on the signup page" owner="test_keywords_signup">
<kw name="Location Should Be" owner="SeleniumLibrary">
<msg time="2024-02-06T00:10:12.077768" level="INFO">Current location is 'https://front.serverest.dev/login'.</msg>
<arg>https://front.serverest.dev/login</arg>
<doc>Verifies that the current URL is exactly ``url``.</doc>
<status status="PASS" start="2024-02-06T00:10:12.073094" elapsed="0.004768"/>
</kw>
<kw name="Click Element" owner="SeleniumLibrary">
<msg time="2024-02-06T00:10:12.078351" level="INFO">Clicking element 'css=a.btn.btn-link'.</msg>
<arg>css=a.btn.btn-link</arg>
<doc>Click the element identified by ``locator``.</doc>
<status status="PASS" start="2024-02-06T00:10:12.078073" elapsed="0.040684"/>
</kw>
<status status="PASS" start="2024-02-06T00:10:12.072488" elapsed="0.046450"/>
</kw>
<kw name="And I fill in the signup fields with an email already registered" owner="test_keywords_signup">
<kw name="Input Text" owner="SeleniumLibrary">
<msg time="2024-02-06T00:10:12.120510" level="INFO">Typing text 'Joseph Norton' into text field 'id:nome'.</msg>
<arg>id:nome</arg>
<arg>${name}</arg>
<doc>Types the given ``text`` into the text field identified by ``locator``.</doc>
<status status="PASS" start="2024-02-06T00:10:12.119807" elapsed="0.087641"/>
</kw>
<kw name="Input Text" owner="SeleniumLibrary">
<msg time="2024-02-06T00:10:12.208072" level="INFO">Typing text 'dsmith@example.org' into text field 'id:email'.</msg>
<arg>id:email</arg>
<arg>${email}</arg>
<doc>Types the given ``text`` into the text field identified by ``locator``.</doc>
<status status="PASS" start="2024-02-06T00:10:12.207749" elapsed="0.139285"/>
</kw>
<kw name="Input Text" owner="SeleniumLibrary">
<msg time="2024-02-06T00:10:12.347678" level="INFO">Typing text 'DJSDpJ0wmY27' into text field 'id:password'.</msg>
<arg>id:password</arg>
<arg>${password}</arg>
<doc>Types the given ``text`` into the text field identified by ``locator``.</doc>
<status status="PASS" start="2024-02-06T00:10:12.347346" elapsed="0.069111"/>
</kw>
<kw name="Select Checkbox" owner="SeleniumLibrary">
<msg time="2024-02-06T00:10:12.417035" level="INFO">Selecting checkbox 'id=administrador'.</msg>
<arg>id=administrador</arg>
<doc>Selects the checkbox identified by ``locator``.</doc>
<status status="PASS" start="2024-02-06T00:10:12.416764" elapsed="0.055446"/>
</kw>
<status status="PASS" start="2024-02-06T00:10:12.119351" elapsed="0.353034"/>
</kw>
<kw name="When I click in signup" owner="test_keywords_signup">
<kw name="Click Button" owner="SeleniumLibrary">
<msg time="2024-02-06T00:10:12.473250" level="INFO">Clicking button 'css=.btn.btn-primary'.</msg>
<arg>css=.btn.btn-primary</arg>
<doc>Clicks the button identified by ``locator``.</doc>
<status status="PASS" start="2024-02-06T00:10:12.473023" elapsed="0.049845"/>
</kw>
<status status="PASS" start="2024-02-06T00:10:12.472652" elapsed="0.050394"/>
</kw>
<kw name="Then the page should contain the text &quot;Este email já está sendo usado&quot;" owner="test_keywords_signup" source_name="Then the page should contain the text &quot;${expected_text}&quot;">
<kw name="Wait Until Element Is Visible" owner="SeleniumLibrary">
<arg>css=.alert-dismissible</arg>
<arg>timeout=10s</arg>
<doc>Waits until the element ``locator`` is visible.</doc>
<status status="PASS" start="2024-02-06T00:10:12.523783" elapsed="0.225315"/>
</kw>
<kw name="Element Should Be Visible" owner="SeleniumLibrary">
<msg time="2024-02-06T00:10:12.765596" level="INFO">Element 'css=.alert-dismissible' is displayed.</msg>
<arg>css=.alert-dismissible</arg>
<doc>Verifies that the element identified by ``locator`` is visible.</doc>
<status status="PASS" start="2024-02-06T00:10:12.749407" elapsed="0.016336"/>
</kw>
<kw name="Page Should Contain" owner="SeleniumLibrary">
<msg time="2024-02-06T00:10:12.778625" level="INFO">Current page contains text 'Este email já está sendo usado'.</msg>
<arg>${expected_text}</arg>
<doc>Verifies that current page contains ``text``.</doc>
<status status="PASS" start="2024-02-06T00:10:12.766050" elapsed="0.012713"/>
</kw>
<status status="PASS" start="2024-02-06T00:10:12.523362" elapsed="0.255552"/>
</kw>
<kw name="After Tests" owner="test_keywords_common" type="TEARDOWN">
<kw name="Close Browser" owner="SeleniumLibrary">
<doc>Closes the current browser.</doc>
<status status="PASS" start="2024-02-06T00:10:12.779695" elapsed="0.063198"/>
</kw>
<status status="PASS" start="2024-02-06T00:10:12.779318" elapsed="0.063802"/>
</kw>
<tag>e2e</tag>
<status status="PASS" start="2024-02-06T00:10:11.003903" elapsed="1.839303"/>
</test>
<status status="PASS" start="2024-02-06T00:10:05.826743" elapsed="7.017093"/>
</suite>
<status status="PASS" start="2024-02-06T00:10:05.825591" elapsed="7.019036"/>
</suite>
<status status="PASS" start="2024-02-06T00:10:04.959910" elapsed="7.885293"/>
</suite>
<statistics>
<total>
<stat pass="8" fail="0" skip="0">All Tests</stat>
</total>
<tag>
<stat pass="5" fail="0" skip="0">api</stat>
<stat pass="3" fail="0" skip="0">e2e</stat>
</tag>
<suite>
<stat pass="8" fail="0" skip="0" id="s1" name="Tests">Tests</stat>
<stat pass="5" fail="0" skip="0" id="s1-s1" name="Api">Tests.Api</stat>
<stat pass="5" fail="0" skip="0" id="s1-s1-s1" name="Test Api Users">Tests.Api.Test Api Users</stat>
<stat pass="3" fail="0" skip="0" id="s1-s2" name="E2E">Tests.E2E</stat>
<stat pass="3" fail="0" skip="0" id="s1-s2-s1" name="Test Ui Signup">Tests.E2E.Test Ui Signup</stat>
</suite>
</statistics>
<errors>
</errors>
</robot>
