<?xml version="1.0" encoding="UTF-8"?>
<robot generator="Robot 6.0.2 (Python 3.8.16 on linux)" generated="20230424 12:30:07.589" rpa="false" schemaversion="3">
<suite id="s1" name="Tests" source="/home/runner/work/gen-ai-robot-test/gen-ai-robot-test/tests">
<suite id="s1-s1" name="Api" source="/home/runner/work/gen-ai-robot-test/gen-ai-robot-test/tests/api">
<suite id="s1-s1-s1" name="Users" source="/home/runner/work/gen-ai-robot-test/gen-ai-robot-test/tests/api/users">
<suite id="s1-s1-s1-s1" name="Test Api Users" source="/home/runner/work/gen-ai-robot-test/gen-ai-robot-test/tests/api/users/test_api_users.robot">
<test id="s1-s1-s1-s1-t1" name="Scenario: Get all registered users" line="9">
<kw name="Before Tests" library="test_keywords_common" type="SETUP">
<kw name="Create Session" library="RequestsLibrary">
<arg>serverest</arg>
<arg>${SERVER_BASE_URL}</arg>
<arg>disable_warnings=True</arg>
<doc>Create Session: create a HTTP session to a server</doc>
<msg timestamp="20230424 12:30:08.064" level="INFO">Creating Session using : alias=serverest, url=https://serverest.dev, headers={},                     cookies={}, auth=None, timeout=None, proxies=None, verify=False,                     debug=0 </msg>
<status status="PASS" starttime="20230424 12:30:08.063" endtime="20230424 12:30:08.064"/>
</kw>
<status status="PASS" starttime="20230424 12:30:08.063" endtime="20230424 12:30:08.064"/>
</kw>
<kw name="When I request the list of all registered users" library="test_keywords_users">
<kw name="GET On Session" library="RequestsLibrary">
<var>${response}</var>
<arg>serverest</arg>
<arg>${USERS_API_ENDPOINT}</arg>
<doc>Sends a GET request on a previously created HTTP Session.</doc>
<msg timestamp="20230424 12:30:08.191" level="INFO">GET Request : url=https://serverest.dev/usuarios 
 path_url=/usuarios 
 headers={'User-Agent': 'python-requests/2.28.2', 'Accept-Encoding': 'gzip, deflate', 'Accept': '*/*', 'Connection': 'keep-alive'} 
 body=None 
 </msg>
<msg timestamp="20230424 12:30:08.192" level="INFO">GET Response : url=https://serverest.dev/usuarios 
 status=200, reason=OK 
 headers={'access-control-allow-origin': '*', 'x-dns-prefetch-control': 'off', 'x-frame-options': 'SAMEORIGIN', 'strict-transport-security': 'max-age=15552000; includeSubDomains', 'x-download-options': 'noopen', 'x-content-type-options': 'nosniff', 'x-xss-protection': '1; mode=block', 'x-moesif-transaction-id': 'e19f3922-d45c-4e78-b9ae-d411ba982837', 'content-type': 'application/json; charset=utf-8', 'X-Cloud-Trace-Context': '81b49ff9212f0b4a5fb887d96d74c8c4;o=1', 'Date': 'Mon, 24 Apr 2023 12:30:08 GMT', 'Server': 'Google Frontend', 'Content-Length': '3188'} 
 body={
    "quantidade": 14,
    "usuarios": [
        {
            "nome": "Fulano da Silva",
            "email": "fulano@qa.com",
            "password": "teste",
            "administrador": "true",
            "_id": "0uxuPY0cbmQhpEz1"
        },
        {
            "nome": "Usuario 74790",
            "email": "usuario74790@example.com",
            "password": "senha36916",
            "administrador": "true",
            "_id": "3oJpU776D6YdgcPG"
        },
        {
            "nome": "Usuario Atualizado 40685",
            "password": "senhaAtualizada25083",
            "email": "usuario25791@example.com",
            "administrador": "true",
            "_id": "73ceBOrQD0AwsEyv"
        },
        {
            "nome": "Wilbur Fadel",
            "email": "wilburfadel@test.com",
            "password": "Test;123",
            "administrador": "true",
            "_id": "8Qet9wxmM6HIdh6C"
        },
        {
            "nome": "Gary Ruecker",
            "email": "garyruecker@test.com",
            "password": "Test;123",
            "administrador": "true",
            "_id": "95uY2ynbNMCIMxu1"
        },
        {
            "nome": "Usuario 96096",
            "email": "usuario96096@example.com",
            "password": "senha36609",
            "administrador": "true",
            "_id": "GKjhwkZfoU0YkJ7h"
        },
        {
            "nome": "Rebecca Rosenbaum",
            "email": "Marcellus.Kuhn@hotmail.com",
            "password": "YNDRCPzEL6mcjwR",
            "administrador": "false",
            "_id": "InJ3SUkGN7XvFFaH"
        },
        {
            "nome": "Usuario 27693",
            "email": "usuario27693@example.com",
            "password": "senha39160",
            "administrador": "true",
            "_id": "NyoxePxH36Pxui6M"
        },
        {
            "nome": "Rafael Bercam",
            "email": "rafaelbercam@qa.com",
            "password": "1497f87adf5b352abd0360de96c041409a4ce521",
            "administrador": "true",
            "_id": "S0g84ueUf0q2ij7d"
        },
        {
            "nome": "Penny Lockman",
            "email": "pennylockman@test.com",
            "password": "Test;123",
            "administrador": "true",
            "_id": "VSx60sYXT0PMRzKR"
        },
        {
            "nome": "{{generatedName}}",
            "email": "Collin_Bradtke@example.net",
            "password": "teste",
            "administrador": "true",
            "_id": "WUB1HZZUdXqpmkz2"
        },
        {
            "nome": "Usuario Atualizado 76952",
            "password": "senhaAtualizada74779",
            "email": "usuario97168@example.com",
            "administrador": "true",
            "_id": "Y2kyiQ1KP1y09LXU"
        },
        {
            "nome": "Usuario Atualizado 22476",
            "password": "senhaAtualizada47010",
            "email": "usuario9893@example.com",
            "administrador": "true",
            "_id": "Yuye5Qea4l1bHn8c"
        },
        {
            "nome": "Emie78",
            "email": "Keshaun_Mills76@gmail.com",
            "password": "123456789",
            "administrador": "true",
            "_id": "vnAn1KEEKE1gpNKE"
        }
    ]
} 
 </msg>
<msg timestamp="20230424 12:30:08.192" level="INFO">${response} = &lt;Response [200]&gt;</msg>
<status status="PASS" starttime="20230424 12:30:08.065" endtime="20230424 12:30:08.192"/>
</kw>
<kw name="Set Test Variable" library="BuiltIn">
<arg>${response}</arg>
<doc>Makes a variable available everywhere within the scope of the current test.</doc>
<msg timestamp="20230424 12:30:08.192" level="INFO">${response} = &lt;Response [200]&gt;</msg>
<status status="PASS" starttime="20230424 12:30:08.192" endtime="20230424 12:30:08.193"/>
</kw>
<status status="PASS" starttime="20230424 12:30:08.064" endtime="20230424 12:30:08.193"/>
</kw>
<kw name="Then the response status code should be 200" library="test_keywords_users" sourcename="Then the response status code should be ${status_code}">
<kw name="Should Be Equal As Numbers" library="BuiltIn">
<arg>${response.status_code}</arg>
<arg>${status_code}</arg>
<doc>Fails if objects are unequal after converting them to real numbers.</doc>
<msg timestamp="20230424 12:30:08.194" level="INFO">Argument types are:
&lt;class 'int'&gt;
&lt;class 'str'&gt;</msg>
<status status="PASS" starttime="20230424 12:30:08.193" endtime="20230424 12:30:08.194"/>
</kw>
<kw name="Should Be True" library="BuiltIn">
<arg>${response.json()}</arg>
<doc>Fails if the given condition is not true.</doc>
<status status="PASS" starttime="20230424 12:30:08.194" endtime="20230424 12:30:08.195"/>
</kw>
<status status="PASS" starttime="20230424 12:30:08.193" endtime="20230424 12:30:08.195"/>
</kw>
<kw name="And the response body should not be empty" library="test_keywords_users">
<kw name="Should Not Be Empty" library="BuiltIn">
<arg>${response.json()}</arg>
<doc>Verifies that the given item is not empty.</doc>
<msg timestamp="20230424 12:30:08.196" level="INFO">Length is 2</msg>
<status status="PASS" starttime="20230424 12:30:08.195" endtime="20230424 12:30:08.196"/>
</kw>
<status status="PASS" starttime="20230424 12:30:08.195" endtime="20230424 12:30:08.196"/>
</kw>
<tag>api</tag>
<status status="PASS" starttime="20230424 12:30:08.062" endtime="20230424 12:30:08.196"/>
</test>
<test id="s1-s1-s1-s1-t2" name="Scenario: Create a new user" line="15">
<kw name="Before Tests" library="test_keywords_common" type="SETUP">
<kw name="Create Session" library="RequestsLibrary">
<arg>serverest</arg>
<arg>${SERVER_BASE_URL}</arg>
<arg>disable_warnings=True</arg>
<doc>Create Session: create a HTTP session to a server</doc>
<msg timestamp="20230424 12:30:08.198" level="INFO">Creating Session using : alias=serverest, url=https://serverest.dev, headers={},                     cookies={}, auth=None, timeout=None, proxies=None, verify=False,                     debug=0 </msg>
<status status="PASS" starttime="20230424 12:30:08.198" endtime="20230424 12:30:08.198"/>
</kw>
<status status="PASS" starttime="20230424 12:30:08.197" endtime="20230424 12:30:08.198"/>
</kw>
<kw name="Given I have a valid user data" library="test_keywords_users">
<kw name="Name" library="FakerLibrary">
<var>${name}</var>
<doc>:example 'John Doe'</doc>
<msg timestamp="20230424 12:30:08.199" level="INFO">${name} = Jesus Hamilton</msg>
<status status="PASS" starttime="20230424 12:30:08.199" endtime="20230424 12:30:08.199"/>
</kw>
<kw name="Email" library="FakerLibrary">
<var>${email}</var>
<msg timestamp="20230424 12:30:08.200" level="INFO">${email} = sandersregina@example.org</msg>
<status status="PASS" starttime="20230424 12:30:08.200" endtime="20230424 12:30:08.200"/>
</kw>
<kw name="Password" library="FakerLibrary">
<var>${password}</var>
<doc>Generate a random password of the specified ``length``.</doc>
<msg timestamp="20230424 12:30:08.200" level="INFO">${password} = &amp;khQA#t*9c</msg>
<status status="PASS" starttime="20230424 12:30:08.200" endtime="20230424 12:30:08.200"/>
</kw>
<kw name="Set Suite Variable" library="BuiltIn">
<arg>${name}</arg>
<doc>Makes a variable available everywhere within the scope of the current suite.</doc>
<msg timestamp="20230424 12:30:08.201" level="INFO">${name} = Jesus Hamilton</msg>
<status status="PASS" starttime="20230424 12:30:08.201" endtime="20230424 12:30:08.201"/>
</kw>
<kw name="Set Suite Variable" library="BuiltIn">
<arg>${email}</arg>
<doc>Makes a variable available everywhere within the scope of the current suite.</doc>
<msg timestamp="20230424 12:30:08.201" level="INFO">${email} = sandersregina@example.org</msg>
<status status="PASS" starttime="20230424 12:30:08.201" endtime="20230424 12:30:08.201"/>
</kw>
<kw name="Set Suite Variable" library="BuiltIn">
<arg>${password}</arg>
<doc>Makes a variable available everywhere within the scope of the current suite.</doc>
<msg timestamp="20230424 12:30:08.202" level="FAIL">Variable '${khQA#t*9c}' not found.</msg>
<status status="FAIL" starttime="20230424 12:30:08.201" endtime="20230424 12:30:08.202"/>
</kw>
<status status="FAIL" starttime="20230424 12:30:08.198" endtime="20230424 12:30:08.202"/>
</kw>
<kw name="When I create the user" library="test_keywords_users">
<status status="NOT RUN" starttime="20230424 12:30:08.202" endtime="20230424 12:30:08.202"/>
</kw>
<kw name="Then the response status code should be 201" library="test_keywords_users" sourcename="Then the response status code should be ${status_code}">
<status status="NOT RUN" starttime="20230424 12:30:08.202" endtime="20230424 12:30:08.202"/>
</kw>
<kw name="And the response body should not be empty" library="test_keywords_users">
<status status="NOT RUN" starttime="20230424 12:30:08.202" endtime="20230424 12:30:08.202"/>
</kw>
<tag>api</tag>
<status status="FAIL" starttime="20230424 12:30:08.197" endtime="20230424 12:30:08.203">Variable '${khQA#t*9c}' not found.</status>
</test>
<test id="s1-s1-s1-s1-t3" name="Scenario: Get a specific user informations" line="22">
<kw name="Before Tests" library="test_keywords_common" type="SETUP">
<kw name="Create Session" library="RequestsLibrary">
<arg>serverest</arg>
<arg>${SERVER_BASE_URL}</arg>
<arg>disable_warnings=True</arg>
<doc>Create Session: create a HTTP session to a server</doc>
<msg timestamp="20230424 12:30:08.204" level="INFO">Creating Session using : alias=serverest, url=https://serverest.dev, headers={},                     cookies={}, auth=None, timeout=None, proxies=None, verify=False,                     debug=0 </msg>
<status status="PASS" starttime="20230424 12:30:08.204" endtime="20230424 12:30:08.204"/>
</kw>
<status status="PASS" starttime="20230424 12:30:08.204" endtime="20230424 12:30:08.205"/>
</kw>
<kw name="When I request the created user" library="test_keywords_users">
<kw name="GET On Session" library="RequestsLibrary">
<var>${response}</var>
<arg>serverest</arg>
<arg>${USERS_API_ENDPOINT}/${USER_ID}</arg>
<doc>Sends a GET request on a previously created HTTP Session.</doc>
<msg timestamp="20230424 12:30:08.270" level="INFO">GET Request : url=https://serverest.dev/usuarios/ 
 path_url=/usuarios/ 
 headers={'User-Agent': 'python-requests/2.28.2', 'Accept-Encoding': 'gzip, deflate', 'Accept': '*/*', 'Connection': 'keep-alive'} 
 body=None 
 </msg>
<msg timestamp="20230424 12:30:08.270" level="INFO">GET Response : url=https://serverest.dev/usuarios/ 
 status=200, reason=OK 
 headers={'access-control-allow-origin': '*', 'x-dns-prefetch-control': 'off', 'x-frame-options': 'SAMEORIGIN', 'strict-transport-security': 'max-age=15552000; includeSubDomains', 'x-download-options': 'noopen', 'x-content-type-options': 'nosniff', 'x-xss-protection': '1; mode=block', 'x-moesif-transaction-id': 'c9ee45ae-7a16-42f0-9a53-429ae6de8b10', 'content-type': 'application/json; charset=utf-8', 'X-Cloud-Trace-Context': '06f50d5478aa38662200107171cc1576', 'Date': 'Mon, 24 Apr 2023 12:30:08 GMT', 'Server': 'Google Frontend', 'Content-Length': '3188'} 
 body={
    "quantidade": 14,
    "usuarios": [
        {
            "nome": "Fulano da Silva",
            "email": "fulano@qa.com",
            "password": "teste",
            "administrador": "true",
            "_id": "0uxuPY0cbmQhpEz1"
        },
        {
            "nome": "Usuario 74790",
            "email": "usuario74790@example.com",
            "password": "senha36916",
            "administrador": "true",
            "_id": "3oJpU776D6YdgcPG"
        },
        {
            "nome": "Usuario Atualizado 40685",
            "password": "senhaAtualizada25083",
            "email": "usuario25791@example.com",
            "administrador": "true",
            "_id": "73ceBOrQD0AwsEyv"
        },
        {
            "nome": "Wilbur Fadel",
            "email": "wilburfadel@test.com",
            "password": "Test;123",
            "administrador": "true",
            "_id": "8Qet9wxmM6HIdh6C"
        },
        {
            "nome": "Gary Ruecker",
            "email": "garyruecker@test.com",
            "password": "Test;123",
            "administrador": "true",
            "_id": "95uY2ynbNMCIMxu1"
        },
        {
            "nome": "Usuario 96096",
            "email": "usuario96096@example.com",
            "password": "senha36609",
            "administrador": "true",
            "_id": "GKjhwkZfoU0YkJ7h"
        },
        {
            "nome": "Rebecca Rosenbaum",
            "email": "Marcellus.Kuhn@hotmail.com",
            "password": "YNDRCPzEL6mcjwR",
            "administrador": "false",
            "_id": "InJ3SUkGN7XvFFaH"
        },
        {
            "nome": "Usuario 27693",
            "email": "usuario27693@example.com",
            "password": "senha39160",
            "administrador": "true",
            "_id": "NyoxePxH36Pxui6M"
        },
        {
            "nome": "Rafael Bercam",
            "email": "rafaelbercam@qa.com",
            "password": "1497f87adf5b352abd0360de96c041409a4ce521",
            "administrador": "true",
            "_id": "S0g84ueUf0q2ij7d"
        },
        {
            "nome": "Penny Lockman",
            "email": "pennylockman@test.com",
            "password": "Test;123",
            "administrador": "true",
            "_id": "VSx60sYXT0PMRzKR"
        },
        {
            "nome": "{{generatedName}}",
            "email": "Collin_Bradtke@example.net",
            "password": "teste",
            "administrador": "true",
            "_id": "WUB1HZZUdXqpmkz2"
        },
        {
            "nome": "Usuario Atualizado 76952",
            "password": "senhaAtualizada74779",
            "email": "usuario97168@example.com",
            "administrador": "true",
            "_id": "Y2kyiQ1KP1y09LXU"
        },
        {
            "nome": "Usuario Atualizado 22476",
            "password": "senhaAtualizada47010",
            "email": "usuario9893@example.com",
            "administrador": "true",
            "_id": "Yuye5Qea4l1bHn8c"
        },
        {
            "nome": "Emie78",
            "email": "Keshaun_Mills76@gmail.com",
            "password": "123456789",
            "administrador": "true",
            "_id": "vnAn1KEEKE1gpNKE"
        }
    ]
} 
 </msg>
<msg timestamp="20230424 12:30:08.270" level="INFO">${response} = &lt;Response [200]&gt;</msg>
<status status="PASS" starttime="20230424 12:30:08.205" endtime="20230424 12:30:08.270"/>
</kw>
<kw name="Set Test Variable" library="BuiltIn">
<arg>${response}</arg>
<doc>Makes a variable available everywhere within the scope of the current test.</doc>
<msg timestamp="20230424 12:30:08.271" level="INFO">${response} = &lt;Response [200]&gt;</msg>
<status status="PASS" starttime="20230424 12:30:08.270" endtime="20230424 12:30:08.271"/>
</kw>
<status status="PASS" starttime="20230424 12:30:08.205" endtime="20230424 12:30:08.271"/>
</kw>
<kw name="Then the response status code should be 200" library="test_keywords_users" sourcename="Then the response status code should be ${status_code}">
<kw name="Should Be Equal As Numbers" library="BuiltIn">
<arg>${response.status_code}</arg>
<arg>${status_code}</arg>
<doc>Fails if objects are unequal after converting them to real numbers.</doc>
<msg timestamp="20230424 12:30:08.272" level="INFO">Argument types are:
&lt;class 'int'&gt;
&lt;class 'str'&gt;</msg>
<status status="PASS" starttime="20230424 12:30:08.272" endtime="20230424 12:30:08.272"/>
</kw>
<kw name="Should Be True" library="BuiltIn">
<arg>${response.json()}</arg>
<doc>Fails if the given condition is not true.</doc>
<status status="PASS" starttime="20230424 12:30:08.273" endtime="20230424 12:30:08.273"/>
</kw>
<status status="PASS" starttime="20230424 12:30:08.271" endtime="20230424 12:30:08.273"/>
</kw>
<kw name="And the response body should not be empty" library="test_keywords_users">
<kw name="Should Not Be Empty" library="BuiltIn">
<arg>${response.json()}</arg>
<doc>Verifies that the given item is not empty.</doc>
<msg timestamp="20230424 12:30:08.274" level="INFO">Length is 2</msg>
<status status="PASS" starttime="20230424 12:30:08.274" endtime="20230424 12:30:08.274"/>
</kw>
<status status="PASS" starttime="20230424 12:30:08.273" endtime="20230424 12:30:08.274"/>
</kw>
<tag>api</tag>
<status status="PASS" starttime="20230424 12:30:08.203" endtime="20230424 12:30:08.275"/>
</test>
<test id="s1-s1-s1-s1-t4" name="Scenario: Update the created user" line="28">
<kw name="Before Tests" library="test_keywords_common" type="SETUP">
<kw name="Create Session" library="RequestsLibrary">
<arg>serverest</arg>
<arg>${SERVER_BASE_URL}</arg>
<arg>disable_warnings=True</arg>
<doc>Create Session: create a HTTP session to a server</doc>
<msg timestamp="20230424 12:30:08.276" level="INFO">Creating Session using : alias=serverest, url=https://serverest.dev, headers={},                     cookies={}, auth=None, timeout=None, proxies=None, verify=False,                     debug=0 </msg>
<status status="PASS" starttime="20230424 12:30:08.276" endtime="20230424 12:30:08.276"/>
</kw>
<status status="PASS" starttime="20230424 12:30:08.275" endtime="20230424 12:30:08.277"/>
</kw>
<kw name="When I update the created user" library="test_keywords_users">
<kw name="Create Dictionary" library="BuiltIn">
<var>${payload}</var>
<arg>nome=John Smith</arg>
<arg>email=john.smith@example.com</arg>
<arg>password=P@ssw0rd123</arg>
<arg>administrador=false</arg>
<doc>Creates and returns a dictionary based on the given ``items``.</doc>
<msg timestamp="20230424 12:30:08.277" level="INFO">${payload} = {'nome': 'John Smith', 'email': 'john.smith@example.com', 'password': 'P@ssw0rd123', 'administrador': 'false'}</msg>
<status status="PASS" starttime="20230424 12:30:08.277" endtime="20230424 12:30:08.277"/>
</kw>
<kw name="Create Dictionary" library="BuiltIn">
<var>${headers}</var>
<arg>Content-Type=application/json</arg>
<doc>Creates and returns a dictionary based on the given ``items``.</doc>
<msg timestamp="20230424 12:30:08.278" level="INFO">${headers} = {'Content-Type': 'application/json'}</msg>
<status status="PASS" starttime="20230424 12:30:08.277" endtime="20230424 12:30:08.278"/>
</kw>
<kw name="PUT On Session" library="RequestsLibrary">
<var>${response}</var>
<arg>serverest</arg>
<arg>${USERS_API_ENDPOINT}/${USER_ID}</arg>
<arg>json=${payload}</arg>
<arg>headers=${headers}</arg>
<doc>Sends a PUT request on a previously created HTTP Session.</doc>
<msg timestamp="20230424 12:30:08.342" level="INFO">PUT Request : url=https://serverest.dev/usuarios/ 
 path_url=/usuarios/ 
 headers={'User-Agent': 'python-requests/2.28.2', 'Accept-Encoding': 'gzip, deflate', 'Accept': '*/*', 'Connection': 'keep-alive', 'Content-Type': 'application/json', 'Content-Length': '110'} 
 body=b'{"nome": "John Smith", "email": "john.smith@example.com", "password": "P@ssw0rd123", "administrador": "false"}' 
 </msg>
<msg timestamp="20230424 12:30:08.343" level="INFO">PUT Response : url=https://serverest.dev/usuarios/ 
 status=405, reason=Method Not Allowed 
 headers={'access-control-allow-origin': '*', 'x-dns-prefetch-control': 'off', 'x-frame-options': 'SAMEORIGIN', 'strict-transport-security': 'max-age=15552000; includeSubDomains', 'x-download-options': 'noopen', 'x-content-type-options': 'nosniff', 'x-xss-protection': '1; mode=block', 'x-moesif-transaction-id': '070293a8-8190-47ca-bdbd-e5151334646f', 'content-type': 'application/json; charset=utf-8', 'X-Cloud-Trace-Context': '299370471132ff6cdcca4097a42ae38f', 'Date': 'Mon, 24 Apr 2023 12:30:08 GMT', 'Server': 'Google Frontend', 'Content-Length': '147'} 
 body={
    "message": "Não é possível realizar PUT em /usuarios/. Acesse https://serverest.dev para ver as rotas disponíveis e como utilizá-las."
} 
 </msg>
<msg timestamp="20230424 12:30:08.343" level="FAIL">HTTPError: 405 Client Error: Method Not Allowed for url: https://serverest.dev/usuarios/</msg>
<status status="FAIL" starttime="20230424 12:30:08.278" endtime="20230424 12:30:08.344"/>
</kw>
<kw name="Set Test Variable" library="BuiltIn">
<arg>${response}</arg>
<doc>Makes a variable available everywhere within the scope of the current test.</doc>
<status status="NOT RUN" starttime="20230424 12:30:08.344" endtime="20230424 12:30:08.345"/>
</kw>
<status status="FAIL" starttime="20230424 12:30:08.277" endtime="20230424 12:30:08.345"/>
</kw>
<kw name="Then the response status code should be 200" library="test_keywords_users" sourcename="Then the response status code should be ${status_code}">
<status status="NOT RUN" starttime="20230424 12:30:08.345" endtime="20230424 12:30:08.345"/>
</kw>
<kw name="And the response body should not be empty" library="test_keywords_users">
<status status="NOT RUN" starttime="20230424 12:30:08.345" endtime="20230424 12:30:08.345"/>
</kw>
<tag>api</tag>
<status status="FAIL" starttime="20230424 12:30:08.275" endtime="20230424 12:30:08.345">HTTPError: 405 Client Error: Method Not Allowed for url: https://serverest.dev/usuarios/</status>
</test>
<test id="s1-s1-s1-s1-t5" name="Scenario: Delete the created user" line="34">
<kw name="Before Tests" library="test_keywords_common" type="SETUP">
<kw name="Create Session" library="RequestsLibrary">
<arg>serverest</arg>
<arg>${SERVER_BASE_URL}</arg>
<arg>disable_warnings=True</arg>
<doc>Create Session: create a HTTP session to a server</doc>
<msg timestamp="20230424 12:30:08.347" level="INFO">Creating Session using : alias=serverest, url=https://serverest.dev, headers={},                     cookies={}, auth=None, timeout=None, proxies=None, verify=False,                     debug=0 </msg>
<status status="PASS" starttime="20230424 12:30:08.346" endtime="20230424 12:30:08.347"/>
</kw>
<status status="PASS" starttime="20230424 12:30:08.346" endtime="20230424 12:30:08.347"/>
</kw>
<kw name="When I delete the created user" library="test_keywords_users">
<kw name="DELETE On Session" library="RequestsLibrary">
<var>${response}</var>
<arg>serverest</arg>
<arg>${USERS_API_ENDPOINT}/${USER_ID}</arg>
<doc>Sends a DELETE request on a previously created HTTP Session.</doc>
<msg timestamp="20230424 12:30:08.413" level="INFO">DELETE Request : url=https://serverest.dev/usuarios/ 
 path_url=/usuarios/ 
 headers={'User-Agent': 'python-requests/2.28.2', 'Accept-Encoding': 'gzip, deflate', 'Accept': '*/*', 'Connection': 'keep-alive', 'Content-Length': '0'} 
 body=None 
 </msg>
<msg timestamp="20230424 12:30:08.413" level="INFO">DELETE Response : url=https://serverest.dev/usuarios/ 
 status=405, reason=Method Not Allowed 
 headers={'access-control-allow-origin': '*', 'x-dns-prefetch-control': 'off', 'x-frame-options': 'SAMEORIGIN', 'strict-transport-security': 'max-age=15552000; includeSubDomains', 'x-download-options': 'noopen', 'x-content-type-options': 'nosniff', 'x-xss-protection': '1; mode=block', 'x-moesif-transaction-id': 'cc9fe94d-752d-4245-a924-538e685b3029', 'content-type': 'application/json; charset=utf-8', 'X-Cloud-Trace-Context': '467ee032e22177e776833d1feaa80675', 'Date': 'Mon, 24 Apr 2023 12:30:08 GMT', 'Server': 'Google Frontend', 'Content-Length': '150'} 
 body={
    "message": "Não é possível realizar DELETE em /usuarios/. Acesse https://serverest.dev para ver as rotas disponíveis e como utilizá-las."
} 
 </msg>
<msg timestamp="20230424 12:30:08.414" level="FAIL">HTTPError: 405 Client Error: Method Not Allowed for url: https://serverest.dev/usuarios/</msg>
<status status="FAIL" starttime="20230424 12:30:08.347" endtime="20230424 12:30:08.414"/>
</kw>
<kw name="Set Test Variable" library="BuiltIn">
<arg>${response}</arg>
<doc>Makes a variable available everywhere within the scope of the current test.</doc>
<status status="NOT RUN" starttime="20230424 12:30:08.414" endtime="20230424 12:30:08.414"/>
</kw>
<status status="FAIL" starttime="20230424 12:30:08.347" endtime="20230424 12:30:08.414"/>
</kw>
<kw name="Then the response status code should be 200" library="test_keywords_users" sourcename="Then the response status code should be ${status_code}">
<status status="NOT RUN" starttime="20230424 12:30:08.414" endtime="20230424 12:30:08.414"/>
</kw>
<kw name="And the response body should not be empty" library="test_keywords_users">
<status status="NOT RUN" starttime="20230424 12:30:08.415" endtime="20230424 12:30:08.415"/>
</kw>
<tag>api</tag>
<status status="FAIL" starttime="20230424 12:30:08.346" endtime="20230424 12:30:08.415">HTTPError: 405 Client Error: Method Not Allowed for url: https://serverest.dev/usuarios/</status>
</test>
<status status="FAIL" starttime="20230424 12:30:07.612" endtime="20230424 12:30:08.415"/>
</suite>
<status status="FAIL" starttime="20230424 12:30:07.610" endtime="20230424 12:30:08.417"/>
</suite>
<status status="FAIL" starttime="20230424 12:30:07.608" endtime="20230424 12:30:08.417"/>
</suite>
<suite id="s1-s2" name="Ui" source="/home/runner/work/gen-ai-robot-test/gen-ai-robot-test/tests/ui">
<suite id="s1-s2-s1" name="Login" source="/home/runner/work/gen-ai-robot-test/gen-ai-robot-test/tests/ui/login">
<suite id="s1-s2-s1-s1" name="Test Ui Login" source="/home/runner/work/gen-ai-robot-test/gen-ai-robot-test/tests/ui/login/test_ui_login.robot">
<test id="s1-s2-s1-s1-t1" name="Scenario: Log in to Sauce Demo with Standard User" line="10">
<kw name="Before Tests" library="test_keywords_common" type="SETUP">
<kw name="Open Browser" library="SeleniumLibrary">
<arg>${SERVER_BASE_URL}</arg>
<arg>${HEADLESS} ${BROWSER}</arg>
<doc>Opens a new browser instance to the optional ``url``.</doc>
<msg timestamp="20230424 12:30:08.429" level="INFO">Opening browser 'headless Chrome' to base url 'https://www.saucedemo.com/'.</msg>
<status status="PASS" starttime="20230424 12:30:08.428" endtime="20230424 12:30:09.885"/>
</kw>
<kw name="Maximize Browser Window" library="SeleniumLibrary">
<doc>Maximizes current browser window.</doc>
<status status="PASS" starttime="20230424 12:30:09.886" endtime="20230424 12:30:09.996"/>
</kw>
<status status="PASS" starttime="20230424 12:30:08.428" endtime="20230424 12:30:09.996"/>
</kw>
<kw name="Given Im on the main application page" library="test_keywords_login">
<kw name="Go To" library="SeleniumLibrary">
<arg>${SERVER_BASE_URL}</arg>
<doc>Navigates the current browser window to the provided ``url``.</doc>
<msg timestamp="20230424 12:30:09.997" level="INFO">Opening url 'https://www.saucedemo.com/'</msg>
<status status="PASS" starttime="20230424 12:30:09.997" endtime="20230424 12:30:10.056"/>
</kw>
<kw name="Location Should Be" library="SeleniumLibrary">
<arg>${SERVER_BASE_URL}</arg>
<doc>Verifies that the current URL is exactly ``url``.</doc>
<msg timestamp="20230424 12:30:10.060" level="INFO">Current location is 'https://www.saucedemo.com/'.</msg>
<status status="PASS" starttime="20230424 12:30:10.056" endtime="20230424 12:30:10.060"/>
</kw>
<status status="PASS" starttime="20230424 12:30:09.997" endtime="20230424 12:30:10.060"/>
</kw>
<kw name="When I log in with credentials" library="test_keywords_login">
<arg>standard_user</arg>
<arg>secret_sauce</arg>
<kw name="Input Text" library="SeleniumLibrary">
<arg>id:user-name</arg>
<arg>${username}</arg>
<doc>Types the given ``text`` into the text field identified by ``locator``.</doc>
<msg timestamp="20230424 12:30:10.062" level="INFO">Typing text 'standard_user' into text field 'id:user-name'.</msg>
<status status="PASS" starttime="20230424 12:30:10.061" endtime="20230424 12:30:10.157"/>
</kw>
<kw name="Input Text" library="SeleniumLibrary">
<arg>id:password</arg>
<arg>${password}</arg>
<doc>Types the given ``text`` into the text field identified by ``locator``.</doc>
<msg timestamp="20230424 12:30:10.157" level="INFO">Typing text 'secret_sauce' into text field 'id:password'.</msg>
<status status="PASS" starttime="20230424 12:30:10.157" endtime="20230424 12:30:10.244"/>
</kw>
<kw name="Click Button" library="SeleniumLibrary">
<arg>id:login-button</arg>
<doc>Clicks the button identified by ``locator``.</doc>
<msg timestamp="20230424 12:30:10.245" level="INFO">Clicking button 'id:login-button'.</msg>
<status status="PASS" starttime="20230424 12:30:10.244" endtime="20230424 12:30:10.347"/>
</kw>
<status status="PASS" starttime="20230424 12:30:10.060" endtime="20230424 12:30:10.347"/>
</kw>
<kw name="And the Inventory page loads" library="test_keywords_login">
<kw name="Location Should Be" library="SeleniumLibrary">
<arg>https://www.saucedemo.com/inventory.html</arg>
<doc>Verifies that the current URL is exactly ``url``.</doc>
<msg timestamp="20230424 12:30:10.358" level="INFO">Current location is 'https://www.saucedemo.com/inventory.html'.</msg>
<status status="PASS" starttime="20230424 12:30:10.347" endtime="20230424 12:30:10.358"/>
</kw>
<status status="PASS" starttime="20230424 12:30:10.347" endtime="20230424 12:30:10.359"/>
</kw>
<kw name="Then the page should contain the text &quot;Products&quot;" library="test_keywords_login" sourcename="Then the page should contain the text &quot;${expected_text}&quot;">
<kw name="Page Should Contain" library="SeleniumLibrary">
<arg>${expected_text}</arg>
<doc>Verifies that current page contains ``text``.</doc>
<msg timestamp="20230424 12:30:10.372" level="INFO">Current page contains text 'Products'.</msg>
<status status="PASS" starttime="20230424 12:30:10.359" endtime="20230424 12:30:10.373"/>
</kw>
<status status="PASS" starttime="20230424 12:30:10.359" endtime="20230424 12:30:10.373"/>
</kw>
<kw name="After Tests" library="test_keywords_common" type="TEARDOWN">
<kw name="Close Browser" library="SeleniumLibrary">
<doc>Closes the current browser.</doc>
<status status="PASS" starttime="20230424 12:30:10.373" endtime="20230424 12:30:10.431"/>
</kw>
<status status="PASS" starttime="20230424 12:30:10.373" endtime="20230424 12:30:10.431"/>
</kw>
<tag>ui</tag>
<status status="PASS" starttime="20230424 12:30:08.427" endtime="20230424 12:30:10.431"/>
</test>
<test id="s1-s2-s1-s1-t2" name="Scenario: Log in to Sauce Demo with Locked Out User" line="17">
<kw name="Before Tests" library="test_keywords_common" type="SETUP">
<kw name="Open Browser" library="SeleniumLibrary">
<arg>${SERVER_BASE_URL}</arg>
<arg>${HEADLESS} ${BROWSER}</arg>
<doc>Opens a new browser instance to the optional ``url``.</doc>
<msg timestamp="20230424 12:30:10.433" level="INFO">Opening browser 'headless Chrome' to base url 'https://www.saucedemo.com/'.</msg>
<status status="PASS" starttime="20230424 12:30:10.432" endtime="20230424 12:30:11.231"/>
</kw>
<kw name="Maximize Browser Window" library="SeleniumLibrary">
<doc>Maximizes current browser window.</doc>
<status status="PASS" starttime="20230424 12:30:11.231" endtime="20230424 12:30:11.338"/>
</kw>
<status status="PASS" starttime="20230424 12:30:10.432" endtime="20230424 12:30:11.338"/>
</kw>
<kw name="Given Im on the main application page" library="test_keywords_login">
<kw name="Go To" library="SeleniumLibrary">
<arg>${SERVER_BASE_URL}</arg>
<doc>Navigates the current browser window to the provided ``url``.</doc>
<msg timestamp="20230424 12:30:11.339" level="INFO">Opening url 'https://www.saucedemo.com/'</msg>
<status status="PASS" starttime="20230424 12:30:11.339" endtime="20230424 12:30:11.391"/>
</kw>
<kw name="Location Should Be" library="SeleniumLibrary">
<arg>${SERVER_BASE_URL}</arg>
<doc>Verifies that the current URL is exactly ``url``.</doc>
<msg timestamp="20230424 12:30:11.395" level="INFO">Current location is 'https://www.saucedemo.com/'.</msg>
<status status="PASS" starttime="20230424 12:30:11.391" endtime="20230424 12:30:11.395"/>
</kw>
<status status="PASS" starttime="20230424 12:30:11.338" endtime="20230424 12:30:11.395"/>
</kw>
<kw name="When I log in with credentials" library="test_keywords_login">
<arg>locked_out_user</arg>
<arg>secret_sauce</arg>
<kw name="Input Text" library="SeleniumLibrary">
<arg>id:user-name</arg>
<arg>${username}</arg>
<doc>Types the given ``text`` into the text field identified by ``locator``.</doc>
<msg timestamp="20230424 12:30:11.396" level="INFO">Typing text 'locked_out_user' into text field 'id:user-name'.</msg>
<status status="PASS" starttime="20230424 12:30:11.396" endtime="20230424 12:30:11.485"/>
</kw>
<kw name="Input Text" library="SeleniumLibrary">
<arg>id:password</arg>
<arg>${password}</arg>
<doc>Types the given ``text`` into the text field identified by ``locator``.</doc>
<msg timestamp="20230424 12:30:11.485" level="INFO">Typing text 'secret_sauce' into text field 'id:password'.</msg>
<status status="PASS" starttime="20230424 12:30:11.485" endtime="20230424 12:30:11.567"/>
</kw>
<kw name="Click Button" library="SeleniumLibrary">
<arg>id:login-button</arg>
<doc>Clicks the button identified by ``locator``.</doc>
<msg timestamp="20230424 12:30:11.568" level="INFO">Clicking button 'id:login-button'.</msg>
<status status="PASS" starttime="20230424 12:30:11.568" endtime="20230424 12:30:11.621"/>
</kw>
<status status="PASS" starttime="20230424 12:30:11.395" endtime="20230424 12:30:11.621"/>
</kw>
<kw name="Then the locked out message should be displayed" library="test_keywords_login">
<kw name="Element Should Be Visible" library="SeleniumLibrary">
<arg>class:error-message-container</arg>
<doc>Verifies that the element identified by ``locator`` is visible.</doc>
<msg timestamp="20230424 12:30:11.644" level="INFO">Element 'class:error-message-container' is displayed.</msg>
<status status="PASS" starttime="20230424 12:30:11.621" endtime="20230424 12:30:11.644"/>
</kw>
<status status="PASS" starttime="20230424 12:30:11.621" endtime="20230424 12:30:11.644"/>
</kw>
<kw name="After Tests" library="test_keywords_common" type="TEARDOWN">
<kw name="Close Browser" library="SeleniumLibrary">
<doc>Closes the current browser.</doc>
<status status="PASS" starttime="20230424 12:30:11.645" endtime="20230424 12:30:11.702"/>
</kw>
<status status="PASS" starttime="20230424 12:30:11.644" endtime="20230424 12:30:11.702"/>
</kw>
<tag>ui</tag>
<status status="PASS" starttime="20230424 12:30:10.431" endtime="20230424 12:30:11.702"/>
</test>
<test id="s1-s2-s1-s1-t3" name="Scenario: Log in to Sauce Demo with Problem User" line="23">
<kw name="Before Tests" library="test_keywords_common" type="SETUP">
<kw name="Open Browser" library="SeleniumLibrary">
<arg>${SERVER_BASE_URL}</arg>
<arg>${HEADLESS} ${BROWSER}</arg>
<doc>Opens a new browser instance to the optional ``url``.</doc>
<msg timestamp="20230424 12:30:11.704" level="INFO">Opening browser 'headless Chrome' to base url 'https://www.saucedemo.com/'.</msg>
<status status="PASS" starttime="20230424 12:30:11.704" endtime="20230424 12:30:12.564"/>
</kw>
<kw name="Maximize Browser Window" library="SeleniumLibrary">
<doc>Maximizes current browser window.</doc>
<status status="PASS" starttime="20230424 12:30:12.565" endtime="20230424 12:30:12.669"/>
</kw>
<status status="PASS" starttime="20230424 12:30:11.703" endtime="20230424 12:30:12.669"/>
</kw>
<kw name="Given Im on the main application page" library="test_keywords_login">
<kw name="Go To" library="SeleniumLibrary">
<arg>${SERVER_BASE_URL}</arg>
<doc>Navigates the current browser window to the provided ``url``.</doc>
<msg timestamp="20230424 12:30:12.671" level="INFO">Opening url 'https://www.saucedemo.com/'</msg>
<status status="PASS" starttime="20230424 12:30:12.670" endtime="20230424 12:30:12.724"/>
</kw>
<kw name="Location Should Be" library="SeleniumLibrary">
<arg>${SERVER_BASE_URL}</arg>
<doc>Verifies that the current URL is exactly ``url``.</doc>
<msg timestamp="20230424 12:30:12.729" level="INFO">Current location is 'https://www.saucedemo.com/'.</msg>
<status status="PASS" starttime="20230424 12:30:12.724" endtime="20230424 12:30:12.729"/>
</kw>
<status status="PASS" starttime="20230424 12:30:12.670" endtime="20230424 12:30:12.729"/>
</kw>
<kw name="When I log in with credentials" library="test_keywords_login">
<arg>problem_user</arg>
<arg>secret_sauce</arg>
<kw name="Input Text" library="SeleniumLibrary">
<arg>id:user-name</arg>
<arg>${username}</arg>
<doc>Types the given ``text`` into the text field identified by ``locator``.</doc>
<msg timestamp="20230424 12:30:12.730" level="INFO">Typing text 'problem_user' into text field 'id:user-name'.</msg>
<status status="PASS" starttime="20230424 12:30:12.730" endtime="20230424 12:30:12.822"/>
</kw>
<kw name="Input Text" library="SeleniumLibrary">
<arg>id:password</arg>
<arg>${password}</arg>
<doc>Types the given ``text`` into the text field identified by ``locator``.</doc>
<msg timestamp="20230424 12:30:12.823" level="INFO">Typing text 'secret_sauce' into text field 'id:password'.</msg>
<status status="PASS" starttime="20230424 12:30:12.822" endtime="20230424 12:30:12.905"/>
</kw>
<kw name="Click Button" library="SeleniumLibrary">
<arg>id:login-button</arg>
<doc>Clicks the button identified by ``locator``.</doc>
<msg timestamp="20230424 12:30:12.906" level="INFO">Clicking button 'id:login-button'.</msg>
<status status="PASS" starttime="20230424 12:30:12.905" endtime="20230424 12:30:12.989"/>
</kw>
<status status="PASS" starttime="20230424 12:30:12.729" endtime="20230424 12:30:12.989"/>
</kw>
<kw name="And the Inventory page loads" library="test_keywords_login">
<kw name="Location Should Be" library="SeleniumLibrary">
<arg>https://www.saucedemo.com/inventory.html</arg>
<doc>Verifies that the current URL is exactly ``url``.</doc>
<msg timestamp="20230424 12:30:13.004" level="INFO">Current location is 'https://www.saucedemo.com/inventory.html'.</msg>
<status status="PASS" starttime="20230424 12:30:12.989" endtime="20230424 12:30:13.004"/>
</kw>
<status status="PASS" starttime="20230424 12:30:12.989" endtime="20230424 12:30:13.004"/>
</kw>
<kw name="Then the page should contain the text &quot;Products&quot;" library="test_keywords_login" sourcename="Then the page should contain the text &quot;${expected_text}&quot;">
<kw name="Page Should Contain" library="SeleniumLibrary">
<arg>${expected_text}</arg>
<doc>Verifies that current page contains ``text``.</doc>
<msg timestamp="20230424 12:30:13.018" level="INFO">Current page contains text 'Products'.</msg>
<status status="PASS" starttime="20230424 12:30:13.005" endtime="20230424 12:30:13.018"/>
</kw>
<status status="PASS" starttime="20230424 12:30:13.005" endtime="20230424 12:30:13.019"/>
</kw>
<kw name="After Tests" library="test_keywords_common" type="TEARDOWN">
<kw name="Close Browser" library="SeleniumLibrary">
<doc>Closes the current browser.</doc>
<status status="PASS" starttime="20230424 12:30:13.019" endtime="20230424 12:30:13.079"/>
</kw>
<status status="PASS" starttime="20230424 12:30:13.019" endtime="20230424 12:30:13.079"/>
</kw>
<tag>ui</tag>
<status status="PASS" starttime="20230424 12:30:11.703" endtime="20230424 12:30:13.079"/>
</test>
<test id="s1-s2-s1-s1-t4" name="Scenario: Log in to Sauce Demo with Performance Glitch User" line="30">
<kw name="Before Tests" library="test_keywords_common" type="SETUP">
<kw name="Open Browser" library="SeleniumLibrary">
<arg>${SERVER_BASE_URL}</arg>
<arg>${HEADLESS} ${BROWSER}</arg>
<doc>Opens a new browser instance to the optional ``url``.</doc>
<msg timestamp="20230424 12:30:13.081" level="INFO">Opening browser 'headless Chrome' to base url 'https://www.saucedemo.com/'.</msg>
<status status="PASS" starttime="20230424 12:30:13.080" endtime="20230424 12:30:13.887"/>
</kw>
<kw name="Maximize Browser Window" library="SeleniumLibrary">
<doc>Maximizes current browser window.</doc>
<status status="PASS" starttime="20230424 12:30:13.888" endtime="20230424 12:30:13.992"/>
</kw>
<status status="PASS" starttime="20230424 12:30:13.080" endtime="20230424 12:30:13.992"/>
</kw>
<kw name="Given Im on the main application page" library="test_keywords_login">
<kw name="Go To" library="SeleniumLibrary">
<arg>${SERVER_BASE_URL}</arg>
<doc>Navigates the current browser window to the provided ``url``.</doc>
<msg timestamp="20230424 12:30:13.993" level="INFO">Opening url 'https://www.saucedemo.com/'</msg>
<status status="PASS" starttime="20230424 12:30:13.993" endtime="20230424 12:30:14.040"/>
</kw>
<kw name="Location Should Be" library="SeleniumLibrary">
<arg>${SERVER_BASE_URL}</arg>
<doc>Verifies that the current URL is exactly ``url``.</doc>
<msg timestamp="20230424 12:30:14.046" level="INFO">Current location is 'https://www.saucedemo.com/'.</msg>
<status status="PASS" starttime="20230424 12:30:14.041" endtime="20230424 12:30:14.046"/>
</kw>
<status status="PASS" starttime="20230424 12:30:13.993" endtime="20230424 12:30:14.046"/>
</kw>
<kw name="When I log in with credentials" library="test_keywords_login">
<arg>performance_glitch_user</arg>
<arg>secret_sauce</arg>
<kw name="Input Text" library="SeleniumLibrary">
<arg>id:user-name</arg>
<arg>${username}</arg>
<doc>Types the given ``text`` into the text field identified by ``locator``.</doc>
<msg timestamp="20230424 12:30:14.048" level="INFO">Typing text 'performance_glitch_user' into text field 'id:user-name'.</msg>
<status status="PASS" starttime="20230424 12:30:14.047" endtime="20230424 12:30:14.148"/>
</kw>
<kw name="Input Text" library="SeleniumLibrary">
<arg>id:password</arg>
<arg>${password}</arg>
<doc>Types the given ``text`` into the text field identified by ``locator``.</doc>
<msg timestamp="20230424 12:30:14.148" level="INFO">Typing text 'secret_sauce' into text field 'id:password'.</msg>
<status status="PASS" starttime="20230424 12:30:14.148" endtime="20230424 12:30:14.231"/>
</kw>
<kw name="Click Button" library="SeleniumLibrary">
<arg>id:login-button</arg>
<doc>Clicks the button identified by ``locator``.</doc>
<msg timestamp="20230424 12:30:14.231" level="INFO">Clicking button 'id:login-button'.</msg>
<status status="PASS" starttime="20230424 12:30:14.231" endtime="20230424 12:30:19.321"/>
</kw>
<status status="PASS" starttime="20230424 12:30:14.047" endtime="20230424 12:30:19.322"/>
</kw>
<kw name="And the Inventory page loads" library="test_keywords_login">
<kw name="Location Should Be" library="SeleniumLibrary">
<arg>https://www.saucedemo.com/inventory.html</arg>
<doc>Verifies that the current URL is exactly ``url``.</doc>
<msg timestamp="20230424 12:30:19.336" level="INFO">Current location is 'https://www.saucedemo.com/inventory.html'.</msg>
<status status="PASS" starttime="20230424 12:30:19.322" endtime="20230424 12:30:19.336"/>
</kw>
<status status="PASS" starttime="20230424 12:30:19.322" endtime="20230424 12:30:19.336"/>
</kw>
<kw name="Then the page should contain the text &quot;Products&quot;" library="test_keywords_login" sourcename="Then the page should contain the text &quot;${expected_text}&quot;">
<kw name="Page Should Contain" library="SeleniumLibrary">
<arg>${expected_text}</arg>
<doc>Verifies that current page contains ``text``.</doc>
<msg timestamp="20230424 12:30:19.350" level="INFO">Current page contains text 'Products'.</msg>
<status status="PASS" starttime="20230424 12:30:19.337" endtime="20230424 12:30:19.350"/>
</kw>
<status status="PASS" starttime="20230424 12:30:19.336" endtime="20230424 12:30:19.350"/>
</kw>
<kw name="After Tests" library="test_keywords_common" type="TEARDOWN">
<kw name="Close Browser" library="SeleniumLibrary">
<doc>Closes the current browser.</doc>
<status status="PASS" starttime="20230424 12:30:19.351" endtime="20230424 12:30:19.408"/>
</kw>
<status status="PASS" starttime="20230424 12:30:19.350" endtime="20230424 12:30:19.408"/>
</kw>
<tag>ui</tag>
<status status="PASS" starttime="20230424 12:30:13.079" endtime="20230424 12:30:19.408"/>
</test>
<status status="PASS" starttime="20230424 12:30:08.421" endtime="20230424 12:30:19.409"/>
</suite>
<status status="PASS" starttime="20230424 12:30:08.420" endtime="20230424 12:30:19.411"/>
</suite>
<status status="PASS" starttime="20230424 12:30:08.418" endtime="20230424 12:30:19.412"/>
</suite>
<status status="FAIL" starttime="20230424 12:30:07.590" endtime="20230424 12:30:19.413"/>
</suite>
<statistics>
<total>
<stat pass="6" fail="3" skip="0">All Tests</stat>
</total>
<tag>
<stat pass="2" fail="3" skip="0">api</stat>
<stat pass="4" fail="0" skip="0">ui</stat>
</tag>
<suite>
<stat pass="6" fail="3" skip="0" id="s1" name="Tests">Tests</stat>
<stat pass="2" fail="3" skip="0" id="s1-s1" name="Api">Tests.Api</stat>
<stat pass="2" fail="3" skip="0" id="s1-s1-s1" name="Users">Tests.Api.Users</stat>
<stat pass="2" fail="3" skip="0" id="s1-s1-s1-s1" name="Test Api Users">Tests.Api.Users.Test Api Users</stat>
<stat pass="4" fail="0" skip="0" id="s1-s2" name="Ui">Tests.Ui</stat>
<stat pass="4" fail="0" skip="0" id="s1-s2-s1" name="Login">Tests.Ui.Login</stat>
<stat pass="4" fail="0" skip="0" id="s1-s2-s1-s1" name="Test Ui Login">Tests.Ui.Login.Test Ui Login</stat>
</suite>
</statistics>
<errors>
</errors>
</robot>
