<?xml version="1.0" encoding="UTF-8"?>
<robot generator="Robot 7.0 (Python 3.8.18 on linux)" generated="2024-03-05T00:10:17.432364" rpa="false" schemaversion="5">
<suite id="s1" name="Tests" source="/home/runner/work/gen-ai-robot-test/gen-ai-robot-test/tests">
<suite id="s1-s1" name="Api" source="/home/runner/work/gen-ai-robot-test/gen-ai-robot-test/tests/api">
<suite id="s1-s1-s1" name="Test Api Users" source="/home/runner/work/gen-ai-robot-test/gen-ai-robot-test/tests/api/test_api_users.robot">
<test id="s1-s1-s1-t1" name="Scenario: Get all registered users" line="9">
<kw name="Before Tests" owner="test_keywords_common" type="SETUP">
<kw name="Create Session" owner="RequestsLibrary">
<msg time="2024-03-05T00:10:18.472680" level="INFO">Creating Session using : alias=serverest, url=https://serverest.dev, headers={},                     cookies={}, auth=None, timeout=None, proxies=None, verify=False,                     debug=0 </msg>
<arg>serverest</arg>
<arg>${SERVER_BASE_URL}</arg>
<arg>disable_warnings=True</arg>
<doc>Create Session: create a HTTP session to a server</doc>
<status status="PASS" start="2024-03-05T00:10:18.472342" elapsed="0.000672"/>
</kw>
<status status="PASS" start="2024-03-05T00:10:18.471042" elapsed="0.002100"/>
</kw>
<kw name="When I request the list of all registered users" owner="test_keywords_users">
<kw name="GET On Session" owner="RequestsLibrary">
<msg time="2024-03-05T00:10:18.601249" level="INFO">GET Request : url=https://serverest.dev/usuarios 
 path_url=/usuarios 
 headers={'User-Agent': 'python-requests/2.31.0', 'Accept-Encoding': 'gzip, deflate', 'Accept': '*/*', 'Connection': 'keep-alive'} 
 body=None 
 </msg>
<msg time="2024-03-05T00:10:18.601409" level="INFO">GET Response : url=https://serverest.dev/usuarios 
 status=200, reason=OK 
 headers={'access-control-allow-origin': '*', 'x-dns-prefetch-control': 'off', 'x-frame-options': 'SAMEORIGIN', 'strict-transport-security': 'max-age=15552000; includeSubDomains', 'x-download-options': 'noopen', 'x-content-type-options': 'nosniff', 'x-xss-protection': '1; mode=block', 'content-type': 'application/json; charset=utf-8', 'X-Cloud-Trace-Context': '2d69187bf66b09aa380bcc5c3bfd4f3c;o=1', 'Date': 'Tue, 05 Mar 2024 00:10:18 GMT', 'Server': 'Google Frontend', 'Content-Length': '471'} 
 body={
    "quantidade": 2,
    "usuarios": [
        {
            "nome": "Fulano da Silva",
            "email": "fulano@qa.com",
            "password": "teste",
            "administrador": "true",
            "_id": "0uxuPY0cbmQhpEz1"
        },
        {
            "nome": "Lucas Coan Mazzuco",
            "email": "luucas.coan@gmail.com",
            "password": "12345",
            "administrador": "false",
            "_id": "WNetg4d170ZfV5YA"
        }
    ]
} 
 </msg>
<msg time="2024-03-05T00:10:18.601603" level="INFO">${response} = &lt;Response [200]&gt;</msg>
<var>${response}</var>
<arg>serverest</arg>
<arg>${USERS_API_ENDPOINT}</arg>
<doc>Sends a GET request on a previously created HTTP Session.</doc>
<status status="PASS" start="2024-03-05T00:10:18.473591" elapsed="0.128047"/>
</kw>
<kw name="Set Test Variable" owner="BuiltIn">
<msg time="2024-03-05T00:10:18.602206" level="INFO">${response} = &lt;Response [200]&gt;</msg>
<arg>${response}</arg>
<doc>Makes a variable available everywhere within the scope of the current test.</doc>
<status status="PASS" start="2024-03-05T00:10:18.601919" elapsed="0.000335"/>
</kw>
<status status="PASS" start="2024-03-05T00:10:18.473324" elapsed="0.129014"/>
</kw>
<kw name="Then the response status code should be 200" owner="test_keywords_users" source_name="Then the response status code should be ${status_code}">
<kw name="Should Be Equal As Numbers" owner="BuiltIn">
<msg time="2024-03-05T00:10:18.603411" level="INFO">Argument types are:
&lt;class 'int'&gt;
&lt;class 'str'&gt;</msg>
<arg>${response.status_code}</arg>
<arg>${status_code}</arg>
<doc>Fails if objects are unequal after converting them to real numbers.</doc>
<status status="PASS" start="2024-03-05T00:10:18.602881" elapsed="0.000607"/>
</kw>
<kw name="Should Be True" owner="BuiltIn">
<arg>${response.json()}</arg>
<doc>Fails if the given condition is not true.</doc>
<status status="PASS" start="2024-03-05T00:10:18.603637" elapsed="0.000482"/>
</kw>
<status status="PASS" start="2024-03-05T00:10:18.602553" elapsed="0.001647"/>
</kw>
<kw name="And the response body should not be empty" owner="test_keywords_users">
<kw name="Should Not Be Empty" owner="BuiltIn">
<msg time="2024-03-05T00:10:18.605153" level="INFO">Length is 2.</msg>
<arg>${response.json()}</arg>
<doc>Verifies that the given item is not empty.</doc>
<status status="PASS" start="2024-03-05T00:10:18.604630" elapsed="0.000576"/>
</kw>
<status status="PASS" start="2024-03-05T00:10:18.604360" elapsed="0.000922"/>
</kw>
<tag>api</tag>
<status status="PASS" start="2024-03-05T00:10:18.470280" elapsed="0.135135"/>
</test>
<test id="s1-s1-s1-t2" name="Scenario: Create a new user" line="15">
<kw name="Before Tests" owner="test_keywords_common" type="SETUP">
<kw name="Create Session" owner="RequestsLibrary">
<msg time="2024-03-05T00:10:18.606905" level="INFO">Creating Session using : alias=serverest, url=https://serverest.dev, headers={},                     cookies={}, auth=None, timeout=None, proxies=None, verify=False,                     debug=0 </msg>
<arg>serverest</arg>
<arg>${SERVER_BASE_URL}</arg>
<arg>disable_warnings=True</arg>
<doc>Create Session: create a HTTP session to a server</doc>
<status status="PASS" start="2024-03-05T00:10:18.606636" elapsed="0.000484"/>
</kw>
<status status="PASS" start="2024-03-05T00:10:18.606365" elapsed="0.000839"/>
</kw>
<kw name="Given I have a valid user data" owner="test_keywords_users">
<kw name="Name" owner="FakerLibrary">
<msg time="2024-03-05T00:10:18.608048" level="INFO">${name} = Cynthia Manning</msg>
<var>${name}</var>
<doc>:example: 'John Doe'</doc>
<status status="PASS" start="2024-03-05T00:10:18.607658" elapsed="0.000419"/>
</kw>
<kw name="Email" owner="FakerLibrary">
<msg time="2024-03-05T00:10:18.608560" level="INFO">${email} = matthewlittle@example.net</msg>
<var>${email}</var>
<status status="PASS" start="2024-03-05T00:10:18.608211" elapsed="0.000377"/>
</kw>
<kw name="Password" owner="FakerLibrary">
<msg time="2024-03-05T00:10:18.609022" level="INFO">${password} = m9OokVebhjHd</msg>
<var>${password}</var>
<arg>length=12</arg>
<arg>special_chars=False</arg>
<doc>Generate a random password of the specified ``length``.</doc>
<status status="PASS" start="2024-03-05T00:10:18.608722" elapsed="0.000339"/>
</kw>
<kw name="Set Suite Variable" owner="BuiltIn">
<msg time="2024-03-05T00:10:18.609425" level="INFO">${name} = Cynthia Manning</msg>
<arg>${name}</arg>
<doc>Makes a variable available everywhere within the scope of the current suite.</doc>
<status status="PASS" start="2024-03-05T00:10:18.609216" elapsed="0.000252"/>
</kw>
<kw name="Set Suite Variable" owner="BuiltIn">
<msg time="2024-03-05T00:10:18.609805" level="INFO">${email} = matthewlittle@example.net</msg>
<arg>${email}</arg>
<doc>Makes a variable available everywhere within the scope of the current suite.</doc>
<status status="PASS" start="2024-03-05T00:10:18.609612" elapsed="0.000235"/>
</kw>
<kw name="Set Suite Variable" owner="BuiltIn">
<msg time="2024-03-05T00:10:18.610174" level="INFO">${password} = m9OokVebhjHd</msg>
<arg>${password}</arg>
<doc>Makes a variable available everywhere within the scope of the current suite.</doc>
<status status="PASS" start="2024-03-05T00:10:18.609984" elapsed="0.000229"/>
</kw>
<status status="PASS" start="2024-03-05T00:10:18.607397" elapsed="0.002884"/>
</kw>
<kw name="When I create the user" owner="test_keywords_users">
<kw name="Create Dictionary" owner="BuiltIn">
<msg time="2024-03-05T00:10:18.611132" level="INFO">${payload} = {'nome': 'Cynthia Manning', 'email': 'matthewlittle@example.net', 'password': 'm9OokVebhjHd', 'administrador': 'false'}</msg>
<var>${payload}</var>
<arg>nome=${name}</arg>
<arg>email=${email}</arg>
<arg>password=${password}</arg>
<arg>administrador=false</arg>
<doc>Creates and returns a dictionary based on the given ``items``.</doc>
<status status="PASS" start="2024-03-05T00:10:18.610714" elapsed="0.000446"/>
</kw>
<kw name="Create Dictionary" owner="BuiltIn">
<msg time="2024-03-05T00:10:18.611550" level="INFO">${headers} = {'Content-Type': 'application/json'}</msg>
<var>${headers}</var>
<arg>Content-Type=application/json</arg>
<doc>Creates and returns a dictionary based on the given ``items``.</doc>
<status status="PASS" start="2024-03-05T00:10:18.611365" elapsed="0.000212"/>
</kw>
<kw name="POST On Session" owner="RequestsLibrary">
<msg time="2024-03-05T00:10:18.683183" level="INFO">POST Request : url=https://serverest.dev/usuarios 
 path_url=/usuarios 
 headers={'User-Agent': 'python-requests/2.31.0', 'Accept-Encoding': 'gzip, deflate', 'Accept': '*/*', 'Connection': 'keep-alive', 'Content-Type': 'application/json', 'Content-Length': '119'} 
 body=b'{"nome": "Cynthia Manning", "email": "matthewlittle@example.net", "password": "m9OokVebhjHd", "administrador": "false"}' 
 </msg>
<msg time="2024-03-05T00:10:18.683293" level="INFO">POST Response : url=https://serverest.dev/usuarios 
 status=201, reason=Created 
 headers={'access-control-allow-origin': '*', 'x-dns-prefetch-control': 'off', 'x-frame-options': 'SAMEORIGIN', 'strict-transport-security': 'max-age=15552000; includeSubDomains', 'x-download-options': 'noopen', 'x-content-type-options': 'nosniff', 'x-xss-protection': '1; mode=block', 'content-type': 'application/json; charset=utf-8', 'X-Cloud-Trace-Context': '80cbfd082c64820ae2f4323d41daacd2', 'Date': 'Tue, 05 Mar 2024 00:10:18 GMT', 'Server': 'Google Frontend', 'Content-Length': '82'} 
 body={
    "message": "Cadastro realizado com sucesso",
    "_id": "k17BIN3h4FL8i955"
} 
 </msg>
<msg time="2024-03-05T00:10:18.683457" level="INFO">${response} = &lt;Response [201]&gt;</msg>
<var>${response}</var>
<arg>serverest</arg>
<arg>${USERS_API_ENDPOINT}</arg>
<arg>json=${payload}</arg>
<arg>headers=${headers}</arg>
<doc>Sends a POST request on a previously created HTTP Session.</doc>
<status status="PASS" start="2024-03-05T00:10:18.611714" elapsed="0.071777"/>
</kw>
<kw name="Set Variable" owner="BuiltIn">
<msg time="2024-03-05T00:10:18.684350" level="INFO">${user_id} = k17BIN3h4FL8i955</msg>
<var>${user_id}</var>
<arg>${response.json()['_id']}</arg>
<doc>Returns the given values which can then be assigned to a variables.</doc>
<status status="PASS" start="2024-03-05T00:10:18.683744" elapsed="0.000636"/>
</kw>
<kw name="Set Global Variable" owner="BuiltIn">
<msg time="2024-03-05T00:10:18.684833" level="INFO">${USER_ID} = k17BIN3h4FL8i955</msg>
<arg>${USER_ID}</arg>
<arg>${user_id}</arg>
<doc>Makes a variable available globally in all tests and suites.</doc>
<status status="PASS" start="2024-03-05T00:10:18.684544" elapsed="0.000335"/>
</kw>
<kw name="Set Test Variable" owner="BuiltIn">
<msg time="2024-03-05T00:10:18.685262" level="INFO">${response} = &lt;Response [201]&gt;</msg>
<arg>${response}</arg>
<doc>Makes a variable available everywhere within the scope of the current test.</doc>
<status status="PASS" start="2024-03-05T00:10:18.685062" elapsed="0.000244"/>
</kw>
<status status="PASS" start="2024-03-05T00:10:18.610458" elapsed="0.074927"/>
</kw>
<kw name="Then the response status code should be 201" owner="test_keywords_users" source_name="Then the response status code should be ${status_code}">
<kw name="Should Be Equal As Numbers" owner="BuiltIn">
<msg time="2024-03-05T00:10:18.686370" level="INFO">Argument types are:
&lt;class 'int'&gt;
&lt;class 'str'&gt;</msg>
<arg>${response.status_code}</arg>
<arg>${status_code}</arg>
<doc>Fails if objects are unequal after converting them to real numbers.</doc>
<status status="PASS" start="2024-03-05T00:10:18.685903" elapsed="0.000545"/>
</kw>
<kw name="Should Be True" owner="BuiltIn">
<arg>${response.json()}</arg>
<doc>Fails if the given condition is not true.</doc>
<status status="PASS" start="2024-03-05T00:10:18.686592" elapsed="0.000449"/>
</kw>
<status status="PASS" start="2024-03-05T00:10:18.685587" elapsed="0.001532"/>
</kw>
<kw name="And the response body should not be empty" owner="test_keywords_users">
<kw name="Should Not Be Empty" owner="BuiltIn">
<msg time="2024-03-05T00:10:18.687971" level="INFO">Length is 2.</msg>
<arg>${response.json()}</arg>
<doc>Verifies that the given item is not empty.</doc>
<status status="PASS" start="2024-03-05T00:10:18.687534" elapsed="0.000488"/>
</kw>
<status status="PASS" start="2024-03-05T00:10:18.687273" elapsed="0.000823"/>
</kw>
<tag>api</tag>
<status status="PASS" start="2024-03-05T00:10:18.605792" elapsed="0.082432"/>
</test>
<test id="s1-s1-s1-t3" name="Scenario: Get a specific user informations" line="22">
<kw name="Before Tests" owner="test_keywords_common" type="SETUP">
<kw name="Create Session" owner="RequestsLibrary">
<msg time="2024-03-05T00:10:18.689507" level="INFO">Creating Session using : alias=serverest, url=https://serverest.dev, headers={},                     cookies={}, auth=None, timeout=None, proxies=None, verify=False,                     debug=0 </msg>
<arg>serverest</arg>
<arg>${SERVER_BASE_URL}</arg>
<arg>disable_warnings=True</arg>
<doc>Create Session: create a HTTP session to a server</doc>
<status status="PASS" start="2024-03-05T00:10:18.689248" elapsed="0.000471"/>
</kw>
<status status="PASS" start="2024-03-05T00:10:18.688979" elapsed="0.000823"/>
</kw>
<kw name="When I request the created user" owner="test_keywords_users">
<kw name="GET On Session" owner="RequestsLibrary">
<msg time="2024-03-05T00:10:18.760071" level="INFO">GET Request : url=https://serverest.dev/usuarios/k17BIN3h4FL8i955 
 path_url=/usuarios/k17BIN3h4FL8i955 
 headers={'User-Agent': 'python-requests/2.31.0', 'Accept-Encoding': 'gzip, deflate', 'Accept': '*/*', 'Connection': 'keep-alive'} 
 body=None 
 </msg>
<msg time="2024-03-05T00:10:18.760192" level="INFO">GET Response : url=https://serverest.dev/usuarios/k17BIN3h4FL8i955 
 status=200, reason=OK 
 headers={'access-control-allow-origin': '*', 'x-dns-prefetch-control': 'off', 'x-frame-options': 'SAMEORIGIN', 'strict-transport-security': 'max-age=15552000; includeSubDomains', 'x-download-options': 'noopen', 'x-content-type-options': 'nosniff', 'x-xss-protection': '1; mode=block', 'content-type': 'application/json; charset=utf-8', 'X-Cloud-Trace-Context': '7049c66ae1eb179d1072c3eff2ab0a1a', 'Date': 'Tue, 05 Mar 2024 00:10:18 GMT', 'Server': 'Google Frontend', 'Content-Length': '168'} 
 body={
    "nome": "Cynthia Manning",
    "email": "matthewlittle@example.net",
    "password": "m9OokVebhjHd",
    "administrador": "false",
    "_id": "k17BIN3h4FL8i955"
} 
 </msg>
<msg time="2024-03-05T00:10:18.760342" level="INFO">${response} = &lt;Response [200]&gt;</msg>
<var>${response}</var>
<arg>serverest</arg>
<arg>${USERS_API_ENDPOINT}/${USER_ID}</arg>
<doc>Sends a GET request on a previously created HTTP Session.</doc>
<status status="PASS" start="2024-03-05T00:10:18.690240" elapsed="0.070134"/>
</kw>
<kw name="Set Test Variable" owner="BuiltIn">
<msg time="2024-03-05T00:10:18.760872" level="INFO">${response} = &lt;Response [200]&gt;</msg>
<arg>${response}</arg>
<doc>Makes a variable available everywhere within the scope of the current test.</doc>
<status status="PASS" start="2024-03-05T00:10:18.760613" elapsed="0.000305"/>
</kw>
<status status="PASS" start="2024-03-05T00:10:18.689980" elapsed="0.071048"/>
</kw>
<kw name="Then the response status code should be 200" owner="test_keywords_users" source_name="Then the response status code should be ${status_code}">
<kw name="Should Be Equal As Numbers" owner="BuiltIn">
<msg time="2024-03-05T00:10:18.762085" level="INFO">Argument types are:
&lt;class 'int'&gt;
&lt;class 'str'&gt;</msg>
<arg>${response.status_code}</arg>
<arg>${status_code}</arg>
<doc>Fails if objects are unequal after converting them to real numbers.</doc>
<status status="PASS" start="2024-03-05T00:10:18.761566" elapsed="0.000586"/>
</kw>
<kw name="Should Be True" owner="BuiltIn">
<arg>${response.json()}</arg>
<doc>Fails if the given condition is not true.</doc>
<status status="PASS" start="2024-03-05T00:10:18.762300" elapsed="0.000459"/>
</kw>
<status status="PASS" start="2024-03-05T00:10:18.761240" elapsed="0.001599"/>
</kw>
<kw name="And the response body should not be empty" owner="test_keywords_users">
<kw name="Should Not Be Empty" owner="BuiltIn">
<msg time="2024-03-05T00:10:18.763767" level="INFO">Length is 5.</msg>
<arg>${response.json()}</arg>
<doc>Verifies that the given item is not empty.</doc>
<status status="PASS" start="2024-03-05T00:10:18.763335" elapsed="0.000483"/>
</kw>
<status status="PASS" start="2024-03-05T00:10:18.763064" elapsed="0.000829"/>
</kw>
<tag>api</tag>
<status status="PASS" start="2024-03-05T00:10:18.688514" elapsed="0.075511"/>
</test>
<test id="s1-s1-s1-t4" name="Scenario: Update the created user" line="28">
<kw name="Before Tests" owner="test_keywords_common" type="SETUP">
<kw name="Create Session" owner="RequestsLibrary">
<msg time="2024-03-05T00:10:18.765324" level="INFO">Creating Session using : alias=serverest, url=https://serverest.dev, headers={},                     cookies={}, auth=None, timeout=None, proxies=None, verify=False,                     debug=0 </msg>
<arg>serverest</arg>
<arg>${SERVER_BASE_URL}</arg>
<arg>disable_warnings=True</arg>
<doc>Create Session: create a HTTP session to a server</doc>
<status status="PASS" start="2024-03-05T00:10:18.765060" elapsed="0.000464"/>
</kw>
<status status="PASS" start="2024-03-05T00:10:18.764781" elapsed="0.000828"/>
</kw>
<kw name="When I update the created user" owner="test_keywords_users">
<kw name="Create Dictionary" owner="BuiltIn">
<msg time="2024-03-05T00:10:18.766446" level="INFO">${payload} = {'nome': 'John Smith', 'email': 'john.smith@example.com', 'password': 'P@ssw0rd123', 'administrador': 'false'}</msg>
<var>${payload}</var>
<arg>nome=John Smith</arg>
<arg>email=john.smith@example.com</arg>
<arg>password=P@ssw0rd123</arg>
<arg>administrador=false</arg>
<doc>Creates and returns a dictionary based on the given ``items``.</doc>
<status status="PASS" start="2024-03-05T00:10:18.766213" elapsed="0.000263"/>
</kw>
<kw name="Create Dictionary" owner="BuiltIn">
<msg time="2024-03-05T00:10:18.766802" level="INFO">${headers} = {'Content-Type': 'application/json'}</msg>
<var>${headers}</var>
<arg>Content-Type=application/json</arg>
<doc>Creates and returns a dictionary based on the given ``items``.</doc>
<status status="PASS" start="2024-03-05T00:10:18.766628" elapsed="0.000202"/>
</kw>
<kw name="PUT On Session" owner="RequestsLibrary">
<msg time="2024-03-05T00:10:18.841779" level="INFO">PUT Request : url=https://serverest.dev/usuarios/k17BIN3h4FL8i955 
 path_url=/usuarios/k17BIN3h4FL8i955 
 headers={'User-Agent': 'python-requests/2.31.0', 'Accept-Encoding': 'gzip, deflate', 'Accept': '*/*', 'Connection': 'keep-alive', 'Content-Type': 'application/json', 'Content-Length': '110'} 
 body=b'{"nome": "John Smith", "email": "john.smith@example.com", "password": "P@ssw0rd123", "administrador": "false"}' 
 </msg>
<msg time="2024-03-05T00:10:18.841890" level="INFO">PUT Response : url=https://serverest.dev/usuarios/k17BIN3h4FL8i955 
 status=200, reason=OK 
 headers={'access-control-allow-origin': '*', 'x-dns-prefetch-control': 'off', 'x-frame-options': 'SAMEORIGIN', 'strict-transport-security': 'max-age=15552000; includeSubDomains', 'x-download-options': 'noopen', 'x-content-type-options': 'nosniff', 'x-xss-protection': '1; mode=block', 'content-type': 'application/json; charset=utf-8', 'X-Cloud-Trace-Context': '29bccb994491b86e57a49042060aa660', 'Date': 'Tue, 05 Mar 2024 00:10:18 GMT', 'Server': 'Google Frontend', 'Content-Length': '50'} 
 body={
    "message": "Registro alterado com sucesso"
} 
 </msg>
<msg time="2024-03-05T00:10:18.842054" level="INFO">${response} = &lt;Response [200]&gt;</msg>
<var>${response}</var>
<arg>serverest</arg>
<arg>${USERS_API_ENDPOINT}/${USER_ID}</arg>
<arg>json=${payload}</arg>
<arg>headers=${headers}</arg>
<doc>Sends a PUT request on a previously created HTTP Session.</doc>
<status status="PASS" start="2024-03-05T00:10:18.766964" elapsed="0.075124"/>
</kw>
<kw name="Set Test Variable" owner="BuiltIn">
<msg time="2024-03-05T00:10:18.842622" level="INFO">${response} = &lt;Response [200]&gt;</msg>
<arg>${response}</arg>
<doc>Makes a variable available everywhere within the scope of the current test.</doc>
<status status="PASS" start="2024-03-05T00:10:18.842355" elapsed="0.000324"/>
</kw>
<status status="PASS" start="2024-03-05T00:10:18.765792" elapsed="0.076971"/>
</kw>
<kw name="Then the response status code should be 200" owner="test_keywords_users" source_name="Then the response status code should be ${status_code}">
<kw name="Should Be Equal As Numbers" owner="BuiltIn">
<msg time="2024-03-05T00:10:18.843809" level="INFO">Argument types are:
&lt;class 'int'&gt;
&lt;class 'str'&gt;</msg>
<arg>${response.status_code}</arg>
<arg>${status_code}</arg>
<doc>Fails if objects are unequal after converting them to real numbers.</doc>
<status status="PASS" start="2024-03-05T00:10:18.843290" elapsed="0.000587"/>
</kw>
<kw name="Should Be True" owner="BuiltIn">
<arg>${response.json()}</arg>
<doc>Fails if the given condition is not true.</doc>
<status status="PASS" start="2024-03-05T00:10:18.844025" elapsed="0.000464"/>
</kw>
<status status="PASS" start="2024-03-05T00:10:18.842968" elapsed="0.001599"/>
</kw>
<kw name="And the response body should not be empty" owner="test_keywords_users">
<kw name="Should Not Be Empty" owner="BuiltIn">
<msg time="2024-03-05T00:10:18.845485" level="INFO">Length is 1.</msg>
<arg>${response.json()}</arg>
<doc>Verifies that the given item is not empty.</doc>
<status status="PASS" start="2024-03-05T00:10:18.845025" elapsed="0.000527"/>
</kw>
<status status="PASS" start="2024-03-05T00:10:18.844727" elapsed="0.000903"/>
</kw>
<tag>api</tag>
<status status="PASS" start="2024-03-05T00:10:18.764324" elapsed="0.081438"/>
</test>
<test id="s1-s1-s1-t5" name="Scenario: Delete the created user" line="34">
<kw name="Before Tests" owner="test_keywords_common" type="SETUP">
<kw name="Create Session" owner="RequestsLibrary">
<msg time="2024-03-05T00:10:18.847022" level="INFO">Creating Session using : alias=serverest, url=https://serverest.dev, headers={},                     cookies={}, auth=None, timeout=None, proxies=None, verify=False,                     debug=0 </msg>
<arg>serverest</arg>
<arg>${SERVER_BASE_URL}</arg>
<arg>disable_warnings=True</arg>
<doc>Create Session: create a HTTP session to a server</doc>
<status status="PASS" start="2024-03-05T00:10:18.846764" elapsed="0.000471"/>
</kw>
<status status="PASS" start="2024-03-05T00:10:18.846505" elapsed="0.000815"/>
</kw>
<kw name="When I delete the created user" owner="test_keywords_users">
<kw name="DELETE On Session" owner="RequestsLibrary">
<msg time="2024-03-05T00:10:18.923684" level="INFO">DELETE Request : url=https://serverest.dev/usuarios/k17BIN3h4FL8i955 
 path_url=/usuarios/k17BIN3h4FL8i955 
 headers={'User-Agent': 'python-requests/2.31.0', 'Accept-Encoding': 'gzip, deflate', 'Accept': '*/*', 'Connection': 'keep-alive', 'Content-Length': '0'} 
 body=None 
 </msg>
<msg time="2024-03-05T00:10:18.923799" level="INFO">DELETE Response : url=https://serverest.dev/usuarios/k17BIN3h4FL8i955 
 status=200, reason=OK 
 headers={'access-control-allow-origin': '*', 'x-dns-prefetch-control': 'off', 'x-frame-options': 'SAMEORIGIN', 'strict-transport-security': 'max-age=15552000; includeSubDomains', 'x-download-options': 'noopen', 'x-content-type-options': 'nosniff', 'x-xss-protection': '1; mode=block', 'content-type': 'application/json; charset=utf-8', 'X-Cloud-Trace-Context': '569d5a7f0d26bc8be1deb6571eaed51b', 'Date': 'Tue, 05 Mar 2024 00:10:18 GMT', 'Server': 'Google Frontend', 'Content-Length': '51'} 
 body={
    "message": "Registro excluído com sucesso"
} 
 </msg>
<msg time="2024-03-05T00:10:18.923955" level="INFO">${response} = &lt;Response [200]&gt;</msg>
<var>${response}</var>
<arg>serverest</arg>
<arg>${USERS_API_ENDPOINT}/${USER_ID}</arg>
<doc>Sends a DELETE request on a previously created HTTP Session.</doc>
<status status="PASS" start="2024-03-05T00:10:18.847763" elapsed="0.076226"/>
</kw>
<kw name="Set Test Variable" owner="BuiltIn">
<msg time="2024-03-05T00:10:18.924529" level="INFO">${response} = &lt;Response [200]&gt;</msg>
<arg>${response}</arg>
<doc>Makes a variable available everywhere within the scope of the current test.</doc>
<status status="PASS" start="2024-03-05T00:10:18.924255" elapsed="0.000322"/>
</kw>
<status status="PASS" start="2024-03-05T00:10:18.847496" elapsed="0.077233"/>
</kw>
<kw name="Then the response status code should be 200" owner="test_keywords_users" source_name="Then the response status code should be ${status_code}">
<kw name="Should Be Equal As Numbers" owner="BuiltIn">
<msg time="2024-03-05T00:10:18.925860" level="INFO">Argument types are:
&lt;class 'int'&gt;
&lt;class 'str'&gt;</msg>
<arg>${response.status_code}</arg>
<arg>${status_code}</arg>
<doc>Fails if objects are unequal after converting them to real numbers.</doc>
<status status="PASS" start="2024-03-05T00:10:18.925331" elapsed="0.000600"/>
</kw>
<kw name="Should Be True" owner="BuiltIn">
<arg>${response.json()}</arg>
<doc>Fails if the given condition is not true.</doc>
<status status="PASS" start="2024-03-05T00:10:18.926079" elapsed="0.000466"/>
</kw>
<status status="PASS" start="2024-03-05T00:10:18.924977" elapsed="0.001648"/>
</kw>
<kw name="And the response body should not be empty" owner="test_keywords_users">
<kw name="Should Not Be Empty" owner="BuiltIn">
<msg time="2024-03-05T00:10:18.927490" level="INFO">Length is 1.</msg>
<arg>${response.json()}</arg>
<doc>Verifies that the given item is not empty.</doc>
<status status="PASS" start="2024-03-05T00:10:18.927052" elapsed="0.000490"/>
</kw>
<status status="PASS" start="2024-03-05T00:10:18.926786" elapsed="0.000832"/>
</kw>
<tag>api</tag>
<status status="PASS" start="2024-03-05T00:10:18.846075" elapsed="0.081673"/>
</test>
<status status="PASS" start="2024-03-05T00:10:17.454120" elapsed="1.474171"/>
</suite>
<status status="PASS" start="2024-03-05T00:10:17.452900" elapsed="1.476182"/>
</suite>
<suite id="s1-s2" name="E2E" source="/home/runner/work/gen-ai-robot-test/gen-ai-robot-test/tests/e2e">
<suite id="s1-s2-s1" name="Test Ui Signup" source="/home/runner/work/gen-ai-robot-test/gen-ai-robot-test/tests/e2e/test_ui_signup.robot">
<test id="s1-s2-s1-t1" name="Scenario: Signup with empty fields" line="10">
<kw name="Before Tests" owner="test_keywords_common" type="SETUP">
<kw name="Open Browser" owner="SeleniumLibrary">
<msg time="2024-03-05T00:10:18.937959" level="INFO">Opening browser 'headless Chrome' to base url 'https://front.serverest.dev/'.</msg>
<arg>${SERVER_BASE_URL}</arg>
<arg>${HEADLESS} ${BROWSER}</arg>
<doc>Opens a new browser instance to the optional ``url``.</doc>
<status status="PASS" start="2024-03-05T00:10:18.937696" elapsed="19.335881"/>
</kw>
<kw name="Maximize Browser Window" owner="SeleniumLibrary">
<doc>Maximizes current browser window.</doc>
<status status="PASS" start="2024-03-05T00:10:38.274238" elapsed="0.391051"/>
</kw>
<status status="PASS" start="2024-03-05T00:10:18.937398" elapsed="19.728074"/>
</kw>
<kw name="Given Im on the signup page" owner="test_keywords_signup">
<kw name="Location Should Be" owner="SeleniumLibrary">
<msg time="2024-03-05T00:10:38.712660" level="INFO">Current location is 'https://front.serverest.dev/login'.</msg>
<arg>https://front.serverest.dev/login</arg>
<doc>Verifies that the current URL is exactly ``url``.</doc>
<status status="PASS" start="2024-03-05T00:10:38.666282" elapsed="0.046476"/>
</kw>
<kw name="Click Element" owner="SeleniumLibrary">
<msg time="2024-03-05T00:10:38.713530" level="INFO">Clicking element 'css=a.btn.btn-link'.</msg>
<arg>css=a.btn.btn-link</arg>
<doc>Click the element identified by ``locator``.</doc>
<status status="PASS" start="2024-03-05T00:10:38.712992" elapsed="0.355292"/>
</kw>
<status status="PASS" start="2024-03-05T00:10:38.665850" elapsed="0.402618"/>
</kw>
<kw name="When I click in signup" owner="test_keywords_signup">
<kw name="Click Button" owner="SeleniumLibrary">
<msg time="2024-03-05T00:10:39.069424" level="INFO">Clicking button 'css=.btn.btn-primary'.</msg>
<arg>css=.btn.btn-primary</arg>
<doc>Clicks the button identified by ``locator``.</doc>
<status status="PASS" start="2024-03-05T00:10:39.069193" elapsed="0.474282"/>
</kw>
<status status="PASS" start="2024-03-05T00:10:39.068750" elapsed="0.474897"/>
</kw>
<kw name="Then required field messages should be displayed" owner="test_keywords_signup">
<kw name="Wait Until Element Is Visible" owner="SeleniumLibrary">
<arg>css=.alert-dismissible</arg>
<arg>timeout=10s</arg>
<doc>Waits until the element ``locator`` is visible.</doc>
<status status="PASS" start="2024-03-05T00:10:39.544326" elapsed="0.319847"/>
</kw>
<kw name="Element Should Be Visible" owner="SeleniumLibrary">
<msg time="2024-03-05T00:10:39.877489" level="INFO">Element 'css=.alert-dismissible' is displayed.</msg>
<arg>css=.alert-dismissible</arg>
<doc>Verifies that the element identified by ``locator`` is visible.</doc>
<status status="PASS" start="2024-03-05T00:10:39.864481" elapsed="0.013080"/>
</kw>
<kw name="Page Should Contain" owner="SeleniumLibrary">
<msg time="2024-03-05T00:10:39.993979" level="INFO">Current page contains text 'Nome é obrigatório'.</msg>
<arg>Nome é obrigatório</arg>
<doc>Verifies that current page contains ``text``.</doc>
<status status="PASS" start="2024-03-05T00:10:39.877742" elapsed="0.116335"/>
</kw>
<kw name="Page Should Contain" owner="SeleniumLibrary">
<msg time="2024-03-05T00:10:40.003852" level="INFO">Current page contains text 'Email é obrigatório'.</msg>
<arg>Email é obrigatório</arg>
<doc>Verifies that current page contains ``text``.</doc>
<status status="PASS" start="2024-03-05T00:10:39.994325" elapsed="0.009596"/>
</kw>
<kw name="Page Should Contain" owner="SeleniumLibrary">
<msg time="2024-03-05T00:10:40.013165" level="INFO">Current page contains text 'Password é obrigatório'.</msg>
<arg>Password é obrigatório</arg>
<doc>Verifies that current page contains ``text``.</doc>
<status status="PASS" start="2024-03-05T00:10:40.004094" elapsed="0.009141"/>
</kw>
<status status="PASS" start="2024-03-05T00:10:39.543943" elapsed="0.469391"/>
</kw>
<kw name="After Tests" owner="test_keywords_common" type="TEARDOWN">
<kw name="Close Browser" owner="SeleniumLibrary">
<doc>Closes the current browser.</doc>
<status status="PASS" start="2024-03-05T00:10:40.014014" elapsed="0.061039"/>
</kw>
<status status="PASS" start="2024-03-05T00:10:40.013677" elapsed="0.061540"/>
</kw>
<tag>e2e</tag>
<status status="PASS" start="2024-03-05T00:10:18.936881" elapsed="21.138421"/>
</test>
<test id="s1-s2-s1-t2" name="Scenario: Signup done successfully" line="16">
<kw name="Before Tests" owner="test_keywords_common" type="SETUP">
<kw name="Open Browser" owner="SeleniumLibrary">
<msg time="2024-03-05T00:10:40.077113" level="INFO">Opening browser 'headless Chrome' to base url 'https://front.serverest.dev/'.</msg>
<arg>${SERVER_BASE_URL}</arg>
<arg>${HEADLESS} ${BROWSER}</arg>
<doc>Opens a new browser instance to the optional ``url``.</doc>
<status status="PASS" start="2024-03-05T00:10:40.076757" elapsed="0.965244"/>
</kw>
<kw name="Maximize Browser Window" owner="SeleniumLibrary">
<doc>Maximizes current browser window.</doc>
<status status="PASS" start="2024-03-05T00:10:41.042604" elapsed="0.103959"/>
</kw>
<status status="PASS" start="2024-03-05T00:10:40.076398" elapsed="1.070361"/>
</kw>
<kw name="Given Im on the signup page" owner="test_keywords_signup">
<kw name="Location Should Be" owner="SeleniumLibrary">
<msg time="2024-03-05T00:10:41.152023" level="INFO">Current location is 'https://front.serverest.dev/login'.</msg>
<arg>https://front.serverest.dev/login</arg>
<doc>Verifies that the current URL is exactly ``url``.</doc>
<status status="PASS" start="2024-03-05T00:10:41.147655" elapsed="0.004457"/>
</kw>
<kw name="Click Element" owner="SeleniumLibrary">
<msg time="2024-03-05T00:10:41.152625" level="INFO">Clicking element 'css=a.btn.btn-link'.</msg>
<arg>css=a.btn.btn-link</arg>
<doc>Click the element identified by ``locator``.</doc>
<status status="PASS" start="2024-03-05T00:10:41.152329" elapsed="0.093560"/>
</kw>
<status status="PASS" start="2024-03-05T00:10:41.147169" elapsed="0.098918"/>
</kw>
<kw name="And I fill in the signup fields with valid data" owner="test_keywords_signup">
<kw name="Name" owner="FakerLibrary">
<msg time="2024-03-05T00:10:41.247650" level="INFO">${name} = Stephen Harvey</msg>
<var>${name}</var>
<doc>:example: 'John Doe'</doc>
<status status="PASS" start="2024-03-05T00:10:41.246950" elapsed="0.000755"/>
</kw>
<kw name="Email" owner="FakerLibrary">
<msg time="2024-03-05T00:10:41.248276" level="INFO">${email} = ofranklin@example.net</msg>
<var>${email}</var>
<status status="PASS" start="2024-03-05T00:10:41.247893" elapsed="0.000416"/>
</kw>
<kw name="Password" owner="FakerLibrary">
<msg time="2024-03-05T00:10:41.248894" level="INFO">${password} = ccXkUeH7f8TQ</msg>
<var>${password}</var>
<arg>length=12</arg>
<arg>special_chars=False</arg>
<doc>Generate a random password of the specified ``length``.</doc>
<status status="PASS" start="2024-03-05T00:10:41.248498" elapsed="0.000469"/>
</kw>
<kw name="Input Text" owner="SeleniumLibrary">
<msg time="2024-03-05T00:10:41.249532" level="INFO">Typing text 'Stephen Harvey' into text field 'id:nome'.</msg>
<arg>id:nome</arg>
<arg>${name}</arg>
<doc>Types the given ``text`` into the text field identified by ``locator``.</doc>
<status status="PASS" start="2024-03-05T00:10:41.249196" elapsed="0.293389"/>
</kw>
<kw name="Input Text" owner="SeleniumLibrary">
<msg time="2024-03-05T00:10:41.543262" level="INFO">Typing text 'ofranklin@example.net' into text field 'id:email'.</msg>
<arg>id:email</arg>
<arg>${email}</arg>
<doc>Types the given ``text`` into the text field identified by ``locator``.</doc>
<status status="PASS" start="2024-03-05T00:10:41.542912" elapsed="0.163462"/>
</kw>
<kw name="Input Text" owner="SeleniumLibrary">
<msg time="2024-03-05T00:10:41.707178" level="INFO">Typing text 'ccXkUeH7f8TQ' into text field 'id:password'.</msg>
<arg>id:password</arg>
<arg>${password}</arg>
<doc>Types the given ``text`` into the text field identified by ``locator``.</doc>
<status status="PASS" start="2024-03-05T00:10:41.706711" elapsed="0.070386"/>
</kw>
<kw name="Select Checkbox" owner="SeleniumLibrary">
<msg time="2024-03-05T00:10:41.777763" level="INFO">Selecting checkbox 'id=administrador'.</msg>
<arg>id=administrador</arg>
<doc>Selects the checkbox identified by ``locator``.</doc>
<status status="PASS" start="2024-03-05T00:10:41.777433" elapsed="0.058122"/>
</kw>
<kw name="Set Suite Variable" owner="BuiltIn">
<msg time="2024-03-05T00:10:41.836258" level="INFO">${name} = Stephen Harvey</msg>
<arg>${name}</arg>
<doc>Makes a variable available everywhere within the scope of the current suite.</doc>
<status status="PASS" start="2024-03-05T00:10:41.835890" elapsed="0.000420"/>
</kw>
<kw name="Set Suite Variable" owner="BuiltIn">
<msg time="2024-03-05T00:10:41.836665" level="INFO">${email} = ofranklin@example.net</msg>
<arg>${email}</arg>
<doc>Makes a variable available everywhere within the scope of the current suite.</doc>
<status status="PASS" start="2024-03-05T00:10:41.836462" elapsed="0.000247"/>
</kw>
<kw name="Set Suite Variable" owner="BuiltIn">
<msg time="2024-03-05T00:10:41.837089" level="INFO">${password} = ccXkUeH7f8TQ</msg>
<arg>${password}</arg>
<doc>Makes a variable available everywhere within the scope of the current suite.</doc>
<status status="PASS" start="2024-03-05T00:10:41.836855" elapsed="0.000281"/>
</kw>
<status status="PASS" start="2024-03-05T00:10:41.246483" elapsed="0.590737"/>
</kw>
<kw name="When I click in signup" owner="test_keywords_signup">
<kw name="Click Button" owner="SeleniumLibrary">
<msg time="2024-03-05T00:10:41.837932" level="INFO">Clicking button 'css=.btn.btn-primary'.</msg>
<arg>css=.btn.btn-primary</arg>
<doc>Clicks the button identified by ``locator``.</doc>
<status status="PASS" start="2024-03-05T00:10:41.837716" elapsed="0.104551"/>
</kw>
<status status="PASS" start="2024-03-05T00:10:41.837418" elapsed="0.105101"/>
</kw>
<kw name="Then the page should contain the text &quot;Cadastro realizado com sucesso&quot;" owner="test_keywords_signup" source_name="Then the page should contain the text &quot;${expected_text}&quot;">
<kw name="Wait Until Element Is Visible" owner="SeleniumLibrary">
<arg>css=.alert-dismissible</arg>
<arg>timeout=10s</arg>
<doc>Waits until the element ``locator`` is visible.</doc>
<status status="PASS" start="2024-03-05T00:10:41.943505" elapsed="0.226429"/>
</kw>
<kw name="Element Should Be Visible" owner="SeleniumLibrary">
<msg time="2024-03-05T00:10:42.185929" level="INFO">Element 'css=.alert-dismissible' is displayed.</msg>
<arg>css=.alert-dismissible</arg>
<doc>Verifies that the element identified by ``locator`` is visible.</doc>
<status status="PASS" start="2024-03-05T00:10:42.170256" elapsed="0.015800"/>
</kw>
<kw name="Page Should Contain" owner="SeleniumLibrary">
<msg time="2024-03-05T00:10:42.197215" level="INFO">Current page contains text 'Cadastro realizado com sucesso'.</msg>
<arg>${expected_text}</arg>
<doc>Verifies that current page contains ``text``.</doc>
<status status="PASS" start="2024-03-05T00:10:42.186417" elapsed="0.010913"/>
</kw>
<status status="PASS" start="2024-03-05T00:10:41.942949" elapsed="0.254516"/>
</kw>
<kw name="After Tests" owner="test_keywords_common" type="TEARDOWN">
<kw name="Close Browser" owner="SeleniumLibrary">
<doc>Closes the current browser.</doc>
<status status="PASS" start="2024-03-05T00:10:42.198235" elapsed="0.062704"/>
</kw>
<status status="PASS" start="2024-03-05T00:10:42.197853" elapsed="0.063291"/>
</kw>
<tag>e2e</tag>
<status status="PASS" start="2024-03-05T00:10:40.075792" elapsed="2.185480"/>
</test>
<test id="s1-s2-s1-t3" name="Scenario: Signup with already used email" line="23">
<kw name="Before Tests" owner="test_keywords_common" type="SETUP">
<kw name="Open Browser" owner="SeleniumLibrary">
<msg time="2024-03-05T00:10:42.262998" level="INFO">Opening browser 'headless Chrome' to base url 'https://front.serverest.dev/'.</msg>
<arg>${SERVER_BASE_URL}</arg>
<arg>${HEADLESS} ${BROWSER}</arg>
<doc>Opens a new browser instance to the optional ``url``.</doc>
<status status="PASS" start="2024-03-05T00:10:42.262689" elapsed="0.935279"/>
</kw>
<kw name="Maximize Browser Window" owner="SeleniumLibrary">
<doc>Maximizes current browser window.</doc>
<status status="PASS" start="2024-03-05T00:10:43.198715" elapsed="0.104348"/>
</kw>
<status status="PASS" start="2024-03-05T00:10:42.262328" elapsed="1.040977"/>
</kw>
<kw name="Given Im on the signup page" owner="test_keywords_signup">
<kw name="Location Should Be" owner="SeleniumLibrary">
<msg time="2024-03-05T00:10:43.308861" level="INFO">Current location is 'https://front.serverest.dev/login'.</msg>
<arg>https://front.serverest.dev/login</arg>
<doc>Verifies that the current URL is exactly ``url``.</doc>
<status status="PASS" start="2024-03-05T00:10:43.304483" elapsed="0.004511"/>
</kw>
<kw name="Click Element" owner="SeleniumLibrary">
<msg time="2024-03-05T00:10:43.309629" level="INFO">Clicking element 'css=a.btn.btn-link'.</msg>
<arg>css=a.btn.btn-link</arg>
<doc>Click the element identified by ``locator``.</doc>
<status status="PASS" start="2024-03-05T00:10:43.309268" elapsed="0.105417"/>
</kw>
<status status="PASS" start="2024-03-05T00:10:43.303826" elapsed="0.111114"/>
</kw>
<kw name="And I fill in the signup fields with an email already registered" owner="test_keywords_signup">
<kw name="Input Text" owner="SeleniumLibrary">
<msg time="2024-03-05T00:10:43.416688" level="INFO">Typing text 'Stephen Harvey' into text field 'id:nome'.</msg>
<arg>id:nome</arg>
<arg>${name}</arg>
<doc>Types the given ``text`` into the text field identified by ``locator``.</doc>
<status status="PASS" start="2024-03-05T00:10:43.415948" elapsed="0.155927"/>
</kw>
<kw name="Input Text" owner="SeleniumLibrary">
<msg time="2024-03-05T00:10:43.572718" level="INFO">Typing text 'ofranklin@example.net' into text field 'id:email'.</msg>
<arg>id:email</arg>
<arg>${email}</arg>
<doc>Types the given ``text`` into the text field identified by ``locator``.</doc>
<status status="PASS" start="2024-03-05T00:10:43.572288" elapsed="0.078990"/>
</kw>
<kw name="Input Text" owner="SeleniumLibrary">
<msg time="2024-03-05T00:10:43.651921" level="INFO">Typing text 'ccXkUeH7f8TQ' into text field 'id:password'.</msg>
<arg>id:password</arg>
<arg>${password}</arg>
<doc>Types the given ``text`` into the text field identified by ``locator``.</doc>
<status status="PASS" start="2024-03-05T00:10:43.651591" elapsed="0.071709"/>
</kw>
<kw name="Select Checkbox" owner="SeleniumLibrary">
<msg time="2024-03-05T00:10:43.724172" level="INFO">Selecting checkbox 'id=administrador'.</msg>
<arg>id=administrador</arg>
<doc>Selects the checkbox identified by ``locator``.</doc>
<status status="PASS" start="2024-03-05T00:10:43.723808" elapsed="0.056266"/>
</kw>
<status status="PASS" start="2024-03-05T00:10:43.415413" elapsed="0.364841"/>
</kw>
<kw name="When I click in signup" owner="test_keywords_signup">
<kw name="Click Button" owner="SeleniumLibrary">
<msg time="2024-03-05T00:10:43.781199" level="INFO">Clicking button 'css=.btn.btn-primary'.</msg>
<arg>css=.btn.btn-primary</arg>
<doc>Clicks the button identified by ``locator``.</doc>
<status status="PASS" start="2024-03-05T00:10:43.780962" elapsed="0.050133"/>
</kw>
<status status="PASS" start="2024-03-05T00:10:43.780549" elapsed="0.050715"/>
</kw>
<kw name="Then the page should contain the text &quot;Este email já está sendo usado&quot;" owner="test_keywords_signup" source_name="Then the page should contain the text &quot;${expected_text}&quot;">
<kw name="Wait Until Element Is Visible" owner="SeleniumLibrary">
<arg>css=.alert-dismissible</arg>
<arg>timeout=10s</arg>
<doc>Waits until the element ``locator`` is visible.</doc>
<status status="PASS" start="2024-03-05T00:10:43.832008" elapsed="0.224521"/>
</kw>
<kw name="Element Should Be Visible" owner="SeleniumLibrary">
<msg time="2024-03-05T00:10:44.071406" level="INFO">Element 'css=.alert-dismissible' is displayed.</msg>
<arg>css=.alert-dismissible</arg>
<doc>Verifies that the element identified by ``locator`` is visible.</doc>
<status status="PASS" start="2024-03-05T00:10:44.056858" elapsed="0.014678"/>
</kw>
<kw name="Page Should Contain" owner="SeleniumLibrary">
<msg time="2024-03-05T00:10:44.083017" level="INFO">Current page contains text 'Este email já está sendo usado'.</msg>
<arg>${expected_text}</arg>
<doc>Verifies that current page contains ``text``.</doc>
<status status="PASS" start="2024-03-05T00:10:44.071820" elapsed="0.011311"/>
</kw>
<status status="PASS" start="2024-03-05T00:10:43.831582" elapsed="0.251682"/>
</kw>
<kw name="After Tests" owner="test_keywords_common" type="TEARDOWN">
<kw name="Close Browser" owner="SeleniumLibrary">
<doc>Closes the current browser.</doc>
<status status="PASS" start="2024-03-05T00:10:44.084034" elapsed="0.061260"/>
</kw>
<status status="PASS" start="2024-03-05T00:10:44.083653" elapsed="0.061804"/>
</kw>
<tag>e2e</tag>
<status status="PASS" start="2024-03-05T00:10:42.261761" elapsed="1.883782"/>
</test>
<status status="PASS" start="2024-03-05T00:10:18.930842" elapsed="25.215269"/>
</suite>
<status status="PASS" start="2024-03-05T00:10:18.929634" elapsed="25.217206"/>
</suite>
<status status="PASS" start="2024-03-05T00:10:17.433317" elapsed="26.714067"/>
</suite>
<statistics>
<total>
<stat pass="8" fail="0" skip="0">All Tests</stat>
</total>
<tag>
<stat pass="5" fail="0" skip="0">api</stat>
<stat pass="3" fail="0" skip="0">e2e</stat>
</tag>
<suite>
<stat pass="8" fail="0" skip="0" id="s1" name="Tests">Tests</stat>
<stat pass="5" fail="0" skip="0" id="s1-s1" name="Api">Tests.Api</stat>
<stat pass="5" fail="0" skip="0" id="s1-s1-s1" name="Test Api Users">Tests.Api.Test Api Users</stat>
<stat pass="3" fail="0" skip="0" id="s1-s2" name="E2E">Tests.E2E</stat>
<stat pass="3" fail="0" skip="0" id="s1-s2-s1" name="Test Ui Signup">Tests.E2E.Test Ui Signup</stat>
</suite>
</statistics>
<errors>
</errors>
</robot>
