<?xml version="1.0" encoding="UTF-8"?>
<robot generator="Robot 6.0.2 (Python 3.8.16 on linux)" generated="20230531 01:52:36.631" rpa="false" schemaversion="3">
<suite id="s1" name="Tests" source="/home/runner/work/gen-ai-robot-test/gen-ai-robot-test/tests">
<suite id="s1-s1" name="Api" source="/home/runner/work/gen-ai-robot-test/gen-ai-robot-test/tests/api">
<suite id="s1-s1-s1" name="Test Api Users" source="/home/runner/work/gen-ai-robot-test/gen-ai-robot-test/tests/api/test_api_users.robot">
<test id="s1-s1-s1-t1" name="Scenario: Get all registered users" line="9">
<kw name="Before Tests" library="test_keywords_common" type="SETUP">
<kw name="Create Session" library="RequestsLibrary">
<arg>serverest</arg>
<arg>${SERVER_BASE_URL}</arg>
<arg>disable_warnings=True</arg>
<doc>Create Session: create a HTTP session to a server</doc>
<msg timestamp="20230531 01:52:37.089" level="INFO">Creating Session using : alias=serverest, url=https://serverest.dev, headers={},                     cookies={}, auth=None, timeout=None, proxies=None, verify=False,                     debug=0 </msg>
<status status="PASS" starttime="20230531 01:52:37.089" endtime="20230531 01:52:37.089"/>
</kw>
<status status="PASS" starttime="20230531 01:52:37.088" endtime="20230531 01:52:37.089"/>
</kw>
<kw name="When I request the list of all registered users" library="test_keywords_users">
<kw name="GET On Session" library="RequestsLibrary">
<var>${response}</var>
<arg>serverest</arg>
<arg>${USERS_API_ENDPOINT}</arg>
<doc>Sends a GET request on a previously created HTTP Session.</doc>
<msg timestamp="20230531 01:52:41.799" level="INFO">GET Request : url=https://serverest.dev/usuarios 
 path_url=/usuarios 
 headers={'User-Agent': 'python-requests/2.31.0', 'Accept-Encoding': 'gzip, deflate', 'Accept': '*/*', 'Connection': 'keep-alive'} 
 body=None 
 </msg>
<msg timestamp="20230531 01:52:41.799" level="INFO">GET Response : url=https://serverest.dev/usuarios 
 status=200, reason=OK 
 headers={'access-control-allow-origin': '*', 'x-dns-prefetch-control': 'off', 'x-frame-options': 'SAMEORIGIN', 'strict-transport-security': 'max-age=15552000; includeSubDomains', 'x-download-options': 'noopen', 'x-content-type-options': 'nosniff', 'x-xss-protection': '1; mode=block', 'x-moesif-transaction-id': '97f3c16d-c6d8-455e-b681-616241410391', 'content-type': 'application/json; charset=utf-8', 'X-Cloud-Trace-Context': '328b081f9d4fc13458a044a943fbe44b;o=1', 'Date': 'Wed, 31 May 2023 01:52:41 GMT', 'Server': 'Google Frontend', 'Content-Length': '253'} 
 body={
    "quantidade": 1,
    "usuarios": [
        {
            "nome": "Fulano da Silva",
            "email": "fulano@qa.com",
            "password": "teste",
            "administrador": "true",
            "_id": "0uxuPY0cbmQhpEz1"
        }
    ]
} 
 </msg>
<msg timestamp="20230531 01:52:41.799" level="INFO">${response} = &lt;Response [200]&gt;</msg>
<status status="PASS" starttime="20230531 01:52:37.090" endtime="20230531 01:52:41.799"/>
</kw>
<kw name="Set Test Variable" library="BuiltIn">
<arg>${response}</arg>
<doc>Makes a variable available everywhere within the scope of the current test.</doc>
<msg timestamp="20230531 01:52:41.799" level="INFO">${response} = &lt;Response [200]&gt;</msg>
<status status="PASS" starttime="20230531 01:52:41.799" endtime="20230531 01:52:41.799"/>
</kw>
<status status="PASS" starttime="20230531 01:52:37.089" endtime="20230531 01:52:41.800"/>
</kw>
<kw name="Then the response status code should be 200" library="test_keywords_users" sourcename="Then the response status code should be ${status_code}">
<kw name="Should Be Equal As Numbers" library="BuiltIn">
<arg>${response.status_code}</arg>
<arg>${status_code}</arg>
<doc>Fails if objects are unequal after converting them to real numbers.</doc>
<msg timestamp="20230531 01:52:41.801" level="INFO">Argument types are:
&lt;class 'int'&gt;
&lt;class 'str'&gt;</msg>
<status status="PASS" starttime="20230531 01:52:41.800" endtime="20230531 01:52:41.801"/>
</kw>
<kw name="Should Be True" library="BuiltIn">
<arg>${response.json()}</arg>
<doc>Fails if the given condition is not true.</doc>
<status status="PASS" starttime="20230531 01:52:41.801" endtime="20230531 01:52:41.801"/>
</kw>
<status status="PASS" starttime="20230531 01:52:41.800" endtime="20230531 01:52:41.802"/>
</kw>
<kw name="And the response body should not be empty" library="test_keywords_users">
<kw name="Should Not Be Empty" library="BuiltIn">
<arg>${response.json()}</arg>
<doc>Verifies that the given item is not empty.</doc>
<msg timestamp="20230531 01:52:41.802" level="INFO">Length is 2</msg>
<status status="PASS" starttime="20230531 01:52:41.802" endtime="20230531 01:52:41.802"/>
</kw>
<status status="PASS" starttime="20230531 01:52:41.802" endtime="20230531 01:52:41.803"/>
</kw>
<tag>api</tag>
<status status="PASS" starttime="20230531 01:52:37.088" endtime="20230531 01:52:41.803"/>
</test>
<test id="s1-s1-s1-t2" name="Scenario: Create a new user" line="15">
<kw name="Before Tests" library="test_keywords_common" type="SETUP">
<kw name="Create Session" library="RequestsLibrary">
<arg>serverest</arg>
<arg>${SERVER_BASE_URL}</arg>
<arg>disable_warnings=True</arg>
<doc>Create Session: create a HTTP session to a server</doc>
<msg timestamp="20230531 01:52:41.804" level="INFO">Creating Session using : alias=serverest, url=https://serverest.dev, headers={},                     cookies={}, auth=None, timeout=None, proxies=None, verify=False,                     debug=0 </msg>
<status status="PASS" starttime="20230531 01:52:41.804" endtime="20230531 01:52:41.804"/>
</kw>
<status status="PASS" starttime="20230531 01:52:41.803" endtime="20230531 01:52:41.804"/>
</kw>
<kw name="Given I have a valid user data" library="test_keywords_users">
<kw name="Name" library="FakerLibrary">
<var>${name}</var>
<doc>:example 'John Doe'</doc>
<msg timestamp="20230531 01:52:41.805" level="INFO">${name} = Matthew Sullivan</msg>
<status status="PASS" starttime="20230531 01:52:41.805" endtime="20230531 01:52:41.805"/>
</kw>
<kw name="Email" library="FakerLibrary">
<var>${email}</var>
<msg timestamp="20230531 01:52:41.806" level="INFO">${email} = wporter@example.com</msg>
<status status="PASS" starttime="20230531 01:52:41.805" endtime="20230531 01:52:41.806"/>
</kw>
<kw name="Password" library="FakerLibrary">
<var>${password}</var>
<arg>length=12</arg>
<arg>special_chars=False</arg>
<doc>Generate a random password of the specified ``length``.</doc>
<msg timestamp="20230531 01:52:41.806" level="INFO">${password} = 0XpCi3WydXqN</msg>
<status status="PASS" starttime="20230531 01:52:41.806" endtime="20230531 01:52:41.806"/>
</kw>
<kw name="Set Suite Variable" library="BuiltIn">
<arg>${name}</arg>
<doc>Makes a variable available everywhere within the scope of the current suite.</doc>
<msg timestamp="20230531 01:52:41.806" level="INFO">${name} = Matthew Sullivan</msg>
<status status="PASS" starttime="20230531 01:52:41.806" endtime="20230531 01:52:41.806"/>
</kw>
<kw name="Set Suite Variable" library="BuiltIn">
<arg>${email}</arg>
<doc>Makes a variable available everywhere within the scope of the current suite.</doc>
<msg timestamp="20230531 01:52:41.807" level="INFO">${email} = wporter@example.com</msg>
<status status="PASS" starttime="20230531 01:52:41.807" endtime="20230531 01:52:41.807"/>
</kw>
<kw name="Set Suite Variable" library="BuiltIn">
<arg>${password}</arg>
<doc>Makes a variable available everywhere within the scope of the current suite.</doc>
<msg timestamp="20230531 01:52:41.807" level="INFO">${password} = 0XpCi3WydXqN</msg>
<status status="PASS" starttime="20230531 01:52:41.807" endtime="20230531 01:52:41.807"/>
</kw>
<status status="PASS" starttime="20230531 01:52:41.804" endtime="20230531 01:52:41.807"/>
</kw>
<kw name="When I create the user" library="test_keywords_users">
<kw name="Create Dictionary" library="BuiltIn">
<var>${payload}</var>
<arg>nome=${name}</arg>
<arg>email=${email}</arg>
<arg>password=${password}</arg>
<arg>administrador=false</arg>
<doc>Creates and returns a dictionary based on the given ``items``.</doc>
<msg timestamp="20230531 01:52:41.808" level="INFO">${payload} = {'nome': 'Matthew Sullivan', 'email': 'wporter@example.com', 'password': '0XpCi3WydXqN', 'administrador': 'false'}</msg>
<status status="PASS" starttime="20230531 01:52:41.808" endtime="20230531 01:52:41.808"/>
</kw>
<kw name="Create Dictionary" library="BuiltIn">
<var>${headers}</var>
<arg>Content-Type=application/json</arg>
<doc>Creates and returns a dictionary based on the given ``items``.</doc>
<msg timestamp="20230531 01:52:41.808" level="INFO">${headers} = {'Content-Type': 'application/json'}</msg>
<status status="PASS" starttime="20230531 01:52:41.808" endtime="20230531 01:52:41.808"/>
</kw>
<kw name="POST On Session" library="RequestsLibrary">
<var>${response}</var>
<arg>serverest</arg>
<arg>${USERS_API_ENDPOINT}</arg>
<arg>json=${payload}</arg>
<arg>headers=${headers}</arg>
<doc>Sends a POST request on a previously created HTTP Session.</doc>
<msg timestamp="20230531 01:52:41.913" level="INFO">POST Request : url=https://serverest.dev/usuarios 
 path_url=/usuarios 
 headers={'User-Agent': 'python-requests/2.31.0', 'Accept-Encoding': 'gzip, deflate', 'Accept': '*/*', 'Connection': 'keep-alive', 'Content-Type': 'application/json', 'Content-Length': '114'} 
 body=b'{"nome": "Matthew Sullivan", "email": "wporter@example.com", "password": "0XpCi3WydXqN", "administrador": "false"}' 
 </msg>
<msg timestamp="20230531 01:52:41.913" level="INFO">POST Response : url=https://serverest.dev/usuarios 
 status=201, reason=Created 
 headers={'access-control-allow-origin': '*', 'x-dns-prefetch-control': 'off', 'x-frame-options': 'SAMEORIGIN', 'strict-transport-security': 'max-age=15552000; includeSubDomains', 'x-download-options': 'noopen', 'x-content-type-options': 'nosniff', 'x-xss-protection': '1; mode=block', 'x-moesif-transaction-id': '7d70d29f-5e21-47b2-ac67-06ae04f69818', 'content-type': 'application/json; charset=utf-8', 'X-Cloud-Trace-Context': '1a6f53dbedb6d07b7607b14fbef3ac63', 'Date': 'Wed, 31 May 2023 01:52:41 GMT', 'Server': 'Google Frontend', 'Content-Length': '82'} 
 body={
    "message": "Cadastro realizado com sucesso",
    "_id": "D5t7Mn9RdlUCd2RS"
} 
 </msg>
<msg timestamp="20230531 01:52:41.913" level="INFO">${response} = &lt;Response [201]&gt;</msg>
<status status="PASS" starttime="20230531 01:52:41.809" endtime="20230531 01:52:41.913"/>
</kw>
<kw name="Set Variable" library="BuiltIn">
<var>${user_id}</var>
<arg>${response.json()['_id']}</arg>
<doc>Returns the given values which can then be assigned to a variables.</doc>
<msg timestamp="20230531 01:52:41.914" level="INFO">${user_id} = D5t7Mn9RdlUCd2RS</msg>
<status status="PASS" starttime="20230531 01:52:41.913" endtime="20230531 01:52:41.914"/>
</kw>
<kw name="Set Global Variable" library="BuiltIn">
<arg>${USER_ID}</arg>
<arg>${user_id}</arg>
<doc>Makes a variable available globally in all tests and suites.</doc>
<msg timestamp="20230531 01:52:41.914" level="INFO">${USER_ID} = D5t7Mn9RdlUCd2RS</msg>
<status status="PASS" starttime="20230531 01:52:41.914" endtime="20230531 01:52:41.914"/>
</kw>
<kw name="Set Test Variable" library="BuiltIn">
<arg>${response}</arg>
<doc>Makes a variable available everywhere within the scope of the current test.</doc>
<msg timestamp="20230531 01:52:41.914" level="INFO">${response} = &lt;Response [201]&gt;</msg>
<status status="PASS" starttime="20230531 01:52:41.914" endtime="20230531 01:52:41.914"/>
</kw>
<status status="PASS" starttime="20230531 01:52:41.807" endtime="20230531 01:52:41.915"/>
</kw>
<kw name="Then the response status code should be 201" library="test_keywords_users" sourcename="Then the response status code should be ${status_code}">
<kw name="Should Be Equal As Numbers" library="BuiltIn">
<arg>${response.status_code}</arg>
<arg>${status_code}</arg>
<doc>Fails if objects are unequal after converting them to real numbers.</doc>
<msg timestamp="20230531 01:52:41.915" level="INFO">Argument types are:
&lt;class 'int'&gt;
&lt;class 'str'&gt;</msg>
<status status="PASS" starttime="20230531 01:52:41.915" endtime="20230531 01:52:41.916"/>
</kw>
<kw name="Should Be True" library="BuiltIn">
<arg>${response.json()}</arg>
<doc>Fails if the given condition is not true.</doc>
<status status="PASS" starttime="20230531 01:52:41.916" endtime="20230531 01:52:41.916"/>
</kw>
<status status="PASS" starttime="20230531 01:52:41.915" endtime="20230531 01:52:41.916"/>
</kw>
<kw name="And the response body should not be empty" library="test_keywords_users">
<kw name="Should Not Be Empty" library="BuiltIn">
<arg>${response.json()}</arg>
<doc>Verifies that the given item is not empty.</doc>
<msg timestamp="20230531 01:52:41.917" level="INFO">Length is 2</msg>
<status status="PASS" starttime="20230531 01:52:41.917" endtime="20230531 01:52:41.917"/>
</kw>
<status status="PASS" starttime="20230531 01:52:41.916" endtime="20230531 01:52:41.917"/>
</kw>
<tag>api</tag>
<status status="PASS" starttime="20230531 01:52:41.803" endtime="20230531 01:52:41.917"/>
</test>
<test id="s1-s1-s1-t3" name="Scenario: Get a specific user informations" line="22">
<kw name="Before Tests" library="test_keywords_common" type="SETUP">
<kw name="Create Session" library="RequestsLibrary">
<arg>serverest</arg>
<arg>${SERVER_BASE_URL}</arg>
<arg>disable_warnings=True</arg>
<doc>Create Session: create a HTTP session to a server</doc>
<msg timestamp="20230531 01:52:41.919" level="INFO">Creating Session using : alias=serverest, url=https://serverest.dev, headers={},                     cookies={}, auth=None, timeout=None, proxies=None, verify=False,                     debug=0 </msg>
<status status="PASS" starttime="20230531 01:52:41.918" endtime="20230531 01:52:41.919"/>
</kw>
<status status="PASS" starttime="20230531 01:52:41.918" endtime="20230531 01:52:41.919"/>
</kw>
<kw name="When I request the created user" library="test_keywords_users">
<kw name="GET On Session" library="RequestsLibrary">
<var>${response}</var>
<arg>serverest</arg>
<arg>${USERS_API_ENDPOINT}/${USER_ID}</arg>
<doc>Sends a GET request on a previously created HTTP Session.</doc>
<msg timestamp="20230531 01:52:42.009" level="INFO">GET Request : url=https://serverest.dev/usuarios/D5t7Mn9RdlUCd2RS 
 path_url=/usuarios/D5t7Mn9RdlUCd2RS 
 headers={'User-Agent': 'python-requests/2.31.0', 'Accept-Encoding': 'gzip, deflate', 'Accept': '*/*', 'Connection': 'keep-alive'} 
 body=None 
 </msg>
<msg timestamp="20230531 01:52:42.009" level="INFO">GET Response : url=https://serverest.dev/usuarios/D5t7Mn9RdlUCd2RS 
 status=200, reason=OK 
 headers={'access-control-allow-origin': '*', 'x-dns-prefetch-control': 'off', 'x-frame-options': 'SAMEORIGIN', 'strict-transport-security': 'max-age=15552000; includeSubDomains', 'x-download-options': 'noopen', 'x-content-type-options': 'nosniff', 'x-xss-protection': '1; mode=block', 'x-moesif-transaction-id': 'b06f1f03-2814-4253-9af2-52225a689c71', 'content-type': 'application/json; charset=utf-8', 'X-Cloud-Trace-Context': '36261e1a219d2bae95d4eb2a44c64068', 'Date': 'Wed, 31 May 2023 01:52:41 GMT', 'Server': 'Google Frontend', 'Content-Length': '163'} 
 body={
    "nome": "Matthew Sullivan",
    "email": "wporter@example.com",
    "password": "0XpCi3WydXqN",
    "administrador": "false",
    "_id": "D5t7Mn9RdlUCd2RS"
} 
 </msg>
<msg timestamp="20230531 01:52:42.009" level="INFO">${response} = &lt;Response [200]&gt;</msg>
<status status="PASS" starttime="20230531 01:52:41.919" endtime="20230531 01:52:42.009"/>
</kw>
<kw name="Set Test Variable" library="BuiltIn">
<arg>${response}</arg>
<doc>Makes a variable available everywhere within the scope of the current test.</doc>
<msg timestamp="20230531 01:52:42.010" level="INFO">${response} = &lt;Response [200]&gt;</msg>
<status status="PASS" starttime="20230531 01:52:42.009" endtime="20230531 01:52:42.010"/>
</kw>
<status status="PASS" starttime="20230531 01:52:41.919" endtime="20230531 01:52:42.010"/>
</kw>
<kw name="Then the response status code should be 200" library="test_keywords_users" sourcename="Then the response status code should be ${status_code}">
<kw name="Should Be Equal As Numbers" library="BuiltIn">
<arg>${response.status_code}</arg>
<arg>${status_code}</arg>
<doc>Fails if objects are unequal after converting them to real numbers.</doc>
<msg timestamp="20230531 01:52:42.011" level="INFO">Argument types are:
&lt;class 'int'&gt;
&lt;class 'str'&gt;</msg>
<status status="PASS" starttime="20230531 01:52:42.010" endtime="20230531 01:52:42.011"/>
</kw>
<kw name="Should Be True" library="BuiltIn">
<arg>${response.json()}</arg>
<doc>Fails if the given condition is not true.</doc>
<status status="PASS" starttime="20230531 01:52:42.011" endtime="20230531 01:52:42.012"/>
</kw>
<status status="PASS" starttime="20230531 01:52:42.010" endtime="20230531 01:52:42.012"/>
</kw>
<kw name="And the response body should not be empty" library="test_keywords_users">
<kw name="Should Not Be Empty" library="BuiltIn">
<arg>${response.json()}</arg>
<doc>Verifies that the given item is not empty.</doc>
<msg timestamp="20230531 01:52:42.013" level="INFO">Length is 5</msg>
<status status="PASS" starttime="20230531 01:52:42.012" endtime="20230531 01:52:42.013"/>
</kw>
<status status="PASS" starttime="20230531 01:52:42.012" endtime="20230531 01:52:42.013"/>
</kw>
<tag>api</tag>
<status status="PASS" starttime="20230531 01:52:41.918" endtime="20230531 01:52:42.013"/>
</test>
<test id="s1-s1-s1-t4" name="Scenario: Update the created user" line="28">
<kw name="Before Tests" library="test_keywords_common" type="SETUP">
<kw name="Create Session" library="RequestsLibrary">
<arg>serverest</arg>
<arg>${SERVER_BASE_URL}</arg>
<arg>disable_warnings=True</arg>
<doc>Create Session: create a HTTP session to a server</doc>
<msg timestamp="20230531 01:52:42.014" level="INFO">Creating Session using : alias=serverest, url=https://serverest.dev, headers={},                     cookies={}, auth=None, timeout=None, proxies=None, verify=False,                     debug=0 </msg>
<status status="PASS" starttime="20230531 01:52:42.014" endtime="20230531 01:52:42.014"/>
</kw>
<status status="PASS" starttime="20230531 01:52:42.014" endtime="20230531 01:52:42.014"/>
</kw>
<kw name="When I update the created user" library="test_keywords_users">
<kw name="Create Dictionary" library="BuiltIn">
<var>${payload}</var>
<arg>nome=John Smith</arg>
<arg>email=john.smith@example.com</arg>
<arg>password=P@ssw0rd123</arg>
<arg>administrador=false</arg>
<doc>Creates and returns a dictionary based on the given ``items``.</doc>
<msg timestamp="20230531 01:52:42.015" level="INFO">${payload} = {'nome': 'John Smith', 'email': 'john.smith@example.com', 'password': 'P@ssw0rd123', 'administrador': 'false'}</msg>
<status status="PASS" starttime="20230531 01:52:42.015" endtime="20230531 01:52:42.015"/>
</kw>
<kw name="Create Dictionary" library="BuiltIn">
<var>${headers}</var>
<arg>Content-Type=application/json</arg>
<doc>Creates and returns a dictionary based on the given ``items``.</doc>
<msg timestamp="20230531 01:52:42.015" level="INFO">${headers} = {'Content-Type': 'application/json'}</msg>
<status status="PASS" starttime="20230531 01:52:42.015" endtime="20230531 01:52:42.015"/>
</kw>
<kw name="PUT On Session" library="RequestsLibrary">
<var>${response}</var>
<arg>serverest</arg>
<arg>${USERS_API_ENDPOINT}/${USER_ID}</arg>
<arg>json=${payload}</arg>
<arg>headers=${headers}</arg>
<doc>Sends a PUT request on a previously created HTTP Session.</doc>
<msg timestamp="20230531 01:52:42.103" level="INFO">PUT Request : url=https://serverest.dev/usuarios/D5t7Mn9RdlUCd2RS 
 path_url=/usuarios/D5t7Mn9RdlUCd2RS 
 headers={'User-Agent': 'python-requests/2.31.0', 'Accept-Encoding': 'gzip, deflate', 'Accept': '*/*', 'Connection': 'keep-alive', 'Content-Type': 'application/json', 'Content-Length': '110'} 
 body=b'{"nome": "John Smith", "email": "john.smith@example.com", "password": "P@ssw0rd123", "administrador": "false"}' 
 </msg>
<msg timestamp="20230531 01:52:42.103" level="INFO">PUT Response : url=https://serverest.dev/usuarios/D5t7Mn9RdlUCd2RS 
 status=200, reason=OK 
 headers={'access-control-allow-origin': '*', 'x-dns-prefetch-control': 'off', 'x-frame-options': 'SAMEORIGIN', 'strict-transport-security': 'max-age=15552000; includeSubDomains', 'x-download-options': 'noopen', 'x-content-type-options': 'nosniff', 'x-xss-protection': '1; mode=block', 'x-moesif-transaction-id': '98b43c98-146d-4317-ad89-1dc09f152963', 'content-type': 'application/json; charset=utf-8', 'X-Cloud-Trace-Context': '7de8628981f6be65ebd5d443f47f9903', 'Date': 'Wed, 31 May 2023 01:52:42 GMT', 'Server': 'Google Frontend', 'Content-Length': '50'} 
 body={
    "message": "Registro alterado com sucesso"
} 
 </msg>
<msg timestamp="20230531 01:52:42.103" level="INFO">${response} = &lt;Response [200]&gt;</msg>
<status status="PASS" starttime="20230531 01:52:42.015" endtime="20230531 01:52:42.103"/>
</kw>
<kw name="Set Test Variable" library="BuiltIn">
<arg>${response}</arg>
<doc>Makes a variable available everywhere within the scope of the current test.</doc>
<msg timestamp="20230531 01:52:42.104" level="INFO">${response} = &lt;Response [200]&gt;</msg>
<status status="PASS" starttime="20230531 01:52:42.103" endtime="20230531 01:52:42.104"/>
</kw>
<status status="PASS" starttime="20230531 01:52:42.014" endtime="20230531 01:52:42.104"/>
</kw>
<kw name="Then the response status code should be 200" library="test_keywords_users" sourcename="Then the response status code should be ${status_code}">
<kw name="Should Be Equal As Numbers" library="BuiltIn">
<arg>${response.status_code}</arg>
<arg>${status_code}</arg>
<doc>Fails if objects are unequal after converting them to real numbers.</doc>
<msg timestamp="20230531 01:52:42.105" level="INFO">Argument types are:
&lt;class 'int'&gt;
&lt;class 'str'&gt;</msg>
<status status="PASS" starttime="20230531 01:52:42.104" endtime="20230531 01:52:42.105"/>
</kw>
<kw name="Should Be True" library="BuiltIn">
<arg>${response.json()}</arg>
<doc>Fails if the given condition is not true.</doc>
<status status="PASS" starttime="20230531 01:52:42.105" endtime="20230531 01:52:42.105"/>
</kw>
<status status="PASS" starttime="20230531 01:52:42.104" endtime="20230531 01:52:42.106"/>
</kw>
<kw name="And the response body should not be empty" library="test_keywords_users">
<kw name="Should Not Be Empty" library="BuiltIn">
<arg>${response.json()}</arg>
<doc>Verifies that the given item is not empty.</doc>
<msg timestamp="20230531 01:52:42.106" level="INFO">Length is 1</msg>
<status status="PASS" starttime="20230531 01:52:42.106" endtime="20230531 01:52:42.106"/>
</kw>
<status status="PASS" starttime="20230531 01:52:42.106" endtime="20230531 01:52:42.107"/>
</kw>
<tag>api</tag>
<status status="PASS" starttime="20230531 01:52:42.013" endtime="20230531 01:52:42.107"/>
</test>
<test id="s1-s1-s1-t5" name="Scenario: Delete the created user" line="34">
<kw name="Before Tests" library="test_keywords_common" type="SETUP">
<kw name="Create Session" library="RequestsLibrary">
<arg>serverest</arg>
<arg>${SERVER_BASE_URL}</arg>
<arg>disable_warnings=True</arg>
<doc>Create Session: create a HTTP session to a server</doc>
<msg timestamp="20230531 01:52:42.108" level="INFO">Creating Session using : alias=serverest, url=https://serverest.dev, headers={},                     cookies={}, auth=None, timeout=None, proxies=None, verify=False,                     debug=0 </msg>
<status status="PASS" starttime="20230531 01:52:42.108" endtime="20230531 01:52:42.109"/>
</kw>
<status status="PASS" starttime="20230531 01:52:42.108" endtime="20230531 01:52:42.109"/>
</kw>
<kw name="When I delete the created user" library="test_keywords_users">
<kw name="DELETE On Session" library="RequestsLibrary">
<var>${response}</var>
<arg>serverest</arg>
<arg>${USERS_API_ENDPOINT}/${USER_ID}</arg>
<doc>Sends a DELETE request on a previously created HTTP Session.</doc>
<msg timestamp="20230531 01:52:42.203" level="INFO">DELETE Request : url=https://serverest.dev/usuarios/D5t7Mn9RdlUCd2RS 
 path_url=/usuarios/D5t7Mn9RdlUCd2RS 
 headers={'User-Agent': 'python-requests/2.31.0', 'Accept-Encoding': 'gzip, deflate', 'Accept': '*/*', 'Connection': 'keep-alive', 'Content-Length': '0'} 
 body=None 
 </msg>
<msg timestamp="20230531 01:52:42.203" level="INFO">DELETE Response : url=https://serverest.dev/usuarios/D5t7Mn9RdlUCd2RS 
 status=200, reason=OK 
 headers={'access-control-allow-origin': '*', 'x-dns-prefetch-control': 'off', 'x-frame-options': 'SAMEORIGIN', 'strict-transport-security': 'max-age=15552000; includeSubDomains', 'x-download-options': 'noopen', 'x-content-type-options': 'nosniff', 'x-xss-protection': '1; mode=block', 'x-moesif-transaction-id': 'dc5a0f68-b5f7-47ca-a766-3efa0de41e35', 'content-type': 'application/json; charset=utf-8', 'X-Cloud-Trace-Context': '8a66c5896f4a9ab1dae6d9759945e3be', 'Date': 'Wed, 31 May 2023 01:52:42 GMT', 'Server': 'Google Frontend', 'Content-Length': '51'} 
 body={
    "message": "Registro excluído com sucesso"
} 
 </msg>
<msg timestamp="20230531 01:52:42.203" level="INFO">${response} = &lt;Response [200]&gt;</msg>
<status status="PASS" starttime="20230531 01:52:42.109" endtime="20230531 01:52:42.203"/>
</kw>
<kw name="Set Test Variable" library="BuiltIn">
<arg>${response}</arg>
<doc>Makes a variable available everywhere within the scope of the current test.</doc>
<msg timestamp="20230531 01:52:42.203" level="INFO">${response} = &lt;Response [200]&gt;</msg>
<status status="PASS" starttime="20230531 01:52:42.203" endtime="20230531 01:52:42.203"/>
</kw>
<status status="PASS" starttime="20230531 01:52:42.109" endtime="20230531 01:52:42.203"/>
</kw>
<kw name="Then the response status code should be 200" library="test_keywords_users" sourcename="Then the response status code should be ${status_code}">
<kw name="Should Be Equal As Numbers" library="BuiltIn">
<arg>${response.status_code}</arg>
<arg>${status_code}</arg>
<doc>Fails if objects are unequal after converting them to real numbers.</doc>
<msg timestamp="20230531 01:52:42.204" level="INFO">Argument types are:
&lt;class 'int'&gt;
&lt;class 'str'&gt;</msg>
<status status="PASS" starttime="20230531 01:52:42.204" endtime="20230531 01:52:42.204"/>
</kw>
<kw name="Should Be True" library="BuiltIn">
<arg>${response.json()}</arg>
<doc>Fails if the given condition is not true.</doc>
<status status="PASS" starttime="20230531 01:52:42.204" endtime="20230531 01:52:42.205"/>
</kw>
<status status="PASS" starttime="20230531 01:52:42.203" endtime="20230531 01:52:42.205"/>
</kw>
<kw name="And the response body should not be empty" library="test_keywords_users">
<kw name="Should Not Be Empty" library="BuiltIn">
<arg>${response.json()}</arg>
<doc>Verifies that the given item is not empty.</doc>
<msg timestamp="20230531 01:52:42.206" level="INFO">Length is 1</msg>
<status status="PASS" starttime="20230531 01:52:42.206" endtime="20230531 01:52:42.206"/>
</kw>
<status status="PASS" starttime="20230531 01:52:42.205" endtime="20230531 01:52:42.206"/>
</kw>
<tag>api</tag>
<status status="PASS" starttime="20230531 01:52:42.107" endtime="20230531 01:52:42.206"/>
</test>
<status status="PASS" starttime="20230531 01:52:36.651" endtime="20230531 01:52:42.207"/>
</suite>
<status status="PASS" starttime="20230531 01:52:36.650" endtime="20230531 01:52:42.208"/>
</suite>
<suite id="s1-s2" name="Ui" source="/home/runner/work/gen-ai-robot-test/gen-ai-robot-test/tests/ui">
<suite id="s1-s2-s1" name="Test Ui Signup" source="/home/runner/work/gen-ai-robot-test/gen-ai-robot-test/tests/ui/test_ui_signup.robot">
<test id="s1-s2-s1-t1" name="Scenario: Signup with empty fields" line="10">
<kw name="Before Tests" library="test_keywords_common" type="SETUP">
<kw name="Open Browser" library="SeleniumLibrary">
<arg>${SERVER_BASE_URL}</arg>
<arg>${HEADLESS} ${BROWSER}</arg>
<doc>Opens a new browser instance to the optional ``url``.</doc>
<msg timestamp="20230531 01:52:42.218" level="INFO">Opening browser 'headless Chrome' to base url 'https://front.serverest.dev/'.</msg>
<status status="PASS" starttime="20230531 01:52:42.218" endtime="20230531 01:52:44.634"/>
</kw>
<kw name="Maximize Browser Window" library="SeleniumLibrary">
<doc>Maximizes current browser window.</doc>
<status status="PASS" starttime="20230531 01:52:44.635" endtime="20230531 01:52:44.742"/>
</kw>
<status status="PASS" starttime="20230531 01:52:42.217" endtime="20230531 01:52:44.742"/>
</kw>
<kw name="Given Im on the signup page" library="test_keywords_signup">
<kw name="Location Should Be" library="SeleniumLibrary">
<arg>https://front.serverest.dev/login</arg>
<doc>Verifies that the current URL is exactly ``url``.</doc>
<msg timestamp="20230531 01:52:44.747" level="INFO">Current location is 'https://front.serverest.dev/login'.</msg>
<status status="PASS" starttime="20230531 01:52:44.743" endtime="20230531 01:52:44.748"/>
</kw>
<kw name="Click Element" library="SeleniumLibrary">
<arg>css=a.btn.btn-link</arg>
<doc>Click the element identified by ``locator``.</doc>
<msg timestamp="20230531 01:52:44.749" level="INFO">Clicking element 'css=a.btn.btn-link'.</msg>
<status status="PASS" starttime="20230531 01:52:44.748" endtime="20230531 01:52:44.808"/>
</kw>
<status status="PASS" starttime="20230531 01:52:44.743" endtime="20230531 01:52:44.808"/>
</kw>
<kw name="When I click in signup" library="test_keywords_signup">
<kw name="Click Button" library="SeleniumLibrary">
<arg>css=.btn.btn-primary</arg>
<doc>Clicks the button identified by ``locator``.</doc>
<msg timestamp="20230531 01:52:44.809" level="INFO">Clicking button 'css=.btn.btn-primary'.</msg>
<status status="PASS" starttime="20230531 01:52:44.808" endtime="20230531 01:52:44.868"/>
</kw>
<status status="PASS" starttime="20230531 01:52:44.808" endtime="20230531 01:52:44.869"/>
</kw>
<kw name="Then required field messages should be displayed" library="test_keywords_signup">
<kw name="Wait Until Element Is Visible" library="SeleniumLibrary">
<arg>css=.alert-dismissible</arg>
<arg>timeout=10s</arg>
<doc>Waits until the element ``locator`` is visible.</doc>
<status status="PASS" starttime="20230531 01:52:44.869" endtime="20230531 01:52:45.101"/>
</kw>
<kw name="Element Should Be Visible" library="SeleniumLibrary">
<arg>css=.alert-dismissible</arg>
<doc>Verifies that the element identified by ``locator`` is visible.</doc>
<msg timestamp="20230531 01:52:45.118" level="INFO">Element 'css=.alert-dismissible' is displayed.</msg>
<status status="PASS" starttime="20230531 01:52:45.101" endtime="20230531 01:52:45.118"/>
</kw>
<kw name="Page Should Contain" library="SeleniumLibrary">
<arg>Nome é obrigatório</arg>
<doc>Verifies that current page contains ``text``.</doc>
<msg timestamp="20230531 01:52:45.132" level="INFO">Current page contains text 'Nome é obrigatório'.</msg>
<status status="PASS" starttime="20230531 01:52:45.118" endtime="20230531 01:52:45.132"/>
</kw>
<kw name="Page Should Contain" library="SeleniumLibrary">
<arg>Email é obrigatório</arg>
<doc>Verifies that current page contains ``text``.</doc>
<msg timestamp="20230531 01:52:45.144" level="INFO">Current page contains text 'Email é obrigatório'.</msg>
<status status="PASS" starttime="20230531 01:52:45.133" endtime="20230531 01:52:45.145"/>
</kw>
<kw name="Page Should Contain" library="SeleniumLibrary">
<arg>Password é obrigatório</arg>
<doc>Verifies that current page contains ``text``.</doc>
<msg timestamp="20230531 01:52:45.156" level="INFO">Current page contains text 'Password é obrigatório'.</msg>
<status status="PASS" starttime="20230531 01:52:45.145" endtime="20230531 01:52:45.156"/>
</kw>
<status status="PASS" starttime="20230531 01:52:44.869" endtime="20230531 01:52:45.157"/>
</kw>
<kw name="After Tests" library="test_keywords_common" type="TEARDOWN">
<kw name="Close Browser" library="SeleniumLibrary">
<doc>Closes the current browser.</doc>
<status status="PASS" starttime="20230531 01:52:45.157" endtime="20230531 01:52:45.212"/>
</kw>
<status status="PASS" starttime="20230531 01:52:45.157" endtime="20230531 01:52:45.212"/>
</kw>
<tag>ui</tag>
<status status="PASS" starttime="20230531 01:52:42.217" endtime="20230531 01:52:45.212"/>
</test>
<test id="s1-s2-s1-t2" name="Scenario: Signup done successfully" line="16">
<kw name="Before Tests" library="test_keywords_common" type="SETUP">
<kw name="Open Browser" library="SeleniumLibrary">
<arg>${SERVER_BASE_URL}</arg>
<arg>${HEADLESS} ${BROWSER}</arg>
<doc>Opens a new browser instance to the optional ``url``.</doc>
<msg timestamp="20230531 01:52:45.214" level="INFO">Opening browser 'headless Chrome' to base url 'https://front.serverest.dev/'.</msg>
<status status="PASS" starttime="20230531 01:52:45.214" endtime="20230531 01:52:46.387"/>
</kw>
<kw name="Maximize Browser Window" library="SeleniumLibrary">
<doc>Maximizes current browser window.</doc>
<status status="PASS" starttime="20230531 01:52:46.387" endtime="20230531 01:52:46.498"/>
</kw>
<status status="PASS" starttime="20230531 01:52:45.213" endtime="20230531 01:52:46.498"/>
</kw>
<kw name="Given Im on the signup page" library="test_keywords_signup">
<kw name="Location Should Be" library="SeleniumLibrary">
<arg>https://front.serverest.dev/login</arg>
<doc>Verifies that the current URL is exactly ``url``.</doc>
<msg timestamp="20230531 01:52:46.503" level="INFO">Current location is 'https://front.serverest.dev/login'.</msg>
<status status="PASS" starttime="20230531 01:52:46.499" endtime="20230531 01:52:46.503"/>
</kw>
<kw name="Click Element" library="SeleniumLibrary">
<arg>css=a.btn.btn-link</arg>
<doc>Click the element identified by ``locator``.</doc>
<msg timestamp="20230531 01:52:46.504" level="INFO">Clicking element 'css=a.btn.btn-link'.</msg>
<status status="PASS" starttime="20230531 01:52:46.504" endtime="20230531 01:52:46.555"/>
</kw>
<status status="PASS" starttime="20230531 01:52:46.498" endtime="20230531 01:52:46.555"/>
</kw>
<kw name="And I fill in the signup fields with valid data" library="test_keywords_signup">
<kw name="Name" library="FakerLibrary">
<var>${name}</var>
<doc>:example 'John Doe'</doc>
<msg timestamp="20230531 01:52:46.556" level="INFO">${name} = Mrs. Brianna Henderson DDS</msg>
<status status="PASS" starttime="20230531 01:52:46.556" endtime="20230531 01:52:46.556"/>
</kw>
<kw name="Email" library="FakerLibrary">
<var>${email}</var>
<msg timestamp="20230531 01:52:46.557" level="INFO">${email} = williamsontrevor@example.org</msg>
<status status="PASS" starttime="20230531 01:52:46.556" endtime="20230531 01:52:46.557"/>
</kw>
<kw name="Password" library="FakerLibrary">
<var>${password}</var>
<arg>length=12</arg>
<arg>special_chars=False</arg>
<doc>Generate a random password of the specified ``length``.</doc>
<msg timestamp="20230531 01:52:46.557" level="INFO">${password} = 9LhexytDgnoI</msg>
<status status="PASS" starttime="20230531 01:52:46.557" endtime="20230531 01:52:46.557"/>
</kw>
<kw name="Input Text" library="SeleniumLibrary">
<arg>id:nome</arg>
<arg>${name}</arg>
<doc>Types the given ``text`` into the text field identified by ``locator``.</doc>
<msg timestamp="20230531 01:52:46.558" level="INFO">Typing text 'Mrs. Brianna Henderson DDS' into text field 'id:nome'.</msg>
<status status="PASS" starttime="20230531 01:52:46.558" endtime="20230531 01:52:46.706"/>
</kw>
<kw name="Input Text" library="SeleniumLibrary">
<arg>id:email</arg>
<arg>${email}</arg>
<doc>Types the given ``text`` into the text field identified by ``locator``.</doc>
<msg timestamp="20230531 01:52:46.706" level="INFO">Typing text 'williamsontrevor@example.org' into text field 'id:email'.</msg>
<status status="PASS" starttime="20230531 01:52:46.706" endtime="20230531 01:52:46.824"/>
</kw>
<kw name="Input Text" library="SeleniumLibrary">
<arg>id:password</arg>
<arg>${password}</arg>
<doc>Types the given ``text`` into the text field identified by ``locator``.</doc>
<msg timestamp="20230531 01:52:46.825" level="INFO">Typing text '9LhexytDgnoI' into text field 'id:password'.</msg>
<status status="PASS" starttime="20230531 01:52:46.824" endtime="20230531 01:52:46.916"/>
</kw>
<kw name="Select Checkbox" library="SeleniumLibrary">
<arg>id=administrador</arg>
<doc>Selects the checkbox identified by ``locator``.</doc>
<msg timestamp="20230531 01:52:46.916" level="INFO">Selecting checkbox 'id=administrador'.</msg>
<status status="PASS" starttime="20230531 01:52:46.916" endtime="20230531 01:52:46.984"/>
</kw>
<kw name="Set Suite Variable" library="BuiltIn">
<arg>${name}</arg>
<doc>Makes a variable available everywhere within the scope of the current suite.</doc>
<msg timestamp="20230531 01:52:46.985" level="INFO">${name} = Mrs. Brianna Henderson DDS</msg>
<status status="PASS" starttime="20230531 01:52:46.985" endtime="20230531 01:52:46.985"/>
</kw>
<kw name="Set Suite Variable" library="BuiltIn">
<arg>${email}</arg>
<doc>Makes a variable available everywhere within the scope of the current suite.</doc>
<msg timestamp="20230531 01:52:46.986" level="INFO">${email} = williamsontrevor@example.org</msg>
<status status="PASS" starttime="20230531 01:52:46.985" endtime="20230531 01:52:46.986"/>
</kw>
<kw name="Set Suite Variable" library="BuiltIn">
<arg>${password}</arg>
<doc>Makes a variable available everywhere within the scope of the current suite.</doc>
<msg timestamp="20230531 01:52:46.986" level="INFO">${password} = 9LhexytDgnoI</msg>
<status status="PASS" starttime="20230531 01:52:46.986" endtime="20230531 01:52:46.986"/>
</kw>
<status status="PASS" starttime="20230531 01:52:46.555" endtime="20230531 01:52:46.986"/>
</kw>
<kw name="When I click in signup" library="test_keywords_signup">
<kw name="Click Button" library="SeleniumLibrary">
<arg>css=.btn.btn-primary</arg>
<doc>Clicks the button identified by ``locator``.</doc>
<msg timestamp="20230531 01:52:46.987" level="INFO">Clicking button 'css=.btn.btn-primary'.</msg>
<status status="PASS" starttime="20230531 01:52:46.986" endtime="20230531 01:52:47.042"/>
</kw>
<status status="PASS" starttime="20230531 01:52:46.986" endtime="20230531 01:52:47.042"/>
</kw>
<kw name="Then the page should contain the text &quot;Cadastro realizado com sucesso&quot;" library="test_keywords_signup" sourcename="Then the page should contain the text &quot;${expected_text}&quot;">
<kw name="Wait Until Element Is Visible" library="SeleniumLibrary">
<arg>css=.alert-dismissible</arg>
<arg>timeout=10s</arg>
<doc>Waits until the element ``locator`` is visible.</doc>
<status status="PASS" starttime="20230531 01:52:47.042" endtime="20230531 01:52:47.272"/>
</kw>
<kw name="Element Should Be Visible" library="SeleniumLibrary">
<arg>css=.alert-dismissible</arg>
<doc>Verifies that the element identified by ``locator`` is visible.</doc>
<msg timestamp="20230531 01:52:47.289" level="INFO">Element 'css=.alert-dismissible' is displayed.</msg>
<status status="PASS" starttime="20230531 01:52:47.273" endtime="20230531 01:52:47.290"/>
</kw>
<kw name="Page Should Contain" library="SeleniumLibrary">
<arg>${expected_text}</arg>
<doc>Verifies that current page contains ``text``.</doc>
<msg timestamp="20230531 01:52:47.302" level="INFO">Current page contains text 'Cadastro realizado com sucesso'.</msg>
<status status="PASS" starttime="20230531 01:52:47.290" endtime="20230531 01:52:47.302"/>
</kw>
<status status="PASS" starttime="20230531 01:52:47.042" endtime="20230531 01:52:47.302"/>
</kw>
<kw name="After Tests" library="test_keywords_common" type="TEARDOWN">
<kw name="Close Browser" library="SeleniumLibrary">
<doc>Closes the current browser.</doc>
<status status="PASS" starttime="20230531 01:52:47.302" endtime="20230531 01:52:47.358"/>
</kw>
<status status="PASS" starttime="20230531 01:52:47.302" endtime="20230531 01:52:47.358"/>
</kw>
<tag>ui</tag>
<status status="PASS" starttime="20230531 01:52:45.213" endtime="20230531 01:52:47.358"/>
</test>
<test id="s1-s2-s1-t3" name="Scenario: Signup with already used email" line="23">
<kw name="Before Tests" library="test_keywords_common" type="SETUP">
<kw name="Open Browser" library="SeleniumLibrary">
<arg>${SERVER_BASE_URL}</arg>
<arg>${HEADLESS} ${BROWSER}</arg>
<doc>Opens a new browser instance to the optional ``url``.</doc>
<msg timestamp="20230531 01:52:47.360" level="INFO">Opening browser 'headless Chrome' to base url 'https://front.serverest.dev/'.</msg>
<status status="PASS" starttime="20230531 01:52:47.360" endtime="20230531 01:52:48.562"/>
</kw>
<kw name="Maximize Browser Window" library="SeleniumLibrary">
<doc>Maximizes current browser window.</doc>
<status status="PASS" starttime="20230531 01:52:48.562" endtime="20230531 01:52:48.666"/>
</kw>
<status status="PASS" starttime="20230531 01:52:47.359" endtime="20230531 01:52:48.666"/>
</kw>
<kw name="Given Im on the signup page" library="test_keywords_signup">
<kw name="Location Should Be" library="SeleniumLibrary">
<arg>https://front.serverest.dev/login</arg>
<doc>Verifies that the current URL is exactly ``url``.</doc>
<msg timestamp="20230531 01:52:48.671" level="INFO">Current location is 'https://front.serverest.dev/login'.</msg>
<status status="PASS" starttime="20230531 01:52:48.667" endtime="20230531 01:52:48.671"/>
</kw>
<kw name="Click Element" library="SeleniumLibrary">
<arg>css=a.btn.btn-link</arg>
<doc>Click the element identified by ``locator``.</doc>
<msg timestamp="20230531 01:52:48.672" level="INFO">Clicking element 'css=a.btn.btn-link'.</msg>
<status status="PASS" starttime="20230531 01:52:48.671" endtime="20230531 01:52:48.722"/>
</kw>
<status status="PASS" starttime="20230531 01:52:48.666" endtime="20230531 01:52:48.722"/>
</kw>
<kw name="And I fill in the signup fields with an email already registered" library="test_keywords_signup">
<kw name="Input Text" library="SeleniumLibrary">
<arg>id:nome</arg>
<arg>${name}</arg>
<doc>Types the given ``text`` into the text field identified by ``locator``.</doc>
<msg timestamp="20230531 01:52:48.723" level="INFO">Typing text 'Mrs. Brianna Henderson DDS' into text field 'id:nome'.</msg>
<status status="PASS" starttime="20230531 01:52:48.723" endtime="20230531 01:52:48.870"/>
</kw>
<kw name="Input Text" library="SeleniumLibrary">
<arg>id:email</arg>
<arg>${email}</arg>
<doc>Types the given ``text`` into the text field identified by ``locator``.</doc>
<msg timestamp="20230531 01:52:48.871" level="INFO">Typing text 'williamsontrevor@example.org' into text field 'id:email'.</msg>
<status status="PASS" starttime="20230531 01:52:48.870" endtime="20230531 01:52:48.984"/>
</kw>
<kw name="Input Text" library="SeleniumLibrary">
<arg>id:password</arg>
<arg>${password}</arg>
<doc>Types the given ``text`` into the text field identified by ``locator``.</doc>
<msg timestamp="20230531 01:52:48.984" level="INFO">Typing text '9LhexytDgnoI' into text field 'id:password'.</msg>
<status status="PASS" starttime="20230531 01:52:48.984" endtime="20230531 01:52:49.082"/>
</kw>
<kw name="Select Checkbox" library="SeleniumLibrary">
<arg>id=administrador</arg>
<doc>Selects the checkbox identified by ``locator``.</doc>
<msg timestamp="20230531 01:52:49.083" level="INFO">Selecting checkbox 'id=administrador'.</msg>
<status status="PASS" starttime="20230531 01:52:49.082" endtime="20230531 01:52:49.150"/>
</kw>
<status status="PASS" starttime="20230531 01:52:48.723" endtime="20230531 01:52:49.150"/>
</kw>
<kw name="When I click in signup" library="test_keywords_signup">
<kw name="Click Button" library="SeleniumLibrary">
<arg>css=.btn.btn-primary</arg>
<doc>Clicks the button identified by ``locator``.</doc>
<msg timestamp="20230531 01:52:49.151" level="INFO">Clicking button 'css=.btn.btn-primary'.</msg>
<status status="PASS" starttime="20230531 01:52:49.151" endtime="20230531 01:52:49.207"/>
</kw>
<status status="PASS" starttime="20230531 01:52:49.150" endtime="20230531 01:52:49.207"/>
</kw>
<kw name="Then the page should contain the text &quot;Este email já está sendo usado&quot;" library="test_keywords_signup" sourcename="Then the page should contain the text &quot;${expected_text}&quot;">
<kw name="Wait Until Element Is Visible" library="SeleniumLibrary">
<arg>css=.alert-dismissible</arg>
<arg>timeout=10s</arg>
<doc>Waits until the element ``locator`` is visible.</doc>
<status status="PASS" starttime="20230531 01:52:49.207" endtime="20230531 01:52:49.438"/>
</kw>
<kw name="Element Should Be Visible" library="SeleniumLibrary">
<arg>css=.alert-dismissible</arg>
<doc>Verifies that the element identified by ``locator`` is visible.</doc>
<msg timestamp="20230531 01:52:49.455" level="INFO">Element 'css=.alert-dismissible' is displayed.</msg>
<status status="PASS" starttime="20230531 01:52:49.438" endtime="20230531 01:52:49.455"/>
</kw>
<kw name="Page Should Contain" library="SeleniumLibrary">
<arg>${expected_text}</arg>
<doc>Verifies that current page contains ``text``.</doc>
<msg timestamp="20230531 01:52:49.469" level="INFO">Current page contains text 'Este email já está sendo usado'.</msg>
<status status="PASS" starttime="20230531 01:52:49.455" endtime="20230531 01:52:49.469"/>
</kw>
<status status="PASS" starttime="20230531 01:52:49.207" endtime="20230531 01:52:49.469"/>
</kw>
<kw name="After Tests" library="test_keywords_common" type="TEARDOWN">
<kw name="Close Browser" library="SeleniumLibrary">
<doc>Closes the current browser.</doc>
<status status="PASS" starttime="20230531 01:52:49.469" endtime="20230531 01:52:49.525"/>
</kw>
<status status="PASS" starttime="20230531 01:52:49.469" endtime="20230531 01:52:49.525"/>
</kw>
<tag>ui</tag>
<status status="PASS" starttime="20230531 01:52:47.359" endtime="20230531 01:52:49.525"/>
</test>
<status status="PASS" starttime="20230531 01:52:42.210" endtime="20230531 01:52:49.526"/>
</suite>
<status status="PASS" starttime="20230531 01:52:42.209" endtime="20230531 01:52:49.527"/>
</suite>
<status status="PASS" starttime="20230531 01:52:36.632" endtime="20230531 01:52:49.528"/>
</suite>
<statistics>
<total>
<stat pass="8" fail="0" skip="0">All Tests</stat>
</total>
<tag>
<stat pass="5" fail="0" skip="0">api</stat>
<stat pass="3" fail="0" skip="0">ui</stat>
</tag>
<suite>
<stat pass="8" fail="0" skip="0" id="s1" name="Tests">Tests</stat>
<stat pass="5" fail="0" skip="0" id="s1-s1" name="Api">Tests.Api</stat>
<stat pass="5" fail="0" skip="0" id="s1-s1-s1" name="Test Api Users">Tests.Api.Test Api Users</stat>
<stat pass="3" fail="0" skip="0" id="s1-s2" name="Ui">Tests.Ui</stat>
<stat pass="3" fail="0" skip="0" id="s1-s2-s1" name="Test Ui Signup">Tests.Ui.Test Ui Signup</stat>
</suite>
</statistics>
<errors>
</errors>
</robot>
