<?xml version="1.0" encoding="UTF-8"?>
<robot generator="Robot 7.0 (Python 3.8.18 on linux)" generated="2024-02-20T00:09:55.041444" rpa="false" schemaversion="5">
<suite id="s1" name="Tests" source="/home/runner/work/gen-ai-robot-test/gen-ai-robot-test/tests">
<suite id="s1-s1" name="Api" source="/home/runner/work/gen-ai-robot-test/gen-ai-robot-test/tests/api">
<suite id="s1-s1-s1" name="Test Api Users" source="/home/runner/work/gen-ai-robot-test/gen-ai-robot-test/tests/api/test_api_users.robot">
<test id="s1-s1-s1-t1" name="Scenario: Get all registered users" line="9">
<kw name="Before Tests" owner="test_keywords_common" type="SETUP">
<kw name="Create Session" owner="RequestsLibrary">
<msg time="2024-02-20T00:09:55.724506" level="INFO">Creating Session using : alias=serverest, url=https://serverest.dev, headers={},                     cookies={}, auth=None, timeout=None, proxies=None, verify=False,                     debug=0 </msg>
<arg>serverest</arg>
<arg>${SERVER_BASE_URL}</arg>
<arg>disable_warnings=True</arg>
<doc>Create Session: create a HTTP session to a server</doc>
<status status="PASS" start="2024-02-20T00:09:55.724154" elapsed="0.000671"/>
</kw>
<status status="PASS" start="2024-02-20T00:09:55.722832" elapsed="0.002117"/>
</kw>
<kw name="When I request the list of all registered users" owner="test_keywords_users">
<kw name="GET On Session" owner="RequestsLibrary">
<msg time="2024-02-20T00:09:55.863029" level="INFO">GET Request : url=https://serverest.dev/usuarios 
 path_url=/usuarios 
 headers={'User-Agent': 'python-requests/2.31.0', 'Accept-Encoding': 'gzip, deflate', 'Accept': '*/*', 'Connection': 'keep-alive'} 
 body=None 
 </msg>
<msg time="2024-02-20T00:09:55.863201" level="INFO">GET Response : url=https://serverest.dev/usuarios 
 status=200, reason=OK 
 headers={'access-control-allow-origin': '*', 'x-dns-prefetch-control': 'off', 'x-frame-options': 'SAMEORIGIN', 'strict-transport-security': 'max-age=15552000; includeSubDomains', 'x-download-options': 'noopen', 'x-content-type-options': 'nosniff', 'x-xss-protection': '1; mode=block', 'content-type': 'application/json; charset=utf-8', 'X-Cloud-Trace-Context': '0eb9e7b14bdd8924ac245f81e72a4b55', 'Date': 'Tue, 20 Feb 2024 00:09:55 GMT', 'Server': 'Google Frontend', 'Content-Length': '6654'} 
 body={
    "quantidade": 30,
    "usuarios": [
        {
            "nome": "sergioa",
            "email": "sergiosisxdss@qa.com.br",
            "password": "teste",
            "administrador": "true",
            "_id": "4XMlvctVRiWsrFJY"
        },
        {
            "nome": "Fulano da Silva",
            "email": "beltrano03@qa.com.br",
            "password": "teste",
            "administrador": "true",
            "_id": "6o5qpIjq94qJ65LC"
        },
        {
            "nome": "sergioa",
            "email": "sergio-login@qa.com.br",
            "password": "teste",
            "administrador": "true",
            "_id": "9j06z6zd12PTyirK"
        },
        {
            "nome": "Steve Rogers Silva",
            "email": "steve@qa.com.br",
            "password": "teste",
            "administrador": "false",
            "_id": "B8N58qLWri6WXqax"
        },
        {
            "nome": "Fulano da Silva",
            "email": "beltrano02@qa.com.br",
            "password": "teste",
            "administrador": "true",
            "_id": "BcBnXrDEfbNOzYeu"
        },
        {
            "nome": "Henrique cardoso",
            "email": "henrique2@qa.com.br",
            "password": "json@123",
            "administrador": "true",
            "_id": "FibGfXtUvx50dZ9n"
        },
        {
            "nome": "Jonathan Lima Macedo Paiva Toledo",
            "email": "jonathan.toledo@email.com",
            "password": "abcd_1234",
            "administrador": "true",
            "_id": "Gi0We0O2ObI6OhQz"
        },
        {
            "nome": "Fulano da Silva",
            "email": "beltrano01@qa.com.br",
            "password": "teste",
            "administrador": "true",
            "_id": "Hk4HR3QtlMgy4bjI"
        },
        {
            "nome": "Jonathan Lima Macedo Paiva Filho",
            "email": "jonathan.filho@email.com",
            "password": "abcd_1234",
            "administrador": "true",
            "_id": "HvL4MgjJvVI36NHE"
        },
        {
            "nome": "Fulano da Silva",
            "email": "beltrano@qa.com.br",
            "password": "teste",
            "administrador": "true",
            "_id": "LWWKtkHMhrUaEgr2"
        },
        {
            "nome": "Maria dos Santos Nascimento Tertuliana",
            "email": "maria.tertuliana@email.com",
            "password": "abcd_123",
            "administrador": "true",
            "_id": "NHH0y4YDCFcwCfPH"
        },
        {
            "nome": "sergioa",
            "email": "sergio-login-produto@qa.com.br",
            "password": "teste",
            "administrador": "true",
            "_id": "Q8LcQlfRRwUCOQIX"
        },
        {
            "nome": "Florence",
            "email": "florence.chen@example.com",
            "password": "lisalisa",
            "administrador": "true",
            "_id": "QZ5cgEt8NXl67cHM"
        },
        {
            "nome": "cristiany",
            "email": "teste04@teste.com",
            "password": "teste",
            "administrador": "false",
            "_id": "RD6sjv79vdHlWjhq"
        },
        {
            "nome": "Francis",
            "email": "Mortimer.Berge96@hotmail.com",
            "password": "bZdeILEOiYWEUk4",
            "administrador": "true",
            "_id": "Y2hLPTds6dxpdeWz"
        },
        {
            "nome": "junior sergio",
            "email": "junior@qa.com.br",
            "password": "teste",
            "administrador": "true",
            "_id": "ZoWIhkup02HX7QS3"
        },
        {
            "nome": "sergioa",
            "email": "sergiosisxdss-login@qa.com.br",
            "password": "teste",
            "administrador": "true",
            "_id": "aduuK9jEpSbS3P2a"
        },
        {
            "nome": "Automacao Manfredo",
            "email": "hltp@emailteste.com",
            "password": "1234",
            "administrador": "true",
            "_id": "flUjKUyTBWAkqNLa"
        },
        {
            "nome": "Maria dos Santos Nascimento Barbosa",
            "email": "maria.barbosa@email.com",
            "password": "abcd_123",
            "administrador": "true",
            "_id": "gOoMvcPpl7KdYqte"
        },
        {
            "nome": "junior cardoso",
            "email": "junior7@qa.com.br",
            "password": "json@123",
            "administrador": "true",
            "_id": "iaVO3cWXPKsj23s6"
        },
        {
            "nome": "Jonathan Lima Macedo Paiva Toledo",
            "email": "jonathan.macedo@email.com",
            "password": "abcd_1234",
            "administrador": "true",
            "_id": "j8XwElXVx1W5eNsz"
        },
        {
            "nome": "Henrique cardoso",
            "email": "henrique3@qa.com.br",
            "password": "json@123",
            "administrador": "true",
            "_id": "jGgVfRMGBKVkptCw"
        },
        {
            "nome": "Maria dos Santos Nascimento Rocha",
            "email": "maria.rocha@email.com",
            "password": "abcd_123",
            "administrador": "true",
            "_id": "jzRFuvElVyWffeNn"
        },
        {
            "nome": "Jonathan Lima Santos da Silva Paiva",
            "email": "jonathan.junior@email.com",
            "password": "abcd_123",
            "administrador": "true",
            "_id": "kZI998KdmlWUnyTe"
        },
        {
            "nome": "cristiany",
            "email": "teste@teste.com",
            "password": "teste",
            "administrador": "false",
            "_id": "lzGvL6aX4NlOUrII"
        },
        {
            "nome": "sergioa",
            "email": "sergios-login@qa.com.br",
            "password": "teste",
            "administrador": "true",
            "_id": "nUEzrilgLPKpA4n6"
        },
        {
            "nome": "Fulano da Silva",
            "email": "beltrano@qa2.com.br",
            "password": "teste",
            "administrador": "true",
            "_id": "nsfqJ5VPSISv5eLW"
        },
        {
            "nome": "Jonathan Lima Santos da Silva Duarte",
            "email": "jonathan.duarte@email.com",
            "password": "abcd_123",
            "administrador": "true",
            "_id": "qlJX36TVRaZj0mJx"
        },
        {
            "nome": "Cicrano New",
            "email": "cicranonew@teste.com",
            "password": "pwd123",
            "administrador": "true",
            "_id": "xtqo6SsyF5U4Au9N"
        },
        {
            "nome": "Marcos Eduardo Soares Nascimento",
            "email": "jonathan.barbosa@email.com",
            "password": "abcd_1234",
            "administrador": "true",
            "_id": "yvP9Fm0nBSxnpHMA"
        }
    ]
} 
 </msg>
<msg time="2024-02-20T00:09:55.863460" level="INFO">${response} = &lt;Response [200]&gt;</msg>
<var>${response}</var>
<arg>serverest</arg>
<arg>${USERS_API_ENDPOINT}</arg>
<doc>Sends a GET request on a previously created HTTP Session.</doc>
<status status="PASS" start="2024-02-20T00:09:55.725411" elapsed="0.138085"/>
</kw>
<kw name="Set Test Variable" owner="BuiltIn">
<msg time="2024-02-20T00:09:55.864079" level="INFO">${response} = &lt;Response [200]&gt;</msg>
<arg>${response}</arg>
<doc>Makes a variable available everywhere within the scope of the current test.</doc>
<status status="PASS" start="2024-02-20T00:09:55.863782" elapsed="0.000347"/>
</kw>
<status status="PASS" start="2024-02-20T00:09:55.725137" elapsed="0.139082"/>
</kw>
<kw name="Then the response status code should be 200" owner="test_keywords_users" source_name="Then the response status code should be ${status_code}">
<kw name="Should Be Equal As Numbers" owner="BuiltIn">
<msg time="2024-02-20T00:09:55.865421" level="INFO">Argument types are:
&lt;class 'int'&gt;
&lt;class 'str'&gt;</msg>
<arg>${response.status_code}</arg>
<arg>${status_code}</arg>
<doc>Fails if objects are unequal after converting them to real numbers.</doc>
<status status="PASS" start="2024-02-20T00:09:55.864808" elapsed="0.000695"/>
</kw>
<kw name="Should Be True" owner="BuiltIn">
<arg>${response.json()}</arg>
<doc>Fails if the given condition is not true.</doc>
<status status="PASS" start="2024-02-20T00:09:55.865659" elapsed="0.000605"/>
</kw>
<status status="PASS" start="2024-02-20T00:09:55.864450" elapsed="0.001900"/>
</kw>
<kw name="And the response body should not be empty" owner="test_keywords_users">
<kw name="Should Not Be Empty" owner="BuiltIn">
<msg time="2024-02-20T00:09:55.867352" level="INFO">Length is 2.</msg>
<arg>${response.json()}</arg>
<doc>Verifies that the given item is not empty.</doc>
<status status="PASS" start="2024-02-20T00:09:55.866886" elapsed="0.000522"/>
</kw>
<status status="PASS" start="2024-02-20T00:09:55.866527" elapsed="0.000958"/>
</kw>
<tag>api</tag>
<status status="PASS" start="2024-02-20T00:09:55.722021" elapsed="0.145601"/>
</test>
<test id="s1-s1-s1-t2" name="Scenario: Create a new user" line="15">
<kw name="Before Tests" owner="test_keywords_common" type="SETUP">
<kw name="Create Session" owner="RequestsLibrary">
<msg time="2024-02-20T00:09:55.869061" level="INFO">Creating Session using : alias=serverest, url=https://serverest.dev, headers={},                     cookies={}, auth=None, timeout=None, proxies=None, verify=False,                     debug=0 </msg>
<arg>serverest</arg>
<arg>${SERVER_BASE_URL}</arg>
<arg>disable_warnings=True</arg>
<doc>Create Session: create a HTTP session to a server</doc>
<status status="PASS" start="2024-02-20T00:09:55.868797" elapsed="0.000480"/>
</kw>
<status status="PASS" start="2024-02-20T00:09:55.868523" elapsed="0.000842"/>
</kw>
<kw name="Given I have a valid user data" owner="test_keywords_users">
<kw name="Name" owner="FakerLibrary">
<msg time="2024-02-20T00:09:55.870250" level="INFO">${name} = Gregory Gonzalez</msg>
<var>${name}</var>
<doc>:example: 'John Doe'</doc>
<status status="PASS" start="2024-02-20T00:09:55.869823" elapsed="0.000458"/>
</kw>
<kw name="Email" owner="FakerLibrary">
<msg time="2024-02-20T00:09:55.870786" level="INFO">${email} = hayesjames@example.com</msg>
<var>${email}</var>
<status status="PASS" start="2024-02-20T00:09:55.870423" elapsed="0.000393"/>
</kw>
<kw name="Password" owner="FakerLibrary">
<msg time="2024-02-20T00:09:55.871238" level="INFO">${password} = 2VpGVK4eG3zd</msg>
<var>${password}</var>
<arg>length=12</arg>
<arg>special_chars=False</arg>
<doc>Generate a random password of the specified ``length``.</doc>
<status status="PASS" start="2024-02-20T00:09:55.870954" elapsed="0.000313"/>
</kw>
<kw name="Set Suite Variable" owner="BuiltIn">
<msg time="2024-02-20T00:09:55.871636" level="INFO">${name} = Gregory Gonzalez</msg>
<arg>${name}</arg>
<doc>Makes a variable available everywhere within the scope of the current suite.</doc>
<status status="PASS" start="2024-02-20T00:09:55.871424" elapsed="0.000256"/>
</kw>
<kw name="Set Suite Variable" owner="BuiltIn">
<msg time="2024-02-20T00:09:55.872018" level="INFO">${email} = hayesjames@example.com</msg>
<arg>${email}</arg>
<doc>Makes a variable available everywhere within the scope of the current suite.</doc>
<status status="PASS" start="2024-02-20T00:09:55.871824" elapsed="0.000236"/>
</kw>
<kw name="Set Suite Variable" owner="BuiltIn">
<msg time="2024-02-20T00:09:55.872388" level="INFO">${password} = 2VpGVK4eG3zd</msg>
<arg>${password}</arg>
<doc>Makes a variable available everywhere within the scope of the current suite.</doc>
<status status="PASS" start="2024-02-20T00:09:55.872196" elapsed="0.000233"/>
</kw>
<status status="PASS" start="2024-02-20T00:09:55.869559" elapsed="0.002942"/>
</kw>
<kw name="When I create the user" owner="test_keywords_users">
<kw name="Create Dictionary" owner="BuiltIn">
<msg time="2024-02-20T00:09:55.873380" level="INFO">${payload} = {'nome': 'Gregory Gonzalez', 'email': 'hayesjames@example.com', 'password': '2VpGVK4eG3zd', 'administrador': 'false'}</msg>
<var>${payload}</var>
<arg>nome=${name}</arg>
<arg>email=${email}</arg>
<arg>password=${password}</arg>
<arg>administrador=false</arg>
<doc>Creates and returns a dictionary based on the given ``items``.</doc>
<status status="PASS" start="2024-02-20T00:09:55.872954" elapsed="0.000456"/>
</kw>
<kw name="Create Dictionary" owner="BuiltIn">
<msg time="2024-02-20T00:09:55.873747" level="INFO">${headers} = {'Content-Type': 'application/json'}</msg>
<var>${headers}</var>
<arg>Content-Type=application/json</arg>
<doc>Creates and returns a dictionary based on the given ``items``.</doc>
<status status="PASS" start="2024-02-20T00:09:55.873567" elapsed="0.000207"/>
</kw>
<kw name="POST On Session" owner="RequestsLibrary">
<msg time="2024-02-20T00:09:55.941504" level="INFO">POST Request : url=https://serverest.dev/usuarios 
 path_url=/usuarios 
 headers={'User-Agent': 'python-requests/2.31.0', 'Accept-Encoding': 'gzip, deflate', 'Accept': '*/*', 'Connection': 'keep-alive', 'Content-Type': 'application/json', 'Content-Length': '117'} 
 body=b'{"nome": "Gregory Gonzalez", "email": "hayesjames@example.com", "password": "2VpGVK4eG3zd", "administrador": "false"}' 
 </msg>
<msg time="2024-02-20T00:09:55.942805" level="INFO">POST Response : url=https://serverest.dev/usuarios 
 status=201, reason=Created 
 headers={'access-control-allow-origin': '*', 'x-dns-prefetch-control': 'off', 'x-frame-options': 'SAMEORIGIN', 'strict-transport-security': 'max-age=15552000; includeSubDomains', 'x-download-options': 'noopen', 'x-content-type-options': 'nosniff', 'x-xss-protection': '1; mode=block', 'content-type': 'application/json; charset=utf-8', 'X-Cloud-Trace-Context': '1cb67107eb53598388ce0f4d782a6b14', 'Date': 'Tue, 20 Feb 2024 00:09:55 GMT', 'Server': 'Google Frontend', 'Content-Length': '82'} 
 body={
    "message": "Cadastro realizado com sucesso",
    "_id": "CHlw6TfBvN1eseFu"
} 
 </msg>
<msg time="2024-02-20T00:09:55.942984" level="INFO">${response} = &lt;Response [201]&gt;</msg>
<var>${response}</var>
<arg>serverest</arg>
<arg>${USERS_API_ENDPOINT}</arg>
<arg>json=${payload}</arg>
<arg>headers=${headers}</arg>
<doc>Sends a POST request on a previously created HTTP Session.</doc>
<status status="PASS" start="2024-02-20T00:09:55.873920" elapsed="0.069098"/>
</kw>
<kw name="Set Variable" owner="BuiltIn">
<msg time="2024-02-20T00:09:55.943923" level="INFO">${user_id} = CHlw6TfBvN1eseFu</msg>
<var>${user_id}</var>
<arg>${response.json()['_id']}</arg>
<doc>Returns the given values which can then be assigned to a variables.</doc>
<status status="PASS" start="2024-02-20T00:09:55.943279" elapsed="0.000676"/>
</kw>
<kw name="Set Global Variable" owner="BuiltIn">
<msg time="2024-02-20T00:09:55.944437" level="INFO">${USER_ID} = CHlw6TfBvN1eseFu</msg>
<arg>${USER_ID}</arg>
<arg>${user_id}</arg>
<doc>Makes a variable available globally in all tests and suites.</doc>
<status status="PASS" start="2024-02-20T00:09:55.944143" elapsed="0.000342"/>
</kw>
<kw name="Set Test Variable" owner="BuiltIn">
<msg time="2024-02-20T00:09:55.944850" level="INFO">${response} = &lt;Response [201]&gt;</msg>
<arg>${response}</arg>
<doc>Makes a variable available everywhere within the scope of the current test.</doc>
<status status="PASS" start="2024-02-20T00:09:55.944643" elapsed="0.000253"/>
</kw>
<status status="PASS" start="2024-02-20T00:09:55.872685" elapsed="0.072292"/>
</kw>
<kw name="Then the response status code should be 201" owner="test_keywords_users" source_name="Then the response status code should be ${status_code}">
<kw name="Should Be Equal As Numbers" owner="BuiltIn">
<msg time="2024-02-20T00:09:55.946024" level="INFO">Argument types are:
&lt;class 'int'&gt;
&lt;class 'str'&gt;</msg>
<arg>${response.status_code}</arg>
<arg>${status_code}</arg>
<doc>Fails if objects are unequal after converting them to real numbers.</doc>
<status status="PASS" start="2024-02-20T00:09:55.945506" elapsed="0.000591"/>
</kw>
<kw name="Should Be True" owner="BuiltIn">
<arg>${response.json()}</arg>
<doc>Fails if the given condition is not true.</doc>
<status status="PASS" start="2024-02-20T00:09:55.946245" elapsed="0.000530"/>
</kw>
<status status="PASS" start="2024-02-20T00:09:55.945182" elapsed="0.001713"/>
</kw>
<kw name="And the response body should not be empty" owner="test_keywords_users">
<kw name="Should Not Be Empty" owner="BuiltIn">
<msg time="2024-02-20T00:09:55.947819" level="INFO">Length is 2.</msg>
<arg>${response.json()}</arg>
<doc>Verifies that the given item is not empty.</doc>
<status status="PASS" start="2024-02-20T00:09:55.947375" elapsed="0.000497"/>
</kw>
<status status="PASS" start="2024-02-20T00:09:55.947097" elapsed="0.000852"/>
</kw>
<tag>api</tag>
<status status="PASS" start="2024-02-20T00:09:55.867969" elapsed="0.080114"/>
</test>
<test id="s1-s1-s1-t3" name="Scenario: Get a specific user informations" line="22">
<kw name="Before Tests" owner="test_keywords_common" type="SETUP">
<kw name="Create Session" owner="RequestsLibrary">
<msg time="2024-02-20T00:09:55.949526" level="INFO">Creating Session using : alias=serverest, url=https://serverest.dev, headers={},                     cookies={}, auth=None, timeout=None, proxies=None, verify=False,                     debug=0 </msg>
<arg>serverest</arg>
<arg>${SERVER_BASE_URL}</arg>
<arg>disable_warnings=True</arg>
<doc>Create Session: create a HTTP session to a server</doc>
<status status="PASS" start="2024-02-20T00:09:55.949258" elapsed="0.000490"/>
</kw>
<status status="PASS" start="2024-02-20T00:09:55.948986" elapsed="0.000851"/>
</kw>
<kw name="When I request the created user" owner="test_keywords_users">
<kw name="GET On Session" owner="RequestsLibrary">
<msg time="2024-02-20T00:09:56.032720" level="INFO">GET Request : url=https://serverest.dev/usuarios/CHlw6TfBvN1eseFu 
 path_url=/usuarios/CHlw6TfBvN1eseFu 
 headers={'User-Agent': 'python-requests/2.31.0', 'Accept-Encoding': 'gzip, deflate', 'Accept': '*/*', 'Connection': 'keep-alive'} 
 body=None 
 </msg>
<msg time="2024-02-20T00:09:56.032864" level="INFO">GET Response : url=https://serverest.dev/usuarios/CHlw6TfBvN1eseFu 
 status=200, reason=OK 
 headers={'access-control-allow-origin': '*', 'x-dns-prefetch-control': 'off', 'x-frame-options': 'SAMEORIGIN', 'strict-transport-security': 'max-age=15552000; includeSubDomains', 'x-download-options': 'noopen', 'x-content-type-options': 'nosniff', 'x-xss-protection': '1; mode=block', 'content-type': 'application/json; charset=utf-8', 'X-Cloud-Trace-Context': 'f0e9526b8cf0a86ca5c7f803e01c78df', 'Date': 'Tue, 20 Feb 2024 00:09:56 GMT', 'Server': 'Google Frontend', 'Content-Length': '166'} 
 body={
    "nome": "Gregory Gonzalez",
    "email": "hayesjames@example.com",
    "password": "2VpGVK4eG3zd",
    "administrador": "false",
    "_id": "CHlw6TfBvN1eseFu"
} 
 </msg>
<msg time="2024-02-20T00:09:56.033058" level="INFO">${response} = &lt;Response [200]&gt;</msg>
<var>${response}</var>
<arg>serverest</arg>
<arg>${USERS_API_ENDPOINT}/${USER_ID}</arg>
<doc>Sends a GET request on a previously created HTTP Session.</doc>
<status status="PASS" start="2024-02-20T00:09:55.950306" elapsed="0.082787"/>
</kw>
<kw name="Set Test Variable" owner="BuiltIn">
<msg time="2024-02-20T00:09:56.033700" level="INFO">${response} = &lt;Response [200]&gt;</msg>
<arg>${response}</arg>
<doc>Makes a variable available everywhere within the scope of the current test.</doc>
<status status="PASS" start="2024-02-20T00:09:56.033393" elapsed="0.000359"/>
</kw>
<status status="PASS" start="2024-02-20T00:09:55.950042" elapsed="0.083803"/>
</kw>
<kw name="Then the response status code should be 200" owner="test_keywords_users" source_name="Then the response status code should be ${status_code}">
<kw name="Should Be Equal As Numbers" owner="BuiltIn">
<msg time="2024-02-20T00:09:56.035084" level="INFO">Argument types are:
&lt;class 'int'&gt;
&lt;class 'str'&gt;</msg>
<arg>${response.status_code}</arg>
<arg>${status_code}</arg>
<doc>Fails if objects are unequal after converting them to real numbers.</doc>
<status status="PASS" start="2024-02-20T00:09:56.034507" elapsed="0.000653"/>
</kw>
<kw name="Should Be True" owner="BuiltIn">
<arg>${response.json()}</arg>
<doc>Fails if the given condition is not true.</doc>
<status status="PASS" start="2024-02-20T00:09:56.035318" elapsed="0.000502"/>
</kw>
<status status="PASS" start="2024-02-20T00:09:56.034125" elapsed="0.001779"/>
</kw>
<kw name="And the response body should not be empty" owner="test_keywords_users">
<kw name="Should Not Be Empty" owner="BuiltIn">
<msg time="2024-02-20T00:09:56.036825" level="INFO">Length is 5.</msg>
<arg>${response.json()}</arg>
<doc>Verifies that the given item is not empty.</doc>
<status status="PASS" start="2024-02-20T00:09:56.036381" elapsed="0.000498"/>
</kw>
<status status="PASS" start="2024-02-20T00:09:56.036090" elapsed="0.000865"/>
</kw>
<tag>api</tag>
<status status="PASS" start="2024-02-20T00:09:55.948422" elapsed="0.088672"/>
</test>
<test id="s1-s1-s1-t4" name="Scenario: Update the created user" line="28">
<kw name="Before Tests" owner="test_keywords_common" type="SETUP">
<kw name="Create Session" owner="RequestsLibrary">
<msg time="2024-02-20T00:09:56.038572" level="INFO">Creating Session using : alias=serverest, url=https://serverest.dev, headers={},                     cookies={}, auth=None, timeout=None, proxies=None, verify=False,                     debug=0 </msg>
<arg>serverest</arg>
<arg>${SERVER_BASE_URL}</arg>
<arg>disable_warnings=True</arg>
<doc>Create Session: create a HTTP session to a server</doc>
<status status="PASS" start="2024-02-20T00:09:56.038297" elapsed="0.000524"/>
</kw>
<status status="PASS" start="2024-02-20T00:09:56.038024" elapsed="0.000886"/>
</kw>
<kw name="When I update the created user" owner="test_keywords_users">
<kw name="Create Dictionary" owner="BuiltIn">
<msg time="2024-02-20T00:09:56.039813" level="INFO">${payload} = {'nome': 'John Smith', 'email': 'john.smith@example.com', 'password': 'P@ssw0rd123', 'administrador': 'false'}</msg>
<var>${payload}</var>
<arg>nome=John Smith</arg>
<arg>email=john.smith@example.com</arg>
<arg>password=P@ssw0rd123</arg>
<arg>administrador=false</arg>
<doc>Creates and returns a dictionary based on the given ``items``.</doc>
<status status="PASS" start="2024-02-20T00:09:56.039568" elapsed="0.000275"/>
</kw>
<kw name="Create Dictionary" owner="BuiltIn">
<msg time="2024-02-20T00:09:56.040181" level="INFO">${headers} = {'Content-Type': 'application/json'}</msg>
<var>${headers}</var>
<arg>Content-Type=application/json</arg>
<doc>Creates and returns a dictionary based on the given ``items``.</doc>
<status status="PASS" start="2024-02-20T00:09:56.040003" elapsed="0.000205"/>
</kw>
<kw name="PUT On Session" owner="RequestsLibrary">
<msg time="2024-02-20T00:09:56.110965" level="INFO">PUT Request : url=https://serverest.dev/usuarios/CHlw6TfBvN1eseFu 
 path_url=/usuarios/CHlw6TfBvN1eseFu 
 headers={'User-Agent': 'python-requests/2.31.0', 'Accept-Encoding': 'gzip, deflate', 'Accept': '*/*', 'Connection': 'keep-alive', 'Content-Type': 'application/json', 'Content-Length': '110'} 
 body=b'{"nome": "John Smith", "email": "john.smith@example.com", "password": "P@ssw0rd123", "administrador": "false"}' 
 </msg>
<msg time="2024-02-20T00:09:56.111100" level="INFO">PUT Response : url=https://serverest.dev/usuarios/CHlw6TfBvN1eseFu 
 status=200, reason=OK 
 headers={'access-control-allow-origin': '*', 'x-dns-prefetch-control': 'off', 'x-frame-options': 'SAMEORIGIN', 'strict-transport-security': 'max-age=15552000; includeSubDomains', 'x-download-options': 'noopen', 'x-content-type-options': 'nosniff', 'x-xss-protection': '1; mode=block', 'content-type': 'application/json; charset=utf-8', 'X-Cloud-Trace-Context': 'c95050d0c1108d1201a767350d248b4a', 'Date': 'Tue, 20 Feb 2024 00:09:56 GMT', 'Server': 'Google Frontend', 'Content-Length': '50'} 
 body={
    "message": "Registro alterado com sucesso"
} 
 </msg>
<msg time="2024-02-20T00:09:56.111287" level="INFO">${response} = &lt;Response [200]&gt;</msg>
<var>${response}</var>
<arg>serverest</arg>
<arg>${USERS_API_ENDPOINT}/${USER_ID}</arg>
<arg>json=${payload}</arg>
<arg>headers=${headers}</arg>
<doc>Sends a PUT request on a previously created HTTP Session.</doc>
<status status="PASS" start="2024-02-20T00:09:56.040349" elapsed="0.070973"/>
</kw>
<kw name="Set Test Variable" owner="BuiltIn">
<msg time="2024-02-20T00:09:56.112027" level="INFO">${response} = &lt;Response [200]&gt;</msg>
<arg>${response}</arg>
<doc>Makes a variable available everywhere within the scope of the current test.</doc>
<status status="PASS" start="2024-02-20T00:09:56.111713" elapsed="0.000366"/>
</kw>
<status status="PASS" start="2024-02-20T00:09:56.039109" elapsed="0.073065"/>
</kw>
<kw name="Then the response status code should be 200" owner="test_keywords_users" source_name="Then the response status code should be ${status_code}">
<kw name="Should Be Equal As Numbers" owner="BuiltIn">
<msg time="2024-02-20T00:09:56.113336" level="INFO">Argument types are:
&lt;class 'int'&gt;
&lt;class 'str'&gt;</msg>
<arg>${response.status_code}</arg>
<arg>${status_code}</arg>
<doc>Fails if objects are unequal after converting them to real numbers.</doc>
<status status="PASS" start="2024-02-20T00:09:56.112771" elapsed="0.000640"/>
</kw>
<kw name="Should Be True" owner="BuiltIn">
<arg>${response.json()}</arg>
<doc>Fails if the given condition is not true.</doc>
<status status="PASS" start="2024-02-20T00:09:56.113570" elapsed="0.000524"/>
</kw>
<status status="PASS" start="2024-02-20T00:09:56.112413" elapsed="0.001766"/>
</kw>
<kw name="And the response body should not be empty" owner="test_keywords_users">
<kw name="Should Not Be Empty" owner="BuiltIn">
<msg time="2024-02-20T00:09:56.115081" level="INFO">Length is 1.</msg>
<arg>${response.json()}</arg>
<doc>Verifies that the given item is not empty.</doc>
<status status="PASS" start="2024-02-20T00:09:56.114637" elapsed="0.000497"/>
</kw>
<status status="PASS" start="2024-02-20T00:09:56.114357" elapsed="0.000854"/>
</kw>
<tag>api</tag>
<status status="PASS" start="2024-02-20T00:09:56.037428" elapsed="0.077921"/>
</test>
<test id="s1-s1-s1-t5" name="Scenario: Delete the created user" line="34">
<kw name="Before Tests" owner="test_keywords_common" type="SETUP">
<kw name="Create Session" owner="RequestsLibrary">
<msg time="2024-02-20T00:09:56.116780" level="INFO">Creating Session using : alias=serverest, url=https://serverest.dev, headers={},                     cookies={}, auth=None, timeout=None, proxies=None, verify=False,                     debug=0 </msg>
<arg>serverest</arg>
<arg>${SERVER_BASE_URL}</arg>
<arg>disable_warnings=True</arg>
<doc>Create Session: create a HTTP session to a server</doc>
<status status="PASS" start="2024-02-20T00:09:56.116512" elapsed="0.000494"/>
</kw>
<status status="PASS" start="2024-02-20T00:09:56.116242" elapsed="0.000852"/>
</kw>
<kw name="When I delete the created user" owner="test_keywords_users">
<kw name="DELETE On Session" owner="RequestsLibrary">
<msg time="2024-02-20T00:09:56.201553" level="INFO">DELETE Request : url=https://serverest.dev/usuarios/CHlw6TfBvN1eseFu 
 path_url=/usuarios/CHlw6TfBvN1eseFu 
 headers={'User-Agent': 'python-requests/2.31.0', 'Accept-Encoding': 'gzip, deflate', 'Accept': '*/*', 'Connection': 'keep-alive', 'Content-Length': '0'} 
 body=None 
 </msg>
<msg time="2024-02-20T00:09:56.201697" level="INFO">DELETE Response : url=https://serverest.dev/usuarios/CHlw6TfBvN1eseFu 
 status=200, reason=OK 
 headers={'access-control-allow-origin': '*', 'x-dns-prefetch-control': 'off', 'x-frame-options': 'SAMEORIGIN', 'strict-transport-security': 'max-age=15552000; includeSubDomains', 'x-download-options': 'noopen', 'x-content-type-options': 'nosniff', 'x-xss-protection': '1; mode=block', 'content-type': 'application/json; charset=utf-8', 'X-Cloud-Trace-Context': '06b5e265bad7aec27310346b1d5ed4a1', 'Date': 'Tue, 20 Feb 2024 00:09:56 GMT', 'Server': 'Google Frontend', 'Content-Length': '51'} 
 body={
    "message": "Registro excluído com sucesso"
} 
 </msg>
<msg time="2024-02-20T00:09:56.201885" level="INFO">${response} = &lt;Response [200]&gt;</msg>
<var>${response}</var>
<arg>serverest</arg>
<arg>${USERS_API_ENDPOINT}/${USER_ID}</arg>
<doc>Sends a DELETE request on a previously created HTTP Session.</doc>
<status status="PASS" start="2024-02-20T00:09:56.117538" elapsed="0.084385"/>
</kw>
<kw name="Set Test Variable" owner="BuiltIn">
<msg time="2024-02-20T00:09:56.202595" level="INFO">${response} = &lt;Response [200]&gt;</msg>
<arg>${response}</arg>
<doc>Makes a variable available everywhere within the scope of the current test.</doc>
<status status="PASS" start="2024-02-20T00:09:56.202277" elapsed="0.000370"/>
</kw>
<status status="PASS" start="2024-02-20T00:09:56.117272" elapsed="0.085473"/>
</kw>
<kw name="Then the response status code should be 200" owner="test_keywords_users" source_name="Then the response status code should be ${status_code}">
<kw name="Should Be Equal As Numbers" owner="BuiltIn">
<msg time="2024-02-20T00:09:56.204008" level="INFO">Argument types are:
&lt;class 'int'&gt;
&lt;class 'str'&gt;</msg>
<arg>${response.status_code}</arg>
<arg>${status_code}</arg>
<doc>Fails if objects are unequal after converting them to real numbers.</doc>
<status status="PASS" start="2024-02-20T00:09:56.203420" elapsed="0.000670"/>
</kw>
<kw name="Should Be True" owner="BuiltIn">
<arg>${response.json()}</arg>
<doc>Fails if the given condition is not true.</doc>
<status status="PASS" start="2024-02-20T00:09:56.204256" elapsed="0.000509"/>
</kw>
<status status="PASS" start="2024-02-20T00:09:56.203006" elapsed="0.001846"/>
</kw>
<kw name="And the response body should not be empty" owner="test_keywords_users">
<kw name="Should Not Be Empty" owner="BuiltIn">
<msg time="2024-02-20T00:09:56.205818" level="INFO">Length is 1.</msg>
<arg>${response.json()}</arg>
<doc>Verifies that the given item is not empty.</doc>
<status status="PASS" start="2024-02-20T00:09:56.205342" elapsed="0.000530"/>
</kw>
<status status="PASS" start="2024-02-20T00:09:56.205040" elapsed="0.000910"/>
</kw>
<tag>api</tag>
<status status="PASS" start="2024-02-20T00:09:56.115686" elapsed="0.090433"/>
</test>
<status status="PASS" start="2024-02-20T00:09:55.063478" elapsed="1.143316"/>
</suite>
<status status="PASS" start="2024-02-20T00:09:55.062285" elapsed="1.145348"/>
</suite>
<suite id="s1-s2" name="E2E" source="/home/runner/work/gen-ai-robot-test/gen-ai-robot-test/tests/e2e">
<suite id="s1-s2-s1" name="Test Ui Signup" source="/home/runner/work/gen-ai-robot-test/gen-ai-robot-test/tests/e2e/test_ui_signup.robot">
<test id="s1-s2-s1-t1" name="Scenario: Signup with empty fields" line="10">
<kw name="Before Tests" owner="test_keywords_common" type="SETUP">
<kw name="Open Browser" owner="SeleniumLibrary">
<msg time="2024-02-20T00:09:56.217238" level="INFO">Opening browser 'headless Chrome' to base url 'https://front.serverest.dev/'.</msg>
<arg>${SERVER_BASE_URL}</arg>
<arg>${HEADLESS} ${BROWSER}</arg>
<doc>Opens a new browser instance to the optional ``url``.</doc>
<status status="PASS" start="2024-02-20T00:09:56.216954" elapsed="12.341419"/>
</kw>
<kw name="Maximize Browser Window" owner="SeleniumLibrary">
<doc>Maximizes current browser window.</doc>
<status status="PASS" start="2024-02-20T00:10:08.558942" elapsed="0.104060"/>
</kw>
<status status="PASS" start="2024-02-20T00:09:56.216626" elapsed="12.446572"/>
</kw>
<kw name="Given Im on the signup page" owner="test_keywords_signup">
<kw name="Location Should Be" owner="SeleniumLibrary">
<msg time="2024-02-20T00:10:08.679694" level="INFO">Current location is 'https://front.serverest.dev/login'.</msg>
<arg>https://front.serverest.dev/login</arg>
<doc>Verifies that the current URL is exactly ``url``.</doc>
<status status="PASS" start="2024-02-20T00:10:08.664054" elapsed="0.015763"/>
</kw>
<kw name="Click Element" owner="SeleniumLibrary">
<msg time="2024-02-20T00:10:08.680658" level="INFO">Clicking element 'css=a.btn.btn-link'.</msg>
<arg>css=a.btn.btn-link</arg>
<doc>Click the element identified by ``locator``.</doc>
<status status="PASS" start="2024-02-20T00:10:08.680072" elapsed="0.169161"/>
</kw>
<status status="PASS" start="2024-02-20T00:10:08.663591" elapsed="0.185824"/>
</kw>
<kw name="When I click in signup" owner="test_keywords_signup">
<kw name="Click Button" owner="SeleniumLibrary">
<msg time="2024-02-20T00:10:08.850470" level="INFO">Clicking button 'css=.btn.btn-primary'.</msg>
<arg>css=.btn.btn-primary</arg>
<doc>Clicks the button identified by ``locator``.</doc>
<status status="PASS" start="2024-02-20T00:10:08.850230" elapsed="0.258740"/>
</kw>
<status status="PASS" start="2024-02-20T00:10:08.849709" elapsed="0.259441"/>
</kw>
<kw name="Then required field messages should be displayed" owner="test_keywords_signup">
<kw name="Wait Until Element Is Visible" owner="SeleniumLibrary">
<arg>css=.alert-dismissible</arg>
<arg>timeout=10s</arg>
<doc>Waits until the element ``locator`` is visible.</doc>
<status status="PASS" start="2024-02-20T00:10:09.109867" elapsed="0.225095"/>
</kw>
<kw name="Element Should Be Visible" owner="SeleniumLibrary">
<msg time="2024-02-20T00:10:09.348976" level="INFO">Element 'css=.alert-dismissible' is displayed.</msg>
<arg>css=.alert-dismissible</arg>
<doc>Verifies that the element identified by ``locator`` is visible.</doc>
<status status="PASS" start="2024-02-20T00:10:09.335274" elapsed="0.013798"/>
</kw>
<kw name="Page Should Contain" owner="SeleniumLibrary">
<msg time="2024-02-20T00:10:09.382823" level="INFO">Current page contains text 'Nome é obrigatório'.</msg>
<arg>Nome é obrigatório</arg>
<doc>Verifies that current page contains ``text``.</doc>
<status status="PASS" start="2024-02-20T00:10:09.349301" elapsed="0.033653"/>
</kw>
<kw name="Page Should Contain" owner="SeleniumLibrary">
<msg time="2024-02-20T00:10:09.393315" level="INFO">Current page contains text 'Email é obrigatório'.</msg>
<arg>Email é obrigatório</arg>
<doc>Verifies that current page contains ``text``.</doc>
<status status="PASS" start="2024-02-20T00:10:09.383227" elapsed="0.010163"/>
</kw>
<kw name="Page Should Contain" owner="SeleniumLibrary">
<msg time="2024-02-20T00:10:09.403031" level="INFO">Current page contains text 'Password é obrigatório'.</msg>
<arg>Password é obrigatório</arg>
<doc>Verifies that current page contains ``text``.</doc>
<status status="PASS" start="2024-02-20T00:10:09.393581" elapsed="0.009540"/>
</kw>
<status status="PASS" start="2024-02-20T00:10:09.109467" elapsed="0.293767"/>
</kw>
<kw name="After Tests" owner="test_keywords_common" type="TEARDOWN">
<kw name="Close Browser" owner="SeleniumLibrary">
<doc>Closes the current browser.</doc>
<status status="PASS" start="2024-02-20T00:10:09.403970" elapsed="0.063471"/>
</kw>
<status status="PASS" start="2024-02-20T00:10:09.403607" elapsed="0.064005"/>
</kw>
<tag>e2e</tag>
<status status="PASS" start="2024-02-20T00:09:56.216037" elapsed="13.251889"/>
</test>
<test id="s1-s2-s1-t2" name="Scenario: Signup done successfully" line="16">
<kw name="Before Tests" owner="test_keywords_common" type="SETUP">
<kw name="Open Browser" owner="SeleniumLibrary">
<msg time="2024-02-20T00:10:09.469747" level="INFO">Opening browser 'headless Chrome' to base url 'https://front.serverest.dev/'.</msg>
<arg>${SERVER_BASE_URL}</arg>
<arg>${HEADLESS} ${BROWSER}</arg>
<doc>Opens a new browser instance to the optional ``url``.</doc>
<status status="PASS" start="2024-02-20T00:10:09.469409" elapsed="0.978748"/>
</kw>
<kw name="Maximize Browser Window" owner="SeleniumLibrary">
<doc>Maximizes current browser window.</doc>
<status status="PASS" start="2024-02-20T00:10:10.448774" elapsed="0.108646"/>
</kw>
<status status="PASS" start="2024-02-20T00:10:09.469038" elapsed="1.088683"/>
</kw>
<kw name="Given Im on the signup page" owner="test_keywords_signup">
<kw name="Location Should Be" owner="SeleniumLibrary">
<msg time="2024-02-20T00:10:10.564000" level="INFO">Current location is 'https://front.serverest.dev/login'.</msg>
<arg>https://front.serverest.dev/login</arg>
<doc>Verifies that the current URL is exactly ``url``.</doc>
<status status="PASS" start="2024-02-20T00:10:10.559051" elapsed="0.005071"/>
</kw>
<kw name="Click Element" owner="SeleniumLibrary">
<msg time="2024-02-20T00:10:10.564770" level="INFO">Clicking element 'css=a.btn.btn-link'.</msg>
<arg>css=a.btn.btn-link</arg>
<doc>Click the element identified by ``locator``.</doc>
<status status="PASS" start="2024-02-20T00:10:10.564397" elapsed="0.046366"/>
</kw>
<status status="PASS" start="2024-02-20T00:10:10.558316" elapsed="0.052679"/>
</kw>
<kw name="And I fill in the signup fields with valid data" owner="test_keywords_signup">
<kw name="Name" owner="FakerLibrary">
<msg time="2024-02-20T00:10:10.612685" level="INFO">${name} = Mark Thomas</msg>
<var>${name}</var>
<doc>:example: 'John Doe'</doc>
<status status="PASS" start="2024-02-20T00:10:10.612029" elapsed="0.000709"/>
</kw>
<kw name="Email" owner="FakerLibrary">
<msg time="2024-02-20T00:10:10.613440" level="INFO">${email} = hernandezjasmine@example.net</msg>
<var>${email}</var>
<status status="PASS" start="2024-02-20T00:10:10.612940" elapsed="0.000546"/>
</kw>
<kw name="Password" owner="FakerLibrary">
<msg time="2024-02-20T00:10:10.614058" level="INFO">${password} = YpvFMdy7n6ne</msg>
<var>${password}</var>
<arg>length=12</arg>
<arg>special_chars=False</arg>
<doc>Generate a random password of the specified ``length``.</doc>
<status status="PASS" start="2024-02-20T00:10:10.613658" elapsed="0.000439"/>
</kw>
<kw name="Input Text" owner="SeleniumLibrary">
<msg time="2024-02-20T00:10:10.614592" level="INFO">Typing text 'Mark Thomas' into text field 'id:nome'.</msg>
<arg>id:nome</arg>
<arg>${name}</arg>
<doc>Types the given ``text`` into the text field identified by ``locator``.</doc>
<status status="PASS" start="2024-02-20T00:10:10.614294" elapsed="0.242177"/>
</kw>
<kw name="Input Text" owner="SeleniumLibrary">
<msg time="2024-02-20T00:10:10.857188" level="INFO">Typing text 'hernandezjasmine@example.net' into text field 'id:email'.</msg>
<arg>id:email</arg>
<arg>${email}</arg>
<doc>Types the given ``text`` into the text field identified by ``locator``.</doc>
<status status="PASS" start="2024-02-20T00:10:10.856815" elapsed="0.120196"/>
</kw>
<kw name="Input Text" owner="SeleniumLibrary">
<msg time="2024-02-20T00:10:10.977863" level="INFO">Typing text 'YpvFMdy7n6ne' into text field 'id:password'.</msg>
<arg>id:password</arg>
<arg>${password}</arg>
<doc>Types the given ``text`` into the text field identified by ``locator``.</doc>
<status status="PASS" start="2024-02-20T00:10:10.977434" elapsed="0.068782"/>
</kw>
<kw name="Select Checkbox" owner="SeleniumLibrary">
<msg time="2024-02-20T00:10:11.046928" level="INFO">Selecting checkbox 'id=administrador'.</msg>
<arg>id=administrador</arg>
<doc>Selects the checkbox identified by ``locator``.</doc>
<status status="PASS" start="2024-02-20T00:10:11.046579" elapsed="0.063837"/>
</kw>
<kw name="Set Suite Variable" owner="BuiltIn">
<msg time="2024-02-20T00:10:11.111375" level="INFO">${name} = Mark Thomas</msg>
<arg>${name}</arg>
<doc>Makes a variable available everywhere within the scope of the current suite.</doc>
<status status="PASS" start="2024-02-20T00:10:11.110867" elapsed="0.000582"/>
</kw>
<kw name="Set Suite Variable" owner="BuiltIn">
<msg time="2024-02-20T00:10:11.111993" level="INFO">${email} = hernandezjasmine@example.net</msg>
<arg>${email}</arg>
<doc>Makes a variable available everywhere within the scope of the current suite.</doc>
<status status="PASS" start="2024-02-20T00:10:11.111708" elapsed="0.000346"/>
</kw>
<kw name="Set Suite Variable" owner="BuiltIn">
<msg time="2024-02-20T00:10:11.112534" level="INFO">${password} = YpvFMdy7n6ne</msg>
<arg>${password}</arg>
<doc>Makes a variable available everywhere within the scope of the current suite.</doc>
<status status="PASS" start="2024-02-20T00:10:11.112253" elapsed="0.000340"/>
</kw>
<status status="PASS" start="2024-02-20T00:10:10.611486" elapsed="0.501217"/>
</kw>
<kw name="When I click in signup" owner="test_keywords_signup">
<kw name="Click Button" owner="SeleniumLibrary">
<msg time="2024-02-20T00:10:11.113667" level="INFO">Clicking button 'css=.btn.btn-primary'.</msg>
<arg>css=.btn.btn-primary</arg>
<doc>Clicks the button identified by ``locator``.</doc>
<status status="PASS" start="2024-02-20T00:10:11.113385" elapsed="0.074754"/>
</kw>
<status status="PASS" start="2024-02-20T00:10:11.112972" elapsed="0.075345"/>
</kw>
<kw name="Then the page should contain the text &quot;Cadastro realizado com sucesso&quot;" owner="test_keywords_signup" source_name="Then the page should contain the text &quot;${expected_text}&quot;">
<kw name="Wait Until Element Is Visible" owner="SeleniumLibrary">
<arg>css=.alert-dismissible</arg>
<arg>timeout=10s</arg>
<doc>Waits until the element ``locator`` is visible.</doc>
<status status="PASS" start="2024-02-20T00:10:11.189310" elapsed="0.227619"/>
</kw>
<kw name="Element Should Be Visible" owner="SeleniumLibrary">
<msg time="2024-02-20T00:10:11.431675" level="INFO">Element 'css=.alert-dismissible' is displayed.</msg>
<arg>css=.alert-dismissible</arg>
<doc>Verifies that the element identified by ``locator`` is visible.</doc>
<status status="PASS" start="2024-02-20T00:10:11.417254" elapsed="0.014531"/>
</kw>
<kw name="Page Should Contain" owner="SeleniumLibrary">
<msg time="2024-02-20T00:10:11.442759" level="INFO">Current page contains text 'Cadastro realizado com sucesso'.</msg>
<arg>${expected_text}</arg>
<doc>Verifies that current page contains ``text``.</doc>
<status status="PASS" start="2024-02-20T00:10:11.432054" elapsed="0.010799"/>
</kw>
<status status="PASS" start="2024-02-20T00:10:11.188715" elapsed="0.254270"/>
</kw>
<kw name="After Tests" owner="test_keywords_common" type="TEARDOWN">
<kw name="Close Browser" owner="SeleniumLibrary">
<doc>Closes the current browser.</doc>
<status status="PASS" start="2024-02-20T00:10:11.443934" elapsed="0.063379"/>
</kw>
<status status="PASS" start="2024-02-20T00:10:11.443443" elapsed="0.064042"/>
</kw>
<tag>e2e</tag>
<status status="PASS" start="2024-02-20T00:10:09.468446" elapsed="2.039129"/>
</test>
<test id="s1-s2-s1-t3" name="Scenario: Signup with already used email" line="23">
<kw name="Before Tests" owner="test_keywords_common" type="SETUP">
<kw name="Open Browser" owner="SeleniumLibrary">
<msg time="2024-02-20T00:10:11.509361" level="INFO">Opening browser 'headless Chrome' to base url 'https://front.serverest.dev/'.</msg>
<arg>${SERVER_BASE_URL}</arg>
<arg>${HEADLESS} ${BROWSER}</arg>
<doc>Opens a new browser instance to the optional ``url``.</doc>
<status status="PASS" start="2024-02-20T00:10:11.509035" elapsed="0.974497"/>
</kw>
<kw name="Maximize Browser Window" owner="SeleniumLibrary">
<doc>Maximizes current browser window.</doc>
<status status="PASS" start="2024-02-20T00:10:12.484124" elapsed="0.109344"/>
</kw>
<status status="PASS" start="2024-02-20T00:10:11.508625" elapsed="1.085062"/>
</kw>
<kw name="Given Im on the signup page" owner="test_keywords_signup">
<kw name="Location Should Be" owner="SeleniumLibrary">
<msg time="2024-02-20T00:10:12.599835" level="INFO">Current location is 'https://front.serverest.dev/login'.</msg>
<arg>https://front.serverest.dev/login</arg>
<doc>Verifies that the current URL is exactly ``url``.</doc>
<status status="PASS" start="2024-02-20T00:10:12.594762" elapsed="0.005208"/>
</kw>
<kw name="Click Element" owner="SeleniumLibrary">
<msg time="2024-02-20T00:10:12.600653" level="INFO">Clicking element 'css=a.btn.btn-link'.</msg>
<arg>css=a.btn.btn-link</arg>
<doc>Click the element identified by ``locator``.</doc>
<status status="PASS" start="2024-02-20T00:10:12.600279" elapsed="0.045096"/>
</kw>
<status status="PASS" start="2024-02-20T00:10:12.594205" elapsed="0.051413"/>
</kw>
<kw name="And I fill in the signup fields with an email already registered" owner="test_keywords_signup">
<kw name="Input Text" owner="SeleniumLibrary">
<msg time="2024-02-20T00:10:12.647471" level="INFO">Typing text 'Mark Thomas' into text field 'id:nome'.</msg>
<arg>id:nome</arg>
<arg>${name}</arg>
<doc>Types the given ``text`` into the text field identified by ``locator``.</doc>
<status status="PASS" start="2024-02-20T00:10:12.646699" elapsed="0.089525"/>
</kw>
<kw name="Input Text" owner="SeleniumLibrary">
<msg time="2024-02-20T00:10:12.737165" level="INFO">Typing text 'hernandezjasmine@example.net' into text field 'id:email'.</msg>
<arg>id:email</arg>
<arg>${email}</arg>
<doc>Types the given ``text`` into the text field identified by ``locator``.</doc>
<status status="PASS" start="2024-02-20T00:10:12.736654" elapsed="0.151451"/>
</kw>
<kw name="Input Text" owner="SeleniumLibrary">
<msg time="2024-02-20T00:10:12.889033" level="INFO">Typing text 'YpvFMdy7n6ne' into text field 'id:password'.</msg>
<arg>id:password</arg>
<arg>${password}</arg>
<doc>Types the given ``text`` into the text field identified by ``locator``.</doc>
<status status="PASS" start="2024-02-20T00:10:12.888547" elapsed="0.073412"/>
</kw>
<kw name="Select Checkbox" owner="SeleniumLibrary">
<msg time="2024-02-20T00:10:12.962712" level="INFO">Selecting checkbox 'id=administrador'.</msg>
<arg>id=administrador</arg>
<doc>Selects the checkbox identified by ``locator``.</doc>
<status status="PASS" start="2024-02-20T00:10:12.962361" elapsed="0.055648"/>
</kw>
<status status="PASS" start="2024-02-20T00:10:12.646101" elapsed="0.372087"/>
</kw>
<kw name="When I click in signup" owner="test_keywords_signup">
<kw name="Click Button" owner="SeleniumLibrary">
<msg time="2024-02-20T00:10:13.019102" level="INFO">Clicking button 'css=.btn.btn-primary'.</msg>
<arg>css=.btn.btn-primary</arg>
<doc>Clicks the button identified by ``locator``.</doc>
<status status="PASS" start="2024-02-20T00:10:13.018870" elapsed="0.050019"/>
</kw>
<status status="PASS" start="2024-02-20T00:10:13.018479" elapsed="0.050589"/>
</kw>
<kw name="Then the page should contain the text &quot;Este email já está sendo usado&quot;" owner="test_keywords_signup" source_name="Then the page should contain the text &quot;${expected_text}&quot;">
<kw name="Wait Until Element Is Visible" owner="SeleniumLibrary">
<arg>css=.alert-dismissible</arg>
<arg>timeout=10s</arg>
<doc>Waits until the element ``locator`` is visible.</doc>
<status status="PASS" start="2024-02-20T00:10:13.069888" elapsed="0.226106"/>
</kw>
<kw name="Element Should Be Visible" owner="SeleniumLibrary">
<msg time="2024-02-20T00:10:13.311521" level="INFO">Element 'css=.alert-dismissible' is displayed.</msg>
<arg>css=.alert-dismissible</arg>
<doc>Verifies that the element identified by ``locator`` is visible.</doc>
<status status="PASS" start="2024-02-20T00:10:13.296455" elapsed="0.015225"/>
</kw>
<kw name="Page Should Contain" owner="SeleniumLibrary">
<msg time="2024-02-20T00:10:13.322816" level="INFO">Current page contains text 'Este email já está sendo usado'.</msg>
<arg>${expected_text}</arg>
<doc>Verifies that current page contains ``text``.</doc>
<status status="PASS" start="2024-02-20T00:10:13.312053" elapsed="0.010853"/>
</kw>
<status status="PASS" start="2024-02-20T00:10:13.069423" elapsed="0.253600"/>
</kw>
<kw name="After Tests" owner="test_keywords_common" type="TEARDOWN">
<kw name="Close Browser" owner="SeleniumLibrary">
<doc>Closes the current browser.</doc>
<status status="PASS" start="2024-02-20T00:10:13.323786" elapsed="0.060991"/>
</kw>
<status status="PASS" start="2024-02-20T00:10:13.323412" elapsed="0.061530"/>
</kw>
<tag>e2e</tag>
<status status="PASS" start="2024-02-20T00:10:11.508042" elapsed="1.876989"/>
</test>
<status status="PASS" start="2024-02-20T00:09:56.209573" elapsed="17.176097"/>
</suite>
<status status="PASS" start="2024-02-20T00:09:56.208142" elapsed="17.178485"/>
</suite>
<status status="PASS" start="2024-02-20T00:09:55.042503" elapsed="18.344681"/>
</suite>
<statistics>
<total>
<stat pass="8" fail="0" skip="0">All Tests</stat>
</total>
<tag>
<stat pass="5" fail="0" skip="0">api</stat>
<stat pass="3" fail="0" skip="0">e2e</stat>
</tag>
<suite>
<stat pass="8" fail="0" skip="0" id="s1" name="Tests">Tests</stat>
<stat pass="5" fail="0" skip="0" id="s1-s1" name="Api">Tests.Api</stat>
<stat pass="5" fail="0" skip="0" id="s1-s1-s1" name="Test Api Users">Tests.Api.Test Api Users</stat>
<stat pass="3" fail="0" skip="0" id="s1-s2" name="E2E">Tests.E2E</stat>
<stat pass="3" fail="0" skip="0" id="s1-s2-s1" name="Test Ui Signup">Tests.E2E.Test Ui Signup</stat>
</suite>
</statistics>
<errors>
</errors>
</robot>
