<?xml version="1.0" encoding="UTF-8"?>
<robot generator="Robot 6.0.2 (Python 3.8.16 on linux)" generated="20230612 01:13:48.763" rpa="false" schemaversion="3">
<suite id="s1" name="Tests" source="/home/runner/work/gen-ai-robot-test/gen-ai-robot-test/tests">
<suite id="s1-s1" name="Api" source="/home/runner/work/gen-ai-robot-test/gen-ai-robot-test/tests/api">
<suite id="s1-s1-s1" name="Test Api Users" source="/home/runner/work/gen-ai-robot-test/gen-ai-robot-test/tests/api/test_api_users.robot">
<test id="s1-s1-s1-t1" name="Scenario: Get all registered users" line="9">
<kw name="Before Tests" library="test_keywords_common" type="SETUP">
<kw name="Create Session" library="RequestsLibrary">
<arg>serverest</arg>
<arg>${SERVER_BASE_URL}</arg>
<arg>disable_warnings=True</arg>
<doc>Create Session: create a HTTP session to a server</doc>
<msg timestamp="20230612 01:13:49.287" level="INFO">Creating Session using : alias=serverest, url=https://serverest.dev, headers={},                     cookies={}, auth=None, timeout=None, proxies=None, verify=False,                     debug=0 </msg>
<status status="PASS" starttime="20230612 01:13:49.287" endtime="20230612 01:13:49.288"/>
</kw>
<status status="PASS" starttime="20230612 01:13:49.287" endtime="20230612 01:13:49.288"/>
</kw>
<kw name="When I request the list of all registered users" library="test_keywords_users">
<kw name="GET On Session" library="RequestsLibrary">
<var>${response}</var>
<arg>serverest</arg>
<arg>${USERS_API_ENDPOINT}</arg>
<doc>Sends a GET request on a previously created HTTP Session.</doc>
<msg timestamp="20230612 01:13:49.530" level="INFO">GET Request : url=https://serverest.dev/usuarios 
 path_url=/usuarios 
 headers={'User-Agent': 'python-requests/2.31.0', 'Accept-Encoding': 'gzip, deflate', 'Accept': '*/*', 'Connection': 'keep-alive'} 
 body=None 
 </msg>
<msg timestamp="20230612 01:13:49.530" level="INFO">GET Response : url=https://serverest.dev/usuarios 
 status=200, reason=OK 
 headers={'access-control-allow-origin': '*', 'x-dns-prefetch-control': 'off', 'x-frame-options': 'SAMEORIGIN', 'strict-transport-security': 'max-age=15552000; includeSubDomains', 'x-download-options': 'noopen', 'x-content-type-options': 'nosniff', 'x-xss-protection': '1; mode=block', 'x-moesif-transaction-id': 'b6008201-c62a-4dea-9628-506447c6e8f8', 'content-type': 'application/json; charset=utf-8', 'X-Cloud-Trace-Context': 'b6b933a100fb22d77861976ab2d7e80c;o=1', 'Date': 'Mon, 12 Jun 2023 01:13:49 GMT', 'Server': 'Google Frontend', 'Content-Length': '895'} 
 body={
    "quantidade": 4,
    "usuarios": [
        {
            "nome": "Fulano da Silva",
            "email": "fulano@qa.com",
            "password": "teste",
            "administrador": "true",
            "_id": "0uxuPY0cbmQhpEz1"
        },
        {
            "nome": "Venetta",
            "email": "gustavo.skiles@yahoo.com",
            "password": "56745531357",
            "administrador": "false",
            "_id": "BFPX69c5xoW8lBvz"
        },
        {
            "nome": "Sierra",
            "email": "kattie.thompson@yahoo.com",
            "password": "66773687454",
            "administrador": "true",
            "_id": "pUIz9lFPHqALh9RZ"
        },
        {
            "nome": "Preston",
            "email": "thea.welch@yahoo.com",
            "password": "39185422488",
            "administrador": "true",
            "_id": "xZPbKtOlWKbb28oA"
        }
    ]
} 
 </msg>
<msg timestamp="20230612 01:13:49.530" level="INFO">${response} = &lt;Response [200]&gt;</msg>
<status status="PASS" starttime="20230612 01:13:49.288" endtime="20230612 01:13:49.530"/>
</kw>
<kw name="Set Test Variable" library="BuiltIn">
<arg>${response}</arg>
<doc>Makes a variable available everywhere within the scope of the current test.</doc>
<msg timestamp="20230612 01:13:49.531" level="INFO">${response} = &lt;Response [200]&gt;</msg>
<status status="PASS" starttime="20230612 01:13:49.531" endtime="20230612 01:13:49.531"/>
</kw>
<status status="PASS" starttime="20230612 01:13:49.288" endtime="20230612 01:13:49.531"/>
</kw>
<kw name="Then the response status code should be 200" library="test_keywords_users" sourcename="Then the response status code should be ${status_code}">
<kw name="Should Be Equal As Numbers" library="BuiltIn">
<arg>${response.status_code}</arg>
<arg>${status_code}</arg>
<doc>Fails if objects are unequal after converting them to real numbers.</doc>
<msg timestamp="20230612 01:13:49.533" level="INFO">Argument types are:
&lt;class 'int'&gt;
&lt;class 'str'&gt;</msg>
<status status="PASS" starttime="20230612 01:13:49.532" endtime="20230612 01:13:49.533"/>
</kw>
<kw name="Should Be True" library="BuiltIn">
<arg>${response.json()}</arg>
<doc>Fails if the given condition is not true.</doc>
<status status="PASS" starttime="20230612 01:13:49.533" endtime="20230612 01:13:49.534"/>
</kw>
<status status="PASS" starttime="20230612 01:13:49.531" endtime="20230612 01:13:49.534"/>
</kw>
<kw name="And the response body should not be empty" library="test_keywords_users">
<kw name="Should Not Be Empty" library="BuiltIn">
<arg>${response.json()}</arg>
<doc>Verifies that the given item is not empty.</doc>
<msg timestamp="20230612 01:13:49.535" level="INFO">Length is 2</msg>
<status status="PASS" starttime="20230612 01:13:49.535" endtime="20230612 01:13:49.535"/>
</kw>
<status status="PASS" starttime="20230612 01:13:49.534" endtime="20230612 01:13:49.535"/>
</kw>
<tag>api</tag>
<status status="PASS" starttime="20230612 01:13:49.286" endtime="20230612 01:13:49.536"/>
</test>
<test id="s1-s1-s1-t2" name="Scenario: Create a new user" line="15">
<kw name="Before Tests" library="test_keywords_common" type="SETUP">
<kw name="Create Session" library="RequestsLibrary">
<arg>serverest</arg>
<arg>${SERVER_BASE_URL}</arg>
<arg>disable_warnings=True</arg>
<doc>Create Session: create a HTTP session to a server</doc>
<msg timestamp="20230612 01:13:49.537" level="INFO">Creating Session using : alias=serverest, url=https://serverest.dev, headers={},                     cookies={}, auth=None, timeout=None, proxies=None, verify=False,                     debug=0 </msg>
<status status="PASS" starttime="20230612 01:13:49.537" endtime="20230612 01:13:49.537"/>
</kw>
<status status="PASS" starttime="20230612 01:13:49.536" endtime="20230612 01:13:49.537"/>
</kw>
<kw name="Given I have a valid user data" library="test_keywords_users">
<kw name="Name" library="FakerLibrary">
<var>${name}</var>
<doc>:example 'John Doe'</doc>
<msg timestamp="20230612 01:13:49.538" level="INFO">${name} = Sherry Ruiz</msg>
<status status="PASS" starttime="20230612 01:13:49.538" endtime="20230612 01:13:49.538"/>
</kw>
<kw name="Email" library="FakerLibrary">
<var>${email}</var>
<msg timestamp="20230612 01:13:49.539" level="INFO">${email} = hortonjamie@example.net</msg>
<status status="PASS" starttime="20230612 01:13:49.539" endtime="20230612 01:13:49.539"/>
</kw>
<kw name="Password" library="FakerLibrary">
<var>${password}</var>
<arg>length=12</arg>
<arg>special_chars=False</arg>
<doc>Generate a random password of the specified ``length``.</doc>
<msg timestamp="20230612 01:13:49.539" level="INFO">${password} = 3jPpkq6ZjaTF</msg>
<status status="PASS" starttime="20230612 01:13:49.539" endtime="20230612 01:13:49.540"/>
</kw>
<kw name="Set Suite Variable" library="BuiltIn">
<arg>${name}</arg>
<doc>Makes a variable available everywhere within the scope of the current suite.</doc>
<msg timestamp="20230612 01:13:49.540" level="INFO">${name} = Sherry Ruiz</msg>
<status status="PASS" starttime="20230612 01:13:49.540" endtime="20230612 01:13:49.540"/>
</kw>
<kw name="Set Suite Variable" library="BuiltIn">
<arg>${email}</arg>
<doc>Makes a variable available everywhere within the scope of the current suite.</doc>
<msg timestamp="20230612 01:13:49.540" level="INFO">${email} = hortonjamie@example.net</msg>
<status status="PASS" starttime="20230612 01:13:49.540" endtime="20230612 01:13:49.540"/>
</kw>
<kw name="Set Suite Variable" library="BuiltIn">
<arg>${password}</arg>
<doc>Makes a variable available everywhere within the scope of the current suite.</doc>
<msg timestamp="20230612 01:13:49.541" level="INFO">${password} = 3jPpkq6ZjaTF</msg>
<status status="PASS" starttime="20230612 01:13:49.540" endtime="20230612 01:13:49.541"/>
</kw>
<status status="PASS" starttime="20230612 01:13:49.538" endtime="20230612 01:13:49.541"/>
</kw>
<kw name="When I create the user" library="test_keywords_users">
<kw name="Create Dictionary" library="BuiltIn">
<var>${payload}</var>
<arg>nome=${name}</arg>
<arg>email=${email}</arg>
<arg>password=${password}</arg>
<arg>administrador=false</arg>
<doc>Creates and returns a dictionary based on the given ``items``.</doc>
<msg timestamp="20230612 01:13:49.542" level="INFO">${payload} = {'nome': 'Sherry Ruiz', 'email': 'hortonjamie@example.net', 'password': '3jPpkq6ZjaTF', 'administrador': 'false'}</msg>
<status status="PASS" starttime="20230612 01:13:49.541" endtime="20230612 01:13:49.542"/>
</kw>
<kw name="Create Dictionary" library="BuiltIn">
<var>${headers}</var>
<arg>Content-Type=application/json</arg>
<doc>Creates and returns a dictionary based on the given ``items``.</doc>
<msg timestamp="20230612 01:13:49.542" level="INFO">${headers} = {'Content-Type': 'application/json'}</msg>
<status status="PASS" starttime="20230612 01:13:49.542" endtime="20230612 01:13:49.542"/>
</kw>
<kw name="POST On Session" library="RequestsLibrary">
<var>${response}</var>
<arg>serverest</arg>
<arg>${USERS_API_ENDPOINT}</arg>
<arg>json=${payload}</arg>
<arg>headers=${headers}</arg>
<doc>Sends a POST request on a previously created HTTP Session.</doc>
<msg timestamp="20230612 01:13:49.645" level="INFO">POST Request : url=https://serverest.dev/usuarios 
 path_url=/usuarios 
 headers={'User-Agent': 'python-requests/2.31.0', 'Accept-Encoding': 'gzip, deflate', 'Accept': '*/*', 'Connection': 'keep-alive', 'Content-Type': 'application/json', 'Content-Length': '113'} 
 body=b'{"nome": "Sherry Ruiz", "email": "hortonjamie@example.net", "password": "3jPpkq6ZjaTF", "administrador": "false"}' 
 </msg>
<msg timestamp="20230612 01:13:49.645" level="INFO">POST Response : url=https://serverest.dev/usuarios 
 status=201, reason=Created 
 headers={'access-control-allow-origin': '*', 'x-dns-prefetch-control': 'off', 'x-frame-options': 'SAMEORIGIN', 'strict-transport-security': 'max-age=15552000; includeSubDomains', 'x-download-options': 'noopen', 'x-content-type-options': 'nosniff', 'x-xss-protection': '1; mode=block', 'x-moesif-transaction-id': 'efff8113-9fd5-4441-9f83-7847205559e3', 'content-type': 'application/json; charset=utf-8', 'X-Cloud-Trace-Context': '45fdaeac6199f01505c298fa5d4520c7', 'Date': 'Mon, 12 Jun 2023 01:13:49 GMT', 'Server': 'Google Frontend', 'Content-Length': '82'} 
 body={
    "message": "Cadastro realizado com sucesso",
    "_id": "xNX4aMXlXwTyl9JR"
} 
 </msg>
<msg timestamp="20230612 01:13:49.645" level="INFO">${response} = &lt;Response [201]&gt;</msg>
<status status="PASS" starttime="20230612 01:13:49.542" endtime="20230612 01:13:49.645"/>
</kw>
<kw name="Set Variable" library="BuiltIn">
<var>${user_id}</var>
<arg>${response.json()['_id']}</arg>
<doc>Returns the given values which can then be assigned to a variables.</doc>
<msg timestamp="20230612 01:13:49.646" level="INFO">${user_id} = xNX4aMXlXwTyl9JR</msg>
<status status="PASS" starttime="20230612 01:13:49.645" endtime="20230612 01:13:49.646"/>
</kw>
<kw name="Set Global Variable" library="BuiltIn">
<arg>${USER_ID}</arg>
<arg>${user_id}</arg>
<doc>Makes a variable available globally in all tests and suites.</doc>
<msg timestamp="20230612 01:13:49.647" level="INFO">${USER_ID} = xNX4aMXlXwTyl9JR</msg>
<status status="PASS" starttime="20230612 01:13:49.647" endtime="20230612 01:13:49.647"/>
</kw>
<kw name="Set Test Variable" library="BuiltIn">
<arg>${response}</arg>
<doc>Makes a variable available everywhere within the scope of the current test.</doc>
<msg timestamp="20230612 01:13:49.647" level="INFO">${response} = &lt;Response [201]&gt;</msg>
<status status="PASS" starttime="20230612 01:13:49.647" endtime="20230612 01:13:49.647"/>
</kw>
<status status="PASS" starttime="20230612 01:13:49.541" endtime="20230612 01:13:49.647"/>
</kw>
<kw name="Then the response status code should be 201" library="test_keywords_users" sourcename="Then the response status code should be ${status_code}">
<kw name="Should Be Equal As Numbers" library="BuiltIn">
<arg>${response.status_code}</arg>
<arg>${status_code}</arg>
<doc>Fails if objects are unequal after converting them to real numbers.</doc>
<msg timestamp="20230612 01:13:49.648" level="INFO">Argument types are:
&lt;class 'int'&gt;
&lt;class 'str'&gt;</msg>
<status status="PASS" starttime="20230612 01:13:49.648" endtime="20230612 01:13:49.649"/>
</kw>
<kw name="Should Be True" library="BuiltIn">
<arg>${response.json()}</arg>
<doc>Fails if the given condition is not true.</doc>
<status status="PASS" starttime="20230612 01:13:49.649" endtime="20230612 01:13:49.649"/>
</kw>
<status status="PASS" starttime="20230612 01:13:49.648" endtime="20230612 01:13:49.649"/>
</kw>
<kw name="And the response body should not be empty" library="test_keywords_users">
<kw name="Should Not Be Empty" library="BuiltIn">
<arg>${response.json()}</arg>
<doc>Verifies that the given item is not empty.</doc>
<msg timestamp="20230612 01:13:49.650" level="INFO">Length is 2</msg>
<status status="PASS" starttime="20230612 01:13:49.650" endtime="20230612 01:13:49.650"/>
</kw>
<status status="PASS" starttime="20230612 01:13:49.649" endtime="20230612 01:13:49.650"/>
</kw>
<tag>api</tag>
<status status="PASS" starttime="20230612 01:13:49.536" endtime="20230612 01:13:49.651"/>
</test>
<test id="s1-s1-s1-t3" name="Scenario: Get a specific user informations" line="22">
<kw name="Before Tests" library="test_keywords_common" type="SETUP">
<kw name="Create Session" library="RequestsLibrary">
<arg>serverest</arg>
<arg>${SERVER_BASE_URL}</arg>
<arg>disable_warnings=True</arg>
<doc>Create Session: create a HTTP session to a server</doc>
<msg timestamp="20230612 01:13:49.652" level="INFO">Creating Session using : alias=serverest, url=https://serverest.dev, headers={},                     cookies={}, auth=None, timeout=None, proxies=None, verify=False,                     debug=0 </msg>
<status status="PASS" starttime="20230612 01:13:49.652" endtime="20230612 01:13:49.653"/>
</kw>
<status status="PASS" starttime="20230612 01:13:49.652" endtime="20230612 01:13:49.653"/>
</kw>
<kw name="When I request the created user" library="test_keywords_users">
<kw name="GET On Session" library="RequestsLibrary">
<var>${response}</var>
<arg>serverest</arg>
<arg>${USERS_API_ENDPOINT}/${USER_ID}</arg>
<doc>Sends a GET request on a previously created HTTP Session.</doc>
<msg timestamp="20230612 01:13:49.750" level="INFO">GET Request : url=https://serverest.dev/usuarios/xNX4aMXlXwTyl9JR 
 path_url=/usuarios/xNX4aMXlXwTyl9JR 
 headers={'User-Agent': 'python-requests/2.31.0', 'Accept-Encoding': 'gzip, deflate', 'Accept': '*/*', 'Connection': 'keep-alive'} 
 body=None 
 </msg>
<msg timestamp="20230612 01:13:49.750" level="INFO">GET Response : url=https://serverest.dev/usuarios/xNX4aMXlXwTyl9JR 
 status=200, reason=OK 
 headers={'access-control-allow-origin': '*', 'x-dns-prefetch-control': 'off', 'x-frame-options': 'SAMEORIGIN', 'strict-transport-security': 'max-age=15552000; includeSubDomains', 'x-download-options': 'noopen', 'x-content-type-options': 'nosniff', 'x-xss-protection': '1; mode=block', 'x-moesif-transaction-id': '378872b4-0252-469f-be9c-3656efdaf0f8', 'content-type': 'application/json; charset=utf-8', 'X-Cloud-Trace-Context': '25777ebed59b720f6b263f44463d0293', 'Date': 'Mon, 12 Jun 2023 01:13:49 GMT', 'Server': 'Google Frontend', 'Content-Length': '162'} 
 body={
    "nome": "Sherry Ruiz",
    "email": "hortonjamie@example.net",
    "password": "3jPpkq6ZjaTF",
    "administrador": "false",
    "_id": "xNX4aMXlXwTyl9JR"
} 
 </msg>
<msg timestamp="20230612 01:13:49.750" level="INFO">${response} = &lt;Response [200]&gt;</msg>
<status status="PASS" starttime="20230612 01:13:49.653" endtime="20230612 01:13:49.750"/>
</kw>
<kw name="Set Test Variable" library="BuiltIn">
<arg>${response}</arg>
<doc>Makes a variable available everywhere within the scope of the current test.</doc>
<msg timestamp="20230612 01:13:49.751" level="INFO">${response} = &lt;Response [200]&gt;</msg>
<status status="PASS" starttime="20230612 01:13:49.751" endtime="20230612 01:13:49.751"/>
</kw>
<status status="PASS" starttime="20230612 01:13:49.653" endtime="20230612 01:13:49.751"/>
</kw>
<kw name="Then the response status code should be 200" library="test_keywords_users" sourcename="Then the response status code should be ${status_code}">
<kw name="Should Be Equal As Numbers" library="BuiltIn">
<arg>${response.status_code}</arg>
<arg>${status_code}</arg>
<doc>Fails if objects are unequal after converting them to real numbers.</doc>
<msg timestamp="20230612 01:13:49.753" level="INFO">Argument types are:
&lt;class 'int'&gt;
&lt;class 'str'&gt;</msg>
<status status="PASS" starttime="20230612 01:13:49.752" endtime="20230612 01:13:49.753"/>
</kw>
<kw name="Should Be True" library="BuiltIn">
<arg>${response.json()}</arg>
<doc>Fails if the given condition is not true.</doc>
<status status="PASS" starttime="20230612 01:13:49.753" endtime="20230612 01:13:49.754"/>
</kw>
<status status="PASS" starttime="20230612 01:13:49.752" endtime="20230612 01:13:49.754"/>
</kw>
<kw name="And the response body should not be empty" library="test_keywords_users">
<kw name="Should Not Be Empty" library="BuiltIn">
<arg>${response.json()}</arg>
<doc>Verifies that the given item is not empty.</doc>
<msg timestamp="20230612 01:13:49.755" level="INFO">Length is 5</msg>
<status status="PASS" starttime="20230612 01:13:49.754" endtime="20230612 01:13:49.755"/>
</kw>
<status status="PASS" starttime="20230612 01:13:49.754" endtime="20230612 01:13:49.755"/>
</kw>
<tag>api</tag>
<status status="PASS" starttime="20230612 01:13:49.651" endtime="20230612 01:13:49.755"/>
</test>
<test id="s1-s1-s1-t4" name="Scenario: Update the created user" line="28">
<kw name="Before Tests" library="test_keywords_common" type="SETUP">
<kw name="Create Session" library="RequestsLibrary">
<arg>serverest</arg>
<arg>${SERVER_BASE_URL}</arg>
<arg>disable_warnings=True</arg>
<doc>Create Session: create a HTTP session to a server</doc>
<msg timestamp="20230612 01:13:49.757" level="INFO">Creating Session using : alias=serverest, url=https://serverest.dev, headers={},                     cookies={}, auth=None, timeout=None, proxies=None, verify=False,                     debug=0 </msg>
<status status="PASS" starttime="20230612 01:13:49.757" endtime="20230612 01:13:49.757"/>
</kw>
<status status="PASS" starttime="20230612 01:13:49.756" endtime="20230612 01:13:49.757"/>
</kw>
<kw name="When I update the created user" library="test_keywords_users">
<kw name="Create Dictionary" library="BuiltIn">
<var>${payload}</var>
<arg>nome=John Smith</arg>
<arg>email=john.smith@example.com</arg>
<arg>password=P@ssw0rd123</arg>
<arg>administrador=false</arg>
<doc>Creates and returns a dictionary based on the given ``items``.</doc>
<msg timestamp="20230612 01:13:49.758" level="INFO">${payload} = {'nome': 'John Smith', 'email': 'john.smith@example.com', 'password': 'P@ssw0rd123', 'administrador': 'false'}</msg>
<status status="PASS" starttime="20230612 01:13:49.758" endtime="20230612 01:13:49.758"/>
</kw>
<kw name="Create Dictionary" library="BuiltIn">
<var>${headers}</var>
<arg>Content-Type=application/json</arg>
<doc>Creates and returns a dictionary based on the given ``items``.</doc>
<msg timestamp="20230612 01:13:49.759" level="INFO">${headers} = {'Content-Type': 'application/json'}</msg>
<status status="PASS" starttime="20230612 01:13:49.758" endtime="20230612 01:13:49.759"/>
</kw>
<kw name="PUT On Session" library="RequestsLibrary">
<var>${response}</var>
<arg>serverest</arg>
<arg>${USERS_API_ENDPOINT}/${USER_ID}</arg>
<arg>json=${payload}</arg>
<arg>headers=${headers}</arg>
<doc>Sends a PUT request on a previously created HTTP Session.</doc>
<msg timestamp="20230612 01:13:49.857" level="INFO">PUT Request : url=https://serverest.dev/usuarios/xNX4aMXlXwTyl9JR 
 path_url=/usuarios/xNX4aMXlXwTyl9JR 
 headers={'User-Agent': 'python-requests/2.31.0', 'Accept-Encoding': 'gzip, deflate', 'Accept': '*/*', 'Connection': 'keep-alive', 'Content-Type': 'application/json', 'Content-Length': '110'} 
 body=b'{"nome": "John Smith", "email": "john.smith@example.com", "password": "P@ssw0rd123", "administrador": "false"}' 
 </msg>
<msg timestamp="20230612 01:13:49.857" level="INFO">PUT Response : url=https://serverest.dev/usuarios/xNX4aMXlXwTyl9JR 
 status=200, reason=OK 
 headers={'access-control-allow-origin': '*', 'x-dns-prefetch-control': 'off', 'x-frame-options': 'SAMEORIGIN', 'strict-transport-security': 'max-age=15552000; includeSubDomains', 'x-download-options': 'noopen', 'x-content-type-options': 'nosniff', 'x-xss-protection': '1; mode=block', 'x-moesif-transaction-id': '376c19c9-ba44-4007-ae4f-cda1f675db56', 'content-type': 'application/json; charset=utf-8', 'X-Cloud-Trace-Context': '28e3d4c75f71e90d1b5b3882ddade6c5', 'Date': 'Mon, 12 Jun 2023 01:13:49 GMT', 'Server': 'Google Frontend', 'Content-Length': '50'} 
 body={
    "message": "Registro alterado com sucesso"
} 
 </msg>
<msg timestamp="20230612 01:13:49.857" level="INFO">${response} = &lt;Response [200]&gt;</msg>
<status status="PASS" starttime="20230612 01:13:49.759" endtime="20230612 01:13:49.857"/>
</kw>
<kw name="Set Test Variable" library="BuiltIn">
<arg>${response}</arg>
<doc>Makes a variable available everywhere within the scope of the current test.</doc>
<msg timestamp="20230612 01:13:49.858" level="INFO">${response} = &lt;Response [200]&gt;</msg>
<status status="PASS" starttime="20230612 01:13:49.858" endtime="20230612 01:13:49.858"/>
</kw>
<status status="PASS" starttime="20230612 01:13:49.757" endtime="20230612 01:13:49.858"/>
</kw>
<kw name="Then the response status code should be 200" library="test_keywords_users" sourcename="Then the response status code should be ${status_code}">
<kw name="Should Be Equal As Numbers" library="BuiltIn">
<arg>${response.status_code}</arg>
<arg>${status_code}</arg>
<doc>Fails if objects are unequal after converting them to real numbers.</doc>
<msg timestamp="20230612 01:13:49.860" level="INFO">Argument types are:
&lt;class 'int'&gt;
&lt;class 'str'&gt;</msg>
<status status="PASS" starttime="20230612 01:13:49.859" endtime="20230612 01:13:49.860"/>
</kw>
<kw name="Should Be True" library="BuiltIn">
<arg>${response.json()}</arg>
<doc>Fails if the given condition is not true.</doc>
<status status="PASS" starttime="20230612 01:13:49.860" endtime="20230612 01:13:49.861"/>
</kw>
<status status="PASS" starttime="20230612 01:13:49.858" endtime="20230612 01:13:49.861"/>
</kw>
<kw name="And the response body should not be empty" library="test_keywords_users">
<kw name="Should Not Be Empty" library="BuiltIn">
<arg>${response.json()}</arg>
<doc>Verifies that the given item is not empty.</doc>
<msg timestamp="20230612 01:13:49.862" level="INFO">Length is 1</msg>
<status status="PASS" starttime="20230612 01:13:49.861" endtime="20230612 01:13:49.862"/>
</kw>
<status status="PASS" starttime="20230612 01:13:49.861" endtime="20230612 01:13:49.862"/>
</kw>
<tag>api</tag>
<status status="PASS" starttime="20230612 01:13:49.756" endtime="20230612 01:13:49.862"/>
</test>
<test id="s1-s1-s1-t5" name="Scenario: Delete the created user" line="34">
<kw name="Before Tests" library="test_keywords_common" type="SETUP">
<kw name="Create Session" library="RequestsLibrary">
<arg>serverest</arg>
<arg>${SERVER_BASE_URL}</arg>
<arg>disable_warnings=True</arg>
<doc>Create Session: create a HTTP session to a server</doc>
<msg timestamp="20230612 01:13:49.863" level="INFO">Creating Session using : alias=serverest, url=https://serverest.dev, headers={},                     cookies={}, auth=None, timeout=None, proxies=None, verify=False,                     debug=0 </msg>
<status status="PASS" starttime="20230612 01:13:49.863" endtime="20230612 01:13:49.864"/>
</kw>
<status status="PASS" starttime="20230612 01:13:49.863" endtime="20230612 01:13:49.864"/>
</kw>
<kw name="When I delete the created user" library="test_keywords_users">
<kw name="DELETE On Session" library="RequestsLibrary">
<var>${response}</var>
<arg>serverest</arg>
<arg>${USERS_API_ENDPOINT}/${USER_ID}</arg>
<doc>Sends a DELETE request on a previously created HTTP Session.</doc>
<msg timestamp="20230612 01:13:49.962" level="INFO">DELETE Request : url=https://serverest.dev/usuarios/xNX4aMXlXwTyl9JR 
 path_url=/usuarios/xNX4aMXlXwTyl9JR 
 headers={'User-Agent': 'python-requests/2.31.0', 'Accept-Encoding': 'gzip, deflate', 'Accept': '*/*', 'Connection': 'keep-alive', 'Content-Length': '0'} 
 body=None 
 </msg>
<msg timestamp="20230612 01:13:49.962" level="INFO">DELETE Response : url=https://serverest.dev/usuarios/xNX4aMXlXwTyl9JR 
 status=200, reason=OK 
 headers={'access-control-allow-origin': '*', 'x-dns-prefetch-control': 'off', 'x-frame-options': 'SAMEORIGIN', 'strict-transport-security': 'max-age=15552000; includeSubDomains', 'x-download-options': 'noopen', 'x-content-type-options': 'nosniff', 'x-xss-protection': '1; mode=block', 'x-moesif-transaction-id': '79ccefb8-3c57-4b8e-b316-b8fc69141584', 'content-type': 'application/json; charset=utf-8', 'X-Cloud-Trace-Context': '04920aa4641e77b476b975523eded491', 'Date': 'Mon, 12 Jun 2023 01:13:49 GMT', 'Server': 'Google Frontend', 'Content-Length': '51'} 
 body={
    "message": "Registro excluído com sucesso"
} 
 </msg>
<msg timestamp="20230612 01:13:49.962" level="INFO">${response} = &lt;Response [200]&gt;</msg>
<status status="PASS" starttime="20230612 01:13:49.864" endtime="20230612 01:13:49.962"/>
</kw>
<kw name="Set Test Variable" library="BuiltIn">
<arg>${response}</arg>
<doc>Makes a variable available everywhere within the scope of the current test.</doc>
<msg timestamp="20230612 01:13:49.963" level="INFO">${response} = &lt;Response [200]&gt;</msg>
<status status="PASS" starttime="20230612 01:13:49.962" endtime="20230612 01:13:49.963"/>
</kw>
<status status="PASS" starttime="20230612 01:13:49.864" endtime="20230612 01:13:49.963"/>
</kw>
<kw name="Then the response status code should be 200" library="test_keywords_users" sourcename="Then the response status code should be ${status_code}">
<kw name="Should Be Equal As Numbers" library="BuiltIn">
<arg>${response.status_code}</arg>
<arg>${status_code}</arg>
<doc>Fails if objects are unequal after converting them to real numbers.</doc>
<msg timestamp="20230612 01:13:49.964" level="INFO">Argument types are:
&lt;class 'int'&gt;
&lt;class 'str'&gt;</msg>
<status status="PASS" starttime="20230612 01:13:49.963" endtime="20230612 01:13:49.964"/>
</kw>
<kw name="Should Be True" library="BuiltIn">
<arg>${response.json()}</arg>
<doc>Fails if the given condition is not true.</doc>
<status status="PASS" starttime="20230612 01:13:49.964" endtime="20230612 01:13:49.965"/>
</kw>
<status status="PASS" starttime="20230612 01:13:49.963" endtime="20230612 01:13:49.965"/>
</kw>
<kw name="And the response body should not be empty" library="test_keywords_users">
<kw name="Should Not Be Empty" library="BuiltIn">
<arg>${response.json()}</arg>
<doc>Verifies that the given item is not empty.</doc>
<msg timestamp="20230612 01:13:49.966" level="INFO">Length is 1</msg>
<status status="PASS" starttime="20230612 01:13:49.965" endtime="20230612 01:13:49.966"/>
</kw>
<status status="PASS" starttime="20230612 01:13:49.965" endtime="20230612 01:13:49.966"/>
</kw>
<tag>api</tag>
<status status="PASS" starttime="20230612 01:13:49.862" endtime="20230612 01:13:49.966"/>
</test>
<status status="PASS" starttime="20230612 01:13:48.785" endtime="20230612 01:13:49.967"/>
</suite>
<status status="PASS" starttime="20230612 01:13:48.783" endtime="20230612 01:13:49.968"/>
</suite>
<suite id="s1-s2" name="E2E" source="/home/runner/work/gen-ai-robot-test/gen-ai-robot-test/tests/e2e">
<suite id="s1-s2-s1" name="Test Ui Signup" source="/home/runner/work/gen-ai-robot-test/gen-ai-robot-test/tests/e2e/test_ui_signup.robot">
<test id="s1-s2-s1-t1" name="Scenario: Signup with empty fields" line="10">
<kw name="Before Tests" library="test_keywords_common" type="SETUP">
<kw name="Open Browser" library="SeleniumLibrary">
<arg>${SERVER_BASE_URL}</arg>
<arg>${HEADLESS} ${BROWSER}</arg>
<doc>Opens a new browser instance to the optional ``url``.</doc>
<msg timestamp="20230612 01:13:49.979" level="INFO">Opening browser 'headless Chrome' to base url 'https://front.serverest.dev/'.</msg>
<status status="PASS" starttime="20230612 01:13:49.978" endtime="20230612 01:13:52.078"/>
</kw>
<kw name="Maximize Browser Window" library="SeleniumLibrary">
<doc>Maximizes current browser window.</doc>
<status status="PASS" starttime="20230612 01:13:52.078" endtime="20230612 01:13:52.184"/>
</kw>
<status status="PASS" starttime="20230612 01:13:49.978" endtime="20230612 01:13:52.185"/>
</kw>
<kw name="Given Im on the signup page" library="test_keywords_signup">
<kw name="Location Should Be" library="SeleniumLibrary">
<arg>https://front.serverest.dev/login</arg>
<doc>Verifies that the current URL is exactly ``url``.</doc>
<msg timestamp="20230612 01:13:52.191" level="INFO">Current location is 'https://front.serverest.dev/login'.</msg>
<status status="PASS" starttime="20230612 01:13:52.186" endtime="20230612 01:13:52.191"/>
</kw>
<kw name="Click Element" library="SeleniumLibrary">
<arg>css=a.btn.btn-link</arg>
<doc>Click the element identified by ``locator``.</doc>
<msg timestamp="20230612 01:13:52.192" level="INFO">Clicking element 'css=a.btn.btn-link'.</msg>
<status status="PASS" starttime="20230612 01:13:52.191" endtime="20230612 01:13:52.286"/>
</kw>
<status status="PASS" starttime="20230612 01:13:52.185" endtime="20230612 01:13:52.286"/>
</kw>
<kw name="When I click in signup" library="test_keywords_signup">
<kw name="Click Button" library="SeleniumLibrary">
<arg>css=.btn.btn-primary</arg>
<doc>Clicks the button identified by ``locator``.</doc>
<msg timestamp="20230612 01:13:52.287" level="INFO">Clicking button 'css=.btn.btn-primary'.</msg>
<status status="PASS" starttime="20230612 01:13:52.287" endtime="20230612 01:13:52.355"/>
</kw>
<status status="PASS" starttime="20230612 01:13:52.287" endtime="20230612 01:13:52.355"/>
</kw>
<kw name="Then required field messages should be displayed" library="test_keywords_signup">
<kw name="Wait Until Element Is Visible" library="SeleniumLibrary">
<arg>css=.alert-dismissible</arg>
<arg>timeout=10s</arg>
<doc>Waits until the element ``locator`` is visible.</doc>
<status status="PASS" starttime="20230612 01:13:52.356" endtime="20230612 01:13:52.594"/>
</kw>
<kw name="Element Should Be Visible" library="SeleniumLibrary">
<arg>css=.alert-dismissible</arg>
<doc>Verifies that the element identified by ``locator`` is visible.</doc>
<msg timestamp="20230612 01:13:52.614" level="INFO">Element 'css=.alert-dismissible' is displayed.</msg>
<status status="PASS" starttime="20230612 01:13:52.594" endtime="20230612 01:13:52.614"/>
</kw>
<kw name="Page Should Contain" library="SeleniumLibrary">
<arg>Nome é obrigatório</arg>
<doc>Verifies that current page contains ``text``.</doc>
<msg timestamp="20230612 01:13:52.631" level="INFO">Current page contains text 'Nome é obrigatório'.</msg>
<status status="PASS" starttime="20230612 01:13:52.614" endtime="20230612 01:13:52.631"/>
</kw>
<kw name="Page Should Contain" library="SeleniumLibrary">
<arg>Email é obrigatório</arg>
<doc>Verifies that current page contains ``text``.</doc>
<msg timestamp="20230612 01:13:52.646" level="INFO">Current page contains text 'Email é obrigatório'.</msg>
<status status="PASS" starttime="20230612 01:13:52.632" endtime="20230612 01:13:52.646"/>
</kw>
<kw name="Page Should Contain" library="SeleniumLibrary">
<arg>Password é obrigatório</arg>
<doc>Verifies that current page contains ``text``.</doc>
<msg timestamp="20230612 01:13:52.661" level="INFO">Current page contains text 'Password é obrigatório'.</msg>
<status status="PASS" starttime="20230612 01:13:52.647" endtime="20230612 01:13:52.661"/>
</kw>
<status status="PASS" starttime="20230612 01:13:52.355" endtime="20230612 01:13:52.661"/>
</kw>
<kw name="After Tests" library="test_keywords_common" type="TEARDOWN">
<kw name="Close Browser" library="SeleniumLibrary">
<doc>Closes the current browser.</doc>
<status status="PASS" starttime="20230612 01:13:52.662" endtime="20230612 01:13:52.718"/>
</kw>
<status status="PASS" starttime="20230612 01:13:52.662" endtime="20230612 01:13:52.718"/>
</kw>
<tag>e2e</tag>
<status status="PASS" starttime="20230612 01:13:49.978" endtime="20230612 01:13:52.719"/>
</test>
<test id="s1-s2-s1-t2" name="Scenario: Signup done successfully" line="16">
<kw name="Before Tests" library="test_keywords_common" type="SETUP">
<kw name="Open Browser" library="SeleniumLibrary">
<arg>${SERVER_BASE_URL}</arg>
<arg>${HEADLESS} ${BROWSER}</arg>
<doc>Opens a new browser instance to the optional ``url``.</doc>
<msg timestamp="20230612 01:13:52.721" level="INFO">Opening browser 'headless Chrome' to base url 'https://front.serverest.dev/'.</msg>
<status status="PASS" starttime="20230612 01:13:52.720" endtime="20230612 01:13:53.836"/>
</kw>
<kw name="Maximize Browser Window" library="SeleniumLibrary">
<doc>Maximizes current browser window.</doc>
<status status="PASS" starttime="20230612 01:13:53.836" endtime="20230612 01:13:53.949"/>
</kw>
<status status="PASS" starttime="20230612 01:13:52.720" endtime="20230612 01:13:53.949"/>
</kw>
<kw name="Given Im on the signup page" library="test_keywords_signup">
<kw name="Location Should Be" library="SeleniumLibrary">
<arg>https://front.serverest.dev/login</arg>
<doc>Verifies that the current URL is exactly ``url``.</doc>
<msg timestamp="20230612 01:13:53.955" level="INFO">Current location is 'https://front.serverest.dev/login'.</msg>
<status status="PASS" starttime="20230612 01:13:53.950" endtime="20230612 01:13:53.956"/>
</kw>
<kw name="Click Element" library="SeleniumLibrary">
<arg>css=a.btn.btn-link</arg>
<doc>Click the element identified by ``locator``.</doc>
<msg timestamp="20230612 01:13:53.957" level="INFO">Clicking element 'css=a.btn.btn-link'.</msg>
<status status="PASS" starttime="20230612 01:13:53.956" endtime="20230612 01:13:54.049"/>
</kw>
<status status="PASS" starttime="20230612 01:13:53.949" endtime="20230612 01:13:54.049"/>
</kw>
<kw name="And I fill in the signup fields with valid data" library="test_keywords_signup">
<kw name="Name" library="FakerLibrary">
<var>${name}</var>
<doc>:example 'John Doe'</doc>
<msg timestamp="20230612 01:13:54.051" level="INFO">${name} = Leslie Greene</msg>
<status status="PASS" starttime="20230612 01:13:54.050" endtime="20230612 01:13:54.051"/>
</kw>
<kw name="Email" library="FakerLibrary">
<var>${email}</var>
<msg timestamp="20230612 01:13:54.051" level="INFO">${email} = xsmith@example.com</msg>
<status status="PASS" starttime="20230612 01:13:54.051" endtime="20230612 01:13:54.051"/>
</kw>
<kw name="Password" library="FakerLibrary">
<var>${password}</var>
<arg>length=12</arg>
<arg>special_chars=False</arg>
<doc>Generate a random password of the specified ``length``.</doc>
<msg timestamp="20230612 01:13:54.052" level="INFO">${password} = JgSQTzf6I0JX</msg>
<status status="PASS" starttime="20230612 01:13:54.051" endtime="20230612 01:13:54.052"/>
</kw>
<kw name="Input Text" library="SeleniumLibrary">
<arg>id:nome</arg>
<arg>${name}</arg>
<doc>Types the given ``text`` into the text field identified by ``locator``.</doc>
<msg timestamp="20230612 01:13:54.052" level="INFO">Typing text 'Leslie Greene' into text field 'id:nome'.</msg>
<status status="PASS" starttime="20230612 01:13:54.052" endtime="20230612 01:13:54.187"/>
</kw>
<kw name="Input Text" library="SeleniumLibrary">
<arg>id:email</arg>
<arg>${email}</arg>
<doc>Types the given ``text`` into the text field identified by ``locator``.</doc>
<msg timestamp="20230612 01:13:54.188" level="INFO">Typing text 'xsmith@example.com' into text field 'id:email'.</msg>
<status status="PASS" starttime="20230612 01:13:54.188" endtime="20230612 01:13:54.300"/>
</kw>
<kw name="Input Text" library="SeleniumLibrary">
<arg>id:password</arg>
<arg>${password}</arg>
<doc>Types the given ``text`` into the text field identified by ``locator``.</doc>
<msg timestamp="20230612 01:13:54.301" level="INFO">Typing text 'JgSQTzf6I0JX' into text field 'id:password'.</msg>
<status status="PASS" starttime="20230612 01:13:54.300" endtime="20230612 01:13:54.402"/>
</kw>
<kw name="Select Checkbox" library="SeleniumLibrary">
<arg>id=administrador</arg>
<doc>Selects the checkbox identified by ``locator``.</doc>
<msg timestamp="20230612 01:13:54.403" level="INFO">Selecting checkbox 'id=administrador'.</msg>
<status status="PASS" starttime="20230612 01:13:54.402" endtime="20230612 01:13:54.487"/>
</kw>
<kw name="Set Suite Variable" library="BuiltIn">
<arg>${name}</arg>
<doc>Makes a variable available everywhere within the scope of the current suite.</doc>
<msg timestamp="20230612 01:13:54.488" level="INFO">${name} = Leslie Greene</msg>
<status status="PASS" starttime="20230612 01:13:54.487" endtime="20230612 01:13:54.488"/>
</kw>
<kw name="Set Suite Variable" library="BuiltIn">
<arg>${email}</arg>
<doc>Makes a variable available everywhere within the scope of the current suite.</doc>
<msg timestamp="20230612 01:13:54.488" level="INFO">${email} = xsmith@example.com</msg>
<status status="PASS" starttime="20230612 01:13:54.488" endtime="20230612 01:13:54.488"/>
</kw>
<kw name="Set Suite Variable" library="BuiltIn">
<arg>${password}</arg>
<doc>Makes a variable available everywhere within the scope of the current suite.</doc>
<msg timestamp="20230612 01:13:54.489" level="INFO">${password} = JgSQTzf6I0JX</msg>
<status status="PASS" starttime="20230612 01:13:54.489" endtime="20230612 01:13:54.489"/>
</kw>
<status status="PASS" starttime="20230612 01:13:54.049" endtime="20230612 01:13:54.489"/>
</kw>
<kw name="When I click in signup" library="test_keywords_signup">
<kw name="Click Button" library="SeleniumLibrary">
<arg>css=.btn.btn-primary</arg>
<doc>Clicks the button identified by ``locator``.</doc>
<msg timestamp="20230612 01:13:54.490" level="INFO">Clicking button 'css=.btn.btn-primary'.</msg>
<status status="PASS" starttime="20230612 01:13:54.489" endtime="20230612 01:13:54.558"/>
</kw>
<status status="PASS" starttime="20230612 01:13:54.489" endtime="20230612 01:13:54.558"/>
</kw>
<kw name="Then the page should contain the text &quot;Cadastro realizado com sucesso&quot;" library="test_keywords_signup" sourcename="Then the page should contain the text &quot;${expected_text}&quot;">
<kw name="Wait Until Element Is Visible" library="SeleniumLibrary">
<arg>css=.alert-dismissible</arg>
<arg>timeout=10s</arg>
<doc>Waits until the element ``locator`` is visible.</doc>
<status status="PASS" starttime="20230612 01:13:54.558" endtime="20230612 01:13:54.797"/>
</kw>
<kw name="Element Should Be Visible" library="SeleniumLibrary">
<arg>css=.alert-dismissible</arg>
<doc>Verifies that the element identified by ``locator`` is visible.</doc>
<msg timestamp="20230612 01:13:54.817" level="INFO">Element 'css=.alert-dismissible' is displayed.</msg>
<status status="PASS" starttime="20230612 01:13:54.797" endtime="20230612 01:13:54.817"/>
</kw>
<kw name="Page Should Contain" library="SeleniumLibrary">
<arg>${expected_text}</arg>
<doc>Verifies that current page contains ``text``.</doc>
<msg timestamp="20230612 01:13:54.832" level="INFO">Current page contains text 'Cadastro realizado com sucesso'.</msg>
<status status="PASS" starttime="20230612 01:13:54.818" endtime="20230612 01:13:54.832"/>
</kw>
<status status="PASS" starttime="20230612 01:13:54.558" endtime="20230612 01:13:54.832"/>
</kw>
<kw name="After Tests" library="test_keywords_common" type="TEARDOWN">
<kw name="Close Browser" library="SeleniumLibrary">
<doc>Closes the current browser.</doc>
<status status="PASS" starttime="20230612 01:13:54.833" endtime="20230612 01:13:54.887"/>
</kw>
<status status="PASS" starttime="20230612 01:13:54.832" endtime="20230612 01:13:54.888"/>
</kw>
<tag>e2e</tag>
<status status="PASS" starttime="20230612 01:13:52.719" endtime="20230612 01:13:54.888"/>
</test>
<test id="s1-s2-s1-t3" name="Scenario: Signup with already used email" line="23">
<kw name="Before Tests" library="test_keywords_common" type="SETUP">
<kw name="Open Browser" library="SeleniumLibrary">
<arg>${SERVER_BASE_URL}</arg>
<arg>${HEADLESS} ${BROWSER}</arg>
<doc>Opens a new browser instance to the optional ``url``.</doc>
<msg timestamp="20230612 01:13:54.890" level="INFO">Opening browser 'headless Chrome' to base url 'https://front.serverest.dev/'.</msg>
<status status="PASS" starttime="20230612 01:13:54.890" endtime="20230612 01:13:55.939"/>
</kw>
<kw name="Maximize Browser Window" library="SeleniumLibrary">
<doc>Maximizes current browser window.</doc>
<status status="PASS" starttime="20230612 01:13:55.940" endtime="20230612 01:13:56.049"/>
</kw>
<status status="PASS" starttime="20230612 01:13:54.889" endtime="20230612 01:13:56.049"/>
</kw>
<kw name="Given Im on the signup page" library="test_keywords_signup">
<kw name="Location Should Be" library="SeleniumLibrary">
<arg>https://front.serverest.dev/login</arg>
<doc>Verifies that the current URL is exactly ``url``.</doc>
<msg timestamp="20230612 01:13:56.056" level="INFO">Current location is 'https://front.serverest.dev/login'.</msg>
<status status="PASS" starttime="20230612 01:13:56.051" endtime="20230612 01:13:56.056"/>
</kw>
<kw name="Click Element" library="SeleniumLibrary">
<arg>css=a.btn.btn-link</arg>
<doc>Click the element identified by ``locator``.</doc>
<msg timestamp="20230612 01:13:56.057" level="INFO">Clicking element 'css=a.btn.btn-link'.</msg>
<status status="PASS" starttime="20230612 01:13:56.056" endtime="20230612 01:13:56.146"/>
</kw>
<status status="PASS" starttime="20230612 01:13:56.050" endtime="20230612 01:13:56.146"/>
</kw>
<kw name="And I fill in the signup fields with an email already registered" library="test_keywords_signup">
<kw name="Input Text" library="SeleniumLibrary">
<arg>id:nome</arg>
<arg>${name}</arg>
<doc>Types the given ``text`` into the text field identified by ``locator``.</doc>
<msg timestamp="20230612 01:13:56.147" level="INFO">Typing text 'Leslie Greene' into text field 'id:nome'.</msg>
<status status="PASS" starttime="20230612 01:13:56.147" endtime="20230612 01:13:56.282"/>
</kw>
<kw name="Input Text" library="SeleniumLibrary">
<arg>id:email</arg>
<arg>${email}</arg>
<doc>Types the given ``text`` into the text field identified by ``locator``.</doc>
<msg timestamp="20230612 01:13:56.283" level="INFO">Typing text 'xsmith@example.com' into text field 'id:email'.</msg>
<status status="PASS" starttime="20230612 01:13:56.283" endtime="20230612 01:13:56.392"/>
</kw>
<kw name="Input Text" library="SeleniumLibrary">
<arg>id:password</arg>
<arg>${password}</arg>
<doc>Types the given ``text`` into the text field identified by ``locator``.</doc>
<msg timestamp="20230612 01:13:56.393" level="INFO">Typing text 'JgSQTzf6I0JX' into text field 'id:password'.</msg>
<status status="PASS" starttime="20230612 01:13:56.392" endtime="20230612 01:13:56.487"/>
</kw>
<kw name="Select Checkbox" library="SeleniumLibrary">
<arg>id=administrador</arg>
<doc>Selects the checkbox identified by ``locator``.</doc>
<msg timestamp="20230612 01:13:56.488" level="INFO">Selecting checkbox 'id=administrador'.</msg>
<status status="PASS" starttime="20230612 01:13:56.487" endtime="20230612 01:13:56.568"/>
</kw>
<status status="PASS" starttime="20230612 01:13:56.146" endtime="20230612 01:13:56.568"/>
</kw>
<kw name="When I click in signup" library="test_keywords_signup">
<kw name="Click Button" library="SeleniumLibrary">
<arg>css=.btn.btn-primary</arg>
<doc>Clicks the button identified by ``locator``.</doc>
<msg timestamp="20230612 01:13:56.569" level="INFO">Clicking button 'css=.btn.btn-primary'.</msg>
<status status="PASS" starttime="20230612 01:13:56.568" endtime="20230612 01:13:56.632"/>
</kw>
<status status="PASS" starttime="20230612 01:13:56.568" endtime="20230612 01:13:56.633"/>
</kw>
<kw name="Then the page should contain the text &quot;Este email já está sendo usado&quot;" library="test_keywords_signup" sourcename="Then the page should contain the text &quot;${expected_text}&quot;">
<kw name="Wait Until Element Is Visible" library="SeleniumLibrary">
<arg>css=.alert-dismissible</arg>
<arg>timeout=10s</arg>
<doc>Waits until the element ``locator`` is visible.</doc>
<status status="PASS" starttime="20230612 01:13:56.633" endtime="20230612 01:13:56.869"/>
</kw>
<kw name="Element Should Be Visible" library="SeleniumLibrary">
<arg>css=.alert-dismissible</arg>
<doc>Verifies that the element identified by ``locator`` is visible.</doc>
<msg timestamp="20230612 01:13:56.888" level="INFO">Element 'css=.alert-dismissible' is displayed.</msg>
<status status="PASS" starttime="20230612 01:13:56.869" endtime="20230612 01:13:56.888"/>
</kw>
<kw name="Page Should Contain" library="SeleniumLibrary">
<arg>${expected_text}</arg>
<doc>Verifies that current page contains ``text``.</doc>
<msg timestamp="20230612 01:13:56.903" level="INFO">Current page contains text 'Este email já está sendo usado'.</msg>
<status status="PASS" starttime="20230612 01:13:56.888" endtime="20230612 01:13:56.903"/>
</kw>
<status status="PASS" starttime="20230612 01:13:56.633" endtime="20230612 01:13:56.903"/>
</kw>
<kw name="After Tests" library="test_keywords_common" type="TEARDOWN">
<kw name="Close Browser" library="SeleniumLibrary">
<doc>Closes the current browser.</doc>
<status status="PASS" starttime="20230612 01:13:56.904" endtime="20230612 01:13:57.958"/>
</kw>
<status status="PASS" starttime="20230612 01:13:56.903" endtime="20230612 01:13:57.959"/>
</kw>
<tag>e2e</tag>
<status status="PASS" starttime="20230612 01:13:54.889" endtime="20230612 01:13:57.959"/>
</test>
<status status="PASS" starttime="20230612 01:13:49.971" endtime="20230612 01:13:57.960"/>
</suite>
<status status="PASS" starttime="20230612 01:13:49.969" endtime="20230612 01:13:57.962"/>
</suite>
<status status="PASS" starttime="20230612 01:13:48.764" endtime="20230612 01:13:57.963"/>
</suite>
<statistics>
<total>
<stat pass="8" fail="0" skip="0">All Tests</stat>
</total>
<tag>
<stat pass="5" fail="0" skip="0">api</stat>
<stat pass="3" fail="0" skip="0">e2e</stat>
</tag>
<suite>
<stat pass="8" fail="0" skip="0" id="s1" name="Tests">Tests</stat>
<stat pass="5" fail="0" skip="0" id="s1-s1" name="Api">Tests.Api</stat>
<stat pass="5" fail="0" skip="0" id="s1-s1-s1" name="Test Api Users">Tests.Api.Test Api Users</stat>
<stat pass="3" fail="0" skip="0" id="s1-s2" name="E2E">Tests.E2E</stat>
<stat pass="3" fail="0" skip="0" id="s1-s2-s1" name="Test Ui Signup">Tests.E2E.Test Ui Signup</stat>
</suite>
</statistics>
<errors>
</errors>
</robot>
