<?xml version="1.0" encoding="UTF-8"?>
<robot generator="Robot 6.0.2 (Python 3.8.16 on linux)" generated="20230609 19:07:55.427" rpa="false" schemaversion="3">
<suite id="s1" name="Tests" source="/home/runner/work/gen-ai-robot-test/gen-ai-robot-test/tests">
<suite id="s1-s1" name="Api" source="/home/runner/work/gen-ai-robot-test/gen-ai-robot-test/tests/api">
<suite id="s1-s1-s1" name="Test Api Users" source="/home/runner/work/gen-ai-robot-test/gen-ai-robot-test/tests/api/test_api_users.robot">
<test id="s1-s1-s1-t1" name="Scenario: Get all registered users" line="9">
<kw name="Before Tests" library="test_keywords_common" type="SETUP">
<kw name="Create Session" library="RequestsLibrary">
<arg>serverest</arg>
<arg>${SERVER_BASE_URL}</arg>
<arg>disable_warnings=True</arg>
<doc>Create Session: create a HTTP session to a server</doc>
<msg timestamp="20230609 19:07:55.911" level="INFO">Creating Session using : alias=serverest, url=https://serverest.dev, headers={},                     cookies={}, auth=None, timeout=None, proxies=None, verify=False,                     debug=0 </msg>
<status status="PASS" starttime="20230609 19:07:55.911" endtime="20230609 19:07:55.912"/>
</kw>
<status status="PASS" starttime="20230609 19:07:55.911" endtime="20230609 19:07:55.912"/>
</kw>
<kw name="When I request the list of all registered users" library="test_keywords_users">
<kw name="GET On Session" library="RequestsLibrary">
<var>${response}</var>
<arg>serverest</arg>
<arg>${USERS_API_ENDPOINT}</arg>
<doc>Sends a GET request on a previously created HTTP Session.</doc>
<msg timestamp="20230609 19:07:56.057" level="INFO">GET Request : url=https://serverest.dev/usuarios 
 path_url=/usuarios 
 headers={'User-Agent': 'python-requests/2.31.0', 'Accept-Encoding': 'gzip, deflate', 'Accept': '*/*', 'Connection': 'keep-alive'} 
 body=None 
 </msg>
<msg timestamp="20230609 19:07:56.057" level="INFO">GET Response : url=https://serverest.dev/usuarios 
 status=200, reason=OK 
 headers={'access-control-allow-origin': '*', 'x-dns-prefetch-control': 'off', 'x-frame-options': 'SAMEORIGIN', 'strict-transport-security': 'max-age=15552000; includeSubDomains', 'x-download-options': 'noopen', 'x-content-type-options': 'nosniff', 'x-xss-protection': '1; mode=block', 'x-moesif-transaction-id': '08bc5c6a-0bb8-42e7-8dd4-9c22189c777f', 'content-type': 'application/json; charset=utf-8', 'X-Cloud-Trace-Context': '38f450dc3d1e92fab231b27987e79fb2;o=1', 'Date': 'Fri, 09 Jun 2023 19:07:56 GMT', 'Server': 'Google Frontend', 'Content-Length': '40269'} 
 body={
    "quantidade": 184,
    "usuarios": [
        {
            "nome": "Fulano da Silva",
            "email": "ttdq@emailteste.com",
            "password": "1234",
            "administrador": "true",
            "_id": "02DQkHSzXSqpcIka"
        },
        {
            "nome": "Fulano da Silva",
            "email": "beltrano55@qa.com.br",
            "password": "teste",
            "administrador": "true",
            "_id": "0F1dhHbEeX2mrwft"
        },
        {
            "nome": "Drew Gerhold",
            "email": "almamosciski@test.com",
            "password": "9rJt1UcYQcnYJ7S",
            "administrador": "true",
            "_id": "0bnETEAn1Bj6PNeB"
        },
        {
            "nome": "Fulano da Silva",
            "email": "tlji@emailteste.com",
            "password": "1234",
            "administrador": "true",
            "_id": "0v9qTX5aeOtCF1sZ"
        },
        {
            "nome": "Christie Murazik",
            "email": "Eleazar.Hand25@yahoo.com",
            "password": "RZu8J4l1RolHVA9",
            "administrador": "true",
            "_id": "0zJJLyoiAC4LDuvK"
        },
        {
            "nome": "Fulano da Silva",
            "email": "beltr23123213ano@qa.com.br",
            "password": "te21312321321321321321312312",
            "administrador": "true",
            "_id": "19qYwOl1yhTmb9BG"
        },
        {
            "nome": "Tanya Larson",
            "email": "Evelyn.Greenholt-Farrell45@gmail.com",
            "password": "xhsyXupps0dhUhd",
            "administrador": "true",
            "_id": "1roUnulKv3v1koBe"
        },
        {
            "nome": "Cristiano Mothe",
            "email": "todd42@example.com",
            "password": "Abc@123",
            "administrador": "true",
            "_id": "1sgIbfnuiyiNZqrg"
        },
        {
            "nome": "Antonio Funk III",
            "email": "Dan1@hotmail.com",
            "password": "DRpPX1z2ZECGMOi",
            "administrador": "true",
            "_id": "24Gamt7XRlANtwIj"
        },
        {
            "nome": "Weber 40",
            "email": "wsdesgtbvxyers1235w@mail.com",
            "password": "teste",
            "administrador": "true",
            "_id": "3IrhmbechR9pI7eS"
        },
        {
            "nome": "Alfred Jaskolski",
            "email": "Marquise37@gmail.com",
            "password": "nqaFgugOOBVDLgZ",
            "administrador": "false",
            "_id": "3jE9j1N3PRSGSKXE"
        },
        {
            "nome": "Fulano da Silva",
            "email": "umzg@emailteste.com",
            "password": "1234",
            "administrador": "true",
            "_id": "3pmr3d11mOjXcw48"
        },
        {
            "nome": "Tyler Oberbrunner",
            "email": "Ralph.Kuhic77@gmail.com",
            "password": "jtnofzT612n3Xwf",
            "administrador": "true",
            "_id": "3qdUSEh1LherGOxK"
        },
        {
            "nome": "Candice Zieme",
            "email": "Karelle.Davis33@hotmail.com",
            "password": "6gFuBILhb53G5Dd",
            "administrador": "true",
            "_id": "3v0ICd9RA3lOxu95"
        },
        {
            "nome": "Fulano da Silva",
            "email": "wecr@emailteste.com",
            "password": "1234",
            "administrador": "true",
            "_id": "4hcofxmM4X9ChELr"
        },
        {
            "nome": "Juanita Champlin-Barrows",
            "email": "Kristofer.Koss91@yahoo.com",
            "password": "QTFqy_lAXaVN4Or",
            "administrador": "true",
            "_id": "59WU4Oi0SqCvoAfR"
        },
        {
            "nome": "Cristiano Mothe",
            "email": "sanderson@example.net",
            "password": "123456",
            "administrador": "true",
            "_id": "5BGAG7FQWpC8XanE"
        },
        {
            "nome": "Ruty",
            "email": "rutysa@hotmail.com",
            "password": "abc123",
            "administrador": "true",
            "_id": "5NnUe3903HAV4j0X"
        },
        {
            "nome": "Olivia Jast",
            "email": "Tamara84@gmail.com",
            "password": "YHIi4p7y5BotON_",
            "administrador": "false",
            "_id": "5bh5PuewiWA7sbyL"
        },
        {
            "nome": "Dr. Genevieve Abbott",
            "email": "Thelma.Johns99@hotmail.com",
            "password": "STu4AA3MMHDAnvo",
            "administrador": "true",
            "_id": "5l70IkKnpYUhr79n"
        },
        {
            "nome": "Dr. Antonio Collins",
            "email": "Demond91@hotmail.com",
            "password": "NqGDrB7bBw9VIwF",
            "administrador": "true",
            "_id": "6TAOnbRy0UrP9Ove"
        },
        {
            "nome": "Ms. Sophie Carter",
            "email": "Alysha18@yahoo.com",
            "password": "WvUzLByxSI_c8mN",
            "administrador": "true",
            "_id": "6lJRxOuN7m67apKs"
        },
        {
            "nome": "teste",
            "email": "teste@hotmail.br",
            "password": "1",
            "administrador": "true",
            "_id": "72dcS17y72QsiCjf"
        },
        {
            "nome": "Antonia Metz",
            "email": "Frederic_Reinger74@hotmail.com",
            "password": "bnmLvoWV21UGlkH",
            "administrador": "true",
            "_id": "7Un0DB88ipdaWPMM"
        },
        {
            "nome": "Brenda Waelchi",
            "email": "Trey_Wiegand81@hotmail.com",
            "password": "nA6gyxKUUqaA26D",
            "administrador": "true",
            "_id": "8CtP2qA9OnaIAnYp"
        },
        {
            "nome": "Jacsonsm",
            "email": "whodge@example.com",
            "password": "123456",
            "administrador": "true",
            "_id": "8SvBtCnNTB4cCSCJ"
        },
        {
            "nome": "Joanne Hintz",
            "email": "Ladarius_Champlin@yahoo.com",
            "password": "y190q3go3p0VrZY",
            "administrador": "true",
            "_id": "9LxF0vW4m0Bc7Rtu"
        },
        {
            "nome": "Fulano da Silva",
            "email": "qliw@emailteste.com",
            "password": "1234",
            "administrador": "true",
            "_id": "A0XW4CgHSmYnnlUf"
        },
        {
            "nome": "Weber 40",
            "email": "wsdesgtbvxye@mail.com",
            "password": "teste",
            "administrador": "true",
            "_id": "A6qpZQHP1DLgZmVZ"
        },
        {
            "nome": "Brandon Jakubowski",
            "email": "Maritza45@hotmail.com",
            "password": "yKsneR_sw2NT8Un",
            "administrador": "true",
            "_id": "ASGTkKRr0F1f7ATG"
        },
        {
            "nome": "Margie Koch-Stehr",
            "email": "Brennon_Littel81@hotmail.com",
            "password": "fQl5qQkd6xHbYVo",
            "administrador": "false",
            "_id": "AZzE7UeEwSBdI11l"
        },
        {
            "nome": "Leslie Ondricka I",
            "email": "Jackie83@yahoo.com",
            "password": "4nyqqgA0c8nDc6A",
            "administrador": "true",
            "_id": "Ak1Wh4evPpp7z2bN"
        },
        {
            "nome": "Teste Eduardo edite",
            "email": "testeeduardo222@qa.com",
            "password": "12345789",
            "administrador": "true",
            "_id": "Axldi78KNMfO1ShP"
        },
        {
            "nome": "Christina Beer IV",
            "email": "Jacinthe1@hotmail.com",
            "password": "rY3BqzIHSdUQS5Z",
            "administrador": "true",
            "_id": "ByIp6wYmfcU36L3Z"
        },
        {
            "nome": "Bryan Reynolds",
            "email": "agreen@example.org",
            "password": "E9ClRZZvx4Th",
            "administrador": "true",
            "_id": "C7OvK06XohCWgFIU"
        },
        {
            "nome": "Kimberly Reinger",
            "email": "Maritza50@yahoo.com",
            "password": "XTsbHkKBFM45RIO",
            "administrador": "true",
            "_id": "CY9EWrxoytmjxUDJ"
        },
        {
            "nome": "Fulano da Silva",
            "email": "xgnp@emailteste.com",
            "password": "1234",
            "administrador": "true",
            "_id": "Cbr6oAFoAWyLzhhX"
        },
        {
            "nome": "Weber 40",
            "email": "wsdesgtbvxyer@mail.com",
            "password": "teste",
            "administrador": "true",
            "_id": "D86LS7Qx6Rl3wHLu"
        },
        {
            "nome": "Evan Schmitt",
            "email": "Florida_Beier-Mitchell@hotmail.com",
            "password": "Bu0y6HVKVrADVdp",
            "administrador": "true",
            "_id": "Dc4eLDemlemniGXq"
        },
        {
            "nome": "Catherine Stark IV",
            "email": "Max97@yahoo.com",
            "password": "6_wmElvxgWu5D_r",
            "administrador": "true",
            "_id": "DjlloxVdhp1ROguN"
        },
        {
            "nome": "Cris",
            "email": "testeqa@teste.com.br",
            "password": "teste",
            "administrador": "true",
            "_id": "E0oPC5p9YIuYLekG"
        },
        {
            "nome": "oooo",
            "email": "0@email.com",
            "password": "000",
            "administrador": "true",
            "_id": "EYmjNQ4OIhVVksEl"
        },
        {
            "nome": "Ms. Tonya Shields",
            "email": "Brionna_Reilly22@yahoo.com",
            "password": "Pwk9g00GyMuU0AB",
            "administrador": "true",
            "_id": "Effb9VyPoEfW9Vxe"
        },
        {
            "nome": "Candace Swaniawski",
            "email": "Durward_Brown@hotmail.com",
            "password": "BCcvoP3EtLi8PQW",
            "administrador": "false",
            "_id": "FQD5HyjaIVhaqLTV"
        },
        {
            "nome": "Rolando Heaney",
            "email": "Keaton_Stamm@hotmail.com",
            "password": "Zke9Wn9MtK1pMAS",
            "administrador": "true",
            "_id": "G0nIzUm3mwIfVdyd"
        },
        {
            "nome": "Stacy Doyle-Carter",
      ... (set the log level to DEBUG or TRACE to see the full content) 
 </msg>
<msg timestamp="20230609 19:07:56.058" level="INFO">${response} = &lt;Response [200]&gt;</msg>
<status status="PASS" starttime="20230609 19:07:55.912" endtime="20230609 19:07:56.058"/>
</kw>
<kw name="Set Test Variable" library="BuiltIn">
<arg>${response}</arg>
<doc>Makes a variable available everywhere within the scope of the current test.</doc>
<msg timestamp="20230609 19:07:56.058" level="INFO">${response} = &lt;Response [200]&gt;</msg>
<status status="PASS" starttime="20230609 19:07:56.058" endtime="20230609 19:07:56.058"/>
</kw>
<status status="PASS" starttime="20230609 19:07:55.912" endtime="20230609 19:07:56.058"/>
</kw>
<kw name="Then the response status code should be 200" library="test_keywords_users" sourcename="Then the response status code should be ${status_code}">
<kw name="Should Be Equal As Numbers" library="BuiltIn">
<arg>${response.status_code}</arg>
<arg>${status_code}</arg>
<doc>Fails if objects are unequal after converting them to real numbers.</doc>
<msg timestamp="20230609 19:07:56.060" level="INFO">Argument types are:
&lt;class 'int'&gt;
&lt;class 'str'&gt;</msg>
<status status="PASS" starttime="20230609 19:07:56.059" endtime="20230609 19:07:56.060"/>
</kw>
<kw name="Should Be True" library="BuiltIn">
<arg>${response.json()}</arg>
<doc>Fails if the given condition is not true.</doc>
<status status="PASS" starttime="20230609 19:07:56.060" endtime="20230609 19:07:56.061"/>
</kw>
<status status="PASS" starttime="20230609 19:07:56.059" endtime="20230609 19:07:56.061"/>
</kw>
<kw name="And the response body should not be empty" library="test_keywords_users">
<kw name="Should Not Be Empty" library="BuiltIn">
<arg>${response.json()}</arg>
<doc>Verifies that the given item is not empty.</doc>
<msg timestamp="20230609 19:07:56.062" level="INFO">Length is 2</msg>
<status status="PASS" starttime="20230609 19:07:56.061" endtime="20230609 19:07:56.062"/>
</kw>
<status status="PASS" starttime="20230609 19:07:56.061" endtime="20230609 19:07:56.062"/>
</kw>
<tag>api</tag>
<status status="PASS" starttime="20230609 19:07:55.910" endtime="20230609 19:07:56.063"/>
</test>
<test id="s1-s1-s1-t2" name="Scenario: Create a new user" line="15">
<kw name="Before Tests" library="test_keywords_common" type="SETUP">
<kw name="Create Session" library="RequestsLibrary">
<arg>serverest</arg>
<arg>${SERVER_BASE_URL}</arg>
<arg>disable_warnings=True</arg>
<doc>Create Session: create a HTTP session to a server</doc>
<msg timestamp="20230609 19:07:56.064" level="INFO">Creating Session using : alias=serverest, url=https://serverest.dev, headers={},                     cookies={}, auth=None, timeout=None, proxies=None, verify=False,                     debug=0 </msg>
<status status="PASS" starttime="20230609 19:07:56.064" endtime="20230609 19:07:56.064"/>
</kw>
<status status="PASS" starttime="20230609 19:07:56.063" endtime="20230609 19:07:56.064"/>
</kw>
<kw name="Given I have a valid user data" library="test_keywords_users">
<kw name="Name" library="FakerLibrary">
<var>${name}</var>
<doc>:example 'John Doe'</doc>
<msg timestamp="20230609 19:07:56.065" level="INFO">${name} = Matthew Copeland</msg>
<status status="PASS" starttime="20230609 19:07:56.065" endtime="20230609 19:07:56.065"/>
</kw>
<kw name="Email" library="FakerLibrary">
<var>${email}</var>
<msg timestamp="20230609 19:07:56.066" level="INFO">${email} = daniel64@example.org</msg>
<status status="PASS" starttime="20230609 19:07:56.065" endtime="20230609 19:07:56.066"/>
</kw>
<kw name="Password" library="FakerLibrary">
<var>${password}</var>
<arg>length=12</arg>
<arg>special_chars=False</arg>
<doc>Generate a random password of the specified ``length``.</doc>
<msg timestamp="20230609 19:07:56.066" level="INFO">${password} = Ubfbywqg3UvY</msg>
<status status="PASS" starttime="20230609 19:07:56.066" endtime="20230609 19:07:56.066"/>
</kw>
<kw name="Set Suite Variable" library="BuiltIn">
<arg>${name}</arg>
<doc>Makes a variable available everywhere within the scope of the current suite.</doc>
<msg timestamp="20230609 19:07:56.067" level="INFO">${name} = Matthew Copeland</msg>
<status status="PASS" starttime="20230609 19:07:56.067" endtime="20230609 19:07:56.067"/>
</kw>
<kw name="Set Suite Variable" library="BuiltIn">
<arg>${email}</arg>
<doc>Makes a variable available everywhere within the scope of the current suite.</doc>
<msg timestamp="20230609 19:07:56.067" level="INFO">${email} = daniel64@example.org</msg>
<status status="PASS" starttime="20230609 19:07:56.067" endtime="20230609 19:07:56.067"/>
</kw>
<kw name="Set Suite Variable" library="BuiltIn">
<arg>${password}</arg>
<doc>Makes a variable available everywhere within the scope of the current suite.</doc>
<msg timestamp="20230609 19:07:56.068" level="INFO">${password} = Ubfbywqg3UvY</msg>
<status status="PASS" starttime="20230609 19:07:56.067" endtime="20230609 19:07:56.068"/>
</kw>
<status status="PASS" starttime="20230609 19:07:56.065" endtime="20230609 19:07:56.068"/>
</kw>
<kw name="When I create the user" library="test_keywords_users">
<kw name="Create Dictionary" library="BuiltIn">
<var>${payload}</var>
<arg>nome=${name}</arg>
<arg>email=${email}</arg>
<arg>password=${password}</arg>
<arg>administrador=false</arg>
<doc>Creates and returns a dictionary based on the given ``items``.</doc>
<msg timestamp="20230609 19:07:56.069" level="INFO">${payload} = {'nome': 'Matthew Copeland', 'email': 'daniel64@example.org', 'password': 'Ubfbywqg3UvY', 'administrador': 'false'}</msg>
<status status="PASS" starttime="20230609 19:07:56.068" endtime="20230609 19:07:56.069"/>
</kw>
<kw name="Create Dictionary" library="BuiltIn">
<var>${headers}</var>
<arg>Content-Type=application/json</arg>
<doc>Creates and returns a dictionary based on the given ``items``.</doc>
<msg timestamp="20230609 19:07:56.069" level="INFO">${headers} = {'Content-Type': 'application/json'}</msg>
<status status="PASS" starttime="20230609 19:07:56.069" endtime="20230609 19:07:56.069"/>
</kw>
<kw name="POST On Session" library="RequestsLibrary">
<var>${response}</var>
<arg>serverest</arg>
<arg>${USERS_API_ENDPOINT}</arg>
<arg>json=${payload}</arg>
<arg>headers=${headers}</arg>
<doc>Sends a POST request on a previously created HTTP Session.</doc>
<msg timestamp="20230609 19:07:56.133" level="INFO">POST Request : url=https://serverest.dev/usuarios 
 path_url=/usuarios 
 headers={'User-Agent': 'python-requests/2.31.0', 'Accept-Encoding': 'gzip, deflate', 'Accept': '*/*', 'Connection': 'keep-alive', 'Content-Type': 'application/json', 'Content-Length': '115'} 
 body=b'{"nome": "Matthew Copeland", "email": "daniel64@example.org", "password": "Ubfbywqg3UvY", "administrador": "false"}' 
 </msg>
<msg timestamp="20230609 19:07:56.133" level="INFO">POST Response : url=https://serverest.dev/usuarios 
 status=201, reason=Created 
 headers={'access-control-allow-origin': '*', 'x-dns-prefetch-control': 'off', 'x-frame-options': 'SAMEORIGIN', 'strict-transport-security': 'max-age=15552000; includeSubDomains', 'x-download-options': 'noopen', 'x-content-type-options': 'nosniff', 'x-xss-protection': '1; mode=block', 'x-moesif-transaction-id': '21dfe781-4448-47b5-b748-fa9742a20e82', 'content-type': 'application/json; charset=utf-8', 'X-Cloud-Trace-Context': '897aa6595d35f4bbd87227aa796854dc', 'Date': 'Fri, 09 Jun 2023 19:07:56 GMT', 'Server': 'Google Frontend', 'Content-Length': '82'} 
 body={
    "message": "Cadastro realizado com sucesso",
    "_id": "RXXfMjzvx1Q8VASV"
} 
 </msg>
<msg timestamp="20230609 19:07:56.133" level="INFO">${response} = &lt;Response [201]&gt;</msg>
<status status="PASS" starttime="20230609 19:07:56.069" endtime="20230609 19:07:56.133"/>
</kw>
<kw name="Set Variable" library="BuiltIn">
<var>${user_id}</var>
<arg>${response.json()['_id']}</arg>
<doc>Returns the given values which can then be assigned to a variables.</doc>
<msg timestamp="20230609 19:07:56.135" level="INFO">${user_id} = RXXfMjzvx1Q8VASV</msg>
<status status="PASS" starttime="20230609 19:07:56.134" endtime="20230609 19:07:56.135"/>
</kw>
<kw name="Set Global Variable" library="BuiltIn">
<arg>${USER_ID}</arg>
<arg>${user_id}</arg>
<doc>Makes a variable available globally in all tests and suites.</doc>
<msg timestamp="20230609 19:07:56.135" level="INFO">${USER_ID} = RXXfMjzvx1Q8VASV</msg>
<status status="PASS" starttime="20230609 19:07:56.135" endtime="20230609 19:07:56.135"/>
</kw>
<kw name="Set Test Variable" library="BuiltIn">
<arg>${response}</arg>
<doc>Makes a variable available everywhere within the scope of the current test.</doc>
<msg timestamp="20230609 19:07:56.136" level="INFO">${response} = &lt;Response [201]&gt;</msg>
<status status="PASS" starttime="20230609 19:07:56.135" endtime="20230609 19:07:56.136"/>
</kw>
<status status="PASS" starttime="20230609 19:07:56.068" endtime="20230609 19:07:56.136"/>
</kw>
<kw name="Then the response status code should be 201" library="test_keywords_users" sourcename="Then the response status code should be ${status_code}">
<kw name="Should Be Equal As Numbers" library="BuiltIn">
<arg>${response.status_code}</arg>
<arg>${status_code}</arg>
<doc>Fails if objects are unequal after converting them to real numbers.</doc>
<msg timestamp="20230609 19:07:56.137" level="INFO">Argument types are:
&lt;class 'int'&gt;
&lt;class 'str'&gt;</msg>
<status status="PASS" starttime="20230609 19:07:56.136" endtime="20230609 19:07:56.137"/>
</kw>
<kw name="Should Be True" library="BuiltIn">
<arg>${response.json()}</arg>
<doc>Fails if the given condition is not true.</doc>
<status status="PASS" starttime="20230609 19:07:56.137" endtime="20230609 19:07:56.138"/>
</kw>
<status status="PASS" starttime="20230609 19:07:56.136" endtime="20230609 19:07:56.138"/>
</kw>
<kw name="And the response body should not be empty" library="test_keywords_users">
<kw name="Should Not Be Empty" library="BuiltIn">
<arg>${response.json()}</arg>
<doc>Verifies that the given item is not empty.</doc>
<msg timestamp="20230609 19:07:56.139" level="INFO">Length is 2</msg>
<status status="PASS" starttime="20230609 19:07:56.138" endtime="20230609 19:07:56.139"/>
</kw>
<status status="PASS" starttime="20230609 19:07:56.138" endtime="20230609 19:07:56.139"/>
</kw>
<tag>api</tag>
<status status="PASS" starttime="20230609 19:07:56.063" endtime="20230609 19:07:56.139"/>
</test>
<test id="s1-s1-s1-t3" name="Scenario: Get a specific user informations" line="22">
<kw name="Before Tests" library="test_keywords_common" type="SETUP">
<kw name="Create Session" library="RequestsLibrary">
<arg>serverest</arg>
<arg>${SERVER_BASE_URL}</arg>
<arg>disable_warnings=True</arg>
<doc>Create Session: create a HTTP session to a server</doc>
<msg timestamp="20230609 19:07:56.140" level="INFO">Creating Session using : alias=serverest, url=https://serverest.dev, headers={},                     cookies={}, auth=None, timeout=None, proxies=None, verify=False,                     debug=0 </msg>
<status status="PASS" starttime="20230609 19:07:56.140" endtime="20230609 19:07:56.141"/>
</kw>
<status status="PASS" starttime="20230609 19:07:56.140" endtime="20230609 19:07:56.141"/>
</kw>
<kw name="When I request the created user" library="test_keywords_users">
<kw name="GET On Session" library="RequestsLibrary">
<var>${response}</var>
<arg>serverest</arg>
<arg>${USERS_API_ENDPOINT}/${USER_ID}</arg>
<doc>Sends a GET request on a previously created HTTP Session.</doc>
<msg timestamp="20230609 19:07:56.208" level="INFO">GET Request : url=https://serverest.dev/usuarios/RXXfMjzvx1Q8VASV 
 path_url=/usuarios/RXXfMjzvx1Q8VASV 
 headers={'User-Agent': 'python-requests/2.31.0', 'Accept-Encoding': 'gzip, deflate', 'Accept': '*/*', 'Connection': 'keep-alive'} 
 body=None 
 </msg>
<msg timestamp="20230609 19:07:56.208" level="INFO">GET Response : url=https://serverest.dev/usuarios/RXXfMjzvx1Q8VASV 
 status=200, reason=OK 
 headers={'access-control-allow-origin': '*', 'x-dns-prefetch-control': 'off', 'x-frame-options': 'SAMEORIGIN', 'strict-transport-security': 'max-age=15552000; includeSubDomains', 'x-download-options': 'noopen', 'x-content-type-options': 'nosniff', 'x-xss-protection': '1; mode=block', 'x-moesif-transaction-id': 'd06afb5e-2531-47dc-81da-c327e5874b08', 'content-type': 'application/json; charset=utf-8', 'X-Cloud-Trace-Context': '33d8ad082b6a8fbec95d549926fcb16c', 'Date': 'Fri, 09 Jun 2023 19:07:56 GMT', 'Server': 'Google Frontend', 'Content-Length': '164'} 
 body={
    "nome": "Matthew Copeland",
    "email": "daniel64@example.org",
    "password": "Ubfbywqg3UvY",
    "administrador": "false",
    "_id": "RXXfMjzvx1Q8VASV"
} 
 </msg>
<msg timestamp="20230609 19:07:56.209" level="INFO">${response} = &lt;Response [200]&gt;</msg>
<status status="PASS" starttime="20230609 19:07:56.141" endtime="20230609 19:07:56.209"/>
</kw>
<kw name="Set Test Variable" library="BuiltIn">
<arg>${response}</arg>
<doc>Makes a variable available everywhere within the scope of the current test.</doc>
<msg timestamp="20230609 19:07:56.209" level="INFO">${response} = &lt;Response [200]&gt;</msg>
<status status="PASS" starttime="20230609 19:07:56.209" endtime="20230609 19:07:56.209"/>
</kw>
<status status="PASS" starttime="20230609 19:07:56.141" endtime="20230609 19:07:56.209"/>
</kw>
<kw name="Then the response status code should be 200" library="test_keywords_users" sourcename="Then the response status code should be ${status_code}">
<kw name="Should Be Equal As Numbers" library="BuiltIn">
<arg>${response.status_code}</arg>
<arg>${status_code}</arg>
<doc>Fails if objects are unequal after converting them to real numbers.</doc>
<msg timestamp="20230609 19:07:56.210" level="INFO">Argument types are:
&lt;class 'int'&gt;
&lt;class 'str'&gt;</msg>
<status status="PASS" starttime="20230609 19:07:56.210" endtime="20230609 19:07:56.211"/>
</kw>
<kw name="Should Be True" library="BuiltIn">
<arg>${response.json()}</arg>
<doc>Fails if the given condition is not true.</doc>
<status status="PASS" starttime="20230609 19:07:56.211" endtime="20230609 19:07:56.211"/>
</kw>
<status status="PASS" starttime="20230609 19:07:56.209" endtime="20230609 19:07:56.211"/>
</kw>
<kw name="And the response body should not be empty" library="test_keywords_users">
<kw name="Should Not Be Empty" library="BuiltIn">
<arg>${response.json()}</arg>
<doc>Verifies that the given item is not empty.</doc>
<msg timestamp="20230609 19:07:56.213" level="INFO">Length is 5</msg>
<status status="PASS" starttime="20230609 19:07:56.212" endtime="20230609 19:07:56.213"/>
</kw>
<status status="PASS" starttime="20230609 19:07:56.212" endtime="20230609 19:07:56.213"/>
</kw>
<tag>api</tag>
<status status="PASS" starttime="20230609 19:07:56.139" endtime="20230609 19:07:56.213"/>
</test>
<test id="s1-s1-s1-t4" name="Scenario: Update the created user" line="28">
<kw name="Before Tests" library="test_keywords_common" type="SETUP">
<kw name="Create Session" library="RequestsLibrary">
<arg>serverest</arg>
<arg>${SERVER_BASE_URL}</arg>
<arg>disable_warnings=True</arg>
<doc>Create Session: create a HTTP session to a server</doc>
<msg timestamp="20230609 19:07:56.215" level="INFO">Creating Session using : alias=serverest, url=https://serverest.dev, headers={},                     cookies={}, auth=None, timeout=None, proxies=None, verify=False,                     debug=0 </msg>
<status status="PASS" starttime="20230609 19:07:56.214" endtime="20230609 19:07:56.215"/>
</kw>
<status status="PASS" starttime="20230609 19:07:56.214" endtime="20230609 19:07:56.215"/>
</kw>
<kw name="When I update the created user" library="test_keywords_users">
<kw name="Create Dictionary" library="BuiltIn">
<var>${payload}</var>
<arg>nome=John Smith</arg>
<arg>email=john.smith@example.com</arg>
<arg>password=P@ssw0rd123</arg>
<arg>administrador=false</arg>
<doc>Creates and returns a dictionary based on the given ``items``.</doc>
<msg timestamp="20230609 19:07:56.216" level="INFO">${payload} = {'nome': 'John Smith', 'email': 'john.smith@example.com', 'password': 'P@ssw0rd123', 'administrador': 'false'}</msg>
<status status="PASS" starttime="20230609 19:07:56.215" endtime="20230609 19:07:56.216"/>
</kw>
<kw name="Create Dictionary" library="BuiltIn">
<var>${headers}</var>
<arg>Content-Type=application/json</arg>
<doc>Creates and returns a dictionary based on the given ``items``.</doc>
<msg timestamp="20230609 19:07:56.216" level="INFO">${headers} = {'Content-Type': 'application/json'}</msg>
<status status="PASS" starttime="20230609 19:07:56.216" endtime="20230609 19:07:56.216"/>
</kw>
<kw name="PUT On Session" library="RequestsLibrary">
<var>${response}</var>
<arg>serverest</arg>
<arg>${USERS_API_ENDPOINT}/${USER_ID}</arg>
<arg>json=${payload}</arg>
<arg>headers=${headers}</arg>
<doc>Sends a PUT request on a previously created HTTP Session.</doc>
<msg timestamp="20230609 19:07:56.284" level="INFO">PUT Request : url=https://serverest.dev/usuarios/RXXfMjzvx1Q8VASV 
 path_url=/usuarios/RXXfMjzvx1Q8VASV 
 headers={'User-Agent': 'python-requests/2.31.0', 'Accept-Encoding': 'gzip, deflate', 'Accept': '*/*', 'Connection': 'keep-alive', 'Content-Type': 'application/json', 'Content-Length': '110'} 
 body=b'{"nome": "John Smith", "email": "john.smith@example.com", "password": "P@ssw0rd123", "administrador": "false"}' 
 </msg>
<msg timestamp="20230609 19:07:56.284" level="INFO">PUT Response : url=https://serverest.dev/usuarios/RXXfMjzvx1Q8VASV 
 status=200, reason=OK 
 headers={'access-control-allow-origin': '*', 'x-dns-prefetch-control': 'off', 'x-frame-options': 'SAMEORIGIN', 'strict-transport-security': 'max-age=15552000; includeSubDomains', 'x-download-options': 'noopen', 'x-content-type-options': 'nosniff', 'x-xss-protection': '1; mode=block', 'x-moesif-transaction-id': '4b22067a-1c9f-4131-b74a-cad2cf83f302', 'content-type': 'application/json; charset=utf-8', 'X-Cloud-Trace-Context': '23cb9cf5625cf85421e17bcebe47d786', 'Date': 'Fri, 09 Jun 2023 19:07:56 GMT', 'Server': 'Google Frontend', 'Content-Length': '50'} 
 body={
    "message": "Registro alterado com sucesso"
} 
 </msg>
<msg timestamp="20230609 19:07:56.284" level="INFO">${response} = &lt;Response [200]&gt;</msg>
<status status="PASS" starttime="20230609 19:07:56.216" endtime="20230609 19:07:56.285"/>
</kw>
<kw name="Set Test Variable" library="BuiltIn">
<arg>${response}</arg>
<doc>Makes a variable available everywhere within the scope of the current test.</doc>
<msg timestamp="20230609 19:07:56.285" level="INFO">${response} = &lt;Response [200]&gt;</msg>
<status status="PASS" starttime="20230609 19:07:56.285" endtime="20230609 19:07:56.285"/>
</kw>
<status status="PASS" starttime="20230609 19:07:56.215" endtime="20230609 19:07:56.285"/>
</kw>
<kw name="Then the response status code should be 200" library="test_keywords_users" sourcename="Then the response status code should be ${status_code}">
<kw name="Should Be Equal As Numbers" library="BuiltIn">
<arg>${response.status_code}</arg>
<arg>${status_code}</arg>
<doc>Fails if objects are unequal after converting them to real numbers.</doc>
<msg timestamp="20230609 19:07:56.286" level="INFO">Argument types are:
&lt;class 'int'&gt;
&lt;class 'str'&gt;</msg>
<status status="PASS" starttime="20230609 19:07:56.286" endtime="20230609 19:07:56.286"/>
</kw>
<kw name="Should Be True" library="BuiltIn">
<arg>${response.json()}</arg>
<doc>Fails if the given condition is not true.</doc>
<status status="PASS" starttime="20230609 19:07:56.287" endtime="20230609 19:07:56.287"/>
</kw>
<status status="PASS" starttime="20230609 19:07:56.285" endtime="20230609 19:07:56.287"/>
</kw>
<kw name="And the response body should not be empty" library="test_keywords_users">
<kw name="Should Not Be Empty" library="BuiltIn">
<arg>${response.json()}</arg>
<doc>Verifies that the given item is not empty.</doc>
<msg timestamp="20230609 19:07:56.288" level="INFO">Length is 1</msg>
<status status="PASS" starttime="20230609 19:07:56.288" endtime="20230609 19:07:56.288"/>
</kw>
<status status="PASS" starttime="20230609 19:07:56.287" endtime="20230609 19:07:56.288"/>
</kw>
<tag>api</tag>
<status status="PASS" starttime="20230609 19:07:56.213" endtime="20230609 19:07:56.289"/>
</test>
<test id="s1-s1-s1-t5" name="Scenario: Delete the created user" line="34">
<kw name="Before Tests" library="test_keywords_common" type="SETUP">
<kw name="Create Session" library="RequestsLibrary">
<arg>serverest</arg>
<arg>${SERVER_BASE_URL}</arg>
<arg>disable_warnings=True</arg>
<doc>Create Session: create a HTTP session to a server</doc>
<msg timestamp="20230609 19:07:56.290" level="INFO">Creating Session using : alias=serverest, url=https://serverest.dev, headers={},                     cookies={}, auth=None, timeout=None, proxies=None, verify=False,                     debug=0 </msg>
<status status="PASS" starttime="20230609 19:07:56.290" endtime="20230609 19:07:56.290"/>
</kw>
<status status="PASS" starttime="20230609 19:07:56.289" endtime="20230609 19:07:56.290"/>
</kw>
<kw name="When I delete the created user" library="test_keywords_users">
<kw name="DELETE On Session" library="RequestsLibrary">
<var>${response}</var>
<arg>serverest</arg>
<arg>${USERS_API_ENDPOINT}/${USER_ID}</arg>
<doc>Sends a DELETE request on a previously created HTTP Session.</doc>
<msg timestamp="20230609 19:07:56.355" level="INFO">DELETE Request : url=https://serverest.dev/usuarios/RXXfMjzvx1Q8VASV 
 path_url=/usuarios/RXXfMjzvx1Q8VASV 
 headers={'User-Agent': 'python-requests/2.31.0', 'Accept-Encoding': 'gzip, deflate', 'Accept': '*/*', 'Connection': 'keep-alive', 'Content-Length': '0'} 
 body=None 
 </msg>
<msg timestamp="20230609 19:07:56.356" level="INFO">DELETE Response : url=https://serverest.dev/usuarios/RXXfMjzvx1Q8VASV 
 status=200, reason=OK 
 headers={'access-control-allow-origin': '*', 'x-dns-prefetch-control': 'off', 'x-frame-options': 'SAMEORIGIN', 'strict-transport-security': 'max-age=15552000; includeSubDomains', 'x-download-options': 'noopen', 'x-content-type-options': 'nosniff', 'x-xss-protection': '1; mode=block', 'x-moesif-transaction-id': 'fb4c6ec6-8220-483d-b1ae-027b41b714ac', 'content-type': 'application/json; charset=utf-8', 'X-Cloud-Trace-Context': 'e363e3b8651888d5f24a17a716aa6092', 'Date': 'Fri, 09 Jun 2023 19:07:56 GMT', 'Server': 'Google Frontend', 'Content-Length': '51'} 
 body={
    "message": "Registro excluído com sucesso"
} 
 </msg>
<msg timestamp="20230609 19:07:56.356" level="INFO">${response} = &lt;Response [200]&gt;</msg>
<status status="PASS" starttime="20230609 19:07:56.291" endtime="20230609 19:07:56.356"/>
</kw>
<kw name="Set Test Variable" library="BuiltIn">
<arg>${response}</arg>
<doc>Makes a variable available everywhere within the scope of the current test.</doc>
<msg timestamp="20230609 19:07:56.356" level="INFO">${response} = &lt;Response [200]&gt;</msg>
<status status="PASS" starttime="20230609 19:07:56.356" endtime="20230609 19:07:56.356"/>
</kw>
<status status="PASS" starttime="20230609 19:07:56.290" endtime="20230609 19:07:56.356"/>
</kw>
<kw name="Then the response status code should be 200" library="test_keywords_users" sourcename="Then the response status code should be ${status_code}">
<kw name="Should Be Equal As Numbers" library="BuiltIn">
<arg>${response.status_code}</arg>
<arg>${status_code}</arg>
<doc>Fails if objects are unequal after converting them to real numbers.</doc>
<msg timestamp="20230609 19:07:56.358" level="INFO">Argument types are:
&lt;class 'int'&gt;
&lt;class 'str'&gt;</msg>
<status status="PASS" starttime="20230609 19:07:56.357" endtime="20230609 19:07:56.358"/>
</kw>
<kw name="Should Be True" library="BuiltIn">
<arg>${response.json()}</arg>
<doc>Fails if the given condition is not true.</doc>
<status status="PASS" starttime="20230609 19:07:56.358" endtime="20230609 19:07:56.358"/>
</kw>
<status status="PASS" starttime="20230609 19:07:56.357" endtime="20230609 19:07:56.359"/>
</kw>
<kw name="And the response body should not be empty" library="test_keywords_users">
<kw name="Should Not Be Empty" library="BuiltIn">
<arg>${response.json()}</arg>
<doc>Verifies that the given item is not empty.</doc>
<msg timestamp="20230609 19:07:56.359" level="INFO">Length is 1</msg>
<status status="PASS" starttime="20230609 19:07:56.359" endtime="20230609 19:07:56.360"/>
</kw>
<status status="PASS" starttime="20230609 19:07:56.359" endtime="20230609 19:07:56.360"/>
</kw>
<tag>api</tag>
<status status="PASS" starttime="20230609 19:07:56.289" endtime="20230609 19:07:56.360"/>
</test>
<status status="PASS" starttime="20230609 19:07:55.448" endtime="20230609 19:07:56.360"/>
</suite>
<status status="PASS" starttime="20230609 19:07:55.446" endtime="20230609 19:07:56.362"/>
</suite>
<suite id="s1-s2" name="E2E" source="/home/runner/work/gen-ai-robot-test/gen-ai-robot-test/tests/e2e">
<suite id="s1-s2-s1" name="Test Ui Signup" source="/home/runner/work/gen-ai-robot-test/gen-ai-robot-test/tests/e2e/test_ui_signup.robot">
<test id="s1-s2-s1-t1" name="Scenario: Signup with empty fields" line="10">
<kw name="Before Tests" library="test_keywords_common" type="SETUP">
<kw name="Open Browser" library="SeleniumLibrary">
<arg>${SERVER_BASE_URL}</arg>
<arg>${HEADLESS} ${BROWSER}</arg>
<arg>--disable-logging</arg>
<doc>Opens a new browser instance to the optional ``url``.</doc>
<msg timestamp="20230609 19:07:56.373" level="INFO">Opening browser 'headless Chrome' to base url 'https://front.serverest.dev/'.</msg>
<msg timestamp="20230609 19:07:56.373" level="INFO">Cannot capture screenshot because no browser is open.</msg>
<msg timestamp="20230609 19:07:56.373" level="FAIL">TypeError: __init__() got an unexpected keyword argument 'service_log_path'</msg>
<status status="FAIL" starttime="20230609 19:07:56.372" endtime="20230609 19:07:56.374"/>
</kw>
<kw name="Maximize Browser Window" library="SeleniumLibrary">
<doc>Maximizes current browser window.</doc>
<status status="NOT RUN" starttime="20230609 19:07:56.374" endtime="20230609 19:07:56.374"/>
</kw>
<status status="FAIL" starttime="20230609 19:07:56.371" endtime="20230609 19:07:56.374"/>
</kw>
<kw name="After Tests" library="test_keywords_common" type="TEARDOWN">
<kw name="Close Browser" library="SeleniumLibrary">
<doc>Closes the current browser.</doc>
<status status="PASS" starttime="20230609 19:07:56.375" endtime="20230609 19:07:56.375"/>
</kw>
<status status="PASS" starttime="20230609 19:07:56.374" endtime="20230609 19:07:56.375"/>
</kw>
<tag>e2e</tag>
<status status="FAIL" starttime="20230609 19:07:56.371" endtime="20230609 19:07:56.375">Setup failed:
TypeError: __init__() got an unexpected keyword argument 'service_log_path'</status>
</test>
<test id="s1-s2-s1-t2" name="Scenario: Signup done successfully" line="16">
<kw name="Before Tests" library="test_keywords_common" type="SETUP">
<kw name="Open Browser" library="SeleniumLibrary">
<arg>${SERVER_BASE_URL}</arg>
<arg>${HEADLESS} ${BROWSER}</arg>
<arg>--disable-logging</arg>
<doc>Opens a new browser instance to the optional ``url``.</doc>
<msg timestamp="20230609 19:07:56.378" level="INFO">Opening browser 'headless Chrome' to base url 'https://front.serverest.dev/'.</msg>
<msg timestamp="20230609 19:07:56.378" level="INFO">Cannot capture screenshot because no browser is open.</msg>
<msg timestamp="20230609 19:07:56.378" level="FAIL">TypeError: __init__() got an unexpected keyword argument 'service_log_path'</msg>
<status status="FAIL" starttime="20230609 19:07:56.377" endtime="20230609 19:07:56.378"/>
</kw>
<kw name="Maximize Browser Window" library="SeleniumLibrary">
<doc>Maximizes current browser window.</doc>
<status status="NOT RUN" starttime="20230609 19:07:56.378" endtime="20230609 19:07:56.378"/>
</kw>
<status status="FAIL" starttime="20230609 19:07:56.376" endtime="20230609 19:07:56.378"/>
</kw>
<kw name="After Tests" library="test_keywords_common" type="TEARDOWN">
<kw name="Close Browser" library="SeleniumLibrary">
<doc>Closes the current browser.</doc>
<status status="PASS" starttime="20230609 19:07:56.379" endtime="20230609 19:07:56.379"/>
</kw>
<status status="PASS" starttime="20230609 19:07:56.379" endtime="20230609 19:07:56.379"/>
</kw>
<tag>e2e</tag>
<status status="FAIL" starttime="20230609 19:07:56.375" endtime="20230609 19:07:56.379">Setup failed:
TypeError: __init__() got an unexpected keyword argument 'service_log_path'</status>
</test>
<test id="s1-s2-s1-t3" name="Scenario: Signup with already used email" line="23">
<kw name="Before Tests" library="test_keywords_common" type="SETUP">
<kw name="Open Browser" library="SeleniumLibrary">
<arg>${SERVER_BASE_URL}</arg>
<arg>${HEADLESS} ${BROWSER}</arg>
<arg>--disable-logging</arg>
<doc>Opens a new browser instance to the optional ``url``.</doc>
<msg timestamp="20230609 19:07:56.381" level="INFO">Opening browser 'headless Chrome' to base url 'https://front.serverest.dev/'.</msg>
<msg timestamp="20230609 19:07:56.381" level="INFO">Cannot capture screenshot because no browser is open.</msg>
<msg timestamp="20230609 19:07:56.381" level="FAIL">TypeError: __init__() got an unexpected keyword argument 'service_log_path'</msg>
<status status="FAIL" starttime="20230609 19:07:56.380" endtime="20230609 19:07:56.381"/>
</kw>
<kw name="Maximize Browser Window" library="SeleniumLibrary">
<doc>Maximizes current browser window.</doc>
<status status="NOT RUN" starttime="20230609 19:07:56.381" endtime="20230609 19:07:56.381"/>
</kw>
<status status="FAIL" starttime="20230609 19:07:56.380" endtime="20230609 19:07:56.382"/>
</kw>
<kw name="After Tests" library="test_keywords_common" type="TEARDOWN">
<kw name="Close Browser" library="SeleniumLibrary">
<doc>Closes the current browser.</doc>
<status status="PASS" starttime="20230609 19:07:56.382" endtime="20230609 19:07:56.382"/>
</kw>
<status status="PASS" starttime="20230609 19:07:56.382" endtime="20230609 19:07:56.382"/>
</kw>
<tag>e2e</tag>
<status status="FAIL" starttime="20230609 19:07:56.379" endtime="20230609 19:07:56.382">Setup failed:
TypeError: __init__() got an unexpected keyword argument 'service_log_path'</status>
</test>
<status status="FAIL" starttime="20230609 19:07:56.364" endtime="20230609 19:07:56.383"/>
</suite>
<status status="FAIL" starttime="20230609 19:07:56.362" endtime="20230609 19:07:56.384"/>
</suite>
<status status="FAIL" starttime="20230609 19:07:55.428" endtime="20230609 19:07:56.385"/>
</suite>
<statistics>
<total>
<stat pass="5" fail="3" skip="0">All Tests</stat>
</total>
<tag>
<stat pass="5" fail="0" skip="0">api</stat>
<stat pass="0" fail="3" skip="0">e2e</stat>
</tag>
<suite>
<stat pass="5" fail="3" skip="0" id="s1" name="Tests">Tests</stat>
<stat pass="5" fail="0" skip="0" id="s1-s1" name="Api">Tests.Api</stat>
<stat pass="5" fail="0" skip="0" id="s1-s1-s1" name="Test Api Users">Tests.Api.Test Api Users</stat>
<stat pass="0" fail="3" skip="0" id="s1-s2" name="E2E">Tests.E2E</stat>
<stat pass="0" fail="3" skip="0" id="s1-s2-s1" name="Test Ui Signup">Tests.E2E.Test Ui Signup</stat>
</suite>
</statistics>
<errors>
</errors>
</robot>
