<?xml version="1.0" encoding="UTF-8"?>
<robot generator="Robot 6.0.2 (Python 3.8.16 on linux)" generated="20230601 19:07:22.596" rpa="false" schemaversion="3">
<suite id="s1" name="Tests" source="/home/runner/work/gen-ai-robot-test/gen-ai-robot-test/tests">
<suite id="s1-s1" name="Api" source="/home/runner/work/gen-ai-robot-test/gen-ai-robot-test/tests/api">
<suite id="s1-s1-s1" name="Test Api Users" source="/home/runner/work/gen-ai-robot-test/gen-ai-robot-test/tests/api/test_api_users.robot">
<test id="s1-s1-s1-t1" name="Scenario: Get all registered users" line="9">
<kw name="Before Tests" library="test_keywords_common" type="SETUP">
<kw name="Create Session" library="RequestsLibrary">
<arg>serverest</arg>
<arg>${SERVER_BASE_URL}</arg>
<arg>disable_warnings=True</arg>
<doc>Create Session: create a HTTP session to a server</doc>
<msg timestamp="20230601 19:07:23.152" level="INFO">Creating Session using : alias=serverest, url=https://serverest.dev, headers={},                     cookies={}, auth=None, timeout=None, proxies=None, verify=False,                     debug=0 </msg>
<status status="PASS" starttime="20230601 19:07:23.151" endtime="20230601 19:07:23.152"/>
</kw>
<status status="PASS" starttime="20230601 19:07:23.151" endtime="20230601 19:07:23.152"/>
</kw>
<kw name="When I request the list of all registered users" library="test_keywords_users">
<kw name="GET On Session" library="RequestsLibrary">
<var>${response}</var>
<arg>serverest</arg>
<arg>${USERS_API_ENDPOINT}</arg>
<doc>Sends a GET request on a previously created HTTP Session.</doc>
<msg timestamp="20230601 19:07:23.308" level="INFO">GET Request : url=https://serverest.dev/usuarios 
 path_url=/usuarios 
 headers={'User-Agent': 'python-requests/2.31.0', 'Accept-Encoding': 'gzip, deflate', 'Accept': '*/*', 'Connection': 'keep-alive'} 
 body=None 
 </msg>
<msg timestamp="20230601 19:07:23.308" level="INFO">GET Response : url=https://serverest.dev/usuarios 
 status=200, reason=OK 
 headers={'access-control-allow-origin': '*', 'x-dns-prefetch-control': 'off', 'x-frame-options': 'SAMEORIGIN', 'strict-transport-security': 'max-age=15552000; includeSubDomains', 'x-download-options': 'noopen', 'x-content-type-options': 'nosniff', 'x-xss-protection': '1; mode=block', 'x-moesif-transaction-id': '29e3d63e-425e-4bd9-8c5f-087af0616002', 'content-type': 'application/json; charset=utf-8', 'X-Cloud-Trace-Context': '0dba73d63c513ce14972c5b61e6f798b;o=1', 'Date': 'Thu, 01 Jun 2023 19:07:23 GMT', 'Server': 'Google Frontend', 'Content-Length': '20439'} 
 body={
    "quantidade": 93,
    "usuarios": [
        {
            "nome": "Edward Jones",
            "email": "bphillips@example.org",
            "password": "g04o0dMkekzU",
            "administrador": "true",
            "_id": "0NF5phDpupxhrHxN"
        },
        {
            "nome": "Lyman Muller I",
            "email": "lymanmulleri_dojo@teste.com",
            "password": "123123",
            "administrador": "true",
            "_id": "1Iz4EuY2IqGVVJfz"
        },
        {
            "nome": "Nicky Crist",
            "email": "nickycrist_dojo@teste.com",
            "password": "123123",
            "administrador": "true",
            "_id": "1vz4kFeZ6nI0oetX"
        },
        {
            "nome": "Keith White",
            "email": "keithwhite@test.com",
            "password": "Test;123",
            "administrador": "true",
            "_id": "3VkyFCZjaX55brOB"
        },
        {
            "nome": "Tonya Robinson MD",
            "email": "waltertracy@example.org",
            "password": "BVU6Qads5Idg",
            "administrador": "true",
            "_id": "5VNrB0GpqKXGQxsQ"
        },
        {
            "nome": "Leanora Lesch",
            "email": "leanoralesch_dojo@teste.com",
            "password": "123123",
            "administrador": "true",
            "_id": "5rsfAHiqjU1j0OIe"
        },
        {
            "nome": "Riley Meadows",
            "email": "wardlindsay@example.com",
            "password": "21nem33sV3Wv",
            "administrador": "true",
            "_id": "6ZrbiguZb3H8xbz7"
        },
        {
            "nome": "Fulano da Silva",
            "email": "fulaninhodasilva@qa.com.br",
            "password": "teste",
            "administrador": "true",
            "_id": "8GV85HRf3fvz3bA6"
        },
        {
            "nome": "Teste de Exclusão",
            "email": "exlusao@qa123.com.br",
            "password": "teste123",
            "administrador": "true",
            "_id": "96IkPoiwTd6W8E6G"
        },
        {
            "nome": "Fulano da Silva",
            "email": "fulano@qa.com",
            "password": "teste",
            "administrador": "true",
            "_id": "9gstdMBMAIERTqbi"
        },
        {
            "nome": "Jose Souza da Silva",
            "email": "testetwt0113@google.com.br",
            "password": "12345",
            "administrador": "true",
            "_id": "ANUh6vcjepjot9m4"
        },
        {
            "nome": "Gertie Marvin IV",
            "email": "gertiemarviniv_dojo@teste.com",
            "password": "123123",
            "administrador": "true",
            "_id": "BGj6VzTFs5OHYXz3"
        },
        {
            "nome": "Rep. Marcus Zulauf",
            "email": "repmarcuszulauf_dojo@teste.com",
            "password": "123123",
            "administrador": "true",
            "_id": "C2oIa3elkZu8OgCh"
        },
        {
            "nome": "Jose Souza da Silva",
            "email": "testetwt0104@google.com.br",
            "password": "12345",
            "administrador": "true",
            "_id": "CPotN3cJwU2ytcC0"
        },
        {
            "nome": "Jose Souza da Silva",
            "email": "testetwt0318@google.com.br",
            "password": "12345",
            "administrador": "true",
            "_id": "Cjii886shOMAPasE"
        },
        {
            "nome": "Teste no RobotFramework1234",
            "email": "juarez4543210@hotmail.com",
            "password": "testenovo1234",
            "administrador": "true",
            "_id": "DJQllXTesdJUv25t"
        },
        {
            "nome": "Tim Bailey",
            "email": "brandi91@example.com",
            "password": "C4potpmPdGgK",
            "administrador": "true",
            "_id": "ErsScEURYX1dsYXf"
        },
        {
            "nome": "Vickie Green",
            "email": "vickiegreen_dojo@teste.com",
            "password": "123123",
            "administrador": "true",
            "_id": "FgPTX49i1n7EY9IK"
        },
        {
            "nome": "Jose Souza da Silva",
            "email": "testetwt010601@google.com.br",
            "password": "12345",
            "administrador": "true",
            "_id": "FmAZHqMdTUASVy5E"
        },
        {
            "nome": "Michael Torres",
            "email": "sharonmoore@example.org",
            "password": "t4wu3WWhnqn7",
            "administrador": "true",
            "_id": "GZNbsNpQeHv7ISFa"
        },
        {
            "nome": "Fulano da Silva",
            "email": "fulaninhodasilv@qa.com.br",
            "password": "teste",
            "administrador": "true",
            "_id": "GenOWVanmZjX7iNC"
        },
        {
            "nome": "Crystal Parks",
            "email": "oolson@example.com",
            "password": "1wdCfdPmvGs3",
            "administrador": "true",
            "_id": "HkeCIJyLaeKC4tfA"
        },
        {
            "nome": "Mohamed Hyatt",
            "email": "mohamedhyatt_dojo@teste.com",
            "password": "123123",
            "administrador": "true",
            "_id": "HwZXX3KaO6cdeyb1"
        },
        {
            "nome": "Jacob Green",
            "email": "fishermichael@example.net",
            "password": "3PZDCPb9061P",
            "administrador": "true",
            "_id": "J9loLcyHGcTT4rpu"
        },
        {
            "nome": "Stephen Reynolds",
            "email": "stephenreynolds_dojo@teste.com",
            "password": "123123",
            "administrador": "true",
            "_id": "JAwEFMxMJ1jzZxEs"
        },
        {
            "nome": "Jose Souza da Silva",
            "email": "testetwt0114@google.com.br",
            "password": "12345",
            "administrador": "true",
            "_id": "MZEGk2tTLklplZrU"
        },
        {
            "nome": "Jose Souza da Silva",
            "email": "testetwt0215@google.com.br",
            "password": "12345",
            "administrador": "true",
            "_id": "NfR9Vy9SIekHqpyG"
        },
        {
            "nome": "Ellis Cremin I",
            "email": "elliscremini_dojo@teste.com",
            "password": "123123",
            "administrador": "true",
            "_id": "OagcOXL77fcQcJcl"
        },
        {
            "nome": "Abigail Pearson",
            "email": "leelori@example.com",
            "password": "4gZoJFVoISqd",
            "administrador": "true",
            "_id": "P11p6mS9e6j3lRWe"
        },
        {
            "nome": "Quinn Orn",
            "email": "quinnorn_dojo@teste.com",
            "password": "123123",
            "administrador": "true",
            "_id": "Q4uzpPanjVopwd6z"
        },
        {
            "nome": "{{nome}}",
            "email": "Cruz@qa.com.br",
            "password": "SCHV6xXB1_PATmh",
            "administrador": "true",
            "_id": "QEculbd1dJsuv18G"
        },
        {
            "nome": "Jose Souza da Silva",
            "email": "testetwt010603@google.com.br",
            "password": "12345",
            "administrador": "true",
            "_id": "QGQCKYrf91pHsUXF"
        },
        {
            "nome": "Ernest Henderson",
            "email": "hjohnson@example.com",
            "password": "k3i4vvWa5P4T",
            "administrador": "true",
            "_id": "QtqujdoU12lXiYjm"
        },
        {
            "nome": "Teste de Exclusão",
            "email": "exlusao@qa.com.br",
            "password": "teste123",
            "administrador": "true",
            "_id": "RsFp1ZZGSqG68iGD"
        },
        {
            "nome": "Gleyciana Campelo",
            "email": "rkjur30mt1@qa.com",
            "password": "teste",
            "administrador": "true",
            "_id": "TD5vVEbjmAoCuqIP"
        },
        {
            "nome": "Troy Moran",
            "email": "jonesdavid@example.org",
            "password": "fwHMTsFS3mgk",
            "administrador": "true",
            "_id": "U4gcbj9QPFePTMvA"
        },
        {
            "nome": "Long Turner",
            "email": "longturner_dojo@teste.com",
            "password": "123123",
            "administrador": "true",
            "_id": "UPJUP841x0xSyuFj"
        },
        {
            "nome": "Fulano da Silva",
            "email": "okns@emailteste.com",
            "password": "1234",
            "administrador": "true",
            "_id": "UpSlcfVu8O5cbeOj"
        },
        {
            "nome": "Lindsey Berge",
            "email": "testeteste@teste.com",
            "password": "123123",
            "administrador": "true",
            "_id": "UswUbgHnjznYal0u"
        },
        {
            "nome": "Sharon Larson",
            "email": "sharonlarson_dojo@teste.com",
            "password": "123123",
            "administrador": "true",
            "_id": "V8M05NI0POHw0e7p"
        },
        {
            "nome": "Randolph Anderson",
            "email": "randolphanderson_dojo@teste.com",
            "password": "123123",
            "administrador": "true",
            "_id": "Ve8YZlGTMPqS9tor"
        },
        {
            "nome": "Miss Mohamed Brakus",
            "email": "missmohamedbrakus_dojo@teste.com",
            "password": "123123",
            "administrador": "true",
            "_id": "VyMVbdglg5ieZjSf"
        },
        {
            "nome": "Donald Palmer",
            "email": "kshannon@example.net",
            "password": "MN61aKMyY2Zp",
            "administrador": "true",
            "_id": "WJLRKci7u4ThQVZi"
        },
        {
            "nome": "Bridget Satterfield",
            "email": "bridgetsatterfield@test.com",
            "password": "Test;123",
            "administrador": "true",
            "_id": "WaoQ0bq06WgCyzh1"
        },
        {
            "nome": "Fulano da Silva",
            "email": "ernx@emailteste.com",
            "password": "1234",
            "administrador": "true",
            "_id": "WtAPGAoNV80jZwAT"
        },
        {
            "nome": "Shenika Hettinger",
            "email": "shenikahett... (set the log level to DEBUG or TRACE to see the full content) 
 </msg>
<msg timestamp="20230601 19:07:23.308" level="INFO">${response} = &lt;Response [200]&gt;</msg>
<status status="PASS" starttime="20230601 19:07:23.153" endtime="20230601 19:07:23.308"/>
</kw>
<kw name="Set Test Variable" library="BuiltIn">
<arg>${response}</arg>
<doc>Makes a variable available everywhere within the scope of the current test.</doc>
<msg timestamp="20230601 19:07:23.309" level="INFO">${response} = &lt;Response [200]&gt;</msg>
<status status="PASS" starttime="20230601 19:07:23.309" endtime="20230601 19:07:23.309"/>
</kw>
<status status="PASS" starttime="20230601 19:07:23.152" endtime="20230601 19:07:23.309"/>
</kw>
<kw name="Then the response status code should be 200" library="test_keywords_users" sourcename="Then the response status code should be ${status_code}">
<kw name="Should Be Equal As Numbers" library="BuiltIn">
<arg>${response.status_code}</arg>
<arg>${status_code}</arg>
<doc>Fails if objects are unequal after converting them to real numbers.</doc>
<msg timestamp="20230601 19:07:23.310" level="INFO">Argument types are:
&lt;class 'int'&gt;
&lt;class 'str'&gt;</msg>
<status status="PASS" starttime="20230601 19:07:23.310" endtime="20230601 19:07:23.311"/>
</kw>
<kw name="Should Be True" library="BuiltIn">
<arg>${response.json()}</arg>
<doc>Fails if the given condition is not true.</doc>
<status status="PASS" starttime="20230601 19:07:23.311" endtime="20230601 19:07:23.312"/>
</kw>
<status status="PASS" starttime="20230601 19:07:23.309" endtime="20230601 19:07:23.312"/>
</kw>
<kw name="And the response body should not be empty" library="test_keywords_users">
<kw name="Should Not Be Empty" library="BuiltIn">
<arg>${response.json()}</arg>
<doc>Verifies that the given item is not empty.</doc>
<msg timestamp="20230601 19:07:23.313" level="INFO">Length is 2</msg>
<status status="PASS" starttime="20230601 19:07:23.312" endtime="20230601 19:07:23.313"/>
</kw>
<status status="PASS" starttime="20230601 19:07:23.312" endtime="20230601 19:07:23.313"/>
</kw>
<tag>api</tag>
<status status="PASS" starttime="20230601 19:07:23.150" endtime="20230601 19:07:23.313"/>
</test>
<test id="s1-s1-s1-t2" name="Scenario: Create a new user" line="15">
<kw name="Before Tests" library="test_keywords_common" type="SETUP">
<kw name="Create Session" library="RequestsLibrary">
<arg>serverest</arg>
<arg>${SERVER_BASE_URL}</arg>
<arg>disable_warnings=True</arg>
<doc>Create Session: create a HTTP session to a server</doc>
<msg timestamp="20230601 19:07:23.315" level="INFO">Creating Session using : alias=serverest, url=https://serverest.dev, headers={},                     cookies={}, auth=None, timeout=None, proxies=None, verify=False,                     debug=0 </msg>
<status status="PASS" starttime="20230601 19:07:23.315" endtime="20230601 19:07:23.316"/>
</kw>
<status status="PASS" starttime="20230601 19:07:23.315" endtime="20230601 19:07:23.316"/>
</kw>
<kw name="Given I have a valid user data" library="test_keywords_users">
<kw name="Name" library="FakerLibrary">
<var>${name}</var>
<doc>:example 'John Doe'</doc>
<msg timestamp="20230601 19:07:23.317" level="INFO">${name} = Harold Sanchez</msg>
<status status="PASS" starttime="20230601 19:07:23.316" endtime="20230601 19:07:23.317"/>
</kw>
<kw name="Email" library="FakerLibrary">
<var>${email}</var>
<msg timestamp="20230601 19:07:23.317" level="INFO">${email} = watsonjulian@example.org</msg>
<status status="PASS" starttime="20230601 19:07:23.317" endtime="20230601 19:07:23.317"/>
</kw>
<kw name="Password" library="FakerLibrary">
<var>${password}</var>
<arg>length=12</arg>
<arg>special_chars=False</arg>
<doc>Generate a random password of the specified ``length``.</doc>
<msg timestamp="20230601 19:07:23.318" level="INFO">${password} = Kiz6uxUIfx5U</msg>
<status status="PASS" starttime="20230601 19:07:23.318" endtime="20230601 19:07:23.318"/>
</kw>
<kw name="Set Suite Variable" library="BuiltIn">
<arg>${name}</arg>
<doc>Makes a variable available everywhere within the scope of the current suite.</doc>
<msg timestamp="20230601 19:07:23.318" level="INFO">${name} = Harold Sanchez</msg>
<status status="PASS" starttime="20230601 19:07:23.318" endtime="20230601 19:07:23.319"/>
</kw>
<kw name="Set Suite Variable" library="BuiltIn">
<arg>${email}</arg>
<doc>Makes a variable available everywhere within the scope of the current suite.</doc>
<msg timestamp="20230601 19:07:23.319" level="INFO">${email} = watsonjulian@example.org</msg>
<status status="PASS" starttime="20230601 19:07:23.319" endtime="20230601 19:07:23.319"/>
</kw>
<kw name="Set Suite Variable" library="BuiltIn">
<arg>${password}</arg>
<doc>Makes a variable available everywhere within the scope of the current suite.</doc>
<msg timestamp="20230601 19:07:23.319" level="INFO">${password} = Kiz6uxUIfx5U</msg>
<status status="PASS" starttime="20230601 19:07:23.319" endtime="20230601 19:07:23.319"/>
</kw>
<status status="PASS" starttime="20230601 19:07:23.316" endtime="20230601 19:07:23.320"/>
</kw>
<kw name="When I create the user" library="test_keywords_users">
<kw name="Create Dictionary" library="BuiltIn">
<var>${payload}</var>
<arg>nome=${name}</arg>
<arg>email=${email}</arg>
<arg>password=${password}</arg>
<arg>administrador=false</arg>
<doc>Creates and returns a dictionary based on the given ``items``.</doc>
<msg timestamp="20230601 19:07:23.321" level="INFO">${payload} = {'nome': 'Harold Sanchez', 'email': 'watsonjulian@example.org', 'password': 'Kiz6uxUIfx5U', 'administrador': 'false'}</msg>
<status status="PASS" starttime="20230601 19:07:23.320" endtime="20230601 19:07:23.321"/>
</kw>
<kw name="Create Dictionary" library="BuiltIn">
<var>${headers}</var>
<arg>Content-Type=application/json</arg>
<doc>Creates and returns a dictionary based on the given ``items``.</doc>
<msg timestamp="20230601 19:07:23.321" level="INFO">${headers} = {'Content-Type': 'application/json'}</msg>
<status status="PASS" starttime="20230601 19:07:23.321" endtime="20230601 19:07:23.321"/>
</kw>
<kw name="POST On Session" library="RequestsLibrary">
<var>${response}</var>
<arg>serverest</arg>
<arg>${USERS_API_ENDPOINT}</arg>
<arg>json=${payload}</arg>
<arg>headers=${headers}</arg>
<doc>Sends a POST request on a previously created HTTP Session.</doc>
<msg timestamp="20230601 19:07:23.393" level="INFO">POST Request : url=https://serverest.dev/usuarios 
 path_url=/usuarios 
 headers={'User-Agent': 'python-requests/2.31.0', 'Accept-Encoding': 'gzip, deflate', 'Accept': '*/*', 'Connection': 'keep-alive', 'Content-Type': 'application/json', 'Content-Length': '117'} 
 body=b'{"nome": "Harold Sanchez", "email": "watsonjulian@example.org", "password": "Kiz6uxUIfx5U", "administrador": "false"}' 
 </msg>
<msg timestamp="20230601 19:07:23.393" level="INFO">POST Response : url=https://serverest.dev/usuarios 
 status=201, reason=Created 
 headers={'access-control-allow-origin': '*', 'x-dns-prefetch-control': 'off', 'x-frame-options': 'SAMEORIGIN', 'strict-transport-security': 'max-age=15552000; includeSubDomains', 'x-download-options': 'noopen', 'x-content-type-options': 'nosniff', 'x-xss-protection': '1; mode=block', 'x-moesif-transaction-id': 'da5f0df2-1b6b-482c-b87c-b262252ed4e9', 'content-type': 'application/json; charset=utf-8', 'X-Cloud-Trace-Context': '0d4f02e8caf700cc38c64d915c34a3e0', 'Date': 'Thu, 01 Jun 2023 19:07:23 GMT', 'Server': 'Google Frontend', 'Content-Length': '82'} 
 body={
    "message": "Cadastro realizado com sucesso",
    "_id": "SQneqx9IhQzgwQmz"
} 
 </msg>
<msg timestamp="20230601 19:07:23.393" level="INFO">${response} = &lt;Response [201]&gt;</msg>
<status status="PASS" starttime="20230601 19:07:23.321" endtime="20230601 19:07:23.393"/>
</kw>
<kw name="Set Variable" library="BuiltIn">
<var>${user_id}</var>
<arg>${response.json()['_id']}</arg>
<doc>Returns the given values which can then be assigned to a variables.</doc>
<msg timestamp="20230601 19:07:23.395" level="INFO">${user_id} = SQneqx9IhQzgwQmz</msg>
<status status="PASS" starttime="20230601 19:07:23.393" endtime="20230601 19:07:23.395"/>
</kw>
<kw name="Set Global Variable" library="BuiltIn">
<arg>${USER_ID}</arg>
<arg>${user_id}</arg>
<doc>Makes a variable available globally in all tests and suites.</doc>
<msg timestamp="20230601 19:07:23.395" level="INFO">${USER_ID} = SQneqx9IhQzgwQmz</msg>
<status status="PASS" starttime="20230601 19:07:23.395" endtime="20230601 19:07:23.396"/>
</kw>
<kw name="Set Test Variable" library="BuiltIn">
<arg>${response}</arg>
<doc>Makes a variable available everywhere within the scope of the current test.</doc>
<msg timestamp="20230601 19:07:23.396" level="INFO">${response} = &lt;Response [201]&gt;</msg>
<status status="PASS" starttime="20230601 19:07:23.396" endtime="20230601 19:07:23.396"/>
</kw>
<status status="PASS" starttime="20230601 19:07:23.320" endtime="20230601 19:07:23.396"/>
</kw>
<kw name="Then the response status code should be 201" library="test_keywords_users" sourcename="Then the response status code should be ${status_code}">
<kw name="Should Be Equal As Numbers" library="BuiltIn">
<arg>${response.status_code}</arg>
<arg>${status_code}</arg>
<doc>Fails if objects are unequal after converting them to real numbers.</doc>
<msg timestamp="20230601 19:07:23.398" level="INFO">Argument types are:
&lt;class 'int'&gt;
&lt;class 'str'&gt;</msg>
<status status="PASS" starttime="20230601 19:07:23.397" endtime="20230601 19:07:23.398"/>
</kw>
<kw name="Should Be True" library="BuiltIn">
<arg>${response.json()}</arg>
<doc>Fails if the given condition is not true.</doc>
<status status="PASS" starttime="20230601 19:07:23.398" endtime="20230601 19:07:23.399"/>
</kw>
<status status="PASS" starttime="20230601 19:07:23.396" endtime="20230601 19:07:23.399"/>
</kw>
<kw name="And the response body should not be empty" library="test_keywords_users">
<kw name="Should Not Be Empty" library="BuiltIn">
<arg>${response.json()}</arg>
<doc>Verifies that the given item is not empty.</doc>
<msg timestamp="20230601 19:07:23.401" level="INFO">Length is 2</msg>
<status status="PASS" starttime="20230601 19:07:23.400" endtime="20230601 19:07:23.401"/>
</kw>
<status status="PASS" starttime="20230601 19:07:23.399" endtime="20230601 19:07:23.401"/>
</kw>
<tag>api</tag>
<status status="PASS" starttime="20230601 19:07:23.314" endtime="20230601 19:07:23.401"/>
</test>
<test id="s1-s1-s1-t3" name="Scenario: Get a specific user informations" line="22">
<kw name="Before Tests" library="test_keywords_common" type="SETUP">
<kw name="Create Session" library="RequestsLibrary">
<arg>serverest</arg>
<arg>${SERVER_BASE_URL}</arg>
<arg>disable_warnings=True</arg>
<doc>Create Session: create a HTTP session to a server</doc>
<msg timestamp="20230601 19:07:23.403" level="INFO">Creating Session using : alias=serverest, url=https://serverest.dev, headers={},                     cookies={}, auth=None, timeout=None, proxies=None, verify=False,                     debug=0 </msg>
<status status="PASS" starttime="20230601 19:07:23.402" endtime="20230601 19:07:23.403"/>
</kw>
<status status="PASS" starttime="20230601 19:07:23.402" endtime="20230601 19:07:23.403"/>
</kw>
<kw name="When I request the created user" library="test_keywords_users">
<kw name="GET On Session" library="RequestsLibrary">
<var>${response}</var>
<arg>serverest</arg>
<arg>${USERS_API_ENDPOINT}/${USER_ID}</arg>
<doc>Sends a GET request on a previously created HTTP Session.</doc>
<msg timestamp="20230601 19:07:23.481" level="INFO">GET Request : url=https://serverest.dev/usuarios/SQneqx9IhQzgwQmz 
 path_url=/usuarios/SQneqx9IhQzgwQmz 
 headers={'User-Agent': 'python-requests/2.31.0', 'Accept-Encoding': 'gzip, deflate', 'Accept': '*/*', 'Connection': 'keep-alive'} 
 body=None 
 </msg>
<msg timestamp="20230601 19:07:23.481" level="INFO">GET Response : url=https://serverest.dev/usuarios/SQneqx9IhQzgwQmz 
 status=200, reason=OK 
 headers={'access-control-allow-origin': '*', 'x-dns-prefetch-control': 'off', 'x-frame-options': 'SAMEORIGIN', 'strict-transport-security': 'max-age=15552000; includeSubDomains', 'x-download-options': 'noopen', 'x-content-type-options': 'nosniff', 'x-xss-protection': '1; mode=block', 'x-moesif-transaction-id': '6ccd730f-a93c-4ff3-a7b9-42d4b60e7e71', 'content-type': 'application/json; charset=utf-8', 'X-Cloud-Trace-Context': '3bed307e5312192eb53748174fd41cbc', 'Date': 'Thu, 01 Jun 2023 19:07:23 GMT', 'Server': 'Google Frontend', 'Content-Length': '166'} 
 body={
    "nome": "Harold Sanchez",
    "email": "watsonjulian@example.org",
    "password": "Kiz6uxUIfx5U",
    "administrador": "false",
    "_id": "SQneqx9IhQzgwQmz"
} 
 </msg>
<msg timestamp="20230601 19:07:23.481" level="INFO">${response} = &lt;Response [200]&gt;</msg>
<status status="PASS" starttime="20230601 19:07:23.403" endtime="20230601 19:07:23.481"/>
</kw>
<kw name="Set Test Variable" library="BuiltIn">
<arg>${response}</arg>
<doc>Makes a variable available everywhere within the scope of the current test.</doc>
<msg timestamp="20230601 19:07:23.482" level="INFO">${response} = &lt;Response [200]&gt;</msg>
<status status="PASS" starttime="20230601 19:07:23.482" endtime="20230601 19:07:23.482"/>
</kw>
<status status="PASS" starttime="20230601 19:07:23.403" endtime="20230601 19:07:23.482"/>
</kw>
<kw name="Then the response status code should be 200" library="test_keywords_users" sourcename="Then the response status code should be ${status_code}">
<kw name="Should Be Equal As Numbers" library="BuiltIn">
<arg>${response.status_code}</arg>
<arg>${status_code}</arg>
<doc>Fails if objects are unequal after converting them to real numbers.</doc>
<msg timestamp="20230601 19:07:23.483" level="INFO">Argument types are:
&lt;class 'int'&gt;
&lt;class 'str'&gt;</msg>
<status status="PASS" starttime="20230601 19:07:23.483" endtime="20230601 19:07:23.483"/>
</kw>
<kw name="Should Be True" library="BuiltIn">
<arg>${response.json()}</arg>
<doc>Fails if the given condition is not true.</doc>
<status status="PASS" starttime="20230601 19:07:23.484" endtime="20230601 19:07:23.484"/>
</kw>
<status status="PASS" starttime="20230601 19:07:23.482" endtime="20230601 19:07:23.484"/>
</kw>
<kw name="And the response body should not be empty" library="test_keywords_users">
<kw name="Should Not Be Empty" library="BuiltIn">
<arg>${response.json()}</arg>
<doc>Verifies that the given item is not empty.</doc>
<msg timestamp="20230601 19:07:23.485" level="INFO">Length is 5</msg>
<status status="PASS" starttime="20230601 19:07:23.485" endtime="20230601 19:07:23.486"/>
</kw>
<status status="PASS" starttime="20230601 19:07:23.484" endtime="20230601 19:07:23.486"/>
</kw>
<tag>api</tag>
<status status="PASS" starttime="20230601 19:07:23.401" endtime="20230601 19:07:23.486"/>
</test>
<test id="s1-s1-s1-t4" name="Scenario: Update the created user" line="28">
<kw name="Before Tests" library="test_keywords_common" type="SETUP">
<kw name="Create Session" library="RequestsLibrary">
<arg>serverest</arg>
<arg>${SERVER_BASE_URL}</arg>
<arg>disable_warnings=True</arg>
<doc>Create Session: create a HTTP session to a server</doc>
<msg timestamp="20230601 19:07:23.487" level="INFO">Creating Session using : alias=serverest, url=https://serverest.dev, headers={},                     cookies={}, auth=None, timeout=None, proxies=None, verify=False,                     debug=0 </msg>
<status status="PASS" starttime="20230601 19:07:23.487" endtime="20230601 19:07:23.488"/>
</kw>
<status status="PASS" starttime="20230601 19:07:23.487" endtime="20230601 19:07:23.488"/>
</kw>
<kw name="When I update the created user" library="test_keywords_users">
<kw name="Create Dictionary" library="BuiltIn">
<var>${payload}</var>
<arg>nome=John Smith</arg>
<arg>email=john.smith@example.com</arg>
<arg>password=P@ssw0rd123</arg>
<arg>administrador=false</arg>
<doc>Creates and returns a dictionary based on the given ``items``.</doc>
<msg timestamp="20230601 19:07:23.488" level="INFO">${payload} = {'nome': 'John Smith', 'email': 'john.smith@example.com', 'password': 'P@ssw0rd123', 'administrador': 'false'}</msg>
<status status="PASS" starttime="20230601 19:07:23.488" endtime="20230601 19:07:23.489"/>
</kw>
<kw name="Create Dictionary" library="BuiltIn">
<var>${headers}</var>
<arg>Content-Type=application/json</arg>
<doc>Creates and returns a dictionary based on the given ``items``.</doc>
<msg timestamp="20230601 19:07:23.489" level="INFO">${headers} = {'Content-Type': 'application/json'}</msg>
<status status="PASS" starttime="20230601 19:07:23.489" endtime="20230601 19:07:23.489"/>
</kw>
<kw name="PUT On Session" library="RequestsLibrary">
<var>${response}</var>
<arg>serverest</arg>
<arg>${USERS_API_ENDPOINT}/${USER_ID}</arg>
<arg>json=${payload}</arg>
<arg>headers=${headers}</arg>
<doc>Sends a PUT request on a previously created HTTP Session.</doc>
<msg timestamp="20230601 19:07:23.575" level="INFO">PUT Request : url=https://serverest.dev/usuarios/SQneqx9IhQzgwQmz 
 path_url=/usuarios/SQneqx9IhQzgwQmz 
 headers={'User-Agent': 'python-requests/2.31.0', 'Accept-Encoding': 'gzip, deflate', 'Accept': '*/*', 'Connection': 'keep-alive', 'Content-Type': 'application/json', 'Content-Length': '110'} 
 body=b'{"nome": "John Smith", "email": "john.smith@example.com", "password": "P@ssw0rd123", "administrador": "false"}' 
 </msg>
<msg timestamp="20230601 19:07:23.575" level="INFO">PUT Response : url=https://serverest.dev/usuarios/SQneqx9IhQzgwQmz 
 status=200, reason=OK 
 headers={'access-control-allow-origin': '*', 'x-dns-prefetch-control': 'off', 'x-frame-options': 'SAMEORIGIN', 'strict-transport-security': 'max-age=15552000; includeSubDomains', 'x-download-options': 'noopen', 'x-content-type-options': 'nosniff', 'x-xss-protection': '1; mode=block', 'x-moesif-transaction-id': '22c7a50f-49cb-452f-b2a0-9086b302c40e', 'content-type': 'application/json; charset=utf-8', 'X-Cloud-Trace-Context': '3e934be48fe92136490dddbdf3c8acb6', 'Date': 'Thu, 01 Jun 2023 19:07:23 GMT', 'Server': 'Google Frontend', 'Content-Length': '50'} 
 body={
    "message": "Registro alterado com sucesso"
} 
 </msg>
<msg timestamp="20230601 19:07:23.576" level="INFO">${response} = &lt;Response [200]&gt;</msg>
<status status="PASS" starttime="20230601 19:07:23.489" endtime="20230601 19:07:23.576"/>
</kw>
<kw name="Set Test Variable" library="BuiltIn">
<arg>${response}</arg>
<doc>Makes a variable available everywhere within the scope of the current test.</doc>
<msg timestamp="20230601 19:07:23.577" level="INFO">${response} = &lt;Response [200]&gt;</msg>
<status status="PASS" starttime="20230601 19:07:23.576" endtime="20230601 19:07:23.577"/>
</kw>
<status status="PASS" starttime="20230601 19:07:23.488" endtime="20230601 19:07:23.577"/>
</kw>
<kw name="Then the response status code should be 200" library="test_keywords_users" sourcename="Then the response status code should be ${status_code}">
<kw name="Should Be Equal As Numbers" library="BuiltIn">
<arg>${response.status_code}</arg>
<arg>${status_code}</arg>
<doc>Fails if objects are unequal after converting them to real numbers.</doc>
<msg timestamp="20230601 19:07:23.579" level="INFO">Argument types are:
&lt;class 'int'&gt;
&lt;class 'str'&gt;</msg>
<status status="PASS" starttime="20230601 19:07:23.578" endtime="20230601 19:07:23.579"/>
</kw>
<kw name="Should Be True" library="BuiltIn">
<arg>${response.json()}</arg>
<doc>Fails if the given condition is not true.</doc>
<status status="PASS" starttime="20230601 19:07:23.579" endtime="20230601 19:07:23.581"/>
</kw>
<status status="PASS" starttime="20230601 19:07:23.577" endtime="20230601 19:07:23.581"/>
</kw>
<kw name="And the response body should not be empty" library="test_keywords_users">
<kw name="Should Not Be Empty" library="BuiltIn">
<arg>${response.json()}</arg>
<doc>Verifies that the given item is not empty.</doc>
<msg timestamp="20230601 19:07:23.583" level="INFO">Length is 1</msg>
<status status="PASS" starttime="20230601 19:07:23.582" endtime="20230601 19:07:23.583"/>
</kw>
<status status="PASS" starttime="20230601 19:07:23.581" endtime="20230601 19:07:23.583"/>
</kw>
<tag>api</tag>
<status status="PASS" starttime="20230601 19:07:23.486" endtime="20230601 19:07:23.583"/>
</test>
<test id="s1-s1-s1-t5" name="Scenario: Delete the created user" line="34">
<kw name="Before Tests" library="test_keywords_common" type="SETUP">
<kw name="Create Session" library="RequestsLibrary">
<arg>serverest</arg>
<arg>${SERVER_BASE_URL}</arg>
<arg>disable_warnings=True</arg>
<doc>Create Session: create a HTTP session to a server</doc>
<msg timestamp="20230601 19:07:23.585" level="INFO">Creating Session using : alias=serverest, url=https://serverest.dev, headers={},                     cookies={}, auth=None, timeout=None, proxies=None, verify=False,                     debug=0 </msg>
<status status="PASS" starttime="20230601 19:07:23.584" endtime="20230601 19:07:23.585"/>
</kw>
<status status="PASS" starttime="20230601 19:07:23.584" endtime="20230601 19:07:23.585"/>
</kw>
<kw name="When I delete the created user" library="test_keywords_users">
<kw name="DELETE On Session" library="RequestsLibrary">
<var>${response}</var>
<arg>serverest</arg>
<arg>${USERS_API_ENDPOINT}/${USER_ID}</arg>
<doc>Sends a DELETE request on a previously created HTTP Session.</doc>
<msg timestamp="20230601 19:07:23.658" level="INFO">DELETE Request : url=https://serverest.dev/usuarios/SQneqx9IhQzgwQmz 
 path_url=/usuarios/SQneqx9IhQzgwQmz 
 headers={'User-Agent': 'python-requests/2.31.0', 'Accept-Encoding': 'gzip, deflate', 'Accept': '*/*', 'Connection': 'keep-alive', 'Content-Length': '0'} 
 body=None 
 </msg>
<msg timestamp="20230601 19:07:23.658" level="INFO">DELETE Response : url=https://serverest.dev/usuarios/SQneqx9IhQzgwQmz 
 status=200, reason=OK 
 headers={'access-control-allow-origin': '*', 'x-dns-prefetch-control': 'off', 'x-frame-options': 'SAMEORIGIN', 'strict-transport-security': 'max-age=15552000; includeSubDomains', 'x-download-options': 'noopen', 'x-content-type-options': 'nosniff', 'x-xss-protection': '1; mode=block', 'x-moesif-transaction-id': '90b92365-2cb5-46de-929c-c41cdf20137c', 'content-type': 'application/json; charset=utf-8', 'X-Cloud-Trace-Context': '2af9426dec1cd044bb32c59a9b8ef4cd', 'Date': 'Thu, 01 Jun 2023 19:07:23 GMT', 'Server': 'Google Frontend', 'Content-Length': '51'} 
 body={
    "message": "Registro excluído com sucesso"
} 
 </msg>
<msg timestamp="20230601 19:07:23.658" level="INFO">${response} = &lt;Response [200]&gt;</msg>
<status status="PASS" starttime="20230601 19:07:23.586" endtime="20230601 19:07:23.658"/>
</kw>
<kw name="Set Test Variable" library="BuiltIn">
<arg>${response}</arg>
<doc>Makes a variable available everywhere within the scope of the current test.</doc>
<msg timestamp="20230601 19:07:23.659" level="INFO">${response} = &lt;Response [200]&gt;</msg>
<status status="PASS" starttime="20230601 19:07:23.659" endtime="20230601 19:07:23.659"/>
</kw>
<status status="PASS" starttime="20230601 19:07:23.586" endtime="20230601 19:07:23.659"/>
</kw>
<kw name="Then the response status code should be 200" library="test_keywords_users" sourcename="Then the response status code should be ${status_code}">
<kw name="Should Be Equal As Numbers" library="BuiltIn">
<arg>${response.status_code}</arg>
<arg>${status_code}</arg>
<doc>Fails if objects are unequal after converting them to real numbers.</doc>
<msg timestamp="20230601 19:07:23.661" level="INFO">Argument types are:
&lt;class 'int'&gt;
&lt;class 'str'&gt;</msg>
<status status="PASS" starttime="20230601 19:07:23.660" endtime="20230601 19:07:23.662"/>
</kw>
<kw name="Should Be True" library="BuiltIn">
<arg>${response.json()}</arg>
<doc>Fails if the given condition is not true.</doc>
<status status="PASS" starttime="20230601 19:07:23.662" endtime="20230601 19:07:23.663"/>
</kw>
<status status="PASS" starttime="20230601 19:07:23.660" endtime="20230601 19:07:23.663"/>
</kw>
<kw name="And the response body should not be empty" library="test_keywords_users">
<kw name="Should Not Be Empty" library="BuiltIn">
<arg>${response.json()}</arg>
<doc>Verifies that the given item is not empty.</doc>
<msg timestamp="20230601 19:07:23.665" level="INFO">Length is 1</msg>
<status status="PASS" starttime="20230601 19:07:23.664" endtime="20230601 19:07:23.665"/>
</kw>
<status status="PASS" starttime="20230601 19:07:23.663" endtime="20230601 19:07:23.665"/>
</kw>
<tag>api</tag>
<status status="PASS" starttime="20230601 19:07:23.584" endtime="20230601 19:07:23.665"/>
</test>
<status status="PASS" starttime="20230601 19:07:22.622" endtime="20230601 19:07:23.665"/>
</suite>
<status status="PASS" starttime="20230601 19:07:22.621" endtime="20230601 19:07:23.667"/>
</suite>
<suite id="s1-s2" name="E2E" source="/home/runner/work/gen-ai-robot-test/gen-ai-robot-test/tests/e2e">
<suite id="s1-s2-s1" name="Test Ui Signup" source="/home/runner/work/gen-ai-robot-test/gen-ai-robot-test/tests/e2e/test_ui_signup.robot">
<test id="s1-s2-s1-t1" name="Scenario: Signup with empty fields" line="10">
<kw name="Before Tests" library="test_keywords_common" type="SETUP">
<kw name="Open Browser" library="SeleniumLibrary">
<arg>${SERVER_BASE_URL}</arg>
<arg>${HEADLESS} ${BROWSER}</arg>
<doc>Opens a new browser instance to the optional ``url``.</doc>
<msg timestamp="20230601 19:07:23.678" level="INFO">Opening browser 'headless Chrome' to base url 'https://front.serverest.dev/'.</msg>
<status status="PASS" starttime="20230601 19:07:23.677" endtime="20230601 19:07:26.194"/>
</kw>
<kw name="Maximize Browser Window" library="SeleniumLibrary">
<doc>Maximizes current browser window.</doc>
<status status="PASS" starttime="20230601 19:07:26.194" endtime="20230601 19:07:26.310"/>
</kw>
<status status="PASS" starttime="20230601 19:07:23.677" endtime="20230601 19:07:26.310"/>
</kw>
<kw name="Given Im on the signup page" library="test_keywords_signup">
<kw name="Location Should Be" library="SeleniumLibrary">
<arg>https://front.serverest.dev/login</arg>
<doc>Verifies that the current URL is exactly ``url``.</doc>
<msg timestamp="20230601 19:07:26.318" level="INFO">Current location is 'https://front.serverest.dev/login'.</msg>
<status status="PASS" starttime="20230601 19:07:26.312" endtime="20230601 19:07:26.319"/>
</kw>
<kw name="Click Element" library="SeleniumLibrary">
<arg>css=a.btn.btn-link</arg>
<doc>Click the element identified by ``locator``.</doc>
<msg timestamp="20230601 19:07:26.320" level="INFO">Clicking element 'css=a.btn.btn-link'.</msg>
<status status="PASS" starttime="20230601 19:07:26.319" endtime="20230601 19:07:26.424"/>
</kw>
<status status="PASS" starttime="20230601 19:07:26.311" endtime="20230601 19:07:26.424"/>
</kw>
<kw name="When I click in signup" library="test_keywords_signup">
<kw name="Click Button" library="SeleniumLibrary">
<arg>css=.btn.btn-primary</arg>
<doc>Clicks the button identified by ``locator``.</doc>
<msg timestamp="20230601 19:07:26.425" level="INFO">Clicking button 'css=.btn.btn-primary'.</msg>
<status status="PASS" starttime="20230601 19:07:26.425" endtime="20230601 19:07:26.501"/>
</kw>
<status status="PASS" starttime="20230601 19:07:26.424" endtime="20230601 19:07:26.502"/>
</kw>
<kw name="Then required field messages should be displayed" library="test_keywords_signup">
<kw name="Wait Until Element Is Visible" library="SeleniumLibrary">
<arg>css=.alert-dismissible</arg>
<arg>timeout=10s</arg>
<doc>Waits until the element ``locator`` is visible.</doc>
<status status="PASS" starttime="20230601 19:07:26.502" endtime="20230601 19:07:26.740"/>
</kw>
<kw name="Element Should Be Visible" library="SeleniumLibrary">
<arg>css=.alert-dismissible</arg>
<doc>Verifies that the element identified by ``locator`` is visible.</doc>
<msg timestamp="20230601 19:07:26.766" level="INFO">Element 'css=.alert-dismissible' is displayed.</msg>
<status status="PASS" starttime="20230601 19:07:26.740" endtime="20230601 19:07:26.766"/>
</kw>
<kw name="Page Should Contain" library="SeleniumLibrary">
<arg>Nome é obrigatório</arg>
<doc>Verifies that current page contains ``text``.</doc>
<msg timestamp="20230601 19:07:26.793" level="INFO">Current page contains text 'Nome é obrigatório'.</msg>
<status status="PASS" starttime="20230601 19:07:26.767" endtime="20230601 19:07:26.793"/>
</kw>
<kw name="Page Should Contain" library="SeleniumLibrary">
<arg>Email é obrigatório</arg>
<doc>Verifies that current page contains ``text``.</doc>
<msg timestamp="20230601 19:07:26.808" level="INFO">Current page contains text 'Email é obrigatório'.</msg>
<status status="PASS" starttime="20230601 19:07:26.793" endtime="20230601 19:07:26.808"/>
</kw>
<kw name="Page Should Contain" library="SeleniumLibrary">
<arg>Password é obrigatório</arg>
<doc>Verifies that current page contains ``text``.</doc>
<msg timestamp="20230601 19:07:26.824" level="INFO">Current page contains text 'Password é obrigatório'.</msg>
<status status="PASS" starttime="20230601 19:07:26.808" endtime="20230601 19:07:26.824"/>
</kw>
<status status="PASS" starttime="20230601 19:07:26.502" endtime="20230601 19:07:26.824"/>
</kw>
<kw name="After Tests" library="test_keywords_common" type="TEARDOWN">
<kw name="Close Browser" library="SeleniumLibrary">
<doc>Closes the current browser.</doc>
<status status="PASS" starttime="20230601 19:07:26.825" endtime="20230601 19:07:26.880"/>
</kw>
<status status="PASS" starttime="20230601 19:07:26.825" endtime="20230601 19:07:26.880"/>
</kw>
<tag>e2e</tag>
<status status="PASS" starttime="20230601 19:07:23.677" endtime="20230601 19:07:26.880"/>
</test>
<test id="s1-s2-s1-t2" name="Scenario: Signup done successfully" line="16">
<kw name="Before Tests" library="test_keywords_common" type="SETUP">
<kw name="Open Browser" library="SeleniumLibrary">
<arg>${SERVER_BASE_URL}</arg>
<arg>${HEADLESS} ${BROWSER}</arg>
<doc>Opens a new browser instance to the optional ``url``.</doc>
<msg timestamp="20230601 19:07:26.883" level="INFO">Opening browser 'headless Chrome' to base url 'https://front.serverest.dev/'.</msg>
<status status="PASS" starttime="20230601 19:07:26.882" endtime="20230601 19:07:28.097"/>
</kw>
<kw name="Maximize Browser Window" library="SeleniumLibrary">
<doc>Maximizes current browser window.</doc>
<status status="PASS" starttime="20230601 19:07:28.097" endtime="20230601 19:07:28.208"/>
</kw>
<status status="PASS" starttime="20230601 19:07:26.882" endtime="20230601 19:07:28.208"/>
</kw>
<kw name="Given Im on the signup page" library="test_keywords_signup">
<kw name="Location Should Be" library="SeleniumLibrary">
<arg>https://front.serverest.dev/login</arg>
<doc>Verifies that the current URL is exactly ``url``.</doc>
<msg timestamp="20230601 19:07:28.215" level="INFO">Current location is 'https://front.serverest.dev/login'.</msg>
<status status="PASS" starttime="20230601 19:07:28.209" endtime="20230601 19:07:28.215"/>
</kw>
<kw name="Click Element" library="SeleniumLibrary">
<arg>css=a.btn.btn-link</arg>
<doc>Click the element identified by ``locator``.</doc>
<msg timestamp="20230601 19:07:28.216" level="INFO">Clicking element 'css=a.btn.btn-link'.</msg>
<status status="PASS" starttime="20230601 19:07:28.215" endtime="20230601 19:07:28.312"/>
</kw>
<status status="PASS" starttime="20230601 19:07:28.208" endtime="20230601 19:07:28.312"/>
</kw>
<kw name="And I fill in the signup fields with valid data" library="test_keywords_signup">
<kw name="Name" library="FakerLibrary">
<var>${name}</var>
<doc>:example 'John Doe'</doc>
<msg timestamp="20230601 19:07:28.314" level="INFO">${name} = Kristin Mcclain</msg>
<status status="PASS" starttime="20230601 19:07:28.313" endtime="20230601 19:07:28.314"/>
</kw>
<kw name="Email" library="FakerLibrary">
<var>${email}</var>
<msg timestamp="20230601 19:07:28.314" level="INFO">${email} = hawkinssarah@example.net</msg>
<status status="PASS" starttime="20230601 19:07:28.314" endtime="20230601 19:07:28.315"/>
</kw>
<kw name="Password" library="FakerLibrary">
<var>${password}</var>
<arg>length=12</arg>
<arg>special_chars=False</arg>
<doc>Generate a random password of the specified ``length``.</doc>
<msg timestamp="20230601 19:07:28.315" level="INFO">${password} = 8DXFqSuwDU7S</msg>
<status status="PASS" starttime="20230601 19:07:28.315" endtime="20230601 19:07:28.315"/>
</kw>
<kw name="Input Text" library="SeleniumLibrary">
<arg>id:nome</arg>
<arg>${name}</arg>
<doc>Types the given ``text`` into the text field identified by ``locator``.</doc>
<msg timestamp="20230601 19:07:28.316" level="INFO">Typing text 'Kristin Mcclain' into text field 'id:nome'.</msg>
<status status="PASS" starttime="20230601 19:07:28.315" endtime="20230601 19:07:28.471"/>
</kw>
<kw name="Input Text" library="SeleniumLibrary">
<arg>id:email</arg>
<arg>${email}</arg>
<doc>Types the given ``text`` into the text field identified by ``locator``.</doc>
<msg timestamp="20230601 19:07:28.472" level="INFO">Typing text 'hawkinssarah@example.net' into text field 'id:email'.</msg>
<status status="PASS" starttime="20230601 19:07:28.471" endtime="20230601 19:07:28.602"/>
</kw>
<kw name="Input Text" library="SeleniumLibrary">
<arg>id:password</arg>
<arg>${password}</arg>
<doc>Types the given ``text`` into the text field identified by ``locator``.</doc>
<msg timestamp="20230601 19:07:28.603" level="INFO">Typing text '8DXFqSuwDU7S' into text field 'id:password'.</msg>
<status status="PASS" starttime="20230601 19:07:28.603" endtime="20230601 19:07:28.712"/>
</kw>
<kw name="Select Checkbox" library="SeleniumLibrary">
<arg>id=administrador</arg>
<doc>Selects the checkbox identified by ``locator``.</doc>
<msg timestamp="20230601 19:07:28.713" level="INFO">Selecting checkbox 'id=administrador'.</msg>
<status status="PASS" starttime="20230601 19:07:28.713" endtime="20230601 19:07:28.809"/>
</kw>
<kw name="Set Suite Variable" library="BuiltIn">
<arg>${name}</arg>
<doc>Makes a variable available everywhere within the scope of the current suite.</doc>
<msg timestamp="20230601 19:07:28.809" level="INFO">${name} = Kristin Mcclain</msg>
<status status="PASS" starttime="20230601 19:07:28.809" endtime="20230601 19:07:28.809"/>
</kw>
<kw name="Set Suite Variable" library="BuiltIn">
<arg>${email}</arg>
<doc>Makes a variable available everywhere within the scope of the current suite.</doc>
<msg timestamp="20230601 19:07:28.810" level="INFO">${email} = hawkinssarah@example.net</msg>
<status status="PASS" starttime="20230601 19:07:28.810" endtime="20230601 19:07:28.810"/>
</kw>
<kw name="Set Suite Variable" library="BuiltIn">
<arg>${password}</arg>
<doc>Makes a variable available everywhere within the scope of the current suite.</doc>
<msg timestamp="20230601 19:07:28.810" level="INFO">${password} = 8DXFqSuwDU7S</msg>
<status status="PASS" starttime="20230601 19:07:28.810" endtime="20230601 19:07:28.810"/>
</kw>
<status status="PASS" starttime="20230601 19:07:28.313" endtime="20230601 19:07:28.811"/>
</kw>
<kw name="When I click in signup" library="test_keywords_signup">
<kw name="Click Button" library="SeleniumLibrary">
<arg>css=.btn.btn-primary</arg>
<doc>Clicks the button identified by ``locator``.</doc>
<msg timestamp="20230601 19:07:28.812" level="INFO">Clicking button 'css=.btn.btn-primary'.</msg>
<status status="PASS" starttime="20230601 19:07:28.811" endtime="20230601 19:07:28.885"/>
</kw>
<status status="PASS" starttime="20230601 19:07:28.811" endtime="20230601 19:07:28.885"/>
</kw>
<kw name="Then the page should contain the text &quot;Cadastro realizado com sucesso&quot;" library="test_keywords_signup" sourcename="Then the page should contain the text &quot;${expected_text}&quot;">
<kw name="Wait Until Element Is Visible" library="SeleniumLibrary">
<arg>css=.alert-dismissible</arg>
<arg>timeout=10s</arg>
<doc>Waits until the element ``locator`` is visible.</doc>
<status status="PASS" starttime="20230601 19:07:28.885" endtime="20230601 19:07:29.125"/>
</kw>
<kw name="Element Should Be Visible" library="SeleniumLibrary">
<arg>css=.alert-dismissible</arg>
<doc>Verifies that the element identified by ``locator`` is visible.</doc>
<msg timestamp="20230601 19:07:29.149" level="INFO">Element 'css=.alert-dismissible' is displayed.</msg>
<status status="PASS" starttime="20230601 19:07:29.126" endtime="20230601 19:07:29.150"/>
</kw>
<kw name="Page Should Contain" library="SeleniumLibrary">
<arg>${expected_text}</arg>
<doc>Verifies that current page contains ``text``.</doc>
<msg timestamp="20230601 19:07:29.165" level="INFO">Current page contains text 'Cadastro realizado com sucesso'.</msg>
<status status="PASS" starttime="20230601 19:07:29.150" endtime="20230601 19:07:29.165"/>
</kw>
<status status="PASS" starttime="20230601 19:07:28.885" endtime="20230601 19:07:29.166"/>
</kw>
<kw name="After Tests" library="test_keywords_common" type="TEARDOWN">
<kw name="Close Browser" library="SeleniumLibrary">
<doc>Closes the current browser.</doc>
<status status="PASS" starttime="20230601 19:07:29.166" endtime="20230601 19:07:29.226"/>
</kw>
<status status="PASS" starttime="20230601 19:07:29.166" endtime="20230601 19:07:29.226"/>
</kw>
<tag>e2e</tag>
<status status="PASS" starttime="20230601 19:07:26.881" endtime="20230601 19:07:29.226"/>
</test>
<test id="s1-s2-s1-t3" name="Scenario: Signup with already used email" line="23">
<kw name="Before Tests" library="test_keywords_common" type="SETUP">
<kw name="Open Browser" library="SeleniumLibrary">
<arg>${SERVER_BASE_URL}</arg>
<arg>${HEADLESS} ${BROWSER}</arg>
<doc>Opens a new browser instance to the optional ``url``.</doc>
<msg timestamp="20230601 19:07:29.229" level="INFO">Opening browser 'headless Chrome' to base url 'https://front.serverest.dev/'.</msg>
<status status="PASS" starttime="20230601 19:07:29.228" endtime="20230601 19:07:30.522"/>
</kw>
<kw name="Maximize Browser Window" library="SeleniumLibrary">
<doc>Maximizes current browser window.</doc>
<status status="PASS" starttime="20230601 19:07:30.523" endtime="20230601 19:07:30.628"/>
</kw>
<status status="PASS" starttime="20230601 19:07:29.228" endtime="20230601 19:07:30.628"/>
</kw>
<kw name="Given Im on the signup page" library="test_keywords_signup">
<kw name="Location Should Be" library="SeleniumLibrary">
<arg>https://front.serverest.dev/login</arg>
<doc>Verifies that the current URL is exactly ``url``.</doc>
<msg timestamp="20230601 19:07:30.636" level="INFO">Current location is 'https://front.serverest.dev/login'.</msg>
<status status="PASS" starttime="20230601 19:07:30.630" endtime="20230601 19:07:30.636"/>
</kw>
<kw name="Click Element" library="SeleniumLibrary">
<arg>css=a.btn.btn-link</arg>
<doc>Click the element identified by ``locator``.</doc>
<msg timestamp="20230601 19:07:30.636" level="INFO">Clicking element 'css=a.btn.btn-link'.</msg>
<status status="PASS" starttime="20230601 19:07:30.636" endtime="20230601 19:07:30.731"/>
</kw>
<status status="PASS" starttime="20230601 19:07:30.629" endtime="20230601 19:07:30.731"/>
</kw>
<kw name="And I fill in the signup fields with an email already registered" library="test_keywords_signup">
<kw name="Input Text" library="SeleniumLibrary">
<arg>id:nome</arg>
<arg>${name}</arg>
<doc>Types the given ``text`` into the text field identified by ``locator``.</doc>
<msg timestamp="20230601 19:07:30.733" level="INFO">Typing text 'Kristin Mcclain' into text field 'id:nome'.</msg>
<status status="PASS" starttime="20230601 19:07:30.732" endtime="20230601 19:07:30.887"/>
</kw>
<kw name="Input Text" library="SeleniumLibrary">
<arg>id:email</arg>
<arg>${email}</arg>
<doc>Types the given ``text`` into the text field identified by ``locator``.</doc>
<msg timestamp="20230601 19:07:30.888" level="INFO">Typing text 'hawkinssarah@example.net' into text field 'id:email'.</msg>
<status status="PASS" starttime="20230601 19:07:30.887" endtime="20230601 19:07:31.037"/>
</kw>
<kw name="Input Text" library="SeleniumLibrary">
<arg>id:password</arg>
<arg>${password}</arg>
<doc>Types the given ``text`` into the text field identified by ``locator``.</doc>
<msg timestamp="20230601 19:07:31.038" level="INFO">Typing text '8DXFqSuwDU7S' into text field 'id:password'.</msg>
<status status="PASS" starttime="20230601 19:07:31.037" endtime="20230601 19:07:31.145"/>
</kw>
<kw name="Select Checkbox" library="SeleniumLibrary">
<arg>id=administrador</arg>
<doc>Selects the checkbox identified by ``locator``.</doc>
<msg timestamp="20230601 19:07:31.146" level="INFO">Selecting checkbox 'id=administrador'.</msg>
<status status="PASS" starttime="20230601 19:07:31.145" endtime="20230601 19:07:31.237"/>
</kw>
<status status="PASS" starttime="20230601 19:07:30.731" endtime="20230601 19:07:31.237"/>
</kw>
<kw name="When I click in signup" library="test_keywords_signup">
<kw name="Click Button" library="SeleniumLibrary">
<arg>css=.btn.btn-primary</arg>
<doc>Clicks the button identified by ``locator``.</doc>
<msg timestamp="20230601 19:07:31.238" level="INFO">Clicking button 'css=.btn.btn-primary'.</msg>
<status status="PASS" starttime="20230601 19:07:31.238" endtime="20230601 19:07:31.317"/>
</kw>
<status status="PASS" starttime="20230601 19:07:31.237" endtime="20230601 19:07:31.317"/>
</kw>
<kw name="Then the page should contain the text &quot;Este email já está sendo usado&quot;" library="test_keywords_signup" sourcename="Then the page should contain the text &quot;${expected_text}&quot;">
<kw name="Wait Until Element Is Visible" library="SeleniumLibrary">
<arg>css=.alert-dismissible</arg>
<arg>timeout=10s</arg>
<doc>Waits until the element ``locator`` is visible.</doc>
<status status="PASS" starttime="20230601 19:07:31.318" endtime="20230601 19:07:31.559"/>
</kw>
<kw name="Element Should Be Visible" library="SeleniumLibrary">
<arg>css=.alert-dismissible</arg>
<doc>Verifies that the element identified by ``locator`` is visible.</doc>
<msg timestamp="20230601 19:07:31.584" level="INFO">Element 'css=.alert-dismissible' is displayed.</msg>
<status status="PASS" starttime="20230601 19:07:31.560" endtime="20230601 19:07:31.584"/>
</kw>
<kw name="Page Should Contain" library="SeleniumLibrary">
<arg>${expected_text}</arg>
<doc>Verifies that current page contains ``text``.</doc>
<msg timestamp="20230601 19:07:31.601" level="INFO">Current page contains text 'Este email já está sendo usado'.</msg>
<status status="PASS" starttime="20230601 19:07:31.584" endtime="20230601 19:07:31.601"/>
</kw>
<status status="PASS" starttime="20230601 19:07:31.318" endtime="20230601 19:07:31.601"/>
</kw>
<kw name="After Tests" library="test_keywords_common" type="TEARDOWN">
<kw name="Close Browser" library="SeleniumLibrary">
<doc>Closes the current browser.</doc>
<status status="PASS" starttime="20230601 19:07:31.602" endtime="20230601 19:07:31.657"/>
</kw>
<status status="PASS" starttime="20230601 19:07:31.601" endtime="20230601 19:07:31.657"/>
</kw>
<tag>e2e</tag>
<status status="PASS" starttime="20230601 19:07:29.227" endtime="20230601 19:07:31.657"/>
</test>
<status status="PASS" starttime="20230601 19:07:23.669" endtime="20230601 19:07:31.658"/>
</suite>
<status status="PASS" starttime="20230601 19:07:23.667" endtime="20230601 19:07:31.659"/>
</suite>
<status status="PASS" starttime="20230601 19:07:22.597" endtime="20230601 19:07:31.660"/>
</suite>
<statistics>
<total>
<stat pass="8" fail="0" skip="0">All Tests</stat>
</total>
<tag>
<stat pass="5" fail="0" skip="0">api</stat>
<stat pass="3" fail="0" skip="0">e2e</stat>
</tag>
<suite>
<stat pass="8" fail="0" skip="0" id="s1" name="Tests">Tests</stat>
<stat pass="5" fail="0" skip="0" id="s1-s1" name="Api">Tests.Api</stat>
<stat pass="5" fail="0" skip="0" id="s1-s1-s1" name="Test Api Users">Tests.Api.Test Api Users</stat>
<stat pass="3" fail="0" skip="0" id="s1-s2" name="E2E">Tests.E2E</stat>
<stat pass="3" fail="0" skip="0" id="s1-s2-s1" name="Test Ui Signup">Tests.E2E.Test Ui Signup</stat>
</suite>
</statistics>
<errors>
</errors>
</robot>
