<?xml version="1.0" encoding="UTF-8"?>
<robot generator="Robot 6.0.2 (Python 3.8.16 on linux)" generated="20230524 01:06:58.113" rpa="false" schemaversion="3">
<suite id="s1" name="Tests" source="/home/runner/work/gen-ai-robot-test/gen-ai-robot-test/tests">
<suite id="s1-s1" name="Api" source="/home/runner/work/gen-ai-robot-test/gen-ai-robot-test/tests/api">
<suite id="s1-s1-s1" name="Test Api Users" source="/home/runner/work/gen-ai-robot-test/gen-ai-robot-test/tests/api/test_api_users.robot">
<test id="s1-s1-s1-t1" name="Scenario: Get all registered users" line="9">
<kw name="Before Tests" library="test_keywords_common" type="SETUP">
<kw name="Create Session" library="RequestsLibrary">
<arg>serverest</arg>
<arg>${SERVER_BASE_URL}</arg>
<arg>disable_warnings=True</arg>
<doc>Create Session: create a HTTP session to a server</doc>
<msg timestamp="20230524 01:06:58.879" level="INFO">Creating Session using : alias=serverest, url=https://serverest.dev, headers={},                     cookies={}, auth=None, timeout=None, proxies=None, verify=False,                     debug=0 </msg>
<status status="PASS" starttime="20230524 01:06:58.878" endtime="20230524 01:06:58.879"/>
</kw>
<status status="PASS" starttime="20230524 01:06:58.878" endtime="20230524 01:06:58.879"/>
</kw>
<kw name="When I request the list of all registered users" library="test_keywords_users">
<kw name="GET On Session" library="RequestsLibrary">
<var>${response}</var>
<arg>serverest</arg>
<arg>${USERS_API_ENDPOINT}</arg>
<doc>Sends a GET request on a previously created HTTP Session.</doc>
<msg timestamp="20230524 01:06:59.016" level="INFO">GET Request : url=https://serverest.dev/usuarios 
 path_url=/usuarios 
 headers={'User-Agent': 'python-requests/2.31.0', 'Accept-Encoding': 'gzip, deflate', 'Accept': '*/*', 'Connection': 'keep-alive'} 
 body=None 
 </msg>
<msg timestamp="20230524 01:06:59.016" level="INFO">GET Response : url=https://serverest.dev/usuarios 
 status=200, reason=OK 
 headers={'access-control-allow-origin': '*', 'x-dns-prefetch-control': 'off', 'x-frame-options': 'SAMEORIGIN', 'strict-transport-security': 'max-age=15552000; includeSubDomains', 'x-download-options': 'noopen', 'x-content-type-options': 'nosniff', 'x-xss-protection': '1; mode=block', 'x-moesif-transaction-id': '29b400c1-addf-43a3-b1cd-8239e6dfbc6f', 'content-type': 'application/json; charset=utf-8', 'X-Cloud-Trace-Context': '746f0e32182e6a0e13113f26a04a96fe;o=1', 'Date': 'Wed, 24 May 2023 01:06:59 GMT', 'Server': 'Google Frontend', 'Content-Length': '465'} 
 body={
    "quantidade": 2,
    "usuarios": [
        {
            "nome": "Fulano da Silva",
            "email": "fulano@qa.com",
            "password": "teste",
            "administrador": "true",
            "_id": "0uxuPY0cbmQhpEz1"
        },
        {
            "nome": "{{nome}}",
            "email": "Nikita@qa.com.br",
            "password": "tvr4L8vWMOH9oxR",
            "administrador": "true",
            "_id": "XohXQzi5RkC76aFr"
        }
    ]
} 
 </msg>
<msg timestamp="20230524 01:06:59.017" level="INFO">${response} = &lt;Response [200]&gt;</msg>
<status status="PASS" starttime="20230524 01:06:58.880" endtime="20230524 01:06:59.017"/>
</kw>
<kw name="Set Test Variable" library="BuiltIn">
<arg>${response}</arg>
<doc>Makes a variable available everywhere within the scope of the current test.</doc>
<msg timestamp="20230524 01:06:59.018" level="INFO">${response} = &lt;Response [200]&gt;</msg>
<status status="PASS" starttime="20230524 01:06:59.017" endtime="20230524 01:06:59.018"/>
</kw>
<status status="PASS" starttime="20230524 01:06:58.879" endtime="20230524 01:06:59.018"/>
</kw>
<kw name="Then the response status code should be 200" library="test_keywords_users" sourcename="Then the response status code should be ${status_code}">
<kw name="Should Be Equal As Numbers" library="BuiltIn">
<arg>${response.status_code}</arg>
<arg>${status_code}</arg>
<doc>Fails if objects are unequal after converting them to real numbers.</doc>
<msg timestamp="20230524 01:06:59.020" level="INFO">Argument types are:
&lt;class 'int'&gt;
&lt;class 'str'&gt;</msg>
<status status="PASS" starttime="20230524 01:06:59.019" endtime="20230524 01:06:59.020"/>
</kw>
<kw name="Should Be True" library="BuiltIn">
<arg>${response.json()}</arg>
<doc>Fails if the given condition is not true.</doc>
<status status="PASS" starttime="20230524 01:06:59.021" endtime="20230524 01:06:59.021"/>
</kw>
<status status="PASS" starttime="20230524 01:06:59.018" endtime="20230524 01:06:59.021"/>
</kw>
<kw name="And the response body should not be empty" library="test_keywords_users">
<kw name="Should Not Be Empty" library="BuiltIn">
<arg>${response.json()}</arg>
<doc>Verifies that the given item is not empty.</doc>
<msg timestamp="20230524 01:06:59.023" level="INFO">Length is 2</msg>
<status status="PASS" starttime="20230524 01:06:59.022" endtime="20230524 01:06:59.023"/>
</kw>
<status status="PASS" starttime="20230524 01:06:59.022" endtime="20230524 01:06:59.023"/>
</kw>
<tag>api</tag>
<status status="PASS" starttime="20230524 01:06:58.877" endtime="20230524 01:06:59.023"/>
</test>
<test id="s1-s1-s1-t2" name="Scenario: Create a new user" line="15">
<kw name="Before Tests" library="test_keywords_common" type="SETUP">
<kw name="Create Session" library="RequestsLibrary">
<arg>serverest</arg>
<arg>${SERVER_BASE_URL}</arg>
<arg>disable_warnings=True</arg>
<doc>Create Session: create a HTTP session to a server</doc>
<msg timestamp="20230524 01:06:59.025" level="INFO">Creating Session using : alias=serverest, url=https://serverest.dev, headers={},                     cookies={}, auth=None, timeout=None, proxies=None, verify=False,                     debug=0 </msg>
<status status="PASS" starttime="20230524 01:06:59.025" endtime="20230524 01:06:59.025"/>
</kw>
<status status="PASS" starttime="20230524 01:06:59.024" endtime="20230524 01:06:59.025"/>
</kw>
<kw name="Given I have a valid user data" library="test_keywords_users">
<kw name="Name" library="FakerLibrary">
<var>${name}</var>
<doc>:example 'John Doe'</doc>
<msg timestamp="20230524 01:06:59.026" level="INFO">${name} = Allison Smith</msg>
<status status="PASS" starttime="20230524 01:06:59.026" endtime="20230524 01:06:59.026"/>
</kw>
<kw name="Email" library="FakerLibrary">
<var>${email}</var>
<msg timestamp="20230524 01:06:59.027" level="INFO">${email} = harringtonmichael@example.org</msg>
<status status="PASS" starttime="20230524 01:06:59.027" endtime="20230524 01:06:59.027"/>
</kw>
<kw name="Password" library="FakerLibrary">
<var>${password}</var>
<arg>length=12</arg>
<arg>special_chars=False</arg>
<doc>Generate a random password of the specified ``length``.</doc>
<msg timestamp="20230524 01:06:59.028" level="INFO">${password} = XQdkCFON1XER</msg>
<status status="PASS" starttime="20230524 01:06:59.027" endtime="20230524 01:06:59.028"/>
</kw>
<kw name="Set Suite Variable" library="BuiltIn">
<arg>${name}</arg>
<doc>Makes a variable available everywhere within the scope of the current suite.</doc>
<msg timestamp="20230524 01:06:59.028" level="INFO">${name} = Allison Smith</msg>
<status status="PASS" starttime="20230524 01:06:59.028" endtime="20230524 01:06:59.028"/>
</kw>
<kw name="Set Suite Variable" library="BuiltIn">
<arg>${email}</arg>
<doc>Makes a variable available everywhere within the scope of the current suite.</doc>
<msg timestamp="20230524 01:06:59.029" level="INFO">${email} = harringtonmichael@example.org</msg>
<status status="PASS" starttime="20230524 01:06:59.028" endtime="20230524 01:06:59.029"/>
</kw>
<kw name="Set Suite Variable" library="BuiltIn">
<arg>${password}</arg>
<doc>Makes a variable available everywhere within the scope of the current suite.</doc>
<msg timestamp="20230524 01:06:59.029" level="INFO">${password} = XQdkCFON1XER</msg>
<status status="PASS" starttime="20230524 01:06:59.029" endtime="20230524 01:06:59.029"/>
</kw>
<status status="PASS" starttime="20230524 01:06:59.026" endtime="20230524 01:06:59.029"/>
</kw>
<kw name="When I create the user" library="test_keywords_users">
<kw name="Create Dictionary" library="BuiltIn">
<var>${payload}</var>
<arg>nome=${name}</arg>
<arg>email=${email}</arg>
<arg>password=${password}</arg>
<arg>administrador=false</arg>
<doc>Creates and returns a dictionary based on the given ``items``.</doc>
<msg timestamp="20230524 01:06:59.030" level="INFO">${payload} = {'nome': 'Allison Smith', 'email': 'harringtonmichael@example.org', 'password': 'XQdkCFON1XER', 'administrador': 'false'}</msg>
<status status="PASS" starttime="20230524 01:06:59.030" endtime="20230524 01:06:59.030"/>
</kw>
<kw name="Create Dictionary" library="BuiltIn">
<var>${headers}</var>
<arg>Content-Type=application/json</arg>
<doc>Creates and returns a dictionary based on the given ``items``.</doc>
<msg timestamp="20230524 01:06:59.031" level="INFO">${headers} = {'Content-Type': 'application/json'}</msg>
<status status="PASS" starttime="20230524 01:06:59.030" endtime="20230524 01:06:59.031"/>
</kw>
<kw name="POST On Session" library="RequestsLibrary">
<var>${response}</var>
<arg>serverest</arg>
<arg>${USERS_API_ENDPOINT}</arg>
<arg>json=${payload}</arg>
<arg>headers=${headers}</arg>
<doc>Sends a POST request on a previously created HTTP Session.</doc>
<msg timestamp="20230524 01:06:59.106" level="INFO">POST Request : url=https://serverest.dev/usuarios 
 path_url=/usuarios 
 headers={'User-Agent': 'python-requests/2.31.0', 'Accept-Encoding': 'gzip, deflate', 'Accept': '*/*', 'Connection': 'keep-alive', 'Content-Type': 'application/json', 'Content-Length': '121'} 
 body=b'{"nome": "Allison Smith", "email": "harringtonmichael@example.org", "password": "XQdkCFON1XER", "administrador": "false"}' 
 </msg>
<msg timestamp="20230524 01:06:59.107" level="INFO">POST Response : url=https://serverest.dev/usuarios 
 status=201, reason=Created 
 headers={'access-control-allow-origin': '*', 'x-dns-prefetch-control': 'off', 'x-frame-options': 'SAMEORIGIN', 'strict-transport-security': 'max-age=15552000; includeSubDomains', 'x-download-options': 'noopen', 'x-content-type-options': 'nosniff', 'x-xss-protection': '1; mode=block', 'x-moesif-transaction-id': '1f67c654-21f0-4c9a-9779-9fd632527228', 'content-type': 'application/json; charset=utf-8', 'X-Cloud-Trace-Context': 'cc31e57f551c86366f19f60f253e0931', 'Date': 'Wed, 24 May 2023 01:06:59 GMT', 'Server': 'Google Frontend', 'Content-Length': '82'} 
 body={
    "message": "Cadastro realizado com sucesso",
    "_id": "qijRjNmD0kZUqNZ3"
} 
 </msg>
<msg timestamp="20230524 01:06:59.107" level="INFO">${response} = &lt;Response [201]&gt;</msg>
<status status="PASS" starttime="20230524 01:06:59.031" endtime="20230524 01:06:59.107"/>
</kw>
<kw name="Set Variable" library="BuiltIn">
<var>${user_id}</var>
<arg>${response.json()['_id']}</arg>
<doc>Returns the given values which can then be assigned to a variables.</doc>
<msg timestamp="20230524 01:06:59.108" level="INFO">${user_id} = qijRjNmD0kZUqNZ3</msg>
<status status="PASS" starttime="20230524 01:06:59.107" endtime="20230524 01:06:59.108"/>
</kw>
<kw name="Set Global Variable" library="BuiltIn">
<arg>${USER_ID}</arg>
<arg>${user_id}</arg>
<doc>Makes a variable available globally in all tests and suites.</doc>
<msg timestamp="20230524 01:06:59.109" level="INFO">${USER_ID} = qijRjNmD0kZUqNZ3</msg>
<status status="PASS" starttime="20230524 01:06:59.109" endtime="20230524 01:06:59.109"/>
</kw>
<kw name="Set Test Variable" library="BuiltIn">
<arg>${response}</arg>
<doc>Makes a variable available everywhere within the scope of the current test.</doc>
<msg timestamp="20230524 01:06:59.110" level="INFO">${response} = &lt;Response [201]&gt;</msg>
<status status="PASS" starttime="20230524 01:06:59.109" endtime="20230524 01:06:59.110"/>
</kw>
<status status="PASS" starttime="20230524 01:06:59.029" endtime="20230524 01:06:59.110"/>
</kw>
<kw name="Then the response status code should be 201" library="test_keywords_users" sourcename="Then the response status code should be ${status_code}">
<kw name="Should Be Equal As Numbers" library="BuiltIn">
<arg>${response.status_code}</arg>
<arg>${status_code}</arg>
<doc>Fails if objects are unequal after converting them to real numbers.</doc>
<msg timestamp="20230524 01:06:59.112" level="INFO">Argument types are:
&lt;class 'int'&gt;
&lt;class 'str'&gt;</msg>
<status status="PASS" starttime="20230524 01:06:59.111" endtime="20230524 01:06:59.112"/>
</kw>
<kw name="Should Be True" library="BuiltIn">
<arg>${response.json()}</arg>
<doc>Fails if the given condition is not true.</doc>
<status status="PASS" starttime="20230524 01:06:59.112" endtime="20230524 01:06:59.113"/>
</kw>
<status status="PASS" starttime="20230524 01:06:59.110" endtime="20230524 01:06:59.113"/>
</kw>
<kw name="And the response body should not be empty" library="test_keywords_users">
<kw name="Should Not Be Empty" library="BuiltIn">
<arg>${response.json()}</arg>
<doc>Verifies that the given item is not empty.</doc>
<msg timestamp="20230524 01:06:59.114" level="INFO">Length is 2</msg>
<status status="PASS" starttime="20230524 01:06:59.113" endtime="20230524 01:06:59.114"/>
</kw>
<status status="PASS" starttime="20230524 01:06:59.113" endtime="20230524 01:06:59.114"/>
</kw>
<tag>api</tag>
<status status="PASS" starttime="20230524 01:06:59.024" endtime="20230524 01:06:59.114"/>
</test>
<test id="s1-s1-s1-t3" name="Scenario: Get a specific user informations" line="22">
<kw name="Before Tests" library="test_keywords_common" type="SETUP">
<kw name="Create Session" library="RequestsLibrary">
<arg>serverest</arg>
<arg>${SERVER_BASE_URL}</arg>
<arg>disable_warnings=True</arg>
<doc>Create Session: create a HTTP session to a server</doc>
<msg timestamp="20230524 01:06:59.116" level="INFO">Creating Session using : alias=serverest, url=https://serverest.dev, headers={},                     cookies={}, auth=None, timeout=None, proxies=None, verify=False,                     debug=0 </msg>
<status status="PASS" starttime="20230524 01:06:59.116" endtime="20230524 01:06:59.117"/>
</kw>
<status status="PASS" starttime="20230524 01:06:59.115" endtime="20230524 01:06:59.117"/>
</kw>
<kw name="When I request the created user" library="test_keywords_users">
<kw name="GET On Session" library="RequestsLibrary">
<var>${response}</var>
<arg>serverest</arg>
<arg>${USERS_API_ENDPOINT}/${USER_ID}</arg>
<doc>Sends a GET request on a previously created HTTP Session.</doc>
<msg timestamp="20230524 01:06:59.191" level="INFO">GET Request : url=https://serverest.dev/usuarios/qijRjNmD0kZUqNZ3 
 path_url=/usuarios/qijRjNmD0kZUqNZ3 
 headers={'User-Agent': 'python-requests/2.31.0', 'Accept-Encoding': 'gzip, deflate', 'Accept': '*/*', 'Connection': 'keep-alive'} 
 body=None 
 </msg>
<msg timestamp="20230524 01:06:59.191" level="INFO">GET Response : url=https://serverest.dev/usuarios/qijRjNmD0kZUqNZ3 
 status=200, reason=OK 
 headers={'access-control-allow-origin': '*', 'x-dns-prefetch-control': 'off', 'x-frame-options': 'SAMEORIGIN', 'strict-transport-security': 'max-age=15552000; includeSubDomains', 'x-download-options': 'noopen', 'x-content-type-options': 'nosniff', 'x-xss-protection': '1; mode=block', 'x-moesif-transaction-id': '4a517cd6-827a-427d-b57d-6b99c4ec71e0', 'content-type': 'application/json; charset=utf-8', 'X-Cloud-Trace-Context': '3d583da1c9d8c8f4d3560c98eac483a4', 'Date': 'Wed, 24 May 2023 01:06:59 GMT', 'Server': 'Google Frontend', 'Content-Length': '170'} 
 body={
    "nome": "Allison Smith",
    "email": "harringtonmichael@example.org",
    "password": "XQdkCFON1XER",
    "administrador": "false",
    "_id": "qijRjNmD0kZUqNZ3"
} 
 </msg>
<msg timestamp="20230524 01:06:59.191" level="INFO">${response} = &lt;Response [200]&gt;</msg>
<status status="PASS" starttime="20230524 01:06:59.117" endtime="20230524 01:06:59.191"/>
</kw>
<kw name="Set Test Variable" library="BuiltIn">
<arg>${response}</arg>
<doc>Makes a variable available everywhere within the scope of the current test.</doc>
<msg timestamp="20230524 01:06:59.192" level="INFO">${response} = &lt;Response [200]&gt;</msg>
<status status="PASS" starttime="20230524 01:06:59.192" endtime="20230524 01:06:59.192"/>
</kw>
<status status="PASS" starttime="20230524 01:06:59.117" endtime="20230524 01:06:59.192"/>
</kw>
<kw name="Then the response status code should be 200" library="test_keywords_users" sourcename="Then the response status code should be ${status_code}">
<kw name="Should Be Equal As Numbers" library="BuiltIn">
<arg>${response.status_code}</arg>
<arg>${status_code}</arg>
<doc>Fails if objects are unequal after converting them to real numbers.</doc>
<msg timestamp="20230524 01:06:59.194" level="INFO">Argument types are:
&lt;class 'int'&gt;
&lt;class 'str'&gt;</msg>
<status status="PASS" starttime="20230524 01:06:59.193" endtime="20230524 01:06:59.194"/>
</kw>
<kw name="Should Be True" library="BuiltIn">
<arg>${response.json()}</arg>
<doc>Fails if the given condition is not true.</doc>
<status status="PASS" starttime="20230524 01:06:59.194" endtime="20230524 01:06:59.195"/>
</kw>
<status status="PASS" starttime="20230524 01:06:59.193" endtime="20230524 01:06:59.195"/>
</kw>
<kw name="And the response body should not be empty" library="test_keywords_users">
<kw name="Should Not Be Empty" library="BuiltIn">
<arg>${response.json()}</arg>
<doc>Verifies that the given item is not empty.</doc>
<msg timestamp="20230524 01:06:59.196" level="INFO">Length is 5</msg>
<status status="PASS" starttime="20230524 01:06:59.196" endtime="20230524 01:06:59.196"/>
</kw>
<status status="PASS" starttime="20230524 01:06:59.195" endtime="20230524 01:06:59.196"/>
</kw>
<tag>api</tag>
<status status="PASS" starttime="20230524 01:06:59.115" endtime="20230524 01:06:59.197"/>
</test>
<test id="s1-s1-s1-t4" name="Scenario: Update the created user" line="28">
<kw name="Before Tests" library="test_keywords_common" type="SETUP">
<kw name="Create Session" library="RequestsLibrary">
<arg>serverest</arg>
<arg>${SERVER_BASE_URL}</arg>
<arg>disable_warnings=True</arg>
<doc>Create Session: create a HTTP session to a server</doc>
<msg timestamp="20230524 01:06:59.199" level="INFO">Creating Session using : alias=serverest, url=https://serverest.dev, headers={},                     cookies={}, auth=None, timeout=None, proxies=None, verify=False,                     debug=0 </msg>
<status status="PASS" starttime="20230524 01:06:59.198" endtime="20230524 01:06:59.199"/>
</kw>
<status status="PASS" starttime="20230524 01:06:59.198" endtime="20230524 01:06:59.199"/>
</kw>
<kw name="When I update the created user" library="test_keywords_users">
<kw name="Create Dictionary" library="BuiltIn">
<var>${payload}</var>
<arg>nome=John Smith</arg>
<arg>email=john.smith@example.com</arg>
<arg>password=P@ssw0rd123</arg>
<arg>administrador=false</arg>
<doc>Creates and returns a dictionary based on the given ``items``.</doc>
<msg timestamp="20230524 01:06:59.200" level="INFO">${payload} = {'nome': 'John Smith', 'email': 'john.smith@example.com', 'password': 'P@ssw0rd123', 'administrador': 'false'}</msg>
<status status="PASS" starttime="20230524 01:06:59.199" endtime="20230524 01:06:59.200"/>
</kw>
<kw name="Create Dictionary" library="BuiltIn">
<var>${headers}</var>
<arg>Content-Type=application/json</arg>
<doc>Creates and returns a dictionary based on the given ``items``.</doc>
<msg timestamp="20230524 01:06:59.200" level="INFO">${headers} = {'Content-Type': 'application/json'}</msg>
<status status="PASS" starttime="20230524 01:06:59.200" endtime="20230524 01:06:59.200"/>
</kw>
<kw name="PUT On Session" library="RequestsLibrary">
<var>${response}</var>
<arg>serverest</arg>
<arg>${USERS_API_ENDPOINT}/${USER_ID}</arg>
<arg>json=${payload}</arg>
<arg>headers=${headers}</arg>
<doc>Sends a PUT request on a previously created HTTP Session.</doc>
<msg timestamp="20230524 01:06:59.278" level="INFO">PUT Request : url=https://serverest.dev/usuarios/qijRjNmD0kZUqNZ3 
 path_url=/usuarios/qijRjNmD0kZUqNZ3 
 headers={'User-Agent': 'python-requests/2.31.0', 'Accept-Encoding': 'gzip, deflate', 'Accept': '*/*', 'Connection': 'keep-alive', 'Content-Type': 'application/json', 'Content-Length': '110'} 
 body=b'{"nome": "John Smith", "email": "john.smith@example.com", "password": "P@ssw0rd123", "administrador": "false"}' 
 </msg>
<msg timestamp="20230524 01:06:59.278" level="INFO">PUT Response : url=https://serverest.dev/usuarios/qijRjNmD0kZUqNZ3 
 status=200, reason=OK 
 headers={'access-control-allow-origin': '*', 'x-dns-prefetch-control': 'off', 'x-frame-options': 'SAMEORIGIN', 'strict-transport-security': 'max-age=15552000; includeSubDomains', 'x-download-options': 'noopen', 'x-content-type-options': 'nosniff', 'x-xss-protection': '1; mode=block', 'x-moesif-transaction-id': '68b0f308-ee64-41e5-8a28-517744a0ac4e', 'content-type': 'application/json; charset=utf-8', 'X-Cloud-Trace-Context': '776ca7fc811ebbf2325a663b657a4930', 'Date': 'Wed, 24 May 2023 01:06:59 GMT', 'Server': 'Google Frontend', 'Content-Length': '50'} 
 body={
    "message": "Registro alterado com sucesso"
} 
 </msg>
<msg timestamp="20230524 01:06:59.279" level="INFO">${response} = &lt;Response [200]&gt;</msg>
<status status="PASS" starttime="20230524 01:06:59.200" endtime="20230524 01:06:59.279"/>
</kw>
<kw name="Set Test Variable" library="BuiltIn">
<arg>${response}</arg>
<doc>Makes a variable available everywhere within the scope of the current test.</doc>
<msg timestamp="20230524 01:06:59.279" level="INFO">${response} = &lt;Response [200]&gt;</msg>
<status status="PASS" starttime="20230524 01:06:59.279" endtime="20230524 01:06:59.280"/>
</kw>
<status status="PASS" starttime="20230524 01:06:59.199" endtime="20230524 01:06:59.280"/>
</kw>
<kw name="Then the response status code should be 200" library="test_keywords_users" sourcename="Then the response status code should be ${status_code}">
<kw name="Should Be Equal As Numbers" library="BuiltIn">
<arg>${response.status_code}</arg>
<arg>${status_code}</arg>
<doc>Fails if objects are unequal after converting them to real numbers.</doc>
<msg timestamp="20230524 01:06:59.282" level="INFO">Argument types are:
&lt;class 'int'&gt;
&lt;class 'str'&gt;</msg>
<status status="PASS" starttime="20230524 01:06:59.281" endtime="20230524 01:06:59.282"/>
</kw>
<kw name="Should Be True" library="BuiltIn">
<arg>${response.json()}</arg>
<doc>Fails if the given condition is not true.</doc>
<status status="PASS" starttime="20230524 01:06:59.282" endtime="20230524 01:06:59.283"/>
</kw>
<status status="PASS" starttime="20230524 01:06:59.280" endtime="20230524 01:06:59.284"/>
</kw>
<kw name="And the response body should not be empty" library="test_keywords_users">
<kw name="Should Not Be Empty" library="BuiltIn">
<arg>${response.json()}</arg>
<doc>Verifies that the given item is not empty.</doc>
<msg timestamp="20230524 01:06:59.285" level="INFO">Length is 1</msg>
<status status="PASS" starttime="20230524 01:06:59.284" endtime="20230524 01:06:59.285"/>
</kw>
<status status="PASS" starttime="20230524 01:06:59.284" endtime="20230524 01:06:59.285"/>
</kw>
<tag>api</tag>
<status status="PASS" starttime="20230524 01:06:59.197" endtime="20230524 01:06:59.286"/>
</test>
<test id="s1-s1-s1-t5" name="Scenario: Delete the created user" line="34">
<kw name="Before Tests" library="test_keywords_common" type="SETUP">
<kw name="Create Session" library="RequestsLibrary">
<arg>serverest</arg>
<arg>${SERVER_BASE_URL}</arg>
<arg>disable_warnings=True</arg>
<doc>Create Session: create a HTTP session to a server</doc>
<msg timestamp="20230524 01:06:59.288" level="INFO">Creating Session using : alias=serverest, url=https://serverest.dev, headers={},                     cookies={}, auth=None, timeout=None, proxies=None, verify=False,                     debug=0 </msg>
<status status="PASS" starttime="20230524 01:06:59.287" endtime="20230524 01:06:59.288"/>
</kw>
<status status="PASS" starttime="20230524 01:06:59.287" endtime="20230524 01:06:59.288"/>
</kw>
<kw name="When I delete the created user" library="test_keywords_users">
<kw name="DELETE On Session" library="RequestsLibrary">
<var>${response}</var>
<arg>serverest</arg>
<arg>${USERS_API_ENDPOINT}/${USER_ID}</arg>
<doc>Sends a DELETE request on a previously created HTTP Session.</doc>
<msg timestamp="20230524 01:06:59.354" level="INFO">DELETE Request : url=https://serverest.dev/usuarios/qijRjNmD0kZUqNZ3 
 path_url=/usuarios/qijRjNmD0kZUqNZ3 
 headers={'User-Agent': 'python-requests/2.31.0', 'Accept-Encoding': 'gzip, deflate', 'Accept': '*/*', 'Connection': 'keep-alive', 'Content-Length': '0'} 
 body=None 
 </msg>
<msg timestamp="20230524 01:06:59.355" level="INFO">DELETE Response : url=https://serverest.dev/usuarios/qijRjNmD0kZUqNZ3 
 status=200, reason=OK 
 headers={'access-control-allow-origin': '*', 'x-dns-prefetch-control': 'off', 'x-frame-options': 'SAMEORIGIN', 'strict-transport-security': 'max-age=15552000; includeSubDomains', 'x-download-options': 'noopen', 'x-content-type-options': 'nosniff', 'x-xss-protection': '1; mode=block', 'x-moesif-transaction-id': '813eb729-bfab-4c87-95ca-1a397336ef99', 'content-type': 'application/json; charset=utf-8', 'X-Cloud-Trace-Context': 'd4830605e18e2f9aefc504a24f8ab70d', 'Date': 'Wed, 24 May 2023 01:06:59 GMT', 'Server': 'Google Frontend', 'Content-Length': '51'} 
 body={
    "message": "Registro excluído com sucesso"
} 
 </msg>
<msg timestamp="20230524 01:06:59.355" level="INFO">${response} = &lt;Response [200]&gt;</msg>
<status status="PASS" starttime="20230524 01:06:59.289" endtime="20230524 01:06:59.355"/>
</kw>
<kw name="Set Test Variable" library="BuiltIn">
<arg>${response}</arg>
<doc>Makes a variable available everywhere within the scope of the current test.</doc>
<msg timestamp="20230524 01:06:59.356" level="INFO">${response} = &lt;Response [200]&gt;</msg>
<status status="PASS" starttime="20230524 01:06:59.355" endtime="20230524 01:06:59.356"/>
</kw>
<status status="PASS" starttime="20230524 01:06:59.288" endtime="20230524 01:06:59.356"/>
</kw>
<kw name="Then the response status code should be 200" library="test_keywords_users" sourcename="Then the response status code should be ${status_code}">
<kw name="Should Be Equal As Numbers" library="BuiltIn">
<arg>${response.status_code}</arg>
<arg>${status_code}</arg>
<doc>Fails if objects are unequal after converting them to real numbers.</doc>
<msg timestamp="20230524 01:06:59.357" level="INFO">Argument types are:
&lt;class 'int'&gt;
&lt;class 'str'&gt;</msg>
<status status="PASS" starttime="20230524 01:06:59.357" endtime="20230524 01:06:59.357"/>
</kw>
<kw name="Should Be True" library="BuiltIn">
<arg>${response.json()}</arg>
<doc>Fails if the given condition is not true.</doc>
<status status="PASS" starttime="20230524 01:06:59.358" endtime="20230524 01:06:59.358"/>
</kw>
<status status="PASS" starttime="20230524 01:06:59.356" endtime="20230524 01:06:59.358"/>
</kw>
<kw name="And the response body should not be empty" library="test_keywords_users">
<kw name="Should Not Be Empty" library="BuiltIn">
<arg>${response.json()}</arg>
<doc>Verifies that the given item is not empty.</doc>
<msg timestamp="20230524 01:06:59.359" level="INFO">Length is 1</msg>
<status status="PASS" starttime="20230524 01:06:59.359" endtime="20230524 01:06:59.360"/>
</kw>
<status status="PASS" starttime="20230524 01:06:59.358" endtime="20230524 01:06:59.360"/>
</kw>
<tag>api</tag>
<status status="PASS" starttime="20230524 01:06:59.286" endtime="20230524 01:06:59.360"/>
</test>
<status status="PASS" starttime="20230524 01:06:58.138" endtime="20230524 01:06:59.361"/>
</suite>
<status status="PASS" starttime="20230524 01:06:58.136" endtime="20230524 01:06:59.362"/>
</suite>
<suite id="s1-s2" name="Ui" source="/home/runner/work/gen-ai-robot-test/gen-ai-robot-test/tests/ui">
<suite id="s1-s2-s1" name="Test Ui Signup" source="/home/runner/work/gen-ai-robot-test/gen-ai-robot-test/tests/ui/test_ui_signup.robot">
<test id="s1-s2-s1-t1" name="Scenario: Signup with empty fields" line="10">
<kw name="Before Tests" library="test_keywords_common" type="SETUP">
<kw name="Open Browser" library="SeleniumLibrary">
<arg>${SERVER_BASE_URL}</arg>
<arg>${HEADLESS} ${BROWSER}</arg>
<doc>Opens a new browser instance to the optional ``url``.</doc>
<msg timestamp="20230524 01:06:59.374" level="INFO">Opening browser 'headless Chrome' to base url 'https://front.serverest.dev/'.</msg>
<status status="PASS" starttime="20230524 01:06:59.373" endtime="20230524 01:07:11.751"/>
</kw>
<kw name="Maximize Browser Window" library="SeleniumLibrary">
<doc>Maximizes current browser window.</doc>
<status status="PASS" starttime="20230524 01:07:11.752" endtime="20230524 01:07:11.873"/>
</kw>
<status status="PASS" starttime="20230524 01:06:59.373" endtime="20230524 01:07:11.873"/>
</kw>
<kw name="Given Im on the signup page" library="test_keywords_signup">
<kw name="Location Should Be" library="SeleniumLibrary">
<arg>https://front.serverest.dev/login</arg>
<doc>Verifies that the current URL is exactly ``url``.</doc>
<msg timestamp="20230524 01:07:11.879" level="INFO">Current location is 'https://front.serverest.dev/login'.</msg>
<status status="PASS" starttime="20230524 01:07:11.874" endtime="20230524 01:07:11.879"/>
</kw>
<kw name="Click Element" library="SeleniumLibrary">
<arg>css=a.btn.btn-link</arg>
<doc>Click the element identified by ``locator``.</doc>
<msg timestamp="20230524 01:07:11.880" level="INFO">Clicking element 'css=a.btn.btn-link'.</msg>
<status status="PASS" starttime="20230524 01:07:11.879" endtime="20230524 01:07:12.091"/>
</kw>
<status status="PASS" starttime="20230524 01:07:11.873" endtime="20230524 01:07:12.092"/>
</kw>
<kw name="When I click in signup" library="test_keywords_signup">
<kw name="Click Button" library="SeleniumLibrary">
<arg>css=.btn.btn-primary</arg>
<doc>Clicks the button identified by ``locator``.</doc>
<msg timestamp="20230524 01:07:12.093" level="INFO">Clicking button 'css=.btn.btn-primary'.</msg>
<status status="PASS" starttime="20230524 01:07:12.092" endtime="20230524 01:07:12.270"/>
</kw>
<status status="PASS" starttime="20230524 01:07:12.092" endtime="20230524 01:07:12.270"/>
</kw>
<kw name="Then required field messages should be displayed" library="test_keywords_signup">
<kw name="Wait Until Element Is Visible" library="SeleniumLibrary">
<arg>css=.alert-dismissible</arg>
<arg>timeout=10s</arg>
<doc>Waits until the element ``locator`` is visible.</doc>
<status status="PASS" starttime="20230524 01:07:12.270" endtime="20230524 01:07:12.523"/>
</kw>
<kw name="Element Should Be Visible" library="SeleniumLibrary">
<arg>css=.alert-dismissible</arg>
<doc>Verifies that the element identified by ``locator`` is visible.</doc>
<msg timestamp="20230524 01:07:12.556" level="INFO">Element 'css=.alert-dismissible' is displayed.</msg>
<status status="PASS" starttime="20230524 01:07:12.523" endtime="20230524 01:07:12.556"/>
</kw>
<kw name="Page Should Contain" library="SeleniumLibrary">
<arg>Nome é obrigatório</arg>
<doc>Verifies that current page contains ``text``.</doc>
<msg timestamp="20230524 01:07:12.604" level="INFO">Current page contains text 'Nome é obrigatório'.</msg>
<status status="PASS" starttime="20230524 01:07:12.556" endtime="20230524 01:07:12.604"/>
</kw>
<kw name="Page Should Contain" library="SeleniumLibrary">
<arg>Email é obrigatório</arg>
<doc>Verifies that current page contains ``text``.</doc>
<msg timestamp="20230524 01:07:12.622" level="INFO">Current page contains text 'Email é obrigatório'.</msg>
<status status="PASS" starttime="20230524 01:07:12.604" endtime="20230524 01:07:12.622"/>
</kw>
<kw name="Page Should Contain" library="SeleniumLibrary">
<arg>Password é obrigatório</arg>
<doc>Verifies that current page contains ``text``.</doc>
<msg timestamp="20230524 01:07:12.638" level="INFO">Current page contains text 'Password é obrigatório'.</msg>
<status status="PASS" starttime="20230524 01:07:12.622" endtime="20230524 01:07:12.638"/>
</kw>
<status status="PASS" starttime="20230524 01:07:12.270" endtime="20230524 01:07:12.639"/>
</kw>
<kw name="After Tests" library="test_keywords_common" type="TEARDOWN">
<kw name="Close Browser" library="SeleniumLibrary">
<doc>Closes the current browser.</doc>
<status status="PASS" starttime="20230524 01:07:12.639" endtime="20230524 01:07:12.696"/>
</kw>
<status status="PASS" starttime="20230524 01:07:12.639" endtime="20230524 01:07:12.696"/>
</kw>
<tag>ui</tag>
<status status="PASS" starttime="20230524 01:06:59.373" endtime="20230524 01:07:12.696"/>
</test>
<test id="s1-s2-s1-t2" name="Scenario: Signup done successfully" line="16">
<kw name="Before Tests" library="test_keywords_common" type="SETUP">
<kw name="Open Browser" library="SeleniumLibrary">
<arg>${SERVER_BASE_URL}</arg>
<arg>${HEADLESS} ${BROWSER}</arg>
<doc>Opens a new browser instance to the optional ``url``.</doc>
<msg timestamp="20230524 01:07:12.700" level="INFO">Opening browser 'headless Chrome' to base url 'https://front.serverest.dev/'.</msg>
<status status="PASS" starttime="20230524 01:07:12.699" endtime="20230524 01:07:13.998"/>
</kw>
<kw name="Maximize Browser Window" library="SeleniumLibrary">
<doc>Maximizes current browser window.</doc>
<status status="PASS" starttime="20230524 01:07:13.999" endtime="20230524 01:07:14.103"/>
</kw>
<status status="PASS" starttime="20230524 01:07:12.698" endtime="20230524 01:07:14.103"/>
</kw>
<kw name="Given Im on the signup page" library="test_keywords_signup">
<kw name="Location Should Be" library="SeleniumLibrary">
<arg>https://front.serverest.dev/login</arg>
<doc>Verifies that the current URL is exactly ``url``.</doc>
<msg timestamp="20230524 01:07:14.110" level="INFO">Current location is 'https://front.serverest.dev/login'.</msg>
<status status="PASS" starttime="20230524 01:07:14.104" endtime="20230524 01:07:14.110"/>
</kw>
<kw name="Click Element" library="SeleniumLibrary">
<arg>css=a.btn.btn-link</arg>
<doc>Click the element identified by ``locator``.</doc>
<msg timestamp="20230524 01:07:14.111" level="INFO">Clicking element 'css=a.btn.btn-link'.</msg>
<status status="PASS" starttime="20230524 01:07:14.110" endtime="20230524 01:07:14.182"/>
</kw>
<status status="PASS" starttime="20230524 01:07:14.104" endtime="20230524 01:07:14.182"/>
</kw>
<kw name="And I fill in the signup fields with valid data" library="test_keywords_signup">
<kw name="Name" library="FakerLibrary">
<var>${name}</var>
<doc>:example 'John Doe'</doc>
<msg timestamp="20230524 01:07:14.184" level="INFO">${name} = Karen Benson</msg>
<status status="PASS" starttime="20230524 01:07:14.183" endtime="20230524 01:07:14.184"/>
</kw>
<kw name="Email" library="FakerLibrary">
<var>${email}</var>
<msg timestamp="20230524 01:07:14.185" level="INFO">${email} = shannonharris@example.net</msg>
<status status="PASS" starttime="20230524 01:07:14.184" endtime="20230524 01:07:14.185"/>
</kw>
<kw name="Password" library="FakerLibrary">
<var>${password}</var>
<arg>length=12</arg>
<arg>special_chars=False</arg>
<doc>Generate a random password of the specified ``length``.</doc>
<msg timestamp="20230524 01:07:14.186" level="INFO">${password} = LAaID2Ek8PC6</msg>
<status status="PASS" starttime="20230524 01:07:14.185" endtime="20230524 01:07:14.186"/>
</kw>
<kw name="Input Text" library="SeleniumLibrary">
<arg>id:nome</arg>
<arg>${name}</arg>
<doc>Types the given ``text`` into the text field identified by ``locator``.</doc>
<msg timestamp="20230524 01:07:14.186" level="INFO">Typing text 'Karen Benson' into text field 'id:nome'.</msg>
<status status="PASS" starttime="20230524 01:07:14.186" endtime="20230524 01:07:14.418"/>
</kw>
<kw name="Input Text" library="SeleniumLibrary">
<arg>id:email</arg>
<arg>${email}</arg>
<doc>Types the given ``text`` into the text field identified by ``locator``.</doc>
<msg timestamp="20230524 01:07:14.419" level="INFO">Typing text 'shannonharris@example.net' into text field 'id:email'.</msg>
<status status="PASS" starttime="20230524 01:07:14.419" endtime="20230524 01:07:14.584"/>
</kw>
<kw name="Input Text" library="SeleniumLibrary">
<arg>id:password</arg>
<arg>${password}</arg>
<doc>Types the given ``text`` into the text field identified by ``locator``.</doc>
<msg timestamp="20230524 01:07:14.585" level="INFO">Typing text 'LAaID2Ek8PC6' into text field 'id:password'.</msg>
<status status="PASS" starttime="20230524 01:07:14.584" endtime="20230524 01:07:14.713"/>
</kw>
<kw name="Select Checkbox" library="SeleniumLibrary">
<arg>id=administrador</arg>
<doc>Selects the checkbox identified by ``locator``.</doc>
<msg timestamp="20230524 01:07:14.714" level="INFO">Selecting checkbox 'id=administrador'.</msg>
<status status="PASS" starttime="20230524 01:07:14.713" endtime="20230524 01:07:14.838"/>
</kw>
<kw name="Set Suite Variable" library="BuiltIn">
<arg>${name}</arg>
<doc>Makes a variable available everywhere within the scope of the current suite.</doc>
<msg timestamp="20230524 01:07:14.839" level="INFO">${name} = Karen Benson</msg>
<status status="PASS" starttime="20230524 01:07:14.838" endtime="20230524 01:07:14.839"/>
</kw>
<kw name="Set Suite Variable" library="BuiltIn">
<arg>${email}</arg>
<doc>Makes a variable available everywhere within the scope of the current suite.</doc>
<msg timestamp="20230524 01:07:14.840" level="INFO">${email} = shannonharris@example.net</msg>
<status status="PASS" starttime="20230524 01:07:14.839" endtime="20230524 01:07:14.840"/>
</kw>
<kw name="Set Suite Variable" library="BuiltIn">
<arg>${password}</arg>
<doc>Makes a variable available everywhere within the scope of the current suite.</doc>
<msg timestamp="20230524 01:07:14.840" level="INFO">${password} = LAaID2Ek8PC6</msg>
<status status="PASS" starttime="20230524 01:07:14.840" endtime="20230524 01:07:14.840"/>
</kw>
<status status="PASS" starttime="20230524 01:07:14.183" endtime="20230524 01:07:14.840"/>
</kw>
<kw name="When I click in signup" library="test_keywords_signup">
<kw name="Click Button" library="SeleniumLibrary">
<arg>css=.btn.btn-primary</arg>
<doc>Clicks the button identified by ``locator``.</doc>
<msg timestamp="20230524 01:07:14.842" level="INFO">Clicking button 'css=.btn.btn-primary'.</msg>
<status status="PASS" starttime="20230524 01:07:14.841" endtime="20230524 01:07:14.927"/>
</kw>
<status status="PASS" starttime="20230524 01:07:14.840" endtime="20230524 01:07:14.927"/>
</kw>
<kw name="Then the page should contain the text &quot;Cadastro realizado com sucesso&quot;" library="test_keywords_signup" sourcename="Then the page should contain the text &quot;${expected_text}&quot;">
<kw name="Wait Until Element Is Visible" library="SeleniumLibrary">
<arg>css=.alert-dismissible</arg>
<arg>timeout=10s</arg>
<doc>Waits until the element ``locator`` is visible.</doc>
<status status="PASS" starttime="20230524 01:07:14.928" endtime="20230524 01:07:15.170"/>
</kw>
<kw name="Element Should Be Visible" library="SeleniumLibrary">
<arg>css=.alert-dismissible</arg>
<doc>Verifies that the element identified by ``locator`` is visible.</doc>
<msg timestamp="20230524 01:07:15.192" level="INFO">Element 'css=.alert-dismissible' is displayed.</msg>
<status status="PASS" starttime="20230524 01:07:15.170" endtime="20230524 01:07:15.192"/>
</kw>
<kw name="Page Should Contain" library="SeleniumLibrary">
<arg>${expected_text}</arg>
<doc>Verifies that current page contains ``text``.</doc>
<msg timestamp="20230524 01:07:15.207" level="INFO">Current page contains text 'Cadastro realizado com sucesso'.</msg>
<status status="PASS" starttime="20230524 01:07:15.192" endtime="20230524 01:07:15.208"/>
</kw>
<status status="PASS" starttime="20230524 01:07:14.928" endtime="20230524 01:07:15.208"/>
</kw>
<kw name="After Tests" library="test_keywords_common" type="TEARDOWN">
<kw name="Close Browser" library="SeleniumLibrary">
<doc>Closes the current browser.</doc>
<status status="PASS" starttime="20230524 01:07:15.208" endtime="20230524 01:07:15.266"/>
</kw>
<status status="PASS" starttime="20230524 01:07:15.208" endtime="20230524 01:07:15.266"/>
</kw>
<tag>ui</tag>
<status status="PASS" starttime="20230524 01:07:12.698" endtime="20230524 01:07:15.266"/>
</test>
<test id="s1-s2-s1-t3" name="Scenario: Signup with already used email" line="23">
<kw name="Before Tests" library="test_keywords_common" type="SETUP">
<kw name="Open Browser" library="SeleniumLibrary">
<arg>${SERVER_BASE_URL}</arg>
<arg>${HEADLESS} ${BROWSER}</arg>
<doc>Opens a new browser instance to the optional ``url``.</doc>
<msg timestamp="20230524 01:07:15.268" level="INFO">Opening browser 'headless Chrome' to base url 'https://front.serverest.dev/'.</msg>
<status status="PASS" starttime="20230524 01:07:15.268" endtime="20230524 01:07:16.483"/>
</kw>
<kw name="Maximize Browser Window" library="SeleniumLibrary">
<doc>Maximizes current browser window.</doc>
<status status="PASS" starttime="20230524 01:07:16.484" endtime="20230524 01:07:16.589"/>
</kw>
<status status="PASS" starttime="20230524 01:07:15.267" endtime="20230524 01:07:16.589"/>
</kw>
<kw name="Given Im on the signup page" library="test_keywords_signup">
<kw name="Location Should Be" library="SeleniumLibrary">
<arg>https://front.serverest.dev/login</arg>
<doc>Verifies that the current URL is exactly ``url``.</doc>
<msg timestamp="20230524 01:07:16.595" level="INFO">Current location is 'https://front.serverest.dev/login'.</msg>
<status status="PASS" starttime="20230524 01:07:16.590" endtime="20230524 01:07:16.595"/>
</kw>
<kw name="Click Element" library="SeleniumLibrary">
<arg>css=a.btn.btn-link</arg>
<doc>Click the element identified by ``locator``.</doc>
<msg timestamp="20230524 01:07:16.596" level="INFO">Clicking element 'css=a.btn.btn-link'.</msg>
<status status="PASS" starttime="20230524 01:07:16.595" endtime="20230524 01:07:16.696"/>
</kw>
<status status="PASS" starttime="20230524 01:07:16.589" endtime="20230524 01:07:16.696"/>
</kw>
<kw name="And I fill in the signup fields with an email already registered" library="test_keywords_signup">
<kw name="Input Text" library="SeleniumLibrary">
<arg>id:nome</arg>
<arg>${name}</arg>
<doc>Types the given ``text`` into the text field identified by ``locator``.</doc>
<msg timestamp="20230524 01:07:16.698" level="INFO">Typing text 'Karen Benson' into text field 'id:nome'.</msg>
<status status="PASS" starttime="20230524 01:07:16.697" endtime="20230524 01:07:16.849"/>
</kw>
<kw name="Input Text" library="SeleniumLibrary">
<arg>id:email</arg>
<arg>${email}</arg>
<doc>Types the given ``text`` into the text field identified by ``locator``.</doc>
<msg timestamp="20230524 01:07:16.850" level="INFO">Typing text 'shannonharris@example.net' into text field 'id:email'.</msg>
<status status="PASS" starttime="20230524 01:07:16.849" endtime="20230524 01:07:17.001"/>
</kw>
<kw name="Input Text" library="SeleniumLibrary">
<arg>id:password</arg>
<arg>${password}</arg>
<doc>Types the given ``text`` into the text field identified by ``locator``.</doc>
<msg timestamp="20230524 01:07:17.003" level="INFO">Typing text 'LAaID2Ek8PC6' into text field 'id:password'.</msg>
<status status="PASS" starttime="20230524 01:07:17.001" endtime="20230524 01:07:17.149"/>
</kw>
<kw name="Select Checkbox" library="SeleniumLibrary">
<arg>id=administrador</arg>
<doc>Selects the checkbox identified by ``locator``.</doc>
<msg timestamp="20230524 01:07:17.149" level="INFO">Selecting checkbox 'id=administrador'.</msg>
<status status="PASS" starttime="20230524 01:07:17.149" endtime="20230524 01:07:17.246"/>
</kw>
<status status="PASS" starttime="20230524 01:07:16.697" endtime="20230524 01:07:17.246"/>
</kw>
<kw name="When I click in signup" library="test_keywords_signup">
<kw name="Click Button" library="SeleniumLibrary">
<arg>css=.btn.btn-primary</arg>
<doc>Clicks the button identified by ``locator``.</doc>
<msg timestamp="20230524 01:07:17.247" level="INFO">Clicking button 'css=.btn.btn-primary'.</msg>
<status status="PASS" starttime="20230524 01:07:17.246" endtime="20230524 01:07:17.323"/>
</kw>
<status status="PASS" starttime="20230524 01:07:17.246" endtime="20230524 01:07:17.324"/>
</kw>
<kw name="Then the page should contain the text &quot;Este email já está sendo usado&quot;" library="test_keywords_signup" sourcename="Then the page should contain the text &quot;${expected_text}&quot;">
<kw name="Wait Until Element Is Visible" library="SeleniumLibrary">
<arg>css=.alert-dismissible</arg>
<arg>timeout=10s</arg>
<doc>Waits until the element ``locator`` is visible.</doc>
<status status="PASS" starttime="20230524 01:07:17.324" endtime="20230524 01:07:17.564"/>
</kw>
<kw name="Element Should Be Visible" library="SeleniumLibrary">
<arg>css=.alert-dismissible</arg>
<doc>Verifies that the element identified by ``locator`` is visible.</doc>
<msg timestamp="20230524 01:07:17.586" level="INFO">Element 'css=.alert-dismissible' is displayed.</msg>
<status status="PASS" starttime="20230524 01:07:17.564" endtime="20230524 01:07:17.586"/>
</kw>
<kw name="Page Should Contain" library="SeleniumLibrary">
<arg>${expected_text}</arg>
<doc>Verifies that current page contains ``text``.</doc>
<msg timestamp="20230524 01:07:17.602" level="INFO">Current page contains text 'Este email já está sendo usado'.</msg>
<status status="PASS" starttime="20230524 01:07:17.586" endtime="20230524 01:07:17.602"/>
</kw>
<status status="PASS" starttime="20230524 01:07:17.324" endtime="20230524 01:07:17.602"/>
</kw>
<kw name="After Tests" library="test_keywords_common" type="TEARDOWN">
<kw name="Close Browser" library="SeleniumLibrary">
<doc>Closes the current browser.</doc>
<status status="PASS" starttime="20230524 01:07:17.603" endtime="20230524 01:07:17.658"/>
</kw>
<status status="PASS" starttime="20230524 01:07:17.603" endtime="20230524 01:07:17.658"/>
</kw>
<tag>ui</tag>
<status status="PASS" starttime="20230524 01:07:15.267" endtime="20230524 01:07:17.658"/>
</test>
<status status="PASS" starttime="20230524 01:06:59.365" endtime="20230524 01:07:17.659"/>
</suite>
<status status="PASS" starttime="20230524 01:06:59.363" endtime="20230524 01:07:17.662"/>
</suite>
<status status="PASS" starttime="20230524 01:06:58.114" endtime="20230524 01:07:17.663"/>
</suite>
<statistics>
<total>
<stat pass="8" fail="0" skip="0">All Tests</stat>
</total>
<tag>
<stat pass="5" fail="0" skip="0">api</stat>
<stat pass="3" fail="0" skip="0">ui</stat>
</tag>
<suite>
<stat pass="8" fail="0" skip="0" id="s1" name="Tests">Tests</stat>
<stat pass="5" fail="0" skip="0" id="s1-s1" name="Api">Tests.Api</stat>
<stat pass="5" fail="0" skip="0" id="s1-s1-s1" name="Test Api Users">Tests.Api.Test Api Users</stat>
<stat pass="3" fail="0" skip="0" id="s1-s2" name="Ui">Tests.Ui</stat>
<stat pass="3" fail="0" skip="0" id="s1-s2-s1" name="Test Ui Signup">Tests.Ui.Test Ui Signup</stat>
</suite>
</statistics>
<errors>
</errors>
</robot>
