<?xml version="1.0" encoding="UTF-8"?>
<robot generator="Robot 6.0.2 (Python 3.8.16 on linux)" generated="20230609 17:56:47.183" rpa="false" schemaversion="3">
<suite id="s1" name="Tests" source="/home/runner/work/gen-ai-robot-test/gen-ai-robot-test/tests">
<suite id="s1-s1" name="Api" source="/home/runner/work/gen-ai-robot-test/gen-ai-robot-test/tests/api">
<suite id="s1-s1-s1" name="Test Api Users" source="/home/runner/work/gen-ai-robot-test/gen-ai-robot-test/tests/api/test_api_users.robot">
<test id="s1-s1-s1-t1" name="Scenario: Get all registered users" line="9">
<kw name="Before Tests" library="test_keywords_common" type="SETUP">
<kw name="Create Session" library="RequestsLibrary">
<arg>serverest</arg>
<arg>${SERVER_BASE_URL}</arg>
<arg>disable_warnings=True</arg>
<doc>Create Session: create a HTTP session to a server</doc>
<msg timestamp="20230609 17:56:47.985" level="INFO">Creating Session using : alias=serverest, url=https://serverest.dev, headers={},                     cookies={}, auth=None, timeout=None, proxies=None, verify=False,                     debug=0 </msg>
<status status="PASS" starttime="20230609 17:56:47.984" endtime="20230609 17:56:47.985"/>
</kw>
<status status="PASS" starttime="20230609 17:56:47.984" endtime="20230609 17:56:47.986"/>
</kw>
<kw name="When I request the list of all registered users" library="test_keywords_users">
<kw name="GET On Session" library="RequestsLibrary">
<var>${response}</var>
<arg>serverest</arg>
<arg>${USERS_API_ENDPOINT}</arg>
<doc>Sends a GET request on a previously created HTTP Session.</doc>
<msg timestamp="20230609 17:56:48.149" level="INFO">GET Request : url=https://serverest.dev/usuarios 
 path_url=/usuarios 
 headers={'User-Agent': 'python-requests/2.31.0', 'Accept-Encoding': 'gzip, deflate', 'Accept': '*/*', 'Connection': 'keep-alive'} 
 body=None 
 </msg>
<msg timestamp="20230609 17:56:48.150" level="INFO">GET Response : url=https://serverest.dev/usuarios 
 status=200, reason=OK 
 headers={'access-control-allow-origin': '*', 'x-dns-prefetch-control': 'off', 'x-frame-options': 'SAMEORIGIN', 'strict-transport-security': 'max-age=15552000; includeSubDomains', 'x-download-options': 'noopen', 'x-content-type-options': 'nosniff', 'x-xss-protection': '1; mode=block', 'x-moesif-transaction-id': '02f2a7c1-dba4-4f50-a045-fbfe99848b85', 'content-type': 'application/json; charset=utf-8', 'X-Cloud-Trace-Context': '31ca631f28037ffd58c23acb81fe63d3;o=1', 'Date': 'Fri, 09 Jun 2023 17:56:48 GMT', 'Server': 'Google Frontend', 'Content-Length': '35308'} 
 body={
    "quantidade": 161,
    "usuarios": [
        {
            "nome": "Fulano da Silva",
            "email": "ttdq@emailteste.com",
            "password": "1234",
            "administrador": "true",
            "_id": "02DQkHSzXSqpcIka"
        },
        {
            "nome": "Fulano da Silva",
            "email": "beltrano55@qa.com.br",
            "password": "teste",
            "administrador": "true",
            "_id": "0F1dhHbEeX2mrwft"
        },
        {
            "nome": "Drew Gerhold",
            "email": "almamosciski@test.com",
            "password": "9rJt1UcYQcnYJ7S",
            "administrador": "true",
            "_id": "0bnETEAn1Bj6PNeB"
        },
        {
            "nome": "Fulano da Silva",
            "email": "tlji@emailteste.com",
            "password": "1234",
            "administrador": "true",
            "_id": "0v9qTX5aeOtCF1sZ"
        },
        {
            "nome": "Christie Murazik",
            "email": "Eleazar.Hand25@yahoo.com",
            "password": "RZu8J4l1RolHVA9",
            "administrador": "true",
            "_id": "0zJJLyoiAC4LDuvK"
        },
        {
            "nome": "Fulano da Silva",
            "email": "beltr23123213ano@qa.com.br",
            "password": "te21312321321321321321312312",
            "administrador": "true",
            "_id": "19qYwOl1yhTmb9BG"
        },
        {
            "nome": "Tanya Larson",
            "email": "Evelyn.Greenholt-Farrell45@gmail.com",
            "password": "xhsyXupps0dhUhd",
            "administrador": "true",
            "_id": "1roUnulKv3v1koBe"
        },
        {
            "nome": "Cristiano Mothe",
            "email": "todd42@example.com",
            "password": "Abc@123",
            "administrador": "true",
            "_id": "1sgIbfnuiyiNZqrg"
        },
        {
            "nome": "Antonio Funk III",
            "email": "Dan1@hotmail.com",
            "password": "DRpPX1z2ZECGMOi",
            "administrador": "true",
            "_id": "24Gamt7XRlANtwIj"
        },
        {
            "nome": "Alfred Jaskolski",
            "email": "Marquise37@gmail.com",
            "password": "nqaFgugOOBVDLgZ",
            "administrador": "false",
            "_id": "3jE9j1N3PRSGSKXE"
        },
        {
            "nome": "Tyler Oberbrunner",
            "email": "Ralph.Kuhic77@gmail.com",
            "password": "jtnofzT612n3Xwf",
            "administrador": "true",
            "_id": "3qdUSEh1LherGOxK"
        },
        {
            "nome": "Candice Zieme",
            "email": "Karelle.Davis33@hotmail.com",
            "password": "6gFuBILhb53G5Dd",
            "administrador": "true",
            "_id": "3v0ICd9RA3lOxu95"
        },
        {
            "nome": "Juanita Champlin-Barrows",
            "email": "Kristofer.Koss91@yahoo.com",
            "password": "QTFqy_lAXaVN4Or",
            "administrador": "true",
            "_id": "59WU4Oi0SqCvoAfR"
        },
        {
            "nome": "Cristiano Mothe",
            "email": "sanderson@example.net",
            "password": "123456",
            "administrador": "true",
            "_id": "5BGAG7FQWpC8XanE"
        },
        {
            "nome": "Ruty",
            "email": "rutysa@hotmail.com",
            "password": "abc123",
            "administrador": "true",
            "_id": "5NnUe3903HAV4j0X"
        },
        {
            "nome": "Olivia Jast",
            "email": "Tamara84@gmail.com",
            "password": "YHIi4p7y5BotON_",
            "administrador": "false",
            "_id": "5bh5PuewiWA7sbyL"
        },
        {
            "nome": "Dr. Genevieve Abbott",
            "email": "Thelma.Johns99@hotmail.com",
            "password": "STu4AA3MMHDAnvo",
            "administrador": "true",
            "_id": "5l70IkKnpYUhr79n"
        },
        {
            "nome": "Dr. Antonio Collins",
            "email": "Demond91@hotmail.com",
            "password": "NqGDrB7bBw9VIwF",
            "administrador": "true",
            "_id": "6TAOnbRy0UrP9Ove"
        },
        {
            "nome": "Ms. Sophie Carter",
            "email": "Alysha18@yahoo.com",
            "password": "WvUzLByxSI_c8mN",
            "administrador": "true",
            "_id": "6lJRxOuN7m67apKs"
        },
        {
            "nome": "teste",
            "email": "teste@hotmail.br",
            "password": "1",
            "administrador": "true",
            "_id": "72dcS17y72QsiCjf"
        },
        {
            "nome": "Antonia Metz",
            "email": "Frederic_Reinger74@hotmail.com",
            "password": "bnmLvoWV21UGlkH",
            "administrador": "true",
            "_id": "7Un0DB88ipdaWPMM"
        },
        {
            "nome": "Brenda Waelchi",
            "email": "Trey_Wiegand81@hotmail.com",
            "password": "nA6gyxKUUqaA26D",
            "administrador": "true",
            "_id": "8CtP2qA9OnaIAnYp"
        },
        {
            "nome": "Jacsonsm",
            "email": "whodge@example.com",
            "password": "123456",
            "administrador": "true",
            "_id": "8SvBtCnNTB4cCSCJ"
        },
        {
            "nome": "Joanne Hintz",
            "email": "Ladarius_Champlin@yahoo.com",
            "password": "y190q3go3p0VrZY",
            "administrador": "true",
            "_id": "9LxF0vW4m0Bc7Rtu"
        },
        {
            "nome": "Fulano da Silva",
            "email": "qliw@emailteste.com",
            "password": "1234",
            "administrador": "true",
            "_id": "A0XW4CgHSmYnnlUf"
        },
        {
            "nome": "Brandon Jakubowski",
            "email": "Maritza45@hotmail.com",
            "password": "yKsneR_sw2NT8Un",
            "administrador": "true",
            "_id": "ASGTkKRr0F1f7ATG"
        },
        {
            "nome": "Margie Koch-Stehr",
            "email": "Brennon_Littel81@hotmail.com",
            "password": "fQl5qQkd6xHbYVo",
            "administrador": "false",
            "_id": "AZzE7UeEwSBdI11l"
        },
        {
            "nome": "Leslie Ondricka I",
            "email": "Jackie83@yahoo.com",
            "password": "4nyqqgA0c8nDc6A",
            "administrador": "true",
            "_id": "Ak1Wh4evPpp7z2bN"
        },
        {
            "nome": "Teste Eduardo edite",
            "email": "testeeduardo222@qa.com",
            "password": "12345789",
            "administrador": "true",
            "_id": "Axldi78KNMfO1ShP"
        },
        {
            "nome": "Christina Beer IV",
            "email": "Jacinthe1@hotmail.com",
            "password": "rY3BqzIHSdUQS5Z",
            "administrador": "true",
            "_id": "ByIp6wYmfcU36L3Z"
        },
        {
            "nome": "Bryan Reynolds",
            "email": "agreen@example.org",
            "password": "E9ClRZZvx4Th",
            "administrador": "true",
            "_id": "C7OvK06XohCWgFIU"
        },
        {
            "nome": "Kimberly Reinger",
            "email": "Maritza50@yahoo.com",
            "password": "XTsbHkKBFM45RIO",
            "administrador": "true",
            "_id": "CY9EWrxoytmjxUDJ"
        },
        {
            "nome": "Fulano da Silva",
            "email": "xgnp@emailteste.com",
            "password": "1234",
            "administrador": "true",
            "_id": "Cbr6oAFoAWyLzhhX"
        },
        {
            "nome": "Raphael Luiz",
            "email": "raphaluiz@qa.com.br",
            "password": "teste3212",
            "administrador": "true",
            "_id": "DNSyGQbQW0jxCR0R"
        },
        {
            "nome": "Evan Schmitt",
            "email": "Florida_Beier-Mitchell@hotmail.com",
            "password": "Bu0y6HVKVrADVdp",
            "administrador": "true",
            "_id": "Dc4eLDemlemniGXq"
        },
        {
            "nome": "Catherine Stark IV",
            "email": "Max97@yahoo.com",
            "password": "6_wmElvxgWu5D_r",
            "administrador": "true",
            "_id": "DjlloxVdhp1ROguN"
        },
        {
            "nome": "Cris",
            "email": "testeqa@teste.com.br",
            "password": "teste",
            "administrador": "true",
            "_id": "E0oPC5p9YIuYLekG"
        },
        {
            "nome": "oooo",
            "email": "0@email.com",
            "password": "000",
            "administrador": "true",
            "_id": "EYmjNQ4OIhVVksEl"
        },
        {
            "nome": "Ms. Tonya Shields",
            "email": "Brionna_Reilly22@yahoo.com",
            "password": "Pwk9g00GyMuU0AB",
            "administrador": "true",
            "_id": "Effb9VyPoEfW9Vxe"
        },
        {
            "nome": "Candace Swaniawski",
            "email": "Durward_Brown@hotmail.com",
            "password": "BCcvoP3EtLi8PQW",
            "administrador": "false",
            "_id": "FQD5HyjaIVhaqLTV"
        },
        {
            "nome": "Rolando Heaney",
            "email": "Keaton_Stamm@hotmail.com",
            "password": "Zke9Wn9MtK1pMAS",
            "administrador": "true",
            "_id": "G0nIzUm3mwIfVdyd"
        },
        {
            "nome": "Stacy Doyle-Carter",
            "email": "Sister.Lakin@gmail.com",
            "password": "vB7YiZKErLE77Rh",
            "administrador": "true",
            "_id": "G3BkpG0GRlLYsN3U"
        },
        {
            "nome": "Raphael Luiz",
            "email": "raphaelluiz@qa.com.br",
            "password": "teste321",
            "administrador": "true",
            "_id": "G9cQybqUUiascXGV"
        },
        {
            "nome": "Amaury Sobrinho",
            "email": "teste@mail.com",
            "password": "teste",
            "administrador": "true",
            "_id": "GL9Cz8IIGWYN8Som"
        },
        {
            "nome": "Fulano da Silva",
            "email": "dyab@emailteste.com",
            "password": "1234",
            "administrador": "true",
            "_id": "GfuviAxGK4rqVHJQ"
        },
        {
            "nome": "Fulan... (set the log level to DEBUG or TRACE to see the full content) 
 </msg>
<msg timestamp="20230609 17:56:48.150" level="INFO">${response} = &lt;Response [200]&gt;</msg>
<status status="PASS" starttime="20230609 17:56:47.986" endtime="20230609 17:56:48.150"/>
</kw>
<kw name="Set Test Variable" library="BuiltIn">
<arg>${response}</arg>
<doc>Makes a variable available everywhere within the scope of the current test.</doc>
<msg timestamp="20230609 17:56:48.151" level="INFO">${response} = &lt;Response [200]&gt;</msg>
<status status="PASS" starttime="20230609 17:56:48.151" endtime="20230609 17:56:48.151"/>
</kw>
<status status="PASS" starttime="20230609 17:56:47.986" endtime="20230609 17:56:48.151"/>
</kw>
<kw name="Then the response status code should be 200" library="test_keywords_users" sourcename="Then the response status code should be ${status_code}">
<kw name="Should Be Equal As Numbers" library="BuiltIn">
<arg>${response.status_code}</arg>
<arg>${status_code}</arg>
<doc>Fails if objects are unequal after converting them to real numbers.</doc>
<msg timestamp="20230609 17:56:48.154" level="INFO">Argument types are:
&lt;class 'int'&gt;
&lt;class 'str'&gt;</msg>
<status status="PASS" starttime="20230609 17:56:48.152" endtime="20230609 17:56:48.154"/>
</kw>
<kw name="Should Be True" library="BuiltIn">
<arg>${response.json()}</arg>
<doc>Fails if the given condition is not true.</doc>
<status status="PASS" starttime="20230609 17:56:48.154" endtime="20230609 17:56:48.155"/>
</kw>
<status status="PASS" starttime="20230609 17:56:48.151" endtime="20230609 17:56:48.155"/>
</kw>
<kw name="And the response body should not be empty" library="test_keywords_users">
<kw name="Should Not Be Empty" library="BuiltIn">
<arg>${response.json()}</arg>
<doc>Verifies that the given item is not empty.</doc>
<msg timestamp="20230609 17:56:48.157" level="INFO">Length is 2</msg>
<status status="PASS" starttime="20230609 17:56:48.156" endtime="20230609 17:56:48.157"/>
</kw>
<status status="PASS" starttime="20230609 17:56:48.156" endtime="20230609 17:56:48.157"/>
</kw>
<tag>api</tag>
<status status="PASS" starttime="20230609 17:56:47.983" endtime="20230609 17:56:48.157"/>
</test>
<test id="s1-s1-s1-t2" name="Scenario: Create a new user" line="15">
<kw name="Before Tests" library="test_keywords_common" type="SETUP">
<kw name="Create Session" library="RequestsLibrary">
<arg>serverest</arg>
<arg>${SERVER_BASE_URL}</arg>
<arg>disable_warnings=True</arg>
<doc>Create Session: create a HTTP session to a server</doc>
<msg timestamp="20230609 17:56:48.162" level="INFO">Creating Session using : alias=serverest, url=https://serverest.dev, headers={},                     cookies={}, auth=None, timeout=None, proxies=None, verify=False,                     debug=0 </msg>
<status status="PASS" starttime="20230609 17:56:48.159" endtime="20230609 17:56:48.162"/>
</kw>
<status status="PASS" starttime="20230609 17:56:48.159" endtime="20230609 17:56:48.163"/>
</kw>
<kw name="Given I have a valid user data" library="test_keywords_users">
<kw name="Name" library="FakerLibrary">
<var>${name}</var>
<doc>:example 'John Doe'</doc>
<msg timestamp="20230609 17:56:48.164" level="INFO">${name} = Jeremy Peterson</msg>
<status status="PASS" starttime="20230609 17:56:48.163" endtime="20230609 17:56:48.164"/>
</kw>
<kw name="Email" library="FakerLibrary">
<var>${email}</var>
<msg timestamp="20230609 17:56:48.164" level="INFO">${email} = justincontreras@example.com</msg>
<status status="PASS" starttime="20230609 17:56:48.164" endtime="20230609 17:56:48.164"/>
</kw>
<kw name="Password" library="FakerLibrary">
<var>${password}</var>
<arg>length=12</arg>
<arg>special_chars=False</arg>
<doc>Generate a random password of the specified ``length``.</doc>
<msg timestamp="20230609 17:56:48.165" level="INFO">${password} = i0ZEJK1CR9bF</msg>
<status status="PASS" starttime="20230609 17:56:48.165" endtime="20230609 17:56:48.165"/>
</kw>
<kw name="Set Suite Variable" library="BuiltIn">
<arg>${name}</arg>
<doc>Makes a variable available everywhere within the scope of the current suite.</doc>
<msg timestamp="20230609 17:56:48.166" level="INFO">${name} = Jeremy Peterson</msg>
<status status="PASS" starttime="20230609 17:56:48.165" endtime="20230609 17:56:48.166"/>
</kw>
<kw name="Set Suite Variable" library="BuiltIn">
<arg>${email}</arg>
<doc>Makes a variable available everywhere within the scope of the current suite.</doc>
<msg timestamp="20230609 17:56:48.166" level="INFO">${email} = justincontreras@example.com</msg>
<status status="PASS" starttime="20230609 17:56:48.166" endtime="20230609 17:56:48.166"/>
</kw>
<kw name="Set Suite Variable" library="BuiltIn">
<arg>${password}</arg>
<doc>Makes a variable available everywhere within the scope of the current suite.</doc>
<msg timestamp="20230609 17:56:48.167" level="INFO">${password} = i0ZEJK1CR9bF</msg>
<status status="PASS" starttime="20230609 17:56:48.166" endtime="20230609 17:56:48.167"/>
</kw>
<status status="PASS" starttime="20230609 17:56:48.163" endtime="20230609 17:56:48.167"/>
</kw>
<kw name="When I create the user" library="test_keywords_users">
<kw name="Create Dictionary" library="BuiltIn">
<var>${payload}</var>
<arg>nome=${name}</arg>
<arg>email=${email}</arg>
<arg>password=${password}</arg>
<arg>administrador=false</arg>
<doc>Creates and returns a dictionary based on the given ``items``.</doc>
<msg timestamp="20230609 17:56:48.168" level="INFO">${payload} = {'nome': 'Jeremy Peterson', 'email': 'justincontreras@example.com', 'password': 'i0ZEJK1CR9bF', 'administrador': 'false'}</msg>
<status status="PASS" starttime="20230609 17:56:48.168" endtime="20230609 17:56:48.168"/>
</kw>
<kw name="Create Dictionary" library="BuiltIn">
<var>${headers}</var>
<arg>Content-Type=application/json</arg>
<doc>Creates and returns a dictionary based on the given ``items``.</doc>
<msg timestamp="20230609 17:56:48.169" level="INFO">${headers} = {'Content-Type': 'application/json'}</msg>
<status status="PASS" starttime="20230609 17:56:48.169" endtime="20230609 17:56:48.169"/>
</kw>
<kw name="POST On Session" library="RequestsLibrary">
<var>${response}</var>
<arg>serverest</arg>
<arg>${USERS_API_ENDPOINT}</arg>
<arg>json=${payload}</arg>
<arg>headers=${headers}</arg>
<doc>Sends a POST request on a previously created HTTP Session.</doc>
<msg timestamp="20230609 17:56:48.234" level="INFO">POST Request : url=https://serverest.dev/usuarios 
 path_url=/usuarios 
 headers={'User-Agent': 'python-requests/2.31.0', 'Accept-Encoding': 'gzip, deflate', 'Accept': '*/*', 'Connection': 'keep-alive', 'Content-Type': 'application/json', 'Content-Length': '121'} 
 body=b'{"nome": "Jeremy Peterson", "email": "justincontreras@example.com", "password": "i0ZEJK1CR9bF", "administrador": "false"}' 
 </msg>
<msg timestamp="20230609 17:56:48.234" level="INFO">POST Response : url=https://serverest.dev/usuarios 
 status=201, reason=Created 
 headers={'access-control-allow-origin': '*', 'x-dns-prefetch-control': 'off', 'x-frame-options': 'SAMEORIGIN', 'strict-transport-security': 'max-age=15552000; includeSubDomains', 'x-download-options': 'noopen', 'x-content-type-options': 'nosniff', 'x-xss-protection': '1; mode=block', 'x-moesif-transaction-id': '3ac4accd-732b-456e-a5bb-21f64d66c7b3', 'content-type': 'application/json; charset=utf-8', 'X-Cloud-Trace-Context': '78c3f7e697230ffecf8c86f6976196c3', 'Date': 'Fri, 09 Jun 2023 17:56:48 GMT', 'Server': 'Google Frontend', 'Content-Length': '82'} 
 body={
    "message": "Cadastro realizado com sucesso",
    "_id": "8AYGMHB6EbxirjVq"
} 
 </msg>
<msg timestamp="20230609 17:56:48.234" level="INFO">${response} = &lt;Response [201]&gt;</msg>
<status status="PASS" starttime="20230609 17:56:48.169" endtime="20230609 17:56:48.234"/>
</kw>
<kw name="Set Variable" library="BuiltIn">
<var>${user_id}</var>
<arg>${response.json()['_id']}</arg>
<doc>Returns the given values which can then be assigned to a variables.</doc>
<msg timestamp="20230609 17:56:48.236" level="INFO">${user_id} = 8AYGMHB6EbxirjVq</msg>
<status status="PASS" starttime="20230609 17:56:48.234" endtime="20230609 17:56:48.236"/>
</kw>
<kw name="Set Global Variable" library="BuiltIn">
<arg>${USER_ID}</arg>
<arg>${user_id}</arg>
<doc>Makes a variable available globally in all tests and suites.</doc>
<msg timestamp="20230609 17:56:48.236" level="INFO">${USER_ID} = 8AYGMHB6EbxirjVq</msg>
<status status="PASS" starttime="20230609 17:56:48.236" endtime="20230609 17:56:48.237"/>
</kw>
<kw name="Set Test Variable" library="BuiltIn">
<arg>${response}</arg>
<doc>Makes a variable available everywhere within the scope of the current test.</doc>
<msg timestamp="20230609 17:56:48.237" level="INFO">${response} = &lt;Response [201]&gt;</msg>
<status status="PASS" starttime="20230609 17:56:48.237" endtime="20230609 17:56:48.238"/>
</kw>
<status status="PASS" starttime="20230609 17:56:48.167" endtime="20230609 17:56:48.238"/>
</kw>
<kw name="Then the response status code should be 201" library="test_keywords_users" sourcename="Then the response status code should be ${status_code}">
<kw name="Should Be Equal As Numbers" library="BuiltIn">
<arg>${response.status_code}</arg>
<arg>${status_code}</arg>
<doc>Fails if objects are unequal after converting them to real numbers.</doc>
<msg timestamp="20230609 17:56:48.239" level="INFO">Argument types are:
&lt;class 'int'&gt;
&lt;class 'str'&gt;</msg>
<status status="PASS" starttime="20230609 17:56:48.238" endtime="20230609 17:56:48.239"/>
</kw>
<kw name="Should Be True" library="BuiltIn">
<arg>${response.json()}</arg>
<doc>Fails if the given condition is not true.</doc>
<status status="PASS" starttime="20230609 17:56:48.239" endtime="20230609 17:56:48.241"/>
</kw>
<status status="PASS" starttime="20230609 17:56:48.238" endtime="20230609 17:56:48.241"/>
</kw>
<kw name="And the response body should not be empty" library="test_keywords_users">
<kw name="Should Not Be Empty" library="BuiltIn">
<arg>${response.json()}</arg>
<doc>Verifies that the given item is not empty.</doc>
<msg timestamp="20230609 17:56:48.242" level="INFO">Length is 2</msg>
<status status="PASS" starttime="20230609 17:56:48.241" endtime="20230609 17:56:48.242"/>
</kw>
<status status="PASS" starttime="20230609 17:56:48.241" endtime="20230609 17:56:48.242"/>
</kw>
<tag>api</tag>
<status status="PASS" starttime="20230609 17:56:48.158" endtime="20230609 17:56:48.242"/>
</test>
<test id="s1-s1-s1-t3" name="Scenario: Get a specific user informations" line="22">
<kw name="Before Tests" library="test_keywords_common" type="SETUP">
<kw name="Create Session" library="RequestsLibrary">
<arg>serverest</arg>
<arg>${SERVER_BASE_URL}</arg>
<arg>disable_warnings=True</arg>
<doc>Create Session: create a HTTP session to a server</doc>
<msg timestamp="20230609 17:56:48.245" level="INFO">Creating Session using : alias=serverest, url=https://serverest.dev, headers={},                     cookies={}, auth=None, timeout=None, proxies=None, verify=False,                     debug=0 </msg>
<status status="PASS" starttime="20230609 17:56:48.244" endtime="20230609 17:56:48.245"/>
</kw>
<status status="PASS" starttime="20230609 17:56:48.244" endtime="20230609 17:56:48.246"/>
</kw>
<kw name="When I request the created user" library="test_keywords_users">
<kw name="GET On Session" library="RequestsLibrary">
<var>${response}</var>
<arg>serverest</arg>
<arg>${USERS_API_ENDPOINT}/${USER_ID}</arg>
<doc>Sends a GET request on a previously created HTTP Session.</doc>
<msg timestamp="20230609 17:56:48.314" level="INFO">GET Request : url=https://serverest.dev/usuarios/8AYGMHB6EbxirjVq 
 path_url=/usuarios/8AYGMHB6EbxirjVq 
 headers={'User-Agent': 'python-requests/2.31.0', 'Accept-Encoding': 'gzip, deflate', 'Accept': '*/*', 'Connection': 'keep-alive'} 
 body=None 
 </msg>
<msg timestamp="20230609 17:56:48.314" level="INFO">GET Response : url=https://serverest.dev/usuarios/8AYGMHB6EbxirjVq 
 status=200, reason=OK 
 headers={'access-control-allow-origin': '*', 'x-dns-prefetch-control': 'off', 'x-frame-options': 'SAMEORIGIN', 'strict-transport-security': 'max-age=15552000; includeSubDomains', 'x-download-options': 'noopen', 'x-content-type-options': 'nosniff', 'x-xss-protection': '1; mode=block', 'x-moesif-transaction-id': 'f4fbc49c-1495-42a6-bb2d-bbaa10288a6a', 'content-type': 'application/json; charset=utf-8', 'X-Cloud-Trace-Context': 'ccc15fdc63f763992a4ad86edb2bc3ef', 'Date': 'Fri, 09 Jun 2023 17:56:48 GMT', 'Server': 'Google Frontend', 'Content-Length': '170'} 
 body={
    "nome": "Jeremy Peterson",
    "email": "justincontreras@example.com",
    "password": "i0ZEJK1CR9bF",
    "administrador": "false",
    "_id": "8AYGMHB6EbxirjVq"
} 
 </msg>
<msg timestamp="20230609 17:56:48.315" level="INFO">${response} = &lt;Response [200]&gt;</msg>
<status status="PASS" starttime="20230609 17:56:48.246" endtime="20230609 17:56:48.315"/>
</kw>
<kw name="Set Test Variable" library="BuiltIn">
<arg>${response}</arg>
<doc>Makes a variable available everywhere within the scope of the current test.</doc>
<msg timestamp="20230609 17:56:48.316" level="INFO">${response} = &lt;Response [200]&gt;</msg>
<status status="PASS" starttime="20230609 17:56:48.315" endtime="20230609 17:56:48.316"/>
</kw>
<status status="PASS" starttime="20230609 17:56:48.246" endtime="20230609 17:56:48.316"/>
</kw>
<kw name="Then the response status code should be 200" library="test_keywords_users" sourcename="Then the response status code should be ${status_code}">
<kw name="Should Be Equal As Numbers" library="BuiltIn">
<arg>${response.status_code}</arg>
<arg>${status_code}</arg>
<doc>Fails if objects are unequal after converting them to real numbers.</doc>
<msg timestamp="20230609 17:56:48.318" level="INFO">Argument types are:
&lt;class 'int'&gt;
&lt;class 'str'&gt;</msg>
<status status="PASS" starttime="20230609 17:56:48.317" endtime="20230609 17:56:48.318"/>
</kw>
<kw name="Should Be True" library="BuiltIn">
<arg>${response.json()}</arg>
<doc>Fails if the given condition is not true.</doc>
<status status="PASS" starttime="20230609 17:56:48.318" endtime="20230609 17:56:48.319"/>
</kw>
<status status="PASS" starttime="20230609 17:56:48.316" endtime="20230609 17:56:48.319"/>
</kw>
<kw name="And the response body should not be empty" library="test_keywords_users">
<kw name="Should Not Be Empty" library="BuiltIn">
<arg>${response.json()}</arg>
<doc>Verifies that the given item is not empty.</doc>
<msg timestamp="20230609 17:56:48.320" level="INFO">Length is 5</msg>
<status status="PASS" starttime="20230609 17:56:48.319" endtime="20230609 17:56:48.320"/>
</kw>
<status status="PASS" starttime="20230609 17:56:48.319" endtime="20230609 17:56:48.320"/>
</kw>
<tag>api</tag>
<status status="PASS" starttime="20230609 17:56:48.243" endtime="20230609 17:56:48.320"/>
</test>
<test id="s1-s1-s1-t4" name="Scenario: Update the created user" line="28">
<kw name="Before Tests" library="test_keywords_common" type="SETUP">
<kw name="Create Session" library="RequestsLibrary">
<arg>serverest</arg>
<arg>${SERVER_BASE_URL}</arg>
<arg>disable_warnings=True</arg>
<doc>Create Session: create a HTTP session to a server</doc>
<msg timestamp="20230609 17:56:48.322" level="INFO">Creating Session using : alias=serverest, url=https://serverest.dev, headers={},                     cookies={}, auth=None, timeout=None, proxies=None, verify=False,                     debug=0 </msg>
<status status="PASS" starttime="20230609 17:56:48.322" endtime="20230609 17:56:48.322"/>
</kw>
<status status="PASS" starttime="20230609 17:56:48.321" endtime="20230609 17:56:48.323"/>
</kw>
<kw name="When I update the created user" library="test_keywords_users">
<kw name="Create Dictionary" library="BuiltIn">
<var>${payload}</var>
<arg>nome=John Smith</arg>
<arg>email=john.smith@example.com</arg>
<arg>password=P@ssw0rd123</arg>
<arg>administrador=false</arg>
<doc>Creates and returns a dictionary based on the given ``items``.</doc>
<msg timestamp="20230609 17:56:48.323" level="INFO">${payload} = {'nome': 'John Smith', 'email': 'john.smith@example.com', 'password': 'P@ssw0rd123', 'administrador': 'false'}</msg>
<status status="PASS" starttime="20230609 17:56:48.323" endtime="20230609 17:56:48.324"/>
</kw>
<kw name="Create Dictionary" library="BuiltIn">
<var>${headers}</var>
<arg>Content-Type=application/json</arg>
<doc>Creates and returns a dictionary based on the given ``items``.</doc>
<msg timestamp="20230609 17:56:48.324" level="INFO">${headers} = {'Content-Type': 'application/json'}</msg>
<status status="PASS" starttime="20230609 17:56:48.324" endtime="20230609 17:56:48.324"/>
</kw>
<kw name="PUT On Session" library="RequestsLibrary">
<var>${response}</var>
<arg>serverest</arg>
<arg>${USERS_API_ENDPOINT}/${USER_ID}</arg>
<arg>json=${payload}</arg>
<arg>headers=${headers}</arg>
<doc>Sends a PUT request on a previously created HTTP Session.</doc>
<msg timestamp="20230609 17:56:48.394" level="INFO">PUT Request : url=https://serverest.dev/usuarios/8AYGMHB6EbxirjVq 
 path_url=/usuarios/8AYGMHB6EbxirjVq 
 headers={'User-Agent': 'python-requests/2.31.0', 'Accept-Encoding': 'gzip, deflate', 'Accept': '*/*', 'Connection': 'keep-alive', 'Content-Type': 'application/json', 'Content-Length': '110'} 
 body=b'{"nome": "John Smith", "email": "john.smith@example.com", "password": "P@ssw0rd123", "administrador": "false"}' 
 </msg>
<msg timestamp="20230609 17:56:48.394" level="INFO">PUT Response : url=https://serverest.dev/usuarios/8AYGMHB6EbxirjVq 
 status=200, reason=OK 
 headers={'access-control-allow-origin': '*', 'x-dns-prefetch-control': 'off', 'x-frame-options': 'SAMEORIGIN', 'strict-transport-security': 'max-age=15552000; includeSubDomains', 'x-download-options': 'noopen', 'x-content-type-options': 'nosniff', 'x-xss-protection': '1; mode=block', 'x-moesif-transaction-id': 'b1d7c329-9da2-42ff-b088-3688adaca471', 'content-type': 'application/json; charset=utf-8', 'X-Cloud-Trace-Context': '7b13054fc228ac6d3ccd26c6242d70d4', 'Date': 'Fri, 09 Jun 2023 17:56:48 GMT', 'Server': 'Google Frontend', 'Content-Length': '50'} 
 body={
    "message": "Registro alterado com sucesso"
} 
 </msg>
<msg timestamp="20230609 17:56:48.394" level="INFO">${response} = &lt;Response [200]&gt;</msg>
<status status="PASS" starttime="20230609 17:56:48.324" endtime="20230609 17:56:48.394"/>
</kw>
<kw name="Set Test Variable" library="BuiltIn">
<arg>${response}</arg>
<doc>Makes a variable available everywhere within the scope of the current test.</doc>
<msg timestamp="20230609 17:56:48.395" level="INFO">${response} = &lt;Response [200]&gt;</msg>
<status status="PASS" starttime="20230609 17:56:48.395" endtime="20230609 17:56:48.396"/>
</kw>
<status status="PASS" starttime="20230609 17:56:48.323" endtime="20230609 17:56:48.396"/>
</kw>
<kw name="Then the response status code should be 200" library="test_keywords_users" sourcename="Then the response status code should be ${status_code}">
<kw name="Should Be Equal As Numbers" library="BuiltIn">
<arg>${response.status_code}</arg>
<arg>${status_code}</arg>
<doc>Fails if objects are unequal after converting them to real numbers.</doc>
<msg timestamp="20230609 17:56:48.398" level="INFO">Argument types are:
&lt;class 'int'&gt;
&lt;class 'str'&gt;</msg>
<status status="PASS" starttime="20230609 17:56:48.397" endtime="20230609 17:56:48.398"/>
</kw>
<kw name="Should Be True" library="BuiltIn">
<arg>${response.json()}</arg>
<doc>Fails if the given condition is not true.</doc>
<status status="PASS" starttime="20230609 17:56:48.398" endtime="20230609 17:56:48.399"/>
</kw>
<status status="PASS" starttime="20230609 17:56:48.397" endtime="20230609 17:56:48.399"/>
</kw>
<kw name="And the response body should not be empty" library="test_keywords_users">
<kw name="Should Not Be Empty" library="BuiltIn">
<arg>${response.json()}</arg>
<doc>Verifies that the given item is not empty.</doc>
<msg timestamp="20230609 17:56:48.400" level="INFO">Length is 1</msg>
<status status="PASS" starttime="20230609 17:56:48.400" endtime="20230609 17:56:48.400"/>
</kw>
<status status="PASS" starttime="20230609 17:56:48.399" endtime="20230609 17:56:48.401"/>
</kw>
<tag>api</tag>
<status status="PASS" starttime="20230609 17:56:48.321" endtime="20230609 17:56:48.401"/>
</test>
<test id="s1-s1-s1-t5" name="Scenario: Delete the created user" line="34">
<kw name="Before Tests" library="test_keywords_common" type="SETUP">
<kw name="Create Session" library="RequestsLibrary">
<arg>serverest</arg>
<arg>${SERVER_BASE_URL}</arg>
<arg>disable_warnings=True</arg>
<doc>Create Session: create a HTTP session to a server</doc>
<msg timestamp="20230609 17:56:48.403" level="INFO">Creating Session using : alias=serverest, url=https://serverest.dev, headers={},                     cookies={}, auth=None, timeout=None, proxies=None, verify=False,                     debug=0 </msg>
<status status="PASS" starttime="20230609 17:56:48.402" endtime="20230609 17:56:48.403"/>
</kw>
<status status="PASS" starttime="20230609 17:56:48.402" endtime="20230609 17:56:48.403"/>
</kw>
<kw name="When I delete the created user" library="test_keywords_users">
<kw name="DELETE On Session" library="RequestsLibrary">
<var>${response}</var>
<arg>serverest</arg>
<arg>${USERS_API_ENDPOINT}/${USER_ID}</arg>
<doc>Sends a DELETE request on a previously created HTTP Session.</doc>
<msg timestamp="20230609 17:56:48.471" level="INFO">DELETE Request : url=https://serverest.dev/usuarios/8AYGMHB6EbxirjVq 
 path_url=/usuarios/8AYGMHB6EbxirjVq 
 headers={'User-Agent': 'python-requests/2.31.0', 'Accept-Encoding': 'gzip, deflate', 'Accept': '*/*', 'Connection': 'keep-alive', 'Content-Length': '0'} 
 body=None 
 </msg>
<msg timestamp="20230609 17:56:48.471" level="INFO">DELETE Response : url=https://serverest.dev/usuarios/8AYGMHB6EbxirjVq 
 status=200, reason=OK 
 headers={'access-control-allow-origin': '*', 'x-dns-prefetch-control': 'off', 'x-frame-options': 'SAMEORIGIN', 'strict-transport-security': 'max-age=15552000; includeSubDomains', 'x-download-options': 'noopen', 'x-content-type-options': 'nosniff', 'x-xss-protection': '1; mode=block', 'x-moesif-transaction-id': '5ac59d4e-af2f-46bf-b0e5-a5a7ca17351e', 'content-type': 'application/json; charset=utf-8', 'X-Cloud-Trace-Context': '2cd8be742d43e6947e6b685de371ae67', 'Date': 'Fri, 09 Jun 2023 17:56:48 GMT', 'Server': 'Google Frontend', 'Content-Length': '51'} 
 body={
    "message": "Registro excluído com sucesso"
} 
 </msg>
<msg timestamp="20230609 17:56:48.471" level="INFO">${response} = &lt;Response [200]&gt;</msg>
<status status="PASS" starttime="20230609 17:56:48.404" endtime="20230609 17:56:48.471"/>
</kw>
<kw name="Set Test Variable" library="BuiltIn">
<arg>${response}</arg>
<doc>Makes a variable available everywhere within the scope of the current test.</doc>
<msg timestamp="20230609 17:56:48.472" level="INFO">${response} = &lt;Response [200]&gt;</msg>
<status status="PASS" starttime="20230609 17:56:48.472" endtime="20230609 17:56:48.472"/>
</kw>
<status status="PASS" starttime="20230609 17:56:48.403" endtime="20230609 17:56:48.472"/>
</kw>
<kw name="Then the response status code should be 200" library="test_keywords_users" sourcename="Then the response status code should be ${status_code}">
<kw name="Should Be Equal As Numbers" library="BuiltIn">
<arg>${response.status_code}</arg>
<arg>${status_code}</arg>
<doc>Fails if objects are unequal after converting them to real numbers.</doc>
<msg timestamp="20230609 17:56:48.474" level="INFO">Argument types are:
&lt;class 'int'&gt;
&lt;class 'str'&gt;</msg>
<status status="PASS" starttime="20230609 17:56:48.473" endtime="20230609 17:56:48.474"/>
</kw>
<kw name="Should Be True" library="BuiltIn">
<arg>${response.json()}</arg>
<doc>Fails if the given condition is not true.</doc>
<status status="PASS" starttime="20230609 17:56:48.474" endtime="20230609 17:56:48.475"/>
</kw>
<status status="PASS" starttime="20230609 17:56:48.473" endtime="20230609 17:56:48.475"/>
</kw>
<kw name="And the response body should not be empty" library="test_keywords_users">
<kw name="Should Not Be Empty" library="BuiltIn">
<arg>${response.json()}</arg>
<doc>Verifies that the given item is not empty.</doc>
<msg timestamp="20230609 17:56:48.476" level="INFO">Length is 1</msg>
<status status="PASS" starttime="20230609 17:56:48.476" endtime="20230609 17:56:48.476"/>
</kw>
<status status="PASS" starttime="20230609 17:56:48.475" endtime="20230609 17:56:48.477"/>
</kw>
<tag>api</tag>
<status status="PASS" starttime="20230609 17:56:48.401" endtime="20230609 17:56:48.477"/>
</test>
<status status="PASS" starttime="20230609 17:56:47.215" endtime="20230609 17:56:48.478"/>
</suite>
<status status="PASS" starttime="20230609 17:56:47.213" endtime="20230609 17:56:48.479"/>
</suite>
<suite id="s1-s2" name="E2E" source="/home/runner/work/gen-ai-robot-test/gen-ai-robot-test/tests/e2e">
<suite id="s1-s2-s1" name="Test Ui Signup" source="/home/runner/work/gen-ai-robot-test/gen-ai-robot-test/tests/e2e/test_ui_signup.robot">
<test id="s1-s2-s1-t1" name="Scenario: Signup with empty fields" line="10">
<kw name="Before Tests" library="test_keywords_common" type="SETUP">
<kw name="Open Browser" library="SeleniumLibrary">
<arg>${SERVER_BASE_URL}</arg>
<arg>${HEADLESS} ${BROWSER}</arg>
<doc>Opens a new browser instance to the optional ``url``.</doc>
<msg timestamp="20230609 17:56:48.495" level="INFO">Opening browser 'headless Chrome' to base url 'https://front.serverest.dev/'.</msg>
<msg timestamp="20230609 17:56:48.495" level="INFO">Cannot capture screenshot because no browser is open.</msg>
<msg timestamp="20230609 17:56:48.495" level="FAIL">TypeError: __init__() got an unexpected keyword argument 'service_log_path'</msg>
<status status="FAIL" starttime="20230609 17:56:48.494" endtime="20230609 17:56:48.496"/>
</kw>
<kw name="Maximize Browser Window" library="SeleniumLibrary">
<doc>Maximizes current browser window.</doc>
<status status="NOT RUN" starttime="20230609 17:56:48.496" endtime="20230609 17:56:48.496"/>
</kw>
<status status="FAIL" starttime="20230609 17:56:48.493" endtime="20230609 17:56:48.497"/>
</kw>
<kw name="After Tests" library="test_keywords_common" type="TEARDOWN">
<kw name="Close Browser" library="SeleniumLibrary">
<doc>Closes the current browser.</doc>
<status status="PASS" starttime="20230609 17:56:48.497" endtime="20230609 17:56:48.498"/>
</kw>
<status status="PASS" starttime="20230609 17:56:48.497" endtime="20230609 17:56:48.498"/>
</kw>
<tag>e2e</tag>
<status status="FAIL" starttime="20230609 17:56:48.493" endtime="20230609 17:56:48.498">Setup failed:
TypeError: __init__() got an unexpected keyword argument 'service_log_path'</status>
</test>
<test id="s1-s2-s1-t2" name="Scenario: Signup done successfully" line="16">
<kw name="Before Tests" library="test_keywords_common" type="SETUP">
<kw name="Open Browser" library="SeleniumLibrary">
<arg>${SERVER_BASE_URL}</arg>
<arg>${HEADLESS} ${BROWSER}</arg>
<doc>Opens a new browser instance to the optional ``url``.</doc>
<msg timestamp="20230609 17:56:48.501" level="INFO">Opening browser 'headless Chrome' to base url 'https://front.serverest.dev/'.</msg>
<msg timestamp="20230609 17:56:48.501" level="INFO">Cannot capture screenshot because no browser is open.</msg>
<msg timestamp="20230609 17:56:48.501" level="FAIL">TypeError: __init__() got an unexpected keyword argument 'service_log_path'</msg>
<status status="FAIL" starttime="20230609 17:56:48.500" endtime="20230609 17:56:48.502"/>
</kw>
<kw name="Maximize Browser Window" library="SeleniumLibrary">
<doc>Maximizes current browser window.</doc>
<status status="NOT RUN" starttime="20230609 17:56:48.502" endtime="20230609 17:56:48.502"/>
</kw>
<status status="FAIL" starttime="20230609 17:56:48.499" endtime="20230609 17:56:48.502"/>
</kw>
<kw name="After Tests" library="test_keywords_common" type="TEARDOWN">
<kw name="Close Browser" library="SeleniumLibrary">
<doc>Closes the current browser.</doc>
<status status="PASS" starttime="20230609 17:56:48.503" endtime="20230609 17:56:48.503"/>
</kw>
<status status="PASS" starttime="20230609 17:56:48.502" endtime="20230609 17:56:48.503"/>
</kw>
<tag>e2e</tag>
<status status="FAIL" starttime="20230609 17:56:48.498" endtime="20230609 17:56:48.503">Setup failed:
TypeError: __init__() got an unexpected keyword argument 'service_log_path'</status>
</test>
<test id="s1-s2-s1-t3" name="Scenario: Signup with already used email" line="23">
<kw name="Before Tests" library="test_keywords_common" type="SETUP">
<kw name="Open Browser" library="SeleniumLibrary">
<arg>${SERVER_BASE_URL}</arg>
<arg>${HEADLESS} ${BROWSER}</arg>
<doc>Opens a new browser instance to the optional ``url``.</doc>
<msg timestamp="20230609 17:56:48.505" level="INFO">Opening browser 'headless Chrome' to base url 'https://front.serverest.dev/'.</msg>
<msg timestamp="20230609 17:56:48.505" level="INFO">Cannot capture screenshot because no browser is open.</msg>
<msg timestamp="20230609 17:56:48.505" level="FAIL">TypeError: __init__() got an unexpected keyword argument 'service_log_path'</msg>
<status status="FAIL" starttime="20230609 17:56:48.504" endtime="20230609 17:56:48.505"/>
</kw>
<kw name="Maximize Browser Window" library="SeleniumLibrary">
<doc>Maximizes current browser window.</doc>
<status status="NOT RUN" starttime="20230609 17:56:48.506" endtime="20230609 17:56:48.506"/>
</kw>
<status status="FAIL" starttime="20230609 17:56:48.504" endtime="20230609 17:56:48.506"/>
</kw>
<kw name="After Tests" library="test_keywords_common" type="TEARDOWN">
<kw name="Close Browser" library="SeleniumLibrary">
<doc>Closes the current browser.</doc>
<status status="PASS" starttime="20230609 17:56:48.507" endtime="20230609 17:56:48.507"/>
</kw>
<status status="PASS" starttime="20230609 17:56:48.506" endtime="20230609 17:56:48.507"/>
</kw>
<tag>e2e</tag>
<status status="FAIL" starttime="20230609 17:56:48.503" endtime="20230609 17:56:48.507">Setup failed:
TypeError: __init__() got an unexpected keyword argument 'service_log_path'</status>
</test>
<status status="FAIL" starttime="20230609 17:56:48.483" endtime="20230609 17:56:48.508"/>
</suite>
<status status="FAIL" starttime="20230609 17:56:48.480" endtime="20230609 17:56:48.509"/>
</suite>
<status status="FAIL" starttime="20230609 17:56:47.184" endtime="20230609 17:56:48.510"/>
</suite>
<statistics>
<total>
<stat pass="5" fail="3" skip="0">All Tests</stat>
</total>
<tag>
<stat pass="5" fail="0" skip="0">api</stat>
<stat pass="0" fail="3" skip="0">e2e</stat>
</tag>
<suite>
<stat pass="5" fail="3" skip="0" id="s1" name="Tests">Tests</stat>
<stat pass="5" fail="0" skip="0" id="s1-s1" name="Api">Tests.Api</stat>
<stat pass="5" fail="0" skip="0" id="s1-s1-s1" name="Test Api Users">Tests.Api.Test Api Users</stat>
<stat pass="0" fail="3" skip="0" id="s1-s2" name="E2E">Tests.E2E</stat>
<stat pass="0" fail="3" skip="0" id="s1-s2-s1" name="Test Ui Signup">Tests.E2E.Test Ui Signup</stat>
</suite>
</statistics>
<errors>
</errors>
</robot>
