<?xml version="1.0" encoding="UTF-8"?>
<robot generator="Robot 6.0.2 (Python 3.8.16 on linux)" generated="20230504 12:44:29.751" rpa="false" schemaversion="3">
<suite id="s1" name="Tests" source="/home/runner/work/gen-ai-robot-test/gen-ai-robot-test/tests">
<suite id="s1-s1" name="Api" source="/home/runner/work/gen-ai-robot-test/gen-ai-robot-test/tests/api">
<suite id="s1-s1-s1" name="Users" source="/home/runner/work/gen-ai-robot-test/gen-ai-robot-test/tests/api/users">
<suite id="s1-s1-s1-s1" name="Test Api Users" source="/home/runner/work/gen-ai-robot-test/gen-ai-robot-test/tests/api/users/test_api_users.robot">
<test id="s1-s1-s1-s1-t1" name="Scenario: Get all registered users" line="9">
<kw name="Before Tests" library="test_keywords_common" type="SETUP">
<kw name="Create Session" library="RequestsLibrary">
<arg>serverest</arg>
<arg>${SERVER_BASE_URL}</arg>
<arg>disable_warnings=True</arg>
<doc>Create Session: create a HTTP session to a server</doc>
<msg timestamp="20230504 12:44:30.483" level="INFO">Creating Session using : alias=serverest, url=https://serverest.dev, headers={},                     cookies={}, auth=None, timeout=None, proxies=None, verify=False,                     debug=0 </msg>
<status status="PASS" starttime="20230504 12:44:30.483" endtime="20230504 12:44:30.483"/>
</kw>
<status status="PASS" starttime="20230504 12:44:30.482" endtime="20230504 12:44:30.484"/>
</kw>
<kw name="When I request the list of all registered users" library="test_keywords_users">
<kw name="GET On Session" library="RequestsLibrary">
<var>${response}</var>
<arg>serverest</arg>
<arg>${USERS_API_ENDPOINT}</arg>
<doc>Sends a GET request on a previously created HTTP Session.</doc>
<msg timestamp="20230504 12:44:30.604" level="INFO">GET Request : url=https://serverest.dev/usuarios 
 path_url=/usuarios 
 headers={'User-Agent': 'python-requests/2.29.0', 'Accept-Encoding': 'gzip, deflate', 'Accept': '*/*', 'Connection': 'keep-alive'} 
 body=None 
 </msg>
<msg timestamp="20230504 12:44:30.605" level="INFO">GET Response : url=https://serverest.dev/usuarios 
 status=200, reason=OK 
 headers={'access-control-allow-origin': '*', 'x-dns-prefetch-control': 'off', 'x-frame-options': 'SAMEORIGIN', 'strict-transport-security': 'max-age=15552000; includeSubDomains', 'x-download-options': 'noopen', 'x-content-type-options': 'nosniff', 'x-xss-protection': '1; mode=block', 'x-moesif-transaction-id': '090a1860-af4a-4505-81ce-2281da02d8d9', 'content-type': 'application/json; charset=utf-8', 'X-Cloud-Trace-Context': '45bdab9662a7562b857af815892aee06;o=1', 'Date': 'Thu, 04 May 2023 12:44:30 GMT', 'Server': 'Google Frontend', 'Content-Length': '1758'} 
 body={
    "quantidade": 8,
    "usuarios": [
        {
            "nome": "Fulano da Silva",
            "email": "fulano@qa.com",
            "password": "teste",
            "administrador": "true",
            "_id": "0uxuPY0cbmQhpEz1"
        },
        {
            "nome": "Tonya Reynolds",
            "email": "tonyareynolds@test.com",
            "password": "Test;123",
            "administrador": "true",
            "_id": "5SittpLrCSg4Qz04"
        },
        {
            "nome": "Mara_Zulauf",
            "email": "Jaleel_Pouros6@hotmail.com",
            "password": "123456789",
            "administrador": "true",
            "_id": "A0ndjVwfZU7ubtag"
        },
        {
            "nome": "{{generatedName}}",
            "email": "Evans_Rice@example.com",
            "password": "teste",
            "administrador": "true",
            "_id": "H6sRySl6AKUDX0oS"
        },
        {
            "nome": "Ole D'Amore",
            "email": "Madison.Anderson@yahoo.com",
            "password": "AqRa8Bh_oPlfV9U",
            "administrador": "true",
            "_id": "KeeeOCdX6JuCEShs"
        },
        {
            "nome": "Janice Stamm",
            "email": "janicestamm@test.com",
            "password": "Test;123",
            "administrador": "true",
            "_id": "UQUNshSmF26ITaZc"
        },
        {
            "nome": "Stacy Hayes",
            "email": "stacyhayes@test.com",
            "password": "Test;123",
            "administrador": "true",
            "_id": "p3FMQUOHNLyRLXsZ"
        },
        {
            "nome": "Samska",
            "email": "samska@gmail.com",
            "password": "Qw98ed74",
            "administrador": "true",
            "_id": "wBellyhBpbg2NuTq"
        }
    ]
} 
 </msg>
<msg timestamp="20230504 12:44:30.605" level="INFO">${response} = &lt;Response [200]&gt;</msg>
<status status="PASS" starttime="20230504 12:44:30.484" endtime="20230504 12:44:30.605"/>
</kw>
<kw name="Set Test Variable" library="BuiltIn">
<arg>${response}</arg>
<doc>Makes a variable available everywhere within the scope of the current test.</doc>
<msg timestamp="20230504 12:44:30.605" level="INFO">${response} = &lt;Response [200]&gt;</msg>
<status status="PASS" starttime="20230504 12:44:30.605" endtime="20230504 12:44:30.605"/>
</kw>
<status status="PASS" starttime="20230504 12:44:30.484" endtime="20230504 12:44:30.605"/>
</kw>
<kw name="Then the response status code should be 200" library="test_keywords_users" sourcename="Then the response status code should be ${status_code}">
<kw name="Should Be Equal As Numbers" library="BuiltIn">
<arg>${response.status_code}</arg>
<arg>${status_code}</arg>
<doc>Fails if objects are unequal after converting them to real numbers.</doc>
<msg timestamp="20230504 12:44:30.607" level="INFO">Argument types are:
&lt;class 'int'&gt;
&lt;class 'str'&gt;</msg>
<status status="PASS" starttime="20230504 12:44:30.606" endtime="20230504 12:44:30.607"/>
</kw>
<kw name="Should Be True" library="BuiltIn">
<arg>${response.json()}</arg>
<doc>Fails if the given condition is not true.</doc>
<status status="PASS" starttime="20230504 12:44:30.607" endtime="20230504 12:44:30.607"/>
</kw>
<status status="PASS" starttime="20230504 12:44:30.606" endtime="20230504 12:44:30.608"/>
</kw>
<kw name="And the response body should not be empty" library="test_keywords_users">
<kw name="Should Not Be Empty" library="BuiltIn">
<arg>${response.json()}</arg>
<doc>Verifies that the given item is not empty.</doc>
<msg timestamp="20230504 12:44:30.609" level="INFO">Length is 2</msg>
<status status="PASS" starttime="20230504 12:44:30.608" endtime="20230504 12:44:30.609"/>
</kw>
<status status="PASS" starttime="20230504 12:44:30.608" endtime="20230504 12:44:30.609"/>
</kw>
<tag>api</tag>
<status status="PASS" starttime="20230504 12:44:30.482" endtime="20230504 12:44:30.609"/>
</test>
<test id="s1-s1-s1-s1-t2" name="Scenario: Create a new user" line="15">
<kw name="Before Tests" library="test_keywords_common" type="SETUP">
<kw name="Create Session" library="RequestsLibrary">
<arg>serverest</arg>
<arg>${SERVER_BASE_URL}</arg>
<arg>disable_warnings=True</arg>
<doc>Create Session: create a HTTP session to a server</doc>
<msg timestamp="20230504 12:44:30.610" level="INFO">Creating Session using : alias=serverest, url=https://serverest.dev, headers={},                     cookies={}, auth=None, timeout=None, proxies=None, verify=False,                     debug=0 </msg>
<status status="PASS" starttime="20230504 12:44:30.610" endtime="20230504 12:44:30.611"/>
</kw>
<status status="PASS" starttime="20230504 12:44:30.610" endtime="20230504 12:44:30.611"/>
</kw>
<kw name="Given I have a valid user data" library="test_keywords_users">
<kw name="Name" library="FakerLibrary">
<var>${name}</var>
<doc>:example 'John Doe'</doc>
<msg timestamp="20230504 12:44:30.612" level="INFO">${name} = Jeanette Townsend</msg>
<status status="PASS" starttime="20230504 12:44:30.611" endtime="20230504 12:44:30.612"/>
</kw>
<kw name="Email" library="FakerLibrary">
<var>${email}</var>
<msg timestamp="20230504 12:44:30.612" level="INFO">${email} = jburke@example.com</msg>
<status status="PASS" starttime="20230504 12:44:30.612" endtime="20230504 12:44:30.612"/>
</kw>
<kw name="Password" library="FakerLibrary">
<var>${password}</var>
<doc>Generate a random password of the specified ``length``.</doc>
<msg timestamp="20230504 12:44:30.613" level="INFO">${password} = Dd+8VUdpKR</msg>
<status status="PASS" starttime="20230504 12:44:30.612" endtime="20230504 12:44:30.613"/>
</kw>
<kw name="Set Suite Variable" library="BuiltIn">
<arg>${name}</arg>
<doc>Makes a variable available everywhere within the scope of the current suite.</doc>
<msg timestamp="20230504 12:44:30.613" level="INFO">${name} = Jeanette Townsend</msg>
<status status="PASS" starttime="20230504 12:44:30.613" endtime="20230504 12:44:30.613"/>
</kw>
<kw name="Set Suite Variable" library="BuiltIn">
<arg>${email}</arg>
<doc>Makes a variable available everywhere within the scope of the current suite.</doc>
<msg timestamp="20230504 12:44:30.614" level="INFO">${email} = jburke@example.com</msg>
<status status="PASS" starttime="20230504 12:44:30.613" endtime="20230504 12:44:30.614"/>
</kw>
<kw name="Set Suite Variable" library="BuiltIn">
<arg>${password}</arg>
<doc>Makes a variable available everywhere within the scope of the current suite.</doc>
<msg timestamp="20230504 12:44:30.614" level="INFO">${password} = Dd+8VUdpKR</msg>
<status status="PASS" starttime="20230504 12:44:30.614" endtime="20230504 12:44:30.614"/>
</kw>
<status status="PASS" starttime="20230504 12:44:30.611" endtime="20230504 12:44:30.614"/>
</kw>
<kw name="When I create the user" library="test_keywords_users">
<kw name="Create Dictionary" library="BuiltIn">
<var>${payload}</var>
<arg>nome=${name}</arg>
<arg>email=${email}</arg>
<arg>password=${password}</arg>
<arg>administrador=false</arg>
<doc>Creates and returns a dictionary based on the given ``items``.</doc>
<msg timestamp="20230504 12:44:30.615" level="INFO">${payload} = {'nome': 'Jeanette Townsend', 'email': 'jburke@example.com', 'password': 'Dd+8VUdpKR', 'administrador': 'false'}</msg>
<status status="PASS" starttime="20230504 12:44:30.614" endtime="20230504 12:44:30.615"/>
</kw>
<kw name="Create Dictionary" library="BuiltIn">
<var>${headers}</var>
<arg>Content-Type=application/json</arg>
<doc>Creates and returns a dictionary based on the given ``items``.</doc>
<msg timestamp="20230504 12:44:30.615" level="INFO">${headers} = {'Content-Type': 'application/json'}</msg>
<status status="PASS" starttime="20230504 12:44:30.615" endtime="20230504 12:44:30.615"/>
</kw>
<kw name="POST On Session" library="RequestsLibrary">
<var>${response}</var>
<arg>serverest</arg>
<arg>${USERS_API_ENDPOINT}</arg>
<arg>json=${payload}</arg>
<arg>headers=${headers}</arg>
<doc>Sends a POST request on a previously created HTTP Session.</doc>
<msg timestamp="20230504 12:44:30.680" level="INFO">POST Request : url=https://serverest.dev/usuarios 
 path_url=/usuarios 
 headers={'User-Agent': 'python-requests/2.29.0', 'Accept-Encoding': 'gzip, deflate', 'Accept': '*/*', 'Connection': 'keep-alive', 'Content-Type': 'application/json', 'Content-Length': '112'} 
 body=b'{"nome": "Jeanette Townsend", "email": "jburke@example.com", "password": "Dd+8VUdpKR", "administrador": "false"}' 
 </msg>
<msg timestamp="20230504 12:44:30.680" level="INFO">POST Response : url=https://serverest.dev/usuarios 
 status=201, reason=Created 
 headers={'access-control-allow-origin': '*', 'x-dns-prefetch-control': 'off', 'x-frame-options': 'SAMEORIGIN', 'strict-transport-security': 'max-age=15552000; includeSubDomains', 'x-download-options': 'noopen', 'x-content-type-options': 'nosniff', 'x-xss-protection': '1; mode=block', 'x-moesif-transaction-id': '2f96b632-041e-42b9-927e-e268f53f1ac1', 'content-type': 'application/json; charset=utf-8', 'X-Cloud-Trace-Context': 'e876eadf807f97f71bd9d306700f2928', 'Date': 'Thu, 04 May 2023 12:44:30 GMT', 'Server': 'Google Frontend', 'Content-Length': '82'} 
 body={
    "message": "Cadastro realizado com sucesso",
    "_id": "Av7v6zkuLwEfK36p"
} 
 </msg>
<msg timestamp="20230504 12:44:30.681" level="INFO">${response} = &lt;Response [201]&gt;</msg>
<status status="PASS" starttime="20230504 12:44:30.615" endtime="20230504 12:44:30.681"/>
</kw>
<kw name="Set Variable" library="BuiltIn">
<var>${user_id}</var>
<arg>${response.json()['_id']}</arg>
<doc>Returns the given values which can then be assigned to a variables.</doc>
<msg timestamp="20230504 12:44:30.681" level="INFO">${user_id} = Av7v6zkuLwEfK36p</msg>
<status status="PASS" starttime="20230504 12:44:30.681" endtime="20230504 12:44:30.682"/>
</kw>
<kw name="Set Global Variable" library="BuiltIn">
<arg>${USER_ID}</arg>
<arg>${user_id}</arg>
<doc>Makes a variable available globally in all tests and suites.</doc>
<msg timestamp="20230504 12:44:30.682" level="INFO">${USER_ID} = Av7v6zkuLwEfK36p</msg>
<status status="PASS" starttime="20230504 12:44:30.682" endtime="20230504 12:44:30.682"/>
</kw>
<kw name="Set Test Variable" library="BuiltIn">
<arg>${response}</arg>
<doc>Makes a variable available everywhere within the scope of the current test.</doc>
<msg timestamp="20230504 12:44:30.682" level="INFO">${response} = &lt;Response [201]&gt;</msg>
<status status="PASS" starttime="20230504 12:44:30.682" endtime="20230504 12:44:30.682"/>
</kw>
<status status="PASS" starttime="20230504 12:44:30.614" endtime="20230504 12:44:30.683"/>
</kw>
<kw name="Then the response status code should be 201" library="test_keywords_users" sourcename="Then the response status code should be ${status_code}">
<kw name="Should Be Equal As Numbers" library="BuiltIn">
<arg>${response.status_code}</arg>
<arg>${status_code}</arg>
<doc>Fails if objects are unequal after converting them to real numbers.</doc>
<msg timestamp="20230504 12:44:30.684" level="INFO">Argument types are:
&lt;class 'int'&gt;
&lt;class 'str'&gt;</msg>
<status status="PASS" starttime="20230504 12:44:30.683" endtime="20230504 12:44:30.684"/>
</kw>
<kw name="Should Be True" library="BuiltIn">
<arg>${response.json()}</arg>
<doc>Fails if the given condition is not true.</doc>
<status status="PASS" starttime="20230504 12:44:30.684" endtime="20230504 12:44:30.684"/>
</kw>
<status status="PASS" starttime="20230504 12:44:30.683" endtime="20230504 12:44:30.685"/>
</kw>
<kw name="And the response body should not be empty" library="test_keywords_users">
<kw name="Should Not Be Empty" library="BuiltIn">
<arg>${response.json()}</arg>
<doc>Verifies that the given item is not empty.</doc>
<msg timestamp="20230504 12:44:30.685" level="INFO">Length is 2</msg>
<status status="PASS" starttime="20230504 12:44:30.685" endtime="20230504 12:44:30.685"/>
</kw>
<status status="PASS" starttime="20230504 12:44:30.685" endtime="20230504 12:44:30.686"/>
</kw>
<tag>api</tag>
<status status="PASS" starttime="20230504 12:44:30.609" endtime="20230504 12:44:30.686"/>
</test>
<test id="s1-s1-s1-s1-t3" name="Scenario: Get a specific user informations" line="22">
<kw name="Before Tests" library="test_keywords_common" type="SETUP">
<kw name="Create Session" library="RequestsLibrary">
<arg>serverest</arg>
<arg>${SERVER_BASE_URL}</arg>
<arg>disable_warnings=True</arg>
<doc>Create Session: create a HTTP session to a server</doc>
<msg timestamp="20230504 12:44:30.687" level="INFO">Creating Session using : alias=serverest, url=https://serverest.dev, headers={},                     cookies={}, auth=None, timeout=None, proxies=None, verify=False,                     debug=0 </msg>
<status status="PASS" starttime="20230504 12:44:30.687" endtime="20230504 12:44:30.687"/>
</kw>
<status status="PASS" starttime="20230504 12:44:30.687" endtime="20230504 12:44:30.687"/>
</kw>
<kw name="When I request the created user" library="test_keywords_users">
<kw name="GET On Session" library="RequestsLibrary">
<var>${response}</var>
<arg>serverest</arg>
<arg>${USERS_API_ENDPOINT}/${USER_ID}</arg>
<doc>Sends a GET request on a previously created HTTP Session.</doc>
<msg timestamp="20230504 12:44:30.756" level="INFO">GET Request : url=https://serverest.dev/usuarios/Av7v6zkuLwEfK36p 
 path_url=/usuarios/Av7v6zkuLwEfK36p 
 headers={'User-Agent': 'python-requests/2.29.0', 'Accept-Encoding': 'gzip, deflate', 'Accept': '*/*', 'Connection': 'keep-alive'} 
 body=None 
 </msg>
<msg timestamp="20230504 12:44:30.757" level="INFO">GET Response : url=https://serverest.dev/usuarios/Av7v6zkuLwEfK36p 
 status=200, reason=OK 
 headers={'access-control-allow-origin': '*', 'x-dns-prefetch-control': 'off', 'x-frame-options': 'SAMEORIGIN', 'strict-transport-security': 'max-age=15552000; includeSubDomains', 'x-download-options': 'noopen', 'x-content-type-options': 'nosniff', 'x-xss-protection': '1; mode=block', 'x-moesif-transaction-id': 'a5bb91a7-6d2d-4014-a9fe-5bc0709df613', 'content-type': 'application/json; charset=utf-8', 'X-Cloud-Trace-Context': '2a5d09ffe5731349b3d75ecafa3d80cb', 'Date': 'Thu, 04 May 2023 12:44:30 GMT', 'Server': 'Google Frontend', 'Content-Length': '161'} 
 body={
    "nome": "Jeanette Townsend",
    "email": "jburke@example.com",
    "password": "Dd+8VUdpKR",
    "administrador": "false",
    "_id": "Av7v6zkuLwEfK36p"
} 
 </msg>
<msg timestamp="20230504 12:44:30.757" level="INFO">${response} = &lt;Response [200]&gt;</msg>
<status status="PASS" starttime="20230504 12:44:30.688" endtime="20230504 12:44:30.757"/>
</kw>
<kw name="Set Test Variable" library="BuiltIn">
<arg>${response}</arg>
<doc>Makes a variable available everywhere within the scope of the current test.</doc>
<msg timestamp="20230504 12:44:30.757" level="INFO">${response} = &lt;Response [200]&gt;</msg>
<status status="PASS" starttime="20230504 12:44:30.757" endtime="20230504 12:44:30.757"/>
</kw>
<status status="PASS" starttime="20230504 12:44:30.687" endtime="20230504 12:44:30.757"/>
</kw>
<kw name="Then the response status code should be 200" library="test_keywords_users" sourcename="Then the response status code should be ${status_code}">
<kw name="Should Be Equal As Numbers" library="BuiltIn">
<arg>${response.status_code}</arg>
<arg>${status_code}</arg>
<doc>Fails if objects are unequal after converting them to real numbers.</doc>
<msg timestamp="20230504 12:44:30.758" level="INFO">Argument types are:
&lt;class 'int'&gt;
&lt;class 'str'&gt;</msg>
<status status="PASS" starttime="20230504 12:44:30.758" endtime="20230504 12:44:30.759"/>
</kw>
<kw name="Should Be True" library="BuiltIn">
<arg>${response.json()}</arg>
<doc>Fails if the given condition is not true.</doc>
<status status="PASS" starttime="20230504 12:44:30.759" endtime="20230504 12:44:30.759"/>
</kw>
<status status="PASS" starttime="20230504 12:44:30.757" endtime="20230504 12:44:30.759"/>
</kw>
<kw name="And the response body should not be empty" library="test_keywords_users">
<kw name="Should Not Be Empty" library="BuiltIn">
<arg>${response.json()}</arg>
<doc>Verifies that the given item is not empty.</doc>
<msg timestamp="20230504 12:44:30.760" level="INFO">Length is 5</msg>
<status status="PASS" starttime="20230504 12:44:30.760" endtime="20230504 12:44:30.760"/>
</kw>
<status status="PASS" starttime="20230504 12:44:30.759" endtime="20230504 12:44:30.761"/>
</kw>
<tag>api</tag>
<status status="PASS" starttime="20230504 12:44:30.686" endtime="20230504 12:44:30.761"/>
</test>
<test id="s1-s1-s1-s1-t4" name="Scenario: Update the created user" line="28">
<kw name="Before Tests" library="test_keywords_common" type="SETUP">
<kw name="Create Session" library="RequestsLibrary">
<arg>serverest</arg>
<arg>${SERVER_BASE_URL}</arg>
<arg>disable_warnings=True</arg>
<doc>Create Session: create a HTTP session to a server</doc>
<msg timestamp="20230504 12:44:30.762" level="INFO">Creating Session using : alias=serverest, url=https://serverest.dev, headers={},                     cookies={}, auth=None, timeout=None, proxies=None, verify=False,                     debug=0 </msg>
<status status="PASS" starttime="20230504 12:44:30.762" endtime="20230504 12:44:30.762"/>
</kw>
<status status="PASS" starttime="20230504 12:44:30.762" endtime="20230504 12:44:30.763"/>
</kw>
<kw name="When I update the created user" library="test_keywords_users">
<kw name="Create Dictionary" library="BuiltIn">
<var>${payload}</var>
<arg>nome=John Smith</arg>
<arg>email=john.smith@example.com</arg>
<arg>password=P@ssw0rd123</arg>
<arg>administrador=false</arg>
<doc>Creates and returns a dictionary based on the given ``items``.</doc>
<msg timestamp="20230504 12:44:30.763" level="INFO">${payload} = {'nome': 'John Smith', 'email': 'john.smith@example.com', 'password': 'P@ssw0rd123', 'administrador': 'false'}</msg>
<status status="PASS" starttime="20230504 12:44:30.763" endtime="20230504 12:44:30.763"/>
</kw>
<kw name="Create Dictionary" library="BuiltIn">
<var>${headers}</var>
<arg>Content-Type=application/json</arg>
<doc>Creates and returns a dictionary based on the given ``items``.</doc>
<msg timestamp="20230504 12:44:30.764" level="INFO">${headers} = {'Content-Type': 'application/json'}</msg>
<status status="PASS" starttime="20230504 12:44:30.763" endtime="20230504 12:44:30.764"/>
</kw>
<kw name="PUT On Session" library="RequestsLibrary">
<var>${response}</var>
<arg>serverest</arg>
<arg>${USERS_API_ENDPOINT}/${USER_ID}</arg>
<arg>json=${payload}</arg>
<arg>headers=${headers}</arg>
<doc>Sends a PUT request on a previously created HTTP Session.</doc>
<msg timestamp="20230504 12:44:30.829" level="INFO">PUT Request : url=https://serverest.dev/usuarios/Av7v6zkuLwEfK36p 
 path_url=/usuarios/Av7v6zkuLwEfK36p 
 headers={'User-Agent': 'python-requests/2.29.0', 'Accept-Encoding': 'gzip, deflate', 'Accept': '*/*', 'Connection': 'keep-alive', 'Content-Type': 'application/json', 'Content-Length': '110'} 
 body=b'{"nome": "John Smith", "email": "john.smith@example.com", "password": "P@ssw0rd123", "administrador": "false"}' 
 </msg>
<msg timestamp="20230504 12:44:30.829" level="INFO">PUT Response : url=https://serverest.dev/usuarios/Av7v6zkuLwEfK36p 
 status=200, reason=OK 
 headers={'access-control-allow-origin': '*', 'x-dns-prefetch-control': 'off', 'x-frame-options': 'SAMEORIGIN', 'strict-transport-security': 'max-age=15552000; includeSubDomains', 'x-download-options': 'noopen', 'x-content-type-options': 'nosniff', 'x-xss-protection': '1; mode=block', 'x-moesif-transaction-id': '4aea0bf0-eea2-48a4-8a02-1017db8fd982', 'content-type': 'application/json; charset=utf-8', 'X-Cloud-Trace-Context': 'e4659da0f256a4e712852ddba2b00a42', 'Date': 'Thu, 04 May 2023 12:44:30 GMT', 'Server': 'Google Frontend', 'Content-Length': '50'} 
 body={
    "message": "Registro alterado com sucesso"
} 
 </msg>
<msg timestamp="20230504 12:44:30.830" level="INFO">${response} = &lt;Response [200]&gt;</msg>
<status status="PASS" starttime="20230504 12:44:30.764" endtime="20230504 12:44:30.830"/>
</kw>
<kw name="Set Test Variable" library="BuiltIn">
<arg>${response}</arg>
<doc>Makes a variable available everywhere within the scope of the current test.</doc>
<msg timestamp="20230504 12:44:30.830" level="INFO">${response} = &lt;Response [200]&gt;</msg>
<status status="PASS" starttime="20230504 12:44:30.830" endtime="20230504 12:44:30.830"/>
</kw>
<status status="PASS" starttime="20230504 12:44:30.763" endtime="20230504 12:44:30.830"/>
</kw>
<kw name="Then the response status code should be 200" library="test_keywords_users" sourcename="Then the response status code should be ${status_code}">
<kw name="Should Be Equal As Numbers" library="BuiltIn">
<arg>${response.status_code}</arg>
<arg>${status_code}</arg>
<doc>Fails if objects are unequal after converting them to real numbers.</doc>
<msg timestamp="20230504 12:44:30.831" level="INFO">Argument types are:
&lt;class 'int'&gt;
&lt;class 'str'&gt;</msg>
<status status="PASS" starttime="20230504 12:44:30.831" endtime="20230504 12:44:30.831"/>
</kw>
<kw name="Should Be True" library="BuiltIn">
<arg>${response.json()}</arg>
<doc>Fails if the given condition is not true.</doc>
<status status="PASS" starttime="20230504 12:44:30.831" endtime="20230504 12:44:30.832"/>
</kw>
<status status="PASS" starttime="20230504 12:44:30.830" endtime="20230504 12:44:30.832"/>
</kw>
<kw name="And the response body should not be empty" library="test_keywords_users">
<kw name="Should Not Be Empty" library="BuiltIn">
<arg>${response.json()}</arg>
<doc>Verifies that the given item is not empty.</doc>
<msg timestamp="20230504 12:44:30.833" level="INFO">Length is 1</msg>
<status status="PASS" starttime="20230504 12:44:30.833" endtime="20230504 12:44:30.833"/>
</kw>
<status status="PASS" starttime="20230504 12:44:30.832" endtime="20230504 12:44:30.833"/>
</kw>
<tag>api</tag>
<status status="PASS" starttime="20230504 12:44:30.761" endtime="20230504 12:44:30.834"/>
</test>
<test id="s1-s1-s1-s1-t5" name="Scenario: Delete the created user" line="34">
<kw name="Before Tests" library="test_keywords_common" type="SETUP">
<kw name="Create Session" library="RequestsLibrary">
<arg>serverest</arg>
<arg>${SERVER_BASE_URL}</arg>
<arg>disable_warnings=True</arg>
<doc>Create Session: create a HTTP session to a server</doc>
<msg timestamp="20230504 12:44:30.835" level="INFO">Creating Session using : alias=serverest, url=https://serverest.dev, headers={},                     cookies={}, auth=None, timeout=None, proxies=None, verify=False,                     debug=0 </msg>
<status status="PASS" starttime="20230504 12:44:30.835" endtime="20230504 12:44:30.835"/>
</kw>
<status status="PASS" starttime="20230504 12:44:30.834" endtime="20230504 12:44:30.835"/>
</kw>
<kw name="When I delete the created user" library="test_keywords_users">
<kw name="DELETE On Session" library="RequestsLibrary">
<var>${response}</var>
<arg>serverest</arg>
<arg>${USERS_API_ENDPOINT}/${USER_ID}</arg>
<doc>Sends a DELETE request on a previously created HTTP Session.</doc>
<msg timestamp="20230504 12:44:30.897" level="INFO">DELETE Request : url=https://serverest.dev/usuarios/Av7v6zkuLwEfK36p 
 path_url=/usuarios/Av7v6zkuLwEfK36p 
 headers={'User-Agent': 'python-requests/2.29.0', 'Accept-Encoding': 'gzip, deflate', 'Accept': '*/*', 'Connection': 'keep-alive', 'Content-Length': '0'} 
 body=None 
 </msg>
<msg timestamp="20230504 12:44:30.897" level="INFO">DELETE Response : url=https://serverest.dev/usuarios/Av7v6zkuLwEfK36p 
 status=200, reason=OK 
 headers={'access-control-allow-origin': '*', 'x-dns-prefetch-control': 'off', 'x-frame-options': 'SAMEORIGIN', 'strict-transport-security': 'max-age=15552000; includeSubDomains', 'x-download-options': 'noopen', 'x-content-type-options': 'nosniff', 'x-xss-protection': '1; mode=block', 'x-moesif-transaction-id': 'cd9a8abf-461b-4273-b184-714127e60b5b', 'content-type': 'application/json; charset=utf-8', 'X-Cloud-Trace-Context': 'e1c2cd259389982caec71beb07933931', 'Date': 'Thu, 04 May 2023 12:44:30 GMT', 'Server': 'Google Frontend', 'Content-Length': '51'} 
 body={
    "message": "Registro excluído com sucesso"
} 
 </msg>
<msg timestamp="20230504 12:44:30.897" level="INFO">${response} = &lt;Response [200]&gt;</msg>
<status status="PASS" starttime="20230504 12:44:30.836" endtime="20230504 12:44:30.897"/>
</kw>
<kw name="Set Test Variable" library="BuiltIn">
<arg>${response}</arg>
<doc>Makes a variable available everywhere within the scope of the current test.</doc>
<msg timestamp="20230504 12:44:30.898" level="INFO">${response} = &lt;Response [200]&gt;</msg>
<status status="PASS" starttime="20230504 12:44:30.898" endtime="20230504 12:44:30.898"/>
</kw>
<status status="PASS" starttime="20230504 12:44:30.835" endtime="20230504 12:44:30.898"/>
</kw>
<kw name="Then the response status code should be 200" library="test_keywords_users" sourcename="Then the response status code should be ${status_code}">
<kw name="Should Be Equal As Numbers" library="BuiltIn">
<arg>${response.status_code}</arg>
<arg>${status_code}</arg>
<doc>Fails if objects are unequal after converting them to real numbers.</doc>
<msg timestamp="20230504 12:44:30.899" level="INFO">Argument types are:
&lt;class 'int'&gt;
&lt;class 'str'&gt;</msg>
<status status="PASS" starttime="20230504 12:44:30.898" endtime="20230504 12:44:30.899"/>
</kw>
<kw name="Should Be True" library="BuiltIn">
<arg>${response.json()}</arg>
<doc>Fails if the given condition is not true.</doc>
<status status="PASS" starttime="20230504 12:44:30.899" endtime="20230504 12:44:30.900"/>
</kw>
<status status="PASS" starttime="20230504 12:44:30.898" endtime="20230504 12:44:30.900"/>
</kw>
<kw name="And the response body should not be empty" library="test_keywords_users">
<kw name="Should Not Be Empty" library="BuiltIn">
<arg>${response.json()}</arg>
<doc>Verifies that the given item is not empty.</doc>
<msg timestamp="20230504 12:44:30.901" level="INFO">Length is 1</msg>
<status status="PASS" starttime="20230504 12:44:30.900" endtime="20230504 12:44:30.901"/>
</kw>
<status status="PASS" starttime="20230504 12:44:30.900" endtime="20230504 12:44:30.901"/>
</kw>
<tag>api</tag>
<status status="PASS" starttime="20230504 12:44:30.834" endtime="20230504 12:44:30.901"/>
</test>
<status status="PASS" starttime="20230504 12:44:29.773" endtime="20230504 12:44:30.902"/>
</suite>
<status status="PASS" starttime="20230504 12:44:29.771" endtime="20230504 12:44:30.903"/>
</suite>
<status status="PASS" starttime="20230504 12:44:29.770" endtime="20230504 12:44:30.904"/>
</suite>
<suite id="s1-s2" name="Ui" source="/home/runner/work/gen-ai-robot-test/gen-ai-robot-test/tests/ui">
<suite id="s1-s2-s1" name="Login" source="/home/runner/work/gen-ai-robot-test/gen-ai-robot-test/tests/ui/login">
<suite id="s1-s2-s1-s1" name="Test Ui Login" source="/home/runner/work/gen-ai-robot-test/gen-ai-robot-test/tests/ui/login/test_ui_login.robot">
<test id="s1-s2-s1-s1-t1" name="Scenario: Log in to Sauce Demo with Standard User" line="10">
<kw name="Before Tests" library="test_keywords_common" type="SETUP">
<kw name="Open Browser" library="SeleniumLibrary">
<arg>${SERVER_BASE_URL}</arg>
<arg>${HEADLESS} ${BROWSER}</arg>
<doc>Opens a new browser instance to the optional ``url``.</doc>
<msg timestamp="20230504 12:44:30.915" level="INFO">Opening browser 'headless Chrome' to base url 'https://www.saucedemo.com/'.</msg>
<status status="PASS" starttime="20230504 12:44:30.915" endtime="20230504 12:44:48.670"/>
</kw>
<kw name="Maximize Browser Window" library="SeleniumLibrary">
<doc>Maximizes current browser window.</doc>
<status status="PASS" starttime="20230504 12:44:48.671" endtime="20230504 12:44:48.869"/>
</kw>
<status status="PASS" starttime="20230504 12:44:30.915" endtime="20230504 12:44:48.870"/>
</kw>
<kw name="Given Im on the main application page" library="test_keywords_login">
<kw name="Go To" library="SeleniumLibrary">
<arg>${SERVER_BASE_URL}</arg>
<doc>Navigates the current browser window to the provided ``url``.</doc>
<msg timestamp="20230504 12:44:48.871" level="INFO">Opening url 'https://www.saucedemo.com/'</msg>
<status status="PASS" starttime="20230504 12:44:48.870" endtime="20230504 12:44:49.011"/>
</kw>
<kw name="Location Should Be" library="SeleniumLibrary">
<arg>${SERVER_BASE_URL}</arg>
<doc>Verifies that the current URL is exactly ``url``.</doc>
<msg timestamp="20230504 12:44:49.015" level="INFO">Current location is 'https://www.saucedemo.com/'.</msg>
<status status="PASS" starttime="20230504 12:44:49.011" endtime="20230504 12:44:49.015"/>
</kw>
<status status="PASS" starttime="20230504 12:44:48.870" endtime="20230504 12:44:49.015"/>
</kw>
<kw name="When I log in with credentials" library="test_keywords_login">
<arg>standard_user</arg>
<arg>secret_sauce</arg>
<kw name="Input Text" library="SeleniumLibrary">
<arg>id:user-name</arg>
<arg>${username}</arg>
<doc>Types the given ``text`` into the text field identified by ``locator``.</doc>
<msg timestamp="20230504 12:44:49.018" level="INFO">Typing text 'standard_user' into text field 'id:user-name'.</msg>
<status status="PASS" starttime="20230504 12:44:49.016" endtime="20230504 12:44:49.415"/>
</kw>
<kw name="Input Text" library="SeleniumLibrary">
<arg>id:password</arg>
<arg>${password}</arg>
<doc>Types the given ``text`` into the text field identified by ``locator``.</doc>
<msg timestamp="20230504 12:44:49.415" level="INFO">Typing text 'secret_sauce' into text field 'id:password'.</msg>
<status status="PASS" starttime="20230504 12:44:49.415" endtime="20230504 12:44:49.666"/>
</kw>
<kw name="Click Button" library="SeleniumLibrary">
<arg>id:login-button</arg>
<doc>Clicks the button identified by ``locator``.</doc>
<msg timestamp="20230504 12:44:49.667" level="INFO">Clicking button 'id:login-button'.</msg>
<status status="PASS" starttime="20230504 12:44:49.666" endtime="20230504 12:44:50.063"/>
</kw>
<status status="PASS" starttime="20230504 12:44:49.016" endtime="20230504 12:44:50.063"/>
</kw>
<kw name="And the Inventory page loads" library="test_keywords_login">
<kw name="Location Should Be" library="SeleniumLibrary">
<arg>https://www.saucedemo.com/inventory.html</arg>
<doc>Verifies that the current URL is exactly ``url``.</doc>
<msg timestamp="20230504 12:44:50.067" level="INFO">Current location is 'https://www.saucedemo.com/inventory.html'.</msg>
<status status="PASS" starttime="20230504 12:44:50.064" endtime="20230504 12:44:50.067"/>
</kw>
<status status="PASS" starttime="20230504 12:44:50.063" endtime="20230504 12:44:50.067"/>
</kw>
<kw name="Then the page should contain the text &quot;Products&quot;" library="test_keywords_login" sourcename="Then the page should contain the text &quot;${expected_text}&quot;">
<kw name="Page Should Contain" library="SeleniumLibrary">
<arg>${expected_text}</arg>
<doc>Verifies that current page contains ``text``.</doc>
<msg timestamp="20230504 12:44:50.155" level="INFO">Current page contains text 'Products'.</msg>
<status status="PASS" starttime="20230504 12:44:50.068" endtime="20230504 12:44:50.156"/>
</kw>
<status status="PASS" starttime="20230504 12:44:50.068" endtime="20230504 12:44:50.156"/>
</kw>
<kw name="After Tests" library="test_keywords_common" type="TEARDOWN">
<kw name="Close Browser" library="SeleniumLibrary">
<doc>Closes the current browser.</doc>
<status status="PASS" starttime="20230504 12:44:50.156" endtime="20230504 12:44:50.214"/>
</kw>
<status status="PASS" starttime="20230504 12:44:50.156" endtime="20230504 12:44:50.214"/>
</kw>
<tag>ui</tag>
<status status="PASS" starttime="20230504 12:44:30.914" endtime="20230504 12:44:50.214"/>
</test>
<test id="s1-s2-s1-s1-t2" name="Scenario: Log in to Sauce Demo with Locked Out User" line="17">
<kw name="Before Tests" library="test_keywords_common" type="SETUP">
<kw name="Open Browser" library="SeleniumLibrary">
<arg>${SERVER_BASE_URL}</arg>
<arg>${HEADLESS} ${BROWSER}</arg>
<doc>Opens a new browser instance to the optional ``url``.</doc>
<msg timestamp="20230504 12:44:50.216" level="INFO">Opening browser 'headless Chrome' to base url 'https://www.saucedemo.com/'.</msg>
<status status="PASS" starttime="20230504 12:44:50.215" endtime="20230504 12:44:51.002"/>
</kw>
<kw name="Maximize Browser Window" library="SeleniumLibrary">
<doc>Maximizes current browser window.</doc>
<status status="PASS" starttime="20230504 12:44:51.002" endtime="20230504 12:44:51.106"/>
</kw>
<status status="PASS" starttime="20230504 12:44:50.215" endtime="20230504 12:44:51.106"/>
</kw>
<kw name="Given Im on the main application page" library="test_keywords_login">
<kw name="Go To" library="SeleniumLibrary">
<arg>${SERVER_BASE_URL}</arg>
<doc>Navigates the current browser window to the provided ``url``.</doc>
<msg timestamp="20230504 12:44:51.107" level="INFO">Opening url 'https://www.saucedemo.com/'</msg>
<status status="PASS" starttime="20230504 12:44:51.107" endtime="20230504 12:44:51.171"/>
</kw>
<kw name="Location Should Be" library="SeleniumLibrary">
<arg>${SERVER_BASE_URL}</arg>
<doc>Verifies that the current URL is exactly ``url``.</doc>
<msg timestamp="20230504 12:44:51.175" level="INFO">Current location is 'https://www.saucedemo.com/'.</msg>
<status status="PASS" starttime="20230504 12:44:51.172" endtime="20230504 12:44:51.175"/>
</kw>
<status status="PASS" starttime="20230504 12:44:51.107" endtime="20230504 12:44:51.175"/>
</kw>
<kw name="When I log in with credentials" library="test_keywords_login">
<arg>locked_out_user</arg>
<arg>secret_sauce</arg>
<kw name="Input Text" library="SeleniumLibrary">
<arg>id:user-name</arg>
<arg>${username}</arg>
<doc>Types the given ``text`` into the text field identified by ``locator``.</doc>
<msg timestamp="20230504 12:44:51.177" level="INFO">Typing text 'locked_out_user' into text field 'id:user-name'.</msg>
<status status="PASS" starttime="20230504 12:44:51.176" endtime="20230504 12:44:51.264"/>
</kw>
<kw name="Input Text" library="SeleniumLibrary">
<arg>id:password</arg>
<arg>${password}</arg>
<doc>Types the given ``text`` into the text field identified by ``locator``.</doc>
<msg timestamp="20230504 12:44:51.265" level="INFO">Typing text 'secret_sauce' into text field 'id:password'.</msg>
<status status="PASS" starttime="20230504 12:44:51.264" endtime="20230504 12:44:51.344"/>
</kw>
<kw name="Click Button" library="SeleniumLibrary">
<arg>id:login-button</arg>
<doc>Clicks the button identified by ``locator``.</doc>
<msg timestamp="20230504 12:44:51.345" level="INFO">Clicking button 'id:login-button'.</msg>
<status status="PASS" starttime="20230504 12:44:51.344" endtime="20230504 12:44:51.398"/>
</kw>
<status status="PASS" starttime="20230504 12:44:51.176" endtime="20230504 12:44:51.399"/>
</kw>
<kw name="Then the locked out message should be displayed" library="test_keywords_login">
<kw name="Element Should Be Visible" library="SeleniumLibrary">
<arg>class:error-message-container</arg>
<doc>Verifies that the element identified by ``locator`` is visible.</doc>
<msg timestamp="20230504 12:44:51.420" level="INFO">Element 'class:error-message-container' is displayed.</msg>
<status status="PASS" starttime="20230504 12:44:51.399" endtime="20230504 12:44:51.420"/>
</kw>
<status status="PASS" starttime="20230504 12:44:51.399" endtime="20230504 12:44:51.420"/>
</kw>
<kw name="After Tests" library="test_keywords_common" type="TEARDOWN">
<kw name="Close Browser" library="SeleniumLibrary">
<doc>Closes the current browser.</doc>
<status status="PASS" starttime="20230504 12:44:51.421" endtime="20230504 12:44:51.478"/>
</kw>
<status status="PASS" starttime="20230504 12:44:51.421" endtime="20230504 12:44:51.478"/>
</kw>
<tag>ui</tag>
<status status="PASS" starttime="20230504 12:44:50.214" endtime="20230504 12:44:51.479"/>
</test>
<test id="s1-s2-s1-s1-t3" name="Scenario: Log in to Sauce Demo with Problem User" line="23">
<kw name="Before Tests" library="test_keywords_common" type="SETUP">
<kw name="Open Browser" library="SeleniumLibrary">
<arg>${SERVER_BASE_URL}</arg>
<arg>${HEADLESS} ${BROWSER}</arg>
<doc>Opens a new browser instance to the optional ``url``.</doc>
<msg timestamp="20230504 12:44:51.481" level="INFO">Opening browser 'headless Chrome' to base url 'https://www.saucedemo.com/'.</msg>
<status status="PASS" starttime="20230504 12:44:51.480" endtime="20230504 12:44:52.269"/>
</kw>
<kw name="Maximize Browser Window" library="SeleniumLibrary">
<doc>Maximizes current browser window.</doc>
<status status="PASS" starttime="20230504 12:44:52.270" endtime="20230504 12:44:52.373"/>
</kw>
<status status="PASS" starttime="20230504 12:44:51.480" endtime="20230504 12:44:52.373"/>
</kw>
<kw name="Given Im on the main application page" library="test_keywords_login">
<kw name="Go To" library="SeleniumLibrary">
<arg>${SERVER_BASE_URL}</arg>
<doc>Navigates the current browser window to the provided ``url``.</doc>
<msg timestamp="20230504 12:44:52.374" level="INFO">Opening url 'https://www.saucedemo.com/'</msg>
<status status="PASS" starttime="20230504 12:44:52.374" endtime="20230504 12:44:52.428"/>
</kw>
<kw name="Location Should Be" library="SeleniumLibrary">
<arg>${SERVER_BASE_URL}</arg>
<doc>Verifies that the current URL is exactly ``url``.</doc>
<msg timestamp="20230504 12:44:52.432" level="INFO">Current location is 'https://www.saucedemo.com/'.</msg>
<status status="PASS" starttime="20230504 12:44:52.428" endtime="20230504 12:44:52.432"/>
</kw>
<status status="PASS" starttime="20230504 12:44:52.373" endtime="20230504 12:44:52.432"/>
</kw>
<kw name="When I log in with credentials" library="test_keywords_login">
<arg>problem_user</arg>
<arg>secret_sauce</arg>
<kw name="Input Text" library="SeleniumLibrary">
<arg>id:user-name</arg>
<arg>${username}</arg>
<doc>Types the given ``text`` into the text field identified by ``locator``.</doc>
<msg timestamp="20230504 12:44:52.433" level="INFO">Typing text 'problem_user' into text field 'id:user-name'.</msg>
<status status="PASS" starttime="20230504 12:44:52.432" endtime="20230504 12:44:52.519"/>
</kw>
<kw name="Input Text" library="SeleniumLibrary">
<arg>id:password</arg>
<arg>${password}</arg>
<doc>Types the given ``text`` into the text field identified by ``locator``.</doc>
<msg timestamp="20230504 12:44:52.520" level="INFO">Typing text 'secret_sauce' into text field 'id:password'.</msg>
<status status="PASS" starttime="20230504 12:44:52.519" endtime="20230504 12:44:52.600"/>
</kw>
<kw name="Click Button" library="SeleniumLibrary">
<arg>id:login-button</arg>
<doc>Clicks the button identified by ``locator``.</doc>
<msg timestamp="20230504 12:44:52.601" level="INFO">Clicking button 'id:login-button'.</msg>
<status status="PASS" starttime="20230504 12:44:52.600" endtime="20230504 12:44:52.685"/>
</kw>
<status status="PASS" starttime="20230504 12:44:52.432" endtime="20230504 12:44:52.685"/>
</kw>
<kw name="And the Inventory page loads" library="test_keywords_login">
<kw name="Location Should Be" library="SeleniumLibrary">
<arg>https://www.saucedemo.com/inventory.html</arg>
<doc>Verifies that the current URL is exactly ``url``.</doc>
<msg timestamp="20230504 12:44:52.693" level="INFO">Current location is 'https://www.saucedemo.com/inventory.html'.</msg>
<status status="PASS" starttime="20230504 12:44:52.685" endtime="20230504 12:44:52.693"/>
</kw>
<status status="PASS" starttime="20230504 12:44:52.685" endtime="20230504 12:44:52.693"/>
</kw>
<kw name="Then the page should contain the text &quot;Products&quot;" library="test_keywords_login" sourcename="Then the page should contain the text &quot;${expected_text}&quot;">
<kw name="Page Should Contain" library="SeleniumLibrary">
<arg>${expected_text}</arg>
<doc>Verifies that current page contains ``text``.</doc>
<msg timestamp="20230504 12:44:52.705" level="INFO">Current page contains text 'Products'.</msg>
<status status="PASS" starttime="20230504 12:44:52.693" endtime="20230504 12:44:52.705"/>
</kw>
<status status="PASS" starttime="20230504 12:44:52.693" endtime="20230504 12:44:52.706"/>
</kw>
<kw name="After Tests" library="test_keywords_common" type="TEARDOWN">
<kw name="Close Browser" library="SeleniumLibrary">
<doc>Closes the current browser.</doc>
<status status="PASS" starttime="20230504 12:44:52.706" endtime="20230504 12:44:52.763"/>
</kw>
<status status="PASS" starttime="20230504 12:44:52.706" endtime="20230504 12:44:52.763"/>
</kw>
<tag>ui</tag>
<status status="PASS" starttime="20230504 12:44:51.479" endtime="20230504 12:44:52.763"/>
</test>
<test id="s1-s2-s1-s1-t4" name="Scenario: Log in to Sauce Demo with Performance Glitch User" line="30">
<kw name="Before Tests" library="test_keywords_common" type="SETUP">
<kw name="Open Browser" library="SeleniumLibrary">
<arg>${SERVER_BASE_URL}</arg>
<arg>${HEADLESS} ${BROWSER}</arg>
<doc>Opens a new browser instance to the optional ``url``.</doc>
<msg timestamp="20230504 12:44:52.766" level="INFO">Opening browser 'headless Chrome' to base url 'https://www.saucedemo.com/'.</msg>
<status status="PASS" starttime="20230504 12:44:52.765" endtime="20230504 12:44:53.642"/>
</kw>
<kw name="Maximize Browser Window" library="SeleniumLibrary">
<doc>Maximizes current browser window.</doc>
<status status="PASS" starttime="20230504 12:44:53.642" endtime="20230504 12:44:53.747"/>
</kw>
<status status="PASS" starttime="20230504 12:44:52.765" endtime="20230504 12:44:53.747"/>
</kw>
<kw name="Given Im on the main application page" library="test_keywords_login">
<kw name="Go To" library="SeleniumLibrary">
<arg>${SERVER_BASE_URL}</arg>
<doc>Navigates the current browser window to the provided ``url``.</doc>
<msg timestamp="20230504 12:44:53.748" level="INFO">Opening url 'https://www.saucedemo.com/'</msg>
<status status="PASS" starttime="20230504 12:44:53.747" endtime="20230504 12:44:53.808"/>
</kw>
<kw name="Location Should Be" library="SeleniumLibrary">
<arg>${SERVER_BASE_URL}</arg>
<doc>Verifies that the current URL is exactly ``url``.</doc>
<msg timestamp="20230504 12:44:53.813" level="INFO">Current location is 'https://www.saucedemo.com/'.</msg>
<status status="PASS" starttime="20230504 12:44:53.809" endtime="20230504 12:44:53.813"/>
</kw>
<status status="PASS" starttime="20230504 12:44:53.747" endtime="20230504 12:44:53.813"/>
</kw>
<kw name="When I log in with credentials" library="test_keywords_login">
<arg>performance_glitch_user</arg>
<arg>secret_sauce</arg>
<kw name="Input Text" library="SeleniumLibrary">
<arg>id:user-name</arg>
<arg>${username}</arg>
<doc>Types the given ``text`` into the text field identified by ``locator``.</doc>
<msg timestamp="20230504 12:44:53.814" level="INFO">Typing text 'performance_glitch_user' into text field 'id:user-name'.</msg>
<status status="PASS" starttime="20230504 12:44:53.813" endtime="20230504 12:44:53.911"/>
</kw>
<kw name="Input Text" library="SeleniumLibrary">
<arg>id:password</arg>
<arg>${password}</arg>
<doc>Types the given ``text`` into the text field identified by ``locator``.</doc>
<msg timestamp="20230504 12:44:53.912" level="INFO">Typing text 'secret_sauce' into text field 'id:password'.</msg>
<status status="PASS" starttime="20230504 12:44:53.911" endtime="20230504 12:44:53.994"/>
</kw>
<kw name="Click Button" library="SeleniumLibrary">
<arg>id:login-button</arg>
<doc>Clicks the button identified by ``locator``.</doc>
<msg timestamp="20230504 12:44:53.995" level="INFO">Clicking button 'id:login-button'.</msg>
<status status="PASS" starttime="20230504 12:44:53.994" endtime="20230504 12:44:59.086"/>
</kw>
<status status="PASS" starttime="20230504 12:44:53.813" endtime="20230504 12:44:59.086"/>
</kw>
<kw name="And the Inventory page loads" library="test_keywords_login">
<kw name="Location Should Be" library="SeleniumLibrary">
<arg>https://www.saucedemo.com/inventory.html</arg>
<doc>Verifies that the current URL is exactly ``url``.</doc>
<msg timestamp="20230504 12:44:59.097" level="INFO">Current location is 'https://www.saucedemo.com/inventory.html'.</msg>
<status status="PASS" starttime="20230504 12:44:59.087" endtime="20230504 12:44:59.097"/>
</kw>
<status status="PASS" starttime="20230504 12:44:59.087" endtime="20230504 12:44:59.097"/>
</kw>
<kw name="Then the page should contain the text &quot;Products&quot;" library="test_keywords_login" sourcename="Then the page should contain the text &quot;${expected_text}&quot;">
<kw name="Page Should Contain" library="SeleniumLibrary">
<arg>${expected_text}</arg>
<doc>Verifies that current page contains ``text``.</doc>
<msg timestamp="20230504 12:44:59.111" level="INFO">Current page contains text 'Products'.</msg>
<status status="PASS" starttime="20230504 12:44:59.098" endtime="20230504 12:44:59.111"/>
</kw>
<status status="PASS" starttime="20230504 12:44:59.098" endtime="20230504 12:44:59.111"/>
</kw>
<kw name="After Tests" library="test_keywords_common" type="TEARDOWN">
<kw name="Close Browser" library="SeleniumLibrary">
<doc>Closes the current browser.</doc>
<status status="PASS" starttime="20230504 12:44:59.112" endtime="20230504 12:44:59.169"/>
</kw>
<status status="PASS" starttime="20230504 12:44:59.111" endtime="20230504 12:44:59.169"/>
</kw>
<tag>ui</tag>
<status status="PASS" starttime="20230504 12:44:52.764" endtime="20230504 12:44:59.169"/>
</test>
<status status="PASS" starttime="20230504 12:44:30.908" endtime="20230504 12:44:59.170"/>
</suite>
<status status="PASS" starttime="20230504 12:44:30.907" endtime="20230504 12:44:59.172"/>
</suite>
<status status="PASS" starttime="20230504 12:44:30.905" endtime="20230504 12:44:59.173"/>
</suite>
<status status="PASS" starttime="20230504 12:44:29.751" endtime="20230504 12:44:59.174"/>
</suite>
<statistics>
<total>
<stat pass="9" fail="0" skip="0">All Tests</stat>
</total>
<tag>
<stat pass="5" fail="0" skip="0">api</stat>
<stat pass="4" fail="0" skip="0">ui</stat>
</tag>
<suite>
<stat pass="9" fail="0" skip="0" id="s1" name="Tests">Tests</stat>
<stat pass="5" fail="0" skip="0" id="s1-s1" name="Api">Tests.Api</stat>
<stat pass="5" fail="0" skip="0" id="s1-s1-s1" name="Users">Tests.Api.Users</stat>
<stat pass="5" fail="0" skip="0" id="s1-s1-s1-s1" name="Test Api Users">Tests.Api.Users.Test Api Users</stat>
<stat pass="4" fail="0" skip="0" id="s1-s2" name="Ui">Tests.Ui</stat>
<stat pass="4" fail="0" skip="0" id="s1-s2-s1" name="Login">Tests.Ui.Login</stat>
<stat pass="4" fail="0" skip="0" id="s1-s2-s1-s1" name="Test Ui Login">Tests.Ui.Login.Test Ui Login</stat>
</suite>
</statistics>
<errors>
</errors>
</robot>
