<?xml version="1.0" encoding="UTF-8"?>
<robot generator="Robot 6.0.2 (Python 3.8.16 on linux)" generated="20230517 01:05:00.238" rpa="false" schemaversion="3">
<suite id="s1" name="Tests" source="/home/runner/work/gen-ai-robot-test/gen-ai-robot-test/tests">
<suite id="s1-s1" name="Api" source="/home/runner/work/gen-ai-robot-test/gen-ai-robot-test/tests/api">
<suite id="s1-s1-s1" name="Users" source="/home/runner/work/gen-ai-robot-test/gen-ai-robot-test/tests/api/users">
<suite id="s1-s1-s1-s1" name="Test Api Users" source="/home/runner/work/gen-ai-robot-test/gen-ai-robot-test/tests/api/users/test_api_users.robot">
<test id="s1-s1-s1-s1-t1" name="Scenario: Get all registered users" line="9">
<kw name="Before Tests" library="test_keywords_common" type="SETUP">
<kw name="Create Session" library="RequestsLibrary">
<arg>serverest</arg>
<arg>${SERVER_BASE_URL}</arg>
<arg>disable_warnings=True</arg>
<doc>Create Session: create a HTTP session to a server</doc>
<msg timestamp="20230517 01:05:00.739" level="INFO">Creating Session using : alias=serverest, url=https://serverest.dev, headers={},                     cookies={}, auth=None, timeout=None, proxies=None, verify=False,                     debug=0 </msg>
<status status="PASS" starttime="20230517 01:05:00.738" endtime="20230517 01:05:00.739"/>
</kw>
<status status="PASS" starttime="20230517 01:05:00.738" endtime="20230517 01:05:00.739"/>
</kw>
<kw name="When I request the list of all registered users" library="test_keywords_users">
<kw name="GET On Session" library="RequestsLibrary">
<var>${response}</var>
<arg>serverest</arg>
<arg>${USERS_API_ENDPOINT}</arg>
<doc>Sends a GET request on a previously created HTTP Session.</doc>
<msg timestamp="20230517 01:05:00.897" level="INFO">GET Request : url=https://serverest.dev/usuarios 
 path_url=/usuarios 
 headers={'User-Agent': 'python-requests/2.30.0', 'Accept-Encoding': 'gzip, deflate', 'Accept': '*/*', 'Connection': 'keep-alive'} 
 body=None 
 </msg>
<msg timestamp="20230517 01:05:00.897" level="INFO">GET Response : url=https://serverest.dev/usuarios 
 status=200, reason=OK 
 headers={'access-control-allow-origin': '*', 'x-dns-prefetch-control': 'off', 'x-frame-options': 'SAMEORIGIN', 'strict-transport-security': 'max-age=15552000; includeSubDomains', 'x-download-options': 'noopen', 'x-content-type-options': 'nosniff', 'x-xss-protection': '1; mode=block', 'x-moesif-transaction-id': '06d65cc3-48c5-48c4-b1b6-02901a311426', 'content-type': 'application/json; charset=utf-8', 'X-Cloud-Trace-Context': 'ccd903e97fb43a19239e2ebab5c4ca83;o=1', 'Date': 'Wed, 17 May 2023 01:05:00 GMT', 'Server': 'Google Frontend', 'Content-Length': '680'} 
 body={
    "quantidade": 3,
    "usuarios": [
        {
            "nome": "Fulano da Silva",
            "email": "fulano@qa.com",
            "password": "teste",
            "administrador": "true",
            "_id": "0uxuPY0cbmQhpEz1"
        },
        {
            "nome": "Fulano da Silva",
            "email": "zftk@emailteste.com.br",
            "password": "1234",
            "administrador": "true",
            "_id": "L9dn5kF9ivTBOVUt"
        },
        {
            "nome": "Fulano da Silva",
            "email": "beltrano@qa1.com.br",
            "password": "teste1",
            "administrador": "true",
            "_id": "VRWVRgrvn01mIY1J"
        }
    ]
} 
 </msg>
<msg timestamp="20230517 01:05:00.897" level="INFO">${response} = &lt;Response [200]&gt;</msg>
<status status="PASS" starttime="20230517 01:05:00.740" endtime="20230517 01:05:00.897"/>
</kw>
<kw name="Set Test Variable" library="BuiltIn">
<arg>${response}</arg>
<doc>Makes a variable available everywhere within the scope of the current test.</doc>
<msg timestamp="20230517 01:05:00.898" level="INFO">${response} = &lt;Response [200]&gt;</msg>
<status status="PASS" starttime="20230517 01:05:00.897" endtime="20230517 01:05:00.898"/>
</kw>
<status status="PASS" starttime="20230517 01:05:00.739" endtime="20230517 01:05:00.898"/>
</kw>
<kw name="Then the response status code should be 200" library="test_keywords_users" sourcename="Then the response status code should be ${status_code}">
<kw name="Should Be Equal As Numbers" library="BuiltIn">
<arg>${response.status_code}</arg>
<arg>${status_code}</arg>
<doc>Fails if objects are unequal after converting them to real numbers.</doc>
<msg timestamp="20230517 01:05:00.899" level="INFO">Argument types are:
&lt;class 'int'&gt;
&lt;class 'str'&gt;</msg>
<status status="PASS" starttime="20230517 01:05:00.898" endtime="20230517 01:05:00.899"/>
</kw>
<kw name="Should Be True" library="BuiltIn">
<arg>${response.json()}</arg>
<doc>Fails if the given condition is not true.</doc>
<status status="PASS" starttime="20230517 01:05:00.899" endtime="20230517 01:05:00.900"/>
</kw>
<status status="PASS" starttime="20230517 01:05:00.898" endtime="20230517 01:05:00.900"/>
</kw>
<kw name="And the response body should not be empty" library="test_keywords_users">
<kw name="Should Not Be Empty" library="BuiltIn">
<arg>${response.json()}</arg>
<doc>Verifies that the given item is not empty.</doc>
<msg timestamp="20230517 01:05:00.901" level="INFO">Length is 2</msg>
<status status="PASS" starttime="20230517 01:05:00.900" endtime="20230517 01:05:00.901"/>
</kw>
<status status="PASS" starttime="20230517 01:05:00.900" endtime="20230517 01:05:00.901"/>
</kw>
<tag>api</tag>
<status status="PASS" starttime="20230517 01:05:00.737" endtime="20230517 01:05:00.901"/>
</test>
<test id="s1-s1-s1-s1-t2" name="Scenario: Create a new user" line="15">
<kw name="Before Tests" library="test_keywords_common" type="SETUP">
<kw name="Create Session" library="RequestsLibrary">
<arg>serverest</arg>
<arg>${SERVER_BASE_URL}</arg>
<arg>disable_warnings=True</arg>
<doc>Create Session: create a HTTP session to a server</doc>
<msg timestamp="20230517 01:05:00.902" level="INFO">Creating Session using : alias=serverest, url=https://serverest.dev, headers={},                     cookies={}, auth=None, timeout=None, proxies=None, verify=False,                     debug=0 </msg>
<status status="PASS" starttime="20230517 01:05:00.902" endtime="20230517 01:05:00.903"/>
</kw>
<status status="PASS" starttime="20230517 01:05:00.902" endtime="20230517 01:05:00.903"/>
</kw>
<kw name="Given I have a valid user data" library="test_keywords_users">
<kw name="Name" library="FakerLibrary">
<var>${name}</var>
<doc>:example 'John Doe'</doc>
<msg timestamp="20230517 01:05:00.903" level="INFO">${name} = Jonathan Munoz</msg>
<status status="PASS" starttime="20230517 01:05:00.903" endtime="20230517 01:05:00.903"/>
</kw>
<kw name="Email" library="FakerLibrary">
<var>${email}</var>
<msg timestamp="20230517 01:05:00.904" level="INFO">${email} = marcia88@example.org</msg>
<status status="PASS" starttime="20230517 01:05:00.904" endtime="20230517 01:05:00.904"/>
</kw>
<kw name="Password" library="FakerLibrary">
<var>${password}</var>
<doc>Generate a random password of the specified ``length``.</doc>
<msg timestamp="20230517 01:05:00.904" level="INFO">${password} = Mr&amp;ZoMrv$1</msg>
<status status="PASS" starttime="20230517 01:05:00.904" endtime="20230517 01:05:00.904"/>
</kw>
<kw name="Set Suite Variable" library="BuiltIn">
<arg>${name}</arg>
<doc>Makes a variable available everywhere within the scope of the current suite.</doc>
<msg timestamp="20230517 01:05:00.905" level="INFO">${name} = Jonathan Munoz</msg>
<status status="PASS" starttime="20230517 01:05:00.904" endtime="20230517 01:05:00.905"/>
</kw>
<kw name="Set Suite Variable" library="BuiltIn">
<arg>${email}</arg>
<doc>Makes a variable available everywhere within the scope of the current suite.</doc>
<msg timestamp="20230517 01:05:00.905" level="INFO">${email} = marcia88@example.org</msg>
<status status="PASS" starttime="20230517 01:05:00.905" endtime="20230517 01:05:00.905"/>
</kw>
<kw name="Set Suite Variable" library="BuiltIn">
<arg>${password}</arg>
<doc>Makes a variable available everywhere within the scope of the current suite.</doc>
<msg timestamp="20230517 01:05:00.905" level="INFO">${password} = Mr&amp;ZoMrv$1</msg>
<status status="PASS" starttime="20230517 01:05:00.905" endtime="20230517 01:05:00.905"/>
</kw>
<status status="PASS" starttime="20230517 01:05:00.903" endtime="20230517 01:05:00.905"/>
</kw>
<kw name="When I create the user" library="test_keywords_users">
<kw name="Create Dictionary" library="BuiltIn">
<var>${payload}</var>
<arg>nome=${name}</arg>
<arg>email=${email}</arg>
<arg>password=${password}</arg>
<arg>administrador=false</arg>
<doc>Creates and returns a dictionary based on the given ``items``.</doc>
<msg timestamp="20230517 01:05:00.906" level="INFO">${payload} = {'nome': 'Jonathan Munoz', 'email': 'marcia88@example.org', 'password': 'Mr&amp;ZoMrv$1', 'administrador': 'false'}</msg>
<status status="PASS" starttime="20230517 01:05:00.906" endtime="20230517 01:05:00.906"/>
</kw>
<kw name="Create Dictionary" library="BuiltIn">
<var>${headers}</var>
<arg>Content-Type=application/json</arg>
<doc>Creates and returns a dictionary based on the given ``items``.</doc>
<msg timestamp="20230517 01:05:00.907" level="INFO">${headers} = {'Content-Type': 'application/json'}</msg>
<status status="PASS" starttime="20230517 01:05:00.906" endtime="20230517 01:05:00.907"/>
</kw>
<kw name="POST On Session" library="RequestsLibrary">
<var>${response}</var>
<arg>serverest</arg>
<arg>${USERS_API_ENDPOINT}</arg>
<arg>json=${payload}</arg>
<arg>headers=${headers}</arg>
<doc>Sends a POST request on a previously created HTTP Session.</doc>
<msg timestamp="20230517 01:05:00.989" level="INFO">POST Request : url=https://serverest.dev/usuarios 
 path_url=/usuarios 
 headers={'User-Agent': 'python-requests/2.30.0', 'Accept-Encoding': 'gzip, deflate', 'Accept': '*/*', 'Connection': 'keep-alive', 'Content-Type': 'application/json', 'Content-Length': '111'} 
 body=b'{"nome": "Jonathan Munoz", "email": "marcia88@example.org", "password": "Mr&amp;ZoMrv$1", "administrador": "false"}' 
 </msg>
<msg timestamp="20230517 01:05:00.989" level="INFO">POST Response : url=https://serverest.dev/usuarios 
 status=201, reason=Created 
 headers={'access-control-allow-origin': '*', 'x-dns-prefetch-control': 'off', 'x-frame-options': 'SAMEORIGIN', 'strict-transport-security': 'max-age=15552000; includeSubDomains', 'x-download-options': 'noopen', 'x-content-type-options': 'nosniff', 'x-xss-protection': '1; mode=block', 'x-moesif-transaction-id': 'c5f0bf21-0765-489e-87ed-8070886dbf42', 'content-type': 'application/json; charset=utf-8', 'X-Cloud-Trace-Context': '382d7a74a02aff3126a5cb95ae11c74c', 'Date': 'Wed, 17 May 2023 01:05:00 GMT', 'Server': 'Google Frontend', 'Content-Length': '82'} 
 body={
    "message": "Cadastro realizado com sucesso",
    "_id": "djYy63RiiDbBwYX5"
} 
 </msg>
<msg timestamp="20230517 01:05:00.989" level="INFO">${response} = &lt;Response [201]&gt;</msg>
<status status="PASS" starttime="20230517 01:05:00.907" endtime="20230517 01:05:00.989"/>
</kw>
<kw name="Set Variable" library="BuiltIn">
<var>${user_id}</var>
<arg>${response.json()['_id']}</arg>
<doc>Returns the given values which can then be assigned to a variables.</doc>
<msg timestamp="20230517 01:05:00.990" level="INFO">${user_id} = djYy63RiiDbBwYX5</msg>
<status status="PASS" starttime="20230517 01:05:00.989" endtime="20230517 01:05:00.990"/>
</kw>
<kw name="Set Global Variable" library="BuiltIn">
<arg>${USER_ID}</arg>
<arg>${user_id}</arg>
<doc>Makes a variable available globally in all tests and suites.</doc>
<msg timestamp="20230517 01:05:00.991" level="INFO">${USER_ID} = djYy63RiiDbBwYX5</msg>
<status status="PASS" starttime="20230517 01:05:00.990" endtime="20230517 01:05:00.991"/>
</kw>
<kw name="Set Test Variable" library="BuiltIn">
<arg>${response}</arg>
<doc>Makes a variable available everywhere within the scope of the current test.</doc>
<msg timestamp="20230517 01:05:00.991" level="INFO">${response} = &lt;Response [201]&gt;</msg>
<status status="PASS" starttime="20230517 01:05:00.991" endtime="20230517 01:05:00.991"/>
</kw>
<status status="PASS" starttime="20230517 01:05:00.906" endtime="20230517 01:05:00.991"/>
</kw>
<kw name="Then the response status code should be 201" library="test_keywords_users" sourcename="Then the response status code should be ${status_code}">
<kw name="Should Be Equal As Numbers" library="BuiltIn">
<arg>${response.status_code}</arg>
<arg>${status_code}</arg>
<doc>Fails if objects are unequal after converting them to real numbers.</doc>
<msg timestamp="20230517 01:05:00.992" level="INFO">Argument types are:
&lt;class 'int'&gt;
&lt;class 'str'&gt;</msg>
<status status="PASS" starttime="20230517 01:05:00.991" endtime="20230517 01:05:00.992"/>
</kw>
<kw name="Should Be True" library="BuiltIn">
<arg>${response.json()}</arg>
<doc>Fails if the given condition is not true.</doc>
<status status="PASS" starttime="20230517 01:05:00.992" endtime="20230517 01:05:00.993"/>
</kw>
<status status="PASS" starttime="20230517 01:05:00.991" endtime="20230517 01:05:00.993"/>
</kw>
<kw name="And the response body should not be empty" library="test_keywords_users">
<kw name="Should Not Be Empty" library="BuiltIn">
<arg>${response.json()}</arg>
<doc>Verifies that the given item is not empty.</doc>
<msg timestamp="20230517 01:05:00.994" level="INFO">Length is 2</msg>
<status status="PASS" starttime="20230517 01:05:00.993" endtime="20230517 01:05:00.994"/>
</kw>
<status status="PASS" starttime="20230517 01:05:00.993" endtime="20230517 01:05:00.994"/>
</kw>
<tag>api</tag>
<status status="PASS" starttime="20230517 01:05:00.901" endtime="20230517 01:05:00.994"/>
</test>
<test id="s1-s1-s1-s1-t3" name="Scenario: Get a specific user informations" line="22">
<kw name="Before Tests" library="test_keywords_common" type="SETUP">
<kw name="Create Session" library="RequestsLibrary">
<arg>serverest</arg>
<arg>${SERVER_BASE_URL}</arg>
<arg>disable_warnings=True</arg>
<doc>Create Session: create a HTTP session to a server</doc>
<msg timestamp="20230517 01:05:00.995" level="INFO">Creating Session using : alias=serverest, url=https://serverest.dev, headers={},                     cookies={}, auth=None, timeout=None, proxies=None, verify=False,                     debug=0 </msg>
<status status="PASS" starttime="20230517 01:05:00.995" endtime="20230517 01:05:00.996"/>
</kw>
<status status="PASS" starttime="20230517 01:05:00.995" endtime="20230517 01:05:00.996"/>
</kw>
<kw name="When I request the created user" library="test_keywords_users">
<kw name="GET On Session" library="RequestsLibrary">
<var>${response}</var>
<arg>serverest</arg>
<arg>${USERS_API_ENDPOINT}/${USER_ID}</arg>
<doc>Sends a GET request on a previously created HTTP Session.</doc>
<msg timestamp="20230517 01:05:01.075" level="INFO">GET Request : url=https://serverest.dev/usuarios/djYy63RiiDbBwYX5 
 path_url=/usuarios/djYy63RiiDbBwYX5 
 headers={'User-Agent': 'python-requests/2.30.0', 'Accept-Encoding': 'gzip, deflate', 'Accept': '*/*', 'Connection': 'keep-alive'} 
 body=None 
 </msg>
<msg timestamp="20230517 01:05:01.076" level="INFO">GET Response : url=https://serverest.dev/usuarios/djYy63RiiDbBwYX5 
 status=200, reason=OK 
 headers={'access-control-allow-origin': '*', 'x-dns-prefetch-control': 'off', 'x-frame-options': 'SAMEORIGIN', 'strict-transport-security': 'max-age=15552000; includeSubDomains', 'x-download-options': 'noopen', 'x-content-type-options': 'nosniff', 'x-xss-protection': '1; mode=block', 'x-moesif-transaction-id': '79f6e179-71eb-4b78-a6a3-77560a11b649', 'content-type': 'application/json; charset=utf-8', 'X-Cloud-Trace-Context': 'c92bb9a9ade4cce091cd00cf22216d56', 'Date': 'Wed, 17 May 2023 01:05:01 GMT', 'Server': 'Google Frontend', 'Content-Length': '160'} 
 body={
    "nome": "Jonathan Munoz",
    "email": "marcia88@example.org",
    "password": "Mr&amp;ZoMrv$1",
    "administrador": "false",
    "_id": "djYy63RiiDbBwYX5"
} 
 </msg>
<msg timestamp="20230517 01:05:01.076" level="INFO">${response} = &lt;Response [200]&gt;</msg>
<status status="PASS" starttime="20230517 01:05:00.996" endtime="20230517 01:05:01.076"/>
</kw>
<kw name="Set Test Variable" library="BuiltIn">
<arg>${response}</arg>
<doc>Makes a variable available everywhere within the scope of the current test.</doc>
<msg timestamp="20230517 01:05:01.076" level="INFO">${response} = &lt;Response [200]&gt;</msg>
<status status="PASS" starttime="20230517 01:05:01.076" endtime="20230517 01:05:01.076"/>
</kw>
<status status="PASS" starttime="20230517 01:05:00.996" endtime="20230517 01:05:01.076"/>
</kw>
<kw name="Then the response status code should be 200" library="test_keywords_users" sourcename="Then the response status code should be ${status_code}">
<kw name="Should Be Equal As Numbers" library="BuiltIn">
<arg>${response.status_code}</arg>
<arg>${status_code}</arg>
<doc>Fails if objects are unequal after converting them to real numbers.</doc>
<msg timestamp="20230517 01:05:01.077" level="INFO">Argument types are:
&lt;class 'int'&gt;
&lt;class 'str'&gt;</msg>
<status status="PASS" starttime="20230517 01:05:01.077" endtime="20230517 01:05:01.078"/>
</kw>
<kw name="Should Be True" library="BuiltIn">
<arg>${response.json()}</arg>
<doc>Fails if the given condition is not true.</doc>
<status status="PASS" starttime="20230517 01:05:01.078" endtime="20230517 01:05:01.078"/>
</kw>
<status status="PASS" starttime="20230517 01:05:01.076" endtime="20230517 01:05:01.078"/>
</kw>
<kw name="And the response body should not be empty" library="test_keywords_users">
<kw name="Should Not Be Empty" library="BuiltIn">
<arg>${response.json()}</arg>
<doc>Verifies that the given item is not empty.</doc>
<msg timestamp="20230517 01:05:01.079" level="INFO">Length is 5</msg>
<status status="PASS" starttime="20230517 01:05:01.079" endtime="20230517 01:05:01.079"/>
</kw>
<status status="PASS" starttime="20230517 01:05:01.078" endtime="20230517 01:05:01.079"/>
</kw>
<tag>api</tag>
<status status="PASS" starttime="20230517 01:05:00.994" endtime="20230517 01:05:01.079"/>
</test>
<test id="s1-s1-s1-s1-t4" name="Scenario: Update the created user" line="28">
<kw name="Before Tests" library="test_keywords_common" type="SETUP">
<kw name="Create Session" library="RequestsLibrary">
<arg>serverest</arg>
<arg>${SERVER_BASE_URL}</arg>
<arg>disable_warnings=True</arg>
<doc>Create Session: create a HTTP session to a server</doc>
<msg timestamp="20230517 01:05:01.081" level="INFO">Creating Session using : alias=serverest, url=https://serverest.dev, headers={},                     cookies={}, auth=None, timeout=None, proxies=None, verify=False,                     debug=0 </msg>
<status status="PASS" starttime="20230517 01:05:01.081" endtime="20230517 01:05:01.081"/>
</kw>
<status status="PASS" starttime="20230517 01:05:01.081" endtime="20230517 01:05:01.081"/>
</kw>
<kw name="When I update the created user" library="test_keywords_users">
<kw name="Create Dictionary" library="BuiltIn">
<var>${payload}</var>
<arg>nome=John Smith</arg>
<arg>email=john.smith@example.com</arg>
<arg>password=P@ssw0rd123</arg>
<arg>administrador=false</arg>
<doc>Creates and returns a dictionary based on the given ``items``.</doc>
<msg timestamp="20230517 01:05:01.082" level="INFO">${payload} = {'nome': 'John Smith', 'email': 'john.smith@example.com', 'password': 'P@ssw0rd123', 'administrador': 'false'}</msg>
<status status="PASS" starttime="20230517 01:05:01.082" endtime="20230517 01:05:01.082"/>
</kw>
<kw name="Create Dictionary" library="BuiltIn">
<var>${headers}</var>
<arg>Content-Type=application/json</arg>
<doc>Creates and returns a dictionary based on the given ``items``.</doc>
<msg timestamp="20230517 01:05:01.082" level="INFO">${headers} = {'Content-Type': 'application/json'}</msg>
<status status="PASS" starttime="20230517 01:05:01.082" endtime="20230517 01:05:01.082"/>
</kw>
<kw name="PUT On Session" library="RequestsLibrary">
<var>${response}</var>
<arg>serverest</arg>
<arg>${USERS_API_ENDPOINT}/${USER_ID}</arg>
<arg>json=${payload}</arg>
<arg>headers=${headers}</arg>
<doc>Sends a PUT request on a previously created HTTP Session.</doc>
<msg timestamp="20230517 01:05:01.159" level="INFO">PUT Request : url=https://serverest.dev/usuarios/djYy63RiiDbBwYX5 
 path_url=/usuarios/djYy63RiiDbBwYX5 
 headers={'User-Agent': 'python-requests/2.30.0', 'Accept-Encoding': 'gzip, deflate', 'Accept': '*/*', 'Connection': 'keep-alive', 'Content-Type': 'application/json', 'Content-Length': '110'} 
 body=b'{"nome": "John Smith", "email": "john.smith@example.com", "password": "P@ssw0rd123", "administrador": "false"}' 
 </msg>
<msg timestamp="20230517 01:05:01.160" level="INFO">PUT Response : url=https://serverest.dev/usuarios/djYy63RiiDbBwYX5 
 status=200, reason=OK 
 headers={'access-control-allow-origin': '*', 'x-dns-prefetch-control': 'off', 'x-frame-options': 'SAMEORIGIN', 'strict-transport-security': 'max-age=15552000; includeSubDomains', 'x-download-options': 'noopen', 'x-content-type-options': 'nosniff', 'x-xss-protection': '1; mode=block', 'x-moesif-transaction-id': 'cd73ef6e-c521-43df-8eae-c283f4e07cc8', 'content-type': 'application/json; charset=utf-8', 'X-Cloud-Trace-Context': '5eabd866833913e24c654b72888f8759', 'Date': 'Wed, 17 May 2023 01:05:01 GMT', 'Server': 'Google Frontend', 'Content-Length': '50'} 
 body={
    "message": "Registro alterado com sucesso"
} 
 </msg>
<msg timestamp="20230517 01:05:01.160" level="INFO">${response} = &lt;Response [200]&gt;</msg>
<status status="PASS" starttime="20230517 01:05:01.083" endtime="20230517 01:05:01.160"/>
</kw>
<kw name="Set Test Variable" library="BuiltIn">
<arg>${response}</arg>
<doc>Makes a variable available everywhere within the scope of the current test.</doc>
<msg timestamp="20230517 01:05:01.160" level="INFO">${response} = &lt;Response [200]&gt;</msg>
<status status="PASS" starttime="20230517 01:05:01.160" endtime="20230517 01:05:01.160"/>
</kw>
<status status="PASS" starttime="20230517 01:05:01.082" endtime="20230517 01:05:01.160"/>
</kw>
<kw name="Then the response status code should be 200" library="test_keywords_users" sourcename="Then the response status code should be ${status_code}">
<kw name="Should Be Equal As Numbers" library="BuiltIn">
<arg>${response.status_code}</arg>
<arg>${status_code}</arg>
<doc>Fails if objects are unequal after converting them to real numbers.</doc>
<msg timestamp="20230517 01:05:01.161" level="INFO">Argument types are:
&lt;class 'int'&gt;
&lt;class 'str'&gt;</msg>
<status status="PASS" starttime="20230517 01:05:01.161" endtime="20230517 01:05:01.161"/>
</kw>
<kw name="Should Be True" library="BuiltIn">
<arg>${response.json()}</arg>
<doc>Fails if the given condition is not true.</doc>
<status status="PASS" starttime="20230517 01:05:01.161" endtime="20230517 01:05:01.162"/>
</kw>
<status status="PASS" starttime="20230517 01:05:01.160" endtime="20230517 01:05:01.162"/>
</kw>
<kw name="And the response body should not be empty" library="test_keywords_users">
<kw name="Should Not Be Empty" library="BuiltIn">
<arg>${response.json()}</arg>
<doc>Verifies that the given item is not empty.</doc>
<msg timestamp="20230517 01:05:01.163" level="INFO">Length is 1</msg>
<status status="PASS" starttime="20230517 01:05:01.162" endtime="20230517 01:05:01.163"/>
</kw>
<status status="PASS" starttime="20230517 01:05:01.162" endtime="20230517 01:05:01.163"/>
</kw>
<tag>api</tag>
<status status="PASS" starttime="20230517 01:05:01.080" endtime="20230517 01:05:01.163"/>
</test>
<test id="s1-s1-s1-s1-t5" name="Scenario: Delete the created user" line="34">
<kw name="Before Tests" library="test_keywords_common" type="SETUP">
<kw name="Create Session" library="RequestsLibrary">
<arg>serverest</arg>
<arg>${SERVER_BASE_URL}</arg>
<arg>disable_warnings=True</arg>
<doc>Create Session: create a HTTP session to a server</doc>
<msg timestamp="20230517 01:05:01.165" level="INFO">Creating Session using : alias=serverest, url=https://serverest.dev, headers={},                     cookies={}, auth=None, timeout=None, proxies=None, verify=False,                     debug=0 </msg>
<status status="PASS" starttime="20230517 01:05:01.165" endtime="20230517 01:05:01.165"/>
</kw>
<status status="PASS" starttime="20230517 01:05:01.164" endtime="20230517 01:05:01.165"/>
</kw>
<kw name="When I delete the created user" library="test_keywords_users">
<kw name="DELETE On Session" library="RequestsLibrary">
<var>${response}</var>
<arg>serverest</arg>
<arg>${USERS_API_ENDPOINT}/${USER_ID}</arg>
<doc>Sends a DELETE request on a previously created HTTP Session.</doc>
<msg timestamp="20230517 01:05:01.245" level="INFO">DELETE Request : url=https://serverest.dev/usuarios/djYy63RiiDbBwYX5 
 path_url=/usuarios/djYy63RiiDbBwYX5 
 headers={'User-Agent': 'python-requests/2.30.0', 'Accept-Encoding': 'gzip, deflate', 'Accept': '*/*', 'Connection': 'keep-alive', 'Content-Length': '0'} 
 body=None 
 </msg>
<msg timestamp="20230517 01:05:01.245" level="INFO">DELETE Response : url=https://serverest.dev/usuarios/djYy63RiiDbBwYX5 
 status=200, reason=OK 
 headers={'access-control-allow-origin': '*', 'x-dns-prefetch-control': 'off', 'x-frame-options': 'SAMEORIGIN', 'strict-transport-security': 'max-age=15552000; includeSubDomains', 'x-download-options': 'noopen', 'x-content-type-options': 'nosniff', 'x-xss-protection': '1; mode=block', 'x-moesif-transaction-id': '7fc6b196-f250-4bbf-a7ed-cf070e20bb47', 'content-type': 'application/json; charset=utf-8', 'X-Cloud-Trace-Context': 'e20879bb748be8a8f2938a30292f1e4d', 'Date': 'Wed, 17 May 2023 01:05:01 GMT', 'Server': 'Google Frontend', 'Content-Length': '51'} 
 body={
    "message": "Registro excluído com sucesso"
} 
 </msg>
<msg timestamp="20230517 01:05:01.245" level="INFO">${response} = &lt;Response [200]&gt;</msg>
<status status="PASS" starttime="20230517 01:05:01.166" endtime="20230517 01:05:01.245"/>
</kw>
<kw name="Set Test Variable" library="BuiltIn">
<arg>${response}</arg>
<doc>Makes a variable available everywhere within the scope of the current test.</doc>
<msg timestamp="20230517 01:05:01.246" level="INFO">${response} = &lt;Response [200]&gt;</msg>
<status status="PASS" starttime="20230517 01:05:01.245" endtime="20230517 01:05:01.246"/>
</kw>
<status status="PASS" starttime="20230517 01:05:01.165" endtime="20230517 01:05:01.246"/>
</kw>
<kw name="Then the response status code should be 200" library="test_keywords_users" sourcename="Then the response status code should be ${status_code}">
<kw name="Should Be Equal As Numbers" library="BuiltIn">
<arg>${response.status_code}</arg>
<arg>${status_code}</arg>
<doc>Fails if objects are unequal after converting them to real numbers.</doc>
<msg timestamp="20230517 01:05:01.247" level="INFO">Argument types are:
&lt;class 'int'&gt;
&lt;class 'str'&gt;</msg>
<status status="PASS" starttime="20230517 01:05:01.246" endtime="20230517 01:05:01.247"/>
</kw>
<kw name="Should Be True" library="BuiltIn">
<arg>${response.json()}</arg>
<doc>Fails if the given condition is not true.</doc>
<status status="PASS" starttime="20230517 01:05:01.247" endtime="20230517 01:05:01.248"/>
</kw>
<status status="PASS" starttime="20230517 01:05:01.246" endtime="20230517 01:05:01.248"/>
</kw>
<kw name="And the response body should not be empty" library="test_keywords_users">
<kw name="Should Not Be Empty" library="BuiltIn">
<arg>${response.json()}</arg>
<doc>Verifies that the given item is not empty.</doc>
<msg timestamp="20230517 01:05:01.248" level="INFO">Length is 1</msg>
<status status="PASS" starttime="20230517 01:05:01.248" endtime="20230517 01:05:01.249"/>
</kw>
<status status="PASS" starttime="20230517 01:05:01.248" endtime="20230517 01:05:01.249"/>
</kw>
<tag>api</tag>
<status status="PASS" starttime="20230517 01:05:01.164" endtime="20230517 01:05:01.249"/>
</test>
<status status="PASS" starttime="20230517 01:05:00.261" endtime="20230517 01:05:01.250"/>
</suite>
<status status="PASS" starttime="20230517 01:05:00.259" endtime="20230517 01:05:01.251"/>
</suite>
<status status="PASS" starttime="20230517 01:05:00.257" endtime="20230517 01:05:01.252"/>
</suite>
<suite id="s1-s2" name="Ui" source="/home/runner/work/gen-ai-robot-test/gen-ai-robot-test/tests/ui">
<suite id="s1-s2-s1" name="Login" source="/home/runner/work/gen-ai-robot-test/gen-ai-robot-test/tests/ui/login">
<suite id="s1-s2-s1-s1" name="Test Ui Login" source="/home/runner/work/gen-ai-robot-test/gen-ai-robot-test/tests/ui/login/test_ui_login.robot">
<test id="s1-s2-s1-s1-t1" name="Scenario: Log in to Sauce Demo with Standard User" line="10">
<kw name="Before Tests" library="test_keywords_common" type="SETUP">
<kw name="Open Browser" library="SeleniumLibrary">
<arg>${SERVER_BASE_URL}</arg>
<arg>${HEADLESS} ${BROWSER}</arg>
<doc>Opens a new browser instance to the optional ``url``.</doc>
<msg timestamp="20230517 01:05:01.262" level="INFO">Opening browser 'headless Chrome' to base url 'https://www.saucedemo.com/'.</msg>
<status status="PASS" starttime="20230517 01:05:01.261" endtime="20230517 01:05:02.901"/>
</kw>
<kw name="Maximize Browser Window" library="SeleniumLibrary">
<doc>Maximizes current browser window.</doc>
<status status="PASS" starttime="20230517 01:05:02.901" endtime="20230517 01:05:03.029"/>
</kw>
<status status="PASS" starttime="20230517 01:05:01.261" endtime="20230517 01:05:03.029"/>
</kw>
<kw name="Given Im on the main application page" library="test_keywords_login">
<kw name="Go To" library="SeleniumLibrary">
<arg>${SERVER_BASE_URL}</arg>
<doc>Navigates the current browser window to the provided ``url``.</doc>
<msg timestamp="20230517 01:05:03.030" level="INFO">Opening url 'https://www.saucedemo.com/'</msg>
<status status="PASS" starttime="20230517 01:05:03.029" endtime="20230517 01:05:03.080"/>
</kw>
<kw name="Location Should Be" library="SeleniumLibrary">
<arg>${SERVER_BASE_URL}</arg>
<doc>Verifies that the current URL is exactly ``url``.</doc>
<msg timestamp="20230517 01:05:03.087" level="INFO">Current location is 'https://www.saucedemo.com/'.</msg>
<status status="PASS" starttime="20230517 01:05:03.080" endtime="20230517 01:05:03.087"/>
</kw>
<status status="PASS" starttime="20230517 01:05:03.029" endtime="20230517 01:05:03.087"/>
</kw>
<kw name="When I log in with credentials" library="test_keywords_login">
<arg>standard_user</arg>
<arg>secret_sauce</arg>
<kw name="Input Text" library="SeleniumLibrary">
<arg>id:user-name</arg>
<arg>${username}</arg>
<doc>Types the given ``text`` into the text field identified by ``locator``.</doc>
<msg timestamp="20230517 01:05:03.089" level="INFO">Typing text 'standard_user' into text field 'id:user-name'.</msg>
<status status="PASS" starttime="20230517 01:05:03.088" endtime="20230517 01:05:03.285"/>
</kw>
<kw name="Input Text" library="SeleniumLibrary">
<arg>id:password</arg>
<arg>${password}</arg>
<doc>Types the given ``text`` into the text field identified by ``locator``.</doc>
<msg timestamp="20230517 01:05:03.286" level="INFO">Typing text 'secret_sauce' into text field 'id:password'.</msg>
<status status="PASS" starttime="20230517 01:05:03.285" endtime="20230517 01:05:03.386"/>
</kw>
<kw name="Click Button" library="SeleniumLibrary">
<arg>id:login-button</arg>
<doc>Clicks the button identified by ``locator``.</doc>
<msg timestamp="20230517 01:05:03.387" level="INFO">Clicking button 'id:login-button'.</msg>
<status status="PASS" starttime="20230517 01:05:03.386" endtime="20230517 01:05:03.533"/>
</kw>
<status status="PASS" starttime="20230517 01:05:03.087" endtime="20230517 01:05:03.533"/>
</kw>
<kw name="And the Inventory page loads" library="test_keywords_login">
<kw name="Location Should Be" library="SeleniumLibrary">
<arg>https://www.saucedemo.com/inventory.html</arg>
<doc>Verifies that the current URL is exactly ``url``.</doc>
<msg timestamp="20230517 01:05:03.543" level="INFO">Current location is 'https://www.saucedemo.com/inventory.html'.</msg>
<status status="PASS" starttime="20230517 01:05:03.534" endtime="20230517 01:05:03.543"/>
</kw>
<status status="PASS" starttime="20230517 01:05:03.534" endtime="20230517 01:05:03.543"/>
</kw>
<kw name="Then the page should contain the text &quot;Products&quot;" library="test_keywords_login" sourcename="Then the page should contain the text &quot;${expected_text}&quot;">
<kw name="Page Should Contain" library="SeleniumLibrary">
<arg>${expected_text}</arg>
<doc>Verifies that current page contains ``text``.</doc>
<msg timestamp="20230517 01:05:03.563" level="INFO">Current page contains text 'Products'.</msg>
<status status="PASS" starttime="20230517 01:05:03.543" endtime="20230517 01:05:03.563"/>
</kw>
<status status="PASS" starttime="20230517 01:05:03.543" endtime="20230517 01:05:03.563"/>
</kw>
<kw name="After Tests" library="test_keywords_common" type="TEARDOWN">
<kw name="Close Browser" library="SeleniumLibrary">
<doc>Closes the current browser.</doc>
<status status="PASS" starttime="20230517 01:05:03.564" endtime="20230517 01:05:03.620"/>
</kw>
<status status="PASS" starttime="20230517 01:05:03.564" endtime="20230517 01:05:03.621"/>
</kw>
<tag>ui</tag>
<status status="PASS" starttime="20230517 01:05:01.261" endtime="20230517 01:05:03.621"/>
</test>
<test id="s1-s2-s1-s1-t2" name="Scenario: Log in to Sauce Demo with Locked Out User" line="17">
<kw name="Before Tests" library="test_keywords_common" type="SETUP">
<kw name="Open Browser" library="SeleniumLibrary">
<arg>${SERVER_BASE_URL}</arg>
<arg>${HEADLESS} ${BROWSER}</arg>
<doc>Opens a new browser instance to the optional ``url``.</doc>
<msg timestamp="20230517 01:05:03.623" level="INFO">Opening browser 'headless Chrome' to base url 'https://www.saucedemo.com/'.</msg>
<status status="PASS" starttime="20230517 01:05:03.622" endtime="20230517 01:05:04.745"/>
</kw>
<kw name="Maximize Browser Window" library="SeleniumLibrary">
<doc>Maximizes current browser window.</doc>
<status status="PASS" starttime="20230517 01:05:04.746" endtime="20230517 01:05:04.850"/>
</kw>
<status status="PASS" starttime="20230517 01:05:03.622" endtime="20230517 01:05:04.850"/>
</kw>
<kw name="Given Im on the main application page" library="test_keywords_login">
<kw name="Go To" library="SeleniumLibrary">
<arg>${SERVER_BASE_URL}</arg>
<doc>Navigates the current browser window to the provided ``url``.</doc>
<msg timestamp="20230517 01:05:04.851" level="INFO">Opening url 'https://www.saucedemo.com/'</msg>
<status status="PASS" starttime="20230517 01:05:04.851" endtime="20230517 01:05:04.913"/>
</kw>
<kw name="Location Should Be" library="SeleniumLibrary">
<arg>${SERVER_BASE_URL}</arg>
<doc>Verifies that the current URL is exactly ``url``.</doc>
<msg timestamp="20230517 01:05:04.918" level="INFO">Current location is 'https://www.saucedemo.com/'.</msg>
<status status="PASS" starttime="20230517 01:05:04.913" endtime="20230517 01:05:04.918"/>
</kw>
<status status="PASS" starttime="20230517 01:05:04.850" endtime="20230517 01:05:04.918"/>
</kw>
<kw name="When I log in with credentials" library="test_keywords_login">
<arg>locked_out_user</arg>
<arg>secret_sauce</arg>
<kw name="Input Text" library="SeleniumLibrary">
<arg>id:user-name</arg>
<arg>${username}</arg>
<doc>Types the given ``text`` into the text field identified by ``locator``.</doc>
<msg timestamp="20230517 01:05:04.919" level="INFO">Typing text 'locked_out_user' into text field 'id:user-name'.</msg>
<status status="PASS" starttime="20230517 01:05:04.919" endtime="20230517 01:05:05.031"/>
</kw>
<kw name="Input Text" library="SeleniumLibrary">
<arg>id:password</arg>
<arg>${password}</arg>
<doc>Types the given ``text`` into the text field identified by ``locator``.</doc>
<msg timestamp="20230517 01:05:05.032" level="INFO">Typing text 'secret_sauce' into text field 'id:password'.</msg>
<status status="PASS" starttime="20230517 01:05:05.031" endtime="20230517 01:05:05.116"/>
</kw>
<kw name="Click Button" library="SeleniumLibrary">
<arg>id:login-button</arg>
<doc>Clicks the button identified by ``locator``.</doc>
<msg timestamp="20230517 01:05:05.117" level="INFO">Clicking button 'id:login-button'.</msg>
<status status="PASS" starttime="20230517 01:05:05.116" endtime="20230517 01:05:05.177"/>
</kw>
<status status="PASS" starttime="20230517 01:05:04.918" endtime="20230517 01:05:05.177"/>
</kw>
<kw name="Then the locked out message should be displayed" library="test_keywords_login">
<kw name="Element Should Be Visible" library="SeleniumLibrary">
<arg>class:error-message-container</arg>
<doc>Verifies that the element identified by ``locator`` is visible.</doc>
<msg timestamp="20230517 01:05:05.202" level="INFO">Element 'class:error-message-container' is displayed.</msg>
<status status="PASS" starttime="20230517 01:05:05.178" endtime="20230517 01:05:05.202"/>
</kw>
<status status="PASS" starttime="20230517 01:05:05.178" endtime="20230517 01:05:05.202"/>
</kw>
<kw name="After Tests" library="test_keywords_common" type="TEARDOWN">
<kw name="Close Browser" library="SeleniumLibrary">
<doc>Closes the current browser.</doc>
<status status="PASS" starttime="20230517 01:05:05.203" endtime="20230517 01:05:05.260"/>
</kw>
<status status="PASS" starttime="20230517 01:05:05.203" endtime="20230517 01:05:05.260"/>
</kw>
<tag>ui</tag>
<status status="PASS" starttime="20230517 01:05:03.621" endtime="20230517 01:05:05.260"/>
</test>
<test id="s1-s2-s1-s1-t3" name="Scenario: Log in to Sauce Demo with Problem User" line="23">
<kw name="Before Tests" library="test_keywords_common" type="SETUP">
<kw name="Open Browser" library="SeleniumLibrary">
<arg>${SERVER_BASE_URL}</arg>
<arg>${HEADLESS} ${BROWSER}</arg>
<doc>Opens a new browser instance to the optional ``url``.</doc>
<msg timestamp="20230517 01:05:05.262" level="INFO">Opening browser 'headless Chrome' to base url 'https://www.saucedemo.com/'.</msg>
<status status="PASS" starttime="20230517 01:05:05.261" endtime="20230517 01:05:06.099"/>
</kw>
<kw name="Maximize Browser Window" library="SeleniumLibrary">
<doc>Maximizes current browser window.</doc>
<status status="PASS" starttime="20230517 01:05:06.099" endtime="20230517 01:05:06.206"/>
</kw>
<status status="PASS" starttime="20230517 01:05:05.261" endtime="20230517 01:05:06.206"/>
</kw>
<kw name="Given Im on the main application page" library="test_keywords_login">
<kw name="Go To" library="SeleniumLibrary">
<arg>${SERVER_BASE_URL}</arg>
<doc>Navigates the current browser window to the provided ``url``.</doc>
<msg timestamp="20230517 01:05:06.207" level="INFO">Opening url 'https://www.saucedemo.com/'</msg>
<status status="PASS" starttime="20230517 01:05:06.207" endtime="20230517 01:05:06.266"/>
</kw>
<kw name="Location Should Be" library="SeleniumLibrary">
<arg>${SERVER_BASE_URL}</arg>
<doc>Verifies that the current URL is exactly ``url``.</doc>
<msg timestamp="20230517 01:05:06.275" level="INFO">Current location is 'https://www.saucedemo.com/'.</msg>
<status status="PASS" starttime="20230517 01:05:06.266" endtime="20230517 01:05:06.275"/>
</kw>
<status status="PASS" starttime="20230517 01:05:06.207" endtime="20230517 01:05:06.275"/>
</kw>
<kw name="When I log in with credentials" library="test_keywords_login">
<arg>problem_user</arg>
<arg>secret_sauce</arg>
<kw name="Input Text" library="SeleniumLibrary">
<arg>id:user-name</arg>
<arg>${username}</arg>
<doc>Types the given ``text`` into the text field identified by ``locator``.</doc>
<msg timestamp="20230517 01:05:06.276" level="INFO">Typing text 'problem_user' into text field 'id:user-name'.</msg>
<status status="PASS" starttime="20230517 01:05:06.276" endtime="20230517 01:05:06.379"/>
</kw>
<kw name="Input Text" library="SeleniumLibrary">
<arg>id:password</arg>
<arg>${password}</arg>
<doc>Types the given ``text`` into the text field identified by ``locator``.</doc>
<msg timestamp="20230517 01:05:06.380" level="INFO">Typing text 'secret_sauce' into text field 'id:password'.</msg>
<status status="PASS" starttime="20230517 01:05:06.379" endtime="20230517 01:05:06.462"/>
</kw>
<kw name="Click Button" library="SeleniumLibrary">
<arg>id:login-button</arg>
<doc>Clicks the button identified by ``locator``.</doc>
<msg timestamp="20230517 01:05:06.462" level="INFO">Clicking button 'id:login-button'.</msg>
<status status="PASS" starttime="20230517 01:05:06.462" endtime="20230517 01:05:06.553"/>
</kw>
<status status="PASS" starttime="20230517 01:05:06.275" endtime="20230517 01:05:06.554"/>
</kw>
<kw name="And the Inventory page loads" library="test_keywords_login">
<kw name="Location Should Be" library="SeleniumLibrary">
<arg>https://www.saucedemo.com/inventory.html</arg>
<doc>Verifies that the current URL is exactly ``url``.</doc>
<msg timestamp="20230517 01:05:06.562" level="INFO">Current location is 'https://www.saucedemo.com/inventory.html'.</msg>
<status status="PASS" starttime="20230517 01:05:06.554" endtime="20230517 01:05:06.562"/>
</kw>
<status status="PASS" starttime="20230517 01:05:06.554" endtime="20230517 01:05:06.562"/>
</kw>
<kw name="Then the page should contain the text &quot;Products&quot;" library="test_keywords_login" sourcename="Then the page should contain the text &quot;${expected_text}&quot;">
<kw name="Page Should Contain" library="SeleniumLibrary">
<arg>${expected_text}</arg>
<doc>Verifies that current page contains ``text``.</doc>
<msg timestamp="20230517 01:05:06.578" level="INFO">Current page contains text 'Products'.</msg>
<status status="PASS" starttime="20230517 01:05:06.563" endtime="20230517 01:05:06.578"/>
</kw>
<status status="PASS" starttime="20230517 01:05:06.562" endtime="20230517 01:05:06.578"/>
</kw>
<kw name="After Tests" library="test_keywords_common" type="TEARDOWN">
<kw name="Close Browser" library="SeleniumLibrary">
<doc>Closes the current browser.</doc>
<status status="PASS" starttime="20230517 01:05:06.579" endtime="20230517 01:05:06.636"/>
</kw>
<status status="PASS" starttime="20230517 01:05:06.578" endtime="20230517 01:05:06.636"/>
</kw>
<tag>ui</tag>
<status status="PASS" starttime="20230517 01:05:05.260" endtime="20230517 01:05:06.636"/>
</test>
<test id="s1-s2-s1-s1-t4" name="Scenario: Log in to Sauce Demo with Performance Glitch User" line="30">
<kw name="Before Tests" library="test_keywords_common" type="SETUP">
<kw name="Open Browser" library="SeleniumLibrary">
<arg>${SERVER_BASE_URL}</arg>
<arg>${HEADLESS} ${BROWSER}</arg>
<doc>Opens a new browser instance to the optional ``url``.</doc>
<msg timestamp="20230517 01:05:06.638" level="INFO">Opening browser 'headless Chrome' to base url 'https://www.saucedemo.com/'.</msg>
<status status="PASS" starttime="20230517 01:05:06.638" endtime="20230517 01:05:07.473"/>
</kw>
<kw name="Maximize Browser Window" library="SeleniumLibrary">
<doc>Maximizes current browser window.</doc>
<status status="PASS" starttime="20230517 01:05:07.474" endtime="20230517 01:05:07.580"/>
</kw>
<status status="PASS" starttime="20230517 01:05:06.637" endtime="20230517 01:05:07.580"/>
</kw>
<kw name="Given Im on the main application page" library="test_keywords_login">
<kw name="Go To" library="SeleniumLibrary">
<arg>${SERVER_BASE_URL}</arg>
<doc>Navigates the current browser window to the provided ``url``.</doc>
<msg timestamp="20230517 01:05:07.581" level="INFO">Opening url 'https://www.saucedemo.com/'</msg>
<status status="PASS" starttime="20230517 01:05:07.581" endtime="20230517 01:05:07.634"/>
</kw>
<kw name="Location Should Be" library="SeleniumLibrary">
<arg>${SERVER_BASE_URL}</arg>
<doc>Verifies that the current URL is exactly ``url``.</doc>
<msg timestamp="20230517 01:05:07.639" level="INFO">Current location is 'https://www.saucedemo.com/'.</msg>
<status status="PASS" starttime="20230517 01:05:07.634" endtime="20230517 01:05:07.639"/>
</kw>
<status status="PASS" starttime="20230517 01:05:07.581" endtime="20230517 01:05:07.639"/>
</kw>
<kw name="When I log in with credentials" library="test_keywords_login">
<arg>performance_glitch_user</arg>
<arg>secret_sauce</arg>
<kw name="Input Text" library="SeleniumLibrary">
<arg>id:user-name</arg>
<arg>${username}</arg>
<doc>Types the given ``text`` into the text field identified by ``locator``.</doc>
<msg timestamp="20230517 01:05:07.640" level="INFO">Typing text 'performance_glitch_user' into text field 'id:user-name'.</msg>
<status status="PASS" starttime="20230517 01:05:07.639" endtime="20230517 01:05:07.751"/>
</kw>
<kw name="Input Text" library="SeleniumLibrary">
<arg>id:password</arg>
<arg>${password}</arg>
<doc>Types the given ``text`` into the text field identified by ``locator``.</doc>
<msg timestamp="20230517 01:05:07.752" level="INFO">Typing text 'secret_sauce' into text field 'id:password'.</msg>
<status status="PASS" starttime="20230517 01:05:07.751" endtime="20230517 01:05:07.830"/>
</kw>
<kw name="Click Button" library="SeleniumLibrary">
<arg>id:login-button</arg>
<doc>Clicks the button identified by ``locator``.</doc>
<msg timestamp="20230517 01:05:07.831" level="INFO">Clicking button 'id:login-button'.</msg>
<status status="PASS" starttime="20230517 01:05:07.830" endtime="20230517 01:05:12.930"/>
</kw>
<status status="PASS" starttime="20230517 01:05:07.639" endtime="20230517 01:05:12.930"/>
</kw>
<kw name="And the Inventory page loads" library="test_keywords_login">
<kw name="Location Should Be" library="SeleniumLibrary">
<arg>https://www.saucedemo.com/inventory.html</arg>
<doc>Verifies that the current URL is exactly ``url``.</doc>
<msg timestamp="20230517 01:05:12.939" level="INFO">Current location is 'https://www.saucedemo.com/inventory.html'.</msg>
<status status="PASS" starttime="20230517 01:05:12.931" endtime="20230517 01:05:12.939"/>
</kw>
<status status="PASS" starttime="20230517 01:05:12.930" endtime="20230517 01:05:12.939"/>
</kw>
<kw name="Then the page should contain the text &quot;Products&quot;" library="test_keywords_login" sourcename="Then the page should contain the text &quot;${expected_text}&quot;">
<kw name="Page Should Contain" library="SeleniumLibrary">
<arg>${expected_text}</arg>
<doc>Verifies that current page contains ``text``.</doc>
<msg timestamp="20230517 01:05:12.957" level="INFO">Current page contains text 'Products'.</msg>
<status status="PASS" starttime="20230517 01:05:12.940" endtime="20230517 01:05:12.957"/>
</kw>
<status status="PASS" starttime="20230517 01:05:12.939" endtime="20230517 01:05:12.957"/>
</kw>
<kw name="After Tests" library="test_keywords_common" type="TEARDOWN">
<kw name="Close Browser" library="SeleniumLibrary">
<doc>Closes the current browser.</doc>
<status status="PASS" starttime="20230517 01:05:12.958" endtime="20230517 01:05:13.015"/>
</kw>
<status status="PASS" starttime="20230517 01:05:12.958" endtime="20230517 01:05:13.015"/>
</kw>
<tag>ui</tag>
<status status="PASS" starttime="20230517 01:05:06.637" endtime="20230517 01:05:13.015"/>
</test>
<status status="PASS" starttime="20230517 01:05:01.255" endtime="20230517 01:05:13.016"/>
</suite>
<status status="PASS" starttime="20230517 01:05:01.254" endtime="20230517 01:05:13.018"/>
</suite>
<status status="PASS" starttime="20230517 01:05:01.252" endtime="20230517 01:05:13.019"/>
</suite>
<status status="PASS" starttime="20230517 01:05:00.239" endtime="20230517 01:05:13.021"/>
</suite>
<statistics>
<total>
<stat pass="9" fail="0" skip="0">All Tests</stat>
</total>
<tag>
<stat pass="5" fail="0" skip="0">api</stat>
<stat pass="4" fail="0" skip="0">ui</stat>
</tag>
<suite>
<stat pass="9" fail="0" skip="0" id="s1" name="Tests">Tests</stat>
<stat pass="5" fail="0" skip="0" id="s1-s1" name="Api">Tests.Api</stat>
<stat pass="5" fail="0" skip="0" id="s1-s1-s1" name="Users">Tests.Api.Users</stat>
<stat pass="5" fail="0" skip="0" id="s1-s1-s1-s1" name="Test Api Users">Tests.Api.Users.Test Api Users</stat>
<stat pass="4" fail="0" skip="0" id="s1-s2" name="Ui">Tests.Ui</stat>
<stat pass="4" fail="0" skip="0" id="s1-s2-s1" name="Login">Tests.Ui.Login</stat>
<stat pass="4" fail="0" skip="0" id="s1-s2-s1-s1" name="Test Ui Login">Tests.Ui.Login.Test Ui Login</stat>
</suite>
</statistics>
<errors>
</errors>
</robot>
