<?xml version="1.0" encoding="UTF-8"?>
<robot generator="Robot 6.0.2 (Python 3.8.16 on linux)" generated="20230601 16:57:32.332" rpa="false" schemaversion="3">
<suite id="s1" name="Tests" source="/home/runner/work/gen-ai-robot-test/gen-ai-robot-test/tests">
<suite id="s1-s1" name="Api" source="/home/runner/work/gen-ai-robot-test/gen-ai-robot-test/tests/api">
<suite id="s1-s1-s1" name="Test Api Users" source="/home/runner/work/gen-ai-robot-test/gen-ai-robot-test/tests/api/test_api_users.robot">
<test id="s1-s1-s1-t1" name="Scenario: Get all registered users" line="9">
<kw name="Before Tests" library="test_keywords_common" type="SETUP">
<kw name="Create Session" library="RequestsLibrary">
<arg>serverest</arg>
<arg>${SERVER_BASE_URL}</arg>
<arg>disable_warnings=True</arg>
<doc>Create Session: create a HTTP session to a server</doc>
<msg timestamp="20230601 16:57:33.057" level="INFO">Creating Session using : alias=serverest, url=https://serverest.dev, headers={},                     cookies={}, auth=None, timeout=None, proxies=None, verify=False,                     debug=0 </msg>
<status status="PASS" starttime="20230601 16:57:33.057" endtime="20230601 16:57:33.058"/>
</kw>
<status status="PASS" starttime="20230601 16:57:33.056" endtime="20230601 16:57:33.058"/>
</kw>
<kw name="When I request the list of all registered users" library="test_keywords_users">
<kw name="GET On Session" library="RequestsLibrary">
<var>${response}</var>
<arg>serverest</arg>
<arg>${USERS_API_ENDPOINT}</arg>
<doc>Sends a GET request on a previously created HTTP Session.</doc>
<msg timestamp="20230601 16:57:33.270" level="INFO">GET Request : url=https://serverest.dev/usuarios 
 path_url=/usuarios 
 headers={'User-Agent': 'python-requests/2.31.0', 'Accept-Encoding': 'gzip, deflate', 'Accept': '*/*', 'Connection': 'keep-alive'} 
 body=None 
 </msg>
<msg timestamp="20230601 16:57:33.271" level="INFO">GET Response : url=https://serverest.dev/usuarios 
 status=200, reason=OK 
 headers={'access-control-allow-origin': '*', 'x-dns-prefetch-control': 'off', 'x-frame-options': 'SAMEORIGIN', 'strict-transport-security': 'max-age=15552000; includeSubDomains', 'x-download-options': 'noopen', 'x-content-type-options': 'nosniff', 'x-xss-protection': '1; mode=block', 'x-moesif-transaction-id': '7359c216-332f-4188-92c5-786e0654f843', 'content-type': 'application/json; charset=utf-8', 'X-Cloud-Trace-Context': '157eb0b2b887da6db63b94e69fb76d70', 'Date': 'Thu, 01 Jun 2023 16:57:33 GMT', 'Server': 'Google Frontend', 'Content-Length': '10560'} 
 body={
    "quantidade": 48,
    "usuarios": [
        {
            "nome": "Nicky Crist",
            "email": "nickycrist_dojo@teste.com",
            "password": "123123",
            "administrador": "true",
            "_id": "1vz4kFeZ6nI0oetX"
        },
        {
            "nome": "Keith White",
            "email": "keithwhite@test.com",
            "password": "Test;123",
            "administrador": "true",
            "_id": "3VkyFCZjaX55brOB"
        },
        {
            "nome": "Riley Meadows",
            "email": "wardlindsay@example.com",
            "password": "21nem33sV3Wv",
            "administrador": "true",
            "_id": "6ZrbiguZb3H8xbz7"
        },
        {
            "nome": "Teste de Exclusão",
            "email": "exlusao@qa123.com.br",
            "password": "teste123",
            "administrador": "true",
            "_id": "96IkPoiwTd6W8E6G"
        },
        {
            "nome": "Fulano da Silva",
            "email": "fulano@qa.com",
            "password": "teste",
            "administrador": "true",
            "_id": "9gstdMBMAIERTqbi"
        },
        {
            "nome": "Jose Souza da Silva",
            "email": "testetwt0113@google.com.br",
            "password": "12345",
            "administrador": "true",
            "_id": "ANUh6vcjepjot9m4"
        },
        {
            "nome": "Jose Souza da Silva",
            "email": "testetwt0104@google.com.br",
            "password": "12345",
            "administrador": "true",
            "_id": "CPotN3cJwU2ytcC0"
        },
        {
            "nome": "Jose Souza da Silva",
            "email": "testetwt0318@google.com.br",
            "password": "12345",
            "administrador": "true",
            "_id": "Cjii886shOMAPasE"
        },
        {
            "nome": "Teste no RobotFramework1234",
            "email": "juarez4543210@hotmail.com",
            "password": "testenovo1234",
            "administrador": "true",
            "_id": "DJQllXTesdJUv25t"
        },
        {
            "nome": "Jose Souza da Silva",
            "email": "testetwt010601@google.com.br",
            "password": "12345",
            "administrador": "true",
            "_id": "FmAZHqMdTUASVy5E"
        },
        {
            "nome": "Michael Torres",
            "email": "sharonmoore@example.org",
            "password": "t4wu3WWhnqn7",
            "administrador": "true",
            "_id": "GZNbsNpQeHv7ISFa"
        },
        {
            "nome": "Crystal Parks",
            "email": "oolson@example.com",
            "password": "1wdCfdPmvGs3",
            "administrador": "true",
            "_id": "HkeCIJyLaeKC4tfA"
        },
        {
            "nome": "Mohamed Hyatt",
            "email": "mohamedhyatt_dojo@teste.com",
            "password": "123123",
            "administrador": "true",
            "_id": "HwZXX3KaO6cdeyb1"
        },
        {
            "nome": "Stephen Reynolds",
            "email": "stephenreynolds_dojo@teste.com",
            "password": "123123",
            "administrador": "true",
            "_id": "JAwEFMxMJ1jzZxEs"
        },
        {
            "nome": "Jose Souza da Silva",
            "email": "testetwt0114@google.com.br",
            "password": "12345",
            "administrador": "true",
            "_id": "MZEGk2tTLklplZrU"
        },
        {
            "nome": "Jose Souza da Silva",
            "email": "testetwt0215@google.com.br",
            "password": "12345",
            "administrador": "true",
            "_id": "NfR9Vy9SIekHqpyG"
        },
        {
            "nome": "Abigail Pearson",
            "email": "leelori@example.com",
            "password": "4gZoJFVoISqd",
            "administrador": "true",
            "_id": "P11p6mS9e6j3lRWe"
        },
        {
            "nome": "Quinn Orn",
            "email": "quinnorn_dojo@teste.com",
            "password": "123123",
            "administrador": "true",
            "_id": "Q4uzpPanjVopwd6z"
        },
        {
            "nome": "{{nome}}",
            "email": "Cruz@qa.com.br",
            "password": "SCHV6xXB1_PATmh",
            "administrador": "true",
            "_id": "QEculbd1dJsuv18G"
        },
        {
            "nome": "Jose Souza da Silva",
            "email": "testetwt010603@google.com.br",
            "password": "12345",
            "administrador": "true",
            "_id": "QGQCKYrf91pHsUXF"
        },
        {
            "nome": "Teste de Exclusão",
            "email": "exlusao@qa.com.br",
            "password": "teste123",
            "administrador": "true",
            "_id": "RsFp1ZZGSqG68iGD"
        },
        {
            "nome": "Troy Moran",
            "email": "jonesdavid@example.org",
            "password": "fwHMTsFS3mgk",
            "administrador": "true",
            "_id": "U4gcbj9QPFePTMvA"
        },
        {
            "nome": "Donald Palmer",
            "email": "kshannon@example.net",
            "password": "MN61aKMyY2Zp",
            "administrador": "true",
            "_id": "WJLRKci7u4ThQVZi"
        },
        {
            "nome": "Bridget Satterfield",
            "email": "bridgetsatterfield@test.com",
            "password": "Test;123",
            "administrador": "true",
            "_id": "WaoQ0bq06WgCyzh1"
        },
        {
            "nome": "Fulano da Silva",
            "email": "ernx@emailteste.com",
            "password": "1234",
            "administrador": "true",
            "_id": "WtAPGAoNV80jZwAT"
        },
        {
            "nome": "Jose Souza da Silva",
            "email": "testetwt0106@google.com.br",
            "password": "12345",
            "administrador": "true",
            "_id": "anTapQ16J1tEfpW3"
        },
        {
            "nome": "Jose Souza da Silva",
            "email": "testetwt010602@google.com.br",
            "password": "12345",
            "administrador": "true",
            "_id": "bSaFEd9NE00EPTtu"
        },
        {
            "nome": "Fulano da Silva",
            "email": "beltrano@qa.com.br",
            "password": "teste",
            "administrador": "true",
            "_id": "eQc31OFVrLb6TURi"
        },
        {
            "nome": "{{nome}}",
            "email": "Jodie@qa.com.br",
            "password": "3onkUz5ipDWE6lF",
            "administrador": "true",
            "_id": "eebiRBQzxAfjwBud"
        },
        {
            "nome": "{{nome}}",
            "email": "Wade@qa.com.br",
            "password": "75sp8gpG4_cwEJL",
            "administrador": "true",
            "_id": "eiYlTXHzMuezZ3JP"
        },
        {
            "nome": "{{nome}}",
            "email": "Laurianne@qa.com.br",
            "password": "BehI7ZauXa4BWJG",
            "administrador": "true",
            "_id": "fxPPNR85wYe2RWUx"
        },
        {
            "nome": "{{nome}}",
            "email": "Hadley@qa.com.br",
            "password": "cTFFNtgOYHKCveO",
            "administrador": "true",
            "_id": "gP4GN1H0ztPPVm4T"
        },
        {
            "nome": "Jason Rodriguez",
            "email": "tracivang@example.com",
            "password": "tFOdqK1b4bdb",
            "administrador": "true",
            "_id": "hOHsnxKpiWHMWThP"
        },
        {
            "nome": "Stephen Price",
            "email": "schaeferdylan@example.com",
            "password": "8O6ksSdDZp24",
            "administrador": "true",
            "_id": "hgBx9ALEJofc7VxJ"
        },
        {
            "nome": "Ola Kilback",
            "email": "Bernadine_Feeney@hotmail.com",
            "password": "2RdPzziLESCIj3C",
            "administrador": "false",
            "_id": "jxTheZsEleTA4Xfv"
        },
        {
            "nome": "Mercedes Gardner",
            "email": "rkoch@example.com",
            "password": "OyTwLmx2r7d6",
            "administrador": "true",
            "_id": "kBYMC5WIZH4pm0RH"
        },
        {
            "nome": "Marshall Crooks",
            "email": "marshallcrooks_dojo@teste.com",
            "password": "123123",
            "administrador": "true",
            "_id": "lw3tGmCfEciJz3Ma"
        },
        {
            "nome": "Cheyenne Knox",
            "email": "connierodriguez@example.org",
            "password": "2XpL75uHis1Y",
            "administrador": "true",
            "_id": "nQr8zF2KskcB67UX"
        },
        {
            "nome": "Jose Souza da Silva",
            "email": "testetwt0317@google.com.br",
            "password": "12345",
            "administrador": "true",
            "_id": "o3SCLJT3keSsKa3V"
        },
        {
            "nome": "Jose Souza da Silva",
            "email": "testetwt0216@google.com.br",
            "password": "12345",
            "administrador": "true",
            "_id": "puDG3E57PsVhHW5z"
        },
        {
            "nome": "Fulano da Silva",
            "email": "beltrano_teste@qa.com.br",
            "password": "teste",
            "administrador": "true",
            "_id": "r4MkfwAxanGM2wV0"
        },
        {
            "nome": "Marcelle_Grant92",
            "email": "Adrien_Rowe89@gmail.com",
            "password": "123456789",
            "administrador": "true",
            "_id": "sU9Mo6xgAmg5VBph"
        },
        {
            "nome": "Eric Adkins",
            "email": "qmcclure@example.org",
            "password": "1JkxKESr0UqK",
            "administrador": "true",
            "_id": "srS7Ou0Du5FNhP2x"
        },
        {
            "nome": "Kenneth Hardy",
            "email": "katieschneider@example.net",
            "password": "efCQm5Pmd34V",
            "administrador": "true",
            "_id": "t4aiT0ZRVdeAqfI0"
        },
        {
            "nome": "Arie Muller",
            "email": "ariemuller_dojo@teste.com",
            "password": "123123",
            "administrador": "true",
            "_id": "u31iJo2xxrHN7E3L"
        },
        {
            "nome": "Troy Ray",
            "email": "debbie39@example.net",
   ... (set the log level to DEBUG or TRACE to see the full content) 
 </msg>
<msg timestamp="20230601 16:57:33.271" level="INFO">${response} = &lt;Response [200]&gt;</msg>
<status status="PASS" starttime="20230601 16:57:33.058" endtime="20230601 16:57:33.271"/>
</kw>
<kw name="Set Test Variable" library="BuiltIn">
<arg>${response}</arg>
<doc>Makes a variable available everywhere within the scope of the current test.</doc>
<msg timestamp="20230601 16:57:33.272" level="INFO">${response} = &lt;Response [200]&gt;</msg>
<status status="PASS" starttime="20230601 16:57:33.271" endtime="20230601 16:57:33.272"/>
</kw>
<status status="PASS" starttime="20230601 16:57:33.058" endtime="20230601 16:57:33.272"/>
</kw>
<kw name="Then the response status code should be 200" library="test_keywords_users" sourcename="Then the response status code should be ${status_code}">
<kw name="Should Be Equal As Numbers" library="BuiltIn">
<arg>${response.status_code}</arg>
<arg>${status_code}</arg>
<doc>Fails if objects are unequal after converting them to real numbers.</doc>
<msg timestamp="20230601 16:57:33.274" level="INFO">Argument types are:
&lt;class 'int'&gt;
&lt;class 'str'&gt;</msg>
<status status="PASS" starttime="20230601 16:57:33.272" endtime="20230601 16:57:33.274"/>
</kw>
<kw name="Should Be True" library="BuiltIn">
<arg>${response.json()}</arg>
<doc>Fails if the given condition is not true.</doc>
<status status="PASS" starttime="20230601 16:57:33.274" endtime="20230601 16:57:33.275"/>
</kw>
<status status="PASS" starttime="20230601 16:57:33.272" endtime="20230601 16:57:33.275"/>
</kw>
<kw name="And the response body should not be empty" library="test_keywords_users">
<kw name="Should Not Be Empty" library="BuiltIn">
<arg>${response.json()}</arg>
<doc>Verifies that the given item is not empty.</doc>
<msg timestamp="20230601 16:57:33.277" level="INFO">Length is 2</msg>
<status status="PASS" starttime="20230601 16:57:33.276" endtime="20230601 16:57:33.277"/>
</kw>
<status status="PASS" starttime="20230601 16:57:33.275" endtime="20230601 16:57:33.277"/>
</kw>
<tag>api</tag>
<status status="PASS" starttime="20230601 16:57:33.056" endtime="20230601 16:57:33.277"/>
</test>
<test id="s1-s1-s1-t2" name="Scenario: Create a new user" line="15">
<kw name="Before Tests" library="test_keywords_common" type="SETUP">
<kw name="Create Session" library="RequestsLibrary">
<arg>serverest</arg>
<arg>${SERVER_BASE_URL}</arg>
<arg>disable_warnings=True</arg>
<doc>Create Session: create a HTTP session to a server</doc>
<msg timestamp="20230601 16:57:33.279" level="INFO">Creating Session using : alias=serverest, url=https://serverest.dev, headers={},                     cookies={}, auth=None, timeout=None, proxies=None, verify=False,                     debug=0 </msg>
<status status="PASS" starttime="20230601 16:57:33.278" endtime="20230601 16:57:33.279"/>
</kw>
<status status="PASS" starttime="20230601 16:57:33.278" endtime="20230601 16:57:33.279"/>
</kw>
<kw name="Given I have a valid user data" library="test_keywords_users">
<kw name="Name" library="FakerLibrary">
<var>${name}</var>
<doc>:example 'John Doe'</doc>
<msg timestamp="20230601 16:57:33.280" level="INFO">${name} = Amanda Howard</msg>
<status status="PASS" starttime="20230601 16:57:33.280" endtime="20230601 16:57:33.280"/>
</kw>
<kw name="Email" library="FakerLibrary">
<var>${email}</var>
<msg timestamp="20230601 16:57:33.281" level="INFO">${email} = sara73@example.org</msg>
<status status="PASS" starttime="20230601 16:57:33.280" endtime="20230601 16:57:33.281"/>
</kw>
<kw name="Password" library="FakerLibrary">
<var>${password}</var>
<arg>length=12</arg>
<arg>special_chars=False</arg>
<doc>Generate a random password of the specified ``length``.</doc>
<msg timestamp="20230601 16:57:33.281" level="INFO">${password} = Q37zgpsSx6jA</msg>
<status status="PASS" starttime="20230601 16:57:33.281" endtime="20230601 16:57:33.281"/>
</kw>
<kw name="Set Suite Variable" library="BuiltIn">
<arg>${name}</arg>
<doc>Makes a variable available everywhere within the scope of the current suite.</doc>
<msg timestamp="20230601 16:57:33.282" level="INFO">${name} = Amanda Howard</msg>
<status status="PASS" starttime="20230601 16:57:33.281" endtime="20230601 16:57:33.282"/>
</kw>
<kw name="Set Suite Variable" library="BuiltIn">
<arg>${email}</arg>
<doc>Makes a variable available everywhere within the scope of the current suite.</doc>
<msg timestamp="20230601 16:57:33.282" level="INFO">${email} = sara73@example.org</msg>
<status status="PASS" starttime="20230601 16:57:33.282" endtime="20230601 16:57:33.282"/>
</kw>
<kw name="Set Suite Variable" library="BuiltIn">
<arg>${password}</arg>
<doc>Makes a variable available everywhere within the scope of the current suite.</doc>
<msg timestamp="20230601 16:57:33.283" level="INFO">${password} = Q37zgpsSx6jA</msg>
<status status="PASS" starttime="20230601 16:57:33.282" endtime="20230601 16:57:33.283"/>
</kw>
<status status="PASS" starttime="20230601 16:57:33.279" endtime="20230601 16:57:33.283"/>
</kw>
<kw name="When I create the user" library="test_keywords_users">
<kw name="Create Dictionary" library="BuiltIn">
<var>${payload}</var>
<arg>nome=${name}</arg>
<arg>email=${email}</arg>
<arg>password=${password}</arg>
<arg>administrador=false</arg>
<doc>Creates and returns a dictionary based on the given ``items``.</doc>
<msg timestamp="20230601 16:57:33.284" level="INFO">${payload} = {'nome': 'Amanda Howard', 'email': 'sara73@example.org', 'password': 'Q37zgpsSx6jA', 'administrador': 'false'}</msg>
<status status="PASS" starttime="20230601 16:57:33.283" endtime="20230601 16:57:33.284"/>
</kw>
<kw name="Create Dictionary" library="BuiltIn">
<var>${headers}</var>
<arg>Content-Type=application/json</arg>
<doc>Creates and returns a dictionary based on the given ``items``.</doc>
<msg timestamp="20230601 16:57:33.284" level="INFO">${headers} = {'Content-Type': 'application/json'}</msg>
<status status="PASS" starttime="20230601 16:57:33.284" endtime="20230601 16:57:33.284"/>
</kw>
<kw name="POST On Session" library="RequestsLibrary">
<var>${response}</var>
<arg>serverest</arg>
<arg>${USERS_API_ENDPOINT}</arg>
<arg>json=${payload}</arg>
<arg>headers=${headers}</arg>
<doc>Sends a POST request on a previously created HTTP Session.</doc>
<msg timestamp="20230601 16:57:33.383" level="INFO">POST Request : url=https://serverest.dev/usuarios 
 path_url=/usuarios 
 headers={'User-Agent': 'python-requests/2.31.0', 'Accept-Encoding': 'gzip, deflate', 'Accept': '*/*', 'Connection': 'keep-alive', 'Content-Type': 'application/json', 'Content-Length': '110'} 
 body=b'{"nome": "Amanda Howard", "email": "sara73@example.org", "password": "Q37zgpsSx6jA", "administrador": "false"}' 
 </msg>
<msg timestamp="20230601 16:57:33.383" level="INFO">POST Response : url=https://serverest.dev/usuarios 
 status=201, reason=Created 
 headers={'access-control-allow-origin': '*', 'x-dns-prefetch-control': 'off', 'x-frame-options': 'SAMEORIGIN', 'strict-transport-security': 'max-age=15552000; includeSubDomains', 'x-download-options': 'noopen', 'x-content-type-options': 'nosniff', 'x-xss-protection': '1; mode=block', 'x-moesif-transaction-id': 'c0db005f-c337-4258-a07c-0709ec6ddc58', 'content-type': 'application/json; charset=utf-8', 'X-Cloud-Trace-Context': '0c8f0fd3180719f01909d2e456eb0ca5', 'Date': 'Thu, 01 Jun 2023 16:57:33 GMT', 'Server': 'Google Frontend', 'Content-Length': '82'} 
 body={
    "message": "Cadastro realizado com sucesso",
    "_id": "vrrgzrAs6stWy6uj"
} 
 </msg>
<msg timestamp="20230601 16:57:33.383" level="INFO">${response} = &lt;Response [201]&gt;</msg>
<status status="PASS" starttime="20230601 16:57:33.284" endtime="20230601 16:57:33.384"/>
</kw>
<kw name="Set Variable" library="BuiltIn">
<var>${user_id}</var>
<arg>${response.json()['_id']}</arg>
<doc>Returns the given values which can then be assigned to a variables.</doc>
<msg timestamp="20230601 16:57:33.385" level="INFO">${user_id} = vrrgzrAs6stWy6uj</msg>
<status status="PASS" starttime="20230601 16:57:33.384" endtime="20230601 16:57:33.385"/>
</kw>
<kw name="Set Global Variable" library="BuiltIn">
<arg>${USER_ID}</arg>
<arg>${user_id}</arg>
<doc>Makes a variable available globally in all tests and suites.</doc>
<msg timestamp="20230601 16:57:33.385" level="INFO">${USER_ID} = vrrgzrAs6stWy6uj</msg>
<status status="PASS" starttime="20230601 16:57:33.385" endtime="20230601 16:57:33.385"/>
</kw>
<kw name="Set Test Variable" library="BuiltIn">
<arg>${response}</arg>
<doc>Makes a variable available everywhere within the scope of the current test.</doc>
<msg timestamp="20230601 16:57:33.386" level="INFO">${response} = &lt;Response [201]&gt;</msg>
<status status="PASS" starttime="20230601 16:57:33.385" endtime="20230601 16:57:33.386"/>
</kw>
<status status="PASS" starttime="20230601 16:57:33.283" endtime="20230601 16:57:33.386"/>
</kw>
<kw name="Then the response status code should be 201" library="test_keywords_users" sourcename="Then the response status code should be ${status_code}">
<kw name="Should Be Equal As Numbers" library="BuiltIn">
<arg>${response.status_code}</arg>
<arg>${status_code}</arg>
<doc>Fails if objects are unequal after converting them to real numbers.</doc>
<msg timestamp="20230601 16:57:33.387" level="INFO">Argument types are:
&lt;class 'int'&gt;
&lt;class 'str'&gt;</msg>
<status status="PASS" starttime="20230601 16:57:33.386" endtime="20230601 16:57:33.387"/>
</kw>
<kw name="Should Be True" library="BuiltIn">
<arg>${response.json()}</arg>
<doc>Fails if the given condition is not true.</doc>
<status status="PASS" starttime="20230601 16:57:33.387" endtime="20230601 16:57:33.388"/>
</kw>
<status status="PASS" starttime="20230601 16:57:33.386" endtime="20230601 16:57:33.388"/>
</kw>
<kw name="And the response body should not be empty" library="test_keywords_users">
<kw name="Should Not Be Empty" library="BuiltIn">
<arg>${response.json()}</arg>
<doc>Verifies that the given item is not empty.</doc>
<msg timestamp="20230601 16:57:33.389" level="INFO">Length is 2</msg>
<status status="PASS" starttime="20230601 16:57:33.389" endtime="20230601 16:57:33.389"/>
</kw>
<status status="PASS" starttime="20230601 16:57:33.388" endtime="20230601 16:57:33.389"/>
</kw>
<tag>api</tag>
<status status="PASS" starttime="20230601 16:57:33.278" endtime="20230601 16:57:33.390"/>
</test>
<test id="s1-s1-s1-t3" name="Scenario: Get a specific user informations" line="22">
<kw name="Before Tests" library="test_keywords_common" type="SETUP">
<kw name="Create Session" library="RequestsLibrary">
<arg>serverest</arg>
<arg>${SERVER_BASE_URL}</arg>
<arg>disable_warnings=True</arg>
<doc>Create Session: create a HTTP session to a server</doc>
<msg timestamp="20230601 16:57:33.391" level="INFO">Creating Session using : alias=serverest, url=https://serverest.dev, headers={},                     cookies={}, auth=None, timeout=None, proxies=None, verify=False,                     debug=0 </msg>
<status status="PASS" starttime="20230601 16:57:33.391" endtime="20230601 16:57:33.392"/>
</kw>
<status status="PASS" starttime="20230601 16:57:33.390" endtime="20230601 16:57:33.392"/>
</kw>
<kw name="When I request the created user" library="test_keywords_users">
<kw name="GET On Session" library="RequestsLibrary">
<var>${response}</var>
<arg>serverest</arg>
<arg>${USERS_API_ENDPOINT}/${USER_ID}</arg>
<doc>Sends a GET request on a previously created HTTP Session.</doc>
<msg timestamp="20230601 16:57:33.489" level="INFO">GET Request : url=https://serverest.dev/usuarios/vrrgzrAs6stWy6uj 
 path_url=/usuarios/vrrgzrAs6stWy6uj 
 headers={'User-Agent': 'python-requests/2.31.0', 'Accept-Encoding': 'gzip, deflate', 'Accept': '*/*', 'Connection': 'keep-alive'} 
 body=None 
 </msg>
<msg timestamp="20230601 16:57:33.489" level="INFO">GET Response : url=https://serverest.dev/usuarios/vrrgzrAs6stWy6uj 
 status=200, reason=OK 
 headers={'access-control-allow-origin': '*', 'x-dns-prefetch-control': 'off', 'x-frame-options': 'SAMEORIGIN', 'strict-transport-security': 'max-age=15552000; includeSubDomains', 'x-download-options': 'noopen', 'x-content-type-options': 'nosniff', 'x-xss-protection': '1; mode=block', 'x-moesif-transaction-id': '5fc4cb2f-126a-45d2-9e10-10415fadadc9', 'content-type': 'application/json; charset=utf-8', 'X-Cloud-Trace-Context': '81080cacbe54e8b31c7da0b1598754a4', 'Date': 'Thu, 01 Jun 2023 16:57:33 GMT', 'Server': 'Google Frontend', 'Content-Length': '159'} 
 body={
    "nome": "Amanda Howard",
    "email": "sara73@example.org",
    "password": "Q37zgpsSx6jA",
    "administrador": "false",
    "_id": "vrrgzrAs6stWy6uj"
} 
 </msg>
<msg timestamp="20230601 16:57:33.489" level="INFO">${response} = &lt;Response [200]&gt;</msg>
<status status="PASS" starttime="20230601 16:57:33.392" endtime="20230601 16:57:33.489"/>
</kw>
<kw name="Set Test Variable" library="BuiltIn">
<arg>${response}</arg>
<doc>Makes a variable available everywhere within the scope of the current test.</doc>
<msg timestamp="20230601 16:57:33.490" level="INFO">${response} = &lt;Response [200]&gt;</msg>
<status status="PASS" starttime="20230601 16:57:33.489" endtime="20230601 16:57:33.490"/>
</kw>
<status status="PASS" starttime="20230601 16:57:33.392" endtime="20230601 16:57:33.490"/>
</kw>
<kw name="Then the response status code should be 200" library="test_keywords_users" sourcename="Then the response status code should be ${status_code}">
<kw name="Should Be Equal As Numbers" library="BuiltIn">
<arg>${response.status_code}</arg>
<arg>${status_code}</arg>
<doc>Fails if objects are unequal after converting them to real numbers.</doc>
<msg timestamp="20230601 16:57:33.491" level="INFO">Argument types are:
&lt;class 'int'&gt;
&lt;class 'str'&gt;</msg>
<status status="PASS" starttime="20230601 16:57:33.490" endtime="20230601 16:57:33.491"/>
</kw>
<kw name="Should Be True" library="BuiltIn">
<arg>${response.json()}</arg>
<doc>Fails if the given condition is not true.</doc>
<status status="PASS" starttime="20230601 16:57:33.492" endtime="20230601 16:57:33.492"/>
</kw>
<status status="PASS" starttime="20230601 16:57:33.490" endtime="20230601 16:57:33.492"/>
</kw>
<kw name="And the response body should not be empty" library="test_keywords_users">
<kw name="Should Not Be Empty" library="BuiltIn">
<arg>${response.json()}</arg>
<doc>Verifies that the given item is not empty.</doc>
<msg timestamp="20230601 16:57:33.494" level="INFO">Length is 5</msg>
<status status="PASS" starttime="20230601 16:57:33.493" endtime="20230601 16:57:33.494"/>
</kw>
<status status="PASS" starttime="20230601 16:57:33.493" endtime="20230601 16:57:33.494"/>
</kw>
<tag>api</tag>
<status status="PASS" starttime="20230601 16:57:33.390" endtime="20230601 16:57:33.494"/>
</test>
<test id="s1-s1-s1-t4" name="Scenario: Update the created user" line="28">
<kw name="Before Tests" library="test_keywords_common" type="SETUP">
<kw name="Create Session" library="RequestsLibrary">
<arg>serverest</arg>
<arg>${SERVER_BASE_URL}</arg>
<arg>disable_warnings=True</arg>
<doc>Create Session: create a HTTP session to a server</doc>
<msg timestamp="20230601 16:57:33.496" level="INFO">Creating Session using : alias=serverest, url=https://serverest.dev, headers={},                     cookies={}, auth=None, timeout=None, proxies=None, verify=False,                     debug=0 </msg>
<status status="PASS" starttime="20230601 16:57:33.496" endtime="20230601 16:57:33.496"/>
</kw>
<status status="PASS" starttime="20230601 16:57:33.495" endtime="20230601 16:57:33.496"/>
</kw>
<kw name="When I update the created user" library="test_keywords_users">
<kw name="Create Dictionary" library="BuiltIn">
<var>${payload}</var>
<arg>nome=John Smith</arg>
<arg>email=john.smith@example.com</arg>
<arg>password=P@ssw0rd123</arg>
<arg>administrador=false</arg>
<doc>Creates and returns a dictionary based on the given ``items``.</doc>
<msg timestamp="20230601 16:57:33.497" level="INFO">${payload} = {'nome': 'John Smith', 'email': 'john.smith@example.com', 'password': 'P@ssw0rd123', 'administrador': 'false'}</msg>
<status status="PASS" starttime="20230601 16:57:33.497" endtime="20230601 16:57:33.497"/>
</kw>
<kw name="Create Dictionary" library="BuiltIn">
<var>${headers}</var>
<arg>Content-Type=application/json</arg>
<doc>Creates and returns a dictionary based on the given ``items``.</doc>
<msg timestamp="20230601 16:57:33.497" level="INFO">${headers} = {'Content-Type': 'application/json'}</msg>
<status status="PASS" starttime="20230601 16:57:33.497" endtime="20230601 16:57:33.498"/>
</kw>
<kw name="PUT On Session" library="RequestsLibrary">
<var>${response}</var>
<arg>serverest</arg>
<arg>${USERS_API_ENDPOINT}/${USER_ID}</arg>
<arg>json=${payload}</arg>
<arg>headers=${headers}</arg>
<doc>Sends a PUT request on a previously created HTTP Session.</doc>
<msg timestamp="20230601 16:57:33.597" level="INFO">PUT Request : url=https://serverest.dev/usuarios/vrrgzrAs6stWy6uj 
 path_url=/usuarios/vrrgzrAs6stWy6uj 
 headers={'User-Agent': 'python-requests/2.31.0', 'Accept-Encoding': 'gzip, deflate', 'Accept': '*/*', 'Connection': 'keep-alive', 'Content-Type': 'application/json', 'Content-Length': '110'} 
 body=b'{"nome": "John Smith", "email": "john.smith@example.com", "password": "P@ssw0rd123", "administrador": "false"}' 
 </msg>
<msg timestamp="20230601 16:57:33.597" level="INFO">PUT Response : url=https://serverest.dev/usuarios/vrrgzrAs6stWy6uj 
 status=200, reason=OK 
 headers={'access-control-allow-origin': '*', 'x-dns-prefetch-control': 'off', 'x-frame-options': 'SAMEORIGIN', 'strict-transport-security': 'max-age=15552000; includeSubDomains', 'x-download-options': 'noopen', 'x-content-type-options': 'nosniff', 'x-xss-protection': '1; mode=block', 'x-moesif-transaction-id': '92111d60-31d0-464a-82d9-e77c6a18c613', 'content-type': 'application/json; charset=utf-8', 'X-Cloud-Trace-Context': 'a1fa67867b511563f3549651a4bdd617', 'Date': 'Thu, 01 Jun 2023 16:57:33 GMT', 'Server': 'Google Frontend', 'Content-Length': '50'} 
 body={
    "message": "Registro alterado com sucesso"
} 
 </msg>
<msg timestamp="20230601 16:57:33.597" level="INFO">${response} = &lt;Response [200]&gt;</msg>
<status status="PASS" starttime="20230601 16:57:33.498" endtime="20230601 16:57:33.597"/>
</kw>
<kw name="Set Test Variable" library="BuiltIn">
<arg>${response}</arg>
<doc>Makes a variable available everywhere within the scope of the current test.</doc>
<msg timestamp="20230601 16:57:33.598" level="INFO">${response} = &lt;Response [200]&gt;</msg>
<status status="PASS" starttime="20230601 16:57:33.597" endtime="20230601 16:57:33.598"/>
</kw>
<status status="PASS" starttime="20230601 16:57:33.496" endtime="20230601 16:57:33.598"/>
</kw>
<kw name="Then the response status code should be 200" library="test_keywords_users" sourcename="Then the response status code should be ${status_code}">
<kw name="Should Be Equal As Numbers" library="BuiltIn">
<arg>${response.status_code}</arg>
<arg>${status_code}</arg>
<doc>Fails if objects are unequal after converting them to real numbers.</doc>
<msg timestamp="20230601 16:57:33.599" level="INFO">Argument types are:
&lt;class 'int'&gt;
&lt;class 'str'&gt;</msg>
<status status="PASS" starttime="20230601 16:57:33.599" endtime="20230601 16:57:33.599"/>
</kw>
<kw name="Should Be True" library="BuiltIn">
<arg>${response.json()}</arg>
<doc>Fails if the given condition is not true.</doc>
<status status="PASS" starttime="20230601 16:57:33.600" endtime="20230601 16:57:33.600"/>
</kw>
<status status="PASS" starttime="20230601 16:57:33.598" endtime="20230601 16:57:33.600"/>
</kw>
<kw name="And the response body should not be empty" library="test_keywords_users">
<kw name="Should Not Be Empty" library="BuiltIn">
<arg>${response.json()}</arg>
<doc>Verifies that the given item is not empty.</doc>
<msg timestamp="20230601 16:57:33.602" level="INFO">Length is 1</msg>
<status status="PASS" starttime="20230601 16:57:33.601" endtime="20230601 16:57:33.602"/>
</kw>
<status status="PASS" starttime="20230601 16:57:33.600" endtime="20230601 16:57:33.602"/>
</kw>
<tag>api</tag>
<status status="PASS" starttime="20230601 16:57:33.495" endtime="20230601 16:57:33.602"/>
</test>
<test id="s1-s1-s1-t5" name="Scenario: Delete the created user" line="34">
<kw name="Before Tests" library="test_keywords_common" type="SETUP">
<kw name="Create Session" library="RequestsLibrary">
<arg>serverest</arg>
<arg>${SERVER_BASE_URL}</arg>
<arg>disable_warnings=True</arg>
<doc>Create Session: create a HTTP session to a server</doc>
<msg timestamp="20230601 16:57:33.604" level="INFO">Creating Session using : alias=serverest, url=https://serverest.dev, headers={},                     cookies={}, auth=None, timeout=None, proxies=None, verify=False,                     debug=0 </msg>
<status status="PASS" starttime="20230601 16:57:33.603" endtime="20230601 16:57:33.604"/>
</kw>
<status status="PASS" starttime="20230601 16:57:33.603" endtime="20230601 16:57:33.605"/>
</kw>
<kw name="When I delete the created user" library="test_keywords_users">
<kw name="DELETE On Session" library="RequestsLibrary">
<var>${response}</var>
<arg>serverest</arg>
<arg>${USERS_API_ENDPOINT}/${USER_ID}</arg>
<doc>Sends a DELETE request on a previously created HTTP Session.</doc>
<msg timestamp="20230601 16:57:33.706" level="INFO">DELETE Request : url=https://serverest.dev/usuarios/vrrgzrAs6stWy6uj 
 path_url=/usuarios/vrrgzrAs6stWy6uj 
 headers={'User-Agent': 'python-requests/2.31.0', 'Accept-Encoding': 'gzip, deflate', 'Accept': '*/*', 'Connection': 'keep-alive', 'Content-Length': '0'} 
 body=None 
 </msg>
<msg timestamp="20230601 16:57:33.706" level="INFO">DELETE Response : url=https://serverest.dev/usuarios/vrrgzrAs6stWy6uj 
 status=200, reason=OK 
 headers={'access-control-allow-origin': '*', 'x-dns-prefetch-control': 'off', 'x-frame-options': 'SAMEORIGIN', 'strict-transport-security': 'max-age=15552000; includeSubDomains', 'x-download-options': 'noopen', 'x-content-type-options': 'nosniff', 'x-xss-protection': '1; mode=block', 'x-moesif-transaction-id': 'd712e0c1-28e3-4734-9a6f-0d541c71b493', 'content-type': 'application/json; charset=utf-8', 'X-Cloud-Trace-Context': 'f2b941501ad98e7f1ff65d651ac04c17', 'Date': 'Thu, 01 Jun 2023 16:57:33 GMT', 'Server': 'Google Frontend', 'Content-Length': '51'} 
 body={
    "message": "Registro excluído com sucesso"
} 
 </msg>
<msg timestamp="20230601 16:57:33.706" level="INFO">${response} = &lt;Response [200]&gt;</msg>
<status status="PASS" starttime="20230601 16:57:33.605" endtime="20230601 16:57:33.706"/>
</kw>
<kw name="Set Test Variable" library="BuiltIn">
<arg>${response}</arg>
<doc>Makes a variable available everywhere within the scope of the current test.</doc>
<msg timestamp="20230601 16:57:33.707" level="INFO">${response} = &lt;Response [200]&gt;</msg>
<status status="PASS" starttime="20230601 16:57:33.706" endtime="20230601 16:57:33.707"/>
</kw>
<status status="PASS" starttime="20230601 16:57:33.605" endtime="20230601 16:57:33.707"/>
</kw>
<kw name="Then the response status code should be 200" library="test_keywords_users" sourcename="Then the response status code should be ${status_code}">
<kw name="Should Be Equal As Numbers" library="BuiltIn">
<arg>${response.status_code}</arg>
<arg>${status_code}</arg>
<doc>Fails if objects are unequal after converting them to real numbers.</doc>
<msg timestamp="20230601 16:57:33.708" level="INFO">Argument types are:
&lt;class 'int'&gt;
&lt;class 'str'&gt;</msg>
<status status="PASS" starttime="20230601 16:57:33.707" endtime="20230601 16:57:33.708"/>
</kw>
<kw name="Should Be True" library="BuiltIn">
<arg>${response.json()}</arg>
<doc>Fails if the given condition is not true.</doc>
<status status="PASS" starttime="20230601 16:57:33.708" endtime="20230601 16:57:33.709"/>
</kw>
<status status="PASS" starttime="20230601 16:57:33.707" endtime="20230601 16:57:33.709"/>
</kw>
<kw name="And the response body should not be empty" library="test_keywords_users">
<kw name="Should Not Be Empty" library="BuiltIn">
<arg>${response.json()}</arg>
<doc>Verifies that the given item is not empty.</doc>
<msg timestamp="20230601 16:57:33.710" level="INFO">Length is 1</msg>
<status status="PASS" starttime="20230601 16:57:33.710" endtime="20230601 16:57:33.710"/>
</kw>
<status status="PASS" starttime="20230601 16:57:33.709" endtime="20230601 16:57:33.710"/>
</kw>
<tag>api</tag>
<status status="PASS" starttime="20230601 16:57:33.602" endtime="20230601 16:57:33.710"/>
</test>
<status status="PASS" starttime="20230601 16:57:32.356" endtime="20230601 16:57:33.711"/>
</suite>
<status status="PASS" starttime="20230601 16:57:32.354" endtime="20230601 16:57:33.712"/>
</suite>
<suite id="s1-s2" name="E2E" source="/home/runner/work/gen-ai-robot-test/gen-ai-robot-test/tests/e2e">
<suite id="s1-s2-s1" name="Test Ui Signup" source="/home/runner/work/gen-ai-robot-test/gen-ai-robot-test/tests/e2e/test_ui_signup.robot">
<test id="s1-s2-s1-t1" name="Scenario: Signup with empty fields" line="10">
<kw name="Before Tests" library="test_keywords_common" type="SETUP">
<kw name="Open Browser" library="SeleniumLibrary">
<arg>${SERVER_BASE_URL}</arg>
<arg>${HEADLESS} ${BROWSER}</arg>
<doc>Opens a new browser instance to the optional ``url``.</doc>
<msg timestamp="20230601 16:57:33.724" level="INFO">Opening browser 'headless Chrome' to base url 'https://front.serverest.dev/'.</msg>
<status status="PASS" starttime="20230601 16:57:33.724" endtime="20230601 16:57:36.068"/>
</kw>
<kw name="Maximize Browser Window" library="SeleniumLibrary">
<doc>Maximizes current browser window.</doc>
<status status="PASS" starttime="20230601 16:57:36.069" endtime="20230601 16:57:36.174"/>
</kw>
<status status="PASS" starttime="20230601 16:57:33.723" endtime="20230601 16:57:36.175"/>
</kw>
<kw name="Given Im on the signup page" library="test_keywords_signup">
<kw name="Location Should Be" library="SeleniumLibrary">
<arg>https://front.serverest.dev/login</arg>
<doc>Verifies that the current URL is exactly ``url``.</doc>
<msg timestamp="20230601 16:57:36.184" level="INFO">Current location is 'https://front.serverest.dev/login'.</msg>
<status status="PASS" starttime="20230601 16:57:36.176" endtime="20230601 16:57:36.184"/>
</kw>
<kw name="Click Element" library="SeleniumLibrary">
<arg>css=a.btn.btn-link</arg>
<doc>Click the element identified by ``locator``.</doc>
<msg timestamp="20230601 16:57:36.185" level="INFO">Clicking element 'css=a.btn.btn-link'.</msg>
<status status="PASS" starttime="20230601 16:57:36.184" endtime="20230601 16:57:36.272"/>
</kw>
<status status="PASS" starttime="20230601 16:57:36.175" endtime="20230601 16:57:36.273"/>
</kw>
<kw name="When I click in signup" library="test_keywords_signup">
<kw name="Click Button" library="SeleniumLibrary">
<arg>css=.btn.btn-primary</arg>
<doc>Clicks the button identified by ``locator``.</doc>
<msg timestamp="20230601 16:57:36.274" level="INFO">Clicking button 'css=.btn.btn-primary'.</msg>
<status status="PASS" starttime="20230601 16:57:36.273" endtime="20230601 16:57:36.392"/>
</kw>
<status status="PASS" starttime="20230601 16:57:36.273" endtime="20230601 16:57:36.392"/>
</kw>
<kw name="Then required field messages should be displayed" library="test_keywords_signup">
<kw name="Wait Until Element Is Visible" library="SeleniumLibrary">
<arg>css=.alert-dismissible</arg>
<arg>timeout=10s</arg>
<doc>Waits until the element ``locator`` is visible.</doc>
<status status="PASS" starttime="20230601 16:57:36.393" endtime="20230601 16:57:36.637"/>
</kw>
<kw name="Element Should Be Visible" library="SeleniumLibrary">
<arg>css=.alert-dismissible</arg>
<doc>Verifies that the element identified by ``locator`` is visible.</doc>
<msg timestamp="20230601 16:57:36.661" level="INFO">Element 'css=.alert-dismissible' is displayed.</msg>
<status status="PASS" starttime="20230601 16:57:36.637" endtime="20230601 16:57:36.661"/>
</kw>
<kw name="Page Should Contain" library="SeleniumLibrary">
<arg>Nome é obrigatório</arg>
<doc>Verifies that current page contains ``text``.</doc>
<msg timestamp="20230601 16:57:36.681" level="INFO">Current page contains text 'Nome é obrigatório'.</msg>
<status status="PASS" starttime="20230601 16:57:36.661" endtime="20230601 16:57:36.682"/>
</kw>
<kw name="Page Should Contain" library="SeleniumLibrary">
<arg>Email é obrigatório</arg>
<doc>Verifies that current page contains ``text``.</doc>
<msg timestamp="20230601 16:57:36.699" level="INFO">Current page contains text 'Email é obrigatório'.</msg>
<status status="PASS" starttime="20230601 16:57:36.682" endtime="20230601 16:57:36.699"/>
</kw>
<kw name="Page Should Contain" library="SeleniumLibrary">
<arg>Password é obrigatório</arg>
<doc>Verifies that current page contains ``text``.</doc>
<msg timestamp="20230601 16:57:36.718" level="INFO">Current page contains text 'Password é obrigatório'.</msg>
<status status="PASS" starttime="20230601 16:57:36.700" endtime="20230601 16:57:36.719"/>
</kw>
<status status="PASS" starttime="20230601 16:57:36.393" endtime="20230601 16:57:36.719"/>
</kw>
<kw name="After Tests" library="test_keywords_common" type="TEARDOWN">
<kw name="Close Browser" library="SeleniumLibrary">
<doc>Closes the current browser.</doc>
<status status="PASS" starttime="20230601 16:57:36.720" endtime="20230601 16:57:36.776"/>
</kw>
<status status="PASS" starttime="20230601 16:57:36.719" endtime="20230601 16:57:36.776"/>
</kw>
<tag>e2e</tag>
<status status="PASS" starttime="20230601 16:57:33.723" endtime="20230601 16:57:36.776"/>
</test>
<test id="s1-s2-s1-t2" name="Scenario: Signup done successfully" line="16">
<kw name="Before Tests" library="test_keywords_common" type="SETUP">
<kw name="Open Browser" library="SeleniumLibrary">
<arg>${SERVER_BASE_URL}</arg>
<arg>${HEADLESS} ${BROWSER}</arg>
<doc>Opens a new browser instance to the optional ``url``.</doc>
<msg timestamp="20230601 16:57:36.779" level="INFO">Opening browser 'headless Chrome' to base url 'https://front.serverest.dev/'.</msg>
<status status="PASS" starttime="20230601 16:57:36.778" endtime="20230601 16:57:37.771"/>
</kw>
<kw name="Maximize Browser Window" library="SeleniumLibrary">
<doc>Maximizes current browser window.</doc>
<status status="PASS" starttime="20230601 16:57:37.772" endtime="20230601 16:57:37.876"/>
</kw>
<status status="PASS" starttime="20230601 16:57:36.777" endtime="20230601 16:57:37.876"/>
</kw>
<kw name="Given Im on the signup page" library="test_keywords_signup">
<kw name="Location Should Be" library="SeleniumLibrary">
<arg>https://front.serverest.dev/login</arg>
<doc>Verifies that the current URL is exactly ``url``.</doc>
<msg timestamp="20230601 16:57:37.884" level="INFO">Current location is 'https://front.serverest.dev/login'.</msg>
<status status="PASS" starttime="20230601 16:57:37.877" endtime="20230601 16:57:37.884"/>
</kw>
<kw name="Click Element" library="SeleniumLibrary">
<arg>css=a.btn.btn-link</arg>
<doc>Click the element identified by ``locator``.</doc>
<msg timestamp="20230601 16:57:37.885" level="INFO">Clicking element 'css=a.btn.btn-link'.</msg>
<status status="PASS" starttime="20230601 16:57:37.884" endtime="20230601 16:57:37.977"/>
</kw>
<status status="PASS" starttime="20230601 16:57:37.877" endtime="20230601 16:57:37.977"/>
</kw>
<kw name="And I fill in the signup fields with valid data" library="test_keywords_signup">
<kw name="Name" library="FakerLibrary">
<var>${name}</var>
<doc>:example 'John Doe'</doc>
<msg timestamp="20230601 16:57:37.978" level="INFO">${name} = Sarah Sharp</msg>
<status status="PASS" starttime="20230601 16:57:37.978" endtime="20230601 16:57:37.978"/>
</kw>
<kw name="Email" library="FakerLibrary">
<var>${email}</var>
<msg timestamp="20230601 16:57:37.979" level="INFO">${email} = burtonjulie@example.net</msg>
<status status="PASS" starttime="20230601 16:57:37.979" endtime="20230601 16:57:37.979"/>
</kw>
<kw name="Password" library="FakerLibrary">
<var>${password}</var>
<arg>length=12</arg>
<arg>special_chars=False</arg>
<doc>Generate a random password of the specified ``length``.</doc>
<msg timestamp="20230601 16:57:37.980" level="INFO">${password} = tSfzm20nQ8bp</msg>
<status status="PASS" starttime="20230601 16:57:37.979" endtime="20230601 16:57:37.980"/>
</kw>
<kw name="Input Text" library="SeleniumLibrary">
<arg>id:nome</arg>
<arg>${name}</arg>
<doc>Types the given ``text`` into the text field identified by ``locator``.</doc>
<msg timestamp="20230601 16:57:37.981" level="INFO">Typing text 'Sarah Sharp' into text field 'id:nome'.</msg>
<status status="PASS" starttime="20230601 16:57:37.980" endtime="20230601 16:57:38.154"/>
</kw>
<kw name="Input Text" library="SeleniumLibrary">
<arg>id:email</arg>
<arg>${email}</arg>
<doc>Types the given ``text`` into the text field identified by ``locator``.</doc>
<msg timestamp="20230601 16:57:38.155" level="INFO">Typing text 'burtonjulie@example.net' into text field 'id:email'.</msg>
<status status="PASS" starttime="20230601 16:57:38.154" endtime="20230601 16:57:38.291"/>
</kw>
<kw name="Input Text" library="SeleniumLibrary">
<arg>id:password</arg>
<arg>${password}</arg>
<doc>Types the given ``text`` into the text field identified by ``locator``.</doc>
<msg timestamp="20230601 16:57:38.292" level="INFO">Typing text 'tSfzm20nQ8bp' into text field 'id:password'.</msg>
<status status="PASS" starttime="20230601 16:57:38.292" endtime="20230601 16:57:38.413"/>
</kw>
<kw name="Select Checkbox" library="SeleniumLibrary">
<arg>id=administrador</arg>
<doc>Selects the checkbox identified by ``locator``.</doc>
<msg timestamp="20230601 16:57:38.414" level="INFO">Selecting checkbox 'id=administrador'.</msg>
<status status="PASS" starttime="20230601 16:57:38.413" endtime="20230601 16:57:38.519"/>
</kw>
<kw name="Set Suite Variable" library="BuiltIn">
<arg>${name}</arg>
<doc>Makes a variable available everywhere within the scope of the current suite.</doc>
<msg timestamp="20230601 16:57:38.520" level="INFO">${name} = Sarah Sharp</msg>
<status status="PASS" starttime="20230601 16:57:38.519" endtime="20230601 16:57:38.520"/>
</kw>
<kw name="Set Suite Variable" library="BuiltIn">
<arg>${email}</arg>
<doc>Makes a variable available everywhere within the scope of the current suite.</doc>
<msg timestamp="20230601 16:57:38.521" level="INFO">${email} = burtonjulie@example.net</msg>
<status status="PASS" starttime="20230601 16:57:38.520" endtime="20230601 16:57:38.521"/>
</kw>
<kw name="Set Suite Variable" library="BuiltIn">
<arg>${password}</arg>
<doc>Makes a variable available everywhere within the scope of the current suite.</doc>
<msg timestamp="20230601 16:57:38.521" level="INFO">${password} = tSfzm20nQ8bp</msg>
<status status="PASS" starttime="20230601 16:57:38.521" endtime="20230601 16:57:38.521"/>
</kw>
<status status="PASS" starttime="20230601 16:57:37.977" endtime="20230601 16:57:38.522"/>
</kw>
<kw name="When I click in signup" library="test_keywords_signup">
<kw name="Click Button" library="SeleniumLibrary">
<arg>css=.btn.btn-primary</arg>
<doc>Clicks the button identified by ``locator``.</doc>
<msg timestamp="20230601 16:57:38.523" level="INFO">Clicking button 'css=.btn.btn-primary'.</msg>
<status status="PASS" starttime="20230601 16:57:38.522" endtime="20230601 16:57:38.615"/>
</kw>
<status status="PASS" starttime="20230601 16:57:38.522" endtime="20230601 16:57:38.615"/>
</kw>
<kw name="Then the page should contain the text &quot;Cadastro realizado com sucesso&quot;" library="test_keywords_signup" sourcename="Then the page should contain the text &quot;${expected_text}&quot;">
<kw name="Wait Until Element Is Visible" library="SeleniumLibrary">
<arg>css=.alert-dismissible</arg>
<arg>timeout=10s</arg>
<doc>Waits until the element ``locator`` is visible.</doc>
<status status="PASS" starttime="20230601 16:57:38.616" endtime="20230601 16:57:38.865"/>
</kw>
<kw name="Element Should Be Visible" library="SeleniumLibrary">
<arg>css=.alert-dismissible</arg>
<doc>Verifies that the element identified by ``locator`` is visible.</doc>
<msg timestamp="20230601 16:57:38.891" level="INFO">Element 'css=.alert-dismissible' is displayed.</msg>
<status status="PASS" starttime="20230601 16:57:38.865" endtime="20230601 16:57:38.891"/>
</kw>
<kw name="Page Should Contain" library="SeleniumLibrary">
<arg>${expected_text}</arg>
<doc>Verifies that current page contains ``text``.</doc>
<msg timestamp="20230601 16:57:38.908" level="INFO">Current page contains text 'Cadastro realizado com sucesso'.</msg>
<status status="PASS" starttime="20230601 16:57:38.891" endtime="20230601 16:57:38.909"/>
</kw>
<status status="PASS" starttime="20230601 16:57:38.615" endtime="20230601 16:57:38.909"/>
</kw>
<kw name="After Tests" library="test_keywords_common" type="TEARDOWN">
<kw name="Close Browser" library="SeleniumLibrary">
<doc>Closes the current browser.</doc>
<status status="PASS" starttime="20230601 16:57:38.909" endtime="20230601 16:57:38.967"/>
</kw>
<status status="PASS" starttime="20230601 16:57:38.909" endtime="20230601 16:57:38.967"/>
</kw>
<tag>e2e</tag>
<status status="PASS" starttime="20230601 16:57:36.776" endtime="20230601 16:57:38.967"/>
</test>
<test id="s1-s2-s1-t3" name="Scenario: Signup with already used email" line="23">
<kw name="Before Tests" library="test_keywords_common" type="SETUP">
<kw name="Open Browser" library="SeleniumLibrary">
<arg>${SERVER_BASE_URL}</arg>
<arg>${HEADLESS} ${BROWSER}</arg>
<doc>Opens a new browser instance to the optional ``url``.</doc>
<msg timestamp="20230601 16:57:38.969" level="INFO">Opening browser 'headless Chrome' to base url 'https://front.serverest.dev/'.</msg>
<status status="PASS" starttime="20230601 16:57:38.969" endtime="20230601 16:57:39.975"/>
</kw>
<kw name="Maximize Browser Window" library="SeleniumLibrary">
<doc>Maximizes current browser window.</doc>
<status status="PASS" starttime="20230601 16:57:39.975" endtime="20230601 16:57:40.080"/>
</kw>
<status status="PASS" starttime="20230601 16:57:38.968" endtime="20230601 16:57:40.080"/>
</kw>
<kw name="Given Im on the signup page" library="test_keywords_signup">
<kw name="Location Should Be" library="SeleniumLibrary">
<arg>https://front.serverest.dev/login</arg>
<doc>Verifies that the current URL is exactly ``url``.</doc>
<msg timestamp="20230601 16:57:40.089" level="INFO">Current location is 'https://front.serverest.dev/login'.</msg>
<status status="PASS" starttime="20230601 16:57:40.081" endtime="20230601 16:57:40.089"/>
</kw>
<kw name="Click Element" library="SeleniumLibrary">
<arg>css=a.btn.btn-link</arg>
<doc>Click the element identified by ``locator``.</doc>
<msg timestamp="20230601 16:57:40.090" level="INFO">Clicking element 'css=a.btn.btn-link'.</msg>
<status status="PASS" starttime="20230601 16:57:40.089" endtime="20230601 16:57:40.197"/>
</kw>
<status status="PASS" starttime="20230601 16:57:40.081" endtime="20230601 16:57:40.197"/>
</kw>
<kw name="And I fill in the signup fields with an email already registered" library="test_keywords_signup">
<kw name="Input Text" library="SeleniumLibrary">
<arg>id:nome</arg>
<arg>${name}</arg>
<doc>Types the given ``text`` into the text field identified by ``locator``.</doc>
<msg timestamp="20230601 16:57:40.198" level="INFO">Typing text 'Sarah Sharp' into text field 'id:nome'.</msg>
<status status="PASS" starttime="20230601 16:57:40.198" endtime="20230601 16:57:40.329"/>
</kw>
<kw name="Input Text" library="SeleniumLibrary">
<arg>id:email</arg>
<arg>${email}</arg>
<doc>Types the given ``text`` into the text field identified by ``locator``.</doc>
<msg timestamp="20230601 16:57:40.330" level="INFO">Typing text 'burtonjulie@example.net' into text field 'id:email'.</msg>
<status status="PASS" starttime="20230601 16:57:40.329" endtime="20230601 16:57:40.464"/>
</kw>
<kw name="Input Text" library="SeleniumLibrary">
<arg>id:password</arg>
<arg>${password}</arg>
<doc>Types the given ``text`` into the text field identified by ``locator``.</doc>
<msg timestamp="20230601 16:57:40.465" level="INFO">Typing text 'tSfzm20nQ8bp' into text field 'id:password'.</msg>
<status status="PASS" starttime="20230601 16:57:40.464" endtime="20230601 16:57:40.570"/>
</kw>
<kw name="Select Checkbox" library="SeleniumLibrary">
<arg>id=administrador</arg>
<doc>Selects the checkbox identified by ``locator``.</doc>
<msg timestamp="20230601 16:57:40.571" level="INFO">Selecting checkbox 'id=administrador'.</msg>
<status status="PASS" starttime="20230601 16:57:40.570" endtime="20230601 16:57:40.668"/>
</kw>
<status status="PASS" starttime="20230601 16:57:40.197" endtime="20230601 16:57:40.668"/>
</kw>
<kw name="When I click in signup" library="test_keywords_signup">
<kw name="Click Button" library="SeleniumLibrary">
<arg>css=.btn.btn-primary</arg>
<doc>Clicks the button identified by ``locator``.</doc>
<msg timestamp="20230601 16:57:40.669" level="INFO">Clicking button 'css=.btn.btn-primary'.</msg>
<status status="PASS" starttime="20230601 16:57:40.669" endtime="20230601 16:57:40.749"/>
</kw>
<status status="PASS" starttime="20230601 16:57:40.668" endtime="20230601 16:57:40.750"/>
</kw>
<kw name="Then the page should contain the text &quot;Este email já está sendo usado&quot;" library="test_keywords_signup" sourcename="Then the page should contain the text &quot;${expected_text}&quot;">
<kw name="Wait Until Element Is Visible" library="SeleniumLibrary">
<arg>css=.alert-dismissible</arg>
<arg>timeout=10s</arg>
<doc>Waits until the element ``locator`` is visible.</doc>
<status status="PASS" starttime="20230601 16:57:40.750" endtime="20230601 16:57:40.998"/>
</kw>
<kw name="Element Should Be Visible" library="SeleniumLibrary">
<arg>css=.alert-dismissible</arg>
<doc>Verifies that the element identified by ``locator`` is visible.</doc>
<msg timestamp="20230601 16:57:41.021" level="INFO">Element 'css=.alert-dismissible' is displayed.</msg>
<status status="PASS" starttime="20230601 16:57:40.999" endtime="20230601 16:57:41.021"/>
</kw>
<kw name="Page Should Contain" library="SeleniumLibrary">
<arg>${expected_text}</arg>
<doc>Verifies that current page contains ``text``.</doc>
<msg timestamp="20230601 16:57:41.039" level="INFO">Current page contains text 'Este email já está sendo usado'.</msg>
<status status="PASS" starttime="20230601 16:57:41.021" endtime="20230601 16:57:41.039"/>
</kw>
<status status="PASS" starttime="20230601 16:57:40.750" endtime="20230601 16:57:41.039"/>
</kw>
<kw name="After Tests" library="test_keywords_common" type="TEARDOWN">
<kw name="Close Browser" library="SeleniumLibrary">
<doc>Closes the current browser.</doc>
<status status="PASS" starttime="20230601 16:57:41.040" endtime="20230601 16:57:41.094"/>
</kw>
<status status="PASS" starttime="20230601 16:57:41.039" endtime="20230601 16:57:41.095"/>
</kw>
<tag>e2e</tag>
<status status="PASS" starttime="20230601 16:57:38.967" endtime="20230601 16:57:41.095"/>
</test>
<status status="PASS" starttime="20230601 16:57:33.715" endtime="20230601 16:57:41.096"/>
</suite>
<status status="PASS" starttime="20230601 16:57:33.713" endtime="20230601 16:57:41.098"/>
</suite>
<status status="PASS" starttime="20230601 16:57:32.333" endtime="20230601 16:57:41.099"/>
</suite>
<statistics>
<total>
<stat pass="8" fail="0" skip="0">All Tests</stat>
</total>
<tag>
<stat pass="5" fail="0" skip="0">api</stat>
<stat pass="3" fail="0" skip="0">e2e</stat>
</tag>
<suite>
<stat pass="8" fail="0" skip="0" id="s1" name="Tests">Tests</stat>
<stat pass="5" fail="0" skip="0" id="s1-s1" name="Api">Tests.Api</stat>
<stat pass="5" fail="0" skip="0" id="s1-s1-s1" name="Test Api Users">Tests.Api.Test Api Users</stat>
<stat pass="3" fail="0" skip="0" id="s1-s2" name="E2E">Tests.E2E</stat>
<stat pass="3" fail="0" skip="0" id="s1-s2-s1" name="Test Ui Signup">Tests.E2E.Test Ui Signup</stat>
</suite>
</statistics>
<errors>
</errors>
</robot>
