<?xml version="1.0" encoding="UTF-8"?>
<robot generator="Robot 6.0.2 (Python 3.8.16 on linux)" generated="20230504 12:48:15.293" rpa="false" schemaversion="3">
<suite id="s1" name="Tests" source="/home/runner/work/gen-ai-robot-test/gen-ai-robot-test/tests">
<suite id="s1-s1" name="Api" source="/home/runner/work/gen-ai-robot-test/gen-ai-robot-test/tests/api">
<suite id="s1-s1-s1" name="Users" source="/home/runner/work/gen-ai-robot-test/gen-ai-robot-test/tests/api/users">
<suite id="s1-s1-s1-s1" name="Test Api Users" source="/home/runner/work/gen-ai-robot-test/gen-ai-robot-test/tests/api/users/test_api_users.robot">
<test id="s1-s1-s1-s1-t1" name="Scenario: Get all registered users" line="9">
<kw name="Before Tests" library="test_keywords_common" type="SETUP">
<kw name="Create Session" library="RequestsLibrary">
<arg>serverest</arg>
<arg>${SERVER_BASE_URL}</arg>
<arg>disable_warnings=True</arg>
<doc>Create Session: create a HTTP session to a server</doc>
<msg timestamp="20230504 12:48:16.225" level="INFO">Creating Session using : alias=serverest, url=https://serverest.dev, headers={},                     cookies={}, auth=None, timeout=None, proxies=None, verify=False,                     debug=0 </msg>
<status status="PASS" starttime="20230504 12:48:16.225" endtime="20230504 12:48:16.226"/>
</kw>
<status status="PASS" starttime="20230504 12:48:16.225" endtime="20230504 12:48:16.226"/>
</kw>
<kw name="When I request the list of all registered users" library="test_keywords_users">
<kw name="GET On Session" library="RequestsLibrary">
<var>${response}</var>
<arg>serverest</arg>
<arg>${USERS_API_ENDPOINT}</arg>
<doc>Sends a GET request on a previously created HTTP Session.</doc>
<msg timestamp="20230504 12:48:16.371" level="INFO">GET Request : url=https://serverest.dev/usuarios 
 path_url=/usuarios 
 headers={'User-Agent': 'python-requests/2.29.0', 'Accept-Encoding': 'gzip, deflate', 'Accept': '*/*', 'Connection': 'keep-alive'} 
 body=None 
 </msg>
<msg timestamp="20230504 12:48:16.371" level="INFO">GET Response : url=https://serverest.dev/usuarios 
 status=200, reason=OK 
 headers={'access-control-allow-origin': '*', 'x-dns-prefetch-control': 'off', 'x-frame-options': 'SAMEORIGIN', 'strict-transport-security': 'max-age=15552000; includeSubDomains', 'x-download-options': 'noopen', 'x-content-type-options': 'nosniff', 'x-xss-protection': '1; mode=block', 'x-moesif-transaction-id': '39cd7c49-0a61-4b25-a8b7-15bea7aeec0d', 'content-type': 'application/json; charset=utf-8', 'X-Cloud-Trace-Context': 'bf09429604b801165fb93ca4acf55f70;o=1', 'Date': 'Thu, 04 May 2023 12:48:16 GMT', 'Server': 'Google Frontend', 'Content-Length': '1758'} 
 body={
    "quantidade": 8,
    "usuarios": [
        {
            "nome": "Fulano da Silva",
            "email": "fulano@qa.com",
            "password": "teste",
            "administrador": "true",
            "_id": "0uxuPY0cbmQhpEz1"
        },
        {
            "nome": "Tonya Reynolds",
            "email": "tonyareynolds@test.com",
            "password": "Test;123",
            "administrador": "true",
            "_id": "5SittpLrCSg4Qz04"
        },
        {
            "nome": "Mara_Zulauf",
            "email": "Jaleel_Pouros6@hotmail.com",
            "password": "123456789",
            "administrador": "true",
            "_id": "A0ndjVwfZU7ubtag"
        },
        {
            "nome": "{{generatedName}}",
            "email": "Evans_Rice@example.com",
            "password": "teste",
            "administrador": "true",
            "_id": "H6sRySl6AKUDX0oS"
        },
        {
            "nome": "Ole D'Amore",
            "email": "Madison.Anderson@yahoo.com",
            "password": "AqRa8Bh_oPlfV9U",
            "administrador": "true",
            "_id": "KeeeOCdX6JuCEShs"
        },
        {
            "nome": "Janice Stamm",
            "email": "janicestamm@test.com",
            "password": "Test;123",
            "administrador": "true",
            "_id": "UQUNshSmF26ITaZc"
        },
        {
            "nome": "Stacy Hayes",
            "email": "stacyhayes@test.com",
            "password": "Test;123",
            "administrador": "true",
            "_id": "p3FMQUOHNLyRLXsZ"
        },
        {
            "nome": "Samska",
            "email": "samska@gmail.com",
            "password": "Qw98ed74",
            "administrador": "true",
            "_id": "wBellyhBpbg2NuTq"
        }
    ]
} 
 </msg>
<msg timestamp="20230504 12:48:16.371" level="INFO">${response} = &lt;Response [200]&gt;</msg>
<status status="PASS" starttime="20230504 12:48:16.226" endtime="20230504 12:48:16.371"/>
</kw>
<kw name="Set Test Variable" library="BuiltIn">
<arg>${response}</arg>
<doc>Makes a variable available everywhere within the scope of the current test.</doc>
<msg timestamp="20230504 12:48:16.372" level="INFO">${response} = &lt;Response [200]&gt;</msg>
<status status="PASS" starttime="20230504 12:48:16.371" endtime="20230504 12:48:16.372"/>
</kw>
<status status="PASS" starttime="20230504 12:48:16.226" endtime="20230504 12:48:16.372"/>
</kw>
<kw name="Then the response status code should be 200" library="test_keywords_users" sourcename="Then the response status code should be ${status_code}">
<kw name="Should Be Equal As Numbers" library="BuiltIn">
<arg>${response.status_code}</arg>
<arg>${status_code}</arg>
<doc>Fails if objects are unequal after converting them to real numbers.</doc>
<msg timestamp="20230504 12:48:16.373" level="INFO">Argument types are:
&lt;class 'int'&gt;
&lt;class 'str'&gt;</msg>
<status status="PASS" starttime="20230504 12:48:16.372" endtime="20230504 12:48:16.373"/>
</kw>
<kw name="Should Be True" library="BuiltIn">
<arg>${response.json()}</arg>
<doc>Fails if the given condition is not true.</doc>
<status status="PASS" starttime="20230504 12:48:16.373" endtime="20230504 12:48:16.374"/>
</kw>
<status status="PASS" starttime="20230504 12:48:16.372" endtime="20230504 12:48:16.374"/>
</kw>
<kw name="And the response body should not be empty" library="test_keywords_users">
<kw name="Should Not Be Empty" library="BuiltIn">
<arg>${response.json()}</arg>
<doc>Verifies that the given item is not empty.</doc>
<msg timestamp="20230504 12:48:16.375" level="INFO">Length is 2</msg>
<status status="PASS" starttime="20230504 12:48:16.374" endtime="20230504 12:48:16.375"/>
</kw>
<status status="PASS" starttime="20230504 12:48:16.374" endtime="20230504 12:48:16.375"/>
</kw>
<tag>api</tag>
<status status="PASS" starttime="20230504 12:48:16.224" endtime="20230504 12:48:16.375"/>
</test>
<test id="s1-s1-s1-s1-t2" name="Scenario: Create a new user" line="15">
<kw name="Before Tests" library="test_keywords_common" type="SETUP">
<kw name="Create Session" library="RequestsLibrary">
<arg>serverest</arg>
<arg>${SERVER_BASE_URL}</arg>
<arg>disable_warnings=True</arg>
<doc>Create Session: create a HTTP session to a server</doc>
<msg timestamp="20230504 12:48:16.376" level="INFO">Creating Session using : alias=serverest, url=https://serverest.dev, headers={},                     cookies={}, auth=None, timeout=None, proxies=None, verify=False,                     debug=0 </msg>
<status status="PASS" starttime="20230504 12:48:16.376" endtime="20230504 12:48:16.376"/>
</kw>
<status status="PASS" starttime="20230504 12:48:16.376" endtime="20230504 12:48:16.377"/>
</kw>
<kw name="Given I have a valid user data" library="test_keywords_users">
<kw name="Name" library="FakerLibrary">
<var>${name}</var>
<doc>:example 'John Doe'</doc>
<msg timestamp="20230504 12:48:16.377" level="INFO">${name} = Melissa Aguirre</msg>
<status status="PASS" starttime="20230504 12:48:16.377" endtime="20230504 12:48:16.377"/>
</kw>
<kw name="Email" library="FakerLibrary">
<var>${email}</var>
<msg timestamp="20230504 12:48:16.378" level="INFO">${email} = wardmelissa@example.net</msg>
<status status="PASS" starttime="20230504 12:48:16.378" endtime="20230504 12:48:16.378"/>
</kw>
<kw name="Password" library="FakerLibrary">
<var>${password}</var>
<doc>Generate a random password of the specified ``length``.</doc>
<msg timestamp="20230504 12:48:16.378" level="INFO">${password} = _0GXBDFi%P</msg>
<status status="PASS" starttime="20230504 12:48:16.378" endtime="20230504 12:48:16.378"/>
</kw>
<kw name="Set Suite Variable" library="BuiltIn">
<arg>${name}</arg>
<doc>Makes a variable available everywhere within the scope of the current suite.</doc>
<msg timestamp="20230504 12:48:16.379" level="INFO">${name} = Melissa Aguirre</msg>
<status status="PASS" starttime="20230504 12:48:16.378" endtime="20230504 12:48:16.379"/>
</kw>
<kw name="Set Suite Variable" library="BuiltIn">
<arg>${email}</arg>
<doc>Makes a variable available everywhere within the scope of the current suite.</doc>
<msg timestamp="20230504 12:48:16.379" level="INFO">${email} = wardmelissa@example.net</msg>
<status status="PASS" starttime="20230504 12:48:16.379" endtime="20230504 12:48:16.379"/>
</kw>
<kw name="Set Suite Variable" library="BuiltIn">
<arg>${password}</arg>
<doc>Makes a variable available everywhere within the scope of the current suite.</doc>
<msg timestamp="20230504 12:48:16.379" level="INFO">${password} = _0GXBDFi%P</msg>
<status status="PASS" starttime="20230504 12:48:16.379" endtime="20230504 12:48:16.379"/>
</kw>
<status status="PASS" starttime="20230504 12:48:16.377" endtime="20230504 12:48:16.379"/>
</kw>
<kw name="When I create the user" library="test_keywords_users">
<kw name="Create Dictionary" library="BuiltIn">
<var>${payload}</var>
<arg>nome=${name}</arg>
<arg>email=${email}</arg>
<arg>password=${password}</arg>
<arg>administrador=false</arg>
<doc>Creates and returns a dictionary based on the given ``items``.</doc>
<msg timestamp="20230504 12:48:16.380" level="INFO">${payload} = {'nome': 'Melissa Aguirre', 'email': 'wardmelissa@example.net', 'password': '_0GXBDFi%P', 'administrador': 'false'}</msg>
<status status="PASS" starttime="20230504 12:48:16.380" endtime="20230504 12:48:16.380"/>
</kw>
<kw name="Create Dictionary" library="BuiltIn">
<var>${headers}</var>
<arg>Content-Type=application/json</arg>
<doc>Creates and returns a dictionary based on the given ``items``.</doc>
<msg timestamp="20230504 12:48:16.381" level="INFO">${headers} = {'Content-Type': 'application/json'}</msg>
<status status="PASS" starttime="20230504 12:48:16.380" endtime="20230504 12:48:16.381"/>
</kw>
<kw name="POST On Session" library="RequestsLibrary">
<var>${response}</var>
<arg>serverest</arg>
<arg>${USERS_API_ENDPOINT}</arg>
<arg>json=${payload}</arg>
<arg>headers=${headers}</arg>
<doc>Sends a POST request on a previously created HTTP Session.</doc>
<msg timestamp="20230504 12:48:16.457" level="INFO">POST Request : url=https://serverest.dev/usuarios 
 path_url=/usuarios 
 headers={'User-Agent': 'python-requests/2.29.0', 'Accept-Encoding': 'gzip, deflate', 'Accept': '*/*', 'Connection': 'keep-alive', 'Content-Type': 'application/json', 'Content-Length': '115'} 
 body=b'{"nome": "Melissa Aguirre", "email": "wardmelissa@example.net", "password": "_0GXBDFi%P", "administrador": "false"}' 
 </msg>
<msg timestamp="20230504 12:48:16.457" level="INFO">POST Response : url=https://serverest.dev/usuarios 
 status=201, reason=Created 
 headers={'access-control-allow-origin': '*', 'x-dns-prefetch-control': 'off', 'x-frame-options': 'SAMEORIGIN', 'strict-transport-security': 'max-age=15552000; includeSubDomains', 'x-download-options': 'noopen', 'x-content-type-options': 'nosniff', 'x-xss-protection': '1; mode=block', 'x-moesif-transaction-id': '3a5487d4-e08d-40f4-9463-6769e36aa795', 'content-type': 'application/json; charset=utf-8', 'X-Cloud-Trace-Context': '6d9a2f6388f775de09feca0d9f88c48c', 'Date': 'Thu, 04 May 2023 12:48:16 GMT', 'Server': 'Google Frontend', 'Content-Length': '82'} 
 body={
    "message": "Cadastro realizado com sucesso",
    "_id": "wiUY5MaYOlTtebo1"
} 
 </msg>
<msg timestamp="20230504 12:48:16.457" level="INFO">${response} = &lt;Response [201]&gt;</msg>
<status status="PASS" starttime="20230504 12:48:16.381" endtime="20230504 12:48:16.457"/>
</kw>
<kw name="Set Variable" library="BuiltIn">
<var>${user_id}</var>
<arg>${response.json()['_id']}</arg>
<doc>Returns the given values which can then be assigned to a variables.</doc>
<msg timestamp="20230504 12:48:16.458" level="INFO">${user_id} = wiUY5MaYOlTtebo1</msg>
<status status="PASS" starttime="20230504 12:48:16.457" endtime="20230504 12:48:16.458"/>
</kw>
<kw name="Set Global Variable" library="BuiltIn">
<arg>${USER_ID}</arg>
<arg>${user_id}</arg>
<doc>Makes a variable available globally in all tests and suites.</doc>
<msg timestamp="20230504 12:48:16.458" level="INFO">${USER_ID} = wiUY5MaYOlTtebo1</msg>
<status status="PASS" starttime="20230504 12:48:16.458" endtime="20230504 12:48:16.458"/>
</kw>
<kw name="Set Test Variable" library="BuiltIn">
<arg>${response}</arg>
<doc>Makes a variable available everywhere within the scope of the current test.</doc>
<msg timestamp="20230504 12:48:16.459" level="INFO">${response} = &lt;Response [201]&gt;</msg>
<status status="PASS" starttime="20230504 12:48:16.459" endtime="20230504 12:48:16.459"/>
</kw>
<status status="PASS" starttime="20230504 12:48:16.380" endtime="20230504 12:48:16.459"/>
</kw>
<kw name="Then the response status code should be 201" library="test_keywords_users" sourcename="Then the response status code should be ${status_code}">
<kw name="Should Be Equal As Numbers" library="BuiltIn">
<arg>${response.status_code}</arg>
<arg>${status_code}</arg>
<doc>Fails if objects are unequal after converting them to real numbers.</doc>
<msg timestamp="20230504 12:48:16.460" level="INFO">Argument types are:
&lt;class 'int'&gt;
&lt;class 'str'&gt;</msg>
<status status="PASS" starttime="20230504 12:48:16.459" endtime="20230504 12:48:16.460"/>
</kw>
<kw name="Should Be True" library="BuiltIn">
<arg>${response.json()}</arg>
<doc>Fails if the given condition is not true.</doc>
<status status="PASS" starttime="20230504 12:48:16.460" endtime="20230504 12:48:16.461"/>
</kw>
<status status="PASS" starttime="20230504 12:48:16.459" endtime="20230504 12:48:16.461"/>
</kw>
<kw name="And the response body should not be empty" library="test_keywords_users">
<kw name="Should Not Be Empty" library="BuiltIn">
<arg>${response.json()}</arg>
<doc>Verifies that the given item is not empty.</doc>
<msg timestamp="20230504 12:48:16.462" level="INFO">Length is 2</msg>
<status status="PASS" starttime="20230504 12:48:16.461" endtime="20230504 12:48:16.462"/>
</kw>
<status status="PASS" starttime="20230504 12:48:16.461" endtime="20230504 12:48:16.462"/>
</kw>
<tag>api</tag>
<status status="PASS" starttime="20230504 12:48:16.375" endtime="20230504 12:48:16.462"/>
</test>
<test id="s1-s1-s1-s1-t3" name="Scenario: Get a specific user informations" line="22">
<kw name="Before Tests" library="test_keywords_common" type="SETUP">
<kw name="Create Session" library="RequestsLibrary">
<arg>serverest</arg>
<arg>${SERVER_BASE_URL}</arg>
<arg>disable_warnings=True</arg>
<doc>Create Session: create a HTTP session to a server</doc>
<msg timestamp="20230504 12:48:16.463" level="INFO">Creating Session using : alias=serverest, url=https://serverest.dev, headers={},                     cookies={}, auth=None, timeout=None, proxies=None, verify=False,                     debug=0 </msg>
<status status="PASS" starttime="20230504 12:48:16.463" endtime="20230504 12:48:16.463"/>
</kw>
<status status="PASS" starttime="20230504 12:48:16.463" endtime="20230504 12:48:16.463"/>
</kw>
<kw name="When I request the created user" library="test_keywords_users">
<kw name="GET On Session" library="RequestsLibrary">
<var>${response}</var>
<arg>serverest</arg>
<arg>${USERS_API_ENDPOINT}/${USER_ID}</arg>
<doc>Sends a GET request on a previously created HTTP Session.</doc>
<msg timestamp="20230504 12:48:16.543" level="INFO">GET Request : url=https://serverest.dev/usuarios/wiUY5MaYOlTtebo1 
 path_url=/usuarios/wiUY5MaYOlTtebo1 
 headers={'User-Agent': 'python-requests/2.29.0', 'Accept-Encoding': 'gzip, deflate', 'Accept': '*/*', 'Connection': 'keep-alive'} 
 body=None 
 </msg>
<msg timestamp="20230504 12:48:16.543" level="INFO">GET Response : url=https://serverest.dev/usuarios/wiUY5MaYOlTtebo1 
 status=200, reason=OK 
 headers={'access-control-allow-origin': '*', 'x-dns-prefetch-control': 'off', 'x-frame-options': 'SAMEORIGIN', 'strict-transport-security': 'max-age=15552000; includeSubDomains', 'x-download-options': 'noopen', 'x-content-type-options': 'nosniff', 'x-xss-protection': '1; mode=block', 'x-moesif-transaction-id': '2c287723-289f-42a6-b0d8-cb92da4d7149', 'content-type': 'application/json; charset=utf-8', 'X-Cloud-Trace-Context': '2d4cc2068ad4543d53b0b6ab8769a035', 'Date': 'Thu, 04 May 2023 12:48:16 GMT', 'Server': 'Google Frontend', 'Content-Length': '164'} 
 body={
    "nome": "Melissa Aguirre",
    "email": "wardmelissa@example.net",
    "password": "_0GXBDFi%P",
    "administrador": "false",
    "_id": "wiUY5MaYOlTtebo1"
} 
 </msg>
<msg timestamp="20230504 12:48:16.543" level="INFO">${response} = &lt;Response [200]&gt;</msg>
<status status="PASS" starttime="20230504 12:48:16.464" endtime="20230504 12:48:16.544"/>
</kw>
<kw name="Set Test Variable" library="BuiltIn">
<arg>${response}</arg>
<doc>Makes a variable available everywhere within the scope of the current test.</doc>
<msg timestamp="20230504 12:48:16.544" level="INFO">${response} = &lt;Response [200]&gt;</msg>
<status status="PASS" starttime="20230504 12:48:16.544" endtime="20230504 12:48:16.544"/>
</kw>
<status status="PASS" starttime="20230504 12:48:16.464" endtime="20230504 12:48:16.544"/>
</kw>
<kw name="Then the response status code should be 200" library="test_keywords_users" sourcename="Then the response status code should be ${status_code}">
<kw name="Should Be Equal As Numbers" library="BuiltIn">
<arg>${response.status_code}</arg>
<arg>${status_code}</arg>
<doc>Fails if objects are unequal after converting them to real numbers.</doc>
<msg timestamp="20230504 12:48:16.545" level="INFO">Argument types are:
&lt;class 'int'&gt;
&lt;class 'str'&gt;</msg>
<status status="PASS" starttime="20230504 12:48:16.545" endtime="20230504 12:48:16.545"/>
</kw>
<kw name="Should Be True" library="BuiltIn">
<arg>${response.json()}</arg>
<doc>Fails if the given condition is not true.</doc>
<status status="PASS" starttime="20230504 12:48:16.545" endtime="20230504 12:48:16.546"/>
</kw>
<status status="PASS" starttime="20230504 12:48:16.544" endtime="20230504 12:48:16.546"/>
</kw>
<kw name="And the response body should not be empty" library="test_keywords_users">
<kw name="Should Not Be Empty" library="BuiltIn">
<arg>${response.json()}</arg>
<doc>Verifies that the given item is not empty.</doc>
<msg timestamp="20230504 12:48:16.547" level="INFO">Length is 5</msg>
<status status="PASS" starttime="20230504 12:48:16.546" endtime="20230504 12:48:16.547"/>
</kw>
<status status="PASS" starttime="20230504 12:48:16.546" endtime="20230504 12:48:16.547"/>
</kw>
<tag>api</tag>
<status status="PASS" starttime="20230504 12:48:16.462" endtime="20230504 12:48:16.547"/>
</test>
<test id="s1-s1-s1-s1-t4" name="Scenario: Update the created user" line="28">
<kw name="Before Tests" library="test_keywords_common" type="SETUP">
<kw name="Create Session" library="RequestsLibrary">
<arg>serverest</arg>
<arg>${SERVER_BASE_URL}</arg>
<arg>disable_warnings=True</arg>
<doc>Create Session: create a HTTP session to a server</doc>
<msg timestamp="20230504 12:48:16.548" level="INFO">Creating Session using : alias=serverest, url=https://serverest.dev, headers={},                     cookies={}, auth=None, timeout=None, proxies=None, verify=False,                     debug=0 </msg>
<status status="PASS" starttime="20230504 12:48:16.548" endtime="20230504 12:48:16.549"/>
</kw>
<status status="PASS" starttime="20230504 12:48:16.548" endtime="20230504 12:48:16.549"/>
</kw>
<kw name="When I update the created user" library="test_keywords_users">
<kw name="Create Dictionary" library="BuiltIn">
<var>${payload}</var>
<arg>nome=John Smith</arg>
<arg>email=john.smith@example.com</arg>
<arg>password=P@ssw0rd123</arg>
<arg>administrador=false</arg>
<doc>Creates and returns a dictionary based on the given ``items``.</doc>
<msg timestamp="20230504 12:48:16.549" level="INFO">${payload} = {'nome': 'John Smith', 'email': 'john.smith@example.com', 'password': 'P@ssw0rd123', 'administrador': 'false'}</msg>
<status status="PASS" starttime="20230504 12:48:16.549" endtime="20230504 12:48:16.549"/>
</kw>
<kw name="Create Dictionary" library="BuiltIn">
<var>${headers}</var>
<arg>Content-Type=application/json</arg>
<doc>Creates and returns a dictionary based on the given ``items``.</doc>
<msg timestamp="20230504 12:48:16.550" level="INFO">${headers} = {'Content-Type': 'application/json'}</msg>
<status status="PASS" starttime="20230504 12:48:16.550" endtime="20230504 12:48:16.550"/>
</kw>
<kw name="PUT On Session" library="RequestsLibrary">
<var>${response}</var>
<arg>serverest</arg>
<arg>${USERS_API_ENDPOINT}/${USER_ID}</arg>
<arg>json=${payload}</arg>
<arg>headers=${headers}</arg>
<doc>Sends a PUT request on a previously created HTTP Session.</doc>
<msg timestamp="20230504 12:48:16.626" level="INFO">PUT Request : url=https://serverest.dev/usuarios/wiUY5MaYOlTtebo1 
 path_url=/usuarios/wiUY5MaYOlTtebo1 
 headers={'User-Agent': 'python-requests/2.29.0', 'Accept-Encoding': 'gzip, deflate', 'Accept': '*/*', 'Connection': 'keep-alive', 'Content-Type': 'application/json', 'Content-Length': '110'} 
 body=b'{"nome": "John Smith", "email": "john.smith@example.com", "password": "P@ssw0rd123", "administrador": "false"}' 
 </msg>
<msg timestamp="20230504 12:48:16.627" level="INFO">PUT Response : url=https://serverest.dev/usuarios/wiUY5MaYOlTtebo1 
 status=200, reason=OK 
 headers={'access-control-allow-origin': '*', 'x-dns-prefetch-control': 'off', 'x-frame-options': 'SAMEORIGIN', 'strict-transport-security': 'max-age=15552000; includeSubDomains', 'x-download-options': 'noopen', 'x-content-type-options': 'nosniff', 'x-xss-protection': '1; mode=block', 'x-moesif-transaction-id': '6a5e59f7-2077-427d-9656-f61736cc8bc0', 'content-type': 'application/json; charset=utf-8', 'X-Cloud-Trace-Context': '1c33346226a847edc2e52c9866381f55', 'Date': 'Thu, 04 May 2023 12:48:16 GMT', 'Server': 'Google Frontend', 'Content-Length': '50'} 
 body={
    "message": "Registro alterado com sucesso"
} 
 </msg>
<msg timestamp="20230504 12:48:16.627" level="INFO">${response} = &lt;Response [200]&gt;</msg>
<status status="PASS" starttime="20230504 12:48:16.550" endtime="20230504 12:48:16.627"/>
</kw>
<kw name="Set Test Variable" library="BuiltIn">
<arg>${response}</arg>
<doc>Makes a variable available everywhere within the scope of the current test.</doc>
<msg timestamp="20230504 12:48:16.627" level="INFO">${response} = &lt;Response [200]&gt;</msg>
<status status="PASS" starttime="20230504 12:48:16.627" endtime="20230504 12:48:16.627"/>
</kw>
<status status="PASS" starttime="20230504 12:48:16.549" endtime="20230504 12:48:16.627"/>
</kw>
<kw name="Then the response status code should be 200" library="test_keywords_users" sourcename="Then the response status code should be ${status_code}">
<kw name="Should Be Equal As Numbers" library="BuiltIn">
<arg>${response.status_code}</arg>
<arg>${status_code}</arg>
<doc>Fails if objects are unequal after converting them to real numbers.</doc>
<msg timestamp="20230504 12:48:16.628" level="INFO">Argument types are:
&lt;class 'int'&gt;
&lt;class 'str'&gt;</msg>
<status status="PASS" starttime="20230504 12:48:16.628" endtime="20230504 12:48:16.629"/>
</kw>
<kw name="Should Be True" library="BuiltIn">
<arg>${response.json()}</arg>
<doc>Fails if the given condition is not true.</doc>
<status status="PASS" starttime="20230504 12:48:16.629" endtime="20230504 12:48:16.629"/>
</kw>
<status status="PASS" starttime="20230504 12:48:16.627" endtime="20230504 12:48:16.629"/>
</kw>
<kw name="And the response body should not be empty" library="test_keywords_users">
<kw name="Should Not Be Empty" library="BuiltIn">
<arg>${response.json()}</arg>
<doc>Verifies that the given item is not empty.</doc>
<msg timestamp="20230504 12:48:16.630" level="INFO">Length is 1</msg>
<status status="PASS" starttime="20230504 12:48:16.630" endtime="20230504 12:48:16.630"/>
</kw>
<status status="PASS" starttime="20230504 12:48:16.629" endtime="20230504 12:48:16.630"/>
</kw>
<tag>api</tag>
<status status="PASS" starttime="20230504 12:48:16.547" endtime="20230504 12:48:16.631"/>
</test>
<test id="s1-s1-s1-s1-t5" name="Scenario: Delete the created user" line="34">
<kw name="Before Tests" library="test_keywords_common" type="SETUP">
<kw name="Create Session" library="RequestsLibrary">
<arg>serverest</arg>
<arg>${SERVER_BASE_URL}</arg>
<arg>disable_warnings=True</arg>
<doc>Create Session: create a HTTP session to a server</doc>
<msg timestamp="20230504 12:48:16.632" level="INFO">Creating Session using : alias=serverest, url=https://serverest.dev, headers={},                     cookies={}, auth=None, timeout=None, proxies=None, verify=False,                     debug=0 </msg>
<status status="PASS" starttime="20230504 12:48:16.632" endtime="20230504 12:48:16.632"/>
</kw>
<status status="PASS" starttime="20230504 12:48:16.631" endtime="20230504 12:48:16.632"/>
</kw>
<kw name="When I delete the created user" library="test_keywords_users">
<kw name="DELETE On Session" library="RequestsLibrary">
<var>${response}</var>
<arg>serverest</arg>
<arg>${USERS_API_ENDPOINT}/${USER_ID}</arg>
<doc>Sends a DELETE request on a previously created HTTP Session.</doc>
<msg timestamp="20230504 12:48:16.713" level="INFO">DELETE Request : url=https://serverest.dev/usuarios/wiUY5MaYOlTtebo1 
 path_url=/usuarios/wiUY5MaYOlTtebo1 
 headers={'User-Agent': 'python-requests/2.29.0', 'Accept-Encoding': 'gzip, deflate', 'Accept': '*/*', 'Connection': 'keep-alive', 'Content-Length': '0'} 
 body=None 
 </msg>
<msg timestamp="20230504 12:48:16.713" level="INFO">DELETE Response : url=https://serverest.dev/usuarios/wiUY5MaYOlTtebo1 
 status=200, reason=OK 
 headers={'access-control-allow-origin': '*', 'x-dns-prefetch-control': 'off', 'x-frame-options': 'SAMEORIGIN', 'strict-transport-security': 'max-age=15552000; includeSubDomains', 'x-download-options': 'noopen', 'x-content-type-options': 'nosniff', 'x-xss-protection': '1; mode=block', 'x-moesif-transaction-id': '10fe89dd-4438-43da-b0d5-148741962b22', 'content-type': 'application/json; charset=utf-8', 'X-Cloud-Trace-Context': 'efb20977d7985445f98392425c7dc02c', 'Date': 'Thu, 04 May 2023 12:48:16 GMT', 'Server': 'Google Frontend', 'Content-Length': '51'} 
 body={
    "message": "Registro excluído com sucesso"
} 
 </msg>
<msg timestamp="20230504 12:48:16.713" level="INFO">${response} = &lt;Response [200]&gt;</msg>
<status status="PASS" starttime="20230504 12:48:16.633" endtime="20230504 12:48:16.713"/>
</kw>
<kw name="Set Test Variable" library="BuiltIn">
<arg>${response}</arg>
<doc>Makes a variable available everywhere within the scope of the current test.</doc>
<msg timestamp="20230504 12:48:16.713" level="INFO">${response} = &lt;Response [200]&gt;</msg>
<status status="PASS" starttime="20230504 12:48:16.713" endtime="20230504 12:48:16.714"/>
</kw>
<status status="PASS" starttime="20230504 12:48:16.632" endtime="20230504 12:48:16.714"/>
</kw>
<kw name="Then the response status code should be 200" library="test_keywords_users" sourcename="Then the response status code should be ${status_code}">
<kw name="Should Be Equal As Numbers" library="BuiltIn">
<arg>${response.status_code}</arg>
<arg>${status_code}</arg>
<doc>Fails if objects are unequal after converting them to real numbers.</doc>
<msg timestamp="20230504 12:48:16.715" level="INFO">Argument types are:
&lt;class 'int'&gt;
&lt;class 'str'&gt;</msg>
<status status="PASS" starttime="20230504 12:48:16.714" endtime="20230504 12:48:16.715"/>
</kw>
<kw name="Should Be True" library="BuiltIn">
<arg>${response.json()}</arg>
<doc>Fails if the given condition is not true.</doc>
<status status="PASS" starttime="20230504 12:48:16.715" endtime="20230504 12:48:16.716"/>
</kw>
<status status="PASS" starttime="20230504 12:48:16.714" endtime="20230504 12:48:16.716"/>
</kw>
<kw name="And the response body should not be empty" library="test_keywords_users">
<kw name="Should Not Be Empty" library="BuiltIn">
<arg>${response.json()}</arg>
<doc>Verifies that the given item is not empty.</doc>
<msg timestamp="20230504 12:48:16.717" level="INFO">Length is 1</msg>
<status status="PASS" starttime="20230504 12:48:16.716" endtime="20230504 12:48:16.717"/>
</kw>
<status status="PASS" starttime="20230504 12:48:16.716" endtime="20230504 12:48:16.717"/>
</kw>
<tag>api</tag>
<status status="PASS" starttime="20230504 12:48:16.631" endtime="20230504 12:48:16.717"/>
</test>
<status status="PASS" starttime="20230504 12:48:15.314" endtime="20230504 12:48:16.718"/>
</suite>
<status status="PASS" starttime="20230504 12:48:15.313" endtime="20230504 12:48:16.719"/>
</suite>
<status status="PASS" starttime="20230504 12:48:15.312" endtime="20230504 12:48:16.720"/>
</suite>
<suite id="s1-s2" name="Ui" source="/home/runner/work/gen-ai-robot-test/gen-ai-robot-test/tests/ui">
<suite id="s1-s2-s1" name="Login" source="/home/runner/work/gen-ai-robot-test/gen-ai-robot-test/tests/ui/login">
<suite id="s1-s2-s1-s1" name="Test Ui Login" source="/home/runner/work/gen-ai-robot-test/gen-ai-robot-test/tests/ui/login/test_ui_login.robot">
<test id="s1-s2-s1-s1-t1" name="Scenario: Log in to Sauce Demo with Standard User" line="10">
<kw name="Before Tests" library="test_keywords_common" type="SETUP">
<kw name="Open Browser" library="SeleniumLibrary">
<arg>${SERVER_BASE_URL}</arg>
<arg>${HEADLESS} ${BROWSER}</arg>
<doc>Opens a new browser instance to the optional ``url``.</doc>
<msg timestamp="20230504 12:48:16.732" level="INFO">Opening browser 'headless Chrome' to base url 'https://www.saucedemo.com/'.</msg>
<status status="PASS" starttime="20230504 12:48:16.731" endtime="20230504 12:48:25.274"/>
</kw>
<kw name="Maximize Browser Window" library="SeleniumLibrary">
<doc>Maximizes current browser window.</doc>
<status status="PASS" starttime="20230504 12:48:25.275" endtime="20230504 12:48:25.492"/>
</kw>
<status status="PASS" starttime="20230504 12:48:16.731" endtime="20230504 12:48:25.492"/>
</kw>
<kw name="Given Im on the main application page" library="test_keywords_login">
<kw name="Go To" library="SeleniumLibrary">
<arg>${SERVER_BASE_URL}</arg>
<doc>Navigates the current browser window to the provided ``url``.</doc>
<msg timestamp="20230504 12:48:25.493" level="INFO">Opening url 'https://www.saucedemo.com/'</msg>
<status status="PASS" starttime="20230504 12:48:25.492" endtime="20230504 12:48:25.753"/>
</kw>
<kw name="Location Should Be" library="SeleniumLibrary">
<arg>${SERVER_BASE_URL}</arg>
<doc>Verifies that the current URL is exactly ``url``.</doc>
<msg timestamp="20230504 12:48:25.757" level="INFO">Current location is 'https://www.saucedemo.com/'.</msg>
<status status="PASS" starttime="20230504 12:48:25.753" endtime="20230504 12:48:25.757"/>
</kw>
<status status="PASS" starttime="20230504 12:48:25.492" endtime="20230504 12:48:25.757"/>
</kw>
<kw name="When I log in with credentials" library="test_keywords_login">
<arg>standard_user</arg>
<arg>secret_sauce</arg>
<kw name="Input Text" library="SeleniumLibrary">
<arg>id:user-name</arg>
<arg>${username}</arg>
<doc>Types the given ``text`` into the text field identified by ``locator``.</doc>
<msg timestamp="20230504 12:48:25.760" level="INFO">Typing text 'standard_user' into text field 'id:user-name'.</msg>
<status status="PASS" starttime="20230504 12:48:25.758" endtime="20230504 12:48:26.190"/>
</kw>
<kw name="Input Text" library="SeleniumLibrary">
<arg>id:password</arg>
<arg>${password}</arg>
<doc>Types the given ``text`` into the text field identified by ``locator``.</doc>
<msg timestamp="20230504 12:48:26.191" level="INFO">Typing text 'secret_sauce' into text field 'id:password'.</msg>
<status status="PASS" starttime="20230504 12:48:26.191" endtime="20230504 12:48:26.662"/>
</kw>
<kw name="Click Button" library="SeleniumLibrary">
<arg>id:login-button</arg>
<doc>Clicks the button identified by ``locator``.</doc>
<msg timestamp="20230504 12:48:26.662" level="INFO">Clicking button 'id:login-button'.</msg>
<status status="PASS" starttime="20230504 12:48:26.662" endtime="20230504 12:48:27.382"/>
</kw>
<status status="PASS" starttime="20230504 12:48:25.757" endtime="20230504 12:48:27.382"/>
</kw>
<kw name="And the Inventory page loads" library="test_keywords_login">
<kw name="Location Should Be" library="SeleniumLibrary">
<arg>https://www.saucedemo.com/inventory.html</arg>
<doc>Verifies that the current URL is exactly ``url``.</doc>
<msg timestamp="20230504 12:48:27.387" level="INFO">Current location is 'https://www.saucedemo.com/inventory.html'.</msg>
<status status="PASS" starttime="20230504 12:48:27.382" endtime="20230504 12:48:27.387"/>
</kw>
<status status="PASS" starttime="20230504 12:48:27.382" endtime="20230504 12:48:27.387"/>
</kw>
<kw name="Then the page should contain the text &quot;Products&quot;" library="test_keywords_login" sourcename="Then the page should contain the text &quot;${expected_text}&quot;">
<kw name="Page Should Contain" library="SeleniumLibrary">
<arg>${expected_text}</arg>
<doc>Verifies that current page contains ``text``.</doc>
<msg timestamp="20230504 12:48:27.439" level="INFO">Current page contains text 'Products'.</msg>
<status status="PASS" starttime="20230504 12:48:27.387" endtime="20230504 12:48:27.439"/>
</kw>
<status status="PASS" starttime="20230504 12:48:27.387" endtime="20230504 12:48:27.439"/>
</kw>
<kw name="After Tests" library="test_keywords_common" type="TEARDOWN">
<kw name="Close Browser" library="SeleniumLibrary">
<doc>Closes the current browser.</doc>
<status status="PASS" starttime="20230504 12:48:27.439" endtime="20230504 12:48:27.496"/>
</kw>
<status status="PASS" starttime="20230504 12:48:27.439" endtime="20230504 12:48:27.496"/>
</kw>
<tag>ui</tag>
<status status="PASS" starttime="20230504 12:48:16.730" endtime="20230504 12:48:27.496"/>
</test>
<test id="s1-s2-s1-s1-t2" name="Scenario: Log in to Sauce Demo with Locked Out User" line="17">
<kw name="Before Tests" library="test_keywords_common" type="SETUP">
<kw name="Open Browser" library="SeleniumLibrary">
<arg>${SERVER_BASE_URL}</arg>
<arg>${HEADLESS} ${BROWSER}</arg>
<doc>Opens a new browser instance to the optional ``url``.</doc>
<msg timestamp="20230504 12:48:27.498" level="INFO">Opening browser 'headless Chrome' to base url 'https://www.saucedemo.com/'.</msg>
<status status="PASS" starttime="20230504 12:48:27.497" endtime="20230504 12:48:28.354"/>
</kw>
<kw name="Maximize Browser Window" library="SeleniumLibrary">
<doc>Maximizes current browser window.</doc>
<status status="PASS" starttime="20230504 12:48:28.354" endtime="20230504 12:48:28.460"/>
</kw>
<status status="PASS" starttime="20230504 12:48:27.497" endtime="20230504 12:48:28.461"/>
</kw>
<kw name="Given Im on the main application page" library="test_keywords_login">
<kw name="Go To" library="SeleniumLibrary">
<arg>${SERVER_BASE_URL}</arg>
<doc>Navigates the current browser window to the provided ``url``.</doc>
<msg timestamp="20230504 12:48:28.461" level="INFO">Opening url 'https://www.saucedemo.com/'</msg>
<status status="PASS" starttime="20230504 12:48:28.461" endtime="20230504 12:48:28.511"/>
</kw>
<kw name="Location Should Be" library="SeleniumLibrary">
<arg>${SERVER_BASE_URL}</arg>
<doc>Verifies that the current URL is exactly ``url``.</doc>
<msg timestamp="20230504 12:48:28.515" level="INFO">Current location is 'https://www.saucedemo.com/'.</msg>
<status status="PASS" starttime="20230504 12:48:28.511" endtime="20230504 12:48:28.515"/>
</kw>
<status status="PASS" starttime="20230504 12:48:28.461" endtime="20230504 12:48:28.515"/>
</kw>
<kw name="When I log in with credentials" library="test_keywords_login">
<arg>locked_out_user</arg>
<arg>secret_sauce</arg>
<kw name="Input Text" library="SeleniumLibrary">
<arg>id:user-name</arg>
<arg>${username}</arg>
<doc>Types the given ``text`` into the text field identified by ``locator``.</doc>
<msg timestamp="20230504 12:48:28.517" level="INFO">Typing text 'locked_out_user' into text field 'id:user-name'.</msg>
<status status="PASS" starttime="20230504 12:48:28.516" endtime="20230504 12:48:28.608"/>
</kw>
<kw name="Input Text" library="SeleniumLibrary">
<arg>id:password</arg>
<arg>${password}</arg>
<doc>Types the given ``text`` into the text field identified by ``locator``.</doc>
<msg timestamp="20230504 12:48:28.609" level="INFO">Typing text 'secret_sauce' into text field 'id:password'.</msg>
<status status="PASS" starttime="20230504 12:48:28.609" endtime="20230504 12:48:28.684"/>
</kw>
<kw name="Click Button" library="SeleniumLibrary">
<arg>id:login-button</arg>
<doc>Clicks the button identified by ``locator``.</doc>
<msg timestamp="20230504 12:48:28.685" level="INFO">Clicking button 'id:login-button'.</msg>
<status status="PASS" starttime="20230504 12:48:28.684" endtime="20230504 12:48:28.737"/>
</kw>
<status status="PASS" starttime="20230504 12:48:28.515" endtime="20230504 12:48:28.737"/>
</kw>
<kw name="Then the locked out message should be displayed" library="test_keywords_login">
<kw name="Element Should Be Visible" library="SeleniumLibrary">
<arg>class:error-message-container</arg>
<doc>Verifies that the element identified by ``locator`` is visible.</doc>
<msg timestamp="20230504 12:48:28.759" level="INFO">Element 'class:error-message-container' is displayed.</msg>
<status status="PASS" starttime="20230504 12:48:28.738" endtime="20230504 12:48:28.759"/>
</kw>
<status status="PASS" starttime="20230504 12:48:28.738" endtime="20230504 12:48:28.759"/>
</kw>
<kw name="After Tests" library="test_keywords_common" type="TEARDOWN">
<kw name="Close Browser" library="SeleniumLibrary">
<doc>Closes the current browser.</doc>
<status status="PASS" starttime="20230504 12:48:28.760" endtime="20230504 12:48:28.816"/>
</kw>
<status status="PASS" starttime="20230504 12:48:28.760" endtime="20230504 12:48:28.816"/>
</kw>
<tag>ui</tag>
<status status="PASS" starttime="20230504 12:48:27.497" endtime="20230504 12:48:28.816"/>
</test>
<test id="s1-s2-s1-s1-t3" name="Scenario: Log in to Sauce Demo with Problem User" line="23">
<kw name="Before Tests" library="test_keywords_common" type="SETUP">
<kw name="Open Browser" library="SeleniumLibrary">
<arg>${SERVER_BASE_URL}</arg>
<arg>${HEADLESS} ${BROWSER}</arg>
<doc>Opens a new browser instance to the optional ``url``.</doc>
<msg timestamp="20230504 12:48:28.818" level="INFO">Opening browser 'headless Chrome' to base url 'https://www.saucedemo.com/'.</msg>
<status status="PASS" starttime="20230504 12:48:28.818" endtime="20230504 12:48:29.664"/>
</kw>
<kw name="Maximize Browser Window" library="SeleniumLibrary">
<doc>Maximizes current browser window.</doc>
<status status="PASS" starttime="20230504 12:48:29.664" endtime="20230504 12:48:29.768"/>
</kw>
<status status="PASS" starttime="20230504 12:48:28.817" endtime="20230504 12:48:29.768"/>
</kw>
<kw name="Given Im on the main application page" library="test_keywords_login">
<kw name="Go To" library="SeleniumLibrary">
<arg>${SERVER_BASE_URL}</arg>
<doc>Navigates the current browser window to the provided ``url``.</doc>
<msg timestamp="20230504 12:48:29.769" level="INFO">Opening url 'https://www.saucedemo.com/'</msg>
<status status="PASS" starttime="20230504 12:48:29.769" endtime="20230504 12:48:29.827"/>
</kw>
<kw name="Location Should Be" library="SeleniumLibrary">
<arg>${SERVER_BASE_URL}</arg>
<doc>Verifies that the current URL is exactly ``url``.</doc>
<msg timestamp="20230504 12:48:29.831" level="INFO">Current location is 'https://www.saucedemo.com/'.</msg>
<status status="PASS" starttime="20230504 12:48:29.827" endtime="20230504 12:48:29.831"/>
</kw>
<status status="PASS" starttime="20230504 12:48:29.768" endtime="20230504 12:48:29.831"/>
</kw>
<kw name="When I log in with credentials" library="test_keywords_login">
<arg>problem_user</arg>
<arg>secret_sauce</arg>
<kw name="Input Text" library="SeleniumLibrary">
<arg>id:user-name</arg>
<arg>${username}</arg>
<doc>Types the given ``text`` into the text field identified by ``locator``.</doc>
<msg timestamp="20230504 12:48:29.833" level="INFO">Typing text 'problem_user' into text field 'id:user-name'.</msg>
<status status="PASS" starttime="20230504 12:48:29.832" endtime="20230504 12:48:29.915"/>
</kw>
<kw name="Input Text" library="SeleniumLibrary">
<arg>id:password</arg>
<arg>${password}</arg>
<doc>Types the given ``text`` into the text field identified by ``locator``.</doc>
<msg timestamp="20230504 12:48:29.916" level="INFO">Typing text 'secret_sauce' into text field 'id:password'.</msg>
<status status="PASS" starttime="20230504 12:48:29.915" endtime="20230504 12:48:29.992"/>
</kw>
<kw name="Click Button" library="SeleniumLibrary">
<arg>id:login-button</arg>
<doc>Clicks the button identified by ``locator``.</doc>
<msg timestamp="20230504 12:48:29.993" level="INFO">Clicking button 'id:login-button'.</msg>
<status status="PASS" starttime="20230504 12:48:29.992" endtime="20230504 12:48:30.074"/>
</kw>
<status status="PASS" starttime="20230504 12:48:29.831" endtime="20230504 12:48:30.074"/>
</kw>
<kw name="And the Inventory page loads" library="test_keywords_login">
<kw name="Location Should Be" library="SeleniumLibrary">
<arg>https://www.saucedemo.com/inventory.html</arg>
<doc>Verifies that the current URL is exactly ``url``.</doc>
<msg timestamp="20230504 12:48:30.089" level="INFO">Current location is 'https://www.saucedemo.com/inventory.html'.</msg>
<status status="PASS" starttime="20230504 12:48:30.075" endtime="20230504 12:48:30.089"/>
</kw>
<status status="PASS" starttime="20230504 12:48:30.074" endtime="20230504 12:48:30.089"/>
</kw>
<kw name="Then the page should contain the text &quot;Products&quot;" library="test_keywords_login" sourcename="Then the page should contain the text &quot;${expected_text}&quot;">
<kw name="Page Should Contain" library="SeleniumLibrary">
<arg>${expected_text}</arg>
<doc>Verifies that current page contains ``text``.</doc>
<msg timestamp="20230504 12:48:30.102" level="INFO">Current page contains text 'Products'.</msg>
<status status="PASS" starttime="20230504 12:48:30.089" endtime="20230504 12:48:30.102"/>
</kw>
<status status="PASS" starttime="20230504 12:48:30.089" endtime="20230504 12:48:30.102"/>
</kw>
<kw name="After Tests" library="test_keywords_common" type="TEARDOWN">
<kw name="Close Browser" library="SeleniumLibrary">
<doc>Closes the current browser.</doc>
<status status="PASS" starttime="20230504 12:48:30.102" endtime="20230504 12:48:30.159"/>
</kw>
<status status="PASS" starttime="20230504 12:48:30.102" endtime="20230504 12:48:30.160"/>
</kw>
<tag>ui</tag>
<status status="PASS" starttime="20230504 12:48:28.817" endtime="20230504 12:48:30.160"/>
</test>
<test id="s1-s2-s1-s1-t4" name="Scenario: Log in to Sauce Demo with Performance Glitch User" line="30">
<kw name="Before Tests" library="test_keywords_common" type="SETUP">
<kw name="Open Browser" library="SeleniumLibrary">
<arg>${SERVER_BASE_URL}</arg>
<arg>${HEADLESS} ${BROWSER}</arg>
<doc>Opens a new browser instance to the optional ``url``.</doc>
<msg timestamp="20230504 12:48:30.162" level="INFO">Opening browser 'headless Chrome' to base url 'https://www.saucedemo.com/'.</msg>
<status status="PASS" starttime="20230504 12:48:30.161" endtime="20230504 12:48:30.981"/>
</kw>
<kw name="Maximize Browser Window" library="SeleniumLibrary">
<doc>Maximizes current browser window.</doc>
<status status="PASS" starttime="20230504 12:48:30.981" endtime="20230504 12:48:31.085"/>
</kw>
<status status="PASS" starttime="20230504 12:48:30.161" endtime="20230504 12:48:31.085"/>
</kw>
<kw name="Given Im on the main application page" library="test_keywords_login">
<kw name="Go To" library="SeleniumLibrary">
<arg>${SERVER_BASE_URL}</arg>
<doc>Navigates the current browser window to the provided ``url``.</doc>
<msg timestamp="20230504 12:48:31.086" level="INFO">Opening url 'https://www.saucedemo.com/'</msg>
<status status="PASS" starttime="20230504 12:48:31.086" endtime="20230504 12:48:31.136"/>
</kw>
<kw name="Location Should Be" library="SeleniumLibrary">
<arg>${SERVER_BASE_URL}</arg>
<doc>Verifies that the current URL is exactly ``url``.</doc>
<msg timestamp="20230504 12:48:31.141" level="INFO">Current location is 'https://www.saucedemo.com/'.</msg>
<status status="PASS" starttime="20230504 12:48:31.136" endtime="20230504 12:48:31.141"/>
</kw>
<status status="PASS" starttime="20230504 12:48:31.085" endtime="20230504 12:48:31.141"/>
</kw>
<kw name="When I log in with credentials" library="test_keywords_login">
<arg>performance_glitch_user</arg>
<arg>secret_sauce</arg>
<kw name="Input Text" library="SeleniumLibrary">
<arg>id:user-name</arg>
<arg>${username}</arg>
<doc>Types the given ``text`` into the text field identified by ``locator``.</doc>
<msg timestamp="20230504 12:48:31.142" level="INFO">Typing text 'performance_glitch_user' into text field 'id:user-name'.</msg>
<status status="PASS" starttime="20230504 12:48:31.142" endtime="20230504 12:48:31.238"/>
</kw>
<kw name="Input Text" library="SeleniumLibrary">
<arg>id:password</arg>
<arg>${password}</arg>
<doc>Types the given ``text`` into the text field identified by ``locator``.</doc>
<msg timestamp="20230504 12:48:31.239" level="INFO">Typing text 'secret_sauce' into text field 'id:password'.</msg>
<status status="PASS" starttime="20230504 12:48:31.238" endtime="20230504 12:48:31.316"/>
</kw>
<kw name="Click Button" library="SeleniumLibrary">
<arg>id:login-button</arg>
<doc>Clicks the button identified by ``locator``.</doc>
<msg timestamp="20230504 12:48:31.317" level="INFO">Clicking button 'id:login-button'.</msg>
<status status="PASS" starttime="20230504 12:48:31.317" endtime="20230504 12:48:36.399"/>
</kw>
<status status="PASS" starttime="20230504 12:48:31.141" endtime="20230504 12:48:36.399"/>
</kw>
<kw name="And the Inventory page loads" library="test_keywords_login">
<kw name="Location Should Be" library="SeleniumLibrary">
<arg>https://www.saucedemo.com/inventory.html</arg>
<doc>Verifies that the current URL is exactly ``url``.</doc>
<msg timestamp="20230504 12:48:36.408" level="INFO">Current location is 'https://www.saucedemo.com/inventory.html'.</msg>
<status status="PASS" starttime="20230504 12:48:36.400" endtime="20230504 12:48:36.408"/>
</kw>
<status status="PASS" starttime="20230504 12:48:36.399" endtime="20230504 12:48:36.409"/>
</kw>
<kw name="Then the page should contain the text &quot;Products&quot;" library="test_keywords_login" sourcename="Then the page should contain the text &quot;${expected_text}&quot;">
<kw name="Page Should Contain" library="SeleniumLibrary">
<arg>${expected_text}</arg>
<doc>Verifies that current page contains ``text``.</doc>
<msg timestamp="20230504 12:48:36.426" level="INFO">Current page contains text 'Products'.</msg>
<status status="PASS" starttime="20230504 12:48:36.409" endtime="20230504 12:48:36.426"/>
</kw>
<status status="PASS" starttime="20230504 12:48:36.409" endtime="20230504 12:48:36.427"/>
</kw>
<kw name="After Tests" library="test_keywords_common" type="TEARDOWN">
<kw name="Close Browser" library="SeleniumLibrary">
<doc>Closes the current browser.</doc>
<status status="PASS" starttime="20230504 12:48:36.427" endtime="20230504 12:48:36.484"/>
</kw>
<status status="PASS" starttime="20230504 12:48:36.427" endtime="20230504 12:48:36.484"/>
</kw>
<tag>ui</tag>
<status status="PASS" starttime="20230504 12:48:30.160" endtime="20230504 12:48:36.484"/>
</test>
<status status="PASS" starttime="20230504 12:48:16.724" endtime="20230504 12:48:36.485"/>
</suite>
<status status="PASS" starttime="20230504 12:48:16.722" endtime="20230504 12:48:36.487"/>
</suite>
<status status="PASS" starttime="20230504 12:48:16.721" endtime="20230504 12:48:36.488"/>
</suite>
<status status="PASS" starttime="20230504 12:48:15.294" endtime="20230504 12:48:36.489"/>
</suite>
<statistics>
<total>
<stat pass="9" fail="0" skip="0">All Tests</stat>
</total>
<tag>
<stat pass="5" fail="0" skip="0">api</stat>
<stat pass="4" fail="0" skip="0">ui</stat>
</tag>
<suite>
<stat pass="9" fail="0" skip="0" id="s1" name="Tests">Tests</stat>
<stat pass="5" fail="0" skip="0" id="s1-s1" name="Api">Tests.Api</stat>
<stat pass="5" fail="0" skip="0" id="s1-s1-s1" name="Users">Tests.Api.Users</stat>
<stat pass="5" fail="0" skip="0" id="s1-s1-s1-s1" name="Test Api Users">Tests.Api.Users.Test Api Users</stat>
<stat pass="4" fail="0" skip="0" id="s1-s2" name="Ui">Tests.Ui</stat>
<stat pass="4" fail="0" skip="0" id="s1-s2-s1" name="Login">Tests.Ui.Login</stat>
<stat pass="4" fail="0" skip="0" id="s1-s2-s1-s1" name="Test Ui Login">Tests.Ui.Login.Test Ui Login</stat>
</suite>
</statistics>
<errors>
</errors>
</robot>
