<?xml version="1.0" encoding="UTF-8"?>
<robot generator="Robot 6.0.2 (Python 3.8.16 on linux)" generated="20230522 01:07:52.125" rpa="false" schemaversion="3">
<suite id="s1" name="Tests" source="/home/runner/work/gen-ai-robot-test/gen-ai-robot-test/tests">
<suite id="s1-s1" name="Api" source="/home/runner/work/gen-ai-robot-test/gen-ai-robot-test/tests/api">
<suite id="s1-s1-s1" name="Test Api Users" source="/home/runner/work/gen-ai-robot-test/gen-ai-robot-test/tests/api/test_api_users.robot">
<test id="s1-s1-s1-t1" name="Scenario: Get all registered users" line="9">
<kw name="Before Tests" library="test_keywords_common" type="SETUP">
<kw name="Create Session" library="RequestsLibrary">
<arg>serverest</arg>
<arg>${SERVER_BASE_URL}</arg>
<arg>disable_warnings=True</arg>
<doc>Create Session: create a HTTP session to a server</doc>
<msg timestamp="20230522 01:07:52.792" level="INFO">Creating Session using : alias=serverest, url=https://serverest.dev, headers={},                     cookies={}, auth=None, timeout=None, proxies=None, verify=False,                     debug=0 </msg>
<status status="PASS" starttime="20230522 01:07:52.792" endtime="20230522 01:07:52.792"/>
</kw>
<status status="PASS" starttime="20230522 01:07:52.791" endtime="20230522 01:07:52.792"/>
</kw>
<kw name="When I request the list of all registered users" library="test_keywords_users">
<kw name="GET On Session" library="RequestsLibrary">
<var>${response}</var>
<arg>serverest</arg>
<arg>${USERS_API_ENDPOINT}</arg>
<doc>Sends a GET request on a previously created HTTP Session.</doc>
<msg timestamp="20230522 01:07:52.920" level="INFO">GET Request : url=https://serverest.dev/usuarios 
 path_url=/usuarios 
 headers={'User-Agent': 'python-requests/2.30.0', 'Accept-Encoding': 'gzip, deflate', 'Accept': '*/*', 'Connection': 'keep-alive'} 
 body=None 
 </msg>
<msg timestamp="20230522 01:07:52.920" level="INFO">GET Response : url=https://serverest.dev/usuarios 
 status=200, reason=OK 
 headers={'access-control-allow-origin': '*', 'x-dns-prefetch-control': 'off', 'x-frame-options': 'SAMEORIGIN', 'strict-transport-security': 'max-age=15552000; includeSubDomains', 'x-download-options': 'noopen', 'x-content-type-options': 'nosniff', 'x-xss-protection': '1; mode=block', 'x-moesif-transaction-id': 'c3e89495-190f-4bb0-9ade-edfc88e43eb4', 'content-type': 'application/json; charset=utf-8', 'X-Cloud-Trace-Context': '362333afaa71a14bd6a94be652bf16be;o=1', 'Date': 'Mon, 22 May 2023 01:07:52 GMT', 'Server': 'Google Frontend', 'Content-Length': '464'} 
 body={
    "quantidade": 2,
    "usuarios": [
        {
            "nome": "Fulano da Silva",
            "email": "fulano@qa.com",
            "password": "teste",
            "administrador": "true",
            "_id": "0uxuPY0cbmQhpEz1"
        },
        {
            "nome": "{{nome}}",
            "email": "Rylee@qa.com.br",
            "password": "7A8wqLRrixPDVcA",
            "administrador": "true",
            "_id": "T5Nr0sRefW7ZybPk"
        }
    ]
} 
 </msg>
<msg timestamp="20230522 01:07:52.920" level="INFO">${response} = &lt;Response [200]&gt;</msg>
<status status="PASS" starttime="20230522 01:07:52.793" endtime="20230522 01:07:52.920"/>
</kw>
<kw name="Set Test Variable" library="BuiltIn">
<arg>${response}</arg>
<doc>Makes a variable available everywhere within the scope of the current test.</doc>
<msg timestamp="20230522 01:07:52.920" level="INFO">${response} = &lt;Response [200]&gt;</msg>
<status status="PASS" starttime="20230522 01:07:52.920" endtime="20230522 01:07:52.920"/>
</kw>
<status status="PASS" starttime="20230522 01:07:52.792" endtime="20230522 01:07:52.921"/>
</kw>
<kw name="Then the response status code should be 200" library="test_keywords_users" sourcename="Then the response status code should be ${status_code}">
<kw name="Should Be Equal As Numbers" library="BuiltIn">
<arg>${response.status_code}</arg>
<arg>${status_code}</arg>
<doc>Fails if objects are unequal after converting them to real numbers.</doc>
<msg timestamp="20230522 01:07:52.922" level="INFO">Argument types are:
&lt;class 'int'&gt;
&lt;class 'str'&gt;</msg>
<status status="PASS" starttime="20230522 01:07:52.921" endtime="20230522 01:07:52.922"/>
</kw>
<kw name="Should Be True" library="BuiltIn">
<arg>${response.json()}</arg>
<doc>Fails if the given condition is not true.</doc>
<status status="PASS" starttime="20230522 01:07:52.922" endtime="20230522 01:07:52.922"/>
</kw>
<status status="PASS" starttime="20230522 01:07:52.921" endtime="20230522 01:07:52.923"/>
</kw>
<kw name="And the response body should not be empty" library="test_keywords_users">
<kw name="Should Not Be Empty" library="BuiltIn">
<arg>${response.json()}</arg>
<doc>Verifies that the given item is not empty.</doc>
<msg timestamp="20230522 01:07:52.923" level="INFO">Length is 2</msg>
<status status="PASS" starttime="20230522 01:07:52.923" endtime="20230522 01:07:52.923"/>
</kw>
<status status="PASS" starttime="20230522 01:07:52.923" endtime="20230522 01:07:52.924"/>
</kw>
<tag>api</tag>
<status status="PASS" starttime="20230522 01:07:52.791" endtime="20230522 01:07:52.924"/>
</test>
<test id="s1-s1-s1-t2" name="Scenario: Create a new user" line="15">
<kw name="Before Tests" library="test_keywords_common" type="SETUP">
<kw name="Create Session" library="RequestsLibrary">
<arg>serverest</arg>
<arg>${SERVER_BASE_URL}</arg>
<arg>disable_warnings=True</arg>
<doc>Create Session: create a HTTP session to a server</doc>
<msg timestamp="20230522 01:07:52.925" level="INFO">Creating Session using : alias=serverest, url=https://serverest.dev, headers={},                     cookies={}, auth=None, timeout=None, proxies=None, verify=False,                     debug=0 </msg>
<status status="PASS" starttime="20230522 01:07:52.925" endtime="20230522 01:07:52.925"/>
</kw>
<status status="PASS" starttime="20230522 01:07:52.924" endtime="20230522 01:07:52.925"/>
</kw>
<kw name="Given I have a valid user data" library="test_keywords_users">
<kw name="Name" library="FakerLibrary">
<var>${name}</var>
<doc>:example 'John Doe'</doc>
<msg timestamp="20230522 01:07:52.926" level="INFO">${name} = Theresa Wilson</msg>
<status status="PASS" starttime="20230522 01:07:52.926" endtime="20230522 01:07:52.926"/>
</kw>
<kw name="Email" library="FakerLibrary">
<var>${email}</var>
<msg timestamp="20230522 01:07:52.927" level="INFO">${email} = johnsontracy@example.org</msg>
<status status="PASS" starttime="20230522 01:07:52.926" endtime="20230522 01:07:52.927"/>
</kw>
<kw name="Password" library="FakerLibrary">
<var>${password}</var>
<doc>Generate a random password of the specified ``length``.</doc>
<msg timestamp="20230522 01:07:52.927" level="INFO">${password} = 5)9PQc4CW+</msg>
<status status="PASS" starttime="20230522 01:07:52.927" endtime="20230522 01:07:52.927"/>
</kw>
<kw name="Set Suite Variable" library="BuiltIn">
<arg>${name}</arg>
<doc>Makes a variable available everywhere within the scope of the current suite.</doc>
<msg timestamp="20230522 01:07:52.927" level="INFO">${name} = Theresa Wilson</msg>
<status status="PASS" starttime="20230522 01:07:52.927" endtime="20230522 01:07:52.927"/>
</kw>
<kw name="Set Suite Variable" library="BuiltIn">
<arg>${email}</arg>
<doc>Makes a variable available everywhere within the scope of the current suite.</doc>
<msg timestamp="20230522 01:07:52.928" level="INFO">${email} = johnsontracy@example.org</msg>
<status status="PASS" starttime="20230522 01:07:52.927" endtime="20230522 01:07:52.928"/>
</kw>
<kw name="Set Suite Variable" library="BuiltIn">
<arg>${password}</arg>
<doc>Makes a variable available everywhere within the scope of the current suite.</doc>
<msg timestamp="20230522 01:07:52.928" level="INFO">${password} = 5)9PQc4CW+</msg>
<status status="PASS" starttime="20230522 01:07:52.928" endtime="20230522 01:07:52.928"/>
</kw>
<status status="PASS" starttime="20230522 01:07:52.925" endtime="20230522 01:07:52.928"/>
</kw>
<kw name="When I create the user" library="test_keywords_users">
<kw name="Create Dictionary" library="BuiltIn">
<var>${payload}</var>
<arg>nome=${name}</arg>
<arg>email=${email}</arg>
<arg>password=${password}</arg>
<arg>administrador=false</arg>
<doc>Creates and returns a dictionary based on the given ``items``.</doc>
<msg timestamp="20230522 01:07:52.929" level="INFO">${payload} = {'nome': 'Theresa Wilson', 'email': 'johnsontracy@example.org', 'password': '5)9PQc4CW+', 'administrador': 'false'}</msg>
<status status="PASS" starttime="20230522 01:07:52.928" endtime="20230522 01:07:52.929"/>
</kw>
<kw name="Create Dictionary" library="BuiltIn">
<var>${headers}</var>
<arg>Content-Type=application/json</arg>
<doc>Creates and returns a dictionary based on the given ``items``.</doc>
<msg timestamp="20230522 01:07:52.929" level="INFO">${headers} = {'Content-Type': 'application/json'}</msg>
<status status="PASS" starttime="20230522 01:07:52.929" endtime="20230522 01:07:52.929"/>
</kw>
<kw name="POST On Session" library="RequestsLibrary">
<var>${response}</var>
<arg>serverest</arg>
<arg>${USERS_API_ENDPOINT}</arg>
<arg>json=${payload}</arg>
<arg>headers=${headers}</arg>
<doc>Sends a POST request on a previously created HTTP Session.</doc>
<msg timestamp="20230522 01:07:53.011" level="INFO">POST Request : url=https://serverest.dev/usuarios 
 path_url=/usuarios 
 headers={'User-Agent': 'python-requests/2.30.0', 'Accept-Encoding': 'gzip, deflate', 'Accept': '*/*', 'Connection': 'keep-alive', 'Content-Type': 'application/json', 'Content-Length': '115'} 
 body=b'{"nome": "Theresa Wilson", "email": "johnsontracy@example.org", "password": "5)9PQc4CW+", "administrador": "false"}' 
 </msg>
<msg timestamp="20230522 01:07:53.011" level="INFO">POST Response : url=https://serverest.dev/usuarios 
 status=201, reason=Created 
 headers={'access-control-allow-origin': '*', 'x-dns-prefetch-control': 'off', 'x-frame-options': 'SAMEORIGIN', 'strict-transport-security': 'max-age=15552000; includeSubDomains', 'x-download-options': 'noopen', 'x-content-type-options': 'nosniff', 'x-xss-protection': '1; mode=block', 'x-moesif-transaction-id': '5d2df450-2490-42b0-9b72-838c8a2a218f', 'content-type': 'application/json; charset=utf-8', 'X-Cloud-Trace-Context': 'e95a397d6ecc9625473fe2125994e793', 'Date': 'Mon, 22 May 2023 01:07:52 GMT', 'Server': 'Google Frontend', 'Content-Length': '82'} 
 body={
    "message": "Cadastro realizado com sucesso",
    "_id": "dL5tPCSVN010F3Q1"
} 
 </msg>
<msg timestamp="20230522 01:07:53.011" level="INFO">${response} = &lt;Response [201]&gt;</msg>
<status status="PASS" starttime="20230522 01:07:52.929" endtime="20230522 01:07:53.011"/>
</kw>
<kw name="Set Variable" library="BuiltIn">
<var>${user_id}</var>
<arg>${response.json()['_id']}</arg>
<doc>Returns the given values which can then be assigned to a variables.</doc>
<msg timestamp="20230522 01:07:53.012" level="INFO">${user_id} = dL5tPCSVN010F3Q1</msg>
<status status="PASS" starttime="20230522 01:07:53.011" endtime="20230522 01:07:53.012"/>
</kw>
<kw name="Set Global Variable" library="BuiltIn">
<arg>${USER_ID}</arg>
<arg>${user_id}</arg>
<doc>Makes a variable available globally in all tests and suites.</doc>
<msg timestamp="20230522 01:07:53.012" level="INFO">${USER_ID} = dL5tPCSVN010F3Q1</msg>
<status status="PASS" starttime="20230522 01:07:53.012" endtime="20230522 01:07:53.012"/>
</kw>
<kw name="Set Test Variable" library="BuiltIn">
<arg>${response}</arg>
<doc>Makes a variable available everywhere within the scope of the current test.</doc>
<msg timestamp="20230522 01:07:53.013" level="INFO">${response} = &lt;Response [201]&gt;</msg>
<status status="PASS" starttime="20230522 01:07:53.012" endtime="20230522 01:07:53.013"/>
</kw>
<status status="PASS" starttime="20230522 01:07:52.928" endtime="20230522 01:07:53.013"/>
</kw>
<kw name="Then the response status code should be 201" library="test_keywords_users" sourcename="Then the response status code should be ${status_code}">
<kw name="Should Be Equal As Numbers" library="BuiltIn">
<arg>${response.status_code}</arg>
<arg>${status_code}</arg>
<doc>Fails if objects are unequal after converting them to real numbers.</doc>
<msg timestamp="20230522 01:07:53.014" level="INFO">Argument types are:
&lt;class 'int'&gt;
&lt;class 'str'&gt;</msg>
<status status="PASS" starttime="20230522 01:07:53.013" endtime="20230522 01:07:53.014"/>
</kw>
<kw name="Should Be True" library="BuiltIn">
<arg>${response.json()}</arg>
<doc>Fails if the given condition is not true.</doc>
<status status="PASS" starttime="20230522 01:07:53.014" endtime="20230522 01:07:53.015"/>
</kw>
<status status="PASS" starttime="20230522 01:07:53.013" endtime="20230522 01:07:53.015"/>
</kw>
<kw name="And the response body should not be empty" library="test_keywords_users">
<kw name="Should Not Be Empty" library="BuiltIn">
<arg>${response.json()}</arg>
<doc>Verifies that the given item is not empty.</doc>
<msg timestamp="20230522 01:07:53.015" level="INFO">Length is 2</msg>
<status status="PASS" starttime="20230522 01:07:53.015" endtime="20230522 01:07:53.016"/>
</kw>
<status status="PASS" starttime="20230522 01:07:53.015" endtime="20230522 01:07:53.016"/>
</kw>
<tag>api</tag>
<status status="PASS" starttime="20230522 01:07:52.924" endtime="20230522 01:07:53.016"/>
</test>
<test id="s1-s1-s1-t3" name="Scenario: Get a specific user informations" line="22">
<kw name="Before Tests" library="test_keywords_common" type="SETUP">
<kw name="Create Session" library="RequestsLibrary">
<arg>serverest</arg>
<arg>${SERVER_BASE_URL}</arg>
<arg>disable_warnings=True</arg>
<doc>Create Session: create a HTTP session to a server</doc>
<msg timestamp="20230522 01:07:53.017" level="INFO">Creating Session using : alias=serverest, url=https://serverest.dev, headers={},                     cookies={}, auth=None, timeout=None, proxies=None, verify=False,                     debug=0 </msg>
<status status="PASS" starttime="20230522 01:07:53.017" endtime="20230522 01:07:53.017"/>
</kw>
<status status="PASS" starttime="20230522 01:07:53.017" endtime="20230522 01:07:53.018"/>
</kw>
<kw name="When I request the created user" library="test_keywords_users">
<kw name="GET On Session" library="RequestsLibrary">
<var>${response}</var>
<arg>serverest</arg>
<arg>${USERS_API_ENDPOINT}/${USER_ID}</arg>
<doc>Sends a GET request on a previously created HTTP Session.</doc>
<msg timestamp="20230522 01:07:53.098" level="INFO">GET Request : url=https://serverest.dev/usuarios/dL5tPCSVN010F3Q1 
 path_url=/usuarios/dL5tPCSVN010F3Q1 
 headers={'User-Agent': 'python-requests/2.30.0', 'Accept-Encoding': 'gzip, deflate', 'Accept': '*/*', 'Connection': 'keep-alive'} 
 body=None 
 </msg>
<msg timestamp="20230522 01:07:53.098" level="INFO">GET Response : url=https://serverest.dev/usuarios/dL5tPCSVN010F3Q1 
 status=200, reason=OK 
 headers={'access-control-allow-origin': '*', 'x-dns-prefetch-control': 'off', 'x-frame-options': 'SAMEORIGIN', 'strict-transport-security': 'max-age=15552000; includeSubDomains', 'x-download-options': 'noopen', 'x-content-type-options': 'nosniff', 'x-xss-protection': '1; mode=block', 'x-moesif-transaction-id': 'e35f9c32-0e0d-4770-b111-d37b77f958b3', 'content-type': 'application/json; charset=utf-8', 'X-Cloud-Trace-Context': 'af36082fa79b16564836110f1b6e4f37', 'Date': 'Mon, 22 May 2023 01:07:53 GMT', 'Server': 'Google Frontend', 'Content-Length': '164'} 
 body={
    "nome": "Theresa Wilson",
    "email": "johnsontracy@example.org",
    "password": "5)9PQc4CW+",
    "administrador": "false",
    "_id": "dL5tPCSVN010F3Q1"
} 
 </msg>
<msg timestamp="20230522 01:07:53.098" level="INFO">${response} = &lt;Response [200]&gt;</msg>
<status status="PASS" starttime="20230522 01:07:53.018" endtime="20230522 01:07:53.098"/>
</kw>
<kw name="Set Test Variable" library="BuiltIn">
<arg>${response}</arg>
<doc>Makes a variable available everywhere within the scope of the current test.</doc>
<msg timestamp="20230522 01:07:53.099" level="INFO">${response} = &lt;Response [200]&gt;</msg>
<status status="PASS" starttime="20230522 01:07:53.098" endtime="20230522 01:07:53.099"/>
</kw>
<status status="PASS" starttime="20230522 01:07:53.018" endtime="20230522 01:07:53.099"/>
</kw>
<kw name="Then the response status code should be 200" library="test_keywords_users" sourcename="Then the response status code should be ${status_code}">
<kw name="Should Be Equal As Numbers" library="BuiltIn">
<arg>${response.status_code}</arg>
<arg>${status_code}</arg>
<doc>Fails if objects are unequal after converting them to real numbers.</doc>
<msg timestamp="20230522 01:07:53.100" level="INFO">Argument types are:
&lt;class 'int'&gt;
&lt;class 'str'&gt;</msg>
<status status="PASS" starttime="20230522 01:07:53.099" endtime="20230522 01:07:53.100"/>
</kw>
<kw name="Should Be True" library="BuiltIn">
<arg>${response.json()}</arg>
<doc>Fails if the given condition is not true.</doc>
<status status="PASS" starttime="20230522 01:07:53.100" endtime="20230522 01:07:53.101"/>
</kw>
<status status="PASS" starttime="20230522 01:07:53.099" endtime="20230522 01:07:53.101"/>
</kw>
<kw name="And the response body should not be empty" library="test_keywords_users">
<kw name="Should Not Be Empty" library="BuiltIn">
<arg>${response.json()}</arg>
<doc>Verifies that the given item is not empty.</doc>
<msg timestamp="20230522 01:07:53.102" level="INFO">Length is 5</msg>
<status status="PASS" starttime="20230522 01:07:53.101" endtime="20230522 01:07:53.102"/>
</kw>
<status status="PASS" starttime="20230522 01:07:53.101" endtime="20230522 01:07:53.102"/>
</kw>
<tag>api</tag>
<status status="PASS" starttime="20230522 01:07:53.016" endtime="20230522 01:07:53.102"/>
</test>
<test id="s1-s1-s1-t4" name="Scenario: Update the created user" line="28">
<kw name="Before Tests" library="test_keywords_common" type="SETUP">
<kw name="Create Session" library="RequestsLibrary">
<arg>serverest</arg>
<arg>${SERVER_BASE_URL}</arg>
<arg>disable_warnings=True</arg>
<doc>Create Session: create a HTTP session to a server</doc>
<msg timestamp="20230522 01:07:53.103" level="INFO">Creating Session using : alias=serverest, url=https://serverest.dev, headers={},                     cookies={}, auth=None, timeout=None, proxies=None, verify=False,                     debug=0 </msg>
<status status="PASS" starttime="20230522 01:07:53.103" endtime="20230522 01:07:53.103"/>
</kw>
<status status="PASS" starttime="20230522 01:07:53.103" endtime="20230522 01:07:53.103"/>
</kw>
<kw name="When I update the created user" library="test_keywords_users">
<kw name="Create Dictionary" library="BuiltIn">
<var>${payload}</var>
<arg>nome=John Smith</arg>
<arg>email=john.smith@example.com</arg>
<arg>password=P@ssw0rd123</arg>
<arg>administrador=false</arg>
<doc>Creates and returns a dictionary based on the given ``items``.</doc>
<msg timestamp="20230522 01:07:53.104" level="INFO">${payload} = {'nome': 'John Smith', 'email': 'john.smith@example.com', 'password': 'P@ssw0rd123', 'administrador': 'false'}</msg>
<status status="PASS" starttime="20230522 01:07:53.104" endtime="20230522 01:07:53.104"/>
</kw>
<kw name="Create Dictionary" library="BuiltIn">
<var>${headers}</var>
<arg>Content-Type=application/json</arg>
<doc>Creates and returns a dictionary based on the given ``items``.</doc>
<msg timestamp="20230522 01:07:53.104" level="INFO">${headers} = {'Content-Type': 'application/json'}</msg>
<status status="PASS" starttime="20230522 01:07:53.104" endtime="20230522 01:07:53.104"/>
</kw>
<kw name="PUT On Session" library="RequestsLibrary">
<var>${response}</var>
<arg>serverest</arg>
<arg>${USERS_API_ENDPOINT}/${USER_ID}</arg>
<arg>json=${payload}</arg>
<arg>headers=${headers}</arg>
<doc>Sends a PUT request on a previously created HTTP Session.</doc>
<msg timestamp="20230522 01:07:53.183" level="INFO">PUT Request : url=https://serverest.dev/usuarios/dL5tPCSVN010F3Q1 
 path_url=/usuarios/dL5tPCSVN010F3Q1 
 headers={'User-Agent': 'python-requests/2.30.0', 'Accept-Encoding': 'gzip, deflate', 'Accept': '*/*', 'Connection': 'keep-alive', 'Content-Type': 'application/json', 'Content-Length': '110'} 
 body=b'{"nome": "John Smith", "email": "john.smith@example.com", "password": "P@ssw0rd123", "administrador": "false"}' 
 </msg>
<msg timestamp="20230522 01:07:53.184" level="INFO">PUT Response : url=https://serverest.dev/usuarios/dL5tPCSVN010F3Q1 
 status=200, reason=OK 
 headers={'access-control-allow-origin': '*', 'x-dns-prefetch-control': 'off', 'x-frame-options': 'SAMEORIGIN', 'strict-transport-security': 'max-age=15552000; includeSubDomains', 'x-download-options': 'noopen', 'x-content-type-options': 'nosniff', 'x-xss-protection': '1; mode=block', 'x-moesif-transaction-id': '6b4a6f5e-2cb3-4fe8-96bc-3a60bb1a7ca7', 'content-type': 'application/json; charset=utf-8', 'X-Cloud-Trace-Context': '651d60c5438656779ff17f7ff8776b8b', 'Date': 'Mon, 22 May 2023 01:07:53 GMT', 'Server': 'Google Frontend', 'Content-Length': '50'} 
 body={
    "message": "Registro alterado com sucesso"
} 
 </msg>
<msg timestamp="20230522 01:07:53.184" level="INFO">${response} = &lt;Response [200]&gt;</msg>
<status status="PASS" starttime="20230522 01:07:53.105" endtime="20230522 01:07:53.184"/>
</kw>
<kw name="Set Test Variable" library="BuiltIn">
<arg>${response}</arg>
<doc>Makes a variable available everywhere within the scope of the current test.</doc>
<msg timestamp="20230522 01:07:53.184" level="INFO">${response} = &lt;Response [200]&gt;</msg>
<status status="PASS" starttime="20230522 01:07:53.184" endtime="20230522 01:07:53.184"/>
</kw>
<status status="PASS" starttime="20230522 01:07:53.104" endtime="20230522 01:07:53.184"/>
</kw>
<kw name="Then the response status code should be 200" library="test_keywords_users" sourcename="Then the response status code should be ${status_code}">
<kw name="Should Be Equal As Numbers" library="BuiltIn">
<arg>${response.status_code}</arg>
<arg>${status_code}</arg>
<doc>Fails if objects are unequal after converting them to real numbers.</doc>
<msg timestamp="20230522 01:07:53.185" level="INFO">Argument types are:
&lt;class 'int'&gt;
&lt;class 'str'&gt;</msg>
<status status="PASS" starttime="20230522 01:07:53.185" endtime="20230522 01:07:53.185"/>
</kw>
<kw name="Should Be True" library="BuiltIn">
<arg>${response.json()}</arg>
<doc>Fails if the given condition is not true.</doc>
<status status="PASS" starttime="20230522 01:07:53.186" endtime="20230522 01:07:53.186"/>
</kw>
<status status="PASS" starttime="20230522 01:07:53.184" endtime="20230522 01:07:53.186"/>
</kw>
<kw name="And the response body should not be empty" library="test_keywords_users">
<kw name="Should Not Be Empty" library="BuiltIn">
<arg>${response.json()}</arg>
<doc>Verifies that the given item is not empty.</doc>
<msg timestamp="20230522 01:07:53.187" level="INFO">Length is 1</msg>
<status status="PASS" starttime="20230522 01:07:53.187" endtime="20230522 01:07:53.187"/>
</kw>
<status status="PASS" starttime="20230522 01:07:53.186" endtime="20230522 01:07:53.187"/>
</kw>
<tag>api</tag>
<status status="PASS" starttime="20230522 01:07:53.102" endtime="20230522 01:07:53.187"/>
</test>
<test id="s1-s1-s1-t5" name="Scenario: Delete the created user" line="34">
<kw name="Before Tests" library="test_keywords_common" type="SETUP">
<kw name="Create Session" library="RequestsLibrary">
<arg>serverest</arg>
<arg>${SERVER_BASE_URL}</arg>
<arg>disable_warnings=True</arg>
<doc>Create Session: create a HTTP session to a server</doc>
<msg timestamp="20230522 01:07:53.189" level="INFO">Creating Session using : alias=serverest, url=https://serverest.dev, headers={},                     cookies={}, auth=None, timeout=None, proxies=None, verify=False,                     debug=0 </msg>
<status status="PASS" starttime="20230522 01:07:53.188" endtime="20230522 01:07:53.189"/>
</kw>
<status status="PASS" starttime="20230522 01:07:53.188" endtime="20230522 01:07:53.189"/>
</kw>
<kw name="When I delete the created user" library="test_keywords_users">
<kw name="DELETE On Session" library="RequestsLibrary">
<var>${response}</var>
<arg>serverest</arg>
<arg>${USERS_API_ENDPOINT}/${USER_ID}</arg>
<doc>Sends a DELETE request on a previously created HTTP Session.</doc>
<msg timestamp="20230522 01:07:53.266" level="INFO">DELETE Request : url=https://serverest.dev/usuarios/dL5tPCSVN010F3Q1 
 path_url=/usuarios/dL5tPCSVN010F3Q1 
 headers={'User-Agent': 'python-requests/2.30.0', 'Accept-Encoding': 'gzip, deflate', 'Accept': '*/*', 'Connection': 'keep-alive', 'Content-Length': '0'} 
 body=None 
 </msg>
<msg timestamp="20230522 01:07:53.266" level="INFO">DELETE Response : url=https://serverest.dev/usuarios/dL5tPCSVN010F3Q1 
 status=200, reason=OK 
 headers={'access-control-allow-origin': '*', 'x-dns-prefetch-control': 'off', 'x-frame-options': 'SAMEORIGIN', 'strict-transport-security': 'max-age=15552000; includeSubDomains', 'x-download-options': 'noopen', 'x-content-type-options': 'nosniff', 'x-xss-protection': '1; mode=block', 'x-moesif-transaction-id': '31f7e784-84fe-4455-9009-18ccb5094961', 'content-type': 'application/json; charset=utf-8', 'X-Cloud-Trace-Context': '8b8b82482f253e1a2cade657cc7c543f', 'Date': 'Mon, 22 May 2023 01:07:53 GMT', 'Server': 'Google Frontend', 'Content-Length': '51'} 
 body={
    "message": "Registro excluído com sucesso"
} 
 </msg>
<msg timestamp="20230522 01:07:53.266" level="INFO">${response} = &lt;Response [200]&gt;</msg>
<status status="PASS" starttime="20230522 01:07:53.190" endtime="20230522 01:07:53.266"/>
</kw>
<kw name="Set Test Variable" library="BuiltIn">
<arg>${response}</arg>
<doc>Makes a variable available everywhere within the scope of the current test.</doc>
<msg timestamp="20230522 01:07:53.266" level="INFO">${response} = &lt;Response [200]&gt;</msg>
<status status="PASS" starttime="20230522 01:07:53.266" endtime="20230522 01:07:53.266"/>
</kw>
<status status="PASS" starttime="20230522 01:07:53.189" endtime="20230522 01:07:53.266"/>
</kw>
<kw name="Then the response status code should be 200" library="test_keywords_users" sourcename="Then the response status code should be ${status_code}">
<kw name="Should Be Equal As Numbers" library="BuiltIn">
<arg>${response.status_code}</arg>
<arg>${status_code}</arg>
<doc>Fails if objects are unequal after converting them to real numbers.</doc>
<msg timestamp="20230522 01:07:53.267" level="INFO">Argument types are:
&lt;class 'int'&gt;
&lt;class 'str'&gt;</msg>
<status status="PASS" starttime="20230522 01:07:53.267" endtime="20230522 01:07:53.268"/>
</kw>
<kw name="Should Be True" library="BuiltIn">
<arg>${response.json()}</arg>
<doc>Fails if the given condition is not true.</doc>
<status status="PASS" starttime="20230522 01:07:53.268" endtime="20230522 01:07:53.268"/>
</kw>
<status status="PASS" starttime="20230522 01:07:53.267" endtime="20230522 01:07:53.268"/>
</kw>
<kw name="And the response body should not be empty" library="test_keywords_users">
<kw name="Should Not Be Empty" library="BuiltIn">
<arg>${response.json()}</arg>
<doc>Verifies that the given item is not empty.</doc>
<msg timestamp="20230522 01:07:53.269" level="INFO">Length is 1</msg>
<status status="PASS" starttime="20230522 01:07:53.269" endtime="20230522 01:07:53.269"/>
</kw>
<status status="PASS" starttime="20230522 01:07:53.268" endtime="20230522 01:07:53.269"/>
</kw>
<tag>api</tag>
<status status="PASS" starttime="20230522 01:07:53.188" endtime="20230522 01:07:53.269"/>
</test>
<status status="PASS" starttime="20230522 01:07:52.146" endtime="20230522 01:07:53.270"/>
</suite>
<status status="PASS" starttime="20230522 01:07:52.144" endtime="20230522 01:07:53.271"/>
</suite>
<suite id="s1-s2" name="Ui" source="/home/runner/work/gen-ai-robot-test/gen-ai-robot-test/tests/ui">
<suite id="s1-s2-s1" name="Test Ui Signup" source="/home/runner/work/gen-ai-robot-test/gen-ai-robot-test/tests/ui/test_ui_signup.robot">
<test id="s1-s2-s1-t1" name="Scenario: Signup with empty fields" line="10">
<kw name="Before Tests" library="test_keywords_common" type="SETUP">
<kw name="Open Browser" library="SeleniumLibrary">
<arg>${SERVER_BASE_URL}</arg>
<arg>${HEADLESS} ${BROWSER}</arg>
<doc>Opens a new browser instance to the optional ``url``.</doc>
<msg timestamp="20230522 01:07:53.281" level="INFO">Opening browser 'headless Chrome' to base url 'https://front.serverest.dev/'.</msg>
<status status="PASS" starttime="20230522 01:07:53.280" endtime="20230522 01:08:17.558"/>
</kw>
<kw name="Maximize Browser Window" library="SeleniumLibrary">
<doc>Maximizes current browser window.</doc>
<status status="PASS" starttime="20230522 01:08:17.558" endtime="20230522 01:08:17.697"/>
</kw>
<status status="PASS" starttime="20230522 01:07:53.280" endtime="20230522 01:08:17.698"/>
</kw>
<kw name="Given Im on the signup page" library="test_keywords_signup">
<kw name="Location Should Be" library="SeleniumLibrary">
<arg>https://front.serverest.dev/login</arg>
<doc>Verifies that the current URL is exactly ``url``.</doc>
<msg timestamp="20230522 01:08:17.703" level="INFO">Current location is 'https://front.serverest.dev/login'.</msg>
<status status="PASS" starttime="20230522 01:08:17.698" endtime="20230522 01:08:17.703"/>
</kw>
<kw name="Click Element" library="SeleniumLibrary">
<arg>css=a.btn.btn-link</arg>
<doc>Click the element identified by ``locator``.</doc>
<msg timestamp="20230522 01:08:17.704" level="INFO">Clicking element 'css=a.btn.btn-link'.</msg>
<status status="PASS" starttime="20230522 01:08:17.703" endtime="20230522 01:08:17.938"/>
</kw>
<status status="PASS" starttime="20230522 01:08:17.698" endtime="20230522 01:08:17.938"/>
</kw>
<kw name="When I click in signup" library="test_keywords_signup">
<kw name="Click Button" library="SeleniumLibrary">
<arg>css=.btn.btn-primary</arg>
<doc>Clicks the button identified by ``locator``.</doc>
<msg timestamp="20230522 01:08:17.939" level="INFO">Clicking button 'css=.btn.btn-primary'.</msg>
<status status="PASS" starttime="20230522 01:08:17.938" endtime="20230522 01:08:18.110"/>
</kw>
<status status="PASS" starttime="20230522 01:08:17.938" endtime="20230522 01:08:18.110"/>
</kw>
<kw name="Then required field messages should be displayed" library="test_keywords_signup">
<kw name="Wait Until Element Is Visible" library="SeleniumLibrary">
<arg>css=.alert-dismissible</arg>
<arg>timeout=10s</arg>
<doc>Waits until the element ``locator`` is visible.</doc>
<status status="PASS" starttime="20230522 01:08:18.111" endtime="20230522 01:08:18.363"/>
</kw>
<kw name="Element Should Be Visible" library="SeleniumLibrary">
<arg>css=.alert-dismissible</arg>
<doc>Verifies that the element identified by ``locator`` is visible.</doc>
<msg timestamp="20230522 01:08:18.381" level="INFO">Element 'css=.alert-dismissible' is displayed.</msg>
<status status="PASS" starttime="20230522 01:08:18.364" endtime="20230522 01:08:18.381"/>
</kw>
<kw name="Page Should Contain" library="SeleniumLibrary">
<arg>Nome é obrigatório</arg>
<doc>Verifies that current page contains ``text``.</doc>
<msg timestamp="20230522 01:08:18.417" level="INFO">Current page contains text 'Nome é obrigatório'.</msg>
<status status="PASS" starttime="20230522 01:08:18.381" endtime="20230522 01:08:18.417"/>
</kw>
<kw name="Page Should Contain" library="SeleniumLibrary">
<arg>Email é obrigatório</arg>
<doc>Verifies that current page contains ``text``.</doc>
<msg timestamp="20230522 01:08:18.429" level="INFO">Current page contains text 'Email é obrigatório'.</msg>
<status status="PASS" starttime="20230522 01:08:18.417" endtime="20230522 01:08:18.429"/>
</kw>
<kw name="Page Should Contain" library="SeleniumLibrary">
<arg>Password é obrigatório</arg>
<doc>Verifies that current page contains ``text``.</doc>
<msg timestamp="20230522 01:08:18.441" level="INFO">Current page contains text 'Password é obrigatório'.</msg>
<status status="PASS" starttime="20230522 01:08:18.430" endtime="20230522 01:08:18.442"/>
</kw>
<status status="PASS" starttime="20230522 01:08:18.110" endtime="20230522 01:08:18.442"/>
</kw>
<kw name="After Tests" library="test_keywords_common" type="TEARDOWN">
<kw name="Close Browser" library="SeleniumLibrary">
<doc>Closes the current browser.</doc>
<status status="PASS" starttime="20230522 01:08:18.442" endtime="20230522 01:08:18.496"/>
</kw>
<status status="PASS" starttime="20230522 01:08:18.442" endtime="20230522 01:08:18.497"/>
</kw>
<tag>ui</tag>
<status status="PASS" starttime="20230522 01:07:53.280" endtime="20230522 01:08:18.497"/>
</test>
<test id="s1-s2-s1-t2" name="Scenario: Signup done successfully" line="16">
<kw name="Before Tests" library="test_keywords_common" type="SETUP">
<kw name="Open Browser" library="SeleniumLibrary">
<arg>${SERVER_BASE_URL}</arg>
<arg>${HEADLESS} ${BROWSER}</arg>
<doc>Opens a new browser instance to the optional ``url``.</doc>
<msg timestamp="20230522 01:08:18.499" level="INFO">Opening browser 'headless Chrome' to base url 'https://front.serverest.dev/'.</msg>
<status status="PASS" starttime="20230522 01:08:18.498" endtime="20230522 01:08:19.826"/>
</kw>
<kw name="Maximize Browser Window" library="SeleniumLibrary">
<doc>Maximizes current browser window.</doc>
<status status="PASS" starttime="20230522 01:08:19.827" endtime="20230522 01:08:19.930"/>
</kw>
<status status="PASS" starttime="20230522 01:08:18.498" endtime="20230522 01:08:19.930"/>
</kw>
<kw name="Given Im on the signup page" library="test_keywords_signup">
<kw name="Location Should Be" library="SeleniumLibrary">
<arg>https://front.serverest.dev/login</arg>
<doc>Verifies that the current URL is exactly ``url``.</doc>
<msg timestamp="20230522 01:08:19.935" level="INFO">Current location is 'https://front.serverest.dev/login'.</msg>
<status status="PASS" starttime="20230522 01:08:19.930" endtime="20230522 01:08:19.935"/>
</kw>
<kw name="Click Element" library="SeleniumLibrary">
<arg>css=a.btn.btn-link</arg>
<doc>Click the element identified by ``locator``.</doc>
<msg timestamp="20230522 01:08:19.936" level="INFO">Clicking element 'css=a.btn.btn-link'.</msg>
<status status="PASS" starttime="20230522 01:08:19.935" endtime="20230522 01:08:19.987"/>
</kw>
<status status="PASS" starttime="20230522 01:08:19.930" endtime="20230522 01:08:19.987"/>
</kw>
<kw name="And I fill in the signup fields with valid data" library="test_keywords_signup">
<kw name="Name" library="FakerLibrary">
<var>${name}</var>
<doc>:example 'John Doe'</doc>
<msg timestamp="20230522 01:08:19.988" level="INFO">${name} = David Crawford</msg>
<status status="PASS" starttime="20230522 01:08:19.987" endtime="20230522 01:08:19.988"/>
</kw>
<kw name="Email" library="FakerLibrary">
<var>${email}</var>
<msg timestamp="20230522 01:08:19.988" level="INFO">${email} = garciasteven@example.com</msg>
<status status="PASS" starttime="20230522 01:08:19.988" endtime="20230522 01:08:19.988"/>
</kw>
<kw name="Password" library="FakerLibrary">
<var>${password}</var>
<doc>Generate a random password of the specified ``length``.</doc>
<msg timestamp="20230522 01:08:19.989" level="INFO">${password} = x&amp;0EiUgP%e</msg>
<status status="PASS" starttime="20230522 01:08:19.989" endtime="20230522 01:08:19.989"/>
</kw>
<kw name="Input Text" library="SeleniumLibrary">
<arg>id:nome</arg>
<arg>${name}</arg>
<doc>Types the given ``text`` into the text field identified by ``locator``.</doc>
<msg timestamp="20230522 01:08:19.989" level="INFO">Typing text 'David Crawford' into text field 'id:nome'.</msg>
<status status="PASS" starttime="20230522 01:08:19.989" endtime="20230522 01:08:20.189"/>
</kw>
<kw name="Input Text" library="SeleniumLibrary">
<arg>id:email</arg>
<arg>${email}</arg>
<doc>Types the given ``text`` into the text field identified by ``locator``.</doc>
<msg timestamp="20230522 01:08:20.190" level="INFO">Typing text 'garciasteven@example.com' into text field 'id:email'.</msg>
<status status="PASS" starttime="20230522 01:08:20.189" endtime="20230522 01:08:20.405"/>
</kw>
<kw name="Input Text" library="SeleniumLibrary">
<arg>id:password</arg>
<arg>${password}</arg>
<doc>Types the given ``text`` into the text field identified by ``locator``.</doc>
<msg timestamp="20230522 01:08:20.406" level="INFO">Typing text 'x&amp;0EiUgP%e' into text field 'id:password'.</msg>
<status status="PASS" starttime="20230522 01:08:20.405" endtime="20230522 01:08:20.704"/>
</kw>
<kw name="Select Checkbox" library="SeleniumLibrary">
<arg>id=administrador</arg>
<doc>Selects the checkbox identified by ``locator``.</doc>
<msg timestamp="20230522 01:08:20.705" level="INFO">Selecting checkbox 'id=administrador'.</msg>
<status status="PASS" starttime="20230522 01:08:20.704" endtime="20230522 01:08:20.783"/>
</kw>
<kw name="Set Suite Variable" library="BuiltIn">
<arg>${name}</arg>
<doc>Makes a variable available everywhere within the scope of the current suite.</doc>
<msg timestamp="20230522 01:08:20.784" level="INFO">${name} = David Crawford</msg>
<status status="PASS" starttime="20230522 01:08:20.783" endtime="20230522 01:08:20.784"/>
</kw>
<kw name="Set Suite Variable" library="BuiltIn">
<arg>${email}</arg>
<doc>Makes a variable available everywhere within the scope of the current suite.</doc>
<msg timestamp="20230522 01:08:20.784" level="INFO">${email} = garciasteven@example.com</msg>
<status status="PASS" starttime="20230522 01:08:20.784" endtime="20230522 01:08:20.784"/>
</kw>
<kw name="Set Suite Variable" library="BuiltIn">
<arg>${password}</arg>
<doc>Makes a variable available everywhere within the scope of the current suite.</doc>
<msg timestamp="20230522 01:08:20.785" level="INFO">${password} = x&amp;0EiUgP%e</msg>
<status status="PASS" starttime="20230522 01:08:20.784" endtime="20230522 01:08:20.785"/>
</kw>
<status status="PASS" starttime="20230522 01:08:19.987" endtime="20230522 01:08:20.785"/>
</kw>
<kw name="When I click in signup" library="test_keywords_signup">
<kw name="Click Button" library="SeleniumLibrary">
<arg>css=.btn.btn-primary</arg>
<doc>Clicks the button identified by ``locator``.</doc>
<msg timestamp="20230522 01:08:20.786" level="INFO">Clicking button 'css=.btn.btn-primary'.</msg>
<status status="PASS" starttime="20230522 01:08:20.785" endtime="20230522 01:08:20.845"/>
</kw>
<status status="PASS" starttime="20230522 01:08:20.785" endtime="20230522 01:08:20.845"/>
</kw>
<kw name="Then the page should contain the text &quot;Cadastro realizado com sucesso&quot;" library="test_keywords_signup" sourcename="Then the page should contain the text &quot;${expected_text}&quot;">
<kw name="Wait Until Element Is Visible" library="SeleniumLibrary">
<arg>css=.alert-dismissible</arg>
<arg>timeout=10s</arg>
<doc>Waits until the element ``locator`` is visible.</doc>
<status status="PASS" starttime="20230522 01:08:20.846" endtime="20230522 01:08:21.078"/>
</kw>
<kw name="Element Should Be Visible" library="SeleniumLibrary">
<arg>css=.alert-dismissible</arg>
<doc>Verifies that the element identified by ``locator`` is visible.</doc>
<msg timestamp="20230522 01:08:21.096" level="INFO">Element 'css=.alert-dismissible' is displayed.</msg>
<status status="PASS" starttime="20230522 01:08:21.079" endtime="20230522 01:08:21.096"/>
</kw>
<kw name="Page Should Contain" library="SeleniumLibrary">
<arg>${expected_text}</arg>
<doc>Verifies that current page contains ``text``.</doc>
<msg timestamp="20230522 01:08:21.109" level="INFO">Current page contains text 'Cadastro realizado com sucesso'.</msg>
<status status="PASS" starttime="20230522 01:08:21.097" endtime="20230522 01:08:21.109"/>
</kw>
<status status="PASS" starttime="20230522 01:08:20.846" endtime="20230522 01:08:21.109"/>
</kw>
<kw name="After Tests" library="test_keywords_common" type="TEARDOWN">
<kw name="Close Browser" library="SeleniumLibrary">
<doc>Closes the current browser.</doc>
<status status="PASS" starttime="20230522 01:08:21.110" endtime="20230522 01:08:21.165"/>
</kw>
<status status="PASS" starttime="20230522 01:08:21.109" endtime="20230522 01:08:21.165"/>
</kw>
<tag>ui</tag>
<status status="PASS" starttime="20230522 01:08:18.497" endtime="20230522 01:08:21.165"/>
</test>
<test id="s1-s2-s1-t3" name="Scenario: Signup with already used email" line="23">
<kw name="Before Tests" library="test_keywords_common" type="SETUP">
<kw name="Open Browser" library="SeleniumLibrary">
<arg>${SERVER_BASE_URL}</arg>
<arg>${HEADLESS} ${BROWSER}</arg>
<doc>Opens a new browser instance to the optional ``url``.</doc>
<msg timestamp="20230522 01:08:21.168" level="INFO">Opening browser 'headless Chrome' to base url 'https://front.serverest.dev/'.</msg>
<status status="PASS" starttime="20230522 01:08:21.167" endtime="20230522 01:08:22.547"/>
</kw>
<kw name="Maximize Browser Window" library="SeleniumLibrary">
<doc>Maximizes current browser window.</doc>
<status status="PASS" starttime="20230522 01:08:22.548" endtime="20230522 01:08:22.651"/>
</kw>
<status status="PASS" starttime="20230522 01:08:21.167" endtime="20230522 01:08:22.651"/>
</kw>
<kw name="Given Im on the signup page" library="test_keywords_signup">
<kw name="Location Should Be" library="SeleniumLibrary">
<arg>https://front.serverest.dev/login</arg>
<doc>Verifies that the current URL is exactly ``url``.</doc>
<msg timestamp="20230522 01:08:22.656" level="INFO">Current location is 'https://front.serverest.dev/login'.</msg>
<status status="PASS" starttime="20230522 01:08:22.652" endtime="20230522 01:08:22.656"/>
</kw>
<kw name="Click Element" library="SeleniumLibrary">
<arg>css=a.btn.btn-link</arg>
<doc>Click the element identified by ``locator``.</doc>
<msg timestamp="20230522 01:08:22.657" level="INFO">Clicking element 'css=a.btn.btn-link'.</msg>
<status status="PASS" starttime="20230522 01:08:22.656" endtime="20230522 01:08:22.710"/>
</kw>
<status status="PASS" starttime="20230522 01:08:22.651" endtime="20230522 01:08:22.710"/>
</kw>
<kw name="And I fill in the signup fields with an email already registered" library="test_keywords_signup">
<kw name="Input Text" library="SeleniumLibrary">
<arg>id:nome</arg>
<arg>${name}</arg>
<doc>Types the given ``text`` into the text field identified by ``locator``.</doc>
<msg timestamp="20230522 01:08:22.711" level="INFO">Typing text 'David Crawford' into text field 'id:nome'.</msg>
<status status="PASS" starttime="20230522 01:08:22.710" endtime="20230522 01:08:22.821"/>
</kw>
<kw name="Input Text" library="SeleniumLibrary">
<arg>id:email</arg>
<arg>${email}</arg>
<doc>Types the given ``text`` into the text field identified by ``locator``.</doc>
<msg timestamp="20230522 01:08:22.822" level="INFO">Typing text 'garciasteven@example.com' into text field 'id:email'.</msg>
<status status="PASS" starttime="20230522 01:08:22.821" endtime="20230522 01:08:22.977"/>
</kw>
<kw name="Input Text" library="SeleniumLibrary">
<arg>id:password</arg>
<arg>${password}</arg>
<doc>Types the given ``text`` into the text field identified by ``locator``.</doc>
<msg timestamp="20230522 01:08:22.978" level="INFO">Typing text 'x&amp;0EiUgP%e' into text field 'id:password'.</msg>
<status status="PASS" starttime="20230522 01:08:22.977" endtime="20230522 01:08:23.060"/>
</kw>
<kw name="Select Checkbox" library="SeleniumLibrary">
<arg>id=administrador</arg>
<doc>Selects the checkbox identified by ``locator``.</doc>
<msg timestamp="20230522 01:08:23.061" level="INFO">Selecting checkbox 'id=administrador'.</msg>
<status status="PASS" starttime="20230522 01:08:23.061" endtime="20230522 01:08:23.136"/>
</kw>
<status status="PASS" starttime="20230522 01:08:22.710" endtime="20230522 01:08:23.136"/>
</kw>
<kw name="When I click in signup" library="test_keywords_signup">
<kw name="Click Button" library="SeleniumLibrary">
<arg>css=.btn.btn-primary</arg>
<doc>Clicks the button identified by ``locator``.</doc>
<msg timestamp="20230522 01:08:23.137" level="INFO">Clicking button 'css=.btn.btn-primary'.</msg>
<status status="PASS" starttime="20230522 01:08:23.136" endtime="20230522 01:08:23.193"/>
</kw>
<status status="PASS" starttime="20230522 01:08:23.136" endtime="20230522 01:08:23.193"/>
</kw>
<kw name="Then the page should contain the text &quot;Este email já está sendo usado&quot;" library="test_keywords_signup" sourcename="Then the page should contain the text &quot;${expected_text}&quot;">
<kw name="Wait Until Element Is Visible" library="SeleniumLibrary">
<arg>css=.alert-dismissible</arg>
<arg>timeout=10s</arg>
<doc>Waits until the element ``locator`` is visible.</doc>
<status status="PASS" starttime="20230522 01:08:23.193" endtime="20230522 01:08:23.425"/>
</kw>
<kw name="Element Should Be Visible" library="SeleniumLibrary">
<arg>css=.alert-dismissible</arg>
<doc>Verifies that the element identified by ``locator`` is visible.</doc>
<msg timestamp="20230522 01:08:23.443" level="INFO">Element 'css=.alert-dismissible' is displayed.</msg>
<status status="PASS" starttime="20230522 01:08:23.425" endtime="20230522 01:08:23.443"/>
</kw>
<kw name="Page Should Contain" library="SeleniumLibrary">
<arg>${expected_text}</arg>
<doc>Verifies that current page contains ``text``.</doc>
<msg timestamp="20230522 01:08:23.455" level="INFO">Current page contains text 'Este email já está sendo usado'.</msg>
<status status="PASS" starttime="20230522 01:08:23.443" endtime="20230522 01:08:23.455"/>
</kw>
<status status="PASS" starttime="20230522 01:08:23.193" endtime="20230522 01:08:23.456"/>
</kw>
<kw name="After Tests" library="test_keywords_common" type="TEARDOWN">
<kw name="Close Browser" library="SeleniumLibrary">
<doc>Closes the current browser.</doc>
<status status="PASS" starttime="20230522 01:08:23.456" endtime="20230522 01:08:23.511"/>
</kw>
<status status="PASS" starttime="20230522 01:08:23.456" endtime="20230522 01:08:23.511"/>
</kw>
<tag>ui</tag>
<status status="PASS" starttime="20230522 01:08:21.166" endtime="20230522 01:08:23.511"/>
</test>
<status status="PASS" starttime="20230522 01:07:53.273" endtime="20230522 01:08:23.512"/>
</suite>
<status status="PASS" starttime="20230522 01:07:53.272" endtime="20230522 01:08:23.514"/>
</suite>
<status status="PASS" starttime="20230522 01:07:52.126" endtime="20230522 01:08:23.515"/>
</suite>
<statistics>
<total>
<stat pass="8" fail="0" skip="0">All Tests</stat>
</total>
<tag>
<stat pass="5" fail="0" skip="0">api</stat>
<stat pass="3" fail="0" skip="0">ui</stat>
</tag>
<suite>
<stat pass="8" fail="0" skip="0" id="s1" name="Tests">Tests</stat>
<stat pass="5" fail="0" skip="0" id="s1-s1" name="Api">Tests.Api</stat>
<stat pass="5" fail="0" skip="0" id="s1-s1-s1" name="Test Api Users">Tests.Api.Test Api Users</stat>
<stat pass="3" fail="0" skip="0" id="s1-s2" name="Ui">Tests.Ui</stat>
<stat pass="3" fail="0" skip="0" id="s1-s2-s1" name="Test Ui Signup">Tests.Ui.Test Ui Signup</stat>
</suite>
</statistics>
<errors>
</errors>
</robot>
