<?xml version="1.0" encoding="UTF-8"?>
<robot generator="Robot 6.0.2 (Python 3.8.16 on linux)" generated="20230605 17:29:12.345" rpa="false" schemaversion="3">
<suite id="s1" name="Tests" source="/home/runner/work/gen-ai-robot-test/gen-ai-robot-test/tests">
<suite id="s1-s1" name="Api" source="/home/runner/work/gen-ai-robot-test/gen-ai-robot-test/tests/api">
<suite id="s1-s1-s1" name="Test Api Users" source="/home/runner/work/gen-ai-robot-test/gen-ai-robot-test/tests/api/test_api_users.robot">
<test id="s1-s1-s1-t1" name="Scenario: Get all registered users" line="9">
<kw name="Before Tests" library="test_keywords_common" type="SETUP">
<kw name="Create Session" library="RequestsLibrary">
<arg>serverest</arg>
<arg>${SERVER_BASE_URL}</arg>
<arg>disable_warnings=True</arg>
<doc>Create Session: create a HTTP session to a server</doc>
<msg timestamp="20230605 17:29:12.894" level="INFO">Creating Session using : alias=serverest, url=https://serverest.dev, headers={},                     cookies={}, auth=None, timeout=None, proxies=None, verify=False,                     debug=0 </msg>
<status status="PASS" starttime="20230605 17:29:12.893" endtime="20230605 17:29:12.894"/>
</kw>
<status status="PASS" starttime="20230605 17:29:12.893" endtime="20230605 17:29:12.894"/>
</kw>
<kw name="When I request the list of all registered users" library="test_keywords_users">
<kw name="GET On Session" library="RequestsLibrary">
<var>${response}</var>
<arg>serverest</arg>
<arg>${USERS_API_ENDPOINT}</arg>
<doc>Sends a GET request on a previously created HTTP Session.</doc>
<msg timestamp="20230605 17:29:13.031" level="INFO">GET Request : url=https://serverest.dev/usuarios 
 path_url=/usuarios 
 headers={'User-Agent': 'python-requests/2.31.0', 'Accept-Encoding': 'gzip, deflate', 'Accept': '*/*', 'Connection': 'keep-alive'} 
 body=None 
 </msg>
<msg timestamp="20230605 17:29:13.031" level="INFO">GET Response : url=https://serverest.dev/usuarios 
 status=200, reason=OK 
 headers={'access-control-allow-origin': '*', 'x-dns-prefetch-control': 'off', 'x-frame-options': 'SAMEORIGIN', 'strict-transport-security': 'max-age=15552000; includeSubDomains', 'x-download-options': 'noopen', 'x-content-type-options': 'nosniff', 'x-xss-protection': '1; mode=block', 'x-moesif-transaction-id': 'e9b8dcdf-5ff4-4aae-9957-13f3252423b3', 'content-type': 'application/json; charset=utf-8', 'X-Cloud-Trace-Context': 'bf1d6de8646265987beb1cd763bda18a;o=1', 'Date': 'Mon, 05 Jun 2023 17:29:13 GMT', 'Server': 'Google Frontend', 'Content-Length': '672'} 
 body={
    "quantidade": 3,
    "usuarios": [
        {
            "nome": "Fulano da Silva",
            "email": "fulano@qa.com",
            "password": "teste",
            "administrador": "true",
            "_id": "0uxuPY0cbmQhpEz1"
        },
        {
            "nome": "Karen Jordan",
            "email": "izuniga@example.com",
            "password": "kEQ0VHXh4Bt1",
            "administrador": "true",
            "_id": "P10st5Gu1ArvSype"
        },
        {
            "nome": "a test",
            "email": "teste@email.com",
            "password": "teste1234",
            "administrador": "true",
            "_id": "v1uF7XBzkoBHZl4r"
        }
    ]
} 
 </msg>
<msg timestamp="20230605 17:29:13.031" level="INFO">${response} = &lt;Response [200]&gt;</msg>
<status status="PASS" starttime="20230605 17:29:12.895" endtime="20230605 17:29:13.031"/>
</kw>
<kw name="Set Test Variable" library="BuiltIn">
<arg>${response}</arg>
<doc>Makes a variable available everywhere within the scope of the current test.</doc>
<msg timestamp="20230605 17:29:13.032" level="INFO">${response} = &lt;Response [200]&gt;</msg>
<status status="PASS" starttime="20230605 17:29:13.031" endtime="20230605 17:29:13.032"/>
</kw>
<status status="PASS" starttime="20230605 17:29:12.894" endtime="20230605 17:29:13.032"/>
</kw>
<kw name="Then the response status code should be 200" library="test_keywords_users" sourcename="Then the response status code should be ${status_code}">
<kw name="Should Be Equal As Numbers" library="BuiltIn">
<arg>${response.status_code}</arg>
<arg>${status_code}</arg>
<doc>Fails if objects are unequal after converting them to real numbers.</doc>
<msg timestamp="20230605 17:29:13.033" level="INFO">Argument types are:
&lt;class 'int'&gt;
&lt;class 'str'&gt;</msg>
<status status="PASS" starttime="20230605 17:29:13.032" endtime="20230605 17:29:13.033"/>
</kw>
<kw name="Should Be True" library="BuiltIn">
<arg>${response.json()}</arg>
<doc>Fails if the given condition is not true.</doc>
<status status="PASS" starttime="20230605 17:29:13.033" endtime="20230605 17:29:13.034"/>
</kw>
<status status="PASS" starttime="20230605 17:29:13.032" endtime="20230605 17:29:13.034"/>
</kw>
<kw name="And the response body should not be empty" library="test_keywords_users">
<kw name="Should Not Be Empty" library="BuiltIn">
<arg>${response.json()}</arg>
<doc>Verifies that the given item is not empty.</doc>
<msg timestamp="20230605 17:29:13.035" level="INFO">Length is 2</msg>
<status status="PASS" starttime="20230605 17:29:13.034" endtime="20230605 17:29:13.035"/>
</kw>
<status status="PASS" starttime="20230605 17:29:13.034" endtime="20230605 17:29:13.035"/>
</kw>
<tag>api</tag>
<status status="PASS" starttime="20230605 17:29:12.892" endtime="20230605 17:29:13.035"/>
</test>
<test id="s1-s1-s1-t2" name="Scenario: Create a new user" line="15">
<kw name="Before Tests" library="test_keywords_common" type="SETUP">
<kw name="Create Session" library="RequestsLibrary">
<arg>serverest</arg>
<arg>${SERVER_BASE_URL}</arg>
<arg>disable_warnings=True</arg>
<doc>Create Session: create a HTTP session to a server</doc>
<msg timestamp="20230605 17:29:13.036" level="INFO">Creating Session using : alias=serverest, url=https://serverest.dev, headers={},                     cookies={}, auth=None, timeout=None, proxies=None, verify=False,                     debug=0 </msg>
<status status="PASS" starttime="20230605 17:29:13.036" endtime="20230605 17:29:13.037"/>
</kw>
<status status="PASS" starttime="20230605 17:29:13.036" endtime="20230605 17:29:13.037"/>
</kw>
<kw name="Given I have a valid user data" library="test_keywords_users">
<kw name="Name" library="FakerLibrary">
<var>${name}</var>
<doc>:example 'John Doe'</doc>
<msg timestamp="20230605 17:29:13.037" level="INFO">${name} = Nicole Griffin</msg>
<status status="PASS" starttime="20230605 17:29:13.037" endtime="20230605 17:29:13.037"/>
</kw>
<kw name="Email" library="FakerLibrary">
<var>${email}</var>
<msg timestamp="20230605 17:29:13.038" level="INFO">${email} = chloe07@example.net</msg>
<status status="PASS" starttime="20230605 17:29:13.038" endtime="20230605 17:29:13.038"/>
</kw>
<kw name="Password" library="FakerLibrary">
<var>${password}</var>
<arg>length=12</arg>
<arg>special_chars=False</arg>
<doc>Generate a random password of the specified ``length``.</doc>
<msg timestamp="20230605 17:29:13.038" level="INFO">${password} = 0SQdoP7TIhRi</msg>
<status status="PASS" starttime="20230605 17:29:13.038" endtime="20230605 17:29:13.038"/>
</kw>
<kw name="Set Suite Variable" library="BuiltIn">
<arg>${name}</arg>
<doc>Makes a variable available everywhere within the scope of the current suite.</doc>
<msg timestamp="20230605 17:29:13.039" level="INFO">${name} = Nicole Griffin</msg>
<status status="PASS" starttime="20230605 17:29:13.039" endtime="20230605 17:29:13.039"/>
</kw>
<kw name="Set Suite Variable" library="BuiltIn">
<arg>${email}</arg>
<doc>Makes a variable available everywhere within the scope of the current suite.</doc>
<msg timestamp="20230605 17:29:13.039" level="INFO">${email} = chloe07@example.net</msg>
<status status="PASS" starttime="20230605 17:29:13.039" endtime="20230605 17:29:13.039"/>
</kw>
<kw name="Set Suite Variable" library="BuiltIn">
<arg>${password}</arg>
<doc>Makes a variable available everywhere within the scope of the current suite.</doc>
<msg timestamp="20230605 17:29:13.039" level="INFO">${password} = 0SQdoP7TIhRi</msg>
<status status="PASS" starttime="20230605 17:29:13.039" endtime="20230605 17:29:13.039"/>
</kw>
<status status="PASS" starttime="20230605 17:29:13.037" endtime="20230605 17:29:13.040"/>
</kw>
<kw name="When I create the user" library="test_keywords_users">
<kw name="Create Dictionary" library="BuiltIn">
<var>${payload}</var>
<arg>nome=${name}</arg>
<arg>email=${email}</arg>
<arg>password=${password}</arg>
<arg>administrador=false</arg>
<doc>Creates and returns a dictionary based on the given ``items``.</doc>
<msg timestamp="20230605 17:29:13.040" level="INFO">${payload} = {'nome': 'Nicole Griffin', 'email': 'chloe07@example.net', 'password': '0SQdoP7TIhRi', 'administrador': 'false'}</msg>
<status status="PASS" starttime="20230605 17:29:13.040" endtime="20230605 17:29:13.040"/>
</kw>
<kw name="Create Dictionary" library="BuiltIn">
<var>${headers}</var>
<arg>Content-Type=application/json</arg>
<doc>Creates and returns a dictionary based on the given ``items``.</doc>
<msg timestamp="20230605 17:29:13.041" level="INFO">${headers} = {'Content-Type': 'application/json'}</msg>
<status status="PASS" starttime="20230605 17:29:13.041" endtime="20230605 17:29:13.041"/>
</kw>
<kw name="POST On Session" library="RequestsLibrary">
<var>${response}</var>
<arg>serverest</arg>
<arg>${USERS_API_ENDPOINT}</arg>
<arg>json=${payload}</arg>
<arg>headers=${headers}</arg>
<doc>Sends a POST request on a previously created HTTP Session.</doc>
<msg timestamp="20230605 17:29:13.120" level="INFO">POST Request : url=https://serverest.dev/usuarios 
 path_url=/usuarios 
 headers={'User-Agent': 'python-requests/2.31.0', 'Accept-Encoding': 'gzip, deflate', 'Accept': '*/*', 'Connection': 'keep-alive', 'Content-Type': 'application/json', 'Content-Length': '112'} 
 body=b'{"nome": "Nicole Griffin", "email": "chloe07@example.net", "password": "0SQdoP7TIhRi", "administrador": "false"}' 
 </msg>
<msg timestamp="20230605 17:29:13.120" level="INFO">POST Response : url=https://serverest.dev/usuarios 
 status=201, reason=Created 
 headers={'access-control-allow-origin': '*', 'x-dns-prefetch-control': 'off', 'x-frame-options': 'SAMEORIGIN', 'strict-transport-security': 'max-age=15552000; includeSubDomains', 'x-download-options': 'noopen', 'x-content-type-options': 'nosniff', 'x-xss-protection': '1; mode=block', 'x-moesif-transaction-id': 'ed2a05c8-217a-42ef-a3d9-0704e57774c6', 'content-type': 'application/json; charset=utf-8', 'X-Cloud-Trace-Context': '91ffaa8af8201a1176e713d9d5609753', 'Date': 'Mon, 05 Jun 2023 17:29:13 GMT', 'Server': 'Google Frontend', 'Content-Length': '82'} 
 body={
    "message": "Cadastro realizado com sucesso",
    "_id": "Z5LdOkgdSLpjI7xR"
} 
 </msg>
<msg timestamp="20230605 17:29:13.120" level="INFO">${response} = &lt;Response [201]&gt;</msg>
<status status="PASS" starttime="20230605 17:29:13.041" endtime="20230605 17:29:13.120"/>
</kw>
<kw name="Set Variable" library="BuiltIn">
<var>${user_id}</var>
<arg>${response.json()['_id']}</arg>
<doc>Returns the given values which can then be assigned to a variables.</doc>
<msg timestamp="20230605 17:29:13.121" level="INFO">${user_id} = Z5LdOkgdSLpjI7xR</msg>
<status status="PASS" starttime="20230605 17:29:13.120" endtime="20230605 17:29:13.121"/>
</kw>
<kw name="Set Global Variable" library="BuiltIn">
<arg>${USER_ID}</arg>
<arg>${user_id}</arg>
<doc>Makes a variable available globally in all tests and suites.</doc>
<msg timestamp="20230605 17:29:13.122" level="INFO">${USER_ID} = Z5LdOkgdSLpjI7xR</msg>
<status status="PASS" starttime="20230605 17:29:13.121" endtime="20230605 17:29:13.122"/>
</kw>
<kw name="Set Test Variable" library="BuiltIn">
<arg>${response}</arg>
<doc>Makes a variable available everywhere within the scope of the current test.</doc>
<msg timestamp="20230605 17:29:13.122" level="INFO">${response} = &lt;Response [201]&gt;</msg>
<status status="PASS" starttime="20230605 17:29:13.122" endtime="20230605 17:29:13.122"/>
</kw>
<status status="PASS" starttime="20230605 17:29:13.040" endtime="20230605 17:29:13.122"/>
</kw>
<kw name="Then the response status code should be 201" library="test_keywords_users" sourcename="Then the response status code should be ${status_code}">
<kw name="Should Be Equal As Numbers" library="BuiltIn">
<arg>${response.status_code}</arg>
<arg>${status_code}</arg>
<doc>Fails if objects are unequal after converting them to real numbers.</doc>
<msg timestamp="20230605 17:29:13.123" level="INFO">Argument types are:
&lt;class 'int'&gt;
&lt;class 'str'&gt;</msg>
<status status="PASS" starttime="20230605 17:29:13.123" endtime="20230605 17:29:13.123"/>
</kw>
<kw name="Should Be True" library="BuiltIn">
<arg>${response.json()}</arg>
<doc>Fails if the given condition is not true.</doc>
<status status="PASS" starttime="20230605 17:29:13.123" endtime="20230605 17:29:13.124"/>
</kw>
<status status="PASS" starttime="20230605 17:29:13.122" endtime="20230605 17:29:13.124"/>
</kw>
<kw name="And the response body should not be empty" library="test_keywords_users">
<kw name="Should Not Be Empty" library="BuiltIn">
<arg>${response.json()}</arg>
<doc>Verifies that the given item is not empty.</doc>
<msg timestamp="20230605 17:29:13.125" level="INFO">Length is 2</msg>
<status status="PASS" starttime="20230605 17:29:13.124" endtime="20230605 17:29:13.125"/>
</kw>
<status status="PASS" starttime="20230605 17:29:13.124" endtime="20230605 17:29:13.125"/>
</kw>
<tag>api</tag>
<status status="PASS" starttime="20230605 17:29:13.035" endtime="20230605 17:29:13.125"/>
</test>
<test id="s1-s1-s1-t3" name="Scenario: Get a specific user informations" line="22">
<kw name="Before Tests" library="test_keywords_common" type="SETUP">
<kw name="Create Session" library="RequestsLibrary">
<arg>serverest</arg>
<arg>${SERVER_BASE_URL}</arg>
<arg>disable_warnings=True</arg>
<doc>Create Session: create a HTTP session to a server</doc>
<msg timestamp="20230605 17:29:13.126" level="INFO">Creating Session using : alias=serverest, url=https://serverest.dev, headers={},                     cookies={}, auth=None, timeout=None, proxies=None, verify=False,                     debug=0 </msg>
<status status="PASS" starttime="20230605 17:29:13.126" endtime="20230605 17:29:13.127"/>
</kw>
<status status="PASS" starttime="20230605 17:29:13.126" endtime="20230605 17:29:13.127"/>
</kw>
<kw name="When I request the created user" library="test_keywords_users">
<kw name="GET On Session" library="RequestsLibrary">
<var>${response}</var>
<arg>serverest</arg>
<arg>${USERS_API_ENDPOINT}/${USER_ID}</arg>
<doc>Sends a GET request on a previously created HTTP Session.</doc>
<msg timestamp="20230605 17:29:13.208" level="INFO">GET Request : url=https://serverest.dev/usuarios/Z5LdOkgdSLpjI7xR 
 path_url=/usuarios/Z5LdOkgdSLpjI7xR 
 headers={'User-Agent': 'python-requests/2.31.0', 'Accept-Encoding': 'gzip, deflate', 'Accept': '*/*', 'Connection': 'keep-alive'} 
 body=None 
 </msg>
<msg timestamp="20230605 17:29:13.208" level="INFO">GET Response : url=https://serverest.dev/usuarios/Z5LdOkgdSLpjI7xR 
 status=200, reason=OK 
 headers={'access-control-allow-origin': '*', 'x-dns-prefetch-control': 'off', 'x-frame-options': 'SAMEORIGIN', 'strict-transport-security': 'max-age=15552000; includeSubDomains', 'x-download-options': 'noopen', 'x-content-type-options': 'nosniff', 'x-xss-protection': '1; mode=block', 'x-moesif-transaction-id': 'cb13a953-9097-4362-b58c-9d168a8bfc63', 'content-type': 'application/json; charset=utf-8', 'X-Cloud-Trace-Context': 'd158a3dbe3cbbec0bf303a7ca8a3c25c', 'Date': 'Mon, 05 Jun 2023 17:29:13 GMT', 'Server': 'Google Frontend', 'Content-Length': '161'} 
 body={
    "nome": "Nicole Griffin",
    "email": "chloe07@example.net",
    "password": "0SQdoP7TIhRi",
    "administrador": "false",
    "_id": "Z5LdOkgdSLpjI7xR"
} 
 </msg>
<msg timestamp="20230605 17:29:13.208" level="INFO">${response} = &lt;Response [200]&gt;</msg>
<status status="PASS" starttime="20230605 17:29:13.127" endtime="20230605 17:29:13.208"/>
</kw>
<kw name="Set Test Variable" library="BuiltIn">
<arg>${response}</arg>
<doc>Makes a variable available everywhere within the scope of the current test.</doc>
<msg timestamp="20230605 17:29:13.209" level="INFO">${response} = &lt;Response [200]&gt;</msg>
<status status="PASS" starttime="20230605 17:29:13.209" endtime="20230605 17:29:13.209"/>
</kw>
<status status="PASS" starttime="20230605 17:29:13.127" endtime="20230605 17:29:13.209"/>
</kw>
<kw name="Then the response status code should be 200" library="test_keywords_users" sourcename="Then the response status code should be ${status_code}">
<kw name="Should Be Equal As Numbers" library="BuiltIn">
<arg>${response.status_code}</arg>
<arg>${status_code}</arg>
<doc>Fails if objects are unequal after converting them to real numbers.</doc>
<msg timestamp="20230605 17:29:13.210" level="INFO">Argument types are:
&lt;class 'int'&gt;
&lt;class 'str'&gt;</msg>
<status status="PASS" starttime="20230605 17:29:13.209" endtime="20230605 17:29:13.210"/>
</kw>
<kw name="Should Be True" library="BuiltIn">
<arg>${response.json()}</arg>
<doc>Fails if the given condition is not true.</doc>
<status status="PASS" starttime="20230605 17:29:13.210" endtime="20230605 17:29:13.211"/>
</kw>
<status status="PASS" starttime="20230605 17:29:13.209" endtime="20230605 17:29:13.211"/>
</kw>
<kw name="And the response body should not be empty" library="test_keywords_users">
<kw name="Should Not Be Empty" library="BuiltIn">
<arg>${response.json()}</arg>
<doc>Verifies that the given item is not empty.</doc>
<msg timestamp="20230605 17:29:13.212" level="INFO">Length is 5</msg>
<status status="PASS" starttime="20230605 17:29:13.211" endtime="20230605 17:29:13.212"/>
</kw>
<status status="PASS" starttime="20230605 17:29:13.211" endtime="20230605 17:29:13.212"/>
</kw>
<tag>api</tag>
<status status="PASS" starttime="20230605 17:29:13.126" endtime="20230605 17:29:13.212"/>
</test>
<test id="s1-s1-s1-t4" name="Scenario: Update the created user" line="28">
<kw name="Before Tests" library="test_keywords_common" type="SETUP">
<kw name="Create Session" library="RequestsLibrary">
<arg>serverest</arg>
<arg>${SERVER_BASE_URL}</arg>
<arg>disable_warnings=True</arg>
<doc>Create Session: create a HTTP session to a server</doc>
<msg timestamp="20230605 17:29:13.213" level="INFO">Creating Session using : alias=serverest, url=https://serverest.dev, headers={},                     cookies={}, auth=None, timeout=None, proxies=None, verify=False,                     debug=0 </msg>
<status status="PASS" starttime="20230605 17:29:13.213" endtime="20230605 17:29:13.214"/>
</kw>
<status status="PASS" starttime="20230605 17:29:13.213" endtime="20230605 17:29:13.214"/>
</kw>
<kw name="When I update the created user" library="test_keywords_users">
<kw name="Create Dictionary" library="BuiltIn">
<var>${payload}</var>
<arg>nome=John Smith</arg>
<arg>email=john.smith@example.com</arg>
<arg>password=P@ssw0rd123</arg>
<arg>administrador=false</arg>
<doc>Creates and returns a dictionary based on the given ``items``.</doc>
<msg timestamp="20230605 17:29:13.214" level="INFO">${payload} = {'nome': 'John Smith', 'email': 'john.smith@example.com', 'password': 'P@ssw0rd123', 'administrador': 'false'}</msg>
<status status="PASS" starttime="20230605 17:29:13.214" endtime="20230605 17:29:13.214"/>
</kw>
<kw name="Create Dictionary" library="BuiltIn">
<var>${headers}</var>
<arg>Content-Type=application/json</arg>
<doc>Creates and returns a dictionary based on the given ``items``.</doc>
<msg timestamp="20230605 17:29:13.215" level="INFO">${headers} = {'Content-Type': 'application/json'}</msg>
<status status="PASS" starttime="20230605 17:29:13.215" endtime="20230605 17:29:13.215"/>
</kw>
<kw name="PUT On Session" library="RequestsLibrary">
<var>${response}</var>
<arg>serverest</arg>
<arg>${USERS_API_ENDPOINT}/${USER_ID}</arg>
<arg>json=${payload}</arg>
<arg>headers=${headers}</arg>
<doc>Sends a PUT request on a previously created HTTP Session.</doc>
<msg timestamp="20230605 17:29:13.295" level="INFO">PUT Request : url=https://serverest.dev/usuarios/Z5LdOkgdSLpjI7xR 
 path_url=/usuarios/Z5LdOkgdSLpjI7xR 
 headers={'User-Agent': 'python-requests/2.31.0', 'Accept-Encoding': 'gzip, deflate', 'Accept': '*/*', 'Connection': 'keep-alive', 'Content-Type': 'application/json', 'Content-Length': '110'} 
 body=b'{"nome": "John Smith", "email": "john.smith@example.com", "password": "P@ssw0rd123", "administrador": "false"}' 
 </msg>
<msg timestamp="20230605 17:29:13.295" level="INFO">PUT Response : url=https://serverest.dev/usuarios/Z5LdOkgdSLpjI7xR 
 status=200, reason=OK 
 headers={'access-control-allow-origin': '*', 'x-dns-prefetch-control': 'off', 'x-frame-options': 'SAMEORIGIN', 'strict-transport-security': 'max-age=15552000; includeSubDomains', 'x-download-options': 'noopen', 'x-content-type-options': 'nosniff', 'x-xss-protection': '1; mode=block', 'x-moesif-transaction-id': 'eb9bd740-8893-43b6-a6e1-23ead48b0350', 'content-type': 'application/json; charset=utf-8', 'X-Cloud-Trace-Context': '518053e050e36c985d47b99f8eee1509', 'Date': 'Mon, 05 Jun 2023 17:29:13 GMT', 'Server': 'Google Frontend', 'Content-Length': '50'} 
 body={
    "message": "Registro alterado com sucesso"
} 
 </msg>
<msg timestamp="20230605 17:29:13.295" level="INFO">${response} = &lt;Response [200]&gt;</msg>
<status status="PASS" starttime="20230605 17:29:13.215" endtime="20230605 17:29:13.295"/>
</kw>
<kw name="Set Test Variable" library="BuiltIn">
<arg>${response}</arg>
<doc>Makes a variable available everywhere within the scope of the current test.</doc>
<msg timestamp="20230605 17:29:13.296" level="INFO">${response} = &lt;Response [200]&gt;</msg>
<status status="PASS" starttime="20230605 17:29:13.296" endtime="20230605 17:29:13.296"/>
</kw>
<status status="PASS" starttime="20230605 17:29:13.214" endtime="20230605 17:29:13.296"/>
</kw>
<kw name="Then the response status code should be 200" library="test_keywords_users" sourcename="Then the response status code should be ${status_code}">
<kw name="Should Be Equal As Numbers" library="BuiltIn">
<arg>${response.status_code}</arg>
<arg>${status_code}</arg>
<doc>Fails if objects are unequal after converting them to real numbers.</doc>
<msg timestamp="20230605 17:29:13.297" level="INFO">Argument types are:
&lt;class 'int'&gt;
&lt;class 'str'&gt;</msg>
<status status="PASS" starttime="20230605 17:29:13.296" endtime="20230605 17:29:13.297"/>
</kw>
<kw name="Should Be True" library="BuiltIn">
<arg>${response.json()}</arg>
<doc>Fails if the given condition is not true.</doc>
<status status="PASS" starttime="20230605 17:29:13.297" endtime="20230605 17:29:13.298"/>
</kw>
<status status="PASS" starttime="20230605 17:29:13.296" endtime="20230605 17:29:13.298"/>
</kw>
<kw name="And the response body should not be empty" library="test_keywords_users">
<kw name="Should Not Be Empty" library="BuiltIn">
<arg>${response.json()}</arg>
<doc>Verifies that the given item is not empty.</doc>
<msg timestamp="20230605 17:29:13.299" level="INFO">Length is 1</msg>
<status status="PASS" starttime="20230605 17:29:13.298" endtime="20230605 17:29:13.299"/>
</kw>
<status status="PASS" starttime="20230605 17:29:13.298" endtime="20230605 17:29:13.299"/>
</kw>
<tag>api</tag>
<status status="PASS" starttime="20230605 17:29:13.212" endtime="20230605 17:29:13.299"/>
</test>
<test id="s1-s1-s1-t5" name="Scenario: Delete the created user" line="34">
<kw name="Before Tests" library="test_keywords_common" type="SETUP">
<kw name="Create Session" library="RequestsLibrary">
<arg>serverest</arg>
<arg>${SERVER_BASE_URL}</arg>
<arg>disable_warnings=True</arg>
<doc>Create Session: create a HTTP session to a server</doc>
<msg timestamp="20230605 17:29:13.301" level="INFO">Creating Session using : alias=serverest, url=https://serverest.dev, headers={},                     cookies={}, auth=None, timeout=None, proxies=None, verify=False,                     debug=0 </msg>
<status status="PASS" starttime="20230605 17:29:13.300" endtime="20230605 17:29:13.301"/>
</kw>
<status status="PASS" starttime="20230605 17:29:13.300" endtime="20230605 17:29:13.301"/>
</kw>
<kw name="When I delete the created user" library="test_keywords_users">
<kw name="DELETE On Session" library="RequestsLibrary">
<var>${response}</var>
<arg>serverest</arg>
<arg>${USERS_API_ENDPOINT}/${USER_ID}</arg>
<doc>Sends a DELETE request on a previously created HTTP Session.</doc>
<msg timestamp="20230605 17:29:13.386" level="INFO">DELETE Request : url=https://serverest.dev/usuarios/Z5LdOkgdSLpjI7xR 
 path_url=/usuarios/Z5LdOkgdSLpjI7xR 
 headers={'User-Agent': 'python-requests/2.31.0', 'Accept-Encoding': 'gzip, deflate', 'Accept': '*/*', 'Connection': 'keep-alive', 'Content-Length': '0'} 
 body=None 
 </msg>
<msg timestamp="20230605 17:29:13.387" level="INFO">DELETE Response : url=https://serverest.dev/usuarios/Z5LdOkgdSLpjI7xR 
 status=200, reason=OK 
 headers={'access-control-allow-origin': '*', 'x-dns-prefetch-control': 'off', 'x-frame-options': 'SAMEORIGIN', 'strict-transport-security': 'max-age=15552000; includeSubDomains', 'x-download-options': 'noopen', 'x-content-type-options': 'nosniff', 'x-xss-protection': '1; mode=block', 'x-moesif-transaction-id': '1c1c7386-43f9-4c03-9d03-a9a4fab80efe', 'content-type': 'application/json; charset=utf-8', 'X-Cloud-Trace-Context': 'aee1d25c92203f7191bbb0abce374905', 'Date': 'Mon, 05 Jun 2023 17:29:13 GMT', 'Server': 'Google Frontend', 'Content-Length': '51'} 
 body={
    "message": "Registro excluído com sucesso"
} 
 </msg>
<msg timestamp="20230605 17:29:13.387" level="INFO">${response} = &lt;Response [200]&gt;</msg>
<status status="PASS" starttime="20230605 17:29:13.302" endtime="20230605 17:29:13.387"/>
</kw>
<kw name="Set Test Variable" library="BuiltIn">
<arg>${response}</arg>
<doc>Makes a variable available everywhere within the scope of the current test.</doc>
<msg timestamp="20230605 17:29:13.387" level="INFO">${response} = &lt;Response [200]&gt;</msg>
<status status="PASS" starttime="20230605 17:29:13.387" endtime="20230605 17:29:13.387"/>
</kw>
<status status="PASS" starttime="20230605 17:29:13.301" endtime="20230605 17:29:13.387"/>
</kw>
<kw name="Then the response status code should be 200" library="test_keywords_users" sourcename="Then the response status code should be ${status_code}">
<kw name="Should Be Equal As Numbers" library="BuiltIn">
<arg>${response.status_code}</arg>
<arg>${status_code}</arg>
<doc>Fails if objects are unequal after converting them to real numbers.</doc>
<msg timestamp="20230605 17:29:13.388" level="INFO">Argument types are:
&lt;class 'int'&gt;
&lt;class 'str'&gt;</msg>
<status status="PASS" starttime="20230605 17:29:13.388" endtime="20230605 17:29:13.388"/>
</kw>
<kw name="Should Be True" library="BuiltIn">
<arg>${response.json()}</arg>
<doc>Fails if the given condition is not true.</doc>
<status status="PASS" starttime="20230605 17:29:13.389" endtime="20230605 17:29:13.389"/>
</kw>
<status status="PASS" starttime="20230605 17:29:13.387" endtime="20230605 17:29:13.389"/>
</kw>
<kw name="And the response body should not be empty" library="test_keywords_users">
<kw name="Should Not Be Empty" library="BuiltIn">
<arg>${response.json()}</arg>
<doc>Verifies that the given item is not empty.</doc>
<msg timestamp="20230605 17:29:13.390" level="INFO">Length is 1</msg>
<status status="PASS" starttime="20230605 17:29:13.390" endtime="20230605 17:29:13.390"/>
</kw>
<status status="PASS" starttime="20230605 17:29:13.389" endtime="20230605 17:29:13.390"/>
</kw>
<tag>api</tag>
<status status="PASS" starttime="20230605 17:29:13.300" endtime="20230605 17:29:13.390"/>
</test>
<status status="PASS" starttime="20230605 17:29:12.366" endtime="20230605 17:29:13.391"/>
</suite>
<status status="PASS" starttime="20230605 17:29:12.364" endtime="20230605 17:29:13.392"/>
</suite>
<suite id="s1-s2" name="E2E" source="/home/runner/work/gen-ai-robot-test/gen-ai-robot-test/tests/e2e">
<suite id="s1-s2-s1" name="Test Ui Signup" source="/home/runner/work/gen-ai-robot-test/gen-ai-robot-test/tests/e2e/test_ui_signup.robot">
<test id="s1-s2-s1-t1" name="Scenario: Signup with empty fields" line="10">
<kw name="Before Tests" library="test_keywords_common" type="SETUP">
<kw name="Open Browser" library="SeleniumLibrary">
<arg>${SERVER_BASE_URL}</arg>
<arg>${HEADLESS} ${BROWSER}</arg>
<doc>Opens a new browser instance to the optional ``url``.</doc>
<msg timestamp="20230605 17:29:13.403" level="INFO">Opening browser 'headless Chrome' to base url 'https://front.serverest.dev/'.</msg>
<status status="PASS" starttime="20230605 17:29:13.402" endtime="20230605 17:29:15.304"/>
</kw>
<kw name="Maximize Browser Window" library="SeleniumLibrary">
<doc>Maximizes current browser window.</doc>
<status status="PASS" starttime="20230605 17:29:15.304" endtime="20230605 17:29:15.408"/>
</kw>
<status status="PASS" starttime="20230605 17:29:13.402" endtime="20230605 17:29:15.409"/>
</kw>
<kw name="Given Im on the signup page" library="test_keywords_signup">
<kw name="Location Should Be" library="SeleniumLibrary">
<arg>https://front.serverest.dev/login</arg>
<doc>Verifies that the current URL is exactly ``url``.</doc>
<msg timestamp="20230605 17:29:15.414" level="INFO">Current location is 'https://front.serverest.dev/login'.</msg>
<status status="PASS" starttime="20230605 17:29:15.409" endtime="20230605 17:29:15.414"/>
</kw>
<kw name="Click Element" library="SeleniumLibrary">
<arg>css=a.btn.btn-link</arg>
<doc>Click the element identified by ``locator``.</doc>
<msg timestamp="20230605 17:29:15.415" level="INFO">Clicking element 'css=a.btn.btn-link'.</msg>
<status status="PASS" starttime="20230605 17:29:15.414" endtime="20230605 17:29:15.475"/>
</kw>
<status status="PASS" starttime="20230605 17:29:15.409" endtime="20230605 17:29:15.475"/>
</kw>
<kw name="When I click in signup" library="test_keywords_signup">
<kw name="Click Button" library="SeleniumLibrary">
<arg>css=.btn.btn-primary</arg>
<doc>Clicks the button identified by ``locator``.</doc>
<msg timestamp="20230605 17:29:15.476" level="INFO">Clicking button 'css=.btn.btn-primary'.</msg>
<status status="PASS" starttime="20230605 17:29:15.476" endtime="20230605 17:29:15.543"/>
</kw>
<status status="PASS" starttime="20230605 17:29:15.475" endtime="20230605 17:29:15.543"/>
</kw>
<kw name="Then required field messages should be displayed" library="test_keywords_signup">
<kw name="Wait Until Element Is Visible" library="SeleniumLibrary">
<arg>css=.alert-dismissible</arg>
<arg>timeout=10s</arg>
<doc>Waits until the element ``locator`` is visible.</doc>
<status status="PASS" starttime="20230605 17:29:15.543" endtime="20230605 17:29:15.778"/>
</kw>
<kw name="Element Should Be Visible" library="SeleniumLibrary">
<arg>css=.alert-dismissible</arg>
<doc>Verifies that the element identified by ``locator`` is visible.</doc>
<msg timestamp="20230605 17:29:15.796" level="INFO">Element 'css=.alert-dismissible' is displayed.</msg>
<status status="PASS" starttime="20230605 17:29:15.778" endtime="20230605 17:29:15.796"/>
</kw>
<kw name="Page Should Contain" library="SeleniumLibrary">
<arg>Nome é obrigatório</arg>
<doc>Verifies that current page contains ``text``.</doc>
<msg timestamp="20230605 17:29:15.811" level="INFO">Current page contains text 'Nome é obrigatório'.</msg>
<status status="PASS" starttime="20230605 17:29:15.796" endtime="20230605 17:29:15.811"/>
</kw>
<kw name="Page Should Contain" library="SeleniumLibrary">
<arg>Email é obrigatório</arg>
<doc>Verifies that current page contains ``text``.</doc>
<msg timestamp="20230605 17:29:15.824" level="INFO">Current page contains text 'Email é obrigatório'.</msg>
<status status="PASS" starttime="20230605 17:29:15.811" endtime="20230605 17:29:15.824"/>
</kw>
<kw name="Page Should Contain" library="SeleniumLibrary">
<arg>Password é obrigatório</arg>
<doc>Verifies that current page contains ``text``.</doc>
<msg timestamp="20230605 17:29:15.837" level="INFO">Current page contains text 'Password é obrigatório'.</msg>
<status status="PASS" starttime="20230605 17:29:15.825" endtime="20230605 17:29:15.837"/>
</kw>
<status status="PASS" starttime="20230605 17:29:15.543" endtime="20230605 17:29:15.837"/>
</kw>
<kw name="After Tests" library="test_keywords_common" type="TEARDOWN">
<kw name="Close Browser" library="SeleniumLibrary">
<doc>Closes the current browser.</doc>
<status status="PASS" starttime="20230605 17:29:15.838" endtime="20230605 17:29:15.893"/>
</kw>
<status status="PASS" starttime="20230605 17:29:15.838" endtime="20230605 17:29:15.893"/>
</kw>
<tag>e2e</tag>
<status status="PASS" starttime="20230605 17:29:13.401" endtime="20230605 17:29:15.894"/>
</test>
<test id="s1-s2-s1-t2" name="Scenario: Signup done successfully" line="16">
<kw name="Before Tests" library="test_keywords_common" type="SETUP">
<kw name="Open Browser" library="SeleniumLibrary">
<arg>${SERVER_BASE_URL}</arg>
<arg>${HEADLESS} ${BROWSER}</arg>
<doc>Opens a new browser instance to the optional ``url``.</doc>
<msg timestamp="20230605 17:29:15.896" level="INFO">Opening browser 'headless Chrome' to base url 'https://front.serverest.dev/'.</msg>
<status status="PASS" starttime="20230605 17:29:15.895" endtime="20230605 17:29:17.257"/>
</kw>
<kw name="Maximize Browser Window" library="SeleniumLibrary">
<doc>Maximizes current browser window.</doc>
<status status="PASS" starttime="20230605 17:29:17.258" endtime="20230605 17:29:17.361"/>
</kw>
<status status="PASS" starttime="20230605 17:29:15.895" endtime="20230605 17:29:17.361"/>
</kw>
<kw name="Given Im on the signup page" library="test_keywords_signup">
<kw name="Location Should Be" library="SeleniumLibrary">
<arg>https://front.serverest.dev/login</arg>
<doc>Verifies that the current URL is exactly ``url``.</doc>
<msg timestamp="20230605 17:29:17.367" level="INFO">Current location is 'https://front.serverest.dev/login'.</msg>
<status status="PASS" starttime="20230605 17:29:17.362" endtime="20230605 17:29:17.367"/>
</kw>
<kw name="Click Element" library="SeleniumLibrary">
<arg>css=a.btn.btn-link</arg>
<doc>Click the element identified by ``locator``.</doc>
<msg timestamp="20230605 17:29:17.368" level="INFO">Clicking element 'css=a.btn.btn-link'.</msg>
<status status="PASS" starttime="20230605 17:29:17.367" endtime="20230605 17:29:17.432"/>
</kw>
<status status="PASS" starttime="20230605 17:29:17.362" endtime="20230605 17:29:17.432"/>
</kw>
<kw name="And I fill in the signup fields with valid data" library="test_keywords_signup">
<kw name="Name" library="FakerLibrary">
<var>${name}</var>
<doc>:example 'John Doe'</doc>
<msg timestamp="20230605 17:29:17.433" level="INFO">${name} = Lisa Clark</msg>
<status status="PASS" starttime="20230605 17:29:17.433" endtime="20230605 17:29:17.433"/>
</kw>
<kw name="Email" library="FakerLibrary">
<var>${email}</var>
<msg timestamp="20230605 17:29:17.434" level="INFO">${email} = christopher05@example.org</msg>
<status status="PASS" starttime="20230605 17:29:17.433" endtime="20230605 17:29:17.434"/>
</kw>
<kw name="Password" library="FakerLibrary">
<var>${password}</var>
<arg>length=12</arg>
<arg>special_chars=False</arg>
<doc>Generate a random password of the specified ``length``.</doc>
<msg timestamp="20230605 17:29:17.434" level="INFO">${password} = ym859sfeHHmu</msg>
<status status="PASS" starttime="20230605 17:29:17.434" endtime="20230605 17:29:17.434"/>
</kw>
<kw name="Input Text" library="SeleniumLibrary">
<arg>id:nome</arg>
<arg>${name}</arg>
<doc>Types the given ``text`` into the text field identified by ``locator``.</doc>
<msg timestamp="20230605 17:29:17.435" level="INFO">Typing text 'Lisa Clark' into text field 'id:nome'.</msg>
<status status="PASS" starttime="20230605 17:29:17.434" endtime="20230605 17:29:17.544"/>
</kw>
<kw name="Input Text" library="SeleniumLibrary">
<arg>id:email</arg>
<arg>${email}</arg>
<doc>Types the given ``text`` into the text field identified by ``locator``.</doc>
<msg timestamp="20230605 17:29:17.545" level="INFO">Typing text 'christopher05@example.org' into text field 'id:email'.</msg>
<status status="PASS" starttime="20230605 17:29:17.544" endtime="20230605 17:29:17.653"/>
</kw>
<kw name="Input Text" library="SeleniumLibrary">
<arg>id:password</arg>
<arg>${password}</arg>
<doc>Types the given ``text`` into the text field identified by ``locator``.</doc>
<msg timestamp="20230605 17:29:17.653" level="INFO">Typing text 'ym859sfeHHmu' into text field 'id:password'.</msg>
<status status="PASS" starttime="20230605 17:29:17.653" endtime="20230605 17:29:17.740"/>
</kw>
<kw name="Select Checkbox" library="SeleniumLibrary">
<arg>id=administrador</arg>
<doc>Selects the checkbox identified by ``locator``.</doc>
<msg timestamp="20230605 17:29:17.740" level="INFO">Selecting checkbox 'id=administrador'.</msg>
<status status="PASS" starttime="20230605 17:29:17.740" endtime="20230605 17:29:17.813"/>
</kw>
<kw name="Set Suite Variable" library="BuiltIn">
<arg>${name}</arg>
<doc>Makes a variable available everywhere within the scope of the current suite.</doc>
<msg timestamp="20230605 17:29:17.814" level="INFO">${name} = Lisa Clark</msg>
<status status="PASS" starttime="20230605 17:29:17.813" endtime="20230605 17:29:17.814"/>
</kw>
<kw name="Set Suite Variable" library="BuiltIn">
<arg>${email}</arg>
<doc>Makes a variable available everywhere within the scope of the current suite.</doc>
<msg timestamp="20230605 17:29:17.814" level="INFO">${email} = christopher05@example.org</msg>
<status status="PASS" starttime="20230605 17:29:17.814" endtime="20230605 17:29:17.814"/>
</kw>
<kw name="Set Suite Variable" library="BuiltIn">
<arg>${password}</arg>
<doc>Makes a variable available everywhere within the scope of the current suite.</doc>
<msg timestamp="20230605 17:29:17.815" level="INFO">${password} = ym859sfeHHmu</msg>
<status status="PASS" starttime="20230605 17:29:17.814" endtime="20230605 17:29:17.815"/>
</kw>
<status status="PASS" starttime="20230605 17:29:17.432" endtime="20230605 17:29:17.815"/>
</kw>
<kw name="When I click in signup" library="test_keywords_signup">
<kw name="Click Button" library="SeleniumLibrary">
<arg>css=.btn.btn-primary</arg>
<doc>Clicks the button identified by ``locator``.</doc>
<msg timestamp="20230605 17:29:17.816" level="INFO">Clicking button 'css=.btn.btn-primary'.</msg>
<status status="PASS" starttime="20230605 17:29:17.815" endtime="20230605 17:29:17.875"/>
</kw>
<status status="PASS" starttime="20230605 17:29:17.815" endtime="20230605 17:29:17.875"/>
</kw>
<kw name="Then the page should contain the text &quot;Cadastro realizado com sucesso&quot;" library="test_keywords_signup" sourcename="Then the page should contain the text &quot;${expected_text}&quot;">
<kw name="Wait Until Element Is Visible" library="SeleniumLibrary">
<arg>css=.alert-dismissible</arg>
<arg>timeout=10s</arg>
<doc>Waits until the element ``locator`` is visible.</doc>
<status status="PASS" starttime="20230605 17:29:17.876" endtime="20230605 17:29:18.108"/>
</kw>
<kw name="Element Should Be Visible" library="SeleniumLibrary">
<arg>css=.alert-dismissible</arg>
<doc>Verifies that the element identified by ``locator`` is visible.</doc>
<msg timestamp="20230605 17:29:18.127" level="INFO">Element 'css=.alert-dismissible' is displayed.</msg>
<status status="PASS" starttime="20230605 17:29:18.108" endtime="20230605 17:29:18.127"/>
</kw>
<kw name="Page Should Contain" library="SeleniumLibrary">
<arg>${expected_text}</arg>
<doc>Verifies that current page contains ``text``.</doc>
<msg timestamp="20230605 17:29:18.140" level="INFO">Current page contains text 'Cadastro realizado com sucesso'.</msg>
<status status="PASS" starttime="20230605 17:29:18.127" endtime="20230605 17:29:18.140"/>
</kw>
<status status="PASS" starttime="20230605 17:29:17.875" endtime="20230605 17:29:18.140"/>
</kw>
<kw name="After Tests" library="test_keywords_common" type="TEARDOWN">
<kw name="Close Browser" library="SeleniumLibrary">
<doc>Closes the current browser.</doc>
<status status="PASS" starttime="20230605 17:29:18.140" endtime="20230605 17:29:18.196"/>
</kw>
<status status="PASS" starttime="20230605 17:29:18.140" endtime="20230605 17:29:18.196"/>
</kw>
<tag>e2e</tag>
<status status="PASS" starttime="20230605 17:29:15.894" endtime="20230605 17:29:18.196"/>
</test>
<test id="s1-s2-s1-t3" name="Scenario: Signup with already used email" line="23">
<kw name="Before Tests" library="test_keywords_common" type="SETUP">
<kw name="Open Browser" library="SeleniumLibrary">
<arg>${SERVER_BASE_URL}</arg>
<arg>${HEADLESS} ${BROWSER}</arg>
<doc>Opens a new browser instance to the optional ``url``.</doc>
<msg timestamp="20230605 17:29:18.199" level="INFO">Opening browser 'headless Chrome' to base url 'https://front.serverest.dev/'.</msg>
<status status="PASS" starttime="20230605 17:29:18.198" endtime="20230605 17:29:19.553"/>
</kw>
<kw name="Maximize Browser Window" library="SeleniumLibrary">
<doc>Maximizes current browser window.</doc>
<status status="PASS" starttime="20230605 17:29:19.553" endtime="20230605 17:29:19.657"/>
</kw>
<status status="PASS" starttime="20230605 17:29:18.198" endtime="20230605 17:29:19.657"/>
</kw>
<kw name="Given Im on the signup page" library="test_keywords_signup">
<kw name="Location Should Be" library="SeleniumLibrary">
<arg>https://front.serverest.dev/login</arg>
<doc>Verifies that the current URL is exactly ``url``.</doc>
<msg timestamp="20230605 17:29:19.662" level="INFO">Current location is 'https://front.serverest.dev/login'.</msg>
<status status="PASS" starttime="20230605 17:29:19.657" endtime="20230605 17:29:19.662"/>
</kw>
<kw name="Click Element" library="SeleniumLibrary">
<arg>css=a.btn.btn-link</arg>
<doc>Click the element identified by ``locator``.</doc>
<msg timestamp="20230605 17:29:19.663" level="INFO">Clicking element 'css=a.btn.btn-link'.</msg>
<status status="PASS" starttime="20230605 17:29:19.662" endtime="20230605 17:29:19.715"/>
</kw>
<status status="PASS" starttime="20230605 17:29:19.657" endtime="20230605 17:29:19.715"/>
</kw>
<kw name="And I fill in the signup fields with an email already registered" library="test_keywords_signup">
<kw name="Input Text" library="SeleniumLibrary">
<arg>id:nome</arg>
<arg>${name}</arg>
<doc>Types the given ``text`` into the text field identified by ``locator``.</doc>
<msg timestamp="20230605 17:29:19.716" level="INFO">Typing text 'Lisa Clark' into text field 'id:nome'.</msg>
<status status="PASS" starttime="20230605 17:29:19.716" endtime="20230605 17:29:19.831"/>
</kw>
<kw name="Input Text" library="SeleniumLibrary">
<arg>id:email</arg>
<arg>${email}</arg>
<doc>Types the given ``text`` into the text field identified by ``locator``.</doc>
<msg timestamp="20230605 17:29:19.831" level="INFO">Typing text 'christopher05@example.org' into text field 'id:email'.</msg>
<status status="PASS" starttime="20230605 17:29:19.831" endtime="20230605 17:29:19.939"/>
</kw>
<kw name="Input Text" library="SeleniumLibrary">
<arg>id:password</arg>
<arg>${password}</arg>
<doc>Types the given ``text`` into the text field identified by ``locator``.</doc>
<msg timestamp="20230605 17:29:19.940" level="INFO">Typing text 'ym859sfeHHmu' into text field 'id:password'.</msg>
<status status="PASS" starttime="20230605 17:29:19.940" endtime="20230605 17:29:20.026"/>
</kw>
<kw name="Select Checkbox" library="SeleniumLibrary">
<arg>id=administrador</arg>
<doc>Selects the checkbox identified by ``locator``.</doc>
<msg timestamp="20230605 17:29:20.026" level="INFO">Selecting checkbox 'id=administrador'.</msg>
<status status="PASS" starttime="20230605 17:29:20.026" endtime="20230605 17:29:20.101"/>
</kw>
<status status="PASS" starttime="20230605 17:29:19.716" endtime="20230605 17:29:20.101"/>
</kw>
<kw name="When I click in signup" library="test_keywords_signup">
<kw name="Click Button" library="SeleniumLibrary">
<arg>css=.btn.btn-primary</arg>
<doc>Clicks the button identified by ``locator``.</doc>
<msg timestamp="20230605 17:29:20.102" level="INFO">Clicking button 'css=.btn.btn-primary'.</msg>
<status status="PASS" starttime="20230605 17:29:20.101" endtime="20230605 17:29:20.160"/>
</kw>
<status status="PASS" starttime="20230605 17:29:20.101" endtime="20230605 17:29:20.160"/>
</kw>
<kw name="Then the page should contain the text &quot;Este email já está sendo usado&quot;" library="test_keywords_signup" sourcename="Then the page should contain the text &quot;${expected_text}&quot;">
<kw name="Wait Until Element Is Visible" library="SeleniumLibrary">
<arg>css=.alert-dismissible</arg>
<arg>timeout=10s</arg>
<doc>Waits until the element ``locator`` is visible.</doc>
<status status="PASS" starttime="20230605 17:29:20.161" endtime="20230605 17:29:20.394"/>
</kw>
<kw name="Element Should Be Visible" library="SeleniumLibrary">
<arg>css=.alert-dismissible</arg>
<doc>Verifies that the element identified by ``locator`` is visible.</doc>
<msg timestamp="20230605 17:29:20.412" level="INFO">Element 'css=.alert-dismissible' is displayed.</msg>
<status status="PASS" starttime="20230605 17:29:20.394" endtime="20230605 17:29:20.412"/>
</kw>
<kw name="Page Should Contain" library="SeleniumLibrary">
<arg>${expected_text}</arg>
<doc>Verifies that current page contains ``text``.</doc>
<msg timestamp="20230605 17:29:20.426" level="INFO">Current page contains text 'Este email já está sendo usado'.</msg>
<status status="PASS" starttime="20230605 17:29:20.412" endtime="20230605 17:29:20.426"/>
</kw>
<status status="PASS" starttime="20230605 17:29:20.161" endtime="20230605 17:29:20.426"/>
</kw>
<kw name="After Tests" library="test_keywords_common" type="TEARDOWN">
<kw name="Close Browser" library="SeleniumLibrary">
<doc>Closes the current browser.</doc>
<status status="PASS" starttime="20230605 17:29:20.426" endtime="20230605 17:29:20.482"/>
</kw>
<status status="PASS" starttime="20230605 17:29:20.426" endtime="20230605 17:29:20.482"/>
</kw>
<tag>e2e</tag>
<status status="PASS" starttime="20230605 17:29:18.198" endtime="20230605 17:29:20.482"/>
</test>
<status status="PASS" starttime="20230605 17:29:13.395" endtime="20230605 17:29:20.483"/>
</suite>
<status status="PASS" starttime="20230605 17:29:13.393" endtime="20230605 17:29:20.484"/>
</suite>
<status status="PASS" starttime="20230605 17:29:12.346" endtime="20230605 17:29:20.485"/>
</suite>
<statistics>
<total>
<stat pass="8" fail="0" skip="0">All Tests</stat>
</total>
<tag>
<stat pass="5" fail="0" skip="0">api</stat>
<stat pass="3" fail="0" skip="0">e2e</stat>
</tag>
<suite>
<stat pass="8" fail="0" skip="0" id="s1" name="Tests">Tests</stat>
<stat pass="5" fail="0" skip="0" id="s1-s1" name="Api">Tests.Api</stat>
<stat pass="5" fail="0" skip="0" id="s1-s1-s1" name="Test Api Users">Tests.Api.Test Api Users</stat>
<stat pass="3" fail="0" skip="0" id="s1-s2" name="E2E">Tests.E2E</stat>
<stat pass="3" fail="0" skip="0" id="s1-s2-s1" name="Test Ui Signup">Tests.E2E.Test Ui Signup</stat>
</suite>
</statistics>
<errors>
</errors>
</robot>
