<?xml version="1.0" encoding="UTF-8"?>
<robot generator="Robot 6.0.2 (Python 3.8.16 on linux)" generated="20230413 17:16:18.398" rpa="false" schemaversion="3">
<suite id="s1" name="Tests" source="/home/runner/work/gen-ai-robot-test/gen-ai-robot-test/tests">
<suite id="s1-s1" name="Api" source="/home/runner/work/gen-ai-robot-test/gen-ai-robot-test/tests/api">
<suite id="s1-s1-s1" name="Users" source="/home/runner/work/gen-ai-robot-test/gen-ai-robot-test/tests/api/users">
<suite id="s1-s1-s1-s1" name="Test Api Users" source="/home/runner/work/gen-ai-robot-test/gen-ai-robot-test/tests/api/users/test_api_users.robot">
<test id="s1-s1-s1-s1-t1" name="Scenario: Get all registered users" line="9">
<kw name="Before Tests" library="test_keywords_common" type="SETUP">
<kw name="Create Session" library="RequestsLibrary">
<arg>serverest</arg>
<arg>${SERVER_BASE_URL}</arg>
<arg>disable_warnings=True</arg>
<doc>Create Session: create a HTTP session to a server</doc>
<msg timestamp="20230413 17:16:18.816" level="INFO">Creating Session using : alias=serverest, url=https://serverest.dev, headers={},                     cookies={}, auth=None, timeout=None, proxies=None, verify=False,                     debug=0 </msg>
<status status="PASS" starttime="20230413 17:16:18.816" endtime="20230413 17:16:18.816"/>
</kw>
<status status="PASS" starttime="20230413 17:16:18.815" endtime="20230413 17:16:18.817"/>
</kw>
<kw name="When I request the list of all registered users" library="test_keywords_users">
<kw name="GET On Session" library="RequestsLibrary">
<var>${response}</var>
<arg>serverest</arg>
<arg>${USERS_API_ENDPOINT}</arg>
<doc>Sends a GET request on a previously created HTTP Session.</doc>
<msg timestamp="20230413 17:16:19.050" level="INFO">GET Request : url=https://serverest.dev/usuarios 
 path_url=/usuarios 
 headers={'User-Agent': 'python-requests/2.28.2', 'Accept-Encoding': 'gzip, deflate', 'Accept': '*/*', 'Connection': 'keep-alive'} 
 body=None 
 </msg>
<msg timestamp="20230413 17:16:19.050" level="INFO">GET Response : url=https://serverest.dev/usuarios 
 status=200, reason=OK 
 headers={'access-control-allow-origin': '*', 'x-dns-prefetch-control': 'off', 'x-frame-options': 'SAMEORIGIN', 'strict-transport-security': 'max-age=15552000; includeSubDomains', 'x-download-options': 'noopen', 'x-content-type-options': 'nosniff', 'x-xss-protection': '1; mode=block', 'x-moesif-transaction-id': 'd22c4256-2eba-4825-aa77-8bff9c21e2a6', 'content-type': 'application/json; charset=utf-8', 'X-Cloud-Trace-Context': 'db14e23787b8f34d709fb9285d49f63c;o=1', 'Date': 'Thu, 13 Apr 2023 17:16:19 GMT', 'Server': 'Google Frontend', 'Content-Length': '6880'} 
 body={
    "quantidade": 32,
    "usuarios": [
        {
            "nome": "Fulano da Silva",
            "email": "fulano@qa.com",
            "password": "teste",
            "administrador": "true",
            "_id": "0uxuPY0cbmQhpEz1"
        },
        {
            "nome": "Fulano da Silva",
            "email": "beltrano@qa.com.br",
            "password": "teste",
            "administrador": "true",
            "_id": "1I5MtFIUIIOY5fV8"
        },
        {
            "nome": "Windows da Silva",
            "email": "ipqxei@emailteste.com",
            "password": "15674",
            "administrador": "true",
            "_id": "2JhTk8dSFIFe8lH6"
        },
        {
            "nome": "Beth Ratke",
            "email": "stacy@osinski-osinski.info",
            "password": "teste",
            "administrador": "true",
            "_id": "71wWcZo3ezwrC3Cr"
        },
        {
            "nome": "Fulano da Silva",
            "email": "ppfv@emailteste.com",
            "password": "1234",
            "administrador": "true",
            "_id": "9mIJVW1Ol7xedZFs"
        },
        {
            "nome": "Fulano da Silva",
            "email": "pxwc@emailteste.com",
            "password": "1234",
            "administrador": "true",
            "_id": "APyHOugT42PmdOBJ"
        },
        {
            "nome": "Fulano da Silva",
            "email": "mvsc@qa.com.br",
            "password": "teste",
            "administrador": "true",
            "_id": "FxBMCLty8jySZP22"
        },
        {
            "nome": "Fulano da Silva",
            "email": "vasm@emailteste.com",
            "password": "1234",
            "administrador": "true",
            "_id": "GCpN2ihUBADVFECo"
        },
        {
            "nome": "Fulano da Silva",
            "email": "juvo@emailteste.com",
            "password": "1234",
            "administrador": "true",
            "_id": "H7CG5GTrfZj2tn96"
        },
        {
            "nome": "Delma Welch",
            "email": "jermaine@rodriguez.com",
            "password": "teste",
            "administrador": "true",
            "_id": "IJG76Lf2CDJbbMsw"
        },
        {
            "nome": "Fulano da Silva",
            "email": "jlnp@emailteste.com",
            "password": "1234",
            "administrador": "true",
            "_id": "J3UFFE8BkXHPl98Q"
        },
        {
            "nome": "Erasmo Greenfelder",
            "email": "gary@green.biz",
            "password": "teste",
            "administrador": "true",
            "_id": "L9YvsBccf96rb0IJ"
        },
        {
            "nome": "Fulano da Silva",
            "email": "dvrb@emailteste.com",
            "password": "1234",
            "administrador": "true",
            "_id": "LbqHhFaMoMXgzH6e"
        },
        {
            "nome": "batata",
            "email": "hayden_steuber@cartwright.info",
            "password": "teste",
            "administrador": "true",
            "_id": "MFX1zgBTAv3RdyAw"
        },
        {
            "nome": "Fulano da Silva",
            "email": "gzmi@emailteste.com",
            "password": "1234",
            "administrador": "true",
            "_id": "MVIuW7YbJau8fYqf"
        },
        {
            "nome": "Twila Hessel",
            "email": "derek@frami-huel.info",
            "password": "teste",
            "administrador": "true",
            "_id": "VkpCmTunrhycBbfW"
        },
        {
            "nome": "Fulano da Silva",
            "email": "crhp@emailteste.com",
            "password": "1234",
            "administrador": "true",
            "_id": "WaqzREFowvCuPHI4"
        },
        {
            "nome": "Windows da Silva",
            "email": "fslffc@emailteste.com",
            "password": "15674",
            "administrador": "true",
            "_id": "XTwLaV0XfRxVQhUW"
        },
        {
            "nome": "Fulano da Silva",
            "email": "slqa@emailteste.com",
            "password": "1234",
            "administrador": "true",
            "_id": "ZDWAI2kyN4JNLHdV"
        },
        {
            "nome": "Keshia Sanford",
            "email": "antonio_gleason@abbott.biz",
            "password": "teste",
            "administrador": "true",
            "_id": "ZsGL8uPkee6KhzCc"
        },
        {
            "nome": "Windows da Silva",
            "email": "guiwtc@emailteste.com",
            "password": "15674",
            "administrador": "true",
            "_id": "dYbAWCLodZs9INI4"
        },
        {
            "nome": "Keisha Witting",
            "email": "alexandra.jakubowski@hirthe-wisoky.org",
            "password": "teste",
            "administrador": "true",
            "_id": "gUKn5J99Pi2FaKPZ"
        },
        {
            "nome": "Windows da Silva",
            "email": "lliebv@emailteste.com",
            "password": "15674",
            "administrador": "true",
            "_id": "iv23MKIg4gCOCuqE"
        },
        {
            "nome": "{{generatedName}}",
            "email": "Abbigail.Purdy@example.org",
            "password": "teste",
            "administrador": "true",
            "_id": "jTe7D7OVhdK0Ggsf"
        },
        {
            "nome": "Basil Renner",
            "email": "valentin_heathcote@parisian.com",
            "password": "teste",
            "administrador": "true",
            "_id": "kiqxPiLVa1rvPRw7"
        },
        {
            "nome": "Fulano da Silva",
            "email": "ywal@emailteste.com",
            "password": "1234",
            "administrador": "true",
            "_id": "lFKFtZbCGJwdqrRd"
        },
        {
            "nome": "Windows da Silva",
            "email": "mdjicj@emailteste.com",
            "password": "15674",
            "administrador": "true",
            "_id": "lMuS9y6b6CMlz4WM"
        },
        {
            "nome": "Windows da Silva",
            "email": "mwgrlo@emailteste.com",
            "password": "15674",
            "administrador": "true",
            "_id": "oiVWYW5KdkaZHGsH"
        },
        {
            "nome": "Fulano da Silva",
            "email": "ryhm@emailteste.com",
            "password": "1234",
            "administrador": "true",
            "_id": "qjFxff4MfEXkeiSE"
        },
        {
            "nome": "{{generatedName}}",
            "email": "Carlee_Shields@example.com",
            "password": "teste",
            "administrador": "true",
            "_id": "vB7VATGIp6u1ay9w"
        },
        {
            "nome": "Fulano da Silva",
            "email": "orpn@emailteste.com",
            "password": "1234",
            "administrador": "true",
            "_id": "wQFiz8g2ElHHEhEp"
        },
        {
            "nome": "Jamey Wilkinson I",
            "email": "gary@okon-ratke.biz",
            "password": "teste",
            "administrador": "false",
            "_id": "yonFUppR1mA1rN3E"
        }
    ]
} 
 </msg>
<msg timestamp="20230413 17:16:19.050" level="INFO">${response} = &lt;Response [200]&gt;</msg>
<status status="PASS" starttime="20230413 17:16:18.817" endtime="20230413 17:16:19.050"/>
</kw>
<kw name="Set Test Variable" library="BuiltIn">
<arg>${response}</arg>
<doc>Makes a variable available everywhere within the scope of the current test.</doc>
<msg timestamp="20230413 17:16:19.051" level="INFO">${response} = &lt;Response [200]&gt;</msg>
<status status="PASS" starttime="20230413 17:16:19.050" endtime="20230413 17:16:19.051"/>
</kw>
<status status="PASS" starttime="20230413 17:16:18.817" endtime="20230413 17:16:19.051"/>
</kw>
<kw name="Then the response status code should be 200" library="test_keywords_users" sourcename="Then the response status code should be ${status_code}">
<kw name="Should Be Equal As Numbers" library="BuiltIn">
<arg>${response.status_code}</arg>
<arg>${status_code}</arg>
<doc>Fails if objects are unequal after converting them to real numbers.</doc>
<msg timestamp="20230413 17:16:19.052" level="INFO">Argument types are:
&lt;class 'int'&gt;
&lt;class 'str'&gt;</msg>
<status status="PASS" starttime="20230413 17:16:19.052" endtime="20230413 17:16:19.052"/>
</kw>
<kw name="Should Be True" library="BuiltIn">
<arg>${response.json()}</arg>
<doc>Fails if the given condition is not true.</doc>
<status status="PASS" starttime="20230413 17:16:19.053" endtime="20230413 17:16:19.053"/>
</kw>
<status status="PASS" starttime="20230413 17:16:19.051" endtime="20230413 17:16:19.053"/>
</kw>
<kw name="And the response body should not be empty" library="test_keywords_users">
<kw name="Should Not Be Empty" library="BuiltIn">
<arg>${response.json()}</arg>
<doc>Verifies that the given item is not empty.</doc>
<msg timestamp="20230413 17:16:19.054" level="INFO">Length is 2</msg>
<status status="PASS" starttime="20230413 17:16:19.054" endtime="20230413 17:16:19.055"/>
</kw>
<status status="PASS" starttime="20230413 17:16:19.054" endtime="20230413 17:16:19.055"/>
</kw>
<status status="PASS" starttime="20230413 17:16:18.815" endtime="20230413 17:16:19.055"/>
</test>
<test id="s1-s1-s1-s1-t2" name="Scenario: Create a new user" line="15">
<kw name="Before Tests" library="test_keywords_common" type="SETUP">
<kw name="Create Session" library="RequestsLibrary">
<arg>serverest</arg>
<arg>${SERVER_BASE_URL}</arg>
<arg>disable_warnings=True</arg>
<doc>Create Session: create a HTTP session to a server</doc>
<msg timestamp="20230413 17:16:19.056" level="INFO">Creating Session using : alias=serverest, url=https://serverest.dev, headers={},                     cookies={}, auth=None, timeout=None, proxies=None, verify=False,                     debug=0 </msg>
<status status="PASS" starttime="20230413 17:16:19.056" endtime="20230413 17:16:19.056"/>
</kw>
<status status="PASS" starttime="20230413 17:16:19.056" endtime="20230413 17:16:19.057"/>
</kw>
<kw name="Given I have a valid user data" library="test_keywords_users">
<kw name="Name" library="FakerLibrary">
<var>${name}</var>
<doc>:example 'John Doe'</doc>
<msg timestamp="20230413 17:16:19.057" level="INFO">${name} = Megan Harrell</msg>
<status status="PASS" starttime="20230413 17:16:19.057" endtime="20230413 17:16:19.057"/>
</kw>
<kw name="Email" library="FakerLibrary">
<var>${email}</var>
<msg timestamp="20230413 17:16:19.058" level="INFO">${email} = vincent48@example.com</msg>
<status status="PASS" starttime="20230413 17:16:19.057" endtime="20230413 17:16:19.058"/>
</kw>
<kw name="Password" library="FakerLibrary">
<var>${password}</var>
<doc>Generate a random password of the specified ``length``.</doc>
<msg timestamp="20230413 17:16:19.058" level="INFO">${password} = C4ZKKlTj+e</msg>
<status status="PASS" starttime="20230413 17:16:19.058" endtime="20230413 17:16:19.058"/>
</kw>
<kw name="Set Suite Variable" library="BuiltIn">
<arg>${name}</arg>
<doc>Makes a variable available everywhere within the scope of the current suite.</doc>
<msg timestamp="20230413 17:16:19.059" level="INFO">${name} = Megan Harrell</msg>
<status status="PASS" starttime="20230413 17:16:19.058" endtime="20230413 17:16:19.059"/>
</kw>
<kw name="Set Suite Variable" library="BuiltIn">
<arg>${email}</arg>
<doc>Makes a variable available everywhere within the scope of the current suite.</doc>
<msg timestamp="20230413 17:16:19.059" level="INFO">${email} = vincent48@example.com</msg>
<status status="PASS" starttime="20230413 17:16:19.059" endtime="20230413 17:16:19.059"/>
</kw>
<kw name="Set Suite Variable" library="BuiltIn">
<arg>${password}</arg>
<doc>Makes a variable available everywhere within the scope of the current suite.</doc>
<msg timestamp="20230413 17:16:19.059" level="INFO">${password} = C4ZKKlTj+e</msg>
<status status="PASS" starttime="20230413 17:16:19.059" endtime="20230413 17:16:19.059"/>
</kw>
<status status="PASS" starttime="20230413 17:16:19.057" endtime="20230413 17:16:19.059"/>
</kw>
<kw name="When I create the user" library="test_keywords_users">
<kw name="Create Dictionary" library="BuiltIn">
<var>${payload}</var>
<arg>nome=${name}</arg>
<arg>email=${email}</arg>
<arg>password=${password}</arg>
<arg>administrador=false</arg>
<doc>Creates and returns a dictionary based on the given ``items``.</doc>
<msg timestamp="20230413 17:16:19.060" level="INFO">${payload} = {'nome': 'Megan Harrell', 'email': 'vincent48@example.com', 'password': 'C4ZKKlTj+e', 'administrador': 'false'}</msg>
<status status="PASS" starttime="20230413 17:16:19.060" endtime="20230413 17:16:19.060"/>
</kw>
<kw name="Create Dictionary" library="BuiltIn">
<var>${headers}</var>
<arg>Content-Type=application/json</arg>
<doc>Creates and returns a dictionary based on the given ``items``.</doc>
<msg timestamp="20230413 17:16:19.061" level="INFO">${headers} = {'Content-Type': 'application/json'}</msg>
<status status="PASS" starttime="20230413 17:16:19.061" endtime="20230413 17:16:19.061"/>
</kw>
<kw name="POST On Session" library="RequestsLibrary">
<var>${response}</var>
<arg>serverest</arg>
<arg>${USERS_API_ENDPOINT}</arg>
<arg>json=${payload}</arg>
<arg>headers=${headers}</arg>
<doc>Sends a POST request on a previously created HTTP Session.</doc>
<msg timestamp="20230413 17:16:19.159" level="INFO">POST Request : url=https://serverest.dev/usuarios 
 path_url=/usuarios 
 headers={'User-Agent': 'python-requests/2.28.2', 'Accept-Encoding': 'gzip, deflate', 'Accept': '*/*', 'Connection': 'keep-alive', 'Content-Type': 'application/json', 'Content-Length': '111'} 
 body=b'{"nome": "Megan Harrell", "email": "vincent48@example.com", "password": "C4ZKKlTj+e", "administrador": "false"}' 
 </msg>
<msg timestamp="20230413 17:16:19.159" level="INFO">POST Response : url=https://serverest.dev/usuarios 
 status=201, reason=Created 
 headers={'access-control-allow-origin': '*', 'x-dns-prefetch-control': 'off', 'x-frame-options': 'SAMEORIGIN', 'strict-transport-security': 'max-age=15552000; includeSubDomains', 'x-download-options': 'noopen', 'x-content-type-options': 'nosniff', 'x-xss-protection': '1; mode=block', 'x-moesif-transaction-id': 'b3cfacb4-b237-42ff-916c-04a61bceac3a', 'content-type': 'application/json; charset=utf-8', 'X-Cloud-Trace-Context': '31e3955f8fab34285ff1064d2b5d4f2c', 'Date': 'Thu, 13 Apr 2023 17:16:19 GMT', 'Server': 'Google Frontend', 'Content-Length': '82'} 
 body={
    "message": "Cadastro realizado com sucesso",
    "_id": "r862pdsNXduEkRPL"
} 
 </msg>
<msg timestamp="20230413 17:16:19.159" level="INFO">${response} = &lt;Response [201]&gt;</msg>
<status status="PASS" starttime="20230413 17:16:19.061" endtime="20230413 17:16:19.159"/>
</kw>
<kw name="Set Variable" library="BuiltIn">
<var>${user_id}</var>
<arg>${response.json()['_id']}</arg>
<doc>Returns the given values which can then be assigned to a variables.</doc>
<msg timestamp="20230413 17:16:19.160" level="INFO">${user_id} = r862pdsNXduEkRPL</msg>
<status status="PASS" starttime="20230413 17:16:19.159" endtime="20230413 17:16:19.160"/>
</kw>
<kw name="Set Global Variable" library="BuiltIn">
<arg>${USER_ID}</arg>
<arg>${user_id}</arg>
<doc>Makes a variable available globally in all tests and suites.</doc>
<msg timestamp="20230413 17:16:19.161" level="INFO">${USER_ID} = r862pdsNXduEkRPL</msg>
<status status="PASS" starttime="20230413 17:16:19.160" endtime="20230413 17:16:19.161"/>
</kw>
<kw name="Set Test Variable" library="BuiltIn">
<arg>${response}</arg>
<doc>Makes a variable available everywhere within the scope of the current test.</doc>
<msg timestamp="20230413 17:16:19.161" level="INFO">${response} = &lt;Response [201]&gt;</msg>
<status status="PASS" starttime="20230413 17:16:19.161" endtime="20230413 17:16:19.161"/>
</kw>
<status status="PASS" starttime="20230413 17:16:19.060" endtime="20230413 17:16:19.161"/>
</kw>
<kw name="Then the response status code should be 201" library="test_keywords_users" sourcename="Then the response status code should be ${status_code}">
<kw name="Should Be Equal As Numbers" library="BuiltIn">
<arg>${response.status_code}</arg>
<arg>${status_code}</arg>
<doc>Fails if objects are unequal after converting them to real numbers.</doc>
<msg timestamp="20230413 17:16:19.163" level="INFO">Argument types are:
&lt;class 'int'&gt;
&lt;class 'str'&gt;</msg>
<status status="PASS" starttime="20230413 17:16:19.162" endtime="20230413 17:16:19.163"/>
</kw>
<kw name="Should Be True" library="BuiltIn">
<arg>${response.json()}</arg>
<doc>Fails if the given condition is not true.</doc>
<status status="PASS" starttime="20230413 17:16:19.163" endtime="20230413 17:16:19.164"/>
</kw>
<status status="PASS" starttime="20230413 17:16:19.162" endtime="20230413 17:16:19.164"/>
</kw>
<kw name="And the response body should not be empty" library="test_keywords_users">
<kw name="Should Not Be Empty" library="BuiltIn">
<arg>${response.json()}</arg>
<doc>Verifies that the given item is not empty.</doc>
<msg timestamp="20230413 17:16:19.165" level="INFO">Length is 2</msg>
<status status="PASS" starttime="20230413 17:16:19.164" endtime="20230413 17:16:19.165"/>
</kw>
<status status="PASS" starttime="20230413 17:16:19.164" endtime="20230413 17:16:19.165"/>
</kw>
<status status="PASS" starttime="20230413 17:16:19.055" endtime="20230413 17:16:19.165"/>
</test>
<test id="s1-s1-s1-s1-t3" name="Scenario: Get a specific user informations" line="21">
<kw name="Before Tests" library="test_keywords_common" type="SETUP">
<kw name="Create Session" library="RequestsLibrary">
<arg>serverest</arg>
<arg>${SERVER_BASE_URL}</arg>
<arg>disable_warnings=True</arg>
<doc>Create Session: create a HTTP session to a server</doc>
<msg timestamp="20230413 17:16:19.166" level="INFO">Creating Session using : alias=serverest, url=https://serverest.dev, headers={},                     cookies={}, auth=None, timeout=None, proxies=None, verify=False,                     debug=0 </msg>
<status status="PASS" starttime="20230413 17:16:19.166" endtime="20230413 17:16:19.167"/>
</kw>
<status status="PASS" starttime="20230413 17:16:19.166" endtime="20230413 17:16:19.167"/>
</kw>
<kw name="When I request the created user" library="test_keywords_users">
<kw name="GET On Session" library="RequestsLibrary">
<var>${response}</var>
<arg>serverest</arg>
<arg>${USERS_API_ENDPOINT}/${USER_ID}</arg>
<doc>Sends a GET request on a previously created HTTP Session.</doc>
<msg timestamp="20230413 17:16:19.268" level="INFO">GET Request : url=https://serverest.dev/usuarios/r862pdsNXduEkRPL 
 path_url=/usuarios/r862pdsNXduEkRPL 
 headers={'User-Agent': 'python-requests/2.28.2', 'Accept-Encoding': 'gzip, deflate', 'Accept': '*/*', 'Connection': 'keep-alive'} 
 body=None 
 </msg>
<msg timestamp="20230413 17:16:19.268" level="INFO">GET Response : url=https://serverest.dev/usuarios/r862pdsNXduEkRPL 
 status=200, reason=OK 
 headers={'access-control-allow-origin': '*', 'x-dns-prefetch-control': 'off', 'x-frame-options': 'SAMEORIGIN', 'strict-transport-security': 'max-age=15552000; includeSubDomains', 'x-download-options': 'noopen', 'x-content-type-options': 'nosniff', 'x-xss-protection': '1; mode=block', 'x-moesif-transaction-id': '555199f2-6c23-4aa8-9979-476ddf0a17ae', 'content-type': 'application/json; charset=utf-8', 'X-Cloud-Trace-Context': '31c5f03bef45fc3918ce8e30ccb8cb85', 'Date': 'Thu, 13 Apr 2023 17:16:19 GMT', 'Server': 'Google Frontend', 'Content-Length': '160'} 
 body={
    "nome": "Megan Harrell",
    "email": "vincent48@example.com",
    "password": "C4ZKKlTj+e",
    "administrador": "false",
    "_id": "r862pdsNXduEkRPL"
} 
 </msg>
<msg timestamp="20230413 17:16:19.268" level="INFO">${response} = &lt;Response [200]&gt;</msg>
<status status="PASS" starttime="20230413 17:16:19.167" endtime="20230413 17:16:19.268"/>
</kw>
<kw name="Set Test Variable" library="BuiltIn">
<arg>${response}</arg>
<doc>Makes a variable available everywhere within the scope of the current test.</doc>
<msg timestamp="20230413 17:16:19.269" level="INFO">${response} = &lt;Response [200]&gt;</msg>
<status status="PASS" starttime="20230413 17:16:19.268" endtime="20230413 17:16:19.269"/>
</kw>
<status status="PASS" starttime="20230413 17:16:19.167" endtime="20230413 17:16:19.269"/>
</kw>
<kw name="Then the response status code should be 200" library="test_keywords_users" sourcename="Then the response status code should be ${status_code}">
<kw name="Should Be Equal As Numbers" library="BuiltIn">
<arg>${response.status_code}</arg>
<arg>${status_code}</arg>
<doc>Fails if objects are unequal after converting them to real numbers.</doc>
<msg timestamp="20230413 17:16:19.270" level="INFO">Argument types are:
&lt;class 'int'&gt;
&lt;class 'str'&gt;</msg>
<status status="PASS" starttime="20230413 17:16:19.270" endtime="20230413 17:16:19.270"/>
</kw>
<kw name="Should Be True" library="BuiltIn">
<arg>${response.json()}</arg>
<doc>Fails if the given condition is not true.</doc>
<status status="PASS" starttime="20230413 17:16:19.271" endtime="20230413 17:16:19.271"/>
</kw>
<status status="PASS" starttime="20230413 17:16:19.269" endtime="20230413 17:16:19.271"/>
</kw>
<kw name="And the response body should not be empty" library="test_keywords_users">
<kw name="Should Not Be Empty" library="BuiltIn">
<arg>${response.json()}</arg>
<doc>Verifies that the given item is not empty.</doc>
<msg timestamp="20230413 17:16:19.272" level="INFO">Length is 5</msg>
<status status="PASS" starttime="20230413 17:16:19.272" endtime="20230413 17:16:19.272"/>
</kw>
<status status="PASS" starttime="20230413 17:16:19.271" endtime="20230413 17:16:19.273"/>
</kw>
<status status="PASS" starttime="20230413 17:16:19.165" endtime="20230413 17:16:19.273"/>
</test>
<test id="s1-s1-s1-s1-t4" name="Scenario: Update the created user" line="26">
<kw name="Before Tests" library="test_keywords_common" type="SETUP">
<kw name="Create Session" library="RequestsLibrary">
<arg>serverest</arg>
<arg>${SERVER_BASE_URL}</arg>
<arg>disable_warnings=True</arg>
<doc>Create Session: create a HTTP session to a server</doc>
<msg timestamp="20230413 17:16:19.274" level="INFO">Creating Session using : alias=serverest, url=https://serverest.dev, headers={},                     cookies={}, auth=None, timeout=None, proxies=None, verify=False,                     debug=0 </msg>
<status status="PASS" starttime="20230413 17:16:19.274" endtime="20230413 17:16:19.275"/>
</kw>
<status status="PASS" starttime="20230413 17:16:19.274" endtime="20230413 17:16:19.275"/>
</kw>
<kw name="When I update the created user" library="test_keywords_users">
<kw name="Create Dictionary" library="BuiltIn">
<var>${payload}</var>
<arg>nome=John Smith</arg>
<arg>email=john.smith@example.com</arg>
<arg>password=P@ssw0rd123</arg>
<arg>administrador=false</arg>
<doc>Creates and returns a dictionary based on the given ``items``.</doc>
<msg timestamp="20230413 17:16:19.276" level="INFO">${payload} = {'nome': 'John Smith', 'email': 'john.smith@example.com', 'password': 'P@ssw0rd123', 'administrador': 'false'}</msg>
<status status="PASS" starttime="20230413 17:16:19.276" endtime="20230413 17:16:19.276"/>
</kw>
<kw name="Create Dictionary" library="BuiltIn">
<var>${headers}</var>
<arg>Content-Type=application/json</arg>
<doc>Creates and returns a dictionary based on the given ``items``.</doc>
<msg timestamp="20230413 17:16:19.276" level="INFO">${headers} = {'Content-Type': 'application/json'}</msg>
<status status="PASS" starttime="20230413 17:16:19.276" endtime="20230413 17:16:19.276"/>
</kw>
<kw name="PUT On Session" library="RequestsLibrary">
<var>${response}</var>
<arg>serverest</arg>
<arg>${USERS_API_ENDPOINT}/${USER_ID}</arg>
<arg>json=${payload}</arg>
<arg>headers=${headers}</arg>
<doc>Sends a PUT request on a previously created HTTP Session.</doc>
<msg timestamp="20230413 17:16:19.374" level="INFO">PUT Request : url=https://serverest.dev/usuarios/r862pdsNXduEkRPL 
 path_url=/usuarios/r862pdsNXduEkRPL 
 headers={'User-Agent': 'python-requests/2.28.2', 'Accept-Encoding': 'gzip, deflate', 'Accept': '*/*', 'Connection': 'keep-alive', 'Content-Type': 'application/json', 'Content-Length': '110'} 
 body=b'{"nome": "John Smith", "email": "john.smith@example.com", "password": "P@ssw0rd123", "administrador": "false"}' 
 </msg>
<msg timestamp="20230413 17:16:19.374" level="INFO">PUT Response : url=https://serverest.dev/usuarios/r862pdsNXduEkRPL 
 status=200, reason=OK 
 headers={'access-control-allow-origin': '*', 'x-dns-prefetch-control': 'off', 'x-frame-options': 'SAMEORIGIN', 'strict-transport-security': 'max-age=15552000; includeSubDomains', 'x-download-options': 'noopen', 'x-content-type-options': 'nosniff', 'x-xss-protection': '1; mode=block', 'x-moesif-transaction-id': '1fdf9672-b99f-44ae-8eca-281782f059e6', 'content-type': 'application/json; charset=utf-8', 'X-Cloud-Trace-Context': '5c2f169e94cc04fcaade329174b70451', 'Date': 'Thu, 13 Apr 2023 17:16:19 GMT', 'Server': 'Google Frontend', 'Content-Length': '50'} 
 body={
    "message": "Registro alterado com sucesso"
} 
 </msg>
<msg timestamp="20230413 17:16:19.374" level="INFO">${response} = &lt;Response [200]&gt;</msg>
<status status="PASS" starttime="20230413 17:16:19.276" endtime="20230413 17:16:19.374"/>
</kw>
<kw name="Set Test Variable" library="BuiltIn">
<arg>${response}</arg>
<doc>Makes a variable available everywhere within the scope of the current test.</doc>
<msg timestamp="20230413 17:16:19.375" level="INFO">${response} = &lt;Response [200]&gt;</msg>
<status status="PASS" starttime="20230413 17:16:19.374" endtime="20230413 17:16:19.375"/>
</kw>
<status status="PASS" starttime="20230413 17:16:19.275" endtime="20230413 17:16:19.375"/>
</kw>
<kw name="Then the response status code should be 200" library="test_keywords_users" sourcename="Then the response status code should be ${status_code}">
<kw name="Should Be Equal As Numbers" library="BuiltIn">
<arg>${response.status_code}</arg>
<arg>${status_code}</arg>
<doc>Fails if objects are unequal after converting them to real numbers.</doc>
<msg timestamp="20230413 17:16:19.376" level="INFO">Argument types are:
&lt;class 'int'&gt;
&lt;class 'str'&gt;</msg>
<status status="PASS" starttime="20230413 17:16:19.375" endtime="20230413 17:16:19.376"/>
</kw>
<kw name="Should Be True" library="BuiltIn">
<arg>${response.json()}</arg>
<doc>Fails if the given condition is not true.</doc>
<status status="PASS" starttime="20230413 17:16:19.376" endtime="20230413 17:16:19.377"/>
</kw>
<status status="PASS" starttime="20230413 17:16:19.375" endtime="20230413 17:16:19.377"/>
</kw>
<kw name="And the response body should not be empty" library="test_keywords_users">
<kw name="Should Not Be Empty" library="BuiltIn">
<arg>${response.json()}</arg>
<doc>Verifies that the given item is not empty.</doc>
<msg timestamp="20230413 17:16:19.378" level="INFO">Length is 1</msg>
<status status="PASS" starttime="20230413 17:16:19.377" endtime="20230413 17:16:19.378"/>
</kw>
<status status="PASS" starttime="20230413 17:16:19.377" endtime="20230413 17:16:19.378"/>
</kw>
<status status="PASS" starttime="20230413 17:16:19.273" endtime="20230413 17:16:19.378"/>
</test>
<test id="s1-s1-s1-s1-t5" name="Scenario: Delete the created user" line="31">
<kw name="Before Tests" library="test_keywords_common" type="SETUP">
<kw name="Create Session" library="RequestsLibrary">
<arg>serverest</arg>
<arg>${SERVER_BASE_URL}</arg>
<arg>disable_warnings=True</arg>
<doc>Create Session: create a HTTP session to a server</doc>
<msg timestamp="20230413 17:16:19.380" level="INFO">Creating Session using : alias=serverest, url=https://serverest.dev, headers={},                     cookies={}, auth=None, timeout=None, proxies=None, verify=False,                     debug=0 </msg>
<status status="PASS" starttime="20230413 17:16:19.379" endtime="20230413 17:16:19.380"/>
</kw>
<status status="PASS" starttime="20230413 17:16:19.379" endtime="20230413 17:16:19.380"/>
</kw>
<kw name="When I delete the created user" library="test_keywords_users">
<kw name="DELETE On Session" library="RequestsLibrary">
<var>${response}</var>
<arg>serverest</arg>
<arg>${USERS_API_ENDPOINT}/${USER_ID}</arg>
<doc>Sends a DELETE request on a previously created HTTP Session.</doc>
<msg timestamp="20230413 17:16:19.478" level="INFO">DELETE Request : url=https://serverest.dev/usuarios/r862pdsNXduEkRPL 
 path_url=/usuarios/r862pdsNXduEkRPL 
 headers={'User-Agent': 'python-requests/2.28.2', 'Accept-Encoding': 'gzip, deflate', 'Accept': '*/*', 'Connection': 'keep-alive', 'Content-Length': '0'} 
 body=None 
 </msg>
<msg timestamp="20230413 17:16:19.478" level="INFO">DELETE Response : url=https://serverest.dev/usuarios/r862pdsNXduEkRPL 
 status=200, reason=OK 
 headers={'access-control-allow-origin': '*', 'x-dns-prefetch-control': 'off', 'x-frame-options': 'SAMEORIGIN', 'strict-transport-security': 'max-age=15552000; includeSubDomains', 'x-download-options': 'noopen', 'x-content-type-options': 'nosniff', 'x-xss-protection': '1; mode=block', 'x-moesif-transaction-id': 'b9710b63-e939-4286-ac90-c4e777271c64', 'content-type': 'application/json; charset=utf-8', 'X-Cloud-Trace-Context': '0f343e885b36d9a89ee413deafcf5fb3', 'Date': 'Thu, 13 Apr 2023 17:16:19 GMT', 'Server': 'Google Frontend', 'Content-Length': '51'} 
 body={
    "message": "Registro excluído com sucesso"
} 
 </msg>
<msg timestamp="20230413 17:16:19.478" level="INFO">${response} = &lt;Response [200]&gt;</msg>
<status status="PASS" starttime="20230413 17:16:19.381" endtime="20230413 17:16:19.478"/>
</kw>
<kw name="Set Test Variable" library="BuiltIn">
<arg>${response}</arg>
<doc>Makes a variable available everywhere within the scope of the current test.</doc>
<msg timestamp="20230413 17:16:19.478" level="INFO">${response} = &lt;Response [200]&gt;</msg>
<status status="PASS" starttime="20230413 17:16:19.478" endtime="20230413 17:16:19.479"/>
</kw>
<status status="PASS" starttime="20230413 17:16:19.380" endtime="20230413 17:16:19.479"/>
</kw>
<kw name="Then the response status code should be 200" library="test_keywords_users" sourcename="Then the response status code should be ${status_code}">
<kw name="Should Be Equal As Numbers" library="BuiltIn">
<arg>${response.status_code}</arg>
<arg>${status_code}</arg>
<doc>Fails if objects are unequal after converting them to real numbers.</doc>
<msg timestamp="20230413 17:16:19.480" level="INFO">Argument types are:
&lt;class 'int'&gt;
&lt;class 'str'&gt;</msg>
<status status="PASS" starttime="20230413 17:16:19.479" endtime="20230413 17:16:19.480"/>
</kw>
<kw name="Should Be True" library="BuiltIn">
<arg>${response.json()}</arg>
<doc>Fails if the given condition is not true.</doc>
<status status="PASS" starttime="20230413 17:16:19.480" endtime="20230413 17:16:19.481"/>
</kw>
<status status="PASS" starttime="20230413 17:16:19.479" endtime="20230413 17:16:19.481"/>
</kw>
<kw name="And the response body should not be empty" library="test_keywords_users">
<kw name="Should Not Be Empty" library="BuiltIn">
<arg>${response.json()}</arg>
<doc>Verifies that the given item is not empty.</doc>
<msg timestamp="20230413 17:16:19.482" level="INFO">Length is 1</msg>
<status status="PASS" starttime="20230413 17:16:19.481" endtime="20230413 17:16:19.482"/>
</kw>
<status status="PASS" starttime="20230413 17:16:19.481" endtime="20230413 17:16:19.482"/>
</kw>
<status status="PASS" starttime="20230413 17:16:19.379" endtime="20230413 17:16:19.482"/>
</test>
<status status="PASS" starttime="20230413 17:16:18.422" endtime="20230413 17:16:19.483"/>
</suite>
<status status="PASS" starttime="20230413 17:16:18.421" endtime="20230413 17:16:19.484"/>
</suite>
<status status="PASS" starttime="20230413 17:16:18.419" endtime="20230413 17:16:19.485"/>
</suite>
<status status="PASS" starttime="20230413 17:16:18.399" endtime="20230413 17:16:19.486"/>
</suite>
<statistics>
<total>
<stat pass="5" fail="0" skip="0">All Tests</stat>
</total>
<tag>
</tag>
<suite>
<stat pass="5" fail="0" skip="0" id="s1" name="Tests">Tests</stat>
<stat pass="5" fail="0" skip="0" id="s1-s1" name="Api">Tests.Api</stat>
<stat pass="5" fail="0" skip="0" id="s1-s1-s1" name="Users">Tests.Api.Users</stat>
<stat pass="5" fail="0" skip="0" id="s1-s1-s1-s1" name="Test Api Users">Tests.Api.Users.Test Api Users</stat>
</suite>
</statistics>
<errors>
</errors>
</robot>
