<?xml version="1.0" encoding="UTF-8"?>
<robot generator="Robot 6.0.2 (Python 3.8.16 on linux)" generated="20230526 21:09:58.683" rpa="false" schemaversion="3">
<suite id="s1" name="Tests" source="/home/runner/work/gen-ai-robot-test/gen-ai-robot-test/tests">
<suite id="s1-s1" name="Api" source="/home/runner/work/gen-ai-robot-test/gen-ai-robot-test/tests/api">
<suite id="s1-s1-s1" name="Test Api Users" source="/home/runner/work/gen-ai-robot-test/gen-ai-robot-test/tests/api/test_api_users.robot">
<test id="s1-s1-s1-t1" name="Scenario: Get all registered users" line="9">
<kw name="Before Tests" library="test_keywords_common" type="SETUP">
<kw name="Create Session" library="RequestsLibrary">
<arg>serverest</arg>
<arg>${SERVER_BASE_URL}</arg>
<arg>disable_warnings=True</arg>
<doc>Create Session: create a HTTP session to a server</doc>
<msg timestamp="20230526 21:09:59.298" level="INFO">Creating Session using : alias=serverest, url=https://serverest.dev, headers={},                     cookies={}, auth=None, timeout=None, proxies=None, verify=False,                     debug=0 </msg>
<status status="PASS" starttime="20230526 21:09:59.298" endtime="20230526 21:09:59.298"/>
</kw>
<status status="PASS" starttime="20230526 21:09:59.297" endtime="20230526 21:09:59.298"/>
</kw>
<kw name="When I request the list of all registered users" library="test_keywords_users">
<kw name="GET On Session" library="RequestsLibrary">
<var>${response}</var>
<arg>serverest</arg>
<arg>${USERS_API_ENDPOINT}</arg>
<doc>Sends a GET request on a previously created HTTP Session.</doc>
<msg timestamp="20230526 21:09:59.424" level="INFO">GET Request : url=https://serverest.dev/usuarios 
 path_url=/usuarios 
 headers={'User-Agent': 'python-requests/2.31.0', 'Accept-Encoding': 'gzip, deflate', 'Accept': '*/*', 'Connection': 'keep-alive'} 
 body=None 
 </msg>
<msg timestamp="20230526 21:09:59.424" level="INFO">GET Response : url=https://serverest.dev/usuarios 
 status=200, reason=OK 
 headers={'access-control-allow-origin': '*', 'x-dns-prefetch-control': 'off', 'x-frame-options': 'SAMEORIGIN', 'strict-transport-security': 'max-age=15552000; includeSubDomains', 'x-download-options': 'noopen', 'x-content-type-options': 'nosniff', 'x-xss-protection': '1; mode=block', 'x-moesif-transaction-id': 'b4e7b86b-b668-4f7d-9a1a-83cc4e156765', 'content-type': 'application/json; charset=utf-8', 'X-Cloud-Trace-Context': '1315af8b88ef09176a8af10f6ae1b137;o=1', 'Date': 'Fri, 26 May 2023 21:09:59 GMT', 'Server': 'Google Frontend', 'Content-Length': '3518'} 
 body={
    "quantidade": 16,
    "usuarios": [
        {
            "nome": "Fulano da Silva",
            "email": "fulano@qa.com",
            "password": "teste",
            "administrador": "true",
            "_id": "0uxuPY0cbmQhpEz1"
        },
        {
            "nome": "Nichole White",
            "email": "garciastephen@example.com",
            "password": "mSEXXw1MQ1q2",
            "administrador": "true",
            "_id": "8DygXGzSxgFKifQv"
        },
        {
            "nome": "Mary Butler",
            "email": "zperez@example.net",
            "password": "KUSsb75E4Tai",
            "administrador": "true",
            "_id": "9m6worerGZSyU4Vd"
        },
        {
            "nome": "Carol Smith",
            "email": "yguzman@example.com",
            "password": "Z8OOhg3tOyqQ",
            "administrador": "true",
            "_id": "HXPaxOE28NFgzgJh"
        },
        {
            "nome": "Dillon Gibson",
            "email": "jeffreymitchell@example.com",
            "password": "P7jYMEnhP5om",
            "administrador": "true",
            "_id": "HzusPP4B294O7zVO"
        },
        {
            "nome": "Lisa Greene",
            "email": "john32@example.net",
            "password": "JXimtd1w7Jdd",
            "administrador": "true",
            "_id": "KJe5wBwnfCR2mWW3"
        },
        {
            "nome": "Lawrence Hanson",
            "email": "michelle11@example.org",
            "password": "7feQ4sbxy6Ie",
            "administrador": "true",
            "_id": "MgBVcaaQYuq5SEYk"
        },
        {
            "nome": "sadas",
            "email": "mill2@mil.com",
            "password": "123",
            "administrador": "true",
            "_id": "OvyYUousDsG4JYeX"
        },
        {
            "nome": "Mr. Matthew Collins",
            "email": "wanglauren@example.org",
            "password": "xIuLyrW2E8fs",
            "administrador": "true",
            "_id": "Pd9cZNjcG1eWfUMQ"
        },
        {
            "nome": "Cody Valentine",
            "email": "todd72@example.org",
            "password": "do58Eoup2qUy",
            "administrador": "true",
            "_id": "T2V5t8ZpKz0PTqGQ"
        },
        {
            "nome": "Brendan George",
            "email": "leslie86@example.com",
            "password": "1GiqcZl305aG",
            "administrador": "true",
            "_id": "TMKqdrqnRTNFOyht"
        },
        {
            "nome": "Hayley Byrd",
            "email": "kimberlymartin@example.com",
            "password": "q78F3X1rG3oF",
            "administrador": "true",
            "_id": "bLBFKECXSYeoPEjz"
        },
        {
            "nome": "Sheila Esparza",
            "email": "ycarter@example.org",
            "password": "gX9w2NckaW0K",
            "administrador": "true",
            "_id": "jSiHSVUpLmNpts8M"
        },
        {
            "nome": "Juan Reese",
            "email": "stephen03@example.com",
            "password": "STxJqTlLO5Ok",
            "administrador": "true",
            "_id": "v1MH0Jry6qPgJ0Gd"
        },
        {
            "nome": "Kyle Cooper",
            "email": "yflores@example.org",
            "password": "k7JpINT2Qek2",
            "administrador": "true",
            "_id": "vbb2T2tN8byhWgGI"
        },
        {
            "nome": "Terry Buchanan",
            "email": "jacobanderson@example.com",
            "password": "eg4zJyPl4QnT",
            "administrador": "true",
            "_id": "zHru6fs2sCmJnPry"
        }
    ]
} 
 </msg>
<msg timestamp="20230526 21:09:59.424" level="INFO">${response} = &lt;Response [200]&gt;</msg>
<status status="PASS" starttime="20230526 21:09:59.299" endtime="20230526 21:09:59.424"/>
</kw>
<kw name="Set Test Variable" library="BuiltIn">
<arg>${response}</arg>
<doc>Makes a variable available everywhere within the scope of the current test.</doc>
<msg timestamp="20230526 21:09:59.425" level="INFO">${response} = &lt;Response [200]&gt;</msg>
<status status="PASS" starttime="20230526 21:09:59.424" endtime="20230526 21:09:59.425"/>
</kw>
<status status="PASS" starttime="20230526 21:09:59.299" endtime="20230526 21:09:59.425"/>
</kw>
<kw name="Then the response status code should be 200" library="test_keywords_users" sourcename="Then the response status code should be ${status_code}">
<kw name="Should Be Equal As Numbers" library="BuiltIn">
<arg>${response.status_code}</arg>
<arg>${status_code}</arg>
<doc>Fails if objects are unequal after converting them to real numbers.</doc>
<msg timestamp="20230526 21:09:59.426" level="INFO">Argument types are:
&lt;class 'int'&gt;
&lt;class 'str'&gt;</msg>
<status status="PASS" starttime="20230526 21:09:59.425" endtime="20230526 21:09:59.426"/>
</kw>
<kw name="Should Be True" library="BuiltIn">
<arg>${response.json()}</arg>
<doc>Fails if the given condition is not true.</doc>
<status status="PASS" starttime="20230526 21:09:59.427" endtime="20230526 21:09:59.427"/>
</kw>
<status status="PASS" starttime="20230526 21:09:59.425" endtime="20230526 21:09:59.427"/>
</kw>
<kw name="And the response body should not be empty" library="test_keywords_users">
<kw name="Should Not Be Empty" library="BuiltIn">
<arg>${response.json()}</arg>
<doc>Verifies that the given item is not empty.</doc>
<msg timestamp="20230526 21:09:59.428" level="INFO">Length is 2</msg>
<status status="PASS" starttime="20230526 21:09:59.428" endtime="20230526 21:09:59.429"/>
</kw>
<status status="PASS" starttime="20230526 21:09:59.427" endtime="20230526 21:09:59.429"/>
</kw>
<tag>api</tag>
<status status="PASS" starttime="20230526 21:09:59.296" endtime="20230526 21:09:59.429"/>
</test>
<test id="s1-s1-s1-t2" name="Scenario: Create a new user" line="15">
<kw name="Before Tests" library="test_keywords_common" type="SETUP">
<kw name="Create Session" library="RequestsLibrary">
<arg>serverest</arg>
<arg>${SERVER_BASE_URL}</arg>
<arg>disable_warnings=True</arg>
<doc>Create Session: create a HTTP session to a server</doc>
<msg timestamp="20230526 21:09:59.431" level="INFO">Creating Session using : alias=serverest, url=https://serverest.dev, headers={},                     cookies={}, auth=None, timeout=None, proxies=None, verify=False,                     debug=0 </msg>
<status status="PASS" starttime="20230526 21:09:59.431" endtime="20230526 21:09:59.431"/>
</kw>
<status status="PASS" starttime="20230526 21:09:59.430" endtime="20230526 21:09:59.431"/>
</kw>
<kw name="Given I have a valid user data" library="test_keywords_users">
<kw name="Name" library="FakerLibrary">
<var>${name}</var>
<doc>:example 'John Doe'</doc>
<msg timestamp="20230526 21:09:59.432" level="INFO">${name} = Jamie Collins DVM</msg>
<status status="PASS" starttime="20230526 21:09:59.432" endtime="20230526 21:09:59.432"/>
</kw>
<kw name="Email" library="FakerLibrary">
<var>${email}</var>
<msg timestamp="20230526 21:09:59.433" level="INFO">${email} = knightcarrie@example.org</msg>
<status status="PASS" starttime="20230526 21:09:59.432" endtime="20230526 21:09:59.433"/>
</kw>
<kw name="Password" library="FakerLibrary">
<var>${password}</var>
<arg>length=12</arg>
<arg>special_chars=False</arg>
<doc>Generate a random password of the specified ``length``.</doc>
<msg timestamp="20230526 21:09:59.433" level="INFO">${password} = l7jfRf1M5QBX</msg>
<status status="PASS" starttime="20230526 21:09:59.433" endtime="20230526 21:09:59.433"/>
</kw>
<kw name="Set Suite Variable" library="BuiltIn">
<arg>${name}</arg>
<doc>Makes a variable available everywhere within the scope of the current suite.</doc>
<msg timestamp="20230526 21:09:59.434" level="INFO">${name} = Jamie Collins DVM</msg>
<status status="PASS" starttime="20230526 21:09:59.434" endtime="20230526 21:09:59.434"/>
</kw>
<kw name="Set Suite Variable" library="BuiltIn">
<arg>${email}</arg>
<doc>Makes a variable available everywhere within the scope of the current suite.</doc>
<msg timestamp="20230526 21:09:59.434" level="INFO">${email} = knightcarrie@example.org</msg>
<status status="PASS" starttime="20230526 21:09:59.434" endtime="20230526 21:09:59.434"/>
</kw>
<kw name="Set Suite Variable" library="BuiltIn">
<arg>${password}</arg>
<doc>Makes a variable available everywhere within the scope of the current suite.</doc>
<msg timestamp="20230526 21:09:59.435" level="INFO">${password} = l7jfRf1M5QBX</msg>
<status status="PASS" starttime="20230526 21:09:59.434" endtime="20230526 21:09:59.435"/>
</kw>
<status status="PASS" starttime="20230526 21:09:59.431" endtime="20230526 21:09:59.435"/>
</kw>
<kw name="When I create the user" library="test_keywords_users">
<kw name="Create Dictionary" library="BuiltIn">
<var>${payload}</var>
<arg>nome=${name}</arg>
<arg>email=${email}</arg>
<arg>password=${password}</arg>
<arg>administrador=false</arg>
<doc>Creates and returns a dictionary based on the given ``items``.</doc>
<msg timestamp="20230526 21:09:59.436" level="INFO">${payload} = {'nome': 'Jamie Collins DVM', 'email': 'knightcarrie@example.org', 'password': 'l7jfRf1M5QBX', 'administrador': 'false'}</msg>
<status status="PASS" starttime="20230526 21:09:59.435" endtime="20230526 21:09:59.436"/>
</kw>
<kw name="Create Dictionary" library="BuiltIn">
<var>${headers}</var>
<arg>Content-Type=application/json</arg>
<doc>Creates and returns a dictionary based on the given ``items``.</doc>
<msg timestamp="20230526 21:09:59.436" level="INFO">${headers} = {'Content-Type': 'application/json'}</msg>
<status status="PASS" starttime="20230526 21:09:59.436" endtime="20230526 21:09:59.436"/>
</kw>
<kw name="POST On Session" library="RequestsLibrary">
<var>${response}</var>
<arg>serverest</arg>
<arg>${USERS_API_ENDPOINT}</arg>
<arg>json=${payload}</arg>
<arg>headers=${headers}</arg>
<doc>Sends a POST request on a previously created HTTP Session.</doc>
<msg timestamp="20230526 21:09:59.505" level="INFO">POST Request : url=https://serverest.dev/usuarios 
 path_url=/usuarios 
 headers={'User-Agent': 'python-requests/2.31.0', 'Accept-Encoding': 'gzip, deflate', 'Accept': '*/*', 'Connection': 'keep-alive', 'Content-Type': 'application/json', 'Content-Length': '120'} 
 body=b'{"nome": "Jamie Collins DVM", "email": "knightcarrie@example.org", "password": "l7jfRf1M5QBX", "administrador": "false"}' 
 </msg>
<msg timestamp="20230526 21:09:59.506" level="INFO">POST Response : url=https://serverest.dev/usuarios 
 status=201, reason=Created 
 headers={'access-control-allow-origin': '*', 'x-dns-prefetch-control': 'off', 'x-frame-options': 'SAMEORIGIN', 'strict-transport-security': 'max-age=15552000; includeSubDomains', 'x-download-options': 'noopen', 'x-content-type-options': 'nosniff', 'x-xss-protection': '1; mode=block', 'x-moesif-transaction-id': 'b30f85cc-d594-4651-a7f0-f5d3889565bf', 'content-type': 'application/json; charset=utf-8', 'X-Cloud-Trace-Context': '855574791aed82c2fd618fdb351774ea', 'Date': 'Fri, 26 May 2023 21:09:59 GMT', 'Server': 'Google Frontend', 'Content-Length': '82'} 
 body={
    "message": "Cadastro realizado com sucesso",
    "_id": "JT1NqrQcj3kPC9Z8"
} 
 </msg>
<msg timestamp="20230526 21:09:59.506" level="INFO">${response} = &lt;Response [201]&gt;</msg>
<status status="PASS" starttime="20230526 21:09:59.436" endtime="20230526 21:09:59.506"/>
</kw>
<kw name="Set Variable" library="BuiltIn">
<var>${user_id}</var>
<arg>${response.json()['_id']}</arg>
<doc>Returns the given values which can then be assigned to a variables.</doc>
<msg timestamp="20230526 21:09:59.507" level="INFO">${user_id} = JT1NqrQcj3kPC9Z8</msg>
<status status="PASS" starttime="20230526 21:09:59.506" endtime="20230526 21:09:59.507"/>
</kw>
<kw name="Set Global Variable" library="BuiltIn">
<arg>${USER_ID}</arg>
<arg>${user_id}</arg>
<doc>Makes a variable available globally in all tests and suites.</doc>
<msg timestamp="20230526 21:09:59.508" level="INFO">${USER_ID} = JT1NqrQcj3kPC9Z8</msg>
<status status="PASS" starttime="20230526 21:09:59.507" endtime="20230526 21:09:59.508"/>
</kw>
<kw name="Set Test Variable" library="BuiltIn">
<arg>${response}</arg>
<doc>Makes a variable available everywhere within the scope of the current test.</doc>
<msg timestamp="20230526 21:09:59.508" level="INFO">${response} = &lt;Response [201]&gt;</msg>
<status status="PASS" starttime="20230526 21:09:59.508" endtime="20230526 21:09:59.508"/>
</kw>
<status status="PASS" starttime="20230526 21:09:59.435" endtime="20230526 21:09:59.508"/>
</kw>
<kw name="Then the response status code should be 201" library="test_keywords_users" sourcename="Then the response status code should be ${status_code}">
<kw name="Should Be Equal As Numbers" library="BuiltIn">
<arg>${response.status_code}</arg>
<arg>${status_code}</arg>
<doc>Fails if objects are unequal after converting them to real numbers.</doc>
<msg timestamp="20230526 21:09:59.509" level="INFO">Argument types are:
&lt;class 'int'&gt;
&lt;class 'str'&gt;</msg>
<status status="PASS" starttime="20230526 21:09:59.509" endtime="20230526 21:09:59.510"/>
</kw>
<kw name="Should Be True" library="BuiltIn">
<arg>${response.json()}</arg>
<doc>Fails if the given condition is not true.</doc>
<status status="PASS" starttime="20230526 21:09:59.510" endtime="20230526 21:09:59.510"/>
</kw>
<status status="PASS" starttime="20230526 21:09:59.508" endtime="20230526 21:09:59.511"/>
</kw>
<kw name="And the response body should not be empty" library="test_keywords_users">
<kw name="Should Not Be Empty" library="BuiltIn">
<arg>${response.json()}</arg>
<doc>Verifies that the given item is not empty.</doc>
<msg timestamp="20230526 21:09:59.512" level="INFO">Length is 2</msg>
<status status="PASS" starttime="20230526 21:09:59.511" endtime="20230526 21:09:59.512"/>
</kw>
<status status="PASS" starttime="20230526 21:09:59.511" endtime="20230526 21:09:59.512"/>
</kw>
<tag>api</tag>
<status status="PASS" starttime="20230526 21:09:59.429" endtime="20230526 21:09:59.512"/>
</test>
<test id="s1-s1-s1-t3" name="Scenario: Get a specific user informations" line="22">
<kw name="Before Tests" library="test_keywords_common" type="SETUP">
<kw name="Create Session" library="RequestsLibrary">
<arg>serverest</arg>
<arg>${SERVER_BASE_URL}</arg>
<arg>disable_warnings=True</arg>
<doc>Create Session: create a HTTP session to a server</doc>
<msg timestamp="20230526 21:09:59.514" level="INFO">Creating Session using : alias=serverest, url=https://serverest.dev, headers={},                     cookies={}, auth=None, timeout=None, proxies=None, verify=False,                     debug=0 </msg>
<status status="PASS" starttime="20230526 21:09:59.513" endtime="20230526 21:09:59.514"/>
</kw>
<status status="PASS" starttime="20230526 21:09:59.513" endtime="20230526 21:09:59.514"/>
</kw>
<kw name="When I request the created user" library="test_keywords_users">
<kw name="GET On Session" library="RequestsLibrary">
<var>${response}</var>
<arg>serverest</arg>
<arg>${USERS_API_ENDPOINT}/${USER_ID}</arg>
<doc>Sends a GET request on a previously created HTTP Session.</doc>
<msg timestamp="20230526 21:09:59.588" level="INFO">GET Request : url=https://serverest.dev/usuarios/JT1NqrQcj3kPC9Z8 
 path_url=/usuarios/JT1NqrQcj3kPC9Z8 
 headers={'User-Agent': 'python-requests/2.31.0', 'Accept-Encoding': 'gzip, deflate', 'Accept': '*/*', 'Connection': 'keep-alive'} 
 body=None 
 </msg>
<msg timestamp="20230526 21:09:59.588" level="INFO">GET Response : url=https://serverest.dev/usuarios/JT1NqrQcj3kPC9Z8 
 status=200, reason=OK 
 headers={'access-control-allow-origin': '*', 'x-dns-prefetch-control': 'off', 'x-frame-options': 'SAMEORIGIN', 'strict-transport-security': 'max-age=15552000; includeSubDomains', 'x-download-options': 'noopen', 'x-content-type-options': 'nosniff', 'x-xss-protection': '1; mode=block', 'x-moesif-transaction-id': '430cd2e2-a730-4f53-8c20-0c0e2ecd355d', 'content-type': 'application/json; charset=utf-8', 'X-Cloud-Trace-Context': 'a890a50bad8ce47b9f75edd29d6e17fb', 'Date': 'Fri, 26 May 2023 21:09:59 GMT', 'Server': 'Google Frontend', 'Content-Length': '169'} 
 body={
    "nome": "Jamie Collins DVM",
    "email": "knightcarrie@example.org",
    "password": "l7jfRf1M5QBX",
    "administrador": "false",
    "_id": "JT1NqrQcj3kPC9Z8"
} 
 </msg>
<msg timestamp="20230526 21:09:59.589" level="INFO">${response} = &lt;Response [200]&gt;</msg>
<status status="PASS" starttime="20230526 21:09:59.515" endtime="20230526 21:09:59.589"/>
</kw>
<kw name="Set Test Variable" library="BuiltIn">
<arg>${response}</arg>
<doc>Makes a variable available everywhere within the scope of the current test.</doc>
<msg timestamp="20230526 21:09:59.589" level="INFO">${response} = &lt;Response [200]&gt;</msg>
<status status="PASS" starttime="20230526 21:09:59.589" endtime="20230526 21:09:59.589"/>
</kw>
<status status="PASS" starttime="20230526 21:09:59.514" endtime="20230526 21:09:59.589"/>
</kw>
<kw name="Then the response status code should be 200" library="test_keywords_users" sourcename="Then the response status code should be ${status_code}">
<kw name="Should Be Equal As Numbers" library="BuiltIn">
<arg>${response.status_code}</arg>
<arg>${status_code}</arg>
<doc>Fails if objects are unequal after converting them to real numbers.</doc>
<msg timestamp="20230526 21:09:59.591" level="INFO">Argument types are:
&lt;class 'int'&gt;
&lt;class 'str'&gt;</msg>
<status status="PASS" starttime="20230526 21:09:59.590" endtime="20230526 21:09:59.591"/>
</kw>
<kw name="Should Be True" library="BuiltIn">
<arg>${response.json()}</arg>
<doc>Fails if the given condition is not true.</doc>
<status status="PASS" starttime="20230526 21:09:59.591" endtime="20230526 21:09:59.592"/>
</kw>
<status status="PASS" starttime="20230526 21:09:59.590" endtime="20230526 21:09:59.592"/>
</kw>
<kw name="And the response body should not be empty" library="test_keywords_users">
<kw name="Should Not Be Empty" library="BuiltIn">
<arg>${response.json()}</arg>
<doc>Verifies that the given item is not empty.</doc>
<msg timestamp="20230526 21:09:59.593" level="INFO">Length is 5</msg>
<status status="PASS" starttime="20230526 21:09:59.592" endtime="20230526 21:09:59.593"/>
</kw>
<status status="PASS" starttime="20230526 21:09:59.592" endtime="20230526 21:09:59.593"/>
</kw>
<tag>api</tag>
<status status="PASS" starttime="20230526 21:09:59.512" endtime="20230526 21:09:59.593"/>
</test>
<test id="s1-s1-s1-t4" name="Scenario: Update the created user" line="28">
<kw name="Before Tests" library="test_keywords_common" type="SETUP">
<kw name="Create Session" library="RequestsLibrary">
<arg>serverest</arg>
<arg>${SERVER_BASE_URL}</arg>
<arg>disable_warnings=True</arg>
<doc>Create Session: create a HTTP session to a server</doc>
<msg timestamp="20230526 21:09:59.595" level="INFO">Creating Session using : alias=serverest, url=https://serverest.dev, headers={},                     cookies={}, auth=None, timeout=None, proxies=None, verify=False,                     debug=0 </msg>
<status status="PASS" starttime="20230526 21:09:59.594" endtime="20230526 21:09:59.595"/>
</kw>
<status status="PASS" starttime="20230526 21:09:59.594" endtime="20230526 21:09:59.595"/>
</kw>
<kw name="When I update the created user" library="test_keywords_users">
<kw name="Create Dictionary" library="BuiltIn">
<var>${payload}</var>
<arg>nome=John Smith</arg>
<arg>email=john.smith@example.com</arg>
<arg>password=P@ssw0rd123</arg>
<arg>administrador=false</arg>
<doc>Creates and returns a dictionary based on the given ``items``.</doc>
<msg timestamp="20230526 21:09:59.596" level="INFO">${payload} = {'nome': 'John Smith', 'email': 'john.smith@example.com', 'password': 'P@ssw0rd123', 'administrador': 'false'}</msg>
<status status="PASS" starttime="20230526 21:09:59.596" endtime="20230526 21:09:59.596"/>
</kw>
<kw name="Create Dictionary" library="BuiltIn">
<var>${headers}</var>
<arg>Content-Type=application/json</arg>
<doc>Creates and returns a dictionary based on the given ``items``.</doc>
<msg timestamp="20230526 21:09:59.596" level="INFO">${headers} = {'Content-Type': 'application/json'}</msg>
<status status="PASS" starttime="20230526 21:09:59.596" endtime="20230526 21:09:59.596"/>
</kw>
<kw name="PUT On Session" library="RequestsLibrary">
<var>${response}</var>
<arg>serverest</arg>
<arg>${USERS_API_ENDPOINT}/${USER_ID}</arg>
<arg>json=${payload}</arg>
<arg>headers=${headers}</arg>
<doc>Sends a PUT request on a previously created HTTP Session.</doc>
<msg timestamp="20230526 21:09:59.670" level="INFO">PUT Request : url=https://serverest.dev/usuarios/JT1NqrQcj3kPC9Z8 
 path_url=/usuarios/JT1NqrQcj3kPC9Z8 
 headers={'User-Agent': 'python-requests/2.31.0', 'Accept-Encoding': 'gzip, deflate', 'Accept': '*/*', 'Connection': 'keep-alive', 'Content-Type': 'application/json', 'Content-Length': '110'} 
 body=b'{"nome": "John Smith", "email": "john.smith@example.com", "password": "P@ssw0rd123", "administrador": "false"}' 
 </msg>
<msg timestamp="20230526 21:09:59.670" level="INFO">PUT Response : url=https://serverest.dev/usuarios/JT1NqrQcj3kPC9Z8 
 status=200, reason=OK 
 headers={'access-control-allow-origin': '*', 'x-dns-prefetch-control': 'off', 'x-frame-options': 'SAMEORIGIN', 'strict-transport-security': 'max-age=15552000; includeSubDomains', 'x-download-options': 'noopen', 'x-content-type-options': 'nosniff', 'x-xss-protection': '1; mode=block', 'x-moesif-transaction-id': 'ec8cf9c6-31ed-4fbb-961d-cb5786d66760', 'content-type': 'application/json; charset=utf-8', 'X-Cloud-Trace-Context': 'c2c1e41156b49878000c3aba7c15e067', 'Date': 'Fri, 26 May 2023 21:09:59 GMT', 'Server': 'Google Frontend', 'Content-Length': '50'} 
 body={
    "message": "Registro alterado com sucesso"
} 
 </msg>
<msg timestamp="20230526 21:09:59.670" level="INFO">${response} = &lt;Response [200]&gt;</msg>
<status status="PASS" starttime="20230526 21:09:59.596" endtime="20230526 21:09:59.670"/>
</kw>
<kw name="Set Test Variable" library="BuiltIn">
<arg>${response}</arg>
<doc>Makes a variable available everywhere within the scope of the current test.</doc>
<msg timestamp="20230526 21:09:59.671" level="INFO">${response} = &lt;Response [200]&gt;</msg>
<status status="PASS" starttime="20230526 21:09:59.670" endtime="20230526 21:09:59.671"/>
</kw>
<status status="PASS" starttime="20230526 21:09:59.595" endtime="20230526 21:09:59.671"/>
</kw>
<kw name="Then the response status code should be 200" library="test_keywords_users" sourcename="Then the response status code should be ${status_code}">
<kw name="Should Be Equal As Numbers" library="BuiltIn">
<arg>${response.status_code}</arg>
<arg>${status_code}</arg>
<doc>Fails if objects are unequal after converting them to real numbers.</doc>
<msg timestamp="20230526 21:09:59.672" level="INFO">Argument types are:
&lt;class 'int'&gt;
&lt;class 'str'&gt;</msg>
<status status="PASS" starttime="20230526 21:09:59.671" endtime="20230526 21:09:59.672"/>
</kw>
<kw name="Should Be True" library="BuiltIn">
<arg>${response.json()}</arg>
<doc>Fails if the given condition is not true.</doc>
<status status="PASS" starttime="20230526 21:09:59.672" endtime="20230526 21:09:59.673"/>
</kw>
<status status="PASS" starttime="20230526 21:09:59.671" endtime="20230526 21:09:59.673"/>
</kw>
<kw name="And the response body should not be empty" library="test_keywords_users">
<kw name="Should Not Be Empty" library="BuiltIn">
<arg>${response.json()}</arg>
<doc>Verifies that the given item is not empty.</doc>
<msg timestamp="20230526 21:09:59.674" level="INFO">Length is 1</msg>
<status status="PASS" starttime="20230526 21:09:59.674" endtime="20230526 21:09:59.674"/>
</kw>
<status status="PASS" starttime="20230526 21:09:59.673" endtime="20230526 21:09:59.674"/>
</kw>
<tag>api</tag>
<status status="PASS" starttime="20230526 21:09:59.594" endtime="20230526 21:09:59.675"/>
</test>
<test id="s1-s1-s1-t5" name="Scenario: Delete the created user" line="34">
<kw name="Before Tests" library="test_keywords_common" type="SETUP">
<kw name="Create Session" library="RequestsLibrary">
<arg>serverest</arg>
<arg>${SERVER_BASE_URL}</arg>
<arg>disable_warnings=True</arg>
<doc>Create Session: create a HTTP session to a server</doc>
<msg timestamp="20230526 21:09:59.676" level="INFO">Creating Session using : alias=serverest, url=https://serverest.dev, headers={},                     cookies={}, auth=None, timeout=None, proxies=None, verify=False,                     debug=0 </msg>
<status status="PASS" starttime="20230526 21:09:59.676" endtime="20230526 21:09:59.677"/>
</kw>
<status status="PASS" starttime="20230526 21:09:59.676" endtime="20230526 21:09:59.677"/>
</kw>
<kw name="When I delete the created user" library="test_keywords_users">
<kw name="DELETE On Session" library="RequestsLibrary">
<var>${response}</var>
<arg>serverest</arg>
<arg>${USERS_API_ENDPOINT}/${USER_ID}</arg>
<doc>Sends a DELETE request on a previously created HTTP Session.</doc>
<msg timestamp="20230526 21:09:59.746" level="INFO">DELETE Request : url=https://serverest.dev/usuarios/JT1NqrQcj3kPC9Z8 
 path_url=/usuarios/JT1NqrQcj3kPC9Z8 
 headers={'User-Agent': 'python-requests/2.31.0', 'Accept-Encoding': 'gzip, deflate', 'Accept': '*/*', 'Connection': 'keep-alive', 'Content-Length': '0'} 
 body=None 
 </msg>
<msg timestamp="20230526 21:09:59.746" level="INFO">DELETE Response : url=https://serverest.dev/usuarios/JT1NqrQcj3kPC9Z8 
 status=200, reason=OK 
 headers={'access-control-allow-origin': '*', 'x-dns-prefetch-control': 'off', 'x-frame-options': 'SAMEORIGIN', 'strict-transport-security': 'max-age=15552000; includeSubDomains', 'x-download-options': 'noopen', 'x-content-type-options': 'nosniff', 'x-xss-protection': '1; mode=block', 'x-moesif-transaction-id': 'faaa3d28-5581-4aab-a5a4-a54de8e54d2e', 'content-type': 'application/json; charset=utf-8', 'X-Cloud-Trace-Context': '28dc490dde858af7ce35cc696e84bce7', 'Date': 'Fri, 26 May 2023 21:09:59 GMT', 'Server': 'Google Frontend', 'Content-Length': '51'} 
 body={
    "message": "Registro excluído com sucesso"
} 
 </msg>
<msg timestamp="20230526 21:09:59.747" level="INFO">${response} = &lt;Response [200]&gt;</msg>
<status status="PASS" starttime="20230526 21:09:59.677" endtime="20230526 21:09:59.747"/>
</kw>
<kw name="Set Test Variable" library="BuiltIn">
<arg>${response}</arg>
<doc>Makes a variable available everywhere within the scope of the current test.</doc>
<msg timestamp="20230526 21:09:59.747" level="INFO">${response} = &lt;Response [200]&gt;</msg>
<status status="PASS" starttime="20230526 21:09:59.747" endtime="20230526 21:09:59.747"/>
</kw>
<status status="PASS" starttime="20230526 21:09:59.677" endtime="20230526 21:09:59.747"/>
</kw>
<kw name="Then the response status code should be 200" library="test_keywords_users" sourcename="Then the response status code should be ${status_code}">
<kw name="Should Be Equal As Numbers" library="BuiltIn">
<arg>${response.status_code}</arg>
<arg>${status_code}</arg>
<doc>Fails if objects are unequal after converting them to real numbers.</doc>
<msg timestamp="20230526 21:09:59.749" level="INFO">Argument types are:
&lt;class 'int'&gt;
&lt;class 'str'&gt;</msg>
<status status="PASS" starttime="20230526 21:09:59.748" endtime="20230526 21:09:59.749"/>
</kw>
<kw name="Should Be True" library="BuiltIn">
<arg>${response.json()}</arg>
<doc>Fails if the given condition is not true.</doc>
<status status="PASS" starttime="20230526 21:09:59.749" endtime="20230526 21:09:59.750"/>
</kw>
<status status="PASS" starttime="20230526 21:09:59.748" endtime="20230526 21:09:59.750"/>
</kw>
<kw name="And the response body should not be empty" library="test_keywords_users">
<kw name="Should Not Be Empty" library="BuiltIn">
<arg>${response.json()}</arg>
<doc>Verifies that the given item is not empty.</doc>
<msg timestamp="20230526 21:09:59.751" level="INFO">Length is 1</msg>
<status status="PASS" starttime="20230526 21:09:59.750" endtime="20230526 21:09:59.751"/>
</kw>
<status status="PASS" starttime="20230526 21:09:59.750" endtime="20230526 21:09:59.751"/>
</kw>
<tag>api</tag>
<status status="PASS" starttime="20230526 21:09:59.675" endtime="20230526 21:09:59.751"/>
</test>
<status status="PASS" starttime="20230526 21:09:58.705" endtime="20230526 21:09:59.752"/>
</suite>
<status status="PASS" starttime="20230526 21:09:58.704" endtime="20230526 21:09:59.754"/>
</suite>
<suite id="s1-s2" name="Ui" source="/home/runner/work/gen-ai-robot-test/gen-ai-robot-test/tests/ui">
<suite id="s1-s2-s1" name="Test Ui Signup" source="/home/runner/work/gen-ai-robot-test/gen-ai-robot-test/tests/ui/test_ui_signup.robot">
<test id="s1-s2-s1-t1" name="Scenario: Signup with empty fields" line="10">
<kw name="Before Tests" library="test_keywords_common" type="SETUP">
<kw name="Open Browser" library="SeleniumLibrary">
<arg>${SERVER_BASE_URL}</arg>
<arg>${HEADLESS} ${BROWSER}</arg>
<doc>Opens a new browser instance to the optional ``url``.</doc>
<msg timestamp="20230526 21:09:59.765" level="INFO">Opening browser 'headless Chrome' to base url 'https://front.serverest.dev/'.</msg>
<status status="PASS" starttime="20230526 21:09:59.765" endtime="20230526 21:10:01.587"/>
</kw>
<kw name="Maximize Browser Window" library="SeleniumLibrary">
<doc>Maximizes current browser window.</doc>
<status status="PASS" starttime="20230526 21:10:01.588" endtime="20230526 21:10:01.702"/>
</kw>
<status status="PASS" starttime="20230526 21:09:59.764" endtime="20230526 21:10:01.703"/>
</kw>
<kw name="Given Im on the signup page" library="test_keywords_signup">
<kw name="Location Should Be" library="SeleniumLibrary">
<arg>https://front.serverest.dev/login</arg>
<doc>Verifies that the current URL is exactly ``url``.</doc>
<msg timestamp="20230526 21:10:01.709" level="INFO">Current location is 'https://front.serverest.dev/login'.</msg>
<status status="PASS" starttime="20230526 21:10:01.703" endtime="20230526 21:10:01.709"/>
</kw>
<kw name="Click Element" library="SeleniumLibrary">
<arg>css=a.btn.btn-link</arg>
<doc>Click the element identified by ``locator``.</doc>
<msg timestamp="20230526 21:10:01.711" level="INFO">Clicking element 'css=a.btn.btn-link'.</msg>
<status status="PASS" starttime="20230526 21:10:01.709" endtime="20230526 21:10:01.809"/>
</kw>
<status status="PASS" starttime="20230526 21:10:01.703" endtime="20230526 21:10:01.809"/>
</kw>
<kw name="When I click in signup" library="test_keywords_signup">
<kw name="Click Button" library="SeleniumLibrary">
<arg>css=.btn.btn-primary</arg>
<doc>Clicks the button identified by ``locator``.</doc>
<msg timestamp="20230526 21:10:01.811" level="INFO">Clicking button 'css=.btn.btn-primary'.</msg>
<status status="PASS" starttime="20230526 21:10:01.810" endtime="20230526 21:10:01.880"/>
</kw>
<status status="PASS" starttime="20230526 21:10:01.809" endtime="20230526 21:10:01.881"/>
</kw>
<kw name="Then required field messages should be displayed" library="test_keywords_signup">
<kw name="Wait Until Element Is Visible" library="SeleniumLibrary">
<arg>css=.alert-dismissible</arg>
<arg>timeout=10s</arg>
<doc>Waits until the element ``locator`` is visible.</doc>
<status status="PASS" starttime="20230526 21:10:01.881" endtime="20230526 21:10:02.120"/>
</kw>
<kw name="Element Should Be Visible" library="SeleniumLibrary">
<arg>css=.alert-dismissible</arg>
<doc>Verifies that the element identified by ``locator`` is visible.</doc>
<msg timestamp="20230526 21:10:02.148" level="INFO">Element 'css=.alert-dismissible' is displayed.</msg>
<status status="PASS" starttime="20230526 21:10:02.120" endtime="20230526 21:10:02.148"/>
</kw>
<kw name="Page Should Contain" library="SeleniumLibrary">
<arg>Nome é obrigatório</arg>
<doc>Verifies that current page contains ``text``.</doc>
<msg timestamp="20230526 21:10:02.166" level="INFO">Current page contains text 'Nome é obrigatório'.</msg>
<status status="PASS" starttime="20230526 21:10:02.149" endtime="20230526 21:10:02.166"/>
</kw>
<kw name="Page Should Contain" library="SeleniumLibrary">
<arg>Email é obrigatório</arg>
<doc>Verifies that current page contains ``text``.</doc>
<msg timestamp="20230526 21:10:02.180" level="INFO">Current page contains text 'Email é obrigatório'.</msg>
<status status="PASS" starttime="20230526 21:10:02.166" endtime="20230526 21:10:02.180"/>
</kw>
<kw name="Page Should Contain" library="SeleniumLibrary">
<arg>Password é obrigatório</arg>
<doc>Verifies that current page contains ``text``.</doc>
<msg timestamp="20230526 21:10:02.195" level="INFO">Current page contains text 'Password é obrigatório'.</msg>
<status status="PASS" starttime="20230526 21:10:02.181" endtime="20230526 21:10:02.195"/>
</kw>
<status status="PASS" starttime="20230526 21:10:01.881" endtime="20230526 21:10:02.195"/>
</kw>
<kw name="After Tests" library="test_keywords_common" type="TEARDOWN">
<kw name="Close Browser" library="SeleniumLibrary">
<doc>Closes the current browser.</doc>
<status status="PASS" starttime="20230526 21:10:02.196" endtime="20230526 21:10:02.251"/>
</kw>
<status status="PASS" starttime="20230526 21:10:02.196" endtime="20230526 21:10:02.252"/>
</kw>
<tag>ui</tag>
<status status="PASS" starttime="20230526 21:09:59.764" endtime="20230526 21:10:02.252"/>
</test>
<test id="s1-s2-s1-t2" name="Scenario: Signup done successfully" line="16">
<kw name="Before Tests" library="test_keywords_common" type="SETUP">
<kw name="Open Browser" library="SeleniumLibrary">
<arg>${SERVER_BASE_URL}</arg>
<arg>${HEADLESS} ${BROWSER}</arg>
<doc>Opens a new browser instance to the optional ``url``.</doc>
<msg timestamp="20230526 21:10:02.254" level="INFO">Opening browser 'headless Chrome' to base url 'https://front.serverest.dev/'.</msg>
<status status="PASS" starttime="20230526 21:10:02.253" endtime="20230526 21:10:03.432"/>
</kw>
<kw name="Maximize Browser Window" library="SeleniumLibrary">
<doc>Maximizes current browser window.</doc>
<status status="PASS" starttime="20230526 21:10:03.432" endtime="20230526 21:10:03.547"/>
</kw>
<status status="PASS" starttime="20230526 21:10:02.253" endtime="20230526 21:10:03.547"/>
</kw>
<kw name="Given Im on the signup page" library="test_keywords_signup">
<kw name="Location Should Be" library="SeleniumLibrary">
<arg>https://front.serverest.dev/login</arg>
<doc>Verifies that the current URL is exactly ``url``.</doc>
<msg timestamp="20230526 21:10:03.553" level="INFO">Current location is 'https://front.serverest.dev/login'.</msg>
<status status="PASS" starttime="20230526 21:10:03.548" endtime="20230526 21:10:03.553"/>
</kw>
<kw name="Click Element" library="SeleniumLibrary">
<arg>css=a.btn.btn-link</arg>
<doc>Click the element identified by ``locator``.</doc>
<msg timestamp="20230526 21:10:03.554" level="INFO">Clicking element 'css=a.btn.btn-link'.</msg>
<status status="PASS" starttime="20230526 21:10:03.553" endtime="20230526 21:10:03.642"/>
</kw>
<status status="PASS" starttime="20230526 21:10:03.547" endtime="20230526 21:10:03.642"/>
</kw>
<kw name="And I fill in the signup fields with valid data" library="test_keywords_signup">
<kw name="Name" library="FakerLibrary">
<var>${name}</var>
<doc>:example 'John Doe'</doc>
<msg timestamp="20230526 21:10:03.643" level="INFO">${name} = Jacqueline Lopez</msg>
<status status="PASS" starttime="20230526 21:10:03.642" endtime="20230526 21:10:03.643"/>
</kw>
<kw name="Email" library="FakerLibrary">
<var>${email}</var>
<msg timestamp="20230526 21:10:03.644" level="INFO">${email} = bjohnson@example.org</msg>
<status status="PASS" starttime="20230526 21:10:03.643" endtime="20230526 21:10:03.644"/>
</kw>
<kw name="Password" library="FakerLibrary">
<var>${password}</var>
<arg>length=12</arg>
<arg>special_chars=False</arg>
<doc>Generate a random password of the specified ``length``.</doc>
<msg timestamp="20230526 21:10:03.645" level="INFO">${password} = KlILbusq4KYn</msg>
<status status="PASS" starttime="20230526 21:10:03.644" endtime="20230526 21:10:03.645"/>
</kw>
<kw name="Input Text" library="SeleniumLibrary">
<arg>id:nome</arg>
<arg>${name}</arg>
<doc>Types the given ``text`` into the text field identified by ``locator``.</doc>
<msg timestamp="20230526 21:10:03.645" level="INFO">Typing text 'Jacqueline Lopez' into text field 'id:nome'.</msg>
<status status="PASS" starttime="20230526 21:10:03.645" endtime="20230526 21:10:03.789"/>
</kw>
<kw name="Input Text" library="SeleniumLibrary">
<arg>id:email</arg>
<arg>${email}</arg>
<doc>Types the given ``text`` into the text field identified by ``locator``.</doc>
<msg timestamp="20230526 21:10:03.790" level="INFO">Typing text 'bjohnson@example.org' into text field 'id:email'.</msg>
<status status="PASS" starttime="20230526 21:10:03.789" endtime="20230526 21:10:03.914"/>
</kw>
<kw name="Input Text" library="SeleniumLibrary">
<arg>id:password</arg>
<arg>${password}</arg>
<doc>Types the given ``text`` into the text field identified by ``locator``.</doc>
<msg timestamp="20230526 21:10:03.915" level="INFO">Typing text 'KlILbusq4KYn' into text field 'id:password'.</msg>
<status status="PASS" starttime="20230526 21:10:03.915" endtime="20230526 21:10:04.020"/>
</kw>
<kw name="Select Checkbox" library="SeleniumLibrary">
<arg>id=administrador</arg>
<doc>Selects the checkbox identified by ``locator``.</doc>
<msg timestamp="20230526 21:10:04.021" level="INFO">Selecting checkbox 'id=administrador'.</msg>
<status status="PASS" starttime="20230526 21:10:04.021" endtime="20230526 21:10:04.102"/>
</kw>
<kw name="Set Suite Variable" library="BuiltIn">
<arg>${name}</arg>
<doc>Makes a variable available everywhere within the scope of the current suite.</doc>
<msg timestamp="20230526 21:10:04.102" level="INFO">${name} = Jacqueline Lopez</msg>
<status status="PASS" starttime="20230526 21:10:04.102" endtime="20230526 21:10:04.102"/>
</kw>
<kw name="Set Suite Variable" library="BuiltIn">
<arg>${email}</arg>
<doc>Makes a variable available everywhere within the scope of the current suite.</doc>
<msg timestamp="20230526 21:10:04.103" level="INFO">${email} = bjohnson@example.org</msg>
<status status="PASS" starttime="20230526 21:10:04.103" endtime="20230526 21:10:04.103"/>
</kw>
<kw name="Set Suite Variable" library="BuiltIn">
<arg>${password}</arg>
<doc>Makes a variable available everywhere within the scope of the current suite.</doc>
<msg timestamp="20230526 21:10:04.103" level="INFO">${password} = KlILbusq4KYn</msg>
<status status="PASS" starttime="20230526 21:10:04.103" endtime="20230526 21:10:04.103"/>
</kw>
<status status="PASS" starttime="20230526 21:10:03.642" endtime="20230526 21:10:04.103"/>
</kw>
<kw name="When I click in signup" library="test_keywords_signup">
<kw name="Click Button" library="SeleniumLibrary">
<arg>css=.btn.btn-primary</arg>
<doc>Clicks the button identified by ``locator``.</doc>
<msg timestamp="20230526 21:10:04.105" level="INFO">Clicking button 'css=.btn.btn-primary'.</msg>
<status status="PASS" starttime="20230526 21:10:04.104" endtime="20230526 21:10:04.169"/>
</kw>
<status status="PASS" starttime="20230526 21:10:04.103" endtime="20230526 21:10:04.169"/>
</kw>
<kw name="Then the page should contain the text &quot;Cadastro realizado com sucesso&quot;" library="test_keywords_signup" sourcename="Then the page should contain the text &quot;${expected_text}&quot;">
<kw name="Wait Until Element Is Visible" library="SeleniumLibrary">
<arg>css=.alert-dismissible</arg>
<arg>timeout=10s</arg>
<doc>Waits until the element ``locator`` is visible.</doc>
<status status="PASS" starttime="20230526 21:10:04.169" endtime="20230526 21:10:04.409"/>
</kw>
<kw name="Element Should Be Visible" library="SeleniumLibrary">
<arg>css=.alert-dismissible</arg>
<doc>Verifies that the element identified by ``locator`` is visible.</doc>
<msg timestamp="20230526 21:10:04.432" level="INFO">Element 'css=.alert-dismissible' is displayed.</msg>
<status status="PASS" starttime="20230526 21:10:04.410" endtime="20230526 21:10:04.432"/>
</kw>
<kw name="Page Should Contain" library="SeleniumLibrary">
<arg>${expected_text}</arg>
<doc>Verifies that current page contains ``text``.</doc>
<msg timestamp="20230526 21:10:04.447" level="INFO">Current page contains text 'Cadastro realizado com sucesso'.</msg>
<status status="PASS" starttime="20230526 21:10:04.432" endtime="20230526 21:10:04.447"/>
</kw>
<status status="PASS" starttime="20230526 21:10:04.169" endtime="20230526 21:10:04.447"/>
</kw>
<kw name="After Tests" library="test_keywords_common" type="TEARDOWN">
<kw name="Close Browser" library="SeleniumLibrary">
<doc>Closes the current browser.</doc>
<status status="PASS" starttime="20230526 21:10:04.448" endtime="20230526 21:10:04.503"/>
</kw>
<status status="PASS" starttime="20230526 21:10:04.447" endtime="20230526 21:10:04.503"/>
</kw>
<tag>ui</tag>
<status status="PASS" starttime="20230526 21:10:02.252" endtime="20230526 21:10:04.503"/>
</test>
<test id="s1-s2-s1-t3" name="Scenario: Signup with already used email" line="23">
<kw name="Before Tests" library="test_keywords_common" type="SETUP">
<kw name="Open Browser" library="SeleniumLibrary">
<arg>${SERVER_BASE_URL}</arg>
<arg>${HEADLESS} ${BROWSER}</arg>
<doc>Opens a new browser instance to the optional ``url``.</doc>
<msg timestamp="20230526 21:10:04.505" level="INFO">Opening browser 'headless Chrome' to base url 'https://front.serverest.dev/'.</msg>
<status status="PASS" starttime="20230526 21:10:04.505" endtime="20230526 21:10:05.759"/>
</kw>
<kw name="Maximize Browser Window" library="SeleniumLibrary">
<doc>Maximizes current browser window.</doc>
<status status="PASS" starttime="20230526 21:10:05.760" endtime="20230526 21:10:05.867"/>
</kw>
<status status="PASS" starttime="20230526 21:10:04.504" endtime="20230526 21:10:05.867"/>
</kw>
<kw name="Given Im on the signup page" library="test_keywords_signup">
<kw name="Location Should Be" library="SeleniumLibrary">
<arg>https://front.serverest.dev/login</arg>
<doc>Verifies that the current URL is exactly ``url``.</doc>
<msg timestamp="20230526 21:10:05.873" level="INFO">Current location is 'https://front.serverest.dev/login'.</msg>
<status status="PASS" starttime="20230526 21:10:05.868" endtime="20230526 21:10:05.873"/>
</kw>
<kw name="Click Element" library="SeleniumLibrary">
<arg>css=a.btn.btn-link</arg>
<doc>Click the element identified by ``locator``.</doc>
<msg timestamp="20230526 21:10:05.874" level="INFO">Clicking element 'css=a.btn.btn-link'.</msg>
<status status="PASS" starttime="20230526 21:10:05.874" endtime="20230526 21:10:05.964"/>
</kw>
<status status="PASS" starttime="20230526 21:10:05.868" endtime="20230526 21:10:05.964"/>
</kw>
<kw name="And I fill in the signup fields with an email already registered" library="test_keywords_signup">
<kw name="Input Text" library="SeleniumLibrary">
<arg>id:nome</arg>
<arg>${name}</arg>
<doc>Types the given ``text`` into the text field identified by ``locator``.</doc>
<msg timestamp="20230526 21:10:05.966" level="INFO">Typing text 'Jacqueline Lopez' into text field 'id:nome'.</msg>
<status status="PASS" starttime="20230526 21:10:05.965" endtime="20230526 21:10:06.103"/>
</kw>
<kw name="Input Text" library="SeleniumLibrary">
<arg>id:email</arg>
<arg>${email}</arg>
<doc>Types the given ``text`` into the text field identified by ``locator``.</doc>
<msg timestamp="20230526 21:10:06.104" level="INFO">Typing text 'bjohnson@example.org' into text field 'id:email'.</msg>
<status status="PASS" starttime="20230526 21:10:06.104" endtime="20230526 21:10:06.221"/>
</kw>
<kw name="Input Text" library="SeleniumLibrary">
<arg>id:password</arg>
<arg>${password}</arg>
<doc>Types the given ``text`` into the text field identified by ``locator``.</doc>
<msg timestamp="20230526 21:10:06.222" level="INFO">Typing text 'KlILbusq4KYn' into text field 'id:password'.</msg>
<status status="PASS" starttime="20230526 21:10:06.221" endtime="20230526 21:10:06.318"/>
</kw>
<kw name="Select Checkbox" library="SeleniumLibrary">
<arg>id=administrador</arg>
<doc>Selects the checkbox identified by ``locator``.</doc>
<msg timestamp="20230526 21:10:06.319" level="INFO">Selecting checkbox 'id=administrador'.</msg>
<status status="PASS" starttime="20230526 21:10:06.318" endtime="20230526 21:10:06.400"/>
</kw>
<status status="PASS" starttime="20230526 21:10:05.965" endtime="20230526 21:10:06.400"/>
</kw>
<kw name="When I click in signup" library="test_keywords_signup">
<kw name="Click Button" library="SeleniumLibrary">
<arg>css=.btn.btn-primary</arg>
<doc>Clicks the button identified by ``locator``.</doc>
<msg timestamp="20230526 21:10:06.402" level="INFO">Clicking button 'css=.btn.btn-primary'.</msg>
<status status="PASS" starttime="20230526 21:10:06.401" endtime="20230526 21:10:06.465"/>
</kw>
<status status="PASS" starttime="20230526 21:10:06.401" endtime="20230526 21:10:06.465"/>
</kw>
<kw name="Then the page should contain the text &quot;Este email já está sendo usado&quot;" library="test_keywords_signup" sourcename="Then the page should contain the text &quot;${expected_text}&quot;">
<kw name="Wait Until Element Is Visible" library="SeleniumLibrary">
<arg>css=.alert-dismissible</arg>
<arg>timeout=10s</arg>
<doc>Waits until the element ``locator`` is visible.</doc>
<status status="PASS" starttime="20230526 21:10:06.466" endtime="20230526 21:10:06.704"/>
</kw>
<kw name="Element Should Be Visible" library="SeleniumLibrary">
<arg>css=.alert-dismissible</arg>
<doc>Verifies that the element identified by ``locator`` is visible.</doc>
<msg timestamp="20230526 21:10:06.724" level="INFO">Element 'css=.alert-dismissible' is displayed.</msg>
<status status="PASS" starttime="20230526 21:10:06.704" endtime="20230526 21:10:06.724"/>
</kw>
<kw name="Page Should Contain" library="SeleniumLibrary">
<arg>${expected_text}</arg>
<doc>Verifies that current page contains ``text``.</doc>
<msg timestamp="20230526 21:10:06.738" level="INFO">Current page contains text 'Este email já está sendo usado'.</msg>
<status status="PASS" starttime="20230526 21:10:06.724" endtime="20230526 21:10:06.739"/>
</kw>
<status status="PASS" starttime="20230526 21:10:06.466" endtime="20230526 21:10:06.739"/>
</kw>
<kw name="After Tests" library="test_keywords_common" type="TEARDOWN">
<kw name="Close Browser" library="SeleniumLibrary">
<doc>Closes the current browser.</doc>
<status status="PASS" starttime="20230526 21:10:06.740" endtime="20230526 21:10:06.794"/>
</kw>
<status status="PASS" starttime="20230526 21:10:06.739" endtime="20230526 21:10:06.794"/>
</kw>
<tag>ui</tag>
<status status="PASS" starttime="20230526 21:10:04.504" endtime="20230526 21:10:06.795"/>
</test>
<status status="PASS" starttime="20230526 21:09:59.756" endtime="20230526 21:10:06.796"/>
</suite>
<status status="PASS" starttime="20230526 21:09:59.754" endtime="20230526 21:10:06.798"/>
</suite>
<suite id="s1-s3" name="Visual" source="/home/runner/work/gen-ai-robot-test/gen-ai-robot-test/tests/visual">
<suite id="s1-s3-s1" name="Test Visual Check" source="/home/runner/work/gen-ai-robot-test/gen-ai-robot-test/tests/visual/test_visual_check.robot">
<test id="s1-s3-s1-t1" name="Scenario: Visual check login page" line="11">
<kw name="Before Tests" library="test_keywords_common" type="SETUP">
<kw name="Open Browser" library="SeleniumLibrary">
<arg>${SERVER_BASE_URL}</arg>
<arg>${HEADLESS} ${BROWSER}</arg>
<doc>Opens a new browser instance to the optional ``url``.</doc>
<msg timestamp="20230526 21:10:07.825" level="INFO">Opening browser 'headless Chrome' to base url 'https://front.serverest.dev/'.</msg>
<status status="PASS" starttime="20230526 21:10:07.824" endtime="20230526 21:10:09.009"/>
</kw>
<kw name="Maximize Browser Window" library="SeleniumLibrary">
<doc>Maximizes current browser window.</doc>
<status status="PASS" starttime="20230526 21:10:09.010" endtime="20230526 21:10:09.114"/>
</kw>
<kw name="Eyes Open" library="EyesLibrary">
<tag>Check flow</tag>
<doc>Shared parameters section from `applitools.yaml` could be overwritten during `Eyes Open` call, see `Preconditions`.</doc>
<status status="PASS" starttime="20230526 21:10:09.114" endtime="20230526 21:10:11.500"/>
</kw>
<status status="PASS" starttime="20230526 21:10:07.823" endtime="20230526 21:10:11.500"/>
</kw>
<kw name="Given Im on the main application page" library="test_keywords_signup">
<kw name="Go To" library="SeleniumLibrary">
<arg>${SERVER_BASE_URL}</arg>
<doc>Navigates the current browser window to the provided ``url``.</doc>
<msg timestamp="20230526 21:10:11.501" level="INFO">Opening url 'https://front.serverest.dev/'</msg>
<status status="PASS" starttime="20230526 21:10:11.501" endtime="20230526 21:10:11.712"/>
</kw>
<status status="PASS" starttime="20230526 21:10:11.501" endtime="20230526 21:10:11.712"/>
</kw>
<kw name="Eyes Check Window" library="EyesLibrary">
<arg>Login Page</arg>
<arg>Fully</arg>
<tag>Allow to pass Check Settings keywords</tag>
<tag>Check flow</tag>
<doc>Check current browser window</doc>
<kw name="Fully" library="EyesLibrary">
<tag>Check Settings keyword</tag>
<doc>Returns a CheckSettings object specified fully.</doc>
<status status="PASS" starttime="20230526 21:10:11.713" endtime="20230526 21:10:11.713"/>
</kw>
<status status="PASS" starttime="20230526 21:10:11.712" endtime="20230526 21:10:14.273"/>
</kw>
<kw name="After Tests" library="test_keywords_common" type="TEARDOWN">
<kw name="Eyes Close Async" library="EyesLibrary">
<tag>Check flow</tag>
<doc>Closes a session and returns the results of the session.
If a test is running, aborts it. Otherwise, does nothing.</doc>
<status status="PASS" starttime="20230526 21:10:14.274" endtime="20230526 21:10:15.311"/>
</kw>
<kw name="Close All Browsers" library="SeleniumLibrary">
<doc>Closes all open browsers and resets the browser cache.</doc>
<status status="PASS" starttime="20230526 21:10:15.311" endtime="20230526 21:10:15.370"/>
</kw>
<status status="PASS" starttime="20230526 21:10:14.273" endtime="20230526 21:10:15.370"/>
</kw>
<tag>visual</tag>
<status status="PASS" starttime="20230526 21:10:07.822" endtime="20230526 21:10:15.371"/>
</test>
<test id="s1-s3-s1-t2" name="Scenario: Visual check signup page" line="16">
<kw name="Before Tests" library="test_keywords_common" type="SETUP">
<kw name="Open Browser" library="SeleniumLibrary">
<arg>${SERVER_BASE_URL}</arg>
<arg>${HEADLESS} ${BROWSER}</arg>
<doc>Opens a new browser instance to the optional ``url``.</doc>
<msg timestamp="20230526 21:10:15.373" level="INFO">Opening browser 'headless Chrome' to base url 'https://front.serverest.dev/'.</msg>
<status status="PASS" starttime="20230526 21:10:15.373" endtime="20230526 21:10:16.582"/>
</kw>
<kw name="Maximize Browser Window" library="SeleniumLibrary">
<doc>Maximizes current browser window.</doc>
<status status="PASS" starttime="20230526 21:10:16.582" endtime="20230526 21:10:16.687"/>
</kw>
<kw name="Eyes Open" library="EyesLibrary">
<tag>Check flow</tag>
<doc>Shared parameters section from `applitools.yaml` could be overwritten during `Eyes Open` call, see `Preconditions`.</doc>
<status status="PASS" starttime="20230526 21:10:16.687" endtime="20230526 21:10:18.738"/>
</kw>
<status status="PASS" starttime="20230526 21:10:15.372" endtime="20230526 21:10:18.738"/>
</kw>
<kw name="Given Im on the signup page" library="test_keywords_signup">
<kw name="Location Should Be" library="SeleniumLibrary">
<arg>https://front.serverest.dev/login</arg>
<doc>Verifies that the current URL is exactly ``url``.</doc>
<msg timestamp="20230526 21:10:18.744" level="INFO">Current location is 'https://front.serverest.dev/login'.</msg>
<status status="PASS" starttime="20230526 21:10:18.739" endtime="20230526 21:10:18.744"/>
</kw>
<kw name="Click Element" library="SeleniumLibrary">
<arg>css=a.btn.btn-link</arg>
<doc>Click the element identified by ``locator``.</doc>
<msg timestamp="20230526 21:10:18.745" level="INFO">Clicking element 'css=a.btn.btn-link'.</msg>
<status status="PASS" starttime="20230526 21:10:18.744" endtime="20230526 21:10:18.803"/>
</kw>
<status status="PASS" starttime="20230526 21:10:18.738" endtime="20230526 21:10:18.803"/>
</kw>
<kw name="Eyes Check Window" library="EyesLibrary">
<arg>Signup Page</arg>
<arg>Fully</arg>
<tag>Allow to pass Check Settings keywords</tag>
<tag>Check flow</tag>
<doc>Check current browser window</doc>
<kw name="Fully" library="EyesLibrary">
<tag>Check Settings keyword</tag>
<doc>Returns a CheckSettings object specified fully.</doc>
<status status="PASS" starttime="20230526 21:10:18.804" endtime="20230526 21:10:18.804"/>
</kw>
<status status="PASS" starttime="20230526 21:10:18.803" endtime="20230526 21:10:21.280"/>
</kw>
<kw name="After Tests" library="test_keywords_common" type="TEARDOWN">
<kw name="Eyes Close Async" library="EyesLibrary">
<tag>Check flow</tag>
<doc>Closes a session and returns the results of the session.
If a test is running, aborts it. Otherwise, does nothing.</doc>
<status status="PASS" starttime="20230526 21:10:21.281" endtime="20230526 21:10:22.311"/>
</kw>
<kw name="Close All Browsers" library="SeleniumLibrary">
<doc>Closes all open browsers and resets the browser cache.</doc>
<status status="PASS" starttime="20230526 21:10:22.311" endtime="20230526 21:10:22.368"/>
</kw>
<status status="PASS" starttime="20230526 21:10:21.280" endtime="20230526 21:10:22.369"/>
</kw>
<tag>visual</tag>
<status status="PASS" starttime="20230526 21:10:15.371" endtime="20230526 21:10:22.369"/>
</test>
<test id="s1-s3-s1-t3" name="Scenario: Visual check signup with empty fields" line="21">
<kw name="Before Tests" library="test_keywords_common" type="SETUP">
<kw name="Open Browser" library="SeleniumLibrary">
<arg>${SERVER_BASE_URL}</arg>
<arg>${HEADLESS} ${BROWSER}</arg>
<doc>Opens a new browser instance to the optional ``url``.</doc>
<msg timestamp="20230526 21:10:22.371" level="INFO">Opening browser 'headless Chrome' to base url 'https://front.serverest.dev/'.</msg>
<status status="PASS" starttime="20230526 21:10:22.370" endtime="20230526 21:10:23.579"/>
</kw>
<kw name="Maximize Browser Window" library="SeleniumLibrary">
<doc>Maximizes current browser window.</doc>
<status status="PASS" starttime="20230526 21:10:23.580" endtime="20230526 21:10:23.686"/>
</kw>
<kw name="Eyes Open" library="EyesLibrary">
<tag>Check flow</tag>
<doc>Shared parameters section from `applitools.yaml` could be overwritten during `Eyes Open` call, see `Preconditions`.</doc>
<status status="PASS" starttime="20230526 21:10:23.686" endtime="20230526 21:10:25.741"/>
</kw>
<status status="PASS" starttime="20230526 21:10:22.370" endtime="20230526 21:10:25.741"/>
</kw>
<kw name="Given Im on the signup page" library="test_keywords_signup">
<kw name="Location Should Be" library="SeleniumLibrary">
<arg>https://front.serverest.dev/login</arg>
<doc>Verifies that the current URL is exactly ``url``.</doc>
<msg timestamp="20230526 21:10:25.747" level="INFO">Current location is 'https://front.serverest.dev/login'.</msg>
<status status="PASS" starttime="20230526 21:10:25.742" endtime="20230526 21:10:25.747"/>
</kw>
<kw name="Click Element" library="SeleniumLibrary">
<arg>css=a.btn.btn-link</arg>
<doc>Click the element identified by ``locator``.</doc>
<msg timestamp="20230526 21:10:25.748" level="INFO">Clicking element 'css=a.btn.btn-link'.</msg>
<status status="PASS" starttime="20230526 21:10:25.747" endtime="20230526 21:10:25.810"/>
</kw>
<status status="PASS" starttime="20230526 21:10:25.742" endtime="20230526 21:10:25.810"/>
</kw>
<kw name="When I click in signup" library="test_keywords_signup">
<kw name="Click Button" library="SeleniumLibrary">
<arg>css=.btn.btn-primary</arg>
<doc>Clicks the button identified by ``locator``.</doc>
<msg timestamp="20230526 21:10:25.811" level="INFO">Clicking button 'css=.btn.btn-primary'.</msg>
<status status="PASS" starttime="20230526 21:10:25.811" endtime="20230526 21:10:25.874"/>
</kw>
<status status="PASS" starttime="20230526 21:10:25.810" endtime="20230526 21:10:25.874"/>
</kw>
<kw name="Then required field messages should be displayed" library="test_keywords_signup">
<kw name="Wait Until Element Is Visible" library="SeleniumLibrary">
<arg>css=.alert-dismissible</arg>
<arg>timeout=10s</arg>
<doc>Waits until the element ``locator`` is visible.</doc>
<status status="PASS" starttime="20230526 21:10:25.874" endtime="20230526 21:10:26.112"/>
</kw>
<kw name="Element Should Be Visible" library="SeleniumLibrary">
<arg>css=.alert-dismissible</arg>
<doc>Verifies that the element identified by ``locator`` is visible.</doc>
<msg timestamp="20230526 21:10:26.135" level="INFO">Element 'css=.alert-dismissible' is displayed.</msg>
<status status="PASS" starttime="20230526 21:10:26.112" endtime="20230526 21:10:26.136"/>
</kw>
<kw name="Page Should Contain" library="SeleniumLibrary">
<arg>Nome é obrigatório</arg>
<doc>Verifies that current page contains ``text``.</doc>
<msg timestamp="20230526 21:10:26.152" level="INFO">Current page contains text 'Nome é obrigatório'.</msg>
<status status="PASS" starttime="20230526 21:10:26.136" endtime="20230526 21:10:26.152"/>
</kw>
<kw name="Page Should Contain" library="SeleniumLibrary">
<arg>Email é obrigatório</arg>
<doc>Verifies that current page contains ``text``.</doc>
<msg timestamp="20230526 21:10:26.172" level="INFO">Current page contains text 'Email é obrigatório'.</msg>
<status status="PASS" starttime="20230526 21:10:26.153" endtime="20230526 21:10:26.172"/>
</kw>
<kw name="Page Should Contain" library="SeleniumLibrary">
<arg>Password é obrigatório</arg>
<doc>Verifies that current page contains ``text``.</doc>
<msg timestamp="20230526 21:10:26.187" level="INFO">Current page contains text 'Password é obrigatório'.</msg>
<status status="PASS" starttime="20230526 21:10:26.173" endtime="20230526 21:10:26.187"/>
</kw>
<status status="PASS" starttime="20230526 21:10:25.874" endtime="20230526 21:10:26.187"/>
</kw>
<kw name="Eyes Check Window" library="EyesLibrary">
<arg>Signup Page Required Alert</arg>
<arg>Fully</arg>
<tag>Allow to pass Check Settings keywords</tag>
<tag>Check flow</tag>
<doc>Check current browser window</doc>
<kw name="Fully" library="EyesLibrary">
<tag>Check Settings keyword</tag>
<doc>Returns a CheckSettings object specified fully.</doc>
<status status="PASS" starttime="20230526 21:10:26.188" endtime="20230526 21:10:26.188"/>
</kw>
<status status="PASS" starttime="20230526 21:10:26.187" endtime="20230526 21:10:28.674"/>
</kw>
<kw name="After Tests" library="test_keywords_common" type="TEARDOWN">
<kw name="Eyes Close Async" library="EyesLibrary">
<tag>Check flow</tag>
<doc>Closes a session and returns the results of the session.
If a test is running, aborts it. Otherwise, does nothing.</doc>
<status status="PASS" starttime="20230526 21:10:28.675" endtime="20230526 21:10:29.709"/>
</kw>
<kw name="Close All Browsers" library="SeleniumLibrary">
<doc>Closes all open browsers and resets the browser cache.</doc>
<status status="PASS" starttime="20230526 21:10:29.709" endtime="20230526 21:10:29.767"/>
</kw>
<status status="PASS" starttime="20230526 21:10:28.675" endtime="20230526 21:10:29.767"/>
</kw>
<tag>visual</tag>
<status status="PASS" starttime="20230526 21:10:22.369" endtime="20230526 21:10:29.767"/>
</test>
<meta name="Applitools TestResults Path">/tmp/tmpvkg07vok/EyesTestResults-8410d46045ae489e809de1faaac398d4.json</meta>
<status status="PASS" starttime="20230526 21:10:06.801" endtime="20230526 21:10:29.768"/>
</suite>
<status status="PASS" starttime="20230526 21:10:06.799" endtime="20230526 21:10:29.771"/>
</suite>
<status status="PASS" starttime="20230526 21:09:58.684" endtime="20230526 21:10:29.773"/>
</suite>
<statistics>
<total>
<stat pass="11" fail="0" skip="0">All Tests</stat>
</total>
<tag>
<stat pass="5" fail="0" skip="0">api</stat>
<stat pass="3" fail="0" skip="0">ui</stat>
<stat pass="3" fail="0" skip="0">visual</stat>
</tag>
<suite>
<stat pass="11" fail="0" skip="0" id="s1" name="Tests">Tests</stat>
<stat pass="5" fail="0" skip="0" id="s1-s1" name="Api">Tests.Api</stat>
<stat pass="5" fail="0" skip="0" id="s1-s1-s1" name="Test Api Users">Tests.Api.Test Api Users</stat>
<stat pass="3" fail="0" skip="0" id="s1-s2" name="Ui">Tests.Ui</stat>
<stat pass="3" fail="0" skip="0" id="s1-s2-s1" name="Test Ui Signup">Tests.Ui.Test Ui Signup</stat>
<stat pass="3" fail="0" skip="0" id="s1-s3" name="Visual">Tests.Visual</stat>
<stat pass="3" fail="0" skip="0" id="s1-s3-s1" name="Test Visual Check">Tests.Visual.Test Visual Check</stat>
</suite>
</statistics>
<errors>
</errors>
</robot>
