<?xml version="1.0" encoding="UTF-8"?>
<robot generator="Robot 6.0.2 (Python 3.8.16 on linux)" generated="20230525 01:05:30.948" rpa="false" schemaversion="3">
<suite id="s1" name="Tests" source="/home/runner/work/gen-ai-robot-test/gen-ai-robot-test/tests">
<suite id="s1-s1" name="Api" source="/home/runner/work/gen-ai-robot-test/gen-ai-robot-test/tests/api">
<suite id="s1-s1-s1" name="Test Api Users" source="/home/runner/work/gen-ai-robot-test/gen-ai-robot-test/tests/api/test_api_users.robot">
<test id="s1-s1-s1-t1" name="Scenario: Get all registered users" line="9">
<kw name="Before Tests" library="test_keywords_common" type="SETUP">
<kw name="Create Session" library="RequestsLibrary">
<arg>serverest</arg>
<arg>${SERVER_BASE_URL}</arg>
<arg>disable_warnings=True</arg>
<doc>Create Session: create a HTTP session to a server</doc>
<msg timestamp="20230525 01:05:31.501" level="INFO">Creating Session using : alias=serverest, url=https://serverest.dev, headers={},                     cookies={}, auth=None, timeout=None, proxies=None, verify=False,                     debug=0 </msg>
<status status="PASS" starttime="20230525 01:05:31.501" endtime="20230525 01:05:31.501"/>
</kw>
<status status="PASS" starttime="20230525 01:05:31.500" endtime="20230525 01:05:31.502"/>
</kw>
<kw name="When I request the list of all registered users" library="test_keywords_users">
<kw name="GET On Session" library="RequestsLibrary">
<var>${response}</var>
<arg>serverest</arg>
<arg>${USERS_API_ENDPOINT}</arg>
<doc>Sends a GET request on a previously created HTTP Session.</doc>
<msg timestamp="20230525 01:05:31.743" level="INFO">GET Request : url=https://serverest.dev/usuarios 
 path_url=/usuarios 
 headers={'User-Agent': 'python-requests/2.31.0', 'Accept-Encoding': 'gzip, deflate', 'Accept': '*/*', 'Connection': 'keep-alive'} 
 body=None 
 </msg>
<msg timestamp="20230525 01:05:31.744" level="INFO">GET Response : url=https://serverest.dev/usuarios 
 status=200, reason=OK 
 headers={'access-control-allow-origin': '*', 'x-dns-prefetch-control': 'off', 'x-frame-options': 'SAMEORIGIN', 'strict-transport-security': 'max-age=15552000; includeSubDomains', 'x-download-options': 'noopen', 'x-content-type-options': 'nosniff', 'x-xss-protection': '1; mode=block', 'x-moesif-transaction-id': 'ebbc8378-7f2b-4692-a690-edf7d45be249', 'content-type': 'application/json; charset=utf-8', 'X-Cloud-Trace-Context': 'b57c0ba6e2e51c97b2458ffe6f9b056f;o=1', 'Date': 'Thu, 25 May 2023 01:05:31 GMT', 'Server': 'Google Frontend', 'Content-Length': '24371'} 
 body={
    "quantidade": 108,
    "usuarios": [
        {
            "nome": "Fulano da Silva",
            "email": "fulano@qa.com",
            "password": "teste",
            "administrador": "true",
            "_id": "0uxuPY0cbmQhpEz1"
        },
        {
            "nome": "kNDXL",
            "email": "kndxl@emailteste.com",
            "password": "teste",
            "administrador": "true",
            "_id": "1A1tTprPZcIY5gp5"
        },
        {
            "nome": "Hans-Ulrich Jónasdóttir",
            "email": "ruth-young813@hetnet.dev",
            "password": "isM3LDYSfjn11gS",
            "administrador": "true",
            "_id": "2FH45VImzTebn4Y0"
        },
        {
            "nome": "Sergio Černý",
            "email": "pushpa-evans@live.biz",
            "password": "X7QuFfsmEn9jnO0",
            "administrador": "true",
            "_id": "2Mi2nJhrym3QnrtL"
        },
        {
            "nome": "Jianjun Yao",
            "email": "javier+wambua@msn.name",
            "password": "dyo6I8HkcJowlt5",
            "administrador": "true",
            "_id": "4OFnPCRRZj8FgsvK"
        },
        {
            "nome": "Kseniya Ahmed",
            "email": "ashokjankowski@windstream.name",
            "password": "m5TfjX6juCDB9Ql",
            "administrador": "true",
            "_id": "4Sz6tHHmxlQ8YA4d"
        },
        {
            "nome": "Johannes Gu",
            "email": "petrahahn@sfr.org",
            "password": "7b1nDZKIDTs7ImO",
            "administrador": "true",
            "_id": "6TXlIWbzbgeLtfBA"
        },
        {
            "nome": "Lindiwe Piotrowski",
            "email": "xolani+fischer228@yandex.io",
            "password": "jDG9WUlehWpUKjn",
            "administrador": "true",
            "_id": "6gHz2NQqeNB7rcyD"
        },
        {
            "nome": "John Øvergård",
            "email": "samuel-behera320@shaw.info",
            "password": "wOkQKBYKWw2hM0K",
            "administrador": "true",
            "_id": "6m0YVKpNWeBWb6LK"
        },
        {
            "nome": "Nobuko Guðmundsdóttir",
            "email": "samran.kjartansson@live.com",
            "password": "lYzGrLeEwtTXgYZ",
            "administrador": "true",
            "_id": "6p2pHk4t2pu6aTqz"
        },
        {
            "nome": "Dmitry Phillips",
            "email": "michal+wanjala886@sky.net",
            "password": "Fp40jVuOGsWXgIf",
            "administrador": "true",
            "_id": "6v2LyzNTT3h8xCxg"
        },
        {
            "nome": "Jacobus Günther",
            "email": "joyce_lehmann461@gmail.net",
            "password": "7UQkoX9opuNUVah",
            "administrador": "true",
            "_id": "7AvXsUcMIOUnXE0H"
        },
        {
            "nome": "Yoshie Watanabe",
            "email": "xiaoyan+dube332@sbcglobal.net",
            "password": "M5vQUxbR3CO3TXd",
            "administrador": "true",
            "_id": "7DAZ4UDxJwDOYbdb"
        },
        {
            "nome": "Yahaya Peters",
            "email": "hideo.mazibuko@zonnet.net",
            "password": "E2qrvK311vBCQVq",
            "administrador": "true",
            "_id": "9fjJaeFaFacmUl7V"
        },
        {
            "nome": "sQOkW",
            "email": "sqokw@emailteste.com",
            "password": "teste",
            "administrador": "true",
            "_id": "AwV0QTry5HUthUon"
        },
        {
            "nome": "Manfred Castillo",
            "email": "isabel-maeda707@aim.info",
            "password": "wofxlWccZpQwx5J",
            "administrador": "true",
            "_id": "CpyVY5qhEgaOLH9F"
        },
        {
            "nome": "kqhsn",
            "email": "kqhsn@emailteste.com",
            "password": "teste",
            "administrador": "true",
            "_id": "D2OyEqYFlr1TacDL"
        },
        {
            "nome": "Franz Mazurek",
            "email": "mina+eliyahu146@qq.name",
            "password": "kWoprUaC3dRloXv",
            "administrador": "true",
            "_id": "D3w4YWdSsymSc9FU"
        },
        {
            "nome": "Rong Novák",
            "email": "samranvan-dam@mac.name",
            "password": "jkiMhpzg0662FFT",
            "administrador": "true",
            "_id": "H6wQMzSTr7d3guVY"
        },
        {
            "nome": "Johanna Őhlschlägerová",
            "email": "xiaoli_ivanov@wanadoo.info",
            "password": "HgyBuxZDoMi17Po",
            "administrador": "true",
            "_id": "HAs7Gx6414AHYeH3"
        },
        {
            "nome": "Karen Hájek",
            "email": "daniyel+kamau964@aol.info",
            "password": "w639pmklByFgKbc",
            "administrador": "true",
            "_id": "I99c7uxqGu4Idajz"
        },
        {
            "nome": "Sunday Jia",
            "email": "yasuko+mokoena@msn.io",
            "password": "I5sJsWwoUs98bQm",
            "administrador": "true",
            "_id": "INvxR8uuC5hetm0k"
        },
        {
            "nome": "Yuval Guðjónsdóttir",
            "email": "sunita-mutuku993@alice.io",
            "password": "pLyQEIIsk1DqLz5",
            "administrador": "true",
            "_id": "IkS3sSwyPw6GJ1qL"
        },
        {
            "nome": "Sam Kimani",
            "email": "vijay-delgado410@aliceadsl.io",
            "password": "GJLwTxLjB4LSyKC",
            "administrador": "true",
            "_id": "JOlPVWuupntKKnAK"
        },
        {
            "nome": "Anita Þórðardóttir",
            "email": "sebastian.behera298@aim.dev",
            "password": "2vSiOtAWqOL4NSS",
            "administrador": "true",
            "_id": "KDyVVbNdgX8L0WOG"
        },
        {
            "nome": "Nushi Eze",
            "email": "karl-heinz+sawicki@t-online.name",
            "password": "hLKXrzCBjEaZ7oc",
            "administrador": "true",
            "_id": "L0xF12DwTHiVUkU3"
        },
        {
            "nome": "gBQKb",
            "email": "gbqkb@emailteste.com",
            "password": "teste",
            "administrador": "true",
            "_id": "L3zHOr9u4Mcitg7h"
        },
        {
            "nome": "Artyom Phillips",
            "email": "lisa.bjarnason@frontiernet.dev",
            "password": "2GEsCGbCUYEFQes",
            "administrador": "true",
            "_id": "LFAMxP20emUSEG8K"
        },
        {
            "nome": "Nicola Veselý",
            "email": "wei_jadhav905@att.name",
            "password": "ehONmSUEi2IwnuA",
            "administrador": "true",
            "_id": "LPqrg6jZTE2dK0Hm"
        },
        {
            "nome": "FsHHs",
            "email": "fshhs@emailteste.com",
            "password": "teste",
            "administrador": "true",
            "_id": "LUeWpDheMSSrIwBu"
        },
        {
            "nome": "Reiko Weiß",
            "email": "jose-luisclarke789@ig.com",
            "password": "869L1KLvaMEx935",
            "administrador": "true",
            "_id": "NVV3S5chfEZcZBdO"
        },
        {
            "nome": "Monika Yosef",
            "email": "mohamed.khan569@unaref.dev",
            "password": "uUgwwrGkzbxcVjQ",
            "administrador": "true",
            "_id": "NWBxR7G1j7svpvnK"
        },
        {
            "nome": "Takashi Kovalenko",
            "email": "claudia-ochieng937@sky.name",
            "password": "b4lDNutJL8dzOIE",
            "administrador": "true",
            "_id": "NYCbTsO7RZ3Ljj8j"
        },
        {
            "nome": "Tal Biswas",
            "email": "janede-bruijn664@mac.io",
            "password": "Gk63lP8s5GFJXoP",
            "administrador": "true",
            "_id": "NofXTC9SbGwzdpUY"
        },
        {
            "nome": "Nome de Teste",
            "email": "dbksszwp@mailinator.com",
            "password": "teste123",
            "administrador": "true",
            "_id": "OGbJ3q8tYJdVn6le"
        },
        {
            "nome": "ibkSL",
            "email": "ibksl@emailteste.com",
            "password": "teste",
            "administrador": "true",
            "_id": "Oh0jZHZq1ByJBdFH"
        },
        {
            "nome": "Mitsuo Őllösová",
            "email": "yisrael_morris@sympatico.name",
            "password": "KhjbJyzkktyz6uE",
            "administrador": "true",
            "_id": "PpBFIjNscqLkcCHG"
        },
        {
            "nome": "Vincent Jóhannsson",
            "email": "charles.schouten@zonnet.net",
            "password": "TUXklGkwuUDueK5",
            "administrador": "true",
            "_id": "QCOjasfKrrFYQa6Y"
        },
        {
            "nome": "Ning Borkowski",
            "email": "dilip_takahashi@virgilio.net",
            "password": "E74VnQ76DTyh0F3",
            "administrador": "true",
            "_id": "QUEE9wX3tDFTnzkM"
        },
        {
            "nome": "Kjartan Roberts",
            "email": "andri+lopez780@free.name",
            "password": "J60MWWPnXHMG8uR",
            "administrador": "true",
            "_id": "QyQiMN2u9CYDT0S0"
        },
        {
            "nome": "Petra Olszewski",
            "email": "cristina.nel936@tiscali.name",
            "password": "HoZWpcXaDzO0EHp",
            "administrador": "true",
            "_id": "RzY4F4kvrJZo4pyE"
        },
        {
            "nome": "Usman Bai",
            "email": "yuriy+huang@charter.net",
            "password": "TsCctol4rgYUzVx",
            "administrador": "true",
            "_id": "St0lLFVkfi0dQHAA"
        },
        {
            "nome": "Hui Meißner",
            "email": "koshi+nowak924@zonnet.com",
            "password": "fUSUqhAwGnkLtak",
            "administrador": "true",
            "_id": "T2YPWfRS9VtWvg9F"
        },
        {
            "nome": "Magdalena Nkosi",
            "email": "hulda_johnson@googlemail.com",
            "password": "UOOrjBYeH4Xt84C",
            "administrador": "true",
            "_id": "TOJMFAUDz0cpuT0K"
        },
        {
            "nome": "Martha Guðmundsson",
            "email": "wolfgang+mwangi@terra.name",
            "passwor... (set the log level to DEBUG or TRACE to see the full content) 
 </msg>
<msg timestamp="20230525 01:05:31.744" level="INFO">${response} = &lt;Response [200]&gt;</msg>
<status status="PASS" starttime="20230525 01:05:31.502" endtime="20230525 01:05:31.744"/>
</kw>
<kw name="Set Test Variable" library="BuiltIn">
<arg>${response}</arg>
<doc>Makes a variable available everywhere within the scope of the current test.</doc>
<msg timestamp="20230525 01:05:31.745" level="INFO">${response} = &lt;Response [200]&gt;</msg>
<status status="PASS" starttime="20230525 01:05:31.744" endtime="20230525 01:05:31.745"/>
</kw>
<status status="PASS" starttime="20230525 01:05:31.502" endtime="20230525 01:05:31.745"/>
</kw>
<kw name="Then the response status code should be 200" library="test_keywords_users" sourcename="Then the response status code should be ${status_code}">
<kw name="Should Be Equal As Numbers" library="BuiltIn">
<arg>${response.status_code}</arg>
<arg>${status_code}</arg>
<doc>Fails if objects are unequal after converting them to real numbers.</doc>
<msg timestamp="20230525 01:05:31.746" level="INFO">Argument types are:
&lt;class 'int'&gt;
&lt;class 'str'&gt;</msg>
<status status="PASS" starttime="20230525 01:05:31.745" endtime="20230525 01:05:31.746"/>
</kw>
<kw name="Should Be True" library="BuiltIn">
<arg>${response.json()}</arg>
<doc>Fails if the given condition is not true.</doc>
<status status="PASS" starttime="20230525 01:05:31.746" endtime="20230525 01:05:31.747"/>
</kw>
<status status="PASS" starttime="20230525 01:05:31.745" endtime="20230525 01:05:31.747"/>
</kw>
<kw name="And the response body should not be empty" library="test_keywords_users">
<kw name="Should Not Be Empty" library="BuiltIn">
<arg>${response.json()}</arg>
<doc>Verifies that the given item is not empty.</doc>
<msg timestamp="20230525 01:05:31.749" level="INFO">Length is 2</msg>
<status status="PASS" starttime="20230525 01:05:31.748" endtime="20230525 01:05:31.749"/>
</kw>
<status status="PASS" starttime="20230525 01:05:31.748" endtime="20230525 01:05:31.749"/>
</kw>
<tag>api</tag>
<status status="PASS" starttime="20230525 01:05:31.500" endtime="20230525 01:05:31.749"/>
</test>
<test id="s1-s1-s1-t2" name="Scenario: Create a new user" line="15">
<kw name="Before Tests" library="test_keywords_common" type="SETUP">
<kw name="Create Session" library="RequestsLibrary">
<arg>serverest</arg>
<arg>${SERVER_BASE_URL}</arg>
<arg>disable_warnings=True</arg>
<doc>Create Session: create a HTTP session to a server</doc>
<msg timestamp="20230525 01:05:31.751" level="INFO">Creating Session using : alias=serverest, url=https://serverest.dev, headers={},                     cookies={}, auth=None, timeout=None, proxies=None, verify=False,                     debug=0 </msg>
<status status="PASS" starttime="20230525 01:05:31.751" endtime="20230525 01:05:31.751"/>
</kw>
<status status="PASS" starttime="20230525 01:05:31.750" endtime="20230525 01:05:31.751"/>
</kw>
<kw name="Given I have a valid user data" library="test_keywords_users">
<kw name="Name" library="FakerLibrary">
<var>${name}</var>
<doc>:example 'John Doe'</doc>
<msg timestamp="20230525 01:05:31.752" level="INFO">${name} = Erin Mitchell</msg>
<status status="PASS" starttime="20230525 01:05:31.752" endtime="20230525 01:05:31.752"/>
</kw>
<kw name="Email" library="FakerLibrary">
<var>${email}</var>
<msg timestamp="20230525 01:05:31.753" level="INFO">${email} = christopher63@example.com</msg>
<status status="PASS" starttime="20230525 01:05:31.752" endtime="20230525 01:05:31.753"/>
</kw>
<kw name="Password" library="FakerLibrary">
<var>${password}</var>
<arg>length=12</arg>
<arg>special_chars=False</arg>
<doc>Generate a random password of the specified ``length``.</doc>
<msg timestamp="20230525 01:05:31.753" level="INFO">${password} = 6l4VCFntExOs</msg>
<status status="PASS" starttime="20230525 01:05:31.753" endtime="20230525 01:05:31.753"/>
</kw>
<kw name="Set Suite Variable" library="BuiltIn">
<arg>${name}</arg>
<doc>Makes a variable available everywhere within the scope of the current suite.</doc>
<msg timestamp="20230525 01:05:31.754" level="INFO">${name} = Erin Mitchell</msg>
<status status="PASS" starttime="20230525 01:05:31.753" endtime="20230525 01:05:31.754"/>
</kw>
<kw name="Set Suite Variable" library="BuiltIn">
<arg>${email}</arg>
<doc>Makes a variable available everywhere within the scope of the current suite.</doc>
<msg timestamp="20230525 01:05:31.754" level="INFO">${email} = christopher63@example.com</msg>
<status status="PASS" starttime="20230525 01:05:31.754" endtime="20230525 01:05:31.754"/>
</kw>
<kw name="Set Suite Variable" library="BuiltIn">
<arg>${password}</arg>
<doc>Makes a variable available everywhere within the scope of the current suite.</doc>
<msg timestamp="20230525 01:05:31.754" level="INFO">${password} = 6l4VCFntExOs</msg>
<status status="PASS" starttime="20230525 01:05:31.754" endtime="20230525 01:05:31.754"/>
</kw>
<status status="PASS" starttime="20230525 01:05:31.751" endtime="20230525 01:05:31.755"/>
</kw>
<kw name="When I create the user" library="test_keywords_users">
<kw name="Create Dictionary" library="BuiltIn">
<var>${payload}</var>
<arg>nome=${name}</arg>
<arg>email=${email}</arg>
<arg>password=${password}</arg>
<arg>administrador=false</arg>
<doc>Creates and returns a dictionary based on the given ``items``.</doc>
<msg timestamp="20230525 01:05:31.755" level="INFO">${payload} = {'nome': 'Erin Mitchell', 'email': 'christopher63@example.com', 'password': '6l4VCFntExOs', 'administrador': 'false'}</msg>
<status status="PASS" starttime="20230525 01:05:31.755" endtime="20230525 01:05:31.755"/>
</kw>
<kw name="Create Dictionary" library="BuiltIn">
<var>${headers}</var>
<arg>Content-Type=application/json</arg>
<doc>Creates and returns a dictionary based on the given ``items``.</doc>
<msg timestamp="20230525 01:05:31.756" level="INFO">${headers} = {'Content-Type': 'application/json'}</msg>
<status status="PASS" starttime="20230525 01:05:31.755" endtime="20230525 01:05:31.756"/>
</kw>
<kw name="POST On Session" library="RequestsLibrary">
<var>${response}</var>
<arg>serverest</arg>
<arg>${USERS_API_ENDPOINT}</arg>
<arg>json=${payload}</arg>
<arg>headers=${headers}</arg>
<doc>Sends a POST request on a previously created HTTP Session.</doc>
<msg timestamp="20230525 01:05:31.859" level="INFO">POST Request : url=https://serverest.dev/usuarios 
 path_url=/usuarios 
 headers={'User-Agent': 'python-requests/2.31.0', 'Accept-Encoding': 'gzip, deflate', 'Accept': '*/*', 'Connection': 'keep-alive', 'Content-Type': 'application/json', 'Content-Length': '117'} 
 body=b'{"nome": "Erin Mitchell", "email": "christopher63@example.com", "password": "6l4VCFntExOs", "administrador": "false"}' 
 </msg>
<msg timestamp="20230525 01:05:31.859" level="INFO">POST Response : url=https://serverest.dev/usuarios 
 status=201, reason=Created 
 headers={'access-control-allow-origin': '*', 'x-dns-prefetch-control': 'off', 'x-frame-options': 'SAMEORIGIN', 'strict-transport-security': 'max-age=15552000; includeSubDomains', 'x-download-options': 'noopen', 'x-content-type-options': 'nosniff', 'x-xss-protection': '1; mode=block', 'x-moesif-transaction-id': '19969cb3-02c1-472e-a3cd-d35426f8e8e1', 'content-type': 'application/json; charset=utf-8', 'X-Cloud-Trace-Context': 'd97b079f64f8461aa8d814203d7c4a2a', 'Date': 'Thu, 25 May 2023 01:05:31 GMT', 'Server': 'Google Frontend', 'Content-Length': '82'} 
 body={
    "message": "Cadastro realizado com sucesso",
    "_id": "rTbbtksAHHTLPxrP"
} 
 </msg>
<msg timestamp="20230525 01:05:31.859" level="INFO">${response} = &lt;Response [201]&gt;</msg>
<status status="PASS" starttime="20230525 01:05:31.756" endtime="20230525 01:05:31.859"/>
</kw>
<kw name="Set Variable" library="BuiltIn">
<var>${user_id}</var>
<arg>${response.json()['_id']}</arg>
<doc>Returns the given values which can then be assigned to a variables.</doc>
<msg timestamp="20230525 01:05:31.860" level="INFO">${user_id} = rTbbtksAHHTLPxrP</msg>
<status status="PASS" starttime="20230525 01:05:31.859" endtime="20230525 01:05:31.860"/>
</kw>
<kw name="Set Global Variable" library="BuiltIn">
<arg>${USER_ID}</arg>
<arg>${user_id}</arg>
<doc>Makes a variable available globally in all tests and suites.</doc>
<msg timestamp="20230525 01:05:31.861" level="INFO">${USER_ID} = rTbbtksAHHTLPxrP</msg>
<status status="PASS" starttime="20230525 01:05:31.861" endtime="20230525 01:05:31.861"/>
</kw>
<kw name="Set Test Variable" library="BuiltIn">
<arg>${response}</arg>
<doc>Makes a variable available everywhere within the scope of the current test.</doc>
<msg timestamp="20230525 01:05:31.861" level="INFO">${response} = &lt;Response [201]&gt;</msg>
<status status="PASS" starttime="20230525 01:05:31.861" endtime="20230525 01:05:31.862"/>
</kw>
<status status="PASS" starttime="20230525 01:05:31.755" endtime="20230525 01:05:31.862"/>
</kw>
<kw name="Then the response status code should be 201" library="test_keywords_users" sourcename="Then the response status code should be ${status_code}">
<kw name="Should Be Equal As Numbers" library="BuiltIn">
<arg>${response.status_code}</arg>
<arg>${status_code}</arg>
<doc>Fails if objects are unequal after converting them to real numbers.</doc>
<msg timestamp="20230525 01:05:31.863" level="INFO">Argument types are:
&lt;class 'int'&gt;
&lt;class 'str'&gt;</msg>
<status status="PASS" starttime="20230525 01:05:31.862" endtime="20230525 01:05:31.863"/>
</kw>
<kw name="Should Be True" library="BuiltIn">
<arg>${response.json()}</arg>
<doc>Fails if the given condition is not true.</doc>
<status status="PASS" starttime="20230525 01:05:31.863" endtime="20230525 01:05:31.864"/>
</kw>
<status status="PASS" starttime="20230525 01:05:31.862" endtime="20230525 01:05:31.864"/>
</kw>
<kw name="And the response body should not be empty" library="test_keywords_users">
<kw name="Should Not Be Empty" library="BuiltIn">
<arg>${response.json()}</arg>
<doc>Verifies that the given item is not empty.</doc>
<msg timestamp="20230525 01:05:31.865" level="INFO">Length is 2</msg>
<status status="PASS" starttime="20230525 01:05:31.864" endtime="20230525 01:05:31.865"/>
</kw>
<status status="PASS" starttime="20230525 01:05:31.864" endtime="20230525 01:05:31.865"/>
</kw>
<tag>api</tag>
<status status="PASS" starttime="20230525 01:05:31.750" endtime="20230525 01:05:31.865"/>
</test>
<test id="s1-s1-s1-t3" name="Scenario: Get a specific user informations" line="22">
<kw name="Before Tests" library="test_keywords_common" type="SETUP">
<kw name="Create Session" library="RequestsLibrary">
<arg>serverest</arg>
<arg>${SERVER_BASE_URL}</arg>
<arg>disable_warnings=True</arg>
<doc>Create Session: create a HTTP session to a server</doc>
<msg timestamp="20230525 01:05:31.867" level="INFO">Creating Session using : alias=serverest, url=https://serverest.dev, headers={},                     cookies={}, auth=None, timeout=None, proxies=None, verify=False,                     debug=0 </msg>
<status status="PASS" starttime="20230525 01:05:31.867" endtime="20230525 01:05:31.867"/>
</kw>
<status status="PASS" starttime="20230525 01:05:31.866" endtime="20230525 01:05:31.867"/>
</kw>
<kw name="When I request the created user" library="test_keywords_users">
<kw name="GET On Session" library="RequestsLibrary">
<var>${response}</var>
<arg>serverest</arg>
<arg>${USERS_API_ENDPOINT}/${USER_ID}</arg>
<doc>Sends a GET request on a previously created HTTP Session.</doc>
<msg timestamp="20230525 01:05:31.971" level="INFO">GET Request : url=https://serverest.dev/usuarios/rTbbtksAHHTLPxrP 
 path_url=/usuarios/rTbbtksAHHTLPxrP 
 headers={'User-Agent': 'python-requests/2.31.0', 'Accept-Encoding': 'gzip, deflate', 'Accept': '*/*', 'Connection': 'keep-alive'} 
 body=None 
 </msg>
<msg timestamp="20230525 01:05:31.971" level="INFO">GET Response : url=https://serverest.dev/usuarios/rTbbtksAHHTLPxrP 
 status=200, reason=OK 
 headers={'access-control-allow-origin': '*', 'x-dns-prefetch-control': 'off', 'x-frame-options': 'SAMEORIGIN', 'strict-transport-security': 'max-age=15552000; includeSubDomains', 'x-download-options': 'noopen', 'x-content-type-options': 'nosniff', 'x-xss-protection': '1; mode=block', 'x-moesif-transaction-id': 'e9f9dda2-3434-4b7d-8baa-5d049f12ebb9', 'content-type': 'application/json; charset=utf-8', 'X-Cloud-Trace-Context': '1f5713572474251dfc3c5b732a900b63', 'Date': 'Thu, 25 May 2023 01:05:31 GMT', 'Server': 'Google Frontend', 'Content-Length': '166'} 
 body={
    "nome": "Erin Mitchell",
    "email": "christopher63@example.com",
    "password": "6l4VCFntExOs",
    "administrador": "false",
    "_id": "rTbbtksAHHTLPxrP"
} 
 </msg>
<msg timestamp="20230525 01:05:31.971" level="INFO">${response} = &lt;Response [200]&gt;</msg>
<status status="PASS" starttime="20230525 01:05:31.868" endtime="20230525 01:05:31.971"/>
</kw>
<kw name="Set Test Variable" library="BuiltIn">
<arg>${response}</arg>
<doc>Makes a variable available everywhere within the scope of the current test.</doc>
<msg timestamp="20230525 01:05:31.972" level="INFO">${response} = &lt;Response [200]&gt;</msg>
<status status="PASS" starttime="20230525 01:05:31.971" endtime="20230525 01:05:31.972"/>
</kw>
<status status="PASS" starttime="20230525 01:05:31.867" endtime="20230525 01:05:31.972"/>
</kw>
<kw name="Then the response status code should be 200" library="test_keywords_users" sourcename="Then the response status code should be ${status_code}">
<kw name="Should Be Equal As Numbers" library="BuiltIn">
<arg>${response.status_code}</arg>
<arg>${status_code}</arg>
<doc>Fails if objects are unequal after converting them to real numbers.</doc>
<msg timestamp="20230525 01:05:31.973" level="INFO">Argument types are:
&lt;class 'int'&gt;
&lt;class 'str'&gt;</msg>
<status status="PASS" starttime="20230525 01:05:31.972" endtime="20230525 01:05:31.973"/>
</kw>
<kw name="Should Be True" library="BuiltIn">
<arg>${response.json()}</arg>
<doc>Fails if the given condition is not true.</doc>
<status status="PASS" starttime="20230525 01:05:31.973" endtime="20230525 01:05:31.974"/>
</kw>
<status status="PASS" starttime="20230525 01:05:31.972" endtime="20230525 01:05:31.974"/>
</kw>
<kw name="And the response body should not be empty" library="test_keywords_users">
<kw name="Should Not Be Empty" library="BuiltIn">
<arg>${response.json()}</arg>
<doc>Verifies that the given item is not empty.</doc>
<msg timestamp="20230525 01:05:31.976" level="INFO">Length is 5</msg>
<status status="PASS" starttime="20230525 01:05:31.974" endtime="20230525 01:05:31.976"/>
</kw>
<status status="PASS" starttime="20230525 01:05:31.974" endtime="20230525 01:05:31.976"/>
</kw>
<tag>api</tag>
<status status="PASS" starttime="20230525 01:05:31.866" endtime="20230525 01:05:31.976"/>
</test>
<test id="s1-s1-s1-t4" name="Scenario: Update the created user" line="28">
<kw name="Before Tests" library="test_keywords_common" type="SETUP">
<kw name="Create Session" library="RequestsLibrary">
<arg>serverest</arg>
<arg>${SERVER_BASE_URL}</arg>
<arg>disable_warnings=True</arg>
<doc>Create Session: create a HTTP session to a server</doc>
<msg timestamp="20230525 01:05:31.978" level="INFO">Creating Session using : alias=serverest, url=https://serverest.dev, headers={},                     cookies={}, auth=None, timeout=None, proxies=None, verify=False,                     debug=0 </msg>
<status status="PASS" starttime="20230525 01:05:31.977" endtime="20230525 01:05:31.978"/>
</kw>
<status status="PASS" starttime="20230525 01:05:31.977" endtime="20230525 01:05:31.978"/>
</kw>
<kw name="When I update the created user" library="test_keywords_users">
<kw name="Create Dictionary" library="BuiltIn">
<var>${payload}</var>
<arg>nome=John Smith</arg>
<arg>email=john.smith@example.com</arg>
<arg>password=P@ssw0rd123</arg>
<arg>administrador=false</arg>
<doc>Creates and returns a dictionary based on the given ``items``.</doc>
<msg timestamp="20230525 01:05:31.979" level="INFO">${payload} = {'nome': 'John Smith', 'email': 'john.smith@example.com', 'password': 'P@ssw0rd123', 'administrador': 'false'}</msg>
<status status="PASS" starttime="20230525 01:05:31.978" endtime="20230525 01:05:31.979"/>
</kw>
<kw name="Create Dictionary" library="BuiltIn">
<var>${headers}</var>
<arg>Content-Type=application/json</arg>
<doc>Creates and returns a dictionary based on the given ``items``.</doc>
<msg timestamp="20230525 01:05:31.979" level="INFO">${headers} = {'Content-Type': 'application/json'}</msg>
<status status="PASS" starttime="20230525 01:05:31.979" endtime="20230525 01:05:31.979"/>
</kw>
<kw name="PUT On Session" library="RequestsLibrary">
<var>${response}</var>
<arg>serverest</arg>
<arg>${USERS_API_ENDPOINT}/${USER_ID}</arg>
<arg>json=${payload}</arg>
<arg>headers=${headers}</arg>
<doc>Sends a PUT request on a previously created HTTP Session.</doc>
<msg timestamp="20230525 01:05:32.083" level="INFO">PUT Request : url=https://serverest.dev/usuarios/rTbbtksAHHTLPxrP 
 path_url=/usuarios/rTbbtksAHHTLPxrP 
 headers={'User-Agent': 'python-requests/2.31.0', 'Accept-Encoding': 'gzip, deflate', 'Accept': '*/*', 'Connection': 'keep-alive', 'Content-Type': 'application/json', 'Content-Length': '110'} 
 body=b'{"nome": "John Smith", "email": "john.smith@example.com", "password": "P@ssw0rd123", "administrador": "false"}' 
 </msg>
<msg timestamp="20230525 01:05:32.083" level="INFO">PUT Response : url=https://serverest.dev/usuarios/rTbbtksAHHTLPxrP 
 status=200, reason=OK 
 headers={'access-control-allow-origin': '*', 'x-dns-prefetch-control': 'off', 'x-frame-options': 'SAMEORIGIN', 'strict-transport-security': 'max-age=15552000; includeSubDomains', 'x-download-options': 'noopen', 'x-content-type-options': 'nosniff', 'x-xss-protection': '1; mode=block', 'x-moesif-transaction-id': 'c9700d33-5d0e-4457-b3d6-9bc98742081d', 'content-type': 'application/json; charset=utf-8', 'X-Cloud-Trace-Context': '9c10a47adedac723f8f43b1b0c28c7cb', 'Date': 'Thu, 25 May 2023 01:05:32 GMT', 'Server': 'Google Frontend', 'Content-Length': '50'} 
 body={
    "message": "Registro alterado com sucesso"
} 
 </msg>
<msg timestamp="20230525 01:05:32.083" level="INFO">${response} = &lt;Response [200]&gt;</msg>
<status status="PASS" starttime="20230525 01:05:31.979" endtime="20230525 01:05:32.083"/>
</kw>
<kw name="Set Test Variable" library="BuiltIn">
<arg>${response}</arg>
<doc>Makes a variable available everywhere within the scope of the current test.</doc>
<msg timestamp="20230525 01:05:32.084" level="INFO">${response} = &lt;Response [200]&gt;</msg>
<status status="PASS" starttime="20230525 01:05:32.083" endtime="20230525 01:05:32.084"/>
</kw>
<status status="PASS" starttime="20230525 01:05:31.978" endtime="20230525 01:05:32.084"/>
</kw>
<kw name="Then the response status code should be 200" library="test_keywords_users" sourcename="Then the response status code should be ${status_code}">
<kw name="Should Be Equal As Numbers" library="BuiltIn">
<arg>${response.status_code}</arg>
<arg>${status_code}</arg>
<doc>Fails if objects are unequal after converting them to real numbers.</doc>
<msg timestamp="20230525 01:05:32.085" level="INFO">Argument types are:
&lt;class 'int'&gt;
&lt;class 'str'&gt;</msg>
<status status="PASS" starttime="20230525 01:05:32.084" endtime="20230525 01:05:32.085"/>
</kw>
<kw name="Should Be True" library="BuiltIn">
<arg>${response.json()}</arg>
<doc>Fails if the given condition is not true.</doc>
<status status="PASS" starttime="20230525 01:05:32.085" endtime="20230525 01:05:32.086"/>
</kw>
<status status="PASS" starttime="20230525 01:05:32.084" endtime="20230525 01:05:32.086"/>
</kw>
<kw name="And the response body should not be empty" library="test_keywords_users">
<kw name="Should Not Be Empty" library="BuiltIn">
<arg>${response.json()}</arg>
<doc>Verifies that the given item is not empty.</doc>
<msg timestamp="20230525 01:05:32.087" level="INFO">Length is 1</msg>
<status status="PASS" starttime="20230525 01:05:32.086" endtime="20230525 01:05:32.087"/>
</kw>
<status status="PASS" starttime="20230525 01:05:32.086" endtime="20230525 01:05:32.087"/>
</kw>
<tag>api</tag>
<status status="PASS" starttime="20230525 01:05:31.977" endtime="20230525 01:05:32.088"/>
</test>
<test id="s1-s1-s1-t5" name="Scenario: Delete the created user" line="34">
<kw name="Before Tests" library="test_keywords_common" type="SETUP">
<kw name="Create Session" library="RequestsLibrary">
<arg>serverest</arg>
<arg>${SERVER_BASE_URL}</arg>
<arg>disable_warnings=True</arg>
<doc>Create Session: create a HTTP session to a server</doc>
<msg timestamp="20230525 01:05:32.089" level="INFO">Creating Session using : alias=serverest, url=https://serverest.dev, headers={},                     cookies={}, auth=None, timeout=None, proxies=None, verify=False,                     debug=0 </msg>
<status status="PASS" starttime="20230525 01:05:32.089" endtime="20230525 01:05:32.090"/>
</kw>
<status status="PASS" starttime="20230525 01:05:32.089" endtime="20230525 01:05:32.090"/>
</kw>
<kw name="When I delete the created user" library="test_keywords_users">
<kw name="DELETE On Session" library="RequestsLibrary">
<var>${response}</var>
<arg>serverest</arg>
<arg>${USERS_API_ENDPOINT}/${USER_ID}</arg>
<doc>Sends a DELETE request on a previously created HTTP Session.</doc>
<msg timestamp="20230525 01:05:32.195" level="INFO">DELETE Request : url=https://serverest.dev/usuarios/rTbbtksAHHTLPxrP 
 path_url=/usuarios/rTbbtksAHHTLPxrP 
 headers={'User-Agent': 'python-requests/2.31.0', 'Accept-Encoding': 'gzip, deflate', 'Accept': '*/*', 'Connection': 'keep-alive', 'Content-Length': '0'} 
 body=None 
 </msg>
<msg timestamp="20230525 01:05:32.195" level="INFO">DELETE Response : url=https://serverest.dev/usuarios/rTbbtksAHHTLPxrP 
 status=200, reason=OK 
 headers={'access-control-allow-origin': '*', 'x-dns-prefetch-control': 'off', 'x-frame-options': 'SAMEORIGIN', 'strict-transport-security': 'max-age=15552000; includeSubDomains', 'x-download-options': 'noopen', 'x-content-type-options': 'nosniff', 'x-xss-protection': '1; mode=block', 'x-moesif-transaction-id': '7732815f-0db2-4be7-a41c-5961a88c1ed5', 'content-type': 'application/json; charset=utf-8', 'X-Cloud-Trace-Context': '2bf6e02a60f6553cea724c5a24d0bb6b', 'Date': 'Thu, 25 May 2023 01:05:32 GMT', 'Server': 'Google Frontend', 'Content-Length': '51'} 
 body={
    "message": "Registro excluído com sucesso"
} 
 </msg>
<msg timestamp="20230525 01:05:32.195" level="INFO">${response} = &lt;Response [200]&gt;</msg>
<status status="PASS" starttime="20230525 01:05:32.090" endtime="20230525 01:05:32.195"/>
</kw>
<kw name="Set Test Variable" library="BuiltIn">
<arg>${response}</arg>
<doc>Makes a variable available everywhere within the scope of the current test.</doc>
<msg timestamp="20230525 01:05:32.196" level="INFO">${response} = &lt;Response [200]&gt;</msg>
<status status="PASS" starttime="20230525 01:05:32.196" endtime="20230525 01:05:32.196"/>
</kw>
<status status="PASS" starttime="20230525 01:05:32.090" endtime="20230525 01:05:32.196"/>
</kw>
<kw name="Then the response status code should be 200" library="test_keywords_users" sourcename="Then the response status code should be ${status_code}">
<kw name="Should Be Equal As Numbers" library="BuiltIn">
<arg>${response.status_code}</arg>
<arg>${status_code}</arg>
<doc>Fails if objects are unequal after converting them to real numbers.</doc>
<msg timestamp="20230525 01:05:32.197" level="INFO">Argument types are:
&lt;class 'int'&gt;
&lt;class 'str'&gt;</msg>
<status status="PASS" starttime="20230525 01:05:32.197" endtime="20230525 01:05:32.197"/>
</kw>
<kw name="Should Be True" library="BuiltIn">
<arg>${response.json()}</arg>
<doc>Fails if the given condition is not true.</doc>
<status status="PASS" starttime="20230525 01:05:32.198" endtime="20230525 01:05:32.198"/>
</kw>
<status status="PASS" starttime="20230525 01:05:32.196" endtime="20230525 01:05:32.198"/>
</kw>
<kw name="And the response body should not be empty" library="test_keywords_users">
<kw name="Should Not Be Empty" library="BuiltIn">
<arg>${response.json()}</arg>
<doc>Verifies that the given item is not empty.</doc>
<msg timestamp="20230525 01:05:32.199" level="INFO">Length is 1</msg>
<status status="PASS" starttime="20230525 01:05:32.199" endtime="20230525 01:05:32.199"/>
</kw>
<status status="PASS" starttime="20230525 01:05:32.199" endtime="20230525 01:05:32.200"/>
</kw>
<tag>api</tag>
<status status="PASS" starttime="20230525 01:05:32.088" endtime="20230525 01:05:32.200"/>
</test>
<status status="PASS" starttime="20230525 01:05:30.970" endtime="20230525 01:05:32.201"/>
</suite>
<status status="PASS" starttime="20230525 01:05:30.968" endtime="20230525 01:05:32.203"/>
</suite>
<suite id="s1-s2" name="Ui" source="/home/runner/work/gen-ai-robot-test/gen-ai-robot-test/tests/ui">
<suite id="s1-s2-s1" name="Test Ui Signup" source="/home/runner/work/gen-ai-robot-test/gen-ai-robot-test/tests/ui/test_ui_signup.robot">
<test id="s1-s2-s1-t1" name="Scenario: Signup with empty fields" line="10">
<kw name="Before Tests" library="test_keywords_common" type="SETUP">
<kw name="Open Browser" library="SeleniumLibrary">
<arg>${SERVER_BASE_URL}</arg>
<arg>${HEADLESS} ${BROWSER}</arg>
<doc>Opens a new browser instance to the optional ``url``.</doc>
<msg timestamp="20230525 01:05:32.214" level="INFO">Opening browser 'headless Chrome' to base url 'https://front.serverest.dev/'.</msg>
<status status="PASS" starttime="20230525 01:05:32.213" endtime="20230525 01:05:34.199"/>
</kw>
<kw name="Maximize Browser Window" library="SeleniumLibrary">
<doc>Maximizes current browser window.</doc>
<status status="PASS" starttime="20230525 01:05:34.200" endtime="20230525 01:05:34.304"/>
</kw>
<status status="PASS" starttime="20230525 01:05:32.213" endtime="20230525 01:05:34.305"/>
</kw>
<kw name="Given Im on the signup page" library="test_keywords_signup">
<kw name="Location Should Be" library="SeleniumLibrary">
<arg>https://front.serverest.dev/login</arg>
<doc>Verifies that the current URL is exactly ``url``.</doc>
<msg timestamp="20230525 01:05:34.311" level="INFO">Current location is 'https://front.serverest.dev/login'.</msg>
<status status="PASS" starttime="20230525 01:05:34.305" endtime="20230525 01:05:34.311"/>
</kw>
<kw name="Click Element" library="SeleniumLibrary">
<arg>css=a.btn.btn-link</arg>
<doc>Click the element identified by ``locator``.</doc>
<msg timestamp="20230525 01:05:34.313" level="INFO">Clicking element 'css=a.btn.btn-link'.</msg>
<status status="PASS" starttime="20230525 01:05:34.311" endtime="20230525 01:05:34.404"/>
</kw>
<status status="PASS" starttime="20230525 01:05:34.305" endtime="20230525 01:05:34.405"/>
</kw>
<kw name="When I click in signup" library="test_keywords_signup">
<kw name="Click Button" library="SeleniumLibrary">
<arg>css=.btn.btn-primary</arg>
<doc>Clicks the button identified by ``locator``.</doc>
<msg timestamp="20230525 01:05:34.406" level="INFO">Clicking button 'css=.btn.btn-primary'.</msg>
<status status="PASS" starttime="20230525 01:05:34.405" endtime="20230525 01:05:34.474"/>
</kw>
<status status="PASS" starttime="20230525 01:05:34.405" endtime="20230525 01:05:34.474"/>
</kw>
<kw name="Then required field messages should be displayed" library="test_keywords_signup">
<kw name="Wait Until Element Is Visible" library="SeleniumLibrary">
<arg>css=.alert-dismissible</arg>
<arg>timeout=10s</arg>
<doc>Waits until the element ``locator`` is visible.</doc>
<status status="PASS" starttime="20230525 01:05:34.474" endtime="20230525 01:05:34.707"/>
</kw>
<kw name="Element Should Be Visible" library="SeleniumLibrary">
<arg>css=.alert-dismissible</arg>
<doc>Verifies that the element identified by ``locator`` is visible.</doc>
<msg timestamp="20230525 01:05:34.725" level="INFO">Element 'css=.alert-dismissible' is displayed.</msg>
<status status="PASS" starttime="20230525 01:05:34.708" endtime="20230525 01:05:34.725"/>
</kw>
<kw name="Page Should Contain" library="SeleniumLibrary">
<arg>Nome é obrigatório</arg>
<doc>Verifies that current page contains ``text``.</doc>
<msg timestamp="20230525 01:05:34.740" level="INFO">Current page contains text 'Nome é obrigatório'.</msg>
<status status="PASS" starttime="20230525 01:05:34.726" endtime="20230525 01:05:34.740"/>
</kw>
<kw name="Page Should Contain" library="SeleniumLibrary">
<arg>Email é obrigatório</arg>
<doc>Verifies that current page contains ``text``.</doc>
<msg timestamp="20230525 01:05:34.752" level="INFO">Current page contains text 'Email é obrigatório'.</msg>
<status status="PASS" starttime="20230525 01:05:34.740" endtime="20230525 01:05:34.752"/>
</kw>
<kw name="Page Should Contain" library="SeleniumLibrary">
<arg>Password é obrigatório</arg>
<doc>Verifies that current page contains ``text``.</doc>
<msg timestamp="20230525 01:05:34.764" level="INFO">Current page contains text 'Password é obrigatório'.</msg>
<status status="PASS" starttime="20230525 01:05:34.752" endtime="20230525 01:05:34.764"/>
</kw>
<status status="PASS" starttime="20230525 01:05:34.474" endtime="20230525 01:05:34.764"/>
</kw>
<kw name="After Tests" library="test_keywords_common" type="TEARDOWN">
<kw name="Close Browser" library="SeleniumLibrary">
<doc>Closes the current browser.</doc>
<status status="PASS" starttime="20230525 01:05:34.765" endtime="20230525 01:05:34.819"/>
</kw>
<status status="PASS" starttime="20230525 01:05:34.764" endtime="20230525 01:05:34.820"/>
</kw>
<tag>ui</tag>
<status status="PASS" starttime="20230525 01:05:32.212" endtime="20230525 01:05:34.820"/>
</test>
<test id="s1-s2-s1-t2" name="Scenario: Signup done successfully" line="16">
<kw name="Before Tests" library="test_keywords_common" type="SETUP">
<kw name="Open Browser" library="SeleniumLibrary">
<arg>${SERVER_BASE_URL}</arg>
<arg>${HEADLESS} ${BROWSER}</arg>
<doc>Opens a new browser instance to the optional ``url``.</doc>
<msg timestamp="20230525 01:05:34.822" level="INFO">Opening browser 'headless Chrome' to base url 'https://front.serverest.dev/'.</msg>
<status status="PASS" starttime="20230525 01:05:34.821" endtime="20230525 01:05:35.914"/>
</kw>
<kw name="Maximize Browser Window" library="SeleniumLibrary">
<doc>Maximizes current browser window.</doc>
<status status="PASS" starttime="20230525 01:05:35.915" endtime="20230525 01:05:36.019"/>
</kw>
<status status="PASS" starttime="20230525 01:05:34.821" endtime="20230525 01:05:36.019"/>
</kw>
<kw name="Given Im on the signup page" library="test_keywords_signup">
<kw name="Location Should Be" library="SeleniumLibrary">
<arg>https://front.serverest.dev/login</arg>
<doc>Verifies that the current URL is exactly ``url``.</doc>
<msg timestamp="20230525 01:05:36.025" level="INFO">Current location is 'https://front.serverest.dev/login'.</msg>
<status status="PASS" starttime="20230525 01:05:36.020" endtime="20230525 01:05:36.025"/>
</kw>
<kw name="Click Element" library="SeleniumLibrary">
<arg>css=a.btn.btn-link</arg>
<doc>Click the element identified by ``locator``.</doc>
<msg timestamp="20230525 01:05:36.026" level="INFO">Clicking element 'css=a.btn.btn-link'.</msg>
<status status="PASS" starttime="20230525 01:05:36.025" endtime="20230525 01:05:36.108"/>
</kw>
<status status="PASS" starttime="20230525 01:05:36.019" endtime="20230525 01:05:36.109"/>
</kw>
<kw name="And I fill in the signup fields with valid data" library="test_keywords_signup">
<kw name="Name" library="FakerLibrary">
<var>${name}</var>
<doc>:example 'John Doe'</doc>
<msg timestamp="20230525 01:05:36.110" level="INFO">${name} = Antonio Welch</msg>
<status status="PASS" starttime="20230525 01:05:36.109" endtime="20230525 01:05:36.110"/>
</kw>
<kw name="Email" library="FakerLibrary">
<var>${email}</var>
<msg timestamp="20230525 01:05:36.111" level="INFO">${email} = ibright@example.com</msg>
<status status="PASS" starttime="20230525 01:05:36.110" endtime="20230525 01:05:36.111"/>
</kw>
<kw name="Password" library="FakerLibrary">
<var>${password}</var>
<arg>length=12</arg>
<arg>special_chars=False</arg>
<doc>Generate a random password of the specified ``length``.</doc>
<msg timestamp="20230525 01:05:36.111" level="INFO">${password} = 1WP3jg9xvEfx</msg>
<status status="PASS" starttime="20230525 01:05:36.111" endtime="20230525 01:05:36.111"/>
</kw>
<kw name="Input Text" library="SeleniumLibrary">
<arg>id:nome</arg>
<arg>${name}</arg>
<doc>Types the given ``text`` into the text field identified by ``locator``.</doc>
<msg timestamp="20230525 01:05:36.112" level="INFO">Typing text 'Antonio Welch' into text field 'id:nome'.</msg>
<status status="PASS" starttime="20230525 01:05:36.111" endtime="20230525 01:05:36.238"/>
</kw>
<kw name="Input Text" library="SeleniumLibrary">
<arg>id:email</arg>
<arg>${email}</arg>
<doc>Types the given ``text`` into the text field identified by ``locator``.</doc>
<msg timestamp="20230525 01:05:36.239" level="INFO">Typing text 'ibright@example.com' into text field 'id:email'.</msg>
<status status="PASS" starttime="20230525 01:05:36.238" endtime="20230525 01:05:36.340"/>
</kw>
<kw name="Input Text" library="SeleniumLibrary">
<arg>id:password</arg>
<arg>${password}</arg>
<doc>Types the given ``text`` into the text field identified by ``locator``.</doc>
<msg timestamp="20230525 01:05:36.341" level="INFO">Typing text '1WP3jg9xvEfx' into text field 'id:password'.</msg>
<status status="PASS" starttime="20230525 01:05:36.340" endtime="20230525 01:05:36.425"/>
</kw>
<kw name="Select Checkbox" library="SeleniumLibrary">
<arg>id=administrador</arg>
<doc>Selects the checkbox identified by ``locator``.</doc>
<msg timestamp="20230525 01:05:36.426" level="INFO">Selecting checkbox 'id=administrador'.</msg>
<status status="PASS" starttime="20230525 01:05:36.426" endtime="20230525 01:05:36.503"/>
</kw>
<kw name="Set Suite Variable" library="BuiltIn">
<arg>${name}</arg>
<doc>Makes a variable available everywhere within the scope of the current suite.</doc>
<msg timestamp="20230525 01:05:36.503" level="INFO">${name} = Antonio Welch</msg>
<status status="PASS" starttime="20230525 01:05:36.503" endtime="20230525 01:05:36.503"/>
</kw>
<kw name="Set Suite Variable" library="BuiltIn">
<arg>${email}</arg>
<doc>Makes a variable available everywhere within the scope of the current suite.</doc>
<msg timestamp="20230525 01:05:36.504" level="INFO">${email} = ibright@example.com</msg>
<status status="PASS" starttime="20230525 01:05:36.504" endtime="20230525 01:05:36.504"/>
</kw>
<kw name="Set Suite Variable" library="BuiltIn">
<arg>${password}</arg>
<doc>Makes a variable available everywhere within the scope of the current suite.</doc>
<msg timestamp="20230525 01:05:36.504" level="INFO">${password} = 1WP3jg9xvEfx</msg>
<status status="PASS" starttime="20230525 01:05:36.504" endtime="20230525 01:05:36.504"/>
</kw>
<status status="PASS" starttime="20230525 01:05:36.109" endtime="20230525 01:05:36.504"/>
</kw>
<kw name="When I click in signup" library="test_keywords_signup">
<kw name="Click Button" library="SeleniumLibrary">
<arg>css=.btn.btn-primary</arg>
<doc>Clicks the button identified by ``locator``.</doc>
<msg timestamp="20230525 01:05:36.505" level="INFO">Clicking button 'css=.btn.btn-primary'.</msg>
<status status="PASS" starttime="20230525 01:05:36.505" endtime="20230525 01:05:36.561"/>
</kw>
<status status="PASS" starttime="20230525 01:05:36.504" endtime="20230525 01:05:36.561"/>
</kw>
<kw name="Then the page should contain the text &quot;Cadastro realizado com sucesso&quot;" library="test_keywords_signup" sourcename="Then the page should contain the text &quot;${expected_text}&quot;">
<kw name="Wait Until Element Is Visible" library="SeleniumLibrary">
<arg>css=.alert-dismissible</arg>
<arg>timeout=10s</arg>
<doc>Waits until the element ``locator`` is visible.</doc>
<status status="PASS" starttime="20230525 01:05:36.562" endtime="20230525 01:05:36.794"/>
</kw>
<kw name="Element Should Be Visible" library="SeleniumLibrary">
<arg>css=.alert-dismissible</arg>
<doc>Verifies that the element identified by ``locator`` is visible.</doc>
<msg timestamp="20230525 01:05:36.812" level="INFO">Element 'css=.alert-dismissible' is displayed.</msg>
<status status="PASS" starttime="20230525 01:05:36.794" endtime="20230525 01:05:36.812"/>
</kw>
<kw name="Page Should Contain" library="SeleniumLibrary">
<arg>${expected_text}</arg>
<doc>Verifies that current page contains ``text``.</doc>
<msg timestamp="20230525 01:05:36.824" level="INFO">Current page contains text 'Cadastro realizado com sucesso'.</msg>
<status status="PASS" starttime="20230525 01:05:36.812" endtime="20230525 01:05:36.825"/>
</kw>
<status status="PASS" starttime="20230525 01:05:36.562" endtime="20230525 01:05:36.825"/>
</kw>
<kw name="After Tests" library="test_keywords_common" type="TEARDOWN">
<kw name="Close Browser" library="SeleniumLibrary">
<doc>Closes the current browser.</doc>
<status status="PASS" starttime="20230525 01:05:36.825" endtime="20230525 01:05:36.881"/>
</kw>
<status status="PASS" starttime="20230525 01:05:36.825" endtime="20230525 01:05:36.881"/>
</kw>
<tag>ui</tag>
<status status="PASS" starttime="20230525 01:05:34.821" endtime="20230525 01:05:36.881"/>
</test>
<test id="s1-s2-s1-t3" name="Scenario: Signup with already used email" line="23">
<kw name="Before Tests" library="test_keywords_common" type="SETUP">
<kw name="Open Browser" library="SeleniumLibrary">
<arg>${SERVER_BASE_URL}</arg>
<arg>${HEADLESS} ${BROWSER}</arg>
<doc>Opens a new browser instance to the optional ``url``.</doc>
<msg timestamp="20230525 01:05:36.883" level="INFO">Opening browser 'headless Chrome' to base url 'https://front.serverest.dev/'.</msg>
<status status="PASS" starttime="20230525 01:05:36.882" endtime="20230525 01:05:37.941"/>
</kw>
<kw name="Maximize Browser Window" library="SeleniumLibrary">
<doc>Maximizes current browser window.</doc>
<status status="PASS" starttime="20230525 01:05:37.941" endtime="20230525 01:05:38.053"/>
</kw>
<status status="PASS" starttime="20230525 01:05:36.882" endtime="20230525 01:05:38.053"/>
</kw>
<kw name="Given Im on the signup page" library="test_keywords_signup">
<kw name="Location Should Be" library="SeleniumLibrary">
<arg>https://front.serverest.dev/login</arg>
<doc>Verifies that the current URL is exactly ``url``.</doc>
<msg timestamp="20230525 01:05:38.058" level="INFO">Current location is 'https://front.serverest.dev/login'.</msg>
<status status="PASS" starttime="20230525 01:05:38.054" endtime="20230525 01:05:38.059"/>
</kw>
<kw name="Click Element" library="SeleniumLibrary">
<arg>css=a.btn.btn-link</arg>
<doc>Click the element identified by ``locator``.</doc>
<msg timestamp="20230525 01:05:38.059" level="INFO">Clicking element 'css=a.btn.btn-link'.</msg>
<status status="PASS" starttime="20230525 01:05:38.059" endtime="20230525 01:05:38.144"/>
</kw>
<status status="PASS" starttime="20230525 01:05:38.053" endtime="20230525 01:05:38.144"/>
</kw>
<kw name="And I fill in the signup fields with an email already registered" library="test_keywords_signup">
<kw name="Input Text" library="SeleniumLibrary">
<arg>id:nome</arg>
<arg>${name}</arg>
<doc>Types the given ``text`` into the text field identified by ``locator``.</doc>
<msg timestamp="20230525 01:05:38.145" level="INFO">Typing text 'Antonio Welch' into text field 'id:nome'.</msg>
<status status="PASS" starttime="20230525 01:05:38.145" endtime="20230525 01:05:38.259"/>
</kw>
<kw name="Input Text" library="SeleniumLibrary">
<arg>id:email</arg>
<arg>${email}</arg>
<doc>Types the given ``text`` into the text field identified by ``locator``.</doc>
<msg timestamp="20230525 01:05:38.260" level="INFO">Typing text 'ibright@example.com' into text field 'id:email'.</msg>
<status status="PASS" starttime="20230525 01:05:38.260" endtime="20230525 01:05:38.361"/>
</kw>
<kw name="Input Text" library="SeleniumLibrary">
<arg>id:password</arg>
<arg>${password}</arg>
<doc>Types the given ``text`` into the text field identified by ``locator``.</doc>
<msg timestamp="20230525 01:05:38.362" level="INFO">Typing text '1WP3jg9xvEfx' into text field 'id:password'.</msg>
<status status="PASS" starttime="20230525 01:05:38.361" endtime="20230525 01:05:38.447"/>
</kw>
<kw name="Select Checkbox" library="SeleniumLibrary">
<arg>id=administrador</arg>
<doc>Selects the checkbox identified by ``locator``.</doc>
<msg timestamp="20230525 01:05:38.448" level="INFO">Selecting checkbox 'id=administrador'.</msg>
<status status="PASS" starttime="20230525 01:05:38.447" endtime="20230525 01:05:38.516"/>
</kw>
<status status="PASS" starttime="20230525 01:05:38.144" endtime="20230525 01:05:38.516"/>
</kw>
<kw name="When I click in signup" library="test_keywords_signup">
<kw name="Click Button" library="SeleniumLibrary">
<arg>css=.btn.btn-primary</arg>
<doc>Clicks the button identified by ``locator``.</doc>
<msg timestamp="20230525 01:05:38.517" level="INFO">Clicking button 'css=.btn.btn-primary'.</msg>
<status status="PASS" starttime="20230525 01:05:38.517" endtime="20230525 01:05:38.574"/>
</kw>
<status status="PASS" starttime="20230525 01:05:38.517" endtime="20230525 01:05:38.574"/>
</kw>
<kw name="Then the page should contain the text &quot;Este email já está sendo usado&quot;" library="test_keywords_signup" sourcename="Then the page should contain the text &quot;${expected_text}&quot;">
<kw name="Wait Until Element Is Visible" library="SeleniumLibrary">
<arg>css=.alert-dismissible</arg>
<arg>timeout=10s</arg>
<doc>Waits until the element ``locator`` is visible.</doc>
<status status="PASS" starttime="20230525 01:05:38.575" endtime="20230525 01:05:38.807"/>
</kw>
<kw name="Element Should Be Visible" library="SeleniumLibrary">
<arg>css=.alert-dismissible</arg>
<doc>Verifies that the element identified by ``locator`` is visible.</doc>
<msg timestamp="20230525 01:05:38.825" level="INFO">Element 'css=.alert-dismissible' is displayed.</msg>
<status status="PASS" starttime="20230525 01:05:38.807" endtime="20230525 01:05:38.825"/>
</kw>
<kw name="Page Should Contain" library="SeleniumLibrary">
<arg>${expected_text}</arg>
<doc>Verifies that current page contains ``text``.</doc>
<msg timestamp="20230525 01:05:38.838" level="INFO">Current page contains text 'Este email já está sendo usado'.</msg>
<status status="PASS" starttime="20230525 01:05:38.825" endtime="20230525 01:05:38.838"/>
</kw>
<status status="PASS" starttime="20230525 01:05:38.574" endtime="20230525 01:05:38.838"/>
</kw>
<kw name="After Tests" library="test_keywords_common" type="TEARDOWN">
<kw name="Close Browser" library="SeleniumLibrary">
<doc>Closes the current browser.</doc>
<status status="PASS" starttime="20230525 01:05:38.839" endtime="20230525 01:05:38.892"/>
</kw>
<status status="PASS" starttime="20230525 01:05:38.838" endtime="20230525 01:05:38.893"/>
</kw>
<tag>ui</tag>
<status status="PASS" starttime="20230525 01:05:36.882" endtime="20230525 01:05:38.893"/>
</test>
<status status="PASS" starttime="20230525 01:05:32.205" endtime="20230525 01:05:38.894"/>
</suite>
<status status="PASS" starttime="20230525 01:05:32.204" endtime="20230525 01:05:38.896"/>
</suite>
<status status="PASS" starttime="20230525 01:05:30.949" endtime="20230525 01:05:38.898"/>
</suite>
<statistics>
<total>
<stat pass="8" fail="0" skip="0">All Tests</stat>
</total>
<tag>
<stat pass="5" fail="0" skip="0">api</stat>
<stat pass="3" fail="0" skip="0">ui</stat>
</tag>
<suite>
<stat pass="8" fail="0" skip="0" id="s1" name="Tests">Tests</stat>
<stat pass="5" fail="0" skip="0" id="s1-s1" name="Api">Tests.Api</stat>
<stat pass="5" fail="0" skip="0" id="s1-s1-s1" name="Test Api Users">Tests.Api.Test Api Users</stat>
<stat pass="3" fail="0" skip="0" id="s1-s2" name="Ui">Tests.Ui</stat>
<stat pass="3" fail="0" skip="0" id="s1-s2-s1" name="Test Ui Signup">Tests.Ui.Test Ui Signup</stat>
</suite>
</statistics>
<errors>
</errors>
</robot>
