<?xml version="1.0" encoding="UTF-8"?>
<robot generator="Robot 7.0 (Python 3.8.18 on linux)" generated="2024-04-02T00:10:36.773348" rpa="false" schemaversion="5">
<suite id="s1" name="Tests" source="/home/runner/work/gen-ai-robot-test/gen-ai-robot-test/tests">
<suite id="s1-s1" name="Api" source="/home/runner/work/gen-ai-robot-test/gen-ai-robot-test/tests/api">
<suite id="s1-s1-s1" name="Test Api Users" source="/home/runner/work/gen-ai-robot-test/gen-ai-robot-test/tests/api/test_api_users.robot">
<test id="s1-s1-s1-t1" name="Scenario: Get all registered users" line="9">
<kw name="Before Tests" owner="test_keywords_common" type="SETUP">
<kw name="Create Session" owner="RequestsLibrary">
<msg time="2024-04-02T00:10:37.503175" level="INFO">Creating Session using : alias=serverest, url=https://serverest.dev, headers={},                     cookies={}, auth=None, timeout=None, proxies=None, verify=False,                     debug=0 </msg>
<arg>serverest</arg>
<arg>${SERVER_BASE_URL}</arg>
<arg>disable_warnings=True</arg>
<doc>Create Session: create a HTTP session to a server</doc>
<status status="PASS" start="2024-04-02T00:10:37.502845" elapsed="0.000622"/>
</kw>
<status status="PASS" start="2024-04-02T00:10:37.501561" elapsed="0.002022"/>
</kw>
<kw name="When I request the list of all registered users" owner="test_keywords_users">
<kw name="GET On Session" owner="RequestsLibrary">
<msg time="2024-04-02T00:10:37.728922" level="INFO">GET Request : url=https://serverest.dev/usuarios 
 path_url=/usuarios 
 headers={'User-Agent': 'python-requests/2.31.0', 'Accept-Encoding': 'gzip, deflate', 'Accept': '*/*', 'Connection': 'keep-alive'} 
 body=None 
 </msg>
<msg time="2024-04-02T00:10:37.729027" level="INFO">GET Response : url=https://serverest.dev/usuarios 
 status=200, reason=OK 
 headers={'access-control-allow-origin': '*', 'x-dns-prefetch-control': 'off', 'x-frame-options': 'SAMEORIGIN', 'strict-transport-security': 'max-age=15552000; includeSubDomains', 'x-download-options': 'noopen', 'x-content-type-options': 'nosniff', 'x-xss-protection': '1; mode=block', 'content-type': 'application/json; charset=utf-8', 'X-Cloud-Trace-Context': 'dfc3aa9d8000757a6a2aa508103e3f06;o=1', 'Date': 'Tue, 02 Apr 2024 00:10:37 GMT', 'Server': 'Google Frontend', 'Content-Length': '3437'} 
 body={
    "quantidade": 16,
    "usuarios": [
        {
            "nome": "Fulano da Silva",
            "email": "beltrano@qa.com.br",
            "password": "teste",
            "administrador": "true",
            "_id": "0uxuPY0cbmQhpEz1"
        },
        {
            "nome": "Fulano da Silveira",
            "email": "fulano.silveira@qa.com.br",
            "password": "teste010102",
            "administrador": "true",
            "_id": "4JOt3uFaFB2Dh3nQ"
        },
        {
            "nome": "Joao Antonio de Souza",
            "email": "evtaz@emailteste.com.br",
            "password": "12345",
            "administrador": "true",
            "_id": "6YR6oJyd96yhGrln"
        },
        {
            "nome": "Prithvi",
            "email": "prithvi.padmanabha@example.com",
            "password": "eternal",
            "administrador": "true",
            "_id": "75u1cEdSIwjuEk7l"
        },
        {
            "nome": "Teste fly",
            "email": "xxxxx@kkk.com",
            "password": "ttttt",
            "administrador": "true",
            "_id": "DBkQ5BddX7Pda4d7"
        },
        {
            "nome": "Joao Antonio de Souza",
            "email": "hsjfi@emailteste.com.br",
            "password": "12345",
            "administrador": "true",
            "_id": "EComhcNoZItM5TMO"
        },
        {
            "nome": "Joao Antonio de Souza",
            "email": "zjmof@emailteste.com.br",
            "password": "12345",
            "administrador": "true",
            "_id": "F6h5P2PyPtQ7bw0N"
        },
        {
            "nome": "teste",
            "email": "qa@qa.com.br",
            "password": "Abc12345",
            "administrador": "true",
            "_id": "NcbLsadG9DUSueMd"
        },
        {
            "nome": "Teste fly",
            "email": "aaa@bbbb.com",
            "password": "EbjrtioD",
            "administrador": "true",
            "_id": "OjVqUl6oAlupz0wq"
        },
        {
            "nome": "Joao Antonio de Souza",
            "email": "wxvqc@emailteste.com.br",
            "password": "12345",
            "administrador": "true",
            "_id": "X0oUOIv1Z8IZcW8U"
        },
        {
            "nome": "Teste fly",
            "email": "caze@com.br",
            "password": "fffffff",
            "administrador": "false",
            "_id": "af23c3J4YidOVl6r"
        },
        {
            "nome": "Teste fly",
            "email": "firma@firma.com",
            "password": "tttttt",
            "administrador": "false",
            "_id": "d4rlLkhv81J69dFW"
        },
        {
            "nome": "Alma",
            "email": "alma.mills@example.com",
            "password": "zephyr",
            "administrador": "false",
            "_id": "jUT6Ip1qYB8D7Eni"
        },
        {
            "nome": "Amparo",
            "email": "amparo.diez@example.com",
            "password": "lesbens",
            "administrador": "true",
            "_id": "lOrviZs1T6MmvZUm"
        },
        {
            "nome": "Joao Antonio de Souza",
            "email": "ykgqk@emailteste.com.br",
            "password": "12345",
            "administrador": "true",
            "_id": "oJexxmuXSHydxkIB"
        },
        {
            "nome": "Eliud Kipchoge",
            "email": "ek@gmail.com",
            "password": "teste",
            "administrador": "true",
            "_id": "sxS75UNHBe3FORDw"
        }
    ]
} 
 </msg>
<msg time="2024-04-02T00:10:37.729192" level="INFO">${response} = &lt;Response [200]&gt;</msg>
<var>${response}</var>
<arg>serverest</arg>
<arg>${USERS_API_ENDPOINT}</arg>
<doc>Sends a GET request on a previously created HTTP Session.</doc>
<status status="PASS" start="2024-04-02T00:10:37.504048" elapsed="0.225174"/>
</kw>
<kw name="Set Test Variable" owner="BuiltIn">
<msg time="2024-04-02T00:10:37.729665" level="INFO">${response} = &lt;Response [200]&gt;</msg>
<arg>${response}</arg>
<doc>Makes a variable available everywhere within the scope of the current test.</doc>
<status status="PASS" start="2024-04-02T00:10:37.729397" elapsed="0.000327"/>
</kw>
<status status="PASS" start="2024-04-02T00:10:37.503775" elapsed="0.226027"/>
</kw>
<kw name="Then the response status code should be 200" owner="test_keywords_users" source_name="Then the response status code should be ${status_code}">
<kw name="Should Be Equal As Numbers" owner="BuiltIn">
<msg time="2024-04-02T00:10:37.730794" level="INFO">Argument types are:
&lt;class 'int'&gt;
&lt;class 'str'&gt;</msg>
<arg>${response.status_code}</arg>
<arg>${status_code}</arg>
<doc>Fails if objects are unequal after converting them to real numbers.</doc>
<status status="PASS" start="2024-04-02T00:10:37.730288" elapsed="0.000579"/>
</kw>
<kw name="Should Be True" owner="BuiltIn">
<arg>${response.json()}</arg>
<doc>Fails if the given condition is not true.</doc>
<status status="PASS" start="2024-04-02T00:10:37.731010" elapsed="0.000519"/>
</kw>
<status status="PASS" start="2024-04-02T00:10:37.729984" elapsed="0.001626"/>
</kw>
<kw name="And the response body should not be empty" owner="test_keywords_users">
<kw name="Should Not Be Empty" owner="BuiltIn">
<msg time="2024-04-02T00:10:37.732568" level="INFO">Length is 2.</msg>
<arg>${response.json()}</arg>
<doc>Verifies that the given item is not empty.</doc>
<status status="PASS" start="2024-04-02T00:10:37.732034" elapsed="0.000588"/>
</kw>
<status status="PASS" start="2024-04-02T00:10:37.731769" elapsed="0.000930"/>
</kw>
<tag>api</tag>
<status status="PASS" start="2024-04-02T00:10:37.500846" elapsed="0.231972"/>
</test>
<test id="s1-s1-s1-t2" name="Scenario: Create a new user" line="15">
<kw name="Before Tests" owner="test_keywords_common" type="SETUP">
<kw name="Create Session" owner="RequestsLibrary">
<msg time="2024-04-02T00:10:37.734169" level="INFO">Creating Session using : alias=serverest, url=https://serverest.dev, headers={},                     cookies={}, auth=None, timeout=None, proxies=None, verify=False,                     debug=0 </msg>
<arg>serverest</arg>
<arg>${SERVER_BASE_URL}</arg>
<arg>disable_warnings=True</arg>
<doc>Create Session: create a HTTP session to a server</doc>
<status status="PASS" start="2024-04-02T00:10:37.733925" elapsed="0.000477"/>
</kw>
<status status="PASS" start="2024-04-02T00:10:37.733654" elapsed="0.000871"/>
</kw>
<kw name="Given I have a valid user data" owner="test_keywords_users">
<kw name="Name" owner="FakerLibrary">
<msg time="2024-04-02T00:10:37.735394" level="INFO">${name} = Sandra Williams</msg>
<var>${name}</var>
<doc>:example: 'John Doe'</doc>
<status status="PASS" start="2024-04-02T00:10:37.735021" elapsed="0.000403"/>
</kw>
<kw name="Email" owner="FakerLibrary">
<msg time="2024-04-02T00:10:37.735895" level="INFO">${email} = swansonarthur@example.org</msg>
<var>${email}</var>
<status status="PASS" start="2024-04-02T00:10:37.735559" elapsed="0.000364"/>
</kw>
<kw name="Password" owner="FakerLibrary">
<msg time="2024-04-02T00:10:37.736324" level="INFO">${password} = Ivh4XEX29fmj</msg>
<var>${password}</var>
<arg>length=12</arg>
<arg>special_chars=False</arg>
<doc>Generate a random password of the specified ``length``.</doc>
<status status="PASS" start="2024-04-02T00:10:37.736059" elapsed="0.000294"/>
</kw>
<kw name="Set Suite Variable" owner="BuiltIn">
<msg time="2024-04-02T00:10:37.736706" level="INFO">${name} = Sandra Williams</msg>
<arg>${name}</arg>
<doc>Makes a variable available everywhere within the scope of the current suite.</doc>
<status status="PASS" start="2024-04-02T00:10:37.736506" elapsed="0.000243"/>
</kw>
<kw name="Set Suite Variable" owner="BuiltIn">
<msg time="2024-04-02T00:10:37.737075" level="INFO">${email} = swansonarthur@example.org</msg>
<arg>${email}</arg>
<doc>Makes a variable available everywhere within the scope of the current suite.</doc>
<status status="PASS" start="2024-04-02T00:10:37.736888" elapsed="0.000229"/>
</kw>
<kw name="Set Suite Variable" owner="BuiltIn">
<msg time="2024-04-02T00:10:37.737440" level="INFO">${password} = Ivh4XEX29fmj</msg>
<arg>${password}</arg>
<doc>Makes a variable available everywhere within the scope of the current suite.</doc>
<status status="PASS" start="2024-04-02T00:10:37.737251" elapsed="0.000230"/>
</kw>
<status status="PASS" start="2024-04-02T00:10:37.734745" elapsed="0.002804"/>
</kw>
<kw name="When I create the user" owner="test_keywords_users">
<kw name="Create Dictionary" owner="BuiltIn">
<msg time="2024-04-02T00:10:37.738421" level="INFO">${payload} = {'nome': 'Sandra Williams', 'email': 'swansonarthur@example.org', 'password': 'Ivh4XEX29fmj', 'administrador': 'false'}</msg>
<var>${payload}</var>
<arg>nome=${name}</arg>
<arg>email=${email}</arg>
<arg>password=${password}</arg>
<arg>administrador=false</arg>
<doc>Creates and returns a dictionary based on the given ``items``.</doc>
<status status="PASS" start="2024-04-02T00:10:37.738010" elapsed="0.000441"/>
</kw>
<kw name="Create Dictionary" owner="BuiltIn">
<msg time="2024-04-02T00:10:37.738782" level="INFO">${headers} = {'Content-Type': 'application/json'}</msg>
<var>${headers}</var>
<arg>Content-Type=application/json</arg>
<doc>Creates and returns a dictionary based on the given ``items``.</doc>
<status status="PASS" start="2024-04-02T00:10:37.738606" elapsed="0.000204"/>
</kw>
<kw name="POST On Session" owner="RequestsLibrary">
<msg time="2024-04-02T00:10:37.832389" level="INFO">POST Request : url=https://serverest.dev/usuarios 
 path_url=/usuarios 
 headers={'User-Agent': 'python-requests/2.31.0', 'Accept-Encoding': 'gzip, deflate', 'Accept': '*/*', 'Connection': 'keep-alive', 'Content-Type': 'application/json', 'Content-Length': '119'} 
 body=b'{"nome": "Sandra Williams", "email": "swansonarthur@example.org", "password": "Ivh4XEX29fmj", "administrador": "false"}' 
 </msg>
<msg time="2024-04-02T00:10:37.832466" level="INFO">POST Response : url=https://serverest.dev/usuarios 
 status=201, reason=Created 
 headers={'access-control-allow-origin': '*', 'x-dns-prefetch-control': 'off', 'x-frame-options': 'SAMEORIGIN', 'strict-transport-security': 'max-age=15552000; includeSubDomains', 'x-download-options': 'noopen', 'x-content-type-options': 'nosniff', 'x-xss-protection': '1; mode=block', 'content-type': 'application/json; charset=utf-8', 'X-Cloud-Trace-Context': '32b8094e10e9caa2f468298a20799fa9', 'Date': 'Tue, 02 Apr 2024 00:10:37 GMT', 'Server': 'Google Frontend', 'Content-Length': '82'} 
 body={
    "message": "Cadastro realizado com sucesso",
    "_id": "xGjqPE3jf9qgjWtH"
} 
 </msg>
<msg time="2024-04-02T00:10:37.832581" level="INFO">${response} = &lt;Response [201]&gt;</msg>
<var>${response}</var>
<arg>serverest</arg>
<arg>${USERS_API_ENDPOINT}</arg>
<arg>json=${payload}</arg>
<arg>headers=${headers}</arg>
<doc>Sends a POST request on a previously created HTTP Session.</doc>
<status status="PASS" start="2024-04-02T00:10:37.738944" elapsed="0.093668"/>
</kw>
<kw name="Set Variable" owner="BuiltIn">
<msg time="2024-04-02T00:10:37.833298" level="INFO">${user_id} = xGjqPE3jf9qgjWtH</msg>
<var>${user_id}</var>
<arg>${response.json()['_id']}</arg>
<doc>Returns the given values which can then be assigned to a variables.</doc>
<status status="PASS" start="2024-04-02T00:10:37.832794" elapsed="0.000535"/>
</kw>
<kw name="Set Global Variable" owner="BuiltIn">
<msg time="2024-04-02T00:10:37.833781" level="INFO">${USER_ID} = xGjqPE3jf9qgjWtH</msg>
<arg>${USER_ID}</arg>
<arg>${user_id}</arg>
<doc>Makes a variable available globally in all tests and suites.</doc>
<status status="PASS" start="2024-04-02T00:10:37.833483" elapsed="0.000346"/>
</kw>
<kw name="Set Test Variable" owner="BuiltIn">
<msg time="2024-04-02T00:10:37.834168" level="INFO">${response} = &lt;Response [201]&gt;</msg>
<arg>${response}</arg>
<doc>Makes a variable available everywhere within the scope of the current test.</doc>
<status status="PASS" start="2024-04-02T00:10:37.833977" elapsed="0.000236"/>
</kw>
<status status="PASS" start="2024-04-02T00:10:37.737751" elapsed="0.096533"/>
</kw>
<kw name="Then the response status code should be 201" owner="test_keywords_users" source_name="Then the response status code should be ${status_code}">
<kw name="Should Be Equal As Numbers" owner="BuiltIn">
<msg time="2024-04-02T00:10:37.835217" level="INFO">Argument types are:
&lt;class 'int'&gt;
&lt;class 'str'&gt;</msg>
<arg>${response.status_code}</arg>
<arg>${status_code}</arg>
<doc>Fails if objects are unequal after converting them to real numbers.</doc>
<status status="PASS" start="2024-04-02T00:10:37.834755" elapsed="0.000526"/>
</kw>
<kw name="Should Be True" owner="BuiltIn">
<arg>${response.json()}</arg>
<doc>Fails if the given condition is not true.</doc>
<status status="PASS" start="2024-04-02T00:10:37.835425" elapsed="0.000442"/>
</kw>
<status status="PASS" start="2024-04-02T00:10:37.834460" elapsed="0.001485"/>
</kw>
<kw name="And the response body should not be empty" owner="test_keywords_users">
<kw name="Should Not Be Empty" owner="BuiltIn">
<msg time="2024-04-02T00:10:37.836777" level="INFO">Length is 2.</msg>
<arg>${response.json()}</arg>
<doc>Verifies that the given item is not empty.</doc>
<status status="PASS" start="2024-04-02T00:10:37.836357" elapsed="0.000469"/>
</kw>
<status status="PASS" start="2024-04-02T00:10:37.836101" elapsed="0.000797"/>
</kw>
<tag>api</tag>
<status status="PASS" start="2024-04-02T00:10:37.733134" elapsed="0.103877"/>
</test>
<test id="s1-s1-s1-t3" name="Scenario: Get a specific user informations" line="22">
<kw name="Before Tests" owner="test_keywords_common" type="SETUP">
<kw name="Create Session" owner="RequestsLibrary">
<msg time="2024-04-02T00:10:37.838360" level="INFO">Creating Session using : alias=serverest, url=https://serverest.dev, headers={},                     cookies={}, auth=None, timeout=None, proxies=None, verify=False,                     debug=0 </msg>
<arg>serverest</arg>
<arg>${SERVER_BASE_URL}</arg>
<arg>disable_warnings=True</arg>
<doc>Create Session: create a HTTP session to a server</doc>
<status status="PASS" start="2024-04-02T00:10:37.838122" elapsed="0.000408"/>
</kw>
<status status="PASS" start="2024-04-02T00:10:37.837868" elapsed="0.000779"/>
</kw>
<kw name="When I request the created user" owner="test_keywords_users">
<kw name="GET On Session" owner="RequestsLibrary">
<msg time="2024-04-02T00:10:37.944559" level="INFO">GET Request : url=https://serverest.dev/usuarios/xGjqPE3jf9qgjWtH 
 path_url=/usuarios/xGjqPE3jf9qgjWtH 
 headers={'User-Agent': 'python-requests/2.31.0', 'Accept-Encoding': 'gzip, deflate', 'Accept': '*/*', 'Connection': 'keep-alive'} 
 body=None 
 </msg>
<msg time="2024-04-02T00:10:37.944657" level="INFO">GET Response : url=https://serverest.dev/usuarios/xGjqPE3jf9qgjWtH 
 status=200, reason=OK 
 headers={'access-control-allow-origin': '*', 'x-dns-prefetch-control': 'off', 'x-frame-options': 'SAMEORIGIN', 'strict-transport-security': 'max-age=15552000; includeSubDomains', 'x-download-options': 'noopen', 'x-content-type-options': 'nosniff', 'x-xss-protection': '1; mode=block', 'content-type': 'application/json; charset=utf-8', 'X-Cloud-Trace-Context': '231e1fe908c1d681eaa52c53d6c10b37', 'Date': 'Tue, 02 Apr 2024 00:10:37 GMT', 'Server': 'Google Frontend', 'Content-Length': '168'} 
 body={
    "nome": "Sandra Williams",
    "email": "swansonarthur@example.org",
    "password": "Ivh4XEX29fmj",
    "administrador": "false",
    "_id": "xGjqPE3jf9qgjWtH"
} 
 </msg>
<msg time="2024-04-02T00:10:37.944796" level="INFO">${response} = &lt;Response [200]&gt;</msg>
<var>${response}</var>
<arg>serverest</arg>
<arg>${USERS_API_ENDPOINT}/${USER_ID}</arg>
<doc>Sends a GET request on a previously created HTTP Session.</doc>
<status status="PASS" start="2024-04-02T00:10:37.839076" elapsed="0.105758"/>
</kw>
<kw name="Set Test Variable" owner="BuiltIn">
<msg time="2024-04-02T00:10:37.945269" level="INFO">${response} = &lt;Response [200]&gt;</msg>
<arg>${response}</arg>
<doc>Makes a variable available everywhere within the scope of the current test.</doc>
<status status="PASS" start="2024-04-02T00:10:37.945059" elapsed="0.000258"/>
</kw>
<status status="PASS" start="2024-04-02T00:10:37.838825" elapsed="0.106569"/>
</kw>
<kw name="Then the response status code should be 200" owner="test_keywords_users" source_name="Then the response status code should be ${status_code}">
<kw name="Should Be Equal As Numbers" owner="BuiltIn">
<msg time="2024-04-02T00:10:37.946416" level="INFO">Argument types are:
&lt;class 'int'&gt;
&lt;class 'str'&gt;</msg>
<arg>${response.status_code}</arg>
<arg>${status_code}</arg>
<doc>Fails if objects are unequal after converting them to real numbers.</doc>
<status status="PASS" start="2024-04-02T00:10:37.945920" elapsed="0.000559"/>
</kw>
<kw name="Should Be True" owner="BuiltIn">
<arg>${response.json()}</arg>
<doc>Fails if the given condition is not true.</doc>
<status status="PASS" start="2024-04-02T00:10:37.946623" elapsed="0.000445"/>
</kw>
<status status="PASS" start="2024-04-02T00:10:37.945577" elapsed="0.001569"/>
</kw>
<kw name="And the response body should not be empty" owner="test_keywords_users">
<kw name="Should Not Be Empty" owner="BuiltIn">
<msg time="2024-04-02T00:10:37.947995" level="INFO">Length is 5.</msg>
<arg>${response.json()}</arg>
<doc>Verifies that the given item is not empty.</doc>
<status status="PASS" start="2024-04-02T00:10:37.947561" elapsed="0.000485"/>
</kw>
<status status="PASS" start="2024-04-02T00:10:37.947304" elapsed="0.000815"/>
</kw>
<tag>api</tag>
<status status="PASS" start="2024-04-02T00:10:37.837306" elapsed="0.110927"/>
</test>
<test id="s1-s1-s1-t4" name="Scenario: Update the created user" line="28">
<kw name="Before Tests" owner="test_keywords_common" type="SETUP">
<kw name="Create Session" owner="RequestsLibrary">
<msg time="2024-04-02T00:10:37.949610" level="INFO">Creating Session using : alias=serverest, url=https://serverest.dev, headers={},                     cookies={}, auth=None, timeout=None, proxies=None, verify=False,                     debug=0 </msg>
<arg>serverest</arg>
<arg>${SERVER_BASE_URL}</arg>
<arg>disable_warnings=True</arg>
<doc>Create Session: create a HTTP session to a server</doc>
<status status="PASS" start="2024-04-02T00:10:37.949348" elapsed="0.000453"/>
</kw>
<status status="PASS" start="2024-04-02T00:10:37.949086" elapsed="0.000806"/>
</kw>
<kw name="When I update the created user" owner="test_keywords_users">
<kw name="Create Dictionary" owner="BuiltIn">
<msg time="2024-04-02T00:10:37.950696" level="INFO">${payload} = {'nome': 'John Smith', 'email': 'john.smith@example.com', 'password': 'P@ssw0rd123', 'administrador': 'false'}</msg>
<var>${payload}</var>
<arg>nome=John Smith</arg>
<arg>email=john.smith@example.com</arg>
<arg>password=P@ssw0rd123</arg>
<arg>administrador=false</arg>
<doc>Creates and returns a dictionary based on the given ``items``.</doc>
<status status="PASS" start="2024-04-02T00:10:37.950473" elapsed="0.000254"/>
</kw>
<kw name="Create Dictionary" owner="BuiltIn">
<msg time="2024-04-02T00:10:37.951051" level="INFO">${headers} = {'Content-Type': 'application/json'}</msg>
<var>${headers}</var>
<arg>Content-Type=application/json</arg>
<doc>Creates and returns a dictionary based on the given ``items``.</doc>
<status status="PASS" start="2024-04-02T00:10:37.950879" elapsed="0.000200"/>
</kw>
<kw name="PUT On Session" owner="RequestsLibrary">
<msg time="2024-04-02T00:10:38.059779" level="INFO">PUT Request : url=https://serverest.dev/usuarios/xGjqPE3jf9qgjWtH 
 path_url=/usuarios/xGjqPE3jf9qgjWtH 
 headers={'User-Agent': 'python-requests/2.31.0', 'Accept-Encoding': 'gzip, deflate', 'Accept': '*/*', 'Connection': 'keep-alive', 'Content-Type': 'application/json', 'Content-Length': '110'} 
 body=b'{"nome": "John Smith", "email": "john.smith@example.com", "password": "P@ssw0rd123", "administrador": "false"}' 
 </msg>
<msg time="2024-04-02T00:10:38.059863" level="INFO">PUT Response : url=https://serverest.dev/usuarios/xGjqPE3jf9qgjWtH 
 status=200, reason=OK 
 headers={'access-control-allow-origin': '*', 'x-dns-prefetch-control': 'off', 'x-frame-options': 'SAMEORIGIN', 'strict-transport-security': 'max-age=15552000; includeSubDomains', 'x-download-options': 'noopen', 'x-content-type-options': 'nosniff', 'x-xss-protection': '1; mode=block', 'content-type': 'application/json; charset=utf-8', 'X-Cloud-Trace-Context': 'cd94f087b507da607ea5933b4a7b61ab', 'Date': 'Tue, 02 Apr 2024 00:10:38 GMT', 'Server': 'Google Frontend', 'Content-Length': '50'} 
 body={
    "message": "Registro alterado com sucesso"
} 
 </msg>
<msg time="2024-04-02T00:10:38.059993" level="INFO">${response} = &lt;Response [200]&gt;</msg>
<var>${response}</var>
<arg>serverest</arg>
<arg>${USERS_API_ENDPOINT}/${USER_ID}</arg>
<arg>json=${payload}</arg>
<arg>headers=${headers}</arg>
<doc>Sends a PUT request on a previously created HTTP Session.</doc>
<status status="PASS" start="2024-04-02T00:10:37.951212" elapsed="0.108816"/>
</kw>
<kw name="Set Test Variable" owner="BuiltIn">
<msg time="2024-04-02T00:10:38.060441" level="INFO">${response} = &lt;Response [200]&gt;</msg>
<arg>${response}</arg>
<doc>Makes a variable available everywhere within the scope of the current test.</doc>
<status status="PASS" start="2024-04-02T00:10:38.060231" elapsed="0.000257"/>
</kw>
<status status="PASS" start="2024-04-02T00:10:37.950077" elapsed="0.110489"/>
</kw>
<kw name="Then the response status code should be 200" owner="test_keywords_users" source_name="Then the response status code should be ${status_code}">
<kw name="Should Be Equal As Numbers" owner="BuiltIn">
<msg time="2024-04-02T00:10:38.061548" level="INFO">Argument types are:
&lt;class 'int'&gt;
&lt;class 'str'&gt;</msg>
<arg>${response.status_code}</arg>
<arg>${status_code}</arg>
<doc>Fails if objects are unequal after converting them to real numbers.</doc>
<status status="PASS" start="2024-04-02T00:10:38.061046" elapsed="0.000600"/>
</kw>
<kw name="Should Be True" owner="BuiltIn">
<arg>${response.json()}</arg>
<doc>Fails if the given condition is not true.</doc>
<status status="PASS" start="2024-04-02T00:10:38.061795" elapsed="0.000450"/>
</kw>
<status status="PASS" start="2024-04-02T00:10:38.060747" elapsed="0.001578"/>
</kw>
<kw name="And the response body should not be empty" owner="test_keywords_users">
<kw name="Should Not Be Empty" owner="BuiltIn">
<msg time="2024-04-02T00:10:38.063208" level="INFO">Length is 1.</msg>
<arg>${response.json()}</arg>
<doc>Verifies that the given item is not empty.</doc>
<status status="PASS" start="2024-04-02T00:10:38.062786" elapsed="0.000473"/>
</kw>
<status status="PASS" start="2024-04-02T00:10:38.062520" elapsed="0.000813"/>
</kw>
<tag>api</tag>
<status status="PASS" start="2024-04-02T00:10:37.948517" elapsed="0.114930"/>
</test>
<test id="s1-s1-s1-t5" name="Scenario: Delete the created user" line="34">
<kw name="Before Tests" owner="test_keywords_common" type="SETUP">
<kw name="Create Session" owner="RequestsLibrary">
<msg time="2024-04-02T00:10:38.064727" level="INFO">Creating Session using : alias=serverest, url=https://serverest.dev, headers={},                     cookies={}, auth=None, timeout=None, proxies=None, verify=False,                     debug=0 </msg>
<arg>serverest</arg>
<arg>${SERVER_BASE_URL}</arg>
<arg>disable_warnings=True</arg>
<doc>Create Session: create a HTTP session to a server</doc>
<status status="PASS" start="2024-04-02T00:10:38.064494" elapsed="0.000403"/>
</kw>
<status status="PASS" start="2024-04-02T00:10:38.064239" elapsed="0.000743"/>
</kw>
<kw name="When I delete the created user" owner="test_keywords_users">
<kw name="DELETE On Session" owner="RequestsLibrary">
<msg time="2024-04-02T00:10:38.161742" level="INFO">DELETE Request : url=https://serverest.dev/usuarios/xGjqPE3jf9qgjWtH 
 path_url=/usuarios/xGjqPE3jf9qgjWtH 
 headers={'User-Agent': 'python-requests/2.31.0', 'Accept-Encoding': 'gzip, deflate', 'Accept': '*/*', 'Connection': 'keep-alive', 'Content-Length': '0'} 
 body=None 
 </msg>
<msg time="2024-04-02T00:10:38.161848" level="INFO">DELETE Response : url=https://serverest.dev/usuarios/xGjqPE3jf9qgjWtH 
 status=200, reason=OK 
 headers={'access-control-allow-origin': '*', 'x-dns-prefetch-control': 'off', 'x-frame-options': 'SAMEORIGIN', 'strict-transport-security': 'max-age=15552000; includeSubDomains', 'x-download-options': 'noopen', 'x-content-type-options': 'nosniff', 'x-xss-protection': '1; mode=block', 'content-type': 'application/json; charset=utf-8', 'X-Cloud-Trace-Context': '53d51d3a96db6877f65c723c1db55e6a', 'Date': 'Tue, 02 Apr 2024 00:10:38 GMT', 'Server': 'Google Frontend', 'Content-Length': '51'} 
 body={
    "message": "Registro excluído com sucesso"
} 
 </msg>
<msg time="2024-04-02T00:10:38.161990" level="INFO">${response} = &lt;Response [200]&gt;</msg>
<var>${response}</var>
<arg>serverest</arg>
<arg>${USERS_API_ENDPOINT}/${USER_ID}</arg>
<doc>Sends a DELETE request on a previously created HTTP Session.</doc>
<status status="PASS" start="2024-04-02T00:10:38.065412" elapsed="0.096617"/>
</kw>
<kw name="Set Test Variable" owner="BuiltIn">
<msg time="2024-04-02T00:10:38.162513" level="INFO">${response} = &lt;Response [200]&gt;</msg>
<arg>${response}</arg>
<doc>Makes a variable available everywhere within the scope of the current test.</doc>
<status status="PASS" start="2024-04-02T00:10:38.162252" elapsed="0.000308"/>
</kw>
<status status="PASS" start="2024-04-02T00:10:38.065156" elapsed="0.097480"/>
</kw>
<kw name="Then the response status code should be 200" owner="test_keywords_users" source_name="Then the response status code should be ${status_code}">
<kw name="Should Be Equal As Numbers" owner="BuiltIn">
<msg time="2024-04-02T00:10:38.163618" level="INFO">Argument types are:
&lt;class 'int'&gt;
&lt;class 'str'&gt;</msg>
<arg>${response.status_code}</arg>
<arg>${status_code}</arg>
<doc>Fails if objects are unequal after converting them to real numbers.</doc>
<status status="PASS" start="2024-04-02T00:10:38.163123" elapsed="0.000558"/>
</kw>
<kw name="Should Be True" owner="BuiltIn">
<arg>${response.json()}</arg>
<doc>Fails if the given condition is not true.</doc>
<status status="PASS" start="2024-04-02T00:10:38.163823" elapsed="0.000456"/>
</kw>
<status status="PASS" start="2024-04-02T00:10:38.162822" elapsed="0.001534"/>
</kw>
<kw name="And the response body should not be empty" owner="test_keywords_users">
<kw name="Should Not Be Empty" owner="BuiltIn">
<msg time="2024-04-02T00:10:38.165196" level="INFO">Length is 1.</msg>
<arg>${response.json()}</arg>
<doc>Verifies that the given item is not empty.</doc>
<status status="PASS" start="2024-04-02T00:10:38.164773" elapsed="0.000472"/>
</kw>
<status status="PASS" start="2024-04-02T00:10:38.164515" elapsed="0.000803"/>
</kw>
<tag>api</tag>
<status status="PASS" start="2024-04-02T00:10:38.063740" elapsed="0.101691"/>
</test>
<status status="PASS" start="2024-04-02T00:10:36.794726" elapsed="1.371320"/>
</suite>
<status status="PASS" start="2024-04-02T00:10:36.793743" elapsed="1.373052"/>
</suite>
<suite id="s1-s2" name="E2E" source="/home/runner/work/gen-ai-robot-test/gen-ai-robot-test/tests/e2e">
<suite id="s1-s2-s1" name="Test Ui Signup" source="/home/runner/work/gen-ai-robot-test/gen-ai-robot-test/tests/e2e/test_ui_signup.robot">
<test id="s1-s2-s1-t1" name="Scenario: Signup with empty fields" line="10">
<kw name="Before Tests" owner="test_keywords_common" type="SETUP">
<kw name="Open Browser" owner="SeleniumLibrary">
<msg time="2024-04-02T00:10:38.175760" level="INFO">Opening browser 'headless Chrome' to base url 'https://front.serverest.dev/'.</msg>
<arg>${SERVER_BASE_URL}</arg>
<arg>${HEADLESS} ${BROWSER}</arg>
<doc>Opens a new browser instance to the optional ``url``.</doc>
<status status="PASS" start="2024-04-02T00:10:38.175508" elapsed="12.211413"/>
</kw>
<kw name="Maximize Browser Window" owner="SeleniumLibrary">
<doc>Maximizes current browser window.</doc>
<status status="PASS" start="2024-04-02T00:10:50.387573" elapsed="0.127219"/>
</kw>
<status status="PASS" start="2024-04-02T00:10:38.175211" elapsed="12.339789"/>
</kw>
<kw name="Given Im on the signup page" owner="test_keywords_signup">
<kw name="Location Should Be" owner="SeleniumLibrary">
<msg time="2024-04-02T00:10:50.526849" level="INFO">Current location is 'https://front.serverest.dev/login'.</msg>
<arg>https://front.serverest.dev/login</arg>
<doc>Verifies that the current URL is exactly ``url``.</doc>
<status status="PASS" start="2024-04-02T00:10:50.515883" elapsed="0.011055"/>
</kw>
<kw name="Click Element" owner="SeleniumLibrary">
<msg time="2024-04-02T00:10:50.527676" level="INFO">Clicking element 'css=a.btn.btn-link'.</msg>
<arg>css=a.btn.btn-link</arg>
<doc>Click the element identified by ``locator``.</doc>
<status status="PASS" start="2024-04-02T00:10:50.527146" elapsed="0.232643"/>
</kw>
<status status="PASS" start="2024-04-02T00:10:50.515412" elapsed="0.244628"/>
</kw>
<kw name="When I click in signup" owner="test_keywords_signup">
<kw name="Click Button" owner="SeleniumLibrary">
<msg time="2024-04-02T00:10:50.761363" level="INFO">Clicking button 'css=.btn.btn-primary'.</msg>
<arg>css=.btn.btn-primary</arg>
<doc>Clicks the button identified by ``locator``.</doc>
<status status="PASS" start="2024-04-02T00:10:50.761034" elapsed="0.122305"/>
</kw>
<status status="PASS" start="2024-04-02T00:10:50.760458" elapsed="0.123096"/>
</kw>
<kw name="Then required field messages should be displayed" owner="test_keywords_signup">
<kw name="Wait Until Element Is Visible" owner="SeleniumLibrary">
<arg>css=.alert-dismissible</arg>
<arg>timeout=10s</arg>
<doc>Waits until the element ``locator`` is visible.</doc>
<status status="PASS" start="2024-04-02T00:10:50.884483" elapsed="0.427982"/>
</kw>
<kw name="Element Should Be Visible" owner="SeleniumLibrary">
<msg time="2024-04-02T00:10:51.323808" level="INFO">Element 'css=.alert-dismissible' is displayed.</msg>
<arg>css=.alert-dismissible</arg>
<doc>Verifies that the element identified by ``locator`` is visible.</doc>
<status status="PASS" start="2024-04-02T00:10:51.312793" elapsed="0.011086"/>
</kw>
<kw name="Page Should Contain" owner="SeleniumLibrary">
<msg time="2024-04-02T00:10:51.387893" level="INFO">Current page contains text 'Nome é obrigatório'.</msg>
<arg>Nome é obrigatório</arg>
<doc>Verifies that current page contains ``text``.</doc>
<status status="PASS" start="2024-04-02T00:10:51.324055" elapsed="0.063913"/>
</kw>
<kw name="Page Should Contain" owner="SeleniumLibrary">
<msg time="2024-04-02T00:10:51.397190" level="INFO">Current page contains text 'Email é obrigatório'.</msg>
<arg>Email é obrigatório</arg>
<doc>Verifies that current page contains ``text``.</doc>
<status status="PASS" start="2024-04-02T00:10:51.388200" elapsed="0.009058"/>
</kw>
<kw name="Page Should Contain" owner="SeleniumLibrary">
<msg time="2024-04-02T00:10:51.406403" level="INFO">Current page contains text 'Password é obrigatório'.</msg>
<arg>Password é obrigatório</arg>
<doc>Verifies that current page contains ``text``.</doc>
<status status="PASS" start="2024-04-02T00:10:51.397425" elapsed="0.009045"/>
</kw>
<status status="PASS" start="2024-04-02T00:10:50.883984" elapsed="0.522586"/>
</kw>
<kw name="After Tests" owner="test_keywords_common" type="TEARDOWN">
<kw name="Close Browser" owner="SeleniumLibrary">
<doc>Closes the current browser.</doc>
<status status="PASS" start="2024-04-02T00:10:51.407241" elapsed="0.061445"/>
</kw>
<status status="PASS" start="2024-04-02T00:10:51.406905" elapsed="0.061947"/>
</kw>
<tag>e2e</tag>
<status status="PASS" start="2024-04-02T00:10:38.174640" elapsed="13.294294"/>
</test>
<test id="s1-s2-s1-t2" name="Scenario: Signup done successfully" line="16">
<kw name="Before Tests" owner="test_keywords_common" type="SETUP">
<kw name="Open Browser" owner="SeleniumLibrary">
<msg time="2024-04-02T00:10:51.471044" level="INFO">Opening browser 'headless Chrome' to base url 'https://front.serverest.dev/'.</msg>
<arg>${SERVER_BASE_URL}</arg>
<arg>${HEADLESS} ${BROWSER}</arg>
<doc>Opens a new browser instance to the optional ``url``.</doc>
<status status="PASS" start="2024-04-02T00:10:51.470680" elapsed="0.564298"/>
</kw>
<kw name="Maximize Browser Window" owner="SeleniumLibrary">
<doc>Maximizes current browser window.</doc>
<status status="PASS" start="2024-04-02T00:10:52.035751" elapsed="0.145584"/>
</kw>
<status status="PASS" start="2024-04-02T00:10:51.470190" elapsed="0.711426"/>
</kw>
<kw name="Given Im on the signup page" owner="test_keywords_signup">
<kw name="Location Should Be" owner="SeleniumLibrary">
<msg time="2024-04-02T00:10:52.187199" level="INFO">Current location is 'https://front.serverest.dev/login'.</msg>
<arg>https://front.serverest.dev/login</arg>
<doc>Verifies that the current URL is exactly ``url``.</doc>
<status status="PASS" start="2024-04-02T00:10:52.182777" elapsed="0.004538"/>
</kw>
<kw name="Click Element" owner="SeleniumLibrary">
<msg time="2024-04-02T00:10:52.187960" level="INFO">Clicking element 'css=a.btn.btn-link'.</msg>
<arg>css=a.btn.btn-link</arg>
<doc>Click the element identified by ``locator``.</doc>
<status status="PASS" start="2024-04-02T00:10:52.187605" elapsed="0.117139"/>
</kw>
<status status="PASS" start="2024-04-02T00:10:52.182156" elapsed="0.122767"/>
</kw>
<kw name="And I fill in the signup fields with valid data" owner="test_keywords_signup">
<kw name="Name" owner="FakerLibrary">
<msg time="2024-04-02T00:10:52.306588" level="INFO">${name} = April Rodriguez</msg>
<var>${name}</var>
<doc>:example: 'John Doe'</doc>
<status status="PASS" start="2024-04-02T00:10:52.305880" elapsed="0.000763"/>
</kw>
<kw name="Email" owner="FakerLibrary">
<msg time="2024-04-02T00:10:52.307356" level="INFO">${email} = ljackson@example.org</msg>
<var>${email}</var>
<status status="PASS" start="2024-04-02T00:10:52.306882" elapsed="0.000508"/>
</kw>
<kw name="Password" owner="FakerLibrary">
<msg time="2024-04-02T00:10:52.307962" level="INFO">${password} = e0RktRvLcXh7</msg>
<var>${password}</var>
<arg>length=12</arg>
<arg>special_chars=False</arg>
<doc>Generate a random password of the specified ``length``.</doc>
<status status="PASS" start="2024-04-02T00:10:52.307579" elapsed="0.000419"/>
</kw>
<kw name="Input Text" owner="SeleniumLibrary">
<msg time="2024-04-02T00:10:52.308493" level="INFO">Typing text 'April Rodriguez' into text field 'id:nome'.</msg>
<arg>id:nome</arg>
<arg>${name}</arg>
<doc>Types the given ``text`` into the text field identified by ``locator``.</doc>
<status status="PASS" start="2024-04-02T00:10:52.308206" elapsed="0.139329"/>
</kw>
<kw name="Input Text" owner="SeleniumLibrary">
<msg time="2024-04-02T00:10:52.448427" level="INFO">Typing text 'ljackson@example.org' into text field 'id:email'.</msg>
<arg>id:email</arg>
<arg>${email}</arg>
<doc>Types the given ``text`` into the text field identified by ``locator``.</doc>
<status status="PASS" start="2024-04-02T00:10:52.447972" elapsed="0.110047"/>
</kw>
<kw name="Input Text" owner="SeleniumLibrary">
<msg time="2024-04-02T00:10:52.558672" level="INFO">Typing text 'e0RktRvLcXh7' into text field 'id:password'.</msg>
<arg>id:password</arg>
<arg>${password}</arg>
<doc>Types the given ``text`` into the text field identified by ``locator``.</doc>
<status status="PASS" start="2024-04-02T00:10:52.558336" elapsed="0.069380"/>
</kw>
<kw name="Select Checkbox" owner="SeleniumLibrary">
<msg time="2024-04-02T00:10:52.628362" level="INFO">Selecting checkbox 'id=administrador'.</msg>
<arg>id=administrador</arg>
<doc>Selects the checkbox identified by ``locator``.</doc>
<status status="PASS" start="2024-04-02T00:10:52.628058" elapsed="0.050736"/>
</kw>
<kw name="Set Suite Variable" owner="BuiltIn">
<msg time="2024-04-02T00:10:52.679482" level="INFO">${name} = April Rodriguez</msg>
<arg>${name}</arg>
<doc>Makes a variable available everywhere within the scope of the current suite.</doc>
<status status="PASS" start="2024-04-02T00:10:52.679115" elapsed="0.000421"/>
</kw>
<kw name="Set Suite Variable" owner="BuiltIn">
<msg time="2024-04-02T00:10:52.679896" level="INFO">${email} = ljackson@example.org</msg>
<arg>${email}</arg>
<doc>Makes a variable available everywhere within the scope of the current suite.</doc>
<status status="PASS" start="2024-04-02T00:10:52.679693" elapsed="0.000248"/>
</kw>
<kw name="Set Suite Variable" owner="BuiltIn">
<msg time="2024-04-02T00:10:52.680295" level="INFO">${password} = e0RktRvLcXh7</msg>
<arg>${password}</arg>
<doc>Makes a variable available everywhere within the scope of the current suite.</doc>
<status status="PASS" start="2024-04-02T00:10:52.680093" elapsed="0.000246"/>
</kw>
<status status="PASS" start="2024-04-02T00:10:52.305274" elapsed="0.375148"/>
</kw>
<kw name="When I click in signup" owner="test_keywords_signup">
<kw name="Click Button" owner="SeleniumLibrary">
<msg time="2024-04-02T00:10:52.681135" level="INFO">Clicking button 'css=.btn.btn-primary'.</msg>
<arg>css=.btn.btn-primary</arg>
<doc>Clicks the button identified by ``locator``.</doc>
<status status="PASS" start="2024-04-02T00:10:52.680928" elapsed="0.101644"/>
</kw>
<status status="PASS" start="2024-04-02T00:10:52.680621" elapsed="0.102185"/>
</kw>
<kw name="Then the page should contain the text &quot;Cadastro realizado com sucesso&quot;" owner="test_keywords_signup" source_name="Then the page should contain the text &quot;${expected_text}&quot;">
<kw name="Wait Until Element Is Visible" owner="SeleniumLibrary">
<arg>css=.alert-dismissible</arg>
<arg>timeout=10s</arg>
<doc>Waits until the element ``locator`` is visible.</doc>
<status status="PASS" start="2024-04-02T00:10:52.783785" elapsed="0.222007"/>
</kw>
<kw name="Element Should Be Visible" owner="SeleniumLibrary">
<msg time="2024-04-02T00:10:53.017538" level="INFO">Element 'css=.alert-dismissible' is displayed.</msg>
<arg>css=.alert-dismissible</arg>
<doc>Verifies that the element identified by ``locator`` is visible.</doc>
<status status="PASS" start="2024-04-02T00:10:53.006114" elapsed="0.011523"/>
</kw>
<kw name="Page Should Contain" owner="SeleniumLibrary">
<msg time="2024-04-02T00:10:53.027195" level="INFO">Current page contains text 'Cadastro realizado com sucesso'.</msg>
<arg>${expected_text}</arg>
<doc>Verifies that current page contains ``text``.</doc>
<status status="PASS" start="2024-04-02T00:10:53.017818" elapsed="0.009445"/>
</kw>
<status status="PASS" start="2024-04-02T00:10:52.783206" elapsed="0.244157"/>
</kw>
<kw name="After Tests" owner="test_keywords_common" type="TEARDOWN">
<kw name="Close Browser" owner="SeleniumLibrary">
<doc>Closes the current browser.</doc>
<status status="PASS" start="2024-04-02T00:10:53.028100" elapsed="0.061061"/>
</kw>
<status status="PASS" start="2024-04-02T00:10:53.027695" elapsed="0.061631"/>
</kw>
<tag>e2e</tag>
<status status="PASS" start="2024-04-02T00:10:51.469437" elapsed="1.619970"/>
</test>
<test id="s1-s2-s1-t3" name="Scenario: Signup with already used email" line="23">
<kw name="Before Tests" owner="test_keywords_common" type="SETUP">
<kw name="Open Browser" owner="SeleniumLibrary">
<msg time="2024-04-02T00:10:53.091153" level="INFO">Opening browser 'headless Chrome' to base url 'https://front.serverest.dev/'.</msg>
<arg>${SERVER_BASE_URL}</arg>
<arg>${HEADLESS} ${BROWSER}</arg>
<doc>Opens a new browser instance to the optional ``url``.</doc>
<status status="PASS" start="2024-04-02T00:10:53.090835" elapsed="0.530775"/>
</kw>
<kw name="Maximize Browser Window" owner="SeleniumLibrary">
<doc>Maximizes current browser window.</doc>
<status status="PASS" start="2024-04-02T00:10:53.622494" elapsed="0.148017"/>
</kw>
<status status="PASS" start="2024-04-02T00:10:53.090469" elapsed="0.680254"/>
</kw>
<kw name="Given Im on the signup page" owner="test_keywords_signup">
<kw name="Location Should Be" owner="SeleniumLibrary">
<msg time="2024-04-02T00:10:53.776134" level="INFO">Current location is 'https://front.serverest.dev/login'.</msg>
<arg>https://front.serverest.dev/login</arg>
<doc>Verifies that the current URL is exactly ``url``.</doc>
<status status="PASS" start="2024-04-02T00:10:53.771656" elapsed="0.004586"/>
</kw>
<kw name="Click Element" owner="SeleniumLibrary">
<msg time="2024-04-02T00:10:53.776811" level="INFO">Clicking element 'css=a.btn.btn-link'.</msg>
<arg>css=a.btn.btn-link</arg>
<doc>Click the element identified by ``locator``.</doc>
<status status="PASS" start="2024-04-02T00:10:53.776496" elapsed="0.115221"/>
</kw>
<status status="PASS" start="2024-04-02T00:10:53.771150" elapsed="0.120773"/>
</kw>
<kw name="And I fill in the signup fields with an email already registered" owner="test_keywords_signup">
<kw name="Input Text" owner="SeleniumLibrary">
<msg time="2024-04-02T00:10:53.893318" level="INFO">Typing text 'April Rodriguez' into text field 'id:nome'.</msg>
<arg>id:nome</arg>
<arg>${name}</arg>
<doc>Types the given ``text`` into the text field identified by ``locator``.</doc>
<status status="PASS" start="2024-04-02T00:10:53.892731" elapsed="0.086473"/>
</kw>
<kw name="Input Text" owner="SeleniumLibrary">
<msg time="2024-04-02T00:10:53.979878" level="INFO">Typing text 'ljackson@example.org' into text field 'id:email'.</msg>
<arg>id:email</arg>
<arg>${email}</arg>
<doc>Types the given ``text`` into the text field identified by ``locator``.</doc>
<status status="PASS" start="2024-04-02T00:10:53.979534" elapsed="0.071815"/>
</kw>
<kw name="Input Text" owner="SeleniumLibrary">
<msg time="2024-04-02T00:10:54.052009" level="INFO">Typing text 'e0RktRvLcXh7' into text field 'id:password'.</msg>
<arg>id:password</arg>
<arg>${password}</arg>
<doc>Types the given ``text`` into the text field identified by ``locator``.</doc>
<status status="PASS" start="2024-04-02T00:10:54.051663" elapsed="0.063456"/>
</kw>
<kw name="Select Checkbox" owner="SeleniumLibrary">
<msg time="2024-04-02T00:10:54.115704" level="INFO">Selecting checkbox 'id=administrador'.</msg>
<arg>id=administrador</arg>
<doc>Selects the checkbox identified by ``locator``.</doc>
<status status="PASS" start="2024-04-02T00:10:54.115424" elapsed="0.049763"/>
</kw>
<status status="PASS" start="2024-04-02T00:10:53.892277" elapsed="0.273056"/>
</kw>
<kw name="When I click in signup" owner="test_keywords_signup">
<kw name="Click Button" owner="SeleniumLibrary">
<msg time="2024-04-02T00:10:54.166213" level="INFO">Clicking button 'css=.btn.btn-primary'.</msg>
<arg>css=.btn.btn-primary</arg>
<doc>Clicks the button identified by ``locator``.</doc>
<status status="PASS" start="2024-04-02T00:10:54.166000" elapsed="0.044235"/>
</kw>
<status status="PASS" start="2024-04-02T00:10:54.165620" elapsed="0.044763"/>
</kw>
<kw name="Then the page should contain the text &quot;Este email já está sendo usado&quot;" owner="test_keywords_signup" source_name="Then the page should contain the text &quot;${expected_text}&quot;">
<kw name="Wait Until Element Is Visible" owner="SeleniumLibrary">
<arg>css=.alert-dismissible</arg>
<arg>timeout=10s</arg>
<doc>Waits until the element ``locator`` is visible.</doc>
<status status="PASS" start="2024-04-02T00:10:54.211074" elapsed="0.220977"/>
</kw>
<kw name="Element Should Be Visible" owner="SeleniumLibrary">
<msg time="2024-04-02T00:10:54.443476" level="INFO">Element 'css=.alert-dismissible' is displayed.</msg>
<arg>css=.alert-dismissible</arg>
<doc>Verifies that the element identified by ``locator`` is visible.</doc>
<status status="PASS" start="2024-04-02T00:10:54.432370" elapsed="0.011177"/>
</kw>
<kw name="Page Should Contain" owner="SeleniumLibrary">
<msg time="2024-04-02T00:10:54.454402" level="INFO">Current page contains text 'Este email já está sendo usado'.</msg>
<arg>${expected_text}</arg>
<doc>Verifies that current page contains ``text``.</doc>
<status status="PASS" start="2024-04-02T00:10:54.443722" elapsed="0.010750"/>
</kw>
<status status="PASS" start="2024-04-02T00:10:54.210676" elapsed="0.243897"/>
</kw>
<kw name="After Tests" owner="test_keywords_common" type="TEARDOWN">
<kw name="Close Browser" owner="SeleniumLibrary">
<doc>Closes the current browser.</doc>
<status status="PASS" start="2024-04-02T00:10:54.455245" elapsed="0.063453"/>
</kw>
<status status="PASS" start="2024-04-02T00:10:54.454907" elapsed="0.063967"/>
</kw>
<tag>e2e</tag>
<status status="PASS" start="2024-04-02T00:10:53.089888" elapsed="1.429067"/>
</test>
<status status="PASS" start="2024-04-02T00:10:38.168597" elapsed="16.350989"/>
</suite>
<status status="PASS" start="2024-04-02T00:10:38.167333" elapsed="16.353016"/>
</suite>
<status status="PASS" start="2024-04-02T00:10:36.774262" elapsed="17.746687"/>
</suite>
<statistics>
<total>
<stat pass="8" fail="0" skip="0">All Tests</stat>
</total>
<tag>
<stat pass="5" fail="0" skip="0">api</stat>
<stat pass="3" fail="0" skip="0">e2e</stat>
</tag>
<suite>
<stat pass="8" fail="0" skip="0" id="s1" name="Tests">Tests</stat>
<stat pass="5" fail="0" skip="0" id="s1-s1" name="Api">Tests.Api</stat>
<stat pass="5" fail="0" skip="0" id="s1-s1-s1" name="Test Api Users">Tests.Api.Test Api Users</stat>
<stat pass="3" fail="0" skip="0" id="s1-s2" name="E2E">Tests.E2E</stat>
<stat pass="3" fail="0" skip="0" id="s1-s2-s1" name="Test Ui Signup">Tests.E2E.Test Ui Signup</stat>
</suite>
</statistics>
<errors>
</errors>
</robot>
