<?xml version="1.0" encoding="UTF-8"?>
<robot generator="Robot 6.0.2 (Python 3.11.3 on win32)" generated="20230521 18:56:18.500" rpa="false" schemaversion="3">
<suite id="s1" name="Tests" source="C:\Users\samue\OneDrive\Área de Trabalho\gen-ai-robot-test\tests">
<suite id="s1-s1" name="Visual" source="C:\Users\samue\OneDrive\Área de Trabalho\gen-ai-robot-test\tests\visual">
<suite id="s1-s1-s1" name="Test Visual Check" source="C:\Users\samue\OneDrive\Área de Trabalho\gen-ai-robot-test\tests\visual\test_visual_check.robot">
<test id="s1-s1-s1-t1" name="Scenario: Visual check login page" line="11">
<kw name="Before Tests" library="test_keywords_common" type="SETUP">
<kw name="Open Browser" library="SeleniumLibrary">
<arg>${SERVER_BASE_URL}</arg>
<arg>${HEADLESS} ${BROWSER}</arg>
<doc>Opens a new browser instance to the optional ``url``.</doc>
<msg timestamp="20230521 18:56:22.066" level="INFO">Opening browser ' Chrome' to base url 'https://front.serverest.dev/'.</msg>
<status status="PASS" starttime="20230521 18:56:22.066" endtime="20230521 18:56:24.775"/>
</kw>
<kw name="Maximize Browser Window" library="SeleniumLibrary">
<doc>Maximizes current browser window.</doc>
<status status="PASS" starttime="20230521 18:56:24.775" endtime="20230521 18:56:24.998"/>
</kw>
<kw name="Eyes Open" library="EyesLibrary">
<tag>Check flow</tag>
<doc>Shared parameters section from `applitools.yaml` could be overwritten during `Eyes Open` call, see `Preconditions`.</doc>
<status status="PASS" starttime="20230521 18:56:24.998" endtime="20230521 18:56:28.416"/>
</kw>
<status status="PASS" starttime="20230521 18:56:22.066" endtime="20230521 18:56:28.416"/>
</kw>
<kw name="Given Im on the main application page" library="test_keywords_signup">
<kw name="Go To" library="SeleniumLibrary">
<arg>${SERVER_BASE_URL}</arg>
<doc>Navigates the current browser window to the provided ``url``.</doc>
<msg timestamp="20230521 18:56:28.417" level="INFO">Opening url 'https://front.serverest.dev/'</msg>
<status status="PASS" starttime="20230521 18:56:28.417" endtime="20230521 18:56:29.031"/>
</kw>
<status status="PASS" starttime="20230521 18:56:28.416" endtime="20230521 18:56:29.031"/>
</kw>
<kw name="Eyes Check Window" library="EyesLibrary">
<arg>Login Page</arg>
<arg>Fully</arg>
<tag>Allow to pass Check Settings keywords</tag>
<tag>Check flow</tag>
<doc>Check current browser window</doc>
<kw name="Fully" library="EyesLibrary">
<tag>Check Settings keyword</tag>
<doc>Returns a CheckSettings object specified fully.</doc>
<status status="PASS" starttime="20230521 18:56:29.032" endtime="20230521 18:56:29.032"/>
</kw>
<status status="PASS" starttime="20230521 18:56:29.031" endtime="20230521 18:56:31.598"/>
</kw>
<kw name="After Tests" library="test_keywords_common" type="TEARDOWN">
<kw name="Eyes Close Async" library="EyesLibrary">
<tag>Check flow</tag>
<doc>Closes a session and returns the results of the session.
If a test is running, aborts it. Otherwise, does nothing.</doc>
<status status="PASS" starttime="20230521 18:56:31.599" endtime="20230521 18:56:32.623"/>
</kw>
<kw name="Close All Browsers" library="SeleniumLibrary">
<doc>Closes all open browsers and resets the browser cache.</doc>
<status status="PASS" starttime="20230521 18:56:32.623" endtime="20230521 18:56:38.825"/>
</kw>
<status status="PASS" starttime="20230521 18:56:31.599" endtime="20230521 18:56:38.825"/>
</kw>
<tag>visual</tag>
<status status="PASS" starttime="20230521 18:56:22.065" endtime="20230521 18:56:38.825"/>
</test>
<test id="s1-s1-s1-t2" name="Scenario: Visual check signup page" line="16">
<kw name="Before Tests" library="test_keywords_common" type="SETUP">
<kw name="Open Browser" library="SeleniumLibrary">
<arg>${SERVER_BASE_URL}</arg>
<arg>${HEADLESS} ${BROWSER}</arg>
<doc>Opens a new browser instance to the optional ``url``.</doc>
<msg timestamp="20230521 18:56:38.828" level="INFO">Opening browser ' Chrome' to base url 'https://front.serverest.dev/'.</msg>
<status status="PASS" starttime="20230521 18:56:38.828" endtime="20230521 18:56:41.548"/>
</kw>
<kw name="Maximize Browser Window" library="SeleniumLibrary">
<doc>Maximizes current browser window.</doc>
<status status="PASS" starttime="20230521 18:56:41.548" endtime="20230521 18:56:41.763"/>
</kw>
<kw name="Eyes Open" library="EyesLibrary">
<tag>Check flow</tag>
<doc>Shared parameters section from `applitools.yaml` could be overwritten during `Eyes Open` call, see `Preconditions`.</doc>
<status status="PASS" starttime="20230521 18:56:41.763" endtime="20230521 18:56:43.821"/>
</kw>
<status status="PASS" starttime="20230521 18:56:38.827" endtime="20230521 18:56:43.822"/>
</kw>
<kw name="Given Im on the signup page" library="test_keywords_signup">
<kw name="Location Should Be" library="SeleniumLibrary">
<arg>https://front.serverest.dev/login</arg>
<doc>Verifies that the current URL is exactly ``url``.</doc>
<msg timestamp="20230521 18:56:43.826" level="INFO">Current location is 'https://front.serverest.dev/login'.</msg>
<status status="PASS" starttime="20230521 18:56:43.822" endtime="20230521 18:56:43.826"/>
</kw>
<kw name="Click Element" library="SeleniumLibrary">
<arg>css=a.btn.btn-link</arg>
<doc>Click the element identified by ``locator``.</doc>
<msg timestamp="20230521 18:56:43.826" level="INFO">Clicking element 'css=a.btn.btn-link'.</msg>
<status status="PASS" starttime="20230521 18:56:43.826" endtime="20230521 18:56:43.872"/>
</kw>
<status status="PASS" starttime="20230521 18:56:43.822" endtime="20230521 18:56:43.873"/>
</kw>
<kw name="Eyes Check Window" library="EyesLibrary">
<arg>Signup Page</arg>
<arg>Fully</arg>
<tag>Allow to pass Check Settings keywords</tag>
<tag>Check flow</tag>
<doc>Check current browser window</doc>
<kw name="Fully" library="EyesLibrary">
<tag>Check Settings keyword</tag>
<doc>Returns a CheckSettings object specified fully.</doc>
<status status="PASS" starttime="20230521 18:56:43.873" endtime="20230521 18:56:43.874"/>
</kw>
<status status="PASS" starttime="20230521 18:56:43.873" endtime="20230521 18:56:46.347"/>
</kw>
<kw name="After Tests" library="test_keywords_common" type="TEARDOWN">
<kw name="Eyes Close Async" library="EyesLibrary">
<tag>Check flow</tag>
<doc>Closes a session and returns the results of the session.
If a test is running, aborts it. Otherwise, does nothing.</doc>
<status status="PASS" starttime="20230521 18:56:46.348" endtime="20230521 18:56:47.375"/>
</kw>
<kw name="Close All Browsers" library="SeleniumLibrary">
<doc>Closes all open browsers and resets the browser cache.</doc>
<status status="PASS" starttime="20230521 18:56:47.375" endtime="20230521 18:56:53.544"/>
</kw>
<status status="PASS" starttime="20230521 18:56:46.348" endtime="20230521 18:56:53.544"/>
</kw>
<tag>visual</tag>
<status status="PASS" starttime="20230521 18:56:38.827" endtime="20230521 18:56:53.545"/>
</test>
<test id="s1-s1-s1-t3" name="Scenario: Visual check signup with empty fields" line="21">
<kw name="Before Tests" library="test_keywords_common" type="SETUP">
<kw name="Open Browser" library="SeleniumLibrary">
<arg>${SERVER_BASE_URL}</arg>
<arg>${HEADLESS} ${BROWSER}</arg>
<doc>Opens a new browser instance to the optional ``url``.</doc>
<msg timestamp="20230521 18:56:53.547" level="INFO">Opening browser ' Chrome' to base url 'https://front.serverest.dev/'.</msg>
<status status="PASS" starttime="20230521 18:56:53.547" endtime="20230521 18:56:56.488"/>
</kw>
<kw name="Maximize Browser Window" library="SeleniumLibrary">
<doc>Maximizes current browser window.</doc>
<status status="PASS" starttime="20230521 18:56:56.488" endtime="20230521 18:56:56.599"/>
</kw>
<kw name="Eyes Open" library="EyesLibrary">
<tag>Check flow</tag>
<doc>Shared parameters section from `applitools.yaml` could be overwritten during `Eyes Open` call, see `Preconditions`.</doc>
<status status="PASS" starttime="20230521 18:56:56.599" endtime="20230521 18:56:58.648"/>
</kw>
<status status="PASS" starttime="20230521 18:56:53.546" endtime="20230521 18:56:58.648"/>
</kw>
<kw name="Given Im on the signup page" library="test_keywords_signup">
<kw name="Location Should Be" library="SeleniumLibrary">
<arg>https://front.serverest.dev/login</arg>
<doc>Verifies that the current URL is exactly ``url``.</doc>
<msg timestamp="20230521 18:56:58.653" level="INFO">Current location is 'https://front.serverest.dev/login'.</msg>
<status status="PASS" starttime="20230521 18:56:58.649" endtime="20230521 18:56:58.653"/>
</kw>
<kw name="Click Element" library="SeleniumLibrary">
<arg>css=a.btn.btn-link</arg>
<doc>Click the element identified by ``locator``.</doc>
<msg timestamp="20230521 18:56:58.654" level="INFO">Clicking element 'css=a.btn.btn-link'.</msg>
<status status="PASS" starttime="20230521 18:56:58.653" endtime="20230521 18:56:58.699"/>
</kw>
<status status="PASS" starttime="20230521 18:56:58.648" endtime="20230521 18:56:58.699"/>
</kw>
<kw name="When I click in signup" library="test_keywords_signup">
<kw name="Click Button" library="SeleniumLibrary">
<arg>css=.btn.btn-primary</arg>
<doc>Clicks the button identified by ``locator``.</doc>
<msg timestamp="20230521 18:56:58.701" level="INFO">Clicking button 'css=.btn.btn-primary'.</msg>
<status status="PASS" starttime="20230521 18:56:58.700" endtime="20230521 18:56:58.760"/>
</kw>
<status status="PASS" starttime="20230521 18:56:58.700" endtime="20230521 18:56:58.760"/>
</kw>
<kw name="Then required field messages should be displayed" library="test_keywords_signup">
<kw name="Wait Until Element Is Visible" library="SeleniumLibrary">
<arg>css=.alert-dismissible</arg>
<arg>timeout=10s</arg>
<doc>Waits until the element ``locator`` is visible.</doc>
<status status="PASS" starttime="20230521 18:56:58.761" endtime="20230521 18:56:59.607"/>
</kw>
<kw name="Page Should Contain" library="SeleniumLibrary">
<arg>Nome é obrigatório</arg>
<doc>Verifies that current page contains ``text``.</doc>
<msg timestamp="20230521 18:56:59.619" level="INFO">Current page contains text 'Nome é obrigatório'.</msg>
<status status="PASS" starttime="20230521 18:56:59.608" endtime="20230521 18:56:59.619"/>
</kw>
<kw name="Page Should Contain" library="SeleniumLibrary">
<arg>Email é obrigatório</arg>
<doc>Verifies that current page contains ``text``.</doc>
<msg timestamp="20230521 18:56:59.629" level="INFO">Current page contains text 'Email é obrigatório'.</msg>
<status status="PASS" starttime="20230521 18:56:59.619" endtime="20230521 18:56:59.629"/>
</kw>
<kw name="Page Should Contain" library="SeleniumLibrary">
<arg>Password é obrigatório</arg>
<doc>Verifies that current page contains ``text``.</doc>
<msg timestamp="20230521 18:56:59.640" level="INFO">Current page contains text 'Password é obrigatório'.</msg>
<status status="PASS" starttime="20230521 18:56:59.630" endtime="20230521 18:56:59.640"/>
</kw>
<status status="PASS" starttime="20230521 18:56:58.761" endtime="20230521 18:56:59.640"/>
</kw>
<kw name="Eyes Check Window" library="EyesLibrary">
<arg>Signup Page Required Alert</arg>
<arg>Fully</arg>
<tag>Allow to pass Check Settings keywords</tag>
<tag>Check flow</tag>
<doc>Check current browser window</doc>
<kw name="Fully" library="EyesLibrary">
<tag>Check Settings keyword</tag>
<doc>Returns a CheckSettings object specified fully.</doc>
<status status="PASS" starttime="20230521 18:56:59.641" endtime="20230521 18:56:59.641"/>
</kw>
<status status="PASS" starttime="20230521 18:56:59.641" endtime="20230521 18:57:02.123"/>
</kw>
<kw name="After Tests" library="test_keywords_common" type="TEARDOWN">
<kw name="Eyes Close Async" library="EyesLibrary">
<tag>Check flow</tag>
<doc>Closes a session and returns the results of the session.
If a test is running, aborts it. Otherwise, does nothing.</doc>
<status status="PASS" starttime="20230521 18:57:02.124" endtime="20230521 18:57:03.158"/>
</kw>
<kw name="Close All Browsers" library="SeleniumLibrary">
<doc>Closes all open browsers and resets the browser cache.</doc>
<status status="PASS" starttime="20230521 18:57:03.158" endtime="20230521 18:57:09.324"/>
</kw>
<status status="PASS" starttime="20230521 18:57:02.124" endtime="20230521 18:57:09.324"/>
</kw>
<tag>visual</tag>
<status status="PASS" starttime="20230521 18:56:53.546" endtime="20230521 18:57:09.325"/>
</test>
<meta name="Applitools TestResults Path">C:\Users\samue\AppData\Local\Temp\tmp5hobj6ad\EyesTestResults-de9f564d0ca447fa8875b84db5ffa5e0.json</meta>
<status status="PASS" starttime="20230521 18:56:18.525" endtime="20230521 18:57:09.326"/>
</suite>
<status status="PASS" starttime="20230521 18:56:18.522" endtime="20230521 18:57:09.328"/>
</suite>
<status status="PASS" starttime="20230521 18:56:18.502" endtime="20230521 18:57:09.329"/>
</suite>
<statistics>
<total>
<stat pass="3" fail="0" skip="0">All Tests</stat>
</total>
<tag>
<stat pass="3" fail="0" skip="0">visual</stat>
</tag>
<suite>
<stat pass="3" fail="0" skip="0" id="s1" name="Tests">Tests</stat>
<stat pass="3" fail="0" skip="0" id="s1-s1" name="Visual">Tests.Visual</stat>
<stat pass="3" fail="0" skip="0" id="s1-s1-s1" name="Test Visual Check">Tests.Visual.Test Visual Check</stat>
</suite>
</statistics>
<errors>
</errors>
</robot>
