<?xml version="1.0" encoding="UTF-8"?>
<robot generator="Robot 6.0.2 (Python 3.11.3 on win32)" generated="20230411 21:58:17.857" rpa="false" schemaversion="3">
<suite id="s1" name="Tests" source="C:\Users\samue\OneDrive\Área de Trabalho\gen-ai-robot-test\tests">
<suite id="s1-s1" name="Api" source="C:\Users\samue\OneDrive\Área de Trabalho\gen-ai-robot-test\tests\api">
<suite id="s1-s1-s1" name="Users" source="C:\Users\samue\OneDrive\Área de Trabalho\gen-ai-robot-test\tests\api\users">
<suite id="s1-s1-s1-s1" name="Test Api Users" source="C:\Users\samue\OneDrive\Área de Trabalho\gen-ai-robot-test\tests\api\users\test_api_users.robot">
<test id="s1-s1-s1-s1-t1" name="Scenario: Get all registered users" line="9">
<kw name="Before Tests" library="test_keywords_common" type="SETUP">
<kw name="Create Session" library="RequestsLibrary">
<arg>serverest</arg>
<arg>${SERVER_BASE_URL}</arg>
<arg>disable_warnings=True</arg>
<doc>Create Session: create a HTTP session to a server</doc>
<msg timestamp="20230411 21:58:18.416" level="INFO">Creating Session using : alias=serverest, url=https://serverest.dev, headers={},                     cookies={}, auth=None, timeout=None, proxies=None, verify=False,                     debug=0 </msg>
<status status="PASS" starttime="20230411 21:58:18.415" endtime="20230411 21:58:18.416"/>
</kw>
<status status="PASS" starttime="20230411 21:58:18.415" endtime="20230411 21:58:18.416"/>
</kw>
<kw name="When I request the list of all registered users" library="test_keywords_users">
<kw name="GET On Session" library="RequestsLibrary">
<var>${response}</var>
<arg>serverest</arg>
<arg>${USERS_API_ENDPOINT}</arg>
<doc>Sends a GET request on a previously created HTTP Session.</doc>
<msg timestamp="20230411 21:58:19.088" level="INFO">GET Request : url=https://serverest.dev/usuarios 
 path_url=/usuarios 
 headers={'User-Agent': 'python-requests/2.28.2', 'Accept-Encoding': 'gzip, deflate', 'Accept': '*/*', 'Connection': 'keep-alive'} 
 body=None 
 </msg>
<msg timestamp="20230411 21:58:19.088" level="INFO">GET Response : url=https://serverest.dev/usuarios 
 status=200, reason=OK 
 headers={'access-control-allow-origin': '*', 'x-dns-prefetch-control': 'off', 'x-frame-options': 'SAMEORIGIN', 'strict-transport-security': 'max-age=15552000; includeSubDomains', 'x-download-options': 'noopen', 'x-content-type-options': 'nosniff', 'x-xss-protection': '1; mode=block', 'x-moesif-transaction-id': '4a525db5-e1e6-45e1-a5eb-599ca6e00619', 'content-type': 'application/json; charset=utf-8', 'X-Cloud-Trace-Context': 'f487c8d4b335b5a032d364e6794a722f;o=1', 'Date': 'Wed, 12 Apr 2023 00:58:16 GMT', 'Server': 'Google Frontend', 'Content-Length': '105768'} 
 body={
    "quantidade": 493,
    "usuarios": [
        {
            "nome": "Fulano da Silva",
            "email": "bjdl@emailteste.com",
            "password": "1234",
            "administrador": "true",
            "_id": "0PpromcJDODpPvlN"
        },
        {
            "nome": "Fulano da Silva",
            "email": "hrcr@emailteste.com",
            "password": "1234",
            "administrador": "true",
            "_id": "0Udg679QVidT6GND"
        },
        {
            "nome": "Fulano da Silva",
            "email": "fulano@qa.com",
            "password": "teste",
            "administrador": "true",
            "_id": "0uxuPY0cbmQhpEz1"
        },
        {
            "nome": "Fulano da Silva",
            "email": "srxp@emailteste.com",
            "password": "1234",
            "administrador": "true",
            "_id": "0vj4pKemU50eCZj9"
        },
        {
            "nome": "Anthony",
            "email": "malu.teles@gmail.com",
            "password": "xoilmhf57np",
            "administrador": "true",
            "_id": "0zkctypO30o3SJ3M"
        },
        {
            "nome": "Fulano da Silva",
            "email": "yfqi@emailteste.com",
            "password": "1234",
            "administrador": "true",
            "_id": "1BEKKowEWRSQPT7x"
        },
        {
            "nome": "Fulano da Silva",
            "email": "lwme@emailteste.com",
            "password": "1234",
            "administrador": "true",
            "_id": "1FOLkuslm9pQDHST"
        },
        {
            "nome": "Fulano da Silva",
            "email": "gqro@emailteste.com",
            "password": "1234",
            "administrador": "true",
            "_id": "1cs5QukyhF9LmOf8"
        },
        {
            "nome": "Fulano da Silva",
            "email": "lezo@emailteste.com",
            "password": "1234",
            "administrador": "true",
            "_id": "1jPvt4ELHx3AFW5b"
        },
        {
            "password": "0p7l6gk2",
            "administrador": "true",
            "nome": "Thiago",
            "email": "perola.aguiar@bol.com.br",
            "_id": "1ltEPgqzZksOxNaB"
        },
        {
            "nome": "Gov. Fernando McCullough",
            "email": "pauletta@luettgen.com",
            "password": "teste",
            "administrador": "true",
            "_id": "1m08oMoLUVBjJlgC"
        },
        {
            "nome": "ABC",
            "email": "abc@qa.com.br",
            "password": "abc",
            "administrador": "true",
            "_id": "29E0OKVwIWSwr0OO"
        },
        {
            "nome": "Fulano da Silva",
            "email": "czzp@emailteste.com",
            "password": "1234",
            "administrador": "true",
            "_id": "2BZ7gIQFg6gxNJ8F"
        },
        {
            "nome": "Fulano da Silva",
            "email": "lmwp@emailteste.com",
            "password": "1234",
            "administrador": "true",
            "_id": "2MZwHDwAEa6nfYlC"
        },
        {
            "nome": "Fulano da Silva",
            "email": "wysy@emailteste.com",
            "password": "1234",
            "administrador": "true",
            "_id": "2SE6gnrSA0yOYIMQ"
        },
        {
            "nome": "Maria Laura",
            "email": "barbara.viana@bol.com.br",
            "password": "4acgmgekrq4ge",
            "administrador": "true",
            "_id": "2YZBf3h5pfKMkAXB"
        },
        {
            "nome": "Núbia",
            "email": "rafaela.melo@live.com",
            "password": "putdousuario",
            "administrador": "true",
            "_id": "2bOMr3BCaTwZosVF"
        },
        {
            "nome": "João Miguel",
            "email": "heloisa.reis@gmail.com",
            "password": "vwoug5eovcqa",
            "administrador": "true",
            "_id": "2fp6mHoP0n2xwo2j"
        },
        {
            "nome": "Fulano da Silva",
            "email": "kswt@emailteste.com",
            "password": "1234",
            "administrador": "true",
            "_id": "2vaWEMyWflstfhMz"
        },
        {
            "nome": "Fulano da Silva",
            "email": "zxej@emailteste.com",
            "password": "1234",
            "administrador": "true",
            "_id": "31W0STMLjSpvxkdP"
        },
        {
            "nome": "Fulano da Silva",
            "email": "lktb@emailteste.com",
            "password": "1234",
            "administrador": "true",
            "_id": "3FbUODTOm4xrR1J8"
        },
        {
            "nome": "Fulano da Silva",
            "email": "wocz@emailteste.com",
            "password": "1234",
            "administrador": "true",
            "_id": "3pYMdZrkpHZPsmVm"
        },
        {
            "password": "tmsr11tn7h",
            "administrador": "true",
            "nome": "Enzo Gabriel",
            "email": "alessandro.aguiar@live.com",
            "_id": "3wQWWCU3tWRVTl3f"
        },
        {
            "nome": "Márcio",
            "email": "mariaisis.teles@bol.com.br",
            "password": "o3x0fkv0ep9kh",
            "administrador": "true",
            "_id": "499pOAIODpfzGmuD"
        },
        {
            "nome": "Fulano da Silva",
            "email": "pyeb@emailteste.com",
            "password": "1234",
            "administrador": "true",
            "_id": "4B24wtM9lc8psk5G"
        },
        {
            "nome": "Johnie Jenkins",
            "email": "an@rolfson.name",
            "password": "uKasKvTvGiU",
            "administrador": "true",
            "_id": "4H8OLul7B5cVd1zr"
        },
        {
            "nome": "Luiza",
            "email": "henrique.madeira@live.com",
            "password": "pgryz72ww94mkd",
            "administrador": "true",
            "_id": "4P32iiZvpRtgMHWR"
        },
        {
            "nome": "Benício",
            "email": "anajulia.camacho@bol.com.br",
            "password": "1lu0lt6b6t8z48",
            "administrador": "true",
            "_id": "4ZGnZfZpfGEGOLBb"
        },
        {
            "nome": "Fulano da Silva",
            "email": "zsiz@emailteste.com",
            "password": "1234",
            "administrador": "true",
            "_id": "4k4Bmxbgkc1gtpUk"
        },
        {
            "nome": "Luiz Felipe",
            "email": "luan.darocha@hotmail.com",
            "password": "epo0hpu8i",
            "administrador": "true",
            "_id": "4tbargjUQdVHGA4X"
        },
        {
            "nome": "João Lucas",
            "email": "luizfelipe.assumpcao@live.com",
            "password": "jyrs6dz0w",
            "administrador": "true",
            "_id": "567I2fEwUclPWgjs"
        },
        {
            "nome": "Antonella",
            "email": "erick.guterres@bol.com.br",
            "password": "3i99u5gxfu",
            "administrador": "true",
            "_id": "57zUg2SJksqtF5yj"
        },
        {
            "nome": "Clara",
            "email": "ian.rodrigues@gmail.com",
            "password": "wsxr6jo51",
            "administrador": "true",
            "_id": "5St8jhOwVhfQ1jC8"
        },
        {
            "nome": "Fulano da Silva",
            "email": "mbvq@emailteste.com",
            "password": "1234",
            "administrador": "true",
            "_id": "5WLUmqef4Elr8OUa"
        },
        {
            "nome": "Fulano da Silva",
            "email": "cbue@emailteste.com",
            "password": "1234",
            "administrador": "true",
            "_id": "5Xm9WGzgXgWjYIQu"
        },
        {
            "nome": "Fulano da Silva",
            "email": "sedc@emailteste.com",
            "password": "1234",
            "administrador": "true",
            "_id": "5oSCyACxxcvSbnmp"
        },
        {
            "nome": "Fulano da Silva",
            "email": "ttou@emailteste.com",
            "password": "1234",
            "administrador": "true",
            "_id": "5rxAeMzv6ehYAbAc"
        },
        {
            "nome": "Fulano da Silva",
            "email": "abba@emailteste.com",
            "password": "1234",
            "administrador": "true",
            "_id": "5wxRUqaX3OmiPHni"
        },
        {
            "password": "cqrl0abgoov6zz",
            "administrador": "true",
            "nome": "Benjamin",
            "email": "sophia.crespo@hotmail.com",
            "_id": "6G4M2UInyWiL3P76"
        },
        {
            "nome": "batata",
            "email": "rudolph@powlowski-satterfield.biz",
            "password": "teste",
            "administrador": "true",
            "_id": "6LW9EApWxw7gzR0W"
        },
        {
            "nome": "Fulano da Silva",
            "email": "wbqf@emailteste.com",
            "password": "1234",
            "administrador": "true",
            "_id": "6e4R97T6vCbmVTAO"
        },
        {
            "password": "hffpzvyo1bt",
            "administrador": "true",
            "nome": "Theo",
            "email": "daniel.lima@yahoo.com",
            "_id": "7EXt5F7ysO9HLJ36"
        },
        {
            "nome": "João Pedro",
            "email": "clara.ferraco@live.com",
            "password": "jef8ce7p",
            "administrador": "true",
            "_id": "7MHLYqxNS32mWNpV"
        },
        {
            "nome": "Fulano da Silva",
            "email": "phie@emailteste.com",
            "password": "1234",
            "administrador": "true",
            "_id": "7MYYMJYwt8peInsM"
        },
        {
            "nome": "Fulano da Silva",
            "email": "kptx@emailteste.com",
            "password": "1234",
            "administrador": "true",
            "_id": "7W2JP9Ifybo601oJ"
        },
        {
            "nome": "Fulano da Silva",
            "email": "daep@emailteste.com",
            "password": "1234",
            "administrador": "true",
            "_id": "7WQXSSnu5V3mzetu"
        },
        {
            "nome": "Isaac",
            "email": "analuiza.raia@live.com",
            "password": "13qn939zzjbk0",
            "administrador": "true",
           ... (set the log level to DEBUG or TRACE to see the full content) 
 </msg>
<msg timestamp="20230411 21:58:19.088" level="INFO">${response} = &lt;Response [200]&gt;</msg>
<status status="PASS" starttime="20230411 21:58:18.416" endtime="20230411 21:58:19.088"/>
</kw>
<kw name="Set Test Variable" library="BuiltIn">
<arg>${response}</arg>
<doc>Makes a variable available everywhere within the scope of the current test.</doc>
<msg timestamp="20230411 21:58:19.088" level="INFO">${response} = &lt;Response [200]&gt;</msg>
<status status="PASS" starttime="20230411 21:58:19.088" endtime="20230411 21:58:19.088"/>
</kw>
<status status="PASS" starttime="20230411 21:58:18.416" endtime="20230411 21:58:19.088"/>
</kw>
<kw name="Then the response status code should be 200" library="test_keywords_users" sourcename="The response status code should be ${status_code}">
<kw name="Should Be Equal As Numbers" library="BuiltIn">
<arg>${response.status_code}</arg>
<arg>${status_code}</arg>
<doc>Fails if objects are unequal after converting them to real numbers.</doc>
<msg timestamp="20230411 21:58:19.090" level="INFO">Argument types are:
&lt;class 'int'&gt;
&lt;class 'str'&gt;</msg>
<status status="PASS" starttime="20230411 21:58:19.089" endtime="20230411 21:58:19.090"/>
</kw>
<kw name="Should Be True" library="BuiltIn">
<arg>${response.json()}</arg>
<doc>Fails if the given condition is not true.</doc>
<status status="PASS" starttime="20230411 21:58:19.090" endtime="20230411 21:58:19.091"/>
</kw>
<status status="PASS" starttime="20230411 21:58:19.089" endtime="20230411 21:58:19.091"/>
</kw>
<kw name="And the response body should not be empty" library="test_keywords_users">
<kw name="Should Not Be Empty" library="BuiltIn">
<arg>${response.json()}</arg>
<doc>Verifies that the given item is not empty.</doc>
<msg timestamp="20230411 21:58:19.093" level="INFO">Length is 2</msg>
<status status="PASS" starttime="20230411 21:58:19.092" endtime="20230411 21:58:19.093"/>
</kw>
<status status="PASS" starttime="20230411 21:58:19.092" endtime="20230411 21:58:19.093"/>
</kw>
<status status="PASS" starttime="20230411 21:58:18.415" endtime="20230411 21:58:19.093"/>
</test>
<test id="s1-s1-s1-s1-t2" name="Scenario: Create a new user" line="14">
<kw name="Before Tests" library="test_keywords_common" type="SETUP">
<kw name="Create Session" library="RequestsLibrary">
<arg>serverest</arg>
<arg>${SERVER_BASE_URL}</arg>
<arg>disable_warnings=True</arg>
<doc>Create Session: create a HTTP session to a server</doc>
<msg timestamp="20230411 21:58:19.095" level="INFO">Creating Session using : alias=serverest, url=https://serverest.dev, headers={},                     cookies={}, auth=None, timeout=None, proxies=None, verify=False,                     debug=0 </msg>
<status status="PASS" starttime="20230411 21:58:19.095" endtime="20230411 21:58:19.095"/>
</kw>
<status status="PASS" starttime="20230411 21:58:19.094" endtime="20230411 21:58:19.095"/>
</kw>
<kw name="Given I have a valid user data" library="test_keywords_users">
<kw name="Name" library="FakerLibrary">
<var>${name}</var>
<doc>:example 'John Doe'</doc>
<msg timestamp="20230411 21:58:19.096" level="INFO">${name} = Andrew Gonzalez</msg>
<status status="PASS" starttime="20230411 21:58:19.095" endtime="20230411 21:58:19.096"/>
</kw>
<kw name="Email" library="FakerLibrary">
<var>${email}</var>
<msg timestamp="20230411 21:58:19.096" level="INFO">${email} = amanda88@example.org</msg>
<status status="PASS" starttime="20230411 21:58:19.096" endtime="20230411 21:58:19.096"/>
</kw>
<kw name="Password" library="FakerLibrary">
<var>${password}</var>
<doc>Generate a random password of the specified ``length``.</doc>
<msg timestamp="20230411 21:58:19.096" level="INFO">${password} = ^8Uy6DQhIn</msg>
<status status="PASS" starttime="20230411 21:58:19.096" endtime="20230411 21:58:19.096"/>
</kw>
<kw name="Set Suite Variable" library="BuiltIn">
<arg>${name}</arg>
<doc>Makes a variable available everywhere within the scope of the current suite.</doc>
<msg timestamp="20230411 21:58:19.097" level="INFO">${name} = Andrew Gonzalez</msg>
<status status="PASS" starttime="20230411 21:58:19.096" endtime="20230411 21:58:19.097"/>
</kw>
<kw name="Set Suite Variable" library="BuiltIn">
<arg>${email}</arg>
<doc>Makes a variable available everywhere within the scope of the current suite.</doc>
<msg timestamp="20230411 21:58:19.097" level="INFO">${email} = amanda88@example.org</msg>
<status status="PASS" starttime="20230411 21:58:19.097" endtime="20230411 21:58:19.097"/>
</kw>
<kw name="Set Suite Variable" library="BuiltIn">
<arg>${password}</arg>
<doc>Makes a variable available everywhere within the scope of the current suite.</doc>
<msg timestamp="20230411 21:58:19.097" level="INFO">${password} = ^8Uy6DQhIn</msg>
<status status="PASS" starttime="20230411 21:58:19.097" endtime="20230411 21:58:19.097"/>
</kw>
<status status="PASS" starttime="20230411 21:58:19.095" endtime="20230411 21:58:19.097"/>
</kw>
<kw name="When I create the user" library="test_keywords_users">
<kw name="Create Dictionary" library="BuiltIn">
<var>${payload}</var>
<arg>nome=${name}</arg>
<arg>email=${email}</arg>
<arg>password=${password}</arg>
<arg>administrador=false</arg>
<doc>Creates and returns a dictionary based on the given ``items``.</doc>
<msg timestamp="20230411 21:58:19.098" level="INFO">${payload} = {'nome': 'Andrew Gonzalez', 'email': 'amanda88@example.org', 'password': '^8Uy6DQhIn', 'administrador': 'false'}</msg>
<status status="PASS" starttime="20230411 21:58:19.098" endtime="20230411 21:58:19.098"/>
</kw>
<kw name="Create Dictionary" library="BuiltIn">
<var>${headers}</var>
<arg>Content-Type=application/json</arg>
<doc>Creates and returns a dictionary based on the given ``items``.</doc>
<msg timestamp="20230411 21:58:19.099" level="INFO">${headers} = {'Content-Type': 'application/json'}</msg>
<status status="PASS" starttime="20230411 21:58:19.098" endtime="20230411 21:58:19.099"/>
</kw>
<kw name="POST On Session" library="RequestsLibrary">
<var>${response}</var>
<arg>serverest</arg>
<arg>${USERS_API_ENDPOINT}</arg>
<arg>json=${payload}</arg>
<arg>headers=${headers}</arg>
<doc>Sends a POST request on a previously created HTTP Session.</doc>
<msg timestamp="20230411 21:58:19.407" level="INFO">POST Request : url=https://serverest.dev/usuarios 
 path_url=/usuarios 
 headers={'User-Agent': 'python-requests/2.28.2', 'Accept-Encoding': 'gzip, deflate', 'Accept': '*/*', 'Connection': 'keep-alive', 'Content-Type': 'application/json', 'Content-Length': '112'} 
 body=b'{"nome": "Andrew Gonzalez", "email": "amanda88@example.org", "password": "^8Uy6DQhIn", "administrador": "false"}' 
 </msg>
<msg timestamp="20230411 21:58:19.407" level="INFO">POST Response : url=https://serverest.dev/usuarios 
 status=201, reason=Created 
 headers={'access-control-allow-origin': '*', 'x-dns-prefetch-control': 'off', 'x-frame-options': 'SAMEORIGIN', 'strict-transport-security': 'max-age=15552000; includeSubDomains', 'x-download-options': 'noopen', 'x-content-type-options': 'nosniff', 'x-xss-protection': '1; mode=block', 'x-moesif-transaction-id': '5bbc1fb3-05c1-43ca-8543-fc768f4aadfa', 'content-type': 'application/json; charset=utf-8', 'X-Cloud-Trace-Context': 'f990bbd93782b8626d2a5d14e8549b85', 'Date': 'Wed, 12 Apr 2023 00:58:17 GMT', 'Server': 'Google Frontend', 'Content-Length': '82'} 
 body={
    "message": "Cadastro realizado com sucesso",
    "_id": "7n9JXfKx51RjMfAy"
} 
 </msg>
<msg timestamp="20230411 21:58:19.407" level="INFO">${response} = &lt;Response [201]&gt;</msg>
<status status="PASS" starttime="20230411 21:58:19.099" endtime="20230411 21:58:19.407"/>
</kw>
<kw name="Set Variable" library="BuiltIn">
<var>${user_id}</var>
<arg>${response.json()['_id']}</arg>
<doc>Returns the given values which can then be assigned to a variables.</doc>
<msg timestamp="20230411 21:58:19.408" level="INFO">${user_id} = 7n9JXfKx51RjMfAy</msg>
<status status="PASS" starttime="20230411 21:58:19.407" endtime="20230411 21:58:19.408"/>
</kw>
<kw name="Set Global Variable" library="BuiltIn">
<arg>${USER_ID}</arg>
<arg>${user_id}</arg>
<doc>Makes a variable available globally in all tests and suites.</doc>
<msg timestamp="20230411 21:58:19.409" level="INFO">${USER_ID} = 7n9JXfKx51RjMfAy</msg>
<status status="PASS" starttime="20230411 21:58:19.408" endtime="20230411 21:58:19.409"/>
</kw>
<kw name="Set Test Variable" library="BuiltIn">
<arg>${response}</arg>
<doc>Makes a variable available everywhere within the scope of the current test.</doc>
<msg timestamp="20230411 21:58:19.409" level="INFO">${response} = &lt;Response [201]&gt;</msg>
<status status="PASS" starttime="20230411 21:58:19.409" endtime="20230411 21:58:19.409"/>
</kw>
<status status="PASS" starttime="20230411 21:58:19.098" endtime="20230411 21:58:19.409"/>
</kw>
<kw name="Then the response status code should be 201" library="test_keywords_users" sourcename="The response status code should be ${status_code}">
<kw name="Should Be Equal As Numbers" library="BuiltIn">
<arg>${response.status_code}</arg>
<arg>${status_code}</arg>
<doc>Fails if objects are unequal after converting them to real numbers.</doc>
<msg timestamp="20230411 21:58:19.411" level="INFO">Argument types are:
&lt;class 'int'&gt;
&lt;class 'str'&gt;</msg>
<status status="PASS" starttime="20230411 21:58:19.410" endtime="20230411 21:58:19.411"/>
</kw>
<kw name="Should Be True" library="BuiltIn">
<arg>${response.json()}</arg>
<doc>Fails if the given condition is not true.</doc>
<status status="PASS" starttime="20230411 21:58:19.411" endtime="20230411 21:58:19.412"/>
</kw>
<status status="PASS" starttime="20230411 21:58:19.410" endtime="20230411 21:58:19.412"/>
</kw>
<kw name="And the response body should not be empty" library="test_keywords_users">
<kw name="Should Not Be Empty" library="BuiltIn">
<arg>${response.json()}</arg>
<doc>Verifies that the given item is not empty.</doc>
<msg timestamp="20230411 21:58:19.413" level="INFO">Length is 2</msg>
<status status="PASS" starttime="20230411 21:58:19.413" endtime="20230411 21:58:19.413"/>
</kw>
<status status="PASS" starttime="20230411 21:58:19.412" endtime="20230411 21:58:19.414"/>
</kw>
<status status="PASS" starttime="20230411 21:58:19.094" endtime="20230411 21:58:19.414"/>
</test>
<test id="s1-s1-s1-s1-t3" name="Scenario: Get a specific user informations" line="20">
<kw name="Before Tests" library="test_keywords_common" type="SETUP">
<kw name="Create Session" library="RequestsLibrary">
<arg>serverest</arg>
<arg>${SERVER_BASE_URL}</arg>
<arg>disable_warnings=True</arg>
<doc>Create Session: create a HTTP session to a server</doc>
<msg timestamp="20230411 21:58:19.417" level="INFO">Creating Session using : alias=serverest, url=https://serverest.dev, headers={},                     cookies={}, auth=None, timeout=None, proxies=None, verify=False,                     debug=0 </msg>
<status status="PASS" starttime="20230411 21:58:19.417" endtime="20230411 21:58:19.418"/>
</kw>
<status status="PASS" starttime="20230411 21:58:19.417" endtime="20230411 21:58:19.418"/>
</kw>
<kw name="When I request a specific user" library="test_keywords_users">
<kw name="GET On Session" library="RequestsLibrary">
<var>${response}</var>
<arg>serverest</arg>
<arg>${USERS_API_ENDPOINT}/${USER_ID}</arg>
<doc>Sends a GET request on a previously created HTTP Session.</doc>
<msg timestamp="20230411 21:58:19.730" level="INFO">GET Request : url=https://serverest.dev/usuarios/7n9JXfKx51RjMfAy 
 path_url=/usuarios/7n9JXfKx51RjMfAy 
 headers={'User-Agent': 'python-requests/2.28.2', 'Accept-Encoding': 'gzip, deflate', 'Accept': '*/*', 'Connection': 'keep-alive'} 
 body=None 
 </msg>
<msg timestamp="20230411 21:58:19.730" level="INFO">GET Response : url=https://serverest.dev/usuarios/7n9JXfKx51RjMfAy 
 status=200, reason=OK 
 headers={'access-control-allow-origin': '*', 'x-dns-prefetch-control': 'off', 'x-frame-options': 'SAMEORIGIN', 'strict-transport-security': 'max-age=15552000; includeSubDomains', 'x-download-options': 'noopen', 'x-content-type-options': 'nosniff', 'x-xss-protection': '1; mode=block', 'x-moesif-transaction-id': '94d5dd14-d448-4b92-9da2-6f5de6c9891e', 'content-type': 'application/json; charset=utf-8', 'X-Cloud-Trace-Context': '704398444f55b048b3c3bd2e3dbb9dc7', 'Date': 'Wed, 12 Apr 2023 00:58:17 GMT', 'Server': 'Google Frontend', 'Content-Length': '161'} 
 body={
    "nome": "Andrew Gonzalez",
    "email": "amanda88@example.org",
    "password": "^8Uy6DQhIn",
    "administrador": "false",
    "_id": "7n9JXfKx51RjMfAy"
} 
 </msg>
<msg timestamp="20230411 21:58:19.730" level="INFO">${response} = &lt;Response [200]&gt;</msg>
<status status="PASS" starttime="20230411 21:58:19.418" endtime="20230411 21:58:19.730"/>
</kw>
<kw name="Set Test Variable" library="BuiltIn">
<arg>${response}</arg>
<doc>Makes a variable available everywhere within the scope of the current test.</doc>
<msg timestamp="20230411 21:58:19.731" level="INFO">${response} = &lt;Response [200]&gt;</msg>
<status status="PASS" starttime="20230411 21:58:19.730" endtime="20230411 21:58:19.731"/>
</kw>
<status status="PASS" starttime="20230411 21:58:19.418" endtime="20230411 21:58:19.731"/>
</kw>
<kw name="Then the response status code should be 200" library="test_keywords_users" sourcename="The response status code should be ${status_code}">
<kw name="Should Be Equal As Numbers" library="BuiltIn">
<arg>${response.status_code}</arg>
<arg>${status_code}</arg>
<doc>Fails if objects are unequal after converting them to real numbers.</doc>
<msg timestamp="20230411 21:58:19.734" level="INFO">Argument types are:
&lt;class 'int'&gt;
&lt;class 'str'&gt;</msg>
<status status="PASS" starttime="20230411 21:58:19.733" endtime="20230411 21:58:19.734"/>
</kw>
<kw name="Should Be True" library="BuiltIn">
<arg>${response.json()}</arg>
<doc>Fails if the given condition is not true.</doc>
<status status="PASS" starttime="20230411 21:58:19.734" endtime="20230411 21:58:19.735"/>
</kw>
<status status="PASS" starttime="20230411 21:58:19.732" endtime="20230411 21:58:19.735"/>
</kw>
<kw name="And the response body should not be empty" library="test_keywords_users">
<kw name="Should Not Be Empty" library="BuiltIn">
<arg>${response.json()}</arg>
<doc>Verifies that the given item is not empty.</doc>
<msg timestamp="20230411 21:58:19.738" level="INFO">Length is 5</msg>
<status status="PASS" starttime="20230411 21:58:19.737" endtime="20230411 21:58:19.738"/>
</kw>
<status status="PASS" starttime="20230411 21:58:19.736" endtime="20230411 21:58:19.738"/>
</kw>
<status status="PASS" starttime="20230411 21:58:19.416" endtime="20230411 21:58:19.739"/>
</test>
<test id="s1-s1-s1-s1-t4" name="Scenario: Update the created user" line="25">
<kw name="Before Tests" library="test_keywords_common" type="SETUP">
<kw name="Create Session" library="RequestsLibrary">
<arg>serverest</arg>
<arg>${SERVER_BASE_URL}</arg>
<arg>disable_warnings=True</arg>
<doc>Create Session: create a HTTP session to a server</doc>
<msg timestamp="20230411 21:58:19.742" level="INFO">Creating Session using : alias=serverest, url=https://serverest.dev, headers={},                     cookies={}, auth=None, timeout=None, proxies=None, verify=False,                     debug=0 </msg>
<status status="PASS" starttime="20230411 21:58:19.742" endtime="20230411 21:58:19.742"/>
</kw>
<status status="PASS" starttime="20230411 21:58:19.741" endtime="20230411 21:58:19.743"/>
</kw>
<kw name="When I update the created user" library="test_keywords_users">
<kw name="Create Dictionary" library="BuiltIn">
<var>${payload}</var>
<arg>nome=John Smith</arg>
<arg>email=john.smith@example.com</arg>
<arg>password=P@ssw0rd123</arg>
<arg>administrador=false</arg>
<doc>Creates and returns a dictionary based on the given ``items``.</doc>
<msg timestamp="20230411 21:58:19.744" level="INFO">${payload} = {'nome': 'John Smith', 'email': 'john.smith@example.com', 'password': 'P@ssw0rd123', 'administrador': 'false'}</msg>
<status status="PASS" starttime="20230411 21:58:19.744" endtime="20230411 21:58:19.744"/>
</kw>
<kw name="Create Dictionary" library="BuiltIn">
<var>${headers}</var>
<arg>Content-Type=application/json</arg>
<doc>Creates and returns a dictionary based on the given ``items``.</doc>
<msg timestamp="20230411 21:58:19.745" level="INFO">${headers} = {'Content-Type': 'application/json'}</msg>
<status status="PASS" starttime="20230411 21:58:19.744" endtime="20230411 21:58:19.745"/>
</kw>
<kw name="PUT On Session" library="RequestsLibrary">
<var>${response}</var>
<arg>serverest</arg>
<arg>${USERS_API_ENDPOINT}/${USER_ID}</arg>
<arg>json=${payload}</arg>
<arg>headers=${headers}</arg>
<doc>Sends a PUT request on a previously created HTTP Session.</doc>
<msg timestamp="20230411 21:58:20.061" level="INFO">PUT Request : url=https://serverest.dev/usuarios/7n9JXfKx51RjMfAy 
 path_url=/usuarios/7n9JXfKx51RjMfAy 
 headers={'User-Agent': 'python-requests/2.28.2', 'Accept-Encoding': 'gzip, deflate', 'Accept': '*/*', 'Connection': 'keep-alive', 'Content-Type': 'application/json', 'Content-Length': '110'} 
 body=b'{"nome": "John Smith", "email": "john.smith@example.com", "password": "P@ssw0rd123", "administrador": "false"}' 
 </msg>
<msg timestamp="20230411 21:58:20.061" level="INFO">PUT Response : url=https://serverest.dev/usuarios/7n9JXfKx51RjMfAy 
 status=200, reason=OK 
 headers={'access-control-allow-origin': '*', 'x-dns-prefetch-control': 'off', 'x-frame-options': 'SAMEORIGIN', 'strict-transport-security': 'max-age=15552000; includeSubDomains', 'x-download-options': 'noopen', 'x-content-type-options': 'nosniff', 'x-xss-protection': '1; mode=block', 'x-moesif-transaction-id': 'b3d35583-1cfa-4b59-9666-6db092ccb54d', 'content-type': 'application/json; charset=utf-8', 'X-Cloud-Trace-Context': 'c6597775d16cca822f0875536789a835', 'Date': 'Wed, 12 Apr 2023 00:58:17 GMT', 'Server': 'Google Frontend', 'Content-Length': '50'} 
 body={
    "message": "Registro alterado com sucesso"
} 
 </msg>
<msg timestamp="20230411 21:58:20.061" level="INFO">${response} = &lt;Response [200]&gt;</msg>
<status status="PASS" starttime="20230411 21:58:19.745" endtime="20230411 21:58:20.061"/>
</kw>
<kw name="Set Test Variable" library="BuiltIn">
<arg>${response}</arg>
<doc>Makes a variable available everywhere within the scope of the current test.</doc>
<msg timestamp="20230411 21:58:20.062" level="INFO">${response} = &lt;Response [200]&gt;</msg>
<status status="PASS" starttime="20230411 21:58:20.061" endtime="20230411 21:58:20.062"/>
</kw>
<status status="PASS" starttime="20230411 21:58:19.743" endtime="20230411 21:58:20.062"/>
</kw>
<kw name="Then the response status code should be 200" library="test_keywords_users" sourcename="The response status code should be ${status_code}">
<kw name="Should Be Equal As Numbers" library="BuiltIn">
<arg>${response.status_code}</arg>
<arg>${status_code}</arg>
<doc>Fails if objects are unequal after converting them to real numbers.</doc>
<msg timestamp="20230411 21:58:20.063" level="INFO">Argument types are:
&lt;class 'int'&gt;
&lt;class 'str'&gt;</msg>
<status status="PASS" starttime="20230411 21:58:20.062" endtime="20230411 21:58:20.063"/>
</kw>
<kw name="Should Be True" library="BuiltIn">
<arg>${response.json()}</arg>
<doc>Fails if the given condition is not true.</doc>
<status status="PASS" starttime="20230411 21:58:20.063" endtime="20230411 21:58:20.063"/>
</kw>
<status status="PASS" starttime="20230411 21:58:20.062" endtime="20230411 21:58:20.064"/>
</kw>
<kw name="And the response body should not be empty" library="test_keywords_users">
<kw name="Should Not Be Empty" library="BuiltIn">
<arg>${response.json()}</arg>
<doc>Verifies that the given item is not empty.</doc>
<msg timestamp="20230411 21:58:20.064" level="INFO">Length is 1</msg>
<status status="PASS" starttime="20230411 21:58:20.064" endtime="20230411 21:58:20.065"/>
</kw>
<status status="PASS" starttime="20230411 21:58:20.064" endtime="20230411 21:58:20.065"/>
</kw>
<status status="PASS" starttime="20230411 21:58:19.741" endtime="20230411 21:58:20.065"/>
</test>
<test id="s1-s1-s1-s1-t5" name="Scenario: Delete the created user" line="30">
<kw name="Before Tests" library="test_keywords_common" type="SETUP">
<kw name="Create Session" library="RequestsLibrary">
<arg>serverest</arg>
<arg>${SERVER_BASE_URL}</arg>
<arg>disable_warnings=True</arg>
<doc>Create Session: create a HTTP session to a server</doc>
<msg timestamp="20230411 21:58:20.067" level="INFO">Creating Session using : alias=serverest, url=https://serverest.dev, headers={},                     cookies={}, auth=None, timeout=None, proxies=None, verify=False,                     debug=0 </msg>
<status status="PASS" starttime="20230411 21:58:20.067" endtime="20230411 21:58:20.067"/>
</kw>
<status status="PASS" starttime="20230411 21:58:20.066" endtime="20230411 21:58:20.067"/>
</kw>
<kw name="When I delete the created user" library="test_keywords_users">
<kw name="DELETE On Session" library="RequestsLibrary">
<var>${response}</var>
<arg>serverest</arg>
<arg>${USERS_API_ENDPOINT}/${USER_ID}</arg>
<doc>Sends a DELETE request on a previously created HTTP Session.</doc>
<msg timestamp="20230411 21:58:20.374" level="INFO">DELETE Request : url=https://serverest.dev/usuarios/7n9JXfKx51RjMfAy 
 path_url=/usuarios/7n9JXfKx51RjMfAy 
 headers={'User-Agent': 'python-requests/2.28.2', 'Accept-Encoding': 'gzip, deflate', 'Accept': '*/*', 'Connection': 'keep-alive', 'Content-Length': '0'} 
 body=None 
 </msg>
<msg timestamp="20230411 21:58:20.374" level="INFO">DELETE Response : url=https://serverest.dev/usuarios/7n9JXfKx51RjMfAy 
 status=200, reason=OK 
 headers={'access-control-allow-origin': '*', 'x-dns-prefetch-control': 'off', 'x-frame-options': 'SAMEORIGIN', 'strict-transport-security': 'max-age=15552000; includeSubDomains', 'x-download-options': 'noopen', 'x-content-type-options': 'nosniff', 'x-xss-protection': '1; mode=block', 'x-moesif-transaction-id': '8df8e511-fdf0-4549-8f0d-9c5412a87cad', 'content-type': 'application/json; charset=utf-8', 'X-Cloud-Trace-Context': '45a1280e6aa5187a59e560f8e92168d6', 'Date': 'Wed, 12 Apr 2023 00:58:18 GMT', 'Server': 'Google Frontend', 'Content-Length': '51'} 
 body={
    "message": "Registro excluído com sucesso"
} 
 </msg>
<msg timestamp="20230411 21:58:20.374" level="INFO">${response} = &lt;Response [200]&gt;</msg>
<status status="PASS" starttime="20230411 21:58:20.068" endtime="20230411 21:58:20.374"/>
</kw>
<kw name="Set Test Variable" library="BuiltIn">
<arg>${response}</arg>
<doc>Makes a variable available everywhere within the scope of the current test.</doc>
<msg timestamp="20230411 21:58:20.374" level="INFO">${response} = &lt;Response [200]&gt;</msg>
<status status="PASS" starttime="20230411 21:58:20.374" endtime="20230411 21:58:20.374"/>
</kw>
<status status="PASS" starttime="20230411 21:58:20.067" endtime="20230411 21:58:20.374"/>
</kw>
<kw name="Then the response status code should be 200" library="test_keywords_users" sourcename="The response status code should be ${status_code}">
<kw name="Should Be Equal As Numbers" library="BuiltIn">
<arg>${response.status_code}</arg>
<arg>${status_code}</arg>
<doc>Fails if objects are unequal after converting them to real numbers.</doc>
<msg timestamp="20230411 21:58:20.375" level="INFO">Argument types are:
&lt;class 'int'&gt;
&lt;class 'str'&gt;</msg>
<status status="PASS" starttime="20230411 21:58:20.375" endtime="20230411 21:58:20.375"/>
</kw>
<kw name="Should Be True" library="BuiltIn">
<arg>${response.json()}</arg>
<doc>Fails if the given condition is not true.</doc>
<status status="PASS" starttime="20230411 21:58:20.376" endtime="20230411 21:58:20.376"/>
</kw>
<status status="PASS" starttime="20230411 21:58:20.375" endtime="20230411 21:58:20.376"/>
</kw>
<kw name="And the response body should not be empty" library="test_keywords_users">
<kw name="Should Not Be Empty" library="BuiltIn">
<arg>${response.json()}</arg>
<doc>Verifies that the given item is not empty.</doc>
<msg timestamp="20230411 21:58:20.377" level="INFO">Length is 1</msg>
<status status="PASS" starttime="20230411 21:58:20.377" endtime="20230411 21:58:20.377"/>
</kw>
<status status="PASS" starttime="20230411 21:58:20.376" endtime="20230411 21:58:20.377"/>
</kw>
<status status="PASS" starttime="20230411 21:58:20.066" endtime="20230411 21:58:20.377"/>
</test>
<status status="PASS" starttime="20230411 21:58:17.884" endtime="20230411 21:58:20.379"/>
</suite>
<status status="PASS" starttime="20230411 21:58:17.881" endtime="20230411 21:58:20.381"/>
</suite>
<status status="PASS" starttime="20230411 21:58:17.879" endtime="20230411 21:58:20.383"/>
</suite>
<status status="PASS" starttime="20230411 21:58:17.858" endtime="20230411 21:58:20.384"/>
</suite>
<statistics>
<total>
<stat pass="5" fail="0" skip="0">All Tests</stat>
</total>
<tag>
</tag>
<suite>
<stat pass="5" fail="0" skip="0" id="s1" name="Tests">Tests</stat>
<stat pass="5" fail="0" skip="0" id="s1-s1" name="Api">Tests.Api</stat>
<stat pass="5" fail="0" skip="0" id="s1-s1-s1" name="Users">Tests.Api.Users</stat>
<stat pass="5" fail="0" skip="0" id="s1-s1-s1-s1" name="Test Api Users">Tests.Api.Users.Test Api Users</stat>
</suite>
</statistics>
<errors>
</errors>
</robot>
