<?xml version="1.0" encoding="UTF-8"?>
<robot generator="Robot 6.0.2 (Python 3.11.3 on win32)" generated="20230504 09:43:07.449" rpa="false" schemaversion="3">
<suite id="s1" name="Tests" source="C:\Users\samue\OneDrive\Área de Trabalho\gen-ai-robot-test\tests">
<suite id="s1-s1" name="Api" source="C:\Users\samue\OneDrive\Área de Trabalho\gen-ai-robot-test\tests\api">
<suite id="s1-s1-s1" name="Users" source="C:\Users\samue\OneDrive\Área de Trabalho\gen-ai-robot-test\tests\api\users">
<suite id="s1-s1-s1-s1" name="Test Api Users" source="C:\Users\samue\OneDrive\Área de Trabalho\gen-ai-robot-test\tests\api\users\test_api_users.robot">
<test id="s1-s1-s1-s1-t1" name="Scenario: Get all registered users" line="9">
<kw name="Before Tests" library="test_keywords_common" type="SETUP">
<kw name="Create Session" library="RequestsLibrary">
<arg>serverest</arg>
<arg>${SERVER_BASE_URL}</arg>
<arg>disable_warnings=True</arg>
<doc>Create Session: create a HTTP session to a server</doc>
<msg timestamp="20230504 09:43:09.229" level="INFO">Creating Session using : alias=serverest, url=https://serverest.dev, headers={},                     cookies={}, auth=None, timeout=None, proxies=None, verify=False,                     debug=0 </msg>
<status status="PASS" starttime="20230504 09:43:09.229" endtime="20230504 09:43:09.229"/>
</kw>
<status status="PASS" starttime="20230504 09:43:09.228" endtime="20230504 09:43:09.229"/>
</kw>
<kw name="When I request the list of all registered users" library="test_keywords_users">
<kw name="GET On Session" library="RequestsLibrary">
<var>${response}</var>
<arg>serverest</arg>
<arg>${USERS_API_ENDPOINT}</arg>
<doc>Sends a GET request on a previously created HTTP Session.</doc>
<msg timestamp="20230504 09:43:09.716" level="INFO">GET Request : url=https://serverest.dev/usuarios 
 path_url=/usuarios 
 headers={'User-Agent': 'python-requests/2.28.2', 'Accept-Encoding': 'gzip, deflate', 'Accept': '*/*', 'Connection': 'keep-alive'} 
 body=None 
 </msg>
<msg timestamp="20230504 09:43:09.716" level="INFO">GET Response : url=https://serverest.dev/usuarios 
 status=200, reason=OK 
 headers={'access-control-allow-origin': '*', 'x-dns-prefetch-control': 'off', 'x-frame-options': 'SAMEORIGIN', 'strict-transport-security': 'max-age=15552000; includeSubDomains', 'x-download-options': 'noopen', 'x-content-type-options': 'nosniff', 'x-xss-protection': '1; mode=block', 'x-moesif-transaction-id': 'a8d6af6d-0f60-4a32-bd3e-db48f470f650', 'content-type': 'application/json; charset=utf-8', 'X-Cloud-Trace-Context': '44de213b827c269f216c8d222321bb89;o=1', 'Date': 'Thu, 04 May 2023 12:43:08 GMT', 'Server': 'Google Frontend', 'Content-Length': '1758'} 
 body={
    "quantidade": 8,
    "usuarios": [
        {
            "nome": "Fulano da Silva",
            "email": "fulano@qa.com",
            "password": "teste",
            "administrador": "true",
            "_id": "0uxuPY0cbmQhpEz1"
        },
        {
            "nome": "Tonya Reynolds",
            "email": "tonyareynolds@test.com",
            "password": "Test;123",
            "administrador": "true",
            "_id": "5SittpLrCSg4Qz04"
        },
        {
            "nome": "Mara_Zulauf",
            "email": "Jaleel_Pouros6@hotmail.com",
            "password": "123456789",
            "administrador": "true",
            "_id": "A0ndjVwfZU7ubtag"
        },
        {
            "nome": "{{generatedName}}",
            "email": "Evans_Rice@example.com",
            "password": "teste",
            "administrador": "true",
            "_id": "H6sRySl6AKUDX0oS"
        },
        {
            "nome": "Ole D'Amore",
            "email": "Madison.Anderson@yahoo.com",
            "password": "AqRa8Bh_oPlfV9U",
            "administrador": "true",
            "_id": "KeeeOCdX6JuCEShs"
        },
        {
            "nome": "Janice Stamm",
            "email": "janicestamm@test.com",
            "password": "Test;123",
            "administrador": "true",
            "_id": "UQUNshSmF26ITaZc"
        },
        {
            "nome": "Stacy Hayes",
            "email": "stacyhayes@test.com",
            "password": "Test;123",
            "administrador": "true",
            "_id": "p3FMQUOHNLyRLXsZ"
        },
        {
            "nome": "Samska",
            "email": "samska@gmail.com",
            "password": "Qw98ed74",
            "administrador": "true",
            "_id": "wBellyhBpbg2NuTq"
        }
    ]
} 
 </msg>
<msg timestamp="20230504 09:43:09.716" level="INFO">${response} = &lt;Response [200]&gt;</msg>
<status status="PASS" starttime="20230504 09:43:09.230" endtime="20230504 09:43:09.716"/>
</kw>
<kw name="Set Test Variable" library="BuiltIn">
<arg>${response}</arg>
<doc>Makes a variable available everywhere within the scope of the current test.</doc>
<msg timestamp="20230504 09:43:09.716" level="INFO">${response} = &lt;Response [200]&gt;</msg>
<status status="PASS" starttime="20230504 09:43:09.716" endtime="20230504 09:43:09.716"/>
</kw>
<status status="PASS" starttime="20230504 09:43:09.230" endtime="20230504 09:43:09.716"/>
</kw>
<kw name="Then the response status code should be 200" library="test_keywords_users" sourcename="Then the response status code should be ${status_code}">
<kw name="Should Be Equal As Numbers" library="BuiltIn">
<arg>${response.status_code}</arg>
<arg>${status_code}</arg>
<doc>Fails if objects are unequal after converting them to real numbers.</doc>
<msg timestamp="20230504 09:43:09.727" level="INFO">Argument types are:
&lt;class 'int'&gt;
&lt;class 'str'&gt;</msg>
<status status="PASS" starttime="20230504 09:43:09.716" endtime="20230504 09:43:09.727"/>
</kw>
<kw name="Should Be True" library="BuiltIn">
<arg>${response.json()}</arg>
<doc>Fails if the given condition is not true.</doc>
<status status="PASS" starttime="20230504 09:43:09.727" endtime="20230504 09:43:09.727"/>
</kw>
<status status="PASS" starttime="20230504 09:43:09.716" endtime="20230504 09:43:09.727"/>
</kw>
<kw name="And the response body should not be empty" library="test_keywords_users">
<kw name="Should Not Be Empty" library="BuiltIn">
<arg>${response.json()}</arg>
<doc>Verifies that the given item is not empty.</doc>
<msg timestamp="20230504 09:43:09.729" level="INFO">Length is 2</msg>
<status status="PASS" starttime="20230504 09:43:09.729" endtime="20230504 09:43:09.729"/>
</kw>
<status status="PASS" starttime="20230504 09:43:09.729" endtime="20230504 09:43:09.729"/>
</kw>
<tag>api</tag>
<status status="PASS" starttime="20230504 09:43:09.228" endtime="20230504 09:43:09.730"/>
</test>
<test id="s1-s1-s1-s1-t2" name="Scenario: Create a new user" line="15">
<kw name="Before Tests" library="test_keywords_common" type="SETUP">
<kw name="Create Session" library="RequestsLibrary">
<arg>serverest</arg>
<arg>${SERVER_BASE_URL}</arg>
<arg>disable_warnings=True</arg>
<doc>Create Session: create a HTTP session to a server</doc>
<msg timestamp="20230504 09:43:09.732" level="INFO">Creating Session using : alias=serverest, url=https://serverest.dev, headers={},                     cookies={}, auth=None, timeout=None, proxies=None, verify=False,                     debug=0 </msg>
<status status="PASS" starttime="20230504 09:43:09.732" endtime="20230504 09:43:09.733"/>
</kw>
<status status="PASS" starttime="20230504 09:43:09.732" endtime="20230504 09:43:09.733"/>
</kw>
<kw name="Given I have a valid user data" library="test_keywords_users">
<kw name="Name" library="FakerLibrary">
<var>${name}</var>
<doc>:example 'John Doe'</doc>
<msg timestamp="20230504 09:43:09.734" level="INFO">${name} = Jonathan Huang</msg>
<status status="PASS" starttime="20230504 09:43:09.733" endtime="20230504 09:43:09.734"/>
</kw>
<kw name="Email" library="FakerLibrary">
<var>${email}</var>
<msg timestamp="20230504 09:43:09.734" level="INFO">${email} = mmcdonald@example.org</msg>
<status status="PASS" starttime="20230504 09:43:09.734" endtime="20230504 09:43:09.734"/>
</kw>
<kw name="Password" library="FakerLibrary">
<var>${password}</var>
<doc>Generate a random password of the specified ``length``.</doc>
<msg timestamp="20230504 09:43:09.735" level="INFO">${password} = Ys9gBkEW8(</msg>
<status status="PASS" starttime="20230504 09:43:09.734" endtime="20230504 09:43:09.735"/>
</kw>
<kw name="Set Suite Variable" library="BuiltIn">
<arg>${name}</arg>
<doc>Makes a variable available everywhere within the scope of the current suite.</doc>
<msg timestamp="20230504 09:43:09.735" level="INFO">${name} = Jonathan Huang</msg>
<status status="PASS" starttime="20230504 09:43:09.735" endtime="20230504 09:43:09.735"/>
</kw>
<kw name="Set Suite Variable" library="BuiltIn">
<arg>${email}</arg>
<doc>Makes a variable available everywhere within the scope of the current suite.</doc>
<msg timestamp="20230504 09:43:09.735" level="INFO">${email} = mmcdonald@example.org</msg>
<status status="PASS" starttime="20230504 09:43:09.735" endtime="20230504 09:43:09.735"/>
</kw>
<kw name="Set Suite Variable" library="BuiltIn">
<arg>${password}</arg>
<doc>Makes a variable available everywhere within the scope of the current suite.</doc>
<msg timestamp="20230504 09:43:09.736" level="INFO">${password} = Ys9gBkEW8(</msg>
<status status="PASS" starttime="20230504 09:43:09.735" endtime="20230504 09:43:09.736"/>
</kw>
<status status="PASS" starttime="20230504 09:43:09.733" endtime="20230504 09:43:09.736"/>
</kw>
<kw name="When I create the user" library="test_keywords_users">
<kw name="Create Dictionary" library="BuiltIn">
<var>${payload}</var>
<arg>nome=${name}</arg>
<arg>email=${email}</arg>
<arg>password=${password}</arg>
<arg>administrador=false</arg>
<doc>Creates and returns a dictionary based on the given ``items``.</doc>
<msg timestamp="20230504 09:43:09.737" level="INFO">${payload} = {'nome': 'Jonathan Huang', 'email': 'mmcdonald@example.org', 'password': 'Ys9gBkEW8(', 'administrador': 'false'}</msg>
<status status="PASS" starttime="20230504 09:43:09.737" endtime="20230504 09:43:09.737"/>
</kw>
<kw name="Create Dictionary" library="BuiltIn">
<var>${headers}</var>
<arg>Content-Type=application/json</arg>
<doc>Creates and returns a dictionary based on the given ``items``.</doc>
<msg timestamp="20230504 09:43:09.737" level="INFO">${headers} = {'Content-Type': 'application/json'}</msg>
<status status="PASS" starttime="20230504 09:43:09.737" endtime="20230504 09:43:09.737"/>
</kw>
<kw name="POST On Session" library="RequestsLibrary">
<var>${response}</var>
<arg>serverest</arg>
<arg>${USERS_API_ENDPOINT}</arg>
<arg>json=${payload}</arg>
<arg>headers=${headers}</arg>
<doc>Sends a POST request on a previously created HTTP Session.</doc>
<msg timestamp="20230504 09:43:10.038" level="INFO">POST Request : url=https://serverest.dev/usuarios 
 path_url=/usuarios 
 headers={'User-Agent': 'python-requests/2.28.2', 'Accept-Encoding': 'gzip, deflate', 'Accept': '*/*', 'Connection': 'keep-alive', 'Content-Type': 'application/json', 'Content-Length': '112'} 
 body=b'{"nome": "Jonathan Huang", "email": "mmcdonald@example.org", "password": "Ys9gBkEW8(", "administrador": "false"}' 
 </msg>
<msg timestamp="20230504 09:43:10.038" level="INFO">POST Response : url=https://serverest.dev/usuarios 
 status=201, reason=Created 
 headers={'access-control-allow-origin': '*', 'x-dns-prefetch-control': 'off', 'x-frame-options': 'SAMEORIGIN', 'strict-transport-security': 'max-age=15552000; includeSubDomains', 'x-download-options': 'noopen', 'x-content-type-options': 'nosniff', 'x-xss-protection': '1; mode=block', 'x-moesif-transaction-id': 'fb468e8c-0643-45de-8787-ff1c0d7520ed', 'content-type': 'application/json; charset=utf-8', 'X-Cloud-Trace-Context': '70ed48f9eb957bdf5c4c80cc918cf3cb', 'Date': 'Thu, 04 May 2023 12:43:09 GMT', 'Server': 'Google Frontend', 'Content-Length': '82'} 
 body={
    "message": "Cadastro realizado com sucesso",
    "_id": "dez9l5euuGpJuapc"
} 
 </msg>
<msg timestamp="20230504 09:43:10.038" level="INFO">${response} = &lt;Response [201]&gt;</msg>
<status status="PASS" starttime="20230504 09:43:09.737" endtime="20230504 09:43:10.038"/>
</kw>
<kw name="Set Variable" library="BuiltIn">
<var>${user_id}</var>
<arg>${response.json()['_id']}</arg>
<doc>Returns the given values which can then be assigned to a variables.</doc>
<msg timestamp="20230504 09:43:10.038" level="INFO">${user_id} = dez9l5euuGpJuapc</msg>
<status status="PASS" starttime="20230504 09:43:10.038" endtime="20230504 09:43:10.038"/>
</kw>
<kw name="Set Global Variable" library="BuiltIn">
<arg>${USER_ID}</arg>
<arg>${user_id}</arg>
<doc>Makes a variable available globally in all tests and suites.</doc>
<msg timestamp="20230504 09:43:10.038" level="INFO">${USER_ID} = dez9l5euuGpJuapc</msg>
<status status="PASS" starttime="20230504 09:43:10.038" endtime="20230504 09:43:10.038"/>
</kw>
<kw name="Set Test Variable" library="BuiltIn">
<arg>${response}</arg>
<doc>Makes a variable available everywhere within the scope of the current test.</doc>
<msg timestamp="20230504 09:43:10.038" level="INFO">${response} = &lt;Response [201]&gt;</msg>
<status status="PASS" starttime="20230504 09:43:10.038" endtime="20230504 09:43:10.038"/>
</kw>
<status status="PASS" starttime="20230504 09:43:09.736" endtime="20230504 09:43:10.038"/>
</kw>
<kw name="Then the response status code should be 201" library="test_keywords_users" sourcename="Then the response status code should be ${status_code}">
<kw name="Should Be Equal As Numbers" library="BuiltIn">
<arg>${response.status_code}</arg>
<arg>${status_code}</arg>
<doc>Fails if objects are unequal after converting them to real numbers.</doc>
<msg timestamp="20230504 09:43:10.043" level="INFO">Argument types are:
&lt;class 'int'&gt;
&lt;class 'str'&gt;</msg>
<status status="PASS" starttime="20230504 09:43:10.038" endtime="20230504 09:43:10.043"/>
</kw>
<kw name="Should Be True" library="BuiltIn">
<arg>${response.json()}</arg>
<doc>Fails if the given condition is not true.</doc>
<status status="PASS" starttime="20230504 09:43:10.043" endtime="20230504 09:43:10.043"/>
</kw>
<status status="PASS" starttime="20230504 09:43:10.038" endtime="20230504 09:43:10.043"/>
</kw>
<kw name="And the response body should not be empty" library="test_keywords_users">
<kw name="Should Not Be Empty" library="BuiltIn">
<arg>${response.json()}</arg>
<doc>Verifies that the given item is not empty.</doc>
<msg timestamp="20230504 09:43:10.044" level="INFO">Length is 2</msg>
<status status="PASS" starttime="20230504 09:43:10.044" endtime="20230504 09:43:10.044"/>
</kw>
<status status="PASS" starttime="20230504 09:43:10.044" endtime="20230504 09:43:10.044"/>
</kw>
<tag>api</tag>
<status status="PASS" starttime="20230504 09:43:09.731" endtime="20230504 09:43:10.045"/>
</test>
<test id="s1-s1-s1-s1-t3" name="Scenario: Get a specific user informations" line="22">
<kw name="Before Tests" library="test_keywords_common" type="SETUP">
<kw name="Create Session" library="RequestsLibrary">
<arg>serverest</arg>
<arg>${SERVER_BASE_URL}</arg>
<arg>disable_warnings=True</arg>
<doc>Create Session: create a HTTP session to a server</doc>
<msg timestamp="20230504 09:43:10.047" level="INFO">Creating Session using : alias=serverest, url=https://serverest.dev, headers={},                     cookies={}, auth=None, timeout=None, proxies=None, verify=False,                     debug=0 </msg>
<status status="PASS" starttime="20230504 09:43:10.047" endtime="20230504 09:43:10.047"/>
</kw>
<status status="PASS" starttime="20230504 09:43:10.046" endtime="20230504 09:43:10.047"/>
</kw>
<kw name="When I request the created user" library="test_keywords_users">
<kw name="GET On Session" library="RequestsLibrary">
<var>${response}</var>
<arg>serverest</arg>
<arg>${USERS_API_ENDPOINT}/${USER_ID}</arg>
<doc>Sends a GET request on a previously created HTTP Session.</doc>
<msg timestamp="20230504 09:43:10.390" level="INFO">GET Request : url=https://serverest.dev/usuarios/dez9l5euuGpJuapc 
 path_url=/usuarios/dez9l5euuGpJuapc 
 headers={'User-Agent': 'python-requests/2.28.2', 'Accept-Encoding': 'gzip, deflate', 'Accept': '*/*', 'Connection': 'keep-alive'} 
 body=None 
 </msg>
<msg timestamp="20230504 09:43:10.390" level="INFO">GET Response : url=https://serverest.dev/usuarios/dez9l5euuGpJuapc 
 status=200, reason=OK 
 headers={'access-control-allow-origin': '*', 'x-dns-prefetch-control': 'off', 'x-frame-options': 'SAMEORIGIN', 'strict-transport-security': 'max-age=15552000; includeSubDomains', 'x-download-options': 'noopen', 'x-content-type-options': 'nosniff', 'x-xss-protection': '1; mode=block', 'x-moesif-transaction-id': '612a20b0-11a2-4b74-8bdc-26b3808fe9bf', 'content-type': 'application/json; charset=utf-8', 'X-Cloud-Trace-Context': '468c349df94ba59e29fbcec2d2c046fe', 'Date': 'Thu, 04 May 2023 12:43:09 GMT', 'Server': 'Google Frontend', 'Content-Length': '161'} 
 body={
    "nome": "Jonathan Huang",
    "email": "mmcdonald@example.org",
    "password": "Ys9gBkEW8(",
    "administrador": "false",
    "_id": "dez9l5euuGpJuapc"
} 
 </msg>
<msg timestamp="20230504 09:43:10.390" level="INFO">${response} = &lt;Response [200]&gt;</msg>
<status status="PASS" starttime="20230504 09:43:10.048" endtime="20230504 09:43:10.390"/>
</kw>
<kw name="Set Test Variable" library="BuiltIn">
<arg>${response}</arg>
<doc>Makes a variable available everywhere within the scope of the current test.</doc>
<msg timestamp="20230504 09:43:10.390" level="INFO">${response} = &lt;Response [200]&gt;</msg>
<status status="PASS" starttime="20230504 09:43:10.390" endtime="20230504 09:43:10.390"/>
</kw>
<status status="PASS" starttime="20230504 09:43:10.048" endtime="20230504 09:43:10.390"/>
</kw>
<kw name="Then the response status code should be 200" library="test_keywords_users" sourcename="Then the response status code should be ${status_code}">
<kw name="Should Be Equal As Numbers" library="BuiltIn">
<arg>${response.status_code}</arg>
<arg>${status_code}</arg>
<doc>Fails if objects are unequal after converting them to real numbers.</doc>
<msg timestamp="20230504 09:43:10.404" level="INFO">Argument types are:
&lt;class 'int'&gt;
&lt;class 'str'&gt;</msg>
<status status="PASS" starttime="20230504 09:43:10.390" endtime="20230504 09:43:10.404"/>
</kw>
<kw name="Should Be True" library="BuiltIn">
<arg>${response.json()}</arg>
<doc>Fails if the given condition is not true.</doc>
<status status="PASS" starttime="20230504 09:43:10.404" endtime="20230504 09:43:10.404"/>
</kw>
<status status="PASS" starttime="20230504 09:43:10.390" endtime="20230504 09:43:10.404"/>
</kw>
<kw name="And the response body should not be empty" library="test_keywords_users">
<kw name="Should Not Be Empty" library="BuiltIn">
<arg>${response.json()}</arg>
<doc>Verifies that the given item is not empty.</doc>
<msg timestamp="20230504 09:43:10.406" level="INFO">Length is 5</msg>
<status status="PASS" starttime="20230504 09:43:10.405" endtime="20230504 09:43:10.406"/>
</kw>
<status status="PASS" starttime="20230504 09:43:10.404" endtime="20230504 09:43:10.406"/>
</kw>
<tag>api</tag>
<status status="PASS" starttime="20230504 09:43:10.046" endtime="20230504 09:43:10.406"/>
</test>
<test id="s1-s1-s1-s1-t4" name="Scenario: Update the created user" line="28">
<kw name="Before Tests" library="test_keywords_common" type="SETUP">
<kw name="Create Session" library="RequestsLibrary">
<arg>serverest</arg>
<arg>${SERVER_BASE_URL}</arg>
<arg>disable_warnings=True</arg>
<doc>Create Session: create a HTTP session to a server</doc>
<msg timestamp="20230504 09:43:10.409" level="INFO">Creating Session using : alias=serverest, url=https://serverest.dev, headers={},                     cookies={}, auth=None, timeout=None, proxies=None, verify=False,                     debug=0 </msg>
<status status="PASS" starttime="20230504 09:43:10.408" endtime="20230504 09:43:10.409"/>
</kw>
<status status="PASS" starttime="20230504 09:43:10.408" endtime="20230504 09:43:10.409"/>
</kw>
<kw name="When I update the created user" library="test_keywords_users">
<kw name="Create Dictionary" library="BuiltIn">
<var>${payload}</var>
<arg>nome=John Smith</arg>
<arg>email=john.smith@example.com</arg>
<arg>password=P@ssw0rd123</arg>
<arg>administrador=false</arg>
<doc>Creates and returns a dictionary based on the given ``items``.</doc>
<msg timestamp="20230504 09:43:10.410" level="INFO">${payload} = {'nome': 'John Smith', 'email': 'john.smith@example.com', 'password': 'P@ssw0rd123', 'administrador': 'false'}</msg>
<status status="PASS" starttime="20230504 09:43:10.410" endtime="20230504 09:43:10.410"/>
</kw>
<kw name="Create Dictionary" library="BuiltIn">
<var>${headers}</var>
<arg>Content-Type=application/json</arg>
<doc>Creates and returns a dictionary based on the given ``items``.</doc>
<msg timestamp="20230504 09:43:10.410" level="INFO">${headers} = {'Content-Type': 'application/json'}</msg>
<status status="PASS" starttime="20230504 09:43:10.410" endtime="20230504 09:43:10.410"/>
</kw>
<kw name="PUT On Session" library="RequestsLibrary">
<var>${response}</var>
<arg>serverest</arg>
<arg>${USERS_API_ENDPOINT}/${USER_ID}</arg>
<arg>json=${payload}</arg>
<arg>headers=${headers}</arg>
<doc>Sends a PUT request on a previously created HTTP Session.</doc>
<msg timestamp="20230504 09:43:10.710" level="INFO">PUT Request : url=https://serverest.dev/usuarios/dez9l5euuGpJuapc 
 path_url=/usuarios/dez9l5euuGpJuapc 
 headers={'User-Agent': 'python-requests/2.28.2', 'Accept-Encoding': 'gzip, deflate', 'Accept': '*/*', 'Connection': 'keep-alive', 'Content-Type': 'application/json', 'Content-Length': '110'} 
 body=b'{"nome": "John Smith", "email": "john.smith@example.com", "password": "P@ssw0rd123", "administrador": "false"}' 
 </msg>
<msg timestamp="20230504 09:43:10.710" level="INFO">PUT Response : url=https://serverest.dev/usuarios/dez9l5euuGpJuapc 
 status=200, reason=OK 
 headers={'access-control-allow-origin': '*', 'x-dns-prefetch-control': 'off', 'x-frame-options': 'SAMEORIGIN', 'strict-transport-security': 'max-age=15552000; includeSubDomains', 'x-download-options': 'noopen', 'x-content-type-options': 'nosniff', 'x-xss-protection': '1; mode=block', 'x-moesif-transaction-id': 'af30a210-67c6-486f-b8f7-9949addfa1f9', 'content-type': 'application/json; charset=utf-8', 'X-Cloud-Trace-Context': '1666f846e2ae0937b158b05c736ad445', 'Date': 'Thu, 04 May 2023 12:43:09 GMT', 'Server': 'Google Frontend', 'Content-Length': '50'} 
 body={
    "message": "Registro alterado com sucesso"
} 
 </msg>
<msg timestamp="20230504 09:43:10.710" level="INFO">${response} = &lt;Response [200]&gt;</msg>
<status status="PASS" starttime="20230504 09:43:10.411" endtime="20230504 09:43:10.710"/>
</kw>
<kw name="Set Test Variable" library="BuiltIn">
<arg>${response}</arg>
<doc>Makes a variable available everywhere within the scope of the current test.</doc>
<msg timestamp="20230504 09:43:10.710" level="INFO">${response} = &lt;Response [200]&gt;</msg>
<status status="PASS" starttime="20230504 09:43:10.710" endtime="20230504 09:43:10.710"/>
</kw>
<status status="PASS" starttime="20230504 09:43:10.409" endtime="20230504 09:43:10.725"/>
</kw>
<kw name="Then the response status code should be 200" library="test_keywords_users" sourcename="Then the response status code should be ${status_code}">
<kw name="Should Be Equal As Numbers" library="BuiltIn">
<arg>${response.status_code}</arg>
<arg>${status_code}</arg>
<doc>Fails if objects are unequal after converting them to real numbers.</doc>
<msg timestamp="20230504 09:43:10.727" level="INFO">Argument types are:
&lt;class 'int'&gt;
&lt;class 'str'&gt;</msg>
<status status="PASS" starttime="20230504 09:43:10.726" endtime="20230504 09:43:10.727"/>
</kw>
<kw name="Should Be True" library="BuiltIn">
<arg>${response.json()}</arg>
<doc>Fails if the given condition is not true.</doc>
<status status="PASS" starttime="20230504 09:43:10.727" endtime="20230504 09:43:10.727"/>
</kw>
<status status="PASS" starttime="20230504 09:43:10.726" endtime="20230504 09:43:10.727"/>
</kw>
<kw name="And the response body should not be empty" library="test_keywords_users">
<kw name="Should Not Be Empty" library="BuiltIn">
<arg>${response.json()}</arg>
<doc>Verifies that the given item is not empty.</doc>
<msg timestamp="20230504 09:43:10.729" level="INFO">Length is 1</msg>
<status status="PASS" starttime="20230504 09:43:10.728" endtime="20230504 09:43:10.729"/>
</kw>
<status status="PASS" starttime="20230504 09:43:10.728" endtime="20230504 09:43:10.729"/>
</kw>
<tag>api</tag>
<status status="PASS" starttime="20230504 09:43:10.408" endtime="20230504 09:43:10.729"/>
</test>
<test id="s1-s1-s1-s1-t5" name="Scenario: Delete the created user" line="34">
<kw name="Before Tests" library="test_keywords_common" type="SETUP">
<kw name="Create Session" library="RequestsLibrary">
<arg>serverest</arg>
<arg>${SERVER_BASE_URL}</arg>
<arg>disable_warnings=True</arg>
<doc>Create Session: create a HTTP session to a server</doc>
<msg timestamp="20230504 09:43:10.731" level="INFO">Creating Session using : alias=serverest, url=https://serverest.dev, headers={},                     cookies={}, auth=None, timeout=None, proxies=None, verify=False,                     debug=0 </msg>
<status status="PASS" starttime="20230504 09:43:10.731" endtime="20230504 09:43:10.731"/>
</kw>
<status status="PASS" starttime="20230504 09:43:10.731" endtime="20230504 09:43:10.732"/>
</kw>
<kw name="When I delete the created user" library="test_keywords_users">
<kw name="DELETE On Session" library="RequestsLibrary">
<var>${response}</var>
<arg>serverest</arg>
<arg>${USERS_API_ENDPOINT}/${USER_ID}</arg>
<doc>Sends a DELETE request on a previously created HTTP Session.</doc>
<msg timestamp="20230504 09:43:11.566" level="INFO">DELETE Request : url=https://serverest.dev/usuarios/dez9l5euuGpJuapc 
 path_url=/usuarios/dez9l5euuGpJuapc 
 headers={'User-Agent': 'python-requests/2.28.2', 'Accept-Encoding': 'gzip, deflate', 'Accept': '*/*', 'Connection': 'keep-alive', 'Content-Length': '0'} 
 body=None 
 </msg>
<msg timestamp="20230504 09:43:11.566" level="INFO">DELETE Response : url=https://serverest.dev/usuarios/dez9l5euuGpJuapc 
 status=200, reason=OK 
 headers={'access-control-allow-origin': '*', 'x-dns-prefetch-control': 'off', 'x-frame-options': 'SAMEORIGIN', 'strict-transport-security': 'max-age=15552000; includeSubDomains', 'x-download-options': 'noopen', 'x-content-type-options': 'nosniff', 'x-xss-protection': '1; mode=block', 'x-moesif-transaction-id': '12d16778-ad40-4e2c-8bc0-8d623c3eba6e', 'content-type': 'application/json; charset=utf-8', 'X-Cloud-Trace-Context': '7a3afa6b93987d80b8474e1882a6de7e', 'Date': 'Thu, 04 May 2023 12:43:10 GMT', 'Server': 'Google Frontend', 'Content-Length': '51'} 
 body={
    "message": "Registro excluído com sucesso"
} 
 </msg>
<msg timestamp="20230504 09:43:11.566" level="INFO">${response} = &lt;Response [200]&gt;</msg>
<status status="PASS" starttime="20230504 09:43:10.732" endtime="20230504 09:43:11.566"/>
</kw>
<kw name="Set Test Variable" library="BuiltIn">
<arg>${response}</arg>
<doc>Makes a variable available everywhere within the scope of the current test.</doc>
<msg timestamp="20230504 09:43:11.566" level="INFO">${response} = &lt;Response [200]&gt;</msg>
<status status="PASS" starttime="20230504 09:43:11.566" endtime="20230504 09:43:11.566"/>
</kw>
<status status="PASS" starttime="20230504 09:43:10.732" endtime="20230504 09:43:11.566"/>
</kw>
<kw name="Then the response status code should be 200" library="test_keywords_users" sourcename="Then the response status code should be ${status_code}">
<kw name="Should Be Equal As Numbers" library="BuiltIn">
<arg>${response.status_code}</arg>
<arg>${status_code}</arg>
<doc>Fails if objects are unequal after converting them to real numbers.</doc>
<msg timestamp="20230504 09:43:11.573" level="INFO">Argument types are:
&lt;class 'int'&gt;
&lt;class 'str'&gt;</msg>
<status status="PASS" starttime="20230504 09:43:11.566" endtime="20230504 09:43:11.573"/>
</kw>
<kw name="Should Be True" library="BuiltIn">
<arg>${response.json()}</arg>
<doc>Fails if the given condition is not true.</doc>
<status status="PASS" starttime="20230504 09:43:11.573" endtime="20230504 09:43:11.573"/>
</kw>
<status status="PASS" starttime="20230504 09:43:11.566" endtime="20230504 09:43:11.573"/>
</kw>
<kw name="And the response body should not be empty" library="test_keywords_users">
<kw name="Should Not Be Empty" library="BuiltIn">
<arg>${response.json()}</arg>
<doc>Verifies that the given item is not empty.</doc>
<msg timestamp="20230504 09:43:11.574" level="INFO">Length is 1</msg>
<status status="PASS" starttime="20230504 09:43:11.574" endtime="20230504 09:43:11.574"/>
</kw>
<status status="PASS" starttime="20230504 09:43:11.574" endtime="20230504 09:43:11.574"/>
</kw>
<tag>api</tag>
<status status="PASS" starttime="20230504 09:43:10.730" endtime="20230504 09:43:11.575"/>
</test>
<status status="PASS" starttime="20230504 09:43:07.486" endtime="20230504 09:43:11.576"/>
</suite>
<status status="PASS" starttime="20230504 09:43:07.483" endtime="20230504 09:43:11.578"/>
</suite>
<status status="PASS" starttime="20230504 09:43:07.481" endtime="20230504 09:43:11.580"/>
</suite>
<suite id="s1-s2" name="Ui" source="C:\Users\samue\OneDrive\Área de Trabalho\gen-ai-robot-test\tests\ui">
<suite id="s1-s2-s1" name="Login" source="C:\Users\samue\OneDrive\Área de Trabalho\gen-ai-robot-test\tests\ui\login">
<suite id="s1-s2-s1-s1" name="Test Ui Login" source="C:\Users\samue\OneDrive\Área de Trabalho\gen-ai-robot-test\tests\ui\login\test_ui_login.robot">
<test id="s1-s2-s1-s1-t1" name="Scenario: Log in to Sauce Demo with Standard User" line="10">
<kw name="Before Tests" library="test_keywords_common" type="SETUP">
<kw name="Open Browser" library="SeleniumLibrary">
<arg>${SERVER_BASE_URL}</arg>
<arg>${HEADLESS} ${BROWSER}</arg>
<doc>Opens a new browser instance to the optional ``url``.</doc>
<msg timestamp="20230504 09:43:11.615" level="INFO">Opening browser ' Chrome' to base url 'https://www.saucedemo.com/'.</msg>
<status status="PASS" starttime="20230504 09:43:11.614" endtime="20230504 09:43:14.485"/>
</kw>
<kw name="Maximize Browser Window" library="SeleniumLibrary">
<doc>Maximizes current browser window.</doc>
<status status="PASS" starttime="20230504 09:43:14.485" endtime="20230504 09:43:14.601"/>
</kw>
<status status="PASS" starttime="20230504 09:43:11.614" endtime="20230504 09:43:14.601"/>
</kw>
<kw name="Given Im on the main application page" library="test_keywords_login">
<kw name="Go To" library="SeleniumLibrary">
<arg>${SERVER_BASE_URL}</arg>
<doc>Navigates the current browser window to the provided ``url``.</doc>
<msg timestamp="20230504 09:43:14.602" level="INFO">Opening url 'https://www.saucedemo.com/'</msg>
<status status="PASS" starttime="20230504 09:43:14.602" endtime="20230504 09:43:14.648"/>
</kw>
<kw name="Location Should Be" library="SeleniumLibrary">
<arg>${SERVER_BASE_URL}</arg>
<doc>Verifies that the current URL is exactly ``url``.</doc>
<msg timestamp="20230504 09:43:14.654" level="INFO">Current location is 'https://www.saucedemo.com/'.</msg>
<status status="PASS" starttime="20230504 09:43:14.648" endtime="20230504 09:43:14.654"/>
</kw>
<status status="PASS" starttime="20230504 09:43:14.602" endtime="20230504 09:43:14.655"/>
</kw>
<kw name="When I log in with credentials" library="test_keywords_login">
<arg>standard_user</arg>
<arg>secret_sauce</arg>
<kw name="Input Text" library="SeleniumLibrary">
<arg>id:user-name</arg>
<arg>${username}</arg>
<doc>Types the given ``text`` into the text field identified by ``locator``.</doc>
<msg timestamp="20230504 09:43:14.656" level="INFO">Typing text 'standard_user' into text field 'id:user-name'.</msg>
<status status="PASS" starttime="20230504 09:43:14.655" endtime="20230504 09:43:14.737"/>
</kw>
<kw name="Input Text" library="SeleniumLibrary">
<arg>id:password</arg>
<arg>${password}</arg>
<doc>Types the given ``text`` into the text field identified by ``locator``.</doc>
<msg timestamp="20230504 09:43:14.738" level="INFO">Typing text 'secret_sauce' into text field 'id:password'.</msg>
<status status="PASS" starttime="20230504 09:43:14.737" endtime="20230504 09:43:14.811"/>
</kw>
<kw name="Click Button" library="SeleniumLibrary">
<arg>id:login-button</arg>
<doc>Clicks the button identified by ``locator``.</doc>
<msg timestamp="20230504 09:43:14.812" level="INFO">Clicking button 'id:login-button'.</msg>
<status status="PASS" starttime="20230504 09:43:14.811" endtime="20230504 09:43:14.883"/>
</kw>
<status status="PASS" starttime="20230504 09:43:14.655" endtime="20230504 09:43:14.883"/>
</kw>
<kw name="And the Inventory page loads" library="test_keywords_login">
<kw name="Location Should Be" library="SeleniumLibrary">
<arg>https://www.saucedemo.com/inventory.html</arg>
<doc>Verifies that the current URL is exactly ``url``.</doc>
<msg timestamp="20230504 09:43:14.888" level="INFO">Current location is 'https://www.saucedemo.com/inventory.html'.</msg>
<status status="PASS" starttime="20230504 09:43:14.884" endtime="20230504 09:43:14.888"/>
</kw>
<status status="PASS" starttime="20230504 09:43:14.883" endtime="20230504 09:43:14.888"/>
</kw>
<kw name="Then the page should contain the text &quot;Products&quot;" library="test_keywords_login" sourcename="Then the page should contain the text &quot;${expected_text}&quot;">
<kw name="Page Should Contain" library="SeleniumLibrary">
<arg>${expected_text}</arg>
<doc>Verifies that current page contains ``text``.</doc>
<msg timestamp="20230504 09:43:14.900" level="INFO">Current page contains text 'Products'.</msg>
<status status="PASS" starttime="20230504 09:43:14.888" endtime="20230504 09:43:14.900"/>
</kw>
<status status="PASS" starttime="20230504 09:43:14.888" endtime="20230504 09:43:14.900"/>
</kw>
<kw name="After Tests" library="test_keywords_common" type="TEARDOWN">
<kw name="Close Browser" library="SeleniumLibrary">
<doc>Closes the current browser.</doc>
<status status="PASS" starttime="20230504 09:43:14.900" endtime="20230504 09:43:17.034"/>
</kw>
<status status="PASS" starttime="20230504 09:43:14.900" endtime="20230504 09:43:17.035"/>
</kw>
<tag>ui</tag>
<status status="PASS" starttime="20230504 09:43:11.614" endtime="20230504 09:43:17.035"/>
</test>
<test id="s1-s2-s1-s1-t2" name="Scenario: Log in to Sauce Demo with Locked Out User" line="17">
<kw name="Before Tests" library="test_keywords_common" type="SETUP">
<kw name="Open Browser" library="SeleniumLibrary">
<arg>${SERVER_BASE_URL}</arg>
<arg>${HEADLESS} ${BROWSER}</arg>
<doc>Opens a new browser instance to the optional ``url``.</doc>
<msg timestamp="20230504 09:43:17.038" level="INFO">Opening browser ' Chrome' to base url 'https://www.saucedemo.com/'.</msg>
<status status="PASS" starttime="20230504 09:43:17.037" endtime="20230504 09:43:18.416"/>
</kw>
<kw name="Maximize Browser Window" library="SeleniumLibrary">
<doc>Maximizes current browser window.</doc>
<status status="PASS" starttime="20230504 09:43:18.416" endtime="20230504 09:43:18.543"/>
</kw>
<status status="PASS" starttime="20230504 09:43:17.037" endtime="20230504 09:43:18.543"/>
</kw>
<kw name="Given Im on the main application page" library="test_keywords_login">
<kw name="Go To" library="SeleniumLibrary">
<arg>${SERVER_BASE_URL}</arg>
<doc>Navigates the current browser window to the provided ``url``.</doc>
<msg timestamp="20230504 09:43:18.544" level="INFO">Opening url 'https://www.saucedemo.com/'</msg>
<status status="PASS" starttime="20230504 09:43:18.544" endtime="20230504 09:43:18.596"/>
</kw>
<kw name="Location Should Be" library="SeleniumLibrary">
<arg>${SERVER_BASE_URL}</arg>
<doc>Verifies that the current URL is exactly ``url``.</doc>
<msg timestamp="20230504 09:43:18.600" level="INFO">Current location is 'https://www.saucedemo.com/'.</msg>
<status status="PASS" starttime="20230504 09:43:18.596" endtime="20230504 09:43:18.600"/>
</kw>
<status status="PASS" starttime="20230504 09:43:18.544" endtime="20230504 09:43:18.600"/>
</kw>
<kw name="When I log in with credentials" library="test_keywords_login">
<arg>locked_out_user</arg>
<arg>secret_sauce</arg>
<kw name="Input Text" library="SeleniumLibrary">
<arg>id:user-name</arg>
<arg>${username}</arg>
<doc>Types the given ``text`` into the text field identified by ``locator``.</doc>
<msg timestamp="20230504 09:43:18.601" level="INFO">Typing text 'locked_out_user' into text field 'id:user-name'.</msg>
<status status="PASS" starttime="20230504 09:43:18.601" endtime="20230504 09:43:18.680"/>
</kw>
<kw name="Input Text" library="SeleniumLibrary">
<arg>id:password</arg>
<arg>${password}</arg>
<doc>Types the given ``text`` into the text field identified by ``locator``.</doc>
<msg timestamp="20230504 09:43:18.680" level="INFO">Typing text 'secret_sauce' into text field 'id:password'.</msg>
<status status="PASS" starttime="20230504 09:43:18.680" endtime="20230504 09:43:18.770"/>
</kw>
<kw name="Click Button" library="SeleniumLibrary">
<arg>id:login-button</arg>
<doc>Clicks the button identified by ``locator``.</doc>
<msg timestamp="20230504 09:43:18.771" level="INFO">Clicking button 'id:login-button'.</msg>
<status status="PASS" starttime="20230504 09:43:18.770" endtime="20230504 09:43:18.815"/>
</kw>
<status status="PASS" starttime="20230504 09:43:18.600" endtime="20230504 09:43:18.815"/>
</kw>
<kw name="Then the locked out message should be displayed" library="test_keywords_login">
<kw name="Element Should Be Visible" library="SeleniumLibrary">
<arg>class:error-message-container</arg>
<doc>Verifies that the element identified by ``locator`` is visible.</doc>
<msg timestamp="20230504 09:43:18.886" level="INFO">Element 'class:error-message-container' is displayed.</msg>
<status status="PASS" starttime="20230504 09:43:18.815" endtime="20230504 09:43:18.886"/>
</kw>
<status status="PASS" starttime="20230504 09:43:18.815" endtime="20230504 09:43:18.887"/>
</kw>
<kw name="After Tests" library="test_keywords_common" type="TEARDOWN">
<kw name="Close Browser" library="SeleniumLibrary">
<doc>Closes the current browser.</doc>
<status status="PASS" starttime="20230504 09:43:18.887" endtime="20230504 09:43:20.966"/>
</kw>
<status status="PASS" starttime="20230504 09:43:18.887" endtime="20230504 09:43:20.966"/>
</kw>
<tag>ui</tag>
<status status="PASS" starttime="20230504 09:43:17.037" endtime="20230504 09:43:20.966"/>
</test>
<test id="s1-s2-s1-s1-t3" name="Scenario: Log in to Sauce Demo with Problem User" line="23">
<kw name="Before Tests" library="test_keywords_common" type="SETUP">
<kw name="Open Browser" library="SeleniumLibrary">
<arg>${SERVER_BASE_URL}</arg>
<arg>${HEADLESS} ${BROWSER}</arg>
<doc>Opens a new browser instance to the optional ``url``.</doc>
<msg timestamp="20230504 09:43:20.969" level="INFO">Opening browser ' Chrome' to base url 'https://www.saucedemo.com/'.</msg>
<status status="PASS" starttime="20230504 09:43:20.969" endtime="20230504 09:43:22.348"/>
</kw>
<kw name="Maximize Browser Window" library="SeleniumLibrary">
<doc>Maximizes current browser window.</doc>
<status status="PASS" starttime="20230504 09:43:22.348" endtime="20230504 09:43:22.462"/>
</kw>
<status status="PASS" starttime="20230504 09:43:20.968" endtime="20230504 09:43:22.462"/>
</kw>
<kw name="Given Im on the main application page" library="test_keywords_login">
<kw name="Go To" library="SeleniumLibrary">
<arg>${SERVER_BASE_URL}</arg>
<doc>Navigates the current browser window to the provided ``url``.</doc>
<msg timestamp="20230504 09:43:22.463" level="INFO">Opening url 'https://www.saucedemo.com/'</msg>
<status status="PASS" starttime="20230504 09:43:22.463" endtime="20230504 09:43:22.512"/>
</kw>
<kw name="Location Should Be" library="SeleniumLibrary">
<arg>${SERVER_BASE_URL}</arg>
<doc>Verifies that the current URL is exactly ``url``.</doc>
<msg timestamp="20230504 09:43:22.515" level="INFO">Current location is 'https://www.saucedemo.com/'.</msg>
<status status="PASS" starttime="20230504 09:43:22.512" endtime="20230504 09:43:22.515"/>
</kw>
<status status="PASS" starttime="20230504 09:43:22.462" endtime="20230504 09:43:22.515"/>
</kw>
<kw name="When I log in with credentials" library="test_keywords_login">
<arg>problem_user</arg>
<arg>secret_sauce</arg>
<kw name="Input Text" library="SeleniumLibrary">
<arg>id:user-name</arg>
<arg>${username}</arg>
<doc>Types the given ``text`` into the text field identified by ``locator``.</doc>
<msg timestamp="20230504 09:43:22.516" level="INFO">Typing text 'problem_user' into text field 'id:user-name'.</msg>
<status status="PASS" starttime="20230504 09:43:22.516" endtime="20230504 09:43:22.600"/>
</kw>
<kw name="Input Text" library="SeleniumLibrary">
<arg>id:password</arg>
<arg>${password}</arg>
<doc>Types the given ``text`` into the text field identified by ``locator``.</doc>
<msg timestamp="20230504 09:43:22.602" level="INFO">Typing text 'secret_sauce' into text field 'id:password'.</msg>
<status status="PASS" starttime="20230504 09:43:22.601" endtime="20230504 09:43:22.664"/>
</kw>
<kw name="Click Button" library="SeleniumLibrary">
<arg>id:login-button</arg>
<doc>Clicks the button identified by ``locator``.</doc>
<msg timestamp="20230504 09:43:22.664" level="INFO">Clicking button 'id:login-button'.</msg>
<status status="PASS" starttime="20230504 09:43:22.664" endtime="20230504 09:43:22.744"/>
</kw>
<status status="PASS" starttime="20230504 09:43:22.516" endtime="20230504 09:43:22.744"/>
</kw>
<kw name="And the Inventory page loads" library="test_keywords_login">
<kw name="Location Should Be" library="SeleniumLibrary">
<arg>https://www.saucedemo.com/inventory.html</arg>
<doc>Verifies that the current URL is exactly ``url``.</doc>
<msg timestamp="20230504 09:43:22.754" level="INFO">Current location is 'https://www.saucedemo.com/inventory.html'.</msg>
<status status="PASS" starttime="20230504 09:43:22.744" endtime="20230504 09:43:22.754"/>
</kw>
<status status="PASS" starttime="20230504 09:43:22.744" endtime="20230504 09:43:22.755"/>
</kw>
<kw name="Then the page should contain the text &quot;Products&quot;" library="test_keywords_login" sourcename="Then the page should contain the text &quot;${expected_text}&quot;">
<kw name="Page Should Contain" library="SeleniumLibrary">
<arg>${expected_text}</arg>
<doc>Verifies that current page contains ``text``.</doc>
<msg timestamp="20230504 09:43:22.766" level="INFO">Current page contains text 'Products'.</msg>
<status status="PASS" starttime="20230504 09:43:22.755" endtime="20230504 09:43:22.766"/>
</kw>
<status status="PASS" starttime="20230504 09:43:22.755" endtime="20230504 09:43:22.766"/>
</kw>
<kw name="After Tests" library="test_keywords_common" type="TEARDOWN">
<kw name="Close Browser" library="SeleniumLibrary">
<doc>Closes the current browser.</doc>
<status status="PASS" starttime="20230504 09:43:22.766" endtime="20230504 09:43:24.835"/>
</kw>
<status status="PASS" starttime="20230504 09:43:22.766" endtime="20230504 09:43:24.835"/>
</kw>
<tag>ui</tag>
<status status="PASS" starttime="20230504 09:43:20.968" endtime="20230504 09:43:24.835"/>
</test>
<test id="s1-s2-s1-s1-t4" name="Scenario: Log in to Sauce Demo with Performance Glitch User" line="30">
<kw name="Before Tests" library="test_keywords_common" type="SETUP">
<kw name="Open Browser" library="SeleniumLibrary">
<arg>${SERVER_BASE_URL}</arg>
<arg>${HEADLESS} ${BROWSER}</arg>
<doc>Opens a new browser instance to the optional ``url``.</doc>
<msg timestamp="20230504 09:43:24.838" level="INFO">Opening browser ' Chrome' to base url 'https://www.saucedemo.com/'.</msg>
<status status="PASS" starttime="20230504 09:43:24.837" endtime="20230504 09:43:26.260"/>
</kw>
<kw name="Maximize Browser Window" library="SeleniumLibrary">
<doc>Maximizes current browser window.</doc>
<status status="PASS" starttime="20230504 09:43:26.260" endtime="20230504 09:43:26.381"/>
</kw>
<status status="PASS" starttime="20230504 09:43:24.837" endtime="20230504 09:43:26.381"/>
</kw>
<kw name="Given Im on the main application page" library="test_keywords_login">
<kw name="Go To" library="SeleniumLibrary">
<arg>${SERVER_BASE_URL}</arg>
<doc>Navigates the current browser window to the provided ``url``.</doc>
<msg timestamp="20230504 09:43:26.382" level="INFO">Opening url 'https://www.saucedemo.com/'</msg>
<status status="PASS" starttime="20230504 09:43:26.382" endtime="20230504 09:43:26.426"/>
</kw>
<kw name="Location Should Be" library="SeleniumLibrary">
<arg>${SERVER_BASE_URL}</arg>
<doc>Verifies that the current URL is exactly ``url``.</doc>
<msg timestamp="20230504 09:43:26.429" level="INFO">Current location is 'https://www.saucedemo.com/'.</msg>
<status status="PASS" starttime="20230504 09:43:26.426" endtime="20230504 09:43:26.429"/>
</kw>
<status status="PASS" starttime="20230504 09:43:26.382" endtime="20230504 09:43:26.429"/>
</kw>
<kw name="When I log in with credentials" library="test_keywords_login">
<arg>performance_glitch_user</arg>
<arg>secret_sauce</arg>
<kw name="Input Text" library="SeleniumLibrary">
<arg>id:user-name</arg>
<arg>${username}</arg>
<doc>Types the given ``text`` into the text field identified by ``locator``.</doc>
<msg timestamp="20230504 09:43:26.430" level="INFO">Typing text 'performance_glitch_user' into text field 'id:user-name'.</msg>
<status status="PASS" starttime="20230504 09:43:26.430" endtime="20230504 09:43:26.513"/>
</kw>
<kw name="Input Text" library="SeleniumLibrary">
<arg>id:password</arg>
<arg>${password}</arg>
<doc>Types the given ``text`` into the text field identified by ``locator``.</doc>
<msg timestamp="20230504 09:43:26.514" level="INFO">Typing text 'secret_sauce' into text field 'id:password'.</msg>
<status status="PASS" starttime="20230504 09:43:26.514" endtime="20230504 09:43:26.580"/>
</kw>
<kw name="Click Button" library="SeleniumLibrary">
<arg>id:login-button</arg>
<doc>Clicks the button identified by ``locator``.</doc>
<msg timestamp="20230504 09:43:26.580" level="INFO">Clicking button 'id:login-button'.</msg>
<status status="PASS" starttime="20230504 09:43:26.580" endtime="20230504 09:43:31.660"/>
</kw>
<status status="PASS" starttime="20230504 09:43:26.430" endtime="20230504 09:43:31.660"/>
</kw>
<kw name="And the Inventory page loads" library="test_keywords_login">
<kw name="Location Should Be" library="SeleniumLibrary">
<arg>https://www.saucedemo.com/inventory.html</arg>
<doc>Verifies that the current URL is exactly ``url``.</doc>
<msg timestamp="20230504 09:43:31.672" level="INFO">Current location is 'https://www.saucedemo.com/inventory.html'.</msg>
<status status="PASS" starttime="20230504 09:43:31.660" endtime="20230504 09:43:31.672"/>
</kw>
<status status="PASS" starttime="20230504 09:43:31.660" endtime="20230504 09:43:31.672"/>
</kw>
<kw name="Then the page should contain the text &quot;Products&quot;" library="test_keywords_login" sourcename="Then the page should contain the text &quot;${expected_text}&quot;">
<kw name="Page Should Contain" library="SeleniumLibrary">
<arg>${expected_text}</arg>
<doc>Verifies that current page contains ``text``.</doc>
<msg timestamp="20230504 09:43:31.687" level="INFO">Current page contains text 'Products'.</msg>
<status status="PASS" starttime="20230504 09:43:31.673" endtime="20230504 09:43:31.687"/>
</kw>
<status status="PASS" starttime="20230504 09:43:31.673" endtime="20230504 09:43:31.687"/>
</kw>
<kw name="After Tests" library="test_keywords_common" type="TEARDOWN">
<kw name="Close Browser" library="SeleniumLibrary">
<doc>Closes the current browser.</doc>
<status status="PASS" starttime="20230504 09:43:31.688" endtime="20230504 09:43:33.759"/>
</kw>
<status status="PASS" starttime="20230504 09:43:31.687" endtime="20230504 09:43:33.760"/>
</kw>
<tag>ui</tag>
<status status="PASS" starttime="20230504 09:43:24.837" endtime="20230504 09:43:33.761"/>
</test>
<status status="PASS" starttime="20230504 09:43:11.588" endtime="20230504 09:43:33.765"/>
</suite>
<status status="PASS" starttime="20230504 09:43:11.585" endtime="20230504 09:43:33.773"/>
</suite>
<status status="PASS" starttime="20230504 09:43:11.582" endtime="20230504 09:43:33.775"/>
</suite>
<status status="PASS" starttime="20230504 09:43:07.451" endtime="20230504 09:43:33.777"/>
</suite>
<statistics>
<total>
<stat pass="9" fail="0" skip="0">All Tests</stat>
</total>
<tag>
<stat pass="5" fail="0" skip="0">api</stat>
<stat pass="4" fail="0" skip="0">ui</stat>
</tag>
<suite>
<stat pass="9" fail="0" skip="0" id="s1" name="Tests">Tests</stat>
<stat pass="5" fail="0" skip="0" id="s1-s1" name="Api">Tests.Api</stat>
<stat pass="5" fail="0" skip="0" id="s1-s1-s1" name="Users">Tests.Api.Users</stat>
<stat pass="5" fail="0" skip="0" id="s1-s1-s1-s1" name="Test Api Users">Tests.Api.Users.Test Api Users</stat>
<stat pass="4" fail="0" skip="0" id="s1-s2" name="Ui">Tests.Ui</stat>
<stat pass="4" fail="0" skip="0" id="s1-s2-s1" name="Login">Tests.Ui.Login</stat>
<stat pass="4" fail="0" skip="0" id="s1-s2-s1-s1" name="Test Ui Login">Tests.Ui.Login.Test Ui Login</stat>
</suite>
</statistics>
<errors>
</errors>
</robot>
