<?xml version="1.0" encoding="UTF-8"?>
<robot generator="Robot 6.0.2 (Python 3.11.3 on win32)" generated="20230420 15:04:37.539" rpa="false" schemaversion="3">
<suite id="s1" name="Visual" source="C:\Users\samue\OneDrive\Área de Trabalho\gen-ai-robot-test\tests\visual">
<suite id="s1-s1" name="Test Visual Check" source="C:\Users\samue\OneDrive\Área de Trabalho\gen-ai-robot-test\tests\visual\test_visual_check.robot">
<test id="s1-s1-t1" name="Scenario: Visual check login page" line="11">
<kw name="Before Tests" library="test_keywords_common" type="SETUP">
<kw name="Open Browser" library="SeleniumLibrary">
<arg>${SERVER_BASE_URL}</arg>
<arg>${HEADLESS} ${BROWSER}</arg>
<doc>Opens a new browser instance to the optional ``url``.</doc>
<msg timestamp="20230420 15:04:41.241" level="INFO">Opening browser ' Chrome' to base url 'https://www.saucedemo.com/'.</msg>
<status status="PASS" starttime="20230420 15:04:41.241" endtime="20230420 15:04:42.638"/>
</kw>
<kw name="Maximize Browser Window" library="SeleniumLibrary">
<doc>Maximizes current browser window.</doc>
<status status="PASS" starttime="20230420 15:04:42.638" endtime="20230420 15:04:42.751"/>
</kw>
<kw name="Eyes Open" library="EyesLibrary">
<tag>Check flow</tag>
<doc>Shared parameters section from `applitools.yaml` could be overwritten during `Eyes Open` call, see `Preconditions`.</doc>
<status status="PASS" starttime="20230420 15:04:42.751" endtime="20230420 15:04:45.645"/>
</kw>
<status status="PASS" starttime="20230420 15:04:41.240" endtime="20230420 15:04:45.645"/>
</kw>
<kw name="Eyes Check Window" library="EyesLibrary">
<arg>Login Page</arg>
<arg>Fully</arg>
<tag>Allow to pass Check Settings keywords</tag>
<tag>Check flow</tag>
<doc>Check current browser window</doc>
<kw name="Fully" library="EyesLibrary">
<tag>Check Settings keyword</tag>
<doc>Returns a CheckSettings object specified fully.</doc>
<status status="PASS" starttime="20230420 15:04:45.646" endtime="20230420 15:04:45.646"/>
</kw>
<status status="PASS" starttime="20230420 15:04:45.645" endtime="20230420 15:04:48.123"/>
</kw>
<kw name="Given Im on the main application page" library="test_keywords_login">
<kw name="Go To" library="SeleniumLibrary">
<arg>${SERVER_BASE_URL}</arg>
<doc>Navigates the current browser window to the provided ``url``.</doc>
<msg timestamp="20230420 15:04:48.125" level="INFO">Opening url 'https://www.saucedemo.com/'</msg>
<status status="PASS" starttime="20230420 15:04:48.124" endtime="20230420 15:04:48.172"/>
</kw>
<kw name="Location Should Be" library="SeleniumLibrary">
<arg>${SERVER_BASE_URL}</arg>
<doc>Verifies that the current URL is exactly ``url``.</doc>
<msg timestamp="20230420 15:04:48.176" level="INFO">Current location is 'https://www.saucedemo.com/'.</msg>
<status status="PASS" starttime="20230420 15:04:48.173" endtime="20230420 15:04:48.176"/>
</kw>
<status status="PASS" starttime="20230420 15:04:48.124" endtime="20230420 15:04:48.176"/>
</kw>
<kw name="After Tests" library="test_keywords_common" type="TEARDOWN">
<kw name="Eyes Close Async" library="EyesLibrary">
<tag>Check flow</tag>
<doc>Closes a session and returns the results of the session.
If a test is running, aborts it. Otherwise, does nothing.</doc>
<status status="PASS" starttime="20230420 15:04:48.177" endtime="20230420 15:04:49.211"/>
</kw>
<kw name="Close All Browsers" library="SeleniumLibrary">
<doc>Closes all open browsers and resets the browser cache.</doc>
<status status="PASS" starttime="20230420 15:04:49.212" endtime="20230420 15:04:55.422"/>
</kw>
<status status="PASS" starttime="20230420 15:04:48.176" endtime="20230420 15:04:55.422"/>
</kw>
<status status="PASS" starttime="20230420 15:04:41.240" endtime="20230420 15:04:55.423"/>
</test>
<test id="s1-s1-t2" name="Scenario: Visual check inventory page" line="15">
<kw name="Before Tests" library="test_keywords_common" type="SETUP">
<kw name="Open Browser" library="SeleniumLibrary">
<arg>${SERVER_BASE_URL}</arg>
<arg>${HEADLESS} ${BROWSER}</arg>
<doc>Opens a new browser instance to the optional ``url``.</doc>
<msg timestamp="20230420 15:04:55.431" level="INFO">Opening browser ' Chrome' to base url 'https://www.saucedemo.com/'.</msg>
<status status="PASS" starttime="20230420 15:04:55.430" endtime="20230420 15:04:56.819"/>
</kw>
<kw name="Maximize Browser Window" library="SeleniumLibrary">
<doc>Maximizes current browser window.</doc>
<status status="PASS" starttime="20230420 15:04:56.819" endtime="20230420 15:04:56.940"/>
</kw>
<kw name="Eyes Open" library="EyesLibrary">
<tag>Check flow</tag>
<doc>Shared parameters section from `applitools.yaml` could be overwritten during `Eyes Open` call, see `Preconditions`.</doc>
<status status="PASS" starttime="20230420 15:04:56.940" endtime="20230420 15:04:58.994"/>
</kw>
<status status="PASS" starttime="20230420 15:04:55.429" endtime="20230420 15:04:58.994"/>
</kw>
<kw name="Go To" library="SeleniumLibrary">
<arg>https://open.spotify.com/</arg>
<doc>Navigates the current browser window to the provided ``url``.</doc>
<msg timestamp="20230420 15:04:58.994" level="INFO">Opening url 'https://open.spotify.com/'</msg>
<status status="PASS" starttime="20230420 15:04:58.994" endtime="20230420 15:05:00.885"/>
</kw>
<kw name="Eyes Check Window" library="EyesLibrary">
<arg>Inventory Page</arg>
<arg>Fully</arg>
<tag>Allow to pass Check Settings keywords</tag>
<tag>Check flow</tag>
<doc>Check current browser window</doc>
<kw name="Fully" library="EyesLibrary">
<tag>Check Settings keyword</tag>
<doc>Returns a CheckSettings object specified fully.</doc>
<status status="PASS" starttime="20230420 15:05:00.886" endtime="20230420 15:05:00.886"/>
</kw>
<status status="PASS" starttime="20230420 15:05:00.885" endtime="20230420 15:05:04.456"/>
</kw>
<kw name="After Tests" library="test_keywords_common" type="TEARDOWN">
<kw name="Eyes Close Async" library="EyesLibrary">
<tag>Check flow</tag>
<doc>Closes a session and returns the results of the session.
If a test is running, aborts it. Otherwise, does nothing.</doc>
<status status="PASS" starttime="20230420 15:05:04.457" endtime="20230420 15:05:05.492"/>
</kw>
<kw name="Close All Browsers" library="SeleniumLibrary">
<doc>Closes all open browsers and resets the browser cache.</doc>
<status status="PASS" starttime="20230420 15:05:05.492" endtime="20230420 15:05:11.782"/>
</kw>
<status status="PASS" starttime="20230420 15:05:04.457" endtime="20230420 15:05:11.782"/>
</kw>
<status status="PASS" starttime="20230420 15:04:55.427" endtime="20230420 15:05:11.783"/>
</test>
<meta name="Applitools TestResults Path">C:\Users\samue\AppData\Local\Temp\tmpn8tt7vql\EyesTestResults-94f0283451ab4c57a1b0546c7bf52c64.json</meta>
<status status="PASS" starttime="20230420 15:04:37.566" endtime="20230420 15:05:11.784"/>
</suite>
<status status="PASS" starttime="20230420 15:04:37.540" endtime="20230420 15:05:11.786"/>
</suite>
<statistics>
<total>
<stat pass="2" fail="0" skip="0">All Tests</stat>
</total>
<tag>
</tag>
<suite>
<stat pass="2" fail="0" skip="0" id="s1" name="Visual">Visual</stat>
<stat pass="2" fail="0" skip="0" id="s1-s1" name="Test Visual Check">Visual.Test Visual Check</stat>
</suite>
</statistics>
<errors>
</errors>
</robot>
