<?xml version="1.0" encoding="UTF-8"?>
<robot generator="Robot 6.0.2 (Python 3.11.3 on win32)" generated="20230418 12:44:24.088" rpa="false" schemaversion="3">
<suite id="s1" name="Tests" source="C:\Users\samue\OneDrive\Área de Trabalho\gen-ai-robot-test\tests">
<suite id="s1-s1" name="Api" source="C:\Users\samue\OneDrive\Área de Trabalho\gen-ai-robot-test\tests\api">
<suite id="s1-s1-s1" name="Users" source="C:\Users\samue\OneDrive\Área de Trabalho\gen-ai-robot-test\tests\api\users">
<suite id="s1-s1-s1-s1" name="Test Api Users" source="C:\Users\samue\OneDrive\Área de Trabalho\gen-ai-robot-test\tests\api\users\test_api_users.robot">
<test id="s1-s1-s1-s1-t1" name="Scenario: Get all registered users" line="9">
<kw name="Before Tests" library="test_keywords_common" type="SETUP">
<kw name="Create Session" library="RequestsLibrary">
<arg>serverest</arg>
<arg>${SERVER_BASE_URL}</arg>
<arg>disable_warnings=True</arg>
<doc>Create Session: create a HTTP session to a server</doc>
<msg timestamp="20230418 12:44:24.756" level="INFO">Creating Session using : alias=serverest, url=https://serverest.dev, headers={},                     cookies={}, auth=None, timeout=None, proxies=None, verify=False,                     debug=0 </msg>
<status status="PASS" starttime="20230418 12:44:24.756" endtime="20230418 12:44:24.756"/>
</kw>
<status status="PASS" starttime="20230418 12:44:24.756" endtime="20230418 12:44:24.756"/>
</kw>
<kw name="When I request the list of all registered users" library="test_keywords_users">
<kw name="GET On Session" library="RequestsLibrary">
<var>${response}</var>
<arg>serverest</arg>
<arg>${USERS_API_ENDPOINT}</arg>
<doc>Sends a GET request on a previously created HTTP Session.</doc>
<msg timestamp="20230418 12:44:25.102" level="INFO">GET Request : url=https://serverest.dev/usuarios 
 path_url=/usuarios 
 headers={'User-Agent': 'python-requests/2.28.2', 'Accept-Encoding': 'gzip, deflate', 'Accept': '*/*', 'Connection': 'keep-alive'} 
 body=None 
 </msg>
<msg timestamp="20230418 12:44:25.103" level="INFO">GET Response : url=https://serverest.dev/usuarios 
 status=200, reason=OK 
 headers={'access-control-allow-origin': '*', 'x-dns-prefetch-control': 'off', 'x-frame-options': 'SAMEORIGIN', 'strict-transport-security': 'max-age=15552000; includeSubDomains', 'x-download-options': 'noopen', 'x-content-type-options': 'nosniff', 'x-xss-protection': '1; mode=block', 'x-moesif-transaction-id': 'd7f5b85d-f6bb-4a39-b500-df5eb653a458', 'content-type': 'application/json; charset=utf-8', 'X-Cloud-Trace-Context': 'e99d2fafcd41f1ea14ccfec1a40edaa3;o=1', 'Date': 'Tue, 18 Apr 2023 15:44:23 GMT', 'Server': 'Google Frontend', 'Content-Length': '7857'} 
 body={
    "quantidade": 36,
    "usuarios": [
        {
            "nome": "Fulano da Silva",
            "email": "fulano@qa.com",
            "password": "teste",
            "administrador": "true",
            "_id": "0uxuPY0cbmQhpEz1"
        },
        {
            "nome": "Stacia Steuber",
            "email": "sammy@tromp.com",
            "password": "teste",
            "administrador": "true",
            "_id": "3E6wMioWFNXazohm"
        },
        {
            "nome": "Burton Willms",
            "email": "dana_barrows@lesch-ernser.net",
            "password": "teste",
            "administrador": "true",
            "_id": "4jej0NIwAs4FIDjB"
        },
        {
            "nome": "Kattie Hammes",
            "email": "reyna@kuphal-morar.co",
            "password": "teste",
            "administrador": "true",
            "_id": "6GOaX9ulsHJd4QjK"
        },
        {
            "nome": "Estrella Aufderhar Esq.",
            "email": "melonie@boyle-spinka.name",
            "password": "teste",
            "administrador": "true",
            "_id": "6bFzCxeJ8vnihRY0"
        },
        {
            "nome": "Msgr. Jaquelyn Kassulke",
            "email": "ivy.paucek@walter.net",
            "password": "teste",
            "administrador": "true",
            "_id": "73fTomD9td3hL3a5"
        },
        {
            "nome": "Telma McLaughlin",
            "email": "exie@bogan-muller.net",
            "password": "teste",
            "administrador": "false",
            "_id": "9hrnX0nQQuWsOb5H"
        },
        {
            "nome": "batata",
            "email": "randy@walter-goodwin.io",
            "password": "teste",
            "administrador": "true",
            "_id": "AIKUcKAwgPtySE9z"
        },
        {
            "nome": "Myron Fadel",
            "email": "pamelia@morissette.biz",
            "password": "teste",
            "administrador": "true",
            "_id": "C3wHUQG15L2mZUvQ"
        },
        {
            "nome": "Magnus Herzog",
            "email": "Armani_Hills@gmail.com",
            "password": "oyfoY8dNcJjv_ZV",
            "administrador": "false",
            "_id": "C8WkVbbGE03u5UWR"
        },
        {
            "nome": "Dr. Eneida Schneider",
            "email": "garland@renner.net",
            "password": "teste",
            "administrador": "true",
            "_id": "CeEZpH7kv3gbLCMj"
        },
        {
            "nome": "Santo Rosenbaum",
            "email": "teddy@cole.io",
            "password": "teste",
            "administrador": "true",
            "_id": "HRKpIkJMOIaxHXpZ"
        },
        {
            "nome": "Marjolaine Wilderman",
            "email": "Vida46@hotmail.com",
            "password": "xlPuq1hZTtU4NAb",
            "administrador": "true",
            "_id": "LaOqWCs4aZGCYrhk"
        },
        {
            "nome": "Ophelia Wilderman",
            "email": "Estel_Schoen@yahoo.com",
            "password": "XhO1d9F1DD7LtTL",
            "administrador": "false",
            "_id": "MtWaaXTu497p4VnW"
        },
        {
            "nome": "Amely Howe",
            "email": "Kennedy_Hegmann@yahoo.com",
            "password": "aEJFYKdl_7J7G_H",
            "administrador": "true",
            "_id": "OxHIkwEi4mGssTH7"
        },
        {
            "nome": "Vernetta Kuvalis",
            "email": "miles_crona@schmidt.io",
            "password": "teste",
            "administrador": "true",
            "_id": "P8c8zVnZIdXuzXCk"
        },
        {
            "nome": "Zackery Kutch",
            "email": "Brennon.Aufderhar@gmail.com",
            "password": "aowmlzXy_jcBMFu",
            "administrador": "true",
            "_id": "S0tYq5W73fn3UzKZ"
        },
        {
            "nome": "Renaldo Lakin",
            "email": "isidra@weber.biz",
            "password": "teste",
            "administrador": "true",
            "_id": "UioR5i87MpizJ2zf"
        },
        {
            "nome": "Mickey Miller Ret.",
            "email": "dianna.bogisich@moore.biz",
            "password": "teste",
            "administrador": "false",
            "_id": "X2NklJgq1zXyrPlw"
        },
        {
            "nome": "Rogers Ondricka",
            "email": "Keara_Zieme47@hotmail.com",
            "password": "DT3iM0673grETQa",
            "administrador": "true",
            "_id": "XBL86VA9chfzp7uP"
        },
        {
            "nome": "Alda",
            "email": "Idell15@yahoo.com",
            "password": "ngzoZOerPmPk_Zh",
            "administrador": "true",
            "_id": "YstCwvWdwFn7CZ4a"
        },
        {
            "nome": "Korey Moen",
            "email": "Vernon_Weissnat31@yahoo.com",
            "password": "hnlLVn6iR6MsLNW",
            "administrador": "false",
            "_id": "ZTQjNdzciOfyonBp"
        },
        {
            "nome": "Wesley Hayes",
            "email": "raleigh@kulas.io",
            "password": "teste",
            "administrador": "true",
            "_id": "aeTrV9Rkbnz1ian3"
        },
        {
            "nome": "Joana Zemlak",
            "email": "Shyann.Sporer@yahoo.com",
            "password": "SkDZwBiTe3vaC4V",
            "administrador": "true",
            "_id": "aqCWJATzCa4gzQ8T"
        },
        {
            "nome": "Clarissa Kuhn",
            "email": "basil.daniel@tremblay.info",
            "password": "teste",
            "administrador": "true",
            "_id": "eWgQ5AwHUEs2c7Wg"
        },
        {
            "nome": "Annmarie Yundt",
            "email": "lesley.waelchi@little.co",
            "password": "teste",
            "administrador": "true",
            "_id": "gS8h1oQoPQsmfcBq"
        },
        {
            "nome": "Frank Ryan",
            "email": "Emely_Schmeler@hotmail.com",
            "password": "xMIgIrtCi_P_5sH",
            "administrador": "true",
            "_id": "gW5Szb3AkZNoZDPP"
        },
        {
            "nome": "Rita Wintheiser VM",
            "email": "kathryne@hoppe.name",
            "password": "teste",
            "administrador": "true",
            "_id": "k7v2MxehAEfxbMnD"
        },
        {
            "nome": "Serena Heaney",
            "email": "Mckenna42@gmail.com",
            "password": "4eMEBLBcNIBl6hf",
            "administrador": "false",
            "_id": "lEW4TYGd2Nn1VEvm"
        },
        {
            "nome": "Mohammad Willms",
            "email": "elvin@kreiger.co",
            "password": "teste",
            "administrador": "true",
            "_id": "mTaYR5o9PE286Kka"
        },
        {
            "nome": "{{generatedName}}",
            "email": "Era15@example.com",
            "password": "teste",
            "administrador": "true",
            "_id": "nqQU8B2whUyVIThG"
        },
        {
            "nome": "Ms. Isaura Russel",
            "email": "ammie@hoppe-harvey.co",
            "password": "teste",
            "administrador": "true",
            "_id": "qhx4IX6nxorTnVVz"
        },
        {
            "nome": "Marylynn Gusikowski",
            "email": "rosaura_jacobs@schaefer.co",
            "password": "teste",
            "administrador": "true",
            "_id": "sJFonVebO8omx2JX"
        },
        {
            "nome": "The Hon. Ena Pacocha",
            "email": "roy@goodwin.co",
            "password": "teste",
            "administrador": "true",
            "_id": "ug0X867MvSYhaK5d"
        },
        {
            "nome": "Emmalee Greenholt",
            "email": "Adolf95@gmail.com",
            "password": "XL3t7YD1HBFcNwD",
            "administrador": "false",
            "_id": "zfhWV9hPJ2w2OP38"
        },
        {
            "nome": "Irena Wiza",
            "email": "trang@heller.name",
            "password": "teste",
            "administrador": "false",
            "_id": "zhjMvgJxncHea1Jx"
        }
    ]
} 
 </msg>
<msg timestamp="20230418 12:44:25.104" level="INFO">${response} = &lt;Response [200]&gt;</msg>
<status status="PASS" starttime="20230418 12:44:24.757" endtime="20230418 12:44:25.104"/>
</kw>
<kw name="Set Test Variable" library="BuiltIn">
<arg>${response}</arg>
<doc>Makes a variable available everywhere within the scope of the current test.</doc>
<msg timestamp="20230418 12:44:25.106" level="INFO">${response} = &lt;Response [200]&gt;</msg>
<status status="PASS" starttime="20230418 12:44:25.105" endtime="20230418 12:44:25.106"/>
</kw>
<status status="PASS" starttime="20230418 12:44:24.757" endtime="20230418 12:44:25.106"/>
</kw>
<kw name="Then the response status code should be 200" library="test_keywords_users" sourcename="Then the response status code should be ${status_code}">
<kw name="Should Be Equal As Numbers" library="BuiltIn">
<arg>${response.status_code}</arg>
<arg>${status_code}</arg>
<doc>Fails if objects are unequal after converting them to real numbers.</doc>
<msg timestamp="20230418 12:44:25.111" level="INFO">Argument types are:
&lt;class 'int'&gt;
&lt;class 'str'&gt;</msg>
<status status="PASS" starttime="20230418 12:44:25.109" endtime="20230418 12:44:25.111"/>
</kw>
<kw name="Should Be True" library="BuiltIn">
<arg>${response.json()}</arg>
<doc>Fails if the given condition is not true.</doc>
<status status="PASS" starttime="20230418 12:44:25.112" endtime="20230418 12:44:25.114"/>
</kw>
<status status="PASS" starttime="20230418 12:44:25.108" endtime="20230418 12:44:25.114"/>
</kw>
<kw name="And the response body should not be empty" library="test_keywords_users">
<kw name="Should Not Be Empty" library="BuiltIn">
<arg>${response.json()}</arg>
<doc>Verifies that the given item is not empty.</doc>
<msg timestamp="20230418 12:44:25.117" level="INFO">Length is 2</msg>
<status status="PASS" starttime="20230418 12:44:25.116" endtime="20230418 12:44:25.117"/>
</kw>
<status status="PASS" starttime="20230418 12:44:25.115" endtime="20230418 12:44:25.117"/>
</kw>
<status status="PASS" starttime="20230418 12:44:24.755" endtime="20230418 12:44:25.117"/>
</test>
<test id="s1-s1-s1-s1-t2" name="Scenario: Create a new user" line="15">
<kw name="Before Tests" library="test_keywords_common" type="SETUP">
<kw name="Create Session" library="RequestsLibrary">
<arg>serverest</arg>
<arg>${SERVER_BASE_URL}</arg>
<arg>disable_warnings=True</arg>
<doc>Create Session: create a HTTP session to a server</doc>
<msg timestamp="20230418 12:44:25.120" level="INFO">Creating Session using : alias=serverest, url=https://serverest.dev, headers={},                     cookies={}, auth=None, timeout=None, proxies=None, verify=False,                     debug=0 </msg>
<status status="PASS" starttime="20230418 12:44:25.119" endtime="20230418 12:44:25.120"/>
</kw>
<status status="PASS" starttime="20230418 12:44:25.119" endtime="20230418 12:44:25.120"/>
</kw>
<kw name="Given I have a valid user data" library="test_keywords_users">
<kw name="Name" library="FakerLibrary">
<var>${name}</var>
<doc>:example 'John Doe'</doc>
<msg timestamp="20230418 12:44:25.121" level="INFO">${name} = Elizabeth Edwards</msg>
<status status="PASS" starttime="20230418 12:44:25.121" endtime="20230418 12:44:25.121"/>
</kw>
<kw name="Email" library="FakerLibrary">
<var>${email}</var>
<msg timestamp="20230418 12:44:25.122" level="INFO">${email} = greg43@example.net</msg>
<status status="PASS" starttime="20230418 12:44:25.121" endtime="20230418 12:44:25.122"/>
</kw>
<kw name="Password" library="FakerLibrary">
<var>${password}</var>
<doc>Generate a random password of the specified ``length``.</doc>
<msg timestamp="20230418 12:44:25.122" level="INFO">${password} = jLM_4Xmbl4</msg>
<status status="PASS" starttime="20230418 12:44:25.122" endtime="20230418 12:44:25.122"/>
</kw>
<kw name="Set Suite Variable" library="BuiltIn">
<arg>${name}</arg>
<doc>Makes a variable available everywhere within the scope of the current suite.</doc>
<msg timestamp="20230418 12:44:25.122" level="INFO">${name} = Elizabeth Edwards</msg>
<status status="PASS" starttime="20230418 12:44:25.122" endtime="20230418 12:44:25.122"/>
</kw>
<kw name="Set Suite Variable" library="BuiltIn">
<arg>${email}</arg>
<doc>Makes a variable available everywhere within the scope of the current suite.</doc>
<msg timestamp="20230418 12:44:25.123" level="INFO">${email} = greg43@example.net</msg>
<status status="PASS" starttime="20230418 12:44:25.122" endtime="20230418 12:44:25.123"/>
</kw>
<kw name="Set Suite Variable" library="BuiltIn">
<arg>${password}</arg>
<doc>Makes a variable available everywhere within the scope of the current suite.</doc>
<msg timestamp="20230418 12:44:25.123" level="INFO">${password} = jLM_4Xmbl4</msg>
<status status="PASS" starttime="20230418 12:44:25.123" endtime="20230418 12:44:25.123"/>
</kw>
<status status="PASS" starttime="20230418 12:44:25.120" endtime="20230418 12:44:25.123"/>
</kw>
<kw name="When I create the user" library="test_keywords_users">
<kw name="Create Dictionary" library="BuiltIn">
<var>${payload}</var>
<arg>nome=${name}</arg>
<arg>email=${email}</arg>
<arg>password=${password}</arg>
<arg>administrador=false</arg>
<doc>Creates and returns a dictionary based on the given ``items``.</doc>
<msg timestamp="20230418 12:44:25.123" level="INFO">${payload} = {'nome': 'Elizabeth Edwards', 'email': 'greg43@example.net', 'password': 'jLM_4Xmbl4', 'administrador': 'false'}</msg>
<status status="PASS" starttime="20230418 12:44:25.123" endtime="20230418 12:44:25.123"/>
</kw>
<kw name="Create Dictionary" library="BuiltIn">
<var>${headers}</var>
<arg>Content-Type=application/json</arg>
<doc>Creates and returns a dictionary based on the given ``items``.</doc>
<msg timestamp="20230418 12:44:25.124" level="INFO">${headers} = {'Content-Type': 'application/json'}</msg>
<status status="PASS" starttime="20230418 12:44:25.123" endtime="20230418 12:44:25.124"/>
</kw>
<kw name="POST On Session" library="RequestsLibrary">
<var>${response}</var>
<arg>serverest</arg>
<arg>${USERS_API_ENDPOINT}</arg>
<arg>json=${payload}</arg>
<arg>headers=${headers}</arg>
<doc>Sends a POST request on a previously created HTTP Session.</doc>
<msg timestamp="20230418 12:44:25.447" level="INFO">POST Request : url=https://serverest.dev/usuarios 
 path_url=/usuarios 
 headers={'User-Agent': 'python-requests/2.28.2', 'Accept-Encoding': 'gzip, deflate', 'Accept': '*/*', 'Connection': 'keep-alive', 'Content-Type': 'application/json', 'Content-Length': '112'} 
 body=b'{"nome": "Elizabeth Edwards", "email": "greg43@example.net", "password": "jLM_4Xmbl4", "administrador": "false"}' 
 </msg>
<msg timestamp="20230418 12:44:25.447" level="INFO">POST Response : url=https://serverest.dev/usuarios 
 status=201, reason=Created 
 headers={'access-control-allow-origin': '*', 'x-dns-prefetch-control': 'off', 'x-frame-options': 'SAMEORIGIN', 'strict-transport-security': 'max-age=15552000; includeSubDomains', 'x-download-options': 'noopen', 'x-content-type-options': 'nosniff', 'x-xss-protection': '1; mode=block', 'x-moesif-transaction-id': '5d7f64ce-989b-417d-a1d7-30da55d228d7', 'content-type': 'application/json; charset=utf-8', 'X-Cloud-Trace-Context': '67543bdc1557584ad417c788c71ea3db', 'Date': 'Tue, 18 Apr 2023 15:44:23 GMT', 'Server': 'Google Frontend', 'Content-Length': '82'} 
 body={
    "message": "Cadastro realizado com sucesso",
    "_id": "nd2bTLAGekGE6MKh"
} 
 </msg>
<msg timestamp="20230418 12:44:25.447" level="INFO">${response} = &lt;Response [201]&gt;</msg>
<status status="PASS" starttime="20230418 12:44:25.124" endtime="20230418 12:44:25.447"/>
</kw>
<kw name="Set Variable" library="BuiltIn">
<var>${user_id}</var>
<arg>${response.json()['_id']}</arg>
<doc>Returns the given values which can then be assigned to a variables.</doc>
<msg timestamp="20230418 12:44:25.448" level="INFO">${user_id} = nd2bTLAGekGE6MKh</msg>
<status status="PASS" starttime="20230418 12:44:25.447" endtime="20230418 12:44:25.448"/>
</kw>
<kw name="Set Global Variable" library="BuiltIn">
<arg>${USER_ID}</arg>
<arg>${user_id}</arg>
<doc>Makes a variable available globally in all tests and suites.</doc>
<msg timestamp="20230418 12:44:25.448" level="INFO">${USER_ID} = nd2bTLAGekGE6MKh</msg>
<status status="PASS" starttime="20230418 12:44:25.448" endtime="20230418 12:44:25.448"/>
</kw>
<kw name="Set Test Variable" library="BuiltIn">
<arg>${response}</arg>
<doc>Makes a variable available everywhere within the scope of the current test.</doc>
<msg timestamp="20230418 12:44:25.449" level="INFO">${response} = &lt;Response [201]&gt;</msg>
<status status="PASS" starttime="20230418 12:44:25.448" endtime="20230418 12:44:25.449"/>
</kw>
<status status="PASS" starttime="20230418 12:44:25.123" endtime="20230418 12:44:25.449"/>
</kw>
<kw name="Then the response status code should be 201" library="test_keywords_users" sourcename="Then the response status code should be ${status_code}">
<kw name="Should Be Equal As Numbers" library="BuiltIn">
<arg>${response.status_code}</arg>
<arg>${status_code}</arg>
<doc>Fails if objects are unequal after converting them to real numbers.</doc>
<msg timestamp="20230418 12:44:25.450" level="INFO">Argument types are:
&lt;class 'int'&gt;
&lt;class 'str'&gt;</msg>
<status status="PASS" starttime="20230418 12:44:25.450" endtime="20230418 12:44:25.450"/>
</kw>
<kw name="Should Be True" library="BuiltIn">
<arg>${response.json()}</arg>
<doc>Fails if the given condition is not true.</doc>
<status status="PASS" starttime="20230418 12:44:25.450" endtime="20230418 12:44:25.451"/>
</kw>
<status status="PASS" starttime="20230418 12:44:25.449" endtime="20230418 12:44:25.451"/>
</kw>
<kw name="And the response body should not be empty" library="test_keywords_users">
<kw name="Should Not Be Empty" library="BuiltIn">
<arg>${response.json()}</arg>
<doc>Verifies that the given item is not empty.</doc>
<msg timestamp="20230418 12:44:25.452" level="INFO">Length is 2</msg>
<status status="PASS" starttime="20230418 12:44:25.451" endtime="20230418 12:44:25.452"/>
</kw>
<status status="PASS" starttime="20230418 12:44:25.451" endtime="20230418 12:44:25.452"/>
</kw>
<status status="PASS" starttime="20230418 12:44:25.119" endtime="20230418 12:44:25.452"/>
</test>
<test id="s1-s1-s1-s1-t3" name="Scenario: Get a specific user informations" line="21">
<kw name="Before Tests" library="test_keywords_common" type="SETUP">
<kw name="Create Session" library="RequestsLibrary">
<arg>serverest</arg>
<arg>${SERVER_BASE_URL}</arg>
<arg>disable_warnings=True</arg>
<doc>Create Session: create a HTTP session to a server</doc>
<msg timestamp="20230418 12:44:25.454" level="INFO">Creating Session using : alias=serverest, url=https://serverest.dev, headers={},                     cookies={}, auth=None, timeout=None, proxies=None, verify=False,                     debug=0 </msg>
<status status="PASS" starttime="20230418 12:44:25.454" endtime="20230418 12:44:25.454"/>
</kw>
<status status="PASS" starttime="20230418 12:44:25.454" endtime="20230418 12:44:25.454"/>
</kw>
<kw name="When I request the created user" library="test_keywords_users">
<kw name="GET On Session" library="RequestsLibrary">
<var>${response}</var>
<arg>serverest</arg>
<arg>${USERS_API_ENDPOINT}/${USER_ID}</arg>
<doc>Sends a GET request on a previously created HTTP Session.</doc>
<msg timestamp="20230418 12:44:25.768" level="INFO">GET Request : url=https://serverest.dev/usuarios/nd2bTLAGekGE6MKh 
 path_url=/usuarios/nd2bTLAGekGE6MKh 
 headers={'User-Agent': 'python-requests/2.28.2', 'Accept-Encoding': 'gzip, deflate', 'Accept': '*/*', 'Connection': 'keep-alive'} 
 body=None 
 </msg>
<msg timestamp="20230418 12:44:25.768" level="INFO">GET Response : url=https://serverest.dev/usuarios/nd2bTLAGekGE6MKh 
 status=200, reason=OK 
 headers={'access-control-allow-origin': '*', 'x-dns-prefetch-control': 'off', 'x-frame-options': 'SAMEORIGIN', 'strict-transport-security': 'max-age=15552000; includeSubDomains', 'x-download-options': 'noopen', 'x-content-type-options': 'nosniff', 'x-xss-protection': '1; mode=block', 'x-moesif-transaction-id': '5c941aaf-2667-4570-ae08-50785860d5ec', 'content-type': 'application/json; charset=utf-8', 'X-Cloud-Trace-Context': '991a27a6f200d4ac5172d2585c19cac3', 'Date': 'Tue, 18 Apr 2023 15:44:24 GMT', 'Server': 'Google Frontend', 'Content-Length': '161'} 
 body={
    "nome": "Elizabeth Edwards",
    "email": "greg43@example.net",
    "password": "jLM_4Xmbl4",
    "administrador": "false",
    "_id": "nd2bTLAGekGE6MKh"
} 
 </msg>
<msg timestamp="20230418 12:44:25.768" level="INFO">${response} = &lt;Response [200]&gt;</msg>
<status status="PASS" starttime="20230418 12:44:25.455" endtime="20230418 12:44:25.769"/>
</kw>
<kw name="Set Test Variable" library="BuiltIn">
<arg>${response}</arg>
<doc>Makes a variable available everywhere within the scope of the current test.</doc>
<msg timestamp="20230418 12:44:25.770" level="INFO">${response} = &lt;Response [200]&gt;</msg>
<status status="PASS" starttime="20230418 12:44:25.769" endtime="20230418 12:44:25.770"/>
</kw>
<status status="PASS" starttime="20230418 12:44:25.455" endtime="20230418 12:44:25.771"/>
</kw>
<kw name="Then the response status code should be 200" library="test_keywords_users" sourcename="Then the response status code should be ${status_code}">
<kw name="Should Be Equal As Numbers" library="BuiltIn">
<arg>${response.status_code}</arg>
<arg>${status_code}</arg>
<doc>Fails if objects are unequal after converting them to real numbers.</doc>
<msg timestamp="20230418 12:44:25.775" level="INFO">Argument types are:
&lt;class 'int'&gt;
&lt;class 'str'&gt;</msg>
<status status="PASS" starttime="20230418 12:44:25.773" endtime="20230418 12:44:25.775"/>
</kw>
<kw name="Should Be True" library="BuiltIn">
<arg>${response.json()}</arg>
<doc>Fails if the given condition is not true.</doc>
<status status="PASS" starttime="20230418 12:44:25.775" endtime="20230418 12:44:25.777"/>
</kw>
<status status="PASS" starttime="20230418 12:44:25.772" endtime="20230418 12:44:25.777"/>
</kw>
<kw name="And the response body should not be empty" library="test_keywords_users">
<kw name="Should Not Be Empty" library="BuiltIn">
<arg>${response.json()}</arg>
<doc>Verifies that the given item is not empty.</doc>
<msg timestamp="20230418 12:44:25.780" level="INFO">Length is 5</msg>
<status status="PASS" starttime="20230418 12:44:25.778" endtime="20230418 12:44:25.780"/>
</kw>
<status status="PASS" starttime="20230418 12:44:25.778" endtime="20230418 12:44:25.780"/>
</kw>
<status status="PASS" starttime="20230418 12:44:25.453" endtime="20230418 12:44:25.781"/>
</test>
<test id="s1-s1-s1-s1-t4" name="Scenario: Update the created user" line="26">
<kw name="Before Tests" library="test_keywords_common" type="SETUP">
<kw name="Create Session" library="RequestsLibrary">
<arg>serverest</arg>
<arg>${SERVER_BASE_URL}</arg>
<arg>disable_warnings=True</arg>
<doc>Create Session: create a HTTP session to a server</doc>
<msg timestamp="20230418 12:44:25.783" level="INFO">Creating Session using : alias=serverest, url=https://serverest.dev, headers={},                     cookies={}, auth=None, timeout=None, proxies=None, verify=False,                     debug=0 </msg>
<status status="PASS" starttime="20230418 12:44:25.783" endtime="20230418 12:44:25.784"/>
</kw>
<status status="PASS" starttime="20230418 12:44:25.783" endtime="20230418 12:44:25.784"/>
</kw>
<kw name="When I update the created user" library="test_keywords_users">
<kw name="Create Dictionary" library="BuiltIn">
<var>${payload}</var>
<arg>nome=John Smith</arg>
<arg>email=john.smith@example.com</arg>
<arg>password=P@ssw0rd123</arg>
<arg>administrador=false</arg>
<doc>Creates and returns a dictionary based on the given ``items``.</doc>
<msg timestamp="20230418 12:44:25.784" level="INFO">${payload} = {'nome': 'John Smith', 'email': 'john.smith@example.com', 'password': 'P@ssw0rd123', 'administrador': 'false'}</msg>
<status status="PASS" starttime="20230418 12:44:25.784" endtime="20230418 12:44:25.784"/>
</kw>
<kw name="Create Dictionary" library="BuiltIn">
<var>${headers}</var>
<arg>Content-Type=application/json</arg>
<doc>Creates and returns a dictionary based on the given ``items``.</doc>
<msg timestamp="20230418 12:44:25.785" level="INFO">${headers} = {'Content-Type': 'application/json'}</msg>
<status status="PASS" starttime="20230418 12:44:25.785" endtime="20230418 12:44:25.785"/>
</kw>
<kw name="PUT On Session" library="RequestsLibrary">
<var>${response}</var>
<arg>serverest</arg>
<arg>${USERS_API_ENDPOINT}/${USER_ID}</arg>
<arg>json=${payload}</arg>
<arg>headers=${headers}</arg>
<doc>Sends a PUT request on a previously created HTTP Session.</doc>
<msg timestamp="20230418 12:44:26.109" level="INFO">PUT Request : url=https://serverest.dev/usuarios/nd2bTLAGekGE6MKh 
 path_url=/usuarios/nd2bTLAGekGE6MKh 
 headers={'User-Agent': 'python-requests/2.28.2', 'Accept-Encoding': 'gzip, deflate', 'Accept': '*/*', 'Connection': 'keep-alive', 'Content-Type': 'application/json', 'Content-Length': '110'} 
 body=b'{"nome": "John Smith", "email": "john.smith@example.com", "password": "P@ssw0rd123", "administrador": "false"}' 
 </msg>
<msg timestamp="20230418 12:44:26.110" level="INFO">PUT Response : url=https://serverest.dev/usuarios/nd2bTLAGekGE6MKh 
 status=200, reason=OK 
 headers={'access-control-allow-origin': '*', 'x-dns-prefetch-control': 'off', 'x-frame-options': 'SAMEORIGIN', 'strict-transport-security': 'max-age=15552000; includeSubDomains', 'x-download-options': 'noopen', 'x-content-type-options': 'nosniff', 'x-xss-protection': '1; mode=block', 'x-moesif-transaction-id': 'e1dc8915-707b-4299-9276-d3491fd9b94c', 'content-type': 'application/json; charset=utf-8', 'X-Cloud-Trace-Context': '2eae15062863ac8e8553e44f02900867', 'Date': 'Tue, 18 Apr 2023 15:44:24 GMT', 'Server': 'Google Frontend', 'Content-Length': '50'} 
 body={
    "message": "Registro alterado com sucesso"
} 
 </msg>
<msg timestamp="20230418 12:44:26.110" level="INFO">${response} = &lt;Response [200]&gt;</msg>
<status status="PASS" starttime="20230418 12:44:25.785" endtime="20230418 12:44:26.110"/>
</kw>
<kw name="Set Test Variable" library="BuiltIn">
<arg>${response}</arg>
<doc>Makes a variable available everywhere within the scope of the current test.</doc>
<msg timestamp="20230418 12:44:26.111" level="INFO">${response} = &lt;Response [200]&gt;</msg>
<status status="PASS" starttime="20230418 12:44:26.111" endtime="20230418 12:44:26.111"/>
</kw>
<status status="PASS" starttime="20230418 12:44:25.784" endtime="20230418 12:44:26.112"/>
</kw>
<kw name="Then the response status code should be 200" library="test_keywords_users" sourcename="Then the response status code should be ${status_code}">
<kw name="Should Be Equal As Numbers" library="BuiltIn">
<arg>${response.status_code}</arg>
<arg>${status_code}</arg>
<doc>Fails if objects are unequal after converting them to real numbers.</doc>
<msg timestamp="20230418 12:44:26.116" level="INFO">Argument types are:
&lt;class 'int'&gt;
&lt;class 'str'&gt;</msg>
<status status="PASS" starttime="20230418 12:44:26.114" endtime="20230418 12:44:26.116"/>
</kw>
<kw name="Should Be True" library="BuiltIn">
<arg>${response.json()}</arg>
<doc>Fails if the given condition is not true.</doc>
<status status="PASS" starttime="20230418 12:44:26.117" endtime="20230418 12:44:26.118"/>
</kw>
<status status="PASS" starttime="20230418 12:44:26.113" endtime="20230418 12:44:26.118"/>
</kw>
<kw name="And the response body should not be empty" library="test_keywords_users">
<kw name="Should Not Be Empty" library="BuiltIn">
<arg>${response.json()}</arg>
<doc>Verifies that the given item is not empty.</doc>
<msg timestamp="20230418 12:44:26.119" level="INFO">Length is 1</msg>
<status status="PASS" starttime="20230418 12:44:26.119" endtime="20230418 12:44:26.119"/>
</kw>
<status status="PASS" starttime="20230418 12:44:26.118" endtime="20230418 12:44:26.119"/>
</kw>
<status status="PASS" starttime="20230418 12:44:25.782" endtime="20230418 12:44:26.120"/>
</test>
<test id="s1-s1-s1-s1-t5" name="Scenario: Delete the created user" line="31">
<kw name="Before Tests" library="test_keywords_common" type="SETUP">
<kw name="Create Session" library="RequestsLibrary">
<arg>serverest</arg>
<arg>${SERVER_BASE_URL}</arg>
<arg>disable_warnings=True</arg>
<doc>Create Session: create a HTTP session to a server</doc>
<msg timestamp="20230418 12:44:26.122" level="INFO">Creating Session using : alias=serverest, url=https://serverest.dev, headers={},                     cookies={}, auth=None, timeout=None, proxies=None, verify=False,                     debug=0 </msg>
<status status="PASS" starttime="20230418 12:44:26.121" endtime="20230418 12:44:26.122"/>
</kw>
<status status="PASS" starttime="20230418 12:44:26.121" endtime="20230418 12:44:26.122"/>
</kw>
<kw name="When I delete the created user" library="test_keywords_users">
<kw name="DELETE On Session" library="RequestsLibrary">
<var>${response}</var>
<arg>serverest</arg>
<arg>${USERS_API_ENDPOINT}/${USER_ID}</arg>
<doc>Sends a DELETE request on a previously created HTTP Session.</doc>
<msg timestamp="20230418 12:44:26.436" level="INFO">DELETE Request : url=https://serverest.dev/usuarios/nd2bTLAGekGE6MKh 
 path_url=/usuarios/nd2bTLAGekGE6MKh 
 headers={'User-Agent': 'python-requests/2.28.2', 'Accept-Encoding': 'gzip, deflate', 'Accept': '*/*', 'Connection': 'keep-alive', 'Content-Length': '0'} 
 body=None 
 </msg>
<msg timestamp="20230418 12:44:26.436" level="INFO">DELETE Response : url=https://serverest.dev/usuarios/nd2bTLAGekGE6MKh 
 status=200, reason=OK 
 headers={'access-control-allow-origin': '*', 'x-dns-prefetch-control': 'off', 'x-frame-options': 'SAMEORIGIN', 'strict-transport-security': 'max-age=15552000; includeSubDomains', 'x-download-options': 'noopen', 'x-content-type-options': 'nosniff', 'x-xss-protection': '1; mode=block', 'x-moesif-transaction-id': 'b5c2959d-1ae8-4028-9392-ad8b5e4a3362', 'content-type': 'application/json; charset=utf-8', 'X-Cloud-Trace-Context': '93512ad7b78d076071a1f9a9a1498707', 'Date': 'Tue, 18 Apr 2023 15:44:24 GMT', 'Server': 'Google Frontend', 'Content-Length': '51'} 
 body={
    "message": "Registro excluído com sucesso"
} 
 </msg>
<msg timestamp="20230418 12:44:26.437" level="INFO">${response} = &lt;Response [200]&gt;</msg>
<status status="PASS" starttime="20230418 12:44:26.123" endtime="20230418 12:44:26.437"/>
</kw>
<kw name="Set Test Variable" library="BuiltIn">
<arg>${response}</arg>
<doc>Makes a variable available everywhere within the scope of the current test.</doc>
<msg timestamp="20230418 12:44:26.438" level="INFO">${response} = &lt;Response [200]&gt;</msg>
<status status="PASS" starttime="20230418 12:44:26.437" endtime="20230418 12:44:26.438"/>
</kw>
<status status="PASS" starttime="20230418 12:44:26.123" endtime="20230418 12:44:26.439"/>
</kw>
<kw name="Then the response status code should be 200" library="test_keywords_users" sourcename="Then the response status code should be ${status_code}">
<kw name="Should Be Equal As Numbers" library="BuiltIn">
<arg>${response.status_code}</arg>
<arg>${status_code}</arg>
<doc>Fails if objects are unequal after converting them to real numbers.</doc>
<msg timestamp="20230418 12:44:26.441" level="INFO">Argument types are:
&lt;class 'int'&gt;
&lt;class 'str'&gt;</msg>
<status status="PASS" starttime="20230418 12:44:26.441" endtime="20230418 12:44:26.441"/>
</kw>
<kw name="Should Be True" library="BuiltIn">
<arg>${response.json()}</arg>
<doc>Fails if the given condition is not true.</doc>
<status status="PASS" starttime="20230418 12:44:26.441" endtime="20230418 12:44:26.442"/>
</kw>
<status status="PASS" starttime="20230418 12:44:26.440" endtime="20230418 12:44:26.442"/>
</kw>
<kw name="And the response body should not be empty" library="test_keywords_users">
<kw name="Should Not Be Empty" library="BuiltIn">
<arg>${response.json()}</arg>
<doc>Verifies that the given item is not empty.</doc>
<msg timestamp="20230418 12:44:26.443" level="INFO">Length is 1</msg>
<status status="PASS" starttime="20230418 12:44:26.442" endtime="20230418 12:44:26.443"/>
</kw>
<status status="PASS" starttime="20230418 12:44:26.442" endtime="20230418 12:44:26.443"/>
</kw>
<status status="PASS" starttime="20230418 12:44:26.121" endtime="20230418 12:44:26.443"/>
</test>
<status status="PASS" starttime="20230418 12:44:24.116" endtime="20230418 12:44:26.445"/>
</suite>
<status status="PASS" starttime="20230418 12:44:24.113" endtime="20230418 12:44:26.447"/>
</suite>
<status status="PASS" starttime="20230418 12:44:24.111" endtime="20230418 12:44:26.448"/>
</suite>
<suite id="s1-s2" name="Ui" source="C:\Users\samue\OneDrive\Área de Trabalho\gen-ai-robot-test\tests\ui">
<suite id="s1-s2-s1" name="Login" source="C:\Users\samue\OneDrive\Área de Trabalho\gen-ai-robot-test\tests\ui\login">
<suite id="s1-s2-s1-s1" name="Test Ui Login" source="C:\Users\samue\OneDrive\Área de Trabalho\gen-ai-robot-test\tests\ui\login\test_ui_login.robot">
<test id="s1-s2-s1-s1-t1" name="Scenario: Log In to Sauce Demo" line="9">
<kw name="Before Tests" library="test_keywords_common" type="SETUP">
<kw name="Open Browser" library="SeleniumLibrary">
<arg>${SERVER_BASE_URL}</arg>
<arg>${BROWSER}</arg>
<doc>Opens a new browser instance to the optional ``url``.</doc>
<msg timestamp="20230418 12:44:26.465" level="INFO">Opening browser 'Chrome' to base url 'https://www.saucedemo.com/'.</msg>
<status status="PASS" starttime="20230418 12:44:26.465" endtime="20230418 12:44:27.879"/>
</kw>
<kw name="Maximize Browser Window" library="SeleniumLibrary">
<doc>Maximizes current browser window.</doc>
<status status="PASS" starttime="20230418 12:44:27.879" endtime="20230418 12:44:27.989"/>
</kw>
<status status="PASS" starttime="20230418 12:44:26.464" endtime="20230418 12:44:27.990"/>
</kw>
<kw name="Input Text" library="SeleniumLibrary">
<arg>id:user-name</arg>
<arg>standard_user</arg>
<doc>Types the given ``text`` into the text field identified by ``locator``.</doc>
<msg timestamp="20230418 12:44:27.991" level="INFO">Typing text 'standard_user' into text field 'id:user-name'.</msg>
<status status="PASS" starttime="20230418 12:44:27.990" endtime="20230418 12:44:28.072"/>
</kw>
<kw name="Input Text" library="SeleniumLibrary">
<arg>id:password</arg>
<arg>secret_sauce</arg>
<doc>Types the given ``text`` into the text field identified by ``locator``.</doc>
<msg timestamp="20230418 12:44:28.072" level="INFO">Typing text 'secret_sauce' into text field 'id:password'.</msg>
<status status="PASS" starttime="20230418 12:44:28.072" endtime="20230418 12:44:28.140"/>
</kw>
<kw name="Click Button" library="SeleniumLibrary">
<arg>id:login-button</arg>
<doc>Clicks the button identified by ``locator``.</doc>
<msg timestamp="20230418 12:44:28.140" level="INFO">Clicking button 'id:login-button'.</msg>
<status status="PASS" starttime="20230418 12:44:28.140" endtime="20230418 12:44:28.218"/>
</kw>
<kw name="After Tests" library="test_keywords_common" type="TEARDOWN">
<kw name="Close Browser" library="SeleniumLibrary">
<doc>Closes the current browser.</doc>
<status status="PASS" starttime="20230418 12:44:28.218" endtime="20230418 12:44:30.341"/>
</kw>
<status status="PASS" starttime="20230418 12:44:28.218" endtime="20230418 12:44:30.341"/>
</kw>
<status status="PASS" starttime="20230418 12:44:26.464" endtime="20230418 12:44:30.342"/>
</test>
<status status="PASS" starttime="20230418 12:44:26.456" endtime="20230418 12:44:30.345"/>
</suite>
<status status="PASS" starttime="20230418 12:44:26.453" endtime="20230418 12:44:30.349"/>
</suite>
<status status="PASS" starttime="20230418 12:44:26.450" endtime="20230418 12:44:30.353"/>
</suite>
<status status="PASS" starttime="20230418 12:44:24.090" endtime="20230418 12:44:30.357"/>
</suite>
<statistics>
<total>
<stat pass="6" fail="0" skip="0">All Tests</stat>
</total>
<tag>
</tag>
<suite>
<stat pass="6" fail="0" skip="0" id="s1" name="Tests">Tests</stat>
<stat pass="5" fail="0" skip="0" id="s1-s1" name="Api">Tests.Api</stat>
<stat pass="5" fail="0" skip="0" id="s1-s1-s1" name="Users">Tests.Api.Users</stat>
<stat pass="5" fail="0" skip="0" id="s1-s1-s1-s1" name="Test Api Users">Tests.Api.Users.Test Api Users</stat>
<stat pass="1" fail="0" skip="0" id="s1-s2" name="Ui">Tests.Ui</stat>
<stat pass="1" fail="0" skip="0" id="s1-s2-s1" name="Login">Tests.Ui.Login</stat>
<stat pass="1" fail="0" skip="0" id="s1-s2-s1-s1" name="Test Ui Login">Tests.Ui.Login.Test Ui Login</stat>
</suite>
</statistics>
<errors>
</errors>
</robot>
