<?xml version="1.0" encoding="UTF-8"?>
<robot generator="Robot 6.0.2 (Python 3.11.3 on win32)" generated="20230418 14:33:34.355" rpa="false" schemaversion="3">
<suite id="s1" name="Tests" source="C:\Users\samue\OneDrive\Área de Trabalho\gen-ai-robot-test\tests">
<suite id="s1-s1" name="Api" source="C:\Users\samue\OneDrive\Área de Trabalho\gen-ai-robot-test\tests\api">
<suite id="s1-s1-s1" name="Users" source="C:\Users\samue\OneDrive\Área de Trabalho\gen-ai-robot-test\tests\api\users">
<suite id="s1-s1-s1-s1" name="Test Api Users" source="C:\Users\samue\OneDrive\Área de Trabalho\gen-ai-robot-test\tests\api\users\test_api_users.robot">
<test id="s1-s1-s1-s1-t1" name="Scenario: Get all registered users" line="9">
<kw name="Before Tests" library="test_keywords_common" type="SETUP">
<kw name="Create Session" library="RequestsLibrary">
<arg>serverest</arg>
<arg>${SERVER_BASE_URL}</arg>
<arg>disable_warnings=True</arg>
<doc>Create Session: create a HTTP session to a server</doc>
<msg timestamp="20230418 14:33:35.082" level="INFO">Creating Session using : alias=serverest, url=https://serverest.dev, headers={},                     cookies={}, auth=None, timeout=None, proxies=None, verify=False,                     debug=0 </msg>
<status status="PASS" starttime="20230418 14:33:35.082" endtime="20230418 14:33:35.082"/>
</kw>
<status status="PASS" starttime="20230418 14:33:35.081" endtime="20230418 14:33:35.082"/>
</kw>
<kw name="When I request the list of all registered users" library="test_keywords_users">
<kw name="GET On Session" library="RequestsLibrary">
<var>${response}</var>
<arg>serverest</arg>
<arg>${USERS_API_ENDPOINT}</arg>
<doc>Sends a GET request on a previously created HTTP Session.</doc>
<msg timestamp="20230418 14:33:35.422" level="INFO">GET Request : url=https://serverest.dev/usuarios 
 path_url=/usuarios 
 headers={'User-Agent': 'python-requests/2.28.2', 'Accept-Encoding': 'gzip, deflate', 'Accept': '*/*', 'Connection': 'keep-alive'} 
 body=None 
 </msg>
<msg timestamp="20230418 14:33:35.422" level="INFO">GET Response : url=https://serverest.dev/usuarios 
 status=200, reason=OK 
 headers={'access-control-allow-origin': '*', 'x-dns-prefetch-control': 'off', 'x-frame-options': 'SAMEORIGIN', 'strict-transport-security': 'max-age=15552000; includeSubDomains', 'x-download-options': 'noopen', 'x-content-type-options': 'nosniff', 'x-xss-protection': '1; mode=block', 'x-moesif-transaction-id': 'cd228b5b-47ae-444e-a42a-2f085b397db3', 'content-type': 'application/json; charset=utf-8', 'X-Cloud-Trace-Context': '5a29597fc26bc611bc3d5a4c5bf4337f;o=1', 'Date': 'Tue, 18 Apr 2023 17:33:33 GMT', 'Server': 'Google Frontend', 'Content-Length': '2760'} 
 body={
    "quantidade": 13,
    "usuarios": [
        {
            "nome": "Fulano da Silva",
            "email": "fulano@qa.com",
            "password": "teste",
            "administrador": "true",
            "_id": "0uxuPY0cbmQhpEz1"
        },
        {
            "nome": "{{generatedName}}",
            "email": "Christelle.Fadel31@example.net",
            "password": "teste",
            "administrador": "true",
            "_id": "EJkVQhhbAUyMA48V"
        },
        {
            "nome": "Joesph",
            "email": "Elsie_Jast66@gmail.com",
            "password": "teste",
            "administrador": "true",
            "_id": "Ki2g0rlR5QmObeBw"
        },
        {
            "nome": "Augusta",
            "email": "Alejandra.Rippin@yahoo.com",
            "password": "teste",
            "administrador": "false",
            "_id": "KuNXgF8bjoZEZALK"
        },
        {
            "nome": "Augusta",
            "email": "Marisa.Hessel@yahoo.com",
            "password": "teste",
            "administrador": "true",
            "_id": "OBNET4kMLgAqdmcU"
        },
        {
            "nome": "Lola",
            "email": "Tad72@yahoo.com",
            "password": "teste",
            "administrador": "false",
            "_id": "QUHTwkJWX5unYqNG"
        },
        {
            "nome": "Misael Usuario",
            "email": "misael@gmail.com",
            "password": "teste",
            "administrador": "false",
            "_id": "Y2etvjOChCuLEMIb"
        },
        {
            "nome": "Misael Adm",
            "email": "misael@gmail.com.br",
            "password": "teste",
            "administrador": "true",
            "_id": "YMIE73lmcVjnbVjt"
        },
        {
            "nome": "Sabina",
            "email": "Rosario59@yahoo.com",
            "password": "L_vDW80csV_mypw",
            "administrador": "true",
            "_id": "b5bqhHqwL6Vz8CWL"
        },
        {
            "nome": "Lola",
            "email": "Rodolfo_Hudson@yahoo.com",
            "password": "teste",
            "administrador": "true",
            "_id": "iSv29R5iHr7VnHYp"
        },
        {
            "nome": "Joesph",
            "email": "Roberta.Schroeder@gmail.com",
            "password": "teste",
            "administrador": "false",
            "_id": "iaR865Xg1xpQxmTQ"
        },
        {
            "nome": "Reta",
            "email": "Newell58@yahoo.com",
            "password": "teste",
            "administrador": "true",
            "_id": "lJIrn5sPrQLyAkK5"
        },
        {
            "nome": "Reta",
            "email": "Tyrique.Powlowski@gmail.com",
            "password": "teste",
            "administrador": "false",
            "_id": "s71esl94uVJDURVD"
        }
    ]
} 
 </msg>
<msg timestamp="20230418 14:33:35.422" level="INFO">${response} = &lt;Response [200]&gt;</msg>
<status status="PASS" starttime="20230418 14:33:35.083" endtime="20230418 14:33:35.423"/>
</kw>
<kw name="Set Test Variable" library="BuiltIn">
<arg>${response}</arg>
<doc>Makes a variable available everywhere within the scope of the current test.</doc>
<msg timestamp="20230418 14:33:35.423" level="INFO">${response} = &lt;Response [200]&gt;</msg>
<status status="PASS" starttime="20230418 14:33:35.423" endtime="20230418 14:33:35.423"/>
</kw>
<status status="PASS" starttime="20230418 14:33:35.083" endtime="20230418 14:33:35.423"/>
</kw>
<kw name="Then the response status code should be 200" library="test_keywords_users" sourcename="Then the response status code should be ${status_code}">
<kw name="Should Be Equal As Numbers" library="BuiltIn">
<arg>${response.status_code}</arg>
<arg>${status_code}</arg>
<doc>Fails if objects are unequal after converting them to real numbers.</doc>
<msg timestamp="20230418 14:33:35.425" level="INFO">Argument types are:
&lt;class 'int'&gt;
&lt;class 'str'&gt;</msg>
<status status="PASS" starttime="20230418 14:33:35.424" endtime="20230418 14:33:35.425"/>
</kw>
<kw name="Should Be True" library="BuiltIn">
<arg>${response.json()}</arg>
<doc>Fails if the given condition is not true.</doc>
<status status="PASS" starttime="20230418 14:33:35.425" endtime="20230418 14:33:35.426"/>
</kw>
<status status="PASS" starttime="20230418 14:33:35.424" endtime="20230418 14:33:35.426"/>
</kw>
<kw name="And the response body should not be empty" library="test_keywords_users">
<kw name="Should Not Be Empty" library="BuiltIn">
<arg>${response.json()}</arg>
<doc>Verifies that the given item is not empty.</doc>
<msg timestamp="20230418 14:33:35.429" level="INFO">Length is 2</msg>
<status status="PASS" starttime="20230418 14:33:35.428" endtime="20230418 14:33:35.429"/>
</kw>
<status status="PASS" starttime="20230418 14:33:35.427" endtime="20230418 14:33:35.429"/>
</kw>
<status status="PASS" starttime="20230418 14:33:35.081" endtime="20230418 14:33:35.430"/>
</test>
<test id="s1-s1-s1-s1-t2" name="Scenario: Create a new user" line="15">
<kw name="Before Tests" library="test_keywords_common" type="SETUP">
<kw name="Create Session" library="RequestsLibrary">
<arg>serverest</arg>
<arg>${SERVER_BASE_URL}</arg>
<arg>disable_warnings=True</arg>
<doc>Create Session: create a HTTP session to a server</doc>
<msg timestamp="20230418 14:33:35.433" level="INFO">Creating Session using : alias=serverest, url=https://serverest.dev, headers={},                     cookies={}, auth=None, timeout=None, proxies=None, verify=False,                     debug=0 </msg>
<status status="PASS" starttime="20230418 14:33:35.433" endtime="20230418 14:33:35.433"/>
</kw>
<status status="PASS" starttime="20230418 14:33:35.433" endtime="20230418 14:33:35.434"/>
</kw>
<kw name="Given I have a valid user data" library="test_keywords_users">
<kw name="Name" library="FakerLibrary">
<var>${name}</var>
<doc>:example 'John Doe'</doc>
<msg timestamp="20230418 14:33:35.435" level="INFO">${name} = Joe Clark</msg>
<status status="PASS" starttime="20230418 14:33:35.434" endtime="20230418 14:33:35.435"/>
</kw>
<kw name="Email" library="FakerLibrary">
<var>${email}</var>
<msg timestamp="20230418 14:33:35.435" level="INFO">${email} = david60@example.net</msg>
<status status="PASS" starttime="20230418 14:33:35.435" endtime="20230418 14:33:35.435"/>
</kw>
<kw name="Password" library="FakerLibrary">
<var>${password}</var>
<doc>Generate a random password of the specified ``length``.</doc>
<msg timestamp="20230418 14:33:35.436" level="INFO">${password} = i+6CDiaXN!</msg>
<status status="PASS" starttime="20230418 14:33:35.435" endtime="20230418 14:33:35.436"/>
</kw>
<kw name="Set Suite Variable" library="BuiltIn">
<arg>${name}</arg>
<doc>Makes a variable available everywhere within the scope of the current suite.</doc>
<msg timestamp="20230418 14:33:35.436" level="INFO">${name} = Joe Clark</msg>
<status status="PASS" starttime="20230418 14:33:35.436" endtime="20230418 14:33:35.436"/>
</kw>
<kw name="Set Suite Variable" library="BuiltIn">
<arg>${email}</arg>
<doc>Makes a variable available everywhere within the scope of the current suite.</doc>
<msg timestamp="20230418 14:33:35.436" level="INFO">${email} = david60@example.net</msg>
<status status="PASS" starttime="20230418 14:33:35.436" endtime="20230418 14:33:35.436"/>
</kw>
<kw name="Set Suite Variable" library="BuiltIn">
<arg>${password}</arg>
<doc>Makes a variable available everywhere within the scope of the current suite.</doc>
<msg timestamp="20230418 14:33:35.436" level="INFO">${password} = i+6CDiaXN!</msg>
<status status="PASS" starttime="20230418 14:33:35.436" endtime="20230418 14:33:35.436"/>
</kw>
<status status="PASS" starttime="20230418 14:33:35.434" endtime="20230418 14:33:35.437"/>
</kw>
<kw name="When I create the user" library="test_keywords_users">
<kw name="Create Dictionary" library="BuiltIn">
<var>${payload}</var>
<arg>nome=${name}</arg>
<arg>email=${email}</arg>
<arg>password=${password}</arg>
<arg>administrador=false</arg>
<doc>Creates and returns a dictionary based on the given ``items``.</doc>
<msg timestamp="20230418 14:33:35.437" level="INFO">${payload} = {'nome': 'Joe Clark', 'email': 'david60@example.net', 'password': 'i+6CDiaXN!', 'administrador': 'false'}</msg>
<status status="PASS" starttime="20230418 14:33:35.437" endtime="20230418 14:33:35.437"/>
</kw>
<kw name="Create Dictionary" library="BuiltIn">
<var>${headers}</var>
<arg>Content-Type=application/json</arg>
<doc>Creates and returns a dictionary based on the given ``items``.</doc>
<msg timestamp="20230418 14:33:35.438" level="INFO">${headers} = {'Content-Type': 'application/json'}</msg>
<status status="PASS" starttime="20230418 14:33:35.438" endtime="20230418 14:33:35.438"/>
</kw>
<kw name="POST On Session" library="RequestsLibrary">
<var>${response}</var>
<arg>serverest</arg>
<arg>${USERS_API_ENDPOINT}</arg>
<arg>json=${payload}</arg>
<arg>headers=${headers}</arg>
<doc>Sends a POST request on a previously created HTTP Session.</doc>
<msg timestamp="20230418 14:33:35.750" level="INFO">POST Request : url=https://serverest.dev/usuarios 
 path_url=/usuarios 
 headers={'User-Agent': 'python-requests/2.28.2', 'Accept-Encoding': 'gzip, deflate', 'Accept': '*/*', 'Connection': 'keep-alive', 'Content-Type': 'application/json', 'Content-Length': '105'} 
 body=b'{"nome": "Joe Clark", "email": "david60@example.net", "password": "i+6CDiaXN!", "administrador": "false"}' 
 </msg>
<msg timestamp="20230418 14:33:35.750" level="INFO">POST Response : url=https://serverest.dev/usuarios 
 status=201, reason=Created 
 headers={'access-control-allow-origin': '*', 'x-dns-prefetch-control': 'off', 'x-frame-options': 'SAMEORIGIN', 'strict-transport-security': 'max-age=15552000; includeSubDomains', 'x-download-options': 'noopen', 'x-content-type-options': 'nosniff', 'x-xss-protection': '1; mode=block', 'x-moesif-transaction-id': 'd9e42ab6-e808-4485-a201-b55c649cf940', 'content-type': 'application/json; charset=utf-8', 'X-Cloud-Trace-Context': '5f1c36f7a462672ceb42345c36c47da5', 'Date': 'Tue, 18 Apr 2023 17:33:34 GMT', 'Server': 'Google Frontend', 'Content-Length': '82'} 
 body={
    "message": "Cadastro realizado com sucesso",
    "_id": "knAu1BognJOZJil3"
} 
 </msg>
<msg timestamp="20230418 14:33:35.750" level="INFO">${response} = &lt;Response [201]&gt;</msg>
<status status="PASS" starttime="20230418 14:33:35.438" endtime="20230418 14:33:35.751"/>
</kw>
<kw name="Set Variable" library="BuiltIn">
<var>${user_id}</var>
<arg>${response.json()['_id']}</arg>
<doc>Returns the given values which can then be assigned to a variables.</doc>
<msg timestamp="20230418 14:33:35.752" level="INFO">${user_id} = knAu1BognJOZJil3</msg>
<status status="PASS" starttime="20230418 14:33:35.751" endtime="20230418 14:33:35.752"/>
</kw>
<kw name="Set Global Variable" library="BuiltIn">
<arg>${USER_ID}</arg>
<arg>${user_id}</arg>
<doc>Makes a variable available globally in all tests and suites.</doc>
<msg timestamp="20230418 14:33:35.752" level="INFO">${USER_ID} = knAu1BognJOZJil3</msg>
<status status="PASS" starttime="20230418 14:33:35.752" endtime="20230418 14:33:35.753"/>
</kw>
<kw name="Set Test Variable" library="BuiltIn">
<arg>${response}</arg>
<doc>Makes a variable available everywhere within the scope of the current test.</doc>
<msg timestamp="20230418 14:33:35.753" level="INFO">${response} = &lt;Response [201]&gt;</msg>
<status status="PASS" starttime="20230418 14:33:35.753" endtime="20230418 14:33:35.753"/>
</kw>
<status status="PASS" starttime="20230418 14:33:35.437" endtime="20230418 14:33:35.753"/>
</kw>
<kw name="Then the response status code should be 201" library="test_keywords_users" sourcename="Then the response status code should be ${status_code}">
<kw name="Should Be Equal As Numbers" library="BuiltIn">
<arg>${response.status_code}</arg>
<arg>${status_code}</arg>
<doc>Fails if objects are unequal after converting them to real numbers.</doc>
<msg timestamp="20230418 14:33:35.755" level="INFO">Argument types are:
&lt;class 'int'&gt;
&lt;class 'str'&gt;</msg>
<status status="PASS" starttime="20230418 14:33:35.755" endtime="20230418 14:33:35.756"/>
</kw>
<kw name="Should Be True" library="BuiltIn">
<arg>${response.json()}</arg>
<doc>Fails if the given condition is not true.</doc>
<status status="PASS" starttime="20230418 14:33:35.756" endtime="20230418 14:33:35.757"/>
</kw>
<status status="PASS" starttime="20230418 14:33:35.754" endtime="20230418 14:33:35.757"/>
</kw>
<kw name="And the response body should not be empty" library="test_keywords_users">
<kw name="Should Not Be Empty" library="BuiltIn">
<arg>${response.json()}</arg>
<doc>Verifies that the given item is not empty.</doc>
<msg timestamp="20230418 14:33:35.759" level="INFO">Length is 2</msg>
<status status="PASS" starttime="20230418 14:33:35.758" endtime="20230418 14:33:35.759"/>
</kw>
<status status="PASS" starttime="20230418 14:33:35.758" endtime="20230418 14:33:35.759"/>
</kw>
<status status="PASS" starttime="20230418 14:33:35.432" endtime="20230418 14:33:35.760"/>
</test>
<test id="s1-s1-s1-s1-t3" name="Scenario: Get a specific user informations" line="21">
<kw name="Before Tests" library="test_keywords_common" type="SETUP">
<kw name="Create Session" library="RequestsLibrary">
<arg>serverest</arg>
<arg>${SERVER_BASE_URL}</arg>
<arg>disable_warnings=True</arg>
<doc>Create Session: create a HTTP session to a server</doc>
<msg timestamp="20230418 14:33:35.764" level="INFO">Creating Session using : alias=serverest, url=https://serverest.dev, headers={},                     cookies={}, auth=None, timeout=None, proxies=None, verify=False,                     debug=0 </msg>
<status status="PASS" starttime="20230418 14:33:35.764" endtime="20230418 14:33:35.765"/>
</kw>
<status status="PASS" starttime="20230418 14:33:35.763" endtime="20230418 14:33:35.765"/>
</kw>
<kw name="When I request the created user" library="test_keywords_users">
<kw name="GET On Session" library="RequestsLibrary">
<var>${response}</var>
<arg>serverest</arg>
<arg>${USERS_API_ENDPOINT}/${USER_ID}</arg>
<doc>Sends a GET request on a previously created HTTP Session.</doc>
<msg timestamp="20230418 14:33:36.083" level="INFO">GET Request : url=https://serverest.dev/usuarios/knAu1BognJOZJil3 
 path_url=/usuarios/knAu1BognJOZJil3 
 headers={'User-Agent': 'python-requests/2.28.2', 'Accept-Encoding': 'gzip, deflate', 'Accept': '*/*', 'Connection': 'keep-alive'} 
 body=None 
 </msg>
<msg timestamp="20230418 14:33:36.083" level="INFO">GET Response : url=https://serverest.dev/usuarios/knAu1BognJOZJil3 
 status=200, reason=OK 
 headers={'access-control-allow-origin': '*', 'x-dns-prefetch-control': 'off', 'x-frame-options': 'SAMEORIGIN', 'strict-transport-security': 'max-age=15552000; includeSubDomains', 'x-download-options': 'noopen', 'x-content-type-options': 'nosniff', 'x-xss-protection': '1; mode=block', 'x-moesif-transaction-id': '57cdcc29-b235-4c3a-8c7e-8d2676214ec0', 'content-type': 'application/json; charset=utf-8', 'X-Cloud-Trace-Context': '056cd78e92348e03b8672f98e84027fb', 'Date': 'Tue, 18 Apr 2023 17:33:34 GMT', 'Server': 'Google Frontend', 'Content-Length': '154'} 
 body={
    "nome": "Joe Clark",
    "email": "david60@example.net",
    "password": "i+6CDiaXN!",
    "administrador": "false",
    "_id": "knAu1BognJOZJil3"
} 
 </msg>
<msg timestamp="20230418 14:33:36.083" level="INFO">${response} = &lt;Response [200]&gt;</msg>
<status status="PASS" starttime="20230418 14:33:35.766" endtime="20230418 14:33:36.084"/>
</kw>
<kw name="Set Test Variable" library="BuiltIn">
<arg>${response}</arg>
<doc>Makes a variable available everywhere within the scope of the current test.</doc>
<msg timestamp="20230418 14:33:36.084" level="INFO">${response} = &lt;Response [200]&gt;</msg>
<status status="PASS" starttime="20230418 14:33:36.084" endtime="20230418 14:33:36.084"/>
</kw>
<status status="PASS" starttime="20230418 14:33:35.765" endtime="20230418 14:33:36.084"/>
</kw>
<kw name="Then the response status code should be 200" library="test_keywords_users" sourcename="Then the response status code should be ${status_code}">
<kw name="Should Be Equal As Numbers" library="BuiltIn">
<arg>${response.status_code}</arg>
<arg>${status_code}</arg>
<doc>Fails if objects are unequal after converting them to real numbers.</doc>
<msg timestamp="20230418 14:33:36.087" level="INFO">Argument types are:
&lt;class 'int'&gt;
&lt;class 'str'&gt;</msg>
<status status="PASS" starttime="20230418 14:33:36.086" endtime="20230418 14:33:36.087"/>
</kw>
<kw name="Should Be True" library="BuiltIn">
<arg>${response.json()}</arg>
<doc>Fails if the given condition is not true.</doc>
<status status="PASS" starttime="20230418 14:33:36.088" endtime="20230418 14:33:36.088"/>
</kw>
<status status="PASS" starttime="20230418 14:33:36.085" endtime="20230418 14:33:36.089"/>
</kw>
<kw name="And the response body should not be empty" library="test_keywords_users">
<kw name="Should Not Be Empty" library="BuiltIn">
<arg>${response.json()}</arg>
<doc>Verifies that the given item is not empty.</doc>
<msg timestamp="20230418 14:33:36.090" level="INFO">Length is 5</msg>
<status status="PASS" starttime="20230418 14:33:36.090" endtime="20230418 14:33:36.091"/>
</kw>
<status status="PASS" starttime="20230418 14:33:36.089" endtime="20230418 14:33:36.091"/>
</kw>
<status status="PASS" starttime="20230418 14:33:35.762" endtime="20230418 14:33:36.091"/>
</test>
<test id="s1-s1-s1-s1-t4" name="Scenario: Update the created user" line="26">
<kw name="Before Tests" library="test_keywords_common" type="SETUP">
<kw name="Create Session" library="RequestsLibrary">
<arg>serverest</arg>
<arg>${SERVER_BASE_URL}</arg>
<arg>disable_warnings=True</arg>
<doc>Create Session: create a HTTP session to a server</doc>
<msg timestamp="20230418 14:33:36.094" level="INFO">Creating Session using : alias=serverest, url=https://serverest.dev, headers={},                     cookies={}, auth=None, timeout=None, proxies=None, verify=False,                     debug=0 </msg>
<status status="PASS" starttime="20230418 14:33:36.094" endtime="20230418 14:33:36.094"/>
</kw>
<status status="PASS" starttime="20230418 14:33:36.094" endtime="20230418 14:33:36.094"/>
</kw>
<kw name="When I update the created user" library="test_keywords_users">
<kw name="Create Dictionary" library="BuiltIn">
<var>${payload}</var>
<arg>nome=John Smith</arg>
<arg>email=john.smith@example.com</arg>
<arg>password=P@ssw0rd123</arg>
<arg>administrador=false</arg>
<doc>Creates and returns a dictionary based on the given ``items``.</doc>
<msg timestamp="20230418 14:33:36.095" level="INFO">${payload} = {'nome': 'John Smith', 'email': 'john.smith@example.com', 'password': 'P@ssw0rd123', 'administrador': 'false'}</msg>
<status status="PASS" starttime="20230418 14:33:36.095" endtime="20230418 14:33:36.095"/>
</kw>
<kw name="Create Dictionary" library="BuiltIn">
<var>${headers}</var>
<arg>Content-Type=application/json</arg>
<doc>Creates and returns a dictionary based on the given ``items``.</doc>
<msg timestamp="20230418 14:33:36.096" level="INFO">${headers} = {'Content-Type': 'application/json'}</msg>
<status status="PASS" starttime="20230418 14:33:36.095" endtime="20230418 14:33:36.096"/>
</kw>
<kw name="PUT On Session" library="RequestsLibrary">
<var>${response}</var>
<arg>serverest</arg>
<arg>${USERS_API_ENDPOINT}/${USER_ID}</arg>
<arg>json=${payload}</arg>
<arg>headers=${headers}</arg>
<doc>Sends a PUT request on a previously created HTTP Session.</doc>
<msg timestamp="20230418 14:33:36.414" level="INFO">PUT Request : url=https://serverest.dev/usuarios/knAu1BognJOZJil3 
 path_url=/usuarios/knAu1BognJOZJil3 
 headers={'User-Agent': 'python-requests/2.28.2', 'Accept-Encoding': 'gzip, deflate', 'Accept': '*/*', 'Connection': 'keep-alive', 'Content-Type': 'application/json', 'Content-Length': '110'} 
 body=b'{"nome": "John Smith", "email": "john.smith@example.com", "password": "P@ssw0rd123", "administrador": "false"}' 
 </msg>
<msg timestamp="20230418 14:33:36.414" level="INFO">PUT Response : url=https://serverest.dev/usuarios/knAu1BognJOZJil3 
 status=200, reason=OK 
 headers={'access-control-allow-origin': '*', 'x-dns-prefetch-control': 'off', 'x-frame-options': 'SAMEORIGIN', 'strict-transport-security': 'max-age=15552000; includeSubDomains', 'x-download-options': 'noopen', 'x-content-type-options': 'nosniff', 'x-xss-protection': '1; mode=block', 'x-moesif-transaction-id': '23987421-4be2-48f9-ba4f-11f195a02505', 'content-type': 'application/json; charset=utf-8', 'X-Cloud-Trace-Context': 'f9a6f17c31662946354d9b5cbff32d8b', 'Date': 'Tue, 18 Apr 2023 17:33:34 GMT', 'Server': 'Google Frontend', 'Content-Length': '50'} 
 body={
    "message": "Registro alterado com sucesso"
} 
 </msg>
<msg timestamp="20230418 14:33:36.415" level="INFO">${response} = &lt;Response [200]&gt;</msg>
<status status="PASS" starttime="20230418 14:33:36.096" endtime="20230418 14:33:36.415"/>
</kw>
<kw name="Set Test Variable" library="BuiltIn">
<arg>${response}</arg>
<doc>Makes a variable available everywhere within the scope of the current test.</doc>
<msg timestamp="20230418 14:33:36.415" level="INFO">${response} = &lt;Response [200]&gt;</msg>
<status status="PASS" starttime="20230418 14:33:36.415" endtime="20230418 14:33:36.415"/>
</kw>
<status status="PASS" starttime="20230418 14:33:36.095" endtime="20230418 14:33:36.415"/>
</kw>
<kw name="Then the response status code should be 200" library="test_keywords_users" sourcename="Then the response status code should be ${status_code}">
<kw name="Should Be Equal As Numbers" library="BuiltIn">
<arg>${response.status_code}</arg>
<arg>${status_code}</arg>
<doc>Fails if objects are unequal after converting them to real numbers.</doc>
<msg timestamp="20230418 14:33:36.416" level="INFO">Argument types are:
&lt;class 'int'&gt;
&lt;class 'str'&gt;</msg>
<status status="PASS" starttime="20230418 14:33:36.415" endtime="20230418 14:33:36.416"/>
</kw>
<kw name="Should Be True" library="BuiltIn">
<arg>${response.json()}</arg>
<doc>Fails if the given condition is not true.</doc>
<status status="PASS" starttime="20230418 14:33:36.416" endtime="20230418 14:33:36.416"/>
</kw>
<status status="PASS" starttime="20230418 14:33:36.415" endtime="20230418 14:33:36.416"/>
</kw>
<kw name="And the response body should not be empty" library="test_keywords_users">
<kw name="Should Not Be Empty" library="BuiltIn">
<arg>${response.json()}</arg>
<doc>Verifies that the given item is not empty.</doc>
<msg timestamp="20230418 14:33:36.417" level="INFO">Length is 1</msg>
<status status="PASS" starttime="20230418 14:33:36.417" endtime="20230418 14:33:36.417"/>
</kw>
<status status="PASS" starttime="20230418 14:33:36.417" endtime="20230418 14:33:36.417"/>
</kw>
<status status="PASS" starttime="20230418 14:33:36.093" endtime="20230418 14:33:36.418"/>
</test>
<test id="s1-s1-s1-s1-t5" name="Scenario: Delete the created user" line="31">
<kw name="Before Tests" library="test_keywords_common" type="SETUP">
<kw name="Create Session" library="RequestsLibrary">
<arg>serverest</arg>
<arg>${SERVER_BASE_URL}</arg>
<arg>disable_warnings=True</arg>
<doc>Create Session: create a HTTP session to a server</doc>
<msg timestamp="20230418 14:33:36.420" level="INFO">Creating Session using : alias=serverest, url=https://serverest.dev, headers={},                     cookies={}, auth=None, timeout=None, proxies=None, verify=False,                     debug=0 </msg>
<status status="PASS" starttime="20230418 14:33:36.420" endtime="20230418 14:33:36.420"/>
</kw>
<status status="PASS" starttime="20230418 14:33:36.420" endtime="20230418 14:33:36.421"/>
</kw>
<kw name="When I delete the created user" library="test_keywords_users">
<kw name="DELETE On Session" library="RequestsLibrary">
<var>${response}</var>
<arg>serverest</arg>
<arg>${USERS_API_ENDPOINT}/${USER_ID}</arg>
<doc>Sends a DELETE request on a previously created HTTP Session.</doc>
<msg timestamp="20230418 14:33:36.737" level="INFO">DELETE Request : url=https://serverest.dev/usuarios/knAu1BognJOZJil3 
 path_url=/usuarios/knAu1BognJOZJil3 
 headers={'User-Agent': 'python-requests/2.28.2', 'Accept-Encoding': 'gzip, deflate', 'Accept': '*/*', 'Connection': 'keep-alive', 'Content-Length': '0'} 
 body=None 
 </msg>
<msg timestamp="20230418 14:33:36.737" level="INFO">DELETE Response : url=https://serverest.dev/usuarios/knAu1BognJOZJil3 
 status=200, reason=OK 
 headers={'access-control-allow-origin': '*', 'x-dns-prefetch-control': 'off', 'x-frame-options': 'SAMEORIGIN', 'strict-transport-security': 'max-age=15552000; includeSubDomains', 'x-download-options': 'noopen', 'x-content-type-options': 'nosniff', 'x-xss-protection': '1; mode=block', 'x-moesif-transaction-id': '6f50d5c0-81bb-466a-badf-360d9bba6f30', 'content-type': 'application/json; charset=utf-8', 'X-Cloud-Trace-Context': '223288864b0f1582afd8b07483b886d8', 'Date': 'Tue, 18 Apr 2023 17:33:35 GMT', 'Server': 'Google Frontend', 'Content-Length': '51'} 
 body={
    "message": "Registro excluído com sucesso"
} 
 </msg>
<msg timestamp="20230418 14:33:36.738" level="INFO">${response} = &lt;Response [200]&gt;</msg>
<status status="PASS" starttime="20230418 14:33:36.421" endtime="20230418 14:33:36.738"/>
</kw>
<kw name="Set Test Variable" library="BuiltIn">
<arg>${response}</arg>
<doc>Makes a variable available everywhere within the scope of the current test.</doc>
<msg timestamp="20230418 14:33:36.738" level="INFO">${response} = &lt;Response [200]&gt;</msg>
<status status="PASS" starttime="20230418 14:33:36.738" endtime="20230418 14:33:36.738"/>
</kw>
<status status="PASS" starttime="20230418 14:33:36.421" endtime="20230418 14:33:36.739"/>
</kw>
<kw name="Then the response status code should be 200" library="test_keywords_users" sourcename="Then the response status code should be ${status_code}">
<kw name="Should Be Equal As Numbers" library="BuiltIn">
<arg>${response.status_code}</arg>
<arg>${status_code}</arg>
<doc>Fails if objects are unequal after converting them to real numbers.</doc>
<msg timestamp="20230418 14:33:36.741" level="INFO">Argument types are:
&lt;class 'int'&gt;
&lt;class 'str'&gt;</msg>
<status status="PASS" starttime="20230418 14:33:36.740" endtime="20230418 14:33:36.741"/>
</kw>
<kw name="Should Be True" library="BuiltIn">
<arg>${response.json()}</arg>
<doc>Fails if the given condition is not true.</doc>
<status status="PASS" starttime="20230418 14:33:36.742" endtime="20230418 14:33:36.743"/>
</kw>
<status status="PASS" starttime="20230418 14:33:36.740" endtime="20230418 14:33:36.743"/>
</kw>
<kw name="And the response body should not be empty" library="test_keywords_users">
<kw name="Should Not Be Empty" library="BuiltIn">
<arg>${response.json()}</arg>
<doc>Verifies that the given item is not empty.</doc>
<msg timestamp="20230418 14:33:36.745" level="INFO">Length is 1</msg>
<status status="PASS" starttime="20230418 14:33:36.744" endtime="20230418 14:33:36.745"/>
</kw>
<status status="PASS" starttime="20230418 14:33:36.744" endtime="20230418 14:33:36.746"/>
</kw>
<status status="PASS" starttime="20230418 14:33:36.419" endtime="20230418 14:33:36.746"/>
</test>
<status status="PASS" starttime="20230418 14:33:34.384" endtime="20230418 14:33:36.748"/>
</suite>
<status status="PASS" starttime="20230418 14:33:34.381" endtime="20230418 14:33:36.750"/>
</suite>
<status status="PASS" starttime="20230418 14:33:34.379" endtime="20230418 14:33:36.752"/>
</suite>
<suite id="s1-s2" name="Ui" source="C:\Users\samue\OneDrive\Área de Trabalho\gen-ai-robot-test\tests\ui">
<suite id="s1-s2-s1" name="Login" source="C:\Users\samue\OneDrive\Área de Trabalho\gen-ai-robot-test\tests\ui\login">
<suite id="s1-s2-s1-s1" name="Test Ui Login" source="C:\Users\samue\OneDrive\Área de Trabalho\gen-ai-robot-test\tests\ui\login\test_ui_login.robot">
<test id="s1-s2-s1-s1-t1" name="Scenario: Log in to Sauce Demo with Standard User" line="10">
<kw name="Before Tests" library="test_keywords_common" type="SETUP">
<kw name="Open Browser" library="SeleniumLibrary">
<arg>${SERVER_BASE_URL}</arg>
<arg>${HEADLESS} ${BROWSER}</arg>
<doc>Opens a new browser instance to the optional ``url``.</doc>
<msg timestamp="20230418 14:33:36.770" level="INFO">Opening browser ' Chrome' to base url 'https://www.saucedemo.com/'.</msg>
<status status="PASS" starttime="20230418 14:33:36.768" endtime="20230418 14:33:38.200"/>
</kw>
<kw name="Maximize Browser Window" library="SeleniumLibrary">
<doc>Maximizes current browser window.</doc>
<status status="PASS" starttime="20230418 14:33:38.201" endtime="20230418 14:33:38.320"/>
</kw>
<status status="PASS" starttime="20230418 14:33:36.768" endtime="20230418 14:33:38.320"/>
</kw>
<kw name="Given Im on the main application page" library="test_keywords_login">
<kw name="Go To" library="SeleniumLibrary">
<arg>${SERVER_BASE_URL}</arg>
<doc>Navigates the current browser window to the provided ``url``.</doc>
<msg timestamp="20230418 14:33:38.321" level="INFO">Opening url 'https://www.saucedemo.com/'</msg>
<status status="PASS" starttime="20230418 14:33:38.321" endtime="20230418 14:33:38.374"/>
</kw>
<kw name="Location Should Be" library="SeleniumLibrary">
<arg>${SERVER_BASE_URL}</arg>
<doc>Verifies that the current URL is exactly ``url``.</doc>
<msg timestamp="20230418 14:33:38.377" level="INFO">Current location is 'https://www.saucedemo.com/'.</msg>
<status status="PASS" starttime="20230418 14:33:38.374" endtime="20230418 14:33:38.378"/>
</kw>
<status status="PASS" starttime="20230418 14:33:38.321" endtime="20230418 14:33:38.378"/>
</kw>
<kw name="When I log in with credentials" library="test_keywords_login">
<arg>standard_user</arg>
<arg>secret_sauce</arg>
<kw name="Input Text" library="SeleniumLibrary">
<arg>id:user-name</arg>
<arg>${username}</arg>
<doc>Types the given ``text`` into the text field identified by ``locator``.</doc>
<msg timestamp="20230418 14:33:38.379" level="INFO">Typing text 'standard_user' into text field 'id:user-name'.</msg>
<status status="PASS" starttime="20230418 14:33:38.378" endtime="20230418 14:33:38.465"/>
</kw>
<kw name="Input Text" library="SeleniumLibrary">
<arg>id:password</arg>
<arg>${password}</arg>
<doc>Types the given ``text`` into the text field identified by ``locator``.</doc>
<msg timestamp="20230418 14:33:38.466" level="INFO">Typing text 'secret_sauce' into text field 'id:password'.</msg>
<status status="PASS" starttime="20230418 14:33:38.465" endtime="20230418 14:33:38.530"/>
</kw>
<kw name="Click Button" library="SeleniumLibrary">
<arg>id:login-button</arg>
<doc>Clicks the button identified by ``locator``.</doc>
<msg timestamp="20230418 14:33:38.530" level="INFO">Clicking button 'id:login-button'.</msg>
<status status="PASS" starttime="20230418 14:33:38.530" endtime="20230418 14:33:38.611"/>
</kw>
<status status="PASS" starttime="20230418 14:33:38.378" endtime="20230418 14:33:38.611"/>
</kw>
<kw name="And the Inventory page loads" library="test_keywords_login">
<kw name="Location Should Be" library="SeleniumLibrary">
<arg>https://www.saucedemo.com/inventory.html</arg>
<doc>Verifies that the current URL is exactly ``url``.</doc>
<msg timestamp="20230418 14:33:38.614" level="INFO">Current location is 'https://www.saucedemo.com/inventory.html'.</msg>
<status status="PASS" starttime="20230418 14:33:38.611" endtime="20230418 14:33:38.614"/>
</kw>
<status status="PASS" starttime="20230418 14:33:38.611" endtime="20230418 14:33:38.614"/>
</kw>
<kw name="Then the page should contain the text &quot;Products&quot;" library="test_keywords_login" sourcename="Then the page should contain the text &quot;${expected_text}&quot;">
<kw name="Page Should Contain" library="SeleniumLibrary">
<arg>${expected_text}</arg>
<doc>Verifies that current page contains ``text``.</doc>
<msg timestamp="20230418 14:33:38.635" level="INFO">Current page contains text 'Products'.</msg>
<status status="PASS" starttime="20230418 14:33:38.616" endtime="20230418 14:33:38.635"/>
</kw>
<status status="PASS" starttime="20230418 14:33:38.616" endtime="20230418 14:33:38.635"/>
</kw>
<kw name="After Tests" library="test_keywords_common" type="TEARDOWN">
<kw name="Close Browser" library="SeleniumLibrary">
<doc>Closes the current browser.</doc>
<status status="PASS" starttime="20230418 14:33:38.636" endtime="20230418 14:33:40.773"/>
</kw>
<status status="PASS" starttime="20230418 14:33:38.636" endtime="20230418 14:33:40.773"/>
</kw>
<status status="PASS" starttime="20230418 14:33:36.768" endtime="20230418 14:33:40.774"/>
</test>
<test id="s1-s2-s1-s1-t2" name="Scenario: Log in to Sauce Demo with Locked Out User" line="16">
<kw name="Before Tests" library="test_keywords_common" type="SETUP">
<kw name="Open Browser" library="SeleniumLibrary">
<arg>${SERVER_BASE_URL}</arg>
<arg>${HEADLESS} ${BROWSER}</arg>
<doc>Opens a new browser instance to the optional ``url``.</doc>
<msg timestamp="20230418 14:33:40.776" level="INFO">Opening browser ' Chrome' to base url 'https://www.saucedemo.com/'.</msg>
<status status="PASS" starttime="20230418 14:33:40.775" endtime="20230418 14:33:42.228"/>
</kw>
<kw name="Maximize Browser Window" library="SeleniumLibrary">
<doc>Maximizes current browser window.</doc>
<status status="PASS" starttime="20230418 14:33:42.228" endtime="20230418 14:33:42.341"/>
</kw>
<status status="PASS" starttime="20230418 14:33:40.775" endtime="20230418 14:33:42.341"/>
</kw>
<kw name="Given Im on the main application page" library="test_keywords_login">
<kw name="Go To" library="SeleniumLibrary">
<arg>${SERVER_BASE_URL}</arg>
<doc>Navigates the current browser window to the provided ``url``.</doc>
<msg timestamp="20230418 14:33:42.342" level="INFO">Opening url 'https://www.saucedemo.com/'</msg>
<status status="PASS" starttime="20230418 14:33:42.341" endtime="20230418 14:33:42.386"/>
</kw>
<kw name="Location Should Be" library="SeleniumLibrary">
<arg>${SERVER_BASE_URL}</arg>
<doc>Verifies that the current URL is exactly ``url``.</doc>
<msg timestamp="20230418 14:33:42.391" level="INFO">Current location is 'https://www.saucedemo.com/'.</msg>
<status status="PASS" starttime="20230418 14:33:42.386" endtime="20230418 14:33:42.391"/>
</kw>
<status status="PASS" starttime="20230418 14:33:42.341" endtime="20230418 14:33:42.391"/>
</kw>
<kw name="When I log in with credentials" library="test_keywords_login">
<arg>locked_out_user</arg>
<arg>secret_sauce</arg>
<kw name="Input Text" library="SeleniumLibrary">
<arg>id:user-name</arg>
<arg>${username}</arg>
<doc>Types the given ``text`` into the text field identified by ``locator``.</doc>
<msg timestamp="20230418 14:33:42.392" level="INFO">Typing text 'locked_out_user' into text field 'id:user-name'.</msg>
<status status="PASS" starttime="20230418 14:33:42.392" endtime="20230418 14:33:42.470"/>
</kw>
<kw name="Input Text" library="SeleniumLibrary">
<arg>id:password</arg>
<arg>${password}</arg>
<doc>Types the given ``text`` into the text field identified by ``locator``.</doc>
<msg timestamp="20230418 14:33:42.470" level="INFO">Typing text 'secret_sauce' into text field 'id:password'.</msg>
<status status="PASS" starttime="20230418 14:33:42.470" endtime="20230418 14:33:42.537"/>
</kw>
<kw name="Click Button" library="SeleniumLibrary">
<arg>id:login-button</arg>
<doc>Clicks the button identified by ``locator``.</doc>
<msg timestamp="20230418 14:33:42.537" level="INFO">Clicking button 'id:login-button'.</msg>
<status status="PASS" starttime="20230418 14:33:42.537" endtime="20230418 14:33:42.584"/>
</kw>
<status status="PASS" starttime="20230418 14:33:42.391" endtime="20230418 14:33:42.584"/>
</kw>
<kw name="Then the locked out message should be displayed" library="test_keywords_login">
<kw name="Element Should Be Visible" library="SeleniumLibrary">
<arg>class:error-message-container</arg>
<doc>Verifies that the element identified by ``locator`` is visible.</doc>
<msg timestamp="20230418 14:33:42.604" level="INFO">Element 'class:error-message-container' is displayed.</msg>
<status status="PASS" starttime="20230418 14:33:42.585" endtime="20230418 14:33:42.605"/>
</kw>
<status status="PASS" starttime="20230418 14:33:42.585" endtime="20230418 14:33:42.605"/>
</kw>
<kw name="After Tests" library="test_keywords_common" type="TEARDOWN">
<kw name="Close Browser" library="SeleniumLibrary">
<doc>Closes the current browser.</doc>
<status status="PASS" starttime="20230418 14:33:42.605" endtime="20230418 14:33:44.694"/>
</kw>
<status status="PASS" starttime="20230418 14:33:42.605" endtime="20230418 14:33:44.694"/>
</kw>
<status status="PASS" starttime="20230418 14:33:40.775" endtime="20230418 14:33:44.694"/>
</test>
<test id="s1-s2-s1-s1-t3" name="Scenario: Log in to Sauce Demo with Problem User" line="21">
<kw name="Before Tests" library="test_keywords_common" type="SETUP">
<kw name="Open Browser" library="SeleniumLibrary">
<arg>${SERVER_BASE_URL}</arg>
<arg>${HEADLESS} ${BROWSER}</arg>
<doc>Opens a new browser instance to the optional ``url``.</doc>
<msg timestamp="20230418 14:33:44.696" level="INFO">Opening browser ' Chrome' to base url 'https://www.saucedemo.com/'.</msg>
<status status="PASS" starttime="20230418 14:33:44.696" endtime="20230418 14:33:46.106"/>
</kw>
<kw name="Maximize Browser Window" library="SeleniumLibrary">
<doc>Maximizes current browser window.</doc>
<status status="PASS" starttime="20230418 14:33:46.107" endtime="20230418 14:33:46.222"/>
</kw>
<status status="PASS" starttime="20230418 14:33:44.696" endtime="20230418 14:33:46.222"/>
</kw>
<kw name="Given Im on the main application page" library="test_keywords_login">
<kw name="Go To" library="SeleniumLibrary">
<arg>${SERVER_BASE_URL}</arg>
<doc>Navigates the current browser window to the provided ``url``.</doc>
<msg timestamp="20230418 14:33:46.223" level="INFO">Opening url 'https://www.saucedemo.com/'</msg>
<status status="PASS" starttime="20230418 14:33:46.223" endtime="20230418 14:33:46.272"/>
</kw>
<kw name="Location Should Be" library="SeleniumLibrary">
<arg>${SERVER_BASE_URL}</arg>
<doc>Verifies that the current URL is exactly ``url``.</doc>
<msg timestamp="20230418 14:33:46.276" level="INFO">Current location is 'https://www.saucedemo.com/'.</msg>
<status status="PASS" starttime="20230418 14:33:46.272" endtime="20230418 14:33:46.276"/>
</kw>
<status status="PASS" starttime="20230418 14:33:46.222" endtime="20230418 14:33:46.276"/>
</kw>
<kw name="When I log in with credentials" library="test_keywords_login">
<arg>problem_user</arg>
<arg>secret_sauce</arg>
<kw name="Input Text" library="SeleniumLibrary">
<arg>id:user-name</arg>
<arg>${username}</arg>
<doc>Types the given ``text`` into the text field identified by ``locator``.</doc>
<msg timestamp="20230418 14:33:46.277" level="INFO">Typing text 'problem_user' into text field 'id:user-name'.</msg>
<status status="PASS" starttime="20230418 14:33:46.277" endtime="20230418 14:33:46.350"/>
</kw>
<kw name="Input Text" library="SeleniumLibrary">
<arg>id:password</arg>
<arg>${password}</arg>
<doc>Types the given ``text`` into the text field identified by ``locator``.</doc>
<msg timestamp="20230418 14:33:46.351" level="INFO">Typing text 'secret_sauce' into text field 'id:password'.</msg>
<status status="PASS" starttime="20230418 14:33:46.350" endtime="20230418 14:33:46.417"/>
</kw>
<kw name="Click Button" library="SeleniumLibrary">
<arg>id:login-button</arg>
<doc>Clicks the button identified by ``locator``.</doc>
<msg timestamp="20230418 14:33:46.418" level="INFO">Clicking button 'id:login-button'.</msg>
<status status="PASS" starttime="20230418 14:33:46.418" endtime="20230418 14:33:46.496"/>
</kw>
<status status="PASS" starttime="20230418 14:33:46.276" endtime="20230418 14:33:46.496"/>
</kw>
<kw name="And the Inventory page loads" library="test_keywords_login">
<kw name="Location Should Be" library="SeleniumLibrary">
<arg>https://www.saucedemo.com/inventory.html</arg>
<doc>Verifies that the current URL is exactly ``url``.</doc>
<msg timestamp="20230418 14:33:46.503" level="INFO">Current location is 'https://www.saucedemo.com/inventory.html'.</msg>
<status status="PASS" starttime="20230418 14:33:46.497" endtime="20230418 14:33:46.504"/>
</kw>
<status status="PASS" starttime="20230418 14:33:46.497" endtime="20230418 14:33:46.504"/>
</kw>
<kw name="Then the page should contain the text &quot;Products&quot;" library="test_keywords_login" sourcename="Then the page should contain the text &quot;${expected_text}&quot;">
<kw name="Page Should Contain" library="SeleniumLibrary">
<arg>${expected_text}</arg>
<doc>Verifies that current page contains ``text``.</doc>
<msg timestamp="20230418 14:33:46.517" level="INFO">Current page contains text 'Products'.</msg>
<status status="PASS" starttime="20230418 14:33:46.504" endtime="20230418 14:33:46.517"/>
</kw>
<status status="PASS" starttime="20230418 14:33:46.504" endtime="20230418 14:33:46.517"/>
</kw>
<kw name="After Tests" library="test_keywords_common" type="TEARDOWN">
<kw name="Close Browser" library="SeleniumLibrary">
<doc>Closes the current browser.</doc>
<status status="PASS" starttime="20230418 14:33:46.518" endtime="20230418 14:33:48.588"/>
</kw>
<status status="PASS" starttime="20230418 14:33:46.518" endtime="20230418 14:33:48.588"/>
</kw>
<status status="PASS" starttime="20230418 14:33:44.695" endtime="20230418 14:33:48.588"/>
</test>
<test id="s1-s2-s1-s1-t4" name="Scenario: Log in to Sauce Demo with Performance Glitch User" line="27">
<kw name="Before Tests" library="test_keywords_common" type="SETUP">
<kw name="Open Browser" library="SeleniumLibrary">
<arg>${SERVER_BASE_URL}</arg>
<arg>${HEADLESS} ${BROWSER}</arg>
<doc>Opens a new browser instance to the optional ``url``.</doc>
<msg timestamp="20230418 14:33:48.591" level="INFO">Opening browser ' Chrome' to base url 'https://www.saucedemo.com/'.</msg>
<status status="PASS" starttime="20230418 14:33:48.590" endtime="20230418 14:33:50.228"/>
</kw>
<kw name="Maximize Browser Window" library="SeleniumLibrary">
<doc>Maximizes current browser window.</doc>
<status status="PASS" starttime="20230418 14:33:50.228" endtime="20230418 14:33:50.350"/>
</kw>
<status status="PASS" starttime="20230418 14:33:48.590" endtime="20230418 14:33:50.350"/>
</kw>
<kw name="Given Im on the main application page" library="test_keywords_login">
<kw name="Go To" library="SeleniumLibrary">
<arg>${SERVER_BASE_URL}</arg>
<doc>Navigates the current browser window to the provided ``url``.</doc>
<msg timestamp="20230418 14:33:50.351" level="INFO">Opening url 'https://www.saucedemo.com/'</msg>
<status status="PASS" starttime="20230418 14:33:50.351" endtime="20230418 14:33:50.405"/>
</kw>
<kw name="Location Should Be" library="SeleniumLibrary">
<arg>${SERVER_BASE_URL}</arg>
<doc>Verifies that the current URL is exactly ``url``.</doc>
<msg timestamp="20230418 14:33:50.409" level="INFO">Current location is 'https://www.saucedemo.com/'.</msg>
<status status="PASS" starttime="20230418 14:33:50.405" endtime="20230418 14:33:50.409"/>
</kw>
<status status="PASS" starttime="20230418 14:33:50.351" endtime="20230418 14:33:50.410"/>
</kw>
<kw name="When I log in with credentials" library="test_keywords_login">
<arg>performance_glitch_user</arg>
<arg>secret_sauce</arg>
<kw name="Input Text" library="SeleniumLibrary">
<arg>id:user-name</arg>
<arg>${username}</arg>
<doc>Types the given ``text`` into the text field identified by ``locator``.</doc>
<msg timestamp="20230418 14:33:50.411" level="INFO">Typing text 'performance_glitch_user' into text field 'id:user-name'.</msg>
<status status="PASS" starttime="20230418 14:33:50.410" endtime="20230418 14:33:50.519"/>
</kw>
<kw name="Input Text" library="SeleniumLibrary">
<arg>id:password</arg>
<arg>${password}</arg>
<doc>Types the given ``text`` into the text field identified by ``locator``.</doc>
<msg timestamp="20230418 14:33:50.519" level="INFO">Typing text 'secret_sauce' into text field 'id:password'.</msg>
<status status="PASS" starttime="20230418 14:33:50.519" endtime="20230418 14:33:50.600"/>
</kw>
<kw name="Click Button" library="SeleniumLibrary">
<arg>id:login-button</arg>
<doc>Clicks the button identified by ``locator``.</doc>
<msg timestamp="20230418 14:33:50.600" level="INFO">Clicking button 'id:login-button'.</msg>
<status status="PASS" starttime="20230418 14:33:50.600" endtime="20230418 14:33:55.687"/>
</kw>
<status status="PASS" starttime="20230418 14:33:50.410" endtime="20230418 14:33:55.687"/>
</kw>
<kw name="And the Inventory page loads" library="test_keywords_login">
<kw name="Location Should Be" library="SeleniumLibrary">
<arg>https://www.saucedemo.com/inventory.html</arg>
<doc>Verifies that the current URL is exactly ``url``.</doc>
<msg timestamp="20230418 14:33:55.710" level="INFO">Current location is 'https://www.saucedemo.com/inventory.html'.</msg>
<status status="PASS" starttime="20230418 14:33:55.688" endtime="20230418 14:33:55.710"/>
</kw>
<status status="PASS" starttime="20230418 14:33:55.687" endtime="20230418 14:33:55.711"/>
</kw>
<kw name="Then the page should contain the text &quot;Products&quot;" library="test_keywords_login" sourcename="Then the page should contain the text &quot;${expected_text}&quot;">
<kw name="Page Should Contain" library="SeleniumLibrary">
<arg>${expected_text}</arg>
<doc>Verifies that current page contains ``text``.</doc>
<msg timestamp="20230418 14:33:55.737" level="INFO">Current page contains text 'Products'.</msg>
<status status="PASS" starttime="20230418 14:33:55.711" endtime="20230418 14:33:55.737"/>
</kw>
<status status="PASS" starttime="20230418 14:33:55.711" endtime="20230418 14:33:55.737"/>
</kw>
<kw name="After Tests" library="test_keywords_common" type="TEARDOWN">
<kw name="Close Browser" library="SeleniumLibrary">
<doc>Closes the current browser.</doc>
<status status="PASS" starttime="20230418 14:33:55.739" endtime="20230418 14:33:57.820"/>
</kw>
<status status="PASS" starttime="20230418 14:33:55.738" endtime="20230418 14:33:57.820"/>
</kw>
<status status="PASS" starttime="20230418 14:33:48.590" endtime="20230418 14:33:57.821"/>
</test>
<status status="PASS" starttime="20230418 14:33:36.758" endtime="20230418 14:33:57.823"/>
</suite>
<status status="PASS" starttime="20230418 14:33:36.756" endtime="20230418 14:33:57.827"/>
</suite>
<status status="PASS" starttime="20230418 14:33:36.753" endtime="20230418 14:33:57.829"/>
</suite>
<status status="PASS" starttime="20230418 14:33:34.356" endtime="20230418 14:33:57.831"/>
</suite>
<statistics>
<total>
<stat pass="9" fail="0" skip="0">All Tests</stat>
</total>
<tag>
</tag>
<suite>
<stat pass="9" fail="0" skip="0" id="s1" name="Tests">Tests</stat>
<stat pass="5" fail="0" skip="0" id="s1-s1" name="Api">Tests.Api</stat>
<stat pass="5" fail="0" skip="0" id="s1-s1-s1" name="Users">Tests.Api.Users</stat>
<stat pass="5" fail="0" skip="0" id="s1-s1-s1-s1" name="Test Api Users">Tests.Api.Users.Test Api Users</stat>
<stat pass="4" fail="0" skip="0" id="s1-s2" name="Ui">Tests.Ui</stat>
<stat pass="4" fail="0" skip="0" id="s1-s2-s1" name="Login">Tests.Ui.Login</stat>
<stat pass="4" fail="0" skip="0" id="s1-s2-s1-s1" name="Test Ui Login">Tests.Ui.Login.Test Ui Login</stat>
</suite>
</statistics>
<errors>
</errors>
</robot>
