<?xml version="1.0" encoding="UTF-8"?>
<robot generator="Robot 6.0.2 (Python 3.11.3 on win32)" generated="20230521 19:44:06.796" rpa="false" schemaversion="3">
<suite id="s1" name="Tests" source="C:\Users\samue\OneDrive\Área de Trabalho\gen-ai-robot-test\tests">
<suite id="s1-s1" name="Ui" source="C:\Users\samue\OneDrive\Área de Trabalho\gen-ai-robot-test\tests\ui">
<suite id="s1-s1-s1" name="Test Ui Signup" source="C:\Users\samue\OneDrive\Área de Trabalho\gen-ai-robot-test\tests\ui\test_ui_signup.robot">
<test id="s1-s1-s1-t1" name="Scenario: Signup with empty fields" line="10">
<kw name="Before Tests" library="test_keywords_common" type="SETUP">
<kw name="Open Browser" library="SeleniumLibrary">
<arg>${SERVER_BASE_URL}</arg>
<arg>${HEADLESS} ${BROWSER}</arg>
<doc>Opens a new browser instance to the optional ``url``.</doc>
<msg timestamp="20230521 19:44:07.566" level="INFO">Opening browser ' Chrome' to base url 'https://front.serverest.dev/'.</msg>
<status status="PASS" starttime="20230521 19:44:07.566" endtime="20230521 19:44:10.401"/>
</kw>
<kw name="Maximize Browser Window" library="SeleniumLibrary">
<doc>Maximizes current browser window.</doc>
<status status="PASS" starttime="20230521 19:44:10.401" endtime="20230521 19:44:10.626"/>
</kw>
<status status="PASS" starttime="20230521 19:44:07.565" endtime="20230521 19:44:10.626"/>
</kw>
<kw name="Given Im on the signup page" library="test_keywords_signup">
<kw name="Location Should Be" library="SeleniumLibrary">
<arg>https://front.serverest.dev/login</arg>
<doc>Verifies that the current URL is exactly ``url``.</doc>
<msg timestamp="20230521 19:44:10.633" level="INFO">Current location is 'https://front.serverest.dev/login'.</msg>
<status status="PASS" starttime="20230521 19:44:10.627" endtime="20230521 19:44:10.633"/>
</kw>
<kw name="Click Element" library="SeleniumLibrary">
<arg>css=a.btn.btn-link</arg>
<doc>Click the element identified by ``locator``.</doc>
<msg timestamp="20230521 19:44:10.634" level="INFO">Clicking element 'css=a.btn.btn-link'.</msg>
<status status="PASS" starttime="20230521 19:44:10.634" endtime="20230521 19:44:10.676"/>
</kw>
<status status="PASS" starttime="20230521 19:44:10.626" endtime="20230521 19:44:10.676"/>
</kw>
<kw name="When I click in signup" library="test_keywords_signup">
<kw name="Click Button" library="SeleniumLibrary">
<arg>css=.btn.btn-primary</arg>
<doc>Clicks the button identified by ``locator``.</doc>
<msg timestamp="20230521 19:44:10.678" level="INFO">Clicking button 'css=.btn.btn-primary'.</msg>
<status status="PASS" starttime="20230521 19:44:10.677" endtime="20230521 19:44:10.727"/>
</kw>
<status status="PASS" starttime="20230521 19:44:10.677" endtime="20230521 19:44:10.727"/>
</kw>
<kw name="Then required field messages should be displayed" library="test_keywords_signup">
<kw name="Wait Until Element Is Visible" library="SeleniumLibrary">
<arg>css=.alert-dismissible</arg>
<arg>timeout=10s</arg>
<doc>Waits until the element ``locator`` is visible.</doc>
<status status="PASS" starttime="20230521 19:44:10.728" endtime="20230521 19:44:11.423"/>
</kw>
<kw name="Element Should Be Visible" library="SeleniumLibrary">
<arg>css=.alert-dismissible</arg>
<doc>Verifies that the element identified by ``locator`` is visible.</doc>
<msg timestamp="20230521 19:44:11.441" level="INFO">Element 'css=.alert-dismissible' is displayed.</msg>
<status status="PASS" starttime="20230521 19:44:11.423" endtime="20230521 19:44:11.442"/>
</kw>
<kw name="Page Should Contain" library="SeleniumLibrary">
<arg>Nome é obrigatório</arg>
<doc>Verifies that current page contains ``text``.</doc>
<msg timestamp="20230521 19:44:11.453" level="INFO">Current page contains text 'Nome é obrigatório'.</msg>
<status status="PASS" starttime="20230521 19:44:11.442" endtime="20230521 19:44:11.453"/>
</kw>
<kw name="Page Should Contain" library="SeleniumLibrary">
<arg>Email é obrigatório</arg>
<doc>Verifies that current page contains ``text``.</doc>
<msg timestamp="20230521 19:44:11.464" level="INFO">Current page contains text 'Email é obrigatório'.</msg>
<status status="PASS" starttime="20230521 19:44:11.453" endtime="20230521 19:44:11.464"/>
</kw>
<kw name="Page Should Contain" library="SeleniumLibrary">
<arg>Password é obrigatório</arg>
<doc>Verifies that current page contains ``text``.</doc>
<msg timestamp="20230521 19:44:11.475" level="INFO">Current page contains text 'Password é obrigatório'.</msg>
<status status="PASS" starttime="20230521 19:44:11.465" endtime="20230521 19:44:11.475"/>
</kw>
<status status="PASS" starttime="20230521 19:44:10.728" endtime="20230521 19:44:11.475"/>
</kw>
<kw name="After Tests" library="test_keywords_common" type="TEARDOWN">
<kw name="Close Browser" library="SeleniumLibrary">
<doc>Closes the current browser.</doc>
<status status="PASS" starttime="20230521 19:44:11.476" endtime="20230521 19:44:13.556"/>
</kw>
<status status="PASS" starttime="20230521 19:44:11.476" endtime="20230521 19:44:13.556"/>
</kw>
<tag>ui</tag>
<status status="PASS" starttime="20230521 19:44:07.561" endtime="20230521 19:44:13.556"/>
</test>
<test id="s1-s1-s1-t2" name="Scenario: Signup done successfully" line="16">
<kw name="Before Tests" library="test_keywords_common" type="SETUP">
<kw name="Open Browser" library="SeleniumLibrary">
<arg>${SERVER_BASE_URL}</arg>
<arg>${HEADLESS} ${BROWSER}</arg>
<doc>Opens a new browser instance to the optional ``url``.</doc>
<msg timestamp="20230521 19:44:13.558" level="INFO">Opening browser ' Chrome' to base url 'https://front.serverest.dev/'.</msg>
<status status="PASS" starttime="20230521 19:44:13.558" endtime="20230521 19:44:16.487"/>
</kw>
<kw name="Maximize Browser Window" library="SeleniumLibrary">
<doc>Maximizes current browser window.</doc>
<status status="PASS" starttime="20230521 19:44:16.487" endtime="20230521 19:44:16.600"/>
</kw>
<status status="PASS" starttime="20230521 19:44:13.558" endtime="20230521 19:44:16.600"/>
</kw>
<kw name="Given Im on the signup page" library="test_keywords_signup">
<kw name="Location Should Be" library="SeleniumLibrary">
<arg>https://front.serverest.dev/login</arg>
<doc>Verifies that the current URL is exactly ``url``.</doc>
<msg timestamp="20230521 19:44:16.607" level="INFO">Current location is 'https://front.serverest.dev/login'.</msg>
<status status="PASS" starttime="20230521 19:44:16.601" endtime="20230521 19:44:16.607"/>
</kw>
<kw name="Click Element" library="SeleniumLibrary">
<arg>css=a.btn.btn-link</arg>
<doc>Click the element identified by ``locator``.</doc>
<msg timestamp="20230521 19:44:16.608" level="INFO">Clicking element 'css=a.btn.btn-link'.</msg>
<status status="PASS" starttime="20230521 19:44:16.607" endtime="20230521 19:44:16.739"/>
</kw>
<status status="PASS" starttime="20230521 19:44:16.601" endtime="20230521 19:44:16.739"/>
</kw>
<kw name="And I fill in the signup fields with valid data" library="test_keywords_signup">
<kw name="Name" library="FakerLibrary">
<var>${name}</var>
<doc>:example 'John Doe'</doc>
<msg timestamp="20230521 19:44:16.740" level="INFO">${name} = Juan Allen</msg>
<status status="PASS" starttime="20230521 19:44:16.739" endtime="20230521 19:44:16.740"/>
</kw>
<kw name="Email" library="FakerLibrary">
<var>${email}</var>
<msg timestamp="20230521 19:44:16.740" level="INFO">${email} = justingomez@example.com</msg>
<status status="PASS" starttime="20230521 19:44:16.740" endtime="20230521 19:44:16.740"/>
</kw>
<kw name="Password" library="FakerLibrary">
<var>${password}</var>
<doc>Generate a random password of the specified ``length``.</doc>
<msg timestamp="20230521 19:44:16.741" level="INFO">${password} = 1(#X9ArRvD</msg>
<status status="PASS" starttime="20230521 19:44:16.740" endtime="20230521 19:44:16.741"/>
</kw>
<kw name="Input Text" library="SeleniumLibrary">
<arg>id:nome</arg>
<arg>${name}</arg>
<doc>Types the given ``text`` into the text field identified by ``locator``.</doc>
<msg timestamp="20230521 19:44:16.741" level="INFO">Typing text 'Juan Allen' into text field 'id:nome'.</msg>
<status status="PASS" starttime="20230521 19:44:16.741" endtime="20230521 19:44:16.816"/>
</kw>
<kw name="Input Text" library="SeleniumLibrary">
<arg>id:email</arg>
<arg>${email}</arg>
<doc>Types the given ``text`` into the text field identified by ``locator``.</doc>
<msg timestamp="20230521 19:44:16.817" level="INFO">Typing text 'justingomez@example.com' into text field 'id:email'.</msg>
<status status="PASS" starttime="20230521 19:44:16.816" endtime="20230521 19:44:16.906"/>
</kw>
<kw name="Input Text" library="SeleniumLibrary">
<arg>id:password</arg>
<arg>${password}</arg>
<doc>Types the given ``text`` into the text field identified by ``locator``.</doc>
<msg timestamp="20230521 19:44:16.906" level="INFO">Typing text '1(#X9ArRvD' into text field 'id:password'.</msg>
<status status="PASS" starttime="20230521 19:44:16.906" endtime="20230521 19:44:16.974"/>
</kw>
<kw name="Select Checkbox" library="SeleniumLibrary">
<arg>id=administrador</arg>
<doc>Selects the checkbox identified by ``locator``.</doc>
<msg timestamp="20230521 19:44:16.974" level="INFO">Selecting checkbox 'id=administrador'.</msg>
<status status="PASS" starttime="20230521 19:44:16.974" endtime="20230521 19:44:17.026"/>
</kw>
<kw name="Set Suite Variable" library="BuiltIn">
<arg>${name}</arg>
<doc>Makes a variable available everywhere within the scope of the current suite.</doc>
<msg timestamp="20230521 19:44:17.026" level="INFO">${name} = Juan Allen</msg>
<status status="PASS" starttime="20230521 19:44:17.026" endtime="20230521 19:44:17.026"/>
</kw>
<kw name="Set Suite Variable" library="BuiltIn">
<arg>${email}</arg>
<doc>Makes a variable available everywhere within the scope of the current suite.</doc>
<msg timestamp="20230521 19:44:17.026" level="INFO">${email} = justingomez@example.com</msg>
<status status="PASS" starttime="20230521 19:44:17.026" endtime="20230521 19:44:17.026"/>
</kw>
<kw name="Set Suite Variable" library="BuiltIn">
<arg>${password}</arg>
<doc>Makes a variable available everywhere within the scope of the current suite.</doc>
<msg timestamp="20230521 19:44:17.027" level="INFO">${password} = 1(#X9ArRvD</msg>
<status status="PASS" starttime="20230521 19:44:17.026" endtime="20230521 19:44:17.027"/>
</kw>
<status status="PASS" starttime="20230521 19:44:16.739" endtime="20230521 19:44:17.027"/>
</kw>
<kw name="When I click in signup" library="test_keywords_signup">
<kw name="Click Button" library="SeleniumLibrary">
<arg>css=.btn.btn-primary</arg>
<doc>Clicks the button identified by ``locator``.</doc>
<msg timestamp="20230521 19:44:17.027" level="INFO">Clicking button 'css=.btn.btn-primary'.</msg>
<status status="PASS" starttime="20230521 19:44:17.027" endtime="20230521 19:44:17.073"/>
</kw>
<status status="PASS" starttime="20230521 19:44:17.027" endtime="20230521 19:44:17.073"/>
</kw>
<kw name="Then the page should contain the text &quot;Cadastro realizado com sucesso&quot;" library="test_keywords_signup" sourcename="Then the page should contain the text &quot;${expected_text}&quot;">
<kw name="Wait Until Element Is Visible" library="SeleniumLibrary">
<arg>css=.alert-dismissible</arg>
<arg>timeout=10s</arg>
<doc>Waits until the element ``locator`` is visible.</doc>
<status status="PASS" starttime="20230521 19:44:17.073" endtime="20230521 19:44:17.725"/>
</kw>
<kw name="Element Should Be Visible" library="SeleniumLibrary">
<arg>css=.alert-dismissible</arg>
<doc>Verifies that the element identified by ``locator`` is visible.</doc>
<msg timestamp="20230521 19:44:17.740" level="INFO">Element 'css=.alert-dismissible' is displayed.</msg>
<status status="PASS" starttime="20230521 19:44:17.725" endtime="20230521 19:44:17.740"/>
</kw>
<kw name="Page Should Contain" library="SeleniumLibrary">
<arg>${expected_text}</arg>
<doc>Verifies that current page contains ``text``.</doc>
<msg timestamp="20230521 19:44:17.751" level="INFO">Current page contains text 'Cadastro realizado com sucesso'.</msg>
<status status="PASS" starttime="20230521 19:44:17.740" endtime="20230521 19:44:17.752"/>
</kw>
<status status="PASS" starttime="20230521 19:44:17.073" endtime="20230521 19:44:17.752"/>
</kw>
<kw name="After Tests" library="test_keywords_common" type="TEARDOWN">
<kw name="Close Browser" library="SeleniumLibrary">
<doc>Closes the current browser.</doc>
<status status="PASS" starttime="20230521 19:44:17.752" endtime="20230521 19:44:19.815"/>
</kw>
<status status="PASS" starttime="20230521 19:44:17.752" endtime="20230521 19:44:19.815"/>
</kw>
<tag>ui</tag>
<status status="PASS" starttime="20230521 19:44:13.557" endtime="20230521 19:44:19.815"/>
</test>
<test id="s1-s1-s1-t3" name="Scenario: Signup with already used email" line="23">
<kw name="Before Tests" library="test_keywords_common" type="SETUP">
<kw name="Open Browser" library="SeleniumLibrary">
<arg>${SERVER_BASE_URL}</arg>
<arg>${HEADLESS} ${BROWSER}</arg>
<doc>Opens a new browser instance to the optional ``url``.</doc>
<msg timestamp="20230521 19:44:19.818" level="INFO">Opening browser ' Chrome' to base url 'https://front.serverest.dev/'.</msg>
<status status="PASS" starttime="20230521 19:44:19.817" endtime="20230521 19:44:22.659"/>
</kw>
<kw name="Maximize Browser Window" library="SeleniumLibrary">
<doc>Maximizes current browser window.</doc>
<status status="PASS" starttime="20230521 19:44:22.660" endtime="20230521 19:44:22.876"/>
</kw>
<status status="PASS" starttime="20230521 19:44:19.817" endtime="20230521 19:44:22.876"/>
</kw>
<kw name="Given Im on the signup page" library="test_keywords_signup">
<kw name="Location Should Be" library="SeleniumLibrary">
<arg>https://front.serverest.dev/login</arg>
<doc>Verifies that the current URL is exactly ``url``.</doc>
<msg timestamp="20230521 19:44:22.883" level="INFO">Current location is 'https://front.serverest.dev/login'.</msg>
<status status="PASS" starttime="20230521 19:44:22.876" endtime="20230521 19:44:22.883"/>
</kw>
<kw name="Click Element" library="SeleniumLibrary">
<arg>css=a.btn.btn-link</arg>
<doc>Click the element identified by ``locator``.</doc>
<msg timestamp="20230521 19:44:22.884" level="INFO">Clicking element 'css=a.btn.btn-link'.</msg>
<status status="PASS" starttime="20230521 19:44:22.883" endtime="20230521 19:44:22.925"/>
</kw>
<status status="PASS" starttime="20230521 19:44:22.876" endtime="20230521 19:44:22.925"/>
</kw>
<kw name="And I fill in the signup fields with an email already registered" library="test_keywords_signup">
<kw name="Input Text" library="SeleniumLibrary">
<arg>id:nome</arg>
<arg>${name}</arg>
<doc>Types the given ``text`` into the text field identified by ``locator``.</doc>
<msg timestamp="20230521 19:44:22.926" level="INFO">Typing text 'Juan Allen' into text field 'id:nome'.</msg>
<status status="PASS" starttime="20230521 19:44:22.926" endtime="20230521 19:44:23.007"/>
</kw>
<kw name="Input Text" library="SeleniumLibrary">
<arg>id:email</arg>
<arg>${email}</arg>
<doc>Types the given ``text`` into the text field identified by ``locator``.</doc>
<msg timestamp="20230521 19:44:23.007" level="INFO">Typing text 'justingomez@example.com' into text field 'id:email'.</msg>
<status status="PASS" starttime="20230521 19:44:23.007" endtime="20230521 19:44:23.092"/>
</kw>
<kw name="Input Text" library="SeleniumLibrary">
<arg>id:password</arg>
<arg>${password}</arg>
<doc>Types the given ``text`` into the text field identified by ``locator``.</doc>
<msg timestamp="20230521 19:44:23.093" level="INFO">Typing text '1(#X9ArRvD' into text field 'id:password'.</msg>
<status status="PASS" starttime="20230521 19:44:23.092" endtime="20230521 19:44:23.166"/>
</kw>
<kw name="Select Checkbox" library="SeleniumLibrary">
<arg>id=administrador</arg>
<doc>Selects the checkbox identified by ``locator``.</doc>
<msg timestamp="20230521 19:44:23.166" level="INFO">Selecting checkbox 'id=administrador'.</msg>
<status status="PASS" starttime="20230521 19:44:23.166" endtime="20230521 19:44:23.226"/>
</kw>
<status status="PASS" starttime="20230521 19:44:22.926" endtime="20230521 19:44:23.226"/>
</kw>
<kw name="When I click in signup" library="test_keywords_signup">
<kw name="Click Button" library="SeleniumLibrary">
<arg>css=.btn.btn-primary</arg>
<doc>Clicks the button identified by ``locator``.</doc>
<msg timestamp="20230521 19:44:23.227" level="INFO">Clicking button 'css=.btn.btn-primary'.</msg>
<status status="PASS" starttime="20230521 19:44:23.227" endtime="20230521 19:44:23.278"/>
</kw>
<status status="PASS" starttime="20230521 19:44:23.226" endtime="20230521 19:44:23.278"/>
</kw>
<kw name="Then the page should contain the text &quot;Este email já está sendo usado&quot;" library="test_keywords_signup" sourcename="Then the page should contain the text &quot;${expected_text}&quot;">
<kw name="Wait Until Element Is Visible" library="SeleniumLibrary">
<arg>css=.alert-dismissible</arg>
<arg>timeout=10s</arg>
<doc>Waits until the element ``locator`` is visible.</doc>
<status status="PASS" starttime="20230521 19:44:23.280" endtime="20230521 19:44:23.944"/>
</kw>
<kw name="Element Should Be Visible" library="SeleniumLibrary">
<arg>css=.alert-dismissible</arg>
<doc>Verifies that the element identified by ``locator`` is visible.</doc>
<msg timestamp="20230521 19:44:23.959" level="INFO">Element 'css=.alert-dismissible' is displayed.</msg>
<status status="PASS" starttime="20230521 19:44:23.944" endtime="20230521 19:44:23.959"/>
</kw>
<kw name="Page Should Contain" library="SeleniumLibrary">
<arg>${expected_text}</arg>
<doc>Verifies that current page contains ``text``.</doc>
<msg timestamp="20230521 19:44:23.971" level="INFO">Current page contains text 'Este email já está sendo usado'.</msg>
<status status="PASS" starttime="20230521 19:44:23.959" endtime="20230521 19:44:23.971"/>
</kw>
<status status="PASS" starttime="20230521 19:44:23.278" endtime="20230521 19:44:23.971"/>
</kw>
<kw name="After Tests" library="test_keywords_common" type="TEARDOWN">
<kw name="Close Browser" library="SeleniumLibrary">
<doc>Closes the current browser.</doc>
<status status="PASS" starttime="20230521 19:44:23.972" endtime="20230521 19:44:26.048"/>
</kw>
<status status="PASS" starttime="20230521 19:44:23.972" endtime="20230521 19:44:26.048"/>
</kw>
<tag>ui</tag>
<status status="PASS" starttime="20230521 19:44:19.816" endtime="20230521 19:44:26.048"/>
</test>
<status status="PASS" starttime="20230521 19:44:06.822" endtime="20230521 19:44:26.050"/>
</suite>
<status status="PASS" starttime="20230521 19:44:06.819" endtime="20230521 19:44:26.052"/>
</suite>
<status status="PASS" starttime="20230521 19:44:06.798" endtime="20230521 19:44:26.053"/>
</suite>
<statistics>
<total>
<stat pass="3" fail="0" skip="0">All Tests</stat>
</total>
<tag>
<stat pass="3" fail="0" skip="0">ui</stat>
</tag>
<suite>
<stat pass="3" fail="0" skip="0" id="s1" name="Tests">Tests</stat>
<stat pass="3" fail="0" skip="0" id="s1-s1" name="Ui">Tests.Ui</stat>
<stat pass="3" fail="0" skip="0" id="s1-s1-s1" name="Test Ui Signup">Tests.Ui.Test Ui Signup</stat>
</suite>
</statistics>
<errors>
</errors>
</robot>
