<?xml version="1.0" encoding="UTF-8"?>
<robot generator="Robot 6.0.2 (Python 3.11.3 on win32)" generated="20230411 16:27:27.870" rpa="false" schemaversion="3">
<suite id="s1" name="Tests" source="C:\Users\samue\OneDrive\Área de Trabalho\gen-ai-robot-test\tests">
<suite id="s1-s1" name="Ui" source="C:\Users\samue\OneDrive\Área de Trabalho\gen-ai-robot-test\tests\ui">
<suite id="s1-s1-s1" name="Users" source="C:\Users\samue\OneDrive\Área de Trabalho\gen-ai-robot-test\tests\ui\users">
<suite id="s1-s1-s1-s1" name="Test Api Users" source="C:\Users\samue\OneDrive\Área de Trabalho\gen-ai-robot-test\tests\ui\users\test_api_users.robot">
<test id="s1-s1-s1-s1-t1" name="GET All Registered Users" line="8">
<kw name="Before Tests" library="test_keywords_common" type="SETUP">
<kw name="Create Session" library="RequestsLibrary">
<arg>serverest</arg>
<arg>${SERVER_BASE_URL}</arg>
<arg>disable_warnings=True</arg>
<doc>Create Session: create a HTTP session to a server</doc>
<msg timestamp="20230411 16:27:28.389" level="INFO">Creating Session using : alias=serverest, url=https://serverest.dev, headers={},                     cookies={}, auth=None, timeout=None, proxies=None, verify=False,                     debug=0 </msg>
<status status="PASS" starttime="20230411 16:27:28.389" endtime="20230411 16:27:28.390"/>
</kw>
<status status="PASS" starttime="20230411 16:27:28.389" endtime="20230411 16:27:28.390"/>
</kw>
<kw name="GET On Session" library="RequestsLibrary">
<var>${response}</var>
<arg>serverest</arg>
<arg>${USERS_API_ENDPOINT}</arg>
<doc>Sends a GET request on a previously created HTTP Session.</doc>
<msg timestamp="20230411 16:27:29.035" level="INFO">GET Request : url=https://serverest.dev/usuarios 
 path_url=/usuarios 
 headers={'User-Agent': 'python-requests/2.28.2', 'Accept-Encoding': 'gzip, deflate', 'Accept': '*/*', 'Connection': 'keep-alive'} 
 body=None 
 </msg>
<msg timestamp="20230411 16:27:29.036" level="INFO">GET Response : url=https://serverest.dev/usuarios 
 status=200, reason=OK 
 headers={'access-control-allow-origin': '*', 'x-dns-prefetch-control': 'off', 'x-frame-options': 'SAMEORIGIN', 'strict-transport-security': 'max-age=15552000; includeSubDomains', 'x-download-options': 'noopen', 'x-content-type-options': 'nosniff', 'x-xss-protection': '1; mode=block', 'x-moesif-transaction-id': 'b343fecd-5c66-43c3-a7fe-90b23ca86969', 'content-type': 'application/json; charset=utf-8', 'X-Cloud-Trace-Context': '5a5a4df1dfb76c6ed435d1f7aad28d2e;o=1', 'Date': 'Tue, 11 Apr 2023 19:27:27 GMT', 'Server': 'Google Frontend', 'Content-Length': '96195'} 
 body={
    "quantidade": 434,
    "usuarios": [
        {
            "nome": "Genildo Oliveira Neto",
            "email": "Consuelo_Franco@gmail.com",
            "password": "hjf6luYCmhGIE2G",
            "administrador": "true",
            "_id": "07hk2UPBNqKteNw1"
        },
        {
            "nome": "Loide Costa",
            "email": "Dina.Moraes@gmail.com",
            "password": "r31M4bkRNRPg6Lg",
            "administrador": "true",
            "_id": "0AeBbhCODxL2lxND"
        },
        {
            "nome": "Rosângela Martins",
            "email": "Leila.Pereira18@bol.com.br",
            "password": "1QqDCSUCJtHZXPZ",
            "administrador": "true",
            "_id": "0gjo2S1vnZSfGHGi"
        },
        {
            "nome": "Mayara Fernandes",
            "email": "williamcontreras@example.org",
            "password": "123456",
            "administrador": "true",
            "_id": "0k8qEDzFxjCLgzM6"
        },
        {
            "nome": "Hernani Macedo Neto",
            "email": "Asturio53@gmail.com",
            "password": "ycmtPDOxjoWaABh",
            "administrador": "false",
            "_id": "1Gar3xCSVIUiJLk9"
        },
        {
            "nome": "Adenisio Moreira",
            "email": "Rosely_Batista99@bol.com.br",
            "password": "0NUiHLvkQ8B9rYA",
            "administrador": "true",
            "_id": "1Kx49DgmDVZOnWQa"
        },
        {
            "nome": "Dijosilene Reis",
            "email": "Cludia_Oliveira29@hotmail.com",
            "password": "L5MhofpgoEFFIVa",
            "administrador": "true",
            "_id": "1MUdVoMMpQgb5eal"
        },
        {
            "nome": "Ouida Kemmer IV",
            "email": "erich@littel-botsford.net",
            "password": "teste",
            "administrador": "true",
            "_id": "1Oq5gi5XYlmSxl3D"
        },
        {
            "nome": "Fr. Efrain Gulgowski",
            "email": "orval_stoltenberg@kuhlman.name",
            "password": "teste",
            "administrador": "true",
            "_id": "1SseeoauvsaYHqbd"
        },
        {
            "nome": "Gabriel Cardoso",
            "email": "kevin45@example.org",
            "password": "^9GWtLzb(X",
            "administrador": "true",
            "_id": "1YPi2x0NBZC0qTZ4"
        },
        {
            "nome": "Marcela Reis",
            "email": "Rute69@live.com",
            "password": "XyhWODEoBzMqHYl",
            "administrador": "true",
            "_id": "1lpsUJpd263ncipy"
        },
        {
            "nome": "Elroy Greenholt",
            "email": "kennith_johns@kling.name",
            "password": "teste",
            "administrador": "true",
            "_id": "29v5OVacuHsOEviW"
        },
        {
            "nome": "Dr. Robison Braga",
            "email": "Luz89@live.com",
            "password": "0sNliftJ6lngo1k",
            "administrador": "true",
            "_id": "2M7os5bA02Gykfm5"
        },
        {
            "nome": "batata",
            "email": "rich_christiansen@gutkowski.net",
            "password": "teste",
            "administrador": "true",
            "_id": "2OKdKWEamfujxSOt"
        },
        {
            "nome": "Santiago Silva",
            "email": "Zenaide_Nogueira57@hotmail.com",
            "password": "DYU5UBesz_xIkU_",
            "administrador": "true",
            "_id": "2RhHn8HMLL0UUm9p"
        },
        {
            "nome": "Sr. Lucineide Silva",
            "email": "Gislandio31@yahoo.com",
            "password": "NfQTPAF2K00iLrs",
            "administrador": "true",
            "_id": "2cvqd4Wx9FUiNRHS"
        },
        {
            "nome": "Gracco Reis",
            "email": "Sirlei_Souza68@gmail.com",
            "password": "2QcRauQYPQWjWkE",
            "administrador": "true",
            "_id": "2hj7xLbLIvNNR99E"
        },
        {
            "nome": "Sr. Ira Pereira",
            "email": "Kelly_Pereira54@bol.com.br",
            "password": "1pPAy2J0rGzlpHd",
            "administrador": "true",
            "_id": "2qDzymIRmA2Tl702"
        },
        {
            "nome": "Clara da Costa",
            "email": "joao-guilherme49@example.com",
            "password": "7pSnWIUa*6",
            "administrador": "true",
            "_id": "2rRGFj9zr1WBN2PG"
        },
        {
            "nome": "Ana Laura da Luz",
            "email": "sophiada-cruz@example.net",
            "password": "hN0UA2z__^",
            "administrador": "true",
            "_id": "2sugUH84OpOddnF6"
        },
        {
            "nome": "Kyle O'Connell",
            "email": "rena@donnelly.name",
            "password": "teste",
            "administrador": "true",
            "_id": "2xduyhVE6X7Imi5c"
        },
        {
            "nome": "joeten",
            "email": "joe13@guts.com",
            "password": "23456r",
            "administrador": "true",
            "_id": "2yAVnLrQhnv8JD4z"
        },
        {
            "nome": "Riyusei Souza",
            "email": "Kiyoko.Macedo18@gmail.com",
            "password": "KpxzWq_wSV1LJKx",
            "administrador": "true",
            "_id": "38xg2yd2klPtTGtu"
        },
        {
            "nome": "Lêda Batista",
            "email": "Eliene73@gmail.com",
            "password": "bifAunXpYuurgML",
            "administrador": "true",
            "_id": "3DDAXqWvzAPWgpfn"
        },
        {
            "nome": "Romualdo Batista",
            "email": "Nlio.Barros@gmail.com",
            "password": "U26Fm0ZjGwFcaMX",
            "administrador": "true",
            "_id": "3KHDVloCcNjCRUaK"
        },
        {
            "nome": "Negipe Martins",
            "email": "Valdemilson.Reis@live.com",
            "password": "DP03Gh_r0VdQCYV",
            "administrador": "true",
            "_id": "3LWwW3M1bEO13SNB"
        },
        {
            "nome": "Sylvério Batista Jr.",
            "email": "Simone25@hotmail.com",
            "password": "1v5vcS72KLlUodt",
            "administrador": "true",
            "_id": "3Vdhhl8FyKfRhwyO"
        },
        {
            "nome": "{{generatedName}}",
            "email": "Dannie38@example.com",
            "password": "teste",
            "administrador": "true",
            "_id": "3iCqnfLdML23V4CU"
        },
        {
            "nome": "Lessie.Hammes54",
            "email": "Raina.Blick4@hotmail.com",
            "password": "teste",
            "administrador": "true",
            "_id": "3ruGnrXgBsye9FkR"
        },
        {
            "nome": "Bao Hessel",
            "email": "terry.carter@gibson-witting.biz",
            "password": "teste",
            "administrador": "true",
            "_id": "4P6Ay1kmSGUjqfCg"
        },
        {
            "nome": "Rosangela Batista",
            "email": "Keylla.Oliveira@bol.com.br",
            "password": "2qPh56VIqX2qU2x",
            "administrador": "true",
            "_id": "4X2jedNeSOdLxsfH"
        },
        {
            "nome": "batata",
            "email": "sam@larson.biz",
            "password": "teste",
            "administrador": "true",
            "_id": "4arXROCuRMgIDulf"
        },
        {
            "nome": "Korey Lowe",
            "email": "adella@armstrong.org",
            "password": "teste",
            "administrador": "true",
            "_id": "4bhTezyqtLStbsOC"
        },
        {
            "nome": "Natália Saraiva",
            "email": "Severina11@live.com",
            "password": "dkUbuCodpqgNOeD",
            "administrador": "true",
            "_id": "4o5IcES7A7zdfhhp"
        },
        {
            "nome": "Sau Steuber",
            "email": "beverley_ullrich@goyette.net",
            "password": "teste",
            "administrador": "true",
            "_id": "4rysNtmi4J6wJ0T1"
        },
        {
            "nome": "Mitico Barros",
            "email": "Nardelle_Batista@live.com",
            "password": "NQVB6DUZXPC5f8h",
            "administrador": "true",
            "_id": "5BRWRkt3Kfe1wXLO"
        },
        {
            "nome": "Nicolas Ramos",
            "email": "eda-luz@example.org",
            "password": "%3L0&amp;9uv&amp;v",
            "administrador": "true",
            "_id": "5CUYRGTwKZUTPJmX"
        },
        {
            "nome": "Adda Silva",
            "email": "Flvio.Carvalho@bol.com.br",
            "password": "n3Hm3Ah2EwWuckc",
            "administrador": "true",
            "_id": "5DpXdaOUGL8ennvO"
        },
        {
            "nome": "Ilka Nogueira",
            "email": "Wan_Macedo@gmail.com",
            "password": "lY9Eii9Tilj2u1T",
            "administrador": "true",
            "_id": "5aGHvDdz8dP08tt8"
        },
        {
            "nome": "Onofre Xavier",
            "email": "Rvia_Melo74@live.com",
            "password": "zMSwhjKoFc2JjtH",
            "administrador": "true",
            "_id": "5aibthWYUxPigh2V"
        },
        {
            "nome": "Abílio Souza",
            "email": "Digenes_Moraes54@bol.com.br",
            "password": "pzovlyngFirc6Pr",
            "administrador": "true",
            "_id": "5eRG02KgVQ0tB0yB"
        },
        {
            "nome": "Tarly Santos",
            "email": "Zenglein48@live.com",
            "password": "7MV8HyXvwpYcdxU",
            "administrador": "true",
            "_id": "5j3Rwp8qtsqel60s"
        },
        {
            "nome": "Miss Foster Ortiz",
            "email": "lorenza_gislason@turcotte.co",
            "password": "teste",
            "administrador": "true",
            "_id": "63iGrpEUShvyUpN9"
        },
        {
            "nome": "{{generatedName}}",
            "email": "Theodore.Cremin@example.com",
            "password": "teste",
            "administrador": "true",
            "_id": "68XvL6rqRYgN279p"
        },
        {
            "nome": "Mayara Fernandes",
            "email": "kellyjohnson@example.com",
            "password": "123456",
            "administrador": "true",
            "_id": "6X9gFFcd02t4dGFs"
    ... (set the log level to DEBUG or TRACE to see the full content) 
 </msg>
<msg timestamp="20230411 16:27:29.038" level="INFO">${response} = &lt;Response [200]&gt;</msg>
<status status="PASS" starttime="20230411 16:27:28.390" endtime="20230411 16:27:29.038"/>
</kw>
<kw name="Should Be Equal As Strings" library="BuiltIn">
<arg>${response.status_code}</arg>
<arg>200</arg>
<doc>Fails if objects are unequal after converting them to strings.</doc>
<msg timestamp="20230411 16:27:29.041" level="INFO">Argument types are:
&lt;class 'int'&gt;
&lt;class 'str'&gt;</msg>
<status status="PASS" starttime="20230411 16:27:29.039" endtime="20230411 16:27:29.041"/>
</kw>
<status status="PASS" starttime="20230411 16:27:28.389" endtime="20230411 16:27:29.043"/>
</test>
<test id="s1-s1-s1-s1-t2" name="POST A User" line="12">
<kw name="Before Tests" library="test_keywords_common" type="SETUP">
<kw name="Create Session" library="RequestsLibrary">
<arg>serverest</arg>
<arg>${SERVER_BASE_URL}</arg>
<arg>disable_warnings=True</arg>
<doc>Create Session: create a HTTP session to a server</doc>
<msg timestamp="20230411 16:27:29.049" level="INFO">Creating Session using : alias=serverest, url=https://serverest.dev, headers={},                     cookies={}, auth=None, timeout=None, proxies=None, verify=False,                     debug=0 </msg>
<status status="PASS" starttime="20230411 16:27:29.048" endtime="20230411 16:27:29.050"/>
</kw>
<status status="PASS" starttime="20230411 16:27:29.047" endtime="20230411 16:27:29.050"/>
</kw>
<kw name="Name" library="FakerLibrary">
<var>${name}</var>
<doc>:example 'John Doe'</doc>
<msg timestamp="20230411 16:27:29.053" level="INFO">${name} = Taylor Cook</msg>
<status status="PASS" starttime="20230411 16:27:29.052" endtime="20230411 16:27:29.053"/>
</kw>
<kw name="Email" library="FakerLibrary">
<var>${email}</var>
<msg timestamp="20230411 16:27:29.057" level="INFO">${email} = jenniferperez@example.net</msg>
<status status="PASS" starttime="20230411 16:27:29.055" endtime="20230411 16:27:29.057"/>
</kw>
<kw name="Password" library="FakerLibrary">
<var>${password}</var>
<doc>Generate a random password of the specified ``length``.</doc>
<msg timestamp="20230411 16:27:29.059" level="INFO">${password} = 9c0kCVw%3*</msg>
<status status="PASS" starttime="20230411 16:27:29.058" endtime="20230411 16:27:29.059"/>
</kw>
<kw name="Create Dictionary" library="BuiltIn">
<var>${payload}</var>
<arg>nome=${name}</arg>
<arg>email=${email}</arg>
<arg>password=${password}</arg>
<arg>administrador=true</arg>
<doc>Creates and returns a dictionary based on the given ``items``.</doc>
<msg timestamp="20230411 16:27:29.061" level="INFO">${payload} = {'nome': 'Taylor Cook', 'email': 'jenniferperez@example.net', 'password': '9c0kCVw%3*', 'administrador': 'true'}</msg>
<status status="PASS" starttime="20230411 16:27:29.060" endtime="20230411 16:27:29.061"/>
</kw>
<kw name="Create Dictionary" library="BuiltIn">
<var>${headers}</var>
<arg>Content-Type=application/json</arg>
<doc>Creates and returns a dictionary based on the given ``items``.</doc>
<msg timestamp="20230411 16:27:29.063" level="INFO">${headers} = {'Content-Type': 'application/json'}</msg>
<status status="PASS" starttime="20230411 16:27:29.062" endtime="20230411 16:27:29.063"/>
</kw>
<kw name="POST On Session" library="RequestsLibrary">
<var>${response}</var>
<arg>serverest</arg>
<arg>${USERS_API_ENDPOINT}</arg>
<arg>json=${payload}</arg>
<arg>headers=${headers}</arg>
<doc>Sends a POST request on a previously created HTTP Session.</doc>
<msg timestamp="20230411 16:27:29.394" level="INFO">POST Request : url=https://serverest.dev/usuarios 
 path_url=/usuarios 
 headers={'User-Agent': 'python-requests/2.28.2', 'Accept-Encoding': 'gzip, deflate', 'Accept': '*/*', 'Connection': 'keep-alive', 'Content-Type': 'application/json', 'Content-Length': '112'} 
 body=b'{"nome": "Taylor Cook", "email": "jenniferperez@example.net", "password": "9c0kCVw%3*", "administrador": "true"}' 
 </msg>
<msg timestamp="20230411 16:27:29.395" level="INFO">POST Response : url=https://serverest.dev/usuarios 
 status=201, reason=Created 
 headers={'access-control-allow-origin': '*', 'x-dns-prefetch-control': 'off', 'x-frame-options': 'SAMEORIGIN', 'strict-transport-security': 'max-age=15552000; includeSubDomains', 'x-download-options': 'noopen', 'x-content-type-options': 'nosniff', 'x-xss-protection': '1; mode=block', 'x-moesif-transaction-id': '70256312-1ab0-4aaf-84e9-82fe6af4af89', 'content-type': 'application/json; charset=utf-8', 'X-Cloud-Trace-Context': 'd7d24725887367825321b544979b0c19', 'Date': 'Tue, 11 Apr 2023 19:27:28 GMT', 'Server': 'Google Frontend', 'Content-Length': '82'} 
 body={
    "message": "Cadastro realizado com sucesso",
    "_id": "cIX9K0oycwiqrzkB"
} 
 </msg>
<msg timestamp="20230411 16:27:29.395" level="INFO">${response} = &lt;Response [201]&gt;</msg>
<status status="PASS" starttime="20230411 16:27:29.064" endtime="20230411 16:27:29.395"/>
</kw>
<kw name="Should Be Equal As Strings" library="BuiltIn">
<arg>${response.status_code}</arg>
<arg>201</arg>
<doc>Fails if objects are unequal after converting them to strings.</doc>
<msg timestamp="20230411 16:27:29.399" level="INFO">Argument types are:
&lt;class 'int'&gt;
&lt;class 'str'&gt;</msg>
<status status="PASS" starttime="20230411 16:27:29.397" endtime="20230411 16:27:29.399"/>
</kw>
<status status="PASS" starttime="20230411 16:27:29.046" endtime="20230411 16:27:29.401"/>
</test>
<status status="PASS" starttime="20230411 16:27:27.897" endtime="20230411 16:27:29.405"/>
</suite>
<status status="PASS" starttime="20230411 16:27:27.895" endtime="20230411 16:27:29.410"/>
</suite>
<status status="PASS" starttime="20230411 16:27:27.892" endtime="20230411 16:27:29.411"/>
</suite>
<status status="PASS" starttime="20230411 16:27:27.872" endtime="20230411 16:27:29.413"/>
</suite>
<statistics>
<total>
<stat pass="2" fail="0" skip="0">All Tests</stat>
</total>
<tag>
</tag>
<suite>
<stat pass="2" fail="0" skip="0" id="s1" name="Tests">Tests</stat>
<stat pass="2" fail="0" skip="0" id="s1-s1" name="Ui">Tests.Ui</stat>
<stat pass="2" fail="0" skip="0" id="s1-s1-s1" name="Users">Tests.Ui.Users</stat>
<stat pass="2" fail="0" skip="0" id="s1-s1-s1-s1" name="Test Api Users">Tests.Ui.Users.Test Api Users</stat>
</suite>
</statistics>
<errors>
</errors>
</robot>
